% Warning: check-sat is not the last entry. Skipping the rest!
% lrs+10_1_iik=one:ind=int:sos=theory:sstl=1_87 on nia_simpleloop_func
% Refutation found. Thanks to Tanya!
% SZS status Unsatisfiable for nia_simpleloop_func
% SZS output start Proof for nia_simpleloop_func
1. ! [X0 : $int] : ($greatereq(X0,0) => ($difference(x(X0),1) = x($sum(X0,1)) & $sum(y(X0),1) = y($sum(X0,1)) & $difference($sum(y(X0),x(X0)),$sum(y(0),x(0))) = inv(X0))) [input]
2. ~! [X0 : $int] : ($greatereq(X0,0) => 0 = inv(X0)) [input]
3. ~! [X0 : $int] : (~$less(X0,0) => 0 = inv(X0)) [theory normalization 2]
4. ! [X0 : $int] : (~$less(X0,0) => (x($sum(X0,1)) = $sum(x(X0),$uminus(1)) & $sum(y(X0),1) = y($sum(X0,1)) & inv(X0) = $sum($sum(y(X0),x(X0)),$uminus($sum(y(0),x(0)))))) [theory normalization 1]
5. $sum(X0,X1) = $sum(X1,X0) [theory axiom 141]
6. $sum(X0,$sum(X1,X2)) = $sum($sum(X0,X1),X2) [theory axiom 142]
9. 0 = $sum(X0,$uminus(X0)) [theory axiom 146]
10. ~$less(X0,X0) [theory axiom 148]
11. ~$less(X1,X2) | ~$less(X0,X1) | $less(X0,X2) [theory axiom 149]
14. $less(X1,$sum(X0,1)) | $less(X0,X1) [theory axiom 153]
17. ? [X0 : $int] : (0 != inv(X0) & ~$less(X0,0)) [ennf transformation 3]
18. ! [X0 : $int] : ((x($sum(X0,1)) = $sum(x(X0),$uminus(1)) & $sum(y(X0),1) = y($sum(X0,1)) & inv(X0) = $sum($sum(y(X0),x(X0)),$uminus($sum(y(0),x(0))))) | $less(X0,0)) [ennf transformation 4]
19. ? [X0 : $int] : (0 != inv(X0) & ~$less(X0,0)) => (0 != inv(sK0) & ~$less(sK0,0)) [choice axiom]
20. 0 != inv(sK0) & ~$less(sK0,0) [skolemisation 17,19]
21. ~$less(sK0,0) [cnf transformation 20]
22. 0 != inv(sK0) [cnf transformation 20]
23. inv(X0) = $sum($sum(y(X0),x(X0)),$uminus($sum(y(0),x(0)))) | $less(X0,0) [cnf transformation 18]
24. $sum(y(X0),1) = y($sum(X0,1)) | $less(X0,0) [cnf transformation 18]
25. x($sum(X0,1)) = $sum(x(X0),$uminus(1)) | $less(X0,0) [cnf transformation 18]
26. x($sum(X0,1)) = $sum(x(X0),-1) | $less(X0,0) [evaluation 25]
27. $less(X0,0) | x($sum(X0,1)) = $sum(-1,x(X0)) [forward demodulation 26,5]
28. $less(X0,0) | y($sum(X0,1)) = $sum(1,y(X0)) [forward demodulation 24,5]
29. inv(X0) = $sum(y(X0),$sum(x(X0),$uminus($sum(y(0),x(0))))) | $less(X0,0) [forward demodulation 23,6]
30. inv(X0) = $sum(y(X0),$sum(x(X0),$uminus($sum(x(0),y(0))))) | $less(X0,0) [forward demodulation 29,5]
31. (! [X0 : $int] : ((0 = inv(X0) & ~$less(X0,0)) => 0 = inv($sum(X0,1))) & 0 = inv(0)) => ! [X1 : $int] : (~$less(X1,0) => 0 = inv(X1)) [integer induction hypothesis (up, infinite interval)]
32. ! [X1 : $int] : (0 = inv(X1) | $less(X1,0)) | (? [X0 : $int] : (0 != inv($sum(X0,1)) & (0 = inv(X0) & ~$less(X0,0))) | 0 != inv(0)) [ennf transformation 31]
33. 0 != inv(0) | ~$less(sK2,0) | $less(X1,0) | 0 = inv(X1) [cnf transformation 32]
34. 0 != inv(0) | 0 = inv(sK2) | $less(X1,0) | 0 = inv(X1) [cnf transformation 32]
35. 0 != inv(0) | 0 != inv($sum(sK2,1)) | $less(X1,0) | 0 = inv(X1) [cnf transformation 32]
36. 0 != inv(0) | 0 != inv($sum(sK2,1)) | $less(sK0,0) [resolution 35,22]
37. 0 != inv(0) | 0 = inv(sK2) | $less(sK0,0) [resolution 34,22]
38. 0 != inv(0) | ~$less(sK2,0) | $less(sK0,0) [resolution 33,22]
39. 0 != inv(0) | ~$less(sK2,0) [subsumption resolution 38,21]
41. 1 <=> $less(sK2,0) [avatar definition]
43. ~$less(sK2,0) <- (~1) [avatar component clause 41]
45. 2 <=> 0 = inv(0) [avatar definition]
48. ~1 | ~2 [avatar split clause 39,45,41]
49. 0 != inv(0) | 0 = inv(sK2) [subsumption resolution 37,21]
51. 3 <=> 0 = inv(sK2) [avatar definition]
53. 0 = inv(sK2) <- (3) [avatar component clause 51]
54. 3 | ~2 [avatar split clause 49,45,51]
55. 0 != inv(0) | 0 != inv($sum(sK2,1)) [subsumption resolution 36,21]
56. 0 != inv($sum(1,sK2)) | 0 != inv(0) [forward demodulation 55,5]
58. 4 <=> 0 = inv($sum(1,sK2)) [avatar definition]
60. 0 != inv($sum(1,sK2)) <- (~4) [avatar component clause 58]
61. ~2 | ~4 [avatar split clause 56,58,45]
73. $less(X0,$sum(X0,1)) [resolution 14,10]
186. 0 = $sum(X5,$sum(X6,$uminus($sum(X5,X6)))) [superposition 6,9]
187. $sum(X7,$sum(X8,X9)) = $sum(X9,$sum(X7,X8)) [superposition 6,5]
202. $less(X0,0) | inv(X0) = $sum(x(X0),$sum($uminus($sum(x(0),y(0))),y(X0))) [backward demodulation 30,187]
234. inv(0) = $sum(x(0),$sum($uminus($sum(x(0),y(0))),y(0))) [resolution 202,10]
235. ~$less(X1,X0) | inv(X0) = $sum(x(X0),$sum($uminus($sum(x(0),y(0))),y(X0))) | $less(X1,0) [resolution 202,11]
236. inv(0) = $sum(x(0),$sum(y(0),$uminus($sum(x(0),y(0))))) [forward demodulation 234,5]
237. 0 = inv(0) [forward demodulation 236,186]
240. 2 [avatar split clause 237,45]
250. inv(sK2) = $sum(x(sK2),$sum($uminus($sum(x(0),y(0))),y(sK2))) <- (~1) [resolution 43,202]
251. y($sum(sK2,1)) = $sum(1,y(sK2)) <- (~1) [resolution 43,28]
252. x($sum(sK2,1)) = $sum(-1,x(sK2)) <- (~1) [resolution 43,27]
255. inv(sK2) = $sum(x(sK2),$sum(y(sK2),$uminus($sum(x(0),y(0))))) <- (~1) [forward demodulation 250,5]
256. 0 = $sum(x(sK2),$sum(y(sK2),$uminus($sum(x(0),y(0))))) <- (~1, 3) [forward demodulation 255,53]
257. $sum(1,y(sK2)) = y($sum(1,sK2)) <- (~1) [forward demodulation 251,5]
258. $sum(-1,x(sK2)) = x($sum(1,sK2)) <- (~1) [forward demodulation 252,5]
1463. $less(X9,0) | inv($sum(X9,1)) = $sum(x($sum(X9,1)),$sum($uminus($sum(x(0),y(0))),y($sum(X9,1)))) [resolution 235,73]
54214. inv($sum(sK2,1)) = $sum(x($sum(sK2,1)),$sum($uminus($sum(x(0),y(0))),y($sum(sK2,1)))) <- (~1) [resolution 1463,43]
54272. inv($sum(sK2,1)) = $sum(x($sum(sK2,1)),$sum(y($sum(sK2,1)),$uminus($sum(x(0),y(0))))) <- (~1) [forward demodulation 54214,5]
54273. inv($sum(1,sK2)) = $sum(x($sum(1,sK2)),$sum(y($sum(1,sK2)),$uminus($sum(x(0),y(0))))) <- (~1) [forward demodulation 54272,5]
54274. inv($sum(1,sK2)) = $sum(x($sum(1,sK2)),$sum($sum(1,y(sK2)),$uminus($sum(x(0),y(0))))) <- (~1) [forward demodulation 54273,257]
54275. inv($sum(1,sK2)) = $sum(x($sum(1,sK2)),$sum(1,$sum(y(sK2),$uminus($sum(x(0),y(0)))))) <- (~1) [forward demodulation 54274,6]
54276. inv($sum(1,sK2)) = $sum($sum(-1,x(sK2)),$sum(1,$sum(y(sK2),$uminus($sum(x(0),y(0)))))) <- (~1) [forward demodulation 54275,258]
54277. inv($sum(1,sK2)) = $sum(x(sK2),$sum(y(sK2),$uminus($sum(x(0),y(0))))) <- (~1) [evaluation 54276]
54278. 0 = inv($sum(1,sK2)) <- (~1, 3) [forward demodulation 54277,256]
54279. $false <- (~1, 3, ~4) [subsumption resolution 54278,60]
54280. 1 | ~3 | 4 [avatar contradiction clause 54279]
54281. $false [avatar sat refutation 48,54,61,240,54280]
% SZS output end Proof for nia_simpleloop_func
% ------------------------------
% Version: Vampire 4.5.1 (commit 7537e19c0 on 2021-06-08 12:31:04 +0200)
% Linked with Z3 4.8.10.0 517d907567f4283ad8b48ff9c2a3f6dce838569e z3-4.8.4-4541-g517d90756
% Termination reason: Refutation

% Memory used [KB]: 33389
% Time elapsed: 1.163 s
% ------------------------------
% ------------------------------
% Success in time 1.166 s
