% Warning: check-sat is not the last entry. Skipping the rest!
% lrs+10_1_iik=one:ind=int:sos=theory:sstl=1_87 on nia_freire2_simple_v4_0
% Refutation not found, non-redundant clauses discarded% ------------------------------
% Version: Vampire 4.5.1 (commit 7537e19c0 on 2021-06-08 12:31:04 +0200)
% Linked with Z3 4.8.10.0 517d907567f4283ad8b48ff9c2a3f6dce838569e z3-4.8.4-4541-g517d90756
% Termination reason: Refutation not found, non-redundant clauses discarded

% Memory used [KB]: 94028
% Time elapsed: 11.423 s
% ------------------------------
% ------------------------------
% dis+1002_1_aac=none:anc=all:ind=int:sos=theory:sac=on:sstl=1:to=lpo_30 on nia_freire2_simple_v4_0
% Time limit reached!
% ------------------------------
% Version: Vampire 4.5.1 (commit 7537e19c0 on 2021-06-08 12:31:04 +0200)
% Linked with Z3 4.8.10.0 517d907567f4283ad8b48ff9c2a3f6dce838569e z3-4.8.4-4541-g517d90756
% Termination reason: Time limit
% Termination phase: Saturation

% Memory used [KB]: 38762
% Time elapsed: 4.100 s
% ------------------------------
% ------------------------------
% lrs+10_1_iik=one:ind=int:sos=theory:sstl=1:to=lpo_87 on nia_freire2_simple_v4_0
% Time limit reached!
% ------------------------------
% Version: Vampire 4.5.1 (commit 7537e19c0 on 2021-06-08 12:31:04 +0200)
% Linked with Z3 4.8.10.0 517d907567f4283ad8b48ff9c2a3f6dce838569e z3-4.8.4-4541-g517d90756
% Termination reason: Time limit
% Termination phase: Saturation

% Memory used [KB]: 52707
% Time elapsed: 11.500 s
% ------------------------------
% ------------------------------
% lrs+10_1_drc=off:iik=all:ind=int:to=lpo_87 on nia_freire2_simple_v4_0
% Refutation not found, non-redundant clauses discarded% ------------------------------
% Version: Vampire 4.5.1 (commit 7537e19c0 on 2021-06-08 12:31:04 +0200)
% Linked with Z3 4.8.10.0 517d907567f4283ad8b48ff9c2a3f6dce838569e z3-4.8.4-4541-g517d90756
% Termination reason: Refutation not found, non-redundant clauses discarded

% Memory used [KB]: 46950
% Time elapsed: 10.688 s
% ------------------------------
% ------------------------------
% lrs+10_1_iik=all:ind=int:to=lpo_87 on nia_freire2_simple_v4_0
% Refutation not found, non-redundant clauses discarded% ------------------------------
% Version: Vampire 4.5.1 (commit 7537e19c0 on 2021-06-08 12:31:04 +0200)
% Linked with Z3 4.8.10.0 517d907567f4283ad8b48ff9c2a3f6dce838569e z3-4.8.4-4541-g517d90756
% Termination reason: Refutation not found, non-redundant clauses discarded

% Memory used [KB]: 72408
% Time elapsed: 11.407 s
% ------------------------------
% ------------------------------
% lrs+10_1_drc=off:iik=all:ind=int:sos=theory:sstl=1:to=lpo_87 on nia_freire2_simple_v4_0
% Refutation not found, non-redundant clauses discarded% ------------------------------
% Version: Vampire 4.5.1 (commit 7537e19c0 on 2021-06-08 12:31:04 +0200)
% Linked with Z3 4.8.10.0 517d907567f4283ad8b48ff9c2a3f6dce838569e z3-4.8.4-4541-g517d90756
% Termination reason: Refutation not found, non-redundant clauses discarded

% Memory used [KB]: 72536
% Time elapsed: 11.271 s
% ------------------------------
% ------------------------------
% lrs+10_1_iik=two:ind=int:sos=theory:sstl=1:to=lpo_87 on nia_freire2_simple_v4_0
% Time limit reached!
% ------------------------------
% Version: Vampire 4.5.1 (commit 7537e19c0 on 2021-06-08 12:31:04 +0200)
% Linked with Z3 4.8.10.0 517d907567f4283ad8b48ff9c2a3f6dce838569e z3-4.8.4-4541-g517d90756
% Termination reason: Time limit
% Termination phase: Saturation

% Memory used [KB]: 52579
% Time elapsed: 11.500 s
% ------------------------------
% ------------------------------
% lrs+10_1_iik=one:ind=int:to=lpo_87 on nia_freire2_simple_v4_0
% Refutation not found, non-redundant clauses discarded% ------------------------------
% Version: Vampire 4.5.1 (commit 7537e19c0 on 2021-06-08 12:31:04 +0200)
% Linked with Z3 4.8.10.0 517d907567f4283ad8b48ff9c2a3f6dce838569e z3-4.8.4-4541-g517d90756
% Termination reason: Refutation not found, non-redundant clauses discarded

% Memory used [KB]: 73687
% Time elapsed: 10.975 s
% ------------------------------
% ------------------------------
% lrs+10_1_drc=off:iik=one:ind=int:sos=theory:sstl=1:to=lpo_87 on nia_freire2_simple_v4_0
% Time limit reached!
% ------------------------------
% Version: Vampire 4.5.1 (commit 7537e19c0 on 2021-06-08 12:31:04 +0200)
% Linked with Z3 4.8.10.0 517d907567f4283ad8b48ff9c2a3f6dce838569e z3-4.8.4-4541-g517d90756
% Termination reason: Time limit
% Termination phase: Saturation

% Memory used [KB]: 51043
% Time elapsed: 11.500 s
% ------------------------------
% ------------------------------
% lrs+10_1_av=off:br=off:ind=int:urr=on_87 on nia_freire2_simple_v4_0
% Time limit reached!
% ------------------------------
% Version: Vampire 4.5.1 (commit 7537e19c0 on 2021-06-08 12:31:04 +0200)
% Linked with Z3 4.8.10.0 517d907567f4283ad8b48ff9c2a3f6dce838569e z3-4.8.4-4541-g517d90756
% Termination reason: Time limit
% Termination phase: Saturation

% Memory used [KB]: 212491
% Time elapsed: 11.500 s
% ------------------------------
% ------------------------------
% lrs+10_1_drc=off:iik=one:ind=int:to=lpo_87 on nia_freire2_simple_v4_0
% Refutation not found, non-redundant clauses discarded% ------------------------------
% Version: Vampire 4.5.1 (commit 7537e19c0 on 2021-06-08 12:31:04 +0200)
% Linked with Z3 4.8.10.0 517d907567f4283ad8b48ff9c2a3f6dce838569e z3-4.8.4-4541-g517d90756
% Termination reason: Refutation not found, non-redundant clauses discarded

% Memory used [KB]: 46950
% Time elapsed: 10.725 s
% ------------------------------
% ------------------------------
% lrs+10_1_drc=off:iik=all:ind=int_87 on nia_freire2_simple_v4_0
% Time limit reached!
% ------------------------------
% Version: Vampire 4.5.1 (commit 7537e19c0 on 2021-06-08 12:31:04 +0200)
% Linked with Z3 4.8.10.0 517d907567f4283ad8b48ff9c2a3f6dce838569e z3-4.8.4-4541-g517d90756
% Termination reason: Time limit
% Termination phase: Saturation

% Memory used [KB]: 172193
% Time elapsed: 11.500 s
% ------------------------------
% ------------------------------
% lrs+10_1_drc=off:iik=one:ind=int:sos=theory:sstl=1_87 on nia_freire2_simple_v4_0
% Time limit reached!
% ------------------------------
% Version: Vampire 4.5.1 (commit 7537e19c0 on 2021-06-08 12:31:04 +0200)
% Linked with Z3 4.8.10.0 517d907567f4283ad8b48ff9c2a3f6dce838569e z3-4.8.4-4541-g517d90756
% Termination reason: Time limit
% Termination phase: Saturation

% Memory used [KB]: 201745
% Time elapsed: 11.500 s
% ------------------------------
% ------------------------------
% lrs+10_1_iik=one:ind=int_87 on nia_freire2_simple_v4_0
% Refutation not found, non-redundant clauses discarded% ------------------------------
% Version: Vampire 4.5.1 (commit 7537e19c0 on 2021-06-08 12:31:04 +0200)
% Linked with Z3 4.8.10.0 517d907567f4283ad8b48ff9c2a3f6dce838569e z3-4.8.4-4541-g517d90756
% Termination reason: Refutation not found, non-redundant clauses discarded

% Memory used [KB]: 177822
% Time elapsed: 11.436 s
% ------------------------------
% ------------------------------
% lrs+10_1_iik=two:ind=int:to=lpo_87 on nia_freire2_simple_v4_0
% Refutation not found, non-redundant clauses discarded% ------------------------------
% Version: Vampire 4.5.1 (commit 7537e19c0 on 2021-06-08 12:31:04 +0200)
% Linked with Z3 4.8.10.0 517d907567f4283ad8b48ff9c2a3f6dce838569e z3-4.8.4-4541-g517d90756
% Termination reason: Refutation not found, non-redundant clauses discarded

% Memory used [KB]: 52067
% Time elapsed: 11.151 s
% ------------------------------
% ------------------------------
% lrs+10_1_drc=off:iik=two:ind=int:sos=theory:sstl=1:to=lpo_87 on nia_freire2_simple_v4_0
% Refutation not found, non-redundant clauses discarded% ------------------------------
% Version: Vampire 4.5.1 (commit 7537e19c0 on 2021-06-08 12:31:04 +0200)
% Linked with Z3 4.8.10.0 517d907567f4283ad8b48ff9c2a3f6dce838569e z3-4.8.4-4541-g517d90756
% Termination reason: Refutation not found, non-redundant clauses discarded

% Memory used [KB]: 83026
% Time elapsed: 11.354 s
% ------------------------------
% ------------------------------
% lrs+10_1_avsq=on:drc=off:iik=all:ind=int:to=lpo_30 on nia_freire2_simple_v4_0
% Time limit reached!
% ------------------------------
% Version: Vampire 4.5.1 (commit 7537e19c0 on 2021-06-08 12:31:04 +0200)
% Linked with Z3 4.8.10.0 517d907567f4283ad8b48ff9c2a3f6dce838569e z3-4.8.4-4541-g517d90756
% Termination reason: Time limit
% Termination phase: Saturation

% Memory used [KB]: 29423
% Time elapsed: 4.100 s
% ------------------------------
% ------------------------------
% lrs+10_1_drc=off:iik=all:ind=int:thsq=on:thsqd=16:to=lpo_30 on nia_freire2_simple_v4_0
% Time limit reached!
% ------------------------------
% Version: Vampire 4.5.1 (commit 7537e19c0 on 2021-06-08 12:31:04 +0200)
% Linked with Z3 4.8.10.0 517d907567f4283ad8b48ff9c2a3f6dce838569e z3-4.8.4-4541-g517d90756
% Termination reason: Time limit
% Termination phase: Saturation

% Memory used [KB]: 44007
% Time elapsed: 4.100 s
% ------------------------------
% ------------------------------
% lrs+4_5_drc=off:iik=one:ind=int:plsq=on:to=lpo_100 on nia_freire2_simple_v4_0
% Time limit reached!
% ------------------------------
% Version: Vampire 4.5.1 (commit 7537e19c0 on 2021-06-08 12:31:04 +0200)
% Linked with Z3 4.8.10.0 517d907567f4283ad8b48ff9c2a3f6dce838569e z3-4.8.4-4541-g517d90756
% Termination reason: Time limit
% Termination phase: Saturation

% Memory used [KB]: 84433
% Time elapsed: 13.200 s
% ------------------------------
% ------------------------------
% lrs+10_1_drc=off:iik=one:ind=int_81 on nia_freire2_simple_v4_0
% Refutation not found, non-redundant clauses discarded% ------------------------------
% Version: Vampire 4.5.1 (commit 7537e19c0 on 2021-06-08 12:31:04 +0200)
% Linked with Z3 4.8.10.0 517d907567f4283ad8b48ff9c2a3f6dce838569e z3-4.8.4-4541-g517d90756
% Termination reason: Refutation not found, non-redundant clauses discarded

% Memory used [KB]: 151980
% Time elapsed: 10.601 s
% ------------------------------
% ------------------------------
% lrs+10_1_iik=all:ind=int:sos=theory:sstl=1:to=lpo_81 on nia_freire2_simple_v4_0
% Time limit reached!
% ------------------------------
% Version: Vampire 4.5.1 (commit 7537e19c0 on 2021-06-08 12:31:04 +0200)
% Linked with Z3 4.8.10.0 517d907567f4283ad8b48ff9c2a3f6dce838569e z3-4.8.4-4541-g517d90756
% Termination reason: Time limit
% Termination phase: Saturation

% Memory used [KB]: 52323
% Time elapsed: 10.700 s
% ------------------------------
% ------------------------------
% lrs+10_1_drc=off:iik=all:ind=int:sos=theory:sstl=1_81 on nia_freire2_simple_v4_0
% Refutation not found, non-redundant clauses discarded% ------------------------------
% Version: Vampire 4.5.1 (commit 7537e19c0 on 2021-06-08 12:31:04 +0200)
% Linked with Z3 4.8.10.0 517d907567f4283ad8b48ff9c2a3f6dce838569e z3-4.8.4-4541-g517d90756
% Termination reason: Refutation not found, non-redundant clauses discarded

% Memory used [KB]: 146991
% Time elapsed: 10.654 s
% ------------------------------
% ------------------------------
% lrs+10_1_iik=all:ind=int:sos=theory:sstl=1_81 on nia_freire2_simple_v4_0
% Time limit reached!
% ------------------------------
% Version: Vampire 4.5.1 (commit 7537e19c0 on 2021-06-08 12:31:04 +0200)
% Linked with Z3 4.8.10.0 517d907567f4283ad8b48ff9c2a3f6dce838569e z3-4.8.4-4541-g517d90756
% Termination reason: Time limit
% Termination phase: Saturation

% Memory used [KB]: 98122
% Time elapsed: 10.700 s
% ------------------------------
% ------------------------------
% lrs+10_1_iik=all:ind=int_81 on nia_freire2_simple_v4_0
% Refutation not found, non-redundant clauses discarded% ------------------------------
% Version: Vampire 4.5.1 (commit 7537e19c0 on 2021-06-08 12:31:04 +0200)
% Linked with Z3 4.8.10.0 517d907567f4283ad8b48ff9c2a3f6dce838569e z3-4.8.4-4541-g517d90756
% Termination reason: Refutation not found, non-redundant clauses discarded

% Memory used [KB]: 188184
% Time elapsed: 10.227 s
% ------------------------------
% ------------------------------
% lrs+10_1_drc=off:iik=two:ind=int:to=lpo_81 on nia_freire2_simple_v4_0
% Time limit reached!
% ------------------------------
% Version: Vampire 4.5.1 (commit 7537e19c0 on 2021-06-08 12:31:04 +0200)
% Linked with Z3 4.8.10.0 517d907567f4283ad8b48ff9c2a3f6dce838569e z3-4.8.4-4541-g517d90756
% Termination reason: Time limit
% Termination phase: Saturation

% Memory used [KB]: 43751
% Time elapsed: 10.700 s
% ------------------------------
% ------------------------------
% lrs+10_1_drc=off:iik=two:ind=int:sos=theory:sstl=1_81 on nia_freire2_simple_v4_0
% Refutation not found, non-redundant clauses discarded% ------------------------------
% Version: Vampire 4.5.1 (commit 7537e19c0 on 2021-06-08 12:31:04 +0200)
% Linked with Z3 4.8.10.0 517d907567f4283ad8b48ff9c2a3f6dce838569e z3-4.8.4-4541-g517d90756
% Termination reason: Refutation not found, non-redundant clauses discarded

% Memory used [KB]: 127162
% Time elapsed: 9.747 s
% ------------------------------
% ------------------------------
% lrs+10_1_drc=off:iik=two:ind=int_81 on nia_freire2_simple_v4_0
% Time limit reached!
% ------------------------------
% Version: Vampire 4.5.1 (commit 7537e19c0 on 2021-06-08 12:31:04 +0200)
% Linked with Z3 4.8.10.0 517d907567f4283ad8b48ff9c2a3f6dce838569e z3-4.8.4-4541-g517d90756
% Termination reason: Time limit
% Termination phase: Saturation

% Memory used [KB]: 255091
% Time elapsed: 10.700 s
% ------------------------------
% ------------------------------
% lrs+10_1_iik=two:ind=int:sos=theory:sstl=1_81 on nia_freire2_simple_v4_0
% Refutation not found, non-redundant clauses discarded% ------------------------------
% Version: Vampire 4.5.1 (commit 7537e19c0 on 2021-06-08 12:31:04 +0200)
% Linked with Z3 4.8.10.0 517d907567f4283ad8b48ff9c2a3f6dce838569e z3-4.8.4-4541-g517d90756
% Termination reason: Refutation not found, non-redundant clauses discarded

% Memory used [KB]: 292319
% Time elapsed: 10.578 s
% ------------------------------
% ------------------------------
% lrs+10_1_iik=two:ind=int_81 on nia_freire2_simple_v4_0
Aborted by signal SIGTERM on /home/andy/Data/Uni/Master/thesis/examples/NIA/invariants/freire2/nia_freire2_simple_v4_0.smt2
Aborted by signal SIGTERM on /home/andy/Data/Uni/Master/thesis/examples/NIA/invariants/freire2/nia_freire2_simple_v4_0.smt2
% Time limit reached!
% ------------------------------
% Version: Vampire 4.5.1 (commit 7537e19c0 on 2021-06-08 12:31:04 +0200)
% Linked with Z3 4.8.10.0 517d907567f4283ad8b48ff9c2a3f6dce838569e z3-4.8.4-4541-g517d90756
% Termination reason: Time limit
% Termination phase: Saturation

% Memory used [KB]: 207246
% Time elapsed: 10.400 s
% ------------------------------
% ------------------------------
% Proof not found in time 300.069 s
% SZS status Timeout for nia_freire2_simple_v4_0
