% Warning: check-sat is not the last entry. Skipping the rest!
% lrs+10_1_iik=one:ind=int:sos=theory:sstl=1_87 on nia_euclidex_func_inv4
% Time limit reached!
% ------------------------------
% Version: Vampire 4.5.1 (commit 7537e19c0 on 2021-06-08 12:31:04 +0200)
% Linked with Z3 4.8.10.0 517d907567f4283ad8b48ff9c2a3f6dce838569e z3-4.8.4-4541-g517d90756
% Termination reason: Time limit
% Termination phase: Saturation

% Memory used [KB]: 272874
% Time elapsed: 11.500 s
% ------------------------------
% ------------------------------
% dis+1002_1_aac=none:anc=all:ind=int:sos=theory:sac=on:sstl=1:to=lpo_30 on nia_euclidex_func_inv4
% Time limit reached!
% ------------------------------
% Version: Vampire 4.5.1 (commit 7537e19c0 on 2021-06-08 12:31:04 +0200)
% Linked with Z3 4.8.10.0 517d907567f4283ad8b48ff9c2a3f6dce838569e z3-4.8.4-4541-g517d90756
% Termination reason: Time limit
% Termination phase: Saturation

% Memory used [KB]: 46054
% Time elapsed: 4.100 s
% ------------------------------
% ------------------------------
% lrs+10_1_iik=one:ind=int:sos=theory:sstl=1:to=lpo_87 on nia_euclidex_func_inv4
% Refutation not found, non-redundant clauses discarded% ------------------------------
% Version: Vampire 4.5.1 (commit 7537e19c0 on 2021-06-08 12:31:04 +0200)
% Linked with Z3 4.8.10.0 517d907567f4283ad8b48ff9c2a3f6dce838569e z3-4.8.4-4541-g517d90756
% Termination reason: Refutation not found, non-redundant clauses discarded

% Memory used [KB]: 144304
% Time elapsed: 11.401 s
% ------------------------------
% ------------------------------
% lrs+10_1_drc=off:iik=all:ind=int:to=lpo_87 on nia_euclidex_func_inv4
% Time limit reached!
% ------------------------------
% Version: Vampire 4.5.1 (commit 7537e19c0 on 2021-06-08 12:31:04 +0200)
% Linked with Z3 4.8.10.0 517d907567f4283ad8b48ff9c2a3f6dce838569e z3-4.8.4-4541-g517d90756
% Termination reason: Time limit
% Termination phase: Saturation

% Memory used [KB]: 262000
% Time elapsed: 11.500 s
% ------------------------------
% ------------------------------
% lrs+10_1_iik=all:ind=int:to=lpo_87 on nia_euclidex_func_inv4
% Time limit reached!
% ------------------------------
% Version: Vampire 4.5.1 (commit 7537e19c0 on 2021-06-08 12:31:04 +0200)
% Linked with Z3 4.8.10.0 517d907567f4283ad8b48ff9c2a3f6dce838569e z3-4.8.4-4541-g517d90756
% Termination reason: Time limit
% Termination phase: Saturation

% Memory used [KB]: 318289
% Time elapsed: 11.500 s
% ------------------------------
% ------------------------------
% lrs+10_1_drc=off:iik=all:ind=int:sos=theory:sstl=1:to=lpo_87 on nia_euclidex_func_inv4
% Time limit reached!
% ------------------------------
% Version: Vampire 4.5.1 (commit 7537e19c0 on 2021-06-08 12:31:04 +0200)
% Linked with Z3 4.8.10.0 517d907567f4283ad8b48ff9c2a3f6dce838569e z3-4.8.4-4541-g517d90756
% Termination reason: Time limit
% Termination phase: Saturation

% Memory used [KB]: 960624
% Time elapsed: 11.500 s
% ------------------------------
% ------------------------------
% lrs+10_1_iik=two:ind=int:sos=theory:sstl=1:to=lpo_87 on nia_euclidex_func_inv4
% Time limit reached!
% ------------------------------
% Version: Vampire 4.5.1 (commit 7537e19c0 on 2021-06-08 12:31:04 +0200)
% Linked with Z3 4.8.10.0 517d907567f4283ad8b48ff9c2a3f6dce838569e z3-4.8.4-4541-g517d90756
% Termination reason: Time limit
% Termination phase: Saturation

% Memory used [KB]: 707195
% Time elapsed: 11.500 s
% ------------------------------
% ------------------------------
% lrs+10_1_iik=one:ind=int:to=lpo_87 on nia_euclidex_func_inv4
% Refutation not found, non-redundant clauses discarded% ------------------------------
% Version: Vampire 4.5.1 (commit 7537e19c0 on 2021-06-08 12:31:04 +0200)
% Linked with Z3 4.8.10.0 517d907567f4283ad8b48ff9c2a3f6dce838569e z3-4.8.4-4541-g517d90756
% Termination reason: Refutation not found, non-redundant clauses discarded

% Memory used [KB]: 312404
% Time elapsed: 11.267 s
% ------------------------------
% ------------------------------
% lrs+10_1_drc=off:iik=one:ind=int:sos=theory:sstl=1:to=lpo_87 on nia_euclidex_func_inv4
% Time limit reached!
% ------------------------------
% Version: Vampire 4.5.1 (commit 7537e19c0 on 2021-06-08 12:31:04 +0200)
% Linked with Z3 4.8.10.0 517d907567f4283ad8b48ff9c2a3f6dce838569e z3-4.8.4-4541-g517d90756
% Termination reason: Time limit
% Termination phase: Saturation

% Memory used [KB]: 255475
% Time elapsed: 11.500 s
% ------------------------------
% ------------------------------
% lrs+10_1_av=off:br=off:ind=int:urr=on_87 on nia_euclidex_func_inv4
% Time limit reached!
% ------------------------------
% Version: Vampire 4.5.1 (commit 7537e19c0 on 2021-06-08 12:31:04 +0200)
% Linked with Z3 4.8.10.0 517d907567f4283ad8b48ff9c2a3f6dce838569e z3-4.8.4-4541-g517d90756
% Termination reason: Time limit
% Termination phase: Saturation

% Memory used [KB]: 493424
% Time elapsed: 11.500 s
% ------------------------------
% ------------------------------
% lrs+10_1_drc=off:iik=one:ind=int:to=lpo_87 on nia_euclidex_func_inv4
% Time limit reached!
% ------------------------------
% Version: Vampire 4.5.1 (commit 7537e19c0 on 2021-06-08 12:31:04 +0200)
% Linked with Z3 4.8.10.0 517d907567f4283ad8b48ff9c2a3f6dce838569e z3-4.8.4-4541-g517d90756
% Termination reason: Time limit
% Termination phase: Saturation

% Memory used [KB]: 268908
% Time elapsed: 11.500 s
% ------------------------------
% ------------------------------
% lrs+10_1_drc=off:iik=all:ind=int_87 on nia_euclidex_func_inv4
% Refutation not found, non-redundant clauses discarded% ------------------------------
% Version: Vampire 4.5.1 (commit 7537e19c0 on 2021-06-08 12:31:04 +0200)
% Linked with Z3 4.8.10.0 517d907567f4283ad8b48ff9c2a3f6dce838569e z3-4.8.4-4541-g517d90756
% Termination reason: Refutation not found, non-redundant clauses discarded

% Memory used [KB]: 336327
% Time elapsed: 11.321 s
% ------------------------------
% ------------------------------
% lrs+10_1_drc=off:iik=one:ind=int:sos=theory:sstl=1_87 on nia_euclidex_func_inv4
% Refutation not found, non-redundant clauses discarded% ------------------------------
% Version: Vampire 4.5.1 (commit 7537e19c0 on 2021-06-08 12:31:04 +0200)
% Linked with Z3 4.8.10.0 517d907567f4283ad8b48ff9c2a3f6dce838569e z3-4.8.4-4541-g517d90756
% Termination reason: Refutation not found, non-redundant clauses discarded

% Memory used [KB]: 161191
% Time elapsed: 11.432 s
% ------------------------------
% ------------------------------
% lrs+10_1_iik=one:ind=int_87 on nia_euclidex_func_inv4
% Refutation not found, non-redundant clauses discarded% ------------------------------
% Version: Vampire 4.5.1 (commit 7537e19c0 on 2021-06-08 12:31:04 +0200)
% Linked with Z3 4.8.10.0 517d907567f4283ad8b48ff9c2a3f6dce838569e z3-4.8.4-4541-g517d90756
% Termination reason: Refutation not found, non-redundant clauses discarded

% Memory used [KB]: 344258
% Time elapsed: 11.451 s
% ------------------------------
% ------------------------------
% lrs+10_1_iik=two:ind=int:to=lpo_87 on nia_euclidex_func_inv4
% Refutation not found, non-redundant clauses discarded% ------------------------------
% Version: Vampire 4.5.1 (commit 7537e19c0 on 2021-06-08 12:31:04 +0200)
% Linked with Z3 4.8.10.0 517d907567f4283ad8b48ff9c2a3f6dce838569e z3-4.8.4-4541-g517d90756
% Termination reason: Refutation not found, non-redundant clauses discarded

% Memory used [KB]: 328139
% Time elapsed: 11.421 s
% ------------------------------
% ------------------------------
% lrs+10_1_drc=off:iik=two:ind=int:sos=theory:sstl=1:to=lpo_87 on nia_euclidex_func_inv4
% Time limit reached!
% ------------------------------
% Version: Vampire 4.5.1 (commit 7537e19c0 on 2021-06-08 12:31:04 +0200)
% Linked with Z3 4.8.10.0 517d907567f4283ad8b48ff9c2a3f6dce838569e z3-4.8.4-4541-g517d90756
% Termination reason: Time limit
% Termination phase: Saturation

% Memory used [KB]: 203280
% Time elapsed: 11.500 s
% ------------------------------
% ------------------------------
% lrs+10_1_avsq=on:drc=off:iik=all:ind=int:to=lpo_30 on nia_euclidex_func_inv4
% Time limit reached!
% ------------------------------
% Version: Vampire 4.5.1 (commit 7537e19c0 on 2021-06-08 12:31:04 +0200)
% Linked with Z3 4.8.10.0 517d907567f4283ad8b48ff9c2a3f6dce838569e z3-4.8.4-4541-g517d90756
% Termination reason: Time limit
% Termination phase: Saturation

% Memory used [KB]: 72919
% Time elapsed: 4.100 s
% ------------------------------
% ------------------------------
% lrs+10_1_drc=off:iik=all:ind=int:thsq=on:thsqd=16:to=lpo_30 on nia_euclidex_func_inv4
% Refutation not found, non-redundant clauses discarded% ------------------------------
% Version: Vampire 4.5.1 (commit 7537e19c0 on 2021-06-08 12:31:04 +0200)
% Linked with Z3 4.8.10.0 517d907567f4283ad8b48ff9c2a3f6dce838569e z3-4.8.4-4541-g517d90756
% Termination reason: Refutation not found, non-redundant clauses discarded

% Memory used [KB]: 95947
% Time elapsed: 4.007 s
% ------------------------------
% ------------------------------
% lrs+4_5_drc=off:iik=one:ind=int:plsq=on:to=lpo_100 on nia_euclidex_func_inv4
% Time limit reached!
% ------------------------------
% Version: Vampire 4.5.1 (commit 7537e19c0 on 2021-06-08 12:31:04 +0200)
% Linked with Z3 4.8.10.0 517d907567f4283ad8b48ff9c2a3f6dce838569e z3-4.8.4-4541-g517d90756
% Termination reason: Time limit
% Termination phase: Saturation

% Memory used [KB]: 285155
% Time elapsed: 13.200 s
% ------------------------------
% ------------------------------
% lrs+10_1_drc=off:iik=one:ind=int_81 on nia_euclidex_func_inv4
% Refutation not found, non-redundant clauses discarded% ------------------------------
% Version: Vampire 4.5.1 (commit 7537e19c0 on 2021-06-08 12:31:04 +0200)
% Linked with Z3 4.8.10.0 517d907567f4283ad8b48ff9c2a3f6dce838569e z3-4.8.4-4541-g517d90756
% Termination reason: Refutation not found, non-redundant clauses discarded

% Memory used [KB]: 308822
% Time elapsed: 10.171 s
% ------------------------------
% ------------------------------
% lrs+10_1_iik=all:ind=int:sos=theory:sstl=1:to=lpo_81 on nia_euclidex_func_inv4
% Time limit reached!
% ------------------------------
% Version: Vampire 4.5.1 (commit 7537e19c0 on 2021-06-08 12:31:04 +0200)
% Linked with Z3 4.8.10.0 517d907567f4283ad8b48ff9c2a3f6dce838569e z3-4.8.4-4541-g517d90756
% Termination reason: Time limit
% Termination phase: Saturation

% Memory used [KB]: 323534
% Time elapsed: 10.700 s
% ------------------------------
% ------------------------------
% lrs+10_1_drc=off:iik=all:ind=int:sos=theory:sstl=1_81 on nia_euclidex_func_inv4
% Refutation not found, non-redundant clauses discarded% ------------------------------
% Version: Vampire 4.5.1 (commit 7537e19c0 on 2021-06-08 12:31:04 +0200)
% Linked with Z3 4.8.10.0 517d907567f4283ad8b48ff9c2a3f6dce838569e z3-4.8.4-4541-g517d90756
% Termination reason: Refutation not found, non-redundant clauses discarded

% Memory used [KB]: 263151
% Time elapsed: 10.587 s
% ------------------------------
% ------------------------------
% lrs+10_1_iik=all:ind=int:sos=theory:sstl=1_81 on nia_euclidex_func_inv4
% Time limit reached!
% ------------------------------
% Version: Vampire 4.5.1 (commit 7537e19c0 on 2021-06-08 12:31:04 +0200)
% Linked with Z3 4.8.10.0 517d907567f4283ad8b48ff9c2a3f6dce838569e z3-4.8.4-4541-g517d90756
% Termination reason: Time limit
% Termination phase: Saturation

% Memory used [KB]: 326988
% Time elapsed: 10.700 s
% ------------------------------
% ------------------------------
% lrs+10_1_iik=all:ind=int_81 on nia_euclidex_func_inv4
% Refutation not found, non-redundant clauses discarded% ------------------------------
% Version: Vampire 4.5.1 (commit 7537e19c0 on 2021-06-08 12:31:04 +0200)
% Linked with Z3 4.8.10.0 517d907567f4283ad8b48ff9c2a3f6dce838569e z3-4.8.4-4541-g517d90756
% Termination reason: Refutation not found, non-redundant clauses discarded

% Memory used [KB]: 323917
% Time elapsed: 10.653 s
% ------------------------------
% ------------------------------
% lrs+10_1_drc=off:iik=two:ind=int:to=lpo_81 on nia_euclidex_func_inv4
% Time limit reached!
% ------------------------------
% Version: Vampire 4.5.1 (commit 7537e19c0 on 2021-06-08 12:31:04 +0200)
% Linked with Z3 4.8.10.0 517d907567f4283ad8b48ff9c2a3f6dce838569e z3-4.8.4-4541-g517d90756
% Termination reason: Time limit
% Termination phase: Saturation

% Memory used [KB]: 252789
% Time elapsed: 10.700 s
% ------------------------------
% ------------------------------
% lrs+10_1_drc=off:iik=two:ind=int:sos=theory:sstl=1_81 on nia_euclidex_func_inv4
% Time limit reached!
% ------------------------------
% Version: Vampire 4.5.1 (commit 7537e19c0 on 2021-06-08 12:31:04 +0200)
% Linked with Z3 4.8.10.0 517d907567f4283ad8b48ff9c2a3f6dce838569e z3-4.8.4-4541-g517d90756
% Termination reason: Time limit
% Termination phase: Saturation

% Memory used [KB]: 363320
% Time elapsed: 10.700 s
% ------------------------------
% ------------------------------
% lrs+10_1_drc=off:iik=two:ind=int_81 on nia_euclidex_func_inv4
% Refutation not found, non-redundant clauses discarded% ------------------------------
% Version: Vampire 4.5.1 (commit 7537e19c0 on 2021-06-08 12:31:04 +0200)
% Linked with Z3 4.8.10.0 517d907567f4283ad8b48ff9c2a3f6dce838569e z3-4.8.4-4541-g517d90756
% Termination reason: Refutation not found, non-redundant clauses discarded

% Memory used [KB]: 312916
% Time elapsed: 10.483 s
% ------------------------------
% ------------------------------
% lrs+10_1_iik=two:ind=int:sos=theory:sstl=1_81 on nia_euclidex_func_inv4
% Refutation not found, non-redundant clauses discarded% ------------------------------
% Version: Vampire 4.5.1 (commit 7537e19c0 on 2021-06-08 12:31:04 +0200)
% Linked with Z3 4.8.10.0 517d907567f4283ad8b48ff9c2a3f6dce838569e z3-4.8.4-4541-g517d90756
% Termination reason: Refutation not found, non-redundant clauses discarded

% Memory used [KB]: 208013
% Time elapsed: 10.598 s
% ------------------------------
% ------------------------------
% lrs+10_1_iik=two:ind=int_81 on nia_euclidex_func_inv4
Aborted by signal SIGTERM on /home/andy/Data/Uni/Master/thesis/examples/NIA/invariants/euclidex/nia_euclidex_func_inv4.smt2
Aborted by signal SIGTERM on /home/andy/Data/Uni/Master/thesis/examples/NIA/invariants/euclidex/nia_euclidex_func_inv4.smt2
