% Warning: check-sat is not the last entry. Skipping the rest!
% lrs+10_1_iik=one:ind=int:sos=theory:sstl=1_87 on nia_freire2_simple_v2
% Time limit reached!
% ------------------------------
% Version: Vampire 4.5.1 (commit 7537e19c0 on 2021-06-08 12:31:04 +0200)
% Linked with Z3 4.8.10.0 517d907567f4283ad8b48ff9c2a3f6dce838569e z3-4.8.4-4541-g517d90756
% Termination reason: Time limit
% Termination phase: Saturation

% Memory used [KB]: 165157
% Time elapsed: 11.500 s
% ------------------------------
% ------------------------------
% dis+1002_1_aac=none:anc=all:ind=int:sos=theory:sac=on:sstl=1:to=lpo_30 on nia_freire2_simple_v2
% Time limit reached!
% ------------------------------
% Version: Vampire 4.5.1 (commit 7537e19c0 on 2021-06-08 12:31:04 +0200)
% Linked with Z3 4.8.10.0 517d907567f4283ad8b48ff9c2a3f6dce838569e z3-4.8.4-4541-g517d90756
% Termination reason: Time limit
% Termination phase: Saturation

% Memory used [KB]: 66267
% Time elapsed: 4.100 s
% ------------------------------
% ------------------------------
% lrs+10_1_iik=one:ind=int:sos=theory:sstl=1:to=lpo_87 on nia_freire2_simple_v2
% Refutation not found, non-redundant clauses discarded% ------------------------------
% Version: Vampire 4.5.1 (commit 7537e19c0 on 2021-06-08 12:31:04 +0200)
% Linked with Z3 4.8.10.0 517d907567f4283ad8b48ff9c2a3f6dce838569e z3-4.8.4-4541-g517d90756
% Termination reason: Refutation not found, non-redundant clauses discarded

% Memory used [KB]: 75222
% Time elapsed: 11.364 s
% ------------------------------
% ------------------------------
% lrs+10_1_drc=off:iik=all:ind=int:to=lpo_87 on nia_freire2_simple_v2
% Time limit reached!
% ------------------------------
% Version: Vampire 4.5.1 (commit 7537e19c0 on 2021-06-08 12:31:04 +0200)
% Linked with Z3 4.8.10.0 517d907567f4283ad8b48ff9c2a3f6dce838569e z3-4.8.4-4541-g517d90756
% Termination reason: Time limit
% Termination phase: Saturation

% Memory used [KB]: 141618
% Time elapsed: 11.500 s
% ------------------------------
% ------------------------------
% lrs+10_1_iik=all:ind=int:to=lpo_87 on nia_freire2_simple_v2
% Time limit reached!
% ------------------------------
% Version: Vampire 4.5.1 (commit 7537e19c0 on 2021-06-08 12:31:04 +0200)
% Linked with Z3 4.8.10.0 517d907567f4283ad8b48ff9c2a3f6dce838569e z3-4.8.4-4541-g517d90756
% Termination reason: Time limit
% Termination phase: Saturation

% Memory used [KB]: 131511
% Time elapsed: 11.500 s
% ------------------------------
% ------------------------------
% lrs+10_1_drc=off:iik=all:ind=int:sos=theory:sstl=1:to=lpo_87 on nia_freire2_simple_v2
% Time limit reached!
% ------------------------------
% Version: Vampire 4.5.1 (commit 7537e19c0 on 2021-06-08 12:31:04 +0200)
% Linked with Z3 4.8.10.0 517d907567f4283ad8b48ff9c2a3f6dce838569e z3-4.8.4-4541-g517d90756
% Termination reason: Time limit
% Termination phase: Saturation

% Memory used [KB]: 134198
% Time elapsed: 11.500 s
% ------------------------------
% ------------------------------
% lrs+10_1_iik=two:ind=int:sos=theory:sstl=1:to=lpo_87 on nia_freire2_simple_v2
% Refutation not found, non-redundant clauses discarded% ------------------------------
% Version: Vampire 4.5.1 (commit 7537e19c0 on 2021-06-08 12:31:04 +0200)
% Linked with Z3 4.8.10.0 517d907567f4283ad8b48ff9c2a3f6dce838569e z3-4.8.4-4541-g517d90756
% Termination reason: Refutation not found, non-redundant clauses discarded

% Memory used [KB]: 80467
% Time elapsed: 11.257 s
% ------------------------------
% ------------------------------
% lrs+10_1_iik=one:ind=int:to=lpo_87 on nia_freire2_simple_v2
% Refutation not found, non-redundant clauses discarded% ------------------------------
% Version: Vampire 4.5.1 (commit 7537e19c0 on 2021-06-08 12:31:04 +0200)
% Linked with Z3 4.8.10.0 517d907567f4283ad8b48ff9c2a3f6dce838569e z3-4.8.4-4541-g517d90756
% Termination reason: Refutation not found, non-redundant clauses discarded

% Memory used [KB]: 93004
% Time elapsed: 11.399 s
% ------------------------------
% ------------------------------
% lrs+10_1_drc=off:iik=one:ind=int:sos=theory:sstl=1:to=lpo_87 on nia_freire2_simple_v2
% Time limit reached!
% ------------------------------
% Version: Vampire 4.5.1 (commit 7537e19c0 on 2021-06-08 12:31:04 +0200)
% Linked with Z3 4.8.10.0 517d907567f4283ad8b48ff9c2a3f6dce838569e z3-4.8.4-4541-g517d90756
% Termination reason: Time limit
% Termination phase: Saturation

% Memory used [KB]: 67802
% Time elapsed: 11.500 s
% ------------------------------
% ------------------------------
% lrs+10_1_av=off:br=off:ind=int:urr=on_87 on nia_freire2_simple_v2
% Time limit reached!
% ------------------------------
% Version: Vampire 4.5.1 (commit 7537e19c0 on 2021-06-08 12:31:04 +0200)
% Linked with Z3 4.8.10.0 517d907567f4283ad8b48ff9c2a3f6dce838569e z3-4.8.4-4541-g517d90756
% Termination reason: Time limit
% Termination phase: Saturation

% Memory used [KB]: 285027
% Time elapsed: 11.500 s
% ------------------------------
% ------------------------------
% lrs+10_1_drc=off:iik=one:ind=int:to=lpo_87 on nia_freire2_simple_v2
% Time limit reached!
% ------------------------------
% Version: Vampire 4.5.1 (commit 7537e19c0 on 2021-06-08 12:31:04 +0200)
% Linked with Z3 4.8.10.0 517d907567f4283ad8b48ff9c2a3f6dce838569e z3-4.8.4-4541-g517d90756
% Termination reason: Time limit
% Termination phase: Saturation

% Memory used [KB]: 126266
% Time elapsed: 11.500 s
% ------------------------------
% ------------------------------
% lrs+10_1_drc=off:iik=all:ind=int_87 on nia_freire2_simple_v2
% Time limit reached!
% ------------------------------
% Version: Vampire 4.5.1 (commit 7537e19c0 on 2021-06-08 12:31:04 +0200)
% Linked with Z3 4.8.10.0 517d907567f4283ad8b48ff9c2a3f6dce838569e z3-4.8.4-4541-g517d90756
% Termination reason: Time limit
% Termination phase: Saturation

% Memory used [KB]: 270955
% Time elapsed: 11.500 s
% ------------------------------
% ------------------------------
% lrs+10_1_drc=off:iik=one:ind=int:sos=theory:sstl=1_87 on nia_freire2_simple_v2
% Time limit reached!
% ------------------------------
% Version: Vampire 4.5.1 (commit 7537e19c0 on 2021-06-08 12:31:04 +0200)
% Linked with Z3 4.8.10.0 517d907567f4283ad8b48ff9c2a3f6dce838569e z3-4.8.4-4541-g517d90756
% Termination reason: Time limit
% Termination phase: Saturation

% Memory used [KB]: 222981
% Time elapsed: 11.500 s
% ------------------------------
% ------------------------------
% lrs+10_1_iik=one:ind=int_87 on nia_freire2_simple_v2
% Refutation not found, non-redundant clauses discarded% ------------------------------
% Version: Vampire 4.5.1 (commit 7537e19c0 on 2021-06-08 12:31:04 +0200)
% Linked with Z3 4.8.10.0 517d907567f4283ad8b48ff9c2a3f6dce838569e z3-4.8.4-4541-g517d90756
% Termination reason: Refutation not found, non-redundant clauses discarded

% Memory used [KB]: 303577
% Time elapsed: 11.211 s
% ------------------------------
% ------------------------------
% lrs+10_1_iik=two:ind=int:to=lpo_87 on nia_freire2_simple_v2
% Time limit reached!
% ------------------------------
% Version: Vampire 4.5.1 (commit 7537e19c0 on 2021-06-08 12:31:04 +0200)
% Linked with Z3 4.8.10.0 517d907567f4283ad8b48ff9c2a3f6dce838569e z3-4.8.4-4541-g517d90756
% Termination reason: Time limit
% Termination phase: Saturation

% Memory used [KB]: 129848
% Time elapsed: 11.500 s
% ------------------------------
% ------------------------------
% lrs+10_1_drc=off:iik=two:ind=int:sos=theory:sstl=1:to=lpo_87 on nia_freire2_simple_v2
% Refutation not found, non-redundant clauses discarded% ------------------------------
% Version: Vampire 4.5.1 (commit 7537e19c0 on 2021-06-08 12:31:04 +0200)
% Linked with Z3 4.8.10.0 517d907567f4283ad8b48ff9c2a3f6dce838569e z3-4.8.4-4541-g517d90756
% Termination reason: Refutation not found, non-redundant clauses discarded

% Memory used [KB]: 121533
% Time elapsed: 11.249 s
% ------------------------------
% ------------------------------
% lrs+10_1_avsq=on:drc=off:iik=all:ind=int:to=lpo_30 on nia_freire2_simple_v2
% Time limit reached!
% ------------------------------
% Version: Vampire 4.5.1 (commit 7537e19c0 on 2021-06-08 12:31:04 +0200)
% Linked with Z3 4.8.10.0 517d907567f4283ad8b48ff9c2a3f6dce838569e z3-4.8.4-4541-g517d90756
% Termination reason: Time limit
% Termination phase: Saturation

% Memory used [KB]: 45542
% Time elapsed: 4.100 s
% ------------------------------
% ------------------------------
% lrs+10_1_drc=off:iik=all:ind=int:thsq=on:thsqd=16:to=lpo_30 on nia_freire2_simple_v2
% Refutation not found, non-redundant clauses discarded% ------------------------------
% Version: Vampire 4.5.1 (commit 7537e19c0 on 2021-06-08 12:31:04 +0200)
% Linked with Z3 4.8.10.0 517d907567f4283ad8b48ff9c2a3f6dce838569e z3-4.8.4-4541-g517d90756
% Termination reason: Refutation not found, non-redundant clauses discarded

% Memory used [KB]: 68058
% Time elapsed: 3.837 s
% ------------------------------
% ------------------------------
% lrs+4_5_drc=off:iik=one:ind=int:plsq=on:to=lpo_100 on nia_freire2_simple_v2
% Time limit reached!
% ------------------------------
% Version: Vampire 4.5.1 (commit 7537e19c0 on 2021-06-08 12:31:04 +0200)
% Linked with Z3 4.8.10.0 517d907567f4283ad8b48ff9c2a3f6dce838569e z3-4.8.4-4541-g517d90756
% Termination reason: Time limit
% Termination phase: Saturation

% Memory used [KB]: 156969
% Time elapsed: 13.200 s
% ------------------------------
% ------------------------------
% lrs+10_1_drc=off:iik=one:ind=int_81 on nia_freire2_simple_v2
% Refutation not found, non-redundant clauses discarded% ------------------------------
% Version: Vampire 4.5.1 (commit 7537e19c0 on 2021-06-08 12:31:04 +0200)
% Linked with Z3 4.8.10.0 517d907567f4283ad8b48ff9c2a3f6dce838569e z3-4.8.4-4541-g517d90756
% Termination reason: Refutation not found, non-redundant clauses discarded

% Memory used [KB]: 191510
% Time elapsed: 10.552 s
% ------------------------------
% ------------------------------
% lrs+10_1_iik=all:ind=int:sos=theory:sstl=1:to=lpo_81 on nia_freire2_simple_v2
% Time limit reached!
% ------------------------------
% Version: Vampire 4.5.1 (commit 7537e19c0 on 2021-06-08 12:31:04 +0200)
% Linked with Z3 4.8.10.0 517d907567f4283ad8b48ff9c2a3f6dce838569e z3-4.8.4-4541-g517d90756
% Termination reason: Time limit
% Termination phase: Saturation

% Memory used [KB]: 77781
% Time elapsed: 10.700 s
% ------------------------------
% ------------------------------
% lrs+10_1_drc=off:iik=all:ind=int:sos=theory:sstl=1_81 on nia_freire2_simple_v2
% Time limit reached!
% ------------------------------
% Version: Vampire 4.5.1 (commit 7537e19c0 on 2021-06-08 12:31:04 +0200)
% Linked with Z3 4.8.10.0 517d907567f4283ad8b48ff9c2a3f6dce838569e z3-4.8.4-4541-g517d90756
% Termination reason: Time limit
% Termination phase: Saturation

% Memory used [KB]: 188056
% Time elapsed: 10.700 s
% ------------------------------
% ------------------------------
% lrs+10_1_iik=all:ind=int:sos=theory:sstl=1_81 on nia_freire2_simple_v2
% Time limit reached!
% ------------------------------
% Version: Vampire 4.5.1 (commit 7537e19c0 on 2021-06-08 12:31:04 +0200)
% Linked with Z3 4.8.10.0 517d907567f4283ad8b48ff9c2a3f6dce838569e z3-4.8.4-4541-g517d90756
% Termination reason: Time limit
% Termination phase: Saturation

% Memory used [KB]: 220934
% Time elapsed: 10.700 s
% ------------------------------
% ------------------------------
% lrs+10_1_iik=all:ind=int_81 on nia_freire2_simple_v2
% Time limit reached!
% ------------------------------
% Version: Vampire 4.5.1 (commit 7537e19c0 on 2021-06-08 12:31:04 +0200)
% Linked with Z3 4.8.10.0 517d907567f4283ad8b48ff9c2a3f6dce838569e z3-4.8.4-4541-g517d90756
% Termination reason: Time limit
% Termination phase: Saturation

% Memory used [KB]: 188696
% Time elapsed: 10.700 s
% ------------------------------
% ------------------------------
% lrs+10_1_drc=off:iik=two:ind=int:to=lpo_81 on nia_freire2_simple_v2
% Refutation not found, non-redundant clauses discarded% ------------------------------
% Version: Vampire 4.5.1 (commit 7537e19c0 on 2021-06-08 12:31:04 +0200)
% Linked with Z3 4.8.10.0 517d907567f4283ad8b48ff9c2a3f6dce838569e z3-4.8.4-4541-g517d90756
% Termination reason: Refutation not found, non-redundant clauses discarded

% Memory used [KB]: 139699
% Time elapsed: 10.678 s
% ------------------------------
% ------------------------------
% lrs+10_1_drc=off:iik=two:ind=int:sos=theory:sstl=1_81 on nia_freire2_simple_v2
% Time limit reached!
% ------------------------------
% Version: Vampire 4.5.1 (commit 7537e19c0 on 2021-06-08 12:31:04 +0200)
% Linked with Z3 4.8.10.0 517d907567f4283ad8b48ff9c2a3f6dce838569e z3-4.8.4-4541-g517d90756
% Termination reason: Time limit
% Termination phase: Saturation

% Memory used [KB]: 200721
% Time elapsed: 10.700 s
% ------------------------------
% ------------------------------
% lrs+10_1_drc=off:iik=two:ind=int_81 on nia_freire2_simple_v2
% Refutation not found, non-redundant clauses discarded% ------------------------------
% Version: Vampire 4.5.1 (commit 7537e19c0 on 2021-06-08 12:31:04 +0200)
% Linked with Z3 4.8.10.0 517d907567f4283ad8b48ff9c2a3f6dce838569e z3-4.8.4-4541-g517d90756
% Termination reason: Refutation not found, non-redundant clauses discarded

% Memory used [KB]: 265837
% Time elapsed: 10.492 s
% ------------------------------
% ------------------------------
% lrs+10_1_iik=two:ind=int:sos=theory:sstl=1_81 on nia_freire2_simple_v2
% Time limit reached!
% ------------------------------
% Version: Vampire 4.5.1 (commit 7537e19c0 on 2021-06-08 12:31:04 +0200)
% Linked with Z3 4.8.10.0 517d907567f4283ad8b48ff9c2a3f6dce838569e z3-4.8.4-4541-g517d90756
% Termination reason: Time limit
% Termination phase: Saturation

% Memory used [KB]: 301402
% Time elapsed: 10.700 s
% ------------------------------
% ------------------------------
% lrs+10_1_iik=two:ind=int_81 on nia_freire2_simple_v2
Aborted by signal SIGTERM on /home/andy/Data/Uni/Master/thesis/examples/NIA/invariants/freire2/nia_freire2_simple_v2.smt2
Aborted by signal SIGTERM on /home/andy/Data/Uni/Master/thesis/examples/NIA/invariants/freire2/nia_freire2_simple_v2.smt2
% Time limit reached!
% ------------------------------
% Version: Vampire 4.5.1 (commit 7537e19c0 on 2021-06-08 12:31:04 +0200)
% Linked with Z3 4.8.10.0 517d907567f4283ad8b48ff9c2a3f6dce838569e z3-4.8.4-4541-g517d90756
% Termination reason: Time limit
% Termination phase: Saturation

% Memory used [KB]: 169634
% Time elapsed: 7.400 s
% ------------------------------
% ------------------------------
% Proof not found in time 300.058 s
% SZS status Timeout for nia_freire2_simple_v2
