% Warning: check-sat is not the last entry. Skipping the rest!
% dis+11_10_add=off:afr=on:afp=100000:afq=1.2:amm=off:anc=none:cond=on:gs=on:gsem=on:inw=on:ile=on:irw=on:lma=on:nm=64:newcnf=on:nwc=10:sas=z3:sac=on:sp=reverse_arity_2 on nia_cubes_func
% Time limit reached!
% ------------------------------
% Version: Vampire 4.5.1 (commit 7537e19c0 on 2021-06-08 12:31:04 +0200)
% Linked with Z3 4.8.10.0 517d907567f4283ad8b48ff9c2a3f6dce838569e z3-4.8.4-4541-g517d90756
% Termination reason: Time limit
% Termination phase: Saturation

% Memory used [KB]: 29935
% Time elapsed: 0.500 s
% ------------------------------
% ------------------------------
% dis+11_10_add=off:afr=on:afp=100000:afq=1.2:amm=off:anc=none:cond=on:gs=on:gsem=on:inw=on:ile=on:irw=on:lma=on:nm=64:newcnf=on:nwc=10:sas=z3:sac=on:sp=reverse_arity_6 on nia_cubes_func
% Time limit reached!
% ------------------------------
% Version: Vampire 4.5.1 (commit 7537e19c0 on 2021-06-08 12:31:04 +0200)
% Linked with Z3 4.8.10.0 517d907567f4283ad8b48ff9c2a3f6dce838569e z3-4.8.4-4541-g517d90756
% Termination reason: Time limit
% Termination phase: Saturation

% Memory used [KB]: 50404
% Time elapsed: 1.0000 s
% ------------------------------
% ------------------------------
% dis+11_10_add=off:afr=on:afp=100000:afq=1.2:amm=off:anc=none:cond=on:gs=on:gsem=on:inw=on:ile=on:irw=on:lma=on:nm=64:newcnf=on:nwc=10:sas=z3:sac=on:sp=reverse_arity:gtg=exists_all_2 on nia_cubes_func
% Time limit reached!
% ------------------------------
% Version: Vampire 4.5.1 (commit 7537e19c0 on 2021-06-08 12:31:04 +0200)
% Linked with Z3 4.8.10.0 517d907567f4283ad8b48ff9c2a3f6dce838569e z3-4.8.4-4541-g517d90756
% Termination reason: Time limit
% Termination phase: Saturation

% Memory used [KB]: 14839
% Time elapsed: 0.500 s
% ------------------------------
% ------------------------------
% dis+11_10_add=off:afr=on:afp=100000:afq=1.2:amm=off:anc=none:cond=on:gs=on:gsem=on:inw=on:ile=on:irw=on:lma=on:nm=64:newcnf=on:nwc=10:sas=z3:sac=on:sp=reverse_arity:thsq=on:thsqd=16_2 on nia_cubes_func
% Time limit reached!
% ------------------------------
% Version: Vampire 4.5.1 (commit 7537e19c0 on 2021-06-08 12:31:04 +0200)
% Linked with Z3 4.8.10.0 517d907567f4283ad8b48ff9c2a3f6dce838569e z3-4.8.4-4541-g517d90756
% Termination reason: Time limit
% Termination phase: Saturation

% Memory used [KB]: 19061
% Time elapsed: 0.500 s
% ------------------------------
% ------------------------------
% dis+11_10_add=off:afr=on:afp=100000:afq=1.2:amm=off:anc=none:cond=on:gs=on:gsem=on:inw=on:ile=on:irw=on:lma=on:nm=64:newcnf=on:nwc=10:sas=z3:sac=on:sp=reverse_arity:thsq=on_2 on nia_cubes_func
% Time limit reached!
% ------------------------------
% Version: Vampire 4.5.1 (commit 7537e19c0 on 2021-06-08 12:31:04 +0200)
% Linked with Z3 4.8.10.0 517d907567f4283ad8b48ff9c2a3f6dce838569e z3-4.8.4-4541-g517d90756
% Termination reason: Time limit
% Termination phase: Saturation

% Memory used [KB]: 18677
% Time elapsed: 0.500 s
% ------------------------------
% ------------------------------
% dis+11_10_add=off:afr=on:afp=100000:afq=1.2:amm=off:anc=none:cond=on:gs=on:gsem=on:inw=on:ile=on:irw=on:lma=on:nm=64:newcnf=on:nwc=10:sas=z3:sac=on:sp=reverse_arity:sos=theory:sstl=5_2 on nia_cubes_func
% Time limit reached!
% ------------------------------
% Version: Vampire 4.5.1 (commit 7537e19c0 on 2021-06-08 12:31:04 +0200)
% Linked with Z3 4.8.10.0 517d907567f4283ad8b48ff9c2a3f6dce838569e z3-4.8.4-4541-g517d90756
% Termination reason: Time limit
% Termination phase: Saturation

% Memory used [KB]: 18038
% Time elapsed: 0.500 s
% ------------------------------
% ------------------------------
% WARNING: value on for option gve not known
% dis+11_10_add=off:afr=on:afp=100000:afq=1.2:amm=off:anc=none:cond=on:gs=on:gsem=on:inw=on:ile=on:irw=on:lma=on:nm=64:newcnf=on:nwc=10:sas=z3:sac=on:sp=reverse_arity:gve=on_2 on nia_cubes_func
% Time limit reached!
% ------------------------------
% Version: Vampire 4.5.1 (commit 7537e19c0 on 2021-06-08 12:31:04 +0200)
% Linked with Z3 4.8.10.0 517d907567f4283ad8b48ff9c2a3f6dce838569e z3-4.8.4-4541-g517d90756
% Termination reason: Time limit
% Termination phase: Saturation

% Memory used [KB]: 27504
% Time elapsed: 0.500 s
% dis+11_10_add=off:afr=on:afp=100000:afq=1.2:amm=off:anc=none:cond=on:gs=on:gsem=on:inw=on:ile=on:irw=on:lma=on:nm=64:newcnf=on:nwc=10:sas=z3:sac=on:sp=reverse_arity:bsd=on:fsd=on_2 on nia_cubes_func
% Time limit reached!
% ------------------------------
% Version: Vampire 4.5.1 (commit 7537e19c0 on 2021-06-08 12:31:04 +0200)
% Linked with Z3 4.8.10.0 517d907567f4283ad8b48ff9c2a3f6dce838569e z3-4.8.4-4541-g517d90756
% Termination reason: Time limit
% Termination phase: Saturation

% Memory used [KB]: 27249
% Time elapsed: 0.500 s
% ------------------------------
% ------------------------------
% dis+11_10_add=off:afr=on:afp=100000:afq=1.2:amm=off:anc=none:cond=on:gs=on:gsem=on:inw=on:ile=on:irw=on:lma=on:nm=64:newcnf=on:nwc=10:sas=z3:sac=on:sp=reverse_arity:plsq=on_2 on nia_cubes_func
% Time limit reached!
% ------------------------------
% Version: Vampire 4.5.1 (commit 7537e19c0 on 2021-06-08 12:31:04 +0200)
% Linked with Z3 4.8.10.0 517d907567f4283ad8b48ff9c2a3f6dce838569e z3-4.8.4-4541-g517d90756
% Termination reason: Time limit
% Termination phase: Saturation

% Memory used [KB]: 26225
% Time elapsed: 0.500 s
% ------------------------------
% ------------------------------
% dis+11_10_add=off:afr=on:afp=100000:afq=1.2:amm=off:anc=none:cond=on:gs=on:gsem=on:inw=on:ile=on:irw=on:lma=on:nm=64:newcnf=on:nwc=10:sas=z3:sac=on:sp=reverse_arity:avsq=on_2 on nia_cubes_func
% Time limit reached!
% ------------------------------
% Version: Vampire 4.5.1 (commit 7537e19c0 on 2021-06-08 12:31:04 +0200)
% Linked with Z3 4.8.10.0 517d907567f4283ad8b48ff9c2a3f6dce838569e z3-4.8.4-4541-g517d90756
% Termination reason: Time limit
% Termination phase: Saturation

% Memory used [KB]: 25074
% Time elapsed: 0.500 s
% ------------------------------
% ------------------------------
% dis+11_10_add=off:afr=on:afp=100000:afq=1.2:amm=off:anc=none:cond=on:gs=on:gsem=on:inw=on:ile=on:irw=on:lma=on:nm=64:newcnf=on:nwc=10:sas=z3:sac=on:sp=reverse_arity:sp=frequency_2 on nia_cubes_func
% Time limit reached!
% ------------------------------
% Version: Vampire 4.5.1 (commit 7537e19c0 on 2021-06-08 12:31:04 +0200)
% Linked with Z3 4.8.10.0 517d907567f4283ad8b48ff9c2a3f6dce838569e z3-4.8.4-4541-g517d90756
% Termination reason: Time limit
% Termination phase: Saturation

% Memory used [KB]: 29807
% Time elapsed: 0.500 s
% ------------------------------
% ------------------------------
% dis+1002_5:1_aac=none:afr=on:afp=4000:afq=1.1:amm=sco:anc=none:bsr=on:br=off:cond=on:fsr=off:gsp=input_only:gs=on:gsem=on:inw=on:ile=on:irw=on:lma=on:nm=32:newcnf=on:nwc=1.1:sas=z3:sp=reverse_arity:tha=off:urr=on_600 on nia_cubes_func
% Time limit reached!
% ------------------------------
% Version: Vampire 4.5.1 (commit 7537e19c0 on 2021-06-08 12:31:04 +0200)
% Linked with Z3 4.8.10.0 517d907567f4283ad8b48ff9c2a3f6dce838569e z3-4.8.4-4541-g517d90756
% Termination reason: Time limit
% Termination phase: Saturation

% Memory used [KB]: 40169
% Time elapsed: 78.200 s
% ------------------------------
% ------------------------------
% lrs+1011_3:1_aac=none:add=large:afp=1000:afq=2.0:fsr=off:gs=on:gsaa=from_current:gsem=on:ile=on:nm=4:nwc=1.5:sas=z3:sp=reverse_arity:tha=off:uwa=interpreted_only:uhcvi=on_300 on nia_cubes_func
% Refutation not found, incomplete strategy% ------------------------------
% Version: Vampire 4.5.1 (commit 7537e19c0 on 2021-06-08 12:31:04 +0200)
% Linked with Z3 4.8.10.0 517d907567f4283ad8b48ff9c2a3f6dce838569e z3-4.8.4-4541-g517d90756
% Termination reason: Refutation not found, incomplete strategy

% Memory used [KB]: 7547
% Time elapsed: 0.293 s
% ------------------------------
% ------------------------------
% ott+1_5:1_afr=on:afp=4000:afq=1.2:amm=off:anc=none:bs=unit_only:br=off:cond=on:fsr=off:gs=on:gsem=on:ile=on:nm=64:newcnf=on:nwc=1:sac=on:sp=reverse_arity:urr=on:updr=off_600 on nia_cubes_func
% Time limit reached!
% ------------------------------
% Version: Vampire 4.5.1 (commit 7537e19c0 on 2021-06-08 12:31:04 +0200)
% Linked with Z3 4.8.10.0 517d907567f4283ad8b48ff9c2a3f6dce838569e z3-4.8.4-4541-g517d90756
% Termination reason: Time limit
% Termination phase: Saturation

% Memory used [KB]: 2300303
% Time elapsed: 78.200 s
% ------------------------------
% ------------------------------
% dis+1011_4:1_anc=none:cond=fast:fsr=off:gs=on:gsaa=full_model:gsem=off:ile=on:lma=on:lwlo=on:nm=64:nwc=1:sas=z3:sac=on:sp=occurrence_300 on nia_cubes_func
% Time limit reached!
% ------------------------------
% Version: Vampire 4.5.1 (commit 7537e19c0 on 2021-06-08 12:31:04 +0200)
% Linked with Z3 4.8.10.0 517d907567f4283ad8b48ff9c2a3f6dce838569e z3-4.8.4-4541-g517d90756
% Termination reason: Time limit
% Termination phase: Saturation

% Memory used [KB]: 1316652
% Time elapsed: 39.200 s
% ------------------------------
% ------------------------------
% lrs+10_5_add=off:afp=10000:afq=1.0:amm=off:anc=none:bsr=on:fde=unused:gs=on:irw=on:nm=2:newcnf=on:nwc=1:nicw=on:sas=z3:sos=on:sac=on:sp=occurrence:updr=off:uhcvi=on_300 on nia_cubes_func
% Time limit reached!
% ------------------------------
% Version: Vampire 4.5.1 (commit 7537e19c0 on 2021-06-08 12:31:04 +0200)
% Linked with Z3 4.8.10.0 517d907567f4283ad8b48ff9c2a3f6dce838569e z3-4.8.4-4541-g517d90756
% Termination reason: Time limit
% Termination phase: Saturation

% Memory used [KB]: 231168
% Time elapsed: 39.200 s
% ------------------------------
% ------------------------------
% dis+10_4_add=off:afp=4000:afq=1.1:amm=sco:anc=none:fsr=off:gs=on:ile=on:lma=on:nm=64:nwc=1:sas=z3:sac=on:tha=off:urr=on:updr=off_300 on nia_cubes_func
% Refutation not found, incomplete strategy% ------------------------------
% Version: Vampire 4.5.1 (commit 7537e19c0 on 2021-06-08 12:31:04 +0200)
% Linked with Z3 4.8.10.0 517d907567f4283ad8b48ff9c2a3f6dce838569e z3-4.8.4-4541-g517d90756
% Termination reason: Refutation not found, incomplete strategy

% Memory used [KB]: 7291
% Time elapsed: 0.054 s
% ------------------------------
% ------------------------------
% lrs-11_2:3_av=off:bd=off:lcm=predicate:lma=on:nm=4:newcnf=on:nwc=1:sp=reverse_arity_600 on nia_cubes_func
Aborted by signal SIGTERM on /home/andy/Data/Uni/Master/thesis/examples/NIA/invariants/cubes/nia_cubes_func.smt2
Aborted by signal SIGTERM on /home/andy/Data/Uni/Master/thesis/examples/NIA/invariants/cubes/nia_cubes_func.smt2
% Time limit reached!
% ------------------------------
% Version: Vampire 4.5.1 (commit 7537e19c0 on 2021-06-08 12:31:04 +0200)
% Linked with Z3 4.8.10.0 517d907567f4283ad8b48ff9c2a3f6dce838569e z3-4.8.4-4541-g517d90756
% Termination reason: Time limit
% Termination phase: Saturation

% Memory used [KB]: 1957068
% Time elapsed: 58.700 s
% ------------------------------
% ------------------------------
% Proof not found in time 300.131 s
% SZS status Timeout for nia_cubes_func
