% dis+11_10_add=off:afr=on:afp=100000:afq=1.2:amm=off:anc=none:cond=on:gs=on:gsem=on:inw=on:ile=on:irw=on:lma=on:nm=64:newcnf=on:nwc=10:sas=z3:sac=on:sp=reverse_arity_2 on nia_cubes_simple_v3
% Refutation found. Thanks to Tanya!
% SZS status Unsatisfiable for nia_cubes_simple_v3
% SZS output start Proof for nia_cubes_simple_v3
1. ? [X1 : $int,X3 : $int,X2 : $int,X0 : $int] : (0 = $difference($difference(X2,$product(6,X3)),6) & 0 = $sum($difference($difference($sum($difference($product(X1,X1),$product($product(9,X3),X0)),$product(9,X3)),$product(5,X1)),$product(18,X0)),4) & 0 = $sum($difference($difference($sum($product(X3,X1),$product(2,X3)),X1),$product(3,X0)),1) & 0 = $sum($difference($sum($product($product(3,X3),X3),$product(3,X3)),X1),1) & 0 = $difference($difference($sum(X2,6),$product(6,$sum(X3,1))),6) & 0 = $sum($difference($difference($sum($difference($product($sum(X1,X2),$sum(X1,X2)),$product($product(9,$sum(X3,1)),$sum(X0,X1))),$product(9,$sum(X3,1))),$product(5,$sum(X1,X2))),$product(18,$sum(X0,X1))),4) & 0 = $sum($difference($difference($sum($product($sum(X3,1),$sum(X1,X2)),$product(2,$sum(X3,1))),$sum(X1,X2)),$product(3,$sum(X0,X1))),1) & ~0 = $sum($difference($sum($product($product(3,$sum(X3,1)),$sum(X3,1)),$product(3,$sum(X3,1))),$sum(X1,X2)),1)) [input]
2. ? [X1 : $int,X3 : $int,X2 : $int,X0 : $int] : (0 = $sum($difference(X2,$product(6,X3)),$uminus(6)) & 0 = $sum($sum($difference($sum($difference($product(X1,X1),$product($product(9,X3),X0)),$product(9,X3)),$product(5,X1)),$uminus($product(18,X0))),4) & 0 = $sum($sum($difference($sum($product(X3,X1),$product(2,X3)),X1),$uminus($product(3,X0))),1) & 0 = $sum($sum($sum($product($product(3,X3),X3),$product(3,X3)),$uminus(X1)),1) & 0 = $sum($difference($sum(X2,6),$product(6,$sum(X3,1))),$uminus(6)) & 0 = $sum($sum($difference($sum($difference($product($sum(X1,X2),$sum(X1,X2)),$product($product(9,$sum(X3,1)),$sum(X0,X1))),$product(9,$sum(X3,1))),$product(5,$sum(X1,X2))),$uminus($product(18,$sum(X0,X1)))),4) & 0 = $sum($sum($difference($sum($product($sum(X3,1),$sum(X1,X2)),$product(2,$sum(X3,1))),$sum(X1,X2)),$uminus($product(3,$sum(X0,X1)))),1) & ~0 = $sum($sum($sum($product($product(3,$sum(X3,1)),$sum(X3,1)),$product(3,$sum(X3,1))),$uminus($sum(X1,X2))),1)) [theory normalization 1]
3. $sum(X0,X1) = $sum(X1,X0) [theory axiom 127]
14. $product(X0,X1) = $product(X1,X0) [theory axiom 127]
21. ? [X1 : $int,X3 : $int,X2 : $int,X0 : $int] : (0 = $sum($sum(X2,$uminus($product(6,X3))),$uminus(6)) & 0 = $sum($sum($sum($sum($difference($product(X1,X1),$product($product(9,X3),X0)),$product(9,X3)),$uminus($product(5,X1))),$uminus($product(18,X0))),4) & 0 = $sum($sum($sum($sum($product(X3,X1),$product(2,X3)),$uminus(X1)),$uminus($product(3,X0))),1) & 0 = $sum($sum($sum($product($product(3,X3),X3),$product(3,X3)),$uminus(X1)),1) & 0 = $sum($sum($sum(X2,6),$uminus($product(6,$sum(X3,1)))),$uminus(6)) & 0 = $sum($sum($sum($sum($difference($product($sum(X1,X2),$sum(X1,X2)),$product($product(9,$sum(X3,1)),$sum(X0,X1))),$product(9,$sum(X3,1))),$uminus($product(5,$sum(X1,X2)))),$uminus($product(18,$sum(X0,X1)))),4) & 0 = $sum($sum($sum($sum($product($sum(X3,1),$sum(X1,X2)),$product(2,$sum(X3,1))),$uminus($sum(X1,X2))),$uminus($product(3,$sum(X0,X1)))),1) & ~0 = $sum($sum($sum($product($product(3,$sum(X3,1)),$sum(X3,1)),$product(3,$sum(X3,1))),$uminus($sum(X1,X2))),1)) [theory normalization 2]
22. ? [X0 : $int,X1 : $int,X2 : $int,X3 : $int] : (0 = $sum($sum(X2,$uminus($product(6,X1))),$uminus(6)) & 0 = $sum($sum($sum($sum($difference($product(X0,X0),$product($product(9,X1),X3)),$product(9,X1)),$uminus($product(5,X0))),$uminus($product(18,X3))),4) & 0 = $sum($sum($sum($sum($product(X1,X0),$product(2,X1)),$uminus(X0)),$uminus($product(3,X3))),1) & 0 = $sum($sum($sum($product($product(3,X1),X1),$product(3,X1)),$uminus(X0)),1) & 0 = $sum($sum($sum(X2,6),$uminus($product(6,$sum(X1,1)))),$uminus(6)) & 0 = $sum($sum($sum($sum($difference($product($sum(X0,X2),$sum(X0,X2)),$product($product(9,$sum(X1,1)),$sum(X3,X0))),$product(9,$sum(X1,1))),$uminus($product(5,$sum(X0,X2)))),$uminus($product(18,$sum(X3,X0)))),4) & 0 = $sum($sum($sum($sum($product($sum(X1,1),$sum(X0,X2)),$product(2,$sum(X1,1))),$uminus($sum(X0,X2))),$uminus($product(3,$sum(X3,X0)))),1) & ~0 = $sum($sum($sum($product($product(3,$sum(X1,1)),$sum(X1,1)),$product(3,$sum(X1,1))),$uminus($sum(X0,X2))),1)) [rectify 21]
23. ? [X0 : $int,X1 : $int,X2 : $int,X3 : $int] : (0 = $sum($sum(X2,$uminus($product(6,X1))),$uminus(6)) & 0 = $sum($sum($sum($sum($difference($product(X0,X0),$product($product(9,X1),X3)),$product(9,X1)),$uminus($product(5,X0))),$uminus($product(18,X3))),4) & 0 = $sum($sum($sum($sum($product(X1,X0),$product(2,X1)),$uminus(X0)),$uminus($product(3,X3))),1) & 0 = $sum($sum($sum($product($product(3,X1),X1),$product(3,X1)),$uminus(X0)),1) & 0 = $sum($sum($sum(X2,6),$uminus($product(6,$sum(X1,1)))),$uminus(6)) & 0 = $sum($sum($sum($sum($difference($product($sum(X0,X2),$sum(X0,X2)),$product($product(9,$sum(X1,1)),$sum(X3,X0))),$product(9,$sum(X1,1))),$uminus($product(5,$sum(X0,X2)))),$uminus($product(18,$sum(X3,X0)))),4) & 0 = $sum($sum($sum($sum($product($sum(X1,1),$sum(X0,X2)),$product(2,$sum(X1,1))),$uminus($sum(X0,X2))),$uminus($product(3,$sum(X3,X0)))),1) & 0 != $sum($sum($sum($product($product(3,$sum(X1,1)),$sum(X1,1)),$product(3,$sum(X1,1))),$uminus($sum(X0,X2))),1)) [flattening 22]
24. 0 != $sum($sum($sum($product($product(3,$sum(sK1,1)),$sum(sK1,1)),$product(3,$sum(sK1,1))),$uminus($sum(sK0,sK2))),1) [cnf transformation 23]
27. 0 = $sum($sum($sum(sK2,6),$uminus($product(6,$sum(sK1,1)))),$uminus(6)) [cnf transformation 23]
28. 0 = $sum($sum($sum($product($product(3,sK1),sK1),$product(3,sK1)),$uminus(sK0)),1) [cnf transformation 23]
29. 0 = $sum($sum($sum($sum($product(sK1,sK0),$product(2,sK1)),$uminus(sK0)),$uminus($product(3,sK3))),1) [cnf transformation 23]
31. 0 = $sum($sum(sK2,$uminus($product(6,sK1))),$uminus(6)) [cnf transformation 23]
33. 0 = $sum(sK2,$uminus($product(6,$sum(sK1,1)))) [evaluation 27]
34. 0 = $sum($sum(sK2,$uminus($product(6,sK1))),-6) [evaluation 31]
409. 0 = $sum(sK2,$uminus($product(6,$sum(1,sK1)))) [forward demodulation 33,3]
456. 1 <=> 0 = $sum(sK2,$uminus($product(6,$sum(1,sK1)))) [avatar definition]
459. 1 [avatar split clause 409,456]
553. 2 <=> 0 = $sum($sum(sK2,$uminus($product(6,sK1))),-6) [avatar definition]
556. 2 [avatar split clause 34,553]
978. 0 = $sum($sum($uminus(sK0),$sum($product($product(3,sK1),sK1),$product(3,sK1))),1) [forward demodulation 28,3]
979. 0 = $sum($sum($uminus(sK0),$sum($product(3,sK1),$product($product(3,sK1),sK1))),1) [forward demodulation 978,3]
980. 0 = $sum($sum($uminus(sK0),$sum($product(3,sK1),$product(sK1,$product(3,sK1)))),1) [forward demodulation 979,14]
1029. 3 <=> 0 = $sum($sum($uminus(sK0),$sum($product(3,sK1),$product(sK1,$product(3,sK1)))),1) [avatar definition]
1032. 3 [avatar split clause 980,1029]
1169. 0 = $sum($sum($uminus($product(3,sK3)),$sum($sum($product(sK1,sK0),$product(2,sK1)),$uminus(sK0))),1) [forward demodulation 29,3]
1170. 0 = $sum($sum($uminus($product(3,sK3)),$sum($uminus(sK0),$sum($product(sK1,sK0),$product(2,sK1)))),1) [forward demodulation 1169,3]
1171. 0 = $sum($sum($uminus($product(3,sK3)),$sum($uminus(sK0),$sum($product(2,sK1),$product(sK1,sK0)))),1) [forward demodulation 1170,3]
1172. 0 = $sum($sum($uminus($product(3,sK3)),$sum($uminus(sK0),$sum($product(2,sK1),$product(sK0,sK1)))),1) [forward demodulation 1171,14]
1234. 4 <=> 0 = $sum($sum($uminus($product(3,sK3)),$sum($uminus(sK0),$sum($product(2,sK1),$product(sK0,sK1)))),1) [avatar definition]
1237. 4 [avatar split clause 1172,1234]
1361. 0 != $sum($sum($uminus($sum(sK0,sK2)),$sum($product($product(3,$sum(sK1,1)),$sum(sK1,1)),$product(3,$sum(sK1,1)))),1) [forward demodulation 24,3]
1362. 0 != $sum($sum($uminus($sum(sK0,sK2)),$sum($product(3,$sum(sK1,1)),$product($product(3,$sum(sK1,1)),$sum(sK1,1)))),1) [forward demodulation 1361,3]
1363. 0 != $sum($sum($uminus($sum(sK0,sK2)),$sum($product(3,$sum(sK1,1)),$product($sum(sK1,1),$product(3,$sum(sK1,1))))),1) [forward demodulation 1362,14]
1364. 0 != $sum($sum($uminus($sum(sK0,sK2)),$sum($product(3,$sum(1,sK1)),$product($sum(1,sK1),$product(3,$sum(1,sK1))))),1) [forward demodulation 1363,3]
1423. 5 <=> 0 = $sum($sum($uminus($sum(sK0,sK2)),$sum($product(3,$sum(1,sK1)),$product($sum(1,sK1),$product(3,$sum(1,sK1))))),1) [avatar definition]
1426. ~5 [avatar split clause 1364,1423]
1427. $false [avatar sat refutation 459,556,1032,1237,1426]
% SZS output end Proof for nia_cubes_simple_v3
% ------------------------------
% Version: Vampire 4.5.1 (commit 2f3063097 on 2021-04-08 14:14:55 +0200)
% Linked with Z3 4.8.10.0 517d907567f4283ad8b48ff9c2a3f6dce838569e z3-4.8.4-4541-g517d90756
% Termination reason: Refutation

% Memory used [KB]: 8059
% Time elapsed: 0.049 s
% ------------------------------
% ------------------------------
% Success in time 0.052 s
