unsat
((set-logic NIA)
(declare-fun z!1 () Int)
(declare-fun y!2 () Int)
(declare-fun x!3 () Int)
(declare-fun n!0 () Int)
(proof
(let ((?x2332 (* z!1 z!1)))
 (let ((?x2534 (* (- 12) y!2)))
 (let ((?x647 (* (- 6) z!1)))
 (let ((?x415 (* z00 z00)))
 (let ((?x416 (* (- 1) ?x415)))
 (let ((?x43 (* 12 y00)))
 (let ((?x49 (* 6 z00)))
 (let ((?x2496 (+ ?x49 ?x43 ?x416 ?x647 ?x2534 ?x2332)))
 (let (($x662 (<= ?x2496 0)))
 (let (($x2497 (= ?x2496 0)))
 (let ((?x2663 (* z00 y!2 y!2)))
 (let ((?x2335 (* (- 2) ?x2663)))
 (let ((?x2485 (* z!1 z!1 z!1)))
 (let ((?x2488 (* (- 1) ?x2485)))
 (let ((?x914 (* 6 ?x2332)))
 (let ((?x2320 (* 2 (* y00 y00 z!1))))
 (let ((?x1933 (* z00 x!3)))
 (let ((?x2471 (* 18 ?x1933)))
 (let ((?x1885 (* x00 y!2)))
 (let ((?x1525 (* (- 18) ?x1885)))
 (let ((?x1766 (* y!2 y!2)))
 (let ((?x1298 (* 12 ?x1766)))
 (let ((?x1712 (* y00 z!1 y!2)))
 (let ((?x1559 (* (- 1) ?x1712)))
 (let ((?x1110 (* 3 (* z00 z!1 x!3))))
 (let ((?x1415 (* z00 z00 x!3)))
 (let ((?x1105 (* 3 ?x1415)))
 (let ((?x1157 (* z00 y00 z!1)))
 (let ((?x1144 (* z00 z!1 y!2)))
 (let ((?x1229 (* (- 1) ?x1144)))
 (let ((?x1134 (* y00 x!3)))
 (let ((?x1104 (* (- 18) ?x1134)))
 (let ((?x1108 (* z00 y00 y!2)))
 (let ((?x960 (* z00 z00 x00)))
 (let ((?x2279 (* (- 3) ?x960)))
 (let ((?x916 (* z!1 y!2 y!2)))
 (let ((?x1103 (* (- 1) ?x916)))
 (let ((?x1413 (* (- 3) (* z00 x00 z!1))))
 (let ((?x770 (* z00 z00 y00)))
 (let ((?x2277 (* (- 3) ?x770)))
 (let ((?x750 (* z00 y00 y00)))
 (let ((?x710 (* y!2 x!3)))
 (let ((?x1412 (* 18 ?x710)))
 (let ((?x650 (* y00 y00)))
 (let ((?x2273 (* 48 ?x650)))
 (let ((?x619 (* z00 x00)))
 (let ((?x1810 (* (- 18) ?x619)))
 (let ((?x556 (* z00 y00)))
 (let ((?x685 (* 6 ?x556)))
 (let ((?x505 (* y00 x00)))
 (let ((?x2268 (* 18 ?x505)))
 (let ((?x2044 (+ ?x2268 ?x685 ?x1810 ?x2273 (* 6 (* z00 z00 y!2)) ?x1412 ?x750 ?x2277 ?x1413 ?x1103 ?x2279 (* 36 (* z!1 y!2)) (* 36 (* z!1 x!3)) ?x1108 (* 12 (* z00 y!2)) ?x1104 (* (- 6) (* z00 z!1)) ?x1229 ?x1157 (* (- 2) (* z!1 z!1 y!2)) ?x1105 ?x1110 ?x1559 ?x1298 (* (- 2) (* z00 z!1 z!1)) ?x1525 ?x2471 (* (- 60) (* y00 y!2)) ?x2320 (* (- 54) (* y00 z!1)) ?x914 (* (- 36) (* x00 z!1)) ?x2488 (* 3 (* z00 z00 z!1)) (* (- 1) (* y00 z!1 z!1)) ?x2335)))
 (let (($x2748 (= ?x2044 0)))
 (let (($x2231 (not $x2748)))
 (let ((?x2504 (* z00 z00 z!1)))
 (let ((?x1473 (* (- 1) ?x2504)))
 (let ((?x2156 (* y00 z!1)))
 (let ((?x1906 (* 12 ?x2156)))
 (let ((?x648 (* (- 108) x!3)))
 (let ((?x1135 (* z00 z!1)))
 (let ((?x2060 (* 6 ?x1135)))
 (let ((?x998 (* z!1 y!2)))
 (let ((?x997 (* 6 ?x998)))
 (let ((?x2023 (* (- 18) ?x556)))
 (let ((?x74 (* 108 x00)))
 (let ((?x55 (* z00 z00 z00)))
 (let ((?x1311 (+ (* 36 z00) (* 144 y00) ?x55 ?x74 (* (- 12) ?x415) ?x2023 ?x997 ?x2060 (* (- 36) z!1) (* (- 144) y!2) ?x648 ?x1906 ?x914 ?x1473)))
 (let (($x1310 (= ?x1311 0)))
 (let (($x1914 (not $x1310)))
 (let ((?x1877 (* z00 z!1 z!1)))
 (let ((?x668 (* (- 24) ?x650)))
 (let ((?x621 (* 18 ?x619)))
 (let ((?x1334 (+ ?x621 ?x668 (* (- 1) (* z00 z00 y!2)) ?x770 (* (- 6) ?x998) (* (- 18) (* z!1 x!3)) (* (- 18) (* z00 y!2)) ?x1144 (* (- 1) ?x1157) ?x1298 ?x1877 (* (- 18) ?x1933) (* 12 (* y00 y!2)) (* 24 ?x2156) (* 18 (* x00 z!1)) ?x1473)))
 (let (($x1112 (= ?x1334 0)))
 (let (($x1658 (not $x1112)))
 (let (($x1624 (not $x2497)))
 (let ((?x1735 (* (- 6) ?x2663)))
 (let ((?x2314 (* (- 4) (* y!2 y!2 y!2))))
 (let ((?x1633 (* (- 4) ?x2485)))
 (let ((?x2441 (* (- 216) (* x00 x!3))))
 (let ((?x1280 (* 24 ?x2332)))
 (let ((?x518 (* (- 2) (* z00 z00 z00 x!3))))
 (let ((?x1557 (* (- 12) (* y00 y!2 y!2))))
 (let ((?x462 (* (- 36) ?x1933)))
 (let ((?x1535 (* 36 (* z00 y00 x!3))))
 (let ((?x1118 (* 240 ?x1766)))
 (let ((?x2469 (* 18 ?x1415)))
 (let ((?x1379 (* 108 (* x00 x00))))
 (let ((?x1276 (* 2 (* z00 z00 z00 x00))))
 (let ((?x1272 (* z00 z00 z00 y00)))
 (let ((?x2107 (* 108 (* x!3 x!3))))
 (let ((?x1182 (* (- 36) (* z00 y00 x00))))
 (let ((?x1945 (* (- 216) ?x1134)))
 (let ((?x1096 (* 16 (* y00 y00 y00))))
 (let ((?x1232 (* (- 18) ?x960)))
 (let ((?x866 (* (- 1) (* z00 z00 y00 y00))))
 (let ((?x1333 (* (- 10) ?x770)))
 (let ((?x831 (* (- 12) ?x750)))
 (let ((?x1132 (* 96 ?x650)))
 (let ((?x576 (* 36 ?x619)))
 (let ((?x563 (* z00 z00 y!2 y!2)))
 (let ((?x974 (* 24 ?x556)))
 (let ((?x527 (* 216 ?x505)))
 (let ((?x2424 (+ ?x527 ?x974 ?x563 ?x576 ?x1132 (* 28 (* z00 z00 y!2)) (* 324 ?x710) ?x831 ?x1333 ?x866 (* (- 12) ?x916) ?x1232 (* 156 ?x998) (* 108 (* z!1 x!3)) ?x1096 (* 54 ?x1108) (* (- 60) (* z00 y!2)) ?x1945 (* (- 24) ?x1135) (* (- 12) ?x1144) (* (- 1) (* z00 z00 z00 z!1)) (* 18 ?x1157) ?x1182 (* (- 12) (* z!1 z!1 y!2)) ?x2107 ?x1272 ?x1276 (* 2 (* z00 z00 z!1 y!2)) ?x1379 ?x2469 (* (- 3) (* z00 z00 z00 y!2)) (* (- 24) ?x1712) ?x1118 ?x1535 (* (- 6) ?x1877) (* (- 324) ?x1885) ?x462 ?x1557 (* (- 336) (* y00 y!2)) ?x518 (* (- 120) ?x2156) ?x1280 (* (- 108) (* x00 z!1)) ?x2441 ?x1633 (* 10 ?x2504) (* (- 12) (* y00 z!1 z!1)) (* z00 z00 z!1 z!1) ?x2314 ?x1735)))
 (let (($x1395 (= ?x2424 0)))
 (let (($x1254 (not $x1395)))
 (let ((?x1707 (* (- 6) n00)))
 (let ((?x2535 (+ z00 ?x1707 (* 6 n!0) (* (- 1) z!1))))
 (let (($x2543 (= ?x2535 0)))
 (let (($x1192 (not $x2543)))
 (let (($x2235 (= (* (+ z!1 y!2) (+ z!1 y!2) (+ y!2 x!3) ?x2496) 0)))
 (let (($x979 (not $x2235)))
 (let (($x1943 (or $x979 $x1192 $x1254 $x1624 $x1658 $x1914 $x2231)))
 (let ((?x2693 (* 24 ?x1766)))
 (let ((?x1161 (+ ?x527 ?x974 ?x563 ?x576 ?x1132 (* 10 (* z00 z00 y!2)) (* 108 ?x710) ?x831 ?x1333 ?x866 ?x1232 ?x1096 (* 18 ?x1108) (* (- 24) (* z00 y!2)) ?x1945 ?x1182 ?x2107 ?x1272 ?x1276 ?x1379 ?x2469 (* (- 1) (* z00 z00 z00 y!2)) ?x2693 ?x1535 (* (- 108) ?x1885) ?x462 ?x1557 (* (- 120) (* y00 y!2)) ?x518 ?x2441 ?x2314 ?x1735)))
 (let (($x1964 (= ?x1161 0)))
 (let ((?x2465 (* x00 z!1)))
 (let ((?x1052 (* (- 18) ?x2465)))
 (let ((?x1479 (* (- 12) ?x2156)))
 (let ((?x2630 (* (- 72) y!2)))
 (let ((?x1039 (* z!1 x!3)))
 (let ((?x1778 (* 18 ?x1039)))
 (let ((?x1775 (* 12 ?x998)))
 (let ((?x821 (* 36 ?x650)))
 (let ((?x67 (* 72 y00)))
 (let ((?x934 (+ ?x67 ?x74 ?x2268 ?x685 ?x821 (* 3 (* z00 z00 y!2)) ?x1412 ?x750 ?x2277 ?x1413 ?x1103 ?x2279 ?x1775 ?x1778 ?x1108 (* (- 6) (* z00 y!2)) ?x1104 ?x1105 ?x2630 ?x648 ?x1110 ?x1559 ?x1525 (* (- 36) (* y00 y!2)) ?x2320 ?x1479 ?x1052 ?x2335)))
 (let (($x1744 (= ?x934 0)))
 (let ((?x1924 (* (- 12) ?x1766)))
 (let ((?x1813 (* (- 1) ?x770)))
 (let ((?x671 (* z00 z00 y!2)))
 (let ((?x652 (* 24 ?x650)))
 (let ((?x850 (* (- 6) ?x556)))
 (let ((?x1230 (+ ?x67 ?x74 ?x850 ?x1810 ?x652 ?x671 ?x1813 ?x1775 ?x1778 (* 6 (* z00 y!2)) ?x1229 ?x1157 ?x2630 ?x648 ?x1924 ?x2471 (* (- 12) (* y00 y!2)) ?x1479 ?x1052)))
 (let (($x507 (= ?x1230 0)))
 (let ((?x730 (* (- 6) ?x415)))
 (let ((?x1491 (+ ?x67 ?x55 ?x74 ?x730 ?x2023 ?x997 ?x2060 ?x2630 ?x648 ?x1906 ?x1473)))
 (let (($x2683 (= ?x1491 0)))
 (let (($x544 (and $x2543 $x2497 $x2683 $x507 $x1744 $x1964 $x1943)))
 (let ((?x1518 (* x!3 z00)))
 (let ((?x881 (* 18 ?x1518)))
 (let ((?x2767 (* z!1 z00 y00)))
 (let ((?x1058 (* y!2 z00 z00)))
 (let ((?x1057 (* y!2 z!1 z00)))
 (let ((?x1596 (* (- 1) ?x1057)))
 (let ((?x2067 (* z!1 z00 z00)))
 (let ((?x909 (+ ?x2067 ?x1596 ?x1058 (* 6 (* y!2 z!1)) ?x2767 (* (- 24) (* z!1 y00)) (* 18 (* x!3 z!1)) ?x1810 ?x1924 ?x652 (* (- 18) (* z!1 x00)) (* (- 12) (* y!2 y00)) (* 18 (* y!2 z00)) ?x1813 ?x881 (* (- 1) (* z!1 z!1 z00)))))
 (let ((?x703 (* z!1 z00)))
 (let ((?x2334 (* (- 6) ?x703)))
 (let ((?x557 (* 18 ?x556)))
 (let ((?x1055 (* z!1 y00)))
 (let ((?x1683 (* (- 12) ?x1055)))
 (let ((?x1051 (* y!2 z!1)))
 (let ((?x1053 (* (- 6) ?x1051)))
 (let ((?x1506 (* 12 ?x415)))
 (let ((?x635 (* (- 108) x00)))
 (let ((?x508 (* (- 1) ?x55)))
 (let ((?x1403 (* (- 144) y00)))
 (let ((?x1442 (* (- 36) z00)))
 (let ((?x1993 (* 108 x!3)))
 (let ((?x503 (+ ?x1993 (* 144 y!2) (* 36 z!1) ?x1442 ?x1403 (* (- 6) ?x2332) ?x508 ?x635 ?x2067 ?x1506 ?x1053 ?x1683 ?x557 ?x2334)))
 (let ((?x2686 (+ y!2 z!1)))
 (let (($x2352 (= (* ?x2686 ?x2686 (+ x!3 y!2) (+ ?x2534 ?x647 ?x49 ?x43 ?x2332 ?x416)) 0)))
 (let ((?x2776 (* 36 (* x!3 z00 y00))))
 (let ((?x695 (* (- 216) (* x!3 x00))))
 (let ((?x2222 (* (- 12) (* y!2 y!2 y00))))
 (let ((?x887 (* x!3 y00)))
 (let ((?x776 (* (- 216) ?x887)))
 (let ((?x610 (* y!2 y!2 z00)))
 (let ((?x579 (* (- 6) ?x610)))
 (let ((?x1684 (* (- 36) ?x1518)))
 (let ((?x1085 (* x!3 z00 z00)))
 (let ((?x2203 (* 18 ?x1085)))
 (let ((?x1716 (* (- 2) (* x!3 z00 z00 z00))))
 (let ((?x2009 (* y!2 y!2 z00 z00)))
 (let ((?x1590 (+ ?x1280 (* 10 ?x2067) (* (- 12) ?x1057) (* 28 ?x1058) (* (- 12) (* y!2 y!2 z!1)) ?x2009 (* (- 3) (* y!2 z00 z00 z00)) (* 156 ?x1051) (* 18 ?x2767) ?x527 (* 324 (* x!3 y!2)) (* (- 120) ?x1055) ?x974 (* 108 (* x!3 z!1)) ?x1716 (* (- 24) ?x703) ?x576 ?x1118 ?x1132 (* (- 108) (* z!1 x00)) (* (- 336) (* y!2 y00)) ?x2203 (* (- 60) (* y!2 z00)) ?x831 ?x1333 ?x1684 (* 54 (* y!2 z00 y00)) ?x866 ?x2107 ?x2314 ?x579 (* (- 324) (* y!2 x00)) ?x1232 ?x776 (* (- 24) (* y!2 z!1 y00)) ?x1096 ?x2222 ?x1182 ?x695 ?x1272 ?x1276 ?x2776 ?x1379 (* (- 6) (* z!1 z!1 z00)) (* (- 12) (* y!2 z!1 z!1)) ?x1633 (* (- 12) (* z!1 z!1 y00)) (* 2 (* y!2 z!1 z00 z00)) (* z!1 z!1 z00 z00) (* (- 1) (* z!1 z00 z00 z00)))))
 (let ((?x598 (* y!2 z00 y00)))
 (let ((?x985 (+ ?x914 (* 3 ?x2067) ?x1596 (* 6 ?x1058) (* (- 1) (* y!2 y!2 z!1)) (* 36 ?x1051) ?x2767 ?x2268 (* 18 (* x!3 y!2)) (* (- 54) ?x1055) ?x685 (* 36 (* x!3 z!1)) ?x2334 ?x1810 ?x1298 ?x2273 (* (- 36) (* z!1 x00)) (* (- 60) (* y!2 y00)) (* 3 ?x1085) (* 12 (* y!2 z00)) ?x750 ?x2277 (* (- 3) (* z!1 z00 x00)) ?x881 ?x598 (* 3 (* x!3 z!1 z00)) (* (- 2) ?x610) (* (- 18) (* y!2 x00)) ?x2279 (* (- 18) ?x887) (* (- 1) (* y!2 z!1 y00)) (* 2 (* z!1 y00 y00)) (* (- 2) (* z!1 z!1 z00)) (* (- 2) (* y!2 z!1 z!1)) ?x2488 (* (- 1) (* z!1 z!1 y00)))))
 (let ((?x486 (* (- 12) y00)))
 (let ((?x485 (* (- 6) z00)))
 (let (($x1935 (= (+ (* 12 y!2) (* 6 z!1) ?x485 ?x486 (* (- 1) ?x2332) ?x415) 0)))
 (let (($x1454 (= (+ z!1 (* (- 6) n!0) (* (- 1) z00) (* 6 n00)) 0)))
 (let (($x839 (or (not $x1454) (not $x1935) (not (= ?x985 0)) (not (= ?x1590 0)) (not $x2352) (not (= ?x503 0)) (not (= ?x909 0)))))
 (let ((?x633 (+ (* 10 ?x1058) ?x2009 (* (- 1) (* y!2 z00 z00 z00)) ?x527 (* 108 (* x!3 y!2)) ?x974 ?x1716 ?x576 ?x2693 ?x1132 (* (- 120) (* y!2 y00)) ?x2203 (* (- 24) (* y!2 z00)) ?x831 ?x1333 ?x1684 (* 18 ?x598) ?x866 ?x2107 ?x2314 ?x579 (* (- 108) (* y!2 x00)) ?x1232 ?x776 ?x1096 ?x2222 ?x1182 ?x695 ?x1272 ?x1276 ?x2776 ?x1379)))
 (let ((?x595 (* y!2 z!1 y00)))
 (let ((?x961 (* 3 ?x960)))
 (let ((?x1023 (* 3 ?x770)))
 (let ((?x757 (* (- 1) ?x750)))
 (let ((?x2487 (* z!1 x00)))
 (let ((?x1198 (* 18 ?x2487)))
 (let ((?x943 (* (- 36) ?x650)))
 (let ((?x702 (* x!3 z!1)))
 (let ((?x1293 (* (- 18) ?x702)))
 (let ((?x738 (* 12 ?x1055)))
 (let ((?x506 (* (- 18) ?x505)))
 (let ((?x2765 (* (- 12) ?x1051)))
 (let ((?x1539 (* y!2 y!2 z!1)))
 (let ((?x578 (* (- 72) y00)))
 (let ((?x1835 (* 72 y!2)))
 (let ((?x1184 (+ ?x1993 ?x1835 ?x578 ?x635 (* (- 3) ?x1058) ?x1539 ?x2765 ?x506 (* (- 18) (* x!3 y!2)) ?x738 ?x850 ?x1293 ?x943 ?x1198 (* 36 (* y!2 y00)) (* (- 3) ?x1085) (* 6 (* y!2 z00)) ?x757 ?x1023 (* 3 (* z!1 z00 x00)) (* (- 1) ?x598) (* (- 3) (* x!3 z!1 z00)) (* 2 ?x610) (* 18 (* y!2 x00)) ?x961 (* 18 ?x887) ?x595 (* (- 2) (* z!1 y00 y00)))))
 (let ((?x1537 (+ ?x1993 ?x1835 ?x578 ?x635 ?x1057 (* (- 1) ?x1058) ?x2765 (* (- 1) ?x2767) ?x738 ?x685 ?x1293 ?x621 ?x1298 ?x668 ?x1198 (* 12 (* y!2 y00)) (* (- 6) (* y!2 z00)) ?x770 (* (- 18) ?x1518))))
 (let ((?x519 (* 6 ?x415)))
 (let (($x1056 (= (+ ?x1993 ?x1835 ?x578 ?x508 ?x635 ?x2067 ?x519 ?x1053 ?x1683 ?x557 ?x2334) 0)))
 (let (($x1203 (and $x1454 $x1935 $x1056 (= ?x1537 0) (= ?x1184 0) (= ?x633 0) $x839)))
 (let (($x844 (exists ((x Int) (y Int) (z Int) (n Int) )(! (let ((?x1747 (* z z z00)))
 (let ((?x1818 (* (- 1) ?x1747)))
 (let ((?x781 (* x z00)))
 (let ((?x782 (* 18 ?x781)))
 (let ((?x770 (* z00 z00 y00)))
 (let ((?x1813 (* (- 1) ?x770)))
 (let ((?x718 (* y z00)))
 (let ((?x1704 (* 18 ?x718)))
 (let ((?x688 (* y y00)))
 (let ((?x1812 (* (- 12) ?x688)))
 (let ((?x650 (* y00 y00)))
 (let ((?x652 (* 24 ?x650)))
 (let ((?x624 (* y y)))
 (let ((?x1811 (* (- 12) ?x624)))
 (let ((?x619 (* z00 x00)))
 (let ((?x1810 (* (- 18) ?x619)))
 (let ((?x562 (* x z)))
 (let ((?x564 (* 18 ?x562)))
 (let ((?x501 (* z z00 y00)))
 (let ((?x105 (* y z00 z00)))
 (let ((?x103 (* y z z00)))
 (let ((?x1809 (* (- 1) ?x103)))
 (let ((?x76 (* z z00 z00)))
 (let ((?x845 (+ ?x76 ?x1809 ?x105 (* 6 (* y z)) ?x501 (* (- 24) (* z y00)) ?x564 ?x1810 ?x1811 ?x652 (* (- 18) (* z x00)) ?x1812 ?x1704 ?x1813 ?x782 ?x1818)))
 (let ((?x591 (* z z00)))
 (let ((?x604 (* (- 6) ?x591)))
 (let ((?x556 (* z00 y00)))
 (let ((?x557 (* 18 ?x556)))
 (let ((?x530 (* z y00)))
 (let ((?x543 (* (- 12) ?x530)))
 (let ((?x499 (* y z)))
 (let ((?x500 (* (- 6) ?x499)))
 (let ((?x415 (* z00 z00)))
 (let ((?x1506 (* 12 ?x415)))
 (let ((?x635 (* (- 108) x00)))
 (let ((?x55 (* z00 z00 z00)))
 (let ((?x508 (* (- 1) ?x55)))
 (let ((?x50 (* z z)))
 (let ((?x1175 (* (- 6) ?x50)))
 (let ((?x1403 (* (- 144) y00)))
 (let ((?x1442 (* (- 36) z00)))
 (let ((?x64 (* 108 x)))
 (let ((?x2422 (+ ?x64 (* 144 y) (* 36 z) ?x1442 ?x1403 ?x1175 ?x508 ?x635 ?x76 ?x1506 ?x500 ?x543 ?x557 ?x604)))
 (let ((?x416 (* (- 1) ?x415)))
 (let ((?x43 (* 12 y00)))
 (let ((?x49 (* 6 z00)))
 (let ((?x461 (* (- 6) z)))
 (let ((?x439 (* (- 12) y)))
 (let ((?x237 (+ x y)))
 (let ((?x223 (+ y z)))
 (let (($x1763 (not (= (* ?x223 ?x223 ?x237 (+ ?x439 ?x461 ?x49 ?x43 ?x50 ?x416)) 0))))
 (let ((?x2827 (* (- 1) (* z z00 z00 z00))))
 (let ((?x2701 (* z z z00 z00)))
 (let ((?x2710 (* 2 (* y z z00 z00))))
 (let ((?x2150 (* z z y00)))
 (let ((?x2492 (* (- 12) ?x2150)))
 (let ((?x2020 (* z z z)))
 (let ((?x2186 (* (- 4) ?x2020)))
 (let ((?x2019 (* y z z)))
 (let ((?x2195 (* (- 12) ?x2019)))
 (let ((?x2421 (* (- 6) ?x1747)))
 (let ((?x1379 (* 108 (* x00 x00))))
 (let ((?x1372 (* 36 (* x z00 y00))))
 (let ((?x1276 (* 2 (* z00 z00 z00 x00))))
 (let ((?x1272 (* z00 z00 z00 y00)))
 (let ((?x1259 (* (- 216) (* x x00))))
 (let ((?x1182 (* (- 36) (* z00 y00 x00))))
 (let ((?x1156 (* (- 12) (* y y y00))))
 (let ((?x1096 (* 16 (* y00 y00 y00))))
 (let ((?x1020 (* y z y00)))
 (let ((?x2507 (* (- 24) ?x1020)))
 (let ((?x990 (* x y00)))
 (let ((?x1299 (* (- 216) ?x990)))
 (let ((?x960 (* z00 z00 x00)))
 (let ((?x1232 (* (- 18) ?x960)))
 (let ((?x956 (* y x00)))
 (let ((?x2643 (* (- 324) ?x956)))
 (let ((?x918 (* y y z00)))
 (let ((?x1119 (* (- 6) ?x918)))
 (let ((?x939 (* (- 4) (* y y y))))
 (let ((?x891 (* 108 (* x x))))
 (let ((?x866 (* (- 1) (* z00 z00 y00 y00))))
 (let ((?x1358 (* (- 36) ?x781)))
 (let ((?x1333 (* (- 10) ?x770)))
 (let ((?x750 (* z00 y00 y00)))
 (let ((?x831 (* (- 12) ?x750)))
 (let ((?x2775 (* (- 60) ?x718)))
 (let ((?x696 (* x z00 z00)))
 (let ((?x769 (* 18 ?x696)))
 (let ((?x2691 (* (- 336) ?x688)))
 (let ((?x681 (* z x00)))
 (let ((?x2572 (* (- 108) ?x681)))
 (let ((?x1132 (* 96 ?x650)))
 (let ((?x1990 (* 240 ?x624)))
 (let ((?x576 (* 36 ?x619)))
 (let ((?x2368 (* (- 24) ?x591)))
 (let ((?x701 (* (- 2) (* x z00 z00 z00))))
 (let ((?x1200 (* 108 ?x562)))
 (let ((?x974 (* 24 ?x556)))
 (let ((?x2330 (* (- 120) ?x530)))
 (let ((?x505 (* y00 x00)))
 (let ((?x527 (* 216 ?x505)))
 (let ((?x212 (* y z00 z00 z00)))
 (let ((?x2834 (* (- 3) ?x212)))
 (let ((?x201 (* y y z00 z00)))
 (let ((?x135 (* y y z)))
 (let ((?x2194 (* (- 12) ?x135)))
 (let ((?x2807 (* 28 ?x105)))
 (let ((?x2436 (* (- 12) ?x103)))
 (let ((?x2794 (* 10 ?x76)))
 (let ((?x1913 (* 24 ?x50)))
 (let ((?x1888 (+ ?x1913 ?x2794 ?x2436 ?x2807 ?x2194 ?x201 ?x2834 (* 156 ?x499) (* 18 ?x501) ?x527 (* 324 (* x y)) ?x2330 ?x974 ?x1200 ?x701 ?x2368 ?x576 ?x1990 ?x1132 ?x2572 ?x2691 ?x769 ?x2775 ?x831 ?x1333 ?x1358 (* 54 (* y z00 y00)) ?x866 ?x891 ?x939 ?x1119 ?x2643 ?x1232 ?x1299 ?x2507 ?x1096 ?x1156 ?x1182 ?x1259 ?x1272 ?x1276 ?x1372 ?x1379 ?x2421 ?x2195 ?x2186 ?x2492 ?x2710 ?x2701 ?x2827)))
 (let ((?x2290 (* (- 1) ?x2150)))
 (let ((?x2288 (* (- 1) ?x2020)))
 (let ((?x2287 (* (- 2) ?x2019)))
 (let ((?x2284 (* (- 2) ?x1747)))
 (let ((?x1034 (* z y00 y00)))
 (let ((?x1035 (* 2 ?x1034)))
 (let ((?x2281 (* (- 1) ?x1020)))
 (let ((?x2280 (* (- 18) ?x990)))
 (let ((?x2279 (* (- 3) ?x960)))
 (let ((?x2278 (* (- 2) ?x918)))
 (let ((?x892 (* x z z00)))
 (let ((?x893 (* 3 ?x892)))
 (let ((?x807 (* y z00 y00)))
 (let ((?x2277 (* (- 3) ?x770)))
 (let ((?x2276 (* 12 ?x718)))
 (let ((?x697 (* 3 ?x696)))
 (let ((?x2275 (* (- 60) ?x688)))
 (let ((?x2273 (* 48 ?x650)))
 (let ((?x625 (* 12 ?x624)))
 (let ((?x2271 (* 36 ?x562)))
 (let ((?x685 (* 6 ?x556)))
 (let ((?x524 (* x y)))
 (let ((?x526 (* 18 ?x524)))
 (let ((?x2268 (* 18 ?x505)))
 (let ((?x2267 (* 36 ?x499)))
 (let ((?x2266 (* (- 1) ?x135)))
 (let ((?x2265 (* 6 ?x105)))
 (let ((?x2223 (* 3 ?x76)))
 (let ((?x2041 (* 6 ?x50)))
 (let ((?x574 (+ ?x2041 ?x2223 ?x1809 ?x2265 ?x2266 ?x2267 ?x501 ?x2268 ?x526 (* (- 54) ?x530) ?x685 ?x2271 ?x604 ?x1810 ?x625 ?x2273 (* (- 36) ?x681) ?x2275 ?x697 ?x2276 ?x750 ?x2277 (* (- 3) (* z z00 x00)) ?x782 ?x807 ?x893 ?x2278 (* (- 18) ?x956) ?x2279 ?x2280 ?x2281 ?x1035 ?x2284 ?x2287 ?x2288 ?x2290)))
 (let ((?x487 (* (- 1) ?x50)))
 (let ((?x486 (* (- 12) y00)))
 (let ((?x485 (* (- 6) z00)))
 (let ((?x46 (* 6 z)))
 (let ((?x45 (* 12 y)))
 (let (($x489 (= (+ ?x45 ?x46 ?x485 ?x486 ?x487 ?x415) 0)))
 (let (($x1155 (not $x489)))
 (let (($x407 (= (+ z (* (- 6) n) (* (- 1) z00) (* 6 n00)) 0)))
 (let (($x921 (not $x407)))
 (let (($x1974 (or $x921 $x1155 (not (= ?x574 0)) (not (= ?x1888 0)) $x1763 (not (= ?x2422 0)) (not (= ?x845 0)))))
 (let ((?x879 (* 24 ?x624)))
 (let ((?x1399 (+ (* 10 ?x105) ?x201 (* (- 1) ?x212) ?x527 (* 108 ?x524) ?x974 ?x701 ?x576 ?x879 ?x1132 (* (- 120) ?x688) ?x769 (* (- 24) ?x718) ?x831 ?x1333 ?x1358 (* 18 ?x807) ?x866 ?x891 ?x939 ?x1119 (* (- 108) ?x956) ?x1232 ?x1299 ?x1096 ?x1156 ?x1182 ?x1259 ?x1272 ?x1276 ?x1372 ?x1379)))
 (let (($x1404 (= ?x1399 0)))
 (let ((?x961 (* 3 ?x960)))
 (let ((?x1023 (* 3 ?x770)))
 (let ((?x757 (* (- 1) ?x750)))
 (let ((?x682 (* 18 ?x681)))
 (let ((?x943 (* (- 36) ?x650)))
 (let ((?x593 (* (- 18) ?x562)))
 (let ((?x850 (* (- 6) ?x556)))
 (let ((?x531 (* 12 ?x530)))
 (let ((?x506 (* (- 18) ?x505)))
 (let ((?x528 (* (- 12) ?x499)))
 (let ((?x578 (* (- 72) y00)))
 (let ((?x71 (* 72 y)))
 (let ((?x1079 (+ ?x64 ?x71 ?x578 ?x635 (* (- 3) ?x105) ?x135 ?x528 ?x506 (* (- 18) ?x524) ?x531 ?x850 ?x593 ?x943 ?x682 (* 36 ?x688) (* (- 3) ?x696) (* 6 ?x718) ?x757 ?x1023 (* 3 (* z z00 x00)) (* (- 1) ?x807) (* (- 3) ?x892) (* 2 ?x918) (* 18 ?x956) ?x961 (* 18 ?x990) ?x1020 (* (- 2) ?x1034))))
 (let (($x1086 (= ?x1079 0)))
 (let ((?x668 (* (- 24) ?x650)))
 (let ((?x621 (* 18 ?x619)))
 (let ((?x824 (+ ?x64 ?x71 ?x578 ?x635 ?x103 (* (- 1) ?x105) ?x528 (* (- 1) ?x501) ?x531 ?x685 ?x593 ?x621 ?x625 ?x668 ?x682 (* 12 ?x688) (* (- 6) ?x718) ?x770 (* (- 18) ?x781))))
 (let (($x829 (= ?x824 0)))
 (let ((?x519 (* 6 ?x415)))
 (let (($x656 (= (+ ?x64 ?x71 ?x578 ?x508 ?x635 ?x76 ?x519 ?x500 ?x543 ?x557 ?x604) 0)))
 (and $x407 $x489 $x656 $x829 $x1086 $x1404 $x1974)))))))))))))))))))))))))))))))))))))))))))))))))))))))))))))))))))))))))))))))))))))))))))))))))))))))))))))))))))))))))))))))))))))))))))))))))))))))))))))))))))))))))))))))) :qid k!44))
 ))
 (let (($x2685 (exists ((x Int) (y Int) (z Int) (n Int) )(! (let ((?x2564 (+ 6 z)))
 (let ((?x1554 (* ?x2564 ?x2564)))
 (let ((?x49 (* 6 z00)))
 (let ((?x2736 (* (- 18) z)))
 (let ((?x439 (* (- 12) y)))
 (let ((?x43 (* 12 y00)))
 (let ((?x415 (* z00 z00)))
 (let ((?x416 (* (- 1) ?x415)))
 (let ((?x237 (+ x y)))
 (let ((?x223 (+ y z)))
 (let (($x2133 (= (* ?x223 ?x223 ?x237 (+ (- 36) ?x416 ?x43 ?x439 ?x2736 ?x49 ?x1554)) 0)))
 (let (($x2221 (not $x2133)))
 (let ((?x1379 (* 108 (* x00 x00))))
 (let ((?x99 (* y00 z00 z00)))
 (let ((?x2059 (* (- 10) ?x99)))
 (let ((?x1446 (* 2 (* x00 z00 z00 z00))))
 (let ((?x196 (* y00 z00 z00 z00)))
 (let ((?x775 (* x00 z00 z00)))
 (let ((?x1488 (* (- 18) ?x775)))
 (let ((?x1925 (* (- 36) (* x00 y00 z00))))
 (let ((?x650 (* y00 y00)))
 (let ((?x1132 (* 96 ?x650)))
 (let ((?x1096 (* 16 (* y00 y00 y00))))
 (let ((?x2123 (* y00 z00)))
 (let ((?x2463 (* 24 ?x2123)))
 (let ((?x161 (* y00 y00 z00 z00)))
 (let ((?x2326 (* (- 1) ?x161)))
 (let ((?x113 (* y00 y00 z00)))
 (let ((?x1928 (* (- 12) ?x113)))
 (let ((?x2586 (* x00 z00)))
 (let ((?x1162 (* 36 ?x2586)))
 (let ((?x1387 (* x00 y00)))
 (let ((?x1462 (* 216 ?x1387)))
 (let ((?x2764 (+ ?x1462 (* 108 (* ?x223 ?x237)) ?x1162 (* (- 2) (* z00 z00 z00 ?x237)) (* 18 (* z00 z00 ?x237)) ?x1928 ?x2326 (* 24 (* ?x223 ?x223)) (* 108 (* ?x237 ?x237)) (* (- 4) (* ?x223 ?x223 ?x223)) (* 18 (* y00 z00 ?x223)) ?x2463 (* (- 120) (* y00 ?x223)) (* (- 24) (* z00 ?x223)) ?x1096 (* (- 6) (* z00 ?x223 ?x223)) ?x1132 (* (- 12) (* y00 ?x223 ?x223)) ?x1925 (* (- 108) (* x00 ?x223)) ?x1488 (* (- 216) (* x00 ?x237)) ?x196 ?x1446 (* (- 216) (* y00 ?x237)) (* z00 z00 ?x223 ?x223) ?x2059 (* (- 36) (* z00 ?x237)) (* 36 (* y00 z00 ?x237)) (* 10 (* z00 z00 ?x223)) ?x1379 (* (- 1) (* z00 z00 z00 ?x223)))))
 (let (($x1956 (not (= ?x2764 0))))
 (let ((?x74 (* 108 x00)))
 (let ((?x1284 (* (- 72) z)))
 (let ((?x67 (* 72 y00)))
 (let ((?x786 (* (- 180) y)))
 (let ((?x1054 (* (- 108) x)))
 (let ((?x2095 (* (- 18) ?x2123)))
 (let ((?x1947 (* y00 ?x2564)))
 (let ((?x906 (* 12 ?x1947)))
 (let ((?x730 (* (- 6) ?x415)))
 (let ((?x55 (* z00 z00 z00)))
 (let ((?x1396 (+ (* 6 (* ?x2564 ?x223)) ?x55 ?x730 ?x906 ?x2095 ?x1054 ?x786 ?x67 (* 6 (* z00 ?x2564)) ?x1284 ?x74 (* (- 1) (* z00 z00 ?x2564)))))
 (let ((?x1059 (* z00 z00 ?x223)))
 (let ((?x1706 (* (- 1) ?x99)))
 (let ((?x2112 (* z00 ?x223)))
 (let ((?x2114 (* 6 ?x2112)))
 (let ((?x2325 (* (- 6) ?x2123)))
 (let ((?x1471 (* (- 12) ?x1947)))
 (let ((?x2088 (* x00 ?x2564)))
 (let ((?x2094 (* (- 18) ?x2088)))
 (let ((?x652 (* 24 ?x650)))
 (let ((?x1753 (* (- 18) ?x2586)))
 (let ((?x1451 (* ?x2564 ?x237)))
 (let ((?x1851 (* 18 ?x1451)))
 (let ((?x983 (* ?x2564 ?x223)))
 (let ((?x2762 (* 12 ?x983)))
 (let ((?x672 (* y00 z00 ?x2564)))
 (let ((?x628 (+ ?x672 ?x2762 ?x1851 ?x1753 (* (- 12) (* ?x223 ?x223)) ?x652 ?x2094 ?x1471 ?x2325 (* (- 12) (* y00 ?x223)) ?x1054 ?x786 ?x67 ?x2114 ?x1284 ?x74 ?x1706 (* 18 (* z00 ?x237)) (* (- 1) (* z00 ?x2564 ?x223)) ?x1059)))
 (let ((?x2085 (* (- 3) ?x99)))
 (let ((?x575 (* (- 3) ?x775)))
 (let ((?x821 (* 36 ?x650)))
 (let ((?x2140 (* (- 6) ?x2112)))
 (let ((?x627 (* 6 ?x2123)))
 (let ((?x1004 (* y00 z00 ?x223)))
 (let ((?x2091 (* 18 ?x1387)))
 (let ((?x1672 (+ ?x2091 (* 18 (* ?x223 ?x237)) ?x1851 (* 3 (* z00 z00 ?x237)) ?x113 (* (- 3) (* x00 z00 ?x2564)) ?x1004 ?x1471 ?x627 (* (- 36) (* y00 ?x223)) ?x2140 ?x2762 (* 3 (* z00 ?x2564 ?x237)) (* (- 2) (* z00 ?x223 ?x223)) ?x821 ?x2094 (* (- 1) (* ?x2564 ?x223 ?x223)) (* (- 18) (* x00 ?x223)) ?x575 ?x1054 ?x786 ?x67 (* (- 18) (* y00 ?x237)) ?x1284 ?x74 (* (- 1) (* y00 ?x2564 ?x223)) ?x2085 (* 2 (* y00 y00 ?x2564)) (* 3 ?x1059))))
 (let (($x2311 (= (+ z (* (- 1) z00) (* (- 6) n) (* 6 n00)) 0)))
 (let ((?x485 (* (- 6) z00)))
 (let ((?x45 (* 12 y)))
 (let ((?x486 (* (- 12) y00)))
 (let (($x729 (not (= (+ ?x415 ?x486 ?x45 (* 18 z) ?x485 (* (- 1) ?x1554)) (- 36)))))
 (let (($x1552 (or $x729 (not $x2311) (not (= ?x1672 0)) (not (= ?x628 0)) (not (= ?x1396 0)) $x1956 $x2221)))
 (let ((?x939 (* (- 4) (* y y y))))
 (let ((?x891 (* 108 (* x x))))
 (let ((?x624 (* y y)))
 (let ((?x879 (* 24 ?x624)))
 (let ((?x1930 (* y x)))
 (let ((?x1931 (* 108 ?x1930)))
 (let ((?x910 (+ ?x1462 ?x1931 ?x1162 (* (- 2) (* z00 z00 z00 x)) (* 18 (* z00 z00 x)) ?x1928 ?x2326 ?x879 ?x891 ?x939 (* 18 (* y00 z00 y)) ?x2463 (* (- 120) (* y00 y)) (* (- 24) (* z00 y)) ?x1096 (* (- 6) (* z00 y y)) ?x1132 (* (- 12) (* y00 y y)) ?x1925 (* (- 108) (* x00 y)) ?x1488 (* (- 216) (* x00 x)) ?x196 ?x1446 (* (- 216) (* y00 x)) (* z00 z00 y y) ?x2059 (* (- 36) (* z00 x)) (* 36 (* y00 z00 x)) (* 10 (* z00 z00 y)) ?x1379 (* (- 1) (* z00 z00 z00 y)))))
 (let (($x915 (= ?x910 0)))
 (let ((?x606 (* (- 72) y)))
 (let ((?x2057 (* x00 y)))
 (let ((?x2289 (* (- 18) ?x2057)))
 (let ((?x1594 (* x00 z)))
 (let ((?x1817 (* (- 18) ?x1594)))
 (let ((?x1553 (* z y)))
 (let ((?x2438 (* 12 ?x1553)))
 (let ((?x1038 (* z00 y)))
 (let ((?x1093 (* (- 6) ?x1038)))
 (let ((?x1271 (* y00 z)))
 (let ((?x1317 (* (- 12) ?x1271)))
 (let ((?x1150 (* y00 z00 y)))
 (let ((?x1965 (* z x)))
 (let ((?x2439 (* 18 ?x1965)))
 (let ((?x946 (+ ?x2091 (* 18 ?x1930) ?x2439 (* 3 (* z00 z00 x)) ?x113 (* (- 3) (* x00 z00 z)) ?x1150 ?x1317 ?x627 (* (- 36) (* y00 y)) ?x1093 ?x2438 (* 3 (* z00 z x)) (* (- 2) (* z00 y y)) ?x821 ?x1817 (* (- 1) (* z y y)) ?x2289 ?x575 ?x1054 ?x67 (* (- 18) (* y00 x)) ?x606 ?x74 (* (- 1) (* y00 z y)) ?x2085 (* 2 (* y00 y00 z)) (* 3 (* z00 z00 y)))))
 (let ((?x1854 (* z00 z00 y)))
 (let ((?x1006 (* 6 ?x1038)))
 (let ((?x1811 (* (- 12) ?x624)))
 (let ((?x1288 (* y00 z00 z)))
 (let ((?x2432 (+ ?x1288 ?x2438 ?x2439 ?x1753 ?x1811 ?x652 ?x1817 ?x1317 ?x2325 (* (- 12) (* y00 y)) ?x1054 ?x67 ?x1006 ?x606 ?x74 ?x1706 (* 18 (* z00 x)) (* (- 1) (* z00 z y)) ?x1854)))
 (let ((?x1464 (* 12 ?x1271)))
 (let ((?x1463 (+ (* 6 ?x1553) ?x55 ?x730 ?x1464 ?x2095 ?x1054 ?x67 (* 6 (* z00 z)) ?x606 ?x74 (* (- 1) (* z00 z00 z)))))
 (let (($x1968 (= (+ ?x415 ?x486 ?x45 (* 6 z) ?x485 (* (- 1) (* z z))) 0)))
 (and $x2311 $x1968 (= ?x1463 0) (= ?x2432 0) (= ?x946 0) $x915 $x1552)))))))))))))))))))))))))))))))))))))))))))))))))))))))))))))))))))))))))))))))))))))))))))))))))))))))))))) :qid k!44))
 ))
 (let ((?x2013 (lambda ((x Int) (y Int) (z Int) (n Int) )(let ((?x1747 (* z z z00)))
 (let ((?x1818 (* (- 1) ?x1747)))
 (let ((?x781 (* x z00)))
 (let ((?x782 (* 18 ?x781)))
 (let ((?x770 (* z00 z00 y00)))
 (let ((?x1813 (* (- 1) ?x770)))
 (let ((?x718 (* y z00)))
 (let ((?x1704 (* 18 ?x718)))
 (let ((?x688 (* y y00)))
 (let ((?x1812 (* (- 12) ?x688)))
 (let ((?x650 (* y00 y00)))
 (let ((?x652 (* 24 ?x650)))
 (let ((?x624 (* y y)))
 (let ((?x1811 (* (- 12) ?x624)))
 (let ((?x619 (* z00 x00)))
 (let ((?x1810 (* (- 18) ?x619)))
 (let ((?x562 (* x z)))
 (let ((?x564 (* 18 ?x562)))
 (let ((?x501 (* z z00 y00)))
 (let ((?x105 (* y z00 z00)))
 (let ((?x103 (* y z z00)))
 (let ((?x1809 (* (- 1) ?x103)))
 (let ((?x76 (* z z00 z00)))
 (let ((?x845 (+ ?x76 ?x1809 ?x105 (* 6 (* y z)) ?x501 (* (- 24) (* z y00)) ?x564 ?x1810 ?x1811 ?x652 (* (- 18) (* z x00)) ?x1812 ?x1704 ?x1813 ?x782 ?x1818)))
 (let ((?x591 (* z z00)))
 (let ((?x604 (* (- 6) ?x591)))
 (let ((?x556 (* z00 y00)))
 (let ((?x557 (* 18 ?x556)))
 (let ((?x530 (* z y00)))
 (let ((?x543 (* (- 12) ?x530)))
 (let ((?x499 (* y z)))
 (let ((?x500 (* (- 6) ?x499)))
 (let ((?x415 (* z00 z00)))
 (let ((?x1506 (* 12 ?x415)))
 (let ((?x635 (* (- 108) x00)))
 (let ((?x55 (* z00 z00 z00)))
 (let ((?x508 (* (- 1) ?x55)))
 (let ((?x50 (* z z)))
 (let ((?x1175 (* (- 6) ?x50)))
 (let ((?x1403 (* (- 144) y00)))
 (let ((?x1442 (* (- 36) z00)))
 (let ((?x64 (* 108 x)))
 (let ((?x2422 (+ ?x64 (* 144 y) (* 36 z) ?x1442 ?x1403 ?x1175 ?x508 ?x635 ?x76 ?x1506 ?x500 ?x543 ?x557 ?x604)))
 (let ((?x416 (* (- 1) ?x415)))
 (let ((?x43 (* 12 y00)))
 (let ((?x49 (* 6 z00)))
 (let ((?x461 (* (- 6) z)))
 (let ((?x439 (* (- 12) y)))
 (let ((?x237 (+ x y)))
 (let ((?x223 (+ y z)))
 (let (($x1763 (not (= (* ?x223 ?x223 ?x237 (+ ?x439 ?x461 ?x49 ?x43 ?x50 ?x416)) 0))))
 (let ((?x2827 (* (- 1) (* z z00 z00 z00))))
 (let ((?x2701 (* z z z00 z00)))
 (let ((?x2710 (* 2 (* y z z00 z00))))
 (let ((?x2150 (* z z y00)))
 (let ((?x2492 (* (- 12) ?x2150)))
 (let ((?x2020 (* z z z)))
 (let ((?x2186 (* (- 4) ?x2020)))
 (let ((?x2019 (* y z z)))
 (let ((?x2195 (* (- 12) ?x2019)))
 (let ((?x2421 (* (- 6) ?x1747)))
 (let ((?x1379 (* 108 (* x00 x00))))
 (let ((?x1372 (* 36 (* x z00 y00))))
 (let ((?x1276 (* 2 (* z00 z00 z00 x00))))
 (let ((?x1272 (* z00 z00 z00 y00)))
 (let ((?x1259 (* (- 216) (* x x00))))
 (let ((?x1182 (* (- 36) (* z00 y00 x00))))
 (let ((?x1156 (* (- 12) (* y y y00))))
 (let ((?x1096 (* 16 (* y00 y00 y00))))
 (let ((?x1020 (* y z y00)))
 (let ((?x2507 (* (- 24) ?x1020)))
 (let ((?x990 (* x y00)))
 (let ((?x1299 (* (- 216) ?x990)))
 (let ((?x960 (* z00 z00 x00)))
 (let ((?x1232 (* (- 18) ?x960)))
 (let ((?x956 (* y x00)))
 (let ((?x2643 (* (- 324) ?x956)))
 (let ((?x918 (* y y z00)))
 (let ((?x1119 (* (- 6) ?x918)))
 (let ((?x939 (* (- 4) (* y y y))))
 (let ((?x891 (* 108 (* x x))))
 (let ((?x866 (* (- 1) (* z00 z00 y00 y00))))
 (let ((?x1358 (* (- 36) ?x781)))
 (let ((?x1333 (* (- 10) ?x770)))
 (let ((?x750 (* z00 y00 y00)))
 (let ((?x831 (* (- 12) ?x750)))
 (let ((?x2775 (* (- 60) ?x718)))
 (let ((?x696 (* x z00 z00)))
 (let ((?x769 (* 18 ?x696)))
 (let ((?x2691 (* (- 336) ?x688)))
 (let ((?x681 (* z x00)))
 (let ((?x2572 (* (- 108) ?x681)))
 (let ((?x1132 (* 96 ?x650)))
 (let ((?x1990 (* 240 ?x624)))
 (let ((?x576 (* 36 ?x619)))
 (let ((?x2368 (* (- 24) ?x591)))
 (let ((?x701 (* (- 2) (* x z00 z00 z00))))
 (let ((?x1200 (* 108 ?x562)))
 (let ((?x974 (* 24 ?x556)))
 (let ((?x2330 (* (- 120) ?x530)))
 (let ((?x505 (* y00 x00)))
 (let ((?x527 (* 216 ?x505)))
 (let ((?x212 (* y z00 z00 z00)))
 (let ((?x2834 (* (- 3) ?x212)))
 (let ((?x201 (* y y z00 z00)))
 (let ((?x135 (* y y z)))
 (let ((?x2194 (* (- 12) ?x135)))
 (let ((?x2807 (* 28 ?x105)))
 (let ((?x2436 (* (- 12) ?x103)))
 (let ((?x2794 (* 10 ?x76)))
 (let ((?x1913 (* 24 ?x50)))
 (let ((?x1888 (+ ?x1913 ?x2794 ?x2436 ?x2807 ?x2194 ?x201 ?x2834 (* 156 ?x499) (* 18 ?x501) ?x527 (* 324 (* x y)) ?x2330 ?x974 ?x1200 ?x701 ?x2368 ?x576 ?x1990 ?x1132 ?x2572 ?x2691 ?x769 ?x2775 ?x831 ?x1333 ?x1358 (* 54 (* y z00 y00)) ?x866 ?x891 ?x939 ?x1119 ?x2643 ?x1232 ?x1299 ?x2507 ?x1096 ?x1156 ?x1182 ?x1259 ?x1272 ?x1276 ?x1372 ?x1379 ?x2421 ?x2195 ?x2186 ?x2492 ?x2710 ?x2701 ?x2827)))
 (let ((?x2290 (* (- 1) ?x2150)))
 (let ((?x2288 (* (- 1) ?x2020)))
 (let ((?x2287 (* (- 2) ?x2019)))
 (let ((?x2284 (* (- 2) ?x1747)))
 (let ((?x1034 (* z y00 y00)))
 (let ((?x1035 (* 2 ?x1034)))
 (let ((?x2281 (* (- 1) ?x1020)))
 (let ((?x2280 (* (- 18) ?x990)))
 (let ((?x2279 (* (- 3) ?x960)))
 (let ((?x2278 (* (- 2) ?x918)))
 (let ((?x892 (* x z z00)))
 (let ((?x893 (* 3 ?x892)))
 (let ((?x807 (* y z00 y00)))
 (let ((?x2277 (* (- 3) ?x770)))
 (let ((?x2276 (* 12 ?x718)))
 (let ((?x697 (* 3 ?x696)))
 (let ((?x2275 (* (- 60) ?x688)))
 (let ((?x2273 (* 48 ?x650)))
 (let ((?x625 (* 12 ?x624)))
 (let ((?x2271 (* 36 ?x562)))
 (let ((?x685 (* 6 ?x556)))
 (let ((?x524 (* x y)))
 (let ((?x526 (* 18 ?x524)))
 (let ((?x2268 (* 18 ?x505)))
 (let ((?x2267 (* 36 ?x499)))
 (let ((?x2266 (* (- 1) ?x135)))
 (let ((?x2265 (* 6 ?x105)))
 (let ((?x2223 (* 3 ?x76)))
 (let ((?x2041 (* 6 ?x50)))
 (let ((?x574 (+ ?x2041 ?x2223 ?x1809 ?x2265 ?x2266 ?x2267 ?x501 ?x2268 ?x526 (* (- 54) ?x530) ?x685 ?x2271 ?x604 ?x1810 ?x625 ?x2273 (* (- 36) ?x681) ?x2275 ?x697 ?x2276 ?x750 ?x2277 (* (- 3) (* z z00 x00)) ?x782 ?x807 ?x893 ?x2278 (* (- 18) ?x956) ?x2279 ?x2280 ?x2281 ?x1035 ?x2284 ?x2287 ?x2288 ?x2290)))
 (let ((?x487 (* (- 1) ?x50)))
 (let ((?x486 (* (- 12) y00)))
 (let ((?x485 (* (- 6) z00)))
 (let ((?x46 (* 6 z)))
 (let ((?x45 (* 12 y)))
 (let (($x489 (= (+ ?x45 ?x46 ?x485 ?x486 ?x487 ?x415) 0)))
 (let (($x1155 (not $x489)))
 (let (($x407 (= (+ z (* (- 6) n) (* (- 1) z00) (* 6 n00)) 0)))
 (let (($x921 (not $x407)))
 (let (($x1974 (or $x921 $x1155 (not (= ?x574 0)) (not (= ?x1888 0)) $x1763 (not (= ?x2422 0)) (not (= ?x845 0)))))
 (let ((?x879 (* 24 ?x624)))
 (let ((?x1399 (+ (* 10 ?x105) ?x201 (* (- 1) ?x212) ?x527 (* 108 ?x524) ?x974 ?x701 ?x576 ?x879 ?x1132 (* (- 120) ?x688) ?x769 (* (- 24) ?x718) ?x831 ?x1333 ?x1358 (* 18 ?x807) ?x866 ?x891 ?x939 ?x1119 (* (- 108) ?x956) ?x1232 ?x1299 ?x1096 ?x1156 ?x1182 ?x1259 ?x1272 ?x1276 ?x1372 ?x1379)))
 (let (($x1404 (= ?x1399 0)))
 (let ((?x961 (* 3 ?x960)))
 (let ((?x1023 (* 3 ?x770)))
 (let ((?x757 (* (- 1) ?x750)))
 (let ((?x682 (* 18 ?x681)))
 (let ((?x943 (* (- 36) ?x650)))
 (let ((?x593 (* (- 18) ?x562)))
 (let ((?x850 (* (- 6) ?x556)))
 (let ((?x531 (* 12 ?x530)))
 (let ((?x506 (* (- 18) ?x505)))
 (let ((?x528 (* (- 12) ?x499)))
 (let ((?x578 (* (- 72) y00)))
 (let ((?x71 (* 72 y)))
 (let ((?x1079 (+ ?x64 ?x71 ?x578 ?x635 (* (- 3) ?x105) ?x135 ?x528 ?x506 (* (- 18) ?x524) ?x531 ?x850 ?x593 ?x943 ?x682 (* 36 ?x688) (* (- 3) ?x696) (* 6 ?x718) ?x757 ?x1023 (* 3 (* z z00 x00)) (* (- 1) ?x807) (* (- 3) ?x892) (* 2 ?x918) (* 18 ?x956) ?x961 (* 18 ?x990) ?x1020 (* (- 2) ?x1034))))
 (let (($x1086 (= ?x1079 0)))
 (let ((?x668 (* (- 24) ?x650)))
 (let ((?x621 (* 18 ?x619)))
 (let ((?x824 (+ ?x64 ?x71 ?x578 ?x635 ?x103 (* (- 1) ?x105) ?x528 (* (- 1) ?x501) ?x531 ?x685 ?x593 ?x621 ?x625 ?x668 ?x682 (* 12 ?x688) (* (- 6) ?x718) ?x770 (* (- 18) ?x781))))
 (let (($x829 (= ?x824 0)))
 (let ((?x519 (* 6 ?x415)))
 (let (($x656 (= (+ ?x64 ?x71 ?x578 ?x508 ?x635 ?x76 ?x519 ?x500 ?x543 ?x557 ?x604) 0)))
 (let (($x391 (and $x407 $x489 $x656 $x829 $x1086 $x1404 $x1974)))
 (let ((?x2564 (+ 6 z)))
 (let ((?x1554 (* ?x2564 ?x2564)))
 (let ((?x2736 (* (- 18) z)))
 (let (($x2133 (= (* ?x223 ?x223 ?x237 (+ (- 36) ?x416 ?x43 ?x439 ?x2736 ?x49 ?x1554)) 0)))
 (let (($x2221 (not $x2133)))
 (let ((?x99 (* y00 z00 z00)))
 (let ((?x2059 (* (- 10) ?x99)))
 (let ((?x1446 (* 2 (* x00 z00 z00 z00))))
 (let ((?x196 (* y00 z00 z00 z00)))
 (let ((?x775 (* x00 z00 z00)))
 (let ((?x1488 (* (- 18) ?x775)))
 (let ((?x1925 (* (- 36) (* x00 y00 z00))))
 (let ((?x2123 (* y00 z00)))
 (let ((?x2463 (* 24 ?x2123)))
 (let ((?x161 (* y00 y00 z00 z00)))
 (let ((?x2326 (* (- 1) ?x161)))
 (let ((?x113 (* y00 y00 z00)))
 (let ((?x1928 (* (- 12) ?x113)))
 (let ((?x2586 (* x00 z00)))
 (let ((?x1162 (* 36 ?x2586)))
 (let ((?x1387 (* x00 y00)))
 (let ((?x1462 (* 216 ?x1387)))
 (let ((?x2764 (+ ?x1462 (* 108 (* ?x223 ?x237)) ?x1162 (* (- 2) (* z00 z00 z00 ?x237)) (* 18 (* z00 z00 ?x237)) ?x1928 ?x2326 (* 24 (* ?x223 ?x223)) (* 108 (* ?x237 ?x237)) (* (- 4) (* ?x223 ?x223 ?x223)) (* 18 (* y00 z00 ?x223)) ?x2463 (* (- 120) (* y00 ?x223)) (* (- 24) (* z00 ?x223)) ?x1096 (* (- 6) (* z00 ?x223 ?x223)) ?x1132 (* (- 12) (* y00 ?x223 ?x223)) ?x1925 (* (- 108) (* x00 ?x223)) ?x1488 (* (- 216) (* x00 ?x237)) ?x196 ?x1446 (* (- 216) (* y00 ?x237)) (* z00 z00 ?x223 ?x223) ?x2059 (* (- 36) (* z00 ?x237)) (* 36 (* y00 z00 ?x237)) (* 10 (* z00 z00 ?x223)) ?x1379 (* (- 1) (* z00 z00 z00 ?x223)))))
 (let (($x1956 (not (= ?x2764 0))))
 (let ((?x74 (* 108 x00)))
 (let ((?x1284 (* (- 72) z)))
 (let ((?x67 (* 72 y00)))
 (let ((?x786 (* (- 180) y)))
 (let ((?x1054 (* (- 108) x)))
 (let ((?x2095 (* (- 18) ?x2123)))
 (let ((?x1947 (* y00 ?x2564)))
 (let ((?x906 (* 12 ?x1947)))
 (let ((?x730 (* (- 6) ?x415)))
 (let ((?x1396 (+ (* 6 (* ?x2564 ?x223)) ?x55 ?x730 ?x906 ?x2095 ?x1054 ?x786 ?x67 (* 6 (* z00 ?x2564)) ?x1284 ?x74 (* (- 1) (* z00 z00 ?x2564)))))
 (let ((?x1059 (* z00 z00 ?x223)))
 (let ((?x1706 (* (- 1) ?x99)))
 (let ((?x2112 (* z00 ?x223)))
 (let ((?x2114 (* 6 ?x2112)))
 (let ((?x2325 (* (- 6) ?x2123)))
 (let ((?x1471 (* (- 12) ?x1947)))
 (let ((?x2088 (* x00 ?x2564)))
 (let ((?x2094 (* (- 18) ?x2088)))
 (let ((?x1753 (* (- 18) ?x2586)))
 (let ((?x1451 (* ?x2564 ?x237)))
 (let ((?x1851 (* 18 ?x1451)))
 (let ((?x983 (* ?x2564 ?x223)))
 (let ((?x2762 (* 12 ?x983)))
 (let ((?x672 (* y00 z00 ?x2564)))
 (let ((?x628 (+ ?x672 ?x2762 ?x1851 ?x1753 (* (- 12) (* ?x223 ?x223)) ?x652 ?x2094 ?x1471 ?x2325 (* (- 12) (* y00 ?x223)) ?x1054 ?x786 ?x67 ?x2114 ?x1284 ?x74 ?x1706 (* 18 (* z00 ?x237)) (* (- 1) (* z00 ?x2564 ?x223)) ?x1059)))
 (let ((?x2085 (* (- 3) ?x99)))
 (let ((?x575 (* (- 3) ?x775)))
 (let ((?x821 (* 36 ?x650)))
 (let ((?x2140 (* (- 6) ?x2112)))
 (let ((?x627 (* 6 ?x2123)))
 (let ((?x1004 (* y00 z00 ?x223)))
 (let ((?x2091 (* 18 ?x1387)))
 (let ((?x1672 (+ ?x2091 (* 18 (* ?x223 ?x237)) ?x1851 (* 3 (* z00 z00 ?x237)) ?x113 (* (- 3) (* x00 z00 ?x2564)) ?x1004 ?x1471 ?x627 (* (- 36) (* y00 ?x223)) ?x2140 ?x2762 (* 3 (* z00 ?x2564 ?x237)) (* (- 2) (* z00 ?x223 ?x223)) ?x821 ?x2094 (* (- 1) (* ?x2564 ?x223 ?x223)) (* (- 18) (* x00 ?x223)) ?x575 ?x1054 ?x786 ?x67 (* (- 18) (* y00 ?x237)) ?x1284 ?x74 (* (- 1) (* y00 ?x2564 ?x223)) ?x2085 (* 2 (* y00 y00 ?x2564)) (* 3 ?x1059))))
 (let (($x2311 (= (+ z (* (- 1) z00) (* (- 6) n) (* 6 n00)) 0)))
 (let (($x729 (not (= (+ ?x415 ?x486 ?x45 (* 18 z) ?x485 (* (- 1) ?x1554)) (- 36)))))
 (let (($x1552 (or $x729 (not $x2311) (not (= ?x1672 0)) (not (= ?x628 0)) (not (= ?x1396 0)) $x1956 $x2221)))
 (let ((?x1930 (* y x)))
 (let ((?x1931 (* 108 ?x1930)))
 (let ((?x910 (+ ?x1462 ?x1931 ?x1162 (* (- 2) (* z00 z00 z00 x)) (* 18 (* z00 z00 x)) ?x1928 ?x2326 ?x879 ?x891 ?x939 (* 18 (* y00 z00 y)) ?x2463 (* (- 120) (* y00 y)) (* (- 24) (* z00 y)) ?x1096 (* (- 6) (* z00 y y)) ?x1132 (* (- 12) (* y00 y y)) ?x1925 (* (- 108) (* x00 y)) ?x1488 (* (- 216) (* x00 x)) ?x196 ?x1446 (* (- 216) (* y00 x)) (* z00 z00 y y) ?x2059 (* (- 36) (* z00 x)) (* 36 (* y00 z00 x)) (* 10 (* z00 z00 y)) ?x1379 (* (- 1) (* z00 z00 z00 y)))))
 (let (($x915 (= ?x910 0)))
 (let ((?x606 (* (- 72) y)))
 (let ((?x2057 (* x00 y)))
 (let ((?x2289 (* (- 18) ?x2057)))
 (let ((?x1594 (* x00 z)))
 (let ((?x1817 (* (- 18) ?x1594)))
 (let ((?x1553 (* z y)))
 (let ((?x2438 (* 12 ?x1553)))
 (let ((?x1038 (* z00 y)))
 (let ((?x1093 (* (- 6) ?x1038)))
 (let ((?x1271 (* y00 z)))
 (let ((?x1317 (* (- 12) ?x1271)))
 (let ((?x1150 (* y00 z00 y)))
 (let ((?x1965 (* z x)))
 (let ((?x2439 (* 18 ?x1965)))
 (let ((?x946 (+ ?x2091 (* 18 ?x1930) ?x2439 (* 3 (* z00 z00 x)) ?x113 (* (- 3) (* x00 z00 z)) ?x1150 ?x1317 ?x627 (* (- 36) (* y00 y)) ?x1093 ?x2438 (* 3 (* z00 z x)) (* (- 2) (* z00 y y)) ?x821 ?x1817 (* (- 1) (* z y y)) ?x2289 ?x575 ?x1054 ?x67 (* (- 18) (* y00 x)) ?x606 ?x74 (* (- 1) (* y00 z y)) ?x2085 (* 2 (* y00 y00 z)) (* 3 (* z00 z00 y)))))
 (let ((?x1854 (* z00 z00 y)))
 (let ((?x1006 (* 6 ?x1038)))
 (let ((?x1288 (* y00 z00 z)))
 (let ((?x2432 (+ ?x1288 ?x2438 ?x2439 ?x1753 ?x1811 ?x652 ?x1817 ?x1317 ?x2325 (* (- 12) (* y00 y)) ?x1054 ?x67 ?x1006 ?x606 ?x74 ?x1706 (* 18 (* z00 x)) (* (- 1) (* z00 z y)) ?x1854)))
 (let ((?x1464 (* 12 ?x1271)))
 (let ((?x1463 (+ (* 6 ?x1553) ?x55 ?x730 ?x1464 ?x2095 ?x1054 ?x67 (* 6 (* z00 z)) ?x606 ?x74 (* (- 1) (* z00 z00 z)))))
 (let (($x833 (and $x2311 (= (+ ?x415 ?x486 ?x45 ?x46 ?x485 ?x487) 0) (= ?x1463 0) (= ?x2432 0) (= ?x946 0) $x915 $x1552)))
 (rewrite (= $x833 $x391)))))))))))))))))))))))))))))))))))))))))))))))))))))))))))))))))))))))))))))))))))))))))))))))))))))))))))))))))))))))))))))))))))))))))))))))))))))))))))))))))))))))))))))))))))))))))))))))))))))))))))))))))))))))))))))))))))))))))))))))))))))))))))))))))))))))))
 ))
 (let (($x366 (exists ((x Int) (y Int) (z Int) (n Int) )(! (let ((?x2564 (+ 6 z)))
 (let ((?x1554 (* ?x2564 ?x2564)))
 (let ((?x49 (* 6 z00)))
 (let ((?x2736 (* (- 18) z)))
 (let ((?x439 (* (- 12) y)))
 (let ((?x43 (* 12 y00)))
 (let ((?x415 (* z00 z00)))
 (let ((?x416 (* (- 1) ?x415)))
 (let ((?x237 (+ x y)))
 (let ((?x223 (+ y z)))
 (let (($x2133 (= (* ?x223 ?x223 ?x237 (+ (- 36) ?x416 ?x43 ?x439 ?x2736 ?x49 ?x1554)) 0)))
 (let (($x2221 (not $x2133)))
 (let ((?x1548 (* z00 ?x2564 ?x223)))
 (let ((?x99 (* y00 z00 z00)))
 (let ((?x635 (* (- 108) x00)))
 (let ((?x1458 (* 72 z)))
 (let ((?x2112 (* z00 ?x223)))
 (let ((?x2140 (* (- 6) ?x2112)))
 (let ((?x578 (* (- 72) y00)))
 (let ((?x1466 (* 180 y)))
 (let ((?x64 (* 108 x)))
 (let ((?x2123 (* y00 z00)))
 (let ((?x627 (* 6 ?x2123)))
 (let ((?x1947 (* y00 ?x2564)))
 (let ((?x906 (* 12 ?x1947)))
 (let ((?x2088 (* x00 ?x2564)))
 (let ((?x2089 (* 18 ?x2088)))
 (let ((?x650 (* y00 y00)))
 (let ((?x668 (* (- 24) ?x650)))
 (let ((?x2586 (* x00 z00)))
 (let ((?x2587 (* 18 ?x2586)))
 (let ((?x1451 (* ?x2564 ?x237)))
 (let ((?x588 (* (- 18) ?x1451)))
 (let ((?x983 (* ?x2564 ?x223)))
 (let ((?x1470 (* (- 12) ?x983)))
 (let ((?x1853 (+ (* (- 1) (* y00 z00 ?x2564)) ?x1470 ?x588 ?x2587 (* 12 (* ?x223 ?x223)) ?x668 ?x2089 ?x906 ?x627 (* 12 (* y00 ?x223)) ?x64 ?x1466 ?x578 ?x2140 ?x1458 ?x635 ?x99 (* (- 18) (* z00 ?x237)) ?x1548 (* (- 1) (* z00 z00 ?x223)))))
 (let ((?x1379 (* 108 (* x00 x00))))
 (let ((?x2059 (* (- 10) ?x99)))
 (let ((?x1446 (* 2 (* x00 z00 z00 z00))))
 (let ((?x196 (* y00 z00 z00 z00)))
 (let ((?x775 (* x00 z00 z00)))
 (let ((?x1488 (* (- 18) ?x775)))
 (let ((?x1925 (* (- 36) (* x00 y00 z00))))
 (let ((?x1132 (* 96 ?x650)))
 (let ((?x1096 (* 16 (* y00 y00 y00))))
 (let ((?x2463 (* 24 ?x2123)))
 (let ((?x161 (* y00 y00 z00 z00)))
 (let ((?x2326 (* (- 1) ?x161)))
 (let ((?x113 (* y00 y00 z00)))
 (let ((?x1928 (* (- 12) ?x113)))
 (let ((?x1162 (* 36 ?x2586)))
 (let ((?x1387 (* x00 y00)))
 (let ((?x1462 (* 216 ?x1387)))
 (let ((?x2764 (+ ?x1462 (* 108 (* ?x223 ?x237)) ?x1162 (* (- 2) (* z00 z00 z00 ?x237)) (* 18 (* z00 z00 ?x237)) ?x1928 ?x2326 (* 24 (* ?x223 ?x223)) (* 108 (* ?x237 ?x237)) (* (- 4) (* ?x223 ?x223 ?x223)) (* 18 (* y00 z00 ?x223)) ?x2463 (* (- 120) (* y00 ?x223)) (* (- 24) ?x2112) ?x1096 (* (- 6) (* z00 ?x223 ?x223)) ?x1132 (* (- 12) (* y00 ?x223 ?x223)) ?x1925 (* (- 108) (* x00 ?x223)) ?x1488 (* (- 216) (* x00 ?x237)) ?x196 ?x1446 (* (- 216) (* y00 ?x237)) (* z00 z00 ?x223 ?x223) ?x2059 (* (- 36) (* z00 ?x237)) (* 36 (* y00 z00 ?x237)) (* 10 (* z00 z00 ?x223)) ?x1379 (* (- 1) (* z00 z00 z00 ?x223)))))
 (let (($x1956 (not (= ?x2764 0))))
 (let ((?x1320 (* 3 ?x99)))
 (let ((?x560 (* y00 ?x2564 ?x223)))
 (let ((?x777 (* 3 ?x775)))
 (let ((?x1499 (* ?x2564 ?x223 ?x223)))
 (let ((?x943 (* (- 36) ?x650)))
 (let ((?x2114 (* 6 ?x2112)))
 (let ((?x2325 (* (- 6) ?x2123)))
 (let ((?x1136 (* (- 1) ?x113)))
 (let ((?x1388 (* (- 18) ?x1387)))
 (let ((?x2056 (+ ?x1388 (* (- 18) (* ?x223 ?x237)) ?x588 (* (- 3) (* z00 z00 ?x237)) ?x1136 (* 3 (* x00 z00 ?x2564)) (* (- 1) (* y00 z00 ?x223)) ?x906 ?x2325 (* 36 (* y00 ?x223)) ?x2114 ?x1470 (* (- 3) (* z00 ?x2564 ?x237)) (* 2 (* z00 ?x223 ?x223)) ?x943 ?x2089 ?x1499 (* 18 (* x00 ?x223)) ?x777 ?x64 ?x1466 ?x578 (* 18 (* y00 ?x237)) ?x1458 ?x635 ?x560 ?x1320 (* (- 2) (* y00 y00 ?x2564)) (* (- 3) (* z00 z00 ?x223)))))
 (let ((?x1723 (* z00 z00 ?x2564)))
 (let ((?x2124 (* 18 ?x2123)))
 (let ((?x1471 (* (- 12) ?x1947)))
 (let ((?x519 (* 6 ?x415)))
 (let ((?x55 (* z00 z00 z00)))
 (let ((?x508 (* (- 1) ?x55)))
 (let ((?x2228 (+ (* (- 6) ?x983) ?x508 ?x519 ?x1471 ?x2124 ?x64 ?x1466 ?x578 (* (- 6) (* z00 ?x2564)) ?x1458 ?x635 ?x1723)))
 (let (($x1251 (= (+ (* (- 1) z) z00 (* 6 n) (* (- 6) n00)) 0)))
 (let (($x2303 (or (not $x1251) (not (= (+ ?x416 ?x43 ?x439 ?x2736 ?x49 ?x1554) 36)) (not (= ?x2228 0)) (not (= ?x2056 0)) $x1956 (not (= ?x1853 0)) $x2221)))
 (let ((?x939 (* (- 4) (* y y y))))
 (let ((?x891 (* 108 (* x x))))
 (let ((?x624 (* y y)))
 (let ((?x879 (* 24 ?x624)))
 (let ((?x1930 (* y x)))
 (let ((?x1931 (* 108 ?x1930)))
 (let ((?x910 (+ ?x1462 ?x1931 ?x1162 (* (- 2) (* z00 z00 z00 x)) (* 18 (* z00 z00 x)) ?x1928 ?x2326 ?x879 ?x891 ?x939 (* 18 (* y00 z00 y)) ?x2463 (* (- 120) (* y00 y)) (* (- 24) (* z00 y)) ?x1096 (* (- 6) (* z00 y y)) ?x1132 (* (- 12) (* y00 y y)) ?x1925 (* (- 108) (* x00 y)) ?x1488 (* (- 216) (* x00 x)) ?x196 ?x1446 (* (- 216) (* y00 x)) (* z00 z00 y y) ?x2059 (* (- 36) (* z00 x)) (* 36 (* y00 z00 x)) (* 10 (* z00 z00 y)) ?x1379 (* (- 1) (* z00 z00 z00 y)))))
 (let (($x915 (= ?x910 0)))
 (let ((?x1394 (* y00 z y)))
 (let ((?x71 (* 72 y)))
 (let ((?x642 (* z y y)))
 (let ((?x1594 (* x00 z)))
 (let ((?x895 (* 18 ?x1594)))
 (let ((?x1553 (* z y)))
 (let ((?x1815 (* (- 12) ?x1553)))
 (let ((?x1038 (* z00 y)))
 (let ((?x1006 (* 6 ?x1038)))
 (let ((?x1271 (* y00 z)))
 (let ((?x1464 (* 12 ?x1271)))
 (let ((?x1965 (* z x)))
 (let ((?x1187 (* (- 18) ?x1965)))
 (let ((?x1708 (+ ?x1388 (* (- 18) ?x1930) ?x1187 (* (- 3) (* z00 z00 x)) ?x1136 (* 3 (* x00 z00 z)) (* (- 1) (* y00 z00 y)) ?x1464 ?x2325 (* 36 (* y00 y)) ?x1006 ?x1815 (* (- 3) (* z00 z x)) (* 2 (* z00 y y)) ?x943 ?x895 ?x642 (* 18 (* x00 y)) ?x777 ?x64 ?x578 (* 18 (* y00 x)) ?x71 ?x635 ?x1394 ?x1320 (* (- 2) (* y00 y00 z)) (* (- 3) (* z00 z00 y)))))
 (let ((?x1648 (* z00 z y)))
 (let ((?x1093 (* (- 6) ?x1038)))
 (let ((?x625 (* 12 ?x624)))
 (let ((?x1972 (+ (* (- 1) (* y00 z00 z)) ?x1815 ?x1187 ?x2587 ?x625 ?x668 ?x895 ?x1464 ?x627 (* 12 (* y00 y)) ?x64 ?x578 ?x1093 ?x71 ?x635 ?x99 (* (- 18) (* z00 x)) ?x1648 (* (- 1) (* z00 z00 y)))))
 (let ((?x773 (* z00 z00 z)))
 (let ((?x1317 (* (- 12) ?x1271)))
 (let ((?x793 (+ (* (- 6) ?x1553) ?x508 ?x519 ?x1317 ?x2124 ?x64 ?x578 (* (- 6) (* z00 z)) ?x71 ?x635 ?x773)))
 (and $x1251 (= (+ ?x416 ?x43 ?x439 (* (- 6) z) ?x49 (* z z)) 0) (= ?x793 0) (= ?x1972 0) (= ?x1708 0) $x915 $x2303)))))))))))))))))))))))))))))))))))))))))))))))))))))))))))))))))))))))))))))))))))))))))))))))))))))))) :qid k!44))
 ))
 (let ((?x679 (lambda ((x Int) (y Int) (z Int) (n Int) )(let ((?x2564 (+ 6 z)))
 (let ((?x1554 (* ?x2564 ?x2564)))
 (let ((?x49 (* 6 z00)))
 (let ((?x2736 (* (- 18) z)))
 (let ((?x439 (* (- 12) y)))
 (let ((?x43 (* 12 y00)))
 (let ((?x415 (* z00 z00)))
 (let ((?x416 (* (- 1) ?x415)))
 (let ((?x237 (+ x y)))
 (let ((?x223 (+ y z)))
 (let (($x2133 (= (* ?x223 ?x223 ?x237 (+ (- 36) ?x416 ?x43 ?x439 ?x2736 ?x49 ?x1554)) 0)))
 (let (($x2221 (not $x2133)))
 (let ((?x1379 (* 108 (* x00 x00))))
 (let ((?x99 (* y00 z00 z00)))
 (let ((?x2059 (* (- 10) ?x99)))
 (let ((?x1446 (* 2 (* x00 z00 z00 z00))))
 (let ((?x196 (* y00 z00 z00 z00)))
 (let ((?x775 (* x00 z00 z00)))
 (let ((?x1488 (* (- 18) ?x775)))
 (let ((?x1925 (* (- 36) (* x00 y00 z00))))
 (let ((?x650 (* y00 y00)))
 (let ((?x1132 (* 96 ?x650)))
 (let ((?x1096 (* 16 (* y00 y00 y00))))
 (let ((?x2123 (* y00 z00)))
 (let ((?x2463 (* 24 ?x2123)))
 (let ((?x161 (* y00 y00 z00 z00)))
 (let ((?x2326 (* (- 1) ?x161)))
 (let ((?x113 (* y00 y00 z00)))
 (let ((?x1928 (* (- 12) ?x113)))
 (let ((?x2586 (* x00 z00)))
 (let ((?x1162 (* 36 ?x2586)))
 (let ((?x1387 (* x00 y00)))
 (let ((?x1462 (* 216 ?x1387)))
 (let ((?x2764 (+ ?x1462 (* 108 (* ?x223 ?x237)) ?x1162 (* (- 2) (* z00 z00 z00 ?x237)) (* 18 (* z00 z00 ?x237)) ?x1928 ?x2326 (* 24 (* ?x223 ?x223)) (* 108 (* ?x237 ?x237)) (* (- 4) (* ?x223 ?x223 ?x223)) (* 18 (* y00 z00 ?x223)) ?x2463 (* (- 120) (* y00 ?x223)) (* (- 24) (* z00 ?x223)) ?x1096 (* (- 6) (* z00 ?x223 ?x223)) ?x1132 (* (- 12) (* y00 ?x223 ?x223)) ?x1925 (* (- 108) (* x00 ?x223)) ?x1488 (* (- 216) (* x00 ?x237)) ?x196 ?x1446 (* (- 216) (* y00 ?x237)) (* z00 z00 ?x223 ?x223) ?x2059 (* (- 36) (* z00 ?x237)) (* 36 (* y00 z00 ?x237)) (* 10 (* z00 z00 ?x223)) ?x1379 (* (- 1) (* z00 z00 z00 ?x223)))))
 (let (($x1956 (not (= ?x2764 0))))
 (let ((?x74 (* 108 x00)))
 (let ((?x1284 (* (- 72) z)))
 (let ((?x67 (* 72 y00)))
 (let ((?x786 (* (- 180) y)))
 (let ((?x1054 (* (- 108) x)))
 (let ((?x2095 (* (- 18) ?x2123)))
 (let ((?x1947 (* y00 ?x2564)))
 (let ((?x906 (* 12 ?x1947)))
 (let ((?x730 (* (- 6) ?x415)))
 (let ((?x55 (* z00 z00 z00)))
 (let ((?x1396 (+ (* 6 (* ?x2564 ?x223)) ?x55 ?x730 ?x906 ?x2095 ?x1054 ?x786 ?x67 (* 6 (* z00 ?x2564)) ?x1284 ?x74 (* (- 1) (* z00 z00 ?x2564)))))
 (let ((?x1059 (* z00 z00 ?x223)))
 (let ((?x1706 (* (- 1) ?x99)))
 (let ((?x2112 (* z00 ?x223)))
 (let ((?x2114 (* 6 ?x2112)))
 (let ((?x2325 (* (- 6) ?x2123)))
 (let ((?x1471 (* (- 12) ?x1947)))
 (let ((?x2088 (* x00 ?x2564)))
 (let ((?x2094 (* (- 18) ?x2088)))
 (let ((?x652 (* 24 ?x650)))
 (let ((?x1753 (* (- 18) ?x2586)))
 (let ((?x1451 (* ?x2564 ?x237)))
 (let ((?x1851 (* 18 ?x1451)))
 (let ((?x983 (* ?x2564 ?x223)))
 (let ((?x2762 (* 12 ?x983)))
 (let ((?x672 (* y00 z00 ?x2564)))
 (let ((?x628 (+ ?x672 ?x2762 ?x1851 ?x1753 (* (- 12) (* ?x223 ?x223)) ?x652 ?x2094 ?x1471 ?x2325 (* (- 12) (* y00 ?x223)) ?x1054 ?x786 ?x67 ?x2114 ?x1284 ?x74 ?x1706 (* 18 (* z00 ?x237)) (* (- 1) (* z00 ?x2564 ?x223)) ?x1059)))
 (let ((?x2085 (* (- 3) ?x99)))
 (let ((?x575 (* (- 3) ?x775)))
 (let ((?x821 (* 36 ?x650)))
 (let ((?x2140 (* (- 6) ?x2112)))
 (let ((?x627 (* 6 ?x2123)))
 (let ((?x1004 (* y00 z00 ?x223)))
 (let ((?x2091 (* 18 ?x1387)))
 (let ((?x1672 (+ ?x2091 (* 18 (* ?x223 ?x237)) ?x1851 (* 3 (* z00 z00 ?x237)) ?x113 (* (- 3) (* x00 z00 ?x2564)) ?x1004 ?x1471 ?x627 (* (- 36) (* y00 ?x223)) ?x2140 ?x2762 (* 3 (* z00 ?x2564 ?x237)) (* (- 2) (* z00 ?x223 ?x223)) ?x821 ?x2094 (* (- 1) (* ?x2564 ?x223 ?x223)) (* (- 18) (* x00 ?x223)) ?x575 ?x1054 ?x786 ?x67 (* (- 18) (* y00 ?x237)) ?x1284 ?x74 (* (- 1) (* y00 ?x2564 ?x223)) ?x2085 (* 2 (* y00 y00 ?x2564)) (* 3 ?x1059))))
 (let (($x2311 (= (+ z (* (- 1) z00) (* (- 6) n) (* 6 n00)) 0)))
 (let ((?x485 (* (- 6) z00)))
 (let ((?x45 (* 12 y)))
 (let ((?x486 (* (- 12) y00)))
 (let (($x729 (not (= (+ ?x415 ?x486 ?x45 (* 18 z) ?x485 (* (- 1) ?x1554)) (- 36)))))
 (let (($x1552 (or $x729 (not $x2311) (not (= ?x1672 0)) (not (= ?x628 0)) (not (= ?x1396 0)) $x1956 $x2221)))
 (let ((?x939 (* (- 4) (* y y y))))
 (let ((?x891 (* 108 (* x x))))
 (let ((?x624 (* y y)))
 (let ((?x879 (* 24 ?x624)))
 (let ((?x1930 (* y x)))
 (let ((?x1931 (* 108 ?x1930)))
 (let ((?x910 (+ ?x1462 ?x1931 ?x1162 (* (- 2) (* z00 z00 z00 x)) (* 18 (* z00 z00 x)) ?x1928 ?x2326 ?x879 ?x891 ?x939 (* 18 (* y00 z00 y)) ?x2463 (* (- 120) (* y00 y)) (* (- 24) (* z00 y)) ?x1096 (* (- 6) (* z00 y y)) ?x1132 (* (- 12) (* y00 y y)) ?x1925 (* (- 108) (* x00 y)) ?x1488 (* (- 216) (* x00 x)) ?x196 ?x1446 (* (- 216) (* y00 x)) (* z00 z00 y y) ?x2059 (* (- 36) (* z00 x)) (* 36 (* y00 z00 x)) (* 10 (* z00 z00 y)) ?x1379 (* (- 1) (* z00 z00 z00 y)))))
 (let (($x915 (= ?x910 0)))
 (let ((?x606 (* (- 72) y)))
 (let ((?x2057 (* x00 y)))
 (let ((?x2289 (* (- 18) ?x2057)))
 (let ((?x1594 (* x00 z)))
 (let ((?x1817 (* (- 18) ?x1594)))
 (let ((?x1553 (* z y)))
 (let ((?x2438 (* 12 ?x1553)))
 (let ((?x1038 (* z00 y)))
 (let ((?x1093 (* (- 6) ?x1038)))
 (let ((?x1271 (* y00 z)))
 (let ((?x1317 (* (- 12) ?x1271)))
 (let ((?x1150 (* y00 z00 y)))
 (let ((?x1965 (* z x)))
 (let ((?x2439 (* 18 ?x1965)))
 (let ((?x946 (+ ?x2091 (* 18 ?x1930) ?x2439 (* 3 (* z00 z00 x)) ?x113 (* (- 3) (* x00 z00 z)) ?x1150 ?x1317 ?x627 (* (- 36) (* y00 y)) ?x1093 ?x2438 (* 3 (* z00 z x)) (* (- 2) (* z00 y y)) ?x821 ?x1817 (* (- 1) (* z y y)) ?x2289 ?x575 ?x1054 ?x67 (* (- 18) (* y00 x)) ?x606 ?x74 (* (- 1) (* y00 z y)) ?x2085 (* 2 (* y00 y00 z)) (* 3 (* z00 z00 y)))))
 (let ((?x1854 (* z00 z00 y)))
 (let ((?x1006 (* 6 ?x1038)))
 (let ((?x1811 (* (- 12) ?x624)))
 (let ((?x1288 (* y00 z00 z)))
 (let ((?x2432 (+ ?x1288 ?x2438 ?x2439 ?x1753 ?x1811 ?x652 ?x1817 ?x1317 ?x2325 (* (- 12) (* y00 y)) ?x1054 ?x67 ?x1006 ?x606 ?x74 ?x1706 (* 18 (* z00 x)) (* (- 1) (* z00 z y)) ?x1854)))
 (let ((?x1464 (* 12 ?x1271)))
 (let ((?x1463 (+ (* 6 ?x1553) ?x55 ?x730 ?x1464 ?x2095 ?x1054 ?x67 (* 6 (* z00 z)) ?x606 ?x74 (* (- 1) (* z00 z00 z)))))
 (let (($x1968 (= (+ ?x415 ?x486 ?x45 (* 6 z) ?x485 (* (- 1) (* z z))) 0)))
 (let (($x833 (and $x2311 $x1968 (= ?x1463 0) (= ?x2432 0) (= ?x946 0) $x915 $x1552)))
 (let ((?x1548 (* z00 ?x2564 ?x223)))
 (let ((?x635 (* (- 108) x00)))
 (let ((?x1458 (* 72 z)))
 (let ((?x578 (* (- 72) y00)))
 (let ((?x1466 (* 180 y)))
 (let ((?x64 (* 108 x)))
 (let ((?x2089 (* 18 ?x2088)))
 (let ((?x668 (* (- 24) ?x650)))
 (let ((?x2587 (* 18 ?x2586)))
 (let ((?x588 (* (- 18) ?x1451)))
 (let ((?x1470 (* (- 12) ?x983)))
 (let ((?x1853 (+ (* (- 1) ?x672) ?x1470 ?x588 ?x2587 (* 12 (* ?x223 ?x223)) ?x668 ?x2089 ?x906 ?x627 (* 12 (* y00 ?x223)) ?x64 ?x1466 ?x578 ?x2140 ?x1458 ?x635 ?x99 (* (- 18) (* z00 ?x237)) ?x1548 (* (- 1) ?x1059))))
 (let ((?x1320 (* 3 ?x99)))
 (let ((?x560 (* y00 ?x2564 ?x223)))
 (let ((?x777 (* 3 ?x775)))
 (let ((?x1499 (* ?x2564 ?x223 ?x223)))
 (let ((?x943 (* (- 36) ?x650)))
 (let ((?x1136 (* (- 1) ?x113)))
 (let ((?x1388 (* (- 18) ?x1387)))
 (let ((?x2056 (+ ?x1388 (* (- 18) (* ?x223 ?x237)) ?x588 (* (- 3) (* z00 z00 ?x237)) ?x1136 (* 3 (* x00 z00 ?x2564)) (* (- 1) ?x1004) ?x906 ?x2325 (* 36 (* y00 ?x223)) ?x2114 ?x1470 (* (- 3) (* z00 ?x2564 ?x237)) (* 2 (* z00 ?x223 ?x223)) ?x943 ?x2089 ?x1499 (* 18 (* x00 ?x223)) ?x777 ?x64 ?x1466 ?x578 (* 18 (* y00 ?x237)) ?x1458 ?x635 ?x560 ?x1320 (* (- 2) (* y00 y00 ?x2564)) (* (- 3) ?x1059))))
 (let ((?x1723 (* z00 z00 ?x2564)))
 (let ((?x2124 (* 18 ?x2123)))
 (let ((?x519 (* 6 ?x415)))
 (let ((?x508 (* (- 1) ?x55)))
 (let ((?x2228 (+ (* (- 6) ?x983) ?x508 ?x519 ?x1471 ?x2124 ?x64 ?x1466 ?x578 (* (- 6) (* z00 ?x2564)) ?x1458 ?x635 ?x1723)))
 (let (($x1251 (= (+ (* (- 1) z) z00 (* 6 n) (* (- 6) n00)) 0)))
 (let (($x2303 (or (not $x1251) (not (= (+ ?x416 ?x43 ?x439 ?x2736 ?x49 ?x1554) 36)) (not (= ?x2228 0)) (not (= ?x2056 0)) $x1956 (not (= ?x1853 0)) $x2221)))
 (let ((?x1394 (* y00 z y)))
 (let ((?x71 (* 72 y)))
 (let ((?x642 (* z y y)))
 (let ((?x895 (* 18 ?x1594)))
 (let ((?x1815 (* (- 12) ?x1553)))
 (let ((?x1187 (* (- 18) ?x1965)))
 (let ((?x1708 (+ ?x1388 (* (- 18) ?x1930) ?x1187 (* (- 3) (* z00 z00 x)) ?x1136 (* 3 (* x00 z00 z)) (* (- 1) ?x1150) ?x1464 ?x2325 (* 36 (* y00 y)) ?x1006 ?x1815 (* (- 3) (* z00 z x)) (* 2 (* z00 y y)) ?x943 ?x895 ?x642 (* 18 ?x2057) ?x777 ?x64 ?x578 (* 18 (* y00 x)) ?x71 ?x635 ?x1394 ?x1320 (* (- 2) (* y00 y00 z)) (* (- 3) ?x1854))))
 (let ((?x1648 (* z00 z y)))
 (let ((?x625 (* 12 ?x624)))
 (let ((?x1972 (+ (* (- 1) ?x1288) ?x1815 ?x1187 ?x2587 ?x625 ?x668 ?x895 ?x1464 ?x627 (* 12 (* y00 y)) ?x64 ?x578 ?x1093 ?x71 ?x635 ?x99 (* (- 18) (* z00 x)) ?x1648 (* (- 1) ?x1854))))
 (let ((?x773 (* z00 z00 z)))
 (let ((?x793 (+ (* (- 6) ?x1553) ?x508 ?x519 ?x1317 ?x2124 ?x64 ?x578 (* (- 6) (* z00 z)) ?x71 ?x635 ?x773)))
 (let (($x2795 (and $x1251 (= (+ ?x416 ?x43 ?x439 (* (- 6) z) ?x49 (* z z)) 0) (= ?x793 0) (= ?x1972 0) (= ?x1708 0) $x915 $x2303)))
 (rewrite (= $x2795 $x833)))))))))))))))))))))))))))))))))))))))))))))))))))))))))))))))))))))))))))))))))))))))))))))))))))))))))))))))))))))))))))))))))))))))))))))))))))))))
 ))
 (let (($x362 (exists ((x Int) (y Int) (z Int) (n Int) )(! (let ((?x49 (* 6 z00)))
 (let ((?x43 (* 12 y00)))
 (let ((?x44 (+ (* (- 1) z00 z00) ?x43)))
 (let ((?x229 (+ (- (- ?x44 (* 12 (+ y z))) (* 6 (+ z 6))) ?x49 (* (+ z 6) (+ z 6)))))
 (let ((?x223 (+ y z)))
 (let ((?x237 (+ x y)))
 (let ((?x210 (* 108 x00 x00)))
 (let ((?x204 (* 10 y00 z00 z00)))
 (let ((?x197 (* 2 x00 z00 z00 z00)))
 (let ((?x196 (* y00 z00 z00 z00)))
 (let ((?x189 (* 18 x00 z00 z00)))
 (let ((?x187 (* 36 x00 y00 z00)))
 (let ((?x184 (* 96 y00 y00)))
 (let ((?x179 (* 16 y00 y00 y00)))
 (let ((?x171 (* 24 y00 z00)))
 (let ((?x161 (* y00 y00 z00 z00)))
 (let ((?x160 (* 12 y00 y00 z00)))
 (let ((?x313 (- (+ (* 216 x00 y00) (* 108 ?x237 ?x223) (* 36 x00 z00)) (* 2 ?x237 z00 z00 z00))))
 (let ((?x320 (+ (- (- (+ ?x313 (* 18 ?x237 z00 z00)) ?x160) ?x161) (* 24 ?x223 ?x223) (* 108 ?x237 ?x237))))
 (let ((?x324 (+ (- ?x320 (* 4 ?x223 ?x223 ?x223)) (* 18 ?x223 y00 z00) ?x171)))
 (let ((?x331 (- (+ (- (- ?x324 (* 120 ?x223 y00)) (* 24 ?x223 z00)) ?x179) (* 6 ?x223 ?x223 z00))))
 (let ((?x338 (- (- (- (+ ?x331 ?x184) (* 12 ?x223 ?x223 y00)) ?x187) (* 108 x00 ?x223))))
 (let ((?x343 (- (+ (- (- ?x338 ?x189) (* 216 ?x237 x00)) ?x196 ?x197) (* 216 ?x237 y00))))
 (let ((?x348 (- (- (+ ?x343 (* ?x223 ?x223 z00 z00)) ?x204) (* 36 ?x237 z00))))
 (let ((?x353 (- (+ ?x348 (* 36 ?x237 y00 z00) (* 10 ?x223 z00 z00) ?x210) (* ?x223 z00 z00 z00))))
 (let ((?x144 (* 3 y00 z00 z00)))
 (let ((?x74 (* 108 x00)))
 (let ((?x243 (* 72 ?x223)))
 (let ((?x67 (* 72 y00)))
 (let ((?x238 (* 108 ?x237)))
 (let ((?x137 (* 3 x00 z00 z00)))
 (let ((?x215 (+ z 6)))
 (let ((?x258 (* 18 x00 ?x215)))
 (let ((?x133 (* 36 y00 y00)))
 (let ((?x251 (* 12 ?x223 ?x215)))
 (let ((?x261 (* 6 ?x223 z00)))
 (let ((?x91 (* 6 y00 z00)))
 (let ((?x235 (* 12 y00 ?x215)))
 (let ((?x113 (* y00 y00 z00)))
 (let ((?x252 (* 18 ?x237 ?x215)))
 (let ((?x279 (- (- (- (* (- 18) x00 y00) (* 18 ?x237 ?x223)) ?x252) (* 3 ?x237 z00 z00))))
 (let ((?x284 (- (+ (- ?x279 ?x113) (* 3 x00 ?x215 z00)) (* ?x223 y00 z00))))
 (let ((?x291 (- (- (+ (- (+ ?x284 ?x235) ?x91) (* 36 ?x223 y00) ?x261) ?x251) (* 3 ?x237 ?x215 z00))))
 (let ((?x297 (+ (- (+ ?x291 (* 2 ?x223 ?x223 z00)) ?x133) ?x258 (* ?x223 ?x223 ?x215) (* 18 x00 ?x223) ?x137 ?x238)))
 (let ((?x303 (+ (- (+ (- ?x297 ?x67) (* 18 ?x237 y00) ?x243) ?x74) (* ?x223 y00 ?x215) ?x144)))
 (let (($x308 (= (- (- ?x303 (* 2 y00 y00 ?x215)) (* 3 ?x223 z00 z00)) 0)))
 (let ((?x99 (* y00 z00 z00)))
 (let ((?x88 (* 24 y00 y00)))
 (let ((?x84 (* 18 x00 z00)))
 (let ((?x256 (+ (- (- (* (- 1) y00 ?x215 z00) ?x251) ?x252) ?x84 (* 12 ?x223 ?x223))))
 (let ((?x262 (- (+ (- ?x256 ?x88) ?x258 ?x235 ?x91 (* 12 ?x223 y00) ?x238) ?x67)))
 (let ((?x270 (+ (- (+ (- (+ (- ?x262 ?x261) ?x243) ?x74) ?x99) (* 18 ?x237 z00)) (* ?x223 ?x215 z00))))
 (let ((?x62 (* 18 y00 z00)))
 (let ((?x57 (* 6 z00 z00)))
 (let ((?x236 (- (+ (- (* (- 6) ?x223 ?x215) (* z00 z00 z00)) ?x57) ?x235)))
 (let ((?x245 (- (+ (- (- (+ ?x236 ?x62 ?x238) ?x67) (* 6 ?x215 z00)) ?x243) ?x74)))
 (let ((?x36 (* 6 n00)))
 (let (($x221 (= (- (+ (* (- 1) ?x215) z00 (* 6 (+ n 1))) ?x36) 0)))
 (let (($x360 (or (not $x221) (not (= ?x229 0)) (not (= (+ ?x245 (* ?x215 z00 z00)) 0)) (not (= (- ?x270 (* ?x223 z00 z00)) 0)) (not $x308) (not (= ?x353 0)) (not (= (* 8 ?x237 ?x223 ?x223 ?x229) 0)))))
 (let ((?x212 (* y z00 z00 z00)))
 (let ((?x201 (* y y z00 z00)))
 (let ((?x157 (- (+ (* 216 x00 y00) (* 108 x y) (* 36 x00 z00)) (* 2 x z00 z00 z00))))
 (let ((?x166 (+ (- (- (+ ?x157 (* 18 x z00 z00)) ?x160) ?x161) (* 24 y y) (* 108 x x))))
 (let ((?x172 (+ (- ?x166 (* 4 y y y)) (* 18 y y00 z00) ?x171)))
 (let ((?x182 (- (+ (- (- ?x172 (* 120 y y00)) (* 24 y z00)) ?x179) (* 6 y y z00))))
 (let ((?x193 (- (- (- (+ ?x182 ?x184) (* 12 y y y00)) ?x187) (* 108 x00 y))))
 (let ((?x200 (- (+ (- (- ?x193 ?x189) (* 216 x x00)) ?x196 ?x197) (* 216 x y00))))
 (let ((?x211 (+ (- (- (+ ?x200 ?x201) ?x204) (* 36 x z00)) (* 36 x y00 z00) (* 10 y z00 z00) ?x210)))
 (let ((?x71 (* 72 y)))
 (let ((?x64 (* 108 x)))
 (let ((?x135 (* y y z)))
 (let ((?x90 (* 18 x00 z)))
 (let ((?x80 (* 12 y z)))
 (let ((?x94 (* 6 y z00)))
 (let ((?x59 (* 12 y00 z)))
 (let ((?x120 (* y y00 z00)))
 (let ((?x81 (* 18 x z)))
 (let ((?x116 (- (- (- (* (- 18) x00 y00) (* 18 x y)) ?x81) (* 3 x z00 z00))))
 (let ((?x123 (- (+ (- (+ (- ?x116 ?x113) (* 3 x00 z z00)) ?x120) ?x59) ?x91)))
 (let ((?x129 (- (- (+ ?x123 (* 36 y y00) ?x94) ?x80) (* 3 x z z00))))
 (let ((?x138 (+ (- (+ ?x129 (* 2 y y z00)) ?x133) ?x90 ?x135 (* 18 x00 y) ?x137 ?x64)))
 (let ((?x145 (+ (- (+ (- ?x138 ?x67) (* 18 x y00) ?x71) ?x74) (* y y00 z) ?x144)))
 (let (($x150 (= (- (- ?x145 (* 2 y00 y00 z)) (* 3 y z00 z00)) 0)))
 (let ((?x105 (* y z00 z00)))
 (let ((?x103 (* y z z00)))
 (let ((?x86 (+ (- (- (* (- 1) y00 z z00) ?x80) ?x81) ?x84 (* 12 y y))))
 (let ((?x95 (- (+ (- ?x86 ?x88) ?x90 ?x59 ?x91 (* 12 y y00) ?x64) ?x67)))
 (let ((?x104 (+ (- (+ (- (+ (- ?x95 ?x94) ?x71) ?x74) ?x99) (* 18 x z00)) ?x103)))
 (let ((?x76 (* z z00 z00)))
 (let ((?x60 (- (+ (- (* (- 6) y z) (* z00 z00 z00)) ?x57) ?x59)))
 (let ((?x75 (- (+ (- (- (+ ?x60 ?x62 ?x64) ?x67) (* 6 z z00)) ?x71) ?x74)))
 (let (($x52 (= (+ (- (- ?x44 (* 12 y)) (* 6 z)) ?x49 (* z z)) 0)))
 (and (= (- (+ (* (- 1) z) z00 (* 6 n)) ?x36) 0) $x52 (= (+ ?x75 ?x76) 0) (= (- ?x104 ?x105) 0) $x150 (= (- ?x211 ?x212) 0) $x360))))))))))))))))))))))))))))))))))))))))))))))))))))))))))))))))))))))))))))))))))))))))))))) :qid k!44))
 ))
 (let ((?x923 (lambda ((x Int) (y Int) (z Int) (n Int) )(let ((?x2564 (+ 6 z)))
 (let ((?x1554 (* ?x2564 ?x2564)))
 (let ((?x49 (* 6 z00)))
 (let ((?x2736 (* (- 18) z)))
 (let ((?x439 (* (- 12) y)))
 (let ((?x43 (* 12 y00)))
 (let ((?x415 (* z00 z00)))
 (let ((?x416 (* (- 1) ?x415)))
 (let ((?x237 (+ x y)))
 (let ((?x223 (+ y z)))
 (let (($x2133 (= (* ?x223 ?x223 ?x237 (+ (- 36) ?x416 ?x43 ?x439 ?x2736 ?x49 ?x1554)) 0)))
 (let (($x2221 (not $x2133)))
 (let ((?x1548 (* z00 ?x2564 ?x223)))
 (let ((?x99 (* y00 z00 z00)))
 (let ((?x635 (* (- 108) x00)))
 (let ((?x1458 (* 72 z)))
 (let ((?x2112 (* z00 ?x223)))
 (let ((?x2140 (* (- 6) ?x2112)))
 (let ((?x578 (* (- 72) y00)))
 (let ((?x1466 (* 180 y)))
 (let ((?x64 (* 108 x)))
 (let ((?x2123 (* y00 z00)))
 (let ((?x627 (* 6 ?x2123)))
 (let ((?x1947 (* y00 ?x2564)))
 (let ((?x906 (* 12 ?x1947)))
 (let ((?x2088 (* x00 ?x2564)))
 (let ((?x2089 (* 18 ?x2088)))
 (let ((?x650 (* y00 y00)))
 (let ((?x668 (* (- 24) ?x650)))
 (let ((?x2586 (* x00 z00)))
 (let ((?x2587 (* 18 ?x2586)))
 (let ((?x1451 (* ?x2564 ?x237)))
 (let ((?x588 (* (- 18) ?x1451)))
 (let ((?x983 (* ?x2564 ?x223)))
 (let ((?x1470 (* (- 12) ?x983)))
 (let ((?x1853 (+ (* (- 1) (* y00 z00 ?x2564)) ?x1470 ?x588 ?x2587 (* 12 (* ?x223 ?x223)) ?x668 ?x2089 ?x906 ?x627 (* 12 (* y00 ?x223)) ?x64 ?x1466 ?x578 ?x2140 ?x1458 ?x635 ?x99 (* (- 18) (* z00 ?x237)) ?x1548 (* (- 1) (* z00 z00 ?x223)))))
 (let ((?x1379 (* 108 (* x00 x00))))
 (let ((?x2059 (* (- 10) ?x99)))
 (let ((?x1446 (* 2 (* x00 z00 z00 z00))))
 (let ((?x196 (* y00 z00 z00 z00)))
 (let ((?x775 (* x00 z00 z00)))
 (let ((?x1488 (* (- 18) ?x775)))
 (let ((?x1925 (* (- 36) (* x00 y00 z00))))
 (let ((?x1132 (* 96 ?x650)))
 (let ((?x1096 (* 16 (* y00 y00 y00))))
 (let ((?x2463 (* 24 ?x2123)))
 (let ((?x161 (* y00 y00 z00 z00)))
 (let ((?x2326 (* (- 1) ?x161)))
 (let ((?x113 (* y00 y00 z00)))
 (let ((?x1928 (* (- 12) ?x113)))
 (let ((?x1162 (* 36 ?x2586)))
 (let ((?x1387 (* x00 y00)))
 (let ((?x1462 (* 216 ?x1387)))
 (let ((?x2764 (+ ?x1462 (* 108 (* ?x223 ?x237)) ?x1162 (* (- 2) (* z00 z00 z00 ?x237)) (* 18 (* z00 z00 ?x237)) ?x1928 ?x2326 (* 24 (* ?x223 ?x223)) (* 108 (* ?x237 ?x237)) (* (- 4) (* ?x223 ?x223 ?x223)) (* 18 (* y00 z00 ?x223)) ?x2463 (* (- 120) (* y00 ?x223)) (* (- 24) ?x2112) ?x1096 (* (- 6) (* z00 ?x223 ?x223)) ?x1132 (* (- 12) (* y00 ?x223 ?x223)) ?x1925 (* (- 108) (* x00 ?x223)) ?x1488 (* (- 216) (* x00 ?x237)) ?x196 ?x1446 (* (- 216) (* y00 ?x237)) (* z00 z00 ?x223 ?x223) ?x2059 (* (- 36) (* z00 ?x237)) (* 36 (* y00 z00 ?x237)) (* 10 (* z00 z00 ?x223)) ?x1379 (* (- 1) (* z00 z00 z00 ?x223)))))
 (let (($x1956 (not (= ?x2764 0))))
 (let ((?x1320 (* 3 ?x99)))
 (let ((?x560 (* y00 ?x2564 ?x223)))
 (let ((?x777 (* 3 ?x775)))
 (let ((?x1499 (* ?x2564 ?x223 ?x223)))
 (let ((?x943 (* (- 36) ?x650)))
 (let ((?x2114 (* 6 ?x2112)))
 (let ((?x2325 (* (- 6) ?x2123)))
 (let ((?x1136 (* (- 1) ?x113)))
 (let ((?x1388 (* (- 18) ?x1387)))
 (let ((?x2056 (+ ?x1388 (* (- 18) (* ?x223 ?x237)) ?x588 (* (- 3) (* z00 z00 ?x237)) ?x1136 (* 3 (* x00 z00 ?x2564)) (* (- 1) (* y00 z00 ?x223)) ?x906 ?x2325 (* 36 (* y00 ?x223)) ?x2114 ?x1470 (* (- 3) (* z00 ?x2564 ?x237)) (* 2 (* z00 ?x223 ?x223)) ?x943 ?x2089 ?x1499 (* 18 (* x00 ?x223)) ?x777 ?x64 ?x1466 ?x578 (* 18 (* y00 ?x237)) ?x1458 ?x635 ?x560 ?x1320 (* (- 2) (* y00 y00 ?x2564)) (* (- 3) (* z00 z00 ?x223)))))
 (let ((?x1723 (* z00 z00 ?x2564)))
 (let ((?x2124 (* 18 ?x2123)))
 (let ((?x1471 (* (- 12) ?x1947)))
 (let ((?x519 (* 6 ?x415)))
 (let ((?x55 (* z00 z00 z00)))
 (let ((?x508 (* (- 1) ?x55)))
 (let ((?x2228 (+ (* (- 6) ?x983) ?x508 ?x519 ?x1471 ?x2124 ?x64 ?x1466 ?x578 (* (- 6) (* z00 ?x2564)) ?x1458 ?x635 ?x1723)))
 (let (($x1251 (= (+ (* (- 1) z) z00 (* 6 n) (* (- 6) n00)) 0)))
 (let (($x2303 (or (not $x1251) (not (= (+ ?x416 ?x43 ?x439 ?x2736 ?x49 ?x1554) 36)) (not (= ?x2228 0)) (not (= ?x2056 0)) $x1956 (not (= ?x1853 0)) $x2221)))
 (let ((?x939 (* (- 4) (* y y y))))
 (let ((?x891 (* 108 (* x x))))
 (let ((?x624 (* y y)))
 (let ((?x879 (* 24 ?x624)))
 (let ((?x1930 (* y x)))
 (let ((?x1931 (* 108 ?x1930)))
 (let ((?x910 (+ ?x1462 ?x1931 ?x1162 (* (- 2) (* z00 z00 z00 x)) (* 18 (* z00 z00 x)) ?x1928 ?x2326 ?x879 ?x891 ?x939 (* 18 (* y00 z00 y)) ?x2463 (* (- 120) (* y00 y)) (* (- 24) (* z00 y)) ?x1096 (* (- 6) (* z00 y y)) ?x1132 (* (- 12) (* y00 y y)) ?x1925 (* (- 108) (* x00 y)) ?x1488 (* (- 216) (* x00 x)) ?x196 ?x1446 (* (- 216) (* y00 x)) (* z00 z00 y y) ?x2059 (* (- 36) (* z00 x)) (* 36 (* y00 z00 x)) (* 10 (* z00 z00 y)) ?x1379 (* (- 1) (* z00 z00 z00 y)))))
 (let (($x915 (= ?x910 0)))
 (let ((?x1394 (* y00 z y)))
 (let ((?x71 (* 72 y)))
 (let ((?x642 (* z y y)))
 (let ((?x1594 (* x00 z)))
 (let ((?x895 (* 18 ?x1594)))
 (let ((?x1553 (* z y)))
 (let ((?x1815 (* (- 12) ?x1553)))
 (let ((?x1038 (* z00 y)))
 (let ((?x1006 (* 6 ?x1038)))
 (let ((?x1271 (* y00 z)))
 (let ((?x1464 (* 12 ?x1271)))
 (let ((?x1965 (* z x)))
 (let ((?x1187 (* (- 18) ?x1965)))
 (let ((?x1708 (+ ?x1388 (* (- 18) ?x1930) ?x1187 (* (- 3) (* z00 z00 x)) ?x1136 (* 3 (* x00 z00 z)) (* (- 1) (* y00 z00 y)) ?x1464 ?x2325 (* 36 (* y00 y)) ?x1006 ?x1815 (* (- 3) (* z00 z x)) (* 2 (* z00 y y)) ?x943 ?x895 ?x642 (* 18 (* x00 y)) ?x777 ?x64 ?x578 (* 18 (* y00 x)) ?x71 ?x635 ?x1394 ?x1320 (* (- 2) (* y00 y00 z)) (* (- 3) (* z00 z00 y)))))
 (let ((?x1648 (* z00 z y)))
 (let ((?x1093 (* (- 6) ?x1038)))
 (let ((?x625 (* 12 ?x624)))
 (let ((?x1972 (+ (* (- 1) (* y00 z00 z)) ?x1815 ?x1187 ?x2587 ?x625 ?x668 ?x895 ?x1464 ?x627 (* 12 (* y00 y)) ?x64 ?x578 ?x1093 ?x71 ?x635 ?x99 (* (- 18) (* z00 x)) ?x1648 (* (- 1) (* z00 z00 y)))))
 (let ((?x773 (* z00 z00 z)))
 (let ((?x1317 (* (- 12) ?x1271)))
 (let ((?x793 (+ (* (- 6) ?x1553) ?x508 ?x519 ?x1317 ?x2124 ?x64 ?x578 (* (- 6) (* z00 z)) ?x71 ?x635 ?x773)))
 (let (($x2795 (and $x1251 (= (+ ?x416 ?x43 ?x439 (* (- 6) z) ?x49 (* z z)) 0) (= ?x793 0) (= ?x1972 0) (= ?x1708 0) $x915 $x2303)))
 (let ((?x227 (- (- (+ (* (- 1) z00 z00) ?x43) (* 12 ?x223)) (* 6 (+ z 6)))))
 (let ((?x229 (+ ?x227 ?x49 (* (+ z 6) (+ z 6)))))
 (let ((?x210 (* 108 x00 x00)))
 (let ((?x204 (* 10 y00 z00 z00)))
 (let ((?x197 (* 2 x00 z00 z00 z00)))
 (let ((?x189 (* 18 x00 z00 z00)))
 (let ((?x187 (* 36 x00 y00 z00)))
 (let ((?x184 (* 96 y00 y00)))
 (let ((?x179 (* 16 y00 y00 y00)))
 (let ((?x171 (* 24 y00 z00)))
 (let ((?x160 (* 12 y00 y00 z00)))
 (let ((?x313 (- (+ (* 216 x00 y00) (* 108 ?x237 ?x223) (* 36 x00 z00)) (* 2 ?x237 z00 z00 z00))))
 (let ((?x320 (+ (- (- (+ ?x313 (* 18 ?x237 z00 z00)) ?x160) ?x161) (* 24 ?x223 ?x223) (* 108 ?x237 ?x237))))
 (let ((?x324 (+ (- ?x320 (* 4 ?x223 ?x223 ?x223)) (* 18 ?x223 y00 z00) ?x171)))
 (let ((?x331 (- (+ (- (- ?x324 (* 120 ?x223 y00)) (* 24 ?x223 z00)) ?x179) (* 6 ?x223 ?x223 z00))))
 (let ((?x338 (- (- (- (+ ?x331 ?x184) (* 12 ?x223 ?x223 y00)) ?x187) (* 108 x00 ?x223))))
 (let ((?x343 (- (+ (- (- ?x338 ?x189) (* 216 ?x237 x00)) ?x196 ?x197) (* 216 ?x237 y00))))
 (let ((?x348 (- (- (+ ?x343 (* ?x223 ?x223 z00 z00)) ?x204) (* 36 ?x237 z00))))
 (let ((?x353 (- (+ ?x348 (* 36 ?x237 y00 z00) (* 10 ?x223 z00 z00) ?x210) (* ?x223 z00 z00 z00))))
 (let ((?x144 (* 3 y00 z00 z00)))
 (let ((?x74 (* 108 x00)))
 (let ((?x243 (* 72 ?x223)))
 (let ((?x67 (* 72 y00)))
 (let ((?x238 (* 108 ?x237)))
 (let ((?x137 (* 3 x00 z00 z00)))
 (let ((?x215 (+ z 6)))
 (let ((?x258 (* 18 x00 ?x215)))
 (let ((?x133 (* 36 y00 y00)))
 (let ((?x251 (* 12 ?x223 ?x215)))
 (let ((?x261 (* 6 ?x223 z00)))
 (let ((?x91 (* 6 y00 z00)))
 (let ((?x235 (* 12 y00 ?x215)))
 (let ((?x252 (* 18 ?x237 ?x215)))
 (let ((?x279 (- (- (- (* (- 18) x00 y00) (* 18 ?x237 ?x223)) ?x252) (* 3 ?x237 z00 z00))))
 (let ((?x284 (- (+ (- ?x279 ?x113) (* 3 x00 ?x215 z00)) (* ?x223 y00 z00))))
 (let ((?x291 (- (- (+ (- (+ ?x284 ?x235) ?x91) (* 36 ?x223 y00) ?x261) ?x251) (* 3 ?x237 ?x215 z00))))
 (let ((?x297 (+ (- (+ ?x291 (* 2 ?x223 ?x223 z00)) ?x133) ?x258 (* ?x223 ?x223 ?x215) (* 18 x00 ?x223) ?x137 ?x238)))
 (let ((?x303 (+ (- (+ (- ?x297 ?x67) (* 18 ?x237 y00) ?x243) ?x74) (* ?x223 y00 ?x215) ?x144)))
 (let (($x308 (= (- (- ?x303 (* 2 y00 y00 ?x215)) (* 3 ?x223 z00 z00)) 0)))
 (let ((?x88 (* 24 y00 y00)))
 (let ((?x84 (* 18 x00 z00)))
 (let ((?x256 (+ (- (- (* (- 1) y00 ?x215 z00) ?x251) ?x252) ?x84 (* 12 ?x223 ?x223))))
 (let ((?x262 (- (+ (- ?x256 ?x88) ?x258 ?x235 ?x91 (* 12 ?x223 y00) ?x238) ?x67)))
 (let ((?x270 (+ (- (+ (- (+ (- ?x262 ?x261) ?x243) ?x74) ?x99) (* 18 ?x237 z00)) (* ?x223 ?x215 z00))))
 (let ((?x62 (* 18 y00 z00)))
 (let ((?x236 (- (+ (- (* (- 6) ?x223 ?x215) ?x55) (* 6 z00 z00)) ?x235)))
 (let ((?x245 (- (+ (- (- (+ ?x236 ?x62 ?x238) ?x67) (* 6 ?x215 z00)) ?x243) ?x74)))
 (let ((?x36 (* 6 n00)))
 (let (($x221 (= (- (+ (* (- 1) ?x215) z00 (* 6 (+ n 1))) ?x36) 0)))
 (let (($x360 (or (not $x221) (not (= ?x229 0)) (not (= (+ ?x245 (* ?x215 z00 z00)) 0)) (not (= (- ?x270 (* ?x223 z00 z00)) 0)) (not $x308) (not (= ?x353 0)) (not (= (* 8 ?x237 ?x223 ?x223 ?x229) 0)))))
 (let ((?x212 (* y z00 z00 z00)))
 (let ((?x201 (* y y z00 z00)))
 (let ((?x157 (- (+ (* 216 x00 y00) (* 108 x y) (* 36 x00 z00)) (* 2 x z00 z00 z00))))
 (let ((?x166 (+ (- (- (+ ?x157 (* 18 x z00 z00)) ?x160) ?x161) (* 24 y y) (* 108 x x))))
 (let ((?x172 (+ (- ?x166 (* 4 y y y)) (* 18 y y00 z00) ?x171)))
 (let ((?x182 (- (+ (- (- ?x172 (* 120 y y00)) (* 24 y z00)) ?x179) (* 6 y y z00))))
 (let ((?x193 (- (- (- (+ ?x182 ?x184) (* 12 y y y00)) ?x187) (* 108 x00 y))))
 (let ((?x200 (- (+ (- (- ?x193 ?x189) (* 216 x x00)) ?x196 ?x197) (* 216 x y00))))
 (let ((?x211 (+ (- (- (+ ?x200 ?x201) ?x204) (* 36 x z00)) (* 36 x y00 z00) (* 10 y z00 z00) ?x210)))
 (let ((?x135 (* y y z)))
 (let ((?x90 (* 18 x00 z)))
 (let ((?x80 (* 12 y z)))
 (let ((?x94 (* 6 y z00)))
 (let ((?x59 (* 12 y00 z)))
 (let ((?x120 (* y y00 z00)))
 (let ((?x81 (* 18 x z)))
 (let ((?x116 (- (- (- (* (- 18) x00 y00) (* 18 x y)) ?x81) (* 3 x z00 z00))))
 (let ((?x123 (- (+ (- (+ (- ?x116 ?x113) (* 3 x00 z z00)) ?x120) ?x59) ?x91)))
 (let ((?x129 (- (- (+ ?x123 (* 36 y y00) ?x94) ?x80) (* 3 x z z00))))
 (let ((?x138 (+ (- (+ ?x129 (* 2 y y z00)) ?x133) ?x90 ?x135 (* 18 x00 y) ?x137 ?x64)))
 (let ((?x145 (+ (- (+ (- ?x138 ?x67) (* 18 x y00) ?x71) ?x74) (* y y00 z) ?x144)))
 (let (($x150 (= (- (- ?x145 (* 2 y00 y00 z)) (* 3 y z00 z00)) 0)))
 (let ((?x105 (* y z00 z00)))
 (let ((?x103 (* y z z00)))
 (let ((?x86 (+ (- (- (* (- 1) y00 z z00) ?x80) ?x81) ?x84 (* 12 y y))))
 (let ((?x95 (- (+ (- ?x86 ?x88) ?x90 ?x59 ?x91 (* 12 y y00) ?x64) ?x67)))
 (let ((?x104 (+ (- (+ (- (+ (- ?x95 ?x94) ?x71) ?x74) ?x99) (* 18 x z00)) ?x103)))
 (let ((?x76 (* z z00 z00)))
 (let ((?x60 (- (+ (- (* (- 6) y z) ?x55) (* 6 z00 z00)) ?x59)))
 (let ((?x75 (- (+ (- (- (+ ?x60 ?x62 ?x64) ?x67) (* 6 z z00)) ?x71) ?x74)))
 (let ((?x50 (* z z)))
 (let ((?x46 (* 6 z)))
 (let ((?x51 (+ (- (- (+ (* (- 1) z00 z00) ?x43) (* 12 y)) ?x46) ?x49 ?x50)))
 (let (($x361 (and (= (- (+ (* (- 1) z) z00 (* 6 n)) ?x36) 0) (= ?x51 0) (= (+ ?x75 ?x76) 0) (= (- ?x104 ?x105) 0) $x150 (= (- ?x211 ?x212) 0) $x360)))
 (rewrite (= $x361 $x2795)))))))))))))))))))))))))))))))))))))))))))))))))))))))))))))))))))))))))))))))))))))))))))))))))))))))))))))))))))))))))))))))))))))))))))))))))))))))))))))))))))))))))))))))))))))))))))))))
 ))
 (let ((@x363 (asserted $x362)))
 (let ((@x2102 (mp (mp @x363 (quant-intro (proof-bind ?x923) (= $x362 $x366)) $x366) (rewrite (= $x366 $x366)) $x366)))
 (let ((@x1355 (mp (mp @x2102 (quant-intro (proof-bind ?x679) (= $x366 $x2685)) $x2685) (quant-intro (proof-bind ?x2013) (= $x2685 $x844)) $x844)))
 (let ((@x858 (mp (mp~ @x1355 (sk (~ $x844 $x1203)) $x1203) (rewrite (= $x1203 $x544)) $x544)))
 (let ((@x2109 (and-elim @x858 $x2497)))
 (let ((@x805 (unit-resolution ((_ th-lemma arith triangle-eq) (or $x1624 $x662)) @x2109 $x662)))
 (let (($x2440 (>= ?x2496 0)))
 (let ((@x1031 (unit-resolution ((_ th-lemma arith triangle-eq) (or $x1624 $x2440)) @x2109 $x2440)))
 (let (($x2501 (<= ?x1230 0)))
 (let ((@x1030 (and-elim @x858 $x507)))
 (let ((@x417 (unit-resolution ((_ th-lemma arith triangle-eq) (or (not $x507) $x2501)) @x1030 $x2501)))
 (let (($x2502 (>= ?x1230 0)))
 (let ((@x2070 (unit-resolution ((_ th-lemma arith triangle-eq) (or (not $x507) $x2502)) @x1030 $x2502)))
 (let (($x2500 (<= ?x934 0)))
 (let ((@x1447 (and-elim @x858 $x1744)))
 (let ((@x810 (unit-resolution ((_ th-lemma arith triangle-eq) (or (not $x1744) $x2500)) @x1447 $x2500)))
 (let (($x2490 (>= ?x934 0)))
 (let ((@x2324 (unit-resolution ((_ th-lemma arith triangle-eq) (or (not $x1744) $x2490)) @x1447 $x2490)))
 (let (($x1160 (<= ?x2044 0)))
 (let (($x2173 (<= ?x1491 0)))
 (let ((@x2687 (and-elim @x858 $x2683)))
 (let ((@x2169 (unit-resolution ((_ th-lemma arith triangle-eq) (or (not $x2683) $x2173)) @x2687 $x2173)))
 (let (($x2503 (>= ?x1491 0)))
 (let ((@x1381 (unit-resolution ((_ th-lemma arith triangle-eq) (or (not $x2683) $x2503)) @x2687 $x2503)))
 (let (($x1021 (<= ?x1161 0)))
 (let ((@x937 (and-elim @x858 $x1964)))
 (let ((@x2189 (unit-resolution ((_ th-lemma arith triangle-eq) (or (not $x1964) $x1021)) @x937 $x1021)))
 (let (($x1003 (>= ?x1161 0)))
 (let ((@x1938 (unit-resolution ((_ th-lemma arith triangle-eq) (or (not $x1964) $x1003)) @x937 $x1003)))
 (let (($x2100 (<= ?x2535 0)))
 (let ((@x2105 (and-elim @x858 $x2543)))
 (let ((@x1287 (unit-resolution ((_ th-lemma arith triangle-eq) (or $x1192 $x2100)) @x2105 $x2100)))
 (let (($x2340 (>= ?x2535 0)))
 (let ((@x594 (unit-resolution ((_ th-lemma arith triangle-eq) (or $x1192 $x2340)) @x2105 $x2340)))
 (let (($x2563 (<= ?x1334 0)))
 (let ((@x2064 ((_ th-lemma arith) (hypothesis (not $x2563)) @x594 @x1287 @x2070 @x417 @x1031 @x805 @x594 @x1287 @x2324 @x810 @x1938 @x2189 @x2324 @x810 @x1938 @x2189 @x1381 @x2169 @x2070 @x417 false)))
 (let ((@x1520 (lemma @x2064 $x2563)))
 (let (($x853 (>= ?x1334 0)))
 (let ((@x2477 ((_ th-lemma arith) (hypothesis (not $x853)) @x594 @x1287 @x2070 @x417 @x1031 @x805 @x594 @x1287 @x2324 @x810 @x1938 @x2189 @x2324 @x810 @x1938 @x2189 @x1381 @x2169 @x2070 @x417 false)))
 (let ((@x885 (lemma @x2477 $x853)))
 (let ((@x2234 ((_ th-lemma arith) (hypothesis (not $x1160)) @x594 @x1287 @x885 @x1520 @x885 @x1520 @x1031 @x805 @x594 @x1287 @x2324 @x810 @x1938 @x2189 @x1938 @x2189 @x2324 @x810 @x2070 @x417 @x1381 @x2169 @x2070 @x417 false)))
 (let ((@x1099 (lemma @x2234 $x1160)))
 (let (($x1668 (>= ?x2044 0)))
 (let ((@x2343 ((_ th-lemma arith) (hypothesis (not $x1668)) @x594 @x1287 @x1938 @x2189 @x1031 @x805 @x594 @x1287 @x1938 @x2189 @x2070 @x417 @x2324 @x810 @x2324 @x810 @x2070 @x417 @x2324 @x810 @x2070 @x417 @x1938 @x2189 @x2324 @x810 @x1938 @x2189 @x1381 @x2169 @x2070 @x417 false)))
 (let ((@x2256 (lemma @x2343 $x1668)))
 (let (($x1186 (not (<= ?x2424 0))))
 (let (($x2750 (>= ?x2424 0)))
 (let ((@x2387 ((_ th-lemma arith) (hypothesis (not $x2750)) @x885 @x1520 @x594 @x1287 @x1031 @x805 @x594 @x1287 @x885 @x1520 @x2324 @x810 @x2324 @x810 @x1938 @x2189 @x1938 @x2189 @x1938 @x2189 @x2070 @x417 @x1381 @x2169 @x2070 @x417 @x594 @x1287 @x2256 @x1099 @x2324 @x810 @x2070 @x417 @x1031 @x805 false)))
 (let ((@x2128 (unit-resolution ((_ th-lemma arith triangle-eq) (or $x1112 (not $x2563) (not $x853))) @x1520 @x885 $x1112)))
 (let ((@x1970 (unit-resolution (hypothesis $x1914) ((_ th-lemma arith eq-propagate -6 -6 -1 -1) @x1031 @x805 @x1381 @x2169 $x1310) false)))
 (let ((@x2836 (unit-resolution ((_ th-lemma arith triangle-eq) (or $x2748 (not $x1160) (not $x1668))) @x1099 @x2256 $x2748)))
 (let ((@x2321 (unit-resolution (and-elim @x858 $x1943) @x2105 @x2109 (or $x979 $x1254 $x1658 $x1914 $x2231))))
 (let ((@x2763 (unit-resolution @x2321 @x2836 ((_ th-lemma arith eq-propagate 0 0 0 0) @x1031 @x805 @x1031 @x805 $x2235) (lemma @x1970 $x1310) @x2128 $x1254)))
 (let ((@x2639 (unit-resolution ((_ th-lemma arith triangle-eq) (or $x1395 $x1186 (not $x2750))) @x2763 (or $x1186 (not $x2750)))))
 ((_ th-lemma arith) (unit-resolution @x2639 (lemma @x2387 $x2750) $x1186) @x885 @x1520 @x594 @x1287 @x1031 @x805 @x594 @x1287 @x885 @x1520 @x2324 @x810 @x2324 @x810 @x1938 @x2189 @x1938 @x2189 @x1938 @x2189 @x2070 @x417 @x1381 @x2169 @x2070 @x417 @x594 @x1287 @x2256 @x1099 @x2324 @x810 @x2070 @x417 @x1031 @x805 false)))))))))))))))))))))))))))))))))))))))))))))))))))))))))))))))))))))))))))))))))))))))))))))))))))))))))))))))))))))))))))))))))))))))))))))))))))))))))))))))))))))))))))))))))))))))))))))))))))))))))))))))))))))))))))))))))))))))))))))))))))))))))))))))))))))))))))

(:added-eqs                 14
 :arith-assert-diseq        8
 :arith-assert-lower        77
 :arith-assert-upper        21
 :arith-conflicts           6
 :arith-eq-adapter          11
 :arith-fixed-eqs           3
 :arith-gcd-tests           4
 :arith-grobner             6
 :arith-max-min             1588
 :arith-nonlinear-bounds    58
 :arith-nonlinear-horner    61
 :arith-num-rows            12
 :arith-patches             4
 :arith-patches_succ        4
 :arith-pivots              9
 :arith-pseudo-nonlinear    2
 :arith-row-summations      20
 :arith-tableau-max-columns 116
 :arith-tableau-max-rows    12
 :conflicts                 7
 :decisions                 18
 :del-clause                39
 :final-checks              13
 :max-memory                4.59
 :memory                    3.50
 :mk-bool-var               39
 :mk-clause                 39
 :num-allocs                26426883
 :num-checks                1
 :propagations              47
 :rlimit-count              314865
 :time                      0.26
 :total-time                0.27)
