unsat
((set-logic NIA)
(declare-fun y!2 () Int)
(declare-fun z!1 () Int)
(declare-fun x!3 () Int)
(declare-fun n!0 () Int)
(proof
(let ((?x2972 (* z00 z!1)))
 (let ((?x605 (* 6 ?x2972)))
 (let ((?x2963 (* z00 y00 z!1)))
 (let ((?x2691 (* (- 1) ?x2963)))
 (let ((?x2930 (* z!1 z!1 z!1)))
 (let ((?x2647 (* y!2 z!1 z!1)))
 (let ((?x1882 (* 2 ?x2647)))
 (let ((?x2499 (* x!3 y!2)))
 (let ((?x2740 (* (- 18) ?x2499)))
 (let ((?x2461 (* x!3 z!1)))
 (let ((?x925 (* (- 36) ?x2461)))
 (let ((?x2460 (* y!2 y!2)))
 (let ((?x685 (* (- 12) ?x2460)))
 (let ((?x1914 (* y00 z!1 z!1)))
 (let ((?x1830 (* y!2 z!1)))
 (let ((?x1658 (* (- 36) ?x1830)))
 (let ((?x1489 (* y00 y!2 z!1)))
 (let ((?x1349 (* z00 y!2 z!1)))
 (let ((?x1071 (* y!2 y!2 z!1)))
 (let ((?x959 (* z00 z00 x00)))
 (let ((?x960 (* 3 ?x959)))
 (let ((?x769 (* z00 z00 y00)))
 (let ((?x1022 (* 3 ?x769)))
 (let ((?x749 (* z00 y00 y00)))
 (let ((?x756 (* (- 1) ?x749)))
 (let ((?x705 (* z00 x!3)))
 (let ((?x1867 (* (- 18) ?x705)))
 (let ((?x649 (* y00 y00)))
 (let ((?x2160 (* (- 48) ?x649)))
 (let ((?x641 (* z!1 z!1)))
 (let ((?x2144 (* (- 6) ?x641)))
 (let ((?x618 (* z00 x00)))
 (let ((?x620 (* 18 ?x618)))
 (let ((?x555 (* z00 y00)))
 (let ((?x849 (* (- 6) ?x555)))
 (let ((?x504 (* y00 x00)))
 (let ((?x505 (* (- 18) ?x504)))
 (let ((?x2459 (+ ?x505 ?x849 ?x620 ?x2144 (* (- 6) (* z00 z00 y!2)) ?x2160 ?x1867 ?x756 ?x1022 (* 36 (* x00 z!1)) ?x960 (* (- 3) (* z00 z00 x!3)) ?x1071 (* (- 2) (* y00 y00 z!1)) ?x1349 ?x1489 (* (- 3) (* z00 x!3 z!1)) (* (- 12) (* z00 y!2)) (* 18 (* y00 x!3)) ?x1658 ?x1914 (* 60 (* y00 y!2)) (* (- 3) (* z00 z00 z!1)) (* 54 (* y00 z!1)) ?x685 ?x925 ?x2740 ?x1882 (* 2 (* z00 z!1 z!1)) (* 3 (* z00 x00 z!1)) (* (- 1) (* z00 y00 y!2)) ?x2930 ?x2691 ?x605 (* 2 (* z00 y!2 y!2)) (* 18 (* x00 y!2)))))
 (let (($x2986 (<= ?x2459 0)))
 (let ((?x414 (* z00 z00)))
 (let ((?x574 (* (- 1) ?x414)))
 (let ((?x43 (* 12 y00)))
 (let ((?x49 (* 6 z00)))
 (let ((?x943 (+ ?x49 ?x43 ?x574 ?x641 (* (- 12) y!2) (* (- 6) z!1))))
 (let (($x1692 (<= ?x943 0)))
 (let (($x2290 (= ?x943 0)))
 (let (($x2186 (= (* (+ 1 n!0) (+ 6 z!1) (+ 6 z!1) ?x2459) 0)))
 (let (($x621 (not $x2186)))
 (let ((?x3025 (* z00 y!2 y!2)))
 (let ((?x2363 (* (- 6) ?x3025)))
 (let ((?x2701 (* (- 4) ?x2930)))
 (let ((?x797 (* (- 12) ?x2647)))
 (let ((?x2785 (* 324 ?x2499)))
 (let ((?x2699 (* 108 ?x2461)))
 (let ((?x2940 (* 240 ?x2460)))
 (let ((?x2395 (* (- 12) (* y00 y!2 y!2))))
 (let ((?x2698 (* 156 ?x1830)))
 (let ((?x1695 (* y00 x!3)))
 (let ((?x2620 (* (- 216) ?x1695)))
 (let ((?x1693 (* 36 (* z00 y00 x!3))))
 (let ((?x726 (* 108 (* x!3 x!3))))
 (let ((?x1424 (* z00 z00 y!2 y!2)))
 (let ((?x678 (* (- 2) (* z00 z00 z00 x!3))))
 (let ((?x1378 (* 108 (* x00 x00))))
 (let ((?x1275 (* 2 (* z00 z00 z00 x00))))
 (let ((?x1271 (* z00 z00 z00 y00)))
 (let ((?x1181 (* (- 36) (* z00 y00 x00))))
 (let ((?x1095 (* 16 (* y00 y00 y00))))
 (let ((?x2760 (* (- 12) ?x1071)))
 (let ((?x1004 (* z00 z00 x!3)))
 (let ((?x2073 (* 18 ?x1004)))
 (let ((?x1231 (* (- 18) ?x959)))
 (let ((?x865 (* (- 1) (* z00 z00 y00 y00))))
 (let ((?x1332 (* (- 10) ?x769)))
 (let ((?x830 (* (- 12) ?x749)))
 (let ((?x744 (* (- 4) (* y!2 y!2 y!2))))
 (let ((?x1185 (* (- 36) ?x705)))
 (let ((?x1131 (* 96 ?x649)))
 (let ((?x776 (* 24 ?x641)))
 (let ((?x575 (* 36 ?x618)))
 (let ((?x973 (* 24 ?x555)))
 (let ((?x1690 (* (- 216) (* x00 x!3))))
 (let ((?x526 (* 216 ?x504)))
 (let ((?x1134 (+ ?x526 ?x1690 ?x973 ?x575 ?x776 (* 28 (* z00 z00 y!2)) ?x1131 ?x1185 ?x744 ?x830 ?x1332 ?x865 (* (- 108) (* x00 z!1)) ?x1231 ?x2073 ?x2760 ?x1095 (* (- 1) (* z00 z00 z00 z!1)) ?x1181 ?x1271 ?x1275 (* (- 12) ?x1349) ?x1378 ?x678 ?x1424 ?x726 ?x1693 (* (- 24) ?x1489) (* (- 60) (* z00 y!2)) ?x2620 (* (- 3) (* z00 z00 z00 y!2)) ?x2698 (* (- 12) ?x1914) (* (- 336) (* y00 y!2)) ?x2395 (* 10 (* z00 z00 z!1)) (* (- 120) (* y00 z!1)) ?x2940 ?x2699 (* 2 (* z00 z00 y!2 z!1)) (* z00 z00 z!1 z!1) ?x2785 ?x797 (* (- 6) (* z00 z!1 z!1)) (* 54 (* z00 y00 y!2)) ?x2701 (* 18 ?x2963) (* (- 24) ?x2972) ?x2363 (* (- 324) (* x00 y!2)))))
 (let (($x1687 (= ?x1134 0)))
 (let (($x755 (not $x1687)))
 (let ((?x3028 (* x00 y!2)))
 (let ((?x1787 (* (- 18) ?x3028)))
 (let ((?x1786 (* (- 2) ?x3025)))
 (let ((?x1858 (* (- 1) ?x2930)))
 (let ((?x2837 (* z00 y00 y!2)))
 (let ((?x2830 (* z00 x00 z!1)))
 (let ((?x1784 (* (- 3) ?x2830)))
 (let ((?x2925 (* (- 2) ?x2647)))
 (let ((?x2477 (* 18 ?x2499)))
 (let ((?x2115 (* 36 ?x2461)))
 (let ((?x2452 (* 12 ?x2460)))
 (let ((?x2018 (* 36 ?x1830)))
 (let ((?x463 (* (- 18) ?x1695)))
 (let ((?x1513 (* z00 x!3 z!1)))
 (let ((?x2529 (* 3 ?x1513)))
 (let ((?x1381 (* (- 1) ?x1489)))
 (let ((?x974 (* (- 1) ?x1349)))
 (let ((?x1347 (* y00 y00 z!1)))
 (let ((?x1870 (* 2 ?x1347)))
 (let ((?x1923 (* (- 1) ?x1071)))
 (let ((?x2304 (* 3 ?x1004)))
 (let ((?x2236 (* (- 3) ?x959)))
 (let ((?x2234 (* (- 3) ?x769)))
 (let ((?x593 (* 18 ?x705)))
 (let ((?x2230 (* 48 ?x649)))
 (let ((?x1980 (* 6 ?x641)))
 (let ((?x1767 (* (- 18) ?x618)))
 (let ((?x684 (* 6 ?x555)))
 (let ((?x2225 (* 18 ?x504)))
 (let ((?x1827 (+ ?x2225 ?x684 ?x1767 ?x1980 (* 6 (* z00 z00 y!2)) ?x2230 ?x593 ?x749 ?x2234 (* (- 36) (* x00 z!1)) ?x2236 ?x2304 ?x1923 ?x1870 ?x974 ?x1381 ?x2529 (* 12 (* z00 y!2)) ?x463 ?x2018 (* (- 1) ?x1914) (* (- 60) (* y00 y!2)) (* 3 (* z00 z00 z!1)) (* (- 54) (* y00 z!1)) ?x2452 ?x2115 ?x2477 ?x2925 (* (- 2) (* z00 z!1 z!1)) ?x1784 ?x2837 ?x1858 ?x2963 (* (- 6) ?x2972) ?x1786 ?x1787)))
 (let (($x1090 (= ?x1827 0)))
 (let (($x1764 (not $x1090)))
 (let ((?x2682 (* z00 z!1 z!1)))
 (let ((?x1490 (* (- 18) ?x2461)))
 (let ((?x2427 (* z00 z00 z!1)))
 (let ((?x713 (* (- 1) ?x2427)))
 (let ((?x1044 (* (- 6) ?x1830)))
 (let ((?x667 (* (- 24) ?x649)))
 (let ((?x1903 (+ ?x620 (* (- 1) (* z00 z00 y!2)) ?x667 ?x1867 ?x769 (* 18 (* x00 z!1)) ?x1349 (* (- 18) (* z00 y!2)) ?x1044 (* 12 (* y00 y!2)) ?x713 (* 24 (* y00 z!1)) ?x2452 ?x1490 ?x2682 ?x2691)))
 (let (($x898 (= ?x1903 0)))
 (let (($x1912 (not $x898)))
 (let ((?x2442 (* y00 z!1)))
 (let ((?x604 (* 12 ?x2442)))
 (let ((?x1573 (* 6 ?x1830)))
 (let ((?x1714 (* (- 108) x!3)))
 (let ((?x1712 (* (- 18) ?x555)))
 (let ((?x74 (* 108 x00)))
 (let ((?x55 (* z00 z00 z00)))
 (let ((?x1042 (+ (* 36 z00) (* 144 y00) ?x55 ?x74 (* (- 12) ?x414) ?x1712 ?x1980 ?x1714 ?x1573 (* (- 144) y!2) ?x713 ?x604 (* (- 36) z!1) ?x605)))
 (let (($x940 (= ?x1042 0)))
 (let (($x2302 (not $x940)))
 (let (($x1376 (not $x2290)))
 (let ((?x1675 (* (- 6) n00)))
 (let ((?x1749 (+ z00 ?x1675 (* 6 n!0) (* (- 1) z!1))))
 (let (($x1289 (= ?x1749 0)))
 (let (($x1297 (not $x1289)))
 (let (($x2680 (or $x1297 $x1376 $x2302 $x1912 $x1764 $x755 $x621)))
 (let ((?x844 (* 108 ?x2499)))
 (let ((?x1030 (* 24 ?x2460)))
 (let ((?x1427 (+ ?x526 ?x1690 ?x973 ?x575 (* 10 (* z00 z00 y!2)) ?x1131 ?x1185 ?x744 ?x830 ?x1332 ?x865 ?x1231 ?x2073 ?x1095 ?x1181 ?x1271 ?x1275 ?x1378 ?x678 ?x1424 ?x726 ?x1693 (* (- 24) (* z00 y!2)) ?x2620 (* (- 1) (* z00 z00 z00 y!2)) (* (- 120) (* y00 y!2)) ?x2395 ?x1030 ?x844 (* 18 ?x2837) ?x2363 (* (- 108) ?x3028))))
 (let (($x2440 (= ?x1427 0)))
 (let ((?x1578 (* 18 ?x2461)))
 (let ((?x1651 (* (- 12) ?x2442)))
 (let ((?x834 (* (- 72) y!2)))
 (let ((?x1416 (* 12 ?x1830)))
 (let ((?x850 (* x00 z!1)))
 (let ((?x771 (* (- 18) ?x850)))
 (let ((?x1447 (* 36 ?x649)))
 (let ((?x67 (* 72 y00)))
 (let ((?x1788 (+ ?x67 ?x74 ?x2225 ?x684 (* 3 (* z00 z00 y!2)) ?x1447 ?x749 ?x2234 ?x771 ?x2236 ?x1714 ?x2304 ?x1923 ?x1870 ?x1381 ?x2529 (* (- 6) (* z00 y!2)) ?x463 ?x1416 (* (- 36) (* y00 y!2)) ?x834 ?x1651 ?x1578 ?x2477 ?x1784 ?x2837 ?x1786 ?x1787)))
 (let (($x1159 (= ?x1788 0)))
 (let ((?x1770 (* (- 1) ?x769)))
 (let ((?x651 (* 24 ?x649)))
 (let ((?x644 (* z00 z00 y!2)))
 (let ((?x2832 (+ ?x67 ?x74 ?x849 ?x1767 ?x644 ?x651 ?x593 ?x1770 ?x771 ?x1714 ?x974 (* 6 (* z00 y!2)) ?x1416 (* (- 12) (* y00 y!2)) ?x834 ?x1651 ?x685 ?x1578 ?x2963)))
 (let (($x582 (= ?x2832 0)))
 (let ((?x609 (* (- 6) ?x414)))
 (let ((?x466 (+ ?x67 ?x55 ?x74 ?x609 ?x1712 ?x1714 ?x1573 ?x834 ?x713 ?x604 ?x605)))
 (let (($x468 (= ?x466 0)))
 (let (($x3032 (and $x1289 $x2290 $x468 $x582 $x1159 $x2440 $x2680)))
 (let ((?x1859 (* z!1 z!1 y00)))
 (let ((?x2577 (* z!1 y00 y00)))
 (let ((?x2694 (* (- 2) ?x2577)))
 (let ((?x2576 (* y!2 z!1 y00)))
 (let ((?x2572 (* x!3 y00)))
 (let ((?x2573 (* 18 ?x2572)))
 (let ((?x1437 (* y!2 x00)))
 (let ((?x2571 (* 18 ?x1437)))
 (let ((?x1831 (* y!2 y!2 z00)))
 (let ((?x1432 (* 2 ?x1831)))
 (let ((?x2019 (* x!3 z!1 z00)))
 (let ((?x571 (* (- 3) ?x2019)))
 (let ((?x2548 (* y!2 z00 y00)))
 (let ((?x1396 (* (- 1) ?x2548)))
 (let ((?x2716 (* x!3 z00)))
 (let ((?x2697 (* (- 18) ?x2716)))
 (let ((?x1165 (* z!1 z00 x00)))
 (let ((?x1149 (* 3 ?x1165)))
 (let ((?x1005 (* x!3 z00 z00)))
 (let ((?x1641 (* (- 3) ?x1005)))
 (let ((?x860 (* z!1 z00 y00)))
 (let ((?x848 (* (- 1) ?x860)))
 (let ((?x1443 (* y!2 z!1 z00)))
 (let ((?x1329 (+ ?x2144 (* (- 3) (* z!1 z00 z00)) ?x1443 (* (- 6) (* y!2 z00 z00)) ?x1071 ?x1658 ?x848 ?x505 ?x2740 (* 54 (* z!1 y00)) ?x849 ?x925 (* 6 (* z!1 z00)) ?x620 ?x685 ?x2160 (* 36 (* z!1 x00)) (* 60 (* y!2 y00)) ?x1641 (* (- 12) (* y!2 z00)) ?x756 ?x1022 ?x1149 ?x2697 ?x1396 ?x571 ?x1432 ?x2571 ?x960 ?x2573 ?x2576 ?x2694 (* 2 (* z!1 z!1 z00)) ?x1882 ?x2930 ?x1859)))
 (let ((?x2594 (+ 6 z!1)))
 (let ((?x550 (+ 1 n!0)))
 (let ((?x418 (* 36 (* x!3 z00 y00))))
 (let ((?x1991 (* (- 216) (* x!3 x00))))
 (let ((?x799 (* (- 12) (* y!2 y!2 y00))))
 (let ((?x2083 (* (- 216) ?x2572)))
 (let ((?x2095 (* (- 6) ?x1831)))
 (let ((?x2419 (* (- 36) ?x2716)))
 (let ((?x1460 (* 18 ?x1005)))
 (let ((?x497 (* (- 2) (* x!3 z00 z00 z00))))
 (let ((?x931 (* y!2 y!2 z00 z00)))
 (let ((?x544 (+ ?x776 (* 10 (* z!1 z00 z00)) (* (- 12) ?x1443) (* 28 (* y!2 z00 z00)) ?x2760 ?x931 (* (- 3) (* y!2 z00 z00 z00)) ?x2698 (* 18 ?x860) ?x526 ?x2785 (* (- 120) (* z!1 y00)) ?x973 ?x2699 ?x497 (* (- 24) (* z!1 z00)) ?x575 ?x2940 ?x1131 (* (- 108) (* z!1 x00)) (* (- 336) (* y!2 y00)) ?x1460 (* (- 60) (* y!2 z00)) ?x830 ?x1332 ?x2419 (* 54 ?x2548) ?x865 ?x726 ?x744 ?x2095 (* (- 324) ?x1437) ?x1231 ?x2083 (* (- 24) ?x2576) ?x1095 ?x799 ?x1181 ?x1991 ?x1271 ?x1275 ?x418 ?x1378 (* (- 6) (* z!1 z!1 z00)) ?x797 ?x2701 (* (- 12) ?x1859) (* 2 (* y!2 z!1 z00 z00)) (* z!1 z!1 z00 z00) (* (- 1) (* z!1 z00 z00 z00)))))
 (let ((?x2410 (* 18 ?x2716)))
 (let ((?x1730 (* z!1 z00)))
 (let ((?x728 (* (- 6) ?x1730)))
 (let ((?x1823 (* (- 1) ?x1443)))
 (let ((?x1343 (+ ?x1980 (* 3 (* z!1 z00 z00)) ?x1823 (* 6 (* y!2 z00 z00)) ?x1923 ?x2018 ?x860 ?x2225 ?x2477 (* (- 54) (* z!1 y00)) ?x684 ?x2115 ?x728 ?x1767 ?x2452 ?x2230 (* (- 36) (* z!1 x00)) (* (- 60) (* y!2 y00)) (* 3 ?x1005) (* 12 (* y!2 z00)) ?x749 ?x2234 (* (- 3) ?x1165) ?x2410 ?x2548 (* 3 ?x2019) (* (- 2) ?x1831) (* (- 18) ?x1437) ?x2236 (* (- 18) ?x2572) (* (- 1) ?x2576) (* 2 ?x2577) (* (- 2) (* z!1 z!1 z00)) ?x2925 ?x1858 (* (- 1) ?x1859))))
 (let ((?x1101 (* y!2 z00 z00)))
 (let ((?x1199 (* z!1 z00 z00)))
 (let ((?x1995 (+ ?x1199 ?x1823 ?x1101 ?x1573 ?x860 (* (- 24) (* z!1 y00)) ?x1578 ?x1767 ?x685 ?x651 (* (- 18) (* z!1 x00)) (* (- 12) (* y!2 y00)) (* 18 (* y!2 z00)) ?x1770 ?x2410 (* (- 1) (* z!1 z!1 z00)))))
 (let ((?x556 (* 18 ?x555)))
 (let ((?x2404 (* z!1 y00)))
 (let ((?x1745 (* (- 12) ?x2404)))
 (let ((?x1463 (* 12 ?x414)))
 (let ((?x634 (* (- 108) x00)))
 (let ((?x507 (* (- 1) ?x55)))
 (let ((?x1316 (* (- 144) y00)))
 (let ((?x1391 (* (- 36) z00)))
 (let ((?x2457 (* 108 x!3)))
 (let ((?x2679 (+ ?x2457 (* 144 y!2) (* 36 z!1) ?x1391 ?x1316 ?x2144 ?x507 ?x634 ?x1199 ?x1463 ?x1044 ?x1745 ?x556 ?x728)))
 (let ((?x485 (* (- 12) y00)))
 (let ((?x484 (* (- 6) z00)))
 (let (($x2078 (= (+ (* 12 y!2) (* 6 z!1) ?x484 ?x485 (* (- 1) ?x641) ?x414) 0)))
 (let (($x1070 (= (+ z!1 (* (- 6) n!0) (* (- 1) z00) (* 6 n00)) 0)))
 (let (($x2296 (or (not $x1070) (not $x2078) (not (= ?x2679 0)) (not (= ?x1995 0)) (not (= ?x1343 0)) (not (= ?x544 0)) (not (= (* ?x550 ?x2594 ?x2594 ?x1329) 0)))))
 (let ((?x1205 (+ (* 10 ?x1101) ?x931 (* (- 1) (* y!2 z00 z00 z00)) ?x526 ?x844 ?x973 ?x497 ?x575 ?x1030 ?x1131 (* (- 120) (* y!2 y00)) ?x1460 (* (- 24) (* y!2 z00)) ?x830 ?x1332 ?x2419 (* 18 ?x2548) ?x865 ?x726 ?x744 ?x2095 (* (- 108) ?x1437) ?x1231 ?x2083 ?x1095 ?x799 ?x1181 ?x1991 ?x1271 ?x1275 ?x418 ?x1378)))
 (let ((?x995 (* z!1 x00)))
 (let ((?x719 (* 18 ?x995)))
 (let ((?x942 (* (- 36) ?x649)))
 (let ((?x2547 (* 12 ?x2404)))
 (let ((?x934 (* (- 12) ?x1830)))
 (let ((?x577 (* (- 72) y00)))
 (let ((?x2453 (* 72 y!2)))
 (let ((?x2574 (+ ?x2457 ?x2453 ?x577 ?x634 (* (- 3) ?x1101) ?x1071 ?x934 ?x505 ?x2740 ?x2547 ?x849 ?x1490 ?x942 ?x719 (* 36 (* y!2 y00)) ?x1641 (* 6 (* y!2 z00)) ?x756 ?x1022 ?x1149 ?x1396 ?x571 ?x1432 ?x2571 ?x960 ?x2573 ?x2576 ?x2694)))
 (let ((?x2715 (+ ?x2457 ?x2453 ?x577 ?x634 ?x1443 (* (- 1) ?x1101) ?x934 ?x848 ?x2547 ?x684 ?x1490 ?x620 ?x2452 ?x667 ?x719 (* 12 (* y!2 y00)) (* (- 6) (* y!2 z00)) ?x769 ?x2697)))
 (let ((?x518 (* 6 ?x414)))
 (let (($x727 (= (+ ?x2457 ?x2453 ?x577 ?x507 ?x634 ?x1199 ?x518 ?x1044 ?x1745 ?x556 ?x728) 0)))
 (let (($x1924 (and $x1070 $x2078 $x727 (= ?x2715 0) (= ?x2574 0) (= ?x1205 0) $x2296)))
 (let (($x703 (exists ((x Int) (y Int) (z Int) (n Int) )(! (let ((?x2107 (* z z y00)))
 (let ((?x1977 (* z z z)))
 (let ((?x1976 (* y z z)))
 (let ((?x2006 (* 2 ?x1976)))
 (let ((?x1704 (* z z z00)))
 (let ((?x1933 (* 2 ?x1704)))
 (let ((?x1033 (* z y00 y00)))
 (let ((?x1047 (* (- 2) ?x1033)))
 (let ((?x1019 (* y z y00)))
 (let ((?x989 (* x y00)))
 (let ((?x990 (* 18 ?x989)))
 (let ((?x959 (* z00 z00 x00)))
 (let ((?x960 (* 3 ?x959)))
 (let ((?x955 (* y x00)))
 (let ((?x956 (* 18 ?x955)))
 (let ((?x917 (* y y z00)))
 (let ((?x918 (* 2 ?x917)))
 (let ((?x891 (* x z z00)))
 (let ((?x904 (* (- 3) ?x891)))
 (let ((?x806 (* y z00 y00)))
 (let ((?x813 (* (- 1) ?x806)))
 (let ((?x780 (* x z00)))
 (let ((?x793 (* (- 18) ?x780)))
 (let ((?x779 (* z z00 x00)))
 (let ((?x782 (* 3 ?x779)))
 (let ((?x769 (* z00 z00 y00)))
 (let ((?x1022 (* 3 ?x769)))
 (let ((?x749 (* z00 y00 y00)))
 (let ((?x756 (* (- 1) ?x749)))
 (let ((?x717 (* y z00)))
 (let ((?x1922 (* (- 12) ?x717)))
 (let ((?x695 (* x z00 z00)))
 (let ((?x722 (* (- 3) ?x695)))
 (let ((?x687 (* y y00)))
 (let ((?x2126 (* 60 ?x687)))
 (let ((?x680 (* z x00)))
 (let ((?x1892 (* 36 ?x680)))
 (let ((?x649 (* y00 y00)))
 (let ((?x2160 (* (- 48) ?x649)))
 (let ((?x623 (* y y)))
 (let ((?x1768 (* (- 12) ?x623)))
 (let ((?x618 (* z00 x00)))
 (let ((?x620 (* 18 ?x618)))
 (let ((?x590 (* z z00)))
 (let ((?x591 (* 6 ?x590)))
 (let ((?x561 (* x z)))
 (let ((?x1570 (* (- 36) ?x561)))
 (let ((?x555 (* z00 y00)))
 (let ((?x849 (* (- 6) ?x555)))
 (let ((?x529 (* z y00)))
 (let ((?x1889 (* 54 ?x529)))
 (let ((?x523 (* x y)))
 (let ((?x617 (* (- 18) ?x523)))
 (let ((?x504 (* y00 x00)))
 (let ((?x505 (* (- 18) ?x504)))
 (let ((?x500 (* z z00 y00)))
 (let ((?x501 (* (- 1) ?x500)))
 (let ((?x498 (* y z)))
 (let ((?x1568 (* (- 36) ?x498)))
 (let ((?x135 (* y y z)))
 (let ((?x105 (* y z00 z00)))
 (let ((?x2211 (* (- 6) ?x105)))
 (let ((?x103 (* y z z00)))
 (let ((?x76 (* z z00 z00)))
 (let ((?x2202 (* (- 3) ?x76)))
 (let ((?x50 (* z z)))
 (let ((?x792 (* (- 6) ?x50)))
 (let ((?x2934 (+ ?x792 ?x2202 ?x103 ?x2211 ?x135 ?x1568 ?x501 ?x505 ?x617 ?x1889 ?x849 ?x1570 ?x591 ?x620 ?x1768 ?x2160 ?x1892 ?x2126 ?x722 ?x1922 ?x756 ?x1022 ?x782 ?x793 ?x813 ?x904 ?x918 ?x956 ?x960 ?x990 ?x1019 ?x1047 ?x1933 ?x2006 ?x1977 ?x2107)))
 (let ((?x626 (+ 6 z)))
 (let ((?x783 (+ 1 n)))
 (let ((?x3023 (* (- 1) (* z z00 z00 z00))))
 (let ((?x2897 (* z z z00 z00)))
 (let ((?x2906 (* 2 (* y z z00 z00))))
 (let ((?x2688 (* (- 12) ?x2107)))
 (let ((?x2439 (* (- 4) ?x1977)))
 (let ((?x2473 (* (- 12) ?x1976)))
 (let ((?x2617 (* (- 6) ?x1704)))
 (let ((?x1378 (* 108 (* x00 x00))))
 (let ((?x1371 (* 36 (* x z00 y00))))
 (let ((?x1275 (* 2 (* z00 z00 z00 x00))))
 (let ((?x1271 (* z00 z00 z00 y00)))
 (let ((?x1258 (* (- 216) (* x x00))))
 (let ((?x1181 (* (- 36) (* z00 y00 x00))))
 (let ((?x1155 (* (- 12) (* y y y00))))
 (let ((?x1095 (* 16 (* y00 y00 y00))))
 (let ((?x2703 (* (- 24) ?x1019)))
 (let ((?x1298 (* (- 216) ?x989)))
 (let ((?x1231 (* (- 18) ?x959)))
 (let ((?x2839 (* (- 324) ?x955)))
 (let ((?x1118 (* (- 6) ?x917)))
 (let ((?x938 (* (- 4) (* y y y))))
 (let ((?x890 (* 108 (* x x))))
 (let ((?x865 (* (- 1) (* z00 z00 y00 y00))))
 (let ((?x1357 (* (- 36) ?x780)))
 (let ((?x1332 (* (- 10) ?x769)))
 (let ((?x830 (* (- 12) ?x749)))
 (let ((?x2971 (* (- 60) ?x717)))
 (let ((?x768 (* 18 ?x695)))
 (let ((?x2887 (* (- 336) ?x687)))
 (let ((?x2768 (* (- 108) ?x680)))
 (let ((?x1131 (* 96 ?x649)))
 (let ((?x2383 (* 240 ?x623)))
 (let ((?x575 (* 36 ?x618)))
 (let ((?x2564 (* (- 24) ?x590)))
 (let ((?x700 (* (- 2) (* x z00 z00 z00))))
 (let ((?x2220 (* 108 ?x561)))
 (let ((?x973 (* 24 ?x555)))
 (let ((?x2526 (* (- 120) ?x529)))
 (let ((?x526 (* 216 ?x504)))
 (let ((?x212 (* y z00 z00 z00)))
 (let ((?x3030 (* (- 3) ?x212)))
 (let ((?x201 (* y y z00 z00)))
 (let ((?x2472 (* (- 12) ?x135)))
 (let ((?x3003 (* 28 ?x105)))
 (let ((?x2632 (* (- 12) ?x103)))
 (let ((?x2990 (* 10 ?x76)))
 (let ((?x2357 (* 24 ?x50)))
 (let ((?x1850 (+ ?x2357 ?x2990 ?x2632 ?x3003 ?x2472 ?x201 ?x3030 (* 156 ?x498) (* 18 ?x500) ?x526 (* 324 ?x523) ?x2526 ?x973 ?x2220 ?x700 ?x2564 ?x575 ?x2383 ?x1131 ?x2768 ?x2887 ?x768 ?x2971 ?x830 ?x1332 ?x1357 (* 54 ?x806) ?x865 ?x890 ?x938 ?x1118 ?x2839 ?x1231 ?x1298 ?x2703 ?x1095 ?x1155 ?x1181 ?x1258 ?x1271 ?x1275 ?x1371 ?x1378 ?x2617 ?x2473 ?x2439 ?x2688 ?x2906 ?x2897 ?x3023)))
 (let (($x1709 (not (= ?x1850 0))))
 (let ((?x2247 (* (- 1) ?x2107)))
 (let ((?x2245 (* (- 1) ?x1977)))
 (let ((?x2244 (* (- 2) ?x1976)))
 (let ((?x2241 (* (- 2) ?x1704)))
 (let ((?x1034 (* 2 ?x1033)))
 (let ((?x2238 (* (- 1) ?x1019)))
 (let ((?x2237 (* (- 18) ?x989)))
 (let ((?x2236 (* (- 3) ?x959)))
 (let ((?x2235 (* (- 2) ?x917)))
 (let ((?x892 (* 3 ?x891)))
 (let ((?x781 (* 18 ?x780)))
 (let ((?x2234 (* (- 3) ?x769)))
 (let ((?x2233 (* 12 ?x717)))
 (let ((?x696 (* 3 ?x695)))
 (let ((?x2232 (* (- 60) ?x687)))
 (let ((?x2230 (* 48 ?x649)))
 (let ((?x624 (* 12 ?x623)))
 (let ((?x1767 (* (- 18) ?x618)))
 (let ((?x603 (* (- 6) ?x590)))
 (let ((?x2228 (* 36 ?x561)))
 (let ((?x684 (* 6 ?x555)))
 (let ((?x525 (* 18 ?x523)))
 (let ((?x2225 (* 18 ?x504)))
 (let ((?x2224 (* 36 ?x498)))
 (let ((?x2223 (* (- 1) ?x135)))
 (let ((?x2222 (* 6 ?x105)))
 (let ((?x1766 (* (- 1) ?x103)))
 (let ((?x2180 (* 3 ?x76)))
 (let ((?x1998 (* 6 ?x50)))
 (let ((?x1659 (+ ?x1998 ?x2180 ?x1766 ?x2222 ?x2223 ?x2224 ?x500 ?x2225 ?x525 (* (- 54) ?x529) ?x684 ?x2228 ?x603 ?x1767 ?x624 ?x2230 (* (- 36) ?x680) ?x2232 ?x696 ?x2233 ?x749 ?x2234 (* (- 3) ?x779) ?x781 ?x806 ?x892 ?x2235 (* (- 18) ?x955) ?x2236 ?x2237 ?x2238 ?x1034 ?x2241 ?x2244 ?x2245 ?x2247)))
 (let (($x2051 (not (= ?x1659 0))))
 (let ((?x1775 (* (- 1) ?x1704)))
 (let ((?x1770 (* (- 1) ?x769)))
 (let ((?x1661 (* 18 ?x717)))
 (let ((?x1769 (* (- 12) ?x687)))
 (let ((?x651 (* 24 ?x649)))
 (let ((?x563 (* 18 ?x561)))
 (let ((?x1394 (+ ?x76 ?x1766 ?x105 (* 6 ?x498) ?x500 (* (- 24) ?x529) ?x563 ?x1767 ?x1768 ?x651 (* (- 18) ?x680) ?x1769 ?x1661 ?x1770 ?x781 ?x1775)))
 (let (($x2193 (not (= ?x1394 0))))
 (let ((?x556 (* 18 ?x555)))
 (let ((?x542 (* (- 12) ?x529)))
 (let ((?x499 (* (- 6) ?x498)))
 (let ((?x414 (* z00 z00)))
 (let ((?x1463 (* 12 ?x414)))
 (let ((?x634 (* (- 108) x00)))
 (let ((?x55 (* z00 z00 z00)))
 (let ((?x507 (* (- 1) ?x55)))
 (let ((?x1316 (* (- 144) y00)))
 (let ((?x1391 (* (- 36) z00)))
 (let ((?x64 (* 108 x)))
 (let ((?x1058 (+ ?x64 (* 144 y) (* 36 z) ?x1391 ?x1316 ?x792 ?x507 ?x634 ?x76 ?x1463 ?x499 ?x542 ?x556 ?x603)))
 (let (($x729 (not (= ?x1058 0))))
 (let ((?x486 (* (- 1) ?x50)))
 (let ((?x485 (* (- 12) y00)))
 (let ((?x484 (* (- 6) z00)))
 (let ((?x46 (* 6 z)))
 (let ((?x45 (* 12 y)))
 (let (($x488 (= (+ ?x45 ?x46 ?x484 ?x485 ?x486 ?x414) 0)))
 (let (($x1172 (not $x488)))
 (let (($x406 (= (+ z (* (- 6) n) (* (- 1) z00) (* 6 n00)) 0)))
 (let (($x920 (not $x406)))
 (let (($x1384 (or $x920 $x1172 $x729 $x2193 $x2051 $x1709 (not (= (* ?x783 ?x626 ?x626 ?x2934) 0)))))
 (let ((?x878 (* 24 ?x623)))
 (let ((?x1398 (+ (* 10 ?x105) ?x201 (* (- 1) ?x212) ?x526 (* 108 ?x523) ?x973 ?x700 ?x575 ?x878 ?x1131 (* (- 120) ?x687) ?x768 (* (- 24) ?x717) ?x830 ?x1332 ?x1357 (* 18 ?x806) ?x865 ?x890 ?x938 ?x1118 (* (- 108) ?x955) ?x1231 ?x1298 ?x1095 ?x1155 ?x1181 ?x1258 ?x1271 ?x1275 ?x1371 ?x1378)))
 (let (($x1403 (= ?x1398 0)))
 (let ((?x681 (* 18 ?x680)))
 (let ((?x942 (* (- 36) ?x649)))
 (let ((?x592 (* (- 18) ?x561)))
 (let ((?x530 (* 12 ?x529)))
 (let ((?x527 (* (- 12) ?x498)))
 (let ((?x577 (* (- 72) y00)))
 (let ((?x71 (* 72 y)))
 (let ((?x1078 (+ ?x64 ?x71 ?x577 ?x634 (* (- 3) ?x105) ?x135 ?x527 ?x505 ?x617 ?x530 ?x849 ?x592 ?x942 ?x681 (* 36 ?x687) ?x722 (* 6 ?x717) ?x756 ?x1022 ?x782 ?x813 ?x904 ?x918 ?x956 ?x960 ?x990 ?x1019 ?x1047)))
 (let (($x1085 (= ?x1078 0)))
 (let ((?x667 (* (- 24) ?x649)))
 (let ((?x823 (+ ?x64 ?x71 ?x577 ?x634 ?x103 (* (- 1) ?x105) ?x527 ?x501 ?x530 ?x684 ?x592 ?x620 ?x624 ?x667 ?x681 (* 12 ?x687) (* (- 6) ?x717) ?x769 ?x793)))
 (let (($x828 (= ?x823 0)))
 (let ((?x518 (* 6 ?x414)))
 (let (($x655 (= (+ ?x64 ?x71 ?x577 ?x507 ?x634 ?x76 ?x518 ?x499 ?x542 ?x556 ?x603) 0)))
 (and $x406 $x488 $x655 $x828 $x1085 $x1403 $x1384))))))))))))))))))))))))))))))))))))))))))))))))))))))))))))))))))))))))))))))))))))))))))))))))))))))))))))))))))))))))))))))))))))))))))))))))))))))))))))))))))))))))))))))))))))))))))))))))))))))) :qid k!44))
 ))
 (let (($x2058 (exists ((x Int) (y Int) (z Int) (n Int) )(! (let ((?x2107 (* z z y00)))
 (let ((?x1977 (* z z z)))
 (let ((?x1976 (* y z z)))
 (let ((?x2006 (* 2 ?x1976)))
 (let ((?x1704 (* z z z00)))
 (let ((?x1933 (* 2 ?x1704)))
 (let ((?x1510 (* z y)))
 (let ((?x628 (* 6 ?x1510)))
 (let ((?x1033 (* z y00 y00)))
 (let ((?x1047 (* (- 2) ?x1033)))
 (let ((?x1019 (* y z y00)))
 (let ((?x989 (* x y00)))
 (let ((?x990 (* 18 ?x989)))
 (let ((?x959 (* z00 z00 x00)))
 (let ((?x960 (* 3 ?x959)))
 (let ((?x955 (* y x00)))
 (let ((?x956 (* 18 ?x955)))
 (let ((?x917 (* y y z00)))
 (let ((?x918 (* 2 ?x917)))
 (let ((?x891 (* x z z00)))
 (let ((?x904 (* (- 3) ?x891)))
 (let ((?x806 (* y z00 y00)))
 (let ((?x813 (* (- 1) ?x806)))
 (let ((?x780 (* x z00)))
 (let ((?x793 (* (- 18) ?x780)))
 (let ((?x779 (* z z00 x00)))
 (let ((?x782 (* 3 ?x779)))
 (let ((?x769 (* z00 z00 y00)))
 (let ((?x1022 (* 3 ?x769)))
 (let ((?x749 (* z00 y00 y00)))
 (let ((?x756 (* (- 1) ?x749)))
 (let ((?x717 (* y z00)))
 (let ((?x1922 (* (- 12) ?x717)))
 (let ((?x695 (* x z00 z00)))
 (let ((?x722 (* (- 3) ?x695)))
 (let ((?x687 (* y y00)))
 (let ((?x2126 (* 60 ?x687)))
 (let ((?x680 (* z x00)))
 (let ((?x1892 (* 36 ?x680)))
 (let ((?x649 (* y00 y00)))
 (let ((?x2160 (* (- 48) ?x649)))
 (let ((?x623 (* y y)))
 (let ((?x1768 (* (- 12) ?x623)))
 (let ((?x618 (* z00 x00)))
 (let ((?x620 (* 18 ?x618)))
 (let ((?x590 (* z z00)))
 (let ((?x591 (* 6 ?x590)))
 (let ((?x561 (* x z)))
 (let ((?x1570 (* (- 36) ?x561)))
 (let ((?x555 (* z00 y00)))
 (let ((?x849 (* (- 6) ?x555)))
 (let ((?x529 (* z y00)))
 (let ((?x1889 (* 54 ?x529)))
 (let ((?x523 (* x y)))
 (let ((?x617 (* (- 18) ?x523)))
 (let ((?x504 (* y00 x00)))
 (let ((?x505 (* (- 18) ?x504)))
 (let ((?x500 (* z z00 y00)))
 (let ((?x501 (* (- 1) ?x500)))
 (let ((?x135 (* y y z)))
 (let ((?x105 (* y z00 z00)))
 (let ((?x2211 (* (- 6) ?x105)))
 (let ((?x103 (* y z z00)))
 (let ((?x76 (* z z00 z00)))
 (let ((?x2202 (* (- 3) ?x76)))
 (let ((?x50 (* z z)))
 (let ((?x792 (* (- 6) ?x50)))
 (let ((?x1893 (+ ?x792 ?x2202 ?x103 ?x2211 ?x135 (* (- 42) (* y z)) ?x501 ?x505 ?x617 ?x1889 ?x849 ?x1570 ?x591 ?x620 ?x1768 ?x2160 ?x1892 ?x2126 ?x722 ?x1922 ?x756 ?x1022 ?x782 ?x793 ?x813 ?x904 ?x918 ?x956 ?x960 ?x990 ?x1019 ?x1047 ?x628 ?x1933 ?x2006 ?x1977 ?x2107)))
 (let ((?x626 (+ 6 z)))
 (let ((?x783 (+ 1 n)))
 (let ((?x3023 (* (- 1) (* z z00 z00 z00))))
 (let ((?x2897 (* z z z00 z00)))
 (let ((?x2906 (* 2 (* y z z00 z00))))
 (let ((?x2688 (* (- 12) ?x2107)))
 (let ((?x2439 (* (- 4) ?x1977)))
 (let ((?x2473 (* (- 12) ?x1976)))
 (let ((?x2617 (* (- 6) ?x1704)))
 (let ((?x1378 (* 108 (* x00 x00))))
 (let ((?x1371 (* 36 (* x z00 y00))))
 (let ((?x1275 (* 2 (* z00 z00 z00 x00))))
 (let ((?x1271 (* z00 z00 z00 y00)))
 (let ((?x1258 (* (- 216) (* x x00))))
 (let ((?x1181 (* (- 36) (* z00 y00 x00))))
 (let ((?x1155 (* (- 12) (* y y y00))))
 (let ((?x1095 (* 16 (* y00 y00 y00))))
 (let ((?x2703 (* (- 24) ?x1019)))
 (let ((?x1298 (* (- 216) ?x989)))
 (let ((?x1231 (* (- 18) ?x959)))
 (let ((?x2839 (* (- 324) ?x955)))
 (let ((?x1118 (* (- 6) ?x917)))
 (let ((?x938 (* (- 4) (* y y y))))
 (let ((?x890 (* 108 (* x x))))
 (let ((?x865 (* (- 1) (* z00 z00 y00 y00))))
 (let ((?x1357 (* (- 36) ?x780)))
 (let ((?x1332 (* (- 10) ?x769)))
 (let ((?x830 (* (- 12) ?x749)))
 (let ((?x2971 (* (- 60) ?x717)))
 (let ((?x768 (* 18 ?x695)))
 (let ((?x2887 (* (- 336) ?x687)))
 (let ((?x2768 (* (- 108) ?x680)))
 (let ((?x1131 (* 96 ?x649)))
 (let ((?x2383 (* 240 ?x623)))
 (let ((?x575 (* 36 ?x618)))
 (let ((?x2564 (* (- 24) ?x590)))
 (let ((?x700 (* (- 2) (* x z00 z00 z00))))
 (let ((?x2220 (* 108 ?x561)))
 (let ((?x973 (* 24 ?x555)))
 (let ((?x2526 (* (- 120) ?x529)))
 (let ((?x526 (* 216 ?x504)))
 (let ((?x212 (* y z00 z00 z00)))
 (let ((?x3030 (* (- 3) ?x212)))
 (let ((?x201 (* y y z00 z00)))
 (let ((?x2472 (* (- 12) ?x135)))
 (let ((?x3003 (* 28 ?x105)))
 (let ((?x2632 (* (- 12) ?x103)))
 (let ((?x2990 (* 10 ?x76)))
 (let ((?x2357 (* 24 ?x50)))
 (let ((?x1850 (+ ?x2357 ?x2990 ?x2632 ?x3003 ?x2472 ?x201 ?x3030 (* 156 (* y z)) (* 18 ?x500) ?x526 (* 324 ?x523) ?x2526 ?x973 ?x2220 ?x700 ?x2564 ?x575 ?x2383 ?x1131 ?x2768 ?x2887 ?x768 ?x2971 ?x830 ?x1332 ?x1357 (* 54 ?x806) ?x865 ?x890 ?x938 ?x1118 ?x2839 ?x1231 ?x1298 ?x2703 ?x1095 ?x1155 ?x1181 ?x1258 ?x1271 ?x1275 ?x1371 ?x1378 ?x2617 ?x2473 ?x2439 ?x2688 ?x2906 ?x2897 ?x3023)))
 (let (($x1709 (not (= ?x1850 0))))
 (let ((?x2247 (* (- 1) ?x2107)))
 (let ((?x2245 (* (- 1) ?x1977)))
 (let ((?x2244 (* (- 2) ?x1976)))
 (let ((?x2241 (* (- 2) ?x1704)))
 (let ((?x1034 (* 2 ?x1033)))
 (let ((?x2238 (* (- 1) ?x1019)))
 (let ((?x2237 (* (- 18) ?x989)))
 (let ((?x2236 (* (- 3) ?x959)))
 (let ((?x2235 (* (- 2) ?x917)))
 (let ((?x892 (* 3 ?x891)))
 (let ((?x781 (* 18 ?x780)))
 (let ((?x2234 (* (- 3) ?x769)))
 (let ((?x2233 (* 12 ?x717)))
 (let ((?x696 (* 3 ?x695)))
 (let ((?x2232 (* (- 60) ?x687)))
 (let ((?x2230 (* 48 ?x649)))
 (let ((?x624 (* 12 ?x623)))
 (let ((?x1767 (* (- 18) ?x618)))
 (let ((?x603 (* (- 6) ?x590)))
 (let ((?x2228 (* 36 ?x561)))
 (let ((?x684 (* 6 ?x555)))
 (let ((?x525 (* 18 ?x523)))
 (let ((?x2225 (* 18 ?x504)))
 (let ((?x498 (* y z)))
 (let ((?x2224 (* 36 ?x498)))
 (let ((?x2223 (* (- 1) ?x135)))
 (let ((?x2222 (* 6 ?x105)))
 (let ((?x1766 (* (- 1) ?x103)))
 (let ((?x2180 (* 3 ?x76)))
 (let ((?x1998 (* 6 ?x50)))
 (let ((?x1659 (+ ?x1998 ?x2180 ?x1766 ?x2222 ?x2223 ?x2224 ?x500 ?x2225 ?x525 (* (- 54) ?x529) ?x684 ?x2228 ?x603 ?x1767 ?x624 ?x2230 (* (- 36) ?x680) ?x2232 ?x696 ?x2233 ?x749 ?x2234 (* (- 3) ?x779) ?x781 ?x806 ?x892 ?x2235 (* (- 18) ?x955) ?x2236 ?x2237 ?x2238 ?x1034 ?x2241 ?x2244 ?x2245 ?x2247)))
 (let (($x2051 (not (= ?x1659 0))))
 (let ((?x1775 (* (- 1) ?x1704)))
 (let ((?x1770 (* (- 1) ?x769)))
 (let ((?x1661 (* 18 ?x717)))
 (let ((?x1769 (* (- 12) ?x687)))
 (let ((?x651 (* 24 ?x649)))
 (let ((?x563 (* 18 ?x561)))
 (let ((?x1394 (+ ?x76 ?x1766 ?x105 (* 6 ?x498) ?x500 (* (- 24) ?x529) ?x563 ?x1767 ?x1768 ?x651 (* (- 18) ?x680) ?x1769 ?x1661 ?x1770 ?x781 ?x1775)))
 (let (($x2193 (not (= ?x1394 0))))
 (let ((?x556 (* 18 ?x555)))
 (let ((?x542 (* (- 12) ?x529)))
 (let ((?x499 (* (- 6) ?x498)))
 (let ((?x414 (* z00 z00)))
 (let ((?x1463 (* 12 ?x414)))
 (let ((?x634 (* (- 108) x00)))
 (let ((?x55 (* z00 z00 z00)))
 (let ((?x507 (* (- 1) ?x55)))
 (let ((?x1316 (* (- 144) y00)))
 (let ((?x1391 (* (- 36) z00)))
 (let ((?x64 (* 108 x)))
 (let ((?x1058 (+ ?x64 (* 144 y) (* 36 z) ?x1391 ?x1316 ?x792 ?x507 ?x634 ?x76 ?x1463 ?x499 ?x542 ?x556 ?x603)))
 (let (($x729 (not (= ?x1058 0))))
 (let ((?x486 (* (- 1) ?x50)))
 (let ((?x485 (* (- 12) y00)))
 (let ((?x484 (* (- 6) z00)))
 (let ((?x46 (* 6 z)))
 (let ((?x45 (* 12 y)))
 (let (($x488 (= (+ ?x45 ?x46 ?x484 ?x485 ?x486 ?x414) 0)))
 (let (($x1172 (not $x488)))
 (let (($x406 (= (+ z (* (- 6) n) (* (- 1) z00) (* 6 n00)) 0)))
 (let (($x920 (not $x406)))
 (let (($x2458 (or $x920 $x1172 $x729 $x2193 $x2051 $x1709 (not (= (* ?x783 ?x626 ?x626 ?x1893) 0)))))
 (let ((?x878 (* 24 ?x623)))
 (let ((?x1398 (+ (* 10 ?x105) ?x201 (* (- 1) ?x212) ?x526 (* 108 ?x523) ?x973 ?x700 ?x575 ?x878 ?x1131 (* (- 120) ?x687) ?x768 (* (- 24) ?x717) ?x830 ?x1332 ?x1357 (* 18 ?x806) ?x865 ?x890 ?x938 ?x1118 (* (- 108) ?x955) ?x1231 ?x1298 ?x1095 ?x1155 ?x1181 ?x1258 ?x1271 ?x1275 ?x1371 ?x1378)))
 (let (($x1403 (= ?x1398 0)))
 (let ((?x681 (* 18 ?x680)))
 (let ((?x942 (* (- 36) ?x649)))
 (let ((?x592 (* (- 18) ?x561)))
 (let ((?x530 (* 12 ?x529)))
 (let ((?x527 (* (- 12) ?x498)))
 (let ((?x577 (* (- 72) y00)))
 (let ((?x71 (* 72 y)))
 (let ((?x1078 (+ ?x64 ?x71 ?x577 ?x634 (* (- 3) ?x105) ?x135 ?x527 ?x505 ?x617 ?x530 ?x849 ?x592 ?x942 ?x681 (* 36 ?x687) ?x722 (* 6 ?x717) ?x756 ?x1022 ?x782 ?x813 ?x904 ?x918 ?x956 ?x960 ?x990 ?x1019 ?x1047)))
 (let (($x1085 (= ?x1078 0)))
 (let ((?x667 (* (- 24) ?x649)))
 (let ((?x823 (+ ?x64 ?x71 ?x577 ?x634 ?x103 (* (- 1) ?x105) ?x527 ?x501 ?x530 ?x684 ?x592 ?x620 ?x624 ?x667 ?x681 (* 12 ?x687) (* (- 6) ?x717) ?x769 ?x793)))
 (let (($x828 (= ?x823 0)))
 (let ((?x518 (* 6 ?x414)))
 (let (($x655 (= (+ ?x64 ?x71 ?x577 ?x507 ?x634 ?x76 ?x518 ?x499 ?x542 ?x556 ?x603) 0)))
 (and $x406 $x488 $x655 $x828 $x1085 $x1403 $x2458)))))))))))))))))))))))))))))))))))))))))))))))))))))))))))))))))))))))))))))))))))))))))))))))))))))))))))))))))))))))))))))))))))))))))))))))))))))))))))))))))))))))))))))))))))))))))))))))))))))))) :qid k!44))
 ))
 (let ((?x1637 (lambda ((x Int) (y Int) (z Int) (n Int) )(let ((?x2107 (* z z y00)))
 (let ((?x1977 (* z z z)))
 (let ((?x1976 (* y z z)))
 (let ((?x2006 (* 2 ?x1976)))
 (let ((?x1704 (* z z z00)))
 (let ((?x1933 (* 2 ?x1704)))
 (let ((?x1033 (* z y00 y00)))
 (let ((?x1047 (* (- 2) ?x1033)))
 (let ((?x1019 (* y z y00)))
 (let ((?x989 (* x y00)))
 (let ((?x990 (* 18 ?x989)))
 (let ((?x959 (* z00 z00 x00)))
 (let ((?x960 (* 3 ?x959)))
 (let ((?x955 (* y x00)))
 (let ((?x956 (* 18 ?x955)))
 (let ((?x917 (* y y z00)))
 (let ((?x918 (* 2 ?x917)))
 (let ((?x891 (* x z z00)))
 (let ((?x904 (* (- 3) ?x891)))
 (let ((?x806 (* y z00 y00)))
 (let ((?x813 (* (- 1) ?x806)))
 (let ((?x780 (* x z00)))
 (let ((?x793 (* (- 18) ?x780)))
 (let ((?x779 (* z z00 x00)))
 (let ((?x782 (* 3 ?x779)))
 (let ((?x769 (* z00 z00 y00)))
 (let ((?x1022 (* 3 ?x769)))
 (let ((?x749 (* z00 y00 y00)))
 (let ((?x756 (* (- 1) ?x749)))
 (let ((?x717 (* y z00)))
 (let ((?x1922 (* (- 12) ?x717)))
 (let ((?x695 (* x z00 z00)))
 (let ((?x722 (* (- 3) ?x695)))
 (let ((?x687 (* y y00)))
 (let ((?x2126 (* 60 ?x687)))
 (let ((?x680 (* z x00)))
 (let ((?x1892 (* 36 ?x680)))
 (let ((?x649 (* y00 y00)))
 (let ((?x2160 (* (- 48) ?x649)))
 (let ((?x623 (* y y)))
 (let ((?x1768 (* (- 12) ?x623)))
 (let ((?x618 (* z00 x00)))
 (let ((?x620 (* 18 ?x618)))
 (let ((?x590 (* z z00)))
 (let ((?x591 (* 6 ?x590)))
 (let ((?x561 (* x z)))
 (let ((?x1570 (* (- 36) ?x561)))
 (let ((?x555 (* z00 y00)))
 (let ((?x849 (* (- 6) ?x555)))
 (let ((?x529 (* z y00)))
 (let ((?x1889 (* 54 ?x529)))
 (let ((?x523 (* x y)))
 (let ((?x617 (* (- 18) ?x523)))
 (let ((?x504 (* y00 x00)))
 (let ((?x505 (* (- 18) ?x504)))
 (let ((?x500 (* z z00 y00)))
 (let ((?x501 (* (- 1) ?x500)))
 (let ((?x498 (* y z)))
 (let ((?x1568 (* (- 36) ?x498)))
 (let ((?x135 (* y y z)))
 (let ((?x105 (* y z00 z00)))
 (let ((?x2211 (* (- 6) ?x105)))
 (let ((?x103 (* y z z00)))
 (let ((?x76 (* z z00 z00)))
 (let ((?x2202 (* (- 3) ?x76)))
 (let ((?x50 (* z z)))
 (let ((?x792 (* (- 6) ?x50)))
 (let ((?x2934 (+ ?x792 ?x2202 ?x103 ?x2211 ?x135 ?x1568 ?x501 ?x505 ?x617 ?x1889 ?x849 ?x1570 ?x591 ?x620 ?x1768 ?x2160 ?x1892 ?x2126 ?x722 ?x1922 ?x756 ?x1022 ?x782 ?x793 ?x813 ?x904 ?x918 ?x956 ?x960 ?x990 ?x1019 ?x1047 ?x1933 ?x2006 ?x1977 ?x2107)))
 (let ((?x626 (+ 6 z)))
 (let ((?x783 (+ 1 n)))
 (let ((?x3023 (* (- 1) (* z z00 z00 z00))))
 (let ((?x2897 (* z z z00 z00)))
 (let ((?x2906 (* 2 (* y z z00 z00))))
 (let ((?x2688 (* (- 12) ?x2107)))
 (let ((?x2439 (* (- 4) ?x1977)))
 (let ((?x2473 (* (- 12) ?x1976)))
 (let ((?x2617 (* (- 6) ?x1704)))
 (let ((?x1378 (* 108 (* x00 x00))))
 (let ((?x1371 (* 36 (* x z00 y00))))
 (let ((?x1275 (* 2 (* z00 z00 z00 x00))))
 (let ((?x1271 (* z00 z00 z00 y00)))
 (let ((?x1258 (* (- 216) (* x x00))))
 (let ((?x1181 (* (- 36) (* z00 y00 x00))))
 (let ((?x1155 (* (- 12) (* y y y00))))
 (let ((?x1095 (* 16 (* y00 y00 y00))))
 (let ((?x2703 (* (- 24) ?x1019)))
 (let ((?x1298 (* (- 216) ?x989)))
 (let ((?x1231 (* (- 18) ?x959)))
 (let ((?x2839 (* (- 324) ?x955)))
 (let ((?x1118 (* (- 6) ?x917)))
 (let ((?x938 (* (- 4) (* y y y))))
 (let ((?x890 (* 108 (* x x))))
 (let ((?x865 (* (- 1) (* z00 z00 y00 y00))))
 (let ((?x1357 (* (- 36) ?x780)))
 (let ((?x1332 (* (- 10) ?x769)))
 (let ((?x830 (* (- 12) ?x749)))
 (let ((?x2971 (* (- 60) ?x717)))
 (let ((?x768 (* 18 ?x695)))
 (let ((?x2887 (* (- 336) ?x687)))
 (let ((?x2768 (* (- 108) ?x680)))
 (let ((?x1131 (* 96 ?x649)))
 (let ((?x2383 (* 240 ?x623)))
 (let ((?x575 (* 36 ?x618)))
 (let ((?x2564 (* (- 24) ?x590)))
 (let ((?x700 (* (- 2) (* x z00 z00 z00))))
 (let ((?x2220 (* 108 ?x561)))
 (let ((?x973 (* 24 ?x555)))
 (let ((?x2526 (* (- 120) ?x529)))
 (let ((?x526 (* 216 ?x504)))
 (let ((?x212 (* y z00 z00 z00)))
 (let ((?x3030 (* (- 3) ?x212)))
 (let ((?x201 (* y y z00 z00)))
 (let ((?x2472 (* (- 12) ?x135)))
 (let ((?x3003 (* 28 ?x105)))
 (let ((?x2632 (* (- 12) ?x103)))
 (let ((?x2990 (* 10 ?x76)))
 (let ((?x2357 (* 24 ?x50)))
 (let ((?x1850 (+ ?x2357 ?x2990 ?x2632 ?x3003 ?x2472 ?x201 ?x3030 (* 156 ?x498) (* 18 ?x500) ?x526 (* 324 ?x523) ?x2526 ?x973 ?x2220 ?x700 ?x2564 ?x575 ?x2383 ?x1131 ?x2768 ?x2887 ?x768 ?x2971 ?x830 ?x1332 ?x1357 (* 54 ?x806) ?x865 ?x890 ?x938 ?x1118 ?x2839 ?x1231 ?x1298 ?x2703 ?x1095 ?x1155 ?x1181 ?x1258 ?x1271 ?x1275 ?x1371 ?x1378 ?x2617 ?x2473 ?x2439 ?x2688 ?x2906 ?x2897 ?x3023)))
 (let (($x1709 (not (= ?x1850 0))))
 (let ((?x2247 (* (- 1) ?x2107)))
 (let ((?x2245 (* (- 1) ?x1977)))
 (let ((?x2244 (* (- 2) ?x1976)))
 (let ((?x2241 (* (- 2) ?x1704)))
 (let ((?x1034 (* 2 ?x1033)))
 (let ((?x2238 (* (- 1) ?x1019)))
 (let ((?x2237 (* (- 18) ?x989)))
 (let ((?x2236 (* (- 3) ?x959)))
 (let ((?x2235 (* (- 2) ?x917)))
 (let ((?x892 (* 3 ?x891)))
 (let ((?x781 (* 18 ?x780)))
 (let ((?x2234 (* (- 3) ?x769)))
 (let ((?x2233 (* 12 ?x717)))
 (let ((?x696 (* 3 ?x695)))
 (let ((?x2232 (* (- 60) ?x687)))
 (let ((?x2230 (* 48 ?x649)))
 (let ((?x624 (* 12 ?x623)))
 (let ((?x1767 (* (- 18) ?x618)))
 (let ((?x603 (* (- 6) ?x590)))
 (let ((?x2228 (* 36 ?x561)))
 (let ((?x684 (* 6 ?x555)))
 (let ((?x525 (* 18 ?x523)))
 (let ((?x2225 (* 18 ?x504)))
 (let ((?x2224 (* 36 ?x498)))
 (let ((?x2223 (* (- 1) ?x135)))
 (let ((?x2222 (* 6 ?x105)))
 (let ((?x1766 (* (- 1) ?x103)))
 (let ((?x2180 (* 3 ?x76)))
 (let ((?x1998 (* 6 ?x50)))
 (let ((?x1659 (+ ?x1998 ?x2180 ?x1766 ?x2222 ?x2223 ?x2224 ?x500 ?x2225 ?x525 (* (- 54) ?x529) ?x684 ?x2228 ?x603 ?x1767 ?x624 ?x2230 (* (- 36) ?x680) ?x2232 ?x696 ?x2233 ?x749 ?x2234 (* (- 3) ?x779) ?x781 ?x806 ?x892 ?x2235 (* (- 18) ?x955) ?x2236 ?x2237 ?x2238 ?x1034 ?x2241 ?x2244 ?x2245 ?x2247)))
 (let (($x2051 (not (= ?x1659 0))))
 (let ((?x1775 (* (- 1) ?x1704)))
 (let ((?x1770 (* (- 1) ?x769)))
 (let ((?x1661 (* 18 ?x717)))
 (let ((?x1769 (* (- 12) ?x687)))
 (let ((?x651 (* 24 ?x649)))
 (let ((?x563 (* 18 ?x561)))
 (let ((?x1394 (+ ?x76 ?x1766 ?x105 (* 6 ?x498) ?x500 (* (- 24) ?x529) ?x563 ?x1767 ?x1768 ?x651 (* (- 18) ?x680) ?x1769 ?x1661 ?x1770 ?x781 ?x1775)))
 (let (($x2193 (not (= ?x1394 0))))
 (let ((?x556 (* 18 ?x555)))
 (let ((?x542 (* (- 12) ?x529)))
 (let ((?x499 (* (- 6) ?x498)))
 (let ((?x414 (* z00 z00)))
 (let ((?x1463 (* 12 ?x414)))
 (let ((?x634 (* (- 108) x00)))
 (let ((?x55 (* z00 z00 z00)))
 (let ((?x507 (* (- 1) ?x55)))
 (let ((?x1316 (* (- 144) y00)))
 (let ((?x1391 (* (- 36) z00)))
 (let ((?x64 (* 108 x)))
 (let ((?x1058 (+ ?x64 (* 144 y) (* 36 z) ?x1391 ?x1316 ?x792 ?x507 ?x634 ?x76 ?x1463 ?x499 ?x542 ?x556 ?x603)))
 (let (($x729 (not (= ?x1058 0))))
 (let ((?x486 (* (- 1) ?x50)))
 (let ((?x485 (* (- 12) y00)))
 (let ((?x484 (* (- 6) z00)))
 (let ((?x46 (* 6 z)))
 (let ((?x45 (* 12 y)))
 (let (($x488 (= (+ ?x45 ?x46 ?x484 ?x485 ?x486 ?x414) 0)))
 (let (($x1172 (not $x488)))
 (let (($x406 (= (+ z (* (- 6) n) (* (- 1) z00) (* 6 n00)) 0)))
 (let (($x920 (not $x406)))
 (let (($x1384 (or $x920 $x1172 $x729 $x2193 $x2051 $x1709 (not (= (* ?x783 ?x626 ?x626 ?x2934) 0)))))
 (let ((?x878 (* 24 ?x623)))
 (let ((?x1398 (+ (* 10 ?x105) ?x201 (* (- 1) ?x212) ?x526 (* 108 ?x523) ?x973 ?x700 ?x575 ?x878 ?x1131 (* (- 120) ?x687) ?x768 (* (- 24) ?x717) ?x830 ?x1332 ?x1357 (* 18 ?x806) ?x865 ?x890 ?x938 ?x1118 (* (- 108) ?x955) ?x1231 ?x1298 ?x1095 ?x1155 ?x1181 ?x1258 ?x1271 ?x1275 ?x1371 ?x1378)))
 (let (($x1403 (= ?x1398 0)))
 (let ((?x681 (* 18 ?x680)))
 (let ((?x942 (* (- 36) ?x649)))
 (let ((?x592 (* (- 18) ?x561)))
 (let ((?x530 (* 12 ?x529)))
 (let ((?x527 (* (- 12) ?x498)))
 (let ((?x577 (* (- 72) y00)))
 (let ((?x71 (* 72 y)))
 (let ((?x1078 (+ ?x64 ?x71 ?x577 ?x634 (* (- 3) ?x105) ?x135 ?x527 ?x505 ?x617 ?x530 ?x849 ?x592 ?x942 ?x681 (* 36 ?x687) ?x722 (* 6 ?x717) ?x756 ?x1022 ?x782 ?x813 ?x904 ?x918 ?x956 ?x960 ?x990 ?x1019 ?x1047)))
 (let (($x1085 (= ?x1078 0)))
 (let ((?x667 (* (- 24) ?x649)))
 (let ((?x823 (+ ?x64 ?x71 ?x577 ?x634 ?x103 (* (- 1) ?x105) ?x527 ?x501 ?x530 ?x684 ?x592 ?x620 ?x624 ?x667 ?x681 (* 12 ?x687) (* (- 6) ?x717) ?x769 ?x793)))
 (let (($x828 (= ?x823 0)))
 (let ((?x518 (* 6 ?x414)))
 (let (($x655 (= (+ ?x64 ?x71 ?x577 ?x507 ?x634 ?x76 ?x518 ?x499 ?x542 ?x556 ?x603) 0)))
 (let (($x1113 (and $x406 $x488 $x655 $x828 $x1085 $x1403 $x1384)))
 (let ((?x1510 (* z y)))
 (let ((?x628 (* 6 ?x1510)))
 (let ((?x1893 (+ ?x792 ?x2202 ?x103 ?x2211 ?x135 (* (- 42) ?x498) ?x501 ?x505 ?x617 ?x1889 ?x849 ?x1570 ?x591 ?x620 ?x1768 ?x2160 ?x1892 ?x2126 ?x722 ?x1922 ?x756 ?x1022 ?x782 ?x793 ?x813 ?x904 ?x918 ?x956 ?x960 ?x990 ?x1019 ?x1047 ?x628 ?x1933 ?x2006 ?x1977 ?x2107)))
 (let (($x2458 (or $x920 $x1172 $x729 $x2193 $x2051 $x1709 (not (= (* ?x783 ?x626 ?x626 ?x1893) 0)))))
 (let (($x2052 (and $x406 $x488 $x655 $x828 $x1085 $x1403 $x2458)))
 (rewrite (= $x2052 $x1113)))))))))))))))))))))))))))))))))))))))))))))))))))))))))))))))))))))))))))))))))))))))))))))))))))))))))))))))))))))))))))))))))))))))))))))))))))))))))))))))))))))))))))))))))))))))))))))))))))))))))))))))
 ))
 (let (($x438 (exists ((x Int) (y Int) (z Int) (n Int) )(! (let ((?x99 (* y00 z00 z00)))
 (let ((?x1862 (* 3 ?x99)))
 (let ((?x223 (+ y z)))
 (let ((?x626 (+ 6 z)))
 (let ((?x1967 (* y00 ?x626 ?x223)))
 (let ((?x634 (* (- 108) x00)))
 (let ((?x1415 (* 72 z)))
 (let ((?x577 (* (- 72) y00)))
 (let ((?x1423 (* 180 y)))
 (let ((?x64 (* 108 x)))
 (let ((?x2281 (* x00 z00 z00)))
 (let ((?x2287 (* 3 ?x2281)))
 (let ((?x1835 (* ?x626 ?x223 ?x223)))
 (let ((?x565 (* x00 ?x626)))
 (let ((?x1569 (* 18 ?x565)))
 (let ((?x649 (* y00 y00)))
 (let ((?x942 (* (- 36) ?x649)))
 (let ((?x2937 (* ?x626 ?x223)))
 (let ((?x584 (* (- 12) ?x2937)))
 (let ((?x2417 (* z00 ?x223)))
 (let ((?x2418 (* 6 ?x2417)))
 (let ((?x2660 (* y00 z00)))
 (let ((?x598 (* (- 6) ?x2660)))
 (let ((?x1597 (* y00 ?x626)))
 (let ((?x1473 (* 12 ?x1597)))
 (let ((?x113 (* y00 y00 z00)))
 (let ((?x1442 (* (- 1) ?x113)))
 (let ((?x237 (+ x y)))
 (let ((?x1330 (* ?x626 ?x237)))
 (let ((?x2426 (* (- 18) ?x1330)))
 (let ((?x1833 (* x00 y00)))
 (let ((?x2064 (* (- 18) ?x1833)))
 (let ((?x2039 (+ ?x2064 (* (- 18) (* ?x223 ?x237)) ?x2426 (* (- 3) (* z00 z00 ?x237)) ?x1442 (* 3 (* x00 z00 ?x626)) (* (- 1) (* y00 z00 ?x223)) ?x1473 ?x598 (* 36 (* y00 ?x223)) ?x2418 ?x584 (* (- 3) (* z00 ?x626 ?x237)) (* 2 (* z00 ?x223 ?x223)) ?x942 ?x1569 ?x1835 (* 18 (* x00 ?x223)) ?x2287 ?x64 ?x1423 ?x577 (* 18 (* y00 ?x237)) ?x1415 ?x634 ?x1967 ?x1862 (* (- 2) (* y00 y00 ?x626)) (* (- 3) (* z00 z00 ?x223)))))
 (let ((?x783 (+ 1 n)))
 (let (($x2116 (not (= (* ?x783 ?x626 ?x626 ?x2039) 0))))
 (let ((?x1378 (* 108 (* x00 x00))))
 (let ((?x1465 (* (- 10) ?x99)))
 (let ((?x1035 (* 2 (* x00 z00 z00 z00))))
 (let ((?x196 (* y00 z00 z00 z00)))
 (let ((?x2036 (* (- 18) ?x2281)))
 (let ((?x1288 (* (- 36) (* x00 y00 z00))))
 (let ((?x1131 (* 96 ?x649)))
 (let ((?x1095 (* 16 (* y00 y00 y00))))
 (let ((?x2294 (* 24 ?x2660)))
 (let ((?x161 (* y00 y00 z00 z00)))
 (let ((?x543 (* (- 1) ?x161)))
 (let ((?x2214 (* (- 12) ?x113)))
 (let ((?x2711 (* x00 z00)))
 (let ((?x2681 (* 36 ?x2711)))
 (let ((?x853 (* 216 ?x1833)))
 (let ((?x664 (+ ?x853 (* 108 (* ?x223 ?x237)) ?x2681 (* (- 2) (* z00 z00 z00 ?x237)) (* 18 (* z00 z00 ?x237)) ?x2214 ?x543 (* 24 (* ?x223 ?x223)) (* 108 (* ?x237 ?x237)) (* (- 4) (* ?x223 ?x223 ?x223)) (* 18 (* y00 z00 ?x223)) ?x2294 (* (- 120) (* y00 ?x223)) (* (- 24) ?x2417) ?x1095 (* (- 6) (* z00 ?x223 ?x223)) ?x1131 (* (- 12) (* y00 ?x223 ?x223)) ?x1288 (* (- 108) (* x00 ?x223)) ?x2036 (* (- 216) (* x00 ?x237)) ?x196 ?x1035 (* (- 216) (* y00 ?x237)) (* z00 z00 ?x223 ?x223) ?x1465 (* (- 36) (* z00 ?x237)) (* 36 (* y00 z00 ?x237)) (* 10 (* z00 z00 ?x223)) ?x1378 (* (- 1) (* z00 z00 z00 ?x223)))))
 (let (($x2070 (not (= ?x664 0))))
 (let ((?x1417 (* (- 3) ?x99)))
 (let ((?x74 (* 108 x00)))
 (let ((?x551 (* (- 72) z)))
 (let ((?x67 (* 72 y00)))
 (let ((?x583 (* (- 180) y)))
 (let ((?x1496 (* (- 108) x)))
 (let ((?x1907 (* (- 3) ?x2281)))
 (let ((?x1920 (* (- 18) ?x565)))
 (let ((?x1447 (* 36 ?x649)))
 (let ((?x804 (* 12 ?x2937)))
 (let ((?x2429 (* (- 6) ?x2417)))
 (let ((?x1319 (* 6 ?x2660)))
 (let ((?x585 (* (- 12) ?x1597)))
 (let ((?x1613 (* y00 z00 ?x223)))
 (let ((?x547 (* 18 ?x1330)))
 (let ((?x509 (* 18 ?x1833)))
 (let ((?x1133 (+ ?x509 (* 18 (* ?x223 ?x237)) ?x547 (* 3 (* z00 z00 ?x237)) ?x113 (* (- 3) (* x00 z00 ?x626)) ?x1613 ?x585 ?x1319 (* (- 36) (* y00 ?x223)) ?x2429 ?x804 (* 3 (* z00 ?x626 ?x237)) (* (- 2) (* z00 ?x223 ?x223)) ?x1447 ?x1920 (* (- 1) ?x1835) (* (- 18) (* x00 ?x223)) ?x1907 ?x1496 ?x583 ?x67 (* (- 18) (* y00 ?x237)) ?x551 ?x74 (* (- 1) ?x1967) ?x1417 (* 2 (* y00 y00 ?x626)) (* 3 (* z00 z00 ?x223)))))
 (let ((?x1282 (* z00 z00 ?x223)))
 (let ((?x1562 (* (- 1) ?x99)))
 (let ((?x651 (* 24 ?x649)))
 (let ((?x1713 (* (- 18) ?x2711)))
 (let ((?x785 (* y00 z00 ?x626)))
 (let ((?x950 (+ ?x785 ?x804 ?x547 ?x1713 (* (- 12) (* ?x223 ?x223)) ?x651 ?x1920 ?x585 ?x598 (* (- 12) (* y00 ?x223)) ?x1496 ?x583 ?x67 ?x2418 ?x551 ?x74 ?x1562 (* 18 (* z00 ?x237)) (* (- 1) (* z00 ?x626 ?x223)) ?x1282)))
 (let ((?x1413 (* (- 18) ?x2660)))
 (let ((?x414 (* z00 z00)))
 (let ((?x609 (* (- 6) ?x414)))
 (let ((?x55 (* z00 z00 z00)))
 (let ((?x524 (+ (* 6 ?x2937) ?x55 ?x609 ?x1473 ?x1413 ?x1496 ?x583 ?x67 (* 6 (* z00 ?x626)) ?x551 ?x74 (* (- 1) (* z00 z00 ?x626)))))
 (let ((?x484 (* (- 6) z00)))
 (let ((?x45 (* 12 y)))
 (let ((?x485 (* (- 12) y00)))
 (let (($x2959 (= (+ ?x414 ?x485 ?x45 (* 18 z) ?x484 (* (- 1) (* ?x626 ?x626))) (- 36))))
 (let (($x607 (= (+ z (* (- 1) z00) (* (- 6) n) (* 6 n00)) 0)))
 (let (($x431 (or (not $x607) (not $x2959) (not (= ?x524 0)) (not (= ?x950 0)) (not (= ?x1133 0)) $x2070 $x2116)))
 (let ((?x938 (* (- 4) (* y y y))))
 (let ((?x890 (* 108 (* x x))))
 (let ((?x623 (* y y)))
 (let ((?x878 (* 24 ?x623)))
 (let ((?x2366 (* y x)))
 (let ((?x2367 (* 108 ?x2366)))
 (let ((?x1759 (+ ?x853 ?x2367 ?x2681 (* (- 2) (* z00 z00 z00 x)) (* 18 (* z00 z00 x)) ?x2214 ?x543 ?x878 ?x890 ?x938 (* 18 (* y00 z00 y)) ?x2294 (* (- 120) (* y00 y)) (* (- 24) (* z00 y)) ?x1095 (* (- 6) (* z00 y y)) ?x1131 (* (- 12) (* y00 y y)) ?x1288 (* (- 108) (* x00 y)) ?x2036 (* (- 216) (* x00 x)) ?x196 ?x1035 (* (- 216) (* y00 x)) (* z00 z00 y y) ?x1465 (* (- 36) (* z00 x)) (* 36 (* y00 z00 x)) (* 10 (* z00 z00 y)) ?x1378 (* (- 1) (* z00 z00 z00 y)))))
 (let (($x716 (= ?x1759 0)))
 (let ((?x2313 (* (- 72) y)))
 (let ((?x2014 (* x00 y)))
 (let ((?x2246 (* (- 18) ?x2014)))
 (let ((?x1551 (* x00 z)))
 (let ((?x1774 (* (- 18) ?x1551)))
 (let ((?x1510 (* z y)))
 (let ((?x1502 (* 12 ?x1510)))
 (let ((?x1653 (* z00 y)))
 (let ((?x1111 (* (- 6) ?x1653)))
 (let ((?x1151 (* y00 z)))
 (let ((?x1222 (* (- 12) ?x1151)))
 (let ((?x841 (* y00 z00 y)))
 (let ((?x1479 (* z x)))
 (let ((?x1848 (* 18 ?x1479)))
 (let ((?x2137 (+ ?x509 (* 18 ?x2366) ?x1848 (* 3 (* z00 z00 x)) ?x113 (* (- 3) (* x00 z00 z)) ?x841 ?x1222 ?x1319 (* (- 36) (* y00 y)) ?x1111 ?x1502 (* 3 (* z00 z x)) (* (- 2) (* z00 y y)) ?x1447 ?x1774 (* (- 1) (* z y y)) ?x2246 ?x1907 ?x1496 ?x67 (* (- 18) (* y00 x)) ?x2313 ?x74 (* (- 1) (* y00 z y)) ?x1417 (* 2 (* y00 y00 z)) (* 3 (* z00 z00 y)))))
 (let ((?x2205 (* z00 z00 y)))
 (let ((?x1654 (* 6 ?x1653)))
 (let ((?x1768 (* (- 12) ?x623)))
 (let ((?x1292 (* y00 z00 z)))
 (let ((?x1667 (+ ?x1292 ?x1502 ?x1848 ?x1713 ?x1768 ?x651 ?x1774 ?x1222 ?x598 (* (- 12) (* y00 y)) ?x1496 ?x67 ?x1654 ?x2313 ?x74 ?x1562 (* 18 (* z00 x)) (* (- 1) (* z00 z y)) ?x2205)))
 (let ((?x1152 (* 12 ?x1151)))
 (let ((?x628 (* 6 ?x1510)))
 (let ((?x2213 (+ ?x628 ?x55 ?x609 ?x1152 ?x1413 ?x1496 ?x67 (* 6 (* z00 z)) ?x2313 ?x74 (* (- 1) (* z00 z00 z)))))
 (let (($x495 (= (+ ?x414 ?x485 ?x45 (* 6 z) ?x484 (* (- 1) (* z z))) 0)))
 (and $x607 $x495 (= ?x2213 0) (= ?x1667 0) (= ?x2137 0) $x716 $x431))))))))))))))))))))))))))))))))))))))))))))))))))))))))))))))))))))))))))))))))))))))))))))))))))))))))))))))))))))))) :qid k!44))
 ))
 (let ((?x2030 (lambda ((x Int) (y Int) (z Int) (n Int) )(let ((?x2107 (* z z y00)))
 (let ((?x1977 (* z z z)))
 (let ((?x1976 (* y z z)))
 (let ((?x2006 (* 2 ?x1976)))
 (let ((?x1704 (* z z z00)))
 (let ((?x1933 (* 2 ?x1704)))
 (let ((?x1510 (* z y)))
 (let ((?x628 (* 6 ?x1510)))
 (let ((?x1033 (* z y00 y00)))
 (let ((?x1047 (* (- 2) ?x1033)))
 (let ((?x1019 (* y z y00)))
 (let ((?x989 (* x y00)))
 (let ((?x990 (* 18 ?x989)))
 (let ((?x959 (* z00 z00 x00)))
 (let ((?x960 (* 3 ?x959)))
 (let ((?x955 (* y x00)))
 (let ((?x956 (* 18 ?x955)))
 (let ((?x917 (* y y z00)))
 (let ((?x918 (* 2 ?x917)))
 (let ((?x891 (* x z z00)))
 (let ((?x904 (* (- 3) ?x891)))
 (let ((?x806 (* y z00 y00)))
 (let ((?x813 (* (- 1) ?x806)))
 (let ((?x780 (* x z00)))
 (let ((?x793 (* (- 18) ?x780)))
 (let ((?x779 (* z z00 x00)))
 (let ((?x782 (* 3 ?x779)))
 (let ((?x769 (* z00 z00 y00)))
 (let ((?x1022 (* 3 ?x769)))
 (let ((?x749 (* z00 y00 y00)))
 (let ((?x756 (* (- 1) ?x749)))
 (let ((?x717 (* y z00)))
 (let ((?x1922 (* (- 12) ?x717)))
 (let ((?x695 (* x z00 z00)))
 (let ((?x722 (* (- 3) ?x695)))
 (let ((?x687 (* y y00)))
 (let ((?x2126 (* 60 ?x687)))
 (let ((?x680 (* z x00)))
 (let ((?x1892 (* 36 ?x680)))
 (let ((?x649 (* y00 y00)))
 (let ((?x2160 (* (- 48) ?x649)))
 (let ((?x623 (* y y)))
 (let ((?x1768 (* (- 12) ?x623)))
 (let ((?x618 (* z00 x00)))
 (let ((?x620 (* 18 ?x618)))
 (let ((?x590 (* z z00)))
 (let ((?x591 (* 6 ?x590)))
 (let ((?x561 (* x z)))
 (let ((?x1570 (* (- 36) ?x561)))
 (let ((?x555 (* z00 y00)))
 (let ((?x849 (* (- 6) ?x555)))
 (let ((?x529 (* z y00)))
 (let ((?x1889 (* 54 ?x529)))
 (let ((?x523 (* x y)))
 (let ((?x617 (* (- 18) ?x523)))
 (let ((?x504 (* y00 x00)))
 (let ((?x505 (* (- 18) ?x504)))
 (let ((?x500 (* z z00 y00)))
 (let ((?x501 (* (- 1) ?x500)))
 (let ((?x135 (* y y z)))
 (let ((?x105 (* y z00 z00)))
 (let ((?x2211 (* (- 6) ?x105)))
 (let ((?x103 (* y z z00)))
 (let ((?x76 (* z z00 z00)))
 (let ((?x2202 (* (- 3) ?x76)))
 (let ((?x50 (* z z)))
 (let ((?x792 (* (- 6) ?x50)))
 (let ((?x1893 (+ ?x792 ?x2202 ?x103 ?x2211 ?x135 (* (- 42) (* y z)) ?x501 ?x505 ?x617 ?x1889 ?x849 ?x1570 ?x591 ?x620 ?x1768 ?x2160 ?x1892 ?x2126 ?x722 ?x1922 ?x756 ?x1022 ?x782 ?x793 ?x813 ?x904 ?x918 ?x956 ?x960 ?x990 ?x1019 ?x1047 ?x628 ?x1933 ?x2006 ?x1977 ?x2107)))
 (let ((?x626 (+ 6 z)))
 (let ((?x783 (+ 1 n)))
 (let ((?x3023 (* (- 1) (* z z00 z00 z00))))
 (let ((?x2897 (* z z z00 z00)))
 (let ((?x2906 (* 2 (* y z z00 z00))))
 (let ((?x2688 (* (- 12) ?x2107)))
 (let ((?x2439 (* (- 4) ?x1977)))
 (let ((?x2473 (* (- 12) ?x1976)))
 (let ((?x2617 (* (- 6) ?x1704)))
 (let ((?x1378 (* 108 (* x00 x00))))
 (let ((?x1371 (* 36 (* x z00 y00))))
 (let ((?x1275 (* 2 (* z00 z00 z00 x00))))
 (let ((?x1271 (* z00 z00 z00 y00)))
 (let ((?x1258 (* (- 216) (* x x00))))
 (let ((?x1181 (* (- 36) (* z00 y00 x00))))
 (let ((?x1155 (* (- 12) (* y y y00))))
 (let ((?x1095 (* 16 (* y00 y00 y00))))
 (let ((?x2703 (* (- 24) ?x1019)))
 (let ((?x1298 (* (- 216) ?x989)))
 (let ((?x1231 (* (- 18) ?x959)))
 (let ((?x2839 (* (- 324) ?x955)))
 (let ((?x1118 (* (- 6) ?x917)))
 (let ((?x938 (* (- 4) (* y y y))))
 (let ((?x890 (* 108 (* x x))))
 (let ((?x865 (* (- 1) (* z00 z00 y00 y00))))
 (let ((?x1357 (* (- 36) ?x780)))
 (let ((?x1332 (* (- 10) ?x769)))
 (let ((?x830 (* (- 12) ?x749)))
 (let ((?x2971 (* (- 60) ?x717)))
 (let ((?x768 (* 18 ?x695)))
 (let ((?x2887 (* (- 336) ?x687)))
 (let ((?x2768 (* (- 108) ?x680)))
 (let ((?x1131 (* 96 ?x649)))
 (let ((?x2383 (* 240 ?x623)))
 (let ((?x575 (* 36 ?x618)))
 (let ((?x2564 (* (- 24) ?x590)))
 (let ((?x700 (* (- 2) (* x z00 z00 z00))))
 (let ((?x2220 (* 108 ?x561)))
 (let ((?x973 (* 24 ?x555)))
 (let ((?x2526 (* (- 120) ?x529)))
 (let ((?x526 (* 216 ?x504)))
 (let ((?x212 (* y z00 z00 z00)))
 (let ((?x3030 (* (- 3) ?x212)))
 (let ((?x201 (* y y z00 z00)))
 (let ((?x2472 (* (- 12) ?x135)))
 (let ((?x3003 (* 28 ?x105)))
 (let ((?x2632 (* (- 12) ?x103)))
 (let ((?x2990 (* 10 ?x76)))
 (let ((?x2357 (* 24 ?x50)))
 (let ((?x1850 (+ ?x2357 ?x2990 ?x2632 ?x3003 ?x2472 ?x201 ?x3030 (* 156 (* y z)) (* 18 ?x500) ?x526 (* 324 ?x523) ?x2526 ?x973 ?x2220 ?x700 ?x2564 ?x575 ?x2383 ?x1131 ?x2768 ?x2887 ?x768 ?x2971 ?x830 ?x1332 ?x1357 (* 54 ?x806) ?x865 ?x890 ?x938 ?x1118 ?x2839 ?x1231 ?x1298 ?x2703 ?x1095 ?x1155 ?x1181 ?x1258 ?x1271 ?x1275 ?x1371 ?x1378 ?x2617 ?x2473 ?x2439 ?x2688 ?x2906 ?x2897 ?x3023)))
 (let (($x1709 (not (= ?x1850 0))))
 (let ((?x2247 (* (- 1) ?x2107)))
 (let ((?x2245 (* (- 1) ?x1977)))
 (let ((?x2244 (* (- 2) ?x1976)))
 (let ((?x2241 (* (- 2) ?x1704)))
 (let ((?x1034 (* 2 ?x1033)))
 (let ((?x2238 (* (- 1) ?x1019)))
 (let ((?x2237 (* (- 18) ?x989)))
 (let ((?x2236 (* (- 3) ?x959)))
 (let ((?x2235 (* (- 2) ?x917)))
 (let ((?x892 (* 3 ?x891)))
 (let ((?x781 (* 18 ?x780)))
 (let ((?x2234 (* (- 3) ?x769)))
 (let ((?x2233 (* 12 ?x717)))
 (let ((?x696 (* 3 ?x695)))
 (let ((?x2232 (* (- 60) ?x687)))
 (let ((?x2230 (* 48 ?x649)))
 (let ((?x624 (* 12 ?x623)))
 (let ((?x1767 (* (- 18) ?x618)))
 (let ((?x603 (* (- 6) ?x590)))
 (let ((?x2228 (* 36 ?x561)))
 (let ((?x684 (* 6 ?x555)))
 (let ((?x525 (* 18 ?x523)))
 (let ((?x2225 (* 18 ?x504)))
 (let ((?x498 (* y z)))
 (let ((?x2224 (* 36 ?x498)))
 (let ((?x2223 (* (- 1) ?x135)))
 (let ((?x2222 (* 6 ?x105)))
 (let ((?x1766 (* (- 1) ?x103)))
 (let ((?x2180 (* 3 ?x76)))
 (let ((?x1998 (* 6 ?x50)))
 (let ((?x1659 (+ ?x1998 ?x2180 ?x1766 ?x2222 ?x2223 ?x2224 ?x500 ?x2225 ?x525 (* (- 54) ?x529) ?x684 ?x2228 ?x603 ?x1767 ?x624 ?x2230 (* (- 36) ?x680) ?x2232 ?x696 ?x2233 ?x749 ?x2234 (* (- 3) ?x779) ?x781 ?x806 ?x892 ?x2235 (* (- 18) ?x955) ?x2236 ?x2237 ?x2238 ?x1034 ?x2241 ?x2244 ?x2245 ?x2247)))
 (let (($x2051 (not (= ?x1659 0))))
 (let ((?x1775 (* (- 1) ?x1704)))
 (let ((?x1770 (* (- 1) ?x769)))
 (let ((?x1661 (* 18 ?x717)))
 (let ((?x1769 (* (- 12) ?x687)))
 (let ((?x651 (* 24 ?x649)))
 (let ((?x563 (* 18 ?x561)))
 (let ((?x1394 (+ ?x76 ?x1766 ?x105 (* 6 ?x498) ?x500 (* (- 24) ?x529) ?x563 ?x1767 ?x1768 ?x651 (* (- 18) ?x680) ?x1769 ?x1661 ?x1770 ?x781 ?x1775)))
 (let (($x2193 (not (= ?x1394 0))))
 (let ((?x556 (* 18 ?x555)))
 (let ((?x542 (* (- 12) ?x529)))
 (let ((?x499 (* (- 6) ?x498)))
 (let ((?x414 (* z00 z00)))
 (let ((?x1463 (* 12 ?x414)))
 (let ((?x634 (* (- 108) x00)))
 (let ((?x55 (* z00 z00 z00)))
 (let ((?x507 (* (- 1) ?x55)))
 (let ((?x1316 (* (- 144) y00)))
 (let ((?x1391 (* (- 36) z00)))
 (let ((?x64 (* 108 x)))
 (let ((?x1058 (+ ?x64 (* 144 y) (* 36 z) ?x1391 ?x1316 ?x792 ?x507 ?x634 ?x76 ?x1463 ?x499 ?x542 ?x556 ?x603)))
 (let (($x729 (not (= ?x1058 0))))
 (let ((?x486 (* (- 1) ?x50)))
 (let ((?x485 (* (- 12) y00)))
 (let ((?x484 (* (- 6) z00)))
 (let ((?x46 (* 6 z)))
 (let ((?x45 (* 12 y)))
 (let (($x488 (= (+ ?x45 ?x46 ?x484 ?x485 ?x486 ?x414) 0)))
 (let (($x1172 (not $x488)))
 (let (($x406 (= (+ z (* (- 6) n) (* (- 1) z00) (* 6 n00)) 0)))
 (let (($x920 (not $x406)))
 (let (($x2458 (or $x920 $x1172 $x729 $x2193 $x2051 $x1709 (not (= (* ?x783 ?x626 ?x626 ?x1893) 0)))))
 (let ((?x878 (* 24 ?x623)))
 (let ((?x1398 (+ (* 10 ?x105) ?x201 (* (- 1) ?x212) ?x526 (* 108 ?x523) ?x973 ?x700 ?x575 ?x878 ?x1131 (* (- 120) ?x687) ?x768 (* (- 24) ?x717) ?x830 ?x1332 ?x1357 (* 18 ?x806) ?x865 ?x890 ?x938 ?x1118 (* (- 108) ?x955) ?x1231 ?x1298 ?x1095 ?x1155 ?x1181 ?x1258 ?x1271 ?x1275 ?x1371 ?x1378)))
 (let (($x1403 (= ?x1398 0)))
 (let ((?x681 (* 18 ?x680)))
 (let ((?x942 (* (- 36) ?x649)))
 (let ((?x592 (* (- 18) ?x561)))
 (let ((?x530 (* 12 ?x529)))
 (let ((?x527 (* (- 12) ?x498)))
 (let ((?x577 (* (- 72) y00)))
 (let ((?x71 (* 72 y)))
 (let ((?x1078 (+ ?x64 ?x71 ?x577 ?x634 (* (- 3) ?x105) ?x135 ?x527 ?x505 ?x617 ?x530 ?x849 ?x592 ?x942 ?x681 (* 36 ?x687) ?x722 (* 6 ?x717) ?x756 ?x1022 ?x782 ?x813 ?x904 ?x918 ?x956 ?x960 ?x990 ?x1019 ?x1047)))
 (let (($x1085 (= ?x1078 0)))
 (let ((?x667 (* (- 24) ?x649)))
 (let ((?x823 (+ ?x64 ?x71 ?x577 ?x634 ?x103 (* (- 1) ?x105) ?x527 ?x501 ?x530 ?x684 ?x592 ?x620 ?x624 ?x667 ?x681 (* 12 ?x687) (* (- 6) ?x717) ?x769 ?x793)))
 (let (($x828 (= ?x823 0)))
 (let ((?x518 (* 6 ?x414)))
 (let (($x655 (= (+ ?x64 ?x71 ?x577 ?x507 ?x634 ?x76 ?x518 ?x499 ?x542 ?x556 ?x603) 0)))
 (let (($x2052 (and $x406 $x488 $x655 $x828 $x1085 $x1403 $x2458)))
 (let ((?x99 (* y00 z00 z00)))
 (let ((?x1862 (* 3 ?x99)))
 (let ((?x223 (+ y z)))
 (let ((?x1967 (* y00 ?x626 ?x223)))
 (let ((?x1415 (* 72 z)))
 (let ((?x1423 (* 180 y)))
 (let ((?x2281 (* x00 z00 z00)))
 (let ((?x2287 (* 3 ?x2281)))
 (let ((?x1835 (* ?x626 ?x223 ?x223)))
 (let ((?x565 (* x00 ?x626)))
 (let ((?x1569 (* 18 ?x565)))
 (let ((?x2937 (* ?x626 ?x223)))
 (let ((?x584 (* (- 12) ?x2937)))
 (let ((?x2417 (* z00 ?x223)))
 (let ((?x2418 (* 6 ?x2417)))
 (let ((?x2660 (* y00 z00)))
 (let ((?x598 (* (- 6) ?x2660)))
 (let ((?x1597 (* y00 ?x626)))
 (let ((?x1473 (* 12 ?x1597)))
 (let ((?x113 (* y00 y00 z00)))
 (let ((?x1442 (* (- 1) ?x113)))
 (let ((?x237 (+ x y)))
 (let ((?x1330 (* ?x626 ?x237)))
 (let ((?x2426 (* (- 18) ?x1330)))
 (let ((?x1833 (* x00 y00)))
 (let ((?x2064 (* (- 18) ?x1833)))
 (let ((?x2039 (+ ?x2064 (* (- 18) (* ?x223 ?x237)) ?x2426 (* (- 3) (* z00 z00 ?x237)) ?x1442 (* 3 (* x00 z00 ?x626)) (* (- 1) (* y00 z00 ?x223)) ?x1473 ?x598 (* 36 (* y00 ?x223)) ?x2418 ?x584 (* (- 3) (* z00 ?x626 ?x237)) (* 2 (* z00 ?x223 ?x223)) ?x942 ?x1569 ?x1835 (* 18 (* x00 ?x223)) ?x2287 ?x64 ?x1423 ?x577 (* 18 (* y00 ?x237)) ?x1415 ?x634 ?x1967 ?x1862 (* (- 2) (* y00 y00 ?x626)) (* (- 3) (* z00 z00 ?x223)))))
 (let (($x2116 (not (= (* ?x783 ?x626 ?x626 ?x2039) 0))))
 (let ((?x1465 (* (- 10) ?x99)))
 (let ((?x1035 (* 2 (* x00 z00 z00 z00))))
 (let ((?x196 (* y00 z00 z00 z00)))
 (let ((?x2036 (* (- 18) ?x2281)))
 (let ((?x1288 (* (- 36) (* x00 y00 z00))))
 (let ((?x2294 (* 24 ?x2660)))
 (let ((?x161 (* y00 y00 z00 z00)))
 (let ((?x543 (* (- 1) ?x161)))
 (let ((?x2214 (* (- 12) ?x113)))
 (let ((?x2711 (* x00 z00)))
 (let ((?x2681 (* 36 ?x2711)))
 (let ((?x853 (* 216 ?x1833)))
 (let ((?x664 (+ ?x853 (* 108 (* ?x223 ?x237)) ?x2681 (* (- 2) (* z00 z00 z00 ?x237)) (* 18 (* z00 z00 ?x237)) ?x2214 ?x543 (* 24 (* ?x223 ?x223)) (* 108 (* ?x237 ?x237)) (* (- 4) (* ?x223 ?x223 ?x223)) (* 18 (* y00 z00 ?x223)) ?x2294 (* (- 120) (* y00 ?x223)) (* (- 24) ?x2417) ?x1095 (* (- 6) (* z00 ?x223 ?x223)) ?x1131 (* (- 12) (* y00 ?x223 ?x223)) ?x1288 (* (- 108) (* x00 ?x223)) ?x2036 (* (- 216) (* x00 ?x237)) ?x196 ?x1035 (* (- 216) (* y00 ?x237)) (* z00 z00 ?x223 ?x223) ?x1465 (* (- 36) (* z00 ?x237)) (* 36 (* y00 z00 ?x237)) (* 10 (* z00 z00 ?x223)) ?x1378 (* (- 1) (* z00 z00 z00 ?x223)))))
 (let (($x2070 (not (= ?x664 0))))
 (let ((?x1417 (* (- 3) ?x99)))
 (let ((?x74 (* 108 x00)))
 (let ((?x551 (* (- 72) z)))
 (let ((?x67 (* 72 y00)))
 (let ((?x583 (* (- 180) y)))
 (let ((?x1496 (* (- 108) x)))
 (let ((?x1907 (* (- 3) ?x2281)))
 (let ((?x1920 (* (- 18) ?x565)))
 (let ((?x1447 (* 36 ?x649)))
 (let ((?x804 (* 12 ?x2937)))
 (let ((?x2429 (* (- 6) ?x2417)))
 (let ((?x1319 (* 6 ?x2660)))
 (let ((?x585 (* (- 12) ?x1597)))
 (let ((?x1613 (* y00 z00 ?x223)))
 (let ((?x547 (* 18 ?x1330)))
 (let ((?x509 (* 18 ?x1833)))
 (let ((?x1133 (+ ?x509 (* 18 (* ?x223 ?x237)) ?x547 (* 3 (* z00 z00 ?x237)) ?x113 (* (- 3) (* x00 z00 ?x626)) ?x1613 ?x585 ?x1319 (* (- 36) (* y00 ?x223)) ?x2429 ?x804 (* 3 (* z00 ?x626 ?x237)) (* (- 2) (* z00 ?x223 ?x223)) ?x1447 ?x1920 (* (- 1) ?x1835) (* (- 18) (* x00 ?x223)) ?x1907 ?x1496 ?x583 ?x67 (* (- 18) (* y00 ?x237)) ?x551 ?x74 (* (- 1) ?x1967) ?x1417 (* 2 (* y00 y00 ?x626)) (* 3 (* z00 z00 ?x223)))))
 (let ((?x1282 (* z00 z00 ?x223)))
 (let ((?x1562 (* (- 1) ?x99)))
 (let ((?x1713 (* (- 18) ?x2711)))
 (let ((?x785 (* y00 z00 ?x626)))
 (let ((?x950 (+ ?x785 ?x804 ?x547 ?x1713 (* (- 12) (* ?x223 ?x223)) ?x651 ?x1920 ?x585 ?x598 (* (- 12) (* y00 ?x223)) ?x1496 ?x583 ?x67 ?x2418 ?x551 ?x74 ?x1562 (* 18 (* z00 ?x237)) (* (- 1) (* z00 ?x626 ?x223)) ?x1282)))
 (let ((?x1413 (* (- 18) ?x2660)))
 (let ((?x609 (* (- 6) ?x414)))
 (let ((?x524 (+ (* 6 ?x2937) ?x55 ?x609 ?x1473 ?x1413 ?x1496 ?x583 ?x67 (* 6 (* z00 ?x626)) ?x551 ?x74 (* (- 1) (* z00 z00 ?x626)))))
 (let (($x2959 (= (+ ?x414 ?x485 ?x45 (* 18 z) ?x484 (* (- 1) (* ?x626 ?x626))) (- 36))))
 (let (($x607 (= (+ z (* (- 1) z00) (* (- 6) n) (* 6 n00)) 0)))
 (let (($x431 (or (not $x607) (not $x2959) (not (= ?x524 0)) (not (= ?x950 0)) (not (= ?x1133 0)) $x2070 $x2116)))
 (let ((?x2366 (* y x)))
 (let ((?x2367 (* 108 ?x2366)))
 (let ((?x1759 (+ ?x853 ?x2367 ?x2681 (* (- 2) (* z00 z00 z00 x)) (* 18 (* z00 z00 x)) ?x2214 ?x543 ?x878 ?x890 ?x938 (* 18 (* y00 z00 y)) ?x2294 (* (- 120) (* y00 y)) (* (- 24) (* z00 y)) ?x1095 (* (- 6) (* z00 y y)) ?x1131 (* (- 12) (* y00 y y)) ?x1288 (* (- 108) (* x00 y)) ?x2036 (* (- 216) (* x00 x)) ?x196 ?x1035 (* (- 216) (* y00 x)) (* z00 z00 y y) ?x1465 (* (- 36) (* z00 x)) (* 36 (* y00 z00 x)) (* 10 (* z00 z00 y)) ?x1378 (* (- 1) (* z00 z00 z00 y)))))
 (let (($x716 (= ?x1759 0)))
 (let ((?x2313 (* (- 72) y)))
 (let ((?x2014 (* x00 y)))
 (let ((?x2246 (* (- 18) ?x2014)))
 (let ((?x1551 (* x00 z)))
 (let ((?x1774 (* (- 18) ?x1551)))
 (let ((?x1502 (* 12 ?x1510)))
 (let ((?x1653 (* z00 y)))
 (let ((?x1111 (* (- 6) ?x1653)))
 (let ((?x1151 (* y00 z)))
 (let ((?x1222 (* (- 12) ?x1151)))
 (let ((?x841 (* y00 z00 y)))
 (let ((?x1479 (* z x)))
 (let ((?x1848 (* 18 ?x1479)))
 (let ((?x2137 (+ ?x509 (* 18 ?x2366) ?x1848 (* 3 (* z00 z00 x)) ?x113 (* (- 3) (* x00 z00 z)) ?x841 ?x1222 ?x1319 (* (- 36) (* y00 y)) ?x1111 ?x1502 (* 3 (* z00 z x)) (* (- 2) (* z00 y y)) ?x1447 ?x1774 (* (- 1) (* z y y)) ?x2246 ?x1907 ?x1496 ?x67 (* (- 18) (* y00 x)) ?x2313 ?x74 (* (- 1) (* y00 z y)) ?x1417 (* 2 (* y00 y00 z)) (* 3 (* z00 z00 y)))))
 (let ((?x2205 (* z00 z00 y)))
 (let ((?x1654 (* 6 ?x1653)))
 (let ((?x1292 (* y00 z00 z)))
 (let ((?x1667 (+ ?x1292 ?x1502 ?x1848 ?x1713 ?x1768 ?x651 ?x1774 ?x1222 ?x598 (* (- 12) (* y00 y)) ?x1496 ?x67 ?x1654 ?x2313 ?x74 ?x1562 (* 18 (* z00 x)) (* (- 1) (* z00 z y)) ?x2205)))
 (let ((?x1152 (* 12 ?x1151)))
 (let ((?x2213 (+ ?x628 ?x55 ?x609 ?x1152 ?x1413 ?x1496 ?x67 (* 6 (* z00 z)) ?x2313 ?x74 (* (- 1) (* z00 z00 z)))))
 (let (($x610 (and $x607 (= (+ ?x414 ?x485 ?x45 ?x46 ?x484 ?x486) 0) (= ?x2213 0) (= ?x1667 0) (= ?x2137 0) $x716 $x431)))
 (rewrite (= $x610 $x2052))))))))))))))))))))))))))))))))))))))))))))))))))))))))))))))))))))))))))))))))))))))))))))))))))))))))))))))))))))))))))))))))))))))))))))))))))))))))))))))))))))))))))))))))))))))))))))))))))))))))))))))))))))))))))))))))))))))))))))))))))))))))))))))))))))))))))))))))))))))))))))))))))))))))))
 ))
 (let (($x760 (exists ((x Int) (y Int) (z Int) (n Int) )(! (let ((?x99 (* y00 z00 z00)))
 (let ((?x1862 (* 3 ?x99)))
 (let ((?x223 (+ y z)))
 (let ((?x626 (+ 6 z)))
 (let ((?x1967 (* y00 ?x626 ?x223)))
 (let ((?x634 (* (- 108) x00)))
 (let ((?x1415 (* 72 z)))
 (let ((?x577 (* (- 72) y00)))
 (let ((?x1423 (* 180 y)))
 (let ((?x64 (* 108 x)))
 (let ((?x2281 (* x00 z00 z00)))
 (let ((?x2287 (* 3 ?x2281)))
 (let ((?x1835 (* ?x626 ?x223 ?x223)))
 (let ((?x565 (* x00 ?x626)))
 (let ((?x1569 (* 18 ?x565)))
 (let ((?x649 (* y00 y00)))
 (let ((?x942 (* (- 36) ?x649)))
 (let ((?x2937 (* ?x626 ?x223)))
 (let ((?x584 (* (- 12) ?x2937)))
 (let ((?x2417 (* z00 ?x223)))
 (let ((?x2418 (* 6 ?x2417)))
 (let ((?x2660 (* y00 z00)))
 (let ((?x598 (* (- 6) ?x2660)))
 (let ((?x1597 (* y00 ?x626)))
 (let ((?x1473 (* 12 ?x1597)))
 (let ((?x113 (* y00 y00 z00)))
 (let ((?x1442 (* (- 1) ?x113)))
 (let ((?x237 (+ x y)))
 (let ((?x1330 (* ?x626 ?x237)))
 (let ((?x2426 (* (- 18) ?x1330)))
 (let ((?x1833 (* x00 y00)))
 (let ((?x2064 (* (- 18) ?x1833)))
 (let ((?x2039 (+ ?x2064 (* (- 18) (* ?x223 ?x237)) ?x2426 (* (- 3) (* z00 z00 ?x237)) ?x1442 (* 3 (* x00 z00 ?x626)) (* (- 1) (* y00 z00 ?x223)) ?x1473 ?x598 (* 36 (* y00 ?x223)) ?x2418 ?x584 (* (- 3) (* z00 ?x626 ?x237)) (* 2 (* z00 ?x223 ?x223)) ?x942 ?x1569 ?x1835 (* 18 (* x00 ?x223)) ?x2287 ?x64 ?x1423 ?x577 (* 18 (* y00 ?x237)) ?x1415 ?x634 ?x1967 ?x1862 (* (- 2) (* y00 y00 ?x626)) (* (- 3) (* z00 z00 ?x223)))))
 (let ((?x783 (+ 1 n)))
 (let (($x2116 (not (= (* ?x783 ?x626 ?x626 ?x2039) 0))))
 (let ((?x1378 (* 108 (* x00 x00))))
 (let ((?x1465 (* (- 10) ?x99)))
 (let ((?x1035 (* 2 (* x00 z00 z00 z00))))
 (let ((?x196 (* y00 z00 z00 z00)))
 (let ((?x2036 (* (- 18) ?x2281)))
 (let ((?x1288 (* (- 36) (* x00 y00 z00))))
 (let ((?x1131 (* 96 ?x649)))
 (let ((?x1095 (* 16 (* y00 y00 y00))))
 (let ((?x2294 (* 24 ?x2660)))
 (let ((?x161 (* y00 y00 z00 z00)))
 (let ((?x543 (* (- 1) ?x161)))
 (let ((?x2214 (* (- 12) ?x113)))
 (let ((?x2711 (* x00 z00)))
 (let ((?x2681 (* 36 ?x2711)))
 (let ((?x853 (* 216 ?x1833)))
 (let ((?x664 (+ ?x853 (* 108 (* ?x223 ?x237)) ?x2681 (* (- 2) (* z00 z00 z00 ?x237)) (* 18 (* z00 z00 ?x237)) ?x2214 ?x543 (* 24 (* ?x223 ?x223)) (* 108 (* ?x237 ?x237)) (* (- 4) (* ?x223 ?x223 ?x223)) (* 18 (* y00 z00 ?x223)) ?x2294 (* (- 120) (* y00 ?x223)) (* (- 24) ?x2417) ?x1095 (* (- 6) (* z00 ?x223 ?x223)) ?x1131 (* (- 12) (* y00 ?x223 ?x223)) ?x1288 (* (- 108) (* x00 ?x223)) ?x2036 (* (- 216) (* x00 ?x237)) ?x196 ?x1035 (* (- 216) (* y00 ?x237)) (* z00 z00 ?x223 ?x223) ?x1465 (* (- 36) (* z00 ?x237)) (* 36 (* y00 z00 ?x237)) (* 10 (* z00 z00 ?x223)) ?x1378 (* (- 1) (* z00 z00 z00 ?x223)))))
 (let (($x2070 (not (= ?x664 0))))
 (let ((?x2969 (* z00 ?x626 ?x223)))
 (let ((?x2429 (* (- 6) ?x2417)))
 (let ((?x1319 (* 6 ?x2660)))
 (let ((?x667 (* (- 24) ?x649)))
 (let ((?x2712 (* 18 ?x2711)))
 (let ((?x1559 (+ (* (- 1) (* y00 z00 ?x626)) ?x584 ?x2426 ?x2712 (* 12 (* ?x223 ?x223)) ?x667 ?x1569 ?x1473 ?x1319 (* 12 (* y00 ?x223)) ?x64 ?x1423 ?x577 ?x2429 ?x1415 ?x634 ?x99 (* (- 18) (* z00 ?x237)) ?x2969 (* (- 1) (* z00 z00 ?x223)))))
 (let ((?x1045 (* z00 z00 ?x626)))
 (let ((?x1143 (* 18 ?x2660)))
 (let ((?x585 (* (- 12) ?x1597)))
 (let ((?x414 (* z00 z00)))
 (let ((?x518 (* 6 ?x414)))
 (let ((?x55 (* z00 z00 z00)))
 (let ((?x507 (* (- 1) ?x55)))
 (let ((?x1744 (+ (* (- 6) ?x2937) ?x507 ?x518 ?x585 ?x1143 ?x64 ?x1423 ?x577 (* (- 6) (* z00 ?x626)) ?x1415 ?x634 ?x1045)))
 (let ((?x1471 (* ?x626 ?x626)))
 (let ((?x49 (* 6 z00)))
 (let ((?x2874 (* (- 12) y)))
 (let ((?x43 (* 12 y00)))
 (let ((?x574 (* (- 1) ?x414)))
 (let (($x1179 (= (+ (* (- 1) z) z00 (* 6 n) (* (- 6) n00)) 0)))
 (let (($x754 (or (not $x1179) (not (= (+ ?x574 ?x43 ?x2874 (* (- 18) z) ?x49 ?x1471) 36)) (not (= ?x1744 0)) (not (= ?x1559 0)) (not (= ?x2039 0)) $x2070 $x2116)))
 (let ((?x938 (* (- 4) (* y y y))))
 (let ((?x890 (* 108 (* x x))))
 (let ((?x623 (* y y)))
 (let ((?x878 (* 24 ?x623)))
 (let ((?x2366 (* y x)))
 (let ((?x2367 (* 108 ?x2366)))
 (let ((?x1759 (+ ?x853 ?x2367 ?x2681 (* (- 2) (* z00 z00 z00 x)) (* 18 (* z00 z00 x)) ?x2214 ?x543 ?x878 ?x890 ?x938 (* 18 (* y00 z00 y)) ?x2294 (* (- 120) (* y00 y)) (* (- 24) (* z00 y)) ?x1095 (* (- 6) (* z00 y y)) ?x1131 (* (- 12) (* y00 y y)) ?x1288 (* (- 108) (* x00 y)) ?x2036 (* (- 216) (* x00 x)) ?x196 ?x1035 (* (- 216) (* y00 x)) (* z00 z00 y y) ?x1465 (* (- 36) (* z00 x)) (* 36 (* y00 z00 x)) (* 10 (* z00 z00 y)) ?x1378 (* (- 1) (* z00 z00 z00 y)))))
 (let (($x716 (= ?x1759 0)))
 (let ((?x1499 (* y00 z y)))
 (let ((?x71 (* 72 y)))
 (let ((?x2014 (* x00 y)))
 (let ((?x2015 (* 18 ?x2014)))
 (let ((?x2508 (* z y y)))
 (let ((?x1551 (* x00 z)))
 (let ((?x3024 (* 18 ?x1551)))
 (let ((?x1510 (* z y)))
 (let ((?x1772 (* (- 12) ?x1510)))
 (let ((?x1653 (* z00 y)))
 (let ((?x1654 (* 6 ?x1653)))
 (let ((?x1151 (* y00 z)))
 (let ((?x1152 (* 12 ?x1151)))
 (let ((?x1479 (* z x)))
 (let ((?x2685 (* (- 18) ?x1479)))
 (let ((?x1515 (+ ?x2064 (* (- 18) ?x2366) ?x2685 (* (- 3) (* z00 z00 x)) ?x1442 (* 3 (* x00 z00 z)) (* (- 1) (* y00 z00 y)) ?x1152 ?x598 (* 36 (* y00 y)) ?x1654 ?x1772 (* (- 3) (* z00 z x)) (* 2 (* z00 y y)) ?x942 ?x3024 ?x2508 ?x2015 ?x2287 ?x64 ?x577 (* 18 (* y00 x)) ?x71 ?x634 ?x1499 ?x1862 (* (- 2) (* y00 y00 z)) (* (- 3) (* z00 z00 y)))))
 (let ((?x2172 (* z00 z y)))
 (let ((?x1111 (* (- 6) ?x1653)))
 (let ((?x624 (* 12 ?x623)))
 (let ((?x2216 (+ (* (- 1) (* y00 z00 z)) ?x1772 ?x2685 ?x2712 ?x624 ?x667 ?x3024 ?x1152 ?x1319 (* 12 (* y00 y)) ?x64 ?x577 ?x1111 ?x71 ?x634 ?x99 (* (- 18) (* z00 x)) ?x2172 (* (- 1) (* z00 z00 y)))))
 (let ((?x2627 (* z00 z00 z)))
 (let ((?x1222 (* (- 12) ?x1151)))
 (let ((?x2633 (+ (* (- 6) ?x1510) ?x507 ?x518 ?x1222 ?x1143 ?x64 ?x577 (* (- 6) (* z00 z)) ?x71 ?x634 ?x2627)))
 (and $x1179 (= (+ ?x574 ?x43 ?x2874 (* (- 6) z) ?x49 (* z z)) 0) (= ?x2633 0) (= ?x2216 0) (= ?x1515 0) $x716 $x754))))))))))))))))))))))))))))))))))))))))))))))))))))))))))))))))))))))))))))))))))))))))))))))))))))))))) :qid k!44))
 ))
 (let ((?x1505 (lambda ((x Int) (y Int) (z Int) (n Int) )(let ((?x99 (* y00 z00 z00)))
 (let ((?x1862 (* 3 ?x99)))
 (let ((?x223 (+ y z)))
 (let ((?x626 (+ 6 z)))
 (let ((?x1967 (* y00 ?x626 ?x223)))
 (let ((?x634 (* (- 108) x00)))
 (let ((?x1415 (* 72 z)))
 (let ((?x577 (* (- 72) y00)))
 (let ((?x1423 (* 180 y)))
 (let ((?x64 (* 108 x)))
 (let ((?x2281 (* x00 z00 z00)))
 (let ((?x2287 (* 3 ?x2281)))
 (let ((?x1835 (* ?x626 ?x223 ?x223)))
 (let ((?x565 (* x00 ?x626)))
 (let ((?x1569 (* 18 ?x565)))
 (let ((?x649 (* y00 y00)))
 (let ((?x942 (* (- 36) ?x649)))
 (let ((?x2937 (* ?x626 ?x223)))
 (let ((?x584 (* (- 12) ?x2937)))
 (let ((?x2417 (* z00 ?x223)))
 (let ((?x2418 (* 6 ?x2417)))
 (let ((?x2660 (* y00 z00)))
 (let ((?x598 (* (- 6) ?x2660)))
 (let ((?x1597 (* y00 ?x626)))
 (let ((?x1473 (* 12 ?x1597)))
 (let ((?x113 (* y00 y00 z00)))
 (let ((?x1442 (* (- 1) ?x113)))
 (let ((?x237 (+ x y)))
 (let ((?x1330 (* ?x626 ?x237)))
 (let ((?x2426 (* (- 18) ?x1330)))
 (let ((?x1833 (* x00 y00)))
 (let ((?x2064 (* (- 18) ?x1833)))
 (let ((?x2039 (+ ?x2064 (* (- 18) (* ?x223 ?x237)) ?x2426 (* (- 3) (* z00 z00 ?x237)) ?x1442 (* 3 (* x00 z00 ?x626)) (* (- 1) (* y00 z00 ?x223)) ?x1473 ?x598 (* 36 (* y00 ?x223)) ?x2418 ?x584 (* (- 3) (* z00 ?x626 ?x237)) (* 2 (* z00 ?x223 ?x223)) ?x942 ?x1569 ?x1835 (* 18 (* x00 ?x223)) ?x2287 ?x64 ?x1423 ?x577 (* 18 (* y00 ?x237)) ?x1415 ?x634 ?x1967 ?x1862 (* (- 2) (* y00 y00 ?x626)) (* (- 3) (* z00 z00 ?x223)))))
 (let ((?x783 (+ 1 n)))
 (let (($x2116 (not (= (* ?x783 ?x626 ?x626 ?x2039) 0))))
 (let ((?x1378 (* 108 (* x00 x00))))
 (let ((?x1465 (* (- 10) ?x99)))
 (let ((?x1035 (* 2 (* x00 z00 z00 z00))))
 (let ((?x196 (* y00 z00 z00 z00)))
 (let ((?x2036 (* (- 18) ?x2281)))
 (let ((?x1288 (* (- 36) (* x00 y00 z00))))
 (let ((?x1131 (* 96 ?x649)))
 (let ((?x1095 (* 16 (* y00 y00 y00))))
 (let ((?x2294 (* 24 ?x2660)))
 (let ((?x161 (* y00 y00 z00 z00)))
 (let ((?x543 (* (- 1) ?x161)))
 (let ((?x2214 (* (- 12) ?x113)))
 (let ((?x2711 (* x00 z00)))
 (let ((?x2681 (* 36 ?x2711)))
 (let ((?x853 (* 216 ?x1833)))
 (let ((?x664 (+ ?x853 (* 108 (* ?x223 ?x237)) ?x2681 (* (- 2) (* z00 z00 z00 ?x237)) (* 18 (* z00 z00 ?x237)) ?x2214 ?x543 (* 24 (* ?x223 ?x223)) (* 108 (* ?x237 ?x237)) (* (- 4) (* ?x223 ?x223 ?x223)) (* 18 (* y00 z00 ?x223)) ?x2294 (* (- 120) (* y00 ?x223)) (* (- 24) ?x2417) ?x1095 (* (- 6) (* z00 ?x223 ?x223)) ?x1131 (* (- 12) (* y00 ?x223 ?x223)) ?x1288 (* (- 108) (* x00 ?x223)) ?x2036 (* (- 216) (* x00 ?x237)) ?x196 ?x1035 (* (- 216) (* y00 ?x237)) (* z00 z00 ?x223 ?x223) ?x1465 (* (- 36) (* z00 ?x237)) (* 36 (* y00 z00 ?x237)) (* 10 (* z00 z00 ?x223)) ?x1378 (* (- 1) (* z00 z00 z00 ?x223)))))
 (let (($x2070 (not (= ?x664 0))))
 (let ((?x1417 (* (- 3) ?x99)))
 (let ((?x74 (* 108 x00)))
 (let ((?x551 (* (- 72) z)))
 (let ((?x67 (* 72 y00)))
 (let ((?x583 (* (- 180) y)))
 (let ((?x1496 (* (- 108) x)))
 (let ((?x1907 (* (- 3) ?x2281)))
 (let ((?x1920 (* (- 18) ?x565)))
 (let ((?x1447 (* 36 ?x649)))
 (let ((?x804 (* 12 ?x2937)))
 (let ((?x2429 (* (- 6) ?x2417)))
 (let ((?x1319 (* 6 ?x2660)))
 (let ((?x585 (* (- 12) ?x1597)))
 (let ((?x1613 (* y00 z00 ?x223)))
 (let ((?x547 (* 18 ?x1330)))
 (let ((?x509 (* 18 ?x1833)))
 (let ((?x1133 (+ ?x509 (* 18 (* ?x223 ?x237)) ?x547 (* 3 (* z00 z00 ?x237)) ?x113 (* (- 3) (* x00 z00 ?x626)) ?x1613 ?x585 ?x1319 (* (- 36) (* y00 ?x223)) ?x2429 ?x804 (* 3 (* z00 ?x626 ?x237)) (* (- 2) (* z00 ?x223 ?x223)) ?x1447 ?x1920 (* (- 1) ?x1835) (* (- 18) (* x00 ?x223)) ?x1907 ?x1496 ?x583 ?x67 (* (- 18) (* y00 ?x237)) ?x551 ?x74 (* (- 1) ?x1967) ?x1417 (* 2 (* y00 y00 ?x626)) (* 3 (* z00 z00 ?x223)))))
 (let ((?x1282 (* z00 z00 ?x223)))
 (let ((?x1562 (* (- 1) ?x99)))
 (let ((?x651 (* 24 ?x649)))
 (let ((?x1713 (* (- 18) ?x2711)))
 (let ((?x785 (* y00 z00 ?x626)))
 (let ((?x950 (+ ?x785 ?x804 ?x547 ?x1713 (* (- 12) (* ?x223 ?x223)) ?x651 ?x1920 ?x585 ?x598 (* (- 12) (* y00 ?x223)) ?x1496 ?x583 ?x67 ?x2418 ?x551 ?x74 ?x1562 (* 18 (* z00 ?x237)) (* (- 1) (* z00 ?x626 ?x223)) ?x1282)))
 (let ((?x1413 (* (- 18) ?x2660)))
 (let ((?x414 (* z00 z00)))
 (let ((?x609 (* (- 6) ?x414)))
 (let ((?x55 (* z00 z00 z00)))
 (let ((?x524 (+ (* 6 ?x2937) ?x55 ?x609 ?x1473 ?x1413 ?x1496 ?x583 ?x67 (* 6 (* z00 ?x626)) ?x551 ?x74 (* (- 1) (* z00 z00 ?x626)))))
 (let ((?x484 (* (- 6) z00)))
 (let ((?x45 (* 12 y)))
 (let ((?x485 (* (- 12) y00)))
 (let (($x2959 (= (+ ?x414 ?x485 ?x45 (* 18 z) ?x484 (* (- 1) (* ?x626 ?x626))) (- 36))))
 (let (($x607 (= (+ z (* (- 1) z00) (* (- 6) n) (* 6 n00)) 0)))
 (let (($x431 (or (not $x607) (not $x2959) (not (= ?x524 0)) (not (= ?x950 0)) (not (= ?x1133 0)) $x2070 $x2116)))
 (let ((?x938 (* (- 4) (* y y y))))
 (let ((?x890 (* 108 (* x x))))
 (let ((?x623 (* y y)))
 (let ((?x878 (* 24 ?x623)))
 (let ((?x2366 (* y x)))
 (let ((?x2367 (* 108 ?x2366)))
 (let ((?x1759 (+ ?x853 ?x2367 ?x2681 (* (- 2) (* z00 z00 z00 x)) (* 18 (* z00 z00 x)) ?x2214 ?x543 ?x878 ?x890 ?x938 (* 18 (* y00 z00 y)) ?x2294 (* (- 120) (* y00 y)) (* (- 24) (* z00 y)) ?x1095 (* (- 6) (* z00 y y)) ?x1131 (* (- 12) (* y00 y y)) ?x1288 (* (- 108) (* x00 y)) ?x2036 (* (- 216) (* x00 x)) ?x196 ?x1035 (* (- 216) (* y00 x)) (* z00 z00 y y) ?x1465 (* (- 36) (* z00 x)) (* 36 (* y00 z00 x)) (* 10 (* z00 z00 y)) ?x1378 (* (- 1) (* z00 z00 z00 y)))))
 (let (($x716 (= ?x1759 0)))
 (let ((?x2313 (* (- 72) y)))
 (let ((?x2014 (* x00 y)))
 (let ((?x2246 (* (- 18) ?x2014)))
 (let ((?x1551 (* x00 z)))
 (let ((?x1774 (* (- 18) ?x1551)))
 (let ((?x1510 (* z y)))
 (let ((?x1502 (* 12 ?x1510)))
 (let ((?x1653 (* z00 y)))
 (let ((?x1111 (* (- 6) ?x1653)))
 (let ((?x1151 (* y00 z)))
 (let ((?x1222 (* (- 12) ?x1151)))
 (let ((?x841 (* y00 z00 y)))
 (let ((?x1479 (* z x)))
 (let ((?x1848 (* 18 ?x1479)))
 (let ((?x2137 (+ ?x509 (* 18 ?x2366) ?x1848 (* 3 (* z00 z00 x)) ?x113 (* (- 3) (* x00 z00 z)) ?x841 ?x1222 ?x1319 (* (- 36) (* y00 y)) ?x1111 ?x1502 (* 3 (* z00 z x)) (* (- 2) (* z00 y y)) ?x1447 ?x1774 (* (- 1) (* z y y)) ?x2246 ?x1907 ?x1496 ?x67 (* (- 18) (* y00 x)) ?x2313 ?x74 (* (- 1) (* y00 z y)) ?x1417 (* 2 (* y00 y00 z)) (* 3 (* z00 z00 y)))))
 (let ((?x2205 (* z00 z00 y)))
 (let ((?x1654 (* 6 ?x1653)))
 (let ((?x1768 (* (- 12) ?x623)))
 (let ((?x1292 (* y00 z00 z)))
 (let ((?x1667 (+ ?x1292 ?x1502 ?x1848 ?x1713 ?x1768 ?x651 ?x1774 ?x1222 ?x598 (* (- 12) (* y00 y)) ?x1496 ?x67 ?x1654 ?x2313 ?x74 ?x1562 (* 18 (* z00 x)) (* (- 1) (* z00 z y)) ?x2205)))
 (let ((?x1152 (* 12 ?x1151)))
 (let ((?x628 (* 6 ?x1510)))
 (let ((?x2213 (+ ?x628 ?x55 ?x609 ?x1152 ?x1413 ?x1496 ?x67 (* 6 (* z00 z)) ?x2313 ?x74 (* (- 1) (* z00 z00 z)))))
 (let (($x495 (= (+ ?x414 ?x485 ?x45 (* 6 z) ?x484 (* (- 1) (* z z))) 0)))
 (let (($x610 (and $x607 $x495 (= ?x2213 0) (= ?x1667 0) (= ?x2137 0) $x716 $x431)))
 (let ((?x2969 (* z00 ?x626 ?x223)))
 (let ((?x667 (* (- 24) ?x649)))
 (let ((?x2712 (* 18 ?x2711)))
 (let ((?x1559 (+ (* (- 1) ?x785) ?x584 ?x2426 ?x2712 (* 12 (* ?x223 ?x223)) ?x667 ?x1569 ?x1473 ?x1319 (* 12 (* y00 ?x223)) ?x64 ?x1423 ?x577 ?x2429 ?x1415 ?x634 ?x99 (* (- 18) (* z00 ?x237)) ?x2969 (* (- 1) ?x1282))))
 (let ((?x1045 (* z00 z00 ?x626)))
 (let ((?x1143 (* 18 ?x2660)))
 (let ((?x518 (* 6 ?x414)))
 (let ((?x507 (* (- 1) ?x55)))
 (let ((?x1744 (+ (* (- 6) ?x2937) ?x507 ?x518 ?x585 ?x1143 ?x64 ?x1423 ?x577 (* (- 6) (* z00 ?x626)) ?x1415 ?x634 ?x1045)))
 (let ((?x1471 (* ?x626 ?x626)))
 (let ((?x49 (* 6 z00)))
 (let ((?x2874 (* (- 12) y)))
 (let ((?x43 (* 12 y00)))
 (let ((?x574 (* (- 1) ?x414)))
 (let (($x1179 (= (+ (* (- 1) z) z00 (* 6 n) (* (- 6) n00)) 0)))
 (let (($x754 (or (not $x1179) (not (= (+ ?x574 ?x43 ?x2874 (* (- 18) z) ?x49 ?x1471) 36)) (not (= ?x1744 0)) (not (= ?x1559 0)) (not (= ?x2039 0)) $x2070 $x2116)))
 (let ((?x1499 (* y00 z y)))
 (let ((?x71 (* 72 y)))
 (let ((?x2015 (* 18 ?x2014)))
 (let ((?x2508 (* z y y)))
 (let ((?x3024 (* 18 ?x1551)))
 (let ((?x1772 (* (- 12) ?x1510)))
 (let ((?x2685 (* (- 18) ?x1479)))
 (let ((?x1515 (+ ?x2064 (* (- 18) ?x2366) ?x2685 (* (- 3) (* z00 z00 x)) ?x1442 (* 3 (* x00 z00 z)) (* (- 1) ?x841) ?x1152 ?x598 (* 36 (* y00 y)) ?x1654 ?x1772 (* (- 3) (* z00 z x)) (* 2 (* z00 y y)) ?x942 ?x3024 ?x2508 ?x2015 ?x2287 ?x64 ?x577 (* 18 (* y00 x)) ?x71 ?x634 ?x1499 ?x1862 (* (- 2) (* y00 y00 z)) (* (- 3) ?x2205))))
 (let ((?x2172 (* z00 z y)))
 (let ((?x624 (* 12 ?x623)))
 (let ((?x2216 (+ (* (- 1) ?x1292) ?x1772 ?x2685 ?x2712 ?x624 ?x667 ?x3024 ?x1152 ?x1319 (* 12 (* y00 y)) ?x64 ?x577 ?x1111 ?x71 ?x634 ?x99 (* (- 18) (* z00 x)) ?x2172 (* (- 1) ?x2205))))
 (let ((?x2627 (* z00 z00 z)))
 (let ((?x2633 (+ (* (- 6) ?x1510) ?x507 ?x518 ?x1222 ?x1143 ?x64 ?x577 (* (- 6) (* z00 z)) ?x71 ?x634 ?x2627)))
 (let (($x2117 (and $x1179 (= (+ ?x574 ?x43 ?x2874 (* (- 6) z) ?x49 (* z z)) 0) (= ?x2633 0) (= ?x2216 0) (= ?x1515 0) $x716 $x754)))
 (rewrite (= $x2117 $x610))))))))))))))))))))))))))))))))))))))))))))))))))))))))))))))))))))))))))))))))))))))))))))))))))))))))))))))))))))))))))))))))))))))))))))))))))))))))
 ))
 (let (($x361 (exists ((x Int) (y Int) (z Int) (n Int) )(! (let ((?x144 (* 3 y00 z00 z00)))
 (let ((?x74 (* 108 x00)))
 (let ((?x223 (+ y z)))
 (let ((?x243 (* 72 ?x223)))
 (let ((?x67 (* 72 y00)))
 (let ((?x237 (+ x y)))
 (let ((?x238 (* 108 ?x237)))
 (let ((?x137 (* 3 x00 z00 z00)))
 (let ((?x215 (+ z 6)))
 (let ((?x258 (* 18 x00 ?x215)))
 (let ((?x133 (* 36 y00 y00)))
 (let ((?x251 (* 12 ?x223 ?x215)))
 (let ((?x261 (* 6 ?x223 z00)))
 (let ((?x91 (* 6 y00 z00)))
 (let ((?x235 (* 12 y00 ?x215)))
 (let ((?x113 (* y00 y00 z00)))
 (let ((?x252 (* 18 ?x237 ?x215)))
 (let ((?x279 (- (- (- (* (- 18) x00 y00) (* 18 ?x237 ?x223)) ?x252) (* 3 ?x237 z00 z00))))
 (let ((?x284 (- (+ (- ?x279 ?x113) (* 3 x00 ?x215 z00)) (* ?x223 y00 z00))))
 (let ((?x291 (- (- (+ (- (+ ?x284 ?x235) ?x91) (* 36 ?x223 y00) ?x261) ?x251) (* 3 ?x237 ?x215 z00))))
 (let ((?x297 (+ (- (+ ?x291 (* 2 ?x223 ?x223 z00)) ?x133) ?x258 (* ?x223 ?x223 ?x215) (* 18 x00 ?x223) ?x137 ?x238)))
 (let ((?x303 (+ (- (+ (- ?x297 ?x67) (* 18 ?x237 y00) ?x243) ?x74) (* ?x223 y00 ?x215) ?x144)))
 (let ((?x307 (- (- ?x303 (* 2 y00 y00 ?x215)) (* 3 ?x223 z00 z00))))
 (let ((?x217 (+ n 1)))
 (let ((?x210 (* 108 x00 x00)))
 (let ((?x204 (* 10 y00 z00 z00)))
 (let ((?x197 (* 2 x00 z00 z00 z00)))
 (let ((?x196 (* y00 z00 z00 z00)))
 (let ((?x189 (* 18 x00 z00 z00)))
 (let ((?x187 (* 36 x00 y00 z00)))
 (let ((?x184 (* 96 y00 y00)))
 (let ((?x179 (* 16 y00 y00 y00)))
 (let ((?x171 (* 24 y00 z00)))
 (let ((?x161 (* y00 y00 z00 z00)))
 (let ((?x160 (* 12 y00 y00 z00)))
 (let ((?x313 (- (+ (* 216 x00 y00) (* 108 ?x237 ?x223) (* 36 x00 z00)) (* 2 ?x237 z00 z00 z00))))
 (let ((?x320 (+ (- (- (+ ?x313 (* 18 ?x237 z00 z00)) ?x160) ?x161) (* 24 ?x223 ?x223) (* 108 ?x237 ?x237))))
 (let ((?x324 (+ (- ?x320 (* 4 ?x223 ?x223 ?x223)) (* 18 ?x223 y00 z00) ?x171)))
 (let ((?x331 (- (+ (- (- ?x324 (* 120 ?x223 y00)) (* 24 ?x223 z00)) ?x179) (* 6 ?x223 ?x223 z00))))
 (let ((?x338 (- (- (- (+ ?x331 ?x184) (* 12 ?x223 ?x223 y00)) ?x187) (* 108 x00 ?x223))))
 (let ((?x343 (- (+ (- (- ?x338 ?x189) (* 216 ?x237 x00)) ?x196 ?x197) (* 216 ?x237 y00))))
 (let ((?x348 (- (- (+ ?x343 (* ?x223 ?x223 z00 z00)) ?x204) (* 36 ?x237 z00))))
 (let ((?x353 (- (+ ?x348 (* 36 ?x237 y00 z00) (* 10 ?x223 z00 z00) ?x210) (* ?x223 z00 z00 z00))))
 (let ((?x99 (* y00 z00 z00)))
 (let ((?x88 (* 24 y00 y00)))
 (let ((?x84 (* 18 x00 z00)))
 (let ((?x256 (+ (- (- (* (- 1) y00 ?x215 z00) ?x251) ?x252) ?x84 (* 12 ?x223 ?x223))))
 (let ((?x262 (- (+ (- ?x256 ?x88) ?x258 ?x235 ?x91 (* 12 ?x223 y00) ?x238) ?x67)))
 (let ((?x270 (+ (- (+ (- (+ (- ?x262 ?x261) ?x243) ?x74) ?x99) (* 18 ?x237 z00)) (* ?x223 ?x215 z00))))
 (let ((?x62 (* 18 y00 z00)))
 (let ((?x57 (* 6 z00 z00)))
 (let ((?x236 (- (+ (- (* (- 6) ?x223 ?x215) (* z00 z00 z00)) ?x57) ?x235)))
 (let ((?x245 (- (+ (- (- (+ ?x236 ?x62 ?x238) ?x67) (* 6 ?x215 z00)) ?x243) ?x74)))
 (let ((?x49 (* 6 z00)))
 (let ((?x227 (- (- (+ (* (- 1) z00 z00) (* 12 y00)) (* 12 ?x223)) (* 6 ?x215))))
 (let (($x221 (= (- (+ (* (- 1) ?x215) z00 (* 6 ?x217)) (* 6 n00)) 0)))
 (let (($x359 (or (not $x221) (not (= (+ ?x227 ?x49 (* ?x215 ?x215)) 0)) (not (= (+ ?x245 (* ?x215 z00 z00)) 0)) (not (= (- ?x270 (* ?x223 z00 z00)) 0)) (not (= ?x307 0)) (not (= ?x353 0)) (not (= (* 4 ?x217 ?x215 ?x215 ?x307) 0)))))
 (let ((?x212 (* y z00 z00 z00)))
 (let ((?x201 (* y y z00 z00)))
 (let ((?x157 (- (+ (* 216 x00 y00) (* 108 x y) (* 36 x00 z00)) (* 2 x z00 z00 z00))))
 (let ((?x166 (+ (- (- (+ ?x157 (* 18 x z00 z00)) ?x160) ?x161) (* 24 y y) (* 108 x x))))
 (let ((?x172 (+ (- ?x166 (* 4 y y y)) (* 18 y y00 z00) ?x171)))
 (let ((?x182 (- (+ (- (- ?x172 (* 120 y y00)) (* 24 y z00)) ?x179) (* 6 y y z00))))
 (let ((?x193 (- (- (- (+ ?x182 ?x184) (* 12 y y y00)) ?x187) (* 108 x00 y))))
 (let ((?x200 (- (+ (- (- ?x193 ?x189) (* 216 x x00)) ?x196 ?x197) (* 216 x y00))))
 (let ((?x211 (+ (- (- (+ ?x200 ?x201) ?x204) (* 36 x z00)) (* 36 x y00 z00) (* 10 y z00 z00) ?x210)))
 (let ((?x71 (* 72 y)))
 (let ((?x64 (* 108 x)))
 (let ((?x135 (* y y z)))
 (let ((?x90 (* 18 x00 z)))
 (let ((?x80 (* 12 y z)))
 (let ((?x94 (* 6 y z00)))
 (let ((?x59 (* 12 y00 z)))
 (let ((?x120 (* y y00 z00)))
 (let ((?x81 (* 18 x z)))
 (let ((?x116 (- (- (- (* (- 18) x00 y00) (* 18 x y)) ?x81) (* 3 x z00 z00))))
 (let ((?x123 (- (+ (- (+ (- ?x116 ?x113) (* 3 x00 z z00)) ?x120) ?x59) ?x91)))
 (let ((?x129 (- (- (+ ?x123 (* 36 y y00) ?x94) ?x80) (* 3 x z z00))))
 (let ((?x138 (+ (- (+ ?x129 (* 2 y y z00)) ?x133) ?x90 ?x135 (* 18 x00 y) ?x137 ?x64)))
 (let ((?x145 (+ (- (+ (- ?x138 ?x67) (* 18 x y00) ?x71) ?x74) (* y y00 z) ?x144)))
 (let (($x150 (= (- (- ?x145 (* 2 y00 y00 z)) (* 3 y z00 z00)) 0)))
 (let ((?x105 (* y z00 z00)))
 (let ((?x103 (* y z z00)))
 (let ((?x86 (+ (- (- (* (- 1) y00 z z00) ?x80) ?x81) ?x84 (* 12 y y))))
 (let ((?x95 (- (+ (- ?x86 ?x88) ?x90 ?x59 ?x91 (* 12 y y00) ?x64) ?x67)))
 (let ((?x104 (+ (- (+ (- (+ (- ?x95 ?x94) ?x71) ?x74) ?x99) (* 18 x z00)) ?x103)))
 (let ((?x76 (* z z00 z00)))
 (let ((?x60 (- (+ (- (* (- 6) y z) (* z00 z00 z00)) ?x57) ?x59)))
 (let ((?x75 (- (+ (- (- (+ ?x60 ?x62 ?x64) ?x67) (* 6 z z00)) ?x71) ?x74)))
 (let ((?x50 (* z z)))
 (let ((?x46 (* 6 z)))
 (let ((?x48 (- (- (+ (* (- 1) z00 z00) (* 12 y00)) (* 12 y)) ?x46)))
 (let (($x39 (= (- (+ (* (- 1) z) z00 (* 6 n)) (* 6 n00)) 0)))
 (and $x39 (= (+ ?x48 ?x49 ?x50) 0) (= (+ ?x75 ?x76) 0) (= (- ?x104 ?x105) 0) $x150 (= (- ?x211 ?x212) 0) $x359)))))))))))))))))))))))))))))))))))))))))))))))))))))))))))))))))))))))))))))))))))))))))))))) :qid k!44))
 ))
 (let ((?x2076 (lambda ((x Int) (y Int) (z Int) (n Int) )(let ((?x99 (* y00 z00 z00)))
 (let ((?x1862 (* 3 ?x99)))
 (let ((?x223 (+ y z)))
 (let ((?x626 (+ 6 z)))
 (let ((?x1967 (* y00 ?x626 ?x223)))
 (let ((?x634 (* (- 108) x00)))
 (let ((?x1415 (* 72 z)))
 (let ((?x577 (* (- 72) y00)))
 (let ((?x1423 (* 180 y)))
 (let ((?x64 (* 108 x)))
 (let ((?x2281 (* x00 z00 z00)))
 (let ((?x2287 (* 3 ?x2281)))
 (let ((?x1835 (* ?x626 ?x223 ?x223)))
 (let ((?x565 (* x00 ?x626)))
 (let ((?x1569 (* 18 ?x565)))
 (let ((?x649 (* y00 y00)))
 (let ((?x942 (* (- 36) ?x649)))
 (let ((?x2937 (* ?x626 ?x223)))
 (let ((?x584 (* (- 12) ?x2937)))
 (let ((?x2417 (* z00 ?x223)))
 (let ((?x2418 (* 6 ?x2417)))
 (let ((?x2660 (* y00 z00)))
 (let ((?x598 (* (- 6) ?x2660)))
 (let ((?x1597 (* y00 ?x626)))
 (let ((?x1473 (* 12 ?x1597)))
 (let ((?x113 (* y00 y00 z00)))
 (let ((?x1442 (* (- 1) ?x113)))
 (let ((?x237 (+ x y)))
 (let ((?x1330 (* ?x626 ?x237)))
 (let ((?x2426 (* (- 18) ?x1330)))
 (let ((?x1833 (* x00 y00)))
 (let ((?x2064 (* (- 18) ?x1833)))
 (let ((?x2039 (+ ?x2064 (* (- 18) (* ?x223 ?x237)) ?x2426 (* (- 3) (* z00 z00 ?x237)) ?x1442 (* 3 (* x00 z00 ?x626)) (* (- 1) (* y00 z00 ?x223)) ?x1473 ?x598 (* 36 (* y00 ?x223)) ?x2418 ?x584 (* (- 3) (* z00 ?x626 ?x237)) (* 2 (* z00 ?x223 ?x223)) ?x942 ?x1569 ?x1835 (* 18 (* x00 ?x223)) ?x2287 ?x64 ?x1423 ?x577 (* 18 (* y00 ?x237)) ?x1415 ?x634 ?x1967 ?x1862 (* (- 2) (* y00 y00 ?x626)) (* (- 3) (* z00 z00 ?x223)))))
 (let ((?x783 (+ 1 n)))
 (let (($x2116 (not (= (* ?x783 ?x626 ?x626 ?x2039) 0))))
 (let ((?x1378 (* 108 (* x00 x00))))
 (let ((?x1465 (* (- 10) ?x99)))
 (let ((?x1035 (* 2 (* x00 z00 z00 z00))))
 (let ((?x196 (* y00 z00 z00 z00)))
 (let ((?x2036 (* (- 18) ?x2281)))
 (let ((?x1288 (* (- 36) (* x00 y00 z00))))
 (let ((?x1131 (* 96 ?x649)))
 (let ((?x1095 (* 16 (* y00 y00 y00))))
 (let ((?x2294 (* 24 ?x2660)))
 (let ((?x161 (* y00 y00 z00 z00)))
 (let ((?x543 (* (- 1) ?x161)))
 (let ((?x2214 (* (- 12) ?x113)))
 (let ((?x2711 (* x00 z00)))
 (let ((?x2681 (* 36 ?x2711)))
 (let ((?x853 (* 216 ?x1833)))
 (let ((?x664 (+ ?x853 (* 108 (* ?x223 ?x237)) ?x2681 (* (- 2) (* z00 z00 z00 ?x237)) (* 18 (* z00 z00 ?x237)) ?x2214 ?x543 (* 24 (* ?x223 ?x223)) (* 108 (* ?x237 ?x237)) (* (- 4) (* ?x223 ?x223 ?x223)) (* 18 (* y00 z00 ?x223)) ?x2294 (* (- 120) (* y00 ?x223)) (* (- 24) ?x2417) ?x1095 (* (- 6) (* z00 ?x223 ?x223)) ?x1131 (* (- 12) (* y00 ?x223 ?x223)) ?x1288 (* (- 108) (* x00 ?x223)) ?x2036 (* (- 216) (* x00 ?x237)) ?x196 ?x1035 (* (- 216) (* y00 ?x237)) (* z00 z00 ?x223 ?x223) ?x1465 (* (- 36) (* z00 ?x237)) (* 36 (* y00 z00 ?x237)) (* 10 (* z00 z00 ?x223)) ?x1378 (* (- 1) (* z00 z00 z00 ?x223)))))
 (let (($x2070 (not (= ?x664 0))))
 (let ((?x2969 (* z00 ?x626 ?x223)))
 (let ((?x2429 (* (- 6) ?x2417)))
 (let ((?x1319 (* 6 ?x2660)))
 (let ((?x667 (* (- 24) ?x649)))
 (let ((?x2712 (* 18 ?x2711)))
 (let ((?x1559 (+ (* (- 1) (* y00 z00 ?x626)) ?x584 ?x2426 ?x2712 (* 12 (* ?x223 ?x223)) ?x667 ?x1569 ?x1473 ?x1319 (* 12 (* y00 ?x223)) ?x64 ?x1423 ?x577 ?x2429 ?x1415 ?x634 ?x99 (* (- 18) (* z00 ?x237)) ?x2969 (* (- 1) (* z00 z00 ?x223)))))
 (let ((?x1045 (* z00 z00 ?x626)))
 (let ((?x1143 (* 18 ?x2660)))
 (let ((?x585 (* (- 12) ?x1597)))
 (let ((?x414 (* z00 z00)))
 (let ((?x518 (* 6 ?x414)))
 (let ((?x55 (* z00 z00 z00)))
 (let ((?x507 (* (- 1) ?x55)))
 (let ((?x1744 (+ (* (- 6) ?x2937) ?x507 ?x518 ?x585 ?x1143 ?x64 ?x1423 ?x577 (* (- 6) (* z00 ?x626)) ?x1415 ?x634 ?x1045)))
 (let ((?x1471 (* ?x626 ?x626)))
 (let ((?x49 (* 6 z00)))
 (let ((?x2874 (* (- 12) y)))
 (let ((?x43 (* 12 y00)))
 (let ((?x574 (* (- 1) ?x414)))
 (let (($x1179 (= (+ (* (- 1) z) z00 (* 6 n) (* (- 6) n00)) 0)))
 (let (($x754 (or (not $x1179) (not (= (+ ?x574 ?x43 ?x2874 (* (- 18) z) ?x49 ?x1471) 36)) (not (= ?x1744 0)) (not (= ?x1559 0)) (not (= ?x2039 0)) $x2070 $x2116)))
 (let ((?x938 (* (- 4) (* y y y))))
 (let ((?x890 (* 108 (* x x))))
 (let ((?x623 (* y y)))
 (let ((?x878 (* 24 ?x623)))
 (let ((?x2366 (* y x)))
 (let ((?x2367 (* 108 ?x2366)))
 (let ((?x1759 (+ ?x853 ?x2367 ?x2681 (* (- 2) (* z00 z00 z00 x)) (* 18 (* z00 z00 x)) ?x2214 ?x543 ?x878 ?x890 ?x938 (* 18 (* y00 z00 y)) ?x2294 (* (- 120) (* y00 y)) (* (- 24) (* z00 y)) ?x1095 (* (- 6) (* z00 y y)) ?x1131 (* (- 12) (* y00 y y)) ?x1288 (* (- 108) (* x00 y)) ?x2036 (* (- 216) (* x00 x)) ?x196 ?x1035 (* (- 216) (* y00 x)) (* z00 z00 y y) ?x1465 (* (- 36) (* z00 x)) (* 36 (* y00 z00 x)) (* 10 (* z00 z00 y)) ?x1378 (* (- 1) (* z00 z00 z00 y)))))
 (let (($x716 (= ?x1759 0)))
 (let ((?x1499 (* y00 z y)))
 (let ((?x71 (* 72 y)))
 (let ((?x2014 (* x00 y)))
 (let ((?x2015 (* 18 ?x2014)))
 (let ((?x2508 (* z y y)))
 (let ((?x1551 (* x00 z)))
 (let ((?x3024 (* 18 ?x1551)))
 (let ((?x1510 (* z y)))
 (let ((?x1772 (* (- 12) ?x1510)))
 (let ((?x1653 (* z00 y)))
 (let ((?x1654 (* 6 ?x1653)))
 (let ((?x1151 (* y00 z)))
 (let ((?x1152 (* 12 ?x1151)))
 (let ((?x1479 (* z x)))
 (let ((?x2685 (* (- 18) ?x1479)))
 (let ((?x1515 (+ ?x2064 (* (- 18) ?x2366) ?x2685 (* (- 3) (* z00 z00 x)) ?x1442 (* 3 (* x00 z00 z)) (* (- 1) (* y00 z00 y)) ?x1152 ?x598 (* 36 (* y00 y)) ?x1654 ?x1772 (* (- 3) (* z00 z x)) (* 2 (* z00 y y)) ?x942 ?x3024 ?x2508 ?x2015 ?x2287 ?x64 ?x577 (* 18 (* y00 x)) ?x71 ?x634 ?x1499 ?x1862 (* (- 2) (* y00 y00 z)) (* (- 3) (* z00 z00 y)))))
 (let ((?x2172 (* z00 z y)))
 (let ((?x1111 (* (- 6) ?x1653)))
 (let ((?x624 (* 12 ?x623)))
 (let ((?x2216 (+ (* (- 1) (* y00 z00 z)) ?x1772 ?x2685 ?x2712 ?x624 ?x667 ?x3024 ?x1152 ?x1319 (* 12 (* y00 y)) ?x64 ?x577 ?x1111 ?x71 ?x634 ?x99 (* (- 18) (* z00 x)) ?x2172 (* (- 1) (* z00 z00 y)))))
 (let ((?x2627 (* z00 z00 z)))
 (let ((?x1222 (* (- 12) ?x1151)))
 (let ((?x2633 (+ (* (- 6) ?x1510) ?x507 ?x518 ?x1222 ?x1143 ?x64 ?x577 (* (- 6) (* z00 z)) ?x71 ?x634 ?x2627)))
 (let (($x2117 (and $x1179 (= (+ ?x574 ?x43 ?x2874 (* (- 6) z) ?x49 (* z z)) 0) (= ?x2633 0) (= ?x2216 0) (= ?x1515 0) $x716 $x754)))
 (let ((?x144 (* 3 y00 z00 z00)))
 (let ((?x74 (* 108 x00)))
 (let ((?x243 (* 72 ?x223)))
 (let ((?x67 (* 72 y00)))
 (let ((?x238 (* 108 ?x237)))
 (let ((?x137 (* 3 x00 z00 z00)))
 (let ((?x215 (+ z 6)))
 (let ((?x258 (* 18 x00 ?x215)))
 (let ((?x133 (* 36 y00 y00)))
 (let ((?x251 (* 12 ?x223 ?x215)))
 (let ((?x261 (* 6 ?x223 z00)))
 (let ((?x91 (* 6 y00 z00)))
 (let ((?x235 (* 12 y00 ?x215)))
 (let ((?x252 (* 18 ?x237 ?x215)))
 (let ((?x279 (- (- (- (* (- 18) x00 y00) (* 18 ?x237 ?x223)) ?x252) (* 3 ?x237 z00 z00))))
 (let ((?x284 (- (+ (- ?x279 ?x113) (* 3 x00 ?x215 z00)) (* ?x223 y00 z00))))
 (let ((?x291 (- (- (+ (- (+ ?x284 ?x235) ?x91) (* 36 ?x223 y00) ?x261) ?x251) (* 3 ?x237 ?x215 z00))))
 (let ((?x297 (+ (- (+ ?x291 (* 2 ?x223 ?x223 z00)) ?x133) ?x258 (* ?x223 ?x223 ?x215) (* 18 x00 ?x223) ?x137 ?x238)))
 (let ((?x303 (+ (- (+ (- ?x297 ?x67) (* 18 ?x237 y00) ?x243) ?x74) (* ?x223 y00 ?x215) ?x144)))
 (let ((?x307 (- (- ?x303 (* 2 y00 y00 ?x215)) (* 3 ?x223 z00 z00))))
 (let ((?x217 (+ n 1)))
 (let ((?x210 (* 108 x00 x00)))
 (let ((?x204 (* 10 y00 z00 z00)))
 (let ((?x197 (* 2 x00 z00 z00 z00)))
 (let ((?x189 (* 18 x00 z00 z00)))
 (let ((?x187 (* 36 x00 y00 z00)))
 (let ((?x184 (* 96 y00 y00)))
 (let ((?x179 (* 16 y00 y00 y00)))
 (let ((?x171 (* 24 y00 z00)))
 (let ((?x160 (* 12 y00 y00 z00)))
 (let ((?x313 (- (+ (* 216 x00 y00) (* 108 ?x237 ?x223) (* 36 x00 z00)) (* 2 ?x237 z00 z00 z00))))
 (let ((?x320 (+ (- (- (+ ?x313 (* 18 ?x237 z00 z00)) ?x160) ?x161) (* 24 ?x223 ?x223) (* 108 ?x237 ?x237))))
 (let ((?x324 (+ (- ?x320 (* 4 ?x223 ?x223 ?x223)) (* 18 ?x223 y00 z00) ?x171)))
 (let ((?x331 (- (+ (- (- ?x324 (* 120 ?x223 y00)) (* 24 ?x223 z00)) ?x179) (* 6 ?x223 ?x223 z00))))
 (let ((?x338 (- (- (- (+ ?x331 ?x184) (* 12 ?x223 ?x223 y00)) ?x187) (* 108 x00 ?x223))))
 (let ((?x343 (- (+ (- (- ?x338 ?x189) (* 216 ?x237 x00)) ?x196 ?x197) (* 216 ?x237 y00))))
 (let ((?x348 (- (- (+ ?x343 (* ?x223 ?x223 z00 z00)) ?x204) (* 36 ?x237 z00))))
 (let ((?x353 (- (+ ?x348 (* 36 ?x237 y00 z00) (* 10 ?x223 z00 z00) ?x210) (* ?x223 z00 z00 z00))))
 (let ((?x88 (* 24 y00 y00)))
 (let ((?x84 (* 18 x00 z00)))
 (let ((?x256 (+ (- (- (* (- 1) y00 ?x215 z00) ?x251) ?x252) ?x84 (* 12 ?x223 ?x223))))
 (let ((?x262 (- (+ (- ?x256 ?x88) ?x258 ?x235 ?x91 (* 12 ?x223 y00) ?x238) ?x67)))
 (let ((?x270 (+ (- (+ (- (+ (- ?x262 ?x261) ?x243) ?x74) ?x99) (* 18 ?x237 z00)) (* ?x223 ?x215 z00))))
 (let ((?x62 (* 18 y00 z00)))
 (let ((?x236 (- (+ (- (* (- 6) ?x223 ?x215) ?x55) (* 6 z00 z00)) ?x235)))
 (let ((?x245 (- (+ (- (- (+ ?x236 ?x62 ?x238) ?x67) (* 6 ?x215 z00)) ?x243) ?x74)))
 (let ((?x227 (- (- (+ (* (- 1) z00 z00) ?x43) (* 12 ?x223)) (* 6 ?x215))))
 (let (($x221 (= (- (+ (* (- 1) ?x215) z00 (* 6 ?x217)) (* 6 n00)) 0)))
 (let (($x359 (or (not $x221) (not (= (+ ?x227 ?x49 (* ?x215 ?x215)) 0)) (not (= (+ ?x245 (* ?x215 z00 z00)) 0)) (not (= (- ?x270 (* ?x223 z00 z00)) 0)) (not (= ?x307 0)) (not (= ?x353 0)) (not (= (* 4 ?x217 ?x215 ?x215 ?x307) 0)))))
 (let ((?x212 (* y z00 z00 z00)))
 (let ((?x201 (* y y z00 z00)))
 (let ((?x157 (- (+ (* 216 x00 y00) (* 108 x y) (* 36 x00 z00)) (* 2 x z00 z00 z00))))
 (let ((?x166 (+ (- (- (+ ?x157 (* 18 x z00 z00)) ?x160) ?x161) (* 24 y y) (* 108 x x))))
 (let ((?x172 (+ (- ?x166 (* 4 y y y)) (* 18 y y00 z00) ?x171)))
 (let ((?x182 (- (+ (- (- ?x172 (* 120 y y00)) (* 24 y z00)) ?x179) (* 6 y y z00))))
 (let ((?x193 (- (- (- (+ ?x182 ?x184) (* 12 y y y00)) ?x187) (* 108 x00 y))))
 (let ((?x200 (- (+ (- (- ?x193 ?x189) (* 216 x x00)) ?x196 ?x197) (* 216 x y00))))
 (let ((?x211 (+ (- (- (+ ?x200 ?x201) ?x204) (* 36 x z00)) (* 36 x y00 z00) (* 10 y z00 z00) ?x210)))
 (let ((?x135 (* y y z)))
 (let ((?x90 (* 18 x00 z)))
 (let ((?x80 (* 12 y z)))
 (let ((?x94 (* 6 y z00)))
 (let ((?x59 (* 12 y00 z)))
 (let ((?x120 (* y y00 z00)))
 (let ((?x81 (* 18 x z)))
 (let ((?x116 (- (- (- (* (- 18) x00 y00) (* 18 x y)) ?x81) (* 3 x z00 z00))))
 (let ((?x123 (- (+ (- (+ (- ?x116 ?x113) (* 3 x00 z z00)) ?x120) ?x59) ?x91)))
 (let ((?x129 (- (- (+ ?x123 (* 36 y y00) ?x94) ?x80) (* 3 x z z00))))
 (let ((?x138 (+ (- (+ ?x129 (* 2 y y z00)) ?x133) ?x90 ?x135 (* 18 x00 y) ?x137 ?x64)))
 (let ((?x145 (+ (- (+ (- ?x138 ?x67) (* 18 x y00) ?x71) ?x74) (* y y00 z) ?x144)))
 (let (($x150 (= (- (- ?x145 (* 2 y00 y00 z)) (* 3 y z00 z00)) 0)))
 (let ((?x105 (* y z00 z00)))
 (let ((?x103 (* y z z00)))
 (let ((?x86 (+ (- (- (* (- 1) y00 z z00) ?x80) ?x81) ?x84 (* 12 y y))))
 (let ((?x95 (- (+ (- ?x86 ?x88) ?x90 ?x59 ?x91 (* 12 y y00) ?x64) ?x67)))
 (let ((?x104 (+ (- (+ (- (+ (- ?x95 ?x94) ?x71) ?x74) ?x99) (* 18 x z00)) ?x103)))
 (let ((?x76 (* z z00 z00)))
 (let ((?x60 (- (+ (- (* (- 6) y z) ?x55) (* 6 z00 z00)) ?x59)))
 (let ((?x75 (- (+ (- (- (+ ?x60 ?x62 ?x64) ?x67) (* 6 z z00)) ?x71) ?x74)))
 (let ((?x50 (* z z)))
 (let ((?x46 (* 6 z)))
 (let ((?x51 (+ (- (- (+ (* (- 1) z00 z00) ?x43) (* 12 y)) ?x46) ?x49 ?x50)))
 (let (($x39 (= (- (+ (* (- 1) z) z00 (* 6 n)) (* 6 n00)) 0)))
 (let (($x360 (and $x39 (= ?x51 0) (= (+ ?x75 ?x76) 0) (= (- ?x104 ?x105) 0) $x150 (= (- ?x211 ?x212) 0) $x359)))
 (rewrite (= $x360 $x2117))))))))))))))))))))))))))))))))))))))))))))))))))))))))))))))))))))))))))))))))))))))))))))))))))))))))))))))))))))))))))))))))))))))))))))))))))))))))))))))))))))))))))))))))))))))))))))))))
 ))
 (let ((@x362 (asserted $x361)))
 (let ((@x2079 (mp (mp @x362 (quant-intro (proof-bind ?x2076) (= $x361 $x760)) $x760) (rewrite (= $x760 $x760)) $x760)))
 (let ((@x2055 (mp (mp @x2079 (quant-intro (proof-bind ?x1505) (= $x760 $x438)) $x438) (quant-intro (proof-bind ?x2030) (= $x438 $x2058)) $x2058)))
 (let ((@x2021 (mp~ (mp @x2055 (quant-intro (proof-bind ?x1637) (= $x2058 $x703)) $x703) (sk (~ $x703 $x1924)) $x1924)))
 (let ((@x2299 (mp @x2021 (rewrite (= $x1924 $x3032)) $x3032)))
 (let ((@x2441 (and-elim @x2299 $x2290)))
 (let ((@x580 (unit-resolution ((_ th-lemma arith triangle-eq) (or $x1376 $x1692)) @x2441 $x1692)))
 (let (($x1681 (>= ?x943 0)))
 (let ((@x2834 (unit-resolution ((_ th-lemma arith triangle-eq) (or $x1376 $x1681)) @x2441 $x1681)))
 (let (($x2970 (<= ?x2832 0)))
 (let ((@x661 (and-elim @x2299 $x582)))
 (let ((@x557 (unit-resolution ((_ th-lemma arith triangle-eq) (or (not $x582) $x2970)) @x661 $x2970)))
 (let (($x380 (>= ?x2832 0)))
 (let ((@x1093 (unit-resolution ((_ th-lemma arith triangle-eq) (or (not $x582) $x380)) @x661 $x380)))
 (let (($x2615 (<= ?x466 0)))
 (let ((@x2991 (and-elim @x2299 $x468)))
 (let ((@x1890 (unit-resolution ((_ th-lemma arith triangle-eq) (or (not $x468) $x2615)) @x2991 $x2615)))
 (let (($x1354 (>= ?x466 0)))
 (let ((@x625 (unit-resolution ((_ th-lemma arith triangle-eq) (or (not $x468) $x1354)) @x2991 $x1354)))
 (let (($x1285 (<= ?x1749 0)))
 (let ((@x905 (and-elim @x2299 $x1289)))
 (let ((@x2683 (unit-resolution ((_ th-lemma arith triangle-eq) (or $x1297 $x1285)) @x905 $x1285)))
 (let (($x1522 (>= ?x1749 0)))
 (let ((@x1436 (unit-resolution ((_ th-lemma arith triangle-eq) (or $x1297 $x1522)) @x905 $x1522)))
 (let (($x1520 (<= ?x1788 0)))
 (let ((@x2835 (and-elim @x2299 $x1159)))
 (let ((@x982 (unit-resolution ((_ th-lemma arith triangle-eq) (or (not $x1159) $x1520)) @x2835 $x1520)))
 (let (($x1521 (>= ?x1788 0)))
 (let ((@x2471 (unit-resolution ((_ th-lemma arith triangle-eq) (or (not $x1159) $x1521)) @x2835 $x1521)))
 (let ((@x2690 ((_ th-lemma arith) (hypothesis (not $x2986)) @x1436 @x2683 @x2471 @x982 @x1093 @x557 @x2834 @x580 @x1436 @x2683 @x1436 @x2683 @x625 @x1890 @x1093 @x557 @x1093 @x557 @x2834 @x580 false)))
 (let ((@x1632 (lemma @x2690 $x2986)))
 (let (($x1961 (>= ?x2459 0)))
 (let ((@x939 ((_ th-lemma arith) (hypothesis (not $x1961)) @x1436 @x2683 @x2471 @x982 @x1093 @x557 @x2834 @x580 @x1436 @x2683 @x1436 @x2683 @x625 @x1890 @x1093 @x557 @x1093 @x557 @x2834 @x580 false)))
 (let ((@x1671 (lemma @x939 $x1961)))
 (let (($x1673 (<= ?x1427 0)))
 (let ((@x2403 (and-elim @x2299 $x2440)))
 (let ((@x1863 (unit-resolution ((_ th-lemma arith triangle-eq) (or (not $x2440) $x1673)) @x2403 $x1673)))
 (let (($x2483 (>= ?x1427 0)))
 (let ((@x2130 (unit-resolution ((_ th-lemma arith triangle-eq) (or (not $x2440) $x2483)) @x2403 $x2483)))
 (let (($x1247 (<= ?x1903 0)))
 (let ((@x1530 ((_ th-lemma arith) (hypothesis (not $x1247)) @x1436 @x2683 @x1093 @x557 @x2834 @x580 @x1436 @x2683 @x1671 @x1632 @x2471 @x982 false)))
 (let ((@x1399 (lemma @x1530 $x1247)))
 (let (($x1474 (>= ?x1903 0)))
 (let ((@x975 ((_ th-lemma arith) (hypothesis (not $x1474)) @x1436 @x2683 @x1093 @x557 @x2834 @x580 @x1436 @x2683 @x1671 @x1632 @x2471 @x982 false)))
 (let ((@x1082 (lemma @x975 $x1474)))
 (let (($x1905 (not (>= ?x1134 0))))
 (let (($x2093 (>= ?x1827 0)))
 (let (($x512 (<= ?x1827 0)))
 (let ((@x2626 (unit-resolution ((_ th-lemma arith triangle-eq) (or $x1090 (not $x512) (not $x2093))) (unit-resolution ((_ th-lemma arith assign-bounds 1) (or $x512 (not $x1961))) @x1671 $x512) (or $x1090 (not $x2093)))))
 (let ((@x425 (unit-resolution @x2626 (unit-resolution ((_ th-lemma arith assign-bounds 1) (or $x2093 (not $x2986))) @x1632 $x2093) $x1090)))
 (let ((@x2831 (unit-resolution ((_ th-lemma arith triangle-eq) (or $x898 (not $x1247) (not $x1474))) @x1082 @x1399 $x898)))
 (let ((@x662 (unit-resolution (hypothesis $x2302) ((_ th-lemma arith eq-propagate -6 -6 -1 -1) @x2834 @x580 @x625 @x1890 $x940) false)))
 (let ((@x997 (unit-resolution (and-elim @x2299 $x2680) @x905 @x2441 (or $x2302 $x1912 $x1764 $x755 $x621))))
 (let ((@x2759 (unit-resolution (unit-resolution @x997 (lemma @x662 $x940) (or $x1912 $x1764 $x755 $x621)) @x2831 @x425 ((_ th-lemma arith eq-propagate 0 0 0 0) @x1671 @x1632 @x1671 @x1632 $x2186) $x755)))
 (let (($x2086 (<= ?x1134 0)))
 (let ((@x1898 ((_ th-lemma arith) (hypothesis (not $x2086)) @x1436 @x2683 @x1436 @x2683 @x2834 @x580 @x1436 @x2683 @x1082 @x1399 @x1093 @x557 @x2834 @x580 @x1093 @x557 @x625 @x1890 @x1093 @x557 @x2471 @x982 @x2130 @x1863 @x1671 @x1632 false)))
 (let ((@x597 (unit-resolution ((_ th-lemma arith triangle-eq) (or $x1687 (not $x2086) $x1905)) (lemma @x1898 $x2086) @x2759 $x1905)))
 ((_ th-lemma arith) @x597 @x1436 @x2683 @x1436 @x2683 @x2834 @x580 @x1436 @x2683 @x1082 @x1399 @x1093 @x557 @x2834 @x580 @x1093 @x557 @x625 @x1890 @x1093 @x557 @x2471 @x982 @x2130 @x1863 @x1671 @x1632 false)))))))))))))))))))))))))))))))))))))))))))))))))))))))))))))))))))))))))))))))))))))))))))))))))))))))))))))))))))))))))))))))))))))))))))))))))))))))))))))))))))))))))))))))))))))))))))))))))))))))))))))))))))))))))))))))))))))))))))))))))))))))))))))))))))))))))))))))))))))))))))))))))))))))))))))))))))

(:added-eqs                 19
 :arith-assert-diseq        14
 :arith-assert-lower        99
 :arith-assert-upper        36
 :arith-bound-prop          3
 :arith-conflicts           8
 :arith-eq-adapter          17
 :arith-fixed-eqs           6
 :arith-gcd-tests           4
 :arith-grobner             9
 :arith-max-min             2204
 :arith-nonlinear-bounds    74
 :arith-nonlinear-horner    79
 :arith-num-rows            13
 :arith-patches             4
 :arith-patches_succ        4
 :arith-pivots              10
 :arith-pseudo-nonlinear    3
 :arith-row-summations      21
 :arith-tableau-max-columns 119
 :arith-tableau-max-rows    13
 :conflicts                 9
 :decisions                 40
 :del-clause                43
 :final-checks              19
 :max-memory                4.31
 :memory                    3.50
 :mk-bool-var               58
 :mk-clause                 68
 :num-allocs                5530149
 :num-checks                1
 :propagations              79
 :rlimit-count              121124
 :time                      0.07
 :total-time                0.09)
