unsat
((set-logic NIA)
(declare-fun z!1 () Int)
(declare-fun y!2 () Int)
(declare-fun x!3 () Int)
(declare-fun n!0 () Int)
(proof
(let ((?x2226 (* z!1 z!1)))
 (let ((?x417 (* z00 z00)))
 (let ((?x577 (* (- 1) ?x417)))
 (let ((?x43 (* 12 y00)))
 (let ((?x49 (* 6 z00)))
 (let ((?x2156 (+ ?x49 ?x43 ?x577 (* (- 6) z!1) (* (- 12) y!2) ?x2226)))
 (let (($x1748 (<= ?x2156 0)))
 (let (($x2040 (= ?x2156 0)))
 (let ((?x2781 (* z!1 y!2)))
 (let ((?x2826 (* (- 6) ?x2781)))
 (let ((?x2091 (* (- 6) ?x2226)))
 (let ((?x1926 (* z00 z00 z!1)))
 (let ((?x845 (* 108 x!3)))
 (let ((?x2090 (* 144 y!2)))
 (let ((?x516 (* 36 z!1)))
 (let ((?x1101 (* y00 z!1)))
 (let ((?x1004 (* (- 12) ?x1101)))
 (let ((?x558 (* z00 y00)))
 (let ((?x559 (* 18 ?x558)))
 (let ((?x1466 (* 12 ?x417)))
 (let ((?x637 (* (- 108) x00)))
 (let ((?x55 (* z00 z00 z00)))
 (let ((?x510 (* (- 1) ?x55)))
 (let ((?x1319 (* (- 144) y00)))
 (let ((?x1394 (* (- 36) z00)))
 (let ((?x1531 (+ ?x1394 ?x1319 ?x510 ?x637 ?x1466 (* (- 6) (* z00 z!1)) ?x559 ?x1004 ?x516 ?x2090 ?x845 ?x1926 ?x2091 ?x2826)))
 (let ((?x2019 (+ y!2 x!3)))
 (let ((?x2389 (+ 6 z!1)))
 (let ((?x2388 (+ 1 n!0)))
 (let ((?x1567 (* 12 ?x2781)))
 (let ((?x2502 (* y!2 y!2)))
 (let ((?x2809 (* 12 ?x2502)))
 (let ((?x1994 (* z!1 z!1 y!2)))
 (let ((?x2796 (* 2 ?x1994)))
 (let ((?x1035 (* 12 (* y!2 y!2 n!0))))
 (let ((?x2823 (+ (* 2 (* z!1 y!2 y!2 n!0)) (* 2 (* z!1 y!2 y!2)) (* 2 (* z!1 y!2 x!3 n!0)) (* 2 (* z!1 z!1 x!3)) (* 12 (* y!2 x!3)) (* 2 (* z!1 z!1 x!3 n!0)) (* 12 (* z!1 x!3)) (* 12 (* z!1 y!2 n!0)) ?x1035 (* 12 (* y!2 x!3 n!0)) (* 2 (* z!1 y!2 x!3)) (* 12 (* z!1 x!3 n!0)) ?x2796 (* 2 (* z!1 z!1 y!2 n!0)) ?x2809 ?x1567 (* 10 (* ?x2388 ?x2389 ?x2389 (+ z!1 y!2) ?x2019 ?x2019)))))
 (let ((?x891 (* ?x2823 ?x1531)))
 (let (($x2699 (= ?x891 0)))
 (let (($x2881 (not $x2699)))
 (let ((?x850 (* z00 z00 y00 y00)))
 (let ((?x1093 (+ (* z00 z00 z00 z!1) (* 24 (* z00 z!1)) (* (- 216) (* y00 x00)) (* (- 24) ?x558) (* 12 (* z!1 y!2 y!2)) (* (- 36) (* z00 x00)) (* 2 (* z00 z00 z00 x!3)) (* (- 96) (* y00 y00)) (* 216 (* x00 x!3)) (* 12 (* z00 y00 y00)) (* 10 (* z00 z00 y00)) ?x850 (* 12 (* y00 y!2 y!2)) (* 6 (* z00 z!1 z!1)) (* (- 324) (* y!2 x!3)) (* 18 (* z00 z00 x00)) (* 24 (* y00 z!1 y!2)) (* (- 16) (* y00 y00 y00)) (* 120 ?x1101) (* (- 54) (* z00 y00 y!2)) (* 12 (* z00 z!1 y!2)) (* 36 (* z00 y00 x00)) (* (- 108) (* x!3 x!3)) (* 3 (* z00 z00 z00 y!2)) (* (- 108) (* z!1 x!3)) (* (- 1) (* z00 z00 z00 y00)) (* (- 2) (* z00 z00 z00 x00)) (* (- 108) (* x00 x00)) (* (- 28) (* z00 z00 y!2)) (* 4 (* z!1 z!1 z!1)) (* (- 1) (* z00 z00 y!2 y!2)) (* 216 (* y00 x!3)) (* (- 2) (* z00 z00 z!1 y!2)) (* 12 (* y00 z!1 z!1)) (* 6 (* z00 y!2 y!2)) (* (- 10) ?x1926) (* 12 ?x1994) (* (- 36) (* z00 y00 x!3)) (* (- 1) (* z00 z00 z!1 z!1)) (* 60 (* z00 y!2)) (* 36 (* z00 x!3)) (* (- 18) (* z00 y00 z!1)) (* (- 24) ?x2226) (* 336 (* y00 y!2)) (* 324 (* x00 y!2)) (* (- 18) (* z00 z00 x!3)) (* (- 240) ?x2502) (* 108 (* x00 z!1)) (* 4 (* y!2 y!2 y!2)) (* (- 156) ?x2781))))
 (let (($x611 (= ?x1093 0)))
 (let (($x536 (not $x611)))
 (let ((?x1832 (* (- 12) ?x2502)))
 (let ((?x2218 (* z00 y00 z!1)))
 (let ((?x511 (* (- 1) ?x2218)))
 (let ((?x2198 (* z00 x!3)))
 (let ((?x591 (* (- 18) ?x2198)))
 (let ((?x1815 (* y00 z!1 z!1)))
 (let ((?x1581 (* z!1 z!1 z!1)))
 (let ((?x1165 (* z00 z!1 y!2)))
 (let ((?x981 (* y00 z!1 y!2)))
 (let ((?x962 (* z00 z00 x00)))
 (let ((?x963 (* 3 ?x962)))
 (let ((?x772 (* z00 z00 y00)))
 (let ((?x1025 (* 3 ?x772)))
 (let ((?x752 (* z00 y00 y00)))
 (let ((?x759 (* (- 1) ?x752)))
 (let ((?x621 (* z00 x00)))
 (let ((?x623 (* 18 ?x621)))
 (let ((?x571 (* z!1 y!2 y!2)))
 (let ((?x852 (* (- 6) ?x558)))
 (let ((?x507 (* y00 x00)))
 (let ((?x508 (* (- 18) ?x507)))
 (let ((?x443 (* z00 z!1)))
 (let ((?x1141 (* 6 ?x443)))
 (let ((?x1838 (+ ?x1141 ?x508 ?x852 ?x571 ?x623 (* (- 48) (* y00 y00)) ?x759 ?x1025 (* 2 (* z00 z!1 z!1)) (* (- 18) (* y!2 x!3)) ?x963 ?x981 (* (- 2) (* y00 y00 z!1)) (* 54 ?x1101) (* (- 1) (* z00 y00 y!2)) ?x1165 (* (- 3) (* z00 z!1 x!3)) (* (- 36) (* z!1 x!3)) (* (- 6) (* z00 z00 y!2)) ?x1581 (* 18 (* y00 x!3)) ?x1815 (* 2 (* z00 y!2 y!2)) (* (- 3) ?x1926) (* 3 (* z00 x00 z!1)) ?x2796 (* (- 12) (* z00 y!2)) ?x591 ?x511 ?x2091 (* 60 (* y00 y!2)) (* 18 (* x00 y!2)) (* (- 3) (* z00 z00 x!3)) ?x1832 (* 36 (* x00 z!1)) (* (- 36) ?x2781))))
 (let (($x1840 (= ?x1838 0)))
 (let (($x854 (not $x1840)))
 (let ((?x2293 (* (- 1) ?x1926)))
 (let ((?x896 (* z00 z!1 z!1)))
 (let ((?x652 (* y00 y00)))
 (let ((?x670 (* (- 24) ?x652)))
 (let ((?x1902 (+ ?x623 ?x670 ?x772 ?x896 (* 24 ?x1101) ?x1165 (* (- 18) (* z!1 x!3)) (* (- 1) (* z00 z00 y!2)) ?x2293 (* (- 18) (* z00 y!2)) ?x591 ?x511 (* 12 (* y00 y!2)) ?x2809 (* 18 (* x00 z!1)) ?x2826)))
 (let (($x985 (= ?x1902 0)))
 (let (($x2321 (not $x985)))
 (let ((?x2299 (* 6 ?x2781)))
 (let ((?x1889 (* 6 ?x2226)))
 (let ((?x2132 (* (- 108) x!3)))
 (let ((?x2860 (* 12 ?x1101)))
 (let ((?x2466 (* (- 18) ?x558)))
 (let ((?x74 (* 108 x00)))
 (let ((?x2697 (+ (* 36 z00) (* 144 y00) ?x55 ?x74 (* (- 12) ?x417) ?x1141 ?x2466 ?x2860 (* (- 36) z!1) (* (- 144) y!2) ?x2132 ?x2293 ?x1889 ?x2299)))
 (let (($x1473 (= ?x2697 0)))
 (let (($x1771 (not $x1473)))
 (let (($x1250 (not $x2040)))
 (let ((?x1767 (* (- 6) n00)))
 (let ((?x2742 (+ z00 ?x1767 (* (- 1) z!1) (* 6 n!0))))
 (let (($x1782 (= ?x2742 0)))
 (let (($x1477 (not $x1782)))
 (let (($x2154 (or $x1477 $x1250 $x1771 $x2321 $x854 $x536 $x2881)))
 (let ((?x2708 (* y!2 y!2 y!2)))
 (let ((?x2035 (* (- 4) ?x2708)))
 (let ((?x855 (* 24 ?x2502)))
 (let ((?x1637 (* z00 z00 y!2 y!2)))
 (let ((?x1380 (* x00 x00)))
 (let ((?x1381 (* 108 ?x1380)))
 (let ((?x1277 (* z00 z00 z00 x00)))
 (let ((?x1278 (* 2 ?x1277)))
 (let ((?x1274 (* z00 z00 z00 y00)))
 (let ((?x1224 (* x!3 x!3)))
 (let ((?x749 (* 108 ?x1224)))
 (let ((?x1171 (* z00 y00 x00)))
 (let ((?x1184 (* (- 36) ?x1171)))
 (let ((?x1097 (* y00 y00 y00)))
 (let ((?x1098 (* 16 ?x1097)))
 (let ((?x1234 (* (- 18) ?x962)))
 (let ((?x868 (* (- 1) ?x850)))
 (let ((?x1335 (* (- 10) ?x772)))
 (let ((?x833 (* (- 12) ?x752)))
 (let ((?x1134 (* 96 ?x652)))
 (let ((?x578 (* 36 ?x621)))
 (let ((?x976 (* 24 ?x558)))
 (let ((?x529 (* 216 ?x507)))
 (let ((?x2187 (+ ?x529 ?x976 ?x578 (* (- 2) (* z00 z00 z00 x!3)) ?x1134 (* (- 216) (* x00 x!3)) ?x833 ?x1335 ?x868 (* (- 12) (* y00 y!2 y!2)) (* 108 (* y!2 x!3)) ?x1234 ?x1098 (* 18 (* z00 y00 y!2)) ?x1184 ?x749 (* (- 1) (* z00 z00 z00 y!2)) ?x1274 ?x1278 ?x1381 (* 10 (* z00 z00 y!2)) ?x1637 (* (- 216) (* y00 x!3)) (* (- 6) (* z00 y!2 y!2)) (* 36 (* z00 y00 x!3)) (* (- 24) (* z00 y!2)) (* (- 36) ?x2198) (* (- 120) (* y00 y!2)) (* (- 108) (* x00 y!2)) (* 18 (* z00 z00 x!3)) ?x855 ?x2035)))
 (let (($x969 (= ?x2187 0)))
 (let ((?x2608 (* x00 z!1)))
 (let ((?x1691 (* (- 18) ?x2608)))
 (let ((?x1507 (* (- 72) y!2)))
 (let ((?x1273 (* z!1 x!3)))
 (let ((?x2306 (* 18 ?x1273)))
 (let ((?x1153 (* z00 y00 y!2)))
 (let ((?x2339 (* (- 3) ?x962)))
 (let ((?x2337 (* (- 3) ?x772)))
 (let ((?x2284 (* 36 ?x652)))
 (let ((?x687 (* 6 ?x558)))
 (let ((?x2328 (* 18 ?x507)))
 (let ((?x67 (* 72 y00)))
 (let ((?x1768 (+ ?x67 ?x74 ?x2328 ?x687 (* (- 1) ?x571) ?x2284 ?x752 ?x2337 (* 18 (* y!2 x!3)) ?x2339 (* (- 1) ?x981) (* 2 (* y00 y00 z!1)) ?x1004 ?x1153 (* 3 (* z00 z!1 x!3)) ?x2306 (* 3 (* z00 z00 y!2)) (* (- 18) (* y00 x!3)) ?x1507 ?x2132 (* (- 2) (* z00 y!2 y!2)) (* (- 3) (* z00 x00 z!1)) (* (- 6) (* z00 y!2)) (* (- 36) (* y00 y!2)) (* (- 18) (* x00 y!2)) (* 3 (* z00 z00 x!3)) ?x1691 ?x1567)))
 (let (($x746 (= ?x1768 0)))
 (let ((?x1414 (* z00 z00 y!2)))
 (let ((?x1873 (* (- 1) ?x772)))
 (let ((?x654 (* 24 ?x652)))
 (let ((?x1870 (* (- 18) ?x621)))
 (let ((?x2596 (+ ?x67 ?x74 ?x852 ?x1870 ?x654 ?x1873 ?x1004 (* (- 1) ?x1165) ?x2306 ?x1414 ?x1507 ?x2132 (* 6 (* z00 y!2)) (* 18 ?x2198) ?x2218 (* (- 12) (* y00 y!2)) ?x1832 ?x1691 ?x1567)))
 (let (($x1660 (= ?x2596 0)))
 (let ((?x547 (* (- 6) ?x417)))
 (let ((?x681 (+ ?x67 ?x55 ?x74 ?x547 ?x1141 ?x2466 ?x2860 ?x1507 ?x2132 ?x2293 ?x2299)))
 (let (($x1501 (= ?x681 0)))
 (let (($x2517 (and $x1782 $x2040 $x1501 $x1660 $x746 $x969 $x2154)))
 (let ((?x901 (* z!1 z00)))
 (let ((?x1142 (* (- 6) ?x901)))
 (let ((?x1999 (* z!1 y00)))
 (let ((?x1246 (* (- 12) ?x1999)))
 (let ((?x798 (* y!2 z!1)))
 (let ((?x1257 (* (- 6) ?x798)))
 (let ((?x711 (* z!1 z00 z00)))
 (let ((?x2102 (+ ?x845 ?x2090 ?x516 ?x1394 ?x1319 ?x2091 ?x510 ?x637 ?x711 ?x1466 ?x1257 ?x1246 ?x559 ?x1142)))
 (let ((?x880 (* 10 (* ?x2388 ?x2389 ?x2389 (+ y!2 z!1) (+ x!3 y!2) (+ x!3 y!2)))))
 (let ((?x2529 (+ (* 2 (* y!2 y!2 z!1)) (* 12 ?x798) (* 12 (* x!3 y!2)) (* 12 (* x!3 z!1)) ?x2809 (* 2 (* x!3 y!2 z!1 n!0)) (* 2 (* y!2 y!2 z!1 n!0)) (* 12 (* y!2 z!1 n!0)) (* 2 (* x!3 z!1 z!1 n!0)) (* 2 (* x!3 y!2 z!1)) (* 12 (* x!3 z!1 n!0)) (* 2 (* x!3 z!1 z!1)) (* 2 (* y!2 z!1 z!1)) (* 2 (* y!2 z!1 z!1 n!0)) ?x880 ?x1035 (* 12 (* x!3 y!2 n!0)))))
 (let ((?x2641 (* 36 (* x!3 z00 y00))))
 (let ((?x500 (* (- 216) (* x!3 x00))))
 (let ((?x1537 (* (- 12) (* y!2 y!2 y00))))
 (let ((?x2850 (* x!3 y00)))
 (let ((?x2269 (* (- 216) ?x2850)))
 (let ((?x2661 (* y!2 y!2 z00)))
 (let ((?x2163 (* (- 6) ?x2661)))
 (let ((?x2875 (* x!3 z00)))
 (let ((?x1251 (* (- 36) ?x2875)))
 (let ((?x989 (* x!3 z00 z00)))
 (let ((?x2056 (* 18 ?x989)))
 (let ((?x1942 (* (- 2) (* x!3 z00 z00 z00))))
 (let ((?x2311 (* y!2 y!2 z00 z00)))
 (let ((?x1361 (+ (* 24 ?x2226) (* 10 ?x711) (* (- 12) (* y!2 z!1 z00)) (* 28 (* y!2 z00 z00)) (* (- 12) (* y!2 y!2 z!1)) ?x2311 (* (- 3) (* y!2 z00 z00 z00)) (* 156 ?x798) (* 18 (* z!1 z00 y00)) ?x529 (* 324 (* x!3 y!2)) (* (- 120) ?x1999) ?x976 (* 108 (* x!3 z!1)) ?x1942 (* (- 24) ?x901) ?x578 (* 240 ?x2502) ?x1134 (* (- 108) (* z!1 x00)) (* (- 336) (* y!2 y00)) ?x2056 (* (- 60) (* y!2 z00)) ?x833 ?x1335 ?x1251 (* 54 (* y!2 z00 y00)) ?x868 ?x749 ?x2035 ?x2163 (* (- 324) (* y!2 x00)) ?x1234 ?x2269 (* (- 24) (* y!2 z!1 y00)) ?x1098 ?x1537 ?x1184 ?x500 ?x1274 ?x1278 ?x2641 ?x1381 (* (- 6) (* z!1 z!1 z00)) (* (- 12) (* y!2 z!1 z!1)) (* (- 4) ?x1581) (* (- 12) (* z!1 z!1 y00)) (* 2 (* y!2 z!1 z00 z00)) (* z!1 z!1 z00 z00) (* (- 1) (* z!1 z00 z00 z00)))))
 (let ((?x1328 (* y!2 z00 y00)))
 (let ((?x1118 (* 18 ?x2875)))
 (let ((?x2333 (* 48 ?x652)))
 (let ((?x1146 (* z!1 z00 y00)))
 (let ((?x2486 (* y!2 z!1 z00)))
 (let ((?x1788 (* (- 1) ?x2486)))
 (let ((?x743 (+ ?x1889 (* 3 ?x711) ?x1788 (* 6 (* y!2 z00 z00)) (* (- 1) (* y!2 y!2 z!1)) (* 36 ?x798) ?x1146 ?x2328 (* 18 (* x!3 y!2)) (* (- 54) ?x1999) ?x687 (* 36 (* x!3 z!1)) ?x1142 ?x1870 ?x2809 ?x2333 (* (- 36) (* z!1 x00)) (* (- 60) (* y!2 y00)) (* 3 ?x989) (* 12 (* y!2 z00)) ?x752 ?x2337 (* (- 3) (* z!1 z00 x00)) ?x1118 ?x1328 (* 3 (* x!3 z!1 z00)) (* (- 2) ?x2661) (* (- 18) (* y!2 x00)) ?x2339 (* (- 18) ?x2850) (* (- 1) (* y!2 z!1 y00)) (* 2 (* z!1 y00 y00)) (* (- 2) (* z!1 z!1 z00)) (* (- 2) (* y!2 z!1 z!1)) (* (- 1) ?x1581) (* (- 1) (* z!1 z!1 y00)))))
 (let ((?x1757 (* y!2 z00 z00)))
 (let ((?x731 (+ ?x711 ?x1788 ?x1757 (* 6 ?x798) ?x1146 (* (- 24) ?x1999) (* 18 (* x!3 z!1)) ?x1870 ?x1832 ?x654 (* (- 18) (* z!1 x00)) (* (- 12) (* y!2 y00)) (* 18 (* y!2 z00)) ?x1873 ?x1118 (* (- 1) (* z!1 z!1 z00)))))
 (let ((?x488 (* (- 12) y00)))
 (let ((?x487 (* (- 6) z00)))
 (let (($x716 (= (+ (* 12 y!2) (* 6 z!1) ?x487 ?x488 (* (- 1) ?x2226) ?x417) 0)))
 (let (($x2229 (= (+ z!1 (* (- 6) n!0) (* (- 1) z00) (* 6 n00)) 0)))
 (let (($x1310 (or (not $x2229) (not $x716) (not (= ?x2102 0)) (not (= ?x731 0)) (not (= ?x743 0)) (not (= ?x1361 0)) (not (= (* ?x2529 ?x2102) 0)))))
 (let ((?x1536 (+ (* 10 ?x1757) ?x2311 (* (- 1) (* y!2 z00 z00 z00)) ?x529 (* 108 (* x!3 y!2)) ?x976 ?x1942 ?x578 ?x855 ?x1134 (* (- 120) (* y!2 y00)) ?x2056 (* (- 24) (* y!2 z00)) ?x833 ?x1335 ?x1251 (* 18 ?x1328) ?x868 ?x749 ?x2035 ?x2163 (* (- 108) (* y!2 x00)) ?x1234 ?x2269 ?x1098 ?x1537 ?x1184 ?x500 ?x1274 ?x1278 ?x2641 ?x1381)))
 (let ((?x2230 (* y!2 z!1 y00)))
 (let ((?x952 (* z!1 x00)))
 (let ((?x1390 (* 18 ?x952)))
 (let ((?x945 (* (- 36) ?x652)))
 (let ((?x1160 (* x!3 z!1)))
 (let ((?x1159 (* (- 18) ?x1160)))
 (let ((?x1152 (* 12 ?x1999)))
 (let ((?x2888 (* (- 12) ?x798)))
 (let ((?x2319 (* y!2 y!2 z!1)))
 (let ((?x580 (* (- 72) y00)))
 (let ((?x950 (* 72 y!2)))
 (let ((?x883 (+ ?x845 ?x950 ?x580 ?x637 (* (- 3) ?x1757) ?x2319 ?x2888 ?x508 (* (- 18) (* x!3 y!2)) ?x1152 ?x852 ?x1159 ?x945 ?x1390 (* 36 (* y!2 y00)) (* (- 3) ?x989) (* 6 (* y!2 z00)) ?x759 ?x1025 (* 3 (* z!1 z00 x00)) (* (- 1) ?x1328) (* (- 3) (* x!3 z!1 z00)) (* 2 ?x2661) (* 18 (* y!2 x00)) ?x963 (* 18 ?x2850) ?x2230 (* (- 2) (* z!1 y00 y00)))))
 (let ((?x2891 (+ ?x845 ?x950 ?x580 ?x637 ?x2486 (* (- 1) ?x1757) ?x2888 (* (- 1) ?x1146) ?x1152 ?x687 ?x1159 ?x623 ?x2809 ?x670 ?x1390 (* 12 (* y!2 y00)) (* (- 6) (* y!2 z00)) ?x772 (* (- 18) ?x2875))))
 (let ((?x521 (* 6 ?x417)))
 (let (($x1755 (= (+ ?x845 ?x950 ?x580 ?x510 ?x637 ?x711 ?x521 ?x1257 ?x1246 ?x559 ?x1142) 0)))
 (let (($x1311 (and $x2229 $x716 $x1755 (= ?x2891 0) (= ?x883 0) (= ?x1536 0) $x1310)))
 (let (($x2499 (exists ((x Int) (y Int) (z Int) (n Int) )(! (let ((?x593 (* z z00)))
 (let ((?x606 (* (- 6) ?x593)))
 (let ((?x558 (* z00 y00)))
 (let ((?x559 (* 18 ?x558)))
 (let ((?x532 (* z y00)))
 (let ((?x545 (* (- 12) ?x532)))
 (let ((?x501 (* y z)))
 (let ((?x502 (* (- 6) ?x501)))
 (let ((?x417 (* z00 z00)))
 (let ((?x1466 (* 12 ?x417)))
 (let ((?x76 (* z z00 z00)))
 (let ((?x637 (* (- 108) x00)))
 (let ((?x55 (* z00 z00 z00)))
 (let ((?x510 (* (- 1) ?x55)))
 (let ((?x50 (* z z)))
 (let ((?x795 (* (- 6) ?x50)))
 (let ((?x1319 (* (- 144) y00)))
 (let ((?x1394 (* (- 36) z00)))
 (let ((?x64 (* 108 x)))
 (let ((?x1628 (+ ?x64 (* 144 y) (* 36 z) ?x1394 ?x1319 ?x795 ?x510 ?x637 ?x76 ?x1466 ?x502 ?x545 ?x559 ?x606)))
 (let ((?x237 (+ x y)))
 (let ((?x223 (+ y z)))
 (let ((?x1674 (+ 6 z)))
 (let ((?x647 (+ 1 n)))
 (let ((?x2505 (* 10 (* ?x647 ?x1674 ?x1674 ?x223 ?x237 ?x237))))
 (let ((?x2079 (* y z z)))
 (let ((?x2109 (* 2 ?x2079)))
 (let ((?x1890 (* 2 (* x z z))))
 (let ((?x1761 (* 2 (* x y z))))
 (let ((?x626 (* y y)))
 (let ((?x627 (* 12 ?x626)))
 (let ((?x135 (* y y z)))
 (let ((?x1834 (* 2 ?x135)))
 (let ((?x793 (+ ?x1834 (* 12 ?x501) (* 12 (* x y)) (* 12 (* x z)) ?x627 (* 2 (* x y z n)) (* 2 (* y y z n)) (* 12 (* y z n)) (* 2 (* x z z n)) ?x1761 (* 12 (* x z n)) ?x1890 ?x2109 (* 2 (* y z z n)) ?x2505 (* 12 (* y y n)) (* 12 (* x y n)))))
 (let ((?x2887 (* (- 1) (* z z00 z00 z00))))
 (let ((?x2761 (* z z z00 z00)))
 (let ((?x2770 (* 2 (* y z z00 z00))))
 (let ((?x2210 (* z z y00)))
 (let ((?x2552 (* (- 12) ?x2210)))
 (let ((?x2080 (* z z z)))
 (let ((?x2246 (* (- 4) ?x2080)))
 (let ((?x2255 (* (- 12) ?x2079)))
 (let ((?x1807 (* z z z00)))
 (let ((?x2481 (* (- 6) ?x1807)))
 (let ((?x1380 (* x00 x00)))
 (let ((?x1381 (* 108 ?x1380)))
 (let ((?x1374 (* 36 (* x z00 y00))))
 (let ((?x1277 (* z00 z00 z00 x00)))
 (let ((?x1278 (* 2 ?x1277)))
 (let ((?x1274 (* z00 z00 z00 y00)))
 (let ((?x1261 (* (- 216) (* x x00))))
 (let ((?x1171 (* z00 y00 x00)))
 (let ((?x1184 (* (- 36) ?x1171)))
 (let ((?x1158 (* (- 12) (* y y y00))))
 (let ((?x1097 (* y00 y00 y00)))
 (let ((?x1098 (* 16 ?x1097)))
 (let ((?x1022 (* y z y00)))
 (let ((?x2567 (* (- 24) ?x1022)))
 (let ((?x992 (* x y00)))
 (let ((?x1301 (* (- 216) ?x992)))
 (let ((?x962 (* z00 z00 x00)))
 (let ((?x1234 (* (- 18) ?x962)))
 (let ((?x958 (* y x00)))
 (let ((?x2703 (* (- 324) ?x958)))
 (let ((?x920 (* y y z00)))
 (let ((?x1121 (* (- 6) ?x920)))
 (let ((?x941 (* (- 4) (* y y y))))
 (let ((?x893 (* 108 (* x x))))
 (let ((?x850 (* z00 z00 y00 y00)))
 (let ((?x868 (* (- 1) ?x850)))
 (let ((?x783 (* x z00)))
 (let ((?x1360 (* (- 36) ?x783)))
 (let ((?x772 (* z00 z00 y00)))
 (let ((?x1335 (* (- 10) ?x772)))
 (let ((?x752 (* z00 y00 y00)))
 (let ((?x833 (* (- 12) ?x752)))
 (let ((?x720 (* y z00)))
 (let ((?x2835 (* (- 60) ?x720)))
 (let ((?x698 (* x z00 z00)))
 (let ((?x771 (* 18 ?x698)))
 (let ((?x690 (* y y00)))
 (let ((?x2751 (* (- 336) ?x690)))
 (let ((?x683 (* z x00)))
 (let ((?x2632 (* (- 108) ?x683)))
 (let ((?x652 (* y00 y00)))
 (let ((?x1134 (* 96 ?x652)))
 (let ((?x2050 (* 240 ?x626)))
 (let ((?x621 (* z00 x00)))
 (let ((?x578 (* 36 ?x621)))
 (let ((?x2428 (* (- 24) ?x593)))
 (let ((?x703 (* (- 2) (* x z00 z00 z00))))
 (let ((?x564 (* x z)))
 (let ((?x1484 (* 108 ?x564)))
 (let ((?x976 (* 24 ?x558)))
 (let ((?x2390 (* (- 120) ?x532)))
 (let ((?x507 (* y00 x00)))
 (let ((?x529 (* 216 ?x507)))
 (let ((?x212 (* y z00 z00 z00)))
 (let ((?x2894 (* (- 3) ?x212)))
 (let ((?x201 (* y y z00 z00)))
 (let ((?x2254 (* (- 12) ?x135)))
 (let ((?x105 (* y z00 z00)))
 (let ((?x2867 (* 28 ?x105)))
 (let ((?x103 (* y z z00)))
 (let ((?x2496 (* (- 12) ?x103)))
 (let ((?x2854 (* 10 ?x76)))
 (let ((?x1973 (* 24 ?x50)))
 (let ((?x1984 (+ ?x1973 ?x2854 ?x2496 ?x2867 ?x2254 ?x201 ?x2894 (* 156 ?x501) (* 18 (* z z00 y00)) ?x529 (* 324 (* x y)) ?x2390 ?x976 ?x1484 ?x703 ?x2428 ?x578 ?x2050 ?x1134 ?x2632 ?x2751 ?x771 ?x2835 ?x833 ?x1335 ?x1360 (* 54 (* y z00 y00)) ?x868 ?x893 ?x941 ?x1121 ?x2703 ?x1234 ?x1301 ?x2567 ?x1098 ?x1158 ?x1184 ?x1261 ?x1274 ?x1278 ?x1374 ?x1381 ?x2481 ?x2255 ?x2246 ?x2552 ?x2770 ?x2761 ?x2887)))
 (let ((?x2350 (* (- 1) ?x2210)))
 (let ((?x2348 (* (- 1) ?x2080)))
 (let ((?x2347 (* (- 2) ?x2079)))
 (let ((?x2344 (* (- 2) ?x1807)))
 (let ((?x1036 (* z y00 y00)))
 (let ((?x1037 (* 2 ?x1036)))
 (let ((?x2341 (* (- 1) ?x1022)))
 (let ((?x2340 (* (- 18) ?x992)))
 (let ((?x2339 (* (- 3) ?x962)))
 (let ((?x2338 (* (- 2) ?x920)))
 (let ((?x894 (* x z z00)))
 (let ((?x895 (* 3 ?x894)))
 (let ((?x809 (* y z00 y00)))
 (let ((?x784 (* 18 ?x783)))
 (let ((?x2337 (* (- 3) ?x772)))
 (let ((?x2336 (* 12 ?x720)))
 (let ((?x699 (* 3 ?x698)))
 (let ((?x2335 (* (- 60) ?x690)))
 (let ((?x2333 (* 48 ?x652)))
 (let ((?x1870 (* (- 18) ?x621)))
 (let ((?x2331 (* 36 ?x564)))
 (let ((?x687 (* 6 ?x558)))
 (let ((?x526 (* x y)))
 (let ((?x528 (* 18 ?x526)))
 (let ((?x2328 (* 18 ?x507)))
 (let ((?x503 (* z z00 y00)))
 (let ((?x2327 (* 36 ?x501)))
 (let ((?x2326 (* (- 1) ?x135)))
 (let ((?x2325 (* 6 ?x105)))
 (let ((?x1869 (* (- 1) ?x103)))
 (let ((?x2283 (* 3 ?x76)))
 (let ((?x2101 (* 6 ?x50)))
 (let ((?x1747 (+ ?x2101 ?x2283 ?x1869 ?x2325 ?x2326 ?x2327 ?x503 ?x2328 ?x528 (* (- 54) ?x532) ?x687 ?x2331 ?x606 ?x1870 ?x627 ?x2333 (* (- 36) ?x683) ?x2335 ?x699 ?x2336 ?x752 ?x2337 (* (- 3) (* z z00 x00)) ?x784 ?x809 ?x895 ?x2338 (* (- 18) ?x958) ?x2339 ?x2340 ?x2341 ?x1037 ?x2344 ?x2347 ?x2348 ?x2350)))
 (let ((?x1878 (* (- 1) ?x1807)))
 (let ((?x1873 (* (- 1) ?x772)))
 (let ((?x1764 (* 18 ?x720)))
 (let ((?x1872 (* (- 12) ?x690)))
 (let ((?x654 (* 24 ?x652)))
 (let ((?x1871 (* (- 12) ?x626)))
 (let ((?x566 (* 18 ?x564)))
 (let ((?x1057 (+ ?x76 ?x1869 ?x105 (* 6 ?x501) ?x503 (* (- 24) ?x532) ?x566 ?x1870 ?x1871 ?x654 (* (- 18) ?x683) ?x1872 ?x1764 ?x1873 ?x784 ?x1878)))
 (let ((?x489 (* (- 1) ?x50)))
 (let ((?x488 (* (- 12) y00)))
 (let ((?x487 (* (- 6) z00)))
 (let ((?x46 (* 6 z)))
 (let ((?x45 (* 12 y)))
 (let (($x491 (= (+ ?x45 ?x46 ?x487 ?x488 ?x489 ?x417) 0)))
 (let (($x1175 (not $x491)))
 (let (($x409 (= (+ z (* (- 6) n) (* (- 1) z00) (* 6 n00)) 0)))
 (let (($x923 (not $x409)))
 (let (($x1804 (or $x923 $x1175 (not (= ?x1628 0)) (not (= ?x1057 0)) (not (= ?x1747 0)) (not (= ?x1984 0)) (not (= (* ?x793 ?x1628) 0)))))
 (let ((?x881 (* 24 ?x626)))
 (let ((?x1401 (+ (* 10 ?x105) ?x201 (* (- 1) ?x212) ?x529 (* 108 ?x526) ?x976 ?x703 ?x578 ?x881 ?x1134 (* (- 120) ?x690) ?x771 (* (- 24) ?x720) ?x833 ?x1335 ?x1360 (* 18 ?x809) ?x868 ?x893 ?x941 ?x1121 (* (- 108) ?x958) ?x1234 ?x1301 ?x1098 ?x1158 ?x1184 ?x1261 ?x1274 ?x1278 ?x1374 ?x1381)))
 (let (($x1406 (= ?x1401 0)))
 (let ((?x963 (* 3 ?x962)))
 (let ((?x1025 (* 3 ?x772)))
 (let ((?x759 (* (- 1) ?x752)))
 (let ((?x684 (* 18 ?x683)))
 (let ((?x945 (* (- 36) ?x652)))
 (let ((?x595 (* (- 18) ?x564)))
 (let ((?x852 (* (- 6) ?x558)))
 (let ((?x533 (* 12 ?x532)))
 (let ((?x508 (* (- 18) ?x507)))
 (let ((?x530 (* (- 12) ?x501)))
 (let ((?x580 (* (- 72) y00)))
 (let ((?x71 (* 72 y)))
 (let ((?x1081 (+ ?x64 ?x71 ?x580 ?x637 (* (- 3) ?x105) ?x135 ?x530 ?x508 (* (- 18) ?x526) ?x533 ?x852 ?x595 ?x945 ?x684 (* 36 ?x690) (* (- 3) ?x698) (* 6 ?x720) ?x759 ?x1025 (* 3 (* z z00 x00)) (* (- 1) ?x809) (* (- 3) ?x894) (* 2 ?x920) (* 18 ?x958) ?x963 (* 18 ?x992) ?x1022 (* (- 2) ?x1036))))
 (let (($x1088 (= ?x1081 0)))
 (let ((?x670 (* (- 24) ?x652)))
 (let ((?x623 (* 18 ?x621)))
 (let ((?x826 (+ ?x64 ?x71 ?x580 ?x637 ?x103 (* (- 1) ?x105) ?x530 (* (- 1) ?x503) ?x533 ?x687 ?x595 ?x623 ?x627 ?x670 ?x684 (* 12 ?x690) (* (- 6) ?x720) ?x772 (* (- 18) ?x783))))
 (let (($x831 (= ?x826 0)))
 (let ((?x521 (* 6 ?x417)))
 (let (($x658 (= (+ ?x64 ?x71 ?x580 ?x510 ?x637 ?x76 ?x521 ?x502 ?x545 ?x559 ?x606) 0)))
 (and $x409 $x491 $x658 $x831 $x1088 $x1406 $x1804))))))))))))))))))))))))))))))))))))))))))))))))))))))))))))))))))))))))))))))))))))))))))))))))))))))))))))))))))))))))))))))))))))))))))))))))))))))))))))))))))))))))))))))))))))))) :qid k!44))
 ))
 (let (($x2317 (exists ((x Int) (y Int) (z Int) (n Int) )(! (let ((?x1674 (+ 6 z)))
 (let ((?x1611 (* z00 z00 ?x1674)))
 (let ((?x637 (* (- 108) x00)))
 (let ((?x1418 (* 72 z)))
 (let ((?x580 (* (- 72) y00)))
 (let ((?x1426 (* 180 y)))
 (let ((?x64 (* 108 x)))
 (let ((?x2622 (* y00 z00)))
 (let ((?x2603 (* 18 ?x2622)))
 (let ((?x1618 (* y00 ?x1674)))
 (let ((?x2124 (* (- 12) ?x1618)))
 (let ((?x417 (* z00 z00)))
 (let ((?x521 (* 6 ?x417)))
 (let ((?x55 (* z00 z00 z00)))
 (let ((?x510 (* (- 1) ?x55)))
 (let ((?x1028 (+ (* (- 6) (* ?x1674 (+ y z))) ?x510 ?x521 ?x2124 ?x2603 ?x64 ?x1426 ?x580 (* (- 6) (* z00 ?x1674)) ?x1418 ?x637 ?x1611)))
 (let ((?x237 (+ x y)))
 (let ((?x223 (+ y z)))
 (let ((?x647 (+ 1 n)))
 (let ((?x2505 (* 10 (* ?x647 ?x1674 ?x1674 ?x223 ?x237 ?x237))))
 (let (($x2476 (not (= (* (+ (* 2 (* ?x647 ?x1674 ?x223 ?x237)) ?x2505) ?x1028) 0))))
 (let ((?x1380 (* x00 x00)))
 (let ((?x1381 (* 108 ?x1380)))
 (let ((?x99 (* y00 z00 z00)))
 (let ((?x2177 (* (- 10) ?x99)))
 (let ((?x1790 (* 2 (* x00 z00 z00 z00))))
 (let ((?x196 (* y00 z00 z00 z00)))
 (let ((?x1781 (* x00 z00 z00)))
 (let ((?x1527 (* (- 18) ?x1781)))
 (let ((?x2501 (* (- 36) (* x00 y00 z00))))
 (let ((?x652 (* y00 y00)))
 (let ((?x1134 (* 96 ?x652)))
 (let ((?x1097 (* y00 y00 y00)))
 (let ((?x1098 (* 16 ?x1097)))
 (let ((?x1802 (* 24 ?x2622)))
 (let ((?x161 (* y00 y00 z00 z00)))
 (let ((?x555 (* (- 1) ?x161)))
 (let ((?x113 (* y00 y00 z00)))
 (let ((?x610 (* (- 12) ?x113)))
 (let ((?x1728 (* x00 z00)))
 (let ((?x2808 (* 36 ?x1728)))
 (let ((?x638 (* x00 y00)))
 (let ((?x1189 (* 216 ?x638)))
 (let ((?x1705 (+ ?x1189 (* 108 (* ?x223 ?x237)) ?x2808 (* (- 2) (* z00 z00 z00 ?x237)) (* 18 (* z00 z00 ?x237)) ?x610 ?x555 (* 24 (* ?x223 ?x223)) (* 108 (* ?x237 ?x237)) (* (- 4) (* ?x223 ?x223 ?x223)) (* 18 (* y00 z00 ?x223)) ?x1802 (* (- 120) (* y00 ?x223)) (* (- 24) (* z00 ?x223)) ?x1098 (* (- 6) (* z00 ?x223 ?x223)) ?x1134 (* (- 12) (* y00 ?x223 ?x223)) ?x2501 (* (- 108) (* x00 ?x223)) ?x1527 (* (- 216) (* x00 ?x237)) ?x196 ?x1790 (* (- 216) (* y00 ?x237)) (* z00 z00 ?x223 ?x223) ?x2177 (* (- 36) (* z00 ?x237)) (* 36 (* y00 z00 ?x237)) (* 10 (* z00 z00 ?x223)) ?x1381 (* (- 1) (* z00 z00 z00 ?x223)))))
 (let (($x2724 (not (= ?x1705 0))))
 (let ((?x2490 (* (- 3) ?x99)))
 (let ((?x74 (* 108 x00)))
 (let ((?x2479 (* (- 72) z)))
 (let ((?x67 (* 72 y00)))
 (let ((?x2485 (* (- 180) y)))
 (let ((?x1162 (* (- 108) x)))
 (let ((?x2145 (* (- 3) ?x1781)))
 (let ((?x1045 (* x00 ?x1674)))
 (let ((?x2572 (* (- 18) ?x1045)))
 (let ((?x2284 (* 36 ?x652)))
 (let ((?x2310 (* ?x1674 ?x223)))
 (let ((?x1109 (* 12 ?x2310)))
 (let ((?x515 (* z00 ?x223)))
 (let ((?x2507 (* (- 6) ?x515)))
 (let ((?x836 (* 6 ?x2622)))
 (let ((?x1899 (* y00 z00 ?x223)))
 (let ((?x1094 (* ?x1674 ?x237)))
 (let ((?x2480 (* 18 ?x1094)))
 (let ((?x550 (* 18 ?x638)))
 (let ((?x939 (+ ?x550 (* 18 (* ?x223 ?x237)) ?x2480 (* 3 (* z00 z00 ?x237)) ?x113 (* (- 3) (* x00 z00 ?x1674)) ?x1899 ?x2124 ?x836 (* (- 36) (* y00 ?x223)) ?x2507 ?x1109 (* 3 (* z00 ?x1674 ?x237)) (* (- 2) (* z00 ?x223 ?x223)) ?x2284 ?x2572 (* (- 1) (* ?x1674 ?x223 ?x223)) (* (- 18) (* x00 ?x223)) ?x2145 ?x1162 ?x2485 ?x67 (* (- 18) (* y00 ?x237)) ?x2479 ?x74 (* (- 1) (* y00 ?x1674 ?x223)) ?x2490 (* 2 (* y00 y00 ?x1674)) (* 3 (* z00 z00 ?x223)))))
 (let ((?x1408 (* z00 z00 ?x223)))
 (let ((?x1039 (* (- 1) ?x99)))
 (let ((?x519 (* 6 ?x515)))
 (let ((?x2800 (* (- 6) ?x2622)))
 (let ((?x654 (* 24 ?x652)))
 (let ((?x1149 (* (- 18) ?x1728)))
 (let ((?x1569 (* y00 z00 ?x1674)))
 (let ((?x2801 (+ ?x1569 ?x1109 ?x2480 ?x1149 (* (- 12) (* ?x223 ?x223)) ?x654 ?x2572 ?x2124 ?x2800 (* (- 12) (* y00 ?x223)) ?x1162 ?x2485 ?x67 ?x519 ?x2479 ?x74 ?x1039 (* 18 (* z00 ?x237)) (* (- 1) (* z00 ?x1674 ?x223)) ?x1408)))
 (let ((?x1166 (* (- 18) ?x2622)))
 (let ((?x596 (* 12 ?x1618)))
 (let ((?x547 (* (- 6) ?x417)))
 (let ((?x1156 (+ (* 6 ?x2310) ?x55 ?x547 ?x596 ?x1166 ?x1162 ?x2485 ?x67 (* 6 (* z00 ?x1674)) ?x2479 ?x74 (* (- 1) ?x1611))))
 (let ((?x487 (* (- 6) z00)))
 (let ((?x45 (* 12 y)))
 (let ((?x488 (* (- 12) y00)))
 (let (($x1190 (= (+ ?x417 ?x488 ?x45 (* 18 z) ?x487 (* (- 1) (* ?x1674 ?x1674))) (- 36))))
 (let (($x539 (= (+ z (* (- 1) z00) (* (- 6) n) (* 6 n00)) 0)))
 (let (($x1701 (or (not $x539) (not $x1190) (not (= ?x1156 0)) (not (= ?x2801 0)) (not (= ?x939 0)) $x2724 $x2476)))
 (let ((?x941 (* (- 4) (* y y y))))
 (let ((?x893 (* 108 (* x x))))
 (let ((?x626 (* y y)))
 (let ((?x881 (* 24 ?x626)))
 (let ((?x1990 (* y x)))
 (let ((?x1991 (* 108 ?x1990)))
 (let ((?x1032 (+ ?x1189 ?x1991 ?x2808 (* (- 2) (* z00 z00 z00 x)) (* 18 (* z00 z00 x)) ?x610 ?x555 ?x881 ?x893 ?x941 (* 18 (* y00 z00 y)) ?x1802 (* (- 120) (* y00 y)) (* (- 24) (* z00 y)) ?x1098 (* (- 6) (* z00 y y)) ?x1134 (* (- 12) (* y00 y y)) ?x2501 (* (- 108) (* x00 y)) ?x1527 (* (- 216) (* x00 x)) ?x196 ?x1790 (* (- 216) (* y00 x)) (* z00 z00 y y) ?x2177 (* (- 36) (* z00 x)) (* 36 (* y00 z00 x)) (* 10 (* z00 z00 y)) ?x1381 (* (- 1) (* z00 z00 z00 y)))))
 (let (($x1661 (= ?x1032 0)))
 (let ((?x2537 (* (- 72) y)))
 (let ((?x2117 (* x00 y)))
 (let ((?x2349 (* (- 18) ?x2117)))
 (let ((?x1654 (* x00 z)))
 (let ((?x1877 (* (- 18) ?x1654)))
 (let ((?x1613 (* z y)))
 (let ((?x1065 (* 12 ?x1613)))
 (let ((?x441 (* z00 y)))
 (let ((?x2663 (* (- 6) ?x441)))
 (let ((?x1154 (* y00 z)))
 (let ((?x1225 (* (- 12) ?x1154)))
 (let ((?x2550 (* y00 z00 y)))
 (let ((?x838 (* z x)))
 (let ((?x1056 (* 18 ?x838)))
 (let ((?x1515 (+ ?x550 (* 18 ?x1990) ?x1056 (* 3 (* z00 z00 x)) ?x113 (* (- 3) (* x00 z00 z)) ?x2550 ?x1225 ?x836 (* (- 36) (* y00 y)) ?x2663 ?x1065 (* 3 (* z00 z x)) (* (- 2) (* z00 y y)) ?x2284 ?x1877 (* (- 1) (* z y y)) ?x2349 ?x2145 ?x1162 ?x67 (* (- 18) (* y00 x)) ?x2537 ?x74 (* (- 1) (* y00 z y)) ?x2490 (* 2 (* y00 y00 z)) (* 3 (* z00 z00 y)))))
 (let ((?x2579 (* z00 z00 y)))
 (let ((?x442 (* 6 ?x441)))
 (let ((?x1871 (* (- 12) ?x626)))
 (let ((?x2737 (* y00 z00 z)))
 (let ((?x2795 (+ ?x2737 ?x1065 ?x1056 ?x1149 ?x1871 ?x654 ?x1877 ?x1225 ?x2800 (* (- 12) (* y00 y)) ?x1162 ?x67 ?x442 ?x2537 ?x74 ?x1039 (* 18 (* z00 x)) (* (- 1) (* z00 z y)) ?x2579)))
 (let ((?x1191 (* 12 ?x1154)))
 (let ((?x1765 (+ (* 6 ?x1613) ?x55 ?x547 ?x1191 ?x1166 ?x1162 ?x67 (* 6 (* z00 z)) ?x2537 ?x74 (* (- 1) (* z00 z00 z)))))
 (let (($x778 (= (+ ?x417 ?x488 ?x45 (* 6 z) ?x487 (* (- 1) (* z z))) 0)))
 (and $x539 $x778 (= ?x1765 0) (= ?x2795 0) (= ?x1515 0) $x1661 $x1701))))))))))))))))))))))))))))))))))))))))))))))))))))))))))))))))))))))))))))))))))))))))))))))))))))))))))))))))))) :qid k!44))
 ))
 (let ((?x1822 (lambda ((x Int) (y Int) (z Int) (n Int) )(let ((?x593 (* z z00)))
 (let ((?x606 (* (- 6) ?x593)))
 (let ((?x558 (* z00 y00)))
 (let ((?x559 (* 18 ?x558)))
 (let ((?x532 (* z y00)))
 (let ((?x545 (* (- 12) ?x532)))
 (let ((?x501 (* y z)))
 (let ((?x502 (* (- 6) ?x501)))
 (let ((?x417 (* z00 z00)))
 (let ((?x1466 (* 12 ?x417)))
 (let ((?x76 (* z z00 z00)))
 (let ((?x637 (* (- 108) x00)))
 (let ((?x55 (* z00 z00 z00)))
 (let ((?x510 (* (- 1) ?x55)))
 (let ((?x50 (* z z)))
 (let ((?x795 (* (- 6) ?x50)))
 (let ((?x1319 (* (- 144) y00)))
 (let ((?x1394 (* (- 36) z00)))
 (let ((?x64 (* 108 x)))
 (let ((?x1628 (+ ?x64 (* 144 y) (* 36 z) ?x1394 ?x1319 ?x795 ?x510 ?x637 ?x76 ?x1466 ?x502 ?x545 ?x559 ?x606)))
 (let ((?x237 (+ x y)))
 (let ((?x223 (+ y z)))
 (let ((?x1674 (+ 6 z)))
 (let ((?x647 (+ 1 n)))
 (let ((?x2505 (* 10 (* ?x647 ?x1674 ?x1674 ?x223 ?x237 ?x237))))
 (let ((?x2079 (* y z z)))
 (let ((?x2109 (* 2 ?x2079)))
 (let ((?x1890 (* 2 (* x z z))))
 (let ((?x1761 (* 2 (* x y z))))
 (let ((?x626 (* y y)))
 (let ((?x627 (* 12 ?x626)))
 (let ((?x135 (* y y z)))
 (let ((?x1834 (* 2 ?x135)))
 (let ((?x793 (+ ?x1834 (* 12 ?x501) (* 12 (* x y)) (* 12 (* x z)) ?x627 (* 2 (* x y z n)) (* 2 (* y y z n)) (* 12 (* y z n)) (* 2 (* x z z n)) ?x1761 (* 12 (* x z n)) ?x1890 ?x2109 (* 2 (* y z z n)) ?x2505 (* 12 (* y y n)) (* 12 (* x y n)))))
 (let ((?x2887 (* (- 1) (* z z00 z00 z00))))
 (let ((?x2761 (* z z z00 z00)))
 (let ((?x2770 (* 2 (* y z z00 z00))))
 (let ((?x2210 (* z z y00)))
 (let ((?x2552 (* (- 12) ?x2210)))
 (let ((?x2080 (* z z z)))
 (let ((?x2246 (* (- 4) ?x2080)))
 (let ((?x2255 (* (- 12) ?x2079)))
 (let ((?x1807 (* z z z00)))
 (let ((?x2481 (* (- 6) ?x1807)))
 (let ((?x1380 (* x00 x00)))
 (let ((?x1381 (* 108 ?x1380)))
 (let ((?x1374 (* 36 (* x z00 y00))))
 (let ((?x1277 (* z00 z00 z00 x00)))
 (let ((?x1278 (* 2 ?x1277)))
 (let ((?x1274 (* z00 z00 z00 y00)))
 (let ((?x1261 (* (- 216) (* x x00))))
 (let ((?x1171 (* z00 y00 x00)))
 (let ((?x1184 (* (- 36) ?x1171)))
 (let ((?x1158 (* (- 12) (* y y y00))))
 (let ((?x1097 (* y00 y00 y00)))
 (let ((?x1098 (* 16 ?x1097)))
 (let ((?x1022 (* y z y00)))
 (let ((?x2567 (* (- 24) ?x1022)))
 (let ((?x992 (* x y00)))
 (let ((?x1301 (* (- 216) ?x992)))
 (let ((?x962 (* z00 z00 x00)))
 (let ((?x1234 (* (- 18) ?x962)))
 (let ((?x958 (* y x00)))
 (let ((?x2703 (* (- 324) ?x958)))
 (let ((?x920 (* y y z00)))
 (let ((?x1121 (* (- 6) ?x920)))
 (let ((?x941 (* (- 4) (* y y y))))
 (let ((?x893 (* 108 (* x x))))
 (let ((?x850 (* z00 z00 y00 y00)))
 (let ((?x868 (* (- 1) ?x850)))
 (let ((?x783 (* x z00)))
 (let ((?x1360 (* (- 36) ?x783)))
 (let ((?x772 (* z00 z00 y00)))
 (let ((?x1335 (* (- 10) ?x772)))
 (let ((?x752 (* z00 y00 y00)))
 (let ((?x833 (* (- 12) ?x752)))
 (let ((?x720 (* y z00)))
 (let ((?x2835 (* (- 60) ?x720)))
 (let ((?x698 (* x z00 z00)))
 (let ((?x771 (* 18 ?x698)))
 (let ((?x690 (* y y00)))
 (let ((?x2751 (* (- 336) ?x690)))
 (let ((?x683 (* z x00)))
 (let ((?x2632 (* (- 108) ?x683)))
 (let ((?x652 (* y00 y00)))
 (let ((?x1134 (* 96 ?x652)))
 (let ((?x2050 (* 240 ?x626)))
 (let ((?x621 (* z00 x00)))
 (let ((?x578 (* 36 ?x621)))
 (let ((?x2428 (* (- 24) ?x593)))
 (let ((?x703 (* (- 2) (* x z00 z00 z00))))
 (let ((?x564 (* x z)))
 (let ((?x1484 (* 108 ?x564)))
 (let ((?x976 (* 24 ?x558)))
 (let ((?x2390 (* (- 120) ?x532)))
 (let ((?x507 (* y00 x00)))
 (let ((?x529 (* 216 ?x507)))
 (let ((?x212 (* y z00 z00 z00)))
 (let ((?x2894 (* (- 3) ?x212)))
 (let ((?x201 (* y y z00 z00)))
 (let ((?x2254 (* (- 12) ?x135)))
 (let ((?x105 (* y z00 z00)))
 (let ((?x2867 (* 28 ?x105)))
 (let ((?x103 (* y z z00)))
 (let ((?x2496 (* (- 12) ?x103)))
 (let ((?x2854 (* 10 ?x76)))
 (let ((?x1973 (* 24 ?x50)))
 (let ((?x1984 (+ ?x1973 ?x2854 ?x2496 ?x2867 ?x2254 ?x201 ?x2894 (* 156 ?x501) (* 18 (* z z00 y00)) ?x529 (* 324 (* x y)) ?x2390 ?x976 ?x1484 ?x703 ?x2428 ?x578 ?x2050 ?x1134 ?x2632 ?x2751 ?x771 ?x2835 ?x833 ?x1335 ?x1360 (* 54 (* y z00 y00)) ?x868 ?x893 ?x941 ?x1121 ?x2703 ?x1234 ?x1301 ?x2567 ?x1098 ?x1158 ?x1184 ?x1261 ?x1274 ?x1278 ?x1374 ?x1381 ?x2481 ?x2255 ?x2246 ?x2552 ?x2770 ?x2761 ?x2887)))
 (let ((?x2350 (* (- 1) ?x2210)))
 (let ((?x2348 (* (- 1) ?x2080)))
 (let ((?x2347 (* (- 2) ?x2079)))
 (let ((?x2344 (* (- 2) ?x1807)))
 (let ((?x1036 (* z y00 y00)))
 (let ((?x1037 (* 2 ?x1036)))
 (let ((?x2341 (* (- 1) ?x1022)))
 (let ((?x2340 (* (- 18) ?x992)))
 (let ((?x2339 (* (- 3) ?x962)))
 (let ((?x2338 (* (- 2) ?x920)))
 (let ((?x894 (* x z z00)))
 (let ((?x895 (* 3 ?x894)))
 (let ((?x809 (* y z00 y00)))
 (let ((?x784 (* 18 ?x783)))
 (let ((?x2337 (* (- 3) ?x772)))
 (let ((?x2336 (* 12 ?x720)))
 (let ((?x699 (* 3 ?x698)))
 (let ((?x2335 (* (- 60) ?x690)))
 (let ((?x2333 (* 48 ?x652)))
 (let ((?x1870 (* (- 18) ?x621)))
 (let ((?x2331 (* 36 ?x564)))
 (let ((?x687 (* 6 ?x558)))
 (let ((?x526 (* x y)))
 (let ((?x528 (* 18 ?x526)))
 (let ((?x2328 (* 18 ?x507)))
 (let ((?x503 (* z z00 y00)))
 (let ((?x2327 (* 36 ?x501)))
 (let ((?x2326 (* (- 1) ?x135)))
 (let ((?x2325 (* 6 ?x105)))
 (let ((?x1869 (* (- 1) ?x103)))
 (let ((?x2283 (* 3 ?x76)))
 (let ((?x2101 (* 6 ?x50)))
 (let ((?x1747 (+ ?x2101 ?x2283 ?x1869 ?x2325 ?x2326 ?x2327 ?x503 ?x2328 ?x528 (* (- 54) ?x532) ?x687 ?x2331 ?x606 ?x1870 ?x627 ?x2333 (* (- 36) ?x683) ?x2335 ?x699 ?x2336 ?x752 ?x2337 (* (- 3) (* z z00 x00)) ?x784 ?x809 ?x895 ?x2338 (* (- 18) ?x958) ?x2339 ?x2340 ?x2341 ?x1037 ?x2344 ?x2347 ?x2348 ?x2350)))
 (let ((?x1878 (* (- 1) ?x1807)))
 (let ((?x1873 (* (- 1) ?x772)))
 (let ((?x1764 (* 18 ?x720)))
 (let ((?x1872 (* (- 12) ?x690)))
 (let ((?x654 (* 24 ?x652)))
 (let ((?x1871 (* (- 12) ?x626)))
 (let ((?x566 (* 18 ?x564)))
 (let ((?x1057 (+ ?x76 ?x1869 ?x105 (* 6 ?x501) ?x503 (* (- 24) ?x532) ?x566 ?x1870 ?x1871 ?x654 (* (- 18) ?x683) ?x1872 ?x1764 ?x1873 ?x784 ?x1878)))
 (let ((?x489 (* (- 1) ?x50)))
 (let ((?x488 (* (- 12) y00)))
 (let ((?x487 (* (- 6) z00)))
 (let ((?x46 (* 6 z)))
 (let ((?x45 (* 12 y)))
 (let (($x491 (= (+ ?x45 ?x46 ?x487 ?x488 ?x489 ?x417) 0)))
 (let (($x1175 (not $x491)))
 (let (($x409 (= (+ z (* (- 6) n) (* (- 1) z00) (* 6 n00)) 0)))
 (let (($x923 (not $x409)))
 (let (($x1804 (or $x923 $x1175 (not (= ?x1628 0)) (not (= ?x1057 0)) (not (= ?x1747 0)) (not (= ?x1984 0)) (not (= (* ?x793 ?x1628) 0)))))
 (let ((?x881 (* 24 ?x626)))
 (let ((?x1401 (+ (* 10 ?x105) ?x201 (* (- 1) ?x212) ?x529 (* 108 ?x526) ?x976 ?x703 ?x578 ?x881 ?x1134 (* (- 120) ?x690) ?x771 (* (- 24) ?x720) ?x833 ?x1335 ?x1360 (* 18 ?x809) ?x868 ?x893 ?x941 ?x1121 (* (- 108) ?x958) ?x1234 ?x1301 ?x1098 ?x1158 ?x1184 ?x1261 ?x1274 ?x1278 ?x1374 ?x1381)))
 (let (($x1406 (= ?x1401 0)))
 (let ((?x963 (* 3 ?x962)))
 (let ((?x1025 (* 3 ?x772)))
 (let ((?x759 (* (- 1) ?x752)))
 (let ((?x684 (* 18 ?x683)))
 (let ((?x945 (* (- 36) ?x652)))
 (let ((?x595 (* (- 18) ?x564)))
 (let ((?x852 (* (- 6) ?x558)))
 (let ((?x533 (* 12 ?x532)))
 (let ((?x508 (* (- 18) ?x507)))
 (let ((?x530 (* (- 12) ?x501)))
 (let ((?x580 (* (- 72) y00)))
 (let ((?x71 (* 72 y)))
 (let ((?x1081 (+ ?x64 ?x71 ?x580 ?x637 (* (- 3) ?x105) ?x135 ?x530 ?x508 (* (- 18) ?x526) ?x533 ?x852 ?x595 ?x945 ?x684 (* 36 ?x690) (* (- 3) ?x698) (* 6 ?x720) ?x759 ?x1025 (* 3 (* z z00 x00)) (* (- 1) ?x809) (* (- 3) ?x894) (* 2 ?x920) (* 18 ?x958) ?x963 (* 18 ?x992) ?x1022 (* (- 2) ?x1036))))
 (let (($x1088 (= ?x1081 0)))
 (let ((?x670 (* (- 24) ?x652)))
 (let ((?x623 (* 18 ?x621)))
 (let ((?x826 (+ ?x64 ?x71 ?x580 ?x637 ?x103 (* (- 1) ?x105) ?x530 (* (- 1) ?x503) ?x533 ?x687 ?x595 ?x623 ?x627 ?x670 ?x684 (* 12 ?x690) (* (- 6) ?x720) ?x772 (* (- 18) ?x783))))
 (let (($x831 (= ?x826 0)))
 (let ((?x521 (* 6 ?x417)))
 (let (($x658 (= (+ ?x64 ?x71 ?x580 ?x510 ?x637 ?x76 ?x521 ?x502 ?x545 ?x559 ?x606) 0)))
 (let (($x1985 (and $x409 $x491 $x658 $x831 $x1088 $x1406 $x1804)))
 (let ((?x1611 (* z00 z00 ?x1674)))
 (let ((?x1418 (* 72 z)))
 (let ((?x1426 (* 180 y)))
 (let ((?x2622 (* y00 z00)))
 (let ((?x2603 (* 18 ?x2622)))
 (let ((?x1618 (* y00 ?x1674)))
 (let ((?x2124 (* (- 12) ?x1618)))
 (let ((?x1028 (+ (* (- 6) (* ?x1674 ?x223)) ?x510 ?x521 ?x2124 ?x2603 ?x64 ?x1426 ?x580 (* (- 6) (* z00 ?x1674)) ?x1418 ?x637 ?x1611)))
 (let (($x2476 (not (= (* (+ (* 2 (* ?x647 ?x1674 ?x223 ?x237)) ?x2505) ?x1028) 0))))
 (let ((?x99 (* y00 z00 z00)))
 (let ((?x2177 (* (- 10) ?x99)))
 (let ((?x1790 (* 2 (* x00 z00 z00 z00))))
 (let ((?x196 (* y00 z00 z00 z00)))
 (let ((?x1781 (* x00 z00 z00)))
 (let ((?x1527 (* (- 18) ?x1781)))
 (let ((?x2501 (* (- 36) (* x00 y00 z00))))
 (let ((?x1802 (* 24 ?x2622)))
 (let ((?x161 (* y00 y00 z00 z00)))
 (let ((?x555 (* (- 1) ?x161)))
 (let ((?x113 (* y00 y00 z00)))
 (let ((?x610 (* (- 12) ?x113)))
 (let ((?x1728 (* x00 z00)))
 (let ((?x2808 (* 36 ?x1728)))
 (let ((?x638 (* x00 y00)))
 (let ((?x1189 (* 216 ?x638)))
 (let ((?x1705 (+ ?x1189 (* 108 (* ?x223 ?x237)) ?x2808 (* (- 2) (* z00 z00 z00 ?x237)) (* 18 (* z00 z00 ?x237)) ?x610 ?x555 (* 24 (* ?x223 ?x223)) (* 108 (* ?x237 ?x237)) (* (- 4) (* ?x223 ?x223 ?x223)) (* 18 (* y00 z00 ?x223)) ?x1802 (* (- 120) (* y00 ?x223)) (* (- 24) (* z00 ?x223)) ?x1098 (* (- 6) (* z00 ?x223 ?x223)) ?x1134 (* (- 12) (* y00 ?x223 ?x223)) ?x2501 (* (- 108) (* x00 ?x223)) ?x1527 (* (- 216) (* x00 ?x237)) ?x196 ?x1790 (* (- 216) (* y00 ?x237)) (* z00 z00 ?x223 ?x223) ?x2177 (* (- 36) (* z00 ?x237)) (* 36 (* y00 z00 ?x237)) (* 10 (* z00 z00 ?x223)) ?x1381 (* (- 1) (* z00 z00 z00 ?x223)))))
 (let (($x2724 (not (= ?x1705 0))))
 (let ((?x2490 (* (- 3) ?x99)))
 (let ((?x74 (* 108 x00)))
 (let ((?x2479 (* (- 72) z)))
 (let ((?x67 (* 72 y00)))
 (let ((?x2485 (* (- 180) y)))
 (let ((?x1162 (* (- 108) x)))
 (let ((?x2145 (* (- 3) ?x1781)))
 (let ((?x1045 (* x00 ?x1674)))
 (let ((?x2572 (* (- 18) ?x1045)))
 (let ((?x2284 (* 36 ?x652)))
 (let ((?x2310 (* ?x1674 ?x223)))
 (let ((?x1109 (* 12 ?x2310)))
 (let ((?x515 (* z00 ?x223)))
 (let ((?x2507 (* (- 6) ?x515)))
 (let ((?x836 (* 6 ?x2622)))
 (let ((?x1899 (* y00 z00 ?x223)))
 (let ((?x1094 (* ?x1674 ?x237)))
 (let ((?x2480 (* 18 ?x1094)))
 (let ((?x550 (* 18 ?x638)))
 (let ((?x939 (+ ?x550 (* 18 (* ?x223 ?x237)) ?x2480 (* 3 (* z00 z00 ?x237)) ?x113 (* (- 3) (* x00 z00 ?x1674)) ?x1899 ?x2124 ?x836 (* (- 36) (* y00 ?x223)) ?x2507 ?x1109 (* 3 (* z00 ?x1674 ?x237)) (* (- 2) (* z00 ?x223 ?x223)) ?x2284 ?x2572 (* (- 1) (* ?x1674 ?x223 ?x223)) (* (- 18) (* x00 ?x223)) ?x2145 ?x1162 ?x2485 ?x67 (* (- 18) (* y00 ?x237)) ?x2479 ?x74 (* (- 1) (* y00 ?x1674 ?x223)) ?x2490 (* 2 (* y00 y00 ?x1674)) (* 3 (* z00 z00 ?x223)))))
 (let ((?x1408 (* z00 z00 ?x223)))
 (let ((?x1039 (* (- 1) ?x99)))
 (let ((?x519 (* 6 ?x515)))
 (let ((?x2800 (* (- 6) ?x2622)))
 (let ((?x1149 (* (- 18) ?x1728)))
 (let ((?x1569 (* y00 z00 ?x1674)))
 (let ((?x2801 (+ ?x1569 ?x1109 ?x2480 ?x1149 (* (- 12) (* ?x223 ?x223)) ?x654 ?x2572 ?x2124 ?x2800 (* (- 12) (* y00 ?x223)) ?x1162 ?x2485 ?x67 ?x519 ?x2479 ?x74 ?x1039 (* 18 (* z00 ?x237)) (* (- 1) (* z00 ?x1674 ?x223)) ?x1408)))
 (let ((?x1166 (* (- 18) ?x2622)))
 (let ((?x596 (* 12 ?x1618)))
 (let ((?x547 (* (- 6) ?x417)))
 (let ((?x1156 (+ (* 6 ?x2310) ?x55 ?x547 ?x596 ?x1166 ?x1162 ?x2485 ?x67 (* 6 (* z00 ?x1674)) ?x2479 ?x74 (* (- 1) ?x1611))))
 (let (($x1190 (= (+ ?x417 ?x488 ?x45 (* 18 z) ?x487 (* (- 1) (* ?x1674 ?x1674))) (- 36))))
 (let (($x539 (= (+ z (* (- 1) z00) (* (- 6) n) (* 6 n00)) 0)))
 (let (($x1701 (or (not $x539) (not $x1190) (not (= ?x1156 0)) (not (= ?x2801 0)) (not (= ?x939 0)) $x2724 $x2476)))
 (let ((?x1990 (* y x)))
 (let ((?x1991 (* 108 ?x1990)))
 (let ((?x1032 (+ ?x1189 ?x1991 ?x2808 (* (- 2) (* z00 z00 z00 x)) (* 18 (* z00 z00 x)) ?x610 ?x555 ?x881 ?x893 ?x941 (* 18 (* y00 z00 y)) ?x1802 (* (- 120) (* y00 y)) (* (- 24) (* z00 y)) ?x1098 (* (- 6) (* z00 y y)) ?x1134 (* (- 12) (* y00 y y)) ?x2501 (* (- 108) (* x00 y)) ?x1527 (* (- 216) (* x00 x)) ?x196 ?x1790 (* (- 216) (* y00 x)) (* z00 z00 y y) ?x2177 (* (- 36) (* z00 x)) (* 36 (* y00 z00 x)) (* 10 (* z00 z00 y)) ?x1381 (* (- 1) (* z00 z00 z00 y)))))
 (let (($x1661 (= ?x1032 0)))
 (let ((?x2537 (* (- 72) y)))
 (let ((?x2117 (* x00 y)))
 (let ((?x2349 (* (- 18) ?x2117)))
 (let ((?x1654 (* x00 z)))
 (let ((?x1877 (* (- 18) ?x1654)))
 (let ((?x1613 (* z y)))
 (let ((?x1065 (* 12 ?x1613)))
 (let ((?x441 (* z00 y)))
 (let ((?x2663 (* (- 6) ?x441)))
 (let ((?x1154 (* y00 z)))
 (let ((?x1225 (* (- 12) ?x1154)))
 (let ((?x2550 (* y00 z00 y)))
 (let ((?x838 (* z x)))
 (let ((?x1056 (* 18 ?x838)))
 (let ((?x1515 (+ ?x550 (* 18 ?x1990) ?x1056 (* 3 (* z00 z00 x)) ?x113 (* (- 3) (* x00 z00 z)) ?x2550 ?x1225 ?x836 (* (- 36) (* y00 y)) ?x2663 ?x1065 (* 3 (* z00 z x)) (* (- 2) (* z00 y y)) ?x2284 ?x1877 (* (- 1) (* z y y)) ?x2349 ?x2145 ?x1162 ?x67 (* (- 18) (* y00 x)) ?x2537 ?x74 (* (- 1) (* y00 z y)) ?x2490 (* 2 (* y00 y00 z)) (* 3 (* z00 z00 y)))))
 (let ((?x2579 (* z00 z00 y)))
 (let ((?x442 (* 6 ?x441)))
 (let ((?x2737 (* y00 z00 z)))
 (let ((?x2795 (+ ?x2737 ?x1065 ?x1056 ?x1149 ?x1871 ?x654 ?x1877 ?x1225 ?x2800 (* (- 12) (* y00 y)) ?x1162 ?x67 ?x442 ?x2537 ?x74 ?x1039 (* 18 (* z00 x)) (* (- 1) (* z00 z y)) ?x2579)))
 (let ((?x1191 (* 12 ?x1154)))
 (let ((?x1765 (+ (* 6 ?x1613) ?x55 ?x547 ?x1191 ?x1166 ?x1162 ?x67 (* 6 (* z00 z)) ?x2537 ?x74 (* (- 1) (* z00 z00 z)))))
 (let (($x704 (and $x539 (= (+ ?x417 ?x488 ?x45 ?x46 ?x487 ?x489) 0) (= ?x1765 0) (= ?x2795 0) (= ?x1515 0) $x1661 $x1701)))
 (rewrite (= $x704 $x1985)))))))))))))))))))))))))))))))))))))))))))))))))))))))))))))))))))))))))))))))))))))))))))))))))))))))))))))))))))))))))))))))))))))))))))))))))))))))))))))))))))))))))))))))))))))))))))))))))))))))))))))))))))))))))))))))))))))))))))))))))))))))))))))))))))))))))))))))))
 ))
 (let (($x1458 (exists ((x Int) (y Int) (z Int) (n Int) )(! (let ((?x1674 (+ 6 z)))
 (let ((?x1611 (* z00 z00 ?x1674)))
 (let ((?x637 (* (- 108) x00)))
 (let ((?x1418 (* 72 z)))
 (let ((?x580 (* (- 72) y00)))
 (let ((?x1426 (* 180 y)))
 (let ((?x64 (* 108 x)))
 (let ((?x2622 (* y00 z00)))
 (let ((?x2603 (* 18 ?x2622)))
 (let ((?x1618 (* y00 ?x1674)))
 (let ((?x2124 (* (- 12) ?x1618)))
 (let ((?x417 (* z00 z00)))
 (let ((?x521 (* 6 ?x417)))
 (let ((?x55 (* z00 z00 z00)))
 (let ((?x510 (* (- 1) ?x55)))
 (let ((?x1028 (+ (* (- 6) (* ?x1674 (+ y z))) ?x510 ?x521 ?x2124 ?x2603 ?x64 ?x1426 ?x580 (* (- 6) (* z00 ?x1674)) ?x1418 ?x637 ?x1611)))
 (let ((?x237 (+ x y)))
 (let ((?x223 (+ y z)))
 (let ((?x647 (+ 1 n)))
 (let ((?x2505 (* 10 (* ?x647 ?x1674 ?x1674 ?x223 ?x237 ?x237))))
 (let (($x2476 (not (= (* (+ (* 2 (* ?x647 ?x1674 ?x223 ?x237)) ?x2505) ?x1028) 0))))
 (let ((?x1380 (* x00 x00)))
 (let ((?x1381 (* 108 ?x1380)))
 (let ((?x99 (* y00 z00 z00)))
 (let ((?x2177 (* (- 10) ?x99)))
 (let ((?x1790 (* 2 (* x00 z00 z00 z00))))
 (let ((?x196 (* y00 z00 z00 z00)))
 (let ((?x1781 (* x00 z00 z00)))
 (let ((?x1527 (* (- 18) ?x1781)))
 (let ((?x2501 (* (- 36) (* x00 y00 z00))))
 (let ((?x652 (* y00 y00)))
 (let ((?x1134 (* 96 ?x652)))
 (let ((?x1097 (* y00 y00 y00)))
 (let ((?x1098 (* 16 ?x1097)))
 (let ((?x1802 (* 24 ?x2622)))
 (let ((?x161 (* y00 y00 z00 z00)))
 (let ((?x555 (* (- 1) ?x161)))
 (let ((?x113 (* y00 y00 z00)))
 (let ((?x610 (* (- 12) ?x113)))
 (let ((?x1728 (* x00 z00)))
 (let ((?x2808 (* 36 ?x1728)))
 (let ((?x638 (* x00 y00)))
 (let ((?x1189 (* 216 ?x638)))
 (let ((?x1705 (+ ?x1189 (* 108 (* ?x223 ?x237)) ?x2808 (* (- 2) (* z00 z00 z00 ?x237)) (* 18 (* z00 z00 ?x237)) ?x610 ?x555 (* 24 (* ?x223 ?x223)) (* 108 (* ?x237 ?x237)) (* (- 4) (* ?x223 ?x223 ?x223)) (* 18 (* y00 z00 ?x223)) ?x1802 (* (- 120) (* y00 ?x223)) (* (- 24) (* z00 ?x223)) ?x1098 (* (- 6) (* z00 ?x223 ?x223)) ?x1134 (* (- 12) (* y00 ?x223 ?x223)) ?x2501 (* (- 108) (* x00 ?x223)) ?x1527 (* (- 216) (* x00 ?x237)) ?x196 ?x1790 (* (- 216) (* y00 ?x237)) (* z00 z00 ?x223 ?x223) ?x2177 (* (- 36) (* z00 ?x237)) (* 36 (* y00 z00 ?x237)) (* 10 (* z00 z00 ?x223)) ?x1381 (* (- 1) (* z00 z00 z00 ?x223)))))
 (let (($x2724 (not (= ?x1705 0))))
 (let ((?x2027 (* 3 ?x99)))
 (let ((?x2204 (* y00 ?x1674 ?x223)))
 (let ((?x1504 (* 3 ?x1781)))
 (let ((?x470 (* ?x1674 ?x223 ?x223)))
 (let ((?x1045 (* x00 ?x1674)))
 (let ((?x1047 (* 18 ?x1045)))
 (let ((?x945 (* (- 36) ?x652)))
 (let ((?x2310 (* ?x1674 ?x223)))
 (let ((?x1072 (* (- 12) ?x2310)))
 (let ((?x515 (* z00 ?x223)))
 (let ((?x519 (* 6 ?x515)))
 (let ((?x2800 (* (- 6) ?x2622)))
 (let ((?x596 (* 12 ?x1618)))
 (let ((?x2312 (* (- 1) ?x113)))
 (let ((?x1094 (* ?x1674 ?x237)))
 (let ((?x1572 (* (- 18) ?x1094)))
 (let ((?x639 (* (- 18) ?x638)))
 (let ((?x1215 (+ ?x639 (* (- 18) (* ?x223 ?x237)) ?x1572 (* (- 3) (* z00 z00 ?x237)) ?x2312 (* 3 (* x00 z00 ?x1674)) (* (- 1) (* y00 z00 ?x223)) ?x596 ?x2800 (* 36 (* y00 ?x223)) ?x519 ?x1072 (* (- 3) (* z00 ?x1674 ?x237)) (* 2 (* z00 ?x223 ?x223)) ?x945 ?x1047 ?x470 (* 18 (* x00 ?x223)) ?x1504 ?x64 ?x1426 ?x580 (* 18 (* y00 ?x237)) ?x1418 ?x637 ?x2204 ?x2027 (* (- 2) (* y00 y00 ?x1674)) (* (- 3) (* z00 z00 ?x223)))))
 (let ((?x1309 (* z00 ?x1674 ?x223)))
 (let ((?x2507 (* (- 6) ?x515)))
 (let ((?x836 (* 6 ?x2622)))
 (let ((?x670 (* (- 24) ?x652)))
 (let ((?x1743 (* 18 ?x1728)))
 (let ((?x1680 (+ (* (- 1) (* y00 z00 ?x1674)) ?x1072 ?x1572 ?x1743 (* 12 (* ?x223 ?x223)) ?x670 ?x1047 ?x596 ?x836 (* 12 (* y00 ?x223)) ?x64 ?x1426 ?x580 ?x2507 ?x1418 ?x637 ?x99 (* (- 18) (* z00 ?x237)) ?x1309 (* (- 1) (* z00 z00 ?x223)))))
 (let ((?x1620 (* ?x1674 ?x1674)))
 (let ((?x49 (* 6 z00)))
 (let ((?x1289 (* (- 12) y)))
 (let ((?x43 (* 12 y00)))
 (let ((?x577 (* (- 1) ?x417)))
 (let (($x1499 (= (+ (* (- 1) z) z00 (* 6 n) (* (- 6) n00)) 0)))
 (let (($x1759 (or (not $x1499) (not (= (+ ?x577 ?x43 ?x1289 (* (- 18) z) ?x49 ?x1620) 36)) (not (= ?x1028 0)) (not (= ?x1680 0)) (not (= ?x1215 0)) $x2724 $x2476)))
 (let ((?x941 (* (- 4) (* y y y))))
 (let ((?x893 (* 108 (* x x))))
 (let ((?x626 (* y y)))
 (let ((?x881 (* 24 ?x626)))
 (let ((?x1990 (* y x)))
 (let ((?x1991 (* 108 ?x1990)))
 (let ((?x1032 (+ ?x1189 ?x1991 ?x2808 (* (- 2) (* z00 z00 z00 x)) (* 18 (* z00 z00 x)) ?x610 ?x555 ?x881 ?x893 ?x941 (* 18 (* y00 z00 y)) ?x1802 (* (- 120) (* y00 y)) (* (- 24) (* z00 y)) ?x1098 (* (- 6) (* z00 y y)) ?x1134 (* (- 12) (* y00 y y)) ?x2501 (* (- 108) (* x00 y)) ?x1527 (* (- 216) (* x00 x)) ?x196 ?x1790 (* (- 216) (* y00 x)) (* z00 z00 y y) ?x2177 (* (- 36) (* z00 x)) (* 36 (* y00 z00 x)) (* 10 (* z00 z00 y)) ?x1381 (* (- 1) (* z00 z00 z00 y)))))
 (let (($x1661 (= ?x1032 0)))
 (let ((?x2023 (* y00 z y)))
 (let ((?x71 (* 72 y)))
 (let ((?x1772 (* z y y)))
 (let ((?x1654 (* x00 z)))
 (let ((?x807 (* 18 ?x1654)))
 (let ((?x1613 (* z y)))
 (let ((?x1875 (* (- 12) ?x1613)))
 (let ((?x441 (* z00 y)))
 (let ((?x442 (* 6 ?x441)))
 (let ((?x1154 (* y00 z)))
 (let ((?x1191 (* 12 ?x1154)))
 (let ((?x838 (* z x)))
 (let ((?x723 (* (- 18) ?x838)))
 (let ((?x2399 (+ ?x639 (* (- 18) ?x1990) ?x723 (* (- 3) (* z00 z00 x)) ?x2312 (* 3 (* x00 z00 z)) (* (- 1) (* y00 z00 y)) ?x1191 ?x2800 (* 36 (* y00 y)) ?x442 ?x1875 (* (- 3) (* z00 z x)) (* 2 (* z00 y y)) ?x945 ?x807 ?x1772 (* 18 (* x00 y)) ?x1504 ?x64 ?x580 (* 18 (* y00 x)) ?x71 ?x637 ?x2023 ?x2027 (* (- 2) (* y00 y00 z)) (* (- 3) (* z00 z00 y)))))
 (let ((?x2570 (* z00 z y)))
 (let ((?x2663 (* (- 6) ?x441)))
 (let ((?x627 (* 12 ?x626)))
 (let ((?x612 (+ (* (- 1) (* y00 z00 z)) ?x1875 ?x723 ?x1743 ?x627 ?x670 ?x807 ?x1191 ?x836 (* 12 (* y00 y)) ?x64 ?x580 ?x2663 ?x71 ?x637 ?x99 (* (- 18) (* z00 x)) ?x2570 (* (- 1) (* z00 z00 y)))))
 (let ((?x726 (* z00 z00 z)))
 (let ((?x1225 (* (- 12) ?x1154)))
 (let ((?x732 (+ (* (- 6) ?x1613) ?x510 ?x521 ?x1225 ?x2603 ?x64 ?x580 (* (- 6) (* z00 z)) ?x71 ?x637 ?x726)))
 (and $x1499 (= (+ ?x577 ?x43 ?x1289 (* (- 6) z) ?x49 (* z z)) 0) (= ?x732 0) (= ?x612 0) (= ?x2399 0) $x1661 $x1759)))))))))))))))))))))))))))))))))))))))))))))))))))))))))))))))))))))))))))))))))))))))))))))))))))))))))) :qid k!44))
 ))
 (let ((?x2798 (lambda ((x Int) (y Int) (z Int) (n Int) )(let ((?x1674 (+ 6 z)))
 (let ((?x1611 (* z00 z00 ?x1674)))
 (let ((?x637 (* (- 108) x00)))
 (let ((?x1418 (* 72 z)))
 (let ((?x580 (* (- 72) y00)))
 (let ((?x1426 (* 180 y)))
 (let ((?x64 (* 108 x)))
 (let ((?x2622 (* y00 z00)))
 (let ((?x2603 (* 18 ?x2622)))
 (let ((?x1618 (* y00 ?x1674)))
 (let ((?x2124 (* (- 12) ?x1618)))
 (let ((?x417 (* z00 z00)))
 (let ((?x521 (* 6 ?x417)))
 (let ((?x55 (* z00 z00 z00)))
 (let ((?x510 (* (- 1) ?x55)))
 (let ((?x1028 (+ (* (- 6) (* ?x1674 (+ y z))) ?x510 ?x521 ?x2124 ?x2603 ?x64 ?x1426 ?x580 (* (- 6) (* z00 ?x1674)) ?x1418 ?x637 ?x1611)))
 (let ((?x237 (+ x y)))
 (let ((?x223 (+ y z)))
 (let ((?x647 (+ 1 n)))
 (let ((?x2505 (* 10 (* ?x647 ?x1674 ?x1674 ?x223 ?x237 ?x237))))
 (let (($x2476 (not (= (* (+ (* 2 (* ?x647 ?x1674 ?x223 ?x237)) ?x2505) ?x1028) 0))))
 (let ((?x1380 (* x00 x00)))
 (let ((?x1381 (* 108 ?x1380)))
 (let ((?x99 (* y00 z00 z00)))
 (let ((?x2177 (* (- 10) ?x99)))
 (let ((?x1790 (* 2 (* x00 z00 z00 z00))))
 (let ((?x196 (* y00 z00 z00 z00)))
 (let ((?x1781 (* x00 z00 z00)))
 (let ((?x1527 (* (- 18) ?x1781)))
 (let ((?x2501 (* (- 36) (* x00 y00 z00))))
 (let ((?x652 (* y00 y00)))
 (let ((?x1134 (* 96 ?x652)))
 (let ((?x1097 (* y00 y00 y00)))
 (let ((?x1098 (* 16 ?x1097)))
 (let ((?x1802 (* 24 ?x2622)))
 (let ((?x161 (* y00 y00 z00 z00)))
 (let ((?x555 (* (- 1) ?x161)))
 (let ((?x113 (* y00 y00 z00)))
 (let ((?x610 (* (- 12) ?x113)))
 (let ((?x1728 (* x00 z00)))
 (let ((?x2808 (* 36 ?x1728)))
 (let ((?x638 (* x00 y00)))
 (let ((?x1189 (* 216 ?x638)))
 (let ((?x1705 (+ ?x1189 (* 108 (* ?x223 ?x237)) ?x2808 (* (- 2) (* z00 z00 z00 ?x237)) (* 18 (* z00 z00 ?x237)) ?x610 ?x555 (* 24 (* ?x223 ?x223)) (* 108 (* ?x237 ?x237)) (* (- 4) (* ?x223 ?x223 ?x223)) (* 18 (* y00 z00 ?x223)) ?x1802 (* (- 120) (* y00 ?x223)) (* (- 24) (* z00 ?x223)) ?x1098 (* (- 6) (* z00 ?x223 ?x223)) ?x1134 (* (- 12) (* y00 ?x223 ?x223)) ?x2501 (* (- 108) (* x00 ?x223)) ?x1527 (* (- 216) (* x00 ?x237)) ?x196 ?x1790 (* (- 216) (* y00 ?x237)) (* z00 z00 ?x223 ?x223) ?x2177 (* (- 36) (* z00 ?x237)) (* 36 (* y00 z00 ?x237)) (* 10 (* z00 z00 ?x223)) ?x1381 (* (- 1) (* z00 z00 z00 ?x223)))))
 (let (($x2724 (not (= ?x1705 0))))
 (let ((?x2490 (* (- 3) ?x99)))
 (let ((?x74 (* 108 x00)))
 (let ((?x2479 (* (- 72) z)))
 (let ((?x67 (* 72 y00)))
 (let ((?x2485 (* (- 180) y)))
 (let ((?x1162 (* (- 108) x)))
 (let ((?x2145 (* (- 3) ?x1781)))
 (let ((?x1045 (* x00 ?x1674)))
 (let ((?x2572 (* (- 18) ?x1045)))
 (let ((?x2284 (* 36 ?x652)))
 (let ((?x2310 (* ?x1674 ?x223)))
 (let ((?x1109 (* 12 ?x2310)))
 (let ((?x515 (* z00 ?x223)))
 (let ((?x2507 (* (- 6) ?x515)))
 (let ((?x836 (* 6 ?x2622)))
 (let ((?x1899 (* y00 z00 ?x223)))
 (let ((?x1094 (* ?x1674 ?x237)))
 (let ((?x2480 (* 18 ?x1094)))
 (let ((?x550 (* 18 ?x638)))
 (let ((?x939 (+ ?x550 (* 18 (* ?x223 ?x237)) ?x2480 (* 3 (* z00 z00 ?x237)) ?x113 (* (- 3) (* x00 z00 ?x1674)) ?x1899 ?x2124 ?x836 (* (- 36) (* y00 ?x223)) ?x2507 ?x1109 (* 3 (* z00 ?x1674 ?x237)) (* (- 2) (* z00 ?x223 ?x223)) ?x2284 ?x2572 (* (- 1) (* ?x1674 ?x223 ?x223)) (* (- 18) (* x00 ?x223)) ?x2145 ?x1162 ?x2485 ?x67 (* (- 18) (* y00 ?x237)) ?x2479 ?x74 (* (- 1) (* y00 ?x1674 ?x223)) ?x2490 (* 2 (* y00 y00 ?x1674)) (* 3 (* z00 z00 ?x223)))))
 (let ((?x1408 (* z00 z00 ?x223)))
 (let ((?x1039 (* (- 1) ?x99)))
 (let ((?x519 (* 6 ?x515)))
 (let ((?x2800 (* (- 6) ?x2622)))
 (let ((?x654 (* 24 ?x652)))
 (let ((?x1149 (* (- 18) ?x1728)))
 (let ((?x1569 (* y00 z00 ?x1674)))
 (let ((?x2801 (+ ?x1569 ?x1109 ?x2480 ?x1149 (* (- 12) (* ?x223 ?x223)) ?x654 ?x2572 ?x2124 ?x2800 (* (- 12) (* y00 ?x223)) ?x1162 ?x2485 ?x67 ?x519 ?x2479 ?x74 ?x1039 (* 18 (* z00 ?x237)) (* (- 1) (* z00 ?x1674 ?x223)) ?x1408)))
 (let ((?x1166 (* (- 18) ?x2622)))
 (let ((?x596 (* 12 ?x1618)))
 (let ((?x547 (* (- 6) ?x417)))
 (let ((?x1156 (+ (* 6 ?x2310) ?x55 ?x547 ?x596 ?x1166 ?x1162 ?x2485 ?x67 (* 6 (* z00 ?x1674)) ?x2479 ?x74 (* (- 1) ?x1611))))
 (let ((?x487 (* (- 6) z00)))
 (let ((?x45 (* 12 y)))
 (let ((?x488 (* (- 12) y00)))
 (let (($x1190 (= (+ ?x417 ?x488 ?x45 (* 18 z) ?x487 (* (- 1) (* ?x1674 ?x1674))) (- 36))))
 (let (($x539 (= (+ z (* (- 1) z00) (* (- 6) n) (* 6 n00)) 0)))
 (let (($x1701 (or (not $x539) (not $x1190) (not (= ?x1156 0)) (not (= ?x2801 0)) (not (= ?x939 0)) $x2724 $x2476)))
 (let ((?x941 (* (- 4) (* y y y))))
 (let ((?x893 (* 108 (* x x))))
 (let ((?x626 (* y y)))
 (let ((?x881 (* 24 ?x626)))
 (let ((?x1990 (* y x)))
 (let ((?x1991 (* 108 ?x1990)))
 (let ((?x1032 (+ ?x1189 ?x1991 ?x2808 (* (- 2) (* z00 z00 z00 x)) (* 18 (* z00 z00 x)) ?x610 ?x555 ?x881 ?x893 ?x941 (* 18 (* y00 z00 y)) ?x1802 (* (- 120) (* y00 y)) (* (- 24) (* z00 y)) ?x1098 (* (- 6) (* z00 y y)) ?x1134 (* (- 12) (* y00 y y)) ?x2501 (* (- 108) (* x00 y)) ?x1527 (* (- 216) (* x00 x)) ?x196 ?x1790 (* (- 216) (* y00 x)) (* z00 z00 y y) ?x2177 (* (- 36) (* z00 x)) (* 36 (* y00 z00 x)) (* 10 (* z00 z00 y)) ?x1381 (* (- 1) (* z00 z00 z00 y)))))
 (let (($x1661 (= ?x1032 0)))
 (let ((?x2537 (* (- 72) y)))
 (let ((?x2117 (* x00 y)))
 (let ((?x2349 (* (- 18) ?x2117)))
 (let ((?x1654 (* x00 z)))
 (let ((?x1877 (* (- 18) ?x1654)))
 (let ((?x1613 (* z y)))
 (let ((?x1065 (* 12 ?x1613)))
 (let ((?x441 (* z00 y)))
 (let ((?x2663 (* (- 6) ?x441)))
 (let ((?x1154 (* y00 z)))
 (let ((?x1225 (* (- 12) ?x1154)))
 (let ((?x2550 (* y00 z00 y)))
 (let ((?x838 (* z x)))
 (let ((?x1056 (* 18 ?x838)))
 (let ((?x1515 (+ ?x550 (* 18 ?x1990) ?x1056 (* 3 (* z00 z00 x)) ?x113 (* (- 3) (* x00 z00 z)) ?x2550 ?x1225 ?x836 (* (- 36) (* y00 y)) ?x2663 ?x1065 (* 3 (* z00 z x)) (* (- 2) (* z00 y y)) ?x2284 ?x1877 (* (- 1) (* z y y)) ?x2349 ?x2145 ?x1162 ?x67 (* (- 18) (* y00 x)) ?x2537 ?x74 (* (- 1) (* y00 z y)) ?x2490 (* 2 (* y00 y00 z)) (* 3 (* z00 z00 y)))))
 (let ((?x2579 (* z00 z00 y)))
 (let ((?x442 (* 6 ?x441)))
 (let ((?x1871 (* (- 12) ?x626)))
 (let ((?x2737 (* y00 z00 z)))
 (let ((?x2795 (+ ?x2737 ?x1065 ?x1056 ?x1149 ?x1871 ?x654 ?x1877 ?x1225 ?x2800 (* (- 12) (* y00 y)) ?x1162 ?x67 ?x442 ?x2537 ?x74 ?x1039 (* 18 (* z00 x)) (* (- 1) (* z00 z y)) ?x2579)))
 (let ((?x1191 (* 12 ?x1154)))
 (let ((?x1765 (+ (* 6 ?x1613) ?x55 ?x547 ?x1191 ?x1166 ?x1162 ?x67 (* 6 (* z00 z)) ?x2537 ?x74 (* (- 1) (* z00 z00 z)))))
 (let (($x778 (= (+ ?x417 ?x488 ?x45 (* 6 z) ?x487 (* (- 1) (* z z))) 0)))
 (let (($x704 (and $x539 $x778 (= ?x1765 0) (= ?x2795 0) (= ?x1515 0) $x1661 $x1701)))
 (let ((?x2027 (* 3 ?x99)))
 (let ((?x2204 (* y00 ?x1674 ?x223)))
 (let ((?x1504 (* 3 ?x1781)))
 (let ((?x470 (* ?x1674 ?x223 ?x223)))
 (let ((?x1047 (* 18 ?x1045)))
 (let ((?x945 (* (- 36) ?x652)))
 (let ((?x1072 (* (- 12) ?x2310)))
 (let ((?x2312 (* (- 1) ?x113)))
 (let ((?x1572 (* (- 18) ?x1094)))
 (let ((?x639 (* (- 18) ?x638)))
 (let ((?x1215 (+ ?x639 (* (- 18) (* ?x223 ?x237)) ?x1572 (* (- 3) (* z00 z00 ?x237)) ?x2312 (* 3 (* x00 z00 ?x1674)) (* (- 1) ?x1899) ?x596 ?x2800 (* 36 (* y00 ?x223)) ?x519 ?x1072 (* (- 3) (* z00 ?x1674 ?x237)) (* 2 (* z00 ?x223 ?x223)) ?x945 ?x1047 ?x470 (* 18 (* x00 ?x223)) ?x1504 ?x64 ?x1426 ?x580 (* 18 (* y00 ?x237)) ?x1418 ?x637 ?x2204 ?x2027 (* (- 2) (* y00 y00 ?x1674)) (* (- 3) ?x1408))))
 (let ((?x1309 (* z00 ?x1674 ?x223)))
 (let ((?x670 (* (- 24) ?x652)))
 (let ((?x1743 (* 18 ?x1728)))
 (let ((?x1680 (+ (* (- 1) ?x1569) ?x1072 ?x1572 ?x1743 (* 12 (* ?x223 ?x223)) ?x670 ?x1047 ?x596 ?x836 (* 12 (* y00 ?x223)) ?x64 ?x1426 ?x580 ?x2507 ?x1418 ?x637 ?x99 (* (- 18) (* z00 ?x237)) ?x1309 (* (- 1) ?x1408))))
 (let ((?x1620 (* ?x1674 ?x1674)))
 (let ((?x49 (* 6 z00)))
 (let ((?x1289 (* (- 12) y)))
 (let ((?x43 (* 12 y00)))
 (let ((?x577 (* (- 1) ?x417)))
 (let (($x1499 (= (+ (* (- 1) z) z00 (* 6 n) (* (- 6) n00)) 0)))
 (let (($x1759 (or (not $x1499) (not (= (+ ?x577 ?x43 ?x1289 (* (- 18) z) ?x49 ?x1620) 36)) (not (= ?x1028 0)) (not (= ?x1680 0)) (not (= ?x1215 0)) $x2724 $x2476)))
 (let ((?x2023 (* y00 z y)))
 (let ((?x71 (* 72 y)))
 (let ((?x1772 (* z y y)))
 (let ((?x807 (* 18 ?x1654)))
 (let ((?x1875 (* (- 12) ?x1613)))
 (let ((?x723 (* (- 18) ?x838)))
 (let ((?x2399 (+ ?x639 (* (- 18) ?x1990) ?x723 (* (- 3) (* z00 z00 x)) ?x2312 (* 3 (* x00 z00 z)) (* (- 1) ?x2550) ?x1191 ?x2800 (* 36 (* y00 y)) ?x442 ?x1875 (* (- 3) (* z00 z x)) (* 2 (* z00 y y)) ?x945 ?x807 ?x1772 (* 18 ?x2117) ?x1504 ?x64 ?x580 (* 18 (* y00 x)) ?x71 ?x637 ?x2023 ?x2027 (* (- 2) (* y00 y00 z)) (* (- 3) ?x2579))))
 (let ((?x2570 (* z00 z y)))
 (let ((?x627 (* 12 ?x626)))
 (let ((?x612 (+ (* (- 1) ?x2737) ?x1875 ?x723 ?x1743 ?x627 ?x670 ?x807 ?x1191 ?x836 (* 12 (* y00 y)) ?x64 ?x580 ?x2663 ?x71 ?x637 ?x99 (* (- 18) (* z00 x)) ?x2570 (* (- 1) ?x2579))))
 (let ((?x726 (* z00 z00 z)))
 (let ((?x732 (+ (* (- 6) ?x1613) ?x510 ?x521 ?x1225 ?x2603 ?x64 ?x580 (* (- 6) (* z00 z)) ?x71 ?x637 ?x726)))
 (let (($x1453 (and $x1499 (= (+ ?x577 ?x43 ?x1289 (* (- 6) z) ?x49 (* z z)) 0) (= ?x732 0) (= ?x612 0) (= ?x2399 0) $x1661 $x1759)))
 (rewrite (= $x1453 $x704)))))))))))))))))))))))))))))))))))))))))))))))))))))))))))))))))))))))))))))))))))))))))))))))))))))))))))))))))))))))))))))))))))))))))))))))))))))))))
 ))
 (let (($x364 (exists ((x Int) (y Int) (z Int) (n Int) )(! (let ((?x74 (* 108 x00)))
 (let ((?x223 (+ y z)))
 (let ((?x243 (* 72 ?x223)))
 (let ((?x67 (* 72 y00)))
 (let ((?x237 (+ x y)))
 (let ((?x238 (* 108 ?x237)))
 (let ((?x62 (* 18 y00 z00)))
 (let ((?x215 (+ z 6)))
 (let ((?x235 (* 12 y00 ?x215)))
 (let ((?x57 (* 6 z00 z00)))
 (let ((?x236 (- (+ (- (* (- 6) ?x223 ?x215) (* z00 z00 z00)) ?x57) ?x235)))
 (let ((?x245 (- (+ (- (- (+ ?x236 ?x62 ?x238) ?x67) (* 6 ?x215 z00)) ?x243) ?x74)))
 (let ((?x247 (+ ?x245 (* ?x215 z00 z00))))
 (let ((?x358 (+ (* 2 (+ n 1) ?x237 ?x223 ?x215) (* 10 (+ n 1) ?x237 ?x237 ?x223 ?x215 ?x215))))
 (let ((?x210 (* 108 x00 x00)))
 (let ((?x204 (* 10 y00 z00 z00)))
 (let ((?x197 (* 2 x00 z00 z00 z00)))
 (let ((?x196 (* y00 z00 z00 z00)))
 (let ((?x189 (* 18 x00 z00 z00)))
 (let ((?x187 (* 36 x00 y00 z00)))
 (let ((?x184 (* 96 y00 y00)))
 (let ((?x179 (* 16 y00 y00 y00)))
 (let ((?x171 (* 24 y00 z00)))
 (let ((?x161 (* y00 y00 z00 z00)))
 (let ((?x160 (* 12 y00 y00 z00)))
 (let ((?x313 (- (+ (* 216 x00 y00) (* 108 ?x237 ?x223) (* 36 x00 z00)) (* 2 ?x237 z00 z00 z00))))
 (let ((?x320 (+ (- (- (+ ?x313 (* 18 ?x237 z00 z00)) ?x160) ?x161) (* 24 ?x223 ?x223) (* 108 ?x237 ?x237))))
 (let ((?x324 (+ (- ?x320 (* 4 ?x223 ?x223 ?x223)) (* 18 ?x223 y00 z00) ?x171)))
 (let ((?x331 (- (+ (- (- ?x324 (* 120 ?x223 y00)) (* 24 ?x223 z00)) ?x179) (* 6 ?x223 ?x223 z00))))
 (let ((?x338 (- (- (- (+ ?x331 ?x184) (* 12 ?x223 ?x223 y00)) ?x187) (* 108 x00 ?x223))))
 (let ((?x343 (- (+ (- (- ?x338 ?x189) (* 216 ?x237 x00)) ?x196 ?x197) (* 216 ?x237 y00))))
 (let ((?x348 (- (- (+ ?x343 (* ?x223 ?x223 z00 z00)) ?x204) (* 36 ?x237 z00))))
 (let ((?x353 (- (+ ?x348 (* 36 ?x237 y00 z00) (* 10 ?x223 z00 z00) ?x210) (* ?x223 z00 z00 z00))))
 (let ((?x144 (* 3 y00 z00 z00)))
 (let ((?x137 (* 3 x00 z00 z00)))
 (let ((?x258 (* 18 x00 ?x215)))
 (let ((?x133 (* 36 y00 y00)))
 (let ((?x251 (* 12 ?x223 ?x215)))
 (let ((?x261 (* 6 ?x223 z00)))
 (let ((?x91 (* 6 y00 z00)))
 (let ((?x113 (* y00 y00 z00)))
 (let ((?x252 (* 18 ?x237 ?x215)))
 (let ((?x279 (- (- (- (* (- 18) x00 y00) (* 18 ?x237 ?x223)) ?x252) (* 3 ?x237 z00 z00))))
 (let ((?x284 (- (+ (- ?x279 ?x113) (* 3 x00 ?x215 z00)) (* ?x223 y00 z00))))
 (let ((?x291 (- (- (+ (- (+ ?x284 ?x235) ?x91) (* 36 ?x223 y00) ?x261) ?x251) (* 3 ?x237 ?x215 z00))))
 (let ((?x297 (+ (- (+ ?x291 (* 2 ?x223 ?x223 z00)) ?x133) ?x258 (* ?x223 ?x223 ?x215) (* 18 x00 ?x223) ?x137 ?x238)))
 (let ((?x303 (+ (- (+ (- ?x297 ?x67) (* 18 ?x237 y00) ?x243) ?x74) (* ?x223 y00 ?x215) ?x144)))
 (let (($x308 (= (- (- ?x303 (* 2 y00 y00 ?x215)) (* 3 ?x223 z00 z00)) 0)))
 (let ((?x99 (* y00 z00 z00)))
 (let ((?x88 (* 24 y00 y00)))
 (let ((?x84 (* 18 x00 z00)))
 (let ((?x256 (+ (- (- (* (- 1) y00 ?x215 z00) ?x251) ?x252) ?x84 (* 12 ?x223 ?x223))))
 (let ((?x262 (- (+ (- ?x256 ?x88) ?x258 ?x235 ?x91 (* 12 ?x223 y00) ?x238) ?x67)))
 (let ((?x270 (+ (- (+ (- (+ (- ?x262 ?x261) ?x243) ?x74) ?x99) (* 18 ?x237 z00)) (* ?x223 ?x215 z00))))
 (let ((?x49 (* 6 z00)))
 (let ((?x227 (- (- (+ (* (- 1) z00 z00) (* 12 y00)) (* 12 ?x223)) (* 6 ?x215))))
 (let ((?x36 (* 6 n00)))
 (let (($x221 (= (- (+ (* (- 1) ?x215) z00 (* 6 (+ n 1))) ?x36) 0)))
 (let (($x362 (or (not $x221) (not (= (+ ?x227 ?x49 (* ?x215 ?x215)) 0)) (not (= ?x247 0)) (not (= (- ?x270 (* ?x223 z00 z00)) 0)) (not $x308) (not (= ?x353 0)) (not (= (* ?x358 ?x247) 0)))))
 (let ((?x212 (* y z00 z00 z00)))
 (let ((?x201 (* y y z00 z00)))
 (let ((?x157 (- (+ (* 216 x00 y00) (* 108 x y) (* 36 x00 z00)) (* 2 x z00 z00 z00))))
 (let ((?x166 (+ (- (- (+ ?x157 (* 18 x z00 z00)) ?x160) ?x161) (* 24 y y) (* 108 x x))))
 (let ((?x172 (+ (- ?x166 (* 4 y y y)) (* 18 y y00 z00) ?x171)))
 (let ((?x182 (- (+ (- (- ?x172 (* 120 y y00)) (* 24 y z00)) ?x179) (* 6 y y z00))))
 (let ((?x193 (- (- (- (+ ?x182 ?x184) (* 12 y y y00)) ?x187) (* 108 x00 y))))
 (let ((?x200 (- (+ (- (- ?x193 ?x189) (* 216 x x00)) ?x196 ?x197) (* 216 x y00))))
 (let ((?x211 (+ (- (- (+ ?x200 ?x201) ?x204) (* 36 x z00)) (* 36 x y00 z00) (* 10 y z00 z00) ?x210)))
 (let ((?x71 (* 72 y)))
 (let ((?x64 (* 108 x)))
 (let ((?x135 (* y y z)))
 (let ((?x90 (* 18 x00 z)))
 (let ((?x80 (* 12 y z)))
 (let ((?x94 (* 6 y z00)))
 (let ((?x59 (* 12 y00 z)))
 (let ((?x120 (* y y00 z00)))
 (let ((?x81 (* 18 x z)))
 (let ((?x116 (- (- (- (* (- 18) x00 y00) (* 18 x y)) ?x81) (* 3 x z00 z00))))
 (let ((?x123 (- (+ (- (+ (- ?x116 ?x113) (* 3 x00 z z00)) ?x120) ?x59) ?x91)))
 (let ((?x129 (- (- (+ ?x123 (* 36 y y00) ?x94) ?x80) (* 3 x z z00))))
 (let ((?x138 (+ (- (+ ?x129 (* 2 y y z00)) ?x133) ?x90 ?x135 (* 18 x00 y) ?x137 ?x64)))
 (let ((?x145 (+ (- (+ (- ?x138 ?x67) (* 18 x y00) ?x71) ?x74) (* y y00 z) ?x144)))
 (let (($x150 (= (- (- ?x145 (* 2 y00 y00 z)) (* 3 y z00 z00)) 0)))
 (let ((?x105 (* y z00 z00)))
 (let ((?x103 (* y z z00)))
 (let ((?x86 (+ (- (- (* (- 1) y00 z z00) ?x80) ?x81) ?x84 (* 12 y y))))
 (let ((?x95 (- (+ (- ?x86 ?x88) ?x90 ?x59 ?x91 (* 12 y y00) ?x64) ?x67)))
 (let ((?x104 (+ (- (+ (- (+ (- ?x95 ?x94) ?x71) ?x74) ?x99) (* 18 x z00)) ?x103)))
 (let ((?x76 (* z z00 z00)))
 (let ((?x60 (- (+ (- (* (- 6) y z) (* z00 z00 z00)) ?x57) ?x59)))
 (let ((?x75 (- (+ (- (- (+ ?x60 ?x62 ?x64) ?x67) (* 6 z z00)) ?x71) ?x74)))
 (let ((?x50 (* z z)))
 (let ((?x46 (* 6 z)))
 (let ((?x48 (- (- (+ (* (- 1) z00 z00) (* 12 y00)) (* 12 y)) ?x46)))
 (and (= (- (+ (* (- 1) z) z00 (* 6 n)) ?x36) 0) (= (+ ?x48 ?x49 ?x50) 0) (= (+ ?x75 ?x76) 0) (= (- ?x104 ?x105) 0) $x150 (= (- ?x211 ?x212) 0) $x362))))))))))))))))))))))))))))))))))))))))))))))))))))))))))))))))))))))))))))))))))))))))))))))) :qid k!44))
 ))
 (let ((?x1716 (lambda ((x Int) (y Int) (z Int) (n Int) )(let ((?x1674 (+ 6 z)))
 (let ((?x1611 (* z00 z00 ?x1674)))
 (let ((?x637 (* (- 108) x00)))
 (let ((?x1418 (* 72 z)))
 (let ((?x580 (* (- 72) y00)))
 (let ((?x1426 (* 180 y)))
 (let ((?x64 (* 108 x)))
 (let ((?x2622 (* y00 z00)))
 (let ((?x2603 (* 18 ?x2622)))
 (let ((?x1618 (* y00 ?x1674)))
 (let ((?x2124 (* (- 12) ?x1618)))
 (let ((?x417 (* z00 z00)))
 (let ((?x521 (* 6 ?x417)))
 (let ((?x55 (* z00 z00 z00)))
 (let ((?x510 (* (- 1) ?x55)))
 (let ((?x1028 (+ (* (- 6) (* ?x1674 (+ y z))) ?x510 ?x521 ?x2124 ?x2603 ?x64 ?x1426 ?x580 (* (- 6) (* z00 ?x1674)) ?x1418 ?x637 ?x1611)))
 (let ((?x237 (+ x y)))
 (let ((?x223 (+ y z)))
 (let ((?x647 (+ 1 n)))
 (let ((?x2505 (* 10 (* ?x647 ?x1674 ?x1674 ?x223 ?x237 ?x237))))
 (let (($x2476 (not (= (* (+ (* 2 (* ?x647 ?x1674 ?x223 ?x237)) ?x2505) ?x1028) 0))))
 (let ((?x1380 (* x00 x00)))
 (let ((?x1381 (* 108 ?x1380)))
 (let ((?x99 (* y00 z00 z00)))
 (let ((?x2177 (* (- 10) ?x99)))
 (let ((?x1790 (* 2 (* x00 z00 z00 z00))))
 (let ((?x196 (* y00 z00 z00 z00)))
 (let ((?x1781 (* x00 z00 z00)))
 (let ((?x1527 (* (- 18) ?x1781)))
 (let ((?x2501 (* (- 36) (* x00 y00 z00))))
 (let ((?x652 (* y00 y00)))
 (let ((?x1134 (* 96 ?x652)))
 (let ((?x1097 (* y00 y00 y00)))
 (let ((?x1098 (* 16 ?x1097)))
 (let ((?x1802 (* 24 ?x2622)))
 (let ((?x161 (* y00 y00 z00 z00)))
 (let ((?x555 (* (- 1) ?x161)))
 (let ((?x113 (* y00 y00 z00)))
 (let ((?x610 (* (- 12) ?x113)))
 (let ((?x1728 (* x00 z00)))
 (let ((?x2808 (* 36 ?x1728)))
 (let ((?x638 (* x00 y00)))
 (let ((?x1189 (* 216 ?x638)))
 (let ((?x1705 (+ ?x1189 (* 108 (* ?x223 ?x237)) ?x2808 (* (- 2) (* z00 z00 z00 ?x237)) (* 18 (* z00 z00 ?x237)) ?x610 ?x555 (* 24 (* ?x223 ?x223)) (* 108 (* ?x237 ?x237)) (* (- 4) (* ?x223 ?x223 ?x223)) (* 18 (* y00 z00 ?x223)) ?x1802 (* (- 120) (* y00 ?x223)) (* (- 24) (* z00 ?x223)) ?x1098 (* (- 6) (* z00 ?x223 ?x223)) ?x1134 (* (- 12) (* y00 ?x223 ?x223)) ?x2501 (* (- 108) (* x00 ?x223)) ?x1527 (* (- 216) (* x00 ?x237)) ?x196 ?x1790 (* (- 216) (* y00 ?x237)) (* z00 z00 ?x223 ?x223) ?x2177 (* (- 36) (* z00 ?x237)) (* 36 (* y00 z00 ?x237)) (* 10 (* z00 z00 ?x223)) ?x1381 (* (- 1) (* z00 z00 z00 ?x223)))))
 (let (($x2724 (not (= ?x1705 0))))
 (let ((?x2027 (* 3 ?x99)))
 (let ((?x2204 (* y00 ?x1674 ?x223)))
 (let ((?x1504 (* 3 ?x1781)))
 (let ((?x470 (* ?x1674 ?x223 ?x223)))
 (let ((?x1045 (* x00 ?x1674)))
 (let ((?x1047 (* 18 ?x1045)))
 (let ((?x945 (* (- 36) ?x652)))
 (let ((?x2310 (* ?x1674 ?x223)))
 (let ((?x1072 (* (- 12) ?x2310)))
 (let ((?x515 (* z00 ?x223)))
 (let ((?x519 (* 6 ?x515)))
 (let ((?x2800 (* (- 6) ?x2622)))
 (let ((?x596 (* 12 ?x1618)))
 (let ((?x2312 (* (- 1) ?x113)))
 (let ((?x1094 (* ?x1674 ?x237)))
 (let ((?x1572 (* (- 18) ?x1094)))
 (let ((?x639 (* (- 18) ?x638)))
 (let ((?x1215 (+ ?x639 (* (- 18) (* ?x223 ?x237)) ?x1572 (* (- 3) (* z00 z00 ?x237)) ?x2312 (* 3 (* x00 z00 ?x1674)) (* (- 1) (* y00 z00 ?x223)) ?x596 ?x2800 (* 36 (* y00 ?x223)) ?x519 ?x1072 (* (- 3) (* z00 ?x1674 ?x237)) (* 2 (* z00 ?x223 ?x223)) ?x945 ?x1047 ?x470 (* 18 (* x00 ?x223)) ?x1504 ?x64 ?x1426 ?x580 (* 18 (* y00 ?x237)) ?x1418 ?x637 ?x2204 ?x2027 (* (- 2) (* y00 y00 ?x1674)) (* (- 3) (* z00 z00 ?x223)))))
 (let ((?x1309 (* z00 ?x1674 ?x223)))
 (let ((?x2507 (* (- 6) ?x515)))
 (let ((?x836 (* 6 ?x2622)))
 (let ((?x670 (* (- 24) ?x652)))
 (let ((?x1743 (* 18 ?x1728)))
 (let ((?x1680 (+ (* (- 1) (* y00 z00 ?x1674)) ?x1072 ?x1572 ?x1743 (* 12 (* ?x223 ?x223)) ?x670 ?x1047 ?x596 ?x836 (* 12 (* y00 ?x223)) ?x64 ?x1426 ?x580 ?x2507 ?x1418 ?x637 ?x99 (* (- 18) (* z00 ?x237)) ?x1309 (* (- 1) (* z00 z00 ?x223)))))
 (let ((?x1620 (* ?x1674 ?x1674)))
 (let ((?x49 (* 6 z00)))
 (let ((?x1289 (* (- 12) y)))
 (let ((?x43 (* 12 y00)))
 (let ((?x577 (* (- 1) ?x417)))
 (let (($x1499 (= (+ (* (- 1) z) z00 (* 6 n) (* (- 6) n00)) 0)))
 (let (($x1759 (or (not $x1499) (not (= (+ ?x577 ?x43 ?x1289 (* (- 18) z) ?x49 ?x1620) 36)) (not (= ?x1028 0)) (not (= ?x1680 0)) (not (= ?x1215 0)) $x2724 $x2476)))
 (let ((?x941 (* (- 4) (* y y y))))
 (let ((?x893 (* 108 (* x x))))
 (let ((?x626 (* y y)))
 (let ((?x881 (* 24 ?x626)))
 (let ((?x1990 (* y x)))
 (let ((?x1991 (* 108 ?x1990)))
 (let ((?x1032 (+ ?x1189 ?x1991 ?x2808 (* (- 2) (* z00 z00 z00 x)) (* 18 (* z00 z00 x)) ?x610 ?x555 ?x881 ?x893 ?x941 (* 18 (* y00 z00 y)) ?x1802 (* (- 120) (* y00 y)) (* (- 24) (* z00 y)) ?x1098 (* (- 6) (* z00 y y)) ?x1134 (* (- 12) (* y00 y y)) ?x2501 (* (- 108) (* x00 y)) ?x1527 (* (- 216) (* x00 x)) ?x196 ?x1790 (* (- 216) (* y00 x)) (* z00 z00 y y) ?x2177 (* (- 36) (* z00 x)) (* 36 (* y00 z00 x)) (* 10 (* z00 z00 y)) ?x1381 (* (- 1) (* z00 z00 z00 y)))))
 (let (($x1661 (= ?x1032 0)))
 (let ((?x2023 (* y00 z y)))
 (let ((?x71 (* 72 y)))
 (let ((?x1772 (* z y y)))
 (let ((?x1654 (* x00 z)))
 (let ((?x807 (* 18 ?x1654)))
 (let ((?x1613 (* z y)))
 (let ((?x1875 (* (- 12) ?x1613)))
 (let ((?x441 (* z00 y)))
 (let ((?x442 (* 6 ?x441)))
 (let ((?x1154 (* y00 z)))
 (let ((?x1191 (* 12 ?x1154)))
 (let ((?x838 (* z x)))
 (let ((?x723 (* (- 18) ?x838)))
 (let ((?x2399 (+ ?x639 (* (- 18) ?x1990) ?x723 (* (- 3) (* z00 z00 x)) ?x2312 (* 3 (* x00 z00 z)) (* (- 1) (* y00 z00 y)) ?x1191 ?x2800 (* 36 (* y00 y)) ?x442 ?x1875 (* (- 3) (* z00 z x)) (* 2 (* z00 y y)) ?x945 ?x807 ?x1772 (* 18 (* x00 y)) ?x1504 ?x64 ?x580 (* 18 (* y00 x)) ?x71 ?x637 ?x2023 ?x2027 (* (- 2) (* y00 y00 z)) (* (- 3) (* z00 z00 y)))))
 (let ((?x2570 (* z00 z y)))
 (let ((?x2663 (* (- 6) ?x441)))
 (let ((?x627 (* 12 ?x626)))
 (let ((?x612 (+ (* (- 1) (* y00 z00 z)) ?x1875 ?x723 ?x1743 ?x627 ?x670 ?x807 ?x1191 ?x836 (* 12 (* y00 y)) ?x64 ?x580 ?x2663 ?x71 ?x637 ?x99 (* (- 18) (* z00 x)) ?x2570 (* (- 1) (* z00 z00 y)))))
 (let ((?x726 (* z00 z00 z)))
 (let ((?x1225 (* (- 12) ?x1154)))
 (let ((?x732 (+ (* (- 6) ?x1613) ?x510 ?x521 ?x1225 ?x2603 ?x64 ?x580 (* (- 6) (* z00 z)) ?x71 ?x637 ?x726)))
 (let (($x1453 (and $x1499 (= (+ ?x577 ?x43 ?x1289 (* (- 6) z) ?x49 (* z z)) 0) (= ?x732 0) (= ?x612 0) (= ?x2399 0) $x1661 $x1759)))
 (let ((?x74 (* 108 x00)))
 (let ((?x243 (* 72 ?x223)))
 (let ((?x67 (* 72 y00)))
 (let ((?x238 (* 108 ?x237)))
 (let ((?x62 (* 18 y00 z00)))
 (let ((?x215 (+ z 6)))
 (let ((?x235 (* 12 y00 ?x215)))
 (let ((?x236 (- (+ (- (* (- 6) ?x223 ?x215) ?x55) (* 6 z00 z00)) ?x235)))
 (let ((?x245 (- (+ (- (- (+ ?x236 ?x62 ?x238) ?x67) (* 6 ?x215 z00)) ?x243) ?x74)))
 (let ((?x247 (+ ?x245 (* ?x215 z00 z00))))
 (let ((?x358 (+ (* 2 (+ n 1) ?x237 ?x223 ?x215) (* 10 (+ n 1) ?x237 ?x237 ?x223 ?x215 ?x215))))
 (let ((?x210 (* 108 x00 x00)))
 (let ((?x204 (* 10 y00 z00 z00)))
 (let ((?x197 (* 2 x00 z00 z00 z00)))
 (let ((?x189 (* 18 x00 z00 z00)))
 (let ((?x187 (* 36 x00 y00 z00)))
 (let ((?x184 (* 96 y00 y00)))
 (let ((?x179 (* 16 y00 y00 y00)))
 (let ((?x171 (* 24 y00 z00)))
 (let ((?x160 (* 12 y00 y00 z00)))
 (let ((?x313 (- (+ (* 216 x00 y00) (* 108 ?x237 ?x223) (* 36 x00 z00)) (* 2 ?x237 z00 z00 z00))))
 (let ((?x320 (+ (- (- (+ ?x313 (* 18 ?x237 z00 z00)) ?x160) ?x161) (* 24 ?x223 ?x223) (* 108 ?x237 ?x237))))
 (let ((?x324 (+ (- ?x320 (* 4 ?x223 ?x223 ?x223)) (* 18 ?x223 y00 z00) ?x171)))
 (let ((?x331 (- (+ (- (- ?x324 (* 120 ?x223 y00)) (* 24 ?x223 z00)) ?x179) (* 6 ?x223 ?x223 z00))))
 (let ((?x338 (- (- (- (+ ?x331 ?x184) (* 12 ?x223 ?x223 y00)) ?x187) (* 108 x00 ?x223))))
 (let ((?x343 (- (+ (- (- ?x338 ?x189) (* 216 ?x237 x00)) ?x196 ?x197) (* 216 ?x237 y00))))
 (let ((?x348 (- (- (+ ?x343 (* ?x223 ?x223 z00 z00)) ?x204) (* 36 ?x237 z00))))
 (let ((?x353 (- (+ ?x348 (* 36 ?x237 y00 z00) (* 10 ?x223 z00 z00) ?x210) (* ?x223 z00 z00 z00))))
 (let ((?x144 (* 3 y00 z00 z00)))
 (let ((?x137 (* 3 x00 z00 z00)))
 (let ((?x258 (* 18 x00 ?x215)))
 (let ((?x133 (* 36 y00 y00)))
 (let ((?x251 (* 12 ?x223 ?x215)))
 (let ((?x261 (* 6 ?x223 z00)))
 (let ((?x91 (* 6 y00 z00)))
 (let ((?x252 (* 18 ?x237 ?x215)))
 (let ((?x279 (- (- (- (* (- 18) x00 y00) (* 18 ?x237 ?x223)) ?x252) (* 3 ?x237 z00 z00))))
 (let ((?x284 (- (+ (- ?x279 ?x113) (* 3 x00 ?x215 z00)) (* ?x223 y00 z00))))
 (let ((?x291 (- (- (+ (- (+ ?x284 ?x235) ?x91) (* 36 ?x223 y00) ?x261) ?x251) (* 3 ?x237 ?x215 z00))))
 (let ((?x297 (+ (- (+ ?x291 (* 2 ?x223 ?x223 z00)) ?x133) ?x258 (* ?x223 ?x223 ?x215) (* 18 x00 ?x223) ?x137 ?x238)))
 (let ((?x303 (+ (- (+ (- ?x297 ?x67) (* 18 ?x237 y00) ?x243) ?x74) (* ?x223 y00 ?x215) ?x144)))
 (let (($x308 (= (- (- ?x303 (* 2 y00 y00 ?x215)) (* 3 ?x223 z00 z00)) 0)))
 (let ((?x88 (* 24 y00 y00)))
 (let ((?x84 (* 18 x00 z00)))
 (let ((?x256 (+ (- (- (* (- 1) y00 ?x215 z00) ?x251) ?x252) ?x84 (* 12 ?x223 ?x223))))
 (let ((?x262 (- (+ (- ?x256 ?x88) ?x258 ?x235 ?x91 (* 12 ?x223 y00) ?x238) ?x67)))
 (let ((?x270 (+ (- (+ (- (+ (- ?x262 ?x261) ?x243) ?x74) ?x99) (* 18 ?x237 z00)) (* ?x223 ?x215 z00))))
 (let ((?x227 (- (- (+ (* (- 1) z00 z00) ?x43) (* 12 ?x223)) (* 6 ?x215))))
 (let ((?x36 (* 6 n00)))
 (let (($x221 (= (- (+ (* (- 1) ?x215) z00 (* 6 (+ n 1))) ?x36) 0)))
 (let (($x362 (or (not $x221) (not (= (+ ?x227 ?x49 (* ?x215 ?x215)) 0)) (not (= ?x247 0)) (not (= (- ?x270 (* ?x223 z00 z00)) 0)) (not $x308) (not (= ?x353 0)) (not (= (* ?x358 ?x247) 0)))))
 (let ((?x212 (* y z00 z00 z00)))
 (let ((?x201 (* y y z00 z00)))
 (let ((?x157 (- (+ (* 216 x00 y00) (* 108 x y) (* 36 x00 z00)) (* 2 x z00 z00 z00))))
 (let ((?x166 (+ (- (- (+ ?x157 (* 18 x z00 z00)) ?x160) ?x161) (* 24 y y) (* 108 x x))))
 (let ((?x172 (+ (- ?x166 (* 4 y y y)) (* 18 y y00 z00) ?x171)))
 (let ((?x182 (- (+ (- (- ?x172 (* 120 y y00)) (* 24 y z00)) ?x179) (* 6 y y z00))))
 (let ((?x193 (- (- (- (+ ?x182 ?x184) (* 12 y y y00)) ?x187) (* 108 x00 y))))
 (let ((?x200 (- (+ (- (- ?x193 ?x189) (* 216 x x00)) ?x196 ?x197) (* 216 x y00))))
 (let ((?x211 (+ (- (- (+ ?x200 ?x201) ?x204) (* 36 x z00)) (* 36 x y00 z00) (* 10 y z00 z00) ?x210)))
 (let ((?x135 (* y y z)))
 (let ((?x90 (* 18 x00 z)))
 (let ((?x80 (* 12 y z)))
 (let ((?x94 (* 6 y z00)))
 (let ((?x59 (* 12 y00 z)))
 (let ((?x120 (* y y00 z00)))
 (let ((?x81 (* 18 x z)))
 (let ((?x116 (- (- (- (* (- 18) x00 y00) (* 18 x y)) ?x81) (* 3 x z00 z00))))
 (let ((?x123 (- (+ (- (+ (- ?x116 ?x113) (* 3 x00 z z00)) ?x120) ?x59) ?x91)))
 (let ((?x129 (- (- (+ ?x123 (* 36 y y00) ?x94) ?x80) (* 3 x z z00))))
 (let ((?x138 (+ (- (+ ?x129 (* 2 y y z00)) ?x133) ?x90 ?x135 (* 18 x00 y) ?x137 ?x64)))
 (let ((?x145 (+ (- (+ (- ?x138 ?x67) (* 18 x y00) ?x71) ?x74) (* y y00 z) ?x144)))
 (let (($x150 (= (- (- ?x145 (* 2 y00 y00 z)) (* 3 y z00 z00)) 0)))
 (let ((?x105 (* y z00 z00)))
 (let ((?x103 (* y z z00)))
 (let ((?x86 (+ (- (- (* (- 1) y00 z z00) ?x80) ?x81) ?x84 (* 12 y y))))
 (let ((?x95 (- (+ (- ?x86 ?x88) ?x90 ?x59 ?x91 (* 12 y y00) ?x64) ?x67)))
 (let ((?x104 (+ (- (+ (- (+ (- ?x95 ?x94) ?x71) ?x74) ?x99) (* 18 x z00)) ?x103)))
 (let ((?x76 (* z z00 z00)))
 (let ((?x60 (- (+ (- (* (- 6) y z) ?x55) (* 6 z00 z00)) ?x59)))
 (let ((?x75 (- (+ (- (- (+ ?x60 ?x62 ?x64) ?x67) (* 6 z z00)) ?x71) ?x74)))
 (let ((?x50 (* z z)))
 (let ((?x46 (* 6 z)))
 (let ((?x51 (+ (- (- (+ (* (- 1) z00 z00) ?x43) (* 12 y)) ?x46) ?x49 ?x50)))
 (let (($x363 (and (= (- (+ (* (- 1) z) z00 (* 6 n)) ?x36) 0) (= ?x51 0) (= (+ ?x75 ?x76) 0) (= (- ?x104 ?x105) 0) $x150 (= (- ?x211 ?x212) 0) $x362)))
 (rewrite (= $x363 $x1453))))))))))))))))))))))))))))))))))))))))))))))))))))))))))))))))))))))))))))))))))))))))))))))))))))))))))))))))))))))))))))))))))))))))))))))))))))))))))))))))))))))))))))))))))))))))))))))))))
 ))
 (let ((@x365 (asserted $x364)))
 (let ((@x2025 (mp (mp @x365 (quant-intro (proof-bind ?x1716) (= $x364 $x1458)) $x1458) (rewrite (= $x1458 $x1458)) $x1458)))
 (let ((@x1993 (mp (mp @x2025 (quant-intro (proof-bind ?x2798) (= $x1458 $x2317)) $x2317) (quant-intro (proof-bind ?x1822) (= $x2317 $x2499)) $x2499)))
 (let ((@x1766 (mp (mp~ @x1993 (sk (~ $x2499 $x1311)) $x1311) (rewrite (= $x1311 $x2517)) $x2517)))
 (let ((@x988 (and-elim @x1766 $x2040)))
 (let ((@x677 (unit-resolution ((_ th-lemma arith triangle-eq) (or $x1250 $x1748)) @x988 $x1748)))
 (let (($x1927 (>= ?x2156 0)))
 (let ((@x1157 (unit-resolution ((_ th-lemma arith triangle-eq) (or $x1250 $x1927)) @x988 $x1927)))
 (let (($x1503 (<= ?x2596 0)))
 (let ((@x802 (and-elim @x1766 $x1660)))
 (let ((@x2538 (unit-resolution ((_ th-lemma arith triangle-eq) (or (not $x1660) $x1503)) @x802 $x1503)))
 (let (($x1490 (>= ?x2596 0)))
 (let ((@x2162 (unit-resolution ((_ th-lemma arith triangle-eq) (or (not $x1660) $x1490)) @x802 $x1490)))
 (let (($x1281 (<= ?x2742 0)))
 (let ((@x1593 (and-elim @x1766 $x1782)))
 (let ((@x2186 (unit-resolution ((_ th-lemma arith triangle-eq) (or $x1477 $x1281)) @x1593 $x1281)))
 (let (($x2242 (>= ?x2742 0)))
 (let ((@x1776 (unit-resolution ((_ th-lemma arith triangle-eq) (or $x1477 $x2242)) @x1593 $x2242)))
 (let (($x822 (<= ?x1838 0)))
 (let (($x1928 (<= ?x681 0)))
 (let ((@x2577 (and-elim @x1766 $x1501)))
 (let ((@x1148 (unit-resolution ((_ th-lemma arith triangle-eq) (or (not $x1501) $x1928)) @x2577 $x1928)))
 (let (($x808 (>= ?x681 0)))
 (let ((@x2631 (unit-resolution ((_ th-lemma arith triangle-eq) (or (not $x1501) $x808)) @x2577 $x808)))
 (let (($x736 (<= ?x1768 0)))
 (let ((@x1480 (and-elim @x1766 $x746)))
 (let ((@x2200 (unit-resolution ((_ th-lemma arith triangle-eq) (or (not $x746) $x736)) @x1480 $x736)))
 (let (($x932 (>= ?x1768 0)))
 (let ((@x2014 (unit-resolution ((_ th-lemma arith triangle-eq) (or (not $x746) $x932)) @x1480 $x932)))
 (let (($x1901 (<= ?x2187 0)))
 (let ((@x457 (and-elim @x1766 $x969)))
 (let ((@x421 (unit-resolution ((_ th-lemma arith triangle-eq) (or (not $x969) $x1901)) @x457 $x1901)))
 (let (($x2525 (>= ?x2187 0)))
 (let ((@x694 (unit-resolution ((_ th-lemma arith triangle-eq) (or (not $x969) $x2525)) @x457 $x2525)))
 (let ((@x1446 ((_ th-lemma arith) (hypothesis (not $x822)) @x1776 @x2186 @x694 @x421 @x1157 @x677 @x1776 @x2186 @x2014 @x2200 @x2162 @x2538 @x2014 @x2200 @x2162 @x2538 @x694 @x421 @x694 @x421 @x2014 @x2200 @x2631 @x1148 @x2162 @x2538 false)))
 (let ((@x2665 (lemma @x1446 $x822)))
 (let (($x1622 (>= ?x1838 0)))
 (let ((@x2064 ((_ th-lemma arith) (hypothesis (not $x1622)) @x1776 @x2186 @x694 @x421 @x1157 @x677 @x1776 @x2186 @x2014 @x2200 @x2162 @x2538 @x2014 @x2200 @x2162 @x2538 @x694 @x421 @x694 @x421 @x2014 @x2200 @x2631 @x1148 @x2162 @x2538 false)))
 (let ((@x1298 (lemma @x2064 $x1622)))
 (let (($x1932 (<= ?x1902 0)))
 (let ((@x774 ((_ th-lemma arith) (hypothesis (not $x1932)) @x1776 @x2186 @x1157 @x677 @x1776 @x2186 @x2162 @x2538 @x694 @x421 @x2014 @x2200 @x694 @x421 @x2014 @x2200 @x2014 @x2200 @x2162 @x2538 @x694 @x421 @x2631 @x1148 @x2162 @x2538 false)))
 (let ((@x2238 (lemma @x774 $x1932)))
 (let (($x2747 (>= ?x1902 0)))
 (let ((@x2287 ((_ th-lemma arith) (hypothesis (not $x2747)) @x1776 @x2186 @x1157 @x677 @x1776 @x2186 @x2162 @x2538 @x694 @x421 @x2014 @x2200 @x694 @x421 @x2014 @x2200 @x2014 @x2200 @x2162 @x2538 @x694 @x421 @x2631 @x1148 @x2162 @x2538 false)))
 (let ((@x420 (lemma @x2287 $x2747)))
 (let (($x1676 (not (>= ?x1093 0))))
 (let (($x853 (<= ?x1093 0)))
 (let ((@x2647 ((_ th-lemma arith) (hypothesis (not $x853)) @x1776 @x2186 @x2162 @x2538 @x1157 @x677 @x1776 @x2186 @x2014 @x2200 @x694 @x421 @x2014 @x2200 @x694 @x421 @x2162 @x2538 @x2014 @x2200 @x2631 @x1148 @x2162 @x2538 @x2014 @x2200 @x694 @x421 @x694 @x421 @x1298 @x2665 @x1776 @x2186 @x2162 @x2538 @x1157 @x677 false)))
 (let (($x2745 (>= ?x2697 0)))
 (let (($x2062 (<= ?x2697 0)))
 (let ((@x1197 (unit-resolution ((_ th-lemma arith assign-bounds -6 -1) (or $x2062 (not $x1748) (not $x1928))) @x1148 @x677 $x2062)))
 (let ((@x2500 (unit-resolution ((_ th-lemma arith triangle-eq) (or $x1473 (not $x2062) (not $x2745))) @x1197 (lemma ((_ th-lemma arith farkas -6 -1 1) @x1157 @x2631 (hypothesis (not $x2745)) false) $x2745) $x1473)))
 (let ((@x882 (unit-resolution ((_ th-lemma arith triangle-eq) (or $x985 (not $x1932) (not $x2747))) @x2238 @x420 $x985)))
 (let (($x2649 (>= ?x891 0)))
 (let ((@x1673 (lemma ((_ th-lemma arith farkas 1 1 1 1 1) (hypothesis (not $x2649)) @x677 @x1148 @x1157 @x2631 false) $x2649)))
 (let (($x663 (<= ?x891 0)))
 (let ((@x1138 (lemma ((_ th-lemma arith farkas 1 1 1 1 1) (hypothesis (not $x663)) @x677 @x1148 @x1157 @x2631 false) $x663)))
 (let ((@x1017 (unit-resolution ((_ th-lemma arith triangle-eq) (or $x2699 (not $x663) (not $x2649))) @x1138 @x1673 $x2699)))
 (let ((@x1821 (unit-resolution ((_ th-lemma arith triangle-eq) (or $x1840 (not $x822) (not $x1622))) @x1298 @x2665 $x1840)))
 (let ((@x2158 (unit-resolution (and-elim @x1766 $x2154) @x1593 @x988 (or $x1771 $x2321 $x854 $x536 $x2881))))
 (let ((@x1519 (unit-resolution (unit-resolution @x2158 @x1821 @x1017 (or $x1771 $x2321 $x536)) @x882 @x2500 $x536)))
 (let ((@x1617 (unit-resolution ((_ th-lemma arith triangle-eq) (or $x611 (not $x853) $x1676)) @x1519 (lemma @x2647 $x853) $x1676)))
 ((_ th-lemma arith) @x1617 @x420 @x2238 @x1776 @x2186 @x1157 @x677 @x1776 @x2186 @x420 @x2238 @x2014 @x2200 @x2162 @x2538 @x694 @x421 @x2014 @x2200 @x2014 @x2200 @x2631 @x1148 @x2162 @x2538 @x694 @x421 @x694 @x421 @x1298 @x2665 @x1776 @x2186 @x2162 @x2538 @x1157 @x677 false)))))))))))))))))))))))))))))))))))))))))))))))))))))))))))))))))))))))))))))))))))))))))))))))))))))))))))))))))))))))))))))))))))))))))))))))))))))))))))))))))))))))))))))))))))))))))))))))))))))))))))))))))))))))))))))))))))))))))))))))))))))))))))))))))))))))))))

(:added-eqs                 17
 :arith-assert-diseq        13
 :arith-assert-lower        105
 :arith-assert-upper        36
 :arith-bound-prop          1
 :arith-conflicts           9
 :arith-eq-adapter          11
 :arith-fixed-eqs           10
 :arith-gcd-tests           10
 :arith-grobner             6
 :arith-max-min             2149
 :arith-nonlinear-bounds    69
 :arith-nonlinear-horner    86
 :arith-num-rows            16
 :arith-patches             10
 :arith-patches_succ        10
 :arith-pivots              9
 :arith-pseudo-nonlinear    8
 :arith-row-summations      23
 :arith-tableau-max-columns 135
 :arith-tableau-max-rows    16
 :conflicts                 9
 :decisions                 31
 :del-clause                40
 :final-checks              14
 :max-memory                6.50
 :memory                    3.51
 :mk-bool-var               39
 :mk-clause                 40
 :num-allocs                1984386959
 :num-checks                1
 :propagations              60
 :rlimit-count              3727352
 :time                      2.87
 :total-time                2.82)
