unsat
((set-logic NIA)
(declare-fun y!2 () Int)
(declare-fun z!1 () Int)
(declare-fun x!3 () Int)
(declare-fun n!0 () Int)
(proof
(let ((?x1040 (* (- 72) y!2)))
 (let ((?x2383 (* z00 z00 z!1)))
 (let ((?x1150 (* (- 1) ?x2383)))
 (let ((?x2181 (* z!1 y!2)))
 (let ((?x1687 (* 6 ?x2181)))
 (let ((?x2165 (* z00 z!1)))
 (let ((?x1686 (* 6 ?x2165)))
 (let ((?x1667 (* (- 108) x!3)))
 (let ((?x745 (* y00 z!1)))
 (let ((?x1067 (* 12 ?x745)))
 (let ((?x556 (* z00 y00)))
 (let ((?x1308 (* (- 18) ?x556)))
 (let ((?x415 (* z00 z00)))
 (let ((?x612 (* (- 6) ?x415)))
 (let ((?x74 (* 108 x00)))
 (let ((?x55 (* z00 z00 z00)))
 (let ((?x67 (* 72 y00)))
 (let ((?x2451 (+ ?x67 ?x55 ?x74 ?x612 ?x1308 ?x1067 ?x1667 ?x1686 ?x1687 ?x1150 ?x1040)))
 (let (($x2505 (<= ?x2451 0)))
 (let (($x913 (= ?x2451 0)))
 (let ((?x1131 (* z!1 z!1)))
 (let ((?x2761 (* 6 ?x1131)))
 (let ((?x1917 (+ (* 36 z00) (* 144 y00) ?x55 ?x74 (* (- 12) ?x415) ?x1308 ?x1067 (* (- 36) z!1) ?x2761 ?x1667 ?x1686 ?x1687 ?x1150 (* (- 144) y!2))))
 (let (($x1708 (= ?x1917 0)))
 (let (($x2625 (not $x1708)))
 (let ((?x388 (* (- 6) n00)))
 (let ((?x2568 (+ z00 ?x388 (* (- 1) z!1) (* 6 n!0))))
 (let (($x2572 (= ?x2568 0)))
 (let (($x2112 (not $x2572)))
 (let ((?x2176 (+ (* 6 (* n00 x!3 y!2 y!2)) (* 12 (* n00 z!1 y!2 y!2)) (* (- 12) (* z!1 n!0 x!3 y!2)) (* 6 (* n00 z!1 z!1 x!3)) (* z!1 z!1 z!1 y!2) (* 2 (* z!1 z!1 y!2 y!2)) (* (- 1) (* z00 y!2 y!2 y!2)) (* (- 2) (* z00 z!1 x!3 y!2)) (* (- 2) (* z00 z!1 y!2 y!2)) (* z!1 x!3 y!2 y!2) (* 12 (* n00 z!1 x!3 y!2)) (* 2 (* z!1 z!1 x!3 y!2)) (* (- 1) (* z00 z!1 z!1 y!2)) (* z!1 y!2 y!2 y!2) (* (- 6) (* n!0 y!2 y!2 y!2)) (* (- 1) (* z00 x!3 y!2 y!2)) (* (- 6) (* n!0 x!3 y!2 y!2)) (* z!1 z!1 z!1 x!3) (* 6 (* n00 z!1 z!1 y!2)) (* 6 (* n00 y!2 y!2 y!2)) (* (- 6) (* z!1 z!1 n!0 y!2)) (* (- 12) (* z!1 n!0 y!2 y!2)) (* (- 1) (* z00 z!1 z!1 x!3)) (* (- 6) (* z!1 z!1 n!0 x!3)))))
 (let (($x1286 (= ?x2176 0)))
 (let (($x1924 (not $x1286)))
 (let ((?x2818 (* x!3 y!2)))
 (let ((?x1517 (* 18 ?x2818)))
 (let ((?x2762 (* z00 y!2 y!2)))
 (let ((?x2578 (* (- 2) ?x2762)))
 (let ((?x2558 (* 2 (* y00 y00 z!1))))
 (let ((?x1312 (* 3 (* z00 z!1 x!3))))
 (let ((?x2553 (* z00 z!1 y!2)))
 (let ((?x395 (* (- 1) ?x2553)))
 (let ((?x2422 (* z!1 z!1 z!1)))
 (let ((?x2151 (* (- 1) ?x2422)))
 (let ((?x1716 (* z00 y00 y!2)))
 (let ((?x1677 (* y00 z!1 y!2)))
 (let ((?x2103 (* (- 1) ?x1677)))
 (let ((?x1492 (* z00 x!3)))
 (let ((?x1080 (* 18 ?x1492)))
 (let ((?x1427 (* y!2 y!2)))
 (let ((?x1591 (* 12 ?x1427)))
 (let ((?x1424 (* y00 x!3)))
 (let ((?x2101 (* (- 18) ?x1424)))
 (let ((?x1381 (* z00 z00 x!3)))
 (let ((?x2098 (* 3 ?x1381)))
 (let ((?x2085 (* (- 3) (* z00 x00 z!1))))
 (let ((?x1268 (* z00 y00 z!1)))
 (let ((?x965 (* z!1 y!2 y!2)))
 (let ((?x2093 (* (- 1) ?x965)))
 (let ((?x960 (* z00 z00 x00)))
 (let ((?x2268 (* (- 3) ?x960)))
 (let ((?x770 (* z00 z00 y00)))
 (let ((?x2266 (* (- 3) ?x770)))
 (let ((?x750 (* z00 y00 y00)))
 (let ((?x666 (* x00 y!2)))
 (let ((?x941 (* (- 18) ?x666)))
 (let ((?x650 (* y00 y00)))
 (let ((?x2262 (* 48 ?x650)))
 (let ((?x619 (* z00 x00)))
 (let ((?x1799 (* (- 18) ?x619)))
 (let ((?x685 (* 6 ?x556)))
 (let ((?x505 (* y00 x00)))
 (let ((?x2257 (* 18 ?x505)))
 (let ((?x1464 (+ ?x2257 ?x685 ?x1799 ?x2262 ?x941 (* (- 54) ?x745) ?x750 ?x2266 ?x2268 ?x2093 (* (- 2) (* z!1 z!1 y!2)) (* 12 (* z00 y!2)) ?x2761 (* (- 60) (* y00 y!2)) ?x1268 ?x2085 (* 6 (* z00 z00 y!2)) ?x2098 ?x2101 ?x1591 ?x1080 (* (- 36) (* x00 z!1)) (* 36 (* z!1 x!3)) (* (- 2) (* z00 z!1 z!1)) ?x2103 ?x1716 (* (- 6) ?x2165) (* 36 ?x2181) (* 3 ?x2383) ?x2151 (* (- 1) (* y00 z!1 z!1)) ?x395 ?x1312 ?x2558 ?x2578 ?x1517)))
 (let (($x1497 (= ?x1464 0)))
 (let (($x1906 (not $x1497)))
 (let ((?x2132 (* 324 ?x2818)))
 (let ((?x2026 (* (- 6) ?x2762)))
 (let ((?x2381 (* (- 4) ?x2422)))
 (let ((?x1059 (* 36 (* z00 y00 x!3))))
 (let ((?x2804 (* (- 216) (* x00 x!3))))
 (let ((?x1824 (* (- 12) (* y00 y!2 y!2))))
 (let ((?x803 (* (- 2) (* z00 z00 z00 x!3))))
 (let ((?x1971 (* (- 36) ?x1492)))
 (let ((?x2124 (* 240 ?x1427)))
 (let ((?x749 (* (- 216) ?x1424)))
 (let ((?x1253 (* 108 (* x!3 x!3))))
 (let ((?x1598 (* 18 ?x1381)))
 (let ((?x1379 (* 108 (* x00 x00))))
 (let ((?x1276 (* 2 (* z00 z00 z00 x00))))
 (let ((?x1272 (* z00 z00 z00 y00)))
 (let ((?x2455 (* (- 4) (* y!2 y!2 y!2))))
 (let ((?x1182 (* (- 36) (* z00 y00 x00))))
 (let ((?x966 (* 24 ?x1131)))
 (let ((?x1096 (* 16 (* y00 y00 y00))))
 (let ((?x1232 (* (- 18) ?x960)))
 (let ((?x883 (* z00 z00 y!2 y!2)))
 (let ((?x866 (* (- 1) (* z00 z00 y00 y00))))
 (let ((?x1333 (* (- 10) ?x770)))
 (let ((?x831 (* (- 12) ?x750)))
 (let ((?x1132 (* 96 ?x650)))
 (let ((?x576 (* 36 ?x619)))
 (let ((?x974 (* 24 ?x556)))
 (let ((?x527 (* 216 ?x505)))
 (let ((?x595 (+ ?x527 ?x974 ?x576 ?x1132 (* (- 324) ?x666) (* (- 120) ?x745) ?x831 ?x1333 ?x866 ?x883 ?x1232 (* (- 12) ?x965) (* (- 12) (* z!1 z!1 y!2)) (* (- 60) (* z00 y!2)) ?x1096 ?x966 ?x1182 (* (- 336) (* y00 y!2)) (* 18 ?x1268) ?x2455 ?x1272 ?x1276 (* 28 (* z00 z00 y!2)) ?x1379 ?x1598 ?x1253 ?x749 ?x2124 (* (- 1) (* z00 z00 z00 z!1)) ?x1971 ?x803 (* (- 108) (* x00 z!1)) (* 108 (* z!1 x!3)) ?x1824 (* (- 6) (* z00 z!1 z!1)) (* (- 24) ?x1677) (* 54 ?x1716) ?x2804 ?x1059 (* 2 (* z00 z00 z!1 y!2)) (* (- 24) ?x2165) (* 156 ?x2181) (* 10 ?x2383) ?x2381 (* (- 3) (* z00 z00 z00 y!2)) (* (- 12) (* y00 z!1 z!1)) (* (- 12) ?x2553) (* z00 z00 z!1 z!1) ?x2026 ?x2132)))
 (let (($x1630 (= ?x595 0)))
 (let (($x1741 (not $x1630)))
 (let ((?x2780 (* (- 1) ?x415)))
 (let ((?x43 (* 12 y00)))
 (let ((?x49 (* 6 z00)))
 (let ((?x1726 (+ ?x49 ?x43 ?x2780 (* (- 6) z!1) ?x1131 (* (- 12) y!2))))
 (let (($x2309 (= ?x1726 0)))
 (let (($x1318 (not $x2309)))
 (let ((?x1645 (* z00 z!1 z!1)))
 (let ((?x668 (* (- 24) ?x650)))
 (let ((?x621 (* 18 ?x619)))
 (let ((?x1993 (+ ?x621 ?x668 (* 24 ?x745) ?x770 (* (- 18) (* z00 y!2)) (* 12 (* y00 y!2)) (* (- 1) ?x1268) (* (- 1) (* z00 z00 y!2)) ?x1591 (* (- 18) ?x1492) (* 18 (* x00 z!1)) (* (- 18) (* z!1 x!3)) ?x1645 (* (- 6) ?x2181) ?x1150 ?x2553)))
 (let (($x588 (= ?x1993 0)))
 (let (($x1081 (not $x588)))
 (let (($x679 (or $x1081 $x1318 $x1741 $x1906 $x1924 $x2112 $x2625)))
 (let ((?x1181 (* 108 ?x2818)))
 (let ((?x2033 (* 24 ?x1427)))
 (let ((?x1071 (+ ?x527 ?x974 ?x576 ?x1132 (* (- 108) ?x666) ?x831 ?x1333 ?x866 ?x883 ?x1232 (* (- 24) (* z00 y!2)) ?x1096 ?x1182 (* (- 120) (* y00 y!2)) ?x2455 ?x1272 ?x1276 (* 10 (* z00 z00 y!2)) ?x1379 ?x1598 ?x1253 ?x749 ?x2033 ?x1971 ?x803 ?x1824 (* 18 ?x1716) ?x2804 ?x1059 (* (- 1) (* z00 z00 z00 y!2)) ?x2026 ?x1181)))
 (let (($x552 (= ?x1071 0)))
 (let ((?x392 (* 12 ?x2181)))
 (let ((?x1604 (* z!1 x!3)))
 (let ((?x2115 (* 18 ?x1604)))
 (let ((?x1600 (* x00 z!1)))
 (let ((?x1756 (* (- 18) ?x1600)))
 (let ((?x2435 (* (- 12) ?x745)))
 (let ((?x730 (* 36 ?x650)))
 (let ((?x1022 (+ ?x67 ?x74 ?x2257 ?x685 ?x730 ?x941 ?x2435 ?x750 ?x2266 ?x2268 ?x2093 (* (- 6) (* z00 y!2)) (* (- 36) (* y00 y!2)) ?x2085 (* 3 (* z00 z00 y!2)) ?x2098 ?x2101 ?x1756 ?x2115 ?x2103 ?x1716 ?x1667 ?x392 ?x1312 ?x2558 ?x1040 ?x2578 ?x1517)))
 (let (($x1622 (= ?x1022 0)))
 (let ((?x1531 (* (- 12) ?x1427)))
 (let ((?x1359 (* z00 z00 y!2)))
 (let ((?x1802 (* (- 1) ?x770)))
 (let ((?x652 (* 24 ?x650)))
 (let ((?x850 (* (- 6) ?x556)))
 (let ((?x2044 (+ ?x67 ?x74 ?x850 ?x1799 ?x652 ?x2435 ?x1802 (* 6 (* z00 y!2)) (* (- 12) (* y00 y!2)) ?x1268 ?x1359 ?x1531 ?x1080 ?x1756 ?x2115 ?x1667 ?x392 ?x395 ?x1040)))
 (let (($x2058 (= ?x2044 0)))
 (let (($x639 (and $x2572 $x2309 $x913 $x2058 $x1622 $x552 $x679)))
 (let ((?x2105 (* y!2 z00 y00)))
 (let ((?x2248 (* x!3 z00)))
 (let ((?x1468 (* 18 ?x2248)))
 (let ((?x1204 (* z!1 z00)))
 (let ((?x2087 (* (- 6) ?x1204)))
 (let ((?x2511 (* z!1 z00 y00)))
 (let ((?x2458 (* y!2 z!1 z00)))
 (let ((?x1950 (* (- 1) ?x2458)))
 (let ((?x605 (+ ?x2761 (* 3 (* z!1 z00 z00)) ?x1950 (* 6 (* y!2 z00 z00)) (* (- 1) (* y!2 y!2 z!1)) (* 36 (* y!2 z!1)) ?x2511 ?x2257 ?x1517 (* (- 54) (* z!1 y00)) ?x685 (* 36 (* x!3 z!1)) ?x2087 ?x1799 ?x1591 ?x2262 (* (- 36) (* z!1 x00)) (* (- 60) (* y!2 y00)) (* 3 (* x!3 z00 z00)) (* 12 (* y!2 z00)) ?x750 ?x2266 (* (- 3) (* z!1 z00 x00)) ?x1468 ?x2105 (* 3 (* x!3 z!1 z00)) (* (- 2) (* y!2 y!2 z00)) (* (- 18) (* y!2 x00)) ?x2268 (* (- 18) (* x!3 y00)) (* (- 1) (* y!2 z!1 y00)) (* 2 (* z!1 y00 y00)) (* (- 2) (* z!1 z!1 z00)) (* (- 2) (* y!2 z!1 z!1)) ?x2151 (* (- 1) (* z!1 z!1 y00)))))
 (let ((?x557 (* 18 ?x556)))
 (let ((?x455 (* z!1 y00)))
 (let ((?x1196 (* (- 12) ?x455)))
 (let ((?x558 (* y!2 z!1)))
 (let ((?x559 (* (- 6) ?x558)))
 (let ((?x1495 (* 12 ?x415)))
 (let ((?x1784 (* z!1 z00 z00)))
 (let ((?x635 (* (- 108) x00)))
 (let ((?x508 (* (- 1) ?x55)))
 (let ((?x1387 (* (- 144) y00)))
 (let ((?x1431 (* (- 36) z00)))
 (let ((?x1782 (* 108 x!3)))
 (let ((?x1684 (+ ?x1782 (* 144 y!2) (* 36 z!1) ?x1431 ?x1387 (* (- 6) ?x1131) ?x508 ?x635 ?x1784 ?x1495 ?x559 ?x1196 ?x557 ?x2087)))
 (let ((?x486 (* (- 12) y00)))
 (let ((?x485 (* (- 6) z00)))
 (let (($x1148 (= (+ (* 12 y!2) (* 6 z!1) ?x485 ?x486 (* (- 1) ?x1131) ?x415) 0)))
 (let ((?x2502 (* y!2 z00 z00)))
 (let ((?x854 (+ ?x1784 ?x1950 ?x2502 (* 6 ?x558) ?x2511 (* (- 24) ?x455) (* 18 (* x!3 z!1)) ?x1799 ?x1531 ?x652 (* (- 18) (* z!1 x00)) (* (- 12) (* y!2 y00)) (* 18 (* y!2 z00)) ?x1802 ?x1468 (* (- 1) (* z!1 z!1 z00)))))
 (let ((?x1397 (+ (* x!3 y!2 y!2 z!1) (* 6 (* x!3 y!2 y!2 n00)) (* (- 12) (* x!3 y!2 z!1 n!0)) (* y!2 z!1 z!1 z!1) (* (- 12) (* y!2 y!2 z!1 n!0)) (* (- 6) (* x!3 y!2 y!2 n!0)) (* (- 6) (* y!2 z!1 z!1 n!0)) (* 12 (* y!2 y!2 z!1 n00)) (* 6 (* y!2 z!1 z!1 n00)) (* 2 (* y!2 y!2 z!1 z!1)) (* 6 (* x!3 z!1 z!1 n00)) (* 6 (* y!2 y!2 y!2 n00)) (* (- 6) (* x!3 z!1 z!1 n!0)) (* (- 6) (* y!2 y!2 y!2 n!0)) (* 12 (* x!3 y!2 z!1 n00)) (* (- 1) (* x!3 y!2 y!2 z00)) (* (- 1) (* y!2 y!2 y!2 z00)) (* (- 2) (* x!3 y!2 z!1 z00)) (* (- 2) (* y!2 y!2 z!1 z00)) (* (- 1) (* x!3 z!1 z!1 z00)) (* (- 1) (* y!2 z!1 z!1 z00)) (* x!3 z!1 z!1 z!1) (* y!2 y!2 y!2 z!1) (* 2 (* x!3 y!2 z!1 z!1)))))
 (let ((?x810 (* 36 (* x!3 z00 y00))))
 (let ((?x2004 (* (- 216) (* x!3 x00))))
 (let ((?x1011 (* (- 12) (* y!2 y!2 y00))))
 (let ((?x2529 (* x!3 y00)))
 (let ((?x1053 (* (- 216) ?x2529)))
 (let ((?x712 (* y!2 y!2 z00)))
 (let ((?x464 (* (- 6) ?x712)))
 (let ((?x836 (* (- 36) ?x2248)))
 (let ((?x954 (* x!3 z00 z00)))
 (let ((?x1527 (* 18 ?x954)))
 (let ((?x1772 (* (- 2) (* x!3 z00 z00 z00))))
 (let ((?x1858 (* y!2 y!2 z00 z00)))
 (let ((?x2430 (+ ?x966 (* 10 ?x1784) (* (- 12) ?x2458) (* 28 ?x2502) (* (- 12) (* y!2 y!2 z!1)) ?x1858 (* (- 3) (* y!2 z00 z00 z00)) (* 156 ?x558) (* 18 ?x2511) ?x527 ?x2132 (* (- 120) ?x455) ?x974 (* 108 (* x!3 z!1)) ?x1772 (* (- 24) ?x1204) ?x576 ?x2124 ?x1132 (* (- 108) (* z!1 x00)) (* (- 336) (* y!2 y00)) ?x1527 (* (- 60) (* y!2 z00)) ?x831 ?x1333 ?x836 (* 54 ?x2105) ?x866 ?x1253 ?x2455 ?x464 (* (- 324) (* y!2 x00)) ?x1232 ?x1053 (* (- 24) (* y!2 z!1 y00)) ?x1096 ?x1011 ?x1182 ?x2004 ?x1272 ?x1276 ?x810 ?x1379 (* (- 6) (* z!1 z!1 z00)) (* (- 12) (* y!2 z!1 z!1)) ?x2381 (* (- 12) (* z!1 z!1 y00)) (* 2 (* y!2 z!1 z00 z00)) (* z!1 z!1 z00 z00) (* (- 1) (* z!1 z00 z00 z00)))))
 (let (($x1140 (= (+ z!1 (* (- 6) n!0) (* (- 1) z00) (* 6 n00)) 0)))
 (let (($x2479 (or (not $x1140) (not (= ?x2430 0)) (not (= ?x1397 0)) (not (= ?x854 0)) (not $x1148) (not (= ?x1684 0)) (not (= ?x605 0)))))
 (let ((?x2310 (+ (* 10 ?x2502) ?x1858 (* (- 1) (* y!2 z00 z00 z00)) ?x527 ?x1181 ?x974 ?x1772 ?x576 ?x2033 ?x1132 (* (- 120) (* y!2 y00)) ?x1527 (* (- 24) (* y!2 z00)) ?x831 ?x1333 ?x836 (* 18 ?x2105) ?x866 ?x1253 ?x2455 ?x464 (* (- 108) (* y!2 x00)) ?x1232 ?x1053 ?x1096 ?x1011 ?x1182 ?x2004 ?x1272 ?x1276 ?x810 ?x1379)))
 (let ((?x2246 (* y!2 z!1 y00)))
 (let ((?x961 (* 3 ?x960)))
 (let ((?x1023 (* 3 ?x770)))
 (let ((?x757 (* (- 1) ?x750)))
 (let ((?x708 (* z!1 x00)))
 (let ((?x1226 (* 18 ?x708)))
 (let ((?x943 (* (- 36) ?x650)))
 (let ((?x1728 (* x!3 z!1)))
 (let ((?x2163 (* (- 18) ?x1728)))
 (let ((?x1737 (* 12 ?x455)))
 (let ((?x506 (* (- 18) ?x505)))
 (let ((?x2510 (* (- 12) ?x558)))
 (let ((?x1125 (* y!2 y!2 z!1)))
 (let ((?x578 (* (- 72) y00)))
 (let ((?x1783 (* 72 y!2)))
 (let ((?x852 (+ ?x1782 ?x1783 ?x578 ?x635 (* (- 3) ?x2502) ?x1125 ?x2510 ?x506 (* (- 18) ?x2818) ?x1737 ?x850 ?x2163 ?x943 ?x1226 (* 36 (* y!2 y00)) (* (- 3) ?x954) (* 6 (* y!2 z00)) ?x757 ?x1023 (* 3 (* z!1 z00 x00)) (* (- 1) ?x2105) (* (- 3) (* x!3 z!1 z00)) (* 2 ?x712) (* 18 (* y!2 x00)) ?x961 (* 18 ?x2529) ?x2246 (* (- 2) (* z!1 y00 y00)))))
 (let ((?x2810 (+ ?x1782 ?x1783 ?x578 ?x635 ?x2458 (* (- 1) ?x2502) ?x2510 (* (- 1) ?x2511) ?x1737 ?x685 ?x2163 ?x621 ?x1591 ?x668 ?x1226 (* 12 (* y!2 y00)) (* (- 6) (* y!2 z00)) ?x770 (* (- 18) ?x2248))))
 (let ((?x519 (* 6 ?x415)))
 (let (($x461 (= (+ ?x1782 ?x1783 ?x578 ?x508 ?x635 ?x1784 ?x519 ?x559 ?x1196 ?x557 ?x2087) 0)))
 (let (($x2405 (and $x1140 $x1148 $x461 (= ?x2810 0) (= ?x852 0) (= ?x2310 0) $x2479)))
 (let (($x1786 (exists ((x Int) (y Int) (z Int) (n Int) )(! (let ((?x2139 (* z z y00)))
 (let ((?x2279 (* (- 1) ?x2139)))
 (let ((?x2009 (* z z z)))
 (let ((?x2277 (* (- 1) ?x2009)))
 (let ((?x2008 (* y z z)))
 (let ((?x2276 (* (- 2) ?x2008)))
 (let ((?x1736 (* z z z00)))
 (let ((?x2273 (* (- 2) ?x1736)))
 (let ((?x1034 (* z y00 y00)))
 (let ((?x1035 (* 2 ?x1034)))
 (let ((?x1020 (* y z y00)))
 (let ((?x2270 (* (- 1) ?x1020)))
 (let ((?x990 (* x y00)))
 (let ((?x2269 (* (- 18) ?x990)))
 (let ((?x960 (* z00 z00 x00)))
 (let ((?x2268 (* (- 3) ?x960)))
 (let ((?x918 (* y y z00)))
 (let ((?x2267 (* (- 2) ?x918)))
 (let ((?x892 (* x z z00)))
 (let ((?x893 (* 3 ?x892)))
 (let ((?x807 (* y z00 y00)))
 (let ((?x781 (* x z00)))
 (let ((?x782 (* 18 ?x781)))
 (let ((?x770 (* z00 z00 y00)))
 (let ((?x2266 (* (- 3) ?x770)))
 (let ((?x750 (* z00 y00 y00)))
 (let ((?x718 (* y z00)))
 (let ((?x2265 (* 12 ?x718)))
 (let ((?x696 (* x z00 z00)))
 (let ((?x697 (* 3 ?x696)))
 (let ((?x688 (* y y00)))
 (let ((?x2264 (* (- 60) ?x688)))
 (let ((?x650 (* y00 y00)))
 (let ((?x2262 (* 48 ?x650)))
 (let ((?x624 (* y y)))
 (let ((?x625 (* 12 ?x624)))
 (let ((?x619 (* z00 x00)))
 (let ((?x1799 (* (- 18) ?x619)))
 (let ((?x591 (* z z00)))
 (let ((?x604 (* (- 6) ?x591)))
 (let ((?x562 (* x z)))
 (let ((?x2260 (* 36 ?x562)))
 (let ((?x556 (* z00 y00)))
 (let ((?x685 (* 6 ?x556)))
 (let ((?x524 (* x y)))
 (let ((?x526 (* 18 ?x524)))
 (let ((?x505 (* y00 x00)))
 (let ((?x2257 (* 18 ?x505)))
 (let ((?x501 (* z z00 y00)))
 (let ((?x499 (* y z)))
 (let ((?x2256 (* 36 ?x499)))
 (let ((?x135 (* y y z)))
 (let ((?x2255 (* (- 1) ?x135)))
 (let ((?x105 (* y z00 z00)))
 (let ((?x2254 (* 6 ?x105)))
 (let ((?x103 (* y z z00)))
 (let ((?x1798 (* (- 1) ?x103)))
 (let ((?x76 (* z z00 z00)))
 (let ((?x2212 (* 3 ?x76)))
 (let ((?x50 (* z z)))
 (let ((?x2030 (* 6 ?x50)))
 (let ((?x925 (+ ?x2030 ?x2212 ?x1798 ?x2254 ?x2255 ?x2256 ?x501 ?x2257 ?x526 (* (- 54) (* z y00)) ?x685 ?x2260 ?x604 ?x1799 ?x625 ?x2262 (* (- 36) (* z x00)) ?x2264 ?x697 ?x2265 ?x750 ?x2266 (* (- 3) (* z z00 x00)) ?x782 ?x807 ?x893 ?x2267 (* (- 18) (* y x00)) ?x2268 ?x2269 ?x2270 ?x1035 ?x2273 ?x2276 ?x2277 ?x2279)))
 (let ((?x557 (* 18 ?x556)))
 (let ((?x530 (* z y00)))
 (let ((?x543 (* (- 12) ?x530)))
 (let ((?x500 (* (- 6) ?x499)))
 (let ((?x415 (* z00 z00)))
 (let ((?x1495 (* 12 ?x415)))
 (let ((?x635 (* (- 108) x00)))
 (let ((?x55 (* z00 z00 z00)))
 (let ((?x508 (* (- 1) ?x55)))
 (let ((?x969 (* (- 6) ?x50)))
 (let ((?x1387 (* (- 144) y00)))
 (let ((?x1431 (* (- 36) z00)))
 (let ((?x64 (* 108 x)))
 (let ((?x808 (+ ?x64 (* 144 y) (* 36 z) ?x1431 ?x1387 ?x969 ?x508 ?x635 ?x76 ?x1495 ?x500 ?x543 ?x557 ?x604)))
 (let ((?x487 (* (- 1) ?x50)))
 (let ((?x486 (* (- 12) y00)))
 (let ((?x485 (* (- 6) z00)))
 (let ((?x46 (* 6 z)))
 (let ((?x45 (* 12 y)))
 (let (($x489 (= (+ ?x45 ?x46 ?x485 ?x486 ?x487 ?x415) 0)))
 (let (($x1249 (not $x489)))
 (let ((?x1807 (* (- 1) ?x1736)))
 (let ((?x1802 (* (- 1) ?x770)))
 (let ((?x1693 (* 18 ?x718)))
 (let ((?x1801 (* (- 12) ?x688)))
 (let ((?x652 (* 24 ?x650)))
 (let ((?x1800 (* (- 12) ?x624)))
 (let ((?x564 (* 18 ?x562)))
 (let ((?x2213 (+ ?x76 ?x1798 ?x105 (* 6 ?x499) ?x501 (* (- 24) ?x530) ?x564 ?x1799 ?x1800 ?x652 (* (- 18) (* z x00)) ?x1801 ?x1693 ?x1802 ?x782 ?x1807)))
 (let ((?x2005 (+ (* x y y z) (* 6 (* x y y n00)) (* (- 12) (* x y z n)) (* y z z z) (* (- 12) (* y y z n)) (* (- 6) (* x y y n)) (* (- 6) (* y z z n)) (* 12 (* y y z n00)) (* 6 (* y z z n00)) (* 2 (* y y z z)) (* 6 (* x z z n00)) (* 6 (* y y y n00)) (* (- 6) (* x z z n)) (* (- 6) (* y y y n)) (* 12 (* x y z n00)) (* (- 1) (* x y y z00)) (* (- 1) (* y y y z00)) (* (- 2) (* x y z z00)) (* (- 2) (* y y z z00)) (* (- 1) (* x z z z00)) (* (- 1) (* y z z z00)) (* x z z z) (* y y y z) (* 2 (* x y z z)))))
 (let ((?x2816 (* (- 1) (* z z00 z00 z00))))
 (let ((?x2690 (* z z z00 z00)))
 (let ((?x2699 (* 2 (* y z z00 z00))))
 (let ((?x2481 (* (- 12) ?x2139)))
 (let ((?x2175 (* (- 4) ?x2009)))
 (let ((?x2184 (* (- 12) ?x2008)))
 (let ((?x2410 (* (- 6) ?x1736)))
 (let ((?x1379 (* 108 (* x00 x00))))
 (let ((?x1372 (* 36 (* x z00 y00))))
 (let ((?x1276 (* 2 (* z00 z00 z00 x00))))
 (let ((?x1272 (* z00 z00 z00 y00)))
 (let ((?x1259 (* (- 216) (* x x00))))
 (let ((?x1182 (* (- 36) (* z00 y00 x00))))
 (let ((?x1156 (* (- 12) (* y y y00))))
 (let ((?x1096 (* 16 (* y00 y00 y00))))
 (let ((?x2496 (* (- 24) ?x1020)))
 (let ((?x1299 (* (- 216) ?x990)))
 (let ((?x1232 (* (- 18) ?x960)))
 (let ((?x956 (* y x00)))
 (let ((?x2632 (* (- 324) ?x956)))
 (let ((?x1119 (* (- 6) ?x918)))
 (let ((?x939 (* (- 4) (* y y y))))
 (let ((?x891 (* 108 (* x x))))
 (let ((?x866 (* (- 1) (* z00 z00 y00 y00))))
 (let ((?x1358 (* (- 36) ?x781)))
 (let ((?x1333 (* (- 10) ?x770)))
 (let ((?x831 (* (- 12) ?x750)))
 (let ((?x2764 (* (- 60) ?x718)))
 (let ((?x769 (* 18 ?x696)))
 (let ((?x2680 (* (- 336) ?x688)))
 (let ((?x681 (* z x00)))
 (let ((?x2561 (* (- 108) ?x681)))
 (let ((?x1132 (* 96 ?x650)))
 (let ((?x1979 (* 240 ?x624)))
 (let ((?x576 (* 36 ?x619)))
 (let ((?x2357 (* (- 24) ?x591)))
 (let ((?x701 (* (- 2) (* x z00 z00 z00))))
 (let ((?x1093 (* 108 ?x562)))
 (let ((?x974 (* 24 ?x556)))
 (let ((?x2319 (* (- 120) ?x530)))
 (let ((?x527 (* 216 ?x505)))
 (let ((?x212 (* y z00 z00 z00)))
 (let ((?x2823 (* (- 3) ?x212)))
 (let ((?x201 (* y y z00 z00)))
 (let ((?x2183 (* (- 12) ?x135)))
 (let ((?x2796 (* 28 ?x105)))
 (let ((?x2425 (* (- 12) ?x103)))
 (let ((?x2783 (* 10 ?x76)))
 (let ((?x1902 (* 24 ?x50)))
 (let ((?x1049 (+ ?x1902 ?x2783 ?x2425 ?x2796 ?x2183 ?x201 ?x2823 (* 156 ?x499) (* 18 ?x501) ?x527 (* 324 ?x524) ?x2319 ?x974 ?x1093 ?x701 ?x2357 ?x576 ?x1979 ?x1132 ?x2561 ?x2680 ?x769 ?x2764 ?x831 ?x1333 ?x1358 (* 54 ?x807) ?x866 ?x891 ?x939 ?x1119 ?x2632 ?x1232 ?x1299 ?x2496 ?x1096 ?x1156 ?x1182 ?x1259 ?x1272 ?x1276 ?x1372 ?x1379 ?x2410 ?x2184 ?x2175 ?x2481 ?x2699 ?x2690 ?x2816)))
 (let (($x407 (= (+ z (* (- 6) n) (* (- 1) z00) (* 6 n00)) 0)))
 (let (($x921 (not $x407)))
 (let (($x391 (or $x921 (not (= ?x1049 0)) (not (= ?x2005 0)) (not (= ?x2213 0)) $x1249 (not (= ?x808 0)) (not (= ?x925 0)))))
 (let ((?x879 (* 24 ?x624)))
 (let ((?x1399 (+ (* 10 ?x105) ?x201 (* (- 1) ?x212) ?x527 (* 108 ?x524) ?x974 ?x701 ?x576 ?x879 ?x1132 (* (- 120) ?x688) ?x769 (* (- 24) ?x718) ?x831 ?x1333 ?x1358 (* 18 ?x807) ?x866 ?x891 ?x939 ?x1119 (* (- 108) ?x956) ?x1232 ?x1299 ?x1096 ?x1156 ?x1182 ?x1259 ?x1272 ?x1276 ?x1372 ?x1379)))
 (let (($x1404 (= ?x1399 0)))
 (let ((?x961 (* 3 ?x960)))
 (let ((?x1023 (* 3 ?x770)))
 (let ((?x757 (* (- 1) ?x750)))
 (let ((?x682 (* 18 ?x681)))
 (let ((?x943 (* (- 36) ?x650)))
 (let ((?x593 (* (- 18) ?x562)))
 (let ((?x850 (* (- 6) ?x556)))
 (let ((?x531 (* 12 ?x530)))
 (let ((?x506 (* (- 18) ?x505)))
 (let ((?x528 (* (- 12) ?x499)))
 (let ((?x578 (* (- 72) y00)))
 (let ((?x71 (* 72 y)))
 (let ((?x1079 (+ ?x64 ?x71 ?x578 ?x635 (* (- 3) ?x105) ?x135 ?x528 ?x506 (* (- 18) ?x524) ?x531 ?x850 ?x593 ?x943 ?x682 (* 36 ?x688) (* (- 3) ?x696) (* 6 ?x718) ?x757 ?x1023 (* 3 (* z z00 x00)) (* (- 1) ?x807) (* (- 3) ?x892) (* 2 ?x918) (* 18 ?x956) ?x961 (* 18 ?x990) ?x1020 (* (- 2) ?x1034))))
 (let (($x1086 (= ?x1079 0)))
 (let ((?x668 (* (- 24) ?x650)))
 (let ((?x621 (* 18 ?x619)))
 (let ((?x824 (+ ?x64 ?x71 ?x578 ?x635 ?x103 (* (- 1) ?x105) ?x528 (* (- 1) ?x501) ?x531 ?x685 ?x593 ?x621 ?x625 ?x668 ?x682 (* 12 ?x688) (* (- 6) ?x718) ?x770 (* (- 18) ?x781))))
 (let (($x829 (= ?x824 0)))
 (let ((?x519 (* 6 ?x415)))
 (let (($x656 (= (+ ?x64 ?x71 ?x578 ?x508 ?x635 ?x76 ?x519 ?x500 ?x543 ?x557 ?x604) 0)))
 (and $x407 $x489 $x656 $x829 $x1086 $x1404 $x391))))))))))))))))))))))))))))))))))))))))))))))))))))))))))))))))))))))))))))))))))))))))))))))))))))))))))))))))))))))))))))))))))))))))))))))))))))))))))))))))))))))))) :qid k!44))
 ))
 (let (($x726 (exists ((x Int) (y Int) (z Int) (n Int) )(! (let ((?x74 (* 108 x00)))
 (let ((?x2718 (* (- 72) z)))
 (let ((?x67 (* 72 y00)))
 (let ((?x2127 (* (- 180) y)))
 (let ((?x885 (* (- 108) x)))
 (let ((?x1511 (* y00 z00)))
 (let ((?x1749 (* (- 18) ?x1511)))
 (let ((?x1668 (+ 6 z)))
 (let ((?x2051 (* y00 ?x1668)))
 (let ((?x583 (* 12 ?x2051)))
 (let ((?x415 (* z00 z00)))
 (let ((?x612 (* (- 6) ?x415)))
 (let ((?x55 (* z00 z00 z00)))
 (let ((?x1930 (+ (* 6 (* ?x1668 (+ y z))) ?x55 ?x612 ?x583 ?x1749 ?x885 ?x2127 ?x67 (* 6 (* z00 ?x1668)) ?x2718 ?x74 (* (- 1) (* z00 z00 ?x1668)))))
 (let ((?x388 (* (- 6) n00)))
 (let ((?x33 (* 6 n)))
 (let ((?x367 (* (- 1) z)))
 (let ((?x1764 (+ ?x367 z00 ?x33 ?x388)))
 (let ((?x237 (+ x y)))
 (let ((?x223 (+ y z)))
 (let (($x1995 (not (= (* ?x223 ?x223 ?x237 ?x1764) 0))))
 (let ((?x99 (* y00 z00 z00)))
 (let ((?x1692 (* (- 3) ?x99)))
 (let ((?x1729 (* x00 z00 z00)))
 (let ((?x1460 (* (- 3) ?x1729)))
 (let ((?x1530 (* x00 ?x1668)))
 (let ((?x2053 (* (- 18) ?x1530)))
 (let ((?x650 (* y00 y00)))
 (let ((?x730 (* 36 ?x650)))
 (let ((?x982 (* ?x1668 ?x223)))
 (let ((?x1755 (* 12 ?x982)))
 (let ((?x1859 (* z00 ?x223)))
 (let ((?x1546 (* (- 6) ?x1859)))
 (let ((?x813 (* 6 ?x1511)))
 (let ((?x2419 (* (- 12) ?x2051)))
 (let ((?x1781 (* y00 z00 ?x223)))
 (let ((?x113 (* y00 y00 z00)))
 (let ((?x1891 (* ?x1668 ?x237)))
 (let ((?x2122 (* 18 ?x1891)))
 (let ((?x1153 (* x00 y00)))
 (let ((?x1161 (* 18 ?x1153)))
 (let ((?x715 (+ ?x1161 (* 18 (* ?x223 ?x237)) ?x2122 (* 3 (* z00 z00 ?x237)) ?x113 (* (- 3) (* x00 z00 ?x1668)) ?x1781 ?x2419 ?x813 (* (- 36) (* y00 ?x223)) ?x1546 ?x1755 (* 3 (* z00 ?x1668 ?x237)) (* (- 2) (* z00 ?x223 ?x223)) ?x730 ?x2053 (* (- 1) (* ?x1668 ?x223 ?x223)) (* (- 18) (* x00 ?x223)) ?x1460 ?x885 ?x2127 ?x67 (* (- 18) (* y00 ?x237)) ?x2718 ?x74 (* (- 1) (* y00 ?x1668 ?x223)) ?x1692 (* 2 (* y00 y00 ?x1668)) (* 3 (* z00 z00 ?x223)))))
 (let (($x2710 (= (+ z (* (- 1) z00) (* (- 6) n) (* 6 n00)) 0)))
 (let ((?x485 (* (- 6) z00)))
 (let ((?x45 (* 12 y)))
 (let ((?x486 (* (- 12) y00)))
 (let (($x1757 (= (+ ?x415 ?x486 ?x45 (* 18 z) ?x485 (* (- 1) (* ?x1668 ?x1668))) (- 36))))
 (let ((?x504 (* z00 z00 ?x223)))
 (let ((?x2108 (* (- 1) ?x99)))
 (let ((?x1860 (* 6 ?x1859)))
 (let ((?x2727 (* (- 6) ?x1511)))
 (let ((?x652 (* 24 ?x650)))
 (let ((?x1671 (* x00 z00)))
 (let ((?x2070 (* (- 18) ?x1671)))
 (let ((?x1710 (* y00 z00 ?x1668)))
 (let ((?x2335 (+ ?x1710 ?x1755 ?x2122 ?x2070 (* (- 12) (* ?x223 ?x223)) ?x652 ?x2053 ?x2419 ?x2727 (* (- 12) (* y00 ?x223)) ?x885 ?x2127 ?x67 ?x1860 ?x2718 ?x74 ?x2108 (* 18 (* z00 ?x237)) (* (- 1) (* z00 ?x1668 ?x223)) ?x504)))
 (let ((?x1379 (* 108 (* x00 x00))))
 (let ((?x1987 (* (- 10) ?x99)))
 (let ((?x1414 (* 2 (* x00 z00 z00 z00))))
 (let ((?x196 (* y00 z00 z00 z00)))
 (let ((?x1134 (* (- 18) ?x1729)))
 (let ((?x1223 (* (- 36) (* x00 y00 z00))))
 (let ((?x1132 (* 96 ?x650)))
 (let ((?x1096 (* 16 (* y00 y00 y00))))
 (let ((?x1280 (* 24 ?x1511)))
 (let ((?x161 (* y00 y00 z00 z00)))
 (let ((?x551 (* (- 1) ?x161)))
 (let ((?x599 (* (- 12) ?x113)))
 (let ((?x2733 (* 36 ?x1671)))
 (let ((?x1177 (* 216 ?x1153)))
 (let ((?x1389 (+ ?x1177 (* 108 (* ?x223 ?x237)) ?x2733 (* (- 2) (* z00 z00 z00 ?x237)) (* 18 (* z00 z00 ?x237)) ?x599 ?x551 (* 24 (* ?x223 ?x223)) (* 108 (* ?x237 ?x237)) (* (- 4) (* ?x223 ?x223 ?x223)) (* 18 ?x1781) ?x1280 (* (- 120) (* y00 ?x223)) (* (- 24) ?x1859) ?x1096 (* (- 6) (* z00 ?x223 ?x223)) ?x1132 (* (- 12) (* y00 ?x223 ?x223)) ?x1223 (* (- 108) (* x00 ?x223)) ?x1134 (* (- 216) (* x00 ?x237)) ?x196 ?x1414 (* (- 216) (* y00 ?x237)) (* z00 z00 ?x223 ?x223) ?x1987 (* (- 36) (* z00 ?x237)) (* 36 (* y00 z00 ?x237)) (* 10 ?x504) ?x1379 (* (- 1) (* z00 z00 z00 ?x223)))))
 (let (($x1107 (not (= ?x1389 0))))
 (let (($x1596 (or $x1107 (not (= ?x2335 0)) (not $x1757) (not $x2710) (not (= ?x715 0)) $x1995 (not (= ?x1930 0)))))
 (let ((?x939 (* (- 4) (* y y y))))
 (let ((?x891 (* 108 (* x x))))
 (let ((?x624 (* y y)))
 (let ((?x879 (* 24 ?x624)))
 (let ((?x1919 (* y x)))
 (let ((?x1920 (* 108 ?x1919)))
 (let ((?x2220 (+ ?x1177 ?x1920 ?x2733 (* (- 2) (* z00 z00 z00 x)) (* 18 (* z00 z00 x)) ?x599 ?x551 ?x879 ?x891 ?x939 (* 18 (* y00 z00 y)) ?x1280 (* (- 120) (* y00 y)) (* (- 24) (* z00 y)) ?x1096 (* (- 6) (* z00 y y)) ?x1132 (* (- 12) (* y00 y y)) ?x1223 (* (- 108) (* x00 y)) ?x1134 (* (- 216) (* x00 x)) ?x196 ?x1414 (* (- 216) (* y00 x)) (* z00 z00 y y) ?x1987 (* (- 36) (* z00 x)) (* 36 (* y00 z00 x)) (* 10 (* z00 z00 y)) ?x1379 (* (- 1) (* z00 z00 z00 y)))))
 (let (($x2223 (= ?x2220 0)))
 (let ((?x2488 (* (- 72) y)))
 (let ((?x2046 (* x00 y)))
 (let ((?x2278 (* (- 18) ?x2046)))
 (let ((?x1583 (* x00 z)))
 (let ((?x1806 (* (- 18) ?x1583)))
 (let ((?x1542 (* z y)))
 (let ((?x545 (* 12 ?x1542)))
 (let ((?x2204 (* z00 y)))
 (let ((?x2590 (* (- 6) ?x2204)))
 (let ((?x1230 (* y00 z)))
 (let ((?x1292 (* (- 12) ?x1230)))
 (let ((?x2477 (* y00 z00 y)))
 (let ((?x851 (* z x)))
 (let ((?x2076 (* 18 ?x851)))
 (let ((?x1843 (+ ?x1161 (* 18 ?x1919) ?x2076 (* 3 (* z00 z00 x)) ?x113 (* (- 3) (* x00 z00 z)) ?x2477 ?x1292 ?x813 (* (- 36) (* y00 y)) ?x2590 ?x545 (* 3 (* z00 z x)) (* (- 2) (* z00 y y)) ?x730 ?x1806 (* (- 1) (* z y y)) ?x2278 ?x1460 ?x885 ?x67 (* (- 18) (* y00 x)) ?x2488 ?x74 (* (- 1) (* y00 z y)) ?x1692 (* 2 (* y00 y00 z)) (* 3 (* z00 z00 y)))))
 (let ((?x2506 (* z00 z00 y)))
 (let ((?x432 (* 6 ?x2204)))
 (let ((?x1800 (* (- 12) ?x624)))
 (let ((?x1256 (* y00 z00 z)))
 (let ((?x525 (+ ?x1256 ?x545 ?x2076 ?x2070 ?x1800 ?x652 ?x1806 ?x1292 ?x2727 (* (- 12) (* y00 y)) ?x885 ?x67 ?x432 ?x2488 ?x74 ?x2108 (* 18 (* z00 x)) (* (- 1) (* z00 z y)) ?x2506)))
 (let ((?x1186 (* 12 ?x1230)))
 (let ((?x2498 (+ (* 6 ?x1542) ?x55 ?x612 ?x1186 ?x1749 ?x885 ?x67 (* 6 (* z00 z)) ?x2488 ?x74 (* (- 1) (* z00 z00 z)))))
 (let (($x1528 (= (+ ?x415 ?x486 ?x45 (* 6 z) ?x485 (* (- 1) (* z z))) 0)))
 (and $x2710 $x1528 (= ?x2498 0) (= ?x525 0) (= ?x1843 0) $x2223 $x1596))))))))))))))))))))))))))))))))))))))))))))))))))))))))))))))))))))))))))))))))))))))))))))))))))))))))) :qid k!44))
 ))
 (let ((?x1674 (lambda ((x Int) (y Int) (z Int) (n Int) )(let ((?x2139 (* z z y00)))
 (let ((?x2279 (* (- 1) ?x2139)))
 (let ((?x2009 (* z z z)))
 (let ((?x2277 (* (- 1) ?x2009)))
 (let ((?x2008 (* y z z)))
 (let ((?x2276 (* (- 2) ?x2008)))
 (let ((?x1736 (* z z z00)))
 (let ((?x2273 (* (- 2) ?x1736)))
 (let ((?x1034 (* z y00 y00)))
 (let ((?x1035 (* 2 ?x1034)))
 (let ((?x1020 (* y z y00)))
 (let ((?x2270 (* (- 1) ?x1020)))
 (let ((?x990 (* x y00)))
 (let ((?x2269 (* (- 18) ?x990)))
 (let ((?x960 (* z00 z00 x00)))
 (let ((?x2268 (* (- 3) ?x960)))
 (let ((?x918 (* y y z00)))
 (let ((?x2267 (* (- 2) ?x918)))
 (let ((?x892 (* x z z00)))
 (let ((?x893 (* 3 ?x892)))
 (let ((?x807 (* y z00 y00)))
 (let ((?x781 (* x z00)))
 (let ((?x782 (* 18 ?x781)))
 (let ((?x770 (* z00 z00 y00)))
 (let ((?x2266 (* (- 3) ?x770)))
 (let ((?x750 (* z00 y00 y00)))
 (let ((?x718 (* y z00)))
 (let ((?x2265 (* 12 ?x718)))
 (let ((?x696 (* x z00 z00)))
 (let ((?x697 (* 3 ?x696)))
 (let ((?x688 (* y y00)))
 (let ((?x2264 (* (- 60) ?x688)))
 (let ((?x650 (* y00 y00)))
 (let ((?x2262 (* 48 ?x650)))
 (let ((?x624 (* y y)))
 (let ((?x625 (* 12 ?x624)))
 (let ((?x619 (* z00 x00)))
 (let ((?x1799 (* (- 18) ?x619)))
 (let ((?x591 (* z z00)))
 (let ((?x604 (* (- 6) ?x591)))
 (let ((?x562 (* x z)))
 (let ((?x2260 (* 36 ?x562)))
 (let ((?x556 (* z00 y00)))
 (let ((?x685 (* 6 ?x556)))
 (let ((?x524 (* x y)))
 (let ((?x526 (* 18 ?x524)))
 (let ((?x505 (* y00 x00)))
 (let ((?x2257 (* 18 ?x505)))
 (let ((?x501 (* z z00 y00)))
 (let ((?x499 (* y z)))
 (let ((?x2256 (* 36 ?x499)))
 (let ((?x135 (* y y z)))
 (let ((?x2255 (* (- 1) ?x135)))
 (let ((?x105 (* y z00 z00)))
 (let ((?x2254 (* 6 ?x105)))
 (let ((?x103 (* y z z00)))
 (let ((?x1798 (* (- 1) ?x103)))
 (let ((?x76 (* z z00 z00)))
 (let ((?x2212 (* 3 ?x76)))
 (let ((?x50 (* z z)))
 (let ((?x2030 (* 6 ?x50)))
 (let ((?x925 (+ ?x2030 ?x2212 ?x1798 ?x2254 ?x2255 ?x2256 ?x501 ?x2257 ?x526 (* (- 54) (* z y00)) ?x685 ?x2260 ?x604 ?x1799 ?x625 ?x2262 (* (- 36) (* z x00)) ?x2264 ?x697 ?x2265 ?x750 ?x2266 (* (- 3) (* z z00 x00)) ?x782 ?x807 ?x893 ?x2267 (* (- 18) (* y x00)) ?x2268 ?x2269 ?x2270 ?x1035 ?x2273 ?x2276 ?x2277 ?x2279)))
 (let ((?x557 (* 18 ?x556)))
 (let ((?x530 (* z y00)))
 (let ((?x543 (* (- 12) ?x530)))
 (let ((?x500 (* (- 6) ?x499)))
 (let ((?x415 (* z00 z00)))
 (let ((?x1495 (* 12 ?x415)))
 (let ((?x635 (* (- 108) x00)))
 (let ((?x55 (* z00 z00 z00)))
 (let ((?x508 (* (- 1) ?x55)))
 (let ((?x969 (* (- 6) ?x50)))
 (let ((?x1387 (* (- 144) y00)))
 (let ((?x1431 (* (- 36) z00)))
 (let ((?x64 (* 108 x)))
 (let ((?x808 (+ ?x64 (* 144 y) (* 36 z) ?x1431 ?x1387 ?x969 ?x508 ?x635 ?x76 ?x1495 ?x500 ?x543 ?x557 ?x604)))
 (let ((?x487 (* (- 1) ?x50)))
 (let ((?x486 (* (- 12) y00)))
 (let ((?x485 (* (- 6) z00)))
 (let ((?x46 (* 6 z)))
 (let ((?x45 (* 12 y)))
 (let (($x489 (= (+ ?x45 ?x46 ?x485 ?x486 ?x487 ?x415) 0)))
 (let (($x1249 (not $x489)))
 (let ((?x1807 (* (- 1) ?x1736)))
 (let ((?x1802 (* (- 1) ?x770)))
 (let ((?x1693 (* 18 ?x718)))
 (let ((?x1801 (* (- 12) ?x688)))
 (let ((?x652 (* 24 ?x650)))
 (let ((?x1800 (* (- 12) ?x624)))
 (let ((?x564 (* 18 ?x562)))
 (let ((?x2213 (+ ?x76 ?x1798 ?x105 (* 6 ?x499) ?x501 (* (- 24) ?x530) ?x564 ?x1799 ?x1800 ?x652 (* (- 18) (* z x00)) ?x1801 ?x1693 ?x1802 ?x782 ?x1807)))
 (let ((?x2005 (+ (* x y y z) (* 6 (* x y y n00)) (* (- 12) (* x y z n)) (* y z z z) (* (- 12) (* y y z n)) (* (- 6) (* x y y n)) (* (- 6) (* y z z n)) (* 12 (* y y z n00)) (* 6 (* y z z n00)) (* 2 (* y y z z)) (* 6 (* x z z n00)) (* 6 (* y y y n00)) (* (- 6) (* x z z n)) (* (- 6) (* y y y n)) (* 12 (* x y z n00)) (* (- 1) (* x y y z00)) (* (- 1) (* y y y z00)) (* (- 2) (* x y z z00)) (* (- 2) (* y y z z00)) (* (- 1) (* x z z z00)) (* (- 1) (* y z z z00)) (* x z z z) (* y y y z) (* 2 (* x y z z)))))
 (let ((?x2816 (* (- 1) (* z z00 z00 z00))))
 (let ((?x2690 (* z z z00 z00)))
 (let ((?x2699 (* 2 (* y z z00 z00))))
 (let ((?x2481 (* (- 12) ?x2139)))
 (let ((?x2175 (* (- 4) ?x2009)))
 (let ((?x2184 (* (- 12) ?x2008)))
 (let ((?x2410 (* (- 6) ?x1736)))
 (let ((?x1379 (* 108 (* x00 x00))))
 (let ((?x1372 (* 36 (* x z00 y00))))
 (let ((?x1276 (* 2 (* z00 z00 z00 x00))))
 (let ((?x1272 (* z00 z00 z00 y00)))
 (let ((?x1259 (* (- 216) (* x x00))))
 (let ((?x1182 (* (- 36) (* z00 y00 x00))))
 (let ((?x1156 (* (- 12) (* y y y00))))
 (let ((?x1096 (* 16 (* y00 y00 y00))))
 (let ((?x2496 (* (- 24) ?x1020)))
 (let ((?x1299 (* (- 216) ?x990)))
 (let ((?x1232 (* (- 18) ?x960)))
 (let ((?x956 (* y x00)))
 (let ((?x2632 (* (- 324) ?x956)))
 (let ((?x1119 (* (- 6) ?x918)))
 (let ((?x939 (* (- 4) (* y y y))))
 (let ((?x891 (* 108 (* x x))))
 (let ((?x866 (* (- 1) (* z00 z00 y00 y00))))
 (let ((?x1358 (* (- 36) ?x781)))
 (let ((?x1333 (* (- 10) ?x770)))
 (let ((?x831 (* (- 12) ?x750)))
 (let ((?x2764 (* (- 60) ?x718)))
 (let ((?x769 (* 18 ?x696)))
 (let ((?x2680 (* (- 336) ?x688)))
 (let ((?x681 (* z x00)))
 (let ((?x2561 (* (- 108) ?x681)))
 (let ((?x1132 (* 96 ?x650)))
 (let ((?x1979 (* 240 ?x624)))
 (let ((?x576 (* 36 ?x619)))
 (let ((?x2357 (* (- 24) ?x591)))
 (let ((?x701 (* (- 2) (* x z00 z00 z00))))
 (let ((?x1093 (* 108 ?x562)))
 (let ((?x974 (* 24 ?x556)))
 (let ((?x2319 (* (- 120) ?x530)))
 (let ((?x527 (* 216 ?x505)))
 (let ((?x212 (* y z00 z00 z00)))
 (let ((?x2823 (* (- 3) ?x212)))
 (let ((?x201 (* y y z00 z00)))
 (let ((?x2183 (* (- 12) ?x135)))
 (let ((?x2796 (* 28 ?x105)))
 (let ((?x2425 (* (- 12) ?x103)))
 (let ((?x2783 (* 10 ?x76)))
 (let ((?x1902 (* 24 ?x50)))
 (let ((?x1049 (+ ?x1902 ?x2783 ?x2425 ?x2796 ?x2183 ?x201 ?x2823 (* 156 ?x499) (* 18 ?x501) ?x527 (* 324 ?x524) ?x2319 ?x974 ?x1093 ?x701 ?x2357 ?x576 ?x1979 ?x1132 ?x2561 ?x2680 ?x769 ?x2764 ?x831 ?x1333 ?x1358 (* 54 ?x807) ?x866 ?x891 ?x939 ?x1119 ?x2632 ?x1232 ?x1299 ?x2496 ?x1096 ?x1156 ?x1182 ?x1259 ?x1272 ?x1276 ?x1372 ?x1379 ?x2410 ?x2184 ?x2175 ?x2481 ?x2699 ?x2690 ?x2816)))
 (let (($x407 (= (+ z (* (- 6) n) (* (- 1) z00) (* 6 n00)) 0)))
 (let (($x921 (not $x407)))
 (let (($x391 (or $x921 (not (= ?x1049 0)) (not (= ?x2005 0)) (not (= ?x2213 0)) $x1249 (not (= ?x808 0)) (not (= ?x925 0)))))
 (let ((?x879 (* 24 ?x624)))
 (let ((?x1399 (+ (* 10 ?x105) ?x201 (* (- 1) ?x212) ?x527 (* 108 ?x524) ?x974 ?x701 ?x576 ?x879 ?x1132 (* (- 120) ?x688) ?x769 (* (- 24) ?x718) ?x831 ?x1333 ?x1358 (* 18 ?x807) ?x866 ?x891 ?x939 ?x1119 (* (- 108) ?x956) ?x1232 ?x1299 ?x1096 ?x1156 ?x1182 ?x1259 ?x1272 ?x1276 ?x1372 ?x1379)))
 (let (($x1404 (= ?x1399 0)))
 (let ((?x961 (* 3 ?x960)))
 (let ((?x1023 (* 3 ?x770)))
 (let ((?x757 (* (- 1) ?x750)))
 (let ((?x682 (* 18 ?x681)))
 (let ((?x943 (* (- 36) ?x650)))
 (let ((?x593 (* (- 18) ?x562)))
 (let ((?x850 (* (- 6) ?x556)))
 (let ((?x531 (* 12 ?x530)))
 (let ((?x506 (* (- 18) ?x505)))
 (let ((?x528 (* (- 12) ?x499)))
 (let ((?x578 (* (- 72) y00)))
 (let ((?x71 (* 72 y)))
 (let ((?x1079 (+ ?x64 ?x71 ?x578 ?x635 (* (- 3) ?x105) ?x135 ?x528 ?x506 (* (- 18) ?x524) ?x531 ?x850 ?x593 ?x943 ?x682 (* 36 ?x688) (* (- 3) ?x696) (* 6 ?x718) ?x757 ?x1023 (* 3 (* z z00 x00)) (* (- 1) ?x807) (* (- 3) ?x892) (* 2 ?x918) (* 18 ?x956) ?x961 (* 18 ?x990) ?x1020 (* (- 2) ?x1034))))
 (let (($x1086 (= ?x1079 0)))
 (let ((?x668 (* (- 24) ?x650)))
 (let ((?x621 (* 18 ?x619)))
 (let ((?x824 (+ ?x64 ?x71 ?x578 ?x635 ?x103 (* (- 1) ?x105) ?x528 (* (- 1) ?x501) ?x531 ?x685 ?x593 ?x621 ?x625 ?x668 ?x682 (* 12 ?x688) (* (- 6) ?x718) ?x770 (* (- 18) ?x781))))
 (let (($x829 (= ?x824 0)))
 (let ((?x519 (* 6 ?x415)))
 (let (($x656 (= (+ ?x64 ?x71 ?x578 ?x508 ?x635 ?x76 ?x519 ?x500 ?x543 ?x557 ?x604) 0)))
 (let (($x1075 (and $x407 $x489 $x656 $x829 $x1086 $x1404 $x391)))
 (let ((?x74 (* 108 x00)))
 (let ((?x2718 (* (- 72) z)))
 (let ((?x67 (* 72 y00)))
 (let ((?x2127 (* (- 180) y)))
 (let ((?x885 (* (- 108) x)))
 (let ((?x1511 (* y00 z00)))
 (let ((?x1749 (* (- 18) ?x1511)))
 (let ((?x1668 (+ 6 z)))
 (let ((?x2051 (* y00 ?x1668)))
 (let ((?x583 (* 12 ?x2051)))
 (let ((?x612 (* (- 6) ?x415)))
 (let ((?x1930 (+ (* 6 (* ?x1668 (+ y z))) ?x55 ?x612 ?x583 ?x1749 ?x885 ?x2127 ?x67 (* 6 (* z00 ?x1668)) ?x2718 ?x74 (* (- 1) (* z00 z00 ?x1668)))))
 (let ((?x388 (* (- 6) n00)))
 (let ((?x33 (* 6 n)))
 (let ((?x367 (* (- 1) z)))
 (let ((?x1764 (+ ?x367 z00 ?x33 ?x388)))
 (let ((?x237 (+ x y)))
 (let ((?x223 (+ y z)))
 (let (($x1995 (not (= (* ?x223 ?x223 ?x237 ?x1764) 0))))
 (let ((?x99 (* y00 z00 z00)))
 (let ((?x1692 (* (- 3) ?x99)))
 (let ((?x1729 (* x00 z00 z00)))
 (let ((?x1460 (* (- 3) ?x1729)))
 (let ((?x1530 (* x00 ?x1668)))
 (let ((?x2053 (* (- 18) ?x1530)))
 (let ((?x730 (* 36 ?x650)))
 (let ((?x982 (* ?x1668 ?x223)))
 (let ((?x1755 (* 12 ?x982)))
 (let ((?x1859 (* z00 ?x223)))
 (let ((?x1546 (* (- 6) ?x1859)))
 (let ((?x813 (* 6 ?x1511)))
 (let ((?x2419 (* (- 12) ?x2051)))
 (let ((?x1781 (* y00 z00 ?x223)))
 (let ((?x113 (* y00 y00 z00)))
 (let ((?x1891 (* ?x1668 ?x237)))
 (let ((?x2122 (* 18 ?x1891)))
 (let ((?x1153 (* x00 y00)))
 (let ((?x1161 (* 18 ?x1153)))
 (let ((?x715 (+ ?x1161 (* 18 (* ?x223 ?x237)) ?x2122 (* 3 (* z00 z00 ?x237)) ?x113 (* (- 3) (* x00 z00 ?x1668)) ?x1781 ?x2419 ?x813 (* (- 36) (* y00 ?x223)) ?x1546 ?x1755 (* 3 (* z00 ?x1668 ?x237)) (* (- 2) (* z00 ?x223 ?x223)) ?x730 ?x2053 (* (- 1) (* ?x1668 ?x223 ?x223)) (* (- 18) (* x00 ?x223)) ?x1460 ?x885 ?x2127 ?x67 (* (- 18) (* y00 ?x237)) ?x2718 ?x74 (* (- 1) (* y00 ?x1668 ?x223)) ?x1692 (* 2 (* y00 y00 ?x1668)) (* 3 (* z00 z00 ?x223)))))
 (let (($x2710 (= (+ z (* (- 1) z00) (* (- 6) n) (* 6 n00)) 0)))
 (let (($x1757 (= (+ ?x415 ?x486 ?x45 (* 18 z) ?x485 (* (- 1) (* ?x1668 ?x1668))) (- 36))))
 (let ((?x504 (* z00 z00 ?x223)))
 (let ((?x2108 (* (- 1) ?x99)))
 (let ((?x1860 (* 6 ?x1859)))
 (let ((?x2727 (* (- 6) ?x1511)))
 (let ((?x1671 (* x00 z00)))
 (let ((?x2070 (* (- 18) ?x1671)))
 (let ((?x1710 (* y00 z00 ?x1668)))
 (let ((?x2335 (+ ?x1710 ?x1755 ?x2122 ?x2070 (* (- 12) (* ?x223 ?x223)) ?x652 ?x2053 ?x2419 ?x2727 (* (- 12) (* y00 ?x223)) ?x885 ?x2127 ?x67 ?x1860 ?x2718 ?x74 ?x2108 (* 18 (* z00 ?x237)) (* (- 1) (* z00 ?x1668 ?x223)) ?x504)))
 (let ((?x1987 (* (- 10) ?x99)))
 (let ((?x1414 (* 2 (* x00 z00 z00 z00))))
 (let ((?x196 (* y00 z00 z00 z00)))
 (let ((?x1134 (* (- 18) ?x1729)))
 (let ((?x1223 (* (- 36) (* x00 y00 z00))))
 (let ((?x1280 (* 24 ?x1511)))
 (let ((?x161 (* y00 y00 z00 z00)))
 (let ((?x551 (* (- 1) ?x161)))
 (let ((?x599 (* (- 12) ?x113)))
 (let ((?x2733 (* 36 ?x1671)))
 (let ((?x1177 (* 216 ?x1153)))
 (let ((?x1389 (+ ?x1177 (* 108 (* ?x223 ?x237)) ?x2733 (* (- 2) (* z00 z00 z00 ?x237)) (* 18 (* z00 z00 ?x237)) ?x599 ?x551 (* 24 (* ?x223 ?x223)) (* 108 (* ?x237 ?x237)) (* (- 4) (* ?x223 ?x223 ?x223)) (* 18 ?x1781) ?x1280 (* (- 120) (* y00 ?x223)) (* (- 24) ?x1859) ?x1096 (* (- 6) (* z00 ?x223 ?x223)) ?x1132 (* (- 12) (* y00 ?x223 ?x223)) ?x1223 (* (- 108) (* x00 ?x223)) ?x1134 (* (- 216) (* x00 ?x237)) ?x196 ?x1414 (* (- 216) (* y00 ?x237)) (* z00 z00 ?x223 ?x223) ?x1987 (* (- 36) (* z00 ?x237)) (* 36 (* y00 z00 ?x237)) (* 10 ?x504) ?x1379 (* (- 1) (* z00 z00 z00 ?x223)))))
 (let (($x1107 (not (= ?x1389 0))))
 (let (($x1596 (or $x1107 (not (= ?x2335 0)) (not $x1757) (not $x2710) (not (= ?x715 0)) $x1995 (not (= ?x1930 0)))))
 (let ((?x1919 (* y x)))
 (let ((?x1920 (* 108 ?x1919)))
 (let ((?x2220 (+ ?x1177 ?x1920 ?x2733 (* (- 2) (* z00 z00 z00 x)) (* 18 (* z00 z00 x)) ?x599 ?x551 ?x879 ?x891 ?x939 (* 18 (* y00 z00 y)) ?x1280 (* (- 120) (* y00 y)) (* (- 24) (* z00 y)) ?x1096 (* (- 6) (* z00 y y)) ?x1132 (* (- 12) (* y00 y y)) ?x1223 (* (- 108) (* x00 y)) ?x1134 (* (- 216) (* x00 x)) ?x196 ?x1414 (* (- 216) (* y00 x)) (* z00 z00 y y) ?x1987 (* (- 36) (* z00 x)) (* 36 (* y00 z00 x)) (* 10 (* z00 z00 y)) ?x1379 (* (- 1) (* z00 z00 z00 y)))))
 (let (($x2223 (= ?x2220 0)))
 (let ((?x2488 (* (- 72) y)))
 (let ((?x2046 (* x00 y)))
 (let ((?x2278 (* (- 18) ?x2046)))
 (let ((?x1583 (* x00 z)))
 (let ((?x1806 (* (- 18) ?x1583)))
 (let ((?x1542 (* z y)))
 (let ((?x545 (* 12 ?x1542)))
 (let ((?x2204 (* z00 y)))
 (let ((?x2590 (* (- 6) ?x2204)))
 (let ((?x1230 (* y00 z)))
 (let ((?x1292 (* (- 12) ?x1230)))
 (let ((?x2477 (* y00 z00 y)))
 (let ((?x851 (* z x)))
 (let ((?x2076 (* 18 ?x851)))
 (let ((?x1843 (+ ?x1161 (* 18 ?x1919) ?x2076 (* 3 (* z00 z00 x)) ?x113 (* (- 3) (* x00 z00 z)) ?x2477 ?x1292 ?x813 (* (- 36) (* y00 y)) ?x2590 ?x545 (* 3 (* z00 z x)) (* (- 2) (* z00 y y)) ?x730 ?x1806 (* (- 1) (* z y y)) ?x2278 ?x1460 ?x885 ?x67 (* (- 18) (* y00 x)) ?x2488 ?x74 (* (- 1) (* y00 z y)) ?x1692 (* 2 (* y00 y00 z)) (* 3 (* z00 z00 y)))))
 (let ((?x2506 (* z00 z00 y)))
 (let ((?x432 (* 6 ?x2204)))
 (let ((?x1256 (* y00 z00 z)))
 (let ((?x525 (+ ?x1256 ?x545 ?x2076 ?x2070 ?x1800 ?x652 ?x1806 ?x1292 ?x2727 (* (- 12) (* y00 y)) ?x885 ?x67 ?x432 ?x2488 ?x74 ?x2108 (* 18 (* z00 x)) (* (- 1) (* z00 z y)) ?x2506)))
 (let ((?x1186 (* 12 ?x1230)))
 (let ((?x2498 (+ (* 6 ?x1542) ?x55 ?x612 ?x1186 ?x1749 ?x885 ?x67 (* 6 (* z00 z)) ?x2488 ?x74 (* (- 1) (* z00 z00 z)))))
 (let (($x1956 (and $x2710 (= (+ ?x415 ?x486 ?x45 ?x46 ?x485 ?x487) 0) (= ?x2498 0) (= ?x525 0) (= ?x1843 0) $x2223 $x1596)))
 (rewrite (= $x1956 $x1075)))))))))))))))))))))))))))))))))))))))))))))))))))))))))))))))))))))))))))))))))))))))))))))))))))))))))))))))))))))))))))))))))))))))))))))))))))))))))))))))))))))))))))))))))))))))))))))))))))))))))))))))))))))))))))))))))))))))))))))))))))))))))))))))))))))
 ))
 (let (($x1111 (exists ((x Int) (y Int) (z Int) (n Int) )(! (let ((?x388 (* (- 6) n00)))
 (let ((?x33 (* 6 n)))
 (let ((?x367 (* (- 1) z)))
 (let ((?x1764 (+ ?x367 z00 ?x33 ?x388)))
 (let ((?x237 (+ x y)))
 (let ((?x223 (+ y z)))
 (let (($x1995 (not (= (* ?x223 ?x223 ?x237 ?x1764) 0))))
 (let ((?x1668 (+ 6 z)))
 (let ((?x582 (* ?x1668 ?x1668)))
 (let ((?x49 (* 6 z00)))
 (let ((?x2648 (* (- 12) y)))
 (let ((?x43 (* 12 y00)))
 (let ((?x415 (* z00 z00)))
 (let ((?x2780 (* (- 1) ?x415)))
 (let ((?x1601 (* z00 ?x1668 ?x223)))
 (let ((?x99 (* y00 z00 z00)))
 (let ((?x635 (* (- 108) x00)))
 (let ((?x1447 (* 72 z)))
 (let ((?x1859 (* z00 ?x223)))
 (let ((?x1546 (* (- 6) ?x1859)))
 (let ((?x578 (* (- 72) y00)))
 (let ((?x1455 (* 180 y)))
 (let ((?x64 (* 108 x)))
 (let ((?x1511 (* y00 z00)))
 (let ((?x813 (* 6 ?x1511)))
 (let ((?x2051 (* y00 ?x1668)))
 (let ((?x583 (* 12 ?x2051)))
 (let ((?x1530 (* x00 ?x1668)))
 (let ((?x1533 (* 18 ?x1530)))
 (let ((?x650 (* y00 y00)))
 (let ((?x668 (* (- 24) ?x650)))
 (let ((?x1671 (* x00 z00)))
 (let ((?x1603 (* 18 ?x1671)))
 (let ((?x1891 (* ?x1668 ?x237)))
 (let ((?x2000 (* (- 18) ?x1891)))
 (let ((?x982 (* ?x1668 ?x223)))
 (let ((?x2415 (* (- 12) ?x982)))
 (let ((?x2433 (+ (* (- 1) (* y00 z00 ?x1668)) ?x2415 ?x2000 ?x1603 (* 12 (* ?x223 ?x223)) ?x668 ?x1533 ?x583 ?x813 (* 12 (* y00 ?x223)) ?x64 ?x1455 ?x578 ?x1546 ?x1447 ?x635 ?x99 (* (- 18) (* z00 ?x237)) ?x1601 (* (- 1) (* z00 z00 ?x223)))))
 (let ((?x1379 (* 108 (* x00 x00))))
 (let ((?x1987 (* (- 10) ?x99)))
 (let ((?x1414 (* 2 (* x00 z00 z00 z00))))
 (let ((?x196 (* y00 z00 z00 z00)))
 (let ((?x1729 (* x00 z00 z00)))
 (let ((?x1134 (* (- 18) ?x1729)))
 (let ((?x1223 (* (- 36) (* x00 y00 z00))))
 (let ((?x1132 (* 96 ?x650)))
 (let ((?x1096 (* 16 (* y00 y00 y00))))
 (let ((?x1280 (* 24 ?x1511)))
 (let ((?x161 (* y00 y00 z00 z00)))
 (let ((?x551 (* (- 1) ?x161)))
 (let ((?x113 (* y00 y00 z00)))
 (let ((?x599 (* (- 12) ?x113)))
 (let ((?x2733 (* 36 ?x1671)))
 (let ((?x1153 (* x00 y00)))
 (let ((?x1177 (* 216 ?x1153)))
 (let ((?x1389 (+ ?x1177 (* 108 (* ?x223 ?x237)) ?x2733 (* (- 2) (* z00 z00 z00 ?x237)) (* 18 (* z00 z00 ?x237)) ?x599 ?x551 (* 24 (* ?x223 ?x223)) (* 108 (* ?x237 ?x237)) (* (- 4) (* ?x223 ?x223 ?x223)) (* 18 (* y00 z00 ?x223)) ?x1280 (* (- 120) (* y00 ?x223)) (* (- 24) ?x1859) ?x1096 (* (- 6) (* z00 ?x223 ?x223)) ?x1132 (* (- 12) (* y00 ?x223 ?x223)) ?x1223 (* (- 108) (* x00 ?x223)) ?x1134 (* (- 216) (* x00 ?x237)) ?x196 ?x1414 (* (- 216) (* y00 ?x237)) (* z00 z00 ?x223 ?x223) ?x1987 (* (- 36) (* z00 ?x237)) (* 36 (* y00 z00 ?x237)) (* 10 (* z00 z00 ?x223)) ?x1379 (* (- 1) (* z00 z00 z00 ?x223)))))
 (let (($x1107 (not (= ?x1389 0))))
 (let ((?x1952 (* 3 ?x99)))
 (let ((?x1238 (* y00 ?x1668 ?x223)))
 (let ((?x1730 (* 3 ?x1729)))
 (let ((?x958 (* ?x1668 ?x223 ?x223)))
 (let ((?x943 (* (- 36) ?x650)))
 (let ((?x1860 (* 6 ?x1859)))
 (let ((?x2727 (* (- 6) ?x1511)))
 (let ((?x2225 (* (- 1) ?x113)))
 (let ((?x628 (* (- 18) ?x1153)))
 (let ((?x1289 (+ ?x628 (* (- 18) (* ?x223 ?x237)) ?x2000 (* (- 3) (* z00 z00 ?x237)) ?x2225 (* 3 (* x00 z00 ?x1668)) (* (- 1) (* y00 z00 ?x223)) ?x583 ?x2727 (* 36 (* y00 ?x223)) ?x1860 ?x2415 (* (- 3) (* z00 ?x1668 ?x237)) (* 2 (* z00 ?x223 ?x223)) ?x943 ?x1533 ?x958 (* 18 (* x00 ?x223)) ?x1730 ?x64 ?x1455 ?x578 (* 18 (* y00 ?x237)) ?x1447 ?x635 ?x1238 ?x1952 (* (- 2) (* y00 y00 ?x1668)) (* (- 3) (* z00 z00 ?x223)))))
 (let ((?x1026 (* z00 z00 ?x1668)))
 (let ((?x2533 (* 18 ?x1511)))
 (let ((?x2419 (* (- 12) ?x2051)))
 (let ((?x519 (* 6 ?x415)))
 (let ((?x55 (* z00 z00 z00)))
 (let ((?x508 (* (- 1) ?x55)))
 (let ((?x1590 (+ (* (- 6) ?x982) ?x508 ?x519 ?x2419 ?x2533 ?x64 ?x1455 ?x578 (* (- 6) (* z00 ?x1668)) ?x1447 ?x635 ?x1026)))
 (let (($x2660 (or (not (= ?x1590 0)) (not (= ?x1289 0)) (not (= ?x1764 0)) $x1107 (not (= ?x2433 0)) (not (= (+ ?x2780 ?x43 ?x2648 (* (- 18) z) ?x49 ?x582) 36)) $x1995)))
 (let ((?x939 (* (- 4) (* y y y))))
 (let ((?x891 (* 108 (* x x))))
 (let ((?x624 (* y y)))
 (let ((?x879 (* 24 ?x624)))
 (let ((?x1919 (* y x)))
 (let ((?x1920 (* 108 ?x1919)))
 (let ((?x2220 (+ ?x1177 ?x1920 ?x2733 (* (- 2) (* z00 z00 z00 x)) (* 18 (* z00 z00 x)) ?x599 ?x551 ?x879 ?x891 ?x939 (* 18 (* y00 z00 y)) ?x1280 (* (- 120) (* y00 y)) (* (- 24) (* z00 y)) ?x1096 (* (- 6) (* z00 y y)) ?x1132 (* (- 12) (* y00 y y)) ?x1223 (* (- 108) (* x00 y)) ?x1134 (* (- 216) (* x00 x)) ?x196 ?x1414 (* (- 216) (* y00 x)) (* z00 z00 y y) ?x1987 (* (- 36) (* z00 x)) (* 36 (* y00 z00 x)) (* 10 (* z00 z00 y)) ?x1379 (* (- 1) (* z00 z00 z00 y)))))
 (let (($x2223 (= ?x2220 0)))
 (let ((?x1895 (* y00 z y)))
 (let ((?x71 (* 72 y)))
 (let ((?x1613 (* z y y)))
 (let ((?x1583 (* x00 z)))
 (let ((?x1816 (* 18 ?x1583)))
 (let ((?x1542 (* z y)))
 (let ((?x1804 (* (- 12) ?x1542)))
 (let ((?x2204 (* z00 y)))
 (let ((?x432 (* 6 ?x2204)))
 (let ((?x1230 (* y00 z)))
 (let ((?x1186 (* 12 ?x1230)))
 (let ((?x851 (* z x)))
 (let ((?x2739 (* (- 18) ?x851)))
 (let ((?x1484 (+ ?x628 (* (- 18) ?x1919) ?x2739 (* (- 3) (* z00 z00 x)) ?x2225 (* 3 (* x00 z00 z)) (* (- 1) (* y00 z00 y)) ?x1186 ?x2727 (* 36 (* y00 y)) ?x432 ?x1804 (* (- 3) (* z00 z x)) (* 2 (* z00 y y)) ?x943 ?x1816 ?x1613 (* 18 (* x00 y)) ?x1730 ?x64 ?x578 (* 18 (* y00 x)) ?x71 ?x635 ?x1895 ?x1952 (* (- 2) (* y00 y00 z)) (* (- 3) (* z00 z00 y)))))
 (let ((?x2497 (* z00 z y)))
 (let ((?x2590 (* (- 6) ?x2204)))
 (let ((?x625 (* 12 ?x624)))
 (let ((?x608 (+ (* (- 1) (* y00 z00 z)) ?x1804 ?x2739 ?x1603 ?x625 ?x668 ?x1816 ?x1186 ?x813 (* 12 (* y00 y)) ?x64 ?x578 ?x2590 ?x71 ?x635 ?x99 (* (- 18) (* z00 x)) ?x2497 (* (- 1) (* z00 z00 y)))))
 (let ((?x1475 (* z00 z00 z)))
 (let ((?x1292 (* (- 12) ?x1230)))
 (let ((?x728 (+ (* (- 6) ?x1542) ?x508 ?x519 ?x1292 ?x2533 ?x64 ?x578 (* (- 6) (* z00 z)) ?x71 ?x635 ?x1475)))
 (let (($x1167 (= ?x1764 0)))
 (and $x1167 (= (+ ?x2780 ?x43 ?x2648 (* (- 6) z) ?x49 (* z z)) 0) (= ?x728 0) (= ?x608 0) (= ?x1484 0) $x2223 $x2660)))))))))))))))))))))))))))))))))))))))))))))))))))))))))))))))))))))))))))))))))))))))))))))))))))))))))) :qid k!44))
 ))
 (let ((?x2152 (lambda ((x Int) (y Int) (z Int) (n Int) )(let ((?x74 (* 108 x00)))
 (let ((?x2718 (* (- 72) z)))
 (let ((?x67 (* 72 y00)))
 (let ((?x2127 (* (- 180) y)))
 (let ((?x885 (* (- 108) x)))
 (let ((?x1511 (* y00 z00)))
 (let ((?x1749 (* (- 18) ?x1511)))
 (let ((?x1668 (+ 6 z)))
 (let ((?x2051 (* y00 ?x1668)))
 (let ((?x583 (* 12 ?x2051)))
 (let ((?x415 (* z00 z00)))
 (let ((?x612 (* (- 6) ?x415)))
 (let ((?x55 (* z00 z00 z00)))
 (let ((?x1930 (+ (* 6 (* ?x1668 (+ y z))) ?x55 ?x612 ?x583 ?x1749 ?x885 ?x2127 ?x67 (* 6 (* z00 ?x1668)) ?x2718 ?x74 (* (- 1) (* z00 z00 ?x1668)))))
 (let ((?x388 (* (- 6) n00)))
 (let ((?x33 (* 6 n)))
 (let ((?x367 (* (- 1) z)))
 (let ((?x1764 (+ ?x367 z00 ?x33 ?x388)))
 (let ((?x237 (+ x y)))
 (let ((?x223 (+ y z)))
 (let (($x1995 (not (= (* ?x223 ?x223 ?x237 ?x1764) 0))))
 (let ((?x99 (* y00 z00 z00)))
 (let ((?x1692 (* (- 3) ?x99)))
 (let ((?x1729 (* x00 z00 z00)))
 (let ((?x1460 (* (- 3) ?x1729)))
 (let ((?x1530 (* x00 ?x1668)))
 (let ((?x2053 (* (- 18) ?x1530)))
 (let ((?x650 (* y00 y00)))
 (let ((?x730 (* 36 ?x650)))
 (let ((?x982 (* ?x1668 ?x223)))
 (let ((?x1755 (* 12 ?x982)))
 (let ((?x1859 (* z00 ?x223)))
 (let ((?x1546 (* (- 6) ?x1859)))
 (let ((?x813 (* 6 ?x1511)))
 (let ((?x2419 (* (- 12) ?x2051)))
 (let ((?x1781 (* y00 z00 ?x223)))
 (let ((?x113 (* y00 y00 z00)))
 (let ((?x1891 (* ?x1668 ?x237)))
 (let ((?x2122 (* 18 ?x1891)))
 (let ((?x1153 (* x00 y00)))
 (let ((?x1161 (* 18 ?x1153)))
 (let ((?x715 (+ ?x1161 (* 18 (* ?x223 ?x237)) ?x2122 (* 3 (* z00 z00 ?x237)) ?x113 (* (- 3) (* x00 z00 ?x1668)) ?x1781 ?x2419 ?x813 (* (- 36) (* y00 ?x223)) ?x1546 ?x1755 (* 3 (* z00 ?x1668 ?x237)) (* (- 2) (* z00 ?x223 ?x223)) ?x730 ?x2053 (* (- 1) (* ?x1668 ?x223 ?x223)) (* (- 18) (* x00 ?x223)) ?x1460 ?x885 ?x2127 ?x67 (* (- 18) (* y00 ?x237)) ?x2718 ?x74 (* (- 1) (* y00 ?x1668 ?x223)) ?x1692 (* 2 (* y00 y00 ?x1668)) (* 3 (* z00 z00 ?x223)))))
 (let (($x2710 (= (+ z (* (- 1) z00) (* (- 6) n) (* 6 n00)) 0)))
 (let ((?x485 (* (- 6) z00)))
 (let ((?x45 (* 12 y)))
 (let ((?x486 (* (- 12) y00)))
 (let (($x1757 (= (+ ?x415 ?x486 ?x45 (* 18 z) ?x485 (* (- 1) (* ?x1668 ?x1668))) (- 36))))
 (let ((?x504 (* z00 z00 ?x223)))
 (let ((?x2108 (* (- 1) ?x99)))
 (let ((?x1860 (* 6 ?x1859)))
 (let ((?x2727 (* (- 6) ?x1511)))
 (let ((?x652 (* 24 ?x650)))
 (let ((?x1671 (* x00 z00)))
 (let ((?x2070 (* (- 18) ?x1671)))
 (let ((?x1710 (* y00 z00 ?x1668)))
 (let ((?x2335 (+ ?x1710 ?x1755 ?x2122 ?x2070 (* (- 12) (* ?x223 ?x223)) ?x652 ?x2053 ?x2419 ?x2727 (* (- 12) (* y00 ?x223)) ?x885 ?x2127 ?x67 ?x1860 ?x2718 ?x74 ?x2108 (* 18 (* z00 ?x237)) (* (- 1) (* z00 ?x1668 ?x223)) ?x504)))
 (let ((?x1379 (* 108 (* x00 x00))))
 (let ((?x1987 (* (- 10) ?x99)))
 (let ((?x1414 (* 2 (* x00 z00 z00 z00))))
 (let ((?x196 (* y00 z00 z00 z00)))
 (let ((?x1134 (* (- 18) ?x1729)))
 (let ((?x1223 (* (- 36) (* x00 y00 z00))))
 (let ((?x1132 (* 96 ?x650)))
 (let ((?x1096 (* 16 (* y00 y00 y00))))
 (let ((?x1280 (* 24 ?x1511)))
 (let ((?x161 (* y00 y00 z00 z00)))
 (let ((?x551 (* (- 1) ?x161)))
 (let ((?x599 (* (- 12) ?x113)))
 (let ((?x2733 (* 36 ?x1671)))
 (let ((?x1177 (* 216 ?x1153)))
 (let ((?x1389 (+ ?x1177 (* 108 (* ?x223 ?x237)) ?x2733 (* (- 2) (* z00 z00 z00 ?x237)) (* 18 (* z00 z00 ?x237)) ?x599 ?x551 (* 24 (* ?x223 ?x223)) (* 108 (* ?x237 ?x237)) (* (- 4) (* ?x223 ?x223 ?x223)) (* 18 ?x1781) ?x1280 (* (- 120) (* y00 ?x223)) (* (- 24) ?x1859) ?x1096 (* (- 6) (* z00 ?x223 ?x223)) ?x1132 (* (- 12) (* y00 ?x223 ?x223)) ?x1223 (* (- 108) (* x00 ?x223)) ?x1134 (* (- 216) (* x00 ?x237)) ?x196 ?x1414 (* (- 216) (* y00 ?x237)) (* z00 z00 ?x223 ?x223) ?x1987 (* (- 36) (* z00 ?x237)) (* 36 (* y00 z00 ?x237)) (* 10 ?x504) ?x1379 (* (- 1) (* z00 z00 z00 ?x223)))))
 (let (($x1107 (not (= ?x1389 0))))
 (let (($x1596 (or $x1107 (not (= ?x2335 0)) (not $x1757) (not $x2710) (not (= ?x715 0)) $x1995 (not (= ?x1930 0)))))
 (let ((?x939 (* (- 4) (* y y y))))
 (let ((?x891 (* 108 (* x x))))
 (let ((?x624 (* y y)))
 (let ((?x879 (* 24 ?x624)))
 (let ((?x1919 (* y x)))
 (let ((?x1920 (* 108 ?x1919)))
 (let ((?x2220 (+ ?x1177 ?x1920 ?x2733 (* (- 2) (* z00 z00 z00 x)) (* 18 (* z00 z00 x)) ?x599 ?x551 ?x879 ?x891 ?x939 (* 18 (* y00 z00 y)) ?x1280 (* (- 120) (* y00 y)) (* (- 24) (* z00 y)) ?x1096 (* (- 6) (* z00 y y)) ?x1132 (* (- 12) (* y00 y y)) ?x1223 (* (- 108) (* x00 y)) ?x1134 (* (- 216) (* x00 x)) ?x196 ?x1414 (* (- 216) (* y00 x)) (* z00 z00 y y) ?x1987 (* (- 36) (* z00 x)) (* 36 (* y00 z00 x)) (* 10 (* z00 z00 y)) ?x1379 (* (- 1) (* z00 z00 z00 y)))))
 (let (($x2223 (= ?x2220 0)))
 (let ((?x2488 (* (- 72) y)))
 (let ((?x2046 (* x00 y)))
 (let ((?x2278 (* (- 18) ?x2046)))
 (let ((?x1583 (* x00 z)))
 (let ((?x1806 (* (- 18) ?x1583)))
 (let ((?x1542 (* z y)))
 (let ((?x545 (* 12 ?x1542)))
 (let ((?x2204 (* z00 y)))
 (let ((?x2590 (* (- 6) ?x2204)))
 (let ((?x1230 (* y00 z)))
 (let ((?x1292 (* (- 12) ?x1230)))
 (let ((?x2477 (* y00 z00 y)))
 (let ((?x851 (* z x)))
 (let ((?x2076 (* 18 ?x851)))
 (let ((?x1843 (+ ?x1161 (* 18 ?x1919) ?x2076 (* 3 (* z00 z00 x)) ?x113 (* (- 3) (* x00 z00 z)) ?x2477 ?x1292 ?x813 (* (- 36) (* y00 y)) ?x2590 ?x545 (* 3 (* z00 z x)) (* (- 2) (* z00 y y)) ?x730 ?x1806 (* (- 1) (* z y y)) ?x2278 ?x1460 ?x885 ?x67 (* (- 18) (* y00 x)) ?x2488 ?x74 (* (- 1) (* y00 z y)) ?x1692 (* 2 (* y00 y00 z)) (* 3 (* z00 z00 y)))))
 (let ((?x2506 (* z00 z00 y)))
 (let ((?x432 (* 6 ?x2204)))
 (let ((?x1800 (* (- 12) ?x624)))
 (let ((?x1256 (* y00 z00 z)))
 (let ((?x525 (+ ?x1256 ?x545 ?x2076 ?x2070 ?x1800 ?x652 ?x1806 ?x1292 ?x2727 (* (- 12) (* y00 y)) ?x885 ?x67 ?x432 ?x2488 ?x74 ?x2108 (* 18 (* z00 x)) (* (- 1) (* z00 z y)) ?x2506)))
 (let ((?x1186 (* 12 ?x1230)))
 (let ((?x2498 (+ (* 6 ?x1542) ?x55 ?x612 ?x1186 ?x1749 ?x885 ?x67 (* 6 (* z00 z)) ?x2488 ?x74 (* (- 1) (* z00 z00 z)))))
 (let (($x1528 (= (+ ?x415 ?x486 ?x45 (* 6 z) ?x485 (* (- 1) (* z z))) 0)))
 (let (($x1956 (and $x2710 $x1528 (= ?x2498 0) (= ?x525 0) (= ?x1843 0) $x2223 $x1596)))
 (let ((?x582 (* ?x1668 ?x1668)))
 (let ((?x49 (* 6 z00)))
 (let ((?x2648 (* (- 12) y)))
 (let ((?x43 (* 12 y00)))
 (let ((?x2780 (* (- 1) ?x415)))
 (let ((?x1601 (* z00 ?x1668 ?x223)))
 (let ((?x635 (* (- 108) x00)))
 (let ((?x1447 (* 72 z)))
 (let ((?x578 (* (- 72) y00)))
 (let ((?x1455 (* 180 y)))
 (let ((?x64 (* 108 x)))
 (let ((?x1533 (* 18 ?x1530)))
 (let ((?x668 (* (- 24) ?x650)))
 (let ((?x1603 (* 18 ?x1671)))
 (let ((?x2000 (* (- 18) ?x1891)))
 (let ((?x2415 (* (- 12) ?x982)))
 (let ((?x2433 (+ (* (- 1) ?x1710) ?x2415 ?x2000 ?x1603 (* 12 (* ?x223 ?x223)) ?x668 ?x1533 ?x583 ?x813 (* 12 (* y00 ?x223)) ?x64 ?x1455 ?x578 ?x1546 ?x1447 ?x635 ?x99 (* (- 18) (* z00 ?x237)) ?x1601 (* (- 1) ?x504))))
 (let ((?x1952 (* 3 ?x99)))
 (let ((?x1238 (* y00 ?x1668 ?x223)))
 (let ((?x1730 (* 3 ?x1729)))
 (let ((?x958 (* ?x1668 ?x223 ?x223)))
 (let ((?x943 (* (- 36) ?x650)))
 (let ((?x2225 (* (- 1) ?x113)))
 (let ((?x628 (* (- 18) ?x1153)))
 (let ((?x1289 (+ ?x628 (* (- 18) (* ?x223 ?x237)) ?x2000 (* (- 3) (* z00 z00 ?x237)) ?x2225 (* 3 (* x00 z00 ?x1668)) (* (- 1) ?x1781) ?x583 ?x2727 (* 36 (* y00 ?x223)) ?x1860 ?x2415 (* (- 3) (* z00 ?x1668 ?x237)) (* 2 (* z00 ?x223 ?x223)) ?x943 ?x1533 ?x958 (* 18 (* x00 ?x223)) ?x1730 ?x64 ?x1455 ?x578 (* 18 (* y00 ?x237)) ?x1447 ?x635 ?x1238 ?x1952 (* (- 2) (* y00 y00 ?x1668)) (* (- 3) ?x504))))
 (let ((?x1026 (* z00 z00 ?x1668)))
 (let ((?x2533 (* 18 ?x1511)))
 (let ((?x519 (* 6 ?x415)))
 (let ((?x508 (* (- 1) ?x55)))
 (let ((?x1590 (+ (* (- 6) ?x982) ?x508 ?x519 ?x2419 ?x2533 ?x64 ?x1455 ?x578 (* (- 6) (* z00 ?x1668)) ?x1447 ?x635 ?x1026)))
 (let (($x2660 (or (not (= ?x1590 0)) (not (= ?x1289 0)) (not (= ?x1764 0)) $x1107 (not (= ?x2433 0)) (not (= (+ ?x2780 ?x43 ?x2648 (* (- 18) z) ?x49 ?x582) 36)) $x1995)))
 (let ((?x1895 (* y00 z y)))
 (let ((?x71 (* 72 y)))
 (let ((?x1613 (* z y y)))
 (let ((?x1816 (* 18 ?x1583)))
 (let ((?x1804 (* (- 12) ?x1542)))
 (let ((?x2739 (* (- 18) ?x851)))
 (let ((?x1484 (+ ?x628 (* (- 18) ?x1919) ?x2739 (* (- 3) (* z00 z00 x)) ?x2225 (* 3 (* x00 z00 z)) (* (- 1) ?x2477) ?x1186 ?x2727 (* 36 (* y00 y)) ?x432 ?x1804 (* (- 3) (* z00 z x)) (* 2 (* z00 y y)) ?x943 ?x1816 ?x1613 (* 18 ?x2046) ?x1730 ?x64 ?x578 (* 18 (* y00 x)) ?x71 ?x635 ?x1895 ?x1952 (* (- 2) (* y00 y00 z)) (* (- 3) ?x2506))))
 (let ((?x2497 (* z00 z y)))
 (let ((?x625 (* 12 ?x624)))
 (let ((?x608 (+ (* (- 1) ?x1256) ?x1804 ?x2739 ?x1603 ?x625 ?x668 ?x1816 ?x1186 ?x813 (* 12 (* y00 y)) ?x64 ?x578 ?x2590 ?x71 ?x635 ?x99 (* (- 18) (* z00 x)) ?x2497 (* (- 1) ?x2506))))
 (let ((?x1475 (* z00 z00 z)))
 (let ((?x728 (+ (* (- 6) ?x1542) ?x508 ?x519 ?x1292 ?x2533 ?x64 ?x578 (* (- 6) (* z00 z)) ?x71 ?x635 ?x1475)))
 (let (($x1167 (= ?x1764 0)))
 (let (($x2222 (and $x1167 (= (+ ?x2780 ?x43 ?x2648 (* (- 6) z) ?x49 (* z z)) 0) (= ?x728 0) (= ?x608 0) (= ?x1484 0) $x2223 $x2660)))
 (rewrite (= $x2222 $x1956)))))))))))))))))))))))))))))))))))))))))))))))))))))))))))))))))))))))))))))))))))))))))))))))))))))))))))))))))))))))))))))))))))))))))))))))))))))))))
 ))
 (let (($x362 (exists ((x Int) (y Int) (z Int) (n Int) )(! (let ((?x36 (* 6 n00)))
 (let ((?x220 (- (+ (* (- 1) (+ z 6)) z00 (* 6 (+ n 1))) ?x36)))
 (let ((?x223 (+ y z)))
 (let ((?x237 (+ x y)))
 (let ((?x210 (* 108 x00 x00)))
 (let ((?x204 (* 10 y00 z00 z00)))
 (let ((?x197 (* 2 x00 z00 z00 z00)))
 (let ((?x196 (* y00 z00 z00 z00)))
 (let ((?x189 (* 18 x00 z00 z00)))
 (let ((?x187 (* 36 x00 y00 z00)))
 (let ((?x184 (* 96 y00 y00)))
 (let ((?x179 (* 16 y00 y00 y00)))
 (let ((?x171 (* 24 y00 z00)))
 (let ((?x161 (* y00 y00 z00 z00)))
 (let ((?x160 (* 12 y00 y00 z00)))
 (let ((?x313 (- (+ (* 216 x00 y00) (* 108 ?x237 ?x223) (* 36 x00 z00)) (* 2 ?x237 z00 z00 z00))))
 (let ((?x320 (+ (- (- (+ ?x313 (* 18 ?x237 z00 z00)) ?x160) ?x161) (* 24 ?x223 ?x223) (* 108 ?x237 ?x237))))
 (let ((?x324 (+ (- ?x320 (* 4 ?x223 ?x223 ?x223)) (* 18 ?x223 y00 z00) ?x171)))
 (let ((?x331 (- (+ (- (- ?x324 (* 120 ?x223 y00)) (* 24 ?x223 z00)) ?x179) (* 6 ?x223 ?x223 z00))))
 (let ((?x338 (- (- (- (+ ?x331 ?x184) (* 12 ?x223 ?x223 y00)) ?x187) (* 108 x00 ?x223))))
 (let ((?x343 (- (+ (- (- ?x338 ?x189) (* 216 ?x237 x00)) ?x196 ?x197) (* 216 ?x237 y00))))
 (let ((?x348 (- (- (+ ?x343 (* ?x223 ?x223 z00 z00)) ?x204) (* 36 ?x237 z00))))
 (let ((?x353 (- (+ ?x348 (* 36 ?x237 y00 z00) (* 10 ?x223 z00 z00) ?x210) (* ?x223 z00 z00 z00))))
 (let ((?x144 (* 3 y00 z00 z00)))
 (let ((?x74 (* 108 x00)))
 (let ((?x243 (* 72 ?x223)))
 (let ((?x67 (* 72 y00)))
 (let ((?x238 (* 108 ?x237)))
 (let ((?x137 (* 3 x00 z00 z00)))
 (let ((?x215 (+ z 6)))
 (let ((?x258 (* 18 x00 ?x215)))
 (let ((?x133 (* 36 y00 y00)))
 (let ((?x251 (* 12 ?x223 ?x215)))
 (let ((?x261 (* 6 ?x223 z00)))
 (let ((?x91 (* 6 y00 z00)))
 (let ((?x235 (* 12 y00 ?x215)))
 (let ((?x113 (* y00 y00 z00)))
 (let ((?x252 (* 18 ?x237 ?x215)))
 (let ((?x279 (- (- (- (* (- 18) x00 y00) (* 18 ?x237 ?x223)) ?x252) (* 3 ?x237 z00 z00))))
 (let ((?x284 (- (+ (- ?x279 ?x113) (* 3 x00 ?x215 z00)) (* ?x223 y00 z00))))
 (let ((?x291 (- (- (+ (- (+ ?x284 ?x235) ?x91) (* 36 ?x223 y00) ?x261) ?x251) (* 3 ?x237 ?x215 z00))))
 (let ((?x297 (+ (- (+ ?x291 (* 2 ?x223 ?x223 z00)) ?x133) ?x258 (* ?x223 ?x223 ?x215) (* 18 x00 ?x223) ?x137 ?x238)))
 (let ((?x303 (+ (- (+ (- ?x297 ?x67) (* 18 ?x237 y00) ?x243) ?x74) (* ?x223 y00 ?x215) ?x144)))
 (let (($x308 (= (- (- ?x303 (* 2 y00 y00 ?x215)) (* 3 ?x223 z00 z00)) 0)))
 (let ((?x99 (* y00 z00 z00)))
 (let ((?x88 (* 24 y00 y00)))
 (let ((?x84 (* 18 x00 z00)))
 (let ((?x256 (+ (- (- (* (- 1) y00 ?x215 z00) ?x251) ?x252) ?x84 (* 12 ?x223 ?x223))))
 (let ((?x262 (- (+ (- ?x256 ?x88) ?x258 ?x235 ?x91 (* 12 ?x223 y00) ?x238) ?x67)))
 (let ((?x270 (+ (- (+ (- (+ (- ?x262 ?x261) ?x243) ?x74) ?x99) (* 18 ?x237 z00)) (* ?x223 ?x215 z00))))
 (let ((?x62 (* 18 y00 z00)))
 (let ((?x57 (* 6 z00 z00)))
 (let ((?x236 (- (+ (- (* (- 6) ?x223 ?x215) (* z00 z00 z00)) ?x57) ?x235)))
 (let ((?x245 (- (+ (- (- (+ ?x236 ?x62 ?x238) ?x67) (* 6 ?x215 z00)) ?x243) ?x74)))
 (let ((?x49 (* 6 z00)))
 (let ((?x227 (- (- (+ (* (- 1) z00 z00) (* 12 y00)) (* 12 ?x223)) (* 6 ?x215))))
 (let (($x360 (or (not (= ?x220 0)) (not (= (+ ?x227 ?x49 (* ?x215 ?x215)) 0)) (not (= (+ ?x245 (* ?x215 z00 z00)) 0)) (not (= (- ?x270 (* ?x223 z00 z00)) 0)) (not $x308) (not (= ?x353 0)) (not (= (* 8 ?x237 ?x223 ?x223 ?x220) 0)))))
 (let ((?x212 (* y z00 z00 z00)))
 (let ((?x201 (* y y z00 z00)))
 (let ((?x157 (- (+ (* 216 x00 y00) (* 108 x y) (* 36 x00 z00)) (* 2 x z00 z00 z00))))
 (let ((?x166 (+ (- (- (+ ?x157 (* 18 x z00 z00)) ?x160) ?x161) (* 24 y y) (* 108 x x))))
 (let ((?x172 (+ (- ?x166 (* 4 y y y)) (* 18 y y00 z00) ?x171)))
 (let ((?x182 (- (+ (- (- ?x172 (* 120 y y00)) (* 24 y z00)) ?x179) (* 6 y y z00))))
 (let ((?x193 (- (- (- (+ ?x182 ?x184) (* 12 y y y00)) ?x187) (* 108 x00 y))))
 (let ((?x200 (- (+ (- (- ?x193 ?x189) (* 216 x x00)) ?x196 ?x197) (* 216 x y00))))
 (let ((?x211 (+ (- (- (+ ?x200 ?x201) ?x204) (* 36 x z00)) (* 36 x y00 z00) (* 10 y z00 z00) ?x210)))
 (let ((?x71 (* 72 y)))
 (let ((?x64 (* 108 x)))
 (let ((?x135 (* y y z)))
 (let ((?x90 (* 18 x00 z)))
 (let ((?x80 (* 12 y z)))
 (let ((?x94 (* 6 y z00)))
 (let ((?x59 (* 12 y00 z)))
 (let ((?x120 (* y y00 z00)))
 (let ((?x81 (* 18 x z)))
 (let ((?x116 (- (- (- (* (- 18) x00 y00) (* 18 x y)) ?x81) (* 3 x z00 z00))))
 (let ((?x123 (- (+ (- (+ (- ?x116 ?x113) (* 3 x00 z z00)) ?x120) ?x59) ?x91)))
 (let ((?x129 (- (- (+ ?x123 (* 36 y y00) ?x94) ?x80) (* 3 x z z00))))
 (let ((?x138 (+ (- (+ ?x129 (* 2 y y z00)) ?x133) ?x90 ?x135 (* 18 x00 y) ?x137 ?x64)))
 (let ((?x145 (+ (- (+ (- ?x138 ?x67) (* 18 x y00) ?x71) ?x74) (* y y00 z) ?x144)))
 (let (($x150 (= (- (- ?x145 (* 2 y00 y00 z)) (* 3 y z00 z00)) 0)))
 (let ((?x105 (* y z00 z00)))
 (let ((?x103 (* y z z00)))
 (let ((?x86 (+ (- (- (* (- 1) y00 z z00) ?x80) ?x81) ?x84 (* 12 y y))))
 (let ((?x95 (- (+ (- ?x86 ?x88) ?x90 ?x59 ?x91 (* 12 y y00) ?x64) ?x67)))
 (let ((?x104 (+ (- (+ (- (+ (- ?x95 ?x94) ?x71) ?x74) ?x99) (* 18 x z00)) ?x103)))
 (let ((?x76 (* z z00 z00)))
 (let ((?x60 (- (+ (- (* (- 6) y z) (* z00 z00 z00)) ?x57) ?x59)))
 (let ((?x75 (- (+ (- (- (+ ?x60 ?x62 ?x64) ?x67) (* 6 z z00)) ?x71) ?x74)))
 (let ((?x50 (* z z)))
 (let ((?x46 (* 6 z)))
 (let ((?x48 (- (- (+ (* (- 1) z00 z00) (* 12 y00)) (* 12 y)) ?x46)))
 (and (= (- (+ (* (- 1) z) z00 (* 6 n)) ?x36) 0) (= (+ ?x48 ?x49 ?x50) 0) (= (+ ?x75 ?x76) 0) (= (- ?x104 ?x105) 0) $x150 (= (- ?x211 ?x212) 0) $x360))))))))))))))))))))))))))))))))))))))))))))))))))))))))))))))))))))))))))))))))))))))))))))) :qid k!44))
 ))
 (let ((?x725 (lambda ((x Int) (y Int) (z Int) (n Int) )(let ((?x388 (* (- 6) n00)))
 (let ((?x33 (* 6 n)))
 (let ((?x367 (* (- 1) z)))
 (let ((?x1764 (+ ?x367 z00 ?x33 ?x388)))
 (let ((?x237 (+ x y)))
 (let ((?x223 (+ y z)))
 (let (($x1995 (not (= (* ?x223 ?x223 ?x237 ?x1764) 0))))
 (let ((?x1668 (+ 6 z)))
 (let ((?x582 (* ?x1668 ?x1668)))
 (let ((?x49 (* 6 z00)))
 (let ((?x2648 (* (- 12) y)))
 (let ((?x43 (* 12 y00)))
 (let ((?x415 (* z00 z00)))
 (let ((?x2780 (* (- 1) ?x415)))
 (let ((?x1601 (* z00 ?x1668 ?x223)))
 (let ((?x99 (* y00 z00 z00)))
 (let ((?x635 (* (- 108) x00)))
 (let ((?x1447 (* 72 z)))
 (let ((?x1859 (* z00 ?x223)))
 (let ((?x1546 (* (- 6) ?x1859)))
 (let ((?x578 (* (- 72) y00)))
 (let ((?x1455 (* 180 y)))
 (let ((?x64 (* 108 x)))
 (let ((?x1511 (* y00 z00)))
 (let ((?x813 (* 6 ?x1511)))
 (let ((?x2051 (* y00 ?x1668)))
 (let ((?x583 (* 12 ?x2051)))
 (let ((?x1530 (* x00 ?x1668)))
 (let ((?x1533 (* 18 ?x1530)))
 (let ((?x650 (* y00 y00)))
 (let ((?x668 (* (- 24) ?x650)))
 (let ((?x1671 (* x00 z00)))
 (let ((?x1603 (* 18 ?x1671)))
 (let ((?x1891 (* ?x1668 ?x237)))
 (let ((?x2000 (* (- 18) ?x1891)))
 (let ((?x982 (* ?x1668 ?x223)))
 (let ((?x2415 (* (- 12) ?x982)))
 (let ((?x2433 (+ (* (- 1) (* y00 z00 ?x1668)) ?x2415 ?x2000 ?x1603 (* 12 (* ?x223 ?x223)) ?x668 ?x1533 ?x583 ?x813 (* 12 (* y00 ?x223)) ?x64 ?x1455 ?x578 ?x1546 ?x1447 ?x635 ?x99 (* (- 18) (* z00 ?x237)) ?x1601 (* (- 1) (* z00 z00 ?x223)))))
 (let ((?x1379 (* 108 (* x00 x00))))
 (let ((?x1987 (* (- 10) ?x99)))
 (let ((?x1414 (* 2 (* x00 z00 z00 z00))))
 (let ((?x196 (* y00 z00 z00 z00)))
 (let ((?x1729 (* x00 z00 z00)))
 (let ((?x1134 (* (- 18) ?x1729)))
 (let ((?x1223 (* (- 36) (* x00 y00 z00))))
 (let ((?x1132 (* 96 ?x650)))
 (let ((?x1096 (* 16 (* y00 y00 y00))))
 (let ((?x1280 (* 24 ?x1511)))
 (let ((?x161 (* y00 y00 z00 z00)))
 (let ((?x551 (* (- 1) ?x161)))
 (let ((?x113 (* y00 y00 z00)))
 (let ((?x599 (* (- 12) ?x113)))
 (let ((?x2733 (* 36 ?x1671)))
 (let ((?x1153 (* x00 y00)))
 (let ((?x1177 (* 216 ?x1153)))
 (let ((?x1389 (+ ?x1177 (* 108 (* ?x223 ?x237)) ?x2733 (* (- 2) (* z00 z00 z00 ?x237)) (* 18 (* z00 z00 ?x237)) ?x599 ?x551 (* 24 (* ?x223 ?x223)) (* 108 (* ?x237 ?x237)) (* (- 4) (* ?x223 ?x223 ?x223)) (* 18 (* y00 z00 ?x223)) ?x1280 (* (- 120) (* y00 ?x223)) (* (- 24) ?x1859) ?x1096 (* (- 6) (* z00 ?x223 ?x223)) ?x1132 (* (- 12) (* y00 ?x223 ?x223)) ?x1223 (* (- 108) (* x00 ?x223)) ?x1134 (* (- 216) (* x00 ?x237)) ?x196 ?x1414 (* (- 216) (* y00 ?x237)) (* z00 z00 ?x223 ?x223) ?x1987 (* (- 36) (* z00 ?x237)) (* 36 (* y00 z00 ?x237)) (* 10 (* z00 z00 ?x223)) ?x1379 (* (- 1) (* z00 z00 z00 ?x223)))))
 (let (($x1107 (not (= ?x1389 0))))
 (let ((?x1952 (* 3 ?x99)))
 (let ((?x1238 (* y00 ?x1668 ?x223)))
 (let ((?x1730 (* 3 ?x1729)))
 (let ((?x958 (* ?x1668 ?x223 ?x223)))
 (let ((?x943 (* (- 36) ?x650)))
 (let ((?x1860 (* 6 ?x1859)))
 (let ((?x2727 (* (- 6) ?x1511)))
 (let ((?x2225 (* (- 1) ?x113)))
 (let ((?x628 (* (- 18) ?x1153)))
 (let ((?x1289 (+ ?x628 (* (- 18) (* ?x223 ?x237)) ?x2000 (* (- 3) (* z00 z00 ?x237)) ?x2225 (* 3 (* x00 z00 ?x1668)) (* (- 1) (* y00 z00 ?x223)) ?x583 ?x2727 (* 36 (* y00 ?x223)) ?x1860 ?x2415 (* (- 3) (* z00 ?x1668 ?x237)) (* 2 (* z00 ?x223 ?x223)) ?x943 ?x1533 ?x958 (* 18 (* x00 ?x223)) ?x1730 ?x64 ?x1455 ?x578 (* 18 (* y00 ?x237)) ?x1447 ?x635 ?x1238 ?x1952 (* (- 2) (* y00 y00 ?x1668)) (* (- 3) (* z00 z00 ?x223)))))
 (let ((?x1026 (* z00 z00 ?x1668)))
 (let ((?x2533 (* 18 ?x1511)))
 (let ((?x2419 (* (- 12) ?x2051)))
 (let ((?x519 (* 6 ?x415)))
 (let ((?x55 (* z00 z00 z00)))
 (let ((?x508 (* (- 1) ?x55)))
 (let ((?x1590 (+ (* (- 6) ?x982) ?x508 ?x519 ?x2419 ?x2533 ?x64 ?x1455 ?x578 (* (- 6) (* z00 ?x1668)) ?x1447 ?x635 ?x1026)))
 (let (($x2660 (or (not (= ?x1590 0)) (not (= ?x1289 0)) (not (= ?x1764 0)) $x1107 (not (= ?x2433 0)) (not (= (+ ?x2780 ?x43 ?x2648 (* (- 18) z) ?x49 ?x582) 36)) $x1995)))
 (let ((?x939 (* (- 4) (* y y y))))
 (let ((?x891 (* 108 (* x x))))
 (let ((?x624 (* y y)))
 (let ((?x879 (* 24 ?x624)))
 (let ((?x1919 (* y x)))
 (let ((?x1920 (* 108 ?x1919)))
 (let ((?x2220 (+ ?x1177 ?x1920 ?x2733 (* (- 2) (* z00 z00 z00 x)) (* 18 (* z00 z00 x)) ?x599 ?x551 ?x879 ?x891 ?x939 (* 18 (* y00 z00 y)) ?x1280 (* (- 120) (* y00 y)) (* (- 24) (* z00 y)) ?x1096 (* (- 6) (* z00 y y)) ?x1132 (* (- 12) (* y00 y y)) ?x1223 (* (- 108) (* x00 y)) ?x1134 (* (- 216) (* x00 x)) ?x196 ?x1414 (* (- 216) (* y00 x)) (* z00 z00 y y) ?x1987 (* (- 36) (* z00 x)) (* 36 (* y00 z00 x)) (* 10 (* z00 z00 y)) ?x1379 (* (- 1) (* z00 z00 z00 y)))))
 (let (($x2223 (= ?x2220 0)))
 (let ((?x1895 (* y00 z y)))
 (let ((?x71 (* 72 y)))
 (let ((?x1613 (* z y y)))
 (let ((?x1583 (* x00 z)))
 (let ((?x1816 (* 18 ?x1583)))
 (let ((?x1542 (* z y)))
 (let ((?x1804 (* (- 12) ?x1542)))
 (let ((?x2204 (* z00 y)))
 (let ((?x432 (* 6 ?x2204)))
 (let ((?x1230 (* y00 z)))
 (let ((?x1186 (* 12 ?x1230)))
 (let ((?x851 (* z x)))
 (let ((?x2739 (* (- 18) ?x851)))
 (let ((?x1484 (+ ?x628 (* (- 18) ?x1919) ?x2739 (* (- 3) (* z00 z00 x)) ?x2225 (* 3 (* x00 z00 z)) (* (- 1) (* y00 z00 y)) ?x1186 ?x2727 (* 36 (* y00 y)) ?x432 ?x1804 (* (- 3) (* z00 z x)) (* 2 (* z00 y y)) ?x943 ?x1816 ?x1613 (* 18 (* x00 y)) ?x1730 ?x64 ?x578 (* 18 (* y00 x)) ?x71 ?x635 ?x1895 ?x1952 (* (- 2) (* y00 y00 z)) (* (- 3) (* z00 z00 y)))))
 (let ((?x2497 (* z00 z y)))
 (let ((?x2590 (* (- 6) ?x2204)))
 (let ((?x625 (* 12 ?x624)))
 (let ((?x608 (+ (* (- 1) (* y00 z00 z)) ?x1804 ?x2739 ?x1603 ?x625 ?x668 ?x1816 ?x1186 ?x813 (* 12 (* y00 y)) ?x64 ?x578 ?x2590 ?x71 ?x635 ?x99 (* (- 18) (* z00 x)) ?x2497 (* (- 1) (* z00 z00 y)))))
 (let ((?x1475 (* z00 z00 z)))
 (let ((?x1292 (* (- 12) ?x1230)))
 (let ((?x728 (+ (* (- 6) ?x1542) ?x508 ?x519 ?x1292 ?x2533 ?x64 ?x578 (* (- 6) (* z00 z)) ?x71 ?x635 ?x1475)))
 (let (($x1167 (= ?x1764 0)))
 (let (($x2222 (and $x1167 (= (+ ?x2780 ?x43 ?x2648 (* (- 6) z) ?x49 (* z z)) 0) (= ?x728 0) (= ?x608 0) (= ?x1484 0) $x2223 $x2660)))
 (let ((?x36 (* 6 n00)))
 (let ((?x220 (- (+ (* (- 1) (+ z 6)) z00 (* 6 (+ n 1))) ?x36)))
 (let ((?x210 (* 108 x00 x00)))
 (let ((?x204 (* 10 y00 z00 z00)))
 (let ((?x197 (* 2 x00 z00 z00 z00)))
 (let ((?x189 (* 18 x00 z00 z00)))
 (let ((?x187 (* 36 x00 y00 z00)))
 (let ((?x184 (* 96 y00 y00)))
 (let ((?x179 (* 16 y00 y00 y00)))
 (let ((?x171 (* 24 y00 z00)))
 (let ((?x160 (* 12 y00 y00 z00)))
 (let ((?x313 (- (+ (* 216 x00 y00) (* 108 ?x237 ?x223) (* 36 x00 z00)) (* 2 ?x237 z00 z00 z00))))
 (let ((?x320 (+ (- (- (+ ?x313 (* 18 ?x237 z00 z00)) ?x160) ?x161) (* 24 ?x223 ?x223) (* 108 ?x237 ?x237))))
 (let ((?x324 (+ (- ?x320 (* 4 ?x223 ?x223 ?x223)) (* 18 ?x223 y00 z00) ?x171)))
 (let ((?x331 (- (+ (- (- ?x324 (* 120 ?x223 y00)) (* 24 ?x223 z00)) ?x179) (* 6 ?x223 ?x223 z00))))
 (let ((?x338 (- (- (- (+ ?x331 ?x184) (* 12 ?x223 ?x223 y00)) ?x187) (* 108 x00 ?x223))))
 (let ((?x343 (- (+ (- (- ?x338 ?x189) (* 216 ?x237 x00)) ?x196 ?x197) (* 216 ?x237 y00))))
 (let ((?x348 (- (- (+ ?x343 (* ?x223 ?x223 z00 z00)) ?x204) (* 36 ?x237 z00))))
 (let ((?x353 (- (+ ?x348 (* 36 ?x237 y00 z00) (* 10 ?x223 z00 z00) ?x210) (* ?x223 z00 z00 z00))))
 (let ((?x144 (* 3 y00 z00 z00)))
 (let ((?x74 (* 108 x00)))
 (let ((?x243 (* 72 ?x223)))
 (let ((?x67 (* 72 y00)))
 (let ((?x238 (* 108 ?x237)))
 (let ((?x137 (* 3 x00 z00 z00)))
 (let ((?x215 (+ z 6)))
 (let ((?x258 (* 18 x00 ?x215)))
 (let ((?x133 (* 36 y00 y00)))
 (let ((?x251 (* 12 ?x223 ?x215)))
 (let ((?x261 (* 6 ?x223 z00)))
 (let ((?x91 (* 6 y00 z00)))
 (let ((?x235 (* 12 y00 ?x215)))
 (let ((?x252 (* 18 ?x237 ?x215)))
 (let ((?x279 (- (- (- (* (- 18) x00 y00) (* 18 ?x237 ?x223)) ?x252) (* 3 ?x237 z00 z00))))
 (let ((?x284 (- (+ (- ?x279 ?x113) (* 3 x00 ?x215 z00)) (* ?x223 y00 z00))))
 (let ((?x291 (- (- (+ (- (+ ?x284 ?x235) ?x91) (* 36 ?x223 y00) ?x261) ?x251) (* 3 ?x237 ?x215 z00))))
 (let ((?x297 (+ (- (+ ?x291 (* 2 ?x223 ?x223 z00)) ?x133) ?x258 (* ?x223 ?x223 ?x215) (* 18 x00 ?x223) ?x137 ?x238)))
 (let ((?x303 (+ (- (+ (- ?x297 ?x67) (* 18 ?x237 y00) ?x243) ?x74) (* ?x223 y00 ?x215) ?x144)))
 (let (($x308 (= (- (- ?x303 (* 2 y00 y00 ?x215)) (* 3 ?x223 z00 z00)) 0)))
 (let ((?x88 (* 24 y00 y00)))
 (let ((?x84 (* 18 x00 z00)))
 (let ((?x256 (+ (- (- (* (- 1) y00 ?x215 z00) ?x251) ?x252) ?x84 (* 12 ?x223 ?x223))))
 (let ((?x262 (- (+ (- ?x256 ?x88) ?x258 ?x235 ?x91 (* 12 ?x223 y00) ?x238) ?x67)))
 (let ((?x270 (+ (- (+ (- (+ (- ?x262 ?x261) ?x243) ?x74) ?x99) (* 18 ?x237 z00)) (* ?x223 ?x215 z00))))
 (let ((?x62 (* 18 y00 z00)))
 (let ((?x236 (- (+ (- (* (- 6) ?x223 ?x215) ?x55) (* 6 z00 z00)) ?x235)))
 (let ((?x245 (- (+ (- (- (+ ?x236 ?x62 ?x238) ?x67) (* 6 ?x215 z00)) ?x243) ?x74)))
 (let ((?x227 (- (- (+ (* (- 1) z00 z00) ?x43) (* 12 ?x223)) (* 6 ?x215))))
 (let (($x360 (or (not (= ?x220 0)) (not (= (+ ?x227 ?x49 (* ?x215 ?x215)) 0)) (not (= (+ ?x245 (* ?x215 z00 z00)) 0)) (not (= (- ?x270 (* ?x223 z00 z00)) 0)) (not $x308) (not (= ?x353 0)) (not (= (* 8 ?x237 ?x223 ?x223 ?x220) 0)))))
 (let ((?x212 (* y z00 z00 z00)))
 (let ((?x201 (* y y z00 z00)))
 (let ((?x157 (- (+ (* 216 x00 y00) (* 108 x y) (* 36 x00 z00)) (* 2 x z00 z00 z00))))
 (let ((?x166 (+ (- (- (+ ?x157 (* 18 x z00 z00)) ?x160) ?x161) (* 24 y y) (* 108 x x))))
 (let ((?x172 (+ (- ?x166 (* 4 y y y)) (* 18 y y00 z00) ?x171)))
 (let ((?x182 (- (+ (- (- ?x172 (* 120 y y00)) (* 24 y z00)) ?x179) (* 6 y y z00))))
 (let ((?x193 (- (- (- (+ ?x182 ?x184) (* 12 y y y00)) ?x187) (* 108 x00 y))))
 (let ((?x200 (- (+ (- (- ?x193 ?x189) (* 216 x x00)) ?x196 ?x197) (* 216 x y00))))
 (let ((?x211 (+ (- (- (+ ?x200 ?x201) ?x204) (* 36 x z00)) (* 36 x y00 z00) (* 10 y z00 z00) ?x210)))
 (let ((?x135 (* y y z)))
 (let ((?x90 (* 18 x00 z)))
 (let ((?x80 (* 12 y z)))
 (let ((?x94 (* 6 y z00)))
 (let ((?x59 (* 12 y00 z)))
 (let ((?x120 (* y y00 z00)))
 (let ((?x81 (* 18 x z)))
 (let ((?x116 (- (- (- (* (- 18) x00 y00) (* 18 x y)) ?x81) (* 3 x z00 z00))))
 (let ((?x123 (- (+ (- (+ (- ?x116 ?x113) (* 3 x00 z z00)) ?x120) ?x59) ?x91)))
 (let ((?x129 (- (- (+ ?x123 (* 36 y y00) ?x94) ?x80) (* 3 x z z00))))
 (let ((?x138 (+ (- (+ ?x129 (* 2 y y z00)) ?x133) ?x90 ?x135 (* 18 x00 y) ?x137 ?x64)))
 (let ((?x145 (+ (- (+ (- ?x138 ?x67) (* 18 x y00) ?x71) ?x74) (* y y00 z) ?x144)))
 (let (($x150 (= (- (- ?x145 (* 2 y00 y00 z)) (* 3 y z00 z00)) 0)))
 (let ((?x105 (* y z00 z00)))
 (let ((?x103 (* y z z00)))
 (let ((?x86 (+ (- (- (* (- 1) y00 z z00) ?x80) ?x81) ?x84 (* 12 y y))))
 (let ((?x95 (- (+ (- ?x86 ?x88) ?x90 ?x59 ?x91 (* 12 y y00) ?x64) ?x67)))
 (let ((?x104 (+ (- (+ (- (+ (- ?x95 ?x94) ?x71) ?x74) ?x99) (* 18 x z00)) ?x103)))
 (let ((?x76 (* z z00 z00)))
 (let ((?x60 (- (+ (- (* (- 6) y z) ?x55) (* 6 z00 z00)) ?x59)))
 (let ((?x75 (- (+ (- (- (+ ?x60 ?x62 ?x64) ?x67) (* 6 z z00)) ?x71) ?x74)))
 (let ((?x50 (* z z)))
 (let ((?x46 (* 6 z)))
 (let ((?x51 (+ (- (- (+ (* (- 1) z00 z00) ?x43) (* 12 y)) ?x46) ?x49 ?x50)))
 (let (($x361 (and (= (- (+ (* (- 1) z) z00 ?x33) ?x36) 0) (= ?x51 0) (= (+ ?x75 ?x76) 0) (= (- ?x104 ?x105) 0) $x150 (= (- ?x211 ?x212) 0) $x360)))
 (rewrite (= $x361 $x2222))))))))))))))))))))))))))))))))))))))))))))))))))))))))))))))))))))))))))))))))))))))))))))))))))))))))))))))))))))))))))))))))))))))))))))))))))))))))))))))))))))))))))))))))))))))))))))))))
 ))
 (let ((@x363 (asserted $x362)))
 (let ((@x1092 (mp (mp @x363 (quant-intro (proof-bind ?x725) (= $x362 $x1111)) $x1111) (rewrite (= $x1111 $x1111)) $x1111)))
 (let ((@x1130 (mp (mp @x1092 (quant-intro (proof-bind ?x2152) (= $x1111 $x726)) $x726) (quant-intro (proof-bind ?x1674) (= $x726 $x1786)) $x1786)))
 (let ((@x884 (mp (mp~ @x1130 (sk (~ $x1786 $x2405)) $x2405) (rewrite (= $x2405 $x639)) $x639)))
 (let ((@x693 (and-elim @x884 $x913)))
 (let ((@x1675 (unit-resolution ((_ th-lemma arith triangle-eq) (or (not $x913) $x2505)) @x693 $x2505)))
 (let (($x1184 (>= ?x2451 0)))
 (let ((@x1610 (unit-resolution ((_ th-lemma arith triangle-eq) (or (not $x913) $x1184)) @x693 $x1184)))
 (let (($x2557 (<= ?x1917 0)))
 (let (($x2500 (<= ?x1726 0)))
 (let ((@x2624 (and-elim @x884 $x2309)))
 (let ((@x886 (unit-resolution ((_ th-lemma arith assign-bounds 1 1/6) (or $x2557 (not $x2500) (not $x2505))) @x1675 (unit-resolution ((_ th-lemma arith triangle-eq) (or $x1318 $x2500)) @x2624 $x2500) $x2557)))
 (let (($x2760 (>= ?x1917 0)))
 (let (($x2685 (>= ?x1726 0)))
 (let ((@x2402 ((_ th-lemma arith farkas 1/6 -1/6 1) @x1610 (hypothesis (not $x2760)) (unit-resolution ((_ th-lemma arith triangle-eq) (or $x1318 $x2685)) @x2624 $x2685) false)))
 (let ((@x1876 (lemma @x2402 $x2760)))
 (let (($x692 (<= ?x2568 0)))
 (let ((@x1094 (and-elim @x884 $x2572)))
 (let ((@x642 (unit-resolution ((_ th-lemma arith triangle-eq) (or $x2112 $x692)) @x1094 $x692)))
 (let (($x834 (>= ?x2568 0)))
 (let ((@x520 (unit-resolution ((_ th-lemma arith triangle-eq) (or $x2112 $x834)) @x1094 $x834)))
 (let (($x1425 (<= ?x1071 0)))
 (let ((@x1354 (and-elim @x884 $x552)))
 (let ((@x2330 (unit-resolution ((_ th-lemma arith triangle-eq) (or (not $x552) $x1425)) @x1354 $x1425)))
 (let (($x2627 (>= ?x1071 0)))
 (let ((@x1627 (unit-resolution ((_ th-lemma arith triangle-eq) (or (not $x552) $x2627)) @x1354 $x2627)))
 (let (($x2630 (<= ?x2044 0)))
 (let ((@x1328 (and-elim @x884 $x2058)))
 (let ((@x1943 (unit-resolution ((_ th-lemma arith triangle-eq) (or (not $x2058) $x2630)) @x1328 $x2630)))
 (let (($x1112 (>= ?x2044 0)))
 (let ((@x2067 (unit-resolution ((_ th-lemma arith triangle-eq) (or (not $x2058) $x1112)) @x1328 $x1112)))
 (let (($x1234 (<= ?x1022 0)))
 (let ((@x774 (and-elim @x884 $x1622)))
 (let ((@x1856 (unit-resolution ((_ th-lemma arith triangle-eq) (or (not $x1622) $x1234)) @x774 $x1234)))
 (let (($x1899 (>= ?x1022 0)))
 (let ((@x2621 (unit-resolution ((_ th-lemma arith triangle-eq) (or (not $x1622) $x1899)) @x774 $x1899)))
 (let (($x631 (not (<= ?x1993 0))))
 (let (($x2253 (<= ?x595 0)))
 (let (($x2231 (<= ?x1464 0)))
 (let ((@x2086 ((_ th-lemma arith) (hypothesis (not $x2231)) @x520 @x642 @x2067 @x1943 @x1627 @x2330 @x2067 @x1943 @x1627 @x2330 @x2621 @x1856 @x2621 @x1856 @x2067 @x1943 @x2621 @x1856 @x2621 @x1856 @x1627 @x2330 @x2621 @x1856 @x2067 @x1943 @x1627 @x2330 @x1627 @x2330 @x2621 @x1856 @x2067 @x1943 @x1627 @x2330 @x2067 @x1943 @x520 @x642 @x520 @x642 @x1876 @x886 @x1610 @x1675 @x1610 @x1675 @x1876 @x886 false)))
 (let ((@x2820 (lemma @x2086 $x2231)))
 (let (($x441 (>= ?x1464 0)))
 (let ((@x2623 ((_ th-lemma arith) (hypothesis (not $x441)) @x520 @x642 @x2067 @x1943 @x1627 @x2330 @x2067 @x1943 @x1627 @x2330 @x2621 @x1856 @x2621 @x1856 @x2067 @x1943 @x2621 @x1856 @x2621 @x1856 @x1627 @x2330 @x2621 @x1856 @x2067 @x1943 @x1627 @x2330 @x1627 @x2330 @x2621 @x1856 @x2067 @x1943 @x1627 @x2330 @x2067 @x1943 @x520 @x642 @x520 @x642 @x1876 @x886 @x1610 @x1675 @x1610 @x1675 @x1876 @x886 false)))
 (let ((@x1834 (lemma @x2623 $x441)))
 (let ((@x626 ((_ th-lemma arith) (hypothesis (not $x2253)) @x520 @x642 @x2067 @x1943 @x1627 @x2330 @x2067 @x1943 @x1627 @x2330 @x2621 @x1856 @x2621 @x1856 @x2067 @x1943 @x2621 @x1856 @x2621 @x1856 @x2621 @x1856 @x2067 @x1943 @x1627 @x2330 @x1627 @x2330 @x2067 @x1943 @x1627 @x2330 @x2067 @x1943 @x2621 @x1856 @x520 @x642 @x520 @x642 @x1627 @x2330 @x1834 @x2820 @x1876 @x886 @x1610 @x1675 @x1610 @x1675 @x1876 @x886 false)))
 (let (($x1703 (>= ?x595 0)))
 (let ((@x670 ((_ th-lemma arith) (hypothesis (not $x1703)) @x1627 @x2330 @x520 @x642 @x2067 @x1943 @x1627 @x2330 @x2067 @x1943 @x2621 @x1856 @x2621 @x1856 @x2621 @x1856 @x2621 @x1856 @x2067 @x1943 @x1627 @x2330 @x2621 @x1856 @x1627 @x2330 @x2067 @x1943 @x1627 @x2330 @x1627 @x2330 @x2067 @x1943 @x520 @x642 @x520 @x642 @x1876 @x886 @x1610 @x1675 @x1610 @x1675 @x1876 @x886 false)))
 (let ((@x754 (unit-resolution ((_ th-lemma arith triangle-eq) (or $x1630 (not $x2253) (not $x1703))) (lemma @x670 $x1703) (or $x1630 (not $x2253)))))
 (let (($x1220 (<= ?x2176 0)))
 (let (($x1682 (>= ?x2176 0)))
 (let ((@x1992 (unit-resolution ((_ th-lemma arith triangle-eq) (or $x1286 (not $x1220) (not $x1682))) (lemma ((_ th-lemma arith) (hypothesis (not $x1682)) @x520 @x642 false) $x1682) (or $x1286 (not $x1220)))))
 (let ((@x2574 (unit-resolution @x1992 (lemma ((_ th-lemma arith) (hypothesis (not $x1220)) @x520 @x642 false) $x1220) $x1286)))
 (let ((@x2226 (unit-resolution ((_ th-lemma arith triangle-eq) (or $x1708 (not $x2557) (not $x2760))) @x886 @x1876 $x1708)))
 (let ((@x2633 (unit-resolution ((_ th-lemma arith triangle-eq) (or $x1497 (not $x2231) (not $x441))) @x2820 @x1834 $x1497)))
 (let ((@x2100 (unit-resolution (and-elim @x884 $x679) @x1094 @x2624 (or $x1081 $x1741 $x1906 $x1924 $x2625))))
 (let ((@x1287 (unit-resolution (unit-resolution @x2100 @x2633 @x2226 (or $x1081 $x1741 $x1924)) @x2574 (unit-resolution @x754 (lemma @x626 $x2253) $x1630) $x1081)))
 (let (($x1837 (>= ?x1993 0)))
 (let ((@x2097 ((_ th-lemma arith) (hypothesis (not $x1837)) @x520 @x642 @x2621 @x1856 @x2067 @x1943 @x2067 @x1943 @x1627 @x2330 @x1627 @x2330 @x2621 @x1856 @x2621 @x1856 @x2067 @x1943 @x1627 @x2330 @x2621 @x1856 @x2067 @x1943 @x1627 @x2330 @x520 @x642 @x520 @x642 @x1610 @x1675 @x1876 @x886 @x1876 @x886 @x1610 @x1675 false)))
 (let ((@x985 (unit-resolution ((_ th-lemma arith triangle-eq) (or $x588 $x631 (not $x1837))) (lemma @x2097 $x1837) @x1287 $x631)))
 ((_ th-lemma arith) @x985 @x520 @x642 @x2621 @x1856 @x2067 @x1943 @x2067 @x1943 @x1627 @x2330 @x1627 @x2330 @x2621 @x1856 @x2621 @x1856 @x2067 @x1943 @x1627 @x2330 @x2621 @x1856 @x2067 @x1943 @x1627 @x2330 @x520 @x642 @x520 @x642 @x1610 @x1675 @x1876 @x886 @x1876 @x886 @x1610 @x1675 false))))))))))))))))))))))))))))))))))))))))))))))))))))))))))))))))))))))))))))))))))))))))))))))))))))))))))))))))))))))))))))))))))))))))))))))))))))))))))))))))))))))))))))))))))))))))))))))))))))))))))))))))))))))))))))))))))))))))))))))))))))))))))))))))))))))))))))))))

(:added-eqs                 10
 :arith-assert-diseq        14
 :arith-assert-lower        100
 :arith-assert-upper        20
 :arith-bound-prop          1
 :arith-conflicts           9
 :arith-eq-adapter          11
 :arith-gcd-tests           12
 :arith-grobner             8
 :arith-max-min             2705
 :arith-nonlinear-bounds    79
 :arith-nonlinear-horner    71
 :arith-num-rows            11
 :arith-patches             8
 :arith-patches_succ        8
 :arith-pivots              10
 :arith-row-summations      19
 :arith-tableau-max-columns 138
 :arith-tableau-max-rows    11
 :conflicts                 9
 :decisions                 26
 :del-clause                40
 :final-checks              16
 :max-memory                4.40
 :memory                    3.50
 :mk-bool-var               39
 :mk-clause                 40
 :num-allocs                10445981
 :num-checks                1
 :propagations              51
 :rlimit-count              201274
 :time                      0.13
 :total-time                0.15)
