unsat
((set-logic NIA)
(declare-fun y!2 () Int)
(declare-fun z!1 () Int)
(declare-fun x!3 () Int)
(declare-fun n!0 () Int)
(proof
(let ((?x2702 (* x00 z!1)))
 (let ((?x421 (* (- 18) ?x2702)))
 (let ((?x2502 (* y00 z!1)))
 (let ((?x2465 (* (- 12) ?x2502)))
 (let ((?x2419 (* z00 x!3)))
 (let ((?x852 (* 18 ?x2419)))
 (let ((?x2377 (* x!3 z!1)))
 (let ((?x2217 (* 18 ?x2377)))
 (let ((?x2375 (* y!2 z!1)))
 (let ((?x593 (* 12 ?x2375)))
 (let ((?x1954 (* z00 z00 y!2)))
 (let ((?x1568 (* y!2 y!2)))
 (let ((?x2750 (* (- 12) ?x1568)))
 (let ((?x1327 (* z00 y00 z!1)))
 (let ((?x467 (* (- 72) y!2)))
 (let ((?x918 (* z00 y!2 z!1)))
 (let ((?x1402 (* (- 1) ?x918)))
 (let ((?x775 (* z00 z00 y00)))
 (let ((?x1776 (* (- 1) ?x775)))
 (let ((?x655 (* y00 y00)))
 (let ((?x657 (* 24 ?x655)))
 (let ((?x624 (* z00 x00)))
 (let ((?x1773 (* (- 18) ?x624)))
 (let ((?x561 (* z00 y00)))
 (let ((?x855 (* (- 6) ?x561)))
 (let ((?x1529 (* (- 108) x!3)))
 (let ((?x74 (* 108 x00)))
 (let ((?x67 (* 72 y00)))
 (let ((?x1720 (+ ?x67 ?x74 ?x1529 ?x855 ?x1773 ?x657 ?x1776 (* 6 (* z00 y!2)) ?x1402 ?x467 ?x1327 ?x2750 ?x1954 ?x593 ?x2217 ?x852 ?x2465 ?x421 (* (- 12) (* y00 y!2)))))
 (let (($x1738 (<= ?x1720 0)))
 (let (($x2352 (= ?x1720 0)))
 (let ((?x3112 (* y!2 z!1 z!1)))
 (let ((?x1664 (* (- 12) ?x3112)))
 (let ((?x3094 (* z!1 z!1 z!1)))
 (let ((?x1665 (* (- 4) ?x3094)))
 (let ((?x2692 (* x!3 y!2)))
 (let ((?x2415 (* 324 ?x2692)))
 (let ((?x2456 (* 36 (* z00 y00 x!3))))
 (let ((?x2444 (* (- 216) (* x00 x!3))))
 (let ((?x883 (* (- 36) ?x2419)))
 (let ((?x2417 (* 108 ?x2377)))
 (let ((?x2284 (* 156 ?x2375)))
 (let ((?x2327 (* y00 x!3)))
 (let ((?x1472 (* (- 216) ?x2327)))
 (let ((?x2000 (* z00 y!2 y!2)))
 (let ((?x1501 (* (- 6) ?x2000)))
 (let ((?x1927 (* z00 z00 y!2 y!2)))
 (let ((?x1912 (* z00 z00 x!3)))
 (let ((?x1520 (* 18 ?x1912)))
 (let ((?x917 (* (- 4) (* y!2 y!2 y!2))))
 (let ((?x2421 (* 240 ?x1568)))
 (let ((?x1534 (* (- 2) (* z00 z00 z00 x!3))))
 (let ((?x1511 (* z!1 z!1)))
 (let ((?x1701 (* 24 ?x1511)))
 (let ((?x1384 (* 108 (* x00 x00))))
 (let ((?x1331 (* y!2 y!2 z!1)))
 (let ((?x2398 (* (- 12) ?x1331)))
 (let ((?x1281 (* 2 (* z00 z00 z00 x00))))
 (let ((?x1277 (* z00 z00 z00 y00)))
 (let ((?x1842 (* 108 (* x!3 x!3))))
 (let ((?x1187 (* (- 36) (* z00 y00 x00))))
 (let ((?x1101 (* 16 (* y00 y00 y00))))
 (let ((?x965 (* z00 z00 x00)))
 (let ((?x1237 (* (- 18) ?x965)))
 (let ((?x871 (* (- 1) (* z00 z00 y00 y00))))
 (let ((?x1338 (* (- 10) ?x775)))
 (let ((?x501 (* (- 12) (* y00 y!2 y!2))))
 (let ((?x755 (* z00 y00 y00)))
 (let ((?x836 (* (- 12) ?x755)))
 (let ((?x1137 (* 96 ?x655)))
 (let ((?x581 (* 36 ?x624)))
 (let ((?x979 (* 24 ?x561)))
 (let ((?x510 (* y00 x00)))
 (let ((?x532 (* 216 ?x510)))
 (let ((?x2497 (+ ?x532 ?x979 ?x581 ?x1137 (* 2 (* z00 z00 y!2 z!1)) ?x836 ?x501 ?x1338 (* (- 3) (* z00 z00 z00 y!2)) (* (- 60) (* z00 y!2)) ?x871 (* (- 12) ?x918) (* (- 24) (* y00 y!2 z!1)) ?x1237 ?x1101 ?x1187 ?x1842 ?x1277 ?x1281 (* 18 ?x1327) ?x2398 ?x1384 (* (- 324) (* x00 y!2)) ?x1701 ?x1534 ?x2421 (* z00 z00 z!1 z!1) ?x917 ?x1520 ?x1927 (* (- 6) (* z00 z!1 z!1)) (* 28 ?x1954) ?x1501 (* (- 12) (* y00 z!1 z!1)) (* 10 (* z00 z00 z!1)) ?x1472 ?x2284 ?x2417 ?x883 (* (- 24) (* z00 z!1)) (* (- 120) ?x2502) ?x2444 ?x2456 ?x2415 (* (- 108) ?x2702) (* (- 1) (* z00 z00 z00 z!1)) (* (- 336) (* y00 y!2)) (* 54 (* z00 y00 y!2)) ?x1665 ?x1664)))
 (let ((?x2506 (* 9 (* y!2 y!2 y!2 y!2 n!0))))
 (let ((?x1069 (* (- 3) ?x2692)))
 (let ((?x2395 (* 9 (* x!3 x!3 y!2 y!2))))
 (let ((?x1099 (* (- 3) ?x2377)))
 (let ((?x634 (* (- 3) ?x2375)))
 (let ((?x1524 (* 9 (* x!3 x!3 y!2 y!2 n!0))))
 (let ((?x1302 (* 9 (* y!2 y!2 z!1 z!1))))
 (let ((?x2333 (* 18 (* y!2 y!2 y!2 z!1))))
 (let ((?x2029 (* 36 (* x!3 y!2 y!2 z!1))))
 (let ((?x1941 (* 18 (* x!3 x!3 y!2 z!1))))
 (let ((?x2199 (* 18 (* x!3 y!2 z!1 z!1))))
 (let ((?x1756 (* (- 3) ?x1568)))
 (let ((?x1523 (* 18 (* x!3 y!2 y!2 y!2 n!0))))
 (let ((?x1596 (* 9 (* y!2 y!2 y!2 y!2))))
 (let ((?x1043 (+ x!3 y!2)))
 (let ((?x1275 (+ y!2 z!1)))
 (let ((?x2208 (+ 6 z!1)))
 (let ((?x1049 (* (- 1) (* ?x2208 ?x2208 ?x1275 ?x1275 ?x1043 ?x1043))))
 (let ((?x718 (* (- 3) (* y!2 y!2 n!0))))
 (let ((?x716 (* (- 3) (* x!3 y!2 n!0))))
 (let ((?x714 (* 9 (* x!3 x!3 z!1 z!1))))
 (let ((?x1997 (* 18 (* x!3 y!2 y!2 y!2))))
 (let ((?x2225 (+ ?x1997 ?x714 ?x716 ?x718 ?x1049 ?x1596 ?x1523 ?x1756 (* (- 3) (* y!2 n!0 z!1)) ?x2199 ?x1941 ?x2029 ?x2333 ?x1302 (* 36 (* x!3 y!2 y!2 n!0 z!1)) (* 18 (* x!3 y!2 n!0 z!1 z!1)) (* (- 3) (* x!3 n!0 z!1)) ?x1524 ?x634 ?x1099 ?x2395 (* 18 (* x!3 x!3 y!2 n!0 z!1)) (* 18 (* y!2 y!2 y!2 n!0 z!1)) (* 9 (* y!2 y!2 n!0 z!1 z!1)) (* 9 (* x!3 x!3 n!0 z!1 z!1)) ?x1069 ?x2506)))
 (let ((?x675 (* ?x2225 ?x2497)))
 (let (($x2130 (= ?x675 0)))
 (let (($x2198 (not $x2130)))
 (let (($x2522 (= ?x2497 0)))
 (let (($x1566 (not $x2522)))
 (let ((?x2439 (* (- 2) ?x3112)))
 (let ((?x691 (* (- 1) ?x3094)))
 (let ((?x2792 (* z00 y00 y!2)))
 (let ((?x2047 (* 18 ?x2692)))
 (let ((?x1733 (* (- 3) (* z00 x00 z!1))))
 (let ((?x2051 (* 36 ?x2377)))
 (let ((?x2042 (* 36 ?x2375)))
 (let ((?x1558 (* (- 18) ?x2327)))
 (let ((?x1517 (* 2 (* y00 y00 z!1))))
 (let ((?x957 (* (- 2) ?x2000)))
 (let ((?x951 (* 3 ?x1912)))
 (let ((?x2446 (* 12 ?x1568)))
 (let ((?x2782 (* 6 ?x1511)))
 (let ((?x551 (* 3 (* z00 x!3 z!1))))
 (let ((?x1482 (* x00 y!2)))
 (let ((?x612 (* (- 18) ?x1482)))
 (let ((?x2074 (* (- 1) ?x1331)))
 (let ((?x2242 (* (- 3) ?x965)))
 (let ((?x953 (* y00 y!2 z!1)))
 (let ((?x619 (* (- 1) ?x953)))
 (let ((?x2240 (* (- 3) ?x775)))
 (let ((?x2236 (* 48 ?x655)))
 (let ((?x690 (* 6 ?x561)))
 (let ((?x2231 (* 18 ?x510)))
 (let ((?x2435 (+ ?x2231 ?x690 ?x1773 ?x2236 ?x755 ?x2240 (* 12 (* z00 y!2)) ?x1402 ?x619 ?x2242 ?x1327 ?x2074 ?x612 ?x551 ?x2782 ?x2446 ?x951 (* (- 2) (* z00 z!1 z!1)) (* 6 ?x1954) ?x957 ?x1517 (* (- 1) (* y00 z!1 z!1)) (* 3 (* z00 z00 z!1)) ?x1558 ?x2042 ?x2051 ?x852 ?x1733 (* (- 6) (* z00 z!1)) (* (- 54) ?x2502) ?x2047 (* (- 36) ?x2702) (* (- 60) (* y00 y!2)) ?x2792 ?x691 ?x2439)))
 (let (($x2591 (= ?x2435 0)))
 (let (($x1419 (not $x2591)))
 (let ((?x1567 (* (- 18) ?x2377)))
 (let ((?x1518 (* (- 6) ?x2375)))
 (let ((?x2318 (* z00 z00 z!1)))
 (let ((?x1445 (* (- 1) ?x2318)))
 (let ((?x1934 (* z00 z!1 z!1)))
 (let ((?x673 (* (- 24) ?x655)))
 (let ((?x626 (* 18 ?x624)))
 (let ((?x2703 (+ ?x626 ?x673 ?x775 (* (- 18) (* z00 y!2)) ?x918 (* (- 1) ?x1327) ?x2446 ?x1934 (* (- 1) ?x1954) ?x1445 ?x1518 ?x1567 (* (- 18) ?x2419) (* 24 ?x2502) (* 18 ?x2702) (* 12 (* y00 y!2)))))
 (let (($x2731 (= ?x2703 0)))
 (let (($x1379 (not $x2731)))
 (let ((?x2437 (* 12 ?x2502)))
 (let ((?x2501 (* z00 z!1)))
 (let ((?x1185 (* 6 ?x2501)))
 (let ((?x1538 (* 6 ?x2375)))
 (let ((?x460 (* (- 18) ?x561)))
 (let ((?x55 (* z00 z00 z00)))
 (let ((?x1452 (+ (* 36 z00) (* 144 y00) ?x55 ?x74 (* (- 12) (* z00 z00)) ?x1529 ?x460 (* (- 144) y!2) ?x2782 ?x1445 ?x1538 ?x1185 ?x2437 (* (- 36) z!1))))
 (let (($x1007 (= ?x1452 0)))
 (let (($x2405 (not $x1007)))
 (let ((?x420 (* z00 z00)))
 (let ((?x580 (* (- 1) ?x420)))
 (let ((?x43 (* 12 y00)))
 (let ((?x49 (* 6 z00)))
 (let ((?x586 (+ ?x49 ?x43 ?x580 (* (- 12) y!2) ?x1511 (* (- 6) z!1))))
 (let (($x588 (= ?x586 0)))
 (let (($x1525 (not $x588)))
 (let ((?x1670 (* (- 6) n00)))
 (let ((?x2043 (+ z00 ?x1670 (* 6 n!0) (* (- 1) z!1))))
 (let (($x946 (= ?x2043 0)))
 (let (($x1897 (not $x946)))
 (let (($x3129 (or $x1897 $x1525 $x2405 $x1379 $x1419 $x1566 $x2198)))
 (let ((?x1828 (* 108 ?x2692)))
 (let ((?x1818 (* 24 ?x1568)))
 (let ((?x1151 (+ ?x532 ?x979 ?x581 ?x1137 ?x836 ?x501 ?x1338 (* (- 1) (* z00 z00 z00 y!2)) (* (- 24) (* z00 y!2)) ?x871 ?x1237 ?x1101 ?x1187 ?x1842 ?x1277 ?x1281 ?x1384 (* (- 108) ?x1482) ?x1534 ?x1818 ?x917 ?x1520 ?x1927 (* 10 ?x1954) ?x1501 ?x1472 ?x883 ?x2444 ?x2456 ?x1828 (* (- 120) (* y00 y!2)) (* 18 ?x2792))))
 (let (($x1937 (= ?x1151 0)))
 (let ((?x2542 (* 36 ?x655)))
 (let ((?x632 (+ ?x67 ?x74 ?x1529 ?x2231 ?x690 ?x2542 ?x755 ?x2240 (* (- 6) (* z00 y!2)) ?x619 ?x2242 ?x467 ?x2074 ?x612 ?x551 ?x951 (* 3 ?x1954) ?x957 ?x1517 ?x1558 ?x593 ?x2217 ?x1733 ?x2465 ?x2047 ?x421 (* (- 36) (* y00 y!2)) ?x2792)))
 (let (($x1201 (= ?x632 0)))
 (let ((?x1729 (* (- 6) ?x420)))
 (let ((?x2387 (+ ?x67 ?x55 ?x74 ?x1729 ?x1529 ?x460 ?x467 ?x1445 ?x1538 ?x1185 ?x2437)))
 (let (($x2049 (= ?x2387 0)))
 (let (($x633 (and $x946 $x588 $x2049 $x2352 $x1201 $x1937 $x3129)))
 (let ((?x3030 (* 36 (* x!3 z00 y00))))
 (let ((?x3029 (* (- 216) (* x!3 x00))))
 (let ((?x1719 (* (- 12) (* y!2 y!2 y00))))
 (let ((?x2346 (* x!3 y00)))
 (let ((?x1724 (* (- 216) ?x2346)))
 (let ((?x3089 (* y!2 y!2 z00)))
 (let ((?x1188 (* (- 6) ?x3089)))
 (let ((?x1325 (* x!3 z00)))
 (let ((?x1165 (* (- 36) ?x1325)))
 (let ((?x2695 (* x!3 z00 z00)))
 (let ((?x1827 (* 18 ?x2695)))
 (let ((?x2363 (* (- 2) (* x!3 z00 z00 z00))))
 (let ((?x1826 (* y!2 y!2 z00 z00)))
 (let ((?x2489 (+ ?x1701 (* 10 (* z!1 z00 z00)) (* (- 12) (* y!2 z!1 z00)) (* 28 (* y!2 z00 z00)) ?x2398 ?x1826 (* (- 3) (* y!2 z00 z00 z00)) ?x2284 (* 18 (* z!1 z00 y00)) ?x532 ?x2415 (* (- 120) (* z!1 y00)) ?x979 ?x2417 ?x2363 (* (- 24) (* z!1 z00)) ?x581 ?x2421 ?x1137 (* (- 108) (* z!1 x00)) (* (- 336) (* y!2 y00)) ?x1827 (* (- 60) (* y!2 z00)) ?x836 ?x1338 ?x1165 (* 54 (* y!2 z00 y00)) ?x871 ?x1842 ?x917 ?x1188 (* (- 324) (* y!2 x00)) ?x1237 ?x1724 (* (- 24) (* y!2 z!1 y00)) ?x1101 ?x1719 ?x1187 ?x3029 ?x1277 ?x1281 ?x3030 ?x1384 (* (- 6) (* z!1 z!1 z00)) ?x1664 ?x1665 (* (- 12) (* z!1 z!1 y00)) (* 2 (* y!2 z!1 z00 z00)) (* z!1 z!1 z00 z00) (* (- 1) (* z!1 z00 z00 z00)))))
 (let ((?x575 (+ ?x634 ?x1049 ?x1069 ?x1099 ?x1756 (* 18 (* y!2 y!2 y!2 z!1 n!0)) ?x2506 (* 9 (* y!2 y!2 z!1 z!1 n!0)) (* 9 (* x!3 x!3 z!1 z!1 n!0)) (* 18 (* x!3 x!3 y!2 z!1 n!0)) ?x1524 (* 36 (* x!3 y!2 y!2 z!1 n!0)) ?x1523 (* 18 (* x!3 y!2 z!1 z!1 n!0)) ?x2395 ?x1997 ?x1596 ?x1941 ?x2029 ?x2333 ?x714 ?x2199 ?x1302 ?x716 ?x718 (* (- 3) (* x!3 z!1 n!0)) (* (- 3) (* y!2 z!1 n!0)))))
 (let ((?x1336 (* y!2 z00 y00)))
 (let ((?x2758 (* 18 ?x1325)))
 (let ((?x1504 (* z!1 z00)))
 (let ((?x1821 (* (- 6) ?x1504)))
 (let ((?x1564 (* z!1 z00 y00)))
 (let ((?x1036 (* y!2 z!1 z00)))
 (let ((?x503 (* (- 1) ?x1036)))
 (let ((?x2362 (+ ?x2782 (* 3 (* z!1 z00 z00)) ?x503 (* 6 (* y!2 z00 z00)) ?x2074 ?x2042 ?x1564 ?x2231 ?x2047 (* (- 54) (* z!1 y00)) ?x690 ?x2051 ?x1821 ?x1773 ?x2446 ?x2236 (* (- 36) (* z!1 x00)) (* (- 60) (* y!2 y00)) (* 3 ?x2695) (* 12 (* y!2 z00)) ?x755 ?x2240 (* (- 3) (* z!1 z00 x00)) ?x2758 ?x1336 (* 3 (* x!3 z!1 z00)) (* (- 2) ?x3089) (* (- 18) (* y!2 x00)) ?x2242 (* (- 18) ?x2346) (* (- 1) (* y!2 z!1 y00)) (* 2 (* z!1 y00 y00)) (* (- 2) (* z!1 z!1 z00)) ?x2439 ?x691 (* (- 1) (* z!1 z!1 y00)))))
 (let ((?x1033 (* y!2 z00 z00)))
 (let ((?x2356 (* z!1 z00 z00)))
 (let ((?x2773 (+ ?x2356 ?x503 ?x1033 ?x1538 ?x1564 (* (- 24) (* z!1 y00)) ?x2217 ?x1773 ?x2750 ?x657 (* (- 18) (* z!1 x00)) (* (- 12) (* y!2 y00)) (* 18 (* y!2 z00)) ?x1776 ?x2758 (* (- 1) (* z!1 z!1 z00)))))
 (let ((?x562 (* 18 ?x561)))
 (let ((?x1602 (* z!1 y00)))
 (let ((?x1507 (* (- 12) ?x1602)))
 (let ((?x1469 (* 12 ?x420)))
 (let ((?x640 (* (- 108) x00)))
 (let ((?x513 (* (- 1) ?x55)))
 (let ((?x1322 (* (- 144) y00)))
 (let ((?x1397 (* (- 36) z00)))
 (let ((?x1509 (* 108 x!3)))
 (let ((?x1309 (+ ?x1509 (* 144 y!2) (* 36 z!1) ?x1397 ?x1322 (* (- 6) ?x1511) ?x513 ?x640 ?x2356 ?x1469 ?x1518 ?x1507 ?x562 ?x1821)))
 (let ((?x491 (* (- 12) y00)))
 (let ((?x490 (* (- 6) z00)))
 (let (($x2492 (= (+ (* 12 y!2) (* 6 z!1) ?x490 ?x491 (* (- 1) ?x1511) ?x420) 0)))
 (let (($x579 (= (+ z!1 (* (- 6) n!0) (* (- 1) z00) (* 6 n00)) 0)))
 (let (($x565 (or (not $x579) (not $x2492) (not (= ?x1309 0)) (not (= ?x2773 0)) (not (= ?x2362 0)) (not (= ?x2489 0)) (not (= (* ?x575 ?x2489) 0)))))
 (let ((?x3034 (+ (* 10 ?x1033) ?x1826 (* (- 1) (* y!2 z00 z00 z00)) ?x532 ?x1828 ?x979 ?x2363 ?x581 ?x1818 ?x1137 (* (- 120) (* y!2 y00)) ?x1827 (* (- 24) (* y!2 z00)) ?x836 ?x1338 ?x1165 (* 18 ?x1336) ?x871 ?x1842 ?x917 ?x1188 (* (- 108) (* y!2 x00)) ?x1237 ?x1724 ?x1101 ?x1719 ?x1187 ?x3029 ?x1277 ?x1281 ?x3030 ?x1384)))
 (let ((?x2324 (* y!2 z!1 y00)))
 (let ((?x966 (* 3 ?x965)))
 (let ((?x1028 (* 3 ?x775)))
 (let ((?x762 (* (- 1) ?x755)))
 (let ((?x2332 (* z!1 x00)))
 (let ((?x1364 (* 18 ?x2332)))
 (let ((?x948 (* (- 36) ?x655)))
 (let ((?x1038 (* 12 ?x1602)))
 (let ((?x511 (* (- 18) ?x510)))
 (let ((?x1041 (* (- 12) ?x2375)))
 (let ((?x583 (* (- 72) y00)))
 (let ((?x1508 (* 72 y!2)))
 (let ((?x1935 (+ ?x1509 ?x1508 ?x583 ?x640 (* (- 3) ?x1033) ?x1331 ?x1041 ?x511 (* (- 18) ?x2692) ?x1038 ?x855 ?x1567 ?x948 ?x1364 (* 36 (* y!2 y00)) (* (- 3) ?x2695) (* 6 (* y!2 z00)) ?x762 ?x1028 (* 3 (* z!1 z00 x00)) (* (- 1) ?x1336) (* (- 3) (* x!3 z!1 z00)) (* 2 ?x3089) (* 18 (* y!2 x00)) ?x966 (* 18 ?x2346) ?x2324 (* (- 2) (* z!1 y00 y00)))))
 (let ((?x2460 (+ ?x1509 ?x1508 ?x583 ?x640 ?x1036 (* (- 1) ?x1033) ?x1041 (* (- 1) ?x1564) ?x1038 ?x690 ?x1567 ?x626 ?x2446 ?x673 ?x1364 (* 12 (* y!2 y00)) (* (- 6) (* y!2 z00)) ?x775 (* (- 18) ?x1325))))
 (let ((?x524 (* 6 ?x420)))
 (let (($x734 (= (+ ?x1509 ?x1508 ?x583 ?x513 ?x640 ?x2356 ?x524 ?x1518 ?x1507 ?x562 ?x1821) 0)))
 (let (($x997 (and $x579 $x2492 $x734 (= ?x2460 0) (= ?x1935 0) (= ?x3034 0) $x565)))
 (let (($x735 (exists ((x Int) (y Int) (z Int) (n Int) )(! (let ((?x2790 (* (- 1) (* z z00 z00 z00))))
 (let ((?x2664 (* z z z00 z00)))
 (let ((?x2673 (* 2 (* y z z00 z00))))
 (let ((?x2113 (* z z y00)))
 (let ((?x2455 (* (- 12) ?x2113)))
 (let ((?x1983 (* z z z)))
 (let ((?x2149 (* (- 4) ?x1983)))
 (let ((?x1982 (* y z z)))
 (let ((?x2158 (* (- 12) ?x1982)))
 (let ((?x1710 (* z z z00)))
 (let ((?x2384 (* (- 6) ?x1710)))
 (let ((?x1384 (* 108 (* x00 x00))))
 (let ((?x1377 (* 36 (* x z00 y00))))
 (let ((?x1281 (* 2 (* z00 z00 z00 x00))))
 (let ((?x1277 (* z00 z00 z00 y00)))
 (let ((?x1264 (* (- 216) (* x x00))))
 (let ((?x1187 (* (- 36) (* z00 y00 x00))))
 (let ((?x1161 (* (- 12) (* y y y00))))
 (let ((?x1101 (* 16 (* y00 y00 y00))))
 (let ((?x1025 (* y z y00)))
 (let ((?x2470 (* (- 24) ?x1025)))
 (let ((?x995 (* x y00)))
 (let ((?x1304 (* (- 216) ?x995)))
 (let ((?x965 (* z00 z00 x00)))
 (let ((?x1237 (* (- 18) ?x965)))
 (let ((?x961 (* y x00)))
 (let ((?x2606 (* (- 324) ?x961)))
 (let ((?x923 (* y y z00)))
 (let ((?x1124 (* (- 6) ?x923)))
 (let ((?x944 (* (- 4) (* y y y))))
 (let ((?x896 (* 108 (* x x))))
 (let ((?x871 (* (- 1) (* z00 z00 y00 y00))))
 (let ((?x786 (* x z00)))
 (let ((?x1363 (* (- 36) ?x786)))
 (let ((?x775 (* z00 z00 y00)))
 (let ((?x1338 (* (- 10) ?x775)))
 (let ((?x755 (* z00 y00 y00)))
 (let ((?x836 (* (- 12) ?x755)))
 (let ((?x723 (* y z00)))
 (let ((?x2738 (* (- 60) ?x723)))
 (let ((?x701 (* x z00 z00)))
 (let ((?x774 (* 18 ?x701)))
 (let ((?x693 (* y y00)))
 (let ((?x2654 (* (- 336) ?x693)))
 (let ((?x686 (* z x00)))
 (let ((?x2535 (* (- 108) ?x686)))
 (let ((?x655 (* y00 y00)))
 (let ((?x1137 (* 96 ?x655)))
 (let ((?x629 (* y y)))
 (let ((?x1953 (* 240 ?x629)))
 (let ((?x624 (* z00 x00)))
 (let ((?x581 (* 36 ?x624)))
 (let ((?x596 (* z z00)))
 (let ((?x2331 (* (- 24) ?x596)))
 (let ((?x706 (* (- 2) (* x z00 z00 z00))))
 (let ((?x567 (* x z)))
 (let ((?x974 (* 108 ?x567)))
 (let ((?x561 (* z00 y00)))
 (let ((?x979 (* 24 ?x561)))
 (let ((?x535 (* z y00)))
 (let ((?x2293 (* (- 120) ?x535)))
 (let ((?x510 (* y00 x00)))
 (let ((?x532 (* 216 ?x510)))
 (let ((?x212 (* y z00 z00 z00)))
 (let ((?x2797 (* (- 3) ?x212)))
 (let ((?x201 (* y y z00 z00)))
 (let ((?x135 (* y y z)))
 (let ((?x2157 (* (- 12) ?x135)))
 (let ((?x105 (* y z00 z00)))
 (let ((?x2770 (* 28 ?x105)))
 (let ((?x103 (* y z z00)))
 (let ((?x2399 (* (- 12) ?x103)))
 (let ((?x76 (* z z00 z00)))
 (let ((?x2757 (* 10 ?x76)))
 (let ((?x50 (* z z)))
 (let ((?x1876 (* 24 ?x50)))
 (let ((?x2021 (+ ?x1876 ?x2757 ?x2399 ?x2770 ?x2157 ?x201 ?x2797 (* 156 (* y z)) (* 18 (* z z00 y00)) ?x532 (* 324 (* x y)) ?x2293 ?x979 ?x974 ?x706 ?x2331 ?x581 ?x1953 ?x1137 ?x2535 ?x2654 ?x774 ?x2738 ?x836 ?x1338 ?x1363 (* 54 (* y z00 y00)) ?x871 ?x896 ?x944 ?x1124 ?x2606 ?x1237 ?x1304 ?x2470 ?x1101 ?x1161 ?x1187 ?x1264 ?x1277 ?x1281 ?x1377 ?x1384 ?x2384 ?x2158 ?x2149 ?x2455 ?x2673 ?x2664 ?x2790)))
 (let ((?x3121 (* (- 3) (* y z n))))
 (let ((?x3110 (* (- 3) (* x z n))))
 (let ((?x3099 (* (- 3) (* y y n))))
 (let ((?x3088 (* (- 3) (* x y n))))
 (let ((?x3009 (* 9 (* y y z z))))
 (let ((?x2997 (* 9 (* x x z z))))
 (let ((?x2961 (* 9 (* y y y y))))
 (let ((?x2949 (* 9 (* x x y y))))
 (let ((?x3079 (* (- 3) ?x629)))
 (let ((?x3076 (* (- 3) ?x567)))
 (let ((?x529 (* x y)))
 (let ((?x3073 (* (- 3) ?x529)))
 (let ((?x237 (+ x y)))
 (let ((?x223 (+ y z)))
 (let ((?x1637 (+ 6 z)))
 (let ((?x1205 (* (- 1) (* ?x1637 ?x1637 ?x223 ?x223 ?x237 ?x237))))
 (let ((?x504 (* y z)))
 (let ((?x3070 (* (- 3) ?x504)))
 (let ((?x1416 (+ ?x3070 ?x1205 ?x3073 ?x3076 ?x3079 (* 18 (* y y y z n)) (* 9 (* y y y y n)) (* 9 (* y y z z n)) (* 9 (* x x z z n)) (* 18 (* x x y z n)) (* 9 (* x x y y n)) (* 36 (* x y y z n)) (* 18 (* x y y y n)) (* 18 (* x y z z n)) ?x2949 (* 18 (* x y y y)) ?x2961 (* 18 (* x x y z)) (* 36 (* x y y z)) (* 18 (* y y y z)) ?x2997 (* 18 (* x y z z)) ?x3009 ?x3088 ?x3099 ?x3110 ?x3121)))
 (let ((?x2253 (* (- 1) ?x2113)))
 (let ((?x2251 (* (- 1) ?x1983)))
 (let ((?x2250 (* (- 2) ?x1982)))
 (let ((?x2247 (* (- 2) ?x1710)))
 (let ((?x1039 (* z y00 y00)))
 (let ((?x1040 (* 2 ?x1039)))
 (let ((?x2244 (* (- 1) ?x1025)))
 (let ((?x2243 (* (- 18) ?x995)))
 (let ((?x2242 (* (- 3) ?x965)))
 (let ((?x2241 (* (- 2) ?x923)))
 (let ((?x897 (* x z z00)))
 (let ((?x898 (* 3 ?x897)))
 (let ((?x812 (* y z00 y00)))
 (let ((?x787 (* 18 ?x786)))
 (let ((?x2240 (* (- 3) ?x775)))
 (let ((?x2239 (* 12 ?x723)))
 (let ((?x702 (* 3 ?x701)))
 (let ((?x2238 (* (- 60) ?x693)))
 (let ((?x2236 (* 48 ?x655)))
 (let ((?x630 (* 12 ?x629)))
 (let ((?x1773 (* (- 18) ?x624)))
 (let ((?x609 (* (- 6) ?x596)))
 (let ((?x2234 (* 36 ?x567)))
 (let ((?x690 (* 6 ?x561)))
 (let ((?x531 (* 18 ?x529)))
 (let ((?x2231 (* 18 ?x510)))
 (let ((?x506 (* z z00 y00)))
 (let ((?x2230 (* 36 ?x504)))
 (let ((?x2229 (* (- 1) ?x135)))
 (let ((?x2228 (* 6 ?x105)))
 (let ((?x1772 (* (- 1) ?x103)))
 (let ((?x2186 (* 3 ?x76)))
 (let ((?x2004 (* 6 ?x50)))
 (let ((?x1432 (+ ?x2004 ?x2186 ?x1772 ?x2228 ?x2229 ?x2230 ?x506 ?x2231 ?x531 (* (- 54) ?x535) ?x690 ?x2234 ?x609 ?x1773 ?x630 ?x2236 (* (- 36) ?x686) ?x2238 ?x702 ?x2239 ?x755 ?x2240 (* (- 3) (* z z00 x00)) ?x787 ?x812 ?x898 ?x2241 (* (- 18) ?x961) ?x2242 ?x2243 ?x2244 ?x1040 ?x2247 ?x2250 ?x2251 ?x2253)))
 (let ((?x1781 (* (- 1) ?x1710)))
 (let ((?x1776 (* (- 1) ?x775)))
 (let ((?x1667 (* 18 ?x723)))
 (let ((?x1775 (* (- 12) ?x693)))
 (let ((?x657 (* 24 ?x655)))
 (let ((?x1774 (* (- 12) ?x629)))
 (let ((?x569 (* 18 ?x567)))
 (let ((?x721 (+ ?x76 ?x1772 ?x105 (* 6 ?x504) ?x506 (* (- 24) ?x535) ?x569 ?x1773 ?x1774 ?x657 (* (- 18) ?x686) ?x1775 ?x1667 ?x1776 ?x787 ?x1781)))
 (let ((?x562 (* 18 ?x561)))
 (let ((?x548 (* (- 12) ?x535)))
 (let ((?x505 (* (- 6) ?x504)))
 (let ((?x420 (* z00 z00)))
 (let ((?x1469 (* 12 ?x420)))
 (let ((?x640 (* (- 108) x00)))
 (let ((?x55 (* z00 z00 z00)))
 (let ((?x513 (* (- 1) ?x55)))
 (let ((?x798 (* (- 6) ?x50)))
 (let ((?x1322 (* (- 144) y00)))
 (let ((?x1397 (* (- 36) z00)))
 (let ((?x64 (* 108 x)))
 (let ((?x1718 (+ ?x64 (* 144 y) (* 36 z) ?x1397 ?x1322 ?x798 ?x513 ?x640 ?x76 ?x1469 ?x505 ?x548 ?x562 ?x609)))
 (let ((?x492 (* (- 1) ?x50)))
 (let ((?x491 (* (- 12) y00)))
 (let ((?x490 (* (- 6) z00)))
 (let ((?x46 (* 6 z)))
 (let ((?x45 (* 12 y)))
 (let (($x494 (= (+ ?x45 ?x46 ?x490 ?x491 ?x492 ?x420) 0)))
 (let (($x1178 (not $x494)))
 (let (($x412 (= (+ z (* (- 6) n) (* (- 1) z00) (* 6 n00)) 0)))
 (let (($x926 (not $x412)))
 (let (($x1640 (or $x926 $x1178 (not (= ?x1718 0)) (not (= ?x721 0)) (not (= ?x1432 0)) (not (= ?x2021 0)) (not (= (* ?x1416 ?x2021) 0)))))
 (let ((?x884 (* 24 ?x629)))
 (let ((?x1404 (+ (* 10 ?x105) ?x201 (* (- 1) ?x212) ?x532 (* 108 ?x529) ?x979 ?x706 ?x581 ?x884 ?x1137 (* (- 120) ?x693) ?x774 (* (- 24) ?x723) ?x836 ?x1338 ?x1363 (* 18 ?x812) ?x871 ?x896 ?x944 ?x1124 (* (- 108) ?x961) ?x1237 ?x1304 ?x1101 ?x1161 ?x1187 ?x1264 ?x1277 ?x1281 ?x1377 ?x1384)))
 (let (($x1409 (= ?x1404 0)))
 (let ((?x966 (* 3 ?x965)))
 (let ((?x1028 (* 3 ?x775)))
 (let ((?x762 (* (- 1) ?x755)))
 (let ((?x687 (* 18 ?x686)))
 (let ((?x948 (* (- 36) ?x655)))
 (let ((?x598 (* (- 18) ?x567)))
 (let ((?x855 (* (- 6) ?x561)))
 (let ((?x536 (* 12 ?x535)))
 (let ((?x511 (* (- 18) ?x510)))
 (let ((?x533 (* (- 12) ?x504)))
 (let ((?x583 (* (- 72) y00)))
 (let ((?x71 (* 72 y)))
 (let ((?x1084 (+ ?x64 ?x71 ?x583 ?x640 (* (- 3) ?x105) ?x135 ?x533 ?x511 (* (- 18) ?x529) ?x536 ?x855 ?x598 ?x948 ?x687 (* 36 ?x693) (* (- 3) ?x701) (* 6 ?x723) ?x762 ?x1028 (* 3 (* z z00 x00)) (* (- 1) ?x812) (* (- 3) ?x897) (* 2 ?x923) (* 18 ?x961) ?x966 (* 18 ?x995) ?x1025 (* (- 2) ?x1039))))
 (let (($x1091 (= ?x1084 0)))
 (let ((?x673 (* (- 24) ?x655)))
 (let ((?x626 (* 18 ?x624)))
 (let ((?x829 (+ ?x64 ?x71 ?x583 ?x640 ?x103 (* (- 1) ?x105) ?x533 (* (- 1) ?x506) ?x536 ?x690 ?x598 ?x626 ?x630 ?x673 ?x687 (* 12 ?x693) (* (- 6) ?x723) ?x775 (* (- 18) ?x786))))
 (let (($x834 (= ?x829 0)))
 (let ((?x524 (* 6 ?x420)))
 (let (($x661 (= (+ ?x64 ?x71 ?x583 ?x513 ?x640 ?x76 ?x524 ?x505 ?x548 ?x562 ?x609) 0)))
 (and $x412 $x494 $x661 $x834 $x1091 $x1409 $x1640))))))))))))))))))))))))))))))))))))))))))))))))))))))))))))))))))))))))))))))))))))))))))))))))))))))))))))))))))))))))))))))))))))))))))))))))))))))))))))))))))))))))))))))))))))))))) :qid k!44))
 ))
 (let (($x2665 (exists ((x Int) (y Int) (z Int) (n Int) )(! (let ((?x1384 (* 108 (* x00 x00))))
 (let ((?x99 (* y00 z00 z00)))
 (let ((?x2576 (* (- 10) ?x99)))
 (let ((?x2491 (* 2 (* x00 z00 z00 z00))))
 (let ((?x196 (* y00 z00 z00 z00)))
 (let ((?x2039 (* x00 z00 z00)))
 (let ((?x2449 (* (- 18) ?x2039)))
 (let ((?x2401 (* (- 36) (* x00 y00 z00))))
 (let ((?x655 (* y00 y00)))
 (let ((?x1137 (* 96 ?x655)))
 (let ((?x1101 (* 16 (* y00 y00 y00))))
 (let ((?x863 (* y00 z00)))
 (let ((?x2044 (* 24 ?x863)))
 (let ((?x161 (* y00 y00 z00 z00)))
 (let ((?x1793 (* (- 1) ?x161)))
 (let ((?x113 (* y00 y00 z00)))
 (let ((?x1584 (* (- 12) ?x113)))
 (let ((?x1638 (* x00 z00)))
 (let ((?x2526 (* 36 ?x1638)))
 (let ((?x653 (* x00 y00)))
 (let ((?x2091 (* 216 ?x653)))
 (let ((?x1424 (+ ?x2091 (* 108 (* (+ y z) (+ x y))) ?x2526 (* (- 2) (* z00 z00 z00 (+ x y))) (* 18 (* z00 z00 (+ x y))) ?x1584 ?x1793 (* 24 (* (+ y z) (+ y z))) (* 108 (* (+ x y) (+ x y))) (* (- 4) (* (+ y z) (+ y z) (+ y z))) (* 18 (* y00 z00 (+ y z))) ?x2044 (* (- 120) (* y00 (+ y z))) (* (- 24) (* z00 (+ y z))) ?x1101 (* (- 6) (* z00 (+ y z) (+ y z))) ?x1137 (* (- 12) (* y00 (+ y z) (+ y z))) ?x2401 (* (- 108) (* x00 (+ y z))) ?x2449 (* (- 216) (* x00 (+ x y))) ?x196 ?x2491 (* (- 216) (* y00 (+ x y))) (* z00 z00 (+ y z) (+ y z)) ?x2576 (* (- 36) (* z00 (+ x y))) (* 36 (* y00 z00 (+ x y))) (* 10 (* z00 z00 (+ y z))) ?x1384 (* (- 1) (* z00 z00 z00 (+ y z))))))
 (let ((?x237 (+ x y)))
 (let ((?x223 (+ y z)))
 (let ((?x2205 (+ 1 n)))
 (let ((?x1205 (* (- 1) (* (+ 6 z) (+ 6 z) ?x223 ?x223 ?x237 ?x237))))
 (let ((?x1699 (+ ?x1205 (* 9 (* ?x2205 ?x223 ?x223 ?x237 ?x237)) (* (- 3) (* ?x2205 ?x223 ?x237)))))
 (let (($x1794 (not (= (* ?x1699 ?x1424) 0))))
 (let (($x508 (not (= ?x1424 0))))
 (let ((?x2298 (* (- 3) ?x99)))
 (let ((?x74 (* 108 x00)))
 (let ((?x1847 (* (- 72) z)))
 (let ((?x67 (* 72 y00)))
 (let ((?x1820 (* (- 180) y)))
 (let ((?x2505 (* (- 108) x)))
 (let ((?x2287 (* (- 3) ?x2039)))
 (let ((?x1637 (+ 6 z)))
 (let ((?x2667 (* x00 ?x1637)))
 (let ((?x747 (* (- 18) ?x2667)))
 (let ((?x2542 (* 36 ?x655)))
 (let ((?x446 (* ?x1637 ?x223)))
 (let ((?x729 (* 12 ?x446)))
 (let ((?x2698 (* z00 ?x223)))
 (let ((?x2716 (* (- 6) ?x2698)))
 (let ((?x1740 (* 6 ?x863)))
 (let ((?x2321 (* y00 ?x1637)))
 (let ((?x1112 (* (- 12) ?x2321)))
 (let ((?x2783 (* y00 z00 ?x223)))
 (let ((?x2416 (* ?x1637 ?x237)))
 (let ((?x811 (* 18 ?x2416)))
 (let ((?x2388 (* 18 ?x653)))
 (let ((?x1732 (+ ?x2388 (* 18 (* ?x223 ?x237)) ?x811 (* 3 (* z00 z00 ?x237)) ?x113 (* (- 3) (* x00 z00 ?x1637)) ?x2783 ?x1112 ?x1740 (* (- 36) (* y00 ?x223)) ?x2716 ?x729 (* 3 (* z00 ?x1637 ?x237)) (* (- 2) (* z00 ?x223 ?x223)) ?x2542 ?x747 (* (- 1) (* ?x1637 ?x223 ?x223)) (* (- 18) (* x00 ?x223)) ?x2287 ?x2505 ?x1820 ?x67 (* (- 18) (* y00 ?x237)) ?x1847 ?x74 (* (- 1) (* y00 ?x1637 ?x223)) ?x2298 (* 2 (* y00 y00 ?x1637)) (* 3 (* z00 z00 ?x223)))))
 (let ((?x1399 (* z00 z00 ?x223)))
 (let ((?x2496 (* (- 1) ?x99)))
 (let ((?x2699 (* 6 ?x2698)))
 (let ((?x1683 (* (- 6) ?x863)))
 (let ((?x657 (* 24 ?x655)))
 (let ((?x2368 (* (- 18) ?x1638)))
 (let ((?x566 (* y00 z00 ?x1637)))
 (let ((?x749 (+ ?x566 ?x729 ?x811 ?x2368 (* (- 12) (* ?x223 ?x223)) ?x657 ?x747 ?x1112 ?x1683 (* (- 12) (* y00 ?x223)) ?x2505 ?x1820 ?x67 ?x2699 ?x1847 ?x74 ?x2496 (* 18 (* z00 ?x237)) (* (- 1) (* z00 ?x1637 ?x223)) ?x1399)))
 (let ((?x2504 (* (- 18) ?x863)))
 (let ((?x2325 (* 12 ?x2321)))
 (let ((?x420 (* z00 z00)))
 (let ((?x1729 (* (- 6) ?x420)))
 (let ((?x55 (* z00 z00 z00)))
 (let ((?x1850 (+ (* 6 ?x446) ?x55 ?x1729 ?x2325 ?x2504 ?x2505 ?x1820 ?x67 (* 6 (* z00 ?x1637)) ?x1847 ?x74 (* (- 1) (* z00 z00 ?x1637)))))
 (let ((?x490 (* (- 6) z00)))
 (let ((?x45 (* 12 y)))
 (let ((?x491 (* (- 12) y00)))
 (let (($x1799 (= (+ ?x420 ?x491 ?x45 (* 18 z) ?x490 (* (- 1) (* ?x1637 ?x1637))) (- 36))))
 (let (($x1705 (= (+ z (* (- 1) z00) (* (- 6) n) (* 6 n00)) 0)))
 (let (($x2662 (or (not $x1705) (not $x1799) (not (= ?x1850 0)) (not (= ?x749 0)) (not (= ?x1732 0)) $x508 $x1794)))
 (let ((?x944 (* (- 4) (* y y y))))
 (let ((?x896 (* 108 (* x x))))
 (let ((?x629 (* y y)))
 (let ((?x884 (* 24 ?x629)))
 (let ((?x1893 (* y x)))
 (let ((?x1894 (* 108 ?x1893)))
 (let ((?x2643 (+ ?x2091 ?x1894 ?x2526 (* (- 2) (* z00 z00 z00 x)) (* 18 (* z00 z00 x)) ?x1584 ?x1793 ?x884 ?x896 ?x944 (* 18 (* y00 z00 y)) ?x2044 (* (- 120) (* y00 y)) (* (- 24) (* z00 y)) ?x1101 (* (- 6) (* z00 y y)) ?x1137 (* (- 12) (* y00 y y)) ?x2401 (* (- 108) (* x00 y)) ?x2449 (* (- 216) (* x00 x)) ?x196 ?x2491 (* (- 216) (* y00 x)) (* z00 z00 y y) ?x2576 (* (- 36) (* z00 x)) (* 36 (* y00 z00 x)) (* 10 (* z00 z00 y)) ?x1384 (* (- 1) (* z00 z00 z00 y)))))
 (let (($x2652 (= ?x2643 0)))
 (let ((?x2212 (* (- 72) y)))
 (let ((?x2020 (* x00 y)))
 (let ((?x2252 (* (- 18) ?x2020)))
 (let ((?x1557 (* x00 z)))
 (let ((?x1780 (* (- 18) ?x1557)))
 (let ((?x1516 (* z y)))
 (let ((?x2513 (* 12 ?x1516)))
 (let ((?x3065 (* z00 y)))
 (let ((?x708 (* (- 6) ?x3065)))
 (let ((?x1157 (* y00 z)))
 (let ((?x1228 (* (- 12) ?x1157)))
 (let ((?x2222 (* y00 z00 y)))
 (let ((?x1194 (* z x)))
 (let ((?x1869 (* 18 ?x1194)))
 (let ((?x1175 (+ ?x2388 (* 18 ?x1893) ?x1869 (* 3 (* z00 z00 x)) ?x113 (* (- 3) (* x00 z00 z)) ?x2222 ?x1228 ?x1740 (* (- 36) (* y00 y)) ?x708 ?x2513 (* 3 (* z00 z x)) (* (- 2) (* z00 y y)) ?x2542 ?x1780 (* (- 1) (* z y y)) ?x2252 ?x2287 ?x2505 ?x67 (* (- 18) (* y00 x)) ?x2212 ?x74 (* (- 1) (* y00 z y)) ?x2298 (* 2 (* y00 y00 z)) (* 3 (* z00 z00 y)))))
 (let ((?x1536 (* z00 z00 y)))
 (let ((?x3038 (* 6 ?x3065)))
 (let ((?x1774 (* (- 12) ?x629)))
 (let ((?x2640 (* y00 z00 z)))
 (let ((?x2443 (+ ?x2640 ?x2513 ?x1869 ?x2368 ?x1774 ?x657 ?x1780 ?x1228 ?x1683 (* (- 12) (* y00 y)) ?x2505 ?x67 ?x3038 ?x2212 ?x74 ?x2496 (* 18 (* z00 x)) (* (- 1) (* z00 z y)) ?x1536)))
 (let ((?x1181 (* 12 ?x1157)))
 (let ((?x1704 (+ (* 6 ?x1516) ?x55 ?x1729 ?x1181 ?x2504 ?x2505 ?x67 (* 6 (* z00 z)) ?x2212 ?x74 (* (- 1) (* z00 z00 z)))))
 (let (($x2669 (= (+ ?x420 ?x491 ?x45 (* 6 z) ?x490 (* (- 1) (* z z))) 0)))
 (and $x1705 $x2669 (= ?x1704 0) (= ?x2443 0) (= ?x1175 0) $x2652 $x2662)))))))))))))))))))))))))))))))))))))))))))))))))))))))))))))))))))))))))))))))))))))))))))))))))))))))) :qid k!44))
 ))
 (let ((?x2090 (lambda ((x Int) (y Int) (z Int) (n Int) )(let ((?x2790 (* (- 1) (* z z00 z00 z00))))
 (let ((?x2664 (* z z z00 z00)))
 (let ((?x2673 (* 2 (* y z z00 z00))))
 (let ((?x2113 (* z z y00)))
 (let ((?x2455 (* (- 12) ?x2113)))
 (let ((?x1983 (* z z z)))
 (let ((?x2149 (* (- 4) ?x1983)))
 (let ((?x1982 (* y z z)))
 (let ((?x2158 (* (- 12) ?x1982)))
 (let ((?x1710 (* z z z00)))
 (let ((?x2384 (* (- 6) ?x1710)))
 (let ((?x1384 (* 108 (* x00 x00))))
 (let ((?x1377 (* 36 (* x z00 y00))))
 (let ((?x1281 (* 2 (* z00 z00 z00 x00))))
 (let ((?x1277 (* z00 z00 z00 y00)))
 (let ((?x1264 (* (- 216) (* x x00))))
 (let ((?x1187 (* (- 36) (* z00 y00 x00))))
 (let ((?x1161 (* (- 12) (* y y y00))))
 (let ((?x1101 (* 16 (* y00 y00 y00))))
 (let ((?x1025 (* y z y00)))
 (let ((?x2470 (* (- 24) ?x1025)))
 (let ((?x995 (* x y00)))
 (let ((?x1304 (* (- 216) ?x995)))
 (let ((?x965 (* z00 z00 x00)))
 (let ((?x1237 (* (- 18) ?x965)))
 (let ((?x961 (* y x00)))
 (let ((?x2606 (* (- 324) ?x961)))
 (let ((?x923 (* y y z00)))
 (let ((?x1124 (* (- 6) ?x923)))
 (let ((?x944 (* (- 4) (* y y y))))
 (let ((?x896 (* 108 (* x x))))
 (let ((?x871 (* (- 1) (* z00 z00 y00 y00))))
 (let ((?x786 (* x z00)))
 (let ((?x1363 (* (- 36) ?x786)))
 (let ((?x775 (* z00 z00 y00)))
 (let ((?x1338 (* (- 10) ?x775)))
 (let ((?x755 (* z00 y00 y00)))
 (let ((?x836 (* (- 12) ?x755)))
 (let ((?x723 (* y z00)))
 (let ((?x2738 (* (- 60) ?x723)))
 (let ((?x701 (* x z00 z00)))
 (let ((?x774 (* 18 ?x701)))
 (let ((?x693 (* y y00)))
 (let ((?x2654 (* (- 336) ?x693)))
 (let ((?x686 (* z x00)))
 (let ((?x2535 (* (- 108) ?x686)))
 (let ((?x655 (* y00 y00)))
 (let ((?x1137 (* 96 ?x655)))
 (let ((?x629 (* y y)))
 (let ((?x1953 (* 240 ?x629)))
 (let ((?x624 (* z00 x00)))
 (let ((?x581 (* 36 ?x624)))
 (let ((?x596 (* z z00)))
 (let ((?x2331 (* (- 24) ?x596)))
 (let ((?x706 (* (- 2) (* x z00 z00 z00))))
 (let ((?x567 (* x z)))
 (let ((?x974 (* 108 ?x567)))
 (let ((?x561 (* z00 y00)))
 (let ((?x979 (* 24 ?x561)))
 (let ((?x535 (* z y00)))
 (let ((?x2293 (* (- 120) ?x535)))
 (let ((?x510 (* y00 x00)))
 (let ((?x532 (* 216 ?x510)))
 (let ((?x212 (* y z00 z00 z00)))
 (let ((?x2797 (* (- 3) ?x212)))
 (let ((?x201 (* y y z00 z00)))
 (let ((?x135 (* y y z)))
 (let ((?x2157 (* (- 12) ?x135)))
 (let ((?x105 (* y z00 z00)))
 (let ((?x2770 (* 28 ?x105)))
 (let ((?x103 (* y z z00)))
 (let ((?x2399 (* (- 12) ?x103)))
 (let ((?x76 (* z z00 z00)))
 (let ((?x2757 (* 10 ?x76)))
 (let ((?x50 (* z z)))
 (let ((?x1876 (* 24 ?x50)))
 (let ((?x2021 (+ ?x1876 ?x2757 ?x2399 ?x2770 ?x2157 ?x201 ?x2797 (* 156 (* y z)) (* 18 (* z z00 y00)) ?x532 (* 324 (* x y)) ?x2293 ?x979 ?x974 ?x706 ?x2331 ?x581 ?x1953 ?x1137 ?x2535 ?x2654 ?x774 ?x2738 ?x836 ?x1338 ?x1363 (* 54 (* y z00 y00)) ?x871 ?x896 ?x944 ?x1124 ?x2606 ?x1237 ?x1304 ?x2470 ?x1101 ?x1161 ?x1187 ?x1264 ?x1277 ?x1281 ?x1377 ?x1384 ?x2384 ?x2158 ?x2149 ?x2455 ?x2673 ?x2664 ?x2790)))
 (let ((?x3121 (* (- 3) (* y z n))))
 (let ((?x3110 (* (- 3) (* x z n))))
 (let ((?x3099 (* (- 3) (* y y n))))
 (let ((?x3088 (* (- 3) (* x y n))))
 (let ((?x3009 (* 9 (* y y z z))))
 (let ((?x2997 (* 9 (* x x z z))))
 (let ((?x2961 (* 9 (* y y y y))))
 (let ((?x2949 (* 9 (* x x y y))))
 (let ((?x3079 (* (- 3) ?x629)))
 (let ((?x3076 (* (- 3) ?x567)))
 (let ((?x529 (* x y)))
 (let ((?x3073 (* (- 3) ?x529)))
 (let ((?x237 (+ x y)))
 (let ((?x223 (+ y z)))
 (let ((?x1637 (+ 6 z)))
 (let ((?x1205 (* (- 1) (* ?x1637 ?x1637 ?x223 ?x223 ?x237 ?x237))))
 (let ((?x504 (* y z)))
 (let ((?x3070 (* (- 3) ?x504)))
 (let ((?x1416 (+ ?x3070 ?x1205 ?x3073 ?x3076 ?x3079 (* 18 (* y y y z n)) (* 9 (* y y y y n)) (* 9 (* y y z z n)) (* 9 (* x x z z n)) (* 18 (* x x y z n)) (* 9 (* x x y y n)) (* 36 (* x y y z n)) (* 18 (* x y y y n)) (* 18 (* x y z z n)) ?x2949 (* 18 (* x y y y)) ?x2961 (* 18 (* x x y z)) (* 36 (* x y y z)) (* 18 (* y y y z)) ?x2997 (* 18 (* x y z z)) ?x3009 ?x3088 ?x3099 ?x3110 ?x3121)))
 (let ((?x2253 (* (- 1) ?x2113)))
 (let ((?x2251 (* (- 1) ?x1983)))
 (let ((?x2250 (* (- 2) ?x1982)))
 (let ((?x2247 (* (- 2) ?x1710)))
 (let ((?x1039 (* z y00 y00)))
 (let ((?x1040 (* 2 ?x1039)))
 (let ((?x2244 (* (- 1) ?x1025)))
 (let ((?x2243 (* (- 18) ?x995)))
 (let ((?x2242 (* (- 3) ?x965)))
 (let ((?x2241 (* (- 2) ?x923)))
 (let ((?x897 (* x z z00)))
 (let ((?x898 (* 3 ?x897)))
 (let ((?x812 (* y z00 y00)))
 (let ((?x787 (* 18 ?x786)))
 (let ((?x2240 (* (- 3) ?x775)))
 (let ((?x2239 (* 12 ?x723)))
 (let ((?x702 (* 3 ?x701)))
 (let ((?x2238 (* (- 60) ?x693)))
 (let ((?x2236 (* 48 ?x655)))
 (let ((?x630 (* 12 ?x629)))
 (let ((?x1773 (* (- 18) ?x624)))
 (let ((?x609 (* (- 6) ?x596)))
 (let ((?x2234 (* 36 ?x567)))
 (let ((?x690 (* 6 ?x561)))
 (let ((?x531 (* 18 ?x529)))
 (let ((?x2231 (* 18 ?x510)))
 (let ((?x506 (* z z00 y00)))
 (let ((?x2230 (* 36 ?x504)))
 (let ((?x2229 (* (- 1) ?x135)))
 (let ((?x2228 (* 6 ?x105)))
 (let ((?x1772 (* (- 1) ?x103)))
 (let ((?x2186 (* 3 ?x76)))
 (let ((?x2004 (* 6 ?x50)))
 (let ((?x1432 (+ ?x2004 ?x2186 ?x1772 ?x2228 ?x2229 ?x2230 ?x506 ?x2231 ?x531 (* (- 54) ?x535) ?x690 ?x2234 ?x609 ?x1773 ?x630 ?x2236 (* (- 36) ?x686) ?x2238 ?x702 ?x2239 ?x755 ?x2240 (* (- 3) (* z z00 x00)) ?x787 ?x812 ?x898 ?x2241 (* (- 18) ?x961) ?x2242 ?x2243 ?x2244 ?x1040 ?x2247 ?x2250 ?x2251 ?x2253)))
 (let ((?x1781 (* (- 1) ?x1710)))
 (let ((?x1776 (* (- 1) ?x775)))
 (let ((?x1667 (* 18 ?x723)))
 (let ((?x1775 (* (- 12) ?x693)))
 (let ((?x657 (* 24 ?x655)))
 (let ((?x1774 (* (- 12) ?x629)))
 (let ((?x569 (* 18 ?x567)))
 (let ((?x721 (+ ?x76 ?x1772 ?x105 (* 6 ?x504) ?x506 (* (- 24) ?x535) ?x569 ?x1773 ?x1774 ?x657 (* (- 18) ?x686) ?x1775 ?x1667 ?x1776 ?x787 ?x1781)))
 (let ((?x562 (* 18 ?x561)))
 (let ((?x548 (* (- 12) ?x535)))
 (let ((?x505 (* (- 6) ?x504)))
 (let ((?x420 (* z00 z00)))
 (let ((?x1469 (* 12 ?x420)))
 (let ((?x640 (* (- 108) x00)))
 (let ((?x55 (* z00 z00 z00)))
 (let ((?x513 (* (- 1) ?x55)))
 (let ((?x798 (* (- 6) ?x50)))
 (let ((?x1322 (* (- 144) y00)))
 (let ((?x1397 (* (- 36) z00)))
 (let ((?x64 (* 108 x)))
 (let ((?x1718 (+ ?x64 (* 144 y) (* 36 z) ?x1397 ?x1322 ?x798 ?x513 ?x640 ?x76 ?x1469 ?x505 ?x548 ?x562 ?x609)))
 (let ((?x492 (* (- 1) ?x50)))
 (let ((?x491 (* (- 12) y00)))
 (let ((?x490 (* (- 6) z00)))
 (let ((?x46 (* 6 z)))
 (let ((?x45 (* 12 y)))
 (let (($x494 (= (+ ?x45 ?x46 ?x490 ?x491 ?x492 ?x420) 0)))
 (let (($x1178 (not $x494)))
 (let (($x412 (= (+ z (* (- 6) n) (* (- 1) z00) (* 6 n00)) 0)))
 (let (($x926 (not $x412)))
 (let (($x1640 (or $x926 $x1178 (not (= ?x1718 0)) (not (= ?x721 0)) (not (= ?x1432 0)) (not (= ?x2021 0)) (not (= (* ?x1416 ?x2021) 0)))))
 (let ((?x884 (* 24 ?x629)))
 (let ((?x1404 (+ (* 10 ?x105) ?x201 (* (- 1) ?x212) ?x532 (* 108 ?x529) ?x979 ?x706 ?x581 ?x884 ?x1137 (* (- 120) ?x693) ?x774 (* (- 24) ?x723) ?x836 ?x1338 ?x1363 (* 18 ?x812) ?x871 ?x896 ?x944 ?x1124 (* (- 108) ?x961) ?x1237 ?x1304 ?x1101 ?x1161 ?x1187 ?x1264 ?x1277 ?x1281 ?x1377 ?x1384)))
 (let (($x1409 (= ?x1404 0)))
 (let ((?x966 (* 3 ?x965)))
 (let ((?x1028 (* 3 ?x775)))
 (let ((?x762 (* (- 1) ?x755)))
 (let ((?x687 (* 18 ?x686)))
 (let ((?x948 (* (- 36) ?x655)))
 (let ((?x598 (* (- 18) ?x567)))
 (let ((?x855 (* (- 6) ?x561)))
 (let ((?x536 (* 12 ?x535)))
 (let ((?x511 (* (- 18) ?x510)))
 (let ((?x533 (* (- 12) ?x504)))
 (let ((?x583 (* (- 72) y00)))
 (let ((?x71 (* 72 y)))
 (let ((?x1084 (+ ?x64 ?x71 ?x583 ?x640 (* (- 3) ?x105) ?x135 ?x533 ?x511 (* (- 18) ?x529) ?x536 ?x855 ?x598 ?x948 ?x687 (* 36 ?x693) (* (- 3) ?x701) (* 6 ?x723) ?x762 ?x1028 (* 3 (* z z00 x00)) (* (- 1) ?x812) (* (- 3) ?x897) (* 2 ?x923) (* 18 ?x961) ?x966 (* 18 ?x995) ?x1025 (* (- 2) ?x1039))))
 (let (($x1091 (= ?x1084 0)))
 (let ((?x673 (* (- 24) ?x655)))
 (let ((?x626 (* 18 ?x624)))
 (let ((?x829 (+ ?x64 ?x71 ?x583 ?x640 ?x103 (* (- 1) ?x105) ?x533 (* (- 1) ?x506) ?x536 ?x690 ?x598 ?x626 ?x630 ?x673 ?x687 (* 12 ?x693) (* (- 6) ?x723) ?x775 (* (- 18) ?x786))))
 (let (($x834 (= ?x829 0)))
 (let ((?x524 (* 6 ?x420)))
 (let (($x661 (= (+ ?x64 ?x71 ?x583 ?x513 ?x640 ?x76 ?x524 ?x505 ?x548 ?x562 ?x609) 0)))
 (let (($x1502 (and $x412 $x494 $x661 $x834 $x1091 $x1409 $x1640)))
 (let ((?x99 (* y00 z00 z00)))
 (let ((?x2576 (* (- 10) ?x99)))
 (let ((?x2491 (* 2 (* x00 z00 z00 z00))))
 (let ((?x196 (* y00 z00 z00 z00)))
 (let ((?x2039 (* x00 z00 z00)))
 (let ((?x2449 (* (- 18) ?x2039)))
 (let ((?x2401 (* (- 36) (* x00 y00 z00))))
 (let ((?x863 (* y00 z00)))
 (let ((?x2044 (* 24 ?x863)))
 (let ((?x161 (* y00 y00 z00 z00)))
 (let ((?x1793 (* (- 1) ?x161)))
 (let ((?x113 (* y00 y00 z00)))
 (let ((?x1584 (* (- 12) ?x113)))
 (let ((?x1638 (* x00 z00)))
 (let ((?x2526 (* 36 ?x1638)))
 (let ((?x653 (* x00 y00)))
 (let ((?x2091 (* 216 ?x653)))
 (let ((?x1424 (+ ?x2091 (* 108 (* ?x223 ?x237)) ?x2526 (* (- 2) (* z00 z00 z00 ?x237)) (* 18 (* z00 z00 ?x237)) ?x1584 ?x1793 (* 24 (* ?x223 ?x223)) (* 108 (* ?x237 ?x237)) (* (- 4) (* ?x223 ?x223 ?x223)) (* 18 (* y00 z00 ?x223)) ?x2044 (* (- 120) (* y00 ?x223)) (* (- 24) (* z00 ?x223)) ?x1101 (* (- 6) (* z00 ?x223 ?x223)) ?x1137 (* (- 12) (* y00 ?x223 ?x223)) ?x2401 (* (- 108) (* x00 ?x223)) ?x2449 (* (- 216) (* x00 ?x237)) ?x196 ?x2491 (* (- 216) (* y00 ?x237)) (* z00 z00 ?x223 ?x223) ?x2576 (* (- 36) (* z00 ?x237)) (* 36 (* y00 z00 ?x237)) (* 10 (* z00 z00 ?x223)) ?x1384 (* (- 1) (* z00 z00 z00 ?x223)))))
 (let ((?x1699 (+ ?x1205 (* 9 (* (+ 1 n) ?x223 ?x223 ?x237 ?x237)) (* (- 3) (* (+ 1 n) ?x223 ?x237)))))
 (let (($x1794 (not (= (* ?x1699 ?x1424) 0))))
 (let (($x508 (not (= ?x1424 0))))
 (let ((?x2298 (* (- 3) ?x99)))
 (let ((?x74 (* 108 x00)))
 (let ((?x1847 (* (- 72) z)))
 (let ((?x67 (* 72 y00)))
 (let ((?x1820 (* (- 180) y)))
 (let ((?x2505 (* (- 108) x)))
 (let ((?x2287 (* (- 3) ?x2039)))
 (let ((?x2667 (* x00 ?x1637)))
 (let ((?x747 (* (- 18) ?x2667)))
 (let ((?x2542 (* 36 ?x655)))
 (let ((?x446 (* ?x1637 ?x223)))
 (let ((?x729 (* 12 ?x446)))
 (let ((?x2698 (* z00 ?x223)))
 (let ((?x2716 (* (- 6) ?x2698)))
 (let ((?x1740 (* 6 ?x863)))
 (let ((?x2321 (* y00 ?x1637)))
 (let ((?x1112 (* (- 12) ?x2321)))
 (let ((?x2783 (* y00 z00 ?x223)))
 (let ((?x2416 (* ?x1637 ?x237)))
 (let ((?x811 (* 18 ?x2416)))
 (let ((?x2388 (* 18 ?x653)))
 (let ((?x1732 (+ ?x2388 (* 18 (* ?x223 ?x237)) ?x811 (* 3 (* z00 z00 ?x237)) ?x113 (* (- 3) (* x00 z00 ?x1637)) ?x2783 ?x1112 ?x1740 (* (- 36) (* y00 ?x223)) ?x2716 ?x729 (* 3 (* z00 ?x1637 ?x237)) (* (- 2) (* z00 ?x223 ?x223)) ?x2542 ?x747 (* (- 1) (* ?x1637 ?x223 ?x223)) (* (- 18) (* x00 ?x223)) ?x2287 ?x2505 ?x1820 ?x67 (* (- 18) (* y00 ?x237)) ?x1847 ?x74 (* (- 1) (* y00 ?x1637 ?x223)) ?x2298 (* 2 (* y00 y00 ?x1637)) (* 3 (* z00 z00 ?x223)))))
 (let ((?x1399 (* z00 z00 ?x223)))
 (let ((?x2496 (* (- 1) ?x99)))
 (let ((?x2699 (* 6 ?x2698)))
 (let ((?x1683 (* (- 6) ?x863)))
 (let ((?x2368 (* (- 18) ?x1638)))
 (let ((?x566 (* y00 z00 ?x1637)))
 (let ((?x749 (+ ?x566 ?x729 ?x811 ?x2368 (* (- 12) (* ?x223 ?x223)) ?x657 ?x747 ?x1112 ?x1683 (* (- 12) (* y00 ?x223)) ?x2505 ?x1820 ?x67 ?x2699 ?x1847 ?x74 ?x2496 (* 18 (* z00 ?x237)) (* (- 1) (* z00 ?x1637 ?x223)) ?x1399)))
 (let ((?x2504 (* (- 18) ?x863)))
 (let ((?x2325 (* 12 ?x2321)))
 (let ((?x1729 (* (- 6) ?x420)))
 (let ((?x1850 (+ (* 6 ?x446) ?x55 ?x1729 ?x2325 ?x2504 ?x2505 ?x1820 ?x67 (* 6 (* z00 ?x1637)) ?x1847 ?x74 (* (- 1) (* z00 z00 ?x1637)))))
 (let (($x1799 (= (+ ?x420 ?x491 ?x45 (* 18 z) ?x490 (* (- 1) (* ?x1637 ?x1637))) (- 36))))
 (let (($x1705 (= (+ z (* (- 1) z00) (* (- 6) n) (* 6 n00)) 0)))
 (let (($x2662 (or (not $x1705) (not $x1799) (not (= ?x1850 0)) (not (= ?x749 0)) (not (= ?x1732 0)) $x508 $x1794)))
 (let ((?x1893 (* y x)))
 (let ((?x1894 (* 108 ?x1893)))
 (let ((?x2643 (+ ?x2091 ?x1894 ?x2526 (* (- 2) (* z00 z00 z00 x)) (* 18 (* z00 z00 x)) ?x1584 ?x1793 ?x884 ?x896 ?x944 (* 18 (* y00 z00 y)) ?x2044 (* (- 120) (* y00 y)) (* (- 24) (* z00 y)) ?x1101 (* (- 6) (* z00 y y)) ?x1137 (* (- 12) (* y00 y y)) ?x2401 (* (- 108) (* x00 y)) ?x2449 (* (- 216) (* x00 x)) ?x196 ?x2491 (* (- 216) (* y00 x)) (* z00 z00 y y) ?x2576 (* (- 36) (* z00 x)) (* 36 (* y00 z00 x)) (* 10 (* z00 z00 y)) ?x1384 (* (- 1) (* z00 z00 z00 y)))))
 (let (($x2652 (= ?x2643 0)))
 (let ((?x2212 (* (- 72) y)))
 (let ((?x2020 (* x00 y)))
 (let ((?x2252 (* (- 18) ?x2020)))
 (let ((?x1557 (* x00 z)))
 (let ((?x1780 (* (- 18) ?x1557)))
 (let ((?x1516 (* z y)))
 (let ((?x2513 (* 12 ?x1516)))
 (let ((?x3065 (* z00 y)))
 (let ((?x708 (* (- 6) ?x3065)))
 (let ((?x1157 (* y00 z)))
 (let ((?x1228 (* (- 12) ?x1157)))
 (let ((?x2222 (* y00 z00 y)))
 (let ((?x1194 (* z x)))
 (let ((?x1869 (* 18 ?x1194)))
 (let ((?x1175 (+ ?x2388 (* 18 ?x1893) ?x1869 (* 3 (* z00 z00 x)) ?x113 (* (- 3) (* x00 z00 z)) ?x2222 ?x1228 ?x1740 (* (- 36) (* y00 y)) ?x708 ?x2513 (* 3 (* z00 z x)) (* (- 2) (* z00 y y)) ?x2542 ?x1780 (* (- 1) (* z y y)) ?x2252 ?x2287 ?x2505 ?x67 (* (- 18) (* y00 x)) ?x2212 ?x74 (* (- 1) (* y00 z y)) ?x2298 (* 2 (* y00 y00 z)) (* 3 (* z00 z00 y)))))
 (let ((?x1536 (* z00 z00 y)))
 (let ((?x3038 (* 6 ?x3065)))
 (let ((?x2640 (* y00 z00 z)))
 (let ((?x2443 (+ ?x2640 ?x2513 ?x1869 ?x2368 ?x1774 ?x657 ?x1780 ?x1228 ?x1683 (* (- 12) (* y00 y)) ?x2505 ?x67 ?x3038 ?x2212 ?x74 ?x2496 (* 18 (* z00 x)) (* (- 1) (* z00 z y)) ?x1536)))
 (let ((?x1181 (* 12 ?x1157)))
 (let ((?x1704 (+ (* 6 ?x1516) ?x55 ?x1729 ?x1181 ?x2504 ?x2505 ?x67 (* 6 (* z00 z)) ?x2212 ?x74 (* (- 1) (* z00 z00 z)))))
 (let (($x1143 (and $x1705 (= (+ ?x420 ?x491 ?x45 ?x46 ?x490 ?x492) 0) (= ?x1704 0) (= ?x2443 0) (= ?x1175 0) $x2652 $x2662)))
 (rewrite (= $x1143 $x1502)))))))))))))))))))))))))))))))))))))))))))))))))))))))))))))))))))))))))))))))))))))))))))))))))))))))))))))))))))))))))))))))))))))))))))))))))))))))))))))))))))))))))))))))))))))))))))))))))))))))))))))))))))))))))))))))))))))))))))))))))))))))))))))))))))))))))))))))
 ))
 (let (($x1456 (exists ((x Int) (y Int) (z Int) (n Int) )(! (let ((?x1384 (* 108 (* x00 x00))))
 (let ((?x99 (* y00 z00 z00)))
 (let ((?x2576 (* (- 10) ?x99)))
 (let ((?x2491 (* 2 (* x00 z00 z00 z00))))
 (let ((?x196 (* y00 z00 z00 z00)))
 (let ((?x2039 (* x00 z00 z00)))
 (let ((?x2449 (* (- 18) ?x2039)))
 (let ((?x2401 (* (- 36) (* x00 y00 z00))))
 (let ((?x655 (* y00 y00)))
 (let ((?x1137 (* 96 ?x655)))
 (let ((?x1101 (* 16 (* y00 y00 y00))))
 (let ((?x863 (* y00 z00)))
 (let ((?x2044 (* 24 ?x863)))
 (let ((?x161 (* y00 y00 z00 z00)))
 (let ((?x1793 (* (- 1) ?x161)))
 (let ((?x113 (* y00 y00 z00)))
 (let ((?x1584 (* (- 12) ?x113)))
 (let ((?x1638 (* x00 z00)))
 (let ((?x2526 (* 36 ?x1638)))
 (let ((?x653 (* x00 y00)))
 (let ((?x2091 (* 216 ?x653)))
 (let ((?x1424 (+ ?x2091 (* 108 (* (+ y z) (+ x y))) ?x2526 (* (- 2) (* z00 z00 z00 (+ x y))) (* 18 (* z00 z00 (+ x y))) ?x1584 ?x1793 (* 24 (* (+ y z) (+ y z))) (* 108 (* (+ x y) (+ x y))) (* (- 4) (* (+ y z) (+ y z) (+ y z))) (* 18 (* y00 z00 (+ y z))) ?x2044 (* (- 120) (* y00 (+ y z))) (* (- 24) (* z00 (+ y z))) ?x1101 (* (- 6) (* z00 (+ y z) (+ y z))) ?x1137 (* (- 12) (* y00 (+ y z) (+ y z))) ?x2401 (* (- 108) (* x00 (+ y z))) ?x2449 (* (- 216) (* x00 (+ x y))) ?x196 ?x2491 (* (- 216) (* y00 (+ x y))) (* z00 z00 (+ y z) (+ y z)) ?x2576 (* (- 36) (* z00 (+ x y))) (* 36 (* y00 z00 (+ x y))) (* 10 (* z00 z00 (+ y z))) ?x1384 (* (- 1) (* z00 z00 z00 (+ y z))))))
 (let ((?x237 (+ x y)))
 (let ((?x223 (+ y z)))
 (let ((?x2205 (+ 1 n)))
 (let ((?x1205 (* (- 1) (* (+ 6 z) (+ 6 z) ?x223 ?x223 ?x237 ?x237))))
 (let ((?x1699 (+ ?x1205 (* 9 (* ?x2205 ?x223 ?x223 ?x237 ?x237)) (* (- 3) (* ?x2205 ?x223 ?x237)))))
 (let (($x1794 (not (= (* ?x1699 ?x1424) 0))))
 (let (($x508 (not (= ?x1424 0))))
 (let ((?x2201 (* 3 ?x99)))
 (let ((?x1637 (+ 6 z)))
 (let ((?x1491 (* y00 ?x1637 ?x223)))
 (let ((?x640 (* (- 108) x00)))
 (let ((?x1421 (* 72 z)))
 (let ((?x583 (* (- 72) y00)))
 (let ((?x1429 (* 180 y)))
 (let ((?x64 (* 108 x)))
 (let ((?x2040 (* 3 ?x2039)))
 (let ((?x1917 (* ?x1637 ?x223 ?x223)))
 (let ((?x2667 (* x00 ?x1637)))
 (let ((?x2668 (* 18 ?x2667)))
 (let ((?x948 (* (- 36) ?x655)))
 (let ((?x446 (* ?x1637 ?x223)))
 (let ((?x2354 (* (- 12) ?x446)))
 (let ((?x2698 (* z00 ?x223)))
 (let ((?x2699 (* 6 ?x2698)))
 (let ((?x1683 (* (- 6) ?x863)))
 (let ((?x2321 (* y00 ?x1637)))
 (let ((?x2325 (* 12 ?x2321)))
 (let ((?x1225 (* (- 1) ?x113)))
 (let ((?x2416 (* ?x1637 ?x237)))
 (let ((?x2477 (* (- 18) ?x2416)))
 (let ((?x660 (* (- 18) ?x653)))
 (let ((?x919 (+ ?x660 (* (- 18) (* ?x223 ?x237)) ?x2477 (* (- 3) (* z00 z00 ?x237)) ?x1225 (* 3 (* x00 z00 ?x1637)) (* (- 1) (* y00 z00 ?x223)) ?x2325 ?x1683 (* 36 (* y00 ?x223)) ?x2699 ?x2354 (* (- 3) (* z00 ?x1637 ?x237)) (* 2 (* z00 ?x223 ?x223)) ?x948 ?x2668 ?x1917 (* 18 (* x00 ?x223)) ?x2040 ?x64 ?x1429 ?x583 (* 18 (* y00 ?x237)) ?x1421 ?x640 ?x1491 ?x2201 (* (- 2) (* y00 y00 ?x1637)) (* (- 3) (* z00 z00 ?x223)))))
 (let ((?x610 (* z00 ?x1637 ?x223)))
 (let ((?x2716 (* (- 6) ?x2698)))
 (let ((?x1740 (* 6 ?x863)))
 (let ((?x673 (* (- 24) ?x655)))
 (let ((?x1639 (* 18 ?x1638)))
 (let ((?x555 (+ (* (- 1) (* y00 z00 ?x1637)) ?x2354 ?x2477 ?x1639 (* 12 (* ?x223 ?x223)) ?x673 ?x2668 ?x2325 ?x1740 (* 12 (* y00 ?x223)) ?x64 ?x1429 ?x583 ?x2716 ?x1421 ?x640 ?x99 (* (- 18) (* z00 ?x237)) ?x610 (* (- 1) (* z00 z00 ?x223)))))
 (let ((?x2625 (* z00 z00 ?x1637)))
 (let ((?x864 (* 18 ?x863)))
 (let ((?x1112 (* (- 12) ?x2321)))
 (let ((?x420 (* z00 z00)))
 (let ((?x524 (* 6 ?x420)))
 (let ((?x55 (* z00 z00 z00)))
 (let ((?x513 (* (- 1) ?x55)))
 (let ((?x2638 (+ (* (- 6) ?x446) ?x513 ?x524 ?x1112 ?x864 ?x64 ?x1429 ?x583 (* (- 6) (* z00 ?x1637)) ?x1421 ?x640 ?x2625)))
 (let ((?x2323 (* ?x1637 ?x1637)))
 (let ((?x49 (* 6 z00)))
 (let ((?x1292 (* (- 12) y)))
 (let ((?x43 (* 12 y00)))
 (let ((?x580 (* (- 1) ?x420)))
 (let (($x1147 (= (+ (* (- 1) z) z00 (* 6 n) (* (- 6) n00)) 0)))
 (let (($x1687 (or (not $x1147) (not (= (+ ?x580 ?x43 ?x1292 (* (- 18) z) ?x49 ?x2323) 36)) (not (= ?x2638 0)) (not (= ?x555 0)) (not (= ?x919 0)) $x508 $x1794)))
 (let ((?x944 (* (- 4) (* y y y))))
 (let ((?x896 (* 108 (* x x))))
 (let ((?x629 (* y y)))
 (let ((?x884 (* 24 ?x629)))
 (let ((?x1893 (* y x)))
 (let ((?x1894 (* 108 ?x1893)))
 (let ((?x2643 (+ ?x2091 ?x1894 ?x2526 (* (- 2) (* z00 z00 z00 x)) (* 18 (* z00 z00 x)) ?x1584 ?x1793 ?x884 ?x896 ?x944 (* 18 (* y00 z00 y)) ?x2044 (* (- 120) (* y00 y)) (* (- 24) (* z00 y)) ?x1101 (* (- 6) (* z00 y y)) ?x1137 (* (- 12) (* y00 y y)) ?x2401 (* (- 108) (* x00 y)) ?x2449 (* (- 216) (* x00 x)) ?x196 ?x2491 (* (- 216) (* y00 x)) (* z00 z00 y y) ?x2576 (* (- 36) (* z00 x)) (* 36 (* y00 z00 x)) (* 10 (* z00 z00 y)) ?x1384 (* (- 1) (* z00 z00 z00 y)))))
 (let (($x2652 (= ?x2643 0)))
 (let ((?x2196 (* y00 z y)))
 (let ((?x71 (* 72 y)))
 (let ((?x2031 (* z y y)))
 (let ((?x1557 (* x00 z)))
 (let ((?x2296 (* 18 ?x1557)))
 (let ((?x1516 (* z y)))
 (let ((?x1778 (* (- 12) ?x1516)))
 (let ((?x3065 (* z00 y)))
 (let ((?x3038 (* 6 ?x3065)))
 (let ((?x1157 (* y00 z)))
 (let ((?x1181 (* 12 ?x1157)))
 (let ((?x1194 (* z x)))
 (let ((?x2552 (* (- 18) ?x1194)))
 (let ((?x2312 (+ ?x660 (* (- 18) ?x1893) ?x2552 (* (- 3) (* z00 z00 x)) ?x1225 (* 3 (* x00 z00 z)) (* (- 1) (* y00 z00 y)) ?x1181 ?x1683 (* 36 (* y00 y)) ?x3038 ?x1778 (* (- 3) (* z00 z x)) (* 2 (* z00 y y)) ?x948 ?x2296 ?x2031 (* 18 (* x00 y)) ?x2040 ?x64 ?x583 (* 18 (* y00 x)) ?x71 ?x640 ?x2196 ?x2201 (* (- 2) (* y00 y00 z)) (* (- 3) (* z00 z00 y)))))
 (let ((?x1202 (* z00 z y)))
 (let ((?x708 (* (- 6) ?x3065)))
 (let ((?x630 (* 12 ?x629)))
 (let ((?x1587 (+ (* (- 1) (* y00 z00 z)) ?x1778 ?x2552 ?x1639 ?x630 ?x673 ?x2296 ?x1181 ?x1740 (* 12 (* y00 y)) ?x64 ?x583 ?x708 ?x71 ?x640 ?x99 (* (- 18) (* z00 x)) ?x1202 (* (- 1) (* z00 z00 y)))))
 (let ((?x1443 (* z00 z00 z)))
 (let ((?x1228 (* (- 12) ?x1157)))
 (let ((?x1449 (+ (* (- 6) ?x1516) ?x513 ?x524 ?x1228 ?x864 ?x64 ?x583 (* (- 6) (* z00 z)) ?x71 ?x640 ?x1443)))
 (and $x1147 (= (+ ?x580 ?x43 ?x1292 (* (- 6) z) ?x49 (* z z)) 0) (= ?x1449 0) (= ?x1587 0) (= ?x2312 0) $x2652 $x1687))))))))))))))))))))))))))))))))))))))))))))))))))))))))))))))))))))))))))))))))))))))))))))))))))))))))) :qid k!44))
 ))
 (let ((?x1162 (lambda ((x Int) (y Int) (z Int) (n Int) )(let ((?x1384 (* 108 (* x00 x00))))
 (let ((?x99 (* y00 z00 z00)))
 (let ((?x2576 (* (- 10) ?x99)))
 (let ((?x2491 (* 2 (* x00 z00 z00 z00))))
 (let ((?x196 (* y00 z00 z00 z00)))
 (let ((?x2039 (* x00 z00 z00)))
 (let ((?x2449 (* (- 18) ?x2039)))
 (let ((?x2401 (* (- 36) (* x00 y00 z00))))
 (let ((?x655 (* y00 y00)))
 (let ((?x1137 (* 96 ?x655)))
 (let ((?x1101 (* 16 (* y00 y00 y00))))
 (let ((?x863 (* y00 z00)))
 (let ((?x2044 (* 24 ?x863)))
 (let ((?x161 (* y00 y00 z00 z00)))
 (let ((?x1793 (* (- 1) ?x161)))
 (let ((?x113 (* y00 y00 z00)))
 (let ((?x1584 (* (- 12) ?x113)))
 (let ((?x1638 (* x00 z00)))
 (let ((?x2526 (* 36 ?x1638)))
 (let ((?x653 (* x00 y00)))
 (let ((?x2091 (* 216 ?x653)))
 (let ((?x1424 (+ ?x2091 (* 108 (* (+ y z) (+ x y))) ?x2526 (* (- 2) (* z00 z00 z00 (+ x y))) (* 18 (* z00 z00 (+ x y))) ?x1584 ?x1793 (* 24 (* (+ y z) (+ y z))) (* 108 (* (+ x y) (+ x y))) (* (- 4) (* (+ y z) (+ y z) (+ y z))) (* 18 (* y00 z00 (+ y z))) ?x2044 (* (- 120) (* y00 (+ y z))) (* (- 24) (* z00 (+ y z))) ?x1101 (* (- 6) (* z00 (+ y z) (+ y z))) ?x1137 (* (- 12) (* y00 (+ y z) (+ y z))) ?x2401 (* (- 108) (* x00 (+ y z))) ?x2449 (* (- 216) (* x00 (+ x y))) ?x196 ?x2491 (* (- 216) (* y00 (+ x y))) (* z00 z00 (+ y z) (+ y z)) ?x2576 (* (- 36) (* z00 (+ x y))) (* 36 (* y00 z00 (+ x y))) (* 10 (* z00 z00 (+ y z))) ?x1384 (* (- 1) (* z00 z00 z00 (+ y z))))))
 (let ((?x237 (+ x y)))
 (let ((?x223 (+ y z)))
 (let ((?x2205 (+ 1 n)))
 (let ((?x1205 (* (- 1) (* (+ 6 z) (+ 6 z) ?x223 ?x223 ?x237 ?x237))))
 (let ((?x1699 (+ ?x1205 (* 9 (* ?x2205 ?x223 ?x223 ?x237 ?x237)) (* (- 3) (* ?x2205 ?x223 ?x237)))))
 (let (($x1794 (not (= (* ?x1699 ?x1424) 0))))
 (let (($x508 (not (= ?x1424 0))))
 (let ((?x2298 (* (- 3) ?x99)))
 (let ((?x74 (* 108 x00)))
 (let ((?x1847 (* (- 72) z)))
 (let ((?x67 (* 72 y00)))
 (let ((?x1820 (* (- 180) y)))
 (let ((?x2505 (* (- 108) x)))
 (let ((?x2287 (* (- 3) ?x2039)))
 (let ((?x1637 (+ 6 z)))
 (let ((?x2667 (* x00 ?x1637)))
 (let ((?x747 (* (- 18) ?x2667)))
 (let ((?x2542 (* 36 ?x655)))
 (let ((?x446 (* ?x1637 ?x223)))
 (let ((?x729 (* 12 ?x446)))
 (let ((?x2698 (* z00 ?x223)))
 (let ((?x2716 (* (- 6) ?x2698)))
 (let ((?x1740 (* 6 ?x863)))
 (let ((?x2321 (* y00 ?x1637)))
 (let ((?x1112 (* (- 12) ?x2321)))
 (let ((?x2783 (* y00 z00 ?x223)))
 (let ((?x2416 (* ?x1637 ?x237)))
 (let ((?x811 (* 18 ?x2416)))
 (let ((?x2388 (* 18 ?x653)))
 (let ((?x1732 (+ ?x2388 (* 18 (* ?x223 ?x237)) ?x811 (* 3 (* z00 z00 ?x237)) ?x113 (* (- 3) (* x00 z00 ?x1637)) ?x2783 ?x1112 ?x1740 (* (- 36) (* y00 ?x223)) ?x2716 ?x729 (* 3 (* z00 ?x1637 ?x237)) (* (- 2) (* z00 ?x223 ?x223)) ?x2542 ?x747 (* (- 1) (* ?x1637 ?x223 ?x223)) (* (- 18) (* x00 ?x223)) ?x2287 ?x2505 ?x1820 ?x67 (* (- 18) (* y00 ?x237)) ?x1847 ?x74 (* (- 1) (* y00 ?x1637 ?x223)) ?x2298 (* 2 (* y00 y00 ?x1637)) (* 3 (* z00 z00 ?x223)))))
 (let ((?x1399 (* z00 z00 ?x223)))
 (let ((?x2496 (* (- 1) ?x99)))
 (let ((?x2699 (* 6 ?x2698)))
 (let ((?x1683 (* (- 6) ?x863)))
 (let ((?x657 (* 24 ?x655)))
 (let ((?x2368 (* (- 18) ?x1638)))
 (let ((?x566 (* y00 z00 ?x1637)))
 (let ((?x749 (+ ?x566 ?x729 ?x811 ?x2368 (* (- 12) (* ?x223 ?x223)) ?x657 ?x747 ?x1112 ?x1683 (* (- 12) (* y00 ?x223)) ?x2505 ?x1820 ?x67 ?x2699 ?x1847 ?x74 ?x2496 (* 18 (* z00 ?x237)) (* (- 1) (* z00 ?x1637 ?x223)) ?x1399)))
 (let ((?x2504 (* (- 18) ?x863)))
 (let ((?x2325 (* 12 ?x2321)))
 (let ((?x420 (* z00 z00)))
 (let ((?x1729 (* (- 6) ?x420)))
 (let ((?x55 (* z00 z00 z00)))
 (let ((?x1850 (+ (* 6 ?x446) ?x55 ?x1729 ?x2325 ?x2504 ?x2505 ?x1820 ?x67 (* 6 (* z00 ?x1637)) ?x1847 ?x74 (* (- 1) (* z00 z00 ?x1637)))))
 (let ((?x490 (* (- 6) z00)))
 (let ((?x45 (* 12 y)))
 (let ((?x491 (* (- 12) y00)))
 (let (($x1799 (= (+ ?x420 ?x491 ?x45 (* 18 z) ?x490 (* (- 1) (* ?x1637 ?x1637))) (- 36))))
 (let (($x1705 (= (+ z (* (- 1) z00) (* (- 6) n) (* 6 n00)) 0)))
 (let (($x2662 (or (not $x1705) (not $x1799) (not (= ?x1850 0)) (not (= ?x749 0)) (not (= ?x1732 0)) $x508 $x1794)))
 (let ((?x944 (* (- 4) (* y y y))))
 (let ((?x896 (* 108 (* x x))))
 (let ((?x629 (* y y)))
 (let ((?x884 (* 24 ?x629)))
 (let ((?x1893 (* y x)))
 (let ((?x1894 (* 108 ?x1893)))
 (let ((?x2643 (+ ?x2091 ?x1894 ?x2526 (* (- 2) (* z00 z00 z00 x)) (* 18 (* z00 z00 x)) ?x1584 ?x1793 ?x884 ?x896 ?x944 (* 18 (* y00 z00 y)) ?x2044 (* (- 120) (* y00 y)) (* (- 24) (* z00 y)) ?x1101 (* (- 6) (* z00 y y)) ?x1137 (* (- 12) (* y00 y y)) ?x2401 (* (- 108) (* x00 y)) ?x2449 (* (- 216) (* x00 x)) ?x196 ?x2491 (* (- 216) (* y00 x)) (* z00 z00 y y) ?x2576 (* (- 36) (* z00 x)) (* 36 (* y00 z00 x)) (* 10 (* z00 z00 y)) ?x1384 (* (- 1) (* z00 z00 z00 y)))))
 (let (($x2652 (= ?x2643 0)))
 (let ((?x2212 (* (- 72) y)))
 (let ((?x2020 (* x00 y)))
 (let ((?x2252 (* (- 18) ?x2020)))
 (let ((?x1557 (* x00 z)))
 (let ((?x1780 (* (- 18) ?x1557)))
 (let ((?x1516 (* z y)))
 (let ((?x2513 (* 12 ?x1516)))
 (let ((?x3065 (* z00 y)))
 (let ((?x708 (* (- 6) ?x3065)))
 (let ((?x1157 (* y00 z)))
 (let ((?x1228 (* (- 12) ?x1157)))
 (let ((?x2222 (* y00 z00 y)))
 (let ((?x1194 (* z x)))
 (let ((?x1869 (* 18 ?x1194)))
 (let ((?x1175 (+ ?x2388 (* 18 ?x1893) ?x1869 (* 3 (* z00 z00 x)) ?x113 (* (- 3) (* x00 z00 z)) ?x2222 ?x1228 ?x1740 (* (- 36) (* y00 y)) ?x708 ?x2513 (* 3 (* z00 z x)) (* (- 2) (* z00 y y)) ?x2542 ?x1780 (* (- 1) (* z y y)) ?x2252 ?x2287 ?x2505 ?x67 (* (- 18) (* y00 x)) ?x2212 ?x74 (* (- 1) (* y00 z y)) ?x2298 (* 2 (* y00 y00 z)) (* 3 (* z00 z00 y)))))
 (let ((?x1536 (* z00 z00 y)))
 (let ((?x3038 (* 6 ?x3065)))
 (let ((?x1774 (* (- 12) ?x629)))
 (let ((?x2640 (* y00 z00 z)))
 (let ((?x2443 (+ ?x2640 ?x2513 ?x1869 ?x2368 ?x1774 ?x657 ?x1780 ?x1228 ?x1683 (* (- 12) (* y00 y)) ?x2505 ?x67 ?x3038 ?x2212 ?x74 ?x2496 (* 18 (* z00 x)) (* (- 1) (* z00 z y)) ?x1536)))
 (let ((?x1181 (* 12 ?x1157)))
 (let ((?x1704 (+ (* 6 ?x1516) ?x55 ?x1729 ?x1181 ?x2504 ?x2505 ?x67 (* 6 (* z00 z)) ?x2212 ?x74 (* (- 1) (* z00 z00 z)))))
 (let (($x2669 (= (+ ?x420 ?x491 ?x45 (* 6 z) ?x490 (* (- 1) (* z z))) 0)))
 (let (($x1143 (and $x1705 $x2669 (= ?x1704 0) (= ?x2443 0) (= ?x1175 0) $x2652 $x2662)))
 (let ((?x2201 (* 3 ?x99)))
 (let ((?x1491 (* y00 ?x1637 ?x223)))
 (let ((?x640 (* (- 108) x00)))
 (let ((?x1421 (* 72 z)))
 (let ((?x583 (* (- 72) y00)))
 (let ((?x1429 (* 180 y)))
 (let ((?x64 (* 108 x)))
 (let ((?x2040 (* 3 ?x2039)))
 (let ((?x1917 (* ?x1637 ?x223 ?x223)))
 (let ((?x2668 (* 18 ?x2667)))
 (let ((?x948 (* (- 36) ?x655)))
 (let ((?x2354 (* (- 12) ?x446)))
 (let ((?x1225 (* (- 1) ?x113)))
 (let ((?x2477 (* (- 18) ?x2416)))
 (let ((?x660 (* (- 18) ?x653)))
 (let ((?x919 (+ ?x660 (* (- 18) (* ?x223 ?x237)) ?x2477 (* (- 3) (* z00 z00 ?x237)) ?x1225 (* 3 (* x00 z00 ?x1637)) (* (- 1) ?x2783) ?x2325 ?x1683 (* 36 (* y00 ?x223)) ?x2699 ?x2354 (* (- 3) (* z00 ?x1637 ?x237)) (* 2 (* z00 ?x223 ?x223)) ?x948 ?x2668 ?x1917 (* 18 (* x00 ?x223)) ?x2040 ?x64 ?x1429 ?x583 (* 18 (* y00 ?x237)) ?x1421 ?x640 ?x1491 ?x2201 (* (- 2) (* y00 y00 ?x1637)) (* (- 3) ?x1399))))
 (let ((?x610 (* z00 ?x1637 ?x223)))
 (let ((?x673 (* (- 24) ?x655)))
 (let ((?x1639 (* 18 ?x1638)))
 (let ((?x555 (+ (* (- 1) ?x566) ?x2354 ?x2477 ?x1639 (* 12 (* ?x223 ?x223)) ?x673 ?x2668 ?x2325 ?x1740 (* 12 (* y00 ?x223)) ?x64 ?x1429 ?x583 ?x2716 ?x1421 ?x640 ?x99 (* (- 18) (* z00 ?x237)) ?x610 (* (- 1) ?x1399))))
 (let ((?x2625 (* z00 z00 ?x1637)))
 (let ((?x864 (* 18 ?x863)))
 (let ((?x524 (* 6 ?x420)))
 (let ((?x513 (* (- 1) ?x55)))
 (let ((?x2638 (+ (* (- 6) ?x446) ?x513 ?x524 ?x1112 ?x864 ?x64 ?x1429 ?x583 (* (- 6) (* z00 ?x1637)) ?x1421 ?x640 ?x2625)))
 (let ((?x2323 (* ?x1637 ?x1637)))
 (let ((?x49 (* 6 z00)))
 (let ((?x1292 (* (- 12) y)))
 (let ((?x43 (* 12 y00)))
 (let ((?x580 (* (- 1) ?x420)))
 (let (($x1147 (= (+ (* (- 1) z) z00 (* 6 n) (* (- 6) n00)) 0)))
 (let (($x1687 (or (not $x1147) (not (= (+ ?x580 ?x43 ?x1292 (* (- 18) z) ?x49 ?x2323) 36)) (not (= ?x2638 0)) (not (= ?x555 0)) (not (= ?x919 0)) $x508 $x1794)))
 (let ((?x2196 (* y00 z y)))
 (let ((?x71 (* 72 y)))
 (let ((?x2031 (* z y y)))
 (let ((?x2296 (* 18 ?x1557)))
 (let ((?x1778 (* (- 12) ?x1516)))
 (let ((?x2552 (* (- 18) ?x1194)))
 (let ((?x2312 (+ ?x660 (* (- 18) ?x1893) ?x2552 (* (- 3) (* z00 z00 x)) ?x1225 (* 3 (* x00 z00 z)) (* (- 1) ?x2222) ?x1181 ?x1683 (* 36 (* y00 y)) ?x3038 ?x1778 (* (- 3) (* z00 z x)) (* 2 (* z00 y y)) ?x948 ?x2296 ?x2031 (* 18 ?x2020) ?x2040 ?x64 ?x583 (* 18 (* y00 x)) ?x71 ?x640 ?x2196 ?x2201 (* (- 2) (* y00 y00 z)) (* (- 3) ?x1536))))
 (let ((?x1202 (* z00 z y)))
 (let ((?x630 (* 12 ?x629)))
 (let ((?x1587 (+ (* (- 1) ?x2640) ?x1778 ?x2552 ?x1639 ?x630 ?x673 ?x2296 ?x1181 ?x1740 (* 12 (* y00 y)) ?x64 ?x583 ?x708 ?x71 ?x640 ?x99 (* (- 18) (* z00 x)) ?x1202 (* (- 1) ?x1536))))
 (let ((?x1443 (* z00 z00 z)))
 (let ((?x1449 (+ (* (- 6) ?x1516) ?x513 ?x524 ?x1228 ?x864 ?x64 ?x583 (* (- 6) (* z00 z)) ?x71 ?x640 ?x1443)))
 (let (($x1801 (and $x1147 (= (+ ?x580 ?x43 ?x1292 (* (- 6) z) ?x49 (* z z)) 0) (= ?x1449 0) (= ?x1587 0) (= ?x2312 0) $x2652 $x1687)))
 (rewrite (= $x1801 $x1143))))))))))))))))))))))))))))))))))))))))))))))))))))))))))))))))))))))))))))))))))))))))))))))))))))))))))))))))))))))))))))))))))))))))))))))))))))))))
 ))
 (let (($x367 (exists ((x Int) (y Int) (z Int) (n Int) )(! (let ((?x210 (* 108 x00 x00)))
 (let ((?x204 (* 10 y00 z00 z00)))
 (let ((?x197 (* 2 x00 z00 z00 z00)))
 (let ((?x196 (* y00 z00 z00 z00)))
 (let ((?x189 (* 18 x00 z00 z00)))
 (let ((?x187 (* 36 x00 y00 z00)))
 (let ((?x184 (* 96 y00 y00)))
 (let ((?x179 (* 16 y00 y00 y00)))
 (let ((?x171 (* 24 y00 z00)))
 (let ((?x161 (* y00 y00 z00 z00)))
 (let ((?x160 (* 12 y00 y00 z00)))
 (let ((?x154 (* 36 x00 z00)))
 (let ((?x152 (* 216 x00 y00)))
 (let ((?x313 (- (+ ?x152 (* 108 (+ x y) (+ y z)) ?x154) (* 2 (+ x y) z00 z00 z00))))
 (let ((?x320 (+ (- (- (+ ?x313 (* 18 (+ x y) z00 z00)) ?x160) ?x161) (* 24 (+ y z) (+ y z)) (* 108 (+ x y) (+ x y)))))
 (let ((?x324 (+ (- ?x320 (* 4 (+ y z) (+ y z) (+ y z))) (* 18 (+ y z) y00 z00) ?x171)))
 (let ((?x328 (- (- ?x324 (* 120 (+ y z) y00)) (* 24 (+ y z) z00))))
 (let ((?x332 (+ (- (+ ?x328 ?x179) (* 6 (+ y z) (+ y z) z00)) ?x184)))
 (let ((?x338 (- (- (- ?x332 (* 12 (+ y z) (+ y z) y00)) ?x187) (* 108 x00 (+ y z)))))
 (let ((?x343 (- (+ (- (- ?x338 ?x189) (* 216 (+ x y) x00)) ?x196 ?x197) (* 216 (+ x y) y00))))
 (let ((?x348 (- (- (+ ?x343 (* (+ y z) (+ y z) z00 z00)) ?x204) (* 36 (+ x y) z00))))
 (let ((?x351 (+ ?x348 (* 36 (+ x y) y00 z00) (* 10 (+ y z) z00 z00) ?x210)))
 (let ((?x353 (- ?x351 (* (+ y z) z00 z00 z00))))
 (let ((?x223 (+ y z)))
 (let ((?x237 (+ x y)))
 (let ((?x217 (+ n 1)))
 (let ((?x359 (+ (* (- 1) ?x237 ?x237 ?x223 ?x223 (+ z 6) (+ z 6)) (* 9 ?x217 ?x237 ?x237 ?x223 ?x223))))
 (let ((?x144 (* 3 y00 z00 z00)))
 (let ((?x74 (* 108 x00)))
 (let ((?x243 (* 72 ?x223)))
 (let ((?x67 (* 72 y00)))
 (let ((?x238 (* 108 ?x237)))
 (let ((?x137 (* 3 x00 z00 z00)))
 (let ((?x215 (+ z 6)))
 (let ((?x258 (* 18 x00 ?x215)))
 (let ((?x133 (* 36 y00 y00)))
 (let ((?x251 (* 12 ?x223 ?x215)))
 (let ((?x261 (* 6 ?x223 z00)))
 (let ((?x91 (* 6 y00 z00)))
 (let ((?x235 (* 12 y00 ?x215)))
 (let ((?x113 (* y00 y00 z00)))
 (let ((?x252 (* 18 ?x237 ?x215)))
 (let ((?x279 (- (- (- (* (- 18) x00 y00) (* 18 ?x237 ?x223)) ?x252) (* 3 ?x237 z00 z00))))
 (let ((?x284 (- (+ (- ?x279 ?x113) (* 3 x00 ?x215 z00)) (* ?x223 y00 z00))))
 (let ((?x291 (- (- (+ (- (+ ?x284 ?x235) ?x91) (* 36 ?x223 y00) ?x261) ?x251) (* 3 ?x237 ?x215 z00))))
 (let ((?x297 (+ (- (+ ?x291 (* 2 ?x223 ?x223 z00)) ?x133) ?x258 (* ?x223 ?x223 ?x215) (* 18 x00 ?x223) ?x137 ?x238)))
 (let ((?x303 (+ (- (+ (- ?x297 ?x67) (* 18 ?x237 y00) ?x243) ?x74) (* ?x223 y00 ?x215) ?x144)))
 (let (($x308 (= (- (- ?x303 (* 2 y00 y00 ?x215)) (* 3 ?x223 z00 z00)) 0)))
 (let ((?x99 (* y00 z00 z00)))
 (let ((?x88 (* 24 y00 y00)))
 (let ((?x84 (* 18 x00 z00)))
 (let ((?x256 (+ (- (- (* (- 1) y00 ?x215 z00) ?x251) ?x252) ?x84 (* 12 ?x223 ?x223))))
 (let ((?x262 (- (+ (- ?x256 ?x88) ?x258 ?x235 ?x91 (* 12 ?x223 y00) ?x238) ?x67)))
 (let ((?x270 (+ (- (+ (- (+ (- ?x262 ?x261) ?x243) ?x74) ?x99) (* 18 ?x237 z00)) (* ?x223 ?x215 z00))))
 (let ((?x62 (* 18 y00 z00)))
 (let ((?x57 (* 6 z00 z00)))
 (let ((?x236 (- (+ (- (* (- 6) ?x223 ?x215) (* z00 z00 z00)) ?x57) ?x235)))
 (let ((?x245 (- (+ (- (- (+ ?x236 ?x62 ?x238) ?x67) (* 6 ?x215 z00)) ?x243) ?x74)))
 (let ((?x49 (* 6 z00)))
 (let ((?x227 (- (- (+ (* (- 1) z00 z00) (* 12 y00)) (* 12 ?x223)) (* 6 ?x215))))
 (let (($x221 (= (- (+ (* (- 1) ?x215) z00 (* 6 ?x217)) (* 6 n00)) 0)))
 (let (($x365 (or (not $x221) (not (= (+ ?x227 ?x49 (* ?x215 ?x215)) 0)) (not (= (+ ?x245 (* ?x215 z00 z00)) 0)) (not (= (- ?x270 (* ?x223 z00 z00)) 0)) (not $x308) (not (= ?x353 0)) (not (= (* (- ?x359 (* 3 ?x217 ?x237 ?x223)) ?x353) 0)))))
 (let ((?x212 (* y z00 z00 z00)))
 (let ((?x201 (* y y z00 z00)))
 (let ((?x157 (- (+ ?x152 (* 108 x y) ?x154) (* 2 x z00 z00 z00))))
 (let ((?x166 (+ (- (- (+ ?x157 (* 18 x z00 z00)) ?x160) ?x161) (* 24 y y) (* 108 x x))))
 (let ((?x172 (+ (- ?x166 (* 4 y y y)) (* 18 y y00 z00) ?x171)))
 (let ((?x182 (- (+ (- (- ?x172 (* 120 y y00)) (* 24 y z00)) ?x179) (* 6 y y z00))))
 (let ((?x193 (- (- (- (+ ?x182 ?x184) (* 12 y y y00)) ?x187) (* 108 x00 y))))
 (let ((?x200 (- (+ (- (- ?x193 ?x189) (* 216 x x00)) ?x196 ?x197) (* 216 x y00))))
 (let ((?x211 (+ (- (- (+ ?x200 ?x201) ?x204) (* 36 x z00)) (* 36 x y00 z00) (* 10 y z00 z00) ?x210)))
 (let ((?x71 (* 72 y)))
 (let ((?x64 (* 108 x)))
 (let ((?x135 (* y y z)))
 (let ((?x90 (* 18 x00 z)))
 (let ((?x80 (* 12 y z)))
 (let ((?x94 (* 6 y z00)))
 (let ((?x59 (* 12 y00 z)))
 (let ((?x120 (* y y00 z00)))
 (let ((?x81 (* 18 x z)))
 (let ((?x116 (- (- (- (* (- 18) x00 y00) (* 18 x y)) ?x81) (* 3 x z00 z00))))
 (let ((?x123 (- (+ (- (+ (- ?x116 ?x113) (* 3 x00 z z00)) ?x120) ?x59) ?x91)))
 (let ((?x129 (- (- (+ ?x123 (* 36 y y00) ?x94) ?x80) (* 3 x z z00))))
 (let ((?x138 (+ (- (+ ?x129 (* 2 y y z00)) ?x133) ?x90 ?x135 (* 18 x00 y) ?x137 ?x64)))
 (let ((?x145 (+ (- (+ (- ?x138 ?x67) (* 18 x y00) ?x71) ?x74) (* y y00 z) ?x144)))
 (let (($x150 (= (- (- ?x145 (* 2 y00 y00 z)) (* 3 y z00 z00)) 0)))
 (let ((?x105 (* y z00 z00)))
 (let ((?x103 (* y z z00)))
 (let ((?x86 (+ (- (- (* (- 1) y00 z z00) ?x80) ?x81) ?x84 (* 12 y y))))
 (let ((?x95 (- (+ (- ?x86 ?x88) ?x90 ?x59 ?x91 (* 12 y y00) ?x64) ?x67)))
 (let ((?x104 (+ (- (+ (- (+ (- ?x95 ?x94) ?x71) ?x74) ?x99) (* 18 x z00)) ?x103)))
 (let ((?x76 (* z z00 z00)))
 (let ((?x60 (- (+ (- (* (- 6) y z) (* z00 z00 z00)) ?x57) ?x59)))
 (let ((?x75 (- (+ (- (- (+ ?x60 ?x62 ?x64) ?x67) (* 6 z z00)) ?x71) ?x74)))
 (let ((?x50 (* z z)))
 (let ((?x46 (* 6 z)))
 (let ((?x48 (- (- (+ (* (- 1) z00 z00) (* 12 y00)) (* 12 y)) ?x46)))
 (let (($x39 (= (- (+ (* (- 1) z) z00 (* 6 n)) (* 6 n00)) 0)))
 (and $x39 (= (+ ?x48 ?x49 ?x50) 0) (= (+ ?x75 ?x76) 0) (= (- ?x104 ?x105) 0) $x150 (= (- ?x211 ?x212) 0) $x365))))))))))))))))))))))))))))))))))))))))))))))))))))))))))))))))))))))))))))))))))))))))))))))))))) :qid k!44))
 ))
 (let ((?x1619 (lambda ((x Int) (y Int) (z Int) (n Int) )(let ((?x1384 (* 108 (* x00 x00))))
 (let ((?x99 (* y00 z00 z00)))
 (let ((?x2576 (* (- 10) ?x99)))
 (let ((?x2491 (* 2 (* x00 z00 z00 z00))))
 (let ((?x196 (* y00 z00 z00 z00)))
 (let ((?x2039 (* x00 z00 z00)))
 (let ((?x2449 (* (- 18) ?x2039)))
 (let ((?x2401 (* (- 36) (* x00 y00 z00))))
 (let ((?x655 (* y00 y00)))
 (let ((?x1137 (* 96 ?x655)))
 (let ((?x1101 (* 16 (* y00 y00 y00))))
 (let ((?x863 (* y00 z00)))
 (let ((?x2044 (* 24 ?x863)))
 (let ((?x161 (* y00 y00 z00 z00)))
 (let ((?x1793 (* (- 1) ?x161)))
 (let ((?x113 (* y00 y00 z00)))
 (let ((?x1584 (* (- 12) ?x113)))
 (let ((?x1638 (* x00 z00)))
 (let ((?x2526 (* 36 ?x1638)))
 (let ((?x653 (* x00 y00)))
 (let ((?x2091 (* 216 ?x653)))
 (let ((?x1424 (+ ?x2091 (* 108 (* (+ y z) (+ x y))) ?x2526 (* (- 2) (* z00 z00 z00 (+ x y))) (* 18 (* z00 z00 (+ x y))) ?x1584 ?x1793 (* 24 (* (+ y z) (+ y z))) (* 108 (* (+ x y) (+ x y))) (* (- 4) (* (+ y z) (+ y z) (+ y z))) (* 18 (* y00 z00 (+ y z))) ?x2044 (* (- 120) (* y00 (+ y z))) (* (- 24) (* z00 (+ y z))) ?x1101 (* (- 6) (* z00 (+ y z) (+ y z))) ?x1137 (* (- 12) (* y00 (+ y z) (+ y z))) ?x2401 (* (- 108) (* x00 (+ y z))) ?x2449 (* (- 216) (* x00 (+ x y))) ?x196 ?x2491 (* (- 216) (* y00 (+ x y))) (* z00 z00 (+ y z) (+ y z)) ?x2576 (* (- 36) (* z00 (+ x y))) (* 36 (* y00 z00 (+ x y))) (* 10 (* z00 z00 (+ y z))) ?x1384 (* (- 1) (* z00 z00 z00 (+ y z))))))
 (let ((?x237 (+ x y)))
 (let ((?x223 (+ y z)))
 (let ((?x2205 (+ 1 n)))
 (let ((?x1205 (* (- 1) (* (+ 6 z) (+ 6 z) ?x223 ?x223 ?x237 ?x237))))
 (let ((?x1699 (+ ?x1205 (* 9 (* ?x2205 ?x223 ?x223 ?x237 ?x237)) (* (- 3) (* ?x2205 ?x223 ?x237)))))
 (let (($x1794 (not (= (* ?x1699 ?x1424) 0))))
 (let (($x508 (not (= ?x1424 0))))
 (let ((?x2201 (* 3 ?x99)))
 (let ((?x1637 (+ 6 z)))
 (let ((?x1491 (* y00 ?x1637 ?x223)))
 (let ((?x640 (* (- 108) x00)))
 (let ((?x1421 (* 72 z)))
 (let ((?x583 (* (- 72) y00)))
 (let ((?x1429 (* 180 y)))
 (let ((?x64 (* 108 x)))
 (let ((?x2040 (* 3 ?x2039)))
 (let ((?x1917 (* ?x1637 ?x223 ?x223)))
 (let ((?x2667 (* x00 ?x1637)))
 (let ((?x2668 (* 18 ?x2667)))
 (let ((?x948 (* (- 36) ?x655)))
 (let ((?x446 (* ?x1637 ?x223)))
 (let ((?x2354 (* (- 12) ?x446)))
 (let ((?x2698 (* z00 ?x223)))
 (let ((?x2699 (* 6 ?x2698)))
 (let ((?x1683 (* (- 6) ?x863)))
 (let ((?x2321 (* y00 ?x1637)))
 (let ((?x2325 (* 12 ?x2321)))
 (let ((?x1225 (* (- 1) ?x113)))
 (let ((?x2416 (* ?x1637 ?x237)))
 (let ((?x2477 (* (- 18) ?x2416)))
 (let ((?x660 (* (- 18) ?x653)))
 (let ((?x919 (+ ?x660 (* (- 18) (* ?x223 ?x237)) ?x2477 (* (- 3) (* z00 z00 ?x237)) ?x1225 (* 3 (* x00 z00 ?x1637)) (* (- 1) (* y00 z00 ?x223)) ?x2325 ?x1683 (* 36 (* y00 ?x223)) ?x2699 ?x2354 (* (- 3) (* z00 ?x1637 ?x237)) (* 2 (* z00 ?x223 ?x223)) ?x948 ?x2668 ?x1917 (* 18 (* x00 ?x223)) ?x2040 ?x64 ?x1429 ?x583 (* 18 (* y00 ?x237)) ?x1421 ?x640 ?x1491 ?x2201 (* (- 2) (* y00 y00 ?x1637)) (* (- 3) (* z00 z00 ?x223)))))
 (let ((?x610 (* z00 ?x1637 ?x223)))
 (let ((?x2716 (* (- 6) ?x2698)))
 (let ((?x1740 (* 6 ?x863)))
 (let ((?x673 (* (- 24) ?x655)))
 (let ((?x1639 (* 18 ?x1638)))
 (let ((?x555 (+ (* (- 1) (* y00 z00 ?x1637)) ?x2354 ?x2477 ?x1639 (* 12 (* ?x223 ?x223)) ?x673 ?x2668 ?x2325 ?x1740 (* 12 (* y00 ?x223)) ?x64 ?x1429 ?x583 ?x2716 ?x1421 ?x640 ?x99 (* (- 18) (* z00 ?x237)) ?x610 (* (- 1) (* z00 z00 ?x223)))))
 (let ((?x2625 (* z00 z00 ?x1637)))
 (let ((?x864 (* 18 ?x863)))
 (let ((?x1112 (* (- 12) ?x2321)))
 (let ((?x420 (* z00 z00)))
 (let ((?x524 (* 6 ?x420)))
 (let ((?x55 (* z00 z00 z00)))
 (let ((?x513 (* (- 1) ?x55)))
 (let ((?x2638 (+ (* (- 6) ?x446) ?x513 ?x524 ?x1112 ?x864 ?x64 ?x1429 ?x583 (* (- 6) (* z00 ?x1637)) ?x1421 ?x640 ?x2625)))
 (let ((?x2323 (* ?x1637 ?x1637)))
 (let ((?x49 (* 6 z00)))
 (let ((?x1292 (* (- 12) y)))
 (let ((?x43 (* 12 y00)))
 (let ((?x580 (* (- 1) ?x420)))
 (let (($x1147 (= (+ (* (- 1) z) z00 (* 6 n) (* (- 6) n00)) 0)))
 (let (($x1687 (or (not $x1147) (not (= (+ ?x580 ?x43 ?x1292 (* (- 18) z) ?x49 ?x2323) 36)) (not (= ?x2638 0)) (not (= ?x555 0)) (not (= ?x919 0)) $x508 $x1794)))
 (let ((?x944 (* (- 4) (* y y y))))
 (let ((?x896 (* 108 (* x x))))
 (let ((?x629 (* y y)))
 (let ((?x884 (* 24 ?x629)))
 (let ((?x1893 (* y x)))
 (let ((?x1894 (* 108 ?x1893)))
 (let ((?x2643 (+ ?x2091 ?x1894 ?x2526 (* (- 2) (* z00 z00 z00 x)) (* 18 (* z00 z00 x)) ?x1584 ?x1793 ?x884 ?x896 ?x944 (* 18 (* y00 z00 y)) ?x2044 (* (- 120) (* y00 y)) (* (- 24) (* z00 y)) ?x1101 (* (- 6) (* z00 y y)) ?x1137 (* (- 12) (* y00 y y)) ?x2401 (* (- 108) (* x00 y)) ?x2449 (* (- 216) (* x00 x)) ?x196 ?x2491 (* (- 216) (* y00 x)) (* z00 z00 y y) ?x2576 (* (- 36) (* z00 x)) (* 36 (* y00 z00 x)) (* 10 (* z00 z00 y)) ?x1384 (* (- 1) (* z00 z00 z00 y)))))
 (let (($x2652 (= ?x2643 0)))
 (let ((?x2196 (* y00 z y)))
 (let ((?x71 (* 72 y)))
 (let ((?x2031 (* z y y)))
 (let ((?x1557 (* x00 z)))
 (let ((?x2296 (* 18 ?x1557)))
 (let ((?x1516 (* z y)))
 (let ((?x1778 (* (- 12) ?x1516)))
 (let ((?x3065 (* z00 y)))
 (let ((?x3038 (* 6 ?x3065)))
 (let ((?x1157 (* y00 z)))
 (let ((?x1181 (* 12 ?x1157)))
 (let ((?x1194 (* z x)))
 (let ((?x2552 (* (- 18) ?x1194)))
 (let ((?x2312 (+ ?x660 (* (- 18) ?x1893) ?x2552 (* (- 3) (* z00 z00 x)) ?x1225 (* 3 (* x00 z00 z)) (* (- 1) (* y00 z00 y)) ?x1181 ?x1683 (* 36 (* y00 y)) ?x3038 ?x1778 (* (- 3) (* z00 z x)) (* 2 (* z00 y y)) ?x948 ?x2296 ?x2031 (* 18 (* x00 y)) ?x2040 ?x64 ?x583 (* 18 (* y00 x)) ?x71 ?x640 ?x2196 ?x2201 (* (- 2) (* y00 y00 z)) (* (- 3) (* z00 z00 y)))))
 (let ((?x1202 (* z00 z y)))
 (let ((?x708 (* (- 6) ?x3065)))
 (let ((?x630 (* 12 ?x629)))
 (let ((?x1587 (+ (* (- 1) (* y00 z00 z)) ?x1778 ?x2552 ?x1639 ?x630 ?x673 ?x2296 ?x1181 ?x1740 (* 12 (* y00 y)) ?x64 ?x583 ?x708 ?x71 ?x640 ?x99 (* (- 18) (* z00 x)) ?x1202 (* (- 1) (* z00 z00 y)))))
 (let ((?x1443 (* z00 z00 z)))
 (let ((?x1228 (* (- 12) ?x1157)))
 (let ((?x1449 (+ (* (- 6) ?x1516) ?x513 ?x524 ?x1228 ?x864 ?x64 ?x583 (* (- 6) (* z00 z)) ?x71 ?x640 ?x1443)))
 (let (($x1801 (and $x1147 (= (+ ?x580 ?x43 ?x1292 (* (- 6) z) ?x49 (* z z)) 0) (= ?x1449 0) (= ?x1587 0) (= ?x2312 0) $x2652 $x1687)))
 (let ((?x210 (* 108 x00 x00)))
 (let ((?x204 (* 10 y00 z00 z00)))
 (let ((?x197 (* 2 x00 z00 z00 z00)))
 (let ((?x189 (* 18 x00 z00 z00)))
 (let ((?x187 (* 36 x00 y00 z00)))
 (let ((?x184 (* 96 y00 y00)))
 (let ((?x179 (* 16 y00 y00 y00)))
 (let ((?x171 (* 24 y00 z00)))
 (let ((?x160 (* 12 y00 y00 z00)))
 (let ((?x313 (- (+ (* 216 x00 y00) (* 108 ?x237 ?x223) (* 36 x00 z00)) (* 2 ?x237 z00 z00 z00))))
 (let ((?x320 (+ (- (- (+ ?x313 (* 18 ?x237 z00 z00)) ?x160) ?x161) (* 24 ?x223 ?x223) (* 108 ?x237 ?x237))))
 (let ((?x324 (+ (- ?x320 (* 4 ?x223 ?x223 ?x223)) (* 18 ?x223 y00 z00) ?x171)))
 (let ((?x331 (- (+ (- (- ?x324 (* 120 ?x223 y00)) (* 24 ?x223 z00)) ?x179) (* 6 ?x223 ?x223 z00))))
 (let ((?x338 (- (- (- (+ ?x331 ?x184) (* 12 ?x223 ?x223 y00)) ?x187) (* 108 x00 ?x223))))
 (let ((?x343 (- (+ (- (- ?x338 ?x189) (* 216 ?x237 x00)) ?x196 ?x197) (* 216 ?x237 y00))))
 (let ((?x348 (- (- (+ ?x343 (* ?x223 ?x223 z00 z00)) ?x204) (* 36 ?x237 z00))))
 (let ((?x353 (- (+ ?x348 (* 36 ?x237 y00 z00) (* 10 ?x223 z00 z00) ?x210) (* ?x223 z00 z00 z00))))
 (let ((?x359 (+ (* (- 1) ?x237 ?x237 ?x223 ?x223 (+ z 6) (+ z 6)) (* 9 (+ n 1) ?x237 ?x237 ?x223 ?x223))))
 (let (($x364 (not (= (* (- ?x359 (* 3 (+ n 1) ?x237 ?x223)) ?x353) 0))))
 (let ((?x144 (* 3 y00 z00 z00)))
 (let ((?x74 (* 108 x00)))
 (let ((?x243 (* 72 ?x223)))
 (let ((?x67 (* 72 y00)))
 (let ((?x238 (* 108 ?x237)))
 (let ((?x137 (* 3 x00 z00 z00)))
 (let ((?x215 (+ z 6)))
 (let ((?x258 (* 18 x00 ?x215)))
 (let ((?x133 (* 36 y00 y00)))
 (let ((?x251 (* 12 ?x223 ?x215)))
 (let ((?x261 (* 6 ?x223 z00)))
 (let ((?x91 (* 6 y00 z00)))
 (let ((?x235 (* 12 y00 ?x215)))
 (let ((?x252 (* 18 ?x237 ?x215)))
 (let ((?x279 (- (- (- (* (- 18) x00 y00) (* 18 ?x237 ?x223)) ?x252) (* 3 ?x237 z00 z00))))
 (let ((?x284 (- (+ (- ?x279 ?x113) (* 3 x00 ?x215 z00)) (* ?x223 y00 z00))))
 (let ((?x291 (- (- (+ (- (+ ?x284 ?x235) ?x91) (* 36 ?x223 y00) ?x261) ?x251) (* 3 ?x237 ?x215 z00))))
 (let ((?x297 (+ (- (+ ?x291 (* 2 ?x223 ?x223 z00)) ?x133) ?x258 (* ?x223 ?x223 ?x215) (* 18 x00 ?x223) ?x137 ?x238)))
 (let ((?x303 (+ (- (+ (- ?x297 ?x67) (* 18 ?x237 y00) ?x243) ?x74) (* ?x223 y00 ?x215) ?x144)))
 (let (($x308 (= (- (- ?x303 (* 2 y00 y00 ?x215)) (* 3 ?x223 z00 z00)) 0)))
 (let ((?x88 (* 24 y00 y00)))
 (let ((?x84 (* 18 x00 z00)))
 (let ((?x256 (+ (- (- (* (- 1) y00 ?x215 z00) ?x251) ?x252) ?x84 (* 12 ?x223 ?x223))))
 (let ((?x262 (- (+ (- ?x256 ?x88) ?x258 ?x235 ?x91 (* 12 ?x223 y00) ?x238) ?x67)))
 (let ((?x270 (+ (- (+ (- (+ (- ?x262 ?x261) ?x243) ?x74) ?x99) (* 18 ?x237 z00)) (* ?x223 ?x215 z00))))
 (let ((?x62 (* 18 y00 z00)))
 (let ((?x236 (- (+ (- (* (- 6) ?x223 ?x215) ?x55) (* 6 z00 z00)) ?x235)))
 (let ((?x245 (- (+ (- (- (+ ?x236 ?x62 ?x238) ?x67) (* 6 ?x215 z00)) ?x243) ?x74)))
 (let ((?x227 (- (- (+ (* (- 1) z00 z00) ?x43) (* 12 ?x223)) (* 6 ?x215))))
 (let ((?x36 (* 6 n00)))
 (let (($x221 (= (- (+ (* (- 1) ?x215) z00 (* 6 (+ n 1))) ?x36) 0)))
 (let (($x365 (or (not $x221) (not (= (+ ?x227 ?x49 (* ?x215 ?x215)) 0)) (not (= (+ ?x245 (* ?x215 z00 z00)) 0)) (not (= (- ?x270 (* ?x223 z00 z00)) 0)) (not $x308) (not (= ?x353 0)) $x364)))
 (let ((?x212 (* y z00 z00 z00)))
 (let ((?x201 (* y y z00 z00)))
 (let ((?x157 (- (+ (* 216 x00 y00) (* 108 x y) (* 36 x00 z00)) (* 2 x z00 z00 z00))))
 (let ((?x166 (+ (- (- (+ ?x157 (* 18 x z00 z00)) ?x160) ?x161) (* 24 y y) (* 108 x x))))
 (let ((?x172 (+ (- ?x166 (* 4 y y y)) (* 18 y y00 z00) ?x171)))
 (let ((?x182 (- (+ (- (- ?x172 (* 120 y y00)) (* 24 y z00)) ?x179) (* 6 y y z00))))
 (let ((?x193 (- (- (- (+ ?x182 ?x184) (* 12 y y y00)) ?x187) (* 108 x00 y))))
 (let ((?x200 (- (+ (- (- ?x193 ?x189) (* 216 x x00)) ?x196 ?x197) (* 216 x y00))))
 (let ((?x211 (+ (- (- (+ ?x200 ?x201) ?x204) (* 36 x z00)) (* 36 x y00 z00) (* 10 y z00 z00) ?x210)))
 (let ((?x135 (* y y z)))
 (let ((?x90 (* 18 x00 z)))
 (let ((?x80 (* 12 y z)))
 (let ((?x94 (* 6 y z00)))
 (let ((?x59 (* 12 y00 z)))
 (let ((?x120 (* y y00 z00)))
 (let ((?x81 (* 18 x z)))
 (let ((?x116 (- (- (- (* (- 18) x00 y00) (* 18 x y)) ?x81) (* 3 x z00 z00))))
 (let ((?x123 (- (+ (- (+ (- ?x116 ?x113) (* 3 x00 z z00)) ?x120) ?x59) ?x91)))
 (let ((?x129 (- (- (+ ?x123 (* 36 y y00) ?x94) ?x80) (* 3 x z z00))))
 (let ((?x138 (+ (- (+ ?x129 (* 2 y y z00)) ?x133) ?x90 ?x135 (* 18 x00 y) ?x137 ?x64)))
 (let ((?x145 (+ (- (+ (- ?x138 ?x67) (* 18 x y00) ?x71) ?x74) (* y y00 z) ?x144)))
 (let (($x150 (= (- (- ?x145 (* 2 y00 y00 z)) (* 3 y z00 z00)) 0)))
 (let ((?x105 (* y z00 z00)))
 (let ((?x103 (* y z z00)))
 (let ((?x86 (+ (- (- (* (- 1) y00 z z00) ?x80) ?x81) ?x84 (* 12 y y))))
 (let ((?x95 (- (+ (- ?x86 ?x88) ?x90 ?x59 ?x91 (* 12 y y00) ?x64) ?x67)))
 (let ((?x104 (+ (- (+ (- (+ (- ?x95 ?x94) ?x71) ?x74) ?x99) (* 18 x z00)) ?x103)))
 (let ((?x76 (* z z00 z00)))
 (let ((?x60 (- (+ (- (* (- 6) y z) ?x55) (* 6 z00 z00)) ?x59)))
 (let ((?x75 (- (+ (- (- (+ ?x60 ?x62 ?x64) ?x67) (* 6 z z00)) ?x71) ?x74)))
 (let ((?x50 (* z z)))
 (let ((?x46 (* 6 z)))
 (let ((?x51 (+ (- (- (+ (* (- 1) z00 z00) ?x43) (* 12 y)) ?x46) ?x49 ?x50)))
 (let (($x366 (and (= (- (+ (* (- 1) z) z00 (* 6 n)) ?x36) 0) (= ?x51 0) (= (+ ?x75 ?x76) 0) (= (- ?x104 ?x105) 0) $x150 (= (- ?x211 ?x212) 0) $x365)))
 (rewrite (= $x366 $x1801)))))))))))))))))))))))))))))))))))))))))))))))))))))))))))))))))))))))))))))))))))))))))))))))))))))))))))))))))))))))))))))))))))))))))))))))))))))))))))))))))))))))))))))))))))))))))))))))))
 ))
 (let ((@x368 (asserted $x367)))
 (let ((@x1006 (mp (mp @x368 (quant-intro (proof-bind ?x1619) (= $x367 $x1456)) $x1456) (rewrite (= $x1456 $x1456)) $x1456)))
 (let ((@x1503 (mp (mp @x1006 (quant-intro (proof-bind ?x1162) (= $x1456 $x2665)) $x2665) (quant-intro (proof-bind ?x2090) (= $x2665 $x735)) $x735)))
 (let ((@x2588 (mp (mp~ @x1503 (sk (~ $x735 $x997)) $x997) (rewrite (= $x997 $x633)) $x633)))
 (let ((@x850 (and-elim @x2588 $x2352)))
 (let ((@x2803 (unit-resolution ((_ th-lemma arith triangle-eq) (or (not $x2352) $x1738)) @x850 $x1738)))
 (let (($x2192 (>= ?x1720 0)))
 (let ((@x2102 (unit-resolution ((_ th-lemma arith triangle-eq) (or (not $x2352) $x2192)) @x850 $x2192)))
 (let (($x1014 (<= ?x2387 0)))
 (let ((@x1441 (and-elim @x2588 $x2049)))
 (let ((@x914 (unit-resolution ((_ th-lemma arith triangle-eq) (or (not $x2049) $x1014)) @x1441 $x1014)))
 (let (($x1000 (>= ?x2387 0)))
 (let ((@x921 (unit-resolution ((_ th-lemma arith triangle-eq) (or (not $x2049) $x1000)) @x1441 $x1000)))
 (let (($x515 (<= ?x632 0)))
 (let ((@x858 (and-elim @x2588 $x1201)))
 (let ((@x1477 (unit-resolution ((_ th-lemma arith triangle-eq) (or (not $x1201) $x515)) @x858 $x515)))
 (let (($x1489 (>= ?x632 0)))
 (let ((@x986 (unit-resolution ((_ th-lemma arith triangle-eq) (or (not $x1201) $x1489)) @x858 $x1489)))
 (let (($x1955 (<= ?x1151 0)))
 (let ((@x1879 (and-elim @x2588 $x1937)))
 (let ((@x1599 (unit-resolution ((_ th-lemma arith triangle-eq) (or (not $x1937) $x1955)) @x1879 $x1955)))
 (let (($x2700 (>= ?x1151 0)))
 (let ((@x1603 (unit-resolution ((_ th-lemma arith triangle-eq) (or (not $x1937) $x2700)) @x1879 $x2700)))
 (let (($x2741 (<= ?x2703 0)))
 (let (($x2690 (<= ?x2043 0)))
 (let ((@x642 (and-elim @x2588 $x946)))
 (let ((@x2595 (unit-resolution ((_ th-lemma arith triangle-eq) (or $x1897 $x2690)) @x642 $x2690)))
 (let (($x1969 (>= ?x2043 0)))
 (let ((@x2379 (unit-resolution ((_ th-lemma arith triangle-eq) (or $x1897 $x1969)) @x642 $x1969)))
 (let (($x2781 (<= ?x586 0)))
 (let ((@x2012 (and-elim @x2588 $x588)))
 (let ((@x865 (unit-resolution ((_ th-lemma arith triangle-eq) (or $x1525 $x2781)) @x2012 $x2781)))
 (let (($x1947 (>= ?x586 0)))
 (let ((@x2521 (unit-resolution ((_ th-lemma arith triangle-eq) (or $x1525 $x1947)) @x2012 $x1947)))
 (let ((@x1116 ((_ th-lemma arith) (hypothesis (not $x2741)) @x2379 @x2595 @x2521 @x865 @x2379 @x2595 @x2102 @x2803 @x986 @x1477 @x1603 @x1599 @x986 @x1477 @x1603 @x1599 @x921 @x914 @x2102 @x2803 false)))
 (let ((@x2457 (lemma @x1116 $x2741)))
 (let (($x1559 (>= ?x2703 0)))
 (let ((@x2801 ((_ th-lemma arith) (hypothesis (not $x1559)) @x2379 @x2595 @x2521 @x865 @x2379 @x2595 @x2102 @x2803 @x986 @x1477 @x1603 @x1599 @x986 @x1477 @x1603 @x1599 @x921 @x914 @x2102 @x2803 false)))
 (let ((@x1843 (lemma @x2801 $x1559)))
 (let (($x1423 (not (>= ?x2435 0))))
 (let (($x1857 (<= ?x2435 0)))
 (let ((@x2587 ((_ th-lemma arith) (hypothesis (not $x1857)) @x2379 @x2595 @x1603 @x1599 @x2521 @x865 @x2379 @x2595 @x2102 @x2803 @x986 @x1477 @x986 @x1477 @x2102 @x2803 @x1603 @x1599 @x986 @x1477 @x1603 @x1599 @x921 @x914 @x2102 @x2803 false)))
 (let ((@x1484 (unit-resolution ((_ th-lemma arith triangle-eq) (or $x2731 (not $x2741) (not $x1559))) @x1843 @x2457 $x2731)))
 (let (($x2736 (<= ?x2497 0)))
 (let ((@x2796 ((_ th-lemma arith) (hypothesis (not $x2736)) @x1603 @x1599 @x2379 @x2595 @x2521 @x865 @x2379 @x2595 @x986 @x1477 @x1603 @x1599 @x2102 @x2803 @x1603 @x1599 @x986 @x1477 @x2102 @x2803 @x1603 @x1599 @x986 @x1477 @x986 @x1477 @x921 @x914 @x2102 @x2803 @x1603 @x1599 @x2379 @x2595 @x2102 @x2803 @x2521 @x865 false)))
 (let ((@x1698 (lemma @x2796 $x2736)))
 (let (($x2743 (>= ?x2497 0)))
 (let ((@x2688 ((_ th-lemma arith) (hypothesis (not $x2743)) @x1603 @x1599 @x2379 @x2595 @x2521 @x865 @x2379 @x2595 @x986 @x1477 @x1603 @x1599 @x2102 @x2803 @x1603 @x1599 @x986 @x1477 @x2102 @x2803 @x1603 @x1599 @x986 @x1477 @x986 @x1477 @x921 @x914 @x2102 @x2803 @x1603 @x1599 @x2379 @x2595 @x2102 @x2803 @x2521 @x865 false)))
 (let ((@x2561 (lemma @x2688 $x2743)))
 (let (($x1492 (>= ?x675 0)))
 (let ((@x1170 ((_ th-lemma arith eq-propagate 0 0 0) (lemma ((_ th-lemma arith farkas 1 1 1) (hypothesis (not $x1492)) @x2561 @x1698 false) $x1492) @x2561 @x1698 $x2130)))
 (let ((@x2786 (unit-resolution ((_ th-lemma arith triangle-eq) (or $x2522 (not $x2736) (not $x2743))) @x1698 @x2561 $x2522)))
 (let ((@x2511 (unit-resolution (hypothesis $x2405) ((_ th-lemma arith eq-propagate -6 -6 -1 -1) @x2521 @x865 @x921 @x914 $x1007) false)))
 (let ((@x1914 (unit-resolution (and-elim @x2588 $x3129) @x642 @x2012 (or $x2405 $x1379 $x1419 $x1566 $x2198))))
 (let ((@x1138 (unit-resolution (unit-resolution @x1914 (lemma @x2511 $x1007) @x2786 @x1170 (or $x1379 $x1419)) @x1484 $x1419)))
 (let ((@x1172 (unit-resolution ((_ th-lemma arith triangle-eq) (or $x2591 (not $x1857) $x1423)) @x1138 (lemma @x2587 $x1857) $x1423)))
 ((_ th-lemma arith) @x1172 @x1843 @x2457 @x2379 @x2595 @x2521 @x865 @x2379 @x2595 @x1843 @x2457 @x986 @x1477 @x1603 @x1599 @x1603 @x1599 @x986 @x1477 @x2102 @x2803 @x921 @x914 @x2102 @x2803 false)))))))))))))))))))))))))))))))))))))))))))))))))))))))))))))))))))))))))))))))))))))))))))))))))))))))))))))))))))))))))))))))))))))))))))))))))))))))))))))))))))))))))))))))))))))))))))))))))))))))))))))))))))))))))))))))))))))))))))))))))))))))))))))))))))))))))))))))))))))))))))))))))))))))))

(:added-eqs                 12
 :arith-assert-diseq        13
 :arith-assert-lower        117
 :arith-assert-upper        29
 :arith-conflicts           7
 :arith-eq-adapter          11
 :arith-fixed-eqs           2
 :arith-gcd-tests           5
 :arith-grobner             6
 :arith-max-min             2238
 :arith-nonlinear-bounds    101
 :arith-nonlinear-horner    73
 :arith-num-rows            14
 :arith-patches             5
 :arith-patches_succ        5
 :arith-pivots              10
 :arith-pseudo-nonlinear    2
 :arith-row-summations      20
 :arith-tableau-max-columns 141
 :arith-tableau-max-rows    14
 :conflicts                 8
 :decisions                 21
 :del-clause                39
 :final-checks              13
 :max-memory                7.26
 :memory                    3.52
 :mk-bool-var               39
 :mk-clause                 39
 :num-allocs                5646602889.00
 :num-checks                1
 :propagations              54
 :rlimit-count              4054112
 :time                      4.10
 :total-time                4.11)
