unsat
((set-logic NIA)
(declare-fun x!3 () Int)
(declare-fun z!1 () Int)
(declare-fun y!2 () Int)
(declare-fun n!0 () Int)
(proof
(let ((?x2438 (* y00 x!3)))
 (let ((?x1116 (* (- 18) ?x2438)))
 (let ((?x2426 (* x00 z!1)))
 (let ((?x2019 (* (- 18) ?x2426)))
 (let ((?x2183 (* z00 z00 x!3)))
 (let ((?x1523 (* 3 ?x2183)))
 (let ((?x2159 (* x00 y!2)))
 (let ((?x1534 (* (- 18) ?x2159)))
 (let ((?x2151 (* z!1 y!2)))
 (let ((?x2016 (* 12 ?x2151)))
 (let ((?x2241 (* (- 72) y!2)))
 (let ((?x1954 (* z00 y00 y!2)))
 (let ((?x1620 (* y00 z!1)))
 (let ((?x1007 (* (- 12) ?x1620)))
 (let ((?x1568 (* z!1 y!2 y!2)))
 (let ((?x2437 (* (- 1) ?x1568)))
 (let ((?x1446 (* x!3 z!1)))
 (let ((?x2494 (* 18 ?x1446)))
 (let ((?x1189 (* x!3 y!2)))
 (let ((?x1722 (* 18 ?x1189)))
 (let ((?x2476 (* (- 3) (* z00 x00 z!1))))
 (let ((?x2472 (* 3 (* z00 x!3 z!1))))
 (let ((?x963 (* z00 z00 x00)))
 (let ((?x2285 (* (- 3) ?x963)))
 (let ((?x2346 (* 2 (* y00 y00 z!1))))
 (let ((?x805 (* z00 y!2 y!2)))
 (let ((?x2345 (* (- 2) ?x805)))
 (let ((?x582 (* (- 108) x!3)))
 (let ((?x773 (* z00 z00 y00)))
 (let ((?x2283 (* (- 3) ?x773)))
 (let ((?x753 (* z00 y00 y00)))
 (let ((?x719 (* y00 z!1 y!2)))
 (let ((?x2344 (* (- 1) ?x719)))
 (let ((?x653 (* y00 y00)))
 (let ((?x2576 (* 36 ?x653)))
 (let ((?x559 (* z00 y00)))
 (let ((?x688 (* 6 ?x559)))
 (let ((?x508 (* y00 x00)))
 (let ((?x2274 (* 18 ?x508)))
 (let ((?x74 (* 108 x00)))
 (let ((?x67 (* 72 y00)))
 (let ((?x1123 (+ ?x67 ?x74 ?x2274 ?x688 ?x2576 ?x2344 ?x753 ?x2283 ?x582 ?x2345 ?x2346 ?x2285 (* (- 36) (* y00 y!2)) ?x2472 ?x2476 ?x1722 ?x2494 ?x2437 ?x1007 (* (- 6) (* z00 y!2)) ?x1954 (* 3 (* z00 z00 y!2)) ?x2241 ?x2016 ?x1534 ?x1523 ?x2019 ?x1116)))
 (let (($x426 (<= ?x1123 0)))
 (let (($x1067 (= ?x1123 0)))
 (let ((?x2101 (* (- 12) y!2)))
 (let ((?x2255 (* (- 6) z!1)))
 (let ((?x1075 (* z!1 z!1)))
 (let ((?x418 (* z00 z00)))
 (let ((?x419 (* (- 1) ?x418)))
 (let ((?x43 (* 12 y00)))
 (let ((?x49 (* 6 z00)))
 (let ((?x1132 (+ ?x49 ?x43 ?x419 ?x1075 ?x2255 ?x2101)))
 (let ((?x1798 (* 54 y!2)))
 (let ((?x1803 (* 54 z!1)))
 (let ((?x515 (+ x!3 y!2)))
 (let ((?x736 (+ z!1 y!2)))
 (let ((?x1040 (+ 6 z!1)))
 (let ((?x991 (+ 1 n!0)))
 (let ((?x2500 (* 9 ?x1075)))
 (let ((?x1726 (+ ?x2500 (* (- 1) (* ?x991 ?x991 ?x1040 ?x736 ?x736 ?x515 ?x515)) ?x1803 ?x1798 (* 9 ?x2151))))
 (let ((?x1120 (* ?x1726 ?x1132)))
 (let (($x1621 (= ?x1120 0)))
 (let (($x996 (not $x1621)))
 (let ((?x1180 (* 216 (* x00 x!3))))
 (let ((?x1543 (* 12 (* y00 y!2 y!2))))
 (let ((?x746 (* 216 ?x2438)))
 (let ((?x860 (* (- 18) ?x2183)))
 (let ((?x839 (* 2 (* z00 z00 z00 x!3))))
 (let ((?x1476 (* z00 x!3)))
 (let ((?x855 (* 36 ?x1476)))
 (let ((?x1381 (* x00 x00)))
 (let ((?x1192 (* (- 108) ?x1381)))
 (let ((?x1278 (* z00 z00 z00 x00)))
 (let ((?x2398 (* (- 2) ?x1278)))
 (let ((?x1275 (* z00 z00 z00 y00)))
 (let ((?x1173 (* (- 1) ?x1275)))
 (let ((?x1207 (* x!3 x!3)))
 (let ((?x1462 (* (- 108) ?x1207)))
 (let ((?x1172 (* z00 y00 x00)))
 (let ((?x2380 (* 36 ?x1172)))
 (let ((?x1098 (* y00 y00 y00)))
 (let ((?x2378 (* (- 16) ?x1098)))
 (let ((?x2783 (* (- 36) (* z00 y00 x!3))))
 (let ((?x1360 (* 18 ?x963)))
 (let ((?x851 (* z00 z00 y00 y00)))
 (let ((?x841 (* y!2 y!2 y!2)))
 (let ((?x1925 (* 4 ?x841)))
 (let ((?x2194 (* 6 ?x805)))
 (let ((?x2191 (* 10 ?x773)))
 (let ((?x2189 (* (- 1) (* z00 z00 y!2 y!2))))
 (let ((?x2447 (* 12 ?x753)))
 (let ((?x1953 (* (- 96) ?x653)))
 (let ((?x622 (* z00 x00)))
 (let ((?x677 (* (- 36) ?x622)))
 (let ((?x2542 (* (- 24) ?x559)))
 (let ((?x1162 (* (- 216) ?x508)))
 (let ((?x1224 (+ (* 3 (* z00 z00 z00 y!2)) ?x1162 (* (- 240) (* y!2 y!2)) ?x2542 ?x677 ?x1953 (* 24 ?x719) ?x2447 (* 12 (* y00 z!1 z!1)) ?x2189 ?x2191 ?x2194 (* 4 (* z!1 z!1 z!1)) ?x1925 ?x851 ?x1360 (* 336 (* y00 y!2)) ?x2783 (* (- 2) (* z00 z00 z!1 y!2)) (* (- 24) ?x1075) ?x2378 (* (- 18) (* z00 y00 z!1)) (* (- 1) (* z00 z00 z!1 z!1)) (* 12 (* z!1 z!1 y!2)) ?x2380 (* z00 z00 z00 z!1) (* (- 324) ?x1189) ?x1462 ?x1173 ?x2398 ?x1192 (* (- 108) ?x1446) ?x855 ?x839 (* 12 ?x1568) (* 120 ?x1620) (* 6 (* z00 z!1 z!1)) (* 60 (* z00 y!2)) (* (- 10) (* z00 z00 z!1)) (* (- 54) ?x1954) (* 12 (* z00 z!1 y!2)) (* (- 28) (* z00 z00 y!2)) (* (- 156) ?x2151) (* 324 ?x2159) ?x860 (* 108 ?x2426) ?x746 ?x1543 ?x1180 (* 24 (* z00 z!1)))))
 (let (($x2377 (= ?x1224 0)))
 (let (($x1009 (not $x2377)))
 (let ((?x2007 (* z00 z!1 y!2)))
 (let ((?x2005 (* (- 1) ?x2007)))
 (let ((?x872 (* 18 ?x1476)))
 (let ((?x2180 (* 36 ?x1446)))
 (let ((?x1107 (* z00 y00 z!1)))
 (let ((?x1661 (* 6 ?x1075)))
 (let ((?x818 (* z!1 z!1 z!1)))
 (let ((?x1056 (* (- 1) ?x818)))
 (let ((?x2279 (* 48 ?x653)))
 (let ((?x1816 (* (- 18) ?x622)))
 (let ((?x514 (* y!2 y!2)))
 (let ((?x1728 (* 12 ?x514)))
 (let ((?x1422 (+ ?x2274 ?x1728 ?x688 ?x1816 ?x2279 ?x2344 ?x753 (* (- 1) (* y00 z!1 z!1)) ?x2283 ?x2345 ?x1056 ?x2346 ?x2285 (* (- 60) (* y00 y!2)) ?x2472 ?x1661 ?x1107 (* (- 2) (* z!1 z!1 y!2)) ?x2476 ?x1722 ?x2180 ?x872 ?x2437 (* (- 54) ?x1620) (* (- 2) (* z00 z!1 z!1)) (* 12 (* z00 y!2)) (* 3 (* z00 z00 z!1)) ?x1954 ?x2005 (* 6 (* z00 z00 y!2)) (* 36 ?x2151) ?x1534 ?x1523 (* (- 36) ?x2426) ?x1116 (* (- 6) (* z00 z!1)))))
 (let (($x2128 (= ?x1422 0)))
 (let (($x1750 (not $x2128)))
 (let ((?x1940 (* z00 z00 z!1)))
 (let ((?x2614 (* (- 1) ?x1940)))
 (let ((?x1738 (* z00 z!1 z!1)))
 (let ((?x2412 (* (- 18) ?x1446)))
 (let ((?x671 (* (- 24) ?x653)))
 (let ((?x624 (* 18 ?x622)))
 (let ((?x1644 (+ ?x1728 ?x624 ?x671 ?x773 (* 12 (* y00 y!2)) (* (- 1) ?x1107) ?x2412 (* (- 18) ?x1476) (* 24 ?x1620) ?x1738 (* (- 18) (* z00 y!2)) ?x2614 ?x2007 (* (- 1) (* z00 z00 y!2)) (* (- 6) ?x2151) (* 18 ?x2426))))
 (let (($x1645 (= ?x1644 0)))
 (let (($x1252 (not $x1645)))
 (let ((?x2821 (* z00 z!1)))
 (let ((?x2058 (* 6 ?x2821)))
 (let ((?x2023 (* 6 ?x2151)))
 (let ((?x2612 (* 12 ?x1620)))
 (let ((?x577 (* (- 18) ?x559)))
 (let ((?x55 (* z00 z00 z00)))
 (let ((?x1425 (+ (* 36 z00) (* 144 y00) ?x55 ?x74 (* (- 12) ?x418) ?x577 ?x582 ?x1661 ?x2612 ?x2614 (* (- 36) z!1) (* (- 144) y!2) ?x2023 ?x2058)))
 (let (($x819 (= ?x1425 0)))
 (let (($x903 (not $x819)))
 (let (($x1305 (= ?x1132 0)))
 (let (($x1542 (not $x1305)))
 (let ((?x1713 (* (- 6) n00)))
 (let ((?x1121 (+ z00 ?x1713 (* (- 1) z!1) (* 6 n!0))))
 (let (($x561 (= ?x1121 0)))
 (let (($x1260 (not $x561)))
 (let (($x2638 (or $x1260 $x1542 $x903 $x1252 $x1750 $x1009 $x996)))
 (let ((?x458 (* z00 z00 z00 y!2)))
 (let ((?x1944 (+ ?x458 ?x1162 (* (- 24) ?x514) ?x2542 ?x677 ?x1953 ?x2447 ?x2189 ?x2191 ?x2194 ?x1925 ?x851 ?x1360 (* 120 (* y00 y!2)) ?x2783 ?x2378 ?x2380 (* (- 108) ?x1189) ?x1462 ?x1173 ?x2398 ?x1192 ?x855 ?x839 (* 24 (* z00 y!2)) (* (- 18) ?x1954) (* (- 10) (* z00 z00 y!2)) (* 108 ?x2159) ?x860 ?x746 ?x1543 ?x1180)))
 (let (($x1854 (= ?x1944 0)))
 (let ((?x2049 (* z00 z00 y!2)))
 (let ((?x1819 (* (- 1) ?x773)))
 (let ((?x655 (* 24 ?x653)))
 (let ((?x853 (* (- 6) ?x559)))
 (let ((?x610 (* (- 12) ?x514)))
 (let ((?x2116 (+ ?x67 ?x74 ?x610 ?x853 ?x1816 ?x655 ?x1819 ?x582 (* (- 12) (* y00 y!2)) ?x1107 ?x2494 ?x872 ?x1007 (* 6 (* z00 y!2)) ?x2005 ?x2049 ?x2241 ?x2016 ?x2019)))
 (let (($x2004 (= ?x2116 0)))
 (let ((?x2209 (* (- 6) ?x418)))
 (let ((?x2525 (+ ?x67 ?x55 ?x74 ?x2209 ?x577 ?x582 ?x2612 ?x2614 ?x2241 ?x2023 ?x2058)))
 (let (($x2048 (= ?x2525 0)))
 (let (($x1929 (and $x561 $x1305 $x2048 $x2004 $x1067 $x1854 $x2638)))
 (let ((?x2248 (* (- 1) (* ?x991 ?x991 ?x1040 (+ y!2 z!1) (+ y!2 z!1) ?x515 ?x515))))
 (let ((?x1141 (* (+ ?x1798 ?x1803 ?x2500 (* 9 (* y!2 z!1)) ?x2248) (+ ?x2101 ?x2255 ?x49 ?x43 ?x1075 ?x419))))
 (let ((?x1382 (* 108 ?x1381)))
 (let ((?x2665 (* 36 (* x!3 z00 y00))))
 (let ((?x1279 (* 2 ?x1278)))
 (let ((?x2252 (* (- 216) (* x!3 x00))))
 (let ((?x1185 (* (- 36) ?x1172)))
 (let ((?x1443 (* (- 12) (* y!2 y!2 y00))))
 (let ((?x1099 (* 16 ?x1098)))
 (let ((?x2792 (* x!3 y00)))
 (let ((?x850 (* (- 216) ?x2792)))
 (let ((?x1235 (* (- 18) ?x963)))
 (let ((?x642 (* y!2 y!2 z00)))
 (let ((?x2254 (* (- 6) ?x642)))
 (let ((?x843 (* (- 4) ?x841)))
 (let ((?x2113 (* 108 ?x1207)))
 (let ((?x869 (* (- 1) ?x851)))
 (let ((?x1778 (* x!3 z00)))
 (let ((?x1349 (* (- 36) ?x1778)))
 (let ((?x1336 (* (- 10) ?x773)))
 (let ((?x834 (* (- 12) ?x753)))
 (let ((?x1102 (* x!3 z00 z00)))
 (let ((?x2075 (* 18 ?x1102)))
 (let ((?x1135 (* 96 ?x653)))
 (let ((?x579 (* 36 ?x622)))
 (let ((?x2577 (* (- 2) (* x!3 z00 z00 z00))))
 (let ((?x977 (* 24 ?x559)))
 (let ((?x530 (* 216 ?x508)))
 (let ((?x2690 (* y!2 y!2 z00 z00)))
 (let ((?x820 (+ (* 24 ?x1075) (* 10 (* z!1 z00 z00)) (* (- 12) (* y!2 z!1 z00)) (* 28 (* y!2 z00 z00)) (* (- 12) (* y!2 y!2 z!1)) ?x2690 (* (- 3) (* y!2 z00 z00 z00)) (* 156 (* y!2 z!1)) (* 18 (* z!1 z00 y00)) ?x530 (* 324 ?x1189) (* (- 120) (* z!1 y00)) ?x977 (* 108 ?x1446) ?x2577 (* (- 24) (* z!1 z00)) ?x579 (* 240 ?x514) ?x1135 (* (- 108) (* z!1 x00)) (* (- 336) (* y!2 y00)) ?x2075 (* (- 60) (* y!2 z00)) ?x834 ?x1336 ?x1349 (* 54 (* y!2 z00 y00)) ?x869 ?x2113 ?x843 ?x2254 (* (- 324) (* y!2 x00)) ?x1235 ?x850 (* (- 24) (* y!2 z!1 y00)) ?x1099 ?x1443 ?x1185 ?x2252 ?x1275 ?x1279 ?x2665 ?x1382 (* (- 6) (* z!1 z!1 z00)) (* (- 12) (* y!2 z!1 z!1)) (* (- 4) ?x818) (* (- 12) (* z!1 z!1 y00)) (* 2 (* y!2 z!1 z00 z00)) (* z!1 z!1 z00 z00) (* (- 1) (* z!1 z00 z00 z00)))))
 (let ((?x2698 (* y!2 z00 y00)))
 (let ((?x2549 (* 18 ?x1778)))
 (let ((?x1362 (* z!1 z00)))
 (let ((?x730 (* (- 6) ?x1362)))
 (let ((?x2340 (* z!1 z00 y00)))
 (let ((?x1674 (* y!2 z!1 z00)))
 (let ((?x1403 (* (- 1) ?x1674)))
 (let ((?x1457 (+ ?x1661 (* 3 (* z!1 z00 z00)) ?x1403 (* 6 (* y!2 z00 z00)) (* (- 1) (* y!2 y!2 z!1)) (* 36 (* y!2 z!1)) ?x2340 ?x2274 ?x1722 (* (- 54) (* z!1 y00)) ?x688 ?x2180 ?x730 ?x1816 ?x1728 ?x2279 (* (- 36) (* z!1 x00)) (* (- 60) (* y!2 y00)) (* 3 ?x1102) (* 12 (* y!2 z00)) ?x753 ?x2283 (* (- 3) (* z!1 z00 x00)) ?x2549 ?x2698 (* 3 (* x!3 z!1 z00)) (* (- 2) ?x642) (* (- 18) (* y!2 x00)) ?x2285 (* (- 18) ?x2792) (* (- 1) (* y!2 z!1 y00)) (* 2 (* z!1 y00 y00)) (* (- 2) (* z!1 z!1 z00)) (* (- 2) (* y!2 z!1 z!1)) ?x1056 (* (- 1) (* z!1 z!1 y00)))))
 (let ((?x731 (* y!2 z00 z00)))
 (let ((?x2247 (* z!1 z00 z00)))
 (let ((?x1499 (+ ?x2247 ?x1403 ?x731 (* 6 (* y!2 z!1)) ?x2340 (* (- 24) (* z!1 y00)) ?x2494 ?x1816 ?x610 ?x655 (* (- 18) (* z!1 x00)) (* (- 12) (* y!2 y00)) (* 18 (* y!2 z00)) ?x1819 ?x2549 (* (- 1) (* z!1 z!1 z00)))))
 (let ((?x560 (* 18 ?x559)))
 (let ((?x2264 (* z!1 y00)))
 (let ((?x448 (* (- 12) ?x2264)))
 (let ((?x2233 (* y!2 z!1)))
 (let ((?x641 (* (- 6) ?x2233)))
 (let ((?x1512 (* 12 ?x418)))
 (let ((?x638 (* (- 108) x00)))
 (let ((?x511 (* (- 1) ?x55)))
 (let ((?x1412 (* (- 144) y00)))
 (let ((?x1448 (* (- 36) z00)))
 (let ((?x1976 (* 108 x!3)))
 (let ((?x1931 (+ ?x1976 (* 144 y!2) (* 36 z!1) ?x1448 ?x1412 (* (- 6) ?x1075) ?x511 ?x638 ?x2247 ?x1512 ?x641 ?x448 ?x560 ?x730)))
 (let ((?x489 (* (- 12) y00)))
 (let ((?x488 (* (- 6) z00)))
 (let (($x1363 (= (+ (* 12 y!2) (* 6 z!1) ?x488 ?x489 (* (- 1) ?x1075) ?x418) 0)))
 (let (($x1859 (= (+ z!1 (* (- 6) n!0) (* (- 1) z00) (* 6 n00)) 0)))
 (let (($x1154 (or (not $x1859) (not $x1363) (not (= ?x1931 0)) (not (= ?x1499 0)) (not (= ?x1457 0)) (not (= ?x820 0)) (not (= ?x1141 0)))))
 (let ((?x2253 (+ (* 10 ?x731) ?x2690 (* (- 1) (* y!2 z00 z00 z00)) ?x530 (* 108 ?x1189) ?x977 ?x2577 ?x579 (* 24 ?x514) ?x1135 (* (- 120) (* y!2 y00)) ?x2075 (* (- 24) (* y!2 z00)) ?x834 ?x1336 ?x1349 (* 18 ?x2698) ?x869 ?x2113 ?x843 ?x2254 (* (- 108) (* y!2 x00)) ?x1235 ?x850 ?x1099 ?x1443 ?x1185 ?x2252 ?x1275 ?x1279 ?x2665 ?x1382)))
 (let ((?x1554 (* y!2 z!1 y00)))
 (let ((?x964 (* 3 ?x963)))
 (let ((?x1026 (* 3 ?x773)))
 (let ((?x760 (* (- 1) ?x753)))
 (let ((?x1388 (* z!1 x00)))
 (let ((?x737 (* 18 ?x1388)))
 (let ((?x946 (* (- 36) ?x653)))
 (let ((?x1445 (* 12 ?x2264)))
 (let ((?x509 (* (- 18) ?x508)))
 (let ((?x2342 (* (- 12) ?x2233)))
 (let ((?x1848 (* y!2 y!2 z!1)))
 (let ((?x581 (* (- 72) y00)))
 (let ((?x1612 (* 72 y!2)))
 (let ((?x937 (+ ?x1976 ?x1612 ?x581 ?x638 (* (- 3) ?x731) ?x1848 ?x2342 ?x509 (* (- 18) ?x1189) ?x1445 ?x853 ?x2412 ?x946 ?x737 (* 36 (* y!2 y00)) (* (- 3) ?x1102) (* 6 (* y!2 z00)) ?x760 ?x1026 (* 3 (* z!1 z00 x00)) (* (- 1) ?x2698) (* (- 3) (* x!3 z!1 z00)) (* 2 ?x642) (* 18 (* y!2 x00)) ?x964 (* 18 ?x2792) ?x1554 (* (- 2) (* z!1 y00 y00)))))
 (let ((?x1838 (+ ?x1976 ?x1612 ?x581 ?x638 ?x1674 (* (- 1) ?x731) ?x2342 (* (- 1) ?x2340) ?x1445 ?x688 ?x2412 ?x624 ?x1728 ?x671 ?x737 (* 12 (* y!2 y00)) (* (- 6) (* y!2 z00)) ?x773 (* (- 18) ?x1778))))
 (let ((?x522 (* 6 ?x418)))
 (let (($x2446 (= (+ ?x1976 ?x1612 ?x581 ?x511 ?x638 ?x2247 ?x522 ?x641 ?x448 ?x560 ?x730) 0)))
 (let (($x1167 (and $x1859 $x1363 $x2446 (= ?x1838 0) (= ?x937 0) (= ?x2253 0) $x1154)))
 (let (($x1617 (exists ((x Int) (y Int) (z Int) (n Int) )(! (let ((?x418 (* z00 z00)))
 (let ((?x419 (* (- 1) ?x418)))
 (let ((?x50 (* z z)))
 (let ((?x43 (* 12 y00)))
 (let ((?x49 (* 6 z00)))
 (let ((?x464 (* (- 6) z)))
 (let ((?x442 (* (- 12) y)))
 (let ((?x480 (+ ?x442 ?x464 ?x49 ?x43 ?x50 ?x419)))
 (let ((?x237 (+ x y)))
 (let ((?x223 (+ y z)))
 (let ((?x630 (+ 6 z)))
 (let ((?x787 (+ 1 n)))
 (let ((?x1042 (* (- 1) (* ?x787 ?x787 ?x630 ?x223 ?x223 ?x237 ?x237))))
 (let ((?x502 (* y z)))
 (let ((?x2537 (* 9 ?x502)))
 (let ((?x2533 (* 9 ?x50)))
 (let (($x1441 (= (* (+ (* 54 y) (* 54 z) ?x2533 ?x2537 ?x1042) ?x480) 0)))
 (let ((?x2833 (* (- 1) (* z z00 z00 z00))))
 (let ((?x2707 (* z z z00 z00)))
 (let ((?x2716 (* 2 (* y z z00 z00))))
 (let ((?x2156 (* z z y00)))
 (let ((?x2498 (* (- 12) ?x2156)))
 (let ((?x2026 (* z z z)))
 (let ((?x2192 (* (- 4) ?x2026)))
 (let ((?x2025 (* y z z)))
 (let ((?x2201 (* (- 12) ?x2025)))
 (let ((?x1753 (* z z z00)))
 (let ((?x2427 (* (- 6) ?x1753)))
 (let ((?x1381 (* x00 x00)))
 (let ((?x1382 (* 108 ?x1381)))
 (let ((?x1375 (* 36 (* x z00 y00))))
 (let ((?x1278 (* z00 z00 z00 x00)))
 (let ((?x1279 (* 2 ?x1278)))
 (let ((?x1275 (* z00 z00 z00 y00)))
 (let ((?x1262 (* (- 216) (* x x00))))
 (let ((?x1172 (* z00 y00 x00)))
 (let ((?x1185 (* (- 36) ?x1172)))
 (let ((?x1159 (* (- 12) (* y y y00))))
 (let ((?x1098 (* y00 y00 y00)))
 (let ((?x1099 (* 16 ?x1098)))
 (let ((?x1023 (* y z y00)))
 (let ((?x2513 (* (- 24) ?x1023)))
 (let ((?x993 (* x y00)))
 (let ((?x1302 (* (- 216) ?x993)))
 (let ((?x963 (* z00 z00 x00)))
 (let ((?x1235 (* (- 18) ?x963)))
 (let ((?x959 (* y x00)))
 (let ((?x2649 (* (- 324) ?x959)))
 (let ((?x921 (* y y z00)))
 (let ((?x1122 (* (- 6) ?x921)))
 (let ((?x942 (* (- 4) (* y y y))))
 (let ((?x894 (* 108 (* x x))))
 (let ((?x851 (* z00 z00 y00 y00)))
 (let ((?x869 (* (- 1) ?x851)))
 (let ((?x784 (* x z00)))
 (let ((?x1361 (* (- 36) ?x784)))
 (let ((?x773 (* z00 z00 y00)))
 (let ((?x1336 (* (- 10) ?x773)))
 (let ((?x753 (* z00 y00 y00)))
 (let ((?x834 (* (- 12) ?x753)))
 (let ((?x721 (* y z00)))
 (let ((?x2781 (* (- 60) ?x721)))
 (let ((?x699 (* x z00 z00)))
 (let ((?x772 (* 18 ?x699)))
 (let ((?x691 (* y y00)))
 (let ((?x2697 (* (- 336) ?x691)))
 (let ((?x684 (* z x00)))
 (let ((?x2578 (* (- 108) ?x684)))
 (let ((?x653 (* y00 y00)))
 (let ((?x1135 (* 96 ?x653)))
 (let ((?x627 (* y y)))
 (let ((?x1996 (* 240 ?x627)))
 (let ((?x622 (* z00 x00)))
 (let ((?x579 (* 36 ?x622)))
 (let ((?x594 (* z z00)))
 (let ((?x2374 (* (- 24) ?x594)))
 (let ((?x704 (* (- 2) (* x z00 z00 z00))))
 (let ((?x565 (* x z)))
 (let ((?x1208 (* 108 ?x565)))
 (let ((?x559 (* z00 y00)))
 (let ((?x977 (* 24 ?x559)))
 (let ((?x533 (* z y00)))
 (let ((?x2336 (* (- 120) ?x533)))
 (let ((?x508 (* y00 x00)))
 (let ((?x530 (* 216 ?x508)))
 (let ((?x212 (* y z00 z00 z00)))
 (let ((?x2840 (* (- 3) ?x212)))
 (let ((?x201 (* y y z00 z00)))
 (let ((?x135 (* y y z)))
 (let ((?x2200 (* (- 12) ?x135)))
 (let ((?x105 (* y z00 z00)))
 (let ((?x2813 (* 28 ?x105)))
 (let ((?x103 (* y z z00)))
 (let ((?x2442 (* (- 12) ?x103)))
 (let ((?x76 (* z z00 z00)))
 (let ((?x2800 (* 10 ?x76)))
 (let ((?x1919 (* 24 ?x50)))
 (let ((?x1634 (+ ?x1919 ?x2800 ?x2442 ?x2813 ?x2200 ?x201 ?x2840 (* 156 ?x502) (* 18 (* z z00 y00)) ?x530 (* 324 (* x y)) ?x2336 ?x977 ?x1208 ?x704 ?x2374 ?x579 ?x1996 ?x1135 ?x2578 ?x2697 ?x772 ?x2781 ?x834 ?x1336 ?x1361 (* 54 (* y z00 y00)) ?x869 ?x894 ?x942 ?x1122 ?x2649 ?x1235 ?x1302 ?x2513 ?x1099 ?x1159 ?x1185 ?x1262 ?x1275 ?x1279 ?x1375 ?x1382 ?x2427 ?x2201 ?x2192 ?x2498 ?x2716 ?x2707 ?x2833)))
 (let ((?x2296 (* (- 1) ?x2156)))
 (let ((?x2294 (* (- 1) ?x2026)))
 (let ((?x2293 (* (- 2) ?x2025)))
 (let ((?x2290 (* (- 2) ?x1753)))
 (let ((?x1037 (* z y00 y00)))
 (let ((?x1038 (* 2 ?x1037)))
 (let ((?x2287 (* (- 1) ?x1023)))
 (let ((?x2286 (* (- 18) ?x993)))
 (let ((?x2285 (* (- 3) ?x963)))
 (let ((?x2284 (* (- 2) ?x921)))
 (let ((?x895 (* x z z00)))
 (let ((?x896 (* 3 ?x895)))
 (let ((?x810 (* y z00 y00)))
 (let ((?x785 (* 18 ?x784)))
 (let ((?x2283 (* (- 3) ?x773)))
 (let ((?x2282 (* 12 ?x721)))
 (let ((?x700 (* 3 ?x699)))
 (let ((?x2281 (* (- 60) ?x691)))
 (let ((?x2279 (* 48 ?x653)))
 (let ((?x628 (* 12 ?x627)))
 (let ((?x1816 (* (- 18) ?x622)))
 (let ((?x607 (* (- 6) ?x594)))
 (let ((?x2277 (* 36 ?x565)))
 (let ((?x688 (* 6 ?x559)))
 (let ((?x527 (* x y)))
 (let ((?x529 (* 18 ?x527)))
 (let ((?x2274 (* 18 ?x508)))
 (let ((?x504 (* z z00 y00)))
 (let ((?x2273 (* 36 ?x502)))
 (let ((?x2272 (* (- 1) ?x135)))
 (let ((?x2271 (* 6 ?x105)))
 (let ((?x1815 (* (- 1) ?x103)))
 (let ((?x2229 (* 3 ?x76)))
 (let ((?x2047 (* 6 ?x50)))
 (let ((?x1616 (+ ?x2047 ?x2229 ?x1815 ?x2271 ?x2272 ?x2273 ?x504 ?x2274 ?x529 (* (- 54) ?x533) ?x688 ?x2277 ?x607 ?x1816 ?x628 ?x2279 (* (- 36) ?x684) ?x2281 ?x700 ?x2282 ?x753 ?x2283 (* (- 3) (* z z00 x00)) ?x785 ?x810 ?x896 ?x2284 (* (- 18) ?x959) ?x2285 ?x2286 ?x2287 ?x1038 ?x2290 ?x2293 ?x2294 ?x2296)))
 (let ((?x1824 (* (- 1) ?x1753)))
 (let ((?x1819 (* (- 1) ?x773)))
 (let ((?x1710 (* 18 ?x721)))
 (let ((?x1818 (* (- 12) ?x691)))
 (let ((?x655 (* 24 ?x653)))
 (let ((?x1817 (* (- 12) ?x627)))
 (let ((?x567 (* 18 ?x565)))
 (let ((?x1292 (+ ?x76 ?x1815 ?x105 (* 6 ?x502) ?x504 (* (- 24) ?x533) ?x567 ?x1816 ?x1817 ?x655 (* (- 18) ?x684) ?x1818 ?x1710 ?x1819 ?x785 ?x1824)))
 (let ((?x560 (* 18 ?x559)))
 (let ((?x546 (* (- 12) ?x533)))
 (let ((?x503 (* (- 6) ?x502)))
 (let ((?x1512 (* 12 ?x418)))
 (let ((?x638 (* (- 108) x00)))
 (let ((?x55 (* z00 z00 z00)))
 (let ((?x511 (* (- 1) ?x55)))
 (let ((?x1183 (* (- 6) ?x50)))
 (let ((?x1412 (* (- 144) y00)))
 (let ((?x1448 (* (- 36) z00)))
 (let ((?x64 (* 108 x)))
 (let ((?x2797 (+ ?x64 (* 144 y) (* 36 z) ?x1448 ?x1412 ?x1183 ?x511 ?x638 ?x76 ?x1512 ?x503 ?x546 ?x560 ?x607)))
 (let ((?x490 (* (- 1) ?x50)))
 (let ((?x489 (* (- 12) y00)))
 (let ((?x488 (* (- 6) z00)))
 (let ((?x46 (* 6 z)))
 (let ((?x45 (* 12 y)))
 (let (($x492 (= (+ ?x45 ?x46 ?x488 ?x489 ?x490 ?x418) 0)))
 (let (($x1176 (not $x492)))
 (let (($x410 (= (+ z (* (- 6) n) (* (- 1) z00) (* 6 n00)) 0)))
 (let (($x924 (not $x410)))
 (let (($x1434 (or $x924 $x1176 (not (= ?x2797 0)) (not (= ?x1292 0)) (not (= ?x1616 0)) (not (= ?x1634 0)) (not $x1441))))
 (let ((?x882 (* 24 ?x627)))
 (let ((?x1402 (+ (* 10 ?x105) ?x201 (* (- 1) ?x212) ?x530 (* 108 ?x527) ?x977 ?x704 ?x579 ?x882 ?x1135 (* (- 120) ?x691) ?x772 (* (- 24) ?x721) ?x834 ?x1336 ?x1361 (* 18 ?x810) ?x869 ?x894 ?x942 ?x1122 (* (- 108) ?x959) ?x1235 ?x1302 ?x1099 ?x1159 ?x1185 ?x1262 ?x1275 ?x1279 ?x1375 ?x1382)))
 (let (($x1407 (= ?x1402 0)))
 (let ((?x964 (* 3 ?x963)))
 (let ((?x1026 (* 3 ?x773)))
 (let ((?x760 (* (- 1) ?x753)))
 (let ((?x685 (* 18 ?x684)))
 (let ((?x946 (* (- 36) ?x653)))
 (let ((?x596 (* (- 18) ?x565)))
 (let ((?x853 (* (- 6) ?x559)))
 (let ((?x534 (* 12 ?x533)))
 (let ((?x509 (* (- 18) ?x508)))
 (let ((?x531 (* (- 12) ?x502)))
 (let ((?x581 (* (- 72) y00)))
 (let ((?x71 (* 72 y)))
 (let ((?x1082 (+ ?x64 ?x71 ?x581 ?x638 (* (- 3) ?x105) ?x135 ?x531 ?x509 (* (- 18) ?x527) ?x534 ?x853 ?x596 ?x946 ?x685 (* 36 ?x691) (* (- 3) ?x699) (* 6 ?x721) ?x760 ?x1026 (* 3 (* z z00 x00)) (* (- 1) ?x810) (* (- 3) ?x895) (* 2 ?x921) (* 18 ?x959) ?x964 (* 18 ?x993) ?x1023 (* (- 2) ?x1037))))
 (let (($x1089 (= ?x1082 0)))
 (let ((?x671 (* (- 24) ?x653)))
 (let ((?x624 (* 18 ?x622)))
 (let ((?x827 (+ ?x64 ?x71 ?x581 ?x638 ?x103 (* (- 1) ?x105) ?x531 (* (- 1) ?x504) ?x534 ?x688 ?x596 ?x624 ?x628 ?x671 ?x685 (* 12 ?x691) (* (- 6) ?x721) ?x773 (* (- 18) ?x784))))
 (let (($x832 (= ?x827 0)))
 (let ((?x522 (* 6 ?x418)))
 (let (($x659 (= (+ ?x64 ?x71 ?x581 ?x511 ?x638 ?x76 ?x522 ?x503 ?x546 ?x560 ?x607) 0)))
 (and $x410 $x492 $x659 $x832 $x1089 $x1407 $x1434))))))))))))))))))))))))))))))))))))))))))))))))))))))))))))))))))))))))))))))))))))))))))))))))))))))))))))))))))))))))))))))))))))))))))))))))))))))))))))))))))))))))))))))))))))))))))) :qid k!44))
 ))
 (let (($x1469 (exists ((x Int) (y Int) (z Int) (n Int) )(! (let ((?x630 (+ 6 z)))
 (let ((?x2318 (* ?x630 ?x630)))
 (let ((?x49 (* 6 z00)))
 (let ((?x1715 (* (- 18) z)))
 (let ((?x442 (* (- 12) y)))
 (let ((?x43 (* 12 y00)))
 (let ((?x418 (* z00 z00)))
 (let ((?x419 (* (- 1) ?x418)))
 (let ((?x237 (+ x y)))
 (let ((?x223 (+ y z)))
 (let ((?x787 (+ 1 n)))
 (let ((?x1042 (* (- 1) (* ?x787 ?x787 ?x630 ?x223 ?x223 ?x237 ?x237))))
 (let ((?x2017 (* (+ ?x1042 (* 9 (* ?x630 ?x223))) (+ (- 36) ?x419 ?x43 ?x442 ?x1715 ?x49 ?x2318))))
 (let (($x923 (not (= ?x2017 0))))
 (let ((?x1381 (* x00 x00)))
 (let ((?x1382 (* 108 ?x1381)))
 (let ((?x99 (* y00 z00 z00)))
 (let ((?x1759 (* (- 10) ?x99)))
 (let ((?x1536 (* 2 (* x00 z00 z00 z00))))
 (let ((?x196 (* y00 z00 z00 z00)))
 (let ((?x608 (* x00 z00 z00)))
 (let ((?x1453 (* (- 18) ?x608)))
 (let ((?x1482 (* (- 36) (* x00 y00 z00))))
 (let ((?x653 (* y00 y00)))
 (let ((?x1135 (* 96 ?x653)))
 (let ((?x1098 (* y00 y00 y00)))
 (let ((?x1099 (* 16 ?x1098)))
 (let ((?x2129 (* y00 z00)))
 (let ((?x611 (* 24 ?x2129)))
 (let ((?x161 (* y00 y00 z00 z00)))
 (let ((?x1229 (* (- 1) ?x161)))
 (let ((?x113 (* y00 y00 z00)))
 (let ((?x808 (* (- 12) ?x113)))
 (let ((?x2592 (* x00 z00)))
 (let ((?x1165 (* 36 ?x2592)))
 (let ((?x1393 (* x00 y00)))
 (let ((?x1468 (* 216 ?x1393)))
 (let ((?x1794 (+ ?x1468 (* 108 (* ?x223 ?x237)) ?x1165 (* (- 2) (* z00 z00 z00 ?x237)) (* 18 (* z00 z00 ?x237)) ?x808 ?x1229 (* 24 (* ?x223 ?x223)) (* 108 (* ?x237 ?x237)) (* (- 4) (* ?x223 ?x223 ?x223)) (* 18 (* y00 z00 ?x223)) ?x611 (* (- 120) (* y00 ?x223)) (* (- 24) (* z00 ?x223)) ?x1099 (* (- 6) (* z00 ?x223 ?x223)) ?x1135 (* (- 12) (* y00 ?x223 ?x223)) ?x1482 (* (- 108) (* x00 ?x223)) ?x1453 (* (- 216) (* x00 ?x237)) ?x196 ?x1536 (* (- 216) (* y00 ?x237)) (* z00 z00 ?x223 ?x223) ?x1759 (* (- 36) (* z00 ?x237)) (* 36 (* y00 z00 ?x237)) (* 10 (* z00 z00 ?x223)) ?x1382 (* (- 1) (* z00 z00 z00 ?x223)))))
 (let (($x828 (not (= ?x1794 0))))
 (let ((?x1227 (* (- 3) ?x99)))
 (let ((?x74 (* 108 x00)))
 (let ((?x2173 (* (- 72) z)))
 (let ((?x67 (* 72 y00)))
 (let ((?x708 (* (- 180) y)))
 (let ((?x914 (* (- 108) x)))
 (let ((?x1972 (* (- 3) ?x608)))
 (let ((?x2145 (* x00 ?x630)))
 (let ((?x911 (* (- 18) ?x2145)))
 (let ((?x2576 (* 36 ?x653)))
 (let ((?x1751 (* ?x630 ?x223)))
 (let ((?x910 (* 12 ?x1751)))
 (let ((?x2267 (* z00 ?x223)))
 (let ((?x465 (* (- 6) ?x2267)))
 (let ((?x900 (* 6 ?x2129)))
 (let ((?x980 (* y00 ?x630)))
 (let ((?x1450 (* (- 12) ?x980)))
 (let ((?x1093 (* y00 z00 ?x223)))
 (let ((?x2065 (* ?x630 ?x237)))
 (let ((?x1910 (* 18 ?x2065)))
 (let ((?x2144 (* 18 ?x1393)))
 (let ((?x990 (+ ?x2144 (* 18 (* ?x223 ?x237)) ?x1910 (* 3 (* z00 z00 ?x237)) ?x113 (* (- 3) (* x00 z00 ?x630)) ?x1093 ?x1450 ?x900 (* (- 36) (* y00 ?x223)) ?x465 ?x910 (* 3 (* z00 ?x630 ?x237)) (* (- 2) (* z00 ?x223 ?x223)) ?x2576 ?x911 (* (- 1) (* ?x630 ?x223 ?x223)) (* (- 18) (* x00 ?x223)) ?x1972 ?x914 ?x708 ?x67 (* (- 18) (* y00 ?x237)) ?x2173 ?x74 (* (- 1) (* y00 ?x630 ?x223)) ?x1227 (* 2 (* y00 y00 ?x630)) (* 3 (* z00 z00 ?x223)))))
 (let ((?x2010 (* z00 z00 ?x223)))
 (let ((?x716 (* (- 1) ?x99)))
 (let ((?x689 (* 6 ?x2267)))
 (let ((?x715 (* (- 6) ?x2129)))
 (let ((?x655 (* 24 ?x653)))
 (let ((?x1955 (* (- 18) ?x2592)))
 (let ((?x1939 (* y00 z00 ?x630)))
 (let ((?x1006 (+ ?x1939 ?x910 ?x1910 ?x1955 (* (- 12) (* ?x223 ?x223)) ?x655 ?x911 ?x1450 ?x715 (* (- 12) (* y00 ?x223)) ?x914 ?x708 ?x67 ?x689 ?x2173 ?x74 ?x716 (* 18 (* z00 ?x237)) (* (- 1) (* z00 ?x630 ?x223)) ?x2010)))
 (let ((?x2400 (* (- 18) ?x2129)))
 (let ((?x1943 (* 12 ?x980)))
 (let ((?x2209 (* (- 6) ?x418)))
 (let ((?x55 (* z00 z00 z00)))
 (let ((?x717 (+ (* 6 ?x1751) ?x55 ?x2209 ?x1943 ?x2400 ?x914 ?x708 ?x67 (* 6 (* z00 ?x630)) ?x2173 ?x74 (* (- 1) (* z00 z00 ?x630)))))
 (let ((?x488 (* (- 6) z00)))
 (let ((?x45 (* 12 y)))
 (let ((?x489 (* (- 12) y00)))
 (let (($x1966 (not (= (+ ?x418 ?x489 ?x45 (* 18 z) ?x488 (* (- 1) ?x2318)) (- 36)))))
 (let (($x706 (= (+ z (* (- 1) z00) (* (- 6) n) (* 6 n00)) 0)))
 (let (($x1226 (or (not $x706) $x1966 (not (= ?x717 0)) (not (= ?x1006 0)) (not (= ?x990 0)) $x828 $x923)))
 (let ((?x942 (* (- 4) (* y y y))))
 (let ((?x894 (* 108 (* x x))))
 (let ((?x627 (* y y)))
 (let ((?x882 (* 24 ?x627)))
 (let ((?x1936 (* y x)))
 (let ((?x1937 (* 108 ?x1936)))
 (let ((?x2085 (+ ?x1468 ?x1937 ?x1165 (* (- 2) (* z00 z00 z00 x)) (* 18 (* z00 z00 x)) ?x808 ?x1229 ?x882 ?x894 ?x942 (* 18 (* y00 z00 y)) ?x611 (* (- 120) (* y00 y)) (* (- 24) (* z00 y)) ?x1099 (* (- 6) (* z00 y y)) ?x1135 (* (- 12) (* y00 y y)) ?x1482 (* (- 108) (* x00 y)) ?x1453 (* (- 216) (* x00 x)) ?x196 ?x1536 (* (- 216) (* y00 x)) (* z00 z00 y y) ?x1759 (* (- 36) (* z00 x)) (* 36 (* y00 z00 x)) (* 10 (* z00 z00 y)) ?x1382 (* (- 1) (* z00 z00 z00 y)))))
 (let (($x2094 (= ?x2085 0)))
 (let ((?x578 (* (- 72) y)))
 (let ((?x2063 (* x00 y)))
 (let ((?x2295 (* (- 18) ?x2063)))
 (let ((?x1600 (* x00 z)))
 (let ((?x1823 (* (- 18) ?x1600)))
 (let ((?x1559 (* z y)))
 (let ((?x1729 (* 12 ?x1559)))
 (let ((?x1011 (* z00 y)))
 (let ((?x1096 (* (- 6) ?x1011)))
 (let ((?x1284 (* y00 z)))
 (let ((?x1326 (* (- 12) ?x1284)))
 (let ((?x1704 (* y00 z00 y)))
 (let ((?x1971 (* z x)))
 (let ((?x1307 (* 18 ?x1971)))
 (let ((?x933 (+ ?x2144 (* 18 ?x1936) ?x1307 (* 3 (* z00 z00 x)) ?x113 (* (- 3) (* x00 z00 z)) ?x1704 ?x1326 ?x900 (* (- 36) (* y00 y)) ?x1096 ?x1729 (* 3 (* z00 z x)) (* (- 2) (* z00 y y)) ?x2576 ?x1823 (* (- 1) (* z y y)) ?x2295 ?x1972 ?x914 ?x67 (* (- 18) (* y00 x)) ?x578 ?x74 (* (- 1) (* y00 z y)) ?x1227 (* 2 (* y00 y00 z)) (* 3 (* z00 z00 y)))))
 (let ((?x2332 (* z00 z00 y)))
 (let ((?x1041 (* 6 ?x1011)))
 (let ((?x1817 (* (- 12) ?x627)))
 (let ((?x1294 (* y00 z00 z)))
 (let ((?x2660 (+ ?x1294 ?x1729 ?x1307 ?x1955 ?x1817 ?x655 ?x1823 ?x1326 ?x715 (* (- 12) (* y00 y)) ?x914 ?x67 ?x1041 ?x578 ?x74 ?x716 (* 18 (* z00 x)) (* (- 1) (* z00 z y)) ?x2332)))
 (let ((?x1470 (* 12 ?x1284)))
 (let ((?x2270 (+ (* 6 ?x1559) ?x55 ?x2209 ?x1470 ?x2400 ?x914 ?x67 (* 6 (* z00 z)) ?x578 ?x74 (* (- 1) (* z00 z00 z)))))
 (let (($x2170 (= (+ ?x418 ?x489 ?x45 (* 6 z) ?x488 (* (- 1) (* z z))) 0)))
 (and $x706 $x2170 (= ?x2270 0) (= ?x2660 0) (= ?x933 0) $x2094 $x1226)))))))))))))))))))))))))))))))))))))))))))))))))))))))))))))))))))))))))))))))))))))))))))))))))))))))))))))))) :qid k!44))
 ))
 (let ((?x2651 (lambda ((x Int) (y Int) (z Int) (n Int) )(let ((?x418 (* z00 z00)))
 (let ((?x419 (* (- 1) ?x418)))
 (let ((?x50 (* z z)))
 (let ((?x43 (* 12 y00)))
 (let ((?x49 (* 6 z00)))
 (let ((?x464 (* (- 6) z)))
 (let ((?x442 (* (- 12) y)))
 (let ((?x480 (+ ?x442 ?x464 ?x49 ?x43 ?x50 ?x419)))
 (let ((?x237 (+ x y)))
 (let ((?x223 (+ y z)))
 (let ((?x630 (+ 6 z)))
 (let ((?x787 (+ 1 n)))
 (let ((?x1042 (* (- 1) (* ?x787 ?x787 ?x630 ?x223 ?x223 ?x237 ?x237))))
 (let ((?x502 (* y z)))
 (let ((?x2537 (* 9 ?x502)))
 (let ((?x2533 (* 9 ?x50)))
 (let (($x1441 (= (* (+ (* 54 y) (* 54 z) ?x2533 ?x2537 ?x1042) ?x480) 0)))
 (let ((?x2833 (* (- 1) (* z z00 z00 z00))))
 (let ((?x2707 (* z z z00 z00)))
 (let ((?x2716 (* 2 (* y z z00 z00))))
 (let ((?x2156 (* z z y00)))
 (let ((?x2498 (* (- 12) ?x2156)))
 (let ((?x2026 (* z z z)))
 (let ((?x2192 (* (- 4) ?x2026)))
 (let ((?x2025 (* y z z)))
 (let ((?x2201 (* (- 12) ?x2025)))
 (let ((?x1753 (* z z z00)))
 (let ((?x2427 (* (- 6) ?x1753)))
 (let ((?x1381 (* x00 x00)))
 (let ((?x1382 (* 108 ?x1381)))
 (let ((?x1375 (* 36 (* x z00 y00))))
 (let ((?x1278 (* z00 z00 z00 x00)))
 (let ((?x1279 (* 2 ?x1278)))
 (let ((?x1275 (* z00 z00 z00 y00)))
 (let ((?x1262 (* (- 216) (* x x00))))
 (let ((?x1172 (* z00 y00 x00)))
 (let ((?x1185 (* (- 36) ?x1172)))
 (let ((?x1159 (* (- 12) (* y y y00))))
 (let ((?x1098 (* y00 y00 y00)))
 (let ((?x1099 (* 16 ?x1098)))
 (let ((?x1023 (* y z y00)))
 (let ((?x2513 (* (- 24) ?x1023)))
 (let ((?x993 (* x y00)))
 (let ((?x1302 (* (- 216) ?x993)))
 (let ((?x963 (* z00 z00 x00)))
 (let ((?x1235 (* (- 18) ?x963)))
 (let ((?x959 (* y x00)))
 (let ((?x2649 (* (- 324) ?x959)))
 (let ((?x921 (* y y z00)))
 (let ((?x1122 (* (- 6) ?x921)))
 (let ((?x942 (* (- 4) (* y y y))))
 (let ((?x894 (* 108 (* x x))))
 (let ((?x851 (* z00 z00 y00 y00)))
 (let ((?x869 (* (- 1) ?x851)))
 (let ((?x784 (* x z00)))
 (let ((?x1361 (* (- 36) ?x784)))
 (let ((?x773 (* z00 z00 y00)))
 (let ((?x1336 (* (- 10) ?x773)))
 (let ((?x753 (* z00 y00 y00)))
 (let ((?x834 (* (- 12) ?x753)))
 (let ((?x721 (* y z00)))
 (let ((?x2781 (* (- 60) ?x721)))
 (let ((?x699 (* x z00 z00)))
 (let ((?x772 (* 18 ?x699)))
 (let ((?x691 (* y y00)))
 (let ((?x2697 (* (- 336) ?x691)))
 (let ((?x684 (* z x00)))
 (let ((?x2578 (* (- 108) ?x684)))
 (let ((?x653 (* y00 y00)))
 (let ((?x1135 (* 96 ?x653)))
 (let ((?x627 (* y y)))
 (let ((?x1996 (* 240 ?x627)))
 (let ((?x622 (* z00 x00)))
 (let ((?x579 (* 36 ?x622)))
 (let ((?x594 (* z z00)))
 (let ((?x2374 (* (- 24) ?x594)))
 (let ((?x704 (* (- 2) (* x z00 z00 z00))))
 (let ((?x565 (* x z)))
 (let ((?x1208 (* 108 ?x565)))
 (let ((?x559 (* z00 y00)))
 (let ((?x977 (* 24 ?x559)))
 (let ((?x533 (* z y00)))
 (let ((?x2336 (* (- 120) ?x533)))
 (let ((?x508 (* y00 x00)))
 (let ((?x530 (* 216 ?x508)))
 (let ((?x212 (* y z00 z00 z00)))
 (let ((?x2840 (* (- 3) ?x212)))
 (let ((?x201 (* y y z00 z00)))
 (let ((?x135 (* y y z)))
 (let ((?x2200 (* (- 12) ?x135)))
 (let ((?x105 (* y z00 z00)))
 (let ((?x2813 (* 28 ?x105)))
 (let ((?x103 (* y z z00)))
 (let ((?x2442 (* (- 12) ?x103)))
 (let ((?x76 (* z z00 z00)))
 (let ((?x2800 (* 10 ?x76)))
 (let ((?x1919 (* 24 ?x50)))
 (let ((?x1634 (+ ?x1919 ?x2800 ?x2442 ?x2813 ?x2200 ?x201 ?x2840 (* 156 ?x502) (* 18 (* z z00 y00)) ?x530 (* 324 (* x y)) ?x2336 ?x977 ?x1208 ?x704 ?x2374 ?x579 ?x1996 ?x1135 ?x2578 ?x2697 ?x772 ?x2781 ?x834 ?x1336 ?x1361 (* 54 (* y z00 y00)) ?x869 ?x894 ?x942 ?x1122 ?x2649 ?x1235 ?x1302 ?x2513 ?x1099 ?x1159 ?x1185 ?x1262 ?x1275 ?x1279 ?x1375 ?x1382 ?x2427 ?x2201 ?x2192 ?x2498 ?x2716 ?x2707 ?x2833)))
 (let ((?x2296 (* (- 1) ?x2156)))
 (let ((?x2294 (* (- 1) ?x2026)))
 (let ((?x2293 (* (- 2) ?x2025)))
 (let ((?x2290 (* (- 2) ?x1753)))
 (let ((?x1037 (* z y00 y00)))
 (let ((?x1038 (* 2 ?x1037)))
 (let ((?x2287 (* (- 1) ?x1023)))
 (let ((?x2286 (* (- 18) ?x993)))
 (let ((?x2285 (* (- 3) ?x963)))
 (let ((?x2284 (* (- 2) ?x921)))
 (let ((?x895 (* x z z00)))
 (let ((?x896 (* 3 ?x895)))
 (let ((?x810 (* y z00 y00)))
 (let ((?x785 (* 18 ?x784)))
 (let ((?x2283 (* (- 3) ?x773)))
 (let ((?x2282 (* 12 ?x721)))
 (let ((?x700 (* 3 ?x699)))
 (let ((?x2281 (* (- 60) ?x691)))
 (let ((?x2279 (* 48 ?x653)))
 (let ((?x628 (* 12 ?x627)))
 (let ((?x1816 (* (- 18) ?x622)))
 (let ((?x607 (* (- 6) ?x594)))
 (let ((?x2277 (* 36 ?x565)))
 (let ((?x688 (* 6 ?x559)))
 (let ((?x527 (* x y)))
 (let ((?x529 (* 18 ?x527)))
 (let ((?x2274 (* 18 ?x508)))
 (let ((?x504 (* z z00 y00)))
 (let ((?x2273 (* 36 ?x502)))
 (let ((?x2272 (* (- 1) ?x135)))
 (let ((?x2271 (* 6 ?x105)))
 (let ((?x1815 (* (- 1) ?x103)))
 (let ((?x2229 (* 3 ?x76)))
 (let ((?x2047 (* 6 ?x50)))
 (let ((?x1616 (+ ?x2047 ?x2229 ?x1815 ?x2271 ?x2272 ?x2273 ?x504 ?x2274 ?x529 (* (- 54) ?x533) ?x688 ?x2277 ?x607 ?x1816 ?x628 ?x2279 (* (- 36) ?x684) ?x2281 ?x700 ?x2282 ?x753 ?x2283 (* (- 3) (* z z00 x00)) ?x785 ?x810 ?x896 ?x2284 (* (- 18) ?x959) ?x2285 ?x2286 ?x2287 ?x1038 ?x2290 ?x2293 ?x2294 ?x2296)))
 (let ((?x1824 (* (- 1) ?x1753)))
 (let ((?x1819 (* (- 1) ?x773)))
 (let ((?x1710 (* 18 ?x721)))
 (let ((?x1818 (* (- 12) ?x691)))
 (let ((?x655 (* 24 ?x653)))
 (let ((?x1817 (* (- 12) ?x627)))
 (let ((?x567 (* 18 ?x565)))
 (let ((?x1292 (+ ?x76 ?x1815 ?x105 (* 6 ?x502) ?x504 (* (- 24) ?x533) ?x567 ?x1816 ?x1817 ?x655 (* (- 18) ?x684) ?x1818 ?x1710 ?x1819 ?x785 ?x1824)))
 (let ((?x560 (* 18 ?x559)))
 (let ((?x546 (* (- 12) ?x533)))
 (let ((?x503 (* (- 6) ?x502)))
 (let ((?x1512 (* 12 ?x418)))
 (let ((?x638 (* (- 108) x00)))
 (let ((?x55 (* z00 z00 z00)))
 (let ((?x511 (* (- 1) ?x55)))
 (let ((?x1183 (* (- 6) ?x50)))
 (let ((?x1412 (* (- 144) y00)))
 (let ((?x1448 (* (- 36) z00)))
 (let ((?x64 (* 108 x)))
 (let ((?x2797 (+ ?x64 (* 144 y) (* 36 z) ?x1448 ?x1412 ?x1183 ?x511 ?x638 ?x76 ?x1512 ?x503 ?x546 ?x560 ?x607)))
 (let ((?x490 (* (- 1) ?x50)))
 (let ((?x489 (* (- 12) y00)))
 (let ((?x488 (* (- 6) z00)))
 (let ((?x46 (* 6 z)))
 (let ((?x45 (* 12 y)))
 (let (($x492 (= (+ ?x45 ?x46 ?x488 ?x489 ?x490 ?x418) 0)))
 (let (($x1176 (not $x492)))
 (let (($x410 (= (+ z (* (- 6) n) (* (- 1) z00) (* 6 n00)) 0)))
 (let (($x924 (not $x410)))
 (let (($x1434 (or $x924 $x1176 (not (= ?x2797 0)) (not (= ?x1292 0)) (not (= ?x1616 0)) (not (= ?x1634 0)) (not $x1441))))
 (let ((?x882 (* 24 ?x627)))
 (let ((?x1402 (+ (* 10 ?x105) ?x201 (* (- 1) ?x212) ?x530 (* 108 ?x527) ?x977 ?x704 ?x579 ?x882 ?x1135 (* (- 120) ?x691) ?x772 (* (- 24) ?x721) ?x834 ?x1336 ?x1361 (* 18 ?x810) ?x869 ?x894 ?x942 ?x1122 (* (- 108) ?x959) ?x1235 ?x1302 ?x1099 ?x1159 ?x1185 ?x1262 ?x1275 ?x1279 ?x1375 ?x1382)))
 (let (($x1407 (= ?x1402 0)))
 (let ((?x964 (* 3 ?x963)))
 (let ((?x1026 (* 3 ?x773)))
 (let ((?x760 (* (- 1) ?x753)))
 (let ((?x685 (* 18 ?x684)))
 (let ((?x946 (* (- 36) ?x653)))
 (let ((?x596 (* (- 18) ?x565)))
 (let ((?x853 (* (- 6) ?x559)))
 (let ((?x534 (* 12 ?x533)))
 (let ((?x509 (* (- 18) ?x508)))
 (let ((?x531 (* (- 12) ?x502)))
 (let ((?x581 (* (- 72) y00)))
 (let ((?x71 (* 72 y)))
 (let ((?x1082 (+ ?x64 ?x71 ?x581 ?x638 (* (- 3) ?x105) ?x135 ?x531 ?x509 (* (- 18) ?x527) ?x534 ?x853 ?x596 ?x946 ?x685 (* 36 ?x691) (* (- 3) ?x699) (* 6 ?x721) ?x760 ?x1026 (* 3 (* z z00 x00)) (* (- 1) ?x810) (* (- 3) ?x895) (* 2 ?x921) (* 18 ?x959) ?x964 (* 18 ?x993) ?x1023 (* (- 2) ?x1037))))
 (let (($x1089 (= ?x1082 0)))
 (let ((?x671 (* (- 24) ?x653)))
 (let ((?x624 (* 18 ?x622)))
 (let ((?x827 (+ ?x64 ?x71 ?x581 ?x638 ?x103 (* (- 1) ?x105) ?x531 (* (- 1) ?x504) ?x534 ?x688 ?x596 ?x624 ?x628 ?x671 ?x685 (* 12 ?x691) (* (- 6) ?x721) ?x773 (* (- 18) ?x784))))
 (let (($x832 (= ?x827 0)))
 (let ((?x522 (* 6 ?x418)))
 (let (($x659 (= (+ ?x64 ?x71 ?x581 ?x511 ?x638 ?x76 ?x522 ?x503 ?x546 ?x560 ?x607) 0)))
 (let (($x634 (and $x410 $x492 $x659 $x832 $x1089 $x1407 $x1434)))
 (let ((?x2017 (* (+ ?x1042 (* 9 (* ?x630 ?x223))) (+ (- 36) ?x419 ?x43 ?x442 (* (- 18) z) ?x49 (* ?x630 ?x630)))))
 (let (($x923 (not (= ?x2017 0))))
 (let ((?x99 (* y00 z00 z00)))
 (let ((?x1759 (* (- 10) ?x99)))
 (let ((?x1536 (* 2 (* x00 z00 z00 z00))))
 (let ((?x196 (* y00 z00 z00 z00)))
 (let ((?x608 (* x00 z00 z00)))
 (let ((?x1453 (* (- 18) ?x608)))
 (let ((?x1482 (* (- 36) (* x00 y00 z00))))
 (let ((?x2129 (* y00 z00)))
 (let ((?x611 (* 24 ?x2129)))
 (let ((?x161 (* y00 y00 z00 z00)))
 (let ((?x1229 (* (- 1) ?x161)))
 (let ((?x113 (* y00 y00 z00)))
 (let ((?x808 (* (- 12) ?x113)))
 (let ((?x2592 (* x00 z00)))
 (let ((?x1165 (* 36 ?x2592)))
 (let ((?x1393 (* x00 y00)))
 (let ((?x1468 (* 216 ?x1393)))
 (let ((?x1794 (+ ?x1468 (* 108 (* ?x223 ?x237)) ?x1165 (* (- 2) (* z00 z00 z00 ?x237)) (* 18 (* z00 z00 ?x237)) ?x808 ?x1229 (* 24 (* ?x223 ?x223)) (* 108 (* ?x237 ?x237)) (* (- 4) (* ?x223 ?x223 ?x223)) (* 18 (* y00 z00 ?x223)) ?x611 (* (- 120) (* y00 ?x223)) (* (- 24) (* z00 ?x223)) ?x1099 (* (- 6) (* z00 ?x223 ?x223)) ?x1135 (* (- 12) (* y00 ?x223 ?x223)) ?x1482 (* (- 108) (* x00 ?x223)) ?x1453 (* (- 216) (* x00 ?x237)) ?x196 ?x1536 (* (- 216) (* y00 ?x237)) (* z00 z00 ?x223 ?x223) ?x1759 (* (- 36) (* z00 ?x237)) (* 36 (* y00 z00 ?x237)) (* 10 (* z00 z00 ?x223)) ?x1382 (* (- 1) (* z00 z00 z00 ?x223)))))
 (let (($x828 (not (= ?x1794 0))))
 (let ((?x1227 (* (- 3) ?x99)))
 (let ((?x74 (* 108 x00)))
 (let ((?x2173 (* (- 72) z)))
 (let ((?x67 (* 72 y00)))
 (let ((?x708 (* (- 180) y)))
 (let ((?x914 (* (- 108) x)))
 (let ((?x1972 (* (- 3) ?x608)))
 (let ((?x2145 (* x00 ?x630)))
 (let ((?x911 (* (- 18) ?x2145)))
 (let ((?x2576 (* 36 ?x653)))
 (let ((?x1751 (* ?x630 ?x223)))
 (let ((?x910 (* 12 ?x1751)))
 (let ((?x2267 (* z00 ?x223)))
 (let ((?x465 (* (- 6) ?x2267)))
 (let ((?x900 (* 6 ?x2129)))
 (let ((?x980 (* y00 ?x630)))
 (let ((?x1450 (* (- 12) ?x980)))
 (let ((?x1093 (* y00 z00 ?x223)))
 (let ((?x2065 (* ?x630 ?x237)))
 (let ((?x1910 (* 18 ?x2065)))
 (let ((?x2144 (* 18 ?x1393)))
 (let ((?x990 (+ ?x2144 (* 18 (* ?x223 ?x237)) ?x1910 (* 3 (* z00 z00 ?x237)) ?x113 (* (- 3) (* x00 z00 ?x630)) ?x1093 ?x1450 ?x900 (* (- 36) (* y00 ?x223)) ?x465 ?x910 (* 3 (* z00 ?x630 ?x237)) (* (- 2) (* z00 ?x223 ?x223)) ?x2576 ?x911 (* (- 1) (* ?x630 ?x223 ?x223)) (* (- 18) (* x00 ?x223)) ?x1972 ?x914 ?x708 ?x67 (* (- 18) (* y00 ?x237)) ?x2173 ?x74 (* (- 1) (* y00 ?x630 ?x223)) ?x1227 (* 2 (* y00 y00 ?x630)) (* 3 (* z00 z00 ?x223)))))
 (let ((?x2010 (* z00 z00 ?x223)))
 (let ((?x716 (* (- 1) ?x99)))
 (let ((?x689 (* 6 ?x2267)))
 (let ((?x715 (* (- 6) ?x2129)))
 (let ((?x1955 (* (- 18) ?x2592)))
 (let ((?x1939 (* y00 z00 ?x630)))
 (let ((?x1006 (+ ?x1939 ?x910 ?x1910 ?x1955 (* (- 12) (* ?x223 ?x223)) ?x655 ?x911 ?x1450 ?x715 (* (- 12) (* y00 ?x223)) ?x914 ?x708 ?x67 ?x689 ?x2173 ?x74 ?x716 (* 18 (* z00 ?x237)) (* (- 1) (* z00 ?x630 ?x223)) ?x2010)))
 (let ((?x2400 (* (- 18) ?x2129)))
 (let ((?x1943 (* 12 ?x980)))
 (let ((?x2209 (* (- 6) ?x418)))
 (let ((?x717 (+ (* 6 ?x1751) ?x55 ?x2209 ?x1943 ?x2400 ?x914 ?x708 ?x67 (* 6 (* z00 ?x630)) ?x2173 ?x74 (* (- 1) (* z00 z00 ?x630)))))
 (let (($x1965 (= (+ ?x418 ?x489 ?x45 (* 18 z) ?x488 (* (- 1) (* ?x630 ?x630))) (- 36))))
 (let (($x706 (= (+ z (* (- 1) z00) (* (- 6) n) (* 6 n00)) 0)))
 (let (($x1226 (or (not $x706) (not $x1965) (not (= ?x717 0)) (not (= ?x1006 0)) (not (= ?x990 0)) $x828 $x923)))
 (let ((?x1936 (* y x)))
 (let ((?x1937 (* 108 ?x1936)))
 (let ((?x2085 (+ ?x1468 ?x1937 ?x1165 (* (- 2) (* z00 z00 z00 x)) (* 18 (* z00 z00 x)) ?x808 ?x1229 ?x882 ?x894 ?x942 (* 18 (* y00 z00 y)) ?x611 (* (- 120) (* y00 y)) (* (- 24) (* z00 y)) ?x1099 (* (- 6) (* z00 y y)) ?x1135 (* (- 12) (* y00 y y)) ?x1482 (* (- 108) (* x00 y)) ?x1453 (* (- 216) (* x00 x)) ?x196 ?x1536 (* (- 216) (* y00 x)) (* z00 z00 y y) ?x1759 (* (- 36) (* z00 x)) (* 36 (* y00 z00 x)) (* 10 (* z00 z00 y)) ?x1382 (* (- 1) (* z00 z00 z00 y)))))
 (let (($x2094 (= ?x2085 0)))
 (let ((?x578 (* (- 72) y)))
 (let ((?x2063 (* x00 y)))
 (let ((?x2295 (* (- 18) ?x2063)))
 (let ((?x1600 (* x00 z)))
 (let ((?x1823 (* (- 18) ?x1600)))
 (let ((?x1559 (* z y)))
 (let ((?x1729 (* 12 ?x1559)))
 (let ((?x1011 (* z00 y)))
 (let ((?x1096 (* (- 6) ?x1011)))
 (let ((?x1284 (* y00 z)))
 (let ((?x1326 (* (- 12) ?x1284)))
 (let ((?x1704 (* y00 z00 y)))
 (let ((?x1971 (* z x)))
 (let ((?x1307 (* 18 ?x1971)))
 (let ((?x933 (+ ?x2144 (* 18 ?x1936) ?x1307 (* 3 (* z00 z00 x)) ?x113 (* (- 3) (* x00 z00 z)) ?x1704 ?x1326 ?x900 (* (- 36) (* y00 y)) ?x1096 ?x1729 (* 3 (* z00 z x)) (* (- 2) (* z00 y y)) ?x2576 ?x1823 (* (- 1) (* z y y)) ?x2295 ?x1972 ?x914 ?x67 (* (- 18) (* y00 x)) ?x578 ?x74 (* (- 1) (* y00 z y)) ?x1227 (* 2 (* y00 y00 z)) (* 3 (* z00 z00 y)))))
 (let ((?x2332 (* z00 z00 y)))
 (let ((?x1041 (* 6 ?x1011)))
 (let ((?x1294 (* y00 z00 z)))
 (let ((?x2660 (+ ?x1294 ?x1729 ?x1307 ?x1955 ?x1817 ?x655 ?x1823 ?x1326 ?x715 (* (- 12) (* y00 y)) ?x914 ?x67 ?x1041 ?x578 ?x74 ?x716 (* 18 (* z00 x)) (* (- 1) (* z00 z y)) ?x2332)))
 (let ((?x1470 (* 12 ?x1284)))
 (let ((?x2270 (+ (* 6 ?x1559) ?x55 ?x2209 ?x1470 ?x2400 ?x914 ?x67 (* 6 (* z00 z)) ?x578 ?x74 (* (- 1) (* z00 z00 z)))))
 (let (($x2610 (and $x706 (= (+ ?x418 ?x489 ?x45 ?x46 ?x488 ?x490) 0) (= ?x2270 0) (= ?x2660 0) (= ?x933 0) $x2094 $x1226)))
 (rewrite (= $x2610 $x634)))))))))))))))))))))))))))))))))))))))))))))))))))))))))))))))))))))))))))))))))))))))))))))))))))))))))))))))))))))))))))))))))))))))))))))))))))))))))))))))))))))))))))))))))))))))))))))))))))))))))))))))))))))))))))))))))))))))))))))))))))))))))))))))))))))))))))))))))
 ))
 (let (($x2051 (exists ((x Int) (y Int) (z Int) (n Int) )(! (let ((?x630 (+ 6 z)))
 (let ((?x2318 (* ?x630 ?x630)))
 (let ((?x49 (* 6 z00)))
 (let ((?x1715 (* (- 18) z)))
 (let ((?x442 (* (- 12) y)))
 (let ((?x43 (* 12 y00)))
 (let ((?x418 (* z00 z00)))
 (let ((?x419 (* (- 1) ?x418)))
 (let ((?x237 (+ x y)))
 (let ((?x223 (+ y z)))
 (let ((?x787 (+ 1 n)))
 (let ((?x1042 (* (- 1) (* ?x787 ?x787 ?x630 ?x223 ?x223 ?x237 ?x237))))
 (let ((?x2017 (* (+ ?x1042 (* 9 (* ?x630 ?x223))) (+ (- 36) ?x419 ?x43 ?x442 ?x1715 ?x49 ?x2318))))
 (let (($x923 (not (= ?x2017 0))))
 (let ((?x1381 (* x00 x00)))
 (let ((?x1382 (* 108 ?x1381)))
 (let ((?x99 (* y00 z00 z00)))
 (let ((?x1759 (* (- 10) ?x99)))
 (let ((?x1536 (* 2 (* x00 z00 z00 z00))))
 (let ((?x196 (* y00 z00 z00 z00)))
 (let ((?x608 (* x00 z00 z00)))
 (let ((?x1453 (* (- 18) ?x608)))
 (let ((?x1482 (* (- 36) (* x00 y00 z00))))
 (let ((?x653 (* y00 y00)))
 (let ((?x1135 (* 96 ?x653)))
 (let ((?x1098 (* y00 y00 y00)))
 (let ((?x1099 (* 16 ?x1098)))
 (let ((?x2129 (* y00 z00)))
 (let ((?x611 (* 24 ?x2129)))
 (let ((?x161 (* y00 y00 z00 z00)))
 (let ((?x1229 (* (- 1) ?x161)))
 (let ((?x113 (* y00 y00 z00)))
 (let ((?x808 (* (- 12) ?x113)))
 (let ((?x2592 (* x00 z00)))
 (let ((?x1165 (* 36 ?x2592)))
 (let ((?x1393 (* x00 y00)))
 (let ((?x1468 (* 216 ?x1393)))
 (let ((?x1794 (+ ?x1468 (* 108 (* ?x223 ?x237)) ?x1165 (* (- 2) (* z00 z00 z00 ?x237)) (* 18 (* z00 z00 ?x237)) ?x808 ?x1229 (* 24 (* ?x223 ?x223)) (* 108 (* ?x237 ?x237)) (* (- 4) (* ?x223 ?x223 ?x223)) (* 18 (* y00 z00 ?x223)) ?x611 (* (- 120) (* y00 ?x223)) (* (- 24) (* z00 ?x223)) ?x1099 (* (- 6) (* z00 ?x223 ?x223)) ?x1135 (* (- 12) (* y00 ?x223 ?x223)) ?x1482 (* (- 108) (* x00 ?x223)) ?x1453 (* (- 216) (* x00 ?x237)) ?x196 ?x1536 (* (- 216) (* y00 ?x237)) (* z00 z00 ?x223 ?x223) ?x1759 (* (- 36) (* z00 ?x237)) (* 36 (* y00 z00 ?x237)) (* 10 (* z00 z00 ?x223)) ?x1382 (* (- 1) (* z00 z00 z00 ?x223)))))
 (let (($x828 (not (= ?x1794 0))))
 (let ((?x1560 (* 3 ?x99)))
 (let ((?x2837 (* y00 ?x630 ?x223)))
 (let ((?x638 (* (- 108) x00)))
 (let ((?x1464 (* 72 z)))
 (let ((?x581 (* (- 72) y00)))
 (let ((?x1472 (* 180 y)))
 (let ((?x64 (* 108 x)))
 (let ((?x609 (* 3 ?x608)))
 (let ((?x1595 (* ?x630 ?x223 ?x223)))
 (let ((?x2145 (* x00 ?x630)))
 (let ((?x2146 (* 18 ?x2145)))
 (let ((?x946 (* (- 36) ?x653)))
 (let ((?x1751 (* ?x630 ?x223)))
 (let ((?x1452 (* (- 12) ?x1751)))
 (let ((?x2267 (* z00 ?x223)))
 (let ((?x689 (* 6 ?x2267)))
 (let ((?x715 (* (- 6) ?x2129)))
 (let ((?x980 (* y00 ?x630)))
 (let ((?x1943 (* 12 ?x980)))
 (let ((?x1139 (* (- 1) ?x113)))
 (let ((?x2065 (* ?x630 ?x237)))
 (let ((?x1769 (* (- 18) ?x2065)))
 (let ((?x1394 (* (- 18) ?x1393)))
 (let ((?x1059 (+ ?x1394 (* (- 18) (* ?x223 ?x237)) ?x1769 (* (- 3) (* z00 z00 ?x237)) ?x1139 (* 3 (* x00 z00 ?x630)) (* (- 1) (* y00 z00 ?x223)) ?x1943 ?x715 (* 36 (* y00 ?x223)) ?x689 ?x1452 (* (- 3) (* z00 ?x630 ?x237)) (* 2 (* z00 ?x223 ?x223)) ?x946 ?x2146 ?x1595 (* 18 (* x00 ?x223)) ?x609 ?x64 ?x1472 ?x581 (* 18 (* y00 ?x237)) ?x1464 ?x638 ?x2837 ?x1560 (* (- 2) (* y00 y00 ?x630)) (* (- 3) (* z00 z00 ?x223)))))
 (let ((?x1573 (* z00 ?x630 ?x223)))
 (let ((?x465 (* (- 6) ?x2267)))
 (let ((?x900 (* 6 ?x2129)))
 (let ((?x671 (* (- 24) ?x653)))
 (let ((?x2593 (* 18 ?x2592)))
 (let ((?x1802 (+ (* (- 1) (* y00 z00 ?x630)) ?x1452 ?x1769 ?x2593 (* 12 (* ?x223 ?x223)) ?x671 ?x2146 ?x1943 ?x900 (* 12 (* y00 ?x223)) ?x64 ?x1472 ?x581 ?x465 ?x1464 ?x638 ?x99 (* (- 18) (* z00 ?x237)) ?x1573 (* (- 1) (* z00 z00 ?x223)))))
 (let ((?x2103 (* z00 z00 ?x630)))
 (let ((?x2130 (* 18 ?x2129)))
 (let ((?x1450 (* (- 12) ?x980)))
 (let ((?x522 (* 6 ?x418)))
 (let ((?x55 (* z00 z00 z00)))
 (let ((?x511 (* (- 1) ?x55)))
 (let ((?x2115 (+ (* (- 6) ?x1751) ?x511 ?x522 ?x1450 ?x2130 ?x64 ?x1472 ?x581 (* (- 6) (* z00 ?x630)) ?x1464 ?x638 ?x2103)))
 (let (($x1259 (= (+ (* (- 1) z) z00 (* 6 n) (* (- 6) n00)) 0)))
 (let (($x1545 (or (not $x1259) (not (= (+ ?x419 ?x43 ?x442 ?x1715 ?x49 ?x2318) 36)) (not (= ?x2115 0)) (not (= ?x1802 0)) (not (= ?x1059 0)) $x828 $x923)))
 (let ((?x942 (* (- 4) (* y y y))))
 (let ((?x894 (* 108 (* x x))))
 (let ((?x627 (* y y)))
 (let ((?x882 (* 24 ?x627)))
 (let ((?x1936 (* y x)))
 (let ((?x1937 (* 108 ?x1936)))
 (let ((?x2085 (+ ?x1468 ?x1937 ?x1165 (* (- 2) (* z00 z00 z00 x)) (* 18 (* z00 z00 x)) ?x808 ?x1229 ?x882 ?x894 ?x942 (* 18 (* y00 z00 y)) ?x611 (* (- 120) (* y00 y)) (* (- 24) (* z00 y)) ?x1099 (* (- 6) (* z00 y y)) ?x1135 (* (- 12) (* y00 y y)) ?x1482 (* (- 108) (* x00 y)) ?x1453 (* (- 216) (* x00 x)) ?x196 ?x1536 (* (- 216) (* y00 x)) (* z00 z00 y y) ?x1759 (* (- 36) (* z00 x)) (* 36 (* y00 z00 x)) (* 10 (* z00 z00 y)) ?x1382 (* (- 1) (* z00 z00 z00 y)))))
 (let (($x2094 (= ?x2085 0)))
 (let ((?x955 (* y00 z y)))
 (let ((?x71 (* 72 y)))
 (let ((?x2524 (* z y y)))
 (let ((?x1600 (* x00 z)))
 (let ((?x897 (* 18 ?x1600)))
 (let ((?x1559 (* z y)))
 (let ((?x1821 (* (- 12) ?x1559)))
 (let ((?x1011 (* z00 y)))
 (let ((?x1041 (* 6 ?x1011)))
 (let ((?x1284 (* y00 z)))
 (let ((?x1470 (* 12 ?x1284)))
 (let ((?x1971 (* z x)))
 (let ((?x1190 (* (- 18) ?x1971)))
 (let ((?x678 (+ ?x1394 (* (- 18) ?x1936) ?x1190 (* (- 3) (* z00 z00 x)) ?x1139 (* 3 (* x00 z00 z)) (* (- 1) (* y00 z00 y)) ?x1470 ?x715 (* 36 (* y00 y)) ?x1041 ?x1821 (* (- 3) (* z00 z x)) (* 2 (* z00 y y)) ?x946 ?x897 ?x2524 (* 18 (* x00 y)) ?x609 ?x64 ?x581 (* 18 (* y00 x)) ?x71 ?x638 ?x955 ?x1560 (* (- 2) (* y00 y00 z)) (* (- 3) (* z00 z00 y)))))
 (let ((?x682 (* z00 z y)))
 (let ((?x1096 (* (- 6) ?x1011)))
 (let ((?x628 (* 12 ?x627)))
 (let ((?x836 (+ (* (- 1) (* y00 z00 z)) ?x1821 ?x1190 ?x2593 ?x628 ?x671 ?x897 ?x1470 ?x900 (* 12 (* y00 y)) ?x64 ?x581 ?x1096 ?x71 ?x638 ?x99 (* (- 18) (* z00 x)) ?x682 (* (- 1) (* z00 z00 y)))))
 (let ((?x702 (* z00 z00 z)))
 (let ((?x1326 (* (- 12) ?x1284)))
 (let ((?x796 (+ (* (- 6) ?x1559) ?x511 ?x522 ?x1326 ?x2130 ?x64 ?x581 (* (- 6) (* z00 z)) ?x71 ?x638 ?x702)))
 (and $x1259 (= (+ ?x419 ?x43 ?x442 (* (- 6) z) ?x49 (* z z)) 0) (= ?x796 0) (= ?x836 0) (= ?x678 0) $x2094 $x1545)))))))))))))))))))))))))))))))))))))))))))))))))))))))))))))))))))))))))))))))))))))))))))))))))))))))))))) :qid k!44))
 ))
 (let ((?x2602 (lambda ((x Int) (y Int) (z Int) (n Int) )(let ((?x630 (+ 6 z)))
 (let ((?x2318 (* ?x630 ?x630)))
 (let ((?x49 (* 6 z00)))
 (let ((?x1715 (* (- 18) z)))
 (let ((?x442 (* (- 12) y)))
 (let ((?x43 (* 12 y00)))
 (let ((?x418 (* z00 z00)))
 (let ((?x419 (* (- 1) ?x418)))
 (let ((?x237 (+ x y)))
 (let ((?x223 (+ y z)))
 (let ((?x787 (+ 1 n)))
 (let ((?x1042 (* (- 1) (* ?x787 ?x787 ?x630 ?x223 ?x223 ?x237 ?x237))))
 (let ((?x2017 (* (+ ?x1042 (* 9 (* ?x630 ?x223))) (+ (- 36) ?x419 ?x43 ?x442 ?x1715 ?x49 ?x2318))))
 (let (($x923 (not (= ?x2017 0))))
 (let ((?x1381 (* x00 x00)))
 (let ((?x1382 (* 108 ?x1381)))
 (let ((?x99 (* y00 z00 z00)))
 (let ((?x1759 (* (- 10) ?x99)))
 (let ((?x1536 (* 2 (* x00 z00 z00 z00))))
 (let ((?x196 (* y00 z00 z00 z00)))
 (let ((?x608 (* x00 z00 z00)))
 (let ((?x1453 (* (- 18) ?x608)))
 (let ((?x1482 (* (- 36) (* x00 y00 z00))))
 (let ((?x653 (* y00 y00)))
 (let ((?x1135 (* 96 ?x653)))
 (let ((?x1098 (* y00 y00 y00)))
 (let ((?x1099 (* 16 ?x1098)))
 (let ((?x2129 (* y00 z00)))
 (let ((?x611 (* 24 ?x2129)))
 (let ((?x161 (* y00 y00 z00 z00)))
 (let ((?x1229 (* (- 1) ?x161)))
 (let ((?x113 (* y00 y00 z00)))
 (let ((?x808 (* (- 12) ?x113)))
 (let ((?x2592 (* x00 z00)))
 (let ((?x1165 (* 36 ?x2592)))
 (let ((?x1393 (* x00 y00)))
 (let ((?x1468 (* 216 ?x1393)))
 (let ((?x1794 (+ ?x1468 (* 108 (* ?x223 ?x237)) ?x1165 (* (- 2) (* z00 z00 z00 ?x237)) (* 18 (* z00 z00 ?x237)) ?x808 ?x1229 (* 24 (* ?x223 ?x223)) (* 108 (* ?x237 ?x237)) (* (- 4) (* ?x223 ?x223 ?x223)) (* 18 (* y00 z00 ?x223)) ?x611 (* (- 120) (* y00 ?x223)) (* (- 24) (* z00 ?x223)) ?x1099 (* (- 6) (* z00 ?x223 ?x223)) ?x1135 (* (- 12) (* y00 ?x223 ?x223)) ?x1482 (* (- 108) (* x00 ?x223)) ?x1453 (* (- 216) (* x00 ?x237)) ?x196 ?x1536 (* (- 216) (* y00 ?x237)) (* z00 z00 ?x223 ?x223) ?x1759 (* (- 36) (* z00 ?x237)) (* 36 (* y00 z00 ?x237)) (* 10 (* z00 z00 ?x223)) ?x1382 (* (- 1) (* z00 z00 z00 ?x223)))))
 (let (($x828 (not (= ?x1794 0))))
 (let ((?x1227 (* (- 3) ?x99)))
 (let ((?x74 (* 108 x00)))
 (let ((?x2173 (* (- 72) z)))
 (let ((?x67 (* 72 y00)))
 (let ((?x708 (* (- 180) y)))
 (let ((?x914 (* (- 108) x)))
 (let ((?x1972 (* (- 3) ?x608)))
 (let ((?x2145 (* x00 ?x630)))
 (let ((?x911 (* (- 18) ?x2145)))
 (let ((?x2576 (* 36 ?x653)))
 (let ((?x1751 (* ?x630 ?x223)))
 (let ((?x910 (* 12 ?x1751)))
 (let ((?x2267 (* z00 ?x223)))
 (let ((?x465 (* (- 6) ?x2267)))
 (let ((?x900 (* 6 ?x2129)))
 (let ((?x980 (* y00 ?x630)))
 (let ((?x1450 (* (- 12) ?x980)))
 (let ((?x1093 (* y00 z00 ?x223)))
 (let ((?x2065 (* ?x630 ?x237)))
 (let ((?x1910 (* 18 ?x2065)))
 (let ((?x2144 (* 18 ?x1393)))
 (let ((?x990 (+ ?x2144 (* 18 (* ?x223 ?x237)) ?x1910 (* 3 (* z00 z00 ?x237)) ?x113 (* (- 3) (* x00 z00 ?x630)) ?x1093 ?x1450 ?x900 (* (- 36) (* y00 ?x223)) ?x465 ?x910 (* 3 (* z00 ?x630 ?x237)) (* (- 2) (* z00 ?x223 ?x223)) ?x2576 ?x911 (* (- 1) (* ?x630 ?x223 ?x223)) (* (- 18) (* x00 ?x223)) ?x1972 ?x914 ?x708 ?x67 (* (- 18) (* y00 ?x237)) ?x2173 ?x74 (* (- 1) (* y00 ?x630 ?x223)) ?x1227 (* 2 (* y00 y00 ?x630)) (* 3 (* z00 z00 ?x223)))))
 (let ((?x2010 (* z00 z00 ?x223)))
 (let ((?x716 (* (- 1) ?x99)))
 (let ((?x689 (* 6 ?x2267)))
 (let ((?x715 (* (- 6) ?x2129)))
 (let ((?x655 (* 24 ?x653)))
 (let ((?x1955 (* (- 18) ?x2592)))
 (let ((?x1939 (* y00 z00 ?x630)))
 (let ((?x1006 (+ ?x1939 ?x910 ?x1910 ?x1955 (* (- 12) (* ?x223 ?x223)) ?x655 ?x911 ?x1450 ?x715 (* (- 12) (* y00 ?x223)) ?x914 ?x708 ?x67 ?x689 ?x2173 ?x74 ?x716 (* 18 (* z00 ?x237)) (* (- 1) (* z00 ?x630 ?x223)) ?x2010)))
 (let ((?x2400 (* (- 18) ?x2129)))
 (let ((?x1943 (* 12 ?x980)))
 (let ((?x2209 (* (- 6) ?x418)))
 (let ((?x55 (* z00 z00 z00)))
 (let ((?x717 (+ (* 6 ?x1751) ?x55 ?x2209 ?x1943 ?x2400 ?x914 ?x708 ?x67 (* 6 (* z00 ?x630)) ?x2173 ?x74 (* (- 1) (* z00 z00 ?x630)))))
 (let ((?x488 (* (- 6) z00)))
 (let ((?x45 (* 12 y)))
 (let ((?x489 (* (- 12) y00)))
 (let (($x1966 (not (= (+ ?x418 ?x489 ?x45 (* 18 z) ?x488 (* (- 1) ?x2318)) (- 36)))))
 (let (($x706 (= (+ z (* (- 1) z00) (* (- 6) n) (* 6 n00)) 0)))
 (let (($x1226 (or (not $x706) $x1966 (not (= ?x717 0)) (not (= ?x1006 0)) (not (= ?x990 0)) $x828 $x923)))
 (let ((?x942 (* (- 4) (* y y y))))
 (let ((?x894 (* 108 (* x x))))
 (let ((?x627 (* y y)))
 (let ((?x882 (* 24 ?x627)))
 (let ((?x1936 (* y x)))
 (let ((?x1937 (* 108 ?x1936)))
 (let ((?x2085 (+ ?x1468 ?x1937 ?x1165 (* (- 2) (* z00 z00 z00 x)) (* 18 (* z00 z00 x)) ?x808 ?x1229 ?x882 ?x894 ?x942 (* 18 (* y00 z00 y)) ?x611 (* (- 120) (* y00 y)) (* (- 24) (* z00 y)) ?x1099 (* (- 6) (* z00 y y)) ?x1135 (* (- 12) (* y00 y y)) ?x1482 (* (- 108) (* x00 y)) ?x1453 (* (- 216) (* x00 x)) ?x196 ?x1536 (* (- 216) (* y00 x)) (* z00 z00 y y) ?x1759 (* (- 36) (* z00 x)) (* 36 (* y00 z00 x)) (* 10 (* z00 z00 y)) ?x1382 (* (- 1) (* z00 z00 z00 y)))))
 (let (($x2094 (= ?x2085 0)))
 (let ((?x578 (* (- 72) y)))
 (let ((?x2063 (* x00 y)))
 (let ((?x2295 (* (- 18) ?x2063)))
 (let ((?x1600 (* x00 z)))
 (let ((?x1823 (* (- 18) ?x1600)))
 (let ((?x1559 (* z y)))
 (let ((?x1729 (* 12 ?x1559)))
 (let ((?x1011 (* z00 y)))
 (let ((?x1096 (* (- 6) ?x1011)))
 (let ((?x1284 (* y00 z)))
 (let ((?x1326 (* (- 12) ?x1284)))
 (let ((?x1704 (* y00 z00 y)))
 (let ((?x1971 (* z x)))
 (let ((?x1307 (* 18 ?x1971)))
 (let ((?x933 (+ ?x2144 (* 18 ?x1936) ?x1307 (* 3 (* z00 z00 x)) ?x113 (* (- 3) (* x00 z00 z)) ?x1704 ?x1326 ?x900 (* (- 36) (* y00 y)) ?x1096 ?x1729 (* 3 (* z00 z x)) (* (- 2) (* z00 y y)) ?x2576 ?x1823 (* (- 1) (* z y y)) ?x2295 ?x1972 ?x914 ?x67 (* (- 18) (* y00 x)) ?x578 ?x74 (* (- 1) (* y00 z y)) ?x1227 (* 2 (* y00 y00 z)) (* 3 (* z00 z00 y)))))
 (let ((?x2332 (* z00 z00 y)))
 (let ((?x1041 (* 6 ?x1011)))
 (let ((?x1817 (* (- 12) ?x627)))
 (let ((?x1294 (* y00 z00 z)))
 (let ((?x2660 (+ ?x1294 ?x1729 ?x1307 ?x1955 ?x1817 ?x655 ?x1823 ?x1326 ?x715 (* (- 12) (* y00 y)) ?x914 ?x67 ?x1041 ?x578 ?x74 ?x716 (* 18 (* z00 x)) (* (- 1) (* z00 z y)) ?x2332)))
 (let ((?x1470 (* 12 ?x1284)))
 (let ((?x2270 (+ (* 6 ?x1559) ?x55 ?x2209 ?x1470 ?x2400 ?x914 ?x67 (* 6 (* z00 z)) ?x578 ?x74 (* (- 1) (* z00 z00 z)))))
 (let (($x2170 (= (+ ?x418 ?x489 ?x45 (* 6 z) ?x488 (* (- 1) (* z z))) 0)))
 (let (($x2610 (and $x706 $x2170 (= ?x2270 0) (= ?x2660 0) (= ?x933 0) $x2094 $x1226)))
 (let ((?x1560 (* 3 ?x99)))
 (let ((?x2837 (* y00 ?x630 ?x223)))
 (let ((?x638 (* (- 108) x00)))
 (let ((?x1464 (* 72 z)))
 (let ((?x581 (* (- 72) y00)))
 (let ((?x1472 (* 180 y)))
 (let ((?x64 (* 108 x)))
 (let ((?x609 (* 3 ?x608)))
 (let ((?x1595 (* ?x630 ?x223 ?x223)))
 (let ((?x2146 (* 18 ?x2145)))
 (let ((?x946 (* (- 36) ?x653)))
 (let ((?x1452 (* (- 12) ?x1751)))
 (let ((?x1139 (* (- 1) ?x113)))
 (let ((?x1769 (* (- 18) ?x2065)))
 (let ((?x1394 (* (- 18) ?x1393)))
 (let ((?x1059 (+ ?x1394 (* (- 18) (* ?x223 ?x237)) ?x1769 (* (- 3) (* z00 z00 ?x237)) ?x1139 (* 3 (* x00 z00 ?x630)) (* (- 1) ?x1093) ?x1943 ?x715 (* 36 (* y00 ?x223)) ?x689 ?x1452 (* (- 3) (* z00 ?x630 ?x237)) (* 2 (* z00 ?x223 ?x223)) ?x946 ?x2146 ?x1595 (* 18 (* x00 ?x223)) ?x609 ?x64 ?x1472 ?x581 (* 18 (* y00 ?x237)) ?x1464 ?x638 ?x2837 ?x1560 (* (- 2) (* y00 y00 ?x630)) (* (- 3) ?x2010))))
 (let ((?x1573 (* z00 ?x630 ?x223)))
 (let ((?x671 (* (- 24) ?x653)))
 (let ((?x2593 (* 18 ?x2592)))
 (let ((?x1802 (+ (* (- 1) ?x1939) ?x1452 ?x1769 ?x2593 (* 12 (* ?x223 ?x223)) ?x671 ?x2146 ?x1943 ?x900 (* 12 (* y00 ?x223)) ?x64 ?x1472 ?x581 ?x465 ?x1464 ?x638 ?x99 (* (- 18) (* z00 ?x237)) ?x1573 (* (- 1) ?x2010))))
 (let ((?x2103 (* z00 z00 ?x630)))
 (let ((?x2130 (* 18 ?x2129)))
 (let ((?x522 (* 6 ?x418)))
 (let ((?x511 (* (- 1) ?x55)))
 (let ((?x2115 (+ (* (- 6) ?x1751) ?x511 ?x522 ?x1450 ?x2130 ?x64 ?x1472 ?x581 (* (- 6) (* z00 ?x630)) ?x1464 ?x638 ?x2103)))
 (let (($x1259 (= (+ (* (- 1) z) z00 (* 6 n) (* (- 6) n00)) 0)))
 (let (($x1545 (or (not $x1259) (not (= (+ ?x419 ?x43 ?x442 ?x1715 ?x49 ?x2318) 36)) (not (= ?x2115 0)) (not (= ?x1802 0)) (not (= ?x1059 0)) $x828 $x923)))
 (let ((?x955 (* y00 z y)))
 (let ((?x71 (* 72 y)))
 (let ((?x2524 (* z y y)))
 (let ((?x897 (* 18 ?x1600)))
 (let ((?x1821 (* (- 12) ?x1559)))
 (let ((?x1190 (* (- 18) ?x1971)))
 (let ((?x678 (+ ?x1394 (* (- 18) ?x1936) ?x1190 (* (- 3) (* z00 z00 x)) ?x1139 (* 3 (* x00 z00 z)) (* (- 1) ?x1704) ?x1470 ?x715 (* 36 (* y00 y)) ?x1041 ?x1821 (* (- 3) (* z00 z x)) (* 2 (* z00 y y)) ?x946 ?x897 ?x2524 (* 18 ?x2063) ?x609 ?x64 ?x581 (* 18 (* y00 x)) ?x71 ?x638 ?x955 ?x1560 (* (- 2) (* y00 y00 z)) (* (- 3) ?x2332))))
 (let ((?x682 (* z00 z y)))
 (let ((?x628 (* 12 ?x627)))
 (let ((?x836 (+ (* (- 1) ?x1294) ?x1821 ?x1190 ?x2593 ?x628 ?x671 ?x897 ?x1470 ?x900 (* 12 (* y00 y)) ?x64 ?x581 ?x1096 ?x71 ?x638 ?x99 (* (- 18) (* z00 x)) ?x682 (* (- 1) ?x2332))))
 (let ((?x702 (* z00 z00 z)))
 (let ((?x796 (+ (* (- 6) ?x1559) ?x511 ?x522 ?x1326 ?x2130 ?x64 ?x581 (* (- 6) (* z00 z)) ?x71 ?x638 ?x702)))
 (let (($x2050 (and $x1259 (= (+ ?x419 ?x43 ?x442 (* (- 6) z) ?x49 (* z z)) 0) (= ?x796 0) (= ?x836 0) (= ?x678 0) $x2094 $x1545)))
 (rewrite (= $x2050 $x2610)))))))))))))))))))))))))))))))))))))))))))))))))))))))))))))))))))))))))))))))))))))))))))))))))))))))))))))))))))))))))))))))))))))))))))))))))))))))))))
 ))
 (let (($x365 (exists ((x Int) (y Int) (z Int) (n Int) )(! (let ((?x49 (* 6 z00)))
 (let ((?x43 (* 12 y00)))
 (let ((?x44 (+ (* (- 1) z00 z00) ?x43)))
 (let ((?x229 (+ (- (- ?x44 (* 12 (+ y z))) (* 6 (+ z 6))) ?x49 (* (+ z 6) (+ z 6)))))
 (let ((?x215 (+ z 6)))
 (let ((?x223 (+ y z)))
 (let ((?x237 (+ x y)))
 (let ((?x217 (+ n 1)))
 (let ((?x29 (- 1)))
 (let ((?x359 (+ (* ?x29 ?x217 ?x217 ?x237 ?x237 ?x223 ?x223 ?x215) (* 9 ?x223 ?x215))))
 (let ((?x210 (* 108 x00 x00)))
 (let ((?x204 (* 10 y00 z00 z00)))
 (let ((?x197 (* 2 x00 z00 z00 z00)))
 (let ((?x196 (* y00 z00 z00 z00)))
 (let ((?x189 (* 18 x00 z00 z00)))
 (let ((?x187 (* 36 x00 y00 z00)))
 (let ((?x184 (* 96 y00 y00)))
 (let ((?x179 (* 16 y00 y00 y00)))
 (let ((?x171 (* 24 y00 z00)))
 (let ((?x161 (* y00 y00 z00 z00)))
 (let ((?x160 (* 12 y00 y00 z00)))
 (let ((?x313 (- (+ (* 216 x00 y00) (* 108 ?x237 ?x223) (* 36 x00 z00)) (* 2 ?x237 z00 z00 z00))))
 (let ((?x320 (+ (- (- (+ ?x313 (* 18 ?x237 z00 z00)) ?x160) ?x161) (* 24 ?x223 ?x223) (* 108 ?x237 ?x237))))
 (let ((?x324 (+ (- ?x320 (* 4 ?x223 ?x223 ?x223)) (* 18 ?x223 y00 z00) ?x171)))
 (let ((?x331 (- (+ (- (- ?x324 (* 120 ?x223 y00)) (* 24 ?x223 z00)) ?x179) (* 6 ?x223 ?x223 z00))))
 (let ((?x338 (- (- (- (+ ?x331 ?x184) (* 12 ?x223 ?x223 y00)) ?x187) (* 108 x00 ?x223))))
 (let ((?x343 (- (+ (- (- ?x338 ?x189) (* 216 ?x237 x00)) ?x196 ?x197) (* 216 ?x237 y00))))
 (let ((?x348 (- (- (+ ?x343 (* ?x223 ?x223 z00 z00)) ?x204) (* 36 ?x237 z00))))
 (let ((?x353 (- (+ ?x348 (* 36 ?x237 y00 z00) (* 10 ?x223 z00 z00) ?x210) (* ?x223 z00 z00 z00))))
 (let ((?x144 (* 3 y00 z00 z00)))
 (let ((?x74 (* 108 x00)))
 (let ((?x243 (* 72 ?x223)))
 (let ((?x67 (* 72 y00)))
 (let ((?x238 (* 108 ?x237)))
 (let ((?x137 (* 3 x00 z00 z00)))
 (let ((?x258 (* 18 x00 ?x215)))
 (let ((?x133 (* 36 y00 y00)))
 (let ((?x251 (* 12 ?x223 ?x215)))
 (let ((?x261 (* 6 ?x223 z00)))
 (let ((?x91 (* 6 y00 z00)))
 (let ((?x235 (* 12 y00 ?x215)))
 (let ((?x113 (* y00 y00 z00)))
 (let ((?x252 (* 18 ?x237 ?x215)))
 (let ((?x279 (- (- (- (* (- 18) x00 y00) (* 18 ?x237 ?x223)) ?x252) (* 3 ?x237 z00 z00))))
 (let ((?x284 (- (+ (- ?x279 ?x113) (* 3 x00 ?x215 z00)) (* ?x223 y00 z00))))
 (let ((?x291 (- (- (+ (- (+ ?x284 ?x235) ?x91) (* 36 ?x223 y00) ?x261) ?x251) (* 3 ?x237 ?x215 z00))))
 (let ((?x297 (+ (- (+ ?x291 (* 2 ?x223 ?x223 z00)) ?x133) ?x258 (* ?x223 ?x223 ?x215) (* 18 x00 ?x223) ?x137 ?x238)))
 (let ((?x303 (+ (- (+ (- ?x297 ?x67) (* 18 ?x237 y00) ?x243) ?x74) (* ?x223 y00 ?x215) ?x144)))
 (let (($x308 (= (- (- ?x303 (* 2 y00 y00 ?x215)) (* 3 ?x223 z00 z00)) 0)))
 (let ((?x99 (* y00 z00 z00)))
 (let ((?x88 (* 24 y00 y00)))
 (let ((?x84 (* 18 x00 z00)))
 (let ((?x256 (+ (- (- (* ?x29 y00 ?x215 z00) ?x251) ?x252) ?x84 (* 12 ?x223 ?x223))))
 (let ((?x262 (- (+ (- ?x256 ?x88) ?x258 ?x235 ?x91 (* 12 ?x223 y00) ?x238) ?x67)))
 (let ((?x270 (+ (- (+ (- (+ (- ?x262 ?x261) ?x243) ?x74) ?x99) (* 18 ?x237 z00)) (* ?x223 ?x215 z00))))
 (let ((?x62 (* 18 y00 z00)))
 (let ((?x57 (* 6 z00 z00)))
 (let ((?x236 (- (+ (- (* (- 6) ?x223 ?x215) (* z00 z00 z00)) ?x57) ?x235)))
 (let ((?x245 (- (+ (- (- (+ ?x236 ?x62 ?x238) ?x67) (* 6 ?x215 z00)) ?x243) ?x74)))
 (let (($x221 (= (- (+ (* ?x29 ?x215) z00 (* 6 ?x217)) (* 6 n00)) 0)))
 (let (($x363 (or (not $x221) (not (= ?x229 0)) (not (= (+ ?x245 (* ?x215 z00 z00)) 0)) (not (= (- ?x270 (* ?x223 z00 z00)) 0)) (not $x308) (not (= ?x353 0)) (not (= (* ?x359 ?x229) 0)))))
 (let ((?x212 (* y z00 z00 z00)))
 (let ((?x201 (* y y z00 z00)))
 (let ((?x157 (- (+ (* 216 x00 y00) (* 108 x y) (* 36 x00 z00)) (* 2 x z00 z00 z00))))
 (let ((?x166 (+ (- (- (+ ?x157 (* 18 x z00 z00)) ?x160) ?x161) (* 24 y y) (* 108 x x))))
 (let ((?x172 (+ (- ?x166 (* 4 y y y)) (* 18 y y00 z00) ?x171)))
 (let ((?x182 (- (+ (- (- ?x172 (* 120 y y00)) (* 24 y z00)) ?x179) (* 6 y y z00))))
 (let ((?x193 (- (- (- (+ ?x182 ?x184) (* 12 y y y00)) ?x187) (* 108 x00 y))))
 (let ((?x200 (- (+ (- (- ?x193 ?x189) (* 216 x x00)) ?x196 ?x197) (* 216 x y00))))
 (let ((?x211 (+ (- (- (+ ?x200 ?x201) ?x204) (* 36 x z00)) (* 36 x y00 z00) (* 10 y z00 z00) ?x210)))
 (let ((?x71 (* 72 y)))
 (let ((?x64 (* 108 x)))
 (let ((?x135 (* y y z)))
 (let ((?x90 (* 18 x00 z)))
 (let ((?x80 (* 12 y z)))
 (let ((?x94 (* 6 y z00)))
 (let ((?x59 (* 12 y00 z)))
 (let ((?x120 (* y y00 z00)))
 (let ((?x81 (* 18 x z)))
 (let ((?x116 (- (- (- (* (- 18) x00 y00) (* 18 x y)) ?x81) (* 3 x z00 z00))))
 (let ((?x123 (- (+ (- (+ (- ?x116 ?x113) (* 3 x00 z z00)) ?x120) ?x59) ?x91)))
 (let ((?x129 (- (- (+ ?x123 (* 36 y y00) ?x94) ?x80) (* 3 x z z00))))
 (let ((?x138 (+ (- (+ ?x129 (* 2 y y z00)) ?x133) ?x90 ?x135 (* 18 x00 y) ?x137 ?x64)))
 (let ((?x145 (+ (- (+ (- ?x138 ?x67) (* 18 x y00) ?x71) ?x74) (* y y00 z) ?x144)))
 (let (($x150 (= (- (- ?x145 (* 2 y00 y00 z)) (* 3 y z00 z00)) 0)))
 (let ((?x105 (* y z00 z00)))
 (let ((?x103 (* y z z00)))
 (let ((?x86 (+ (- (- (* ?x29 y00 z z00) ?x80) ?x81) ?x84 (* 12 y y))))
 (let ((?x95 (- (+ (- ?x86 ?x88) ?x90 ?x59 ?x91 (* 12 y y00) ?x64) ?x67)))
 (let ((?x104 (+ (- (+ (- (+ (- ?x95 ?x94) ?x71) ?x74) ?x99) (* 18 x z00)) ?x103)))
 (let ((?x76 (* z z00 z00)))
 (let ((?x60 (- (+ (- (* (- 6) y z) (* z00 z00 z00)) ?x57) ?x59)))
 (let ((?x75 (- (+ (- (- (+ ?x60 ?x62 ?x64) ?x67) (* 6 z z00)) ?x71) ?x74)))
 (let (($x52 (= (+ (- (- ?x44 (* 12 y)) (* 6 z)) ?x49 (* z z)) 0)))
 (let (($x39 (= (- (+ (* ?x29 z) z00 (* 6 n)) (* 6 n00)) 0)))
 (and $x39 $x52 (= (+ ?x75 ?x76) 0) (= (- ?x104 ?x105) 0) $x150 (= (- ?x211 ?x212) 0) $x363)))))))))))))))))))))))))))))))))))))))))))))))))))))))))))))))))))))))))))))))))))))))))))))))) :qid k!44))
 ))
 (let ((?x1610 (lambda ((x Int) (y Int) (z Int) (n Int) )(let ((?x630 (+ 6 z)))
 (let ((?x2318 (* ?x630 ?x630)))
 (let ((?x49 (* 6 z00)))
 (let ((?x1715 (* (- 18) z)))
 (let ((?x442 (* (- 12) y)))
 (let ((?x43 (* 12 y00)))
 (let ((?x418 (* z00 z00)))
 (let ((?x419 (* (- 1) ?x418)))
 (let ((?x237 (+ x y)))
 (let ((?x223 (+ y z)))
 (let ((?x787 (+ 1 n)))
 (let ((?x1042 (* (- 1) (* ?x787 ?x787 ?x630 ?x223 ?x223 ?x237 ?x237))))
 (let ((?x2017 (* (+ ?x1042 (* 9 (* ?x630 ?x223))) (+ (- 36) ?x419 ?x43 ?x442 ?x1715 ?x49 ?x2318))))
 (let (($x923 (not (= ?x2017 0))))
 (let ((?x1381 (* x00 x00)))
 (let ((?x1382 (* 108 ?x1381)))
 (let ((?x99 (* y00 z00 z00)))
 (let ((?x1759 (* (- 10) ?x99)))
 (let ((?x1536 (* 2 (* x00 z00 z00 z00))))
 (let ((?x196 (* y00 z00 z00 z00)))
 (let ((?x608 (* x00 z00 z00)))
 (let ((?x1453 (* (- 18) ?x608)))
 (let ((?x1482 (* (- 36) (* x00 y00 z00))))
 (let ((?x653 (* y00 y00)))
 (let ((?x1135 (* 96 ?x653)))
 (let ((?x1098 (* y00 y00 y00)))
 (let ((?x1099 (* 16 ?x1098)))
 (let ((?x2129 (* y00 z00)))
 (let ((?x611 (* 24 ?x2129)))
 (let ((?x161 (* y00 y00 z00 z00)))
 (let ((?x1229 (* (- 1) ?x161)))
 (let ((?x113 (* y00 y00 z00)))
 (let ((?x808 (* (- 12) ?x113)))
 (let ((?x2592 (* x00 z00)))
 (let ((?x1165 (* 36 ?x2592)))
 (let ((?x1393 (* x00 y00)))
 (let ((?x1468 (* 216 ?x1393)))
 (let ((?x1794 (+ ?x1468 (* 108 (* ?x223 ?x237)) ?x1165 (* (- 2) (* z00 z00 z00 ?x237)) (* 18 (* z00 z00 ?x237)) ?x808 ?x1229 (* 24 (* ?x223 ?x223)) (* 108 (* ?x237 ?x237)) (* (- 4) (* ?x223 ?x223 ?x223)) (* 18 (* y00 z00 ?x223)) ?x611 (* (- 120) (* y00 ?x223)) (* (- 24) (* z00 ?x223)) ?x1099 (* (- 6) (* z00 ?x223 ?x223)) ?x1135 (* (- 12) (* y00 ?x223 ?x223)) ?x1482 (* (- 108) (* x00 ?x223)) ?x1453 (* (- 216) (* x00 ?x237)) ?x196 ?x1536 (* (- 216) (* y00 ?x237)) (* z00 z00 ?x223 ?x223) ?x1759 (* (- 36) (* z00 ?x237)) (* 36 (* y00 z00 ?x237)) (* 10 (* z00 z00 ?x223)) ?x1382 (* (- 1) (* z00 z00 z00 ?x223)))))
 (let (($x828 (not (= ?x1794 0))))
 (let ((?x1560 (* 3 ?x99)))
 (let ((?x2837 (* y00 ?x630 ?x223)))
 (let ((?x638 (* (- 108) x00)))
 (let ((?x1464 (* 72 z)))
 (let ((?x581 (* (- 72) y00)))
 (let ((?x1472 (* 180 y)))
 (let ((?x64 (* 108 x)))
 (let ((?x609 (* 3 ?x608)))
 (let ((?x1595 (* ?x630 ?x223 ?x223)))
 (let ((?x2145 (* x00 ?x630)))
 (let ((?x2146 (* 18 ?x2145)))
 (let ((?x946 (* (- 36) ?x653)))
 (let ((?x1751 (* ?x630 ?x223)))
 (let ((?x1452 (* (- 12) ?x1751)))
 (let ((?x2267 (* z00 ?x223)))
 (let ((?x689 (* 6 ?x2267)))
 (let ((?x715 (* (- 6) ?x2129)))
 (let ((?x980 (* y00 ?x630)))
 (let ((?x1943 (* 12 ?x980)))
 (let ((?x1139 (* (- 1) ?x113)))
 (let ((?x2065 (* ?x630 ?x237)))
 (let ((?x1769 (* (- 18) ?x2065)))
 (let ((?x1394 (* (- 18) ?x1393)))
 (let ((?x1059 (+ ?x1394 (* (- 18) (* ?x223 ?x237)) ?x1769 (* (- 3) (* z00 z00 ?x237)) ?x1139 (* 3 (* x00 z00 ?x630)) (* (- 1) (* y00 z00 ?x223)) ?x1943 ?x715 (* 36 (* y00 ?x223)) ?x689 ?x1452 (* (- 3) (* z00 ?x630 ?x237)) (* 2 (* z00 ?x223 ?x223)) ?x946 ?x2146 ?x1595 (* 18 (* x00 ?x223)) ?x609 ?x64 ?x1472 ?x581 (* 18 (* y00 ?x237)) ?x1464 ?x638 ?x2837 ?x1560 (* (- 2) (* y00 y00 ?x630)) (* (- 3) (* z00 z00 ?x223)))))
 (let ((?x1573 (* z00 ?x630 ?x223)))
 (let ((?x465 (* (- 6) ?x2267)))
 (let ((?x900 (* 6 ?x2129)))
 (let ((?x671 (* (- 24) ?x653)))
 (let ((?x2593 (* 18 ?x2592)))
 (let ((?x1802 (+ (* (- 1) (* y00 z00 ?x630)) ?x1452 ?x1769 ?x2593 (* 12 (* ?x223 ?x223)) ?x671 ?x2146 ?x1943 ?x900 (* 12 (* y00 ?x223)) ?x64 ?x1472 ?x581 ?x465 ?x1464 ?x638 ?x99 (* (- 18) (* z00 ?x237)) ?x1573 (* (- 1) (* z00 z00 ?x223)))))
 (let ((?x2103 (* z00 z00 ?x630)))
 (let ((?x2130 (* 18 ?x2129)))
 (let ((?x1450 (* (- 12) ?x980)))
 (let ((?x522 (* 6 ?x418)))
 (let ((?x55 (* z00 z00 z00)))
 (let ((?x511 (* (- 1) ?x55)))
 (let ((?x2115 (+ (* (- 6) ?x1751) ?x511 ?x522 ?x1450 ?x2130 ?x64 ?x1472 ?x581 (* (- 6) (* z00 ?x630)) ?x1464 ?x638 ?x2103)))
 (let (($x1259 (= (+ (* (- 1) z) z00 (* 6 n) (* (- 6) n00)) 0)))
 (let (($x1545 (or (not $x1259) (not (= (+ ?x419 ?x43 ?x442 ?x1715 ?x49 ?x2318) 36)) (not (= ?x2115 0)) (not (= ?x1802 0)) (not (= ?x1059 0)) $x828 $x923)))
 (let ((?x942 (* (- 4) (* y y y))))
 (let ((?x894 (* 108 (* x x))))
 (let ((?x627 (* y y)))
 (let ((?x882 (* 24 ?x627)))
 (let ((?x1936 (* y x)))
 (let ((?x1937 (* 108 ?x1936)))
 (let ((?x2085 (+ ?x1468 ?x1937 ?x1165 (* (- 2) (* z00 z00 z00 x)) (* 18 (* z00 z00 x)) ?x808 ?x1229 ?x882 ?x894 ?x942 (* 18 (* y00 z00 y)) ?x611 (* (- 120) (* y00 y)) (* (- 24) (* z00 y)) ?x1099 (* (- 6) (* z00 y y)) ?x1135 (* (- 12) (* y00 y y)) ?x1482 (* (- 108) (* x00 y)) ?x1453 (* (- 216) (* x00 x)) ?x196 ?x1536 (* (- 216) (* y00 x)) (* z00 z00 y y) ?x1759 (* (- 36) (* z00 x)) (* 36 (* y00 z00 x)) (* 10 (* z00 z00 y)) ?x1382 (* (- 1) (* z00 z00 z00 y)))))
 (let (($x2094 (= ?x2085 0)))
 (let ((?x955 (* y00 z y)))
 (let ((?x71 (* 72 y)))
 (let ((?x2524 (* z y y)))
 (let ((?x1600 (* x00 z)))
 (let ((?x897 (* 18 ?x1600)))
 (let ((?x1559 (* z y)))
 (let ((?x1821 (* (- 12) ?x1559)))
 (let ((?x1011 (* z00 y)))
 (let ((?x1041 (* 6 ?x1011)))
 (let ((?x1284 (* y00 z)))
 (let ((?x1470 (* 12 ?x1284)))
 (let ((?x1971 (* z x)))
 (let ((?x1190 (* (- 18) ?x1971)))
 (let ((?x678 (+ ?x1394 (* (- 18) ?x1936) ?x1190 (* (- 3) (* z00 z00 x)) ?x1139 (* 3 (* x00 z00 z)) (* (- 1) (* y00 z00 y)) ?x1470 ?x715 (* 36 (* y00 y)) ?x1041 ?x1821 (* (- 3) (* z00 z x)) (* 2 (* z00 y y)) ?x946 ?x897 ?x2524 (* 18 (* x00 y)) ?x609 ?x64 ?x581 (* 18 (* y00 x)) ?x71 ?x638 ?x955 ?x1560 (* (- 2) (* y00 y00 z)) (* (- 3) (* z00 z00 y)))))
 (let ((?x682 (* z00 z y)))
 (let ((?x1096 (* (- 6) ?x1011)))
 (let ((?x628 (* 12 ?x627)))
 (let ((?x836 (+ (* (- 1) (* y00 z00 z)) ?x1821 ?x1190 ?x2593 ?x628 ?x671 ?x897 ?x1470 ?x900 (* 12 (* y00 y)) ?x64 ?x581 ?x1096 ?x71 ?x638 ?x99 (* (- 18) (* z00 x)) ?x682 (* (- 1) (* z00 z00 y)))))
 (let ((?x702 (* z00 z00 z)))
 (let ((?x1326 (* (- 12) ?x1284)))
 (let ((?x796 (+ (* (- 6) ?x1559) ?x511 ?x522 ?x1326 ?x2130 ?x64 ?x581 (* (- 6) (* z00 z)) ?x71 ?x638 ?x702)))
 (let (($x2050 (and $x1259 (= (+ ?x419 ?x43 ?x442 (* (- 6) z) ?x49 (* z z)) 0) (= ?x796 0) (= ?x836 0) (= ?x678 0) $x2094 $x1545)))
 (let ((?x227 (- (- (+ (* (- 1) z00 z00) ?x43) (* 12 ?x223)) (* 6 (+ z 6)))))
 (let ((?x229 (+ ?x227 ?x49 (* (+ z 6) (+ z 6)))))
 (let ((?x215 (+ z 6)))
 (let ((?x217 (+ n 1)))
 (let ((?x29 (- 1)))
 (let ((?x359 (+ (* ?x29 ?x217 ?x217 ?x237 ?x237 ?x223 ?x223 ?x215) (* 9 ?x223 ?x215))))
 (let ((?x210 (* 108 x00 x00)))
 (let ((?x204 (* 10 y00 z00 z00)))
 (let ((?x197 (* 2 x00 z00 z00 z00)))
 (let ((?x189 (* 18 x00 z00 z00)))
 (let ((?x187 (* 36 x00 y00 z00)))
 (let ((?x184 (* 96 y00 y00)))
 (let ((?x179 (* 16 y00 y00 y00)))
 (let ((?x171 (* 24 y00 z00)))
 (let ((?x160 (* 12 y00 y00 z00)))
 (let ((?x313 (- (+ (* 216 x00 y00) (* 108 ?x237 ?x223) (* 36 x00 z00)) (* 2 ?x237 z00 z00 z00))))
 (let ((?x320 (+ (- (- (+ ?x313 (* 18 ?x237 z00 z00)) ?x160) ?x161) (* 24 ?x223 ?x223) (* 108 ?x237 ?x237))))
 (let ((?x324 (+ (- ?x320 (* 4 ?x223 ?x223 ?x223)) (* 18 ?x223 y00 z00) ?x171)))
 (let ((?x331 (- (+ (- (- ?x324 (* 120 ?x223 y00)) (* 24 ?x223 z00)) ?x179) (* 6 ?x223 ?x223 z00))))
 (let ((?x338 (- (- (- (+ ?x331 ?x184) (* 12 ?x223 ?x223 y00)) ?x187) (* 108 x00 ?x223))))
 (let ((?x343 (- (+ (- (- ?x338 ?x189) (* 216 ?x237 x00)) ?x196 ?x197) (* 216 ?x237 y00))))
 (let ((?x348 (- (- (+ ?x343 (* ?x223 ?x223 z00 z00)) ?x204) (* 36 ?x237 z00))))
 (let ((?x353 (- (+ ?x348 (* 36 ?x237 y00 z00) (* 10 ?x223 z00 z00) ?x210) (* ?x223 z00 z00 z00))))
 (let ((?x144 (* 3 y00 z00 z00)))
 (let ((?x74 (* 108 x00)))
 (let ((?x243 (* 72 ?x223)))
 (let ((?x67 (* 72 y00)))
 (let ((?x238 (* 108 ?x237)))
 (let ((?x137 (* 3 x00 z00 z00)))
 (let ((?x258 (* 18 x00 ?x215)))
 (let ((?x133 (* 36 y00 y00)))
 (let ((?x251 (* 12 ?x223 ?x215)))
 (let ((?x261 (* 6 ?x223 z00)))
 (let ((?x91 (* 6 y00 z00)))
 (let ((?x235 (* 12 y00 ?x215)))
 (let ((?x252 (* 18 ?x237 ?x215)))
 (let ((?x279 (- (- (- (* (- 18) x00 y00) (* 18 ?x237 ?x223)) ?x252) (* 3 ?x237 z00 z00))))
 (let ((?x284 (- (+ (- ?x279 ?x113) (* 3 x00 ?x215 z00)) (* ?x223 y00 z00))))
 (let ((?x291 (- (- (+ (- (+ ?x284 ?x235) ?x91) (* 36 ?x223 y00) ?x261) ?x251) (* 3 ?x237 ?x215 z00))))
 (let ((?x297 (+ (- (+ ?x291 (* 2 ?x223 ?x223 z00)) ?x133) ?x258 (* ?x223 ?x223 ?x215) (* 18 x00 ?x223) ?x137 ?x238)))
 (let ((?x303 (+ (- (+ (- ?x297 ?x67) (* 18 ?x237 y00) ?x243) ?x74) (* ?x223 y00 ?x215) ?x144)))
 (let (($x308 (= (- (- ?x303 (* 2 y00 y00 ?x215)) (* 3 ?x223 z00 z00)) 0)))
 (let ((?x88 (* 24 y00 y00)))
 (let ((?x84 (* 18 x00 z00)))
 (let ((?x256 (+ (- (- (* ?x29 y00 ?x215 z00) ?x251) ?x252) ?x84 (* 12 ?x223 ?x223))))
 (let ((?x262 (- (+ (- ?x256 ?x88) ?x258 ?x235 ?x91 (* 12 ?x223 y00) ?x238) ?x67)))
 (let ((?x270 (+ (- (+ (- (+ (- ?x262 ?x261) ?x243) ?x74) ?x99) (* 18 ?x237 z00)) (* ?x223 ?x215 z00))))
 (let ((?x62 (* 18 y00 z00)))
 (let ((?x236 (- (+ (- (* (- 6) ?x223 ?x215) ?x55) (* 6 z00 z00)) ?x235)))
 (let ((?x245 (- (+ (- (- (+ ?x236 ?x62 ?x238) ?x67) (* 6 ?x215 z00)) ?x243) ?x74)))
 (let (($x221 (= (- (+ (* ?x29 ?x215) z00 (* 6 ?x217)) (* 6 n00)) 0)))
 (let (($x363 (or (not $x221) (not (= ?x229 0)) (not (= (+ ?x245 (* ?x215 z00 z00)) 0)) (not (= (- ?x270 (* ?x223 z00 z00)) 0)) (not $x308) (not (= ?x353 0)) (not (= (* ?x359 ?x229) 0)))))
 (let ((?x212 (* y z00 z00 z00)))
 (let ((?x201 (* y y z00 z00)))
 (let ((?x157 (- (+ (* 216 x00 y00) (* 108 x y) (* 36 x00 z00)) (* 2 x z00 z00 z00))))
 (let ((?x166 (+ (- (- (+ ?x157 (* 18 x z00 z00)) ?x160) ?x161) (* 24 y y) (* 108 x x))))
 (let ((?x172 (+ (- ?x166 (* 4 y y y)) (* 18 y y00 z00) ?x171)))
 (let ((?x182 (- (+ (- (- ?x172 (* 120 y y00)) (* 24 y z00)) ?x179) (* 6 y y z00))))
 (let ((?x193 (- (- (- (+ ?x182 ?x184) (* 12 y y y00)) ?x187) (* 108 x00 y))))
 (let ((?x200 (- (+ (- (- ?x193 ?x189) (* 216 x x00)) ?x196 ?x197) (* 216 x y00))))
 (let ((?x211 (+ (- (- (+ ?x200 ?x201) ?x204) (* 36 x z00)) (* 36 x y00 z00) (* 10 y z00 z00) ?x210)))
 (let ((?x135 (* y y z)))
 (let ((?x90 (* 18 x00 z)))
 (let ((?x80 (* 12 y z)))
 (let ((?x94 (* 6 y z00)))
 (let ((?x59 (* 12 y00 z)))
 (let ((?x120 (* y y00 z00)))
 (let ((?x81 (* 18 x z)))
 (let ((?x116 (- (- (- (* (- 18) x00 y00) (* 18 x y)) ?x81) (* 3 x z00 z00))))
 (let ((?x123 (- (+ (- (+ (- ?x116 ?x113) (* 3 x00 z z00)) ?x120) ?x59) ?x91)))
 (let ((?x129 (- (- (+ ?x123 (* 36 y y00) ?x94) ?x80) (* 3 x z z00))))
 (let ((?x138 (+ (- (+ ?x129 (* 2 y y z00)) ?x133) ?x90 ?x135 (* 18 x00 y) ?x137 ?x64)))
 (let ((?x145 (+ (- (+ (- ?x138 ?x67) (* 18 x y00) ?x71) ?x74) (* y y00 z) ?x144)))
 (let (($x150 (= (- (- ?x145 (* 2 y00 y00 z)) (* 3 y z00 z00)) 0)))
 (let ((?x105 (* y z00 z00)))
 (let ((?x103 (* y z z00)))
 (let ((?x86 (+ (- (- (* ?x29 y00 z z00) ?x80) ?x81) ?x84 (* 12 y y))))
 (let ((?x95 (- (+ (- ?x86 ?x88) ?x90 ?x59 ?x91 (* 12 y y00) ?x64) ?x67)))
 (let ((?x104 (+ (- (+ (- (+ (- ?x95 ?x94) ?x71) ?x74) ?x99) (* 18 x z00)) ?x103)))
 (let ((?x76 (* z z00 z00)))
 (let ((?x60 (- (+ (- (* (- 6) y z) ?x55) (* 6 z00 z00)) ?x59)))
 (let ((?x75 (- (+ (- (- (+ ?x60 ?x62 ?x64) ?x67) (* 6 z z00)) ?x71) ?x74)))
 (let ((?x50 (* z z)))
 (let ((?x46 (* 6 z)))
 (let ((?x51 (+ (- (- (+ (* ?x29 z00 z00) ?x43) (* 12 y)) ?x46) ?x49 ?x50)))
 (let (($x39 (= (- (+ (* ?x29 z) z00 (* 6 n)) (* 6 n00)) 0)))
 (let (($x364 (and $x39 (= ?x51 0) (= (+ ?x75 ?x76) 0) (= (- ?x104 ?x105) 0) $x150 (= (- ?x211 ?x212) 0) $x363)))
 (rewrite (= $x364 $x2050))))))))))))))))))))))))))))))))))))))))))))))))))))))))))))))))))))))))))))))))))))))))))))))))))))))))))))))))))))))))))))))))))))))))))))))))))))))))))))))))))))))))))))))))))))))))))))))))))))))
 ))
 (let ((@x366 (asserted $x365)))
 (let ((@x532 (mp (mp @x366 (quant-intro (proof-bind ?x1610) (= $x365 $x2051)) $x2051) (rewrite (= $x2051 $x2051)) $x2051)))
 (let ((@x649 (mp (mp @x532 (quant-intro (proof-bind ?x2602) (= $x2051 $x1469)) $x1469) (quant-intro (proof-bind ?x2651) (= $x1469 $x1617)) $x1617)))
 (let ((@x675 (mp (mp~ @x649 (sk (~ $x1617 $x1167)) $x1167) (rewrite (= $x1167 $x1929)) $x1929)))
 (let ((@x1525 (and-elim @x675 $x1067)))
 (let ((@x1555 (unit-resolution ((_ th-lemma arith triangle-eq) (or (not $x1067) $x426)) @x1525 $x426)))
 (let (($x975 (>= ?x1123 0)))
 (let ((@x1997 (unit-resolution ((_ th-lemma arith triangle-eq) (or (not $x1067) $x975)) @x1525 $x975)))
 (let (($x1686 (<= ?x1422 0)))
 (let (($x1806 (<= ?x2116 0)))
 (let ((@x997 (and-elim @x675 $x2004)))
 (let ((@x425 (unit-resolution ((_ th-lemma arith triangle-eq) (or (not $x2004) $x1806)) @x997 $x1806)))
 (let (($x1805 (>= ?x2116 0)))
 (let ((@x1156 (unit-resolution ((_ th-lemma arith triangle-eq) (or (not $x2004) $x1805)) @x997 $x1805)))
 (let (($x984 (<= ?x2525 0)))
 (let ((@x1290 (and-elim @x675 $x2048)))
 (let ((@x1036 (unit-resolution ((_ th-lemma arith triangle-eq) (or (not $x2048) $x984)) @x1290 $x984)))
 (let (($x1532 (>= ?x2525 0)))
 (let ((@x2147 (unit-resolution ((_ th-lemma arith triangle-eq) (or (not $x2048) $x1532)) @x1290 $x1532)))
 (let (($x1124 (<= ?x1121 0)))
 (let ((@x1982 (and-elim @x675 $x561)))
 (let ((@x967 (unit-resolution ((_ th-lemma arith triangle-eq) (or $x1260 $x1124)) @x1982 $x1124)))
 (let (($x1572 (>= ?x1121 0)))
 (let ((@x2768 (unit-resolution ((_ th-lemma arith triangle-eq) (or $x1260 $x1572)) @x1982 $x1572)))
 (let (($x575 (<= ?x1132 0)))
 (let ((@x1186 (and-elim @x675 $x1305)))
 (let ((@x2508 (unit-resolution ((_ th-lemma arith triangle-eq) (or $x1542 $x575)) @x1186 $x575)))
 (let (($x1509 (>= ?x1132 0)))
 (let ((@x2157 (unit-resolution ((_ th-lemma arith triangle-eq) (or $x1542 $x1509)) @x1186 $x1509)))
 (let ((@x584 ((_ th-lemma arith) (hypothesis (not $x1686)) @x2768 @x967 @x1997 @x1555 @x1156 @x425 @x2157 @x2508 @x2768 @x967 @x2147 @x1036 @x1156 @x425 false)))
 (let ((@x1195 (lemma @x584 $x1686)))
 (let (($x2471 (>= ?x1422 0)))
 (let ((@x1428 ((_ th-lemma arith) (hypothesis (not $x2471)) @x2768 @x967 @x1997 @x1555 @x1156 @x425 @x2157 @x2508 @x2768 @x967 @x2147 @x1036 @x1156 @x425 false)))
 (let ((@x1113 (lemma @x1428 $x2471)))
 (let (($x2232 (not (<= ?x1644 0))))
 (let (($x2036 (>= ?x1644 0)))
 (let ((@x2353 ((_ th-lemma arith) (hypothesis (not $x2036)) @x2768 @x967 @x1156 @x425 @x2157 @x2508 @x2768 @x967 @x1113 @x1195 @x1997 @x1555 false)))
 (let (($x1111 (>= ?x1120 0)))
 (let ((@x1977 ((_ th-lemma arith eq-propagate 0 0 0) (lemma ((_ th-lemma arith farkas 1 1 1) (hypothesis (not $x1111)) @x2157 @x2508 false) $x1111) @x2157 @x2508 $x1621)))
 (let ((@x1268 (unit-resolution ((_ th-lemma arith triangle-eq) (or $x2128 (not $x1686) (not $x2471))) @x1113 @x1195 $x2128)))
 (let ((@x1035 (unit-resolution (hypothesis $x903) ((_ th-lemma arith eq-propagate -6 -6 -1 -1) @x2157 @x2508 @x2147 @x1036 $x819) false)))
 (let (($x1585 (>= ?x1224 0)))
 (let (($x1601 (<= ?x1944 0)))
 (let ((@x1188 (and-elim @x675 $x1854)))
 (let ((@x566 (unit-resolution ((_ th-lemma arith triangle-eq) (or (not $x1854) $x1601)) @x1188 $x1601)))
 (let (($x466 (>= ?x1944 0)))
 (let ((@x915 (unit-resolution ((_ th-lemma arith triangle-eq) (or (not $x1854) $x466)) @x1188 $x466)))
 (let ((@x998 ((_ th-lemma arith) (hypothesis (not $x1585)) @x2768 @x967 @x2147 @x1036 @x1156 @x425 @x2157 @x2508 @x2768 @x967 @x2768 @x967 @x1156 @x425 @x2157 @x2508 @x915 @x566 @x1997 @x1555 @x1156 @x425 @x1156 @x425 @x915 @x566 @x1997 @x1555 false)))
 (let (($x2514 (<= ?x1224 0)))
 (let ((@x1681 ((_ th-lemma arith) (hypothesis (not $x2514)) @x2768 @x967 @x2147 @x1036 @x1156 @x425 @x2157 @x2508 @x2768 @x967 @x2768 @x967 @x1156 @x425 @x2157 @x2508 @x1113 @x1195 @x915 @x566 @x1156 @x425 @x1997 @x1555 @x1156 @x425 @x915 @x566 @x1997 @x1555 false)))
 (let ((@x1731 (unit-resolution ((_ th-lemma arith triangle-eq) (or $x2377 (not $x2514) (not $x1585))) (lemma @x1681 $x2514) (lemma @x998 $x1585) $x2377)))
 (let ((@x1020 (unit-resolution (and-elim @x675 $x2638) @x1982 @x1186 (or $x903 $x1252 $x1750 $x1009 $x996))))
 (let ((@x1958 (unit-resolution ((_ th-lemma arith triangle-eq) (or $x1645 $x2232 (not $x2036))) (unit-resolution @x1020 @x1731 (lemma @x1035 $x819) @x1268 @x1977 $x1252) (or $x2232 (not $x2036)))))
 ((_ th-lemma arith) (unit-resolution @x1958 (lemma @x2353 $x2036) $x2232) @x2768 @x967 @x1156 @x425 @x2157 @x2508 @x2768 @x967 @x1113 @x1195 @x1997 @x1555 false)))))))))))))))))))))))))))))))))))))))))))))))))))))))))))))))))))))))))))))))))))))))))))))))))))))))))))))))))))))))))))))))))))))))))))))))))))))))))))))))))))))))))))))))))))))))))))))))))))))))))))))))))))))))))))))))))))))))))))))))))))))))))))))))))))))))))))))))))))))))))))))))))))))

(:added-eqs                 12
 :arith-assert-diseq        9
 :arith-assert-lower        82
 :arith-assert-upper        20
 :arith-conflicts           7
 :arith-eq-adapter          11
 :arith-fixed-eqs           2
 :arith-gcd-tests           9
 :arith-grobner             6
 :arith-max-min             1688
 :arith-nonlinear-bounds    63
 :arith-nonlinear-horner    79
 :arith-num-rows            15
 :arith-patches             9
 :arith-patches_succ        9
 :arith-pivots              9
 :arith-pseudo-nonlinear    2
 :arith-row-summations      16
 :arith-tableau-max-columns 122
 :arith-tableau-max-rows    15
 :conflicts                 8
 :decisions                 19
 :del-clause                39
 :final-checks              13
 :max-memory                30.86
 :memory                    3.50
 :mk-bool-var               39
 :mk-clause                 39
 :num-allocs                9595346891967.00
 :num-checks                1
 :propagations              46
 :rlimit-count              90617606
 :time                      94.33
 :total-time                93.95)
