unsat
((set-logic NIA)
(declare-fun y!2 () Int)
(declare-fun z!1 () Int)
(declare-fun x!3 () Int)
(declare-fun n!0 () Int)
(proof
(let ((?x1874 (* z!1 z!1)))
 (let ((?x422 (* z00 z00)))
 (let ((?x582 (* (- 1) ?x422)))
 (let ((?x43 (* 12 y00)))
 (let ((?x49 (* 6 z00)))
 (let ((?x1756 (+ ?x49 ?x43 ?x582 ?x1874 (* (- 6) z!1) (* (- 12) y!2))))
 (let (($x612 (<= ?x1756 0)))
 (let (($x1759 (= ?x1756 0)))
 (let ((?x2488 (* y!2 y!2)))
 (let ((?x2793 (* 12 ?x2488)))
 (let ((?x1100 (* x!3 z!1)))
 (let ((?x2465 (* (- 18) ?x1100)))
 (let ((?x777 (* z00 z00 y00)))
 (let ((?x753 (* z00 z!1 y!2)))
 (let ((?x657 (* y00 y00)))
 (let ((?x675 (* (- 24) ?x657)))
 (let ((?x644 (* z00 z!1 z!1)))
 (let ((?x626 (* z00 x00)))
 (let ((?x628 (* 18 ?x626)))
 (let ((?x525 (* z00 z00 z!1)))
 (let ((?x2589 (* (- 1) ?x525)))
 (let ((?x992 (+ ?x2589 (* 18 (* x00 z!1)) (* 12 (* y00 y!2)) ?x628 ?x644 ?x675 ?x753 ?x777 ?x2465 (* (- 6) (* z!1 y!2)) (* 24 (* y00 z!1)) (* (- 1) (* z00 y00 z!1)) (* (- 1) (* z00 z00 y!2)) ?x2793 (* (- 18) (* z00 x!3)) (* (- 18) (* z00 y!2)))))
 (let ((?x2756 (* 42 y!2)))
 (let ((?x565 (* 42 z!1)))
 (let ((?x2624 (+ x!3 y!2)))
 (let ((?x1933 (+ z!1 y!2)))
 (let ((?x1033 (+ 6 z!1)))
 (let ((?x2273 (+ 1 n!0)))
 (let ((?x1887 (* (- 60) (* x!3 y!2 y!2))))
 (let ((?x576 (* 7 ?x1874)))
 (let ((?x2926 (* (- 10) (* x!3 z!1 z!1 z!1))))
 (let ((?x2487 (* (- 60) (* x!3 z!1 z!1))))
 (let ((?x1487 (* y!2 y!2 y!2)))
 (let ((?x1808 (* (- 60) ?x1487)))
 (let ((?x3004 (+ (* (- 10) (* x!3 z!1 y!2 y!2)) (* (- 10) (* n!0 z!1 y!2 y!2 y!2)) (* (- 120) (* z!1 y!2 y!2)) (* (- 120) (* n!0 x!3 z!1 y!2)) (* (- 120) (* x!3 z!1 y!2)) (* (- 10) (* n!0 x!3 z!1 z!1 z!1)) (* (- 10) (* z!1 y!2 y!2 y!2)) (* 7 (* z!1 y!2)) ?x1808 (* (- 60) (* n!0 x!3 z!1 z!1)) (* (- 20) (* n!0 z!1 z!1 y!2 y!2)) ?x2487 ?x2926 (* (- 20) (* x!3 z!1 z!1 y!2)) (* (- 60) (* z!1 z!1 y!2)) (* (- 10) (* n!0 z!1 z!1 z!1 y!2)) ?x576 ?x1887 (* (- 60) (* n!0 z!1 z!1 y!2)) (* (- 10) (* n!0 x!3 z!1 y!2 y!2)) (* (- 60) (* n!0 x!3 y!2 y!2)) (* (- 20) (* z!1 z!1 y!2 y!2)) (* 5 (* ?x2273 ?x1033 ?x1033 ?x1933 ?x1933 ?x2624 ?x2624)) (* 6 (* ?x2273 ?x2273 ?x1033 ?x1033 ?x1933 ?x2624 ?x2624)) (* (- 20) (* n!0 x!3 z!1 z!1 y!2)) (* (- 60) (* n!0 y!2 y!2 y!2)) ?x565 ?x2756 (* (- 10) (* z!1 z!1 z!1 y!2)) (* (- 120) (* n!0 z!1 y!2 y!2)))))
 (let ((?x2578 (* ?x3004 ?x992)))
 (let (($x3027 (= ?x2578 0)))
 (let (($x2563 (not $x3027)))
 (let ((?x2999 (* x!3 y!2)))
 (let ((?x1402 (* 324 ?x2999)))
 (let ((?x2790 (* z00 x!3)))
 (let ((?x2329 (* (- 36) ?x2790)))
 (let ((?x1293 (* 240 ?x2488)))
 (let ((?x2406 (* z00 y!2 y!2)))
 (let ((?x1638 (* (- 6) ?x2406)))
 (let ((?x2061 (* z00 z00 x!3)))
 (let ((?x1891 (* 18 ?x2061)))
 (let ((?x1878 (* z00 z00 y!2 y!2)))
 (let ((?x2956 (* 24 ?x1874)))
 (let ((?x1754 (* y00 x!3)))
 (let ((?x2418 (* (- 216) ?x1754)))
 (let ((?x1963 (* (- 216) (* x00 x!3))))
 (let ((?x1451 (* (- 4) ?x1487)))
 (let ((?x1386 (* 108 (* x00 x00))))
 (let ((?x1283 (* 2 (* z00 z00 z00 x00))))
 (let ((?x1279 (* z00 z00 z00 y00)))
 (let ((?x1189 (* (- 36) (* z00 y00 x00))))
 (let ((?x1103 (* 16 (* y00 y00 y00))))
 (let ((?x2368 (* 108 ?x1100)))
 (let ((?x1890 (* (- 2) (* z00 z00 z00 x!3))))
 (let ((?x967 (* z00 z00 x00)))
 (let ((?x1239 (* (- 18) ?x967)))
 (let ((?x873 (* (- 1) (* z00 z00 y00 y00))))
 (let ((?x2799 (* 36 (* z00 y00 x!3))))
 (let ((?x850 (* (- 12) (* y00 y!2 y!2))))
 (let ((?x1340 (* (- 10) ?x777)))
 (let ((?x757 (* z00 y00 y00)))
 (let ((?x838 (* (- 12) ?x757)))
 (let ((?x751 (* z!1 z!1 z!1)))
 (let ((?x2927 (* (- 4) ?x751)))
 (let ((?x2490 (* 108 (* x!3 x!3))))
 (let ((?x1139 (* 96 ?x657)))
 (let ((?x583 (* 36 ?x626)))
 (let ((?x563 (* z00 y00)))
 (let ((?x981 (* 24 ?x563)))
 (let ((?x512 (* y00 x00)))
 (let ((?x534 (* 216 ?x512)))
 (let ((?x2230 (+ ?x534 (* 10 ?x525) ?x981 (* (- 108) (* x00 z!1)) (* (- 12) (* z!1 y!2 y!2)) (* (- 336) (* y00 y!2)) ?x583 (* (- 6) ?x644) ?x1139 ?x2490 ?x2927 (* (- 12) ?x753) ?x838 ?x1340 ?x850 ?x2799 ?x873 ?x1239 (* (- 12) (* y00 z!1 z!1)) ?x1890 ?x2368 ?x1103 (* (- 24) (* y00 z!1 y!2)) ?x1189 (* 54 (* z00 y00 y!2)) (* (- 3) (* z00 z00 z00 y!2)) ?x1279 ?x1283 ?x1386 (* 156 (* z!1 y!2)) ?x1451 ?x1963 ?x2418 (* (- 324) (* x00 y!2)) (* (- 12) (* z!1 z!1 y!2)) (* (- 24) (* z00 z!1)) ?x2956 ?x1878 (* (- 120) (* y00 z!1)) ?x1891 (* 18 (* z00 y00 z!1)) (* 28 (* z00 z00 y!2)) ?x1638 ?x1293 (* 2 (* z00 z00 z!1 y!2)) (* z00 z00 z!1 z!1) (* (- 1) (* z00 z00 z00 z!1)) ?x2329 (* (- 60) (* z00 y!2)) ?x1402)))
 (let (($x1353 (= ?x2230 0)))
 (let (($x2505 (not $x1353)))
 (let ((?x2657 (* 18 ?x2999)))
 (let ((?x2627 (* 18 ?x2790)))
 (let ((?x2789 (* (- 2) ?x2406)))
 (let ((?x1837 (* 2 (* y00 y00 z!1))))
 (let ((?x2075 (* z00 y00 z!1)))
 (let ((?x1135 (* 3 ?x2061)))
 (let ((?x1704 (* 6 ?x1874)))
 (let ((?x1811 (* x00 y!2)))
 (let ((?x1134 (* (- 18) ?x1811)))
 (let ((?x1937 (* (- 18) ?x1754)))
 (let ((?x1118 (* 3 (* z00 x!3 z!1))))
 (let ((?x1183 (* z00 y00 y!2)))
 (let ((?x1113 (* y00 z!1 y!2)))
 (let ((?x1121 (* (- 1) ?x1113)))
 (let ((?x2583 (* 36 ?x1100)))
 (let ((?x2383 (* (- 3) ?x967)))
 (let ((?x2313 (* (- 3) (* z00 x00 z!1))))
 (let ((?x2381 (* (- 3) ?x777)))
 (let ((?x2562 (* (- 1) ?x753)))
 (let ((?x2430 (* (- 1) ?x751)))
 (let ((?x2377 (* 48 ?x657)))
 (let ((?x1775 (* (- 18) ?x626)))
 (let ((?x590 (* z!1 y!2 y!2)))
 (let ((?x2987 (* (- 1) ?x590)))
 (let ((?x692 (* 6 ?x563)))
 (let ((?x2372 (* 18 ?x512)))
 (let ((?x756 (+ ?x2372 (* 3 ?x525) ?x692 (* (- 36) (* x00 z!1)) ?x2987 (* (- 60) (* y00 y!2)) ?x1775 (* (- 2) ?x644) ?x2377 ?x2430 ?x2562 ?x757 ?x2381 ?x2313 ?x2383 (* (- 1) (* y00 z!1 z!1)) ?x2583 ?x1121 ?x1183 (* 36 (* z!1 y!2)) ?x1118 ?x1937 ?x1134 (* (- 2) (* z!1 z!1 y!2)) (* (- 6) (* z00 z!1)) ?x1704 (* (- 54) (* y00 z!1)) ?x1135 ?x2075 ?x1837 (* 6 (* z00 z00 y!2)) ?x2789 ?x2793 ?x2627 (* 12 (* z00 y!2)) ?x2657)))
 (let (($x2508 (= ?x756 0)))
 (let (($x1095 (not $x2508)))
 (let ((?x573 (* (- 12) ?x2488)))
 (let ((?x2276 (* z00 z00 y!2)))
 (let ((?x1475 (* z!1 y!2)))
 (let ((?x2597 (* 6 ?x1475)))
 (let ((?x3075 (* 18 ?x1100)))
 (let ((?x1778 (* (- 1) ?x777)))
 (let ((?x659 (* 24 ?x657)))
 (let ((?x613 (* y00 y!2)))
 (let ((?x2558 (* (- 12) ?x613)))
 (let ((?x570 (* x00 z!1)))
 (let ((?x2168 (* (- 18) ?x570)))
 (let ((?x462 (+ ?x525 ?x2168 ?x2558 ?x1775 (* (- 1) ?x644) ?x659 ?x2562 ?x1778 ?x3075 ?x2597 (* (- 24) (* y00 z!1)) ?x2075 ?x2276 ?x573 ?x2627 (* 18 (* z00 y!2)))))
 (let (($x1078 (= ?x462 0)))
 (let (($x2330 (not $x1078)))
 (let ((?x865 (* (- 108) x!3)))
 (let ((?x1978 (* y00 z!1)))
 (let ((?x1742 (* 12 ?x1978)))
 (let ((?x1863 (* z00 z!1)))
 (let ((?x1903 (* 6 ?x1863)))
 (let ((?x2595 (* (- 18) ?x563)))
 (let ((?x74 (* 108 x00)))
 (let ((?x55 (* z00 z00 z00)))
 (let ((?x1993 (+ (* 36 z00) (* 144 y00) ?x55 ?x74 (* (- 12) ?x422) ?x2589 ?x2595 ?x2597 ?x1903 ?x1704 ?x1742 ?x865 (* (- 36) z!1) (* (- 144) y!2))))
 (let (($x2283 (= ?x1993 0)))
 (let (($x2302 (not $x2283)))
 (let (($x1069 (not $x1759)))
 (let ((?x1884 (* (- 6) n00)))
 (let ((?x2058 (+ z00 ?x1884 (* 6 n!0) (* (- 1) z!1))))
 (let (($x2410 (= ?x2058 0)))
 (let (($x1424 (not $x2410)))
 (let (($x736 (or $x1424 $x1069 $x2302 $x2330 $x1095 $x2505 $x2563)))
 (let ((?x2162 (* 108 ?x2999)))
 (let ((?x1606 (* 24 ?x2488)))
 (let ((?x2206 (+ ?x534 ?x981 (* (- 120) ?x613) ?x583 ?x1139 ?x2490 ?x838 ?x1340 ?x850 ?x2799 ?x873 ?x1239 ?x1890 ?x1103 ?x1189 (* 18 ?x1183) (* (- 1) (* z00 z00 z00 y!2)) ?x1279 ?x1283 ?x1386 ?x1451 ?x1963 ?x2418 (* (- 108) ?x1811) ?x1878 ?x1891 (* 10 ?x2276) ?x1638 ?x1606 ?x2329 (* (- 24) (* z00 y!2)) ?x2162)))
 (let (($x2343 (= ?x2206 0)))
 (let ((?x694 (* (- 72) y!2)))
 (let ((?x1192 (* (- 12) ?x1978)))
 (let ((?x2580 (* 12 ?x1475)))
 (let ((?x1665 (* 36 ?x657)))
 (let ((?x67 (* 72 y00)))
 (let ((?x2791 (+ ?x67 ?x74 ?x2372 ?x692 ?x2168 ?x2987 (* (- 36) ?x613) ?x1665 ?x757 ?x2381 ?x2313 ?x2383 ?x3075 ?x1121 ?x1183 ?x2580 ?x1118 ?x1937 ?x1134 ?x1192 ?x1135 ?x1837 (* 3 ?x2276) ?x2789 ?x865 ?x694 (* (- 6) (* z00 y!2)) ?x2657)))
 (let (($x1508 (= ?x2791 0)))
 (let ((?x857 (* (- 6) ?x563)))
 (let ((?x2628 (+ ?x67 ?x74 ?x857 ?x2168 ?x2558 ?x1775 ?x659 ?x2562 ?x1778 ?x3075 ?x2580 ?x1192 ?x2075 ?x2276 ?x573 ?x865 ?x694 ?x2627 (* 6 (* z00 y!2)))))
 (let (($x1566 (= ?x2628 0)))
 (let ((?x2528 (* (- 6) ?x422)))
 (let ((?x2187 (+ ?x67 ?x55 ?x74 ?x2528 ?x2589 ?x2595 ?x2597 ?x1903 ?x1742 ?x865 ?x694)))
 (let (($x1351 (= ?x2187 0)))
 (let (($x932 (and $x2410 $x1759 $x1351 $x1566 $x1508 $x2343 $x736)))
 (let ((?x593 (* z!1 z!1 z00)))
 (let ((?x2436 (* x!3 z00)))
 (let ((?x2997 (* (- 18) ?x2436)))
 (let ((?x2974 (* y!2 y00)))
 (let ((?x2774 (* 12 ?x2974)))
 (let ((?x633 (* z!1 x00)))
 (let ((?x2866 (* 18 ?x633)))
 (let ((?x693 (* z!1 z00 y00)))
 (let ((?x2459 (* (- 1) ?x693)))
 (let ((?x1492 (* y!2 z!1)))
 (let ((?x1875 (* (- 6) ?x1492)))
 (let ((?x1289 (* y!2 z00 z00)))
 (let ((?x1014 (* (- 1) ?x1289)))
 (let ((?x1198 (* y!2 z!1 z00)))
 (let ((?x1409 (+ (* (- 1) (* z!1 z00 z00)) ?x1198 ?x1014 ?x1875 ?x2459 (* 24 (* z!1 y00)) ?x2465 ?x628 ?x2793 ?x675 ?x2866 ?x2774 (* (- 18) (* y!2 z00)) ?x777 ?x2997 ?x593)))
 (let ((?x1689 (* 5 (* ?x2273 ?x1033 ?x1033 (+ y!2 z!1) (+ y!2 z!1) ?x2624 ?x2624))))
 (let ((?x1389 (+ ?x2756 ?x565 ?x576 (* (- 120) (* y!2 y!2 z!1)) (* 7 ?x1492) ?x1808 (* (- 10) (* x!3 y!2 y!2 z!1)) (* (- 10) (* y!2 y!2 y!2 z!1)) (* (- 60) (* y!2 z!1 z!1)) (* (- 20) (* x!3 y!2 z!1 z!1)) ?x1689 (* 6 (* ?x2273 ?x2273 ?x1033 ?x1033 (+ y!2 z!1) ?x2624 ?x2624)) (* (- 20) (* y!2 y!2 z!1 z!1)) ?x2926 (* (- 10) (* y!2 z!1 z!1 z!1)) ?x1887 (* (- 60) (* x!3 y!2 y!2 n!0)) (* (- 60) (* y!2 y!2 y!2 n!0)) (* (- 120) (* x!3 y!2 z!1)) (* (- 120) (* x!3 y!2 z!1 n!0)) (* (- 120) (* y!2 y!2 z!1 n!0)) ?x2487 (* (- 60) (* x!3 z!1 z!1 n!0)) (* (- 60) (* y!2 z!1 z!1 n!0)) (* (- 10) (* x!3 y!2 y!2 z!1 n!0)) (* (- 10) (* y!2 y!2 y!2 z!1 n!0)) (* (- 20) (* x!3 y!2 z!1 z!1 n!0)) (* (- 20) (* y!2 y!2 z!1 z!1 n!0)) (* (- 10) (* x!3 z!1 z!1 z!1 n!0)) (* (- 10) (* y!2 z!1 z!1 z!1 n!0)))))
 (let ((?x2581 (* 36 (* x!3 z00 y00))))
 (let ((?x933 (* (- 216) (* x!3 x00))))
 (let ((?x1869 (* (- 12) (* y!2 y!2 y00))))
 (let ((?x2567 (* x!3 y00)))
 (let ((?x1171 (* (- 216) ?x2567)))
 (let ((?x1537 (* y!2 y!2 z00)))
 (let ((?x1164 (* (- 6) ?x1537)))
 (let ((?x2025 (* (- 36) ?x2436)))
 (let ((?x937 (* x!3 z00 z00)))
 (let ((?x1005 (* 18 ?x937)))
 (let ((?x1605 (* (- 2) (* x!3 z00 z00 z00))))
 (let ((?x3025 (* y!2 y!2 z00 z00)))
 (let ((?x2955 (+ ?x2956 (* 10 (* z!1 z00 z00)) (* (- 12) ?x1198) (* 28 ?x1289) (* (- 12) (* y!2 y!2 z!1)) ?x3025 (* (- 3) (* y!2 z00 z00 z00)) (* 156 ?x1492) (* 18 ?x693) ?x534 ?x1402 (* (- 120) (* z!1 y00)) ?x981 ?x2368 ?x1605 (* (- 24) (* z!1 z00)) ?x583 ?x1293 ?x1139 (* (- 108) ?x633) (* (- 336) ?x2974) ?x1005 (* (- 60) (* y!2 z00)) ?x838 ?x1340 ?x2025 (* 54 (* y!2 z00 y00)) ?x873 ?x2490 ?x1451 ?x1164 (* (- 324) (* y!2 x00)) ?x1239 ?x1171 (* (- 24) (* y!2 z!1 y00)) ?x1103 ?x1869 ?x1189 ?x933 ?x1279 ?x1283 ?x2581 ?x1386 (* (- 6) ?x593) (* (- 12) (* y!2 z!1 z!1)) ?x2927 (* (- 12) (* z!1 z!1 y00)) (* 2 (* y!2 z!1 z00 z00)) (* z!1 z!1 z00 z00) (* (- 1) (* z!1 z00 z00 z00)))))
 (let ((?x1515 (* y!2 z00 y00)))
 (let ((?x592 (* 18 ?x2436)))
 (let ((?x1170 (* z!1 z00)))
 (let ((?x1140 (* (- 6) ?x1170)))
 (let ((?x2632 (* (- 1) ?x1198)))
 (let ((?x844 (+ ?x1704 (* 3 (* z!1 z00 z00)) ?x2632 (* 6 ?x1289) (* (- 1) (* y!2 y!2 z!1)) (* 36 ?x1492) ?x693 ?x2372 ?x2657 (* (- 54) (* z!1 y00)) ?x692 ?x2583 ?x1140 ?x1775 ?x2793 ?x2377 (* (- 36) ?x633) (* (- 60) ?x2974) (* 3 ?x937) (* 12 (* y!2 z00)) ?x757 ?x2381 (* (- 3) (* z!1 z00 x00)) ?x592 ?x1515 (* 3 (* x!3 z!1 z00)) (* (- 2) ?x1537) (* (- 18) (* y!2 x00)) ?x2383 (* (- 18) ?x2567) (* (- 1) (* y!2 z!1 y00)) (* 2 (* z!1 y00 y00)) (* (- 2) ?x593) (* (- 2) (* y!2 z!1 z!1)) ?x2430 (* (- 1) (* z!1 z!1 y00)))))
 (let ((?x1613 (* z!1 z00 z00)))
 (let ((?x1473 (+ ?x1613 ?x2632 ?x1289 (* 6 ?x1492) ?x693 (* (- 24) (* z!1 y00)) ?x3075 ?x1775 ?x573 ?x659 (* (- 18) ?x633) (* (- 12) ?x2974) (* 18 (* y!2 z00)) ?x1778 ?x592 (* (- 1) ?x593))))
 (let ((?x564 (* 18 ?x563)))
 (let ((?x1626 (* z!1 y00)))
 (let ((?x1490 (* (- 12) ?x1626)))
 (let ((?x1471 (* 12 ?x422)))
 (let ((?x642 (* (- 108) x00)))
 (let ((?x515 (* (- 1) ?x55)))
 (let ((?x1324 (* (- 144) y00)))
 (let ((?x1399 (* (- 36) z00)))
 (let ((?x3007 (* 108 x!3)))
 (let ((?x2703 (+ ?x3007 (* 144 y!2) (* 36 z!1) ?x1399 ?x1324 (* (- 6) ?x1874) ?x515 ?x642 ?x1613 ?x1471 ?x1875 ?x1490 ?x564 ?x1140)))
 (let ((?x493 (* (- 12) y00)))
 (let ((?x492 (* (- 6) z00)))
 (let (($x372 (= (+ (* 12 y!2) (* 6 z!1) ?x492 ?x493 (* (- 1) ?x1874) ?x422) 0)))
 (let (($x2772 (= (+ z!1 (* (- 6) n!0) (* (- 1) z00) (* 6 n00)) 0)))
 (let (($x716 (or (not $x2772) (not $x372) (not (= ?x2703 0)) (not (= ?x1473 0)) (not (= ?x844 0)) (not (= ?x2955 0)) (not (= (* ?x1389 ?x1409) 0)))))
 (let ((?x1122 (+ (* 10 ?x1289) ?x3025 (* (- 1) (* y!2 z00 z00 z00)) ?x534 ?x2162 ?x981 ?x1605 ?x583 ?x1606 ?x1139 (* (- 120) ?x2974) ?x1005 (* (- 24) (* y!2 z00)) ?x838 ?x1340 ?x2025 (* 18 ?x1515) ?x873 ?x2490 ?x1451 ?x1164 (* (- 108) (* y!2 x00)) ?x1239 ?x1171 ?x1103 ?x1869 ?x1189 ?x933 ?x1279 ?x1283 ?x2581 ?x1386)))
 (let ((?x1714 (* y!2 z!1 y00)))
 (let ((?x968 (* 3 ?x967)))
 (let ((?x1030 (* 3 ?x777)))
 (let ((?x764 (* (- 1) ?x757)))
 (let ((?x950 (* (- 36) ?x657)))
 (let ((?x763 (* 12 ?x1626)))
 (let ((?x513 (* (- 18) ?x512)))
 (let ((?x683 (* (- 12) ?x1492)))
 (let ((?x602 (* y!2 y!2 z!1)))
 (let ((?x585 (* (- 72) y00)))
 (let ((?x1427 (* 72 y!2)))
 (let ((?x3024 (+ ?x3007 ?x1427 ?x585 ?x642 (* (- 3) ?x1289) ?x602 ?x683 ?x513 (* (- 18) ?x2999) ?x763 ?x857 ?x2465 ?x950 ?x2866 (* 36 ?x2974) (* (- 3) ?x937) (* 6 (* y!2 z00)) ?x764 ?x1030 (* 3 (* z!1 z00 x00)) (* (- 1) ?x1515) (* (- 3) (* x!3 z!1 z00)) (* 2 ?x1537) (* 18 (* y!2 x00)) ?x968 (* 18 ?x2567) ?x1714 (* (- 2) (* z!1 y00 y00)))))
 (let ((?x2297 (+ ?x3007 ?x1427 ?x585 ?x642 ?x1198 ?x1014 ?x683 ?x2459 ?x763 ?x692 ?x2465 ?x628 ?x2793 ?x675 ?x2866 ?x2774 (* (- 6) (* y!2 z00)) ?x777 ?x2997)))
 (let ((?x526 (* 6 ?x422)))
 (let (($x1141 (= (+ ?x3007 ?x1427 ?x585 ?x515 ?x642 ?x1613 ?x526 ?x1875 ?x1490 ?x564 ?x1140) 0)))
 (let (($x1449 (and $x2772 $x372 $x1141 (= ?x2297 0) (= ?x3024 0) (= ?x1122 0) $x716)))
 (let (($x1750 (exists ((x Int) (y Int) (z Int) (n Int) )(! (let ((?x1712 (* z z z00)))
 (let ((?x788 (* x z00)))
 (let ((?x801 (* (- 18) ?x788)))
 (let ((?x777 (* z00 z00 y00)))
 (let ((?x725 (* y z00)))
 (let ((?x1691 (* (- 18) ?x725)))
 (let ((?x695 (* y y00)))
 (let ((?x696 (* 12 ?x695)))
 (let ((?x688 (* z x00)))
 (let ((?x689 (* 18 ?x688)))
 (let ((?x657 (* y00 y00)))
 (let ((?x675 (* (- 24) ?x657)))
 (let ((?x631 (* y y)))
 (let ((?x632 (* 12 ?x631)))
 (let ((?x626 (* z00 x00)))
 (let ((?x628 (* 18 ?x626)))
 (let ((?x569 (* x z)))
 (let ((?x600 (* (- 18) ?x569)))
 (let ((?x508 (* z z00 y00)))
 (let ((?x509 (* (- 1) ?x508)))
 (let ((?x506 (* y z)))
 (let ((?x507 (* (- 6) ?x506)))
 (let ((?x105 (* y z00 z00)))
 (let ((?x825 (* (- 1) ?x105)))
 (let ((?x103 (* y z z00)))
 (let ((?x76 (* z z00 z00)))
 (let ((?x1757 (* (- 1) ?x76)))
 (let ((?x966 (+ ?x1757 ?x103 ?x825 ?x507 ?x509 (* 24 (* z y00)) ?x600 ?x628 ?x632 ?x675 ?x689 ?x696 ?x1691 ?x777 ?x801 ?x1712)))
 (let ((?x3045 (* (- 10) (* y z z z n))))
 (let ((?x3031 (* (- 10) (* x z z z n))))
 (let ((?x3061 (* (- 20) (* y y z z n))))
 (let ((?x3059 (* (- 20) (* x y z z n))))
 (let ((?x2953 (* (- 10) (* y y y z n))))
 (let ((?x2921 (* (- 10) (* x y y z n))))
 (let ((?x2900 (* (- 60) (* y z z n))))
 (let ((?x2857 (* (- 60) (* x z z n))))
 (let ((?x2834 (* (- 60) (* x z z))))
 (let ((?x3056 (* (- 120) (* y y z n))))
 (let ((?x3054 (* (- 120) (* x y z n))))
 (let ((?x3053 (* (- 120) (* x y z))))
 (let ((?x2656 (* (- 60) (* y y y n))))
 (let ((?x2584 (* (- 60) (* x y y n))))
 (let ((?x2564 (* (- 60) (* x y y))))
 (let ((?x3036 (* (- 10) (* y z z z))))
 (let ((?x3022 (* (- 10) (* x z z z))))
 (let ((?x3060 (* (- 20) (* y y z z))))
 (let ((?x237 (+ x y)))
 (let ((?x223 (+ y z)))
 (let ((?x634 (+ 6 z)))
 (let ((?x791 (+ 1 n)))
 (let ((?x2221 (* 6 (* ?x791 ?x791 ?x634 ?x634 ?x223 ?x237 ?x237))))
 (let ((?x2200 (* 5 (* ?x791 ?x634 ?x634 ?x223 ?x223 ?x237 ?x237))))
 (let ((?x3058 (* (- 20) (* x y z z))))
 (let ((?x2123 (* y z z)))
 (let ((?x2859 (* (- 60) ?x2123)))
 (let ((?x2928 (* (- 10) (* y y y z))))
 (let ((?x2905 (* (- 10) (* x y y z))))
 (let ((?x924 (* y y y)))
 (let ((?x2586 (* (- 60) ?x924)))
 (let ((?x1826 (* 7 ?x506)))
 (let ((?x135 (* y y z)))
 (let ((?x3055 (* (- 120) ?x135)))
 (let ((?x50 (* z z)))
 (let ((?x1828 (* 7 ?x50)))
 (let ((?x2885 (+ (* 42 y) (* 42 z) ?x1828 ?x3055 ?x1826 ?x2586 ?x2905 ?x2928 ?x2859 ?x3058 ?x2200 ?x2221 ?x3060 ?x3022 ?x3036 ?x2564 ?x2584 ?x2656 ?x3053 ?x3054 ?x3056 ?x2834 ?x2857 ?x2900 ?x2921 ?x2953 ?x3059 ?x3061 ?x3031 ?x3045)))
 (let ((?x2931 (* (- 1) (* z z00 z00 z00))))
 (let ((?x2805 (* z z z00 z00)))
 (let ((?x2814 (* 2 (* y z z00 z00))))
 (let ((?x2254 (* z z y00)))
 (let ((?x2596 (* (- 12) ?x2254)))
 (let ((?x2124 (* z z z)))
 (let ((?x2290 (* (- 4) ?x2124)))
 (let ((?x2299 (* (- 12) ?x2123)))
 (let ((?x2525 (* (- 6) ?x1712)))
 (let ((?x1386 (* 108 (* x00 x00))))
 (let ((?x1379 (* 36 (* x z00 y00))))
 (let ((?x1283 (* 2 (* z00 z00 z00 x00))))
 (let ((?x1279 (* z00 z00 z00 y00)))
 (let ((?x1266 (* (- 216) (* x x00))))
 (let ((?x1189 (* (- 36) (* z00 y00 x00))))
 (let ((?x1163 (* (- 12) (* y y y00))))
 (let ((?x1103 (* 16 (* y00 y00 y00))))
 (let ((?x1027 (* y z y00)))
 (let ((?x2611 (* (- 24) ?x1027)))
 (let ((?x997 (* x y00)))
 (let ((?x1306 (* (- 216) ?x997)))
 (let ((?x967 (* z00 z00 x00)))
 (let ((?x1239 (* (- 18) ?x967)))
 (let ((?x963 (* y x00)))
 (let ((?x2747 (* (- 324) ?x963)))
 (let ((?x925 (* y y z00)))
 (let ((?x1126 (* (- 6) ?x925)))
 (let ((?x946 (* (- 4) ?x924)))
 (let ((?x898 (* 108 (* x x))))
 (let ((?x873 (* (- 1) (* z00 z00 y00 y00))))
 (let ((?x1365 (* (- 36) ?x788)))
 (let ((?x1340 (* (- 10) ?x777)))
 (let ((?x757 (* z00 y00 y00)))
 (let ((?x838 (* (- 12) ?x757)))
 (let ((?x2879 (* (- 60) ?x725)))
 (let ((?x703 (* x z00 z00)))
 (let ((?x776 (* 18 ?x703)))
 (let ((?x2795 (* (- 336) ?x695)))
 (let ((?x2676 (* (- 108) ?x688)))
 (let ((?x1139 (* 96 ?x657)))
 (let ((?x2094 (* 240 ?x631)))
 (let ((?x583 (* 36 ?x626)))
 (let ((?x598 (* z z00)))
 (let ((?x2472 (* (- 24) ?x598)))
 (let ((?x708 (* (- 2) (* x z00 z00 z00))))
 (let ((?x1786 (* 108 ?x569)))
 (let ((?x563 (* z00 y00)))
 (let ((?x981 (* 24 ?x563)))
 (let ((?x537 (* z y00)))
 (let ((?x2434 (* (- 120) ?x537)))
 (let ((?x512 (* y00 x00)))
 (let ((?x534 (* 216 ?x512)))
 (let ((?x212 (* y z00 z00 z00)))
 (let ((?x2938 (* (- 3) ?x212)))
 (let ((?x201 (* y y z00 z00)))
 (let ((?x2298 (* (- 12) ?x135)))
 (let ((?x2911 (* 28 ?x105)))
 (let ((?x2540 (* (- 12) ?x103)))
 (let ((?x2898 (* 10 ?x76)))
 (let ((?x2017 (* 24 ?x50)))
 (let ((?x630 (+ ?x2017 ?x2898 ?x2540 ?x2911 ?x2298 ?x201 ?x2938 (* 156 ?x506) (* 18 ?x508) ?x534 (* 324 (* x y)) ?x2434 ?x981 ?x1786 ?x708 ?x2472 ?x583 ?x2094 ?x1139 ?x2676 ?x2795 ?x776 ?x2879 ?x838 ?x1340 ?x1365 (* 54 (* y z00 y00)) ?x873 ?x898 ?x946 ?x1126 ?x2747 ?x1239 ?x1306 ?x2611 ?x1103 ?x1163 ?x1189 ?x1266 ?x1279 ?x1283 ?x1379 ?x1386 ?x2525 ?x2299 ?x2290 ?x2596 ?x2814 ?x2805 ?x2931)))
 (let ((?x2394 (* (- 1) ?x2254)))
 (let ((?x2392 (* (- 1) ?x2124)))
 (let ((?x2391 (* (- 2) ?x2123)))
 (let ((?x2387 (* (- 2) ?x1712)))
 (let ((?x1041 (* z y00 y00)))
 (let ((?x1042 (* 2 ?x1041)))
 (let ((?x2385 (* (- 1) ?x1027)))
 (let ((?x2384 (* (- 18) ?x997)))
 (let ((?x2383 (* (- 3) ?x967)))
 (let ((?x2382 (* (- 2) ?x925)))
 (let ((?x899 (* x z z00)))
 (let ((?x900 (* 3 ?x899)))
 (let ((?x814 (* y z00 y00)))
 (let ((?x789 (* 18 ?x788)))
 (let ((?x2381 (* (- 3) ?x777)))
 (let ((?x2380 (* 12 ?x725)))
 (let ((?x704 (* 3 ?x703)))
 (let ((?x2379 (* (- 60) ?x695)))
 (let ((?x2377 (* 48 ?x657)))
 (let ((?x1775 (* (- 18) ?x626)))
 (let ((?x611 (* (- 6) ?x598)))
 (let ((?x2375 (* 36 ?x569)))
 (let ((?x692 (* 6 ?x563)))
 (let ((?x531 (* x y)))
 (let ((?x533 (* 18 ?x531)))
 (let ((?x2372 (* 18 ?x512)))
 (let ((?x2371 (* 36 ?x506)))
 (let ((?x2370 (* (- 1) ?x135)))
 (let ((?x2369 (* 6 ?x105)))
 (let ((?x1774 (* (- 1) ?x103)))
 (let ((?x2327 (* 3 ?x76)))
 (let ((?x2145 (* 6 ?x50)))
 (let ((?x1359 (+ ?x2145 ?x2327 ?x1774 ?x2369 ?x2370 ?x2371 ?x508 ?x2372 ?x533 (* (- 54) ?x537) ?x692 ?x2375 ?x611 ?x1775 ?x632 ?x2377 (* (- 36) ?x688) ?x2379 ?x704 ?x2380 ?x757 ?x2381 (* (- 3) (* z z00 x00)) ?x789 ?x814 ?x900 ?x2382 (* (- 18) ?x963) ?x2383 ?x2384 ?x2385 ?x1042 ?x2387 ?x2391 ?x2392 ?x2394)))
 (let ((?x1783 (* (- 1) ?x1712)))
 (let ((?x1778 (* (- 1) ?x777)))
 (let ((?x1669 (* 18 ?x725)))
 (let ((?x1777 (* (- 12) ?x695)))
 (let ((?x659 (* 24 ?x657)))
 (let ((?x1776 (* (- 12) ?x631)))
 (let ((?x571 (* 18 ?x569)))
 (let ((?x1736 (+ ?x76 ?x1774 ?x105 (* 6 ?x506) ?x508 (* (- 24) ?x537) ?x571 ?x1775 ?x1776 ?x659 (* (- 18) ?x688) ?x1777 ?x1669 ?x1778 ?x789 ?x1783)))
 (let ((?x564 (* 18 ?x563)))
 (let ((?x550 (* (- 12) ?x537)))
 (let ((?x422 (* z00 z00)))
 (let ((?x1471 (* 12 ?x422)))
 (let ((?x642 (* (- 108) x00)))
 (let ((?x55 (* z00 z00 z00)))
 (let ((?x515 (* (- 1) ?x55)))
 (let ((?x800 (* (- 6) ?x50)))
 (let ((?x1324 (* (- 144) y00)))
 (let ((?x1399 (* (- 36) z00)))
 (let ((?x64 (* 108 x)))
 (let ((?x1162 (+ ?x64 (* 144 y) (* 36 z) ?x1399 ?x1324 ?x800 ?x515 ?x642 ?x76 ?x1471 ?x507 ?x550 ?x564 ?x611)))
 (let ((?x494 (* (- 1) ?x50)))
 (let ((?x493 (* (- 12) y00)))
 (let ((?x492 (* (- 6) z00)))
 (let ((?x46 (* 6 z)))
 (let ((?x45 (* 12 y)))
 (let (($x496 (= (+ ?x45 ?x46 ?x492 ?x493 ?x494 ?x422) 0)))
 (let (($x1180 (not $x496)))
 (let (($x414 (= (+ z (* (- 6) n) (* (- 1) z00) (* 6 n00)) 0)))
 (let (($x928 (not $x414)))
 (let (($x1954 (or $x928 $x1180 (not (= ?x1162 0)) (not (= ?x1736 0)) (not (= ?x1359 0)) (not (= ?x630 0)) (not (= (* ?x2885 ?x966) 0)))))
 (let ((?x886 (* 24 ?x631)))
 (let ((?x1406 (+ (* 10 ?x105) ?x201 (* (- 1) ?x212) ?x534 (* 108 ?x531) ?x981 ?x708 ?x583 ?x886 ?x1139 (* (- 120) ?x695) ?x776 (* (- 24) ?x725) ?x838 ?x1340 ?x1365 (* 18 ?x814) ?x873 ?x898 ?x946 ?x1126 (* (- 108) ?x963) ?x1239 ?x1306 ?x1103 ?x1163 ?x1189 ?x1266 ?x1279 ?x1283 ?x1379 ?x1386)))
 (let (($x1411 (= ?x1406 0)))
 (let ((?x968 (* 3 ?x967)))
 (let ((?x1030 (* 3 ?x777)))
 (let ((?x764 (* (- 1) ?x757)))
 (let ((?x950 (* (- 36) ?x657)))
 (let ((?x857 (* (- 6) ?x563)))
 (let ((?x538 (* 12 ?x537)))
 (let ((?x513 (* (- 18) ?x512)))
 (let ((?x535 (* (- 12) ?x506)))
 (let ((?x585 (* (- 72) y00)))
 (let ((?x71 (* 72 y)))
 (let ((?x1086 (+ ?x64 ?x71 ?x585 ?x642 (* (- 3) ?x105) ?x135 ?x535 ?x513 (* (- 18) ?x531) ?x538 ?x857 ?x600 ?x950 ?x689 (* 36 ?x695) (* (- 3) ?x703) (* 6 ?x725) ?x764 ?x1030 (* 3 (* z z00 x00)) (* (- 1) ?x814) (* (- 3) ?x899) (* 2 ?x925) (* 18 ?x963) ?x968 (* 18 ?x997) ?x1027 (* (- 2) ?x1041))))
 (let (($x1093 (= ?x1086 0)))
 (let ((?x831 (+ ?x64 ?x71 ?x585 ?x642 ?x103 ?x825 ?x535 ?x509 ?x538 ?x692 ?x600 ?x628 ?x632 ?x675 ?x689 ?x696 (* (- 6) ?x725) ?x777 ?x801)))
 (let (($x836 (= ?x831 0)))
 (let ((?x526 (* 6 ?x422)))
 (let (($x663 (= (+ ?x64 ?x71 ?x585 ?x515 ?x642 ?x76 ?x526 ?x507 ?x550 ?x564 ?x611) 0)))
 (and $x414 $x496 $x663 $x836 $x1093 $x1411 $x1954))))))))))))))))))))))))))))))))))))))))))))))))))))))))))))))))))))))))))))))))))))))))))))))))))))))))))))))))))))))))))))))))))))))))))))))))))))))))))))))))))))))))))))))))))))))))))))))))))))))))))))))))) :qid k!44))
 ))
 (let (($x2141 (exists ((x Int) (y Int) (z Int) (n Int) )(! (let ((?x223 (+ y z)))
 (let ((?x634 (+ 6 z)))
 (let ((?x2544 (* z00 ?x634 ?x223)))
 (let ((?x99 (* y00 z00 z00)))
 (let ((?x642 (* (- 108) x00)))
 (let ((?x1423 (* 72 z)))
 (let ((?x1711 (* z00 ?x223)))
 (let ((?x1725 (* (- 6) ?x1711)))
 (let ((?x585 (* (- 72) y00)))
 (let ((?x1431 (* 180 y)))
 (let ((?x64 (* 108 x)))
 (let ((?x727 (* y00 z00)))
 (let ((?x848 (* 6 ?x727)))
 (let ((?x1457 (* y00 ?x634)))
 (let ((?x817 (* 12 ?x1457)))
 (let ((?x1668 (* x00 ?x634)))
 (let ((?x1671 (* 18 ?x1668)))
 (let ((?x657 (* y00 y00)))
 (let ((?x675 (* (- 24) ?x657)))
 (let ((?x1145 (* x00 z00)))
 (let ((?x1158 (* 18 ?x1145)))
 (let ((?x237 (+ x y)))
 (let ((?x1264 (* ?x634 ?x237)))
 (let ((?x1512 (* (- 18) ?x1264)))
 (let ((?x702 (* ?x634 ?x223)))
 (let ((?x2441 (* (- 12) ?x702)))
 (let ((?x939 (+ (* (- 1) (* y00 z00 ?x634)) ?x2441 ?x1512 ?x1158 (* 12 (* ?x223 ?x223)) ?x675 ?x1671 ?x817 ?x848 (* 12 (* y00 ?x223)) ?x64 ?x1431 ?x585 ?x1725 ?x1423 ?x642 ?x99 (* (- 18) (* z00 ?x237)) ?x2544 (* (- 1) (* z00 z00 ?x223)))))
 (let ((?x2221 (* 6 (* (+ 1 n) (+ 1 n) ?x634 ?x634 ?x223 ?x237 ?x237))))
 (let ((?x2200 (* 5 (* (+ 1 n) ?x634 ?x634 ?x223 ?x223 ?x237 ?x237))))
 (let ((?x2325 (+ (* 7 ?x702) ?x2200 ?x2221 (* (- 10) (* (+ 1 n) ?x634 ?x223 ?x223 ?x237)))))
 (let (($x566 (not (= (* ?x2325 ?x939) 0))))
 (let ((?x1386 (* 108 (* x00 x00))))
 (let ((?x1581 (* (- 10) ?x99)))
 (let ((?x1534 (* 2 (* x00 z00 z00 z00))))
 (let ((?x196 (* y00 z00 z00 z00)))
 (let ((?x2665 (* x00 z00 z00)))
 (let ((?x1429 (* (- 18) ?x2665)))
 (let ((?x1478 (* (- 36) (* x00 y00 z00))))
 (let ((?x1139 (* 96 ?x657)))
 (let ((?x1103 (* 16 (* y00 y00 y00))))
 (let ((?x640 (* 24 ?x727)))
 (let ((?x161 (* y00 y00 z00 z00)))
 (let ((?x639 (* (- 1) ?x161)))
 (let ((?x113 (* y00 y00 z00)))
 (let ((?x554 (* (- 12) ?x113)))
 (let ((?x2870 (* 36 ?x1145)))
 (let ((?x2069 (* x00 y00)))
 (let ((?x843 (* 216 ?x2069)))
 (let ((?x1133 (+ ?x843 (* 108 (* ?x223 ?x237)) ?x2870 (* (- 2) (* z00 z00 z00 ?x237)) (* 18 (* z00 z00 ?x237)) ?x554 ?x639 (* 24 (* ?x223 ?x223)) (* 108 (* ?x237 ?x237)) (* (- 4) (* ?x223 ?x223 ?x223)) (* 18 (* y00 z00 ?x223)) ?x640 (* (- 120) (* y00 ?x223)) (* (- 24) ?x1711) ?x1103 (* (- 6) (* z00 ?x223 ?x223)) ?x1139 (* (- 12) (* y00 ?x223 ?x223)) ?x1478 (* (- 108) (* x00 ?x223)) ?x1429 (* (- 216) (* x00 ?x237)) ?x196 ?x1534 (* (- 216) (* y00 ?x237)) (* z00 z00 ?x223 ?x223) ?x1581 (* (- 36) (* z00 ?x237)) (* 36 (* y00 z00 ?x237)) (* 10 (* z00 z00 ?x223)) ?x1386 (* (- 1) (* z00 z00 z00 ?x223)))))
 (let (($x2491 (not (= ?x1133 0))))
 (let ((?x1433 (* (- 3) ?x99)))
 (let ((?x74 (* 108 x00)))
 (let ((?x545 (* (- 72) z)))
 (let ((?x67 (* 72 y00)))
 (let ((?x1444 (* (- 180) y)))
 (let ((?x1544 (* (- 108) x)))
 (let ((?x1676 (* (- 3) ?x2665)))
 (let ((?x1046 (* (- 18) ?x1668)))
 (let ((?x1665 (* 36 ?x657)))
 (let ((?x957 (* 12 ?x702)))
 (let ((?x2442 (* (- 12) ?x1457)))
 (let ((?x2279 (* y00 z00 ?x223)))
 (let ((?x1006 (* 18 ?x1264)))
 (let ((?x1997 (* 18 ?x2069)))
 (let ((?x1944 (+ ?x1997 (* 18 (* ?x223 ?x237)) ?x1006 (* 3 (* z00 z00 ?x237)) ?x113 (* (- 3) (* x00 z00 ?x634)) ?x2279 ?x2442 ?x848 (* (- 36) (* y00 ?x223)) ?x1725 ?x957 (* 3 (* z00 ?x634 ?x237)) (* (- 2) (* z00 ?x223 ?x223)) ?x1665 ?x1046 (* (- 1) (* ?x634 ?x223 ?x223)) (* (- 18) (* x00 ?x223)) ?x1676 ?x1544 ?x1444 ?x67 (* (- 18) (* y00 ?x237)) ?x545 ?x74 (* (- 1) (* y00 ?x634 ?x223)) ?x1433 (* 2 (* y00 y00 ?x634)) (* 3 (* z00 z00 ?x223)))))
 (let ((?x917 (* z00 z00 ?x223)))
 (let ((?x1673 (* (- 1) ?x99)))
 (let ((?x1713 (* 6 ?x1711)))
 (let ((?x958 (* (- 6) ?x727)))
 (let ((?x659 (* 24 ?x657)))
 (let ((?x2858 (* (- 18) ?x1145)))
 (let ((?x2619 (* y00 z00 ?x634)))
 (let ((?x1499 (+ ?x2619 ?x957 ?x1006 ?x2858 (* (- 12) (* ?x223 ?x223)) ?x659 ?x1046 ?x2442 ?x958 (* (- 12) (* y00 ?x223)) ?x1544 ?x1444 ?x67 ?x1713 ?x545 ?x74 ?x1673 (* 18 (* z00 ?x237)) (* (- 1) ?x2544) ?x917)))
 (let ((?x1542 (* (- 18) ?x727)))
 (let ((?x422 (* z00 z00)))
 (let ((?x2528 (* (- 6) ?x422)))
 (let ((?x55 (* z00 z00 z00)))
 (let ((?x1931 (+ (* 6 ?x702) ?x55 ?x2528 ?x817 ?x1542 ?x1544 ?x1444 ?x67 (* 6 (* z00 ?x634)) ?x545 ?x74 (* (- 1) (* z00 z00 ?x634)))))
 (let ((?x492 (* (- 6) z00)))
 (let ((?x45 (* 12 y)))
 (let ((?x493 (* (- 12) y00)))
 (let (($x2065 (= (+ ?x422 ?x493 ?x45 (* 18 z) ?x492 (* (- 1) (* ?x634 ?x634))) (- 36))))
 (let (($x960 (= (+ z (* (- 1) z00) (* (- 6) n) (* 6 n00)) 0)))
 (let (($x860 (or (not $x960) (not $x2065) (not (= ?x1931 0)) (not (= ?x1499 0)) (not (= ?x1944 0)) $x2491 $x566)))
 (let ((?x924 (* y y y)))
 (let ((?x946 (* (- 4) ?x924)))
 (let ((?x898 (* 108 (* x x))))
 (let ((?x631 (* y y)))
 (let ((?x886 (* 24 ?x631)))
 (let ((?x2034 (* y x)))
 (let ((?x2035 (* 108 ?x2034)))
 (let ((?x1654 (+ ?x843 ?x2035 ?x2870 (* (- 2) (* z00 z00 z00 x)) (* 18 (* z00 z00 x)) ?x554 ?x639 ?x886 ?x898 ?x946 (* 18 (* y00 z00 y)) ?x640 (* (- 120) (* y00 y)) (* (- 24) (* z00 y)) ?x1103 (* (- 6) (* z00 y y)) ?x1139 (* (- 12) (* y00 y y)) ?x1478 (* (- 108) (* x00 y)) ?x1429 (* (- 216) (* x00 x)) ?x196 ?x1534 (* (- 216) (* y00 x)) (* z00 z00 y y) ?x1581 (* (- 36) (* z00 x)) (* 36 (* y00 z00 x)) (* 10 (* z00 z00 y)) ?x1386 (* (- 1) (* z00 z00 z00 y)))))
 (let (($x1659 (= ?x1654 0)))
 (let ((?x1953 (* (- 72) y)))
 (let ((?x2161 (* x00 y)))
 (let ((?x2393 (* (- 18) ?x2161)))
 (let ((?x1559 (* x00 z)))
 (let ((?x1782 (* (- 18) ?x1559)))
 (let ((?x1518 (* z y)))
 (let ((?x1519 (* 12 ?x1518)))
 (let ((?x2673 (* z00 y)))
 (let ((?x636 (* (- 6) ?x2673)))
 (let ((?x1159 (* y00 z)))
 (let ((?x1230 (* (- 12) ?x1159)))
 (let ((?x605 (* y00 z00 y)))
 (let ((?x1486 (* z x)))
 (let ((?x1548 (* 18 ?x1486)))
 (let ((?x1434 (+ ?x1997 (* 18 ?x2034) ?x1548 (* 3 (* z00 z00 x)) ?x113 (* (- 3) (* x00 z00 z)) ?x605 ?x1230 ?x848 (* (- 36) (* y00 y)) ?x636 ?x1519 (* 3 (* z00 z x)) (* (- 2) (* z00 y y)) ?x1665 ?x1782 (* (- 1) (* z y y)) ?x2393 ?x1676 ?x1544 ?x67 (* (- 18) (* y00 x)) ?x1953 ?x74 (* (- 1) (* y00 z y)) ?x1433 (* 2 (* y00 y00 z)) (* 3 (* z00 z00 y)))))
 (let ((?x2842 (* z00 z00 y)))
 (let ((?x2700 (* 6 ?x2673)))
 (let ((?x1776 (* (- 12) ?x631)))
 (let ((?x2781 (* y00 z00 z)))
 (let ((?x1532 (+ ?x2781 ?x1519 ?x1548 ?x2858 ?x1776 ?x659 ?x1782 ?x1230 ?x958 (* (- 12) (* y00 y)) ?x1544 ?x67 ?x2700 ?x1953 ?x74 ?x1673 (* 18 (* z00 x)) (* (- 1) (* z00 z y)) ?x2842)))
 (let ((?x1160 (* 12 ?x1159)))
 (let ((?x1146 (+ (* 6 ?x1518) ?x55 ?x2528 ?x1160 ?x1542 ?x1544 ?x67 (* 6 (* z00 z)) ?x1953 ?x74 (* (- 1) (* z00 z00 z)))))
 (let (($x1672 (= (+ ?x422 ?x493 ?x45 (* 6 z) ?x492 (* (- 1) (* z z))) 0)))
 (and $x960 $x1672 (= ?x1146 0) (= ?x1532 0) (= ?x1434 0) $x1659 $x860))))))))))))))))))))))))))))))))))))))))))))))))))))))))))))))))))))))))))))))))))))))))))))))))))))))))))))))))))))) :qid k!44))
 ))
 (let ((?x922 (lambda ((x Int) (y Int) (z Int) (n Int) )(let ((?x1712 (* z z z00)))
 (let ((?x788 (* x z00)))
 (let ((?x801 (* (- 18) ?x788)))
 (let ((?x777 (* z00 z00 y00)))
 (let ((?x725 (* y z00)))
 (let ((?x1691 (* (- 18) ?x725)))
 (let ((?x695 (* y y00)))
 (let ((?x696 (* 12 ?x695)))
 (let ((?x688 (* z x00)))
 (let ((?x689 (* 18 ?x688)))
 (let ((?x657 (* y00 y00)))
 (let ((?x675 (* (- 24) ?x657)))
 (let ((?x631 (* y y)))
 (let ((?x632 (* 12 ?x631)))
 (let ((?x626 (* z00 x00)))
 (let ((?x628 (* 18 ?x626)))
 (let ((?x569 (* x z)))
 (let ((?x600 (* (- 18) ?x569)))
 (let ((?x508 (* z z00 y00)))
 (let ((?x509 (* (- 1) ?x508)))
 (let ((?x506 (* y z)))
 (let ((?x507 (* (- 6) ?x506)))
 (let ((?x105 (* y z00 z00)))
 (let ((?x825 (* (- 1) ?x105)))
 (let ((?x103 (* y z z00)))
 (let ((?x76 (* z z00 z00)))
 (let ((?x1757 (* (- 1) ?x76)))
 (let ((?x966 (+ ?x1757 ?x103 ?x825 ?x507 ?x509 (* 24 (* z y00)) ?x600 ?x628 ?x632 ?x675 ?x689 ?x696 ?x1691 ?x777 ?x801 ?x1712)))
 (let ((?x3045 (* (- 10) (* y z z z n))))
 (let ((?x3031 (* (- 10) (* x z z z n))))
 (let ((?x3061 (* (- 20) (* y y z z n))))
 (let ((?x3059 (* (- 20) (* x y z z n))))
 (let ((?x2953 (* (- 10) (* y y y z n))))
 (let ((?x2921 (* (- 10) (* x y y z n))))
 (let ((?x2900 (* (- 60) (* y z z n))))
 (let ((?x2857 (* (- 60) (* x z z n))))
 (let ((?x2834 (* (- 60) (* x z z))))
 (let ((?x3056 (* (- 120) (* y y z n))))
 (let ((?x3054 (* (- 120) (* x y z n))))
 (let ((?x3053 (* (- 120) (* x y z))))
 (let ((?x2656 (* (- 60) (* y y y n))))
 (let ((?x2584 (* (- 60) (* x y y n))))
 (let ((?x2564 (* (- 60) (* x y y))))
 (let ((?x3036 (* (- 10) (* y z z z))))
 (let ((?x3022 (* (- 10) (* x z z z))))
 (let ((?x3060 (* (- 20) (* y y z z))))
 (let ((?x237 (+ x y)))
 (let ((?x223 (+ y z)))
 (let ((?x634 (+ 6 z)))
 (let ((?x791 (+ 1 n)))
 (let ((?x2221 (* 6 (* ?x791 ?x791 ?x634 ?x634 ?x223 ?x237 ?x237))))
 (let ((?x2200 (* 5 (* ?x791 ?x634 ?x634 ?x223 ?x223 ?x237 ?x237))))
 (let ((?x3058 (* (- 20) (* x y z z))))
 (let ((?x2123 (* y z z)))
 (let ((?x2859 (* (- 60) ?x2123)))
 (let ((?x2928 (* (- 10) (* y y y z))))
 (let ((?x2905 (* (- 10) (* x y y z))))
 (let ((?x924 (* y y y)))
 (let ((?x2586 (* (- 60) ?x924)))
 (let ((?x1826 (* 7 ?x506)))
 (let ((?x135 (* y y z)))
 (let ((?x3055 (* (- 120) ?x135)))
 (let ((?x50 (* z z)))
 (let ((?x1828 (* 7 ?x50)))
 (let ((?x2885 (+ (* 42 y) (* 42 z) ?x1828 ?x3055 ?x1826 ?x2586 ?x2905 ?x2928 ?x2859 ?x3058 ?x2200 ?x2221 ?x3060 ?x3022 ?x3036 ?x2564 ?x2584 ?x2656 ?x3053 ?x3054 ?x3056 ?x2834 ?x2857 ?x2900 ?x2921 ?x2953 ?x3059 ?x3061 ?x3031 ?x3045)))
 (let ((?x2931 (* (- 1) (* z z00 z00 z00))))
 (let ((?x2805 (* z z z00 z00)))
 (let ((?x2814 (* 2 (* y z z00 z00))))
 (let ((?x2254 (* z z y00)))
 (let ((?x2596 (* (- 12) ?x2254)))
 (let ((?x2124 (* z z z)))
 (let ((?x2290 (* (- 4) ?x2124)))
 (let ((?x2299 (* (- 12) ?x2123)))
 (let ((?x2525 (* (- 6) ?x1712)))
 (let ((?x1386 (* 108 (* x00 x00))))
 (let ((?x1379 (* 36 (* x z00 y00))))
 (let ((?x1283 (* 2 (* z00 z00 z00 x00))))
 (let ((?x1279 (* z00 z00 z00 y00)))
 (let ((?x1266 (* (- 216) (* x x00))))
 (let ((?x1189 (* (- 36) (* z00 y00 x00))))
 (let ((?x1163 (* (- 12) (* y y y00))))
 (let ((?x1103 (* 16 (* y00 y00 y00))))
 (let ((?x1027 (* y z y00)))
 (let ((?x2611 (* (- 24) ?x1027)))
 (let ((?x997 (* x y00)))
 (let ((?x1306 (* (- 216) ?x997)))
 (let ((?x967 (* z00 z00 x00)))
 (let ((?x1239 (* (- 18) ?x967)))
 (let ((?x963 (* y x00)))
 (let ((?x2747 (* (- 324) ?x963)))
 (let ((?x925 (* y y z00)))
 (let ((?x1126 (* (- 6) ?x925)))
 (let ((?x946 (* (- 4) ?x924)))
 (let ((?x898 (* 108 (* x x))))
 (let ((?x873 (* (- 1) (* z00 z00 y00 y00))))
 (let ((?x1365 (* (- 36) ?x788)))
 (let ((?x1340 (* (- 10) ?x777)))
 (let ((?x757 (* z00 y00 y00)))
 (let ((?x838 (* (- 12) ?x757)))
 (let ((?x2879 (* (- 60) ?x725)))
 (let ((?x703 (* x z00 z00)))
 (let ((?x776 (* 18 ?x703)))
 (let ((?x2795 (* (- 336) ?x695)))
 (let ((?x2676 (* (- 108) ?x688)))
 (let ((?x1139 (* 96 ?x657)))
 (let ((?x2094 (* 240 ?x631)))
 (let ((?x583 (* 36 ?x626)))
 (let ((?x598 (* z z00)))
 (let ((?x2472 (* (- 24) ?x598)))
 (let ((?x708 (* (- 2) (* x z00 z00 z00))))
 (let ((?x1786 (* 108 ?x569)))
 (let ((?x563 (* z00 y00)))
 (let ((?x981 (* 24 ?x563)))
 (let ((?x537 (* z y00)))
 (let ((?x2434 (* (- 120) ?x537)))
 (let ((?x512 (* y00 x00)))
 (let ((?x534 (* 216 ?x512)))
 (let ((?x212 (* y z00 z00 z00)))
 (let ((?x2938 (* (- 3) ?x212)))
 (let ((?x201 (* y y z00 z00)))
 (let ((?x2298 (* (- 12) ?x135)))
 (let ((?x2911 (* 28 ?x105)))
 (let ((?x2540 (* (- 12) ?x103)))
 (let ((?x2898 (* 10 ?x76)))
 (let ((?x2017 (* 24 ?x50)))
 (let ((?x630 (+ ?x2017 ?x2898 ?x2540 ?x2911 ?x2298 ?x201 ?x2938 (* 156 ?x506) (* 18 ?x508) ?x534 (* 324 (* x y)) ?x2434 ?x981 ?x1786 ?x708 ?x2472 ?x583 ?x2094 ?x1139 ?x2676 ?x2795 ?x776 ?x2879 ?x838 ?x1340 ?x1365 (* 54 (* y z00 y00)) ?x873 ?x898 ?x946 ?x1126 ?x2747 ?x1239 ?x1306 ?x2611 ?x1103 ?x1163 ?x1189 ?x1266 ?x1279 ?x1283 ?x1379 ?x1386 ?x2525 ?x2299 ?x2290 ?x2596 ?x2814 ?x2805 ?x2931)))
 (let ((?x2394 (* (- 1) ?x2254)))
 (let ((?x2392 (* (- 1) ?x2124)))
 (let ((?x2391 (* (- 2) ?x2123)))
 (let ((?x2387 (* (- 2) ?x1712)))
 (let ((?x1041 (* z y00 y00)))
 (let ((?x1042 (* 2 ?x1041)))
 (let ((?x2385 (* (- 1) ?x1027)))
 (let ((?x2384 (* (- 18) ?x997)))
 (let ((?x2383 (* (- 3) ?x967)))
 (let ((?x2382 (* (- 2) ?x925)))
 (let ((?x899 (* x z z00)))
 (let ((?x900 (* 3 ?x899)))
 (let ((?x814 (* y z00 y00)))
 (let ((?x789 (* 18 ?x788)))
 (let ((?x2381 (* (- 3) ?x777)))
 (let ((?x2380 (* 12 ?x725)))
 (let ((?x704 (* 3 ?x703)))
 (let ((?x2379 (* (- 60) ?x695)))
 (let ((?x2377 (* 48 ?x657)))
 (let ((?x1775 (* (- 18) ?x626)))
 (let ((?x611 (* (- 6) ?x598)))
 (let ((?x2375 (* 36 ?x569)))
 (let ((?x692 (* 6 ?x563)))
 (let ((?x531 (* x y)))
 (let ((?x533 (* 18 ?x531)))
 (let ((?x2372 (* 18 ?x512)))
 (let ((?x2371 (* 36 ?x506)))
 (let ((?x2370 (* (- 1) ?x135)))
 (let ((?x2369 (* 6 ?x105)))
 (let ((?x1774 (* (- 1) ?x103)))
 (let ((?x2327 (* 3 ?x76)))
 (let ((?x2145 (* 6 ?x50)))
 (let ((?x1359 (+ ?x2145 ?x2327 ?x1774 ?x2369 ?x2370 ?x2371 ?x508 ?x2372 ?x533 (* (- 54) ?x537) ?x692 ?x2375 ?x611 ?x1775 ?x632 ?x2377 (* (- 36) ?x688) ?x2379 ?x704 ?x2380 ?x757 ?x2381 (* (- 3) (* z z00 x00)) ?x789 ?x814 ?x900 ?x2382 (* (- 18) ?x963) ?x2383 ?x2384 ?x2385 ?x1042 ?x2387 ?x2391 ?x2392 ?x2394)))
 (let ((?x1783 (* (- 1) ?x1712)))
 (let ((?x1778 (* (- 1) ?x777)))
 (let ((?x1669 (* 18 ?x725)))
 (let ((?x1777 (* (- 12) ?x695)))
 (let ((?x659 (* 24 ?x657)))
 (let ((?x1776 (* (- 12) ?x631)))
 (let ((?x571 (* 18 ?x569)))
 (let ((?x1736 (+ ?x76 ?x1774 ?x105 (* 6 ?x506) ?x508 (* (- 24) ?x537) ?x571 ?x1775 ?x1776 ?x659 (* (- 18) ?x688) ?x1777 ?x1669 ?x1778 ?x789 ?x1783)))
 (let ((?x564 (* 18 ?x563)))
 (let ((?x550 (* (- 12) ?x537)))
 (let ((?x422 (* z00 z00)))
 (let ((?x1471 (* 12 ?x422)))
 (let ((?x642 (* (- 108) x00)))
 (let ((?x55 (* z00 z00 z00)))
 (let ((?x515 (* (- 1) ?x55)))
 (let ((?x800 (* (- 6) ?x50)))
 (let ((?x1324 (* (- 144) y00)))
 (let ((?x1399 (* (- 36) z00)))
 (let ((?x64 (* 108 x)))
 (let ((?x1162 (+ ?x64 (* 144 y) (* 36 z) ?x1399 ?x1324 ?x800 ?x515 ?x642 ?x76 ?x1471 ?x507 ?x550 ?x564 ?x611)))
 (let ((?x494 (* (- 1) ?x50)))
 (let ((?x493 (* (- 12) y00)))
 (let ((?x492 (* (- 6) z00)))
 (let ((?x46 (* 6 z)))
 (let ((?x45 (* 12 y)))
 (let (($x496 (= (+ ?x45 ?x46 ?x492 ?x493 ?x494 ?x422) 0)))
 (let (($x1180 (not $x496)))
 (let (($x414 (= (+ z (* (- 6) n) (* (- 1) z00) (* 6 n00)) 0)))
 (let (($x928 (not $x414)))
 (let (($x1954 (or $x928 $x1180 (not (= ?x1162 0)) (not (= ?x1736 0)) (not (= ?x1359 0)) (not (= ?x630 0)) (not (= (* ?x2885 ?x966) 0)))))
 (let ((?x886 (* 24 ?x631)))
 (let ((?x1406 (+ (* 10 ?x105) ?x201 (* (- 1) ?x212) ?x534 (* 108 ?x531) ?x981 ?x708 ?x583 ?x886 ?x1139 (* (- 120) ?x695) ?x776 (* (- 24) ?x725) ?x838 ?x1340 ?x1365 (* 18 ?x814) ?x873 ?x898 ?x946 ?x1126 (* (- 108) ?x963) ?x1239 ?x1306 ?x1103 ?x1163 ?x1189 ?x1266 ?x1279 ?x1283 ?x1379 ?x1386)))
 (let (($x1411 (= ?x1406 0)))
 (let ((?x968 (* 3 ?x967)))
 (let ((?x1030 (* 3 ?x777)))
 (let ((?x764 (* (- 1) ?x757)))
 (let ((?x950 (* (- 36) ?x657)))
 (let ((?x857 (* (- 6) ?x563)))
 (let ((?x538 (* 12 ?x537)))
 (let ((?x513 (* (- 18) ?x512)))
 (let ((?x535 (* (- 12) ?x506)))
 (let ((?x585 (* (- 72) y00)))
 (let ((?x71 (* 72 y)))
 (let ((?x1086 (+ ?x64 ?x71 ?x585 ?x642 (* (- 3) ?x105) ?x135 ?x535 ?x513 (* (- 18) ?x531) ?x538 ?x857 ?x600 ?x950 ?x689 (* 36 ?x695) (* (- 3) ?x703) (* 6 ?x725) ?x764 ?x1030 (* 3 (* z z00 x00)) (* (- 1) ?x814) (* (- 3) ?x899) (* 2 ?x925) (* 18 ?x963) ?x968 (* 18 ?x997) ?x1027 (* (- 2) ?x1041))))
 (let (($x1093 (= ?x1086 0)))
 (let ((?x831 (+ ?x64 ?x71 ?x585 ?x642 ?x103 ?x825 ?x535 ?x509 ?x538 ?x692 ?x600 ?x628 ?x632 ?x675 ?x689 ?x696 (* (- 6) ?x725) ?x777 ?x801)))
 (let (($x836 (= ?x831 0)))
 (let ((?x526 (* 6 ?x422)))
 (let (($x663 (= (+ ?x64 ?x71 ?x585 ?x515 ?x642 ?x76 ?x526 ?x507 ?x550 ?x564 ?x611) 0)))
 (let (($x1996 (and $x414 $x496 $x663 $x836 $x1093 $x1411 $x1954)))
 (let ((?x2544 (* z00 ?x634 ?x223)))
 (let ((?x99 (* y00 z00 z00)))
 (let ((?x1423 (* 72 z)))
 (let ((?x1711 (* z00 ?x223)))
 (let ((?x1725 (* (- 6) ?x1711)))
 (let ((?x1431 (* 180 y)))
 (let ((?x727 (* y00 z00)))
 (let ((?x848 (* 6 ?x727)))
 (let ((?x1457 (* y00 ?x634)))
 (let ((?x817 (* 12 ?x1457)))
 (let ((?x1668 (* x00 ?x634)))
 (let ((?x1671 (* 18 ?x1668)))
 (let ((?x1145 (* x00 z00)))
 (let ((?x1158 (* 18 ?x1145)))
 (let ((?x1264 (* ?x634 ?x237)))
 (let ((?x1512 (* (- 18) ?x1264)))
 (let ((?x702 (* ?x634 ?x223)))
 (let ((?x2441 (* (- 12) ?x702)))
 (let ((?x939 (+ (* (- 1) (* y00 z00 ?x634)) ?x2441 ?x1512 ?x1158 (* 12 (* ?x223 ?x223)) ?x675 ?x1671 ?x817 ?x848 (* 12 (* y00 ?x223)) ?x64 ?x1431 ?x585 ?x1725 ?x1423 ?x642 ?x99 (* (- 18) (* z00 ?x237)) ?x2544 (* (- 1) (* z00 z00 ?x223)))))
 (let ((?x2325 (+ (* 7 ?x702) ?x2200 ?x2221 (* (- 10) (* ?x791 ?x634 ?x223 ?x223 ?x237)))))
 (let (($x566 (not (= (* ?x2325 ?x939) 0))))
 (let ((?x1581 (* (- 10) ?x99)))
 (let ((?x1534 (* 2 (* x00 z00 z00 z00))))
 (let ((?x196 (* y00 z00 z00 z00)))
 (let ((?x2665 (* x00 z00 z00)))
 (let ((?x1429 (* (- 18) ?x2665)))
 (let ((?x1478 (* (- 36) (* x00 y00 z00))))
 (let ((?x640 (* 24 ?x727)))
 (let ((?x161 (* y00 y00 z00 z00)))
 (let ((?x639 (* (- 1) ?x161)))
 (let ((?x113 (* y00 y00 z00)))
 (let ((?x554 (* (- 12) ?x113)))
 (let ((?x2870 (* 36 ?x1145)))
 (let ((?x2069 (* x00 y00)))
 (let ((?x843 (* 216 ?x2069)))
 (let ((?x1133 (+ ?x843 (* 108 (* ?x223 ?x237)) ?x2870 (* (- 2) (* z00 z00 z00 ?x237)) (* 18 (* z00 z00 ?x237)) ?x554 ?x639 (* 24 (* ?x223 ?x223)) (* 108 (* ?x237 ?x237)) (* (- 4) (* ?x223 ?x223 ?x223)) (* 18 (* y00 z00 ?x223)) ?x640 (* (- 120) (* y00 ?x223)) (* (- 24) ?x1711) ?x1103 (* (- 6) (* z00 ?x223 ?x223)) ?x1139 (* (- 12) (* y00 ?x223 ?x223)) ?x1478 (* (- 108) (* x00 ?x223)) ?x1429 (* (- 216) (* x00 ?x237)) ?x196 ?x1534 (* (- 216) (* y00 ?x237)) (* z00 z00 ?x223 ?x223) ?x1581 (* (- 36) (* z00 ?x237)) (* 36 (* y00 z00 ?x237)) (* 10 (* z00 z00 ?x223)) ?x1386 (* (- 1) (* z00 z00 z00 ?x223)))))
 (let (($x2491 (not (= ?x1133 0))))
 (let ((?x1433 (* (- 3) ?x99)))
 (let ((?x74 (* 108 x00)))
 (let ((?x545 (* (- 72) z)))
 (let ((?x67 (* 72 y00)))
 (let ((?x1444 (* (- 180) y)))
 (let ((?x1544 (* (- 108) x)))
 (let ((?x1676 (* (- 3) ?x2665)))
 (let ((?x1046 (* (- 18) ?x1668)))
 (let ((?x1665 (* 36 ?x657)))
 (let ((?x957 (* 12 ?x702)))
 (let ((?x2442 (* (- 12) ?x1457)))
 (let ((?x2279 (* y00 z00 ?x223)))
 (let ((?x1006 (* 18 ?x1264)))
 (let ((?x1997 (* 18 ?x2069)))
 (let ((?x1944 (+ ?x1997 (* 18 (* ?x223 ?x237)) ?x1006 (* 3 (* z00 z00 ?x237)) ?x113 (* (- 3) (* x00 z00 ?x634)) ?x2279 ?x2442 ?x848 (* (- 36) (* y00 ?x223)) ?x1725 ?x957 (* 3 (* z00 ?x634 ?x237)) (* (- 2) (* z00 ?x223 ?x223)) ?x1665 ?x1046 (* (- 1) (* ?x634 ?x223 ?x223)) (* (- 18) (* x00 ?x223)) ?x1676 ?x1544 ?x1444 ?x67 (* (- 18) (* y00 ?x237)) ?x545 ?x74 (* (- 1) (* y00 ?x634 ?x223)) ?x1433 (* 2 (* y00 y00 ?x634)) (* 3 (* z00 z00 ?x223)))))
 (let ((?x917 (* z00 z00 ?x223)))
 (let ((?x1673 (* (- 1) ?x99)))
 (let ((?x1713 (* 6 ?x1711)))
 (let ((?x958 (* (- 6) ?x727)))
 (let ((?x2858 (* (- 18) ?x1145)))
 (let ((?x2619 (* y00 z00 ?x634)))
 (let ((?x1499 (+ ?x2619 ?x957 ?x1006 ?x2858 (* (- 12) (* ?x223 ?x223)) ?x659 ?x1046 ?x2442 ?x958 (* (- 12) (* y00 ?x223)) ?x1544 ?x1444 ?x67 ?x1713 ?x545 ?x74 ?x1673 (* 18 (* z00 ?x237)) (* (- 1) ?x2544) ?x917)))
 (let ((?x1542 (* (- 18) ?x727)))
 (let ((?x2528 (* (- 6) ?x422)))
 (let ((?x1931 (+ (* 6 ?x702) ?x55 ?x2528 ?x817 ?x1542 ?x1544 ?x1444 ?x67 (* 6 (* z00 ?x634)) ?x545 ?x74 (* (- 1) (* z00 z00 ?x634)))))
 (let (($x2065 (= (+ ?x422 ?x493 ?x45 (* 18 z) ?x492 (* (- 1) (* ?x634 ?x634))) (- 36))))
 (let (($x960 (= (+ z (* (- 1) z00) (* (- 6) n) (* 6 n00)) 0)))
 (let (($x860 (or (not $x960) (not $x2065) (not (= ?x1931 0)) (not (= ?x1499 0)) (not (= ?x1944 0)) $x2491 $x566)))
 (let ((?x2034 (* y x)))
 (let ((?x2035 (* 108 ?x2034)))
 (let ((?x1654 (+ ?x843 ?x2035 ?x2870 (* (- 2) (* z00 z00 z00 x)) (* 18 (* z00 z00 x)) ?x554 ?x639 ?x886 ?x898 ?x946 (* 18 (* y00 z00 y)) ?x640 (* (- 120) (* y00 y)) (* (- 24) (* z00 y)) ?x1103 (* (- 6) (* z00 y y)) ?x1139 (* (- 12) (* y00 y y)) ?x1478 (* (- 108) (* x00 y)) ?x1429 (* (- 216) (* x00 x)) ?x196 ?x1534 (* (- 216) (* y00 x)) (* z00 z00 y y) ?x1581 (* (- 36) (* z00 x)) (* 36 (* y00 z00 x)) (* 10 (* z00 z00 y)) ?x1386 (* (- 1) (* z00 z00 z00 y)))))
 (let (($x1659 (= ?x1654 0)))
 (let ((?x1953 (* (- 72) y)))
 (let ((?x2161 (* x00 y)))
 (let ((?x2393 (* (- 18) ?x2161)))
 (let ((?x1559 (* x00 z)))
 (let ((?x1782 (* (- 18) ?x1559)))
 (let ((?x1518 (* z y)))
 (let ((?x1519 (* 12 ?x1518)))
 (let ((?x2673 (* z00 y)))
 (let ((?x636 (* (- 6) ?x2673)))
 (let ((?x1159 (* y00 z)))
 (let ((?x1230 (* (- 12) ?x1159)))
 (let ((?x605 (* y00 z00 y)))
 (let ((?x1486 (* z x)))
 (let ((?x1548 (* 18 ?x1486)))
 (let ((?x1434 (+ ?x1997 (* 18 ?x2034) ?x1548 (* 3 (* z00 z00 x)) ?x113 (* (- 3) (* x00 z00 z)) ?x605 ?x1230 ?x848 (* (- 36) (* y00 y)) ?x636 ?x1519 (* 3 (* z00 z x)) (* (- 2) (* z00 y y)) ?x1665 ?x1782 (* (- 1) (* z y y)) ?x2393 ?x1676 ?x1544 ?x67 (* (- 18) (* y00 x)) ?x1953 ?x74 (* (- 1) (* y00 z y)) ?x1433 (* 2 (* y00 y00 z)) (* 3 (* z00 z00 y)))))
 (let ((?x2842 (* z00 z00 y)))
 (let ((?x2700 (* 6 ?x2673)))
 (let ((?x2781 (* y00 z00 z)))
 (let ((?x1532 (+ ?x2781 ?x1519 ?x1548 ?x2858 ?x1776 ?x659 ?x1782 ?x1230 ?x958 (* (- 12) (* y00 y)) ?x1544 ?x67 ?x2700 ?x1953 ?x74 ?x1673 (* 18 (* z00 x)) (* (- 1) (* z00 z y)) ?x2842)))
 (let ((?x1160 (* 12 ?x1159)))
 (let ((?x1146 (+ (* 6 ?x1518) ?x55 ?x2528 ?x1160 ?x1542 ?x1544 ?x67 (* 6 (* z00 z)) ?x1953 ?x74 (* (- 1) (* z00 z00 z)))))
 (let (($x2590 (and $x960 (= (+ ?x422 ?x493 ?x45 ?x46 ?x492 ?x494) 0) (= ?x1146 0) (= ?x1532 0) (= ?x1434 0) $x1659 $x860)))
 (rewrite (= $x2590 $x1996)))))))))))))))))))))))))))))))))))))))))))))))))))))))))))))))))))))))))))))))))))))))))))))))))))))))))))))))))))))))))))))))))))))))))))))))))))))))))))))))))))))))))))))))))))))))))))))))))))))))))))))))))))))))))))))))))))))))))))))))))))))))))))))))))))))))))))))))))))))))))))))))))))))))))))))))
 ))
 (let (($x2217 (exists ((x Int) (y Int) (z Int) (n Int) )(! (let ((?x223 (+ y z)))
 (let ((?x634 (+ 6 z)))
 (let ((?x2544 (* z00 ?x634 ?x223)))
 (let ((?x99 (* y00 z00 z00)))
 (let ((?x642 (* (- 108) x00)))
 (let ((?x1423 (* 72 z)))
 (let ((?x1711 (* z00 ?x223)))
 (let ((?x1725 (* (- 6) ?x1711)))
 (let ((?x585 (* (- 72) y00)))
 (let ((?x1431 (* 180 y)))
 (let ((?x64 (* 108 x)))
 (let ((?x727 (* y00 z00)))
 (let ((?x848 (* 6 ?x727)))
 (let ((?x1457 (* y00 ?x634)))
 (let ((?x817 (* 12 ?x1457)))
 (let ((?x1668 (* x00 ?x634)))
 (let ((?x1671 (* 18 ?x1668)))
 (let ((?x657 (* y00 y00)))
 (let ((?x675 (* (- 24) ?x657)))
 (let ((?x1145 (* x00 z00)))
 (let ((?x1158 (* 18 ?x1145)))
 (let ((?x237 (+ x y)))
 (let ((?x1264 (* ?x634 ?x237)))
 (let ((?x1512 (* (- 18) ?x1264)))
 (let ((?x702 (* ?x634 ?x223)))
 (let ((?x2441 (* (- 12) ?x702)))
 (let ((?x939 (+ (* (- 1) (* y00 z00 ?x634)) ?x2441 ?x1512 ?x1158 (* 12 (* ?x223 ?x223)) ?x675 ?x1671 ?x817 ?x848 (* 12 (* y00 ?x223)) ?x64 ?x1431 ?x585 ?x1725 ?x1423 ?x642 ?x99 (* (- 18) (* z00 ?x237)) ?x2544 (* (- 1) (* z00 z00 ?x223)))))
 (let ((?x2221 (* 6 (* (+ 1 n) (+ 1 n) ?x634 ?x634 ?x223 ?x237 ?x237))))
 (let ((?x2200 (* 5 (* (+ 1 n) ?x634 ?x634 ?x223 ?x223 ?x237 ?x237))))
 (let ((?x2325 (+ (* 7 ?x702) ?x2200 ?x2221 (* (- 10) (* (+ 1 n) ?x634 ?x223 ?x223 ?x237)))))
 (let (($x566 (not (= (* ?x2325 ?x939) 0))))
 (let ((?x1386 (* 108 (* x00 x00))))
 (let ((?x1581 (* (- 10) ?x99)))
 (let ((?x1534 (* 2 (* x00 z00 z00 z00))))
 (let ((?x196 (* y00 z00 z00 z00)))
 (let ((?x2665 (* x00 z00 z00)))
 (let ((?x1429 (* (- 18) ?x2665)))
 (let ((?x1478 (* (- 36) (* x00 y00 z00))))
 (let ((?x1139 (* 96 ?x657)))
 (let ((?x1103 (* 16 (* y00 y00 y00))))
 (let ((?x640 (* 24 ?x727)))
 (let ((?x161 (* y00 y00 z00 z00)))
 (let ((?x639 (* (- 1) ?x161)))
 (let ((?x113 (* y00 y00 z00)))
 (let ((?x554 (* (- 12) ?x113)))
 (let ((?x2870 (* 36 ?x1145)))
 (let ((?x2069 (* x00 y00)))
 (let ((?x843 (* 216 ?x2069)))
 (let ((?x1133 (+ ?x843 (* 108 (* ?x223 ?x237)) ?x2870 (* (- 2) (* z00 z00 z00 ?x237)) (* 18 (* z00 z00 ?x237)) ?x554 ?x639 (* 24 (* ?x223 ?x223)) (* 108 (* ?x237 ?x237)) (* (- 4) (* ?x223 ?x223 ?x223)) (* 18 (* y00 z00 ?x223)) ?x640 (* (- 120) (* y00 ?x223)) (* (- 24) ?x1711) ?x1103 (* (- 6) (* z00 ?x223 ?x223)) ?x1139 (* (- 12) (* y00 ?x223 ?x223)) ?x1478 (* (- 108) (* x00 ?x223)) ?x1429 (* (- 216) (* x00 ?x237)) ?x196 ?x1534 (* (- 216) (* y00 ?x237)) (* z00 z00 ?x223 ?x223) ?x1581 (* (- 36) (* z00 ?x237)) (* 36 (* y00 z00 ?x237)) (* 10 (* z00 z00 ?x223)) ?x1386 (* (- 1) (* z00 z00 z00 ?x223)))))
 (let (($x2491 (not (= ?x1133 0))))
 (let ((?x2044 (* 3 ?x99)))
 (let ((?x2507 (* y00 ?x634 ?x223)))
 (let ((?x2696 (* 3 ?x2665)))
 (let ((?x1822 (* ?x634 ?x223 ?x223)))
 (let ((?x950 (* (- 36) ?x657)))
 (let ((?x1713 (* 6 ?x1711)))
 (let ((?x958 (* (- 6) ?x727)))
 (let ((?x2588 (* (- 1) ?x113)))
 (let ((?x2080 (* (- 18) ?x2069)))
 (let ((?x2832 (+ ?x2080 (* (- 18) (* ?x223 ?x237)) ?x1512 (* (- 3) (* z00 z00 ?x237)) ?x2588 (* 3 (* x00 z00 ?x634)) (* (- 1) (* y00 z00 ?x223)) ?x817 ?x958 (* 36 (* y00 ?x223)) ?x1713 ?x2441 (* (- 3) (* z00 ?x634 ?x237)) (* 2 (* z00 ?x223 ?x223)) ?x950 ?x1671 ?x1822 (* 18 (* x00 ?x223)) ?x2696 ?x64 ?x1431 ?x585 (* 18 (* y00 ?x237)) ?x1423 ?x642 ?x2507 ?x2044 (* (- 2) (* y00 y00 ?x634)) (* (- 3) (* z00 z00 ?x223)))))
 (let ((?x1635 (* z00 z00 ?x634)))
 (let ((?x728 (* 18 ?x727)))
 (let ((?x2442 (* (- 12) ?x1457)))
 (let ((?x422 (* z00 z00)))
 (let ((?x526 (* 6 ?x422)))
 (let ((?x55 (* z00 z00 z00)))
 (let ((?x515 (* (- 1) ?x55)))
 (let ((?x1647 (+ (* (- 6) ?x702) ?x515 ?x526 ?x2442 ?x728 ?x64 ?x1431 ?x585 (* (- 6) (* z00 ?x634)) ?x1423 ?x642 ?x1635)))
 (let ((?x2284 (* ?x634 ?x634)))
 (let ((?x49 (* 6 z00)))
 (let ((?x1294 (* (- 12) y)))
 (let ((?x43 (* 12 y00)))
 (let ((?x582 (* (- 1) ?x422)))
 (let (($x1149 (= (+ (* (- 1) z) z00 (* 6 n) (* (- 6) n00)) 0)))
 (let (($x2269 (or (not $x1149) (not (= (+ ?x582 ?x43 ?x1294 (* (- 18) z) ?x49 ?x2284) 36)) (not (= ?x1647 0)) (not (= ?x939 0)) (not (= ?x2832 0)) $x2491 $x566)))
 (let ((?x924 (* y y y)))
 (let ((?x946 (* (- 4) ?x924)))
 (let ((?x898 (* 108 (* x x))))
 (let ((?x631 (* y y)))
 (let ((?x886 (* 24 ?x631)))
 (let ((?x2034 (* y x)))
 (let ((?x2035 (* 108 ?x2034)))
 (let ((?x1654 (+ ?x843 ?x2035 ?x2870 (* (- 2) (* z00 z00 z00 x)) (* 18 (* z00 z00 x)) ?x554 ?x639 ?x886 ?x898 ?x946 (* 18 (* y00 z00 y)) ?x640 (* (- 120) (* y00 y)) (* (- 24) (* z00 y)) ?x1103 (* (- 6) (* z00 y y)) ?x1139 (* (- 12) (* y00 y y)) ?x1478 (* (- 108) (* x00 y)) ?x1429 (* (- 216) (* x00 x)) ?x196 ?x1534 (* (- 216) (* y00 x)) (* z00 z00 y y) ?x1581 (* (- 36) (* z00 x)) (* 36 (* y00 z00 x)) (* 10 (* z00 z00 y)) ?x1386 (* (- 1) (* z00 z00 z00 y)))))
 (let (($x1659 (= ?x1654 0)))
 (let ((?x2037 (* y00 z y)))
 (let ((?x71 (* 72 y)))
 (let ((?x1789 (* z y y)))
 (let ((?x1559 (* x00 z)))
 (let ((?x1560 (* 18 ?x1559)))
 (let ((?x1518 (* z y)))
 (let ((?x1780 (* (- 12) ?x1518)))
 (let ((?x2673 (* z00 y)))
 (let ((?x2700 (* 6 ?x2673)))
 (let ((?x1159 (* y00 z)))
 (let ((?x1160 (* 12 ?x1159)))
 (let ((?x1486 (* z x)))
 (let ((?x2932 (* (- 18) ?x1486)))
 (let ((?x3048 (+ ?x2080 (* (- 18) ?x2034) ?x2932 (* (- 3) (* z00 z00 x)) ?x2588 (* 3 (* x00 z00 z)) (* (- 1) (* y00 z00 y)) ?x1160 ?x958 (* 36 (* y00 y)) ?x2700 ?x1780 (* (- 3) (* z00 z x)) (* 2 (* z00 y y)) ?x950 ?x1560 ?x1789 (* 18 (* x00 y)) ?x2696 ?x64 ?x585 (* 18 (* y00 x)) ?x71 ?x642 ?x2037 ?x2044 (* (- 2) (* y00 y00 z)) (* (- 3) (* z00 z00 y)))))
 (let ((?x1408 (* z00 z y)))
 (let ((?x636 (* (- 6) ?x2673)))
 (let ((?x632 (* 12 ?x631)))
 (let ((?x556 (+ (* (- 1) (* y00 z00 z)) ?x1780 ?x2932 ?x1158 ?x632 ?x675 ?x1560 ?x1160 ?x848 (* 12 (* y00 y)) ?x64 ?x585 ?x636 ?x71 ?x642 ?x99 (* (- 18) (* z00 x)) ?x1408 (* (- 1) (* z00 z00 y)))))
 (let ((?x752 (* z00 z00 z)))
 (let ((?x1230 (* (- 12) ?x1159)))
 (let ((?x2438 (+ (* (- 6) ?x1518) ?x515 ?x526 ?x1230 ?x728 ?x64 ?x585 (* (- 6) (* z00 z)) ?x71 ?x642 ?x752)))
 (and $x1149 (= (+ ?x582 ?x43 ?x1294 (* (- 6) z) ?x49 (* z z)) 0) (= ?x2438 0) (= ?x556 0) (= ?x3048 0) $x1659 $x2269)))))))))))))))))))))))))))))))))))))))))))))))))))))))))))))))))))))))))))))))))))))))))))))))))))))))))) :qid k!44))
 ))
 (let ((?x793 (lambda ((x Int) (y Int) (z Int) (n Int) )(let ((?x223 (+ y z)))
 (let ((?x634 (+ 6 z)))
 (let ((?x2544 (* z00 ?x634 ?x223)))
 (let ((?x99 (* y00 z00 z00)))
 (let ((?x642 (* (- 108) x00)))
 (let ((?x1423 (* 72 z)))
 (let ((?x1711 (* z00 ?x223)))
 (let ((?x1725 (* (- 6) ?x1711)))
 (let ((?x585 (* (- 72) y00)))
 (let ((?x1431 (* 180 y)))
 (let ((?x64 (* 108 x)))
 (let ((?x727 (* y00 z00)))
 (let ((?x848 (* 6 ?x727)))
 (let ((?x1457 (* y00 ?x634)))
 (let ((?x817 (* 12 ?x1457)))
 (let ((?x1668 (* x00 ?x634)))
 (let ((?x1671 (* 18 ?x1668)))
 (let ((?x657 (* y00 y00)))
 (let ((?x675 (* (- 24) ?x657)))
 (let ((?x1145 (* x00 z00)))
 (let ((?x1158 (* 18 ?x1145)))
 (let ((?x237 (+ x y)))
 (let ((?x1264 (* ?x634 ?x237)))
 (let ((?x1512 (* (- 18) ?x1264)))
 (let ((?x702 (* ?x634 ?x223)))
 (let ((?x2441 (* (- 12) ?x702)))
 (let ((?x939 (+ (* (- 1) (* y00 z00 ?x634)) ?x2441 ?x1512 ?x1158 (* 12 (* ?x223 ?x223)) ?x675 ?x1671 ?x817 ?x848 (* 12 (* y00 ?x223)) ?x64 ?x1431 ?x585 ?x1725 ?x1423 ?x642 ?x99 (* (- 18) (* z00 ?x237)) ?x2544 (* (- 1) (* z00 z00 ?x223)))))
 (let ((?x2221 (* 6 (* (+ 1 n) (+ 1 n) ?x634 ?x634 ?x223 ?x237 ?x237))))
 (let ((?x2200 (* 5 (* (+ 1 n) ?x634 ?x634 ?x223 ?x223 ?x237 ?x237))))
 (let ((?x2325 (+ (* 7 ?x702) ?x2200 ?x2221 (* (- 10) (* (+ 1 n) ?x634 ?x223 ?x223 ?x237)))))
 (let (($x566 (not (= (* ?x2325 ?x939) 0))))
 (let ((?x1386 (* 108 (* x00 x00))))
 (let ((?x1581 (* (- 10) ?x99)))
 (let ((?x1534 (* 2 (* x00 z00 z00 z00))))
 (let ((?x196 (* y00 z00 z00 z00)))
 (let ((?x2665 (* x00 z00 z00)))
 (let ((?x1429 (* (- 18) ?x2665)))
 (let ((?x1478 (* (- 36) (* x00 y00 z00))))
 (let ((?x1139 (* 96 ?x657)))
 (let ((?x1103 (* 16 (* y00 y00 y00))))
 (let ((?x640 (* 24 ?x727)))
 (let ((?x161 (* y00 y00 z00 z00)))
 (let ((?x639 (* (- 1) ?x161)))
 (let ((?x113 (* y00 y00 z00)))
 (let ((?x554 (* (- 12) ?x113)))
 (let ((?x2870 (* 36 ?x1145)))
 (let ((?x2069 (* x00 y00)))
 (let ((?x843 (* 216 ?x2069)))
 (let ((?x1133 (+ ?x843 (* 108 (* ?x223 ?x237)) ?x2870 (* (- 2) (* z00 z00 z00 ?x237)) (* 18 (* z00 z00 ?x237)) ?x554 ?x639 (* 24 (* ?x223 ?x223)) (* 108 (* ?x237 ?x237)) (* (- 4) (* ?x223 ?x223 ?x223)) (* 18 (* y00 z00 ?x223)) ?x640 (* (- 120) (* y00 ?x223)) (* (- 24) ?x1711) ?x1103 (* (- 6) (* z00 ?x223 ?x223)) ?x1139 (* (- 12) (* y00 ?x223 ?x223)) ?x1478 (* (- 108) (* x00 ?x223)) ?x1429 (* (- 216) (* x00 ?x237)) ?x196 ?x1534 (* (- 216) (* y00 ?x237)) (* z00 z00 ?x223 ?x223) ?x1581 (* (- 36) (* z00 ?x237)) (* 36 (* y00 z00 ?x237)) (* 10 (* z00 z00 ?x223)) ?x1386 (* (- 1) (* z00 z00 z00 ?x223)))))
 (let (($x2491 (not (= ?x1133 0))))
 (let ((?x1433 (* (- 3) ?x99)))
 (let ((?x74 (* 108 x00)))
 (let ((?x545 (* (- 72) z)))
 (let ((?x67 (* 72 y00)))
 (let ((?x1444 (* (- 180) y)))
 (let ((?x1544 (* (- 108) x)))
 (let ((?x1676 (* (- 3) ?x2665)))
 (let ((?x1046 (* (- 18) ?x1668)))
 (let ((?x1665 (* 36 ?x657)))
 (let ((?x957 (* 12 ?x702)))
 (let ((?x2442 (* (- 12) ?x1457)))
 (let ((?x2279 (* y00 z00 ?x223)))
 (let ((?x1006 (* 18 ?x1264)))
 (let ((?x1997 (* 18 ?x2069)))
 (let ((?x1944 (+ ?x1997 (* 18 (* ?x223 ?x237)) ?x1006 (* 3 (* z00 z00 ?x237)) ?x113 (* (- 3) (* x00 z00 ?x634)) ?x2279 ?x2442 ?x848 (* (- 36) (* y00 ?x223)) ?x1725 ?x957 (* 3 (* z00 ?x634 ?x237)) (* (- 2) (* z00 ?x223 ?x223)) ?x1665 ?x1046 (* (- 1) (* ?x634 ?x223 ?x223)) (* (- 18) (* x00 ?x223)) ?x1676 ?x1544 ?x1444 ?x67 (* (- 18) (* y00 ?x237)) ?x545 ?x74 (* (- 1) (* y00 ?x634 ?x223)) ?x1433 (* 2 (* y00 y00 ?x634)) (* 3 (* z00 z00 ?x223)))))
 (let ((?x917 (* z00 z00 ?x223)))
 (let ((?x1673 (* (- 1) ?x99)))
 (let ((?x1713 (* 6 ?x1711)))
 (let ((?x958 (* (- 6) ?x727)))
 (let ((?x659 (* 24 ?x657)))
 (let ((?x2858 (* (- 18) ?x1145)))
 (let ((?x2619 (* y00 z00 ?x634)))
 (let ((?x1499 (+ ?x2619 ?x957 ?x1006 ?x2858 (* (- 12) (* ?x223 ?x223)) ?x659 ?x1046 ?x2442 ?x958 (* (- 12) (* y00 ?x223)) ?x1544 ?x1444 ?x67 ?x1713 ?x545 ?x74 ?x1673 (* 18 (* z00 ?x237)) (* (- 1) ?x2544) ?x917)))
 (let ((?x1542 (* (- 18) ?x727)))
 (let ((?x422 (* z00 z00)))
 (let ((?x2528 (* (- 6) ?x422)))
 (let ((?x55 (* z00 z00 z00)))
 (let ((?x1931 (+ (* 6 ?x702) ?x55 ?x2528 ?x817 ?x1542 ?x1544 ?x1444 ?x67 (* 6 (* z00 ?x634)) ?x545 ?x74 (* (- 1) (* z00 z00 ?x634)))))
 (let ((?x492 (* (- 6) z00)))
 (let ((?x45 (* 12 y)))
 (let ((?x493 (* (- 12) y00)))
 (let (($x2065 (= (+ ?x422 ?x493 ?x45 (* 18 z) ?x492 (* (- 1) (* ?x634 ?x634))) (- 36))))
 (let (($x960 (= (+ z (* (- 1) z00) (* (- 6) n) (* 6 n00)) 0)))
 (let (($x860 (or (not $x960) (not $x2065) (not (= ?x1931 0)) (not (= ?x1499 0)) (not (= ?x1944 0)) $x2491 $x566)))
 (let ((?x924 (* y y y)))
 (let ((?x946 (* (- 4) ?x924)))
 (let ((?x898 (* 108 (* x x))))
 (let ((?x631 (* y y)))
 (let ((?x886 (* 24 ?x631)))
 (let ((?x2034 (* y x)))
 (let ((?x2035 (* 108 ?x2034)))
 (let ((?x1654 (+ ?x843 ?x2035 ?x2870 (* (- 2) (* z00 z00 z00 x)) (* 18 (* z00 z00 x)) ?x554 ?x639 ?x886 ?x898 ?x946 (* 18 (* y00 z00 y)) ?x640 (* (- 120) (* y00 y)) (* (- 24) (* z00 y)) ?x1103 (* (- 6) (* z00 y y)) ?x1139 (* (- 12) (* y00 y y)) ?x1478 (* (- 108) (* x00 y)) ?x1429 (* (- 216) (* x00 x)) ?x196 ?x1534 (* (- 216) (* y00 x)) (* z00 z00 y y) ?x1581 (* (- 36) (* z00 x)) (* 36 (* y00 z00 x)) (* 10 (* z00 z00 y)) ?x1386 (* (- 1) (* z00 z00 z00 y)))))
 (let (($x1659 (= ?x1654 0)))
 (let ((?x1953 (* (- 72) y)))
 (let ((?x2161 (* x00 y)))
 (let ((?x2393 (* (- 18) ?x2161)))
 (let ((?x1559 (* x00 z)))
 (let ((?x1782 (* (- 18) ?x1559)))
 (let ((?x1518 (* z y)))
 (let ((?x1519 (* 12 ?x1518)))
 (let ((?x2673 (* z00 y)))
 (let ((?x636 (* (- 6) ?x2673)))
 (let ((?x1159 (* y00 z)))
 (let ((?x1230 (* (- 12) ?x1159)))
 (let ((?x605 (* y00 z00 y)))
 (let ((?x1486 (* z x)))
 (let ((?x1548 (* 18 ?x1486)))
 (let ((?x1434 (+ ?x1997 (* 18 ?x2034) ?x1548 (* 3 (* z00 z00 x)) ?x113 (* (- 3) (* x00 z00 z)) ?x605 ?x1230 ?x848 (* (- 36) (* y00 y)) ?x636 ?x1519 (* 3 (* z00 z x)) (* (- 2) (* z00 y y)) ?x1665 ?x1782 (* (- 1) (* z y y)) ?x2393 ?x1676 ?x1544 ?x67 (* (- 18) (* y00 x)) ?x1953 ?x74 (* (- 1) (* y00 z y)) ?x1433 (* 2 (* y00 y00 z)) (* 3 (* z00 z00 y)))))
 (let ((?x2842 (* z00 z00 y)))
 (let ((?x2700 (* 6 ?x2673)))
 (let ((?x1776 (* (- 12) ?x631)))
 (let ((?x2781 (* y00 z00 z)))
 (let ((?x1532 (+ ?x2781 ?x1519 ?x1548 ?x2858 ?x1776 ?x659 ?x1782 ?x1230 ?x958 (* (- 12) (* y00 y)) ?x1544 ?x67 ?x2700 ?x1953 ?x74 ?x1673 (* 18 (* z00 x)) (* (- 1) (* z00 z y)) ?x2842)))
 (let ((?x1160 (* 12 ?x1159)))
 (let ((?x1146 (+ (* 6 ?x1518) ?x55 ?x2528 ?x1160 ?x1542 ?x1544 ?x67 (* 6 (* z00 z)) ?x1953 ?x74 (* (- 1) (* z00 z00 z)))))
 (let (($x1672 (= (+ ?x422 ?x493 ?x45 (* 6 z) ?x492 (* (- 1) (* z z))) 0)))
 (let (($x2590 (and $x960 $x1672 (= ?x1146 0) (= ?x1532 0) (= ?x1434 0) $x1659 $x860)))
 (let ((?x2044 (* 3 ?x99)))
 (let ((?x2507 (* y00 ?x634 ?x223)))
 (let ((?x2696 (* 3 ?x2665)))
 (let ((?x1822 (* ?x634 ?x223 ?x223)))
 (let ((?x950 (* (- 36) ?x657)))
 (let ((?x2588 (* (- 1) ?x113)))
 (let ((?x2080 (* (- 18) ?x2069)))
 (let ((?x2832 (+ ?x2080 (* (- 18) (* ?x223 ?x237)) ?x1512 (* (- 3) (* z00 z00 ?x237)) ?x2588 (* 3 (* x00 z00 ?x634)) (* (- 1) ?x2279) ?x817 ?x958 (* 36 (* y00 ?x223)) ?x1713 ?x2441 (* (- 3) (* z00 ?x634 ?x237)) (* 2 (* z00 ?x223 ?x223)) ?x950 ?x1671 ?x1822 (* 18 (* x00 ?x223)) ?x2696 ?x64 ?x1431 ?x585 (* 18 (* y00 ?x237)) ?x1423 ?x642 ?x2507 ?x2044 (* (- 2) (* y00 y00 ?x634)) (* (- 3) ?x917))))
 (let ((?x1635 (* z00 z00 ?x634)))
 (let ((?x728 (* 18 ?x727)))
 (let ((?x526 (* 6 ?x422)))
 (let ((?x515 (* (- 1) ?x55)))
 (let ((?x1647 (+ (* (- 6) ?x702) ?x515 ?x526 ?x2442 ?x728 ?x64 ?x1431 ?x585 (* (- 6) (* z00 ?x634)) ?x1423 ?x642 ?x1635)))
 (let ((?x2284 (* ?x634 ?x634)))
 (let ((?x49 (* 6 z00)))
 (let ((?x1294 (* (- 12) y)))
 (let ((?x43 (* 12 y00)))
 (let ((?x582 (* (- 1) ?x422)))
 (let (($x1149 (= (+ (* (- 1) z) z00 (* 6 n) (* (- 6) n00)) 0)))
 (let (($x2269 (or (not $x1149) (not (= (+ ?x582 ?x43 ?x1294 (* (- 18) z) ?x49 ?x2284) 36)) (not (= ?x1647 0)) (not (= ?x939 0)) (not (= ?x2832 0)) $x2491 $x566)))
 (let ((?x2037 (* y00 z y)))
 (let ((?x71 (* 72 y)))
 (let ((?x1789 (* z y y)))
 (let ((?x1560 (* 18 ?x1559)))
 (let ((?x1780 (* (- 12) ?x1518)))
 (let ((?x2932 (* (- 18) ?x1486)))
 (let ((?x3048 (+ ?x2080 (* (- 18) ?x2034) ?x2932 (* (- 3) (* z00 z00 x)) ?x2588 (* 3 (* x00 z00 z)) (* (- 1) ?x605) ?x1160 ?x958 (* 36 (* y00 y)) ?x2700 ?x1780 (* (- 3) (* z00 z x)) (* 2 (* z00 y y)) ?x950 ?x1560 ?x1789 (* 18 ?x2161) ?x2696 ?x64 ?x585 (* 18 (* y00 x)) ?x71 ?x642 ?x2037 ?x2044 (* (- 2) (* y00 y00 z)) (* (- 3) ?x2842))))
 (let ((?x1408 (* z00 z y)))
 (let ((?x632 (* 12 ?x631)))
 (let ((?x556 (+ (* (- 1) ?x2781) ?x1780 ?x2932 ?x1158 ?x632 ?x675 ?x1560 ?x1160 ?x848 (* 12 (* y00 y)) ?x64 ?x585 ?x636 ?x71 ?x642 ?x99 (* (- 18) (* z00 x)) ?x1408 (* (- 1) ?x2842))))
 (let ((?x752 (* z00 z00 z)))
 (let ((?x2438 (+ (* (- 6) ?x1518) ?x515 ?x526 ?x1230 ?x728 ?x64 ?x585 (* (- 6) (* z00 z)) ?x71 ?x642 ?x752)))
 (let (($x2282 (and $x1149 (= (+ ?x582 ?x43 ?x1294 (* (- 6) z) ?x49 (* z z)) 0) (= ?x2438 0) (= ?x556 0) (= ?x3048 0) $x1659 $x2269)))
 (rewrite (= $x2282 $x2590)))))))))))))))))))))))))))))))))))))))))))))))))))))))))))))))))))))))))))))))))))))))))))))))))))))))))))))))))))))))))))))))))))))))))))))))))))))))))
 ))
 (let (($x369 (exists ((x Int) (y Int) (z Int) (n Int) )(! (let ((?x99 (* y00 z00 z00)))
 (let ((?x74 (* 108 x00)))
 (let ((?x223 (+ y z)))
 (let ((?x243 (* 72 ?x223)))
 (let ((?x261 (* 6 ?x223 z00)))
 (let ((?x67 (* 72 y00)))
 (let ((?x237 (+ x y)))
 (let ((?x238 (* 108 ?x237)))
 (let ((?x91 (* 6 y00 z00)))
 (let ((?x215 (+ z 6)))
 (let ((?x235 (* 12 y00 ?x215)))
 (let ((?x258 (* 18 x00 ?x215)))
 (let ((?x88 (* 24 y00 y00)))
 (let ((?x84 (* 18 x00 z00)))
 (let ((?x252 (* 18 ?x237 ?x215)))
 (let ((?x256 (+ (- (- (* (- 1) y00 ?x215 z00) (* 12 ?x223 ?x215)) ?x252) ?x84 (* 12 ?x223 ?x223))))
 (let ((?x262 (- (+ (- ?x256 ?x88) ?x258 ?x235 ?x91 (* 12 ?x223 y00) ?x238) ?x67)))
 (let ((?x270 (+ (- (+ (- (+ (- ?x262 ?x261) ?x243) ?x74) ?x99) (* 18 ?x237 z00)) (* ?x223 ?x215 z00))))
 (let ((?x272 (- ?x270 (* ?x223 z00 z00))))
 (let ((?x361 (+ (* 7 ?x223 ?x215) (* 5 (+ n 1) ?x237 ?x237 ?x223 ?x223 ?x215 ?x215) (* 6 (+ n 1) (+ n 1) ?x237 ?x237 ?x223 ?x215 ?x215))))
 (let (($x365 (= (* (- ?x361 (* 10 (+ n 1) ?x237 ?x223 ?x223 ?x215)) ?x272) 0)))
 (let ((?x210 (* 108 x00 x00)))
 (let ((?x204 (* 10 y00 z00 z00)))
 (let ((?x197 (* 2 x00 z00 z00 z00)))
 (let ((?x196 (* y00 z00 z00 z00)))
 (let ((?x189 (* 18 x00 z00 z00)))
 (let ((?x187 (* 36 x00 y00 z00)))
 (let ((?x184 (* 96 y00 y00)))
 (let ((?x179 (* 16 y00 y00 y00)))
 (let ((?x171 (* 24 y00 z00)))
 (let ((?x161 (* y00 y00 z00 z00)))
 (let ((?x160 (* 12 y00 y00 z00)))
 (let ((?x313 (- (+ (* 216 x00 y00) (* 108 ?x237 ?x223) (* 36 x00 z00)) (* 2 ?x237 z00 z00 z00))))
 (let ((?x320 (+ (- (- (+ ?x313 (* 18 ?x237 z00 z00)) ?x160) ?x161) (* 24 ?x223 ?x223) (* 108 ?x237 ?x237))))
 (let ((?x324 (+ (- ?x320 (* 4 ?x223 ?x223 ?x223)) (* 18 ?x223 y00 z00) ?x171)))
 (let ((?x331 (- (+ (- (- ?x324 (* 120 ?x223 y00)) (* 24 ?x223 z00)) ?x179) (* 6 ?x223 ?x223 z00))))
 (let ((?x338 (- (- (- (+ ?x331 ?x184) (* 12 ?x223 ?x223 y00)) ?x187) (* 108 x00 ?x223))))
 (let ((?x343 (- (+ (- (- ?x338 ?x189) (* 216 ?x237 x00)) ?x196 ?x197) (* 216 ?x237 y00))))
 (let ((?x348 (- (- (+ ?x343 (* ?x223 ?x223 z00 z00)) ?x204) (* 36 ?x237 z00))))
 (let ((?x353 (- (+ ?x348 (* 36 ?x237 y00 z00) (* 10 ?x223 z00 z00) ?x210) (* ?x223 z00 z00 z00))))
 (let ((?x144 (* 3 y00 z00 z00)))
 (let ((?x137 (* 3 x00 z00 z00)))
 (let ((?x133 (* 36 y00 y00)))
 (let ((?x251 (* 12 ?x223 ?x215)))
 (let ((?x113 (* y00 y00 z00)))
 (let ((?x279 (- (- (- (* (- 18) x00 y00) (* 18 ?x237 ?x223)) ?x252) (* 3 ?x237 z00 z00))))
 (let ((?x284 (- (+ (- ?x279 ?x113) (* 3 x00 ?x215 z00)) (* ?x223 y00 z00))))
 (let ((?x291 (- (- (+ (- (+ ?x284 ?x235) ?x91) (* 36 ?x223 y00) ?x261) ?x251) (* 3 ?x237 ?x215 z00))))
 (let ((?x297 (+ (- (+ ?x291 (* 2 ?x223 ?x223 z00)) ?x133) ?x258 (* ?x223 ?x223 ?x215) (* 18 x00 ?x223) ?x137 ?x238)))
 (let ((?x303 (+ (- (+ (- ?x297 ?x67) (* 18 ?x237 y00) ?x243) ?x74) (* ?x223 y00 ?x215) ?x144)))
 (let (($x308 (= (- (- ?x303 (* 2 y00 y00 ?x215)) (* 3 ?x223 z00 z00)) 0)))
 (let ((?x62 (* 18 y00 z00)))
 (let ((?x57 (* 6 z00 z00)))
 (let ((?x236 (- (+ (- (* (- 6) ?x223 ?x215) (* z00 z00 z00)) ?x57) ?x235)))
 (let ((?x245 (- (+ (- (- (+ ?x236 ?x62 ?x238) ?x67) (* 6 ?x215 z00)) ?x243) ?x74)))
 (let ((?x49 (* 6 z00)))
 (let ((?x227 (- (- (+ (* (- 1) z00 z00) (* 12 y00)) (* 12 ?x223)) (* 6 ?x215))))
 (let ((?x36 (* 6 n00)))
 (let (($x221 (= (- (+ (* (- 1) ?x215) z00 (* 6 (+ n 1))) ?x36) 0)))
 (let (($x367 (or (not $x221) (not (= (+ ?x227 ?x49 (* ?x215 ?x215)) 0)) (not (= (+ ?x245 (* ?x215 z00 z00)) 0)) (not (= ?x272 0)) (not $x308) (not (= ?x353 0)) (not $x365))))
 (let ((?x212 (* y z00 z00 z00)))
 (let ((?x201 (* y y z00 z00)))
 (let ((?x157 (- (+ (* 216 x00 y00) (* 108 x y) (* 36 x00 z00)) (* 2 x z00 z00 z00))))
 (let ((?x166 (+ (- (- (+ ?x157 (* 18 x z00 z00)) ?x160) ?x161) (* 24 y y) (* 108 x x))))
 (let ((?x172 (+ (- ?x166 (* 4 y y y)) (* 18 y y00 z00) ?x171)))
 (let ((?x182 (- (+ (- (- ?x172 (* 120 y y00)) (* 24 y z00)) ?x179) (* 6 y y z00))))
 (let ((?x193 (- (- (- (+ ?x182 ?x184) (* 12 y y y00)) ?x187) (* 108 x00 y))))
 (let ((?x200 (- (+ (- (- ?x193 ?x189) (* 216 x x00)) ?x196 ?x197) (* 216 x y00))))
 (let ((?x211 (+ (- (- (+ ?x200 ?x201) ?x204) (* 36 x z00)) (* 36 x y00 z00) (* 10 y z00 z00) ?x210)))
 (let ((?x71 (* 72 y)))
 (let ((?x64 (* 108 x)))
 (let ((?x135 (* y y z)))
 (let ((?x90 (* 18 x00 z)))
 (let ((?x80 (* 12 y z)))
 (let ((?x94 (* 6 y z00)))
 (let ((?x59 (* 12 y00 z)))
 (let ((?x120 (* y y00 z00)))
 (let ((?x81 (* 18 x z)))
 (let ((?x116 (- (- (- (* (- 18) x00 y00) (* 18 x y)) ?x81) (* 3 x z00 z00))))
 (let ((?x123 (- (+ (- (+ (- ?x116 ?x113) (* 3 x00 z z00)) ?x120) ?x59) ?x91)))
 (let ((?x129 (- (- (+ ?x123 (* 36 y y00) ?x94) ?x80) (* 3 x z z00))))
 (let ((?x138 (+ (- (+ ?x129 (* 2 y y z00)) ?x133) ?x90 ?x135 (* 18 x00 y) ?x137 ?x64)))
 (let ((?x145 (+ (- (+ (- ?x138 ?x67) (* 18 x y00) ?x71) ?x74) (* y y00 z) ?x144)))
 (let (($x150 (= (- (- ?x145 (* 2 y00 y00 z)) (* 3 y z00 z00)) 0)))
 (let ((?x105 (* y z00 z00)))
 (let ((?x103 (* y z z00)))
 (let ((?x86 (+ (- (- (* (- 1) y00 z z00) ?x80) ?x81) ?x84 (* 12 y y))))
 (let ((?x95 (- (+ (- ?x86 ?x88) ?x90 ?x59 ?x91 (* 12 y y00) ?x64) ?x67)))
 (let ((?x104 (+ (- (+ (- (+ (- ?x95 ?x94) ?x71) ?x74) ?x99) (* 18 x z00)) ?x103)))
 (let ((?x76 (* z z00 z00)))
 (let ((?x60 (- (+ (- (* (- 6) y z) (* z00 z00 z00)) ?x57) ?x59)))
 (let ((?x75 (- (+ (- (- (+ ?x60 ?x62 ?x64) ?x67) (* 6 z z00)) ?x71) ?x74)))
 (let ((?x50 (* z z)))
 (let ((?x46 (* 6 z)))
 (let ((?x48 (- (- (+ (* (- 1) z00 z00) (* 12 y00)) (* 12 y)) ?x46)))
 (and (= (- (+ (* (- 1) z) z00 (* 6 n)) ?x36) 0) (= (+ ?x48 ?x49 ?x50) 0) (= (+ ?x75 ?x76) 0) (= (- ?x104 ?x105) 0) $x150 (= (- ?x211 ?x212) 0) $x367)))))))))))))))))))))))))))))))))))))))))))))))))))))))))))))))))))))))))))))))))))))))))))))))) :qid k!44))
 ))
 (let ((?x2237 (lambda ((x Int) (y Int) (z Int) (n Int) )(let ((?x223 (+ y z)))
 (let ((?x634 (+ 6 z)))
 (let ((?x2544 (* z00 ?x634 ?x223)))
 (let ((?x99 (* y00 z00 z00)))
 (let ((?x642 (* (- 108) x00)))
 (let ((?x1423 (* 72 z)))
 (let ((?x1711 (* z00 ?x223)))
 (let ((?x1725 (* (- 6) ?x1711)))
 (let ((?x585 (* (- 72) y00)))
 (let ((?x1431 (* 180 y)))
 (let ((?x64 (* 108 x)))
 (let ((?x727 (* y00 z00)))
 (let ((?x848 (* 6 ?x727)))
 (let ((?x1457 (* y00 ?x634)))
 (let ((?x817 (* 12 ?x1457)))
 (let ((?x1668 (* x00 ?x634)))
 (let ((?x1671 (* 18 ?x1668)))
 (let ((?x657 (* y00 y00)))
 (let ((?x675 (* (- 24) ?x657)))
 (let ((?x1145 (* x00 z00)))
 (let ((?x1158 (* 18 ?x1145)))
 (let ((?x237 (+ x y)))
 (let ((?x1264 (* ?x634 ?x237)))
 (let ((?x1512 (* (- 18) ?x1264)))
 (let ((?x702 (* ?x634 ?x223)))
 (let ((?x2441 (* (- 12) ?x702)))
 (let ((?x939 (+ (* (- 1) (* y00 z00 ?x634)) ?x2441 ?x1512 ?x1158 (* 12 (* ?x223 ?x223)) ?x675 ?x1671 ?x817 ?x848 (* 12 (* y00 ?x223)) ?x64 ?x1431 ?x585 ?x1725 ?x1423 ?x642 ?x99 (* (- 18) (* z00 ?x237)) ?x2544 (* (- 1) (* z00 z00 ?x223)))))
 (let ((?x2221 (* 6 (* (+ 1 n) (+ 1 n) ?x634 ?x634 ?x223 ?x237 ?x237))))
 (let ((?x2200 (* 5 (* (+ 1 n) ?x634 ?x634 ?x223 ?x223 ?x237 ?x237))))
 (let ((?x2325 (+ (* 7 ?x702) ?x2200 ?x2221 (* (- 10) (* (+ 1 n) ?x634 ?x223 ?x223 ?x237)))))
 (let (($x566 (not (= (* ?x2325 ?x939) 0))))
 (let ((?x1386 (* 108 (* x00 x00))))
 (let ((?x1581 (* (- 10) ?x99)))
 (let ((?x1534 (* 2 (* x00 z00 z00 z00))))
 (let ((?x196 (* y00 z00 z00 z00)))
 (let ((?x2665 (* x00 z00 z00)))
 (let ((?x1429 (* (- 18) ?x2665)))
 (let ((?x1478 (* (- 36) (* x00 y00 z00))))
 (let ((?x1139 (* 96 ?x657)))
 (let ((?x1103 (* 16 (* y00 y00 y00))))
 (let ((?x640 (* 24 ?x727)))
 (let ((?x161 (* y00 y00 z00 z00)))
 (let ((?x639 (* (- 1) ?x161)))
 (let ((?x113 (* y00 y00 z00)))
 (let ((?x554 (* (- 12) ?x113)))
 (let ((?x2870 (* 36 ?x1145)))
 (let ((?x2069 (* x00 y00)))
 (let ((?x843 (* 216 ?x2069)))
 (let ((?x1133 (+ ?x843 (* 108 (* ?x223 ?x237)) ?x2870 (* (- 2) (* z00 z00 z00 ?x237)) (* 18 (* z00 z00 ?x237)) ?x554 ?x639 (* 24 (* ?x223 ?x223)) (* 108 (* ?x237 ?x237)) (* (- 4) (* ?x223 ?x223 ?x223)) (* 18 (* y00 z00 ?x223)) ?x640 (* (- 120) (* y00 ?x223)) (* (- 24) ?x1711) ?x1103 (* (- 6) (* z00 ?x223 ?x223)) ?x1139 (* (- 12) (* y00 ?x223 ?x223)) ?x1478 (* (- 108) (* x00 ?x223)) ?x1429 (* (- 216) (* x00 ?x237)) ?x196 ?x1534 (* (- 216) (* y00 ?x237)) (* z00 z00 ?x223 ?x223) ?x1581 (* (- 36) (* z00 ?x237)) (* 36 (* y00 z00 ?x237)) (* 10 (* z00 z00 ?x223)) ?x1386 (* (- 1) (* z00 z00 z00 ?x223)))))
 (let (($x2491 (not (= ?x1133 0))))
 (let ((?x2044 (* 3 ?x99)))
 (let ((?x2507 (* y00 ?x634 ?x223)))
 (let ((?x2696 (* 3 ?x2665)))
 (let ((?x1822 (* ?x634 ?x223 ?x223)))
 (let ((?x950 (* (- 36) ?x657)))
 (let ((?x1713 (* 6 ?x1711)))
 (let ((?x958 (* (- 6) ?x727)))
 (let ((?x2588 (* (- 1) ?x113)))
 (let ((?x2080 (* (- 18) ?x2069)))
 (let ((?x2832 (+ ?x2080 (* (- 18) (* ?x223 ?x237)) ?x1512 (* (- 3) (* z00 z00 ?x237)) ?x2588 (* 3 (* x00 z00 ?x634)) (* (- 1) (* y00 z00 ?x223)) ?x817 ?x958 (* 36 (* y00 ?x223)) ?x1713 ?x2441 (* (- 3) (* z00 ?x634 ?x237)) (* 2 (* z00 ?x223 ?x223)) ?x950 ?x1671 ?x1822 (* 18 (* x00 ?x223)) ?x2696 ?x64 ?x1431 ?x585 (* 18 (* y00 ?x237)) ?x1423 ?x642 ?x2507 ?x2044 (* (- 2) (* y00 y00 ?x634)) (* (- 3) (* z00 z00 ?x223)))))
 (let ((?x1635 (* z00 z00 ?x634)))
 (let ((?x728 (* 18 ?x727)))
 (let ((?x2442 (* (- 12) ?x1457)))
 (let ((?x422 (* z00 z00)))
 (let ((?x526 (* 6 ?x422)))
 (let ((?x55 (* z00 z00 z00)))
 (let ((?x515 (* (- 1) ?x55)))
 (let ((?x1647 (+ (* (- 6) ?x702) ?x515 ?x526 ?x2442 ?x728 ?x64 ?x1431 ?x585 (* (- 6) (* z00 ?x634)) ?x1423 ?x642 ?x1635)))
 (let ((?x2284 (* ?x634 ?x634)))
 (let ((?x49 (* 6 z00)))
 (let ((?x1294 (* (- 12) y)))
 (let ((?x43 (* 12 y00)))
 (let ((?x582 (* (- 1) ?x422)))
 (let (($x1149 (= (+ (* (- 1) z) z00 (* 6 n) (* (- 6) n00)) 0)))
 (let (($x2269 (or (not $x1149) (not (= (+ ?x582 ?x43 ?x1294 (* (- 18) z) ?x49 ?x2284) 36)) (not (= ?x1647 0)) (not (= ?x939 0)) (not (= ?x2832 0)) $x2491 $x566)))
 (let ((?x924 (* y y y)))
 (let ((?x946 (* (- 4) ?x924)))
 (let ((?x898 (* 108 (* x x))))
 (let ((?x631 (* y y)))
 (let ((?x886 (* 24 ?x631)))
 (let ((?x2034 (* y x)))
 (let ((?x2035 (* 108 ?x2034)))
 (let ((?x1654 (+ ?x843 ?x2035 ?x2870 (* (- 2) (* z00 z00 z00 x)) (* 18 (* z00 z00 x)) ?x554 ?x639 ?x886 ?x898 ?x946 (* 18 (* y00 z00 y)) ?x640 (* (- 120) (* y00 y)) (* (- 24) (* z00 y)) ?x1103 (* (- 6) (* z00 y y)) ?x1139 (* (- 12) (* y00 y y)) ?x1478 (* (- 108) (* x00 y)) ?x1429 (* (- 216) (* x00 x)) ?x196 ?x1534 (* (- 216) (* y00 x)) (* z00 z00 y y) ?x1581 (* (- 36) (* z00 x)) (* 36 (* y00 z00 x)) (* 10 (* z00 z00 y)) ?x1386 (* (- 1) (* z00 z00 z00 y)))))
 (let (($x1659 (= ?x1654 0)))
 (let ((?x2037 (* y00 z y)))
 (let ((?x71 (* 72 y)))
 (let ((?x1789 (* z y y)))
 (let ((?x1559 (* x00 z)))
 (let ((?x1560 (* 18 ?x1559)))
 (let ((?x1518 (* z y)))
 (let ((?x1780 (* (- 12) ?x1518)))
 (let ((?x2673 (* z00 y)))
 (let ((?x2700 (* 6 ?x2673)))
 (let ((?x1159 (* y00 z)))
 (let ((?x1160 (* 12 ?x1159)))
 (let ((?x1486 (* z x)))
 (let ((?x2932 (* (- 18) ?x1486)))
 (let ((?x3048 (+ ?x2080 (* (- 18) ?x2034) ?x2932 (* (- 3) (* z00 z00 x)) ?x2588 (* 3 (* x00 z00 z)) (* (- 1) (* y00 z00 y)) ?x1160 ?x958 (* 36 (* y00 y)) ?x2700 ?x1780 (* (- 3) (* z00 z x)) (* 2 (* z00 y y)) ?x950 ?x1560 ?x1789 (* 18 (* x00 y)) ?x2696 ?x64 ?x585 (* 18 (* y00 x)) ?x71 ?x642 ?x2037 ?x2044 (* (- 2) (* y00 y00 z)) (* (- 3) (* z00 z00 y)))))
 (let ((?x1408 (* z00 z y)))
 (let ((?x636 (* (- 6) ?x2673)))
 (let ((?x632 (* 12 ?x631)))
 (let ((?x556 (+ (* (- 1) (* y00 z00 z)) ?x1780 ?x2932 ?x1158 ?x632 ?x675 ?x1560 ?x1160 ?x848 (* 12 (* y00 y)) ?x64 ?x585 ?x636 ?x71 ?x642 ?x99 (* (- 18) (* z00 x)) ?x1408 (* (- 1) (* z00 z00 y)))))
 (let ((?x752 (* z00 z00 z)))
 (let ((?x1230 (* (- 12) ?x1159)))
 (let ((?x2438 (+ (* (- 6) ?x1518) ?x515 ?x526 ?x1230 ?x728 ?x64 ?x585 (* (- 6) (* z00 z)) ?x71 ?x642 ?x752)))
 (let (($x2282 (and $x1149 (= (+ ?x582 ?x43 ?x1294 (* (- 6) z) ?x49 (* z z)) 0) (= ?x2438 0) (= ?x556 0) (= ?x3048 0) $x1659 $x2269)))
 (let ((?x74 (* 108 x00)))
 (let ((?x243 (* 72 ?x223)))
 (let ((?x261 (* 6 ?x223 z00)))
 (let ((?x67 (* 72 y00)))
 (let ((?x238 (* 108 ?x237)))
 (let ((?x91 (* 6 y00 z00)))
 (let ((?x215 (+ z 6)))
 (let ((?x235 (* 12 y00 ?x215)))
 (let ((?x258 (* 18 x00 ?x215)))
 (let ((?x88 (* 24 y00 y00)))
 (let ((?x84 (* 18 x00 z00)))
 (let ((?x252 (* 18 ?x237 ?x215)))
 (let ((?x256 (+ (- (- (* (- 1) y00 ?x215 z00) (* 12 ?x223 ?x215)) ?x252) ?x84 (* 12 ?x223 ?x223))))
 (let ((?x262 (- (+ (- ?x256 ?x88) ?x258 ?x235 ?x91 (* 12 ?x223 y00) ?x238) ?x67)))
 (let ((?x270 (+ (- (+ (- (+ (- ?x262 ?x261) ?x243) ?x74) ?x99) (* 18 ?x237 z00)) (* ?x223 ?x215 z00))))
 (let ((?x272 (- ?x270 (* ?x223 z00 z00))))
 (let ((?x361 (+ (* 7 ?x223 ?x215) (* 5 (+ n 1) ?x237 ?x237 ?x223 ?x223 ?x215 ?x215) (* 6 (+ n 1) (+ n 1) ?x237 ?x237 ?x223 ?x215 ?x215))))
 (let (($x365 (= (* (- ?x361 (* 10 (+ n 1) ?x237 ?x223 ?x223 ?x215)) ?x272) 0)))
 (let ((?x210 (* 108 x00 x00)))
 (let ((?x204 (* 10 y00 z00 z00)))
 (let ((?x197 (* 2 x00 z00 z00 z00)))
 (let ((?x189 (* 18 x00 z00 z00)))
 (let ((?x187 (* 36 x00 y00 z00)))
 (let ((?x184 (* 96 y00 y00)))
 (let ((?x179 (* 16 y00 y00 y00)))
 (let ((?x171 (* 24 y00 z00)))
 (let ((?x160 (* 12 y00 y00 z00)))
 (let ((?x313 (- (+ (* 216 x00 y00) (* 108 ?x237 ?x223) (* 36 x00 z00)) (* 2 ?x237 z00 z00 z00))))
 (let ((?x320 (+ (- (- (+ ?x313 (* 18 ?x237 z00 z00)) ?x160) ?x161) (* 24 ?x223 ?x223) (* 108 ?x237 ?x237))))
 (let ((?x324 (+ (- ?x320 (* 4 ?x223 ?x223 ?x223)) (* 18 ?x223 y00 z00) ?x171)))
 (let ((?x331 (- (+ (- (- ?x324 (* 120 ?x223 y00)) (* 24 ?x223 z00)) ?x179) (* 6 ?x223 ?x223 z00))))
 (let ((?x338 (- (- (- (+ ?x331 ?x184) (* 12 ?x223 ?x223 y00)) ?x187) (* 108 x00 ?x223))))
 (let ((?x343 (- (+ (- (- ?x338 ?x189) (* 216 ?x237 x00)) ?x196 ?x197) (* 216 ?x237 y00))))
 (let ((?x348 (- (- (+ ?x343 (* ?x223 ?x223 z00 z00)) ?x204) (* 36 ?x237 z00))))
 (let ((?x353 (- (+ ?x348 (* 36 ?x237 y00 z00) (* 10 ?x223 z00 z00) ?x210) (* ?x223 z00 z00 z00))))
 (let ((?x144 (* 3 y00 z00 z00)))
 (let ((?x137 (* 3 x00 z00 z00)))
 (let ((?x133 (* 36 y00 y00)))
 (let ((?x251 (* 12 ?x223 ?x215)))
 (let ((?x279 (- (- (- (* (- 18) x00 y00) (* 18 ?x237 ?x223)) ?x252) (* 3 ?x237 z00 z00))))
 (let ((?x284 (- (+ (- ?x279 ?x113) (* 3 x00 ?x215 z00)) (* ?x223 y00 z00))))
 (let ((?x291 (- (- (+ (- (+ ?x284 ?x235) ?x91) (* 36 ?x223 y00) ?x261) ?x251) (* 3 ?x237 ?x215 z00))))
 (let ((?x297 (+ (- (+ ?x291 (* 2 ?x223 ?x223 z00)) ?x133) ?x258 (* ?x223 ?x223 ?x215) (* 18 x00 ?x223) ?x137 ?x238)))
 (let ((?x303 (+ (- (+ (- ?x297 ?x67) (* 18 ?x237 y00) ?x243) ?x74) (* ?x223 y00 ?x215) ?x144)))
 (let (($x308 (= (- (- ?x303 (* 2 y00 y00 ?x215)) (* 3 ?x223 z00 z00)) 0)))
 (let ((?x62 (* 18 y00 z00)))
 (let ((?x236 (- (+ (- (* (- 6) ?x223 ?x215) ?x55) (* 6 z00 z00)) ?x235)))
 (let ((?x245 (- (+ (- (- (+ ?x236 ?x62 ?x238) ?x67) (* 6 ?x215 z00)) ?x243) ?x74)))
 (let ((?x227 (- (- (+ (* (- 1) z00 z00) ?x43) (* 12 ?x223)) (* 6 ?x215))))
 (let ((?x36 (* 6 n00)))
 (let (($x221 (= (- (+ (* (- 1) ?x215) z00 (* 6 (+ n 1))) ?x36) 0)))
 (let (($x367 (or (not $x221) (not (= (+ ?x227 ?x49 (* ?x215 ?x215)) 0)) (not (= (+ ?x245 (* ?x215 z00 z00)) 0)) (not (= ?x272 0)) (not $x308) (not (= ?x353 0)) (not $x365))))
 (let ((?x212 (* y z00 z00 z00)))
 (let ((?x201 (* y y z00 z00)))
 (let ((?x157 (- (+ (* 216 x00 y00) (* 108 x y) (* 36 x00 z00)) (* 2 x z00 z00 z00))))
 (let ((?x166 (+ (- (- (+ ?x157 (* 18 x z00 z00)) ?x160) ?x161) (* 24 y y) (* 108 x x))))
 (let ((?x172 (+ (- ?x166 (* 4 y y y)) (* 18 y y00 z00) ?x171)))
 (let ((?x182 (- (+ (- (- ?x172 (* 120 y y00)) (* 24 y z00)) ?x179) (* 6 y y z00))))
 (let ((?x193 (- (- (- (+ ?x182 ?x184) (* 12 y y y00)) ?x187) (* 108 x00 y))))
 (let ((?x200 (- (+ (- (- ?x193 ?x189) (* 216 x x00)) ?x196 ?x197) (* 216 x y00))))
 (let ((?x211 (+ (- (- (+ ?x200 ?x201) ?x204) (* 36 x z00)) (* 36 x y00 z00) (* 10 y z00 z00) ?x210)))
 (let ((?x135 (* y y z)))
 (let ((?x90 (* 18 x00 z)))
 (let ((?x80 (* 12 y z)))
 (let ((?x94 (* 6 y z00)))
 (let ((?x59 (* 12 y00 z)))
 (let ((?x120 (* y y00 z00)))
 (let ((?x81 (* 18 x z)))
 (let ((?x116 (- (- (- (* (- 18) x00 y00) (* 18 x y)) ?x81) (* 3 x z00 z00))))
 (let ((?x123 (- (+ (- (+ (- ?x116 ?x113) (* 3 x00 z z00)) ?x120) ?x59) ?x91)))
 (let ((?x129 (- (- (+ ?x123 (* 36 y y00) ?x94) ?x80) (* 3 x z z00))))
 (let ((?x138 (+ (- (+ ?x129 (* 2 y y z00)) ?x133) ?x90 ?x135 (* 18 x00 y) ?x137 ?x64)))
 (let ((?x145 (+ (- (+ (- ?x138 ?x67) (* 18 x y00) ?x71) ?x74) (* y y00 z) ?x144)))
 (let (($x150 (= (- (- ?x145 (* 2 y00 y00 z)) (* 3 y z00 z00)) 0)))
 (let ((?x105 (* y z00 z00)))
 (let ((?x103 (* y z z00)))
 (let ((?x86 (+ (- (- (* (- 1) y00 z z00) ?x80) ?x81) ?x84 (* 12 y y))))
 (let ((?x95 (- (+ (- ?x86 ?x88) ?x90 ?x59 ?x91 (* 12 y y00) ?x64) ?x67)))
 (let ((?x104 (+ (- (+ (- (+ (- ?x95 ?x94) ?x71) ?x74) ?x99) (* 18 x z00)) ?x103)))
 (let ((?x76 (* z z00 z00)))
 (let ((?x60 (- (+ (- (* (- 6) y z) ?x55) (* 6 z00 z00)) ?x59)))
 (let ((?x75 (- (+ (- (- (+ ?x60 ?x62 ?x64) ?x67) (* 6 z z00)) ?x71) ?x74)))
 (let ((?x50 (* z z)))
 (let ((?x46 (* 6 z)))
 (let ((?x51 (+ (- (- (+ (* (- 1) z00 z00) ?x43) (* 12 y)) ?x46) ?x49 ?x50)))
 (let (($x368 (and (= (- (+ (* (- 1) z) z00 (* 6 n)) ?x36) 0) (= ?x51 0) (= (+ ?x75 ?x76) 0) (= (- ?x104 ?x105) 0) $x150 (= (- ?x211 ?x212) 0) $x367)))
 (rewrite (= $x368 $x2282)))))))))))))))))))))))))))))))))))))))))))))))))))))))))))))))))))))))))))))))))))))))))))))))))))))))))))))))))))))))))))))))))))))))))))))))))))))))))))))))))))))))))))))))))))))))))))))))))))
 ))
 (let ((@x370 (asserted $x369)))
 (let ((@x2092 (mp (mp @x370 (quant-intro (proof-bind ?x2237) (= $x369 $x2217)) $x2217) (rewrite (= $x2217 $x2217)) $x2217)))
 (let ((@x2004 (mp (mp @x2092 (quant-intro (proof-bind ?x793) (= $x2217 $x2141)) $x2141) (quant-intro (proof-bind ?x922) (= $x2141 $x1750)) $x1750)))
 (let ((@x1838 (mp (mp~ @x2004 (sk (~ $x1750 $x1449)) $x1449) (rewrite (= $x1449 $x932)) $x932)))
 (let ((@x2848 (and-elim @x1838 $x1759)))
 (let ((@x1821 (unit-resolution ((_ th-lemma arith triangle-eq) (or $x1069 $x612)) @x2848 $x612)))
 (let (($x1601 (>= ?x1756 0)))
 (let ((@x558 (unit-resolution ((_ th-lemma arith triangle-eq) (or $x1069 $x1601)) @x2848 $x1601)))
 (let (($x1108 (<= ?x2628 0)))
 (let ((@x2709 (and-elim @x1838 $x1566)))
 (let ((@x1656 (unit-resolution ((_ th-lemma arith triangle-eq) (or (not $x1566) $x1108)) @x2709 $x1108)))
 (let (($x2415 (>= ?x2628 0)))
 (let ((@x1748 (unit-resolution ((_ th-lemma arith triangle-eq) (or (not $x1566) $x2415)) @x2709 $x2415)))
 (let (($x951 (<= ?x2058 0)))
 (let ((@x990 (and-elim @x1838 $x2410)))
 (let ((@x1625 (unit-resolution ((_ th-lemma arith triangle-eq) (or $x1424 $x951)) @x990 $x951)))
 (let (($x1138 (>= ?x2058 0)))
 (let ((@x2286 (unit-resolution ((_ th-lemma arith triangle-eq) (or $x1424 $x1138)) @x990 $x1138)))
 (let (($x2711 (<= ?x462 0)))
 (let (($x1028 (<= ?x2187 0)))
 (let ((@x2344 (and-elim @x1838 $x1351)))
 (let ((@x676 (unit-resolution ((_ th-lemma arith triangle-eq) (or (not $x1351) $x1028)) @x2344 $x1028)))
 (let (($x2655 (>= ?x2187 0)))
 (let ((@x2920 (unit-resolution ((_ th-lemma arith triangle-eq) (or (not $x1351) $x2655)) @x2344 $x2655)))
 (let (($x921 (<= ?x2206 0)))
 (let ((@x1193 (and-elim @x1838 $x2343)))
 (let ((@x1945 (unit-resolution ((_ th-lemma arith triangle-eq) (or (not $x2343) $x921)) @x1193 $x921)))
 (let (($x2968 (>= ?x2206 0)))
 (let ((@x1513 (unit-resolution ((_ th-lemma arith triangle-eq) (or (not $x2343) $x2968)) @x1193 $x2968)))
 (let (($x1600 (<= ?x2791 0)))
 (let ((@x579 (and-elim @x1838 $x1508)))
 (let ((@x637 (unit-resolution ((_ th-lemma arith triangle-eq) (or (not $x1508) $x1600)) @x579 $x1600)))
 (let (($x649 (>= ?x2791 0)))
 (let ((@x1355 (unit-resolution ((_ th-lemma arith triangle-eq) (or (not $x1508) $x649)) @x579 $x649)))
 (let ((@x1977 ((_ th-lemma arith) (hypothesis (not $x2711)) @x2286 @x1625 @x558 @x1821 @x2286 @x1625 @x1748 @x1656 @x1355 @x637 @x1513 @x1945 @x1355 @x637 @x1513 @x1945 @x2920 @x676 @x1748 @x1656 false)))
 (let ((@x1337 (lemma @x1977 $x2711)))
 (let (($x1617 (>= ?x462 0)))
 (let ((@x1169 ((_ th-lemma arith) (hypothesis (not $x1617)) @x2286 @x1625 @x558 @x1821 @x2286 @x1625 @x1748 @x1656 @x1355 @x637 @x1513 @x1945 @x1355 @x637 @x1513 @x1945 @x2920 @x676 @x1748 @x1656 false)))
 (let ((@x1009 (lemma @x1169 $x1617)))
 (let (($x1618 (<= ?x756 0)))
 (let ((@x1616 ((_ th-lemma arith) (hypothesis (not $x1618)) @x1009 @x1337 @x2286 @x1625 @x558 @x1821 @x2286 @x1625 @x1009 @x1337 @x1355 @x637 @x1513 @x1945 @x1513 @x1945 @x1355 @x637 @x1748 @x1656 @x2920 @x676 @x1748 @x1656 false)))
 (let ((@x2959 (lemma @x1616 $x1618)))
 (let (($x2495 (>= ?x756 0)))
 (let ((@x1972 ((_ th-lemma arith) (hypothesis (not $x2495)) @x1009 @x1337 @x2286 @x1625 @x558 @x1821 @x2286 @x1625 @x1009 @x1337 @x1355 @x637 @x1513 @x1945 @x1513 @x1945 @x1355 @x637 @x1748 @x1656 @x2920 @x676 @x1748 @x1656 false)))
 (let ((@x986 (lemma @x1972 $x2495)))
 (let (($x662 (not (<= ?x2230 0))))
 (let (($x532 (>= ?x2230 0)))
 (let ((@x1257 ((_ th-lemma arith) (hypothesis (not $x532)) @x1009 @x1337 @x2286 @x1625 @x558 @x1821 @x2286 @x1625 @x1748 @x1656 @x1355 @x637 @x1355 @x637 @x1513 @x1945 @x1355 @x637 @x986 @x2959 @x2920 @x676 @x1748 @x1656 @x1513 @x1945 @x1513 @x1945 @x1009 @x1337 @x2286 @x1625 @x1748 @x1656 @x558 @x1821 false)))
 (let (($x779 (<= ?x2578 0)))
 (let (($x1973 (>= ?x2578 0)))
 (let (($x1799 (>= ?x3004 0)))
 (let (($x524 (not $x1799)))
 (let (($x1762 (= ?x3004 0)))
 (let (($x1123 (not $x1762)))
 (let (($x974 (not $x1973)))
 (let ((@x2419 (hypothesis $x974)))
 (let (($x2198 (<= ?x3004 0)))
 (let ((@x2408 (hypothesis $x1762)))
 (let ((@x1622 ((_ th-lemma arith farkas 1 1 1) @x2419 (unit-resolution ((_ th-lemma arith triangle-eq) (or $x1123 $x1799)) @x2408 $x1799) (unit-resolution ((_ th-lemma arith triangle-eq) (or $x1123 $x2198)) @x2408 $x2198) false)))
 (let ((@x2305 ((_ th-lemma arith) @x2419 (hypothesis (not $x2198)) @x2286 @x1625 @x558 @x1821 @x2286 @x1625 @x1748 @x1656 @x1355 @x637 @x1513 @x1945 @x1355 @x637 @x1513 @x1945 @x2920 @x676 @x1748 @x1656 false)))
 (let ((@x991 (unit-resolution ((_ th-lemma arith triangle-eq) (or $x1762 (not $x2198) $x524)) (unit-resolution (lemma @x2305 (or $x2198 $x1973)) @x2419 $x2198) (unit-resolution (lemma @x1622 (or $x1123 $x1973)) @x2419 $x1123) $x524)))
 (let ((@x993 ((_ th-lemma arith) @x2419 @x991 @x2286 @x1625 @x558 @x1821 @x2286 @x1625 @x1748 @x1656 @x1355 @x637 @x1513 @x1945 @x1355 @x637 @x1513 @x1945 @x2920 @x676 @x1748 @x1656 false)))
 (let ((@x1787 (unit-resolution ((_ th-lemma arith triangle-eq) (or $x3027 (not $x779) $x974)) (lemma @x993 $x1973) (or $x3027 (not $x779)))))
 (let ((@x660 (unit-resolution @x1787 (lemma ((_ th-lemma arith farkas 1 1 1) (hypothesis (not $x779)) @x1337 @x1009 false) $x779) $x3027)))
 (let ((@x1849 (unit-resolution ((_ th-lemma arith triangle-eq) (or $x1078 (not $x2711) (not $x1617))) @x1009 (or $x1078 (not $x2711)))))
 (let ((@x2421 (unit-resolution ((_ th-lemma arith triangle-eq) (or $x2508 (not $x1618) (not $x2495))) @x2959 @x986 $x2508)))
 (let ((@x2342 (unit-resolution (hypothesis $x2302) ((_ th-lemma arith eq-propagate -6 -6 -1 -1) @x558 @x1821 @x2920 @x676 $x2283) false)))
 (let ((@x2103 (unit-resolution (and-elim @x1838 $x736) @x990 @x2848 (or $x2302 $x2330 $x1095 $x2505 $x2563))))
 (let ((@x2998 (unit-resolution (unit-resolution @x2103 (lemma @x2342 $x2283) (or $x2330 $x1095 $x2505 $x2563)) @x2421 (unit-resolution @x1849 @x1337 $x1078) @x660 $x2505)))
 (let ((@x3001 (unit-resolution ((_ th-lemma arith triangle-eq) (or $x1353 $x662 (not $x532))) @x2998 (or $x662 (not $x532)))))
 ((_ th-lemma arith) (unit-resolution @x3001 (lemma @x1257 $x532) $x662) @x1009 @x1337 @x2286 @x1625 @x558 @x1821 @x2286 @x1625 @x1748 @x1656 @x1355 @x637 @x1355 @x637 @x1513 @x1945 @x1355 @x637 @x986 @x2959 @x2920 @x676 @x1748 @x1656 @x1513 @x1945 @x1513 @x1945 @x1009 @x1337 @x2286 @x1625 @x1748 @x1656 @x558 @x1821 false))))))))))))))))))))))))))))))))))))))))))))))))))))))))))))))))))))))))))))))))))))))))))))))))))))))))))))))))))))))))))))))))))))))))))))))))))))))))))))))))))))))))))))))))))))))))))))))))))))))))))))))))))))))))))))))))))))))))))))))))))))))))))))))))))))))))))))))))))))))))))))))))))))))))))))))))))))

(:added-eqs                 16
 :arith-assert-diseq        21
 :arith-assert-lower        178
 :arith-assert-upper        58
 :arith-conflicts           15
 :arith-eq-adapter          14
 :arith-fixed-eqs           4
 :arith-gcd-tests           24
 :arith-grobner             10
 :arith-max-min             4435
 :arith-nonlinear-bounds    144
 :arith-nonlinear-horner    133
 :arith-num-rows            16
 :arith-patches             20
 :arith-patches_succ        20
 :arith-pivots              11
 :arith-pseudo-nonlinear    8
 :arith-row-summations      24
 :arith-tableau-max-columns 147
 :arith-tableau-max-rows    16
 :conflicts                 16
 :decisions                 61
 :del-clause                52
 :final-checks              26
 :max-memory                16.41
 :memory                    3.51
 :minimized-lits            1
 :mk-bool-var               48
 :mk-clause                 58
 :num-allocs                1402784515098.00
 :num-checks                1
 :propagations              104
 :rlimit-count              48762801
 :time                      40.15
 :total-time                39.11)
