unsat
((set-logic NIA)
(declare-fun z!1 () Int)
(declare-fun y!2 () Int)
(declare-fun x!3 () Int)
(declare-fun n!0 () Int)
(proof
(let ((?x2705 (* z00 y!2 z!1)))
 (let ((?x2145 (* (- 1) ?x2705)))
 (let ((?x2478 (* z00 x!3)))
 (let ((?x2278 (* 18 ?x2478)))
 (let ((?x2443 (* y00 z!1)))
 (let ((?x2493 (* (- 12) ?x2443)))
 (let ((?x2421 (* x00 z!1)))
 (let ((?x2289 (* (- 18) ?x2421)))
 (let ((?x2406 (* y!2 y!2)))
 (let ((?x1497 (* (- 12) ?x2406)))
 (let ((?x701 (* (- 72) y!2)))
 (let ((?x1286 (* x!3 z!1)))
 (let ((?x1416 (* 18 ?x1286)))
 (let ((?x1092 (* y!2 z!1)))
 (let ((?x2144 (* 12 ?x1092)))
 (let ((?x1069 (* z00 z00 y!2)))
 (let ((?x1065 (* z00 y00 z!1)))
 (let ((?x772 (* z00 z00 y00)))
 (let ((?x1773 (* (- 1) ?x772)))
 (let ((?x652 (* y00 y00)))
 (let ((?x654 (* 24 ?x652)))
 (let ((?x621 (* z00 x00)))
 (let ((?x1770 (* (- 18) ?x621)))
 (let ((?x1563 (* (- 108) x!3)))
 (let ((?x558 (* z00 y00)))
 (let ((?x852 (* (- 6) ?x558)))
 (let ((?x74 (* 108 x00)))
 (let ((?x67 (* 72 y00)))
 (let ((?x2288 (+ ?x67 ?x74 ?x852 ?x1563 ?x1770 ?x654 ?x1773 ?x1065 ?x1069 ?x2144 ?x1416 ?x701 (* (- 12) (* y00 y!2)) ?x1497 ?x2289 ?x2493 (* 6 (* z00 y!2)) ?x2278 ?x2145)))
 (let (($x1491 (<= ?x2288 0)))
 (let (($x2291 (= ?x2288 0)))
 (let ((?x2727 (* x!3 y!2)))
 (let ((?x991 (* 324 ?x2727)))
 (let ((?x2724 (* y!2 y!2 z!1)))
 (let ((?x2264 (* (- 12) ?x2724)))
 (let ((?x2779 (* (- 12) (* y00 y!2 y!2))))
 (let ((?x2525 (* z!1 z!1)))
 (let ((?x2200 (* 24 ?x2525)))
 (let ((?x1486 (* (- 216) (* x00 x!3))))
 (let ((?x2489 (* z!1 z!1 z!1)))
 (let ((?x1161 (* (- 4) ?x2489)))
 (let ((?x1556 (* (- 36) ?x2478)))
 (let ((?x1159 (* (- 2) (* z00 z00 z00 x!3))))
 (let ((?x2455 (* z00 z00 y!2 y!2)))
 (let ((?x2266 (* 240 ?x2406)))
 (let ((?x2088 (* z00 y!2 y!2)))
 (let ((?x1867 (* (- 6) ?x2088)))
 (let ((?x1868 (* y!2 y!2 y!2)))
 (let ((?x1191 (* (- 4) ?x1868)))
 (let ((?x1381 (* 108 (* x00 x00))))
 (let ((?x1848 (* 108 (* x!3 x!3))))
 (let ((?x2277 (* 108 ?x1286)))
 (let ((?x1278 (* 2 (* z00 z00 z00 x00))))
 (let ((?x1274 (* z00 z00 z00 y00)))
 (let ((?x1184 (* (- 36) (* z00 y00 x00))))
 (let ((?x1098 (* 16 (* y00 y00 y00))))
 (let ((?x2274 (* 156 ?x1092)))
 (let ((?x962 (* z00 z00 x00)))
 (let ((?x1234 (* (- 18) ?x962)))
 (let ((?x1483 (* 36 (* z00 y00 x!3))))
 (let ((?x868 (* (- 1) (* z00 z00 y00 y00))))
 (let ((?x1335 (* (- 10) ?x772)))
 (let ((?x752 (* z00 y00 y00)))
 (let ((?x833 (* (- 12) ?x752)))
 (let ((?x718 (* z00 z00 x!3)))
 (let ((?x1140 (* 18 ?x718)))
 (let ((?x681 (* y00 x!3)))
 (let ((?x1436 (* (- 216) ?x681)))
 (let ((?x675 (* y!2 z!1 z!1)))
 (let ((?x1644 (* (- 12) ?x675)))
 (let ((?x1134 (* 96 ?x652)))
 (let ((?x578 (* 36 ?x621)))
 (let ((?x976 (* 24 ?x558)))
 (let ((?x507 (* y00 x00)))
 (let ((?x529 (* 216 ?x507)))
 (let ((?x1699 (+ ?x529 ?x976 (* 54 (* z00 y00 y!2)) (* z00 z00 z!1 z!1) ?x578 ?x1134 ?x1644 ?x1436 ?x1140 ?x833 ?x1335 ?x868 ?x1483 ?x1234 (* 18 ?x1065) (* 28 ?x1069) ?x2274 ?x1098 ?x1184 ?x1274 ?x1278 ?x2277 ?x1848 ?x1381 (* 2 (* z00 z00 y!2 z!1)) (* (- 24) (* y00 y!2 z!1)) (* (- 1) (* z00 z00 z00 z!1)) (* (- 3) (* z00 z00 z00 y!2)) (* 10 (* z00 z00 z!1)) ?x1191 (* (- 12) (* y00 z!1 z!1)) (* (- 324) (* x00 y!2)) (* (- 336) (* y00 y!2)) ?x1867 ?x2266 (* (- 108) ?x2421) (* (- 120) ?x2443) ?x2455 ?x1159 (* (- 60) (* z00 y!2)) ?x1556 ?x1161 ?x1486 (* (- 24) (* z00 z!1)) ?x2200 (* (- 6) (* z00 z!1 z!1)) ?x2779 (* (- 12) ?x2705) ?x2264 ?x991)))
 (let ((?x2394 (* 7 ?x2724)))
 (let ((?x2516 (* 6 (* x!3 x!3 y!2 n!0 n!0))))
 (let ((?x1442 (* 24 (* x!3 y!2 y!2 n!0))))
 (let ((?x2026 (* 7 (* x!3 x!3 z!1))))
 (let ((?x1896 (* 14 (* x!3 y!2 y!2))))
 (let ((?x1892 (* 7 (* x!3 x!3 y!2))))
 (let ((?x2398 (* 7 ?x1868)))
 (let ((?x1883 (* 12 (* x!3 x!3 y!2 n!0))))
 (let ((?x2492 (* 6 (* y!2 y!2 y!2 n!0 n!0))))
 (let ((?x1660 (* 12 (* y!2 y!2 y!2 n!0))))
 (let ((?x2509 (* 12 (* x!3 y!2 y!2 n!0 n!0))))
 (let ((?x1881 (* 14 (* x!3 y!2 z!1))))
 (let ((?x2432 (+ ?x1881 (* 12 (* y!2 y!2 n!0 z!1)) (* 24 (* x!3 y!2 n!0 z!1)) (* 12 (* x!3 y!2 n!0 n!0 z!1)) ?x2509 ?x1660 (* 6 (* y!2 y!2 n!0 n!0 z!1)) ?x2492 ?x1883 ?x2398 ?x1892 ?x1896 ?x2026 (* 6 (* x!3 x!3 n!0 n!0 z!1)) ?x1442 ?x2516 ?x2394 (* 12 (* x!3 x!3 n!0 z!1)))))
 (let ((?x1252 (* ?x2432 ?x1699)))
 (let (($x1173 (= ?x1252 0)))
 (let (($x1453 (not $x1173)))
 (let (($x2707 (= ?x1699 0)))
 (let (($x2745 (not $x2707)))
 (let ((?x2469 (* 18 ?x2727)))
 (let ((?x633 (* (- 1) ?x2724)))
 (let ((?x2446 (* 3 (* z00 x!3 z!1))))
 (let ((?x549 (* (- 3) (* z00 x00 z!1))))
 (let ((?x1509 (* 6 ?x2525)))
 (let ((?x676 (* (- 1) ?x2489)))
 (let ((?x1963 (* 12 ?x2406)))
 (let ((?x548 (* (- 2) ?x2088)))
 (let ((?x1902 (* x00 y!2)))
 (let ((?x1387 (* (- 18) ?x1902)))
 (let ((?x600 (* 2 (* y00 y00 z!1))))
 (let ((?x1463 (* y00 y!2 z!1)))
 (let ((?x527 (* (- 1) ?x1463)))
 (let ((?x2762 (* 36 ?x1286)))
 (let ((?x1510 (* 36 ?x1092)))
 (let ((?x2239 (* (- 3) ?x962)))
 (let ((?x2237 (* (- 3) ?x772)))
 (let ((?x616 (* 3 ?x718)))
 (let ((?x610 (* (- 18) ?x681)))
 (let ((?x2191 (* (- 2) ?x675)))
 (let ((?x2233 (* 48 ?x652)))
 (let ((?x565 (* z00 y00 y!2)))
 (let ((?x687 (* 6 ?x558)))
 (let ((?x2228 (* 18 ?x507)))
 (let ((?x1706 (+ ?x2228 ?x687 ?x565 ?x1770 ?x2233 ?x2191 ?x610 ?x616 ?x752 ?x2237 ?x2239 ?x1065 (* 6 ?x1069) ?x1510 ?x2762 ?x527 (* 3 (* z00 z00 z!1)) ?x600 (* (- 1) (* y00 z!1 z!1)) ?x1387 (* (- 60) (* y00 y!2)) ?x548 ?x1963 (* (- 36) ?x2421) (* (- 54) ?x2443) (* 12 (* z00 y!2)) ?x2278 ?x676 (* (- 6) (* z00 z!1)) ?x1509 ?x549 (* (- 2) (* z00 z!1 z!1)) ?x2446 ?x2145 ?x633 ?x2469)))
 (let (($x2405 (= ?x1706 0)))
 (let (($x646 (not $x2405)))
 (let ((?x2576 (* z00 z!1 z!1)))
 (let ((?x1811 (* z00 z00 z!1)))
 (let ((?x514 (* (- 1) ?x1811)))
 (let ((?x1462 (* (- 18) ?x1286)))
 (let ((?x1094 (* (- 6) ?x1092)))
 (let ((?x670 (* (- 24) ?x652)))
 (let ((?x623 (* 18 ?x621)))
 (let ((?x2024 (+ ?x623 ?x670 ?x772 (* (- 1) ?x1065) (* (- 1) ?x1069) ?x1094 ?x1462 ?x514 (* 12 (* y00 y!2)) ?x1963 (* 18 ?x2421) (* 24 ?x2443) (* (- 18) (* z00 y!2)) (* (- 18) ?x2478) ?x2576 ?x2705)))
 (let (($x849 (= ?x2024 0)))
 (let (($x773 (not $x849)))
 (let ((?x2518 (* z00 z!1)))
 (let ((?x519 (* 6 ?x2518)))
 (let ((?x515 (* 12 ?x2443)))
 (let ((?x1478 (* 6 ?x1092)))
 (let ((?x640 (* (- 18) ?x558)))
 (let ((?x55 (* z00 z00 z00)))
 (let ((?x2129 (+ (* 36 z00) (* 144 y00) ?x55 ?x74 (* (- 12) (* z00 z00)) ?x640 ?x1563 ?x1478 (* (- 144) y!2) (* (- 36) z!1) ?x514 ?x515 ?x519 ?x1509)))
 (let (($x2757 (= ?x2129 0)))
 (let (($x2057 (not $x2757)))
 (let ((?x417 (* z00 z00)))
 (let ((?x577 (* (- 1) ?x417)))
 (let ((?x43 (* 12 y00)))
 (let ((?x49 (* 6 z00)))
 (let ((?x2404 (+ ?x49 ?x43 ?x577 (* (- 12) y!2) (* (- 6) z!1) ?x2525)))
 (let (($x2397 (= ?x2404 0)))
 (let (($x2788 (not $x2397)))
 (let ((?x1667 (* (- 6) n00)))
 (let ((?x573 (+ z00 ?x1667 (* 6 n!0) (* (- 1) z!1))))
 (let (($x1461 (= ?x573 0)))
 (let (($x2639 (not $x1461)))
 (let (($x2485 (or $x2639 $x2788 $x2057 $x773 $x646 $x2745 $x1453)))
 (let ((?x2778 (* 108 ?x2727)))
 (let ((?x1109 (* 24 ?x2406)))
 (let ((?x1791 (+ ?x529 ?x976 (* 18 ?x565) ?x578 ?x1134 ?x1436 ?x1140 ?x833 ?x1335 ?x868 ?x1483 ?x1234 (* 10 ?x1069) ?x1098 ?x1184 ?x1274 ?x1278 ?x1848 ?x1381 (* (- 1) (* z00 z00 z00 y!2)) ?x1191 (* (- 108) ?x1902) (* (- 120) (* y00 y!2)) ?x1867 ?x1109 ?x2455 ?x1159 (* (- 24) (* z00 y!2)) ?x1556 ?x1486 ?x2779 ?x2778)))
 (let (($x1032 (= ?x1791 0)))
 (let ((?x2579 (* 36 ?x652)))
 (let ((?x2463 (+ ?x67 ?x74 ?x2228 ?x687 ?x565 ?x1563 ?x2579 ?x610 ?x616 ?x752 ?x2237 ?x2239 (* 3 ?x1069) ?x2144 ?x1416 ?x701 ?x527 ?x600 ?x1387 (* (- 36) (* y00 y!2)) ?x548 ?x2289 ?x2493 (* (- 6) (* z00 y!2)) ?x549 ?x2446 ?x633 ?x2469)))
 (let (($x2464 (= ?x2463 0)))
 (let ((?x1823 (* (- 6) ?x417)))
 (let ((?x1458 (+ ?x67 ?x55 ?x74 ?x1823 ?x640 ?x1563 ?x1478 ?x701 ?x514 ?x515 ?x519)))
 (let (($x1612 (= ?x1458 0)))
 (let (($x2051 (and $x1461 $x2397 $x1612 $x2291 $x2464 $x1032 $x2485)))
 (let ((?x2801 (* 36 (* x!3 z00 y00))))
 (let ((?x2755 (* (- 216) (* x!3 x00))))
 (let ((?x1536 (* (- 12) (* y!2 y!2 y00))))
 (let ((?x1817 (* x!3 y00)))
 (let ((?x591 (* (- 216) ?x1817)))
 (let ((?x2045 (* y!2 y!2 z00)))
 (let ((?x1701 (* (- 6) ?x2045)))
 (let ((?x2488 (* x!3 z00)))
 (let ((?x1100 (* (- 36) ?x2488)))
 (let ((?x1172 (* x!3 z00 z00)))
 (let ((?x2354 (* 18 ?x1172)))
 (let ((?x2192 (* (- 2) (* x!3 z00 z00 z00))))
 (let ((?x2086 (* y!2 y!2 z00 z00)))
 (let ((?x2390 (+ ?x2200 (* 10 (* z!1 z00 z00)) (* (- 12) (* y!2 z!1 z00)) (* 28 (* y!2 z00 z00)) ?x2264 ?x2086 (* (- 3) (* y!2 z00 z00 z00)) ?x2274 (* 18 (* z!1 z00 y00)) ?x529 ?x991 (* (- 120) (* z!1 y00)) ?x976 ?x2277 ?x2192 (* (- 24) (* z!1 z00)) ?x578 ?x2266 ?x1134 (* (- 108) (* z!1 x00)) (* (- 336) (* y!2 y00)) ?x2354 (* (- 60) (* y!2 z00)) ?x833 ?x1335 ?x1100 (* 54 (* y!2 z00 y00)) ?x868 ?x1848 ?x1191 ?x1701 (* (- 324) (* y!2 x00)) ?x1234 ?x591 (* (- 24) (* y!2 z!1 y00)) ?x1098 ?x1536 ?x1184 ?x2755 ?x1274 ?x1278 ?x2801 ?x1381 (* (- 6) (* z!1 z!1 z00)) ?x1644 ?x1161 (* (- 12) (* z!1 z!1 y00)) (* 2 (* y!2 z!1 z00 z00)) (* z!1 z!1 z00 z00) (* (- 1) (* z!1 z00 z00 z00)))))
 (let ((?x1445 (+ ?x2394 ?x2398 (* 6 (* y!2 y!2 z!1 n!0 n!0)) ?x1660 ?x2492 (* 12 (* x!3 x!3 z!1 n!0)) (* 6 (* x!3 x!3 z!1 n!0 n!0)) ?x1442 ?x2509 (* 12 (* y!2 y!2 z!1 n!0)) (* 24 (* x!3 y!2 z!1 n!0)) (* 12 (* x!3 y!2 z!1 n!0 n!0)) ?x2516 ?x1883 ?x1892 ?x1896 ?x2026 ?x1881)))
 (let ((?x1989 (* y!2 z00 y00)))
 (let ((?x1501 (* 18 ?x2488)))
 (let ((?x1142 (* z!1 z00)))
 (let ((?x2286 (* (- 6) ?x1142)))
 (let ((?x1831 (* z!1 z00 y00)))
 (let ((?x1827 (* y!2 z!1 z00)))
 (let ((?x1565 (* (- 1) ?x1827)))
 (let ((?x2147 (+ ?x1509 (* 3 (* z!1 z00 z00)) ?x1565 (* 6 (* y!2 z00 z00)) ?x633 ?x1510 ?x1831 ?x2228 ?x2469 (* (- 54) (* z!1 y00)) ?x687 ?x2762 ?x2286 ?x1770 ?x1963 ?x2233 (* (- 36) (* z!1 x00)) (* (- 60) (* y!2 y00)) (* 3 ?x1172) (* 12 (* y!2 z00)) ?x752 ?x2237 (* (- 3) (* z!1 z00 x00)) ?x1501 ?x1989 (* 3 (* x!3 z!1 z00)) (* (- 2) ?x2045) (* (- 18) (* y!2 x00)) ?x2239 (* (- 18) ?x1817) (* (- 1) (* y!2 z!1 y00)) (* 2 (* z!1 y00 y00)) (* (- 2) (* z!1 z!1 z00)) ?x2191 ?x676 (* (- 1) (* z!1 z!1 y00)))))
 (let ((?x1828 (* y!2 z00 z00)))
 (let ((?x1948 (* z!1 z00 z00)))
 (let ((?x1506 (+ ?x1948 ?x1565 ?x1828 ?x1478 ?x1831 (* (- 24) (* z!1 y00)) ?x1416 ?x1770 ?x1497 ?x654 (* (- 18) (* z!1 x00)) (* (- 12) (* y!2 y00)) (* 18 (* y!2 z00)) ?x1773 ?x1501 (* (- 1) (* z!1 z!1 z00)))))
 (let ((?x559 (* 18 ?x558)))
 (let ((?x1821 (* z!1 y00)))
 (let ((?x1120 (* (- 12) ?x1821)))
 (let ((?x1466 (* 12 ?x417)))
 (let ((?x637 (* (- 108) x00)))
 (let ((?x510 (* (- 1) ?x55)))
 (let ((?x1319 (* (- 144) y00)))
 (let ((?x1394 (* (- 36) z00)))
 (let ((?x903 (* 108 x!3)))
 (let ((?x1035 (+ ?x903 (* 144 y!2) (* 36 z!1) ?x1394 ?x1319 (* (- 6) ?x2525) ?x510 ?x637 ?x1948 ?x1466 ?x1094 ?x1120 ?x559 ?x2286)))
 (let ((?x488 (* (- 12) y00)))
 (let ((?x487 (* (- 6) z00)))
 (let (($x1532 (= (+ (* 12 y!2) (* 6 z!1) ?x487 ?x488 (* (- 1) ?x2525) ?x417) 0)))
 (let (($x1528 (= (+ z!1 (* (- 6) n!0) (* (- 1) z00) (* 6 n00)) 0)))
 (let (($x1793 (or (not $x1528) (not $x1532) (not (= ?x1035 0)) (not (= ?x1506 0)) (not (= ?x2147 0)) (not (= ?x2390 0)) (not (= (* ?x1445 ?x2390) 0)))))
 (let ((?x776 (+ (* 10 ?x1828) ?x2086 (* (- 1) (* y!2 z00 z00 z00)) ?x529 ?x2778 ?x976 ?x2192 ?x578 ?x1109 ?x1134 (* (- 120) (* y!2 y00)) ?x2354 (* (- 24) (* y!2 z00)) ?x833 ?x1335 ?x1100 (* 18 ?x1989) ?x868 ?x1848 ?x1191 ?x1701 (* (- 108) (* y!2 x00)) ?x1234 ?x591 ?x1098 ?x1536 ?x1184 ?x2755 ?x1274 ?x1278 ?x2801 ?x1381)))
 (let ((?x2349 (* y!2 z!1 y00)))
 (let ((?x963 (* 3 ?x962)))
 (let ((?x1025 (* 3 ?x772)))
 (let ((?x759 (* (- 1) ?x752)))
 (let ((?x846 (* z!1 x00)))
 (let ((?x856 (* 18 ?x846)))
 (let ((?x945 (* (- 36) ?x652)))
 (let ((?x1833 (* 12 ?x1821)))
 (let ((?x508 (* (- 18) ?x507)))
 (let ((?x1830 (* (- 12) ?x1092)))
 (let ((?x580 (* (- 72) y00)))
 (let ((?x2102 (* 72 y!2)))
 (let ((?x1115 (+ ?x903 ?x2102 ?x580 ?x637 (* (- 3) ?x1828) ?x2724 ?x1830 ?x508 (* (- 18) ?x2727) ?x1833 ?x852 ?x1462 ?x945 ?x856 (* 36 (* y!2 y00)) (* (- 3) ?x1172) (* 6 (* y!2 z00)) ?x759 ?x1025 (* 3 (* z!1 z00 x00)) (* (- 1) ?x1989) (* (- 3) (* x!3 z!1 z00)) (* 2 ?x2045) (* 18 (* y!2 x00)) ?x963 (* 18 ?x1817) ?x2349 (* (- 2) (* z!1 y00 y00)))))
 (let ((?x2715 (+ ?x903 ?x2102 ?x580 ?x637 ?x1827 (* (- 1) ?x1828) ?x1830 (* (- 1) ?x1831) ?x1833 ?x687 ?x1462 ?x623 ?x1963 ?x670 ?x856 (* 12 (* y!2 y00)) (* (- 6) (* y!2 z00)) ?x772 (* (- 18) ?x2488))))
 (let ((?x521 (* 6 ?x417)))
 (let (($x1826 (= (+ ?x903 ?x2102 ?x580 ?x510 ?x637 ?x1948 ?x521 ?x1094 ?x1120 ?x559 ?x2286) 0)))
 (let (($x1795 (and $x1528 $x1532 $x1826 (= ?x2715 0) (= ?x1115 0) (= ?x776 0) $x1793)))
 (let (($x1308 (exists ((x Int) (y Int) (z Int) (n Int) )(! (let ((?x2787 (* (- 1) (* z z00 z00 z00))))
 (let ((?x2661 (* z z z00 z00)))
 (let ((?x2670 (* 2 (* y z z00 z00))))
 (let ((?x2110 (* z z y00)))
 (let ((?x2452 (* (- 12) ?x2110)))
 (let ((?x1980 (* z z z)))
 (let ((?x2146 (* (- 4) ?x1980)))
 (let ((?x1979 (* y z z)))
 (let ((?x2155 (* (- 12) ?x1979)))
 (let ((?x1707 (* z z z00)))
 (let ((?x2381 (* (- 6) ?x1707)))
 (let ((?x1381 (* 108 (* x00 x00))))
 (let ((?x1374 (* 36 (* x z00 y00))))
 (let ((?x1278 (* 2 (* z00 z00 z00 x00))))
 (let ((?x1274 (* z00 z00 z00 y00)))
 (let ((?x1261 (* (- 216) (* x x00))))
 (let ((?x1184 (* (- 36) (* z00 y00 x00))))
 (let ((?x1158 (* (- 12) (* y y y00))))
 (let ((?x1098 (* 16 (* y00 y00 y00))))
 (let ((?x1022 (* y z y00)))
 (let ((?x2467 (* (- 24) ?x1022)))
 (let ((?x992 (* x y00)))
 (let ((?x1301 (* (- 216) ?x992)))
 (let ((?x962 (* z00 z00 x00)))
 (let ((?x1234 (* (- 18) ?x962)))
 (let ((?x958 (* y x00)))
 (let ((?x2603 (* (- 324) ?x958)))
 (let ((?x920 (* y y z00)))
 (let ((?x1121 (* (- 6) ?x920)))
 (let ((?x919 (* y y y)))
 (let ((?x941 (* (- 4) ?x919)))
 (let ((?x893 (* 108 (* x x))))
 (let ((?x868 (* (- 1) (* z00 z00 y00 y00))))
 (let ((?x783 (* x z00)))
 (let ((?x1360 (* (- 36) ?x783)))
 (let ((?x772 (* z00 z00 y00)))
 (let ((?x1335 (* (- 10) ?x772)))
 (let ((?x752 (* z00 y00 y00)))
 (let ((?x833 (* (- 12) ?x752)))
 (let ((?x720 (* y z00)))
 (let ((?x2735 (* (- 60) ?x720)))
 (let ((?x698 (* x z00 z00)))
 (let ((?x771 (* 18 ?x698)))
 (let ((?x690 (* y y00)))
 (let ((?x2651 (* (- 336) ?x690)))
 (let ((?x683 (* z x00)))
 (let ((?x2532 (* (- 108) ?x683)))
 (let ((?x652 (* y00 y00)))
 (let ((?x1134 (* 96 ?x652)))
 (let ((?x626 (* y y)))
 (let ((?x1950 (* 240 ?x626)))
 (let ((?x621 (* z00 x00)))
 (let ((?x578 (* 36 ?x621)))
 (let ((?x593 (* z z00)))
 (let ((?x2328 (* (- 24) ?x593)))
 (let ((?x703 (* (- 2) (* x z00 z00 z00))))
 (let ((?x564 (* x z)))
 (let ((?x971 (* 108 ?x564)))
 (let ((?x558 (* z00 y00)))
 (let ((?x976 (* 24 ?x558)))
 (let ((?x532 (* z y00)))
 (let ((?x2290 (* (- 120) ?x532)))
 (let ((?x507 (* y00 x00)))
 (let ((?x529 (* 216 ?x507)))
 (let ((?x212 (* y z00 z00 z00)))
 (let ((?x2794 (* (- 3) ?x212)))
 (let ((?x201 (* y y z00 z00)))
 (let ((?x135 (* y y z)))
 (let ((?x2154 (* (- 12) ?x135)))
 (let ((?x105 (* y z00 z00)))
 (let ((?x2767 (* 28 ?x105)))
 (let ((?x103 (* y z z00)))
 (let ((?x2396 (* (- 12) ?x103)))
 (let ((?x76 (* z z00 z00)))
 (let ((?x2754 (* 10 ?x76)))
 (let ((?x50 (* z z)))
 (let ((?x1873 (* 24 ?x50)))
 (let ((?x942 (+ ?x1873 ?x2754 ?x2396 ?x2767 ?x2154 ?x201 ?x2794 (* 156 (* y z)) (* 18 (* z z00 y00)) ?x529 (* 324 (* x y)) ?x2290 ?x976 ?x971 ?x703 ?x2328 ?x578 ?x1950 ?x1134 ?x2532 ?x2651 ?x771 ?x2735 ?x833 ?x1335 ?x1360 (* 54 (* y z00 y00)) ?x868 ?x893 ?x941 ?x1121 ?x2603 ?x1234 ?x1301 ?x2467 ?x1098 ?x1158 ?x1184 ?x1261 ?x1274 ?x1278 ?x1374 ?x1381 ?x2381 ?x2155 ?x2146 ?x2452 ?x2670 ?x2661 ?x2787)))
 (let ((?x2909 (* 7 (* x x z))))
 (let ((?x2906 (* 7 (* x x y))))
 (let ((?x2905 (* 7 ?x919)))
 (let ((?x2904 (* 7 ?x135)))
 (let ((?x1013 (+ ?x2904 ?x2905 (* 6 (* y y z n n)) (* 12 (* y y y n)) (* 6 (* y y y n n)) (* 12 (* x x z n)) (* 6 (* x x z n n)) (* 24 (* x y y n)) (* 12 (* x y y n n)) (* 12 (* y y z n)) (* 24 (* x y z n)) (* 12 (* x y z n n)) (* 6 (* x x y n n)) (* 12 (* x x y n)) ?x2906 (* 14 (* x y y)) ?x2909 (* 14 (* x y z)))))
 (let ((?x2250 (* (- 1) ?x2110)))
 (let ((?x2248 (* (- 1) ?x1980)))
 (let ((?x2247 (* (- 2) ?x1979)))
 (let ((?x2244 (* (- 2) ?x1707)))
 (let ((?x1036 (* z y00 y00)))
 (let ((?x1037 (* 2 ?x1036)))
 (let ((?x2241 (* (- 1) ?x1022)))
 (let ((?x2240 (* (- 18) ?x992)))
 (let ((?x2239 (* (- 3) ?x962)))
 (let ((?x2238 (* (- 2) ?x920)))
 (let ((?x894 (* x z z00)))
 (let ((?x895 (* 3 ?x894)))
 (let ((?x809 (* y z00 y00)))
 (let ((?x784 (* 18 ?x783)))
 (let ((?x2237 (* (- 3) ?x772)))
 (let ((?x2236 (* 12 ?x720)))
 (let ((?x699 (* 3 ?x698)))
 (let ((?x2235 (* (- 60) ?x690)))
 (let ((?x2233 (* 48 ?x652)))
 (let ((?x627 (* 12 ?x626)))
 (let ((?x1770 (* (- 18) ?x621)))
 (let ((?x606 (* (- 6) ?x593)))
 (let ((?x2231 (* 36 ?x564)))
 (let ((?x687 (* 6 ?x558)))
 (let ((?x526 (* x y)))
 (let ((?x528 (* 18 ?x526)))
 (let ((?x2228 (* 18 ?x507)))
 (let ((?x503 (* z z00 y00)))
 (let ((?x501 (* y z)))
 (let ((?x2227 (* 36 ?x501)))
 (let ((?x2226 (* (- 1) ?x135)))
 (let ((?x2225 (* 6 ?x105)))
 (let ((?x1769 (* (- 1) ?x103)))
 (let ((?x2183 (* 3 ?x76)))
 (let ((?x2001 (* 6 ?x50)))
 (let ((?x2037 (+ ?x2001 ?x2183 ?x1769 ?x2225 ?x2226 ?x2227 ?x503 ?x2228 ?x528 (* (- 54) ?x532) ?x687 ?x2231 ?x606 ?x1770 ?x627 ?x2233 (* (- 36) ?x683) ?x2235 ?x699 ?x2236 ?x752 ?x2237 (* (- 3) (* z z00 x00)) ?x784 ?x809 ?x895 ?x2238 (* (- 18) ?x958) ?x2239 ?x2240 ?x2241 ?x1037 ?x2244 ?x2247 ?x2248 ?x2250)))
 (let ((?x1778 (* (- 1) ?x1707)))
 (let ((?x1773 (* (- 1) ?x772)))
 (let ((?x1664 (* 18 ?x720)))
 (let ((?x1772 (* (- 12) ?x690)))
 (let ((?x654 (* 24 ?x652)))
 (let ((?x1771 (* (- 12) ?x626)))
 (let ((?x566 (* 18 ?x564)))
 (let ((?x1696 (+ ?x76 ?x1769 ?x105 (* 6 ?x501) ?x503 (* (- 24) ?x532) ?x566 ?x1770 ?x1771 ?x654 (* (- 18) ?x683) ?x1772 ?x1664 ?x1773 ?x784 ?x1778)))
 (let ((?x559 (* 18 ?x558)))
 (let ((?x545 (* (- 12) ?x532)))
 (let ((?x502 (* (- 6) ?x501)))
 (let ((?x417 (* z00 z00)))
 (let ((?x1466 (* 12 ?x417)))
 (let ((?x637 (* (- 108) x00)))
 (let ((?x55 (* z00 z00 z00)))
 (let ((?x510 (* (- 1) ?x55)))
 (let ((?x795 (* (- 6) ?x50)))
 (let ((?x1319 (* (- 144) y00)))
 (let ((?x1394 (* (- 36) z00)))
 (let ((?x64 (* 108 x)))
 (let ((?x531 (+ ?x64 (* 144 y) (* 36 z) ?x1394 ?x1319 ?x795 ?x510 ?x637 ?x76 ?x1466 ?x502 ?x545 ?x559 ?x606)))
 (let ((?x489 (* (- 1) ?x50)))
 (let ((?x488 (* (- 12) y00)))
 (let ((?x487 (* (- 6) z00)))
 (let ((?x46 (* 6 z)))
 (let ((?x45 (* 12 y)))
 (let (($x491 (= (+ ?x45 ?x46 ?x487 ?x488 ?x489 ?x417) 0)))
 (let (($x1175 (not $x491)))
 (let (($x409 (= (+ z (* (- 6) n) (* (- 1) z00) (* 6 n00)) 0)))
 (let (($x923 (not $x409)))
 (let (($x2761 (or $x923 $x1175 (not (= ?x531 0)) (not (= ?x1696 0)) (not (= ?x2037 0)) (not (= ?x942 0)) (not (= (* ?x1013 ?x942) 0)))))
 (let ((?x881 (* 24 ?x626)))
 (let ((?x1401 (+ (* 10 ?x105) ?x201 (* (- 1) ?x212) ?x529 (* 108 ?x526) ?x976 ?x703 ?x578 ?x881 ?x1134 (* (- 120) ?x690) ?x771 (* (- 24) ?x720) ?x833 ?x1335 ?x1360 (* 18 ?x809) ?x868 ?x893 ?x941 ?x1121 (* (- 108) ?x958) ?x1234 ?x1301 ?x1098 ?x1158 ?x1184 ?x1261 ?x1274 ?x1278 ?x1374 ?x1381)))
 (let (($x1406 (= ?x1401 0)))
 (let ((?x963 (* 3 ?x962)))
 (let ((?x1025 (* 3 ?x772)))
 (let ((?x759 (* (- 1) ?x752)))
 (let ((?x684 (* 18 ?x683)))
 (let ((?x945 (* (- 36) ?x652)))
 (let ((?x595 (* (- 18) ?x564)))
 (let ((?x852 (* (- 6) ?x558)))
 (let ((?x533 (* 12 ?x532)))
 (let ((?x508 (* (- 18) ?x507)))
 (let ((?x530 (* (- 12) ?x501)))
 (let ((?x580 (* (- 72) y00)))
 (let ((?x71 (* 72 y)))
 (let ((?x1081 (+ ?x64 ?x71 ?x580 ?x637 (* (- 3) ?x105) ?x135 ?x530 ?x508 (* (- 18) ?x526) ?x533 ?x852 ?x595 ?x945 ?x684 (* 36 ?x690) (* (- 3) ?x698) (* 6 ?x720) ?x759 ?x1025 (* 3 (* z z00 x00)) (* (- 1) ?x809) (* (- 3) ?x894) (* 2 ?x920) (* 18 ?x958) ?x963 (* 18 ?x992) ?x1022 (* (- 2) ?x1036))))
 (let (($x1088 (= ?x1081 0)))
 (let ((?x670 (* (- 24) ?x652)))
 (let ((?x623 (* 18 ?x621)))
 (let ((?x826 (+ ?x64 ?x71 ?x580 ?x637 ?x103 (* (- 1) ?x105) ?x530 (* (- 1) ?x503) ?x533 ?x687 ?x595 ?x623 ?x627 ?x670 ?x684 (* 12 ?x690) (* (- 6) ?x720) ?x772 (* (- 18) ?x783))))
 (let (($x831 (= ?x826 0)))
 (let ((?x521 (* 6 ?x417)))
 (let (($x658 (= (+ ?x64 ?x71 ?x580 ?x510 ?x637 ?x76 ?x521 ?x502 ?x545 ?x559 ?x606) 0)))
 (and $x409 $x491 $x658 $x831 $x1088 $x1406 $x2761)))))))))))))))))))))))))))))))))))))))))))))))))))))))))))))))))))))))))))))))))))))))))))))))))))))))))))))))))))))))))))))))))))))))))))))))))))))))))))))))))))))))))))))) :qid k!44))
 ))
 (let (($x2689 (exists ((x Int) (y Int) (z Int) (n Int) )(! (let ((?x1381 (* 108 (* x00 x00))))
 (let ((?x99 (* y00 z00 z00)))
 (let ((?x2604 (* (- 10) ?x99)))
 (let ((?x2520 (* 2 (* x00 z00 z00 z00))))
 (let ((?x196 (* y00 z00 z00 z00)))
 (let ((?x2093 (* x00 z00 z00)))
 (let ((?x2480 (* (- 18) ?x2093)))
 (let ((?x2426 (* (- 36) (* x00 y00 z00))))
 (let ((?x652 (* y00 y00)))
 (let ((?x1134 (* 96 ?x652)))
 (let ((?x1098 (* 16 (* y00 y00 y00))))
 (let ((?x2522 (* y00 z00)))
 (let ((?x2123 (* 24 ?x2522)))
 (let ((?x161 (* y00 y00 z00 z00)))
 (let ((?x851 (* (- 1) ?x161)))
 (let ((?x113 (* y00 y00 z00)))
 (let ((?x1729 (* (- 12) ?x113)))
 (let ((?x1628 (* x00 z00)))
 (let ((?x2708 (* 36 ?x1628)))
 (let ((?x638 (* x00 y00)))
 (let ((?x1188 (* 216 ?x638)))
 (let ((?x1797 (+ ?x1188 (* 108 (* (+ y z) (+ x y))) ?x2708 (* (- 2) (* z00 z00 z00 (+ x y))) (* 18 (* z00 z00 (+ x y))) ?x1729 ?x851 (* 24 (* (+ y z) (+ y z))) (* 108 (* (+ x y) (+ x y))) (* (- 4) (* (+ y z) (+ y z) (+ y z))) (* 18 (* y00 z00 (+ y z))) ?x2123 (* (- 120) (* y00 (+ y z))) (* (- 24) (* z00 (+ y z))) ?x1098 (* (- 6) (* z00 (+ y z) (+ y z))) ?x1134 (* (- 12) (* y00 (+ y z) (+ y z))) ?x2426 (* (- 108) (* x00 (+ y z))) ?x2480 (* (- 216) (* x00 (+ x y))) ?x196 ?x2520 (* (- 216) (* y00 (+ x y))) (* z00 z00 (+ y z) (+ y z)) ?x2604 (* (- 36) (* z00 (+ x y))) (* 36 (* y00 z00 (+ x y))) (* 10 (* z00 z00 (+ y z))) ?x1381 (* (- 1) (* z00 z00 z00 (+ y z))))))
 (let ((?x237 (+ x y)))
 (let ((?x223 (+ y z)))
 (let ((?x647 (+ 1 n)))
 (let ((?x1559 (* (+ (* 6 (* ?x647 ?x647 ?x223 ?x237 ?x237)) (* ?x223 ?x237 ?x237)) ?x1797)))
 (let (($x1560 (not (= ?x1559 0))))
 (let (($x1802 (not (= ?x1797 0))))
 (let ((?x1061 (* (- 3) ?x99)))
 (let ((?x74 (* 108 x00)))
 (let ((?x1898 (* (- 72) z)))
 (let ((?x67 (* 72 y00)))
 (let ((?x1872 (* (- 180) y)))
 (let ((?x2552 (* (- 108) x)))
 (let ((?x2319 (* (- 3) ?x2093)))
 (let ((?x1574 (+ 6 z)))
 (let ((?x2691 (* x00 ?x1574)))
 (let ((?x2293 (* (- 18) ?x2691)))
 (let ((?x2579 (* 36 ?x652)))
 (let ((?x2210 (* ?x1574 ?x223)))
 (let ((?x745 (* 12 ?x2210)))
 (let ((?x2737 (* z00 ?x223)))
 (let ((?x2758 (* (- 6) ?x2737)))
 (let ((?x836 (* 6 ?x2522)))
 (let ((?x2346 (* y00 ?x1574)))
 (let ((?x2380 (* (- 12) ?x2346)))
 (let ((?x612 (* y00 z00 ?x223)))
 (let ((?x2441 (* ?x1574 ?x237)))
 (let ((?x1855 (* 18 ?x2441)))
 (let ((?x2416 (* 18 ?x638)))
 (let ((?x1834 (+ ?x2416 (* 18 (* ?x223 ?x237)) ?x1855 (* 3 (* z00 z00 ?x237)) ?x113 (* (- 3) (* x00 z00 ?x1574)) ?x612 ?x2380 ?x836 (* (- 36) (* y00 ?x223)) ?x2758 ?x745 (* 3 (* z00 ?x1574 ?x237)) (* (- 2) (* z00 ?x223 ?x223)) ?x2579 ?x2293 (* (- 1) (* ?x1574 ?x223 ?x223)) (* (- 18) (* x00 ?x223)) ?x2319 ?x2552 ?x1872 ?x67 (* (- 18) (* y00 ?x237)) ?x1898 ?x74 (* (- 1) (* y00 ?x1574 ?x223)) ?x1061 (* 2 (* y00 y00 ?x1574)) (* 3 (* z00 z00 ?x223)))))
 (let ((?x954 (* z00 z00 ?x223)))
 (let ((?x2539 (* (- 1) ?x99)))
 (let ((?x2738 (* 6 ?x2737)))
 (let ((?x1818 (* (- 6) ?x2522)))
 (let ((?x654 (* 24 ?x652)))
 (let ((?x2395 (* (- 18) ?x1628)))
 (let ((?x1610 (* y00 z00 ?x1574)))
 (let ((?x2296 (+ ?x1610 ?x745 ?x1855 ?x2395 (* (- 12) (* ?x223 ?x223)) ?x654 ?x2293 ?x2380 ?x1818 (* (- 12) (* y00 ?x223)) ?x2552 ?x1872 ?x67 ?x2738 ?x1898 ?x74 ?x2539 (* 18 (* z00 ?x237)) (* (- 1) (* z00 ?x1574 ?x223)) ?x954)))
 (let ((?x2551 (* (- 18) ?x2522)))
 (let ((?x2350 (* 12 ?x2346)))
 (let ((?x417 (* z00 z00)))
 (let ((?x1823 (* (- 6) ?x417)))
 (let ((?x55 (* z00 z00 z00)))
 (let ((?x1943 (+ (* 6 ?x2210) ?x55 ?x1823 ?x2350 ?x2551 ?x2552 ?x1872 ?x67 (* 6 (* z00 ?x1574)) ?x1898 ?x74 (* (- 1) (* z00 z00 ?x1574)))))
 (let ((?x487 (* (- 6) z00)))
 (let ((?x45 (* 12 y)))
 (let ((?x488 (* (- 12) y00)))
 (let (($x1849 (= (+ ?x417 ?x488 ?x45 (* 18 z) ?x487 (* (- 1) (* ?x1574 ?x1574))) (- 36))))
 (let (($x1820 (= (+ z (* (- 1) z00) (* (- 6) n) (* 6 n00)) 0)))
 (let (($x1328 (or (not $x1820) (not $x1849) (not (= ?x1943 0)) (not (= ?x2296 0)) (not (= ?x1834 0)) $x1802 $x1560)))
 (let ((?x919 (* y y y)))
 (let ((?x941 (* (- 4) ?x919)))
 (let ((?x893 (* 108 (* x x))))
 (let ((?x626 (* y y)))
 (let ((?x881 (* 24 ?x626)))
 (let ((?x1890 (* y x)))
 (let ((?x1891 (* 108 ?x1890)))
 (let ((?x2679 (+ ?x1188 ?x1891 ?x2708 (* (- 2) (* z00 z00 z00 x)) (* 18 (* z00 z00 x)) ?x1729 ?x851 ?x881 ?x893 ?x941 (* 18 (* y00 z00 y)) ?x2123 (* (- 120) (* y00 y)) (* (- 24) (* z00 y)) ?x1098 (* (- 6) (* z00 y y)) ?x1134 (* (- 12) (* y00 y y)) ?x2426 (* (- 108) (* x00 y)) ?x2480 (* (- 216) (* x00 x)) ?x196 ?x2520 (* (- 216) (* y00 x)) (* z00 z00 y y) ?x2604 (* (- 36) (* z00 x)) (* 36 (* y00 z00 x)) (* 10 (* z00 z00 y)) ?x1381 (* (- 1) (* z00 z00 z00 y)))))
 (let (($x2684 (= ?x2679 0)))
 (let ((?x1200 (* (- 72) y)))
 (let ((?x2017 (* x00 y)))
 (let ((?x2249 (* (- 18) ?x2017)))
 (let ((?x1554 (* x00 z)))
 (let ((?x1777 (* (- 18) ?x1554)))
 (let ((?x1513 (* z y)))
 (let ((?x2557 (* 12 ?x1513)))
 (let ((?x441 (* z00 y)))
 (let ((?x2563 (* (- 6) ?x441)))
 (let ((?x1154 (* y00 z)))
 (let ((?x1225 (* (- 12) ?x1154)))
 (let ((?x1537 (* y00 z00 y)))
 (let ((?x838 (* z x)))
 (let ((?x828 (* 18 ?x838)))
 (let ((?x1189 (+ ?x2416 (* 18 ?x1890) ?x828 (* 3 (* z00 z00 x)) ?x113 (* (- 3) (* x00 z00 z)) ?x1537 ?x1225 ?x836 (* (- 36) (* y00 y)) ?x2563 ?x2557 (* 3 (* z00 z x)) (* (- 2) (* z00 y y)) ?x2579 ?x1777 (* (- 1) (* z y y)) ?x2249 ?x2319 ?x2552 ?x67 (* (- 18) (* y00 x)) ?x1200 ?x74 (* (- 1) (* y00 z y)) ?x1061 (* 2 (* y00 y00 z)) (* 3 (* z00 z00 y)))))
 (let ((?x1700 (* z00 z00 y)))
 (let ((?x442 (* 6 ?x441)))
 (let ((?x1771 (* (- 12) ?x626)))
 (let ((?x2637 (* y00 z00 z)))
 (let ((?x2474 (+ ?x2637 ?x2557 ?x828 ?x2395 ?x1771 ?x654 ?x1777 ?x1225 ?x1818 (* (- 12) (* y00 y)) ?x2552 ?x67 ?x442 ?x1200 ?x74 ?x2539 (* 18 (* z00 x)) (* (- 1) (* z00 z y)) ?x1700)))
 (let ((?x1190 (* 12 ?x1154)))
 (let ((?x1816 (+ (* 6 ?x1513) ?x55 ?x1823 ?x1190 ?x2551 ?x2552 ?x67 (* 6 (* z00 z)) ?x1200 ?x74 (* (- 1) (* z00 z00 z)))))
 (let (($x2693 (= (+ ?x417 ?x488 ?x45 (* 6 z) ?x487 (* (- 1) (* z z))) 0)))
 (and $x1820 $x2693 (= ?x1816 0) (= ?x2474 0) (= ?x1189 0) $x2684 $x1328)))))))))))))))))))))))))))))))))))))))))))))))))))))))))))))))))))))))))))))))))))))))))))))))))))))))) :qid k!44))
 ))
 (let ((?x1310 (lambda ((x Int) (y Int) (z Int) (n Int) )(let ((?x2787 (* (- 1) (* z z00 z00 z00))))
 (let ((?x2661 (* z z z00 z00)))
 (let ((?x2670 (* 2 (* y z z00 z00))))
 (let ((?x2110 (* z z y00)))
 (let ((?x2452 (* (- 12) ?x2110)))
 (let ((?x1980 (* z z z)))
 (let ((?x2146 (* (- 4) ?x1980)))
 (let ((?x1979 (* y z z)))
 (let ((?x2155 (* (- 12) ?x1979)))
 (let ((?x1707 (* z z z00)))
 (let ((?x2381 (* (- 6) ?x1707)))
 (let ((?x1381 (* 108 (* x00 x00))))
 (let ((?x1374 (* 36 (* x z00 y00))))
 (let ((?x1278 (* 2 (* z00 z00 z00 x00))))
 (let ((?x1274 (* z00 z00 z00 y00)))
 (let ((?x1261 (* (- 216) (* x x00))))
 (let ((?x1184 (* (- 36) (* z00 y00 x00))))
 (let ((?x1158 (* (- 12) (* y y y00))))
 (let ((?x1098 (* 16 (* y00 y00 y00))))
 (let ((?x1022 (* y z y00)))
 (let ((?x2467 (* (- 24) ?x1022)))
 (let ((?x992 (* x y00)))
 (let ((?x1301 (* (- 216) ?x992)))
 (let ((?x962 (* z00 z00 x00)))
 (let ((?x1234 (* (- 18) ?x962)))
 (let ((?x958 (* y x00)))
 (let ((?x2603 (* (- 324) ?x958)))
 (let ((?x920 (* y y z00)))
 (let ((?x1121 (* (- 6) ?x920)))
 (let ((?x919 (* y y y)))
 (let ((?x941 (* (- 4) ?x919)))
 (let ((?x893 (* 108 (* x x))))
 (let ((?x868 (* (- 1) (* z00 z00 y00 y00))))
 (let ((?x783 (* x z00)))
 (let ((?x1360 (* (- 36) ?x783)))
 (let ((?x772 (* z00 z00 y00)))
 (let ((?x1335 (* (- 10) ?x772)))
 (let ((?x752 (* z00 y00 y00)))
 (let ((?x833 (* (- 12) ?x752)))
 (let ((?x720 (* y z00)))
 (let ((?x2735 (* (- 60) ?x720)))
 (let ((?x698 (* x z00 z00)))
 (let ((?x771 (* 18 ?x698)))
 (let ((?x690 (* y y00)))
 (let ((?x2651 (* (- 336) ?x690)))
 (let ((?x683 (* z x00)))
 (let ((?x2532 (* (- 108) ?x683)))
 (let ((?x652 (* y00 y00)))
 (let ((?x1134 (* 96 ?x652)))
 (let ((?x626 (* y y)))
 (let ((?x1950 (* 240 ?x626)))
 (let ((?x621 (* z00 x00)))
 (let ((?x578 (* 36 ?x621)))
 (let ((?x593 (* z z00)))
 (let ((?x2328 (* (- 24) ?x593)))
 (let ((?x703 (* (- 2) (* x z00 z00 z00))))
 (let ((?x564 (* x z)))
 (let ((?x971 (* 108 ?x564)))
 (let ((?x558 (* z00 y00)))
 (let ((?x976 (* 24 ?x558)))
 (let ((?x532 (* z y00)))
 (let ((?x2290 (* (- 120) ?x532)))
 (let ((?x507 (* y00 x00)))
 (let ((?x529 (* 216 ?x507)))
 (let ((?x212 (* y z00 z00 z00)))
 (let ((?x2794 (* (- 3) ?x212)))
 (let ((?x201 (* y y z00 z00)))
 (let ((?x135 (* y y z)))
 (let ((?x2154 (* (- 12) ?x135)))
 (let ((?x105 (* y z00 z00)))
 (let ((?x2767 (* 28 ?x105)))
 (let ((?x103 (* y z z00)))
 (let ((?x2396 (* (- 12) ?x103)))
 (let ((?x76 (* z z00 z00)))
 (let ((?x2754 (* 10 ?x76)))
 (let ((?x50 (* z z)))
 (let ((?x1873 (* 24 ?x50)))
 (let ((?x942 (+ ?x1873 ?x2754 ?x2396 ?x2767 ?x2154 ?x201 ?x2794 (* 156 (* y z)) (* 18 (* z z00 y00)) ?x529 (* 324 (* x y)) ?x2290 ?x976 ?x971 ?x703 ?x2328 ?x578 ?x1950 ?x1134 ?x2532 ?x2651 ?x771 ?x2735 ?x833 ?x1335 ?x1360 (* 54 (* y z00 y00)) ?x868 ?x893 ?x941 ?x1121 ?x2603 ?x1234 ?x1301 ?x2467 ?x1098 ?x1158 ?x1184 ?x1261 ?x1274 ?x1278 ?x1374 ?x1381 ?x2381 ?x2155 ?x2146 ?x2452 ?x2670 ?x2661 ?x2787)))
 (let ((?x2909 (* 7 (* x x z))))
 (let ((?x2906 (* 7 (* x x y))))
 (let ((?x2905 (* 7 ?x919)))
 (let ((?x2904 (* 7 ?x135)))
 (let ((?x1013 (+ ?x2904 ?x2905 (* 6 (* y y z n n)) (* 12 (* y y y n)) (* 6 (* y y y n n)) (* 12 (* x x z n)) (* 6 (* x x z n n)) (* 24 (* x y y n)) (* 12 (* x y y n n)) (* 12 (* y y z n)) (* 24 (* x y z n)) (* 12 (* x y z n n)) (* 6 (* x x y n n)) (* 12 (* x x y n)) ?x2906 (* 14 (* x y y)) ?x2909 (* 14 (* x y z)))))
 (let ((?x2250 (* (- 1) ?x2110)))
 (let ((?x2248 (* (- 1) ?x1980)))
 (let ((?x2247 (* (- 2) ?x1979)))
 (let ((?x2244 (* (- 2) ?x1707)))
 (let ((?x1036 (* z y00 y00)))
 (let ((?x1037 (* 2 ?x1036)))
 (let ((?x2241 (* (- 1) ?x1022)))
 (let ((?x2240 (* (- 18) ?x992)))
 (let ((?x2239 (* (- 3) ?x962)))
 (let ((?x2238 (* (- 2) ?x920)))
 (let ((?x894 (* x z z00)))
 (let ((?x895 (* 3 ?x894)))
 (let ((?x809 (* y z00 y00)))
 (let ((?x784 (* 18 ?x783)))
 (let ((?x2237 (* (- 3) ?x772)))
 (let ((?x2236 (* 12 ?x720)))
 (let ((?x699 (* 3 ?x698)))
 (let ((?x2235 (* (- 60) ?x690)))
 (let ((?x2233 (* 48 ?x652)))
 (let ((?x627 (* 12 ?x626)))
 (let ((?x1770 (* (- 18) ?x621)))
 (let ((?x606 (* (- 6) ?x593)))
 (let ((?x2231 (* 36 ?x564)))
 (let ((?x687 (* 6 ?x558)))
 (let ((?x526 (* x y)))
 (let ((?x528 (* 18 ?x526)))
 (let ((?x2228 (* 18 ?x507)))
 (let ((?x503 (* z z00 y00)))
 (let ((?x501 (* y z)))
 (let ((?x2227 (* 36 ?x501)))
 (let ((?x2226 (* (- 1) ?x135)))
 (let ((?x2225 (* 6 ?x105)))
 (let ((?x1769 (* (- 1) ?x103)))
 (let ((?x2183 (* 3 ?x76)))
 (let ((?x2001 (* 6 ?x50)))
 (let ((?x2037 (+ ?x2001 ?x2183 ?x1769 ?x2225 ?x2226 ?x2227 ?x503 ?x2228 ?x528 (* (- 54) ?x532) ?x687 ?x2231 ?x606 ?x1770 ?x627 ?x2233 (* (- 36) ?x683) ?x2235 ?x699 ?x2236 ?x752 ?x2237 (* (- 3) (* z z00 x00)) ?x784 ?x809 ?x895 ?x2238 (* (- 18) ?x958) ?x2239 ?x2240 ?x2241 ?x1037 ?x2244 ?x2247 ?x2248 ?x2250)))
 (let ((?x1778 (* (- 1) ?x1707)))
 (let ((?x1773 (* (- 1) ?x772)))
 (let ((?x1664 (* 18 ?x720)))
 (let ((?x1772 (* (- 12) ?x690)))
 (let ((?x654 (* 24 ?x652)))
 (let ((?x1771 (* (- 12) ?x626)))
 (let ((?x566 (* 18 ?x564)))
 (let ((?x1696 (+ ?x76 ?x1769 ?x105 (* 6 ?x501) ?x503 (* (- 24) ?x532) ?x566 ?x1770 ?x1771 ?x654 (* (- 18) ?x683) ?x1772 ?x1664 ?x1773 ?x784 ?x1778)))
 (let ((?x559 (* 18 ?x558)))
 (let ((?x545 (* (- 12) ?x532)))
 (let ((?x502 (* (- 6) ?x501)))
 (let ((?x417 (* z00 z00)))
 (let ((?x1466 (* 12 ?x417)))
 (let ((?x637 (* (- 108) x00)))
 (let ((?x55 (* z00 z00 z00)))
 (let ((?x510 (* (- 1) ?x55)))
 (let ((?x795 (* (- 6) ?x50)))
 (let ((?x1319 (* (- 144) y00)))
 (let ((?x1394 (* (- 36) z00)))
 (let ((?x64 (* 108 x)))
 (let ((?x531 (+ ?x64 (* 144 y) (* 36 z) ?x1394 ?x1319 ?x795 ?x510 ?x637 ?x76 ?x1466 ?x502 ?x545 ?x559 ?x606)))
 (let ((?x489 (* (- 1) ?x50)))
 (let ((?x488 (* (- 12) y00)))
 (let ((?x487 (* (- 6) z00)))
 (let ((?x46 (* 6 z)))
 (let ((?x45 (* 12 y)))
 (let (($x491 (= (+ ?x45 ?x46 ?x487 ?x488 ?x489 ?x417) 0)))
 (let (($x1175 (not $x491)))
 (let (($x409 (= (+ z (* (- 6) n) (* (- 1) z00) (* 6 n00)) 0)))
 (let (($x923 (not $x409)))
 (let (($x2761 (or $x923 $x1175 (not (= ?x531 0)) (not (= ?x1696 0)) (not (= ?x2037 0)) (not (= ?x942 0)) (not (= (* ?x1013 ?x942) 0)))))
 (let ((?x881 (* 24 ?x626)))
 (let ((?x1401 (+ (* 10 ?x105) ?x201 (* (- 1) ?x212) ?x529 (* 108 ?x526) ?x976 ?x703 ?x578 ?x881 ?x1134 (* (- 120) ?x690) ?x771 (* (- 24) ?x720) ?x833 ?x1335 ?x1360 (* 18 ?x809) ?x868 ?x893 ?x941 ?x1121 (* (- 108) ?x958) ?x1234 ?x1301 ?x1098 ?x1158 ?x1184 ?x1261 ?x1274 ?x1278 ?x1374 ?x1381)))
 (let (($x1406 (= ?x1401 0)))
 (let ((?x963 (* 3 ?x962)))
 (let ((?x1025 (* 3 ?x772)))
 (let ((?x759 (* (- 1) ?x752)))
 (let ((?x684 (* 18 ?x683)))
 (let ((?x945 (* (- 36) ?x652)))
 (let ((?x595 (* (- 18) ?x564)))
 (let ((?x852 (* (- 6) ?x558)))
 (let ((?x533 (* 12 ?x532)))
 (let ((?x508 (* (- 18) ?x507)))
 (let ((?x530 (* (- 12) ?x501)))
 (let ((?x580 (* (- 72) y00)))
 (let ((?x71 (* 72 y)))
 (let ((?x1081 (+ ?x64 ?x71 ?x580 ?x637 (* (- 3) ?x105) ?x135 ?x530 ?x508 (* (- 18) ?x526) ?x533 ?x852 ?x595 ?x945 ?x684 (* 36 ?x690) (* (- 3) ?x698) (* 6 ?x720) ?x759 ?x1025 (* 3 (* z z00 x00)) (* (- 1) ?x809) (* (- 3) ?x894) (* 2 ?x920) (* 18 ?x958) ?x963 (* 18 ?x992) ?x1022 (* (- 2) ?x1036))))
 (let (($x1088 (= ?x1081 0)))
 (let ((?x670 (* (- 24) ?x652)))
 (let ((?x623 (* 18 ?x621)))
 (let ((?x826 (+ ?x64 ?x71 ?x580 ?x637 ?x103 (* (- 1) ?x105) ?x530 (* (- 1) ?x503) ?x533 ?x687 ?x595 ?x623 ?x627 ?x670 ?x684 (* 12 ?x690) (* (- 6) ?x720) ?x772 (* (- 18) ?x783))))
 (let (($x831 (= ?x826 0)))
 (let ((?x521 (* 6 ?x417)))
 (let (($x658 (= (+ ?x64 ?x71 ?x580 ?x510 ?x637 ?x76 ?x521 ?x502 ?x545 ?x559 ?x606) 0)))
 (let (($x1288 (and $x409 $x491 $x658 $x831 $x1088 $x1406 $x2761)))
 (let ((?x99 (* y00 z00 z00)))
 (let ((?x2604 (* (- 10) ?x99)))
 (let ((?x2520 (* 2 (* x00 z00 z00 z00))))
 (let ((?x196 (* y00 z00 z00 z00)))
 (let ((?x2093 (* x00 z00 z00)))
 (let ((?x2480 (* (- 18) ?x2093)))
 (let ((?x2426 (* (- 36) (* x00 y00 z00))))
 (let ((?x2522 (* y00 z00)))
 (let ((?x2123 (* 24 ?x2522)))
 (let ((?x161 (* y00 y00 z00 z00)))
 (let ((?x851 (* (- 1) ?x161)))
 (let ((?x113 (* y00 y00 z00)))
 (let ((?x1729 (* (- 12) ?x113)))
 (let ((?x1628 (* x00 z00)))
 (let ((?x2708 (* 36 ?x1628)))
 (let ((?x638 (* x00 y00)))
 (let ((?x1188 (* 216 ?x638)))
 (let ((?x1797 (+ ?x1188 (* 108 (* (+ y z) (+ x y))) ?x2708 (* (- 2) (* z00 z00 z00 (+ x y))) (* 18 (* z00 z00 (+ x y))) ?x1729 ?x851 (* 24 (* (+ y z) (+ y z))) (* 108 (* (+ x y) (+ x y))) (* (- 4) (* (+ y z) (+ y z) (+ y z))) (* 18 (* y00 z00 (+ y z))) ?x2123 (* (- 120) (* y00 (+ y z))) (* (- 24) (* z00 (+ y z))) ?x1098 (* (- 6) (* z00 (+ y z) (+ y z))) ?x1134 (* (- 12) (* y00 (+ y z) (+ y z))) ?x2426 (* (- 108) (* x00 (+ y z))) ?x2480 (* (- 216) (* x00 (+ x y))) ?x196 ?x2520 (* (- 216) (* y00 (+ x y))) (* z00 z00 (+ y z) (+ y z)) ?x2604 (* (- 36) (* z00 (+ x y))) (* 36 (* y00 z00 (+ x y))) (* 10 (* z00 z00 (+ y z))) ?x1381 (* (- 1) (* z00 z00 z00 (+ y z))))))
 (let ((?x237 (+ x y)))
 (let ((?x223 (+ y z)))
 (let ((?x647 (+ 1 n)))
 (let ((?x1559 (* (+ (* 6 (* ?x647 ?x647 ?x223 ?x237 ?x237)) (* ?x223 ?x237 ?x237)) ?x1797)))
 (let (($x1560 (not (= ?x1559 0))))
 (let (($x1802 (not (= ?x1797 0))))
 (let ((?x1061 (* (- 3) ?x99)))
 (let ((?x74 (* 108 x00)))
 (let ((?x1898 (* (- 72) z)))
 (let ((?x67 (* 72 y00)))
 (let ((?x1872 (* (- 180) y)))
 (let ((?x2552 (* (- 108) x)))
 (let ((?x2319 (* (- 3) ?x2093)))
 (let ((?x1574 (+ 6 z)))
 (let ((?x2691 (* x00 ?x1574)))
 (let ((?x2293 (* (- 18) ?x2691)))
 (let ((?x2579 (* 36 ?x652)))
 (let ((?x2210 (* ?x1574 ?x223)))
 (let ((?x745 (* 12 ?x2210)))
 (let ((?x2737 (* z00 ?x223)))
 (let ((?x2758 (* (- 6) ?x2737)))
 (let ((?x836 (* 6 ?x2522)))
 (let ((?x2346 (* y00 ?x1574)))
 (let ((?x2380 (* (- 12) ?x2346)))
 (let ((?x612 (* y00 z00 ?x223)))
 (let ((?x2441 (* ?x1574 ?x237)))
 (let ((?x1855 (* 18 ?x2441)))
 (let ((?x2416 (* 18 ?x638)))
 (let ((?x1834 (+ ?x2416 (* 18 (* ?x223 ?x237)) ?x1855 (* 3 (* z00 z00 ?x237)) ?x113 (* (- 3) (* x00 z00 ?x1574)) ?x612 ?x2380 ?x836 (* (- 36) (* y00 ?x223)) ?x2758 ?x745 (* 3 (* z00 ?x1574 ?x237)) (* (- 2) (* z00 ?x223 ?x223)) ?x2579 ?x2293 (* (- 1) (* ?x1574 ?x223 ?x223)) (* (- 18) (* x00 ?x223)) ?x2319 ?x2552 ?x1872 ?x67 (* (- 18) (* y00 ?x237)) ?x1898 ?x74 (* (- 1) (* y00 ?x1574 ?x223)) ?x1061 (* 2 (* y00 y00 ?x1574)) (* 3 (* z00 z00 ?x223)))))
 (let ((?x954 (* z00 z00 ?x223)))
 (let ((?x2539 (* (- 1) ?x99)))
 (let ((?x2738 (* 6 ?x2737)))
 (let ((?x1818 (* (- 6) ?x2522)))
 (let ((?x2395 (* (- 18) ?x1628)))
 (let ((?x1610 (* y00 z00 ?x1574)))
 (let ((?x2296 (+ ?x1610 ?x745 ?x1855 ?x2395 (* (- 12) (* ?x223 ?x223)) ?x654 ?x2293 ?x2380 ?x1818 (* (- 12) (* y00 ?x223)) ?x2552 ?x1872 ?x67 ?x2738 ?x1898 ?x74 ?x2539 (* 18 (* z00 ?x237)) (* (- 1) (* z00 ?x1574 ?x223)) ?x954)))
 (let ((?x2551 (* (- 18) ?x2522)))
 (let ((?x2350 (* 12 ?x2346)))
 (let ((?x1823 (* (- 6) ?x417)))
 (let ((?x1943 (+ (* 6 ?x2210) ?x55 ?x1823 ?x2350 ?x2551 ?x2552 ?x1872 ?x67 (* 6 (* z00 ?x1574)) ?x1898 ?x74 (* (- 1) (* z00 z00 ?x1574)))))
 (let (($x1849 (= (+ ?x417 ?x488 ?x45 (* 18 z) ?x487 (* (- 1) (* ?x1574 ?x1574))) (- 36))))
 (let (($x1820 (= (+ z (* (- 1) z00) (* (- 6) n) (* 6 n00)) 0)))
 (let (($x1328 (or (not $x1820) (not $x1849) (not (= ?x1943 0)) (not (= ?x2296 0)) (not (= ?x1834 0)) $x1802 $x1560)))
 (let ((?x1890 (* y x)))
 (let ((?x1891 (* 108 ?x1890)))
 (let ((?x2679 (+ ?x1188 ?x1891 ?x2708 (* (- 2) (* z00 z00 z00 x)) (* 18 (* z00 z00 x)) ?x1729 ?x851 ?x881 ?x893 ?x941 (* 18 (* y00 z00 y)) ?x2123 (* (- 120) (* y00 y)) (* (- 24) (* z00 y)) ?x1098 (* (- 6) (* z00 y y)) ?x1134 (* (- 12) (* y00 y y)) ?x2426 (* (- 108) (* x00 y)) ?x2480 (* (- 216) (* x00 x)) ?x196 ?x2520 (* (- 216) (* y00 x)) (* z00 z00 y y) ?x2604 (* (- 36) (* z00 x)) (* 36 (* y00 z00 x)) (* 10 (* z00 z00 y)) ?x1381 (* (- 1) (* z00 z00 z00 y)))))
 (let (($x2684 (= ?x2679 0)))
 (let ((?x1200 (* (- 72) y)))
 (let ((?x2017 (* x00 y)))
 (let ((?x2249 (* (- 18) ?x2017)))
 (let ((?x1554 (* x00 z)))
 (let ((?x1777 (* (- 18) ?x1554)))
 (let ((?x1513 (* z y)))
 (let ((?x2557 (* 12 ?x1513)))
 (let ((?x441 (* z00 y)))
 (let ((?x2563 (* (- 6) ?x441)))
 (let ((?x1154 (* y00 z)))
 (let ((?x1225 (* (- 12) ?x1154)))
 (let ((?x1537 (* y00 z00 y)))
 (let ((?x838 (* z x)))
 (let ((?x828 (* 18 ?x838)))
 (let ((?x1189 (+ ?x2416 (* 18 ?x1890) ?x828 (* 3 (* z00 z00 x)) ?x113 (* (- 3) (* x00 z00 z)) ?x1537 ?x1225 ?x836 (* (- 36) (* y00 y)) ?x2563 ?x2557 (* 3 (* z00 z x)) (* (- 2) (* z00 y y)) ?x2579 ?x1777 (* (- 1) (* z y y)) ?x2249 ?x2319 ?x2552 ?x67 (* (- 18) (* y00 x)) ?x1200 ?x74 (* (- 1) (* y00 z y)) ?x1061 (* 2 (* y00 y00 z)) (* 3 (* z00 z00 y)))))
 (let ((?x1700 (* z00 z00 y)))
 (let ((?x442 (* 6 ?x441)))
 (let ((?x2637 (* y00 z00 z)))
 (let ((?x2474 (+ ?x2637 ?x2557 ?x828 ?x2395 ?x1771 ?x654 ?x1777 ?x1225 ?x1818 (* (- 12) (* y00 y)) ?x2552 ?x67 ?x442 ?x1200 ?x74 ?x2539 (* 18 (* z00 x)) (* (- 1) (* z00 z y)) ?x1700)))
 (let ((?x1190 (* 12 ?x1154)))
 (let ((?x1816 (+ (* 6 ?x1513) ?x55 ?x1823 ?x1190 ?x2551 ?x2552 ?x67 (* 6 (* z00 z)) ?x1200 ?x74 (* (- 1) (* z00 z00 z)))))
 (let (($x1179 (and $x1820 (= (+ ?x417 ?x488 ?x45 ?x46 ?x487 ?x489) 0) (= ?x1816 0) (= ?x2474 0) (= ?x1189 0) $x2684 $x1328)))
 (rewrite (= $x1179 $x1288))))))))))))))))))))))))))))))))))))))))))))))))))))))))))))))))))))))))))))))))))))))))))))))))))))))))))))))))))))))))))))))))))))))))))))))))))))))))))))))))))))))))))))))))))))))))))))))))))))))))))))))))))))))))))))))))))))))))))))))))))))))))))))))))))))))))
 ))
 (let (($x1805 (exists ((x Int) (y Int) (z Int) (n Int) )(! (let ((?x1381 (* 108 (* x00 x00))))
 (let ((?x99 (* y00 z00 z00)))
 (let ((?x2604 (* (- 10) ?x99)))
 (let ((?x2520 (* 2 (* x00 z00 z00 z00))))
 (let ((?x196 (* y00 z00 z00 z00)))
 (let ((?x2093 (* x00 z00 z00)))
 (let ((?x2480 (* (- 18) ?x2093)))
 (let ((?x2426 (* (- 36) (* x00 y00 z00))))
 (let ((?x652 (* y00 y00)))
 (let ((?x1134 (* 96 ?x652)))
 (let ((?x1098 (* 16 (* y00 y00 y00))))
 (let ((?x2522 (* y00 z00)))
 (let ((?x2123 (* 24 ?x2522)))
 (let ((?x161 (* y00 y00 z00 z00)))
 (let ((?x851 (* (- 1) ?x161)))
 (let ((?x113 (* y00 y00 z00)))
 (let ((?x1729 (* (- 12) ?x113)))
 (let ((?x1628 (* x00 z00)))
 (let ((?x2708 (* 36 ?x1628)))
 (let ((?x638 (* x00 y00)))
 (let ((?x1188 (* 216 ?x638)))
 (let ((?x1797 (+ ?x1188 (* 108 (* (+ y z) (+ x y))) ?x2708 (* (- 2) (* z00 z00 z00 (+ x y))) (* 18 (* z00 z00 (+ x y))) ?x1729 ?x851 (* 24 (* (+ y z) (+ y z))) (* 108 (* (+ x y) (+ x y))) (* (- 4) (* (+ y z) (+ y z) (+ y z))) (* 18 (* y00 z00 (+ y z))) ?x2123 (* (- 120) (* y00 (+ y z))) (* (- 24) (* z00 (+ y z))) ?x1098 (* (- 6) (* z00 (+ y z) (+ y z))) ?x1134 (* (- 12) (* y00 (+ y z) (+ y z))) ?x2426 (* (- 108) (* x00 (+ y z))) ?x2480 (* (- 216) (* x00 (+ x y))) ?x196 ?x2520 (* (- 216) (* y00 (+ x y))) (* z00 z00 (+ y z) (+ y z)) ?x2604 (* (- 36) (* z00 (+ x y))) (* 36 (* y00 z00 (+ x y))) (* 10 (* z00 z00 (+ y z))) ?x1381 (* (- 1) (* z00 z00 z00 (+ y z))))))
 (let ((?x237 (+ x y)))
 (let ((?x223 (+ y z)))
 (let ((?x647 (+ 1 n)))
 (let ((?x1559 (* (+ (* 6 (* ?x647 ?x647 ?x223 ?x237 ?x237)) (* ?x223 ?x237 ?x237)) ?x1797)))
 (let (($x1560 (not (= ?x1559 0))))
 (let (($x1802 (not (= ?x1797 0))))
 (let ((?x2279 (* 3 ?x99)))
 (let ((?x1574 (+ 6 z)))
 (let ((?x1149 (* y00 ?x1574 ?x223)))
 (let ((?x637 (* (- 108) x00)))
 (let ((?x1418 (* 72 z)))
 (let ((?x580 (* (- 72) y00)))
 (let ((?x1426 (* 180 y)))
 (let ((?x64 (* 108 x)))
 (let ((?x2098 (* 3 ?x2093)))
 (let ((?x1450 (* ?x1574 ?x223 ?x223)))
 (let ((?x2691 (* x00 ?x1574)))
 (let ((?x2692 (* 18 ?x2691)))
 (let ((?x945 (* (- 36) ?x652)))
 (let ((?x2210 (* ?x1574 ?x223)))
 (let ((?x2379 (* (- 12) ?x2210)))
 (let ((?x2737 (* z00 ?x223)))
 (let ((?x2738 (* 6 ?x2737)))
 (let ((?x1818 (* (- 6) ?x2522)))
 (let ((?x2346 (* y00 ?x1574)))
 (let ((?x2350 (* 12 ?x2346)))
 (let ((?x2212 (* (- 1) ?x113)))
 (let ((?x2441 (* ?x1574 ?x237)))
 (let ((?x2502 (* (- 18) ?x2441)))
 (let ((?x639 (* (- 18) ?x638)))
 (let ((?x1861 (+ ?x639 (* (- 18) (* ?x223 ?x237)) ?x2502 (* (- 3) (* z00 z00 ?x237)) ?x2212 (* 3 (* x00 z00 ?x1574)) (* (- 1) (* y00 z00 ?x223)) ?x2350 ?x1818 (* 36 (* y00 ?x223)) ?x2738 ?x2379 (* (- 3) (* z00 ?x1574 ?x237)) (* 2 (* z00 ?x223 ?x223)) ?x945 ?x2692 ?x1450 (* 18 (* x00 ?x223)) ?x2098 ?x64 ?x1426 ?x580 (* 18 (* y00 ?x237)) ?x1418 ?x637 ?x1149 ?x2279 (* (- 2) (* y00 y00 ?x1574)) (* (- 3) (* z00 z00 ?x223)))))
 (let ((?x1284 (* z00 ?x1574 ?x223)))
 (let ((?x2758 (* (- 6) ?x2737)))
 (let ((?x836 (* 6 ?x2522)))
 (let ((?x670 (* (- 24) ?x652)))
 (let ((?x1643 (* 18 ?x1628)))
 (let ((?x1986 (+ (* (- 1) (* y00 z00 ?x1574)) ?x2379 ?x2502 ?x1643 (* 12 (* ?x223 ?x223)) ?x670 ?x2692 ?x2350 ?x836 (* 12 (* y00 ?x223)) ?x64 ?x1426 ?x580 ?x2758 ?x1418 ?x637 ?x99 (* (- 18) (* z00 ?x237)) ?x1284 (* (- 1) (* z00 z00 ?x223)))))
 (let ((?x2662 (* z00 z00 ?x1574)))
 (let ((?x2503 (* 18 ?x2522)))
 (let ((?x2380 (* (- 12) ?x2346)))
 (let ((?x417 (* z00 z00)))
 (let ((?x521 (* 6 ?x417)))
 (let ((?x55 (* z00 z00 z00)))
 (let ((?x510 (* (- 1) ?x55)))
 (let ((?x2676 (+ (* (- 6) ?x2210) ?x510 ?x521 ?x2380 ?x2503 ?x64 ?x1426 ?x580 (* (- 6) (* z00 ?x1574)) ?x1418 ?x637 ?x2662)))
 (let ((?x2348 (* ?x1574 ?x1574)))
 (let ((?x49 (* 6 z00)))
 (let ((?x1289 (* (- 12) y)))
 (let ((?x43 (* 12 y00)))
 (let ((?x577 (* (- 1) ?x417)))
 (let (($x1144 (= (+ (* (- 1) z) z00 (* 6 n) (* (- 6) n00)) 0)))
 (let (($x1304 (or (not $x1144) (not (= (+ ?x577 ?x43 ?x1289 (* (- 18) z) ?x49 ?x2348) 36)) (not (= ?x2676 0)) (not (= ?x1986 0)) (not (= ?x1861 0)) $x1802 $x1560)))
 (let ((?x919 (* y y y)))
 (let ((?x941 (* (- 4) ?x919)))
 (let ((?x893 (* 108 (* x x))))
 (let ((?x626 (* y y)))
 (let ((?x881 (* 24 ?x626)))
 (let ((?x1890 (* y x)))
 (let ((?x1891 (* 108 ?x1890)))
 (let ((?x2679 (+ ?x1188 ?x1891 ?x2708 (* (- 2) (* z00 z00 z00 x)) (* 18 (* z00 z00 x)) ?x1729 ?x851 ?x881 ?x893 ?x941 (* 18 (* y00 z00 y)) ?x2123 (* (- 120) (* y00 y)) (* (- 24) (* z00 y)) ?x1098 (* (- 6) (* z00 y y)) ?x1134 (* (- 12) (* y00 y y)) ?x2426 (* (- 108) (* x00 y)) ?x2480 (* (- 216) (* x00 x)) ?x196 ?x2520 (* (- 216) (* y00 x)) (* z00 z00 y y) ?x2604 (* (- 36) (* z00 x)) (* 36 (* y00 z00 x)) (* 10 (* z00 z00 y)) ?x1381 (* (- 1) (* z00 z00 z00 y)))))
 (let (($x2684 (= ?x2679 0)))
 (let ((?x2276 (* y00 z y)))
 (let ((?x71 (* 72 y)))
 (let ((?x2077 (* z y y)))
 (let ((?x1554 (* x00 z)))
 (let ((?x807 (* 18 ?x1554)))
 (let ((?x1513 (* z y)))
 (let ((?x1775 (* (- 12) ?x1513)))
 (let ((?x441 (* z00 y)))
 (let ((?x442 (* 6 ?x441)))
 (let ((?x1154 (* y00 z)))
 (let ((?x1190 (* 12 ?x1154)))
 (let ((?x838 (* z x)))
 (let ((?x723 (* (- 18) ?x838)))
 (let ((?x2339 (+ ?x639 (* (- 18) ?x1890) ?x723 (* (- 3) (* z00 z00 x)) ?x2212 (* 3 (* x00 z00 z)) (* (- 1) (* y00 z00 y)) ?x1190 ?x1818 (* 36 (* y00 y)) ?x442 ?x1775 (* (- 3) (* z00 z x)) (* 2 (* z00 y y)) ?x945 ?x807 ?x2077 (* 18 (* x00 y)) ?x2098 ?x64 ?x580 (* 18 (* y00 x)) ?x71 ?x637 ?x2276 ?x2279 (* (- 2) (* y00 y00 z)) (* (- 3) (* z00 z00 y)))))
 (let ((?x1630 (* z00 z y)))
 (let ((?x2563 (* (- 6) ?x441)))
 (let ((?x627 (* 12 ?x626)))
 (let ((?x1733 (+ (* (- 1) (* y00 z00 z)) ?x1775 ?x723 ?x1643 ?x627 ?x670 ?x807 ?x1190 ?x836 (* 12 (* y00 y)) ?x64 ?x580 ?x2563 ?x71 ?x637 ?x99 (* (- 18) (* z00 x)) ?x1630 (* (- 1) (* z00 z00 y)))))
 (let ((?x726 (* z00 z00 z)))
 (let ((?x1225 (* (- 12) ?x1154)))
 (let ((?x732 (+ (* (- 6) ?x1513) ?x510 ?x521 ?x1225 ?x2503 ?x64 ?x580 (* (- 6) (* z00 z)) ?x71 ?x637 ?x726)))
 (and $x1144 (= (+ ?x577 ?x43 ?x1289 (* (- 6) z) ?x49 (* z z)) 0) (= ?x732 0) (= ?x1733 0) (= ?x2339 0) $x2684 $x1304))))))))))))))))))))))))))))))))))))))))))))))))))))))))))))))))))))))))))))))))))))))))))))))))))))))))) :qid k!44))
 ))
 (let ((?x1166 (lambda ((x Int) (y Int) (z Int) (n Int) )(let ((?x1381 (* 108 (* x00 x00))))
 (let ((?x99 (* y00 z00 z00)))
 (let ((?x2604 (* (- 10) ?x99)))
 (let ((?x2520 (* 2 (* x00 z00 z00 z00))))
 (let ((?x196 (* y00 z00 z00 z00)))
 (let ((?x2093 (* x00 z00 z00)))
 (let ((?x2480 (* (- 18) ?x2093)))
 (let ((?x2426 (* (- 36) (* x00 y00 z00))))
 (let ((?x652 (* y00 y00)))
 (let ((?x1134 (* 96 ?x652)))
 (let ((?x1098 (* 16 (* y00 y00 y00))))
 (let ((?x2522 (* y00 z00)))
 (let ((?x2123 (* 24 ?x2522)))
 (let ((?x161 (* y00 y00 z00 z00)))
 (let ((?x851 (* (- 1) ?x161)))
 (let ((?x113 (* y00 y00 z00)))
 (let ((?x1729 (* (- 12) ?x113)))
 (let ((?x1628 (* x00 z00)))
 (let ((?x2708 (* 36 ?x1628)))
 (let ((?x638 (* x00 y00)))
 (let ((?x1188 (* 216 ?x638)))
 (let ((?x1797 (+ ?x1188 (* 108 (* (+ y z) (+ x y))) ?x2708 (* (- 2) (* z00 z00 z00 (+ x y))) (* 18 (* z00 z00 (+ x y))) ?x1729 ?x851 (* 24 (* (+ y z) (+ y z))) (* 108 (* (+ x y) (+ x y))) (* (- 4) (* (+ y z) (+ y z) (+ y z))) (* 18 (* y00 z00 (+ y z))) ?x2123 (* (- 120) (* y00 (+ y z))) (* (- 24) (* z00 (+ y z))) ?x1098 (* (- 6) (* z00 (+ y z) (+ y z))) ?x1134 (* (- 12) (* y00 (+ y z) (+ y z))) ?x2426 (* (- 108) (* x00 (+ y z))) ?x2480 (* (- 216) (* x00 (+ x y))) ?x196 ?x2520 (* (- 216) (* y00 (+ x y))) (* z00 z00 (+ y z) (+ y z)) ?x2604 (* (- 36) (* z00 (+ x y))) (* 36 (* y00 z00 (+ x y))) (* 10 (* z00 z00 (+ y z))) ?x1381 (* (- 1) (* z00 z00 z00 (+ y z))))))
 (let ((?x237 (+ x y)))
 (let ((?x223 (+ y z)))
 (let ((?x647 (+ 1 n)))
 (let ((?x1559 (* (+ (* 6 (* ?x647 ?x647 ?x223 ?x237 ?x237)) (* ?x223 ?x237 ?x237)) ?x1797)))
 (let (($x1560 (not (= ?x1559 0))))
 (let (($x1802 (not (= ?x1797 0))))
 (let ((?x1061 (* (- 3) ?x99)))
 (let ((?x74 (* 108 x00)))
 (let ((?x1898 (* (- 72) z)))
 (let ((?x67 (* 72 y00)))
 (let ((?x1872 (* (- 180) y)))
 (let ((?x2552 (* (- 108) x)))
 (let ((?x2319 (* (- 3) ?x2093)))
 (let ((?x1574 (+ 6 z)))
 (let ((?x2691 (* x00 ?x1574)))
 (let ((?x2293 (* (- 18) ?x2691)))
 (let ((?x2579 (* 36 ?x652)))
 (let ((?x2210 (* ?x1574 ?x223)))
 (let ((?x745 (* 12 ?x2210)))
 (let ((?x2737 (* z00 ?x223)))
 (let ((?x2758 (* (- 6) ?x2737)))
 (let ((?x836 (* 6 ?x2522)))
 (let ((?x2346 (* y00 ?x1574)))
 (let ((?x2380 (* (- 12) ?x2346)))
 (let ((?x612 (* y00 z00 ?x223)))
 (let ((?x2441 (* ?x1574 ?x237)))
 (let ((?x1855 (* 18 ?x2441)))
 (let ((?x2416 (* 18 ?x638)))
 (let ((?x1834 (+ ?x2416 (* 18 (* ?x223 ?x237)) ?x1855 (* 3 (* z00 z00 ?x237)) ?x113 (* (- 3) (* x00 z00 ?x1574)) ?x612 ?x2380 ?x836 (* (- 36) (* y00 ?x223)) ?x2758 ?x745 (* 3 (* z00 ?x1574 ?x237)) (* (- 2) (* z00 ?x223 ?x223)) ?x2579 ?x2293 (* (- 1) (* ?x1574 ?x223 ?x223)) (* (- 18) (* x00 ?x223)) ?x2319 ?x2552 ?x1872 ?x67 (* (- 18) (* y00 ?x237)) ?x1898 ?x74 (* (- 1) (* y00 ?x1574 ?x223)) ?x1061 (* 2 (* y00 y00 ?x1574)) (* 3 (* z00 z00 ?x223)))))
 (let ((?x954 (* z00 z00 ?x223)))
 (let ((?x2539 (* (- 1) ?x99)))
 (let ((?x2738 (* 6 ?x2737)))
 (let ((?x1818 (* (- 6) ?x2522)))
 (let ((?x654 (* 24 ?x652)))
 (let ((?x2395 (* (- 18) ?x1628)))
 (let ((?x1610 (* y00 z00 ?x1574)))
 (let ((?x2296 (+ ?x1610 ?x745 ?x1855 ?x2395 (* (- 12) (* ?x223 ?x223)) ?x654 ?x2293 ?x2380 ?x1818 (* (- 12) (* y00 ?x223)) ?x2552 ?x1872 ?x67 ?x2738 ?x1898 ?x74 ?x2539 (* 18 (* z00 ?x237)) (* (- 1) (* z00 ?x1574 ?x223)) ?x954)))
 (let ((?x2551 (* (- 18) ?x2522)))
 (let ((?x2350 (* 12 ?x2346)))
 (let ((?x417 (* z00 z00)))
 (let ((?x1823 (* (- 6) ?x417)))
 (let ((?x55 (* z00 z00 z00)))
 (let ((?x1943 (+ (* 6 ?x2210) ?x55 ?x1823 ?x2350 ?x2551 ?x2552 ?x1872 ?x67 (* 6 (* z00 ?x1574)) ?x1898 ?x74 (* (- 1) (* z00 z00 ?x1574)))))
 (let ((?x487 (* (- 6) z00)))
 (let ((?x45 (* 12 y)))
 (let ((?x488 (* (- 12) y00)))
 (let (($x1849 (= (+ ?x417 ?x488 ?x45 (* 18 z) ?x487 (* (- 1) (* ?x1574 ?x1574))) (- 36))))
 (let (($x1820 (= (+ z (* (- 1) z00) (* (- 6) n) (* 6 n00)) 0)))
 (let (($x1328 (or (not $x1820) (not $x1849) (not (= ?x1943 0)) (not (= ?x2296 0)) (not (= ?x1834 0)) $x1802 $x1560)))
 (let ((?x919 (* y y y)))
 (let ((?x941 (* (- 4) ?x919)))
 (let ((?x893 (* 108 (* x x))))
 (let ((?x626 (* y y)))
 (let ((?x881 (* 24 ?x626)))
 (let ((?x1890 (* y x)))
 (let ((?x1891 (* 108 ?x1890)))
 (let ((?x2679 (+ ?x1188 ?x1891 ?x2708 (* (- 2) (* z00 z00 z00 x)) (* 18 (* z00 z00 x)) ?x1729 ?x851 ?x881 ?x893 ?x941 (* 18 (* y00 z00 y)) ?x2123 (* (- 120) (* y00 y)) (* (- 24) (* z00 y)) ?x1098 (* (- 6) (* z00 y y)) ?x1134 (* (- 12) (* y00 y y)) ?x2426 (* (- 108) (* x00 y)) ?x2480 (* (- 216) (* x00 x)) ?x196 ?x2520 (* (- 216) (* y00 x)) (* z00 z00 y y) ?x2604 (* (- 36) (* z00 x)) (* 36 (* y00 z00 x)) (* 10 (* z00 z00 y)) ?x1381 (* (- 1) (* z00 z00 z00 y)))))
 (let (($x2684 (= ?x2679 0)))
 (let ((?x1200 (* (- 72) y)))
 (let ((?x2017 (* x00 y)))
 (let ((?x2249 (* (- 18) ?x2017)))
 (let ((?x1554 (* x00 z)))
 (let ((?x1777 (* (- 18) ?x1554)))
 (let ((?x1513 (* z y)))
 (let ((?x2557 (* 12 ?x1513)))
 (let ((?x441 (* z00 y)))
 (let ((?x2563 (* (- 6) ?x441)))
 (let ((?x1154 (* y00 z)))
 (let ((?x1225 (* (- 12) ?x1154)))
 (let ((?x1537 (* y00 z00 y)))
 (let ((?x838 (* z x)))
 (let ((?x828 (* 18 ?x838)))
 (let ((?x1189 (+ ?x2416 (* 18 ?x1890) ?x828 (* 3 (* z00 z00 x)) ?x113 (* (- 3) (* x00 z00 z)) ?x1537 ?x1225 ?x836 (* (- 36) (* y00 y)) ?x2563 ?x2557 (* 3 (* z00 z x)) (* (- 2) (* z00 y y)) ?x2579 ?x1777 (* (- 1) (* z y y)) ?x2249 ?x2319 ?x2552 ?x67 (* (- 18) (* y00 x)) ?x1200 ?x74 (* (- 1) (* y00 z y)) ?x1061 (* 2 (* y00 y00 z)) (* 3 (* z00 z00 y)))))
 (let ((?x1700 (* z00 z00 y)))
 (let ((?x442 (* 6 ?x441)))
 (let ((?x1771 (* (- 12) ?x626)))
 (let ((?x2637 (* y00 z00 z)))
 (let ((?x2474 (+ ?x2637 ?x2557 ?x828 ?x2395 ?x1771 ?x654 ?x1777 ?x1225 ?x1818 (* (- 12) (* y00 y)) ?x2552 ?x67 ?x442 ?x1200 ?x74 ?x2539 (* 18 (* z00 x)) (* (- 1) (* z00 z y)) ?x1700)))
 (let ((?x1190 (* 12 ?x1154)))
 (let ((?x1816 (+ (* 6 ?x1513) ?x55 ?x1823 ?x1190 ?x2551 ?x2552 ?x67 (* 6 (* z00 z)) ?x1200 ?x74 (* (- 1) (* z00 z00 z)))))
 (let (($x2693 (= (+ ?x417 ?x488 ?x45 (* 6 z) ?x487 (* (- 1) (* z z))) 0)))
 (let (($x1179 (and $x1820 $x2693 (= ?x1816 0) (= ?x2474 0) (= ?x1189 0) $x2684 $x1328)))
 (let ((?x2279 (* 3 ?x99)))
 (let ((?x1149 (* y00 ?x1574 ?x223)))
 (let ((?x637 (* (- 108) x00)))
 (let ((?x1418 (* 72 z)))
 (let ((?x580 (* (- 72) y00)))
 (let ((?x1426 (* 180 y)))
 (let ((?x64 (* 108 x)))
 (let ((?x2098 (* 3 ?x2093)))
 (let ((?x1450 (* ?x1574 ?x223 ?x223)))
 (let ((?x2692 (* 18 ?x2691)))
 (let ((?x945 (* (- 36) ?x652)))
 (let ((?x2379 (* (- 12) ?x2210)))
 (let ((?x2212 (* (- 1) ?x113)))
 (let ((?x2502 (* (- 18) ?x2441)))
 (let ((?x639 (* (- 18) ?x638)))
 (let ((?x1861 (+ ?x639 (* (- 18) (* ?x223 ?x237)) ?x2502 (* (- 3) (* z00 z00 ?x237)) ?x2212 (* 3 (* x00 z00 ?x1574)) (* (- 1) ?x612) ?x2350 ?x1818 (* 36 (* y00 ?x223)) ?x2738 ?x2379 (* (- 3) (* z00 ?x1574 ?x237)) (* 2 (* z00 ?x223 ?x223)) ?x945 ?x2692 ?x1450 (* 18 (* x00 ?x223)) ?x2098 ?x64 ?x1426 ?x580 (* 18 (* y00 ?x237)) ?x1418 ?x637 ?x1149 ?x2279 (* (- 2) (* y00 y00 ?x1574)) (* (- 3) ?x954))))
 (let ((?x1284 (* z00 ?x1574 ?x223)))
 (let ((?x670 (* (- 24) ?x652)))
 (let ((?x1643 (* 18 ?x1628)))
 (let ((?x1986 (+ (* (- 1) ?x1610) ?x2379 ?x2502 ?x1643 (* 12 (* ?x223 ?x223)) ?x670 ?x2692 ?x2350 ?x836 (* 12 (* y00 ?x223)) ?x64 ?x1426 ?x580 ?x2758 ?x1418 ?x637 ?x99 (* (- 18) (* z00 ?x237)) ?x1284 (* (- 1) ?x954))))
 (let ((?x2662 (* z00 z00 ?x1574)))
 (let ((?x2503 (* 18 ?x2522)))
 (let ((?x521 (* 6 ?x417)))
 (let ((?x510 (* (- 1) ?x55)))
 (let ((?x2676 (+ (* (- 6) ?x2210) ?x510 ?x521 ?x2380 ?x2503 ?x64 ?x1426 ?x580 (* (- 6) (* z00 ?x1574)) ?x1418 ?x637 ?x2662)))
 (let ((?x2348 (* ?x1574 ?x1574)))
 (let ((?x49 (* 6 z00)))
 (let ((?x1289 (* (- 12) y)))
 (let ((?x43 (* 12 y00)))
 (let ((?x577 (* (- 1) ?x417)))
 (let (($x1144 (= (+ (* (- 1) z) z00 (* 6 n) (* (- 6) n00)) 0)))
 (let (($x1304 (or (not $x1144) (not (= (+ ?x577 ?x43 ?x1289 (* (- 18) z) ?x49 ?x2348) 36)) (not (= ?x2676 0)) (not (= ?x1986 0)) (not (= ?x1861 0)) $x1802 $x1560)))
 (let ((?x2276 (* y00 z y)))
 (let ((?x71 (* 72 y)))
 (let ((?x2077 (* z y y)))
 (let ((?x807 (* 18 ?x1554)))
 (let ((?x1775 (* (- 12) ?x1513)))
 (let ((?x723 (* (- 18) ?x838)))
 (let ((?x2339 (+ ?x639 (* (- 18) ?x1890) ?x723 (* (- 3) (* z00 z00 x)) ?x2212 (* 3 (* x00 z00 z)) (* (- 1) ?x1537) ?x1190 ?x1818 (* 36 (* y00 y)) ?x442 ?x1775 (* (- 3) (* z00 z x)) (* 2 (* z00 y y)) ?x945 ?x807 ?x2077 (* 18 ?x2017) ?x2098 ?x64 ?x580 (* 18 (* y00 x)) ?x71 ?x637 ?x2276 ?x2279 (* (- 2) (* y00 y00 z)) (* (- 3) ?x1700))))
 (let ((?x1630 (* z00 z y)))
 (let ((?x627 (* 12 ?x626)))
 (let ((?x1733 (+ (* (- 1) ?x2637) ?x1775 ?x723 ?x1643 ?x627 ?x670 ?x807 ?x1190 ?x836 (* 12 (* y00 y)) ?x64 ?x580 ?x2563 ?x71 ?x637 ?x99 (* (- 18) (* z00 x)) ?x1630 (* (- 1) ?x1700))))
 (let ((?x726 (* z00 z00 z)))
 (let ((?x732 (+ (* (- 6) ?x1513) ?x510 ?x521 ?x1225 ?x2503 ?x64 ?x580 (* (- 6) (* z00 z)) ?x71 ?x637 ?x726)))
 (let (($x1803 (and $x1144 (= (+ ?x577 ?x43 ?x1289 (* (- 6) z) ?x49 (* z z)) 0) (= ?x732 0) (= ?x1733 0) (= ?x2339 0) $x2684 $x1304)))
 (rewrite (= $x1803 $x1179))))))))))))))))))))))))))))))))))))))))))))))))))))))))))))))))))))))))))))))))))))))))))))))))))))))))))))))))))))))))))))))))))))))))))))))))))))))))
 ))
 (let (($x364 (exists ((x Int) (y Int) (z Int) (n Int) )(! (let ((?x210 (* 108 x00 x00)))
 (let ((?x204 (* 10 y00 z00 z00)))
 (let ((?x197 (* 2 x00 z00 z00 z00)))
 (let ((?x196 (* y00 z00 z00 z00)))
 (let ((?x189 (* 18 x00 z00 z00)))
 (let ((?x187 (* 36 x00 y00 z00)))
 (let ((?x184 (* 96 y00 y00)))
 (let ((?x179 (* 16 y00 y00 y00)))
 (let ((?x171 (* 24 y00 z00)))
 (let ((?x161 (* y00 y00 z00 z00)))
 (let ((?x160 (* 12 y00 y00 z00)))
 (let ((?x154 (* 36 x00 z00)))
 (let ((?x152 (* 216 x00 y00)))
 (let ((?x313 (- (+ ?x152 (* 108 (+ x y) (+ y z)) ?x154) (* 2 (+ x y) z00 z00 z00))))
 (let ((?x320 (+ (- (- (+ ?x313 (* 18 (+ x y) z00 z00)) ?x160) ?x161) (* 24 (+ y z) (+ y z)) (* 108 (+ x y) (+ x y)))))
 (let ((?x324 (+ (- ?x320 (* 4 (+ y z) (+ y z) (+ y z))) (* 18 (+ y z) y00 z00) ?x171)))
 (let ((?x328 (- (- ?x324 (* 120 (+ y z) y00)) (* 24 (+ y z) z00))))
 (let ((?x332 (+ (- (+ ?x328 ?x179) (* 6 (+ y z) (+ y z) z00)) ?x184)))
 (let ((?x338 (- (- (- ?x332 (* 12 (+ y z) (+ y z) y00)) ?x187) (* 108 x00 (+ y z)))))
 (let ((?x343 (- (+ (- (- ?x338 ?x189) (* 216 (+ x y) x00)) ?x196 ?x197) (* 216 (+ x y) y00))))
 (let ((?x348 (- (- (+ ?x343 (* (+ y z) (+ y z) z00 z00)) ?x204) (* 36 (+ x y) z00))))
 (let ((?x351 (+ ?x348 (* 36 (+ x y) y00 z00) (* 10 (+ y z) z00 z00) ?x210)))
 (let ((?x353 (- ?x351 (* (+ y z) z00 z00 z00))))
 (let ((?x223 (+ y z)))
 (let ((?x237 (+ x y)))
 (let ((?x217 (+ n 1)))
 (let (($x360 (= (* (+ (* 6 ?x217 ?x217 ?x237 ?x237 ?x223) (* ?x237 ?x237 ?x223)) ?x353) 0)))
 (let ((?x144 (* 3 y00 z00 z00)))
 (let ((?x74 (* 108 x00)))
 (let ((?x243 (* 72 ?x223)))
 (let ((?x67 (* 72 y00)))
 (let ((?x238 (* 108 ?x237)))
 (let ((?x137 (* 3 x00 z00 z00)))
 (let ((?x215 (+ z 6)))
 (let ((?x258 (* 18 x00 ?x215)))
 (let ((?x133 (* 36 y00 y00)))
 (let ((?x251 (* 12 ?x223 ?x215)))
 (let ((?x261 (* 6 ?x223 z00)))
 (let ((?x91 (* 6 y00 z00)))
 (let ((?x235 (* 12 y00 ?x215)))
 (let ((?x113 (* y00 y00 z00)))
 (let ((?x252 (* 18 ?x237 ?x215)))
 (let ((?x279 (- (- (- (* (- 18) x00 y00) (* 18 ?x237 ?x223)) ?x252) (* 3 ?x237 z00 z00))))
 (let ((?x284 (- (+ (- ?x279 ?x113) (* 3 x00 ?x215 z00)) (* ?x223 y00 z00))))
 (let ((?x291 (- (- (+ (- (+ ?x284 ?x235) ?x91) (* 36 ?x223 y00) ?x261) ?x251) (* 3 ?x237 ?x215 z00))))
 (let ((?x297 (+ (- (+ ?x291 (* 2 ?x223 ?x223 z00)) ?x133) ?x258 (* ?x223 ?x223 ?x215) (* 18 x00 ?x223) ?x137 ?x238)))
 (let ((?x303 (+ (- (+ (- ?x297 ?x67) (* 18 ?x237 y00) ?x243) ?x74) (* ?x223 y00 ?x215) ?x144)))
 (let (($x308 (= (- (- ?x303 (* 2 y00 y00 ?x215)) (* 3 ?x223 z00 z00)) 0)))
 (let ((?x99 (* y00 z00 z00)))
 (let ((?x88 (* 24 y00 y00)))
 (let ((?x84 (* 18 x00 z00)))
 (let ((?x256 (+ (- (- (* (- 1) y00 ?x215 z00) ?x251) ?x252) ?x84 (* 12 ?x223 ?x223))))
 (let ((?x262 (- (+ (- ?x256 ?x88) ?x258 ?x235 ?x91 (* 12 ?x223 y00) ?x238) ?x67)))
 (let ((?x270 (+ (- (+ (- (+ (- ?x262 ?x261) ?x243) ?x74) ?x99) (* 18 ?x237 z00)) (* ?x223 ?x215 z00))))
 (let ((?x62 (* 18 y00 z00)))
 (let ((?x57 (* 6 z00 z00)))
 (let ((?x236 (- (+ (- (* (- 6) ?x223 ?x215) (* z00 z00 z00)) ?x57) ?x235)))
 (let ((?x245 (- (+ (- (- (+ ?x236 ?x62 ?x238) ?x67) (* 6 ?x215 z00)) ?x243) ?x74)))
 (let ((?x49 (* 6 z00)))
 (let ((?x227 (- (- (+ (* (- 1) z00 z00) (* 12 y00)) (* 12 ?x223)) (* 6 ?x215))))
 (let (($x221 (= (- (+ (* (- 1) ?x215) z00 (* 6 ?x217)) (* 6 n00)) 0)))
 (let (($x362 (or (not $x221) (not (= (+ ?x227 ?x49 (* ?x215 ?x215)) 0)) (not (= (+ ?x245 (* ?x215 z00 z00)) 0)) (not (= (- ?x270 (* ?x223 z00 z00)) 0)) (not $x308) (not (= ?x353 0)) (not $x360))))
 (let ((?x212 (* y z00 z00 z00)))
 (let ((?x201 (* y y z00 z00)))
 (let ((?x157 (- (+ ?x152 (* 108 x y) ?x154) (* 2 x z00 z00 z00))))
 (let ((?x166 (+ (- (- (+ ?x157 (* 18 x z00 z00)) ?x160) ?x161) (* 24 y y) (* 108 x x))))
 (let ((?x172 (+ (- ?x166 (* 4 y y y)) (* 18 y y00 z00) ?x171)))
 (let ((?x182 (- (+ (- (- ?x172 (* 120 y y00)) (* 24 y z00)) ?x179) (* 6 y y z00))))
 (let ((?x193 (- (- (- (+ ?x182 ?x184) (* 12 y y y00)) ?x187) (* 108 x00 y))))
 (let ((?x200 (- (+ (- (- ?x193 ?x189) (* 216 x x00)) ?x196 ?x197) (* 216 x y00))))
 (let ((?x211 (+ (- (- (+ ?x200 ?x201) ?x204) (* 36 x z00)) (* 36 x y00 z00) (* 10 y z00 z00) ?x210)))
 (let ((?x71 (* 72 y)))
 (let ((?x64 (* 108 x)))
 (let ((?x135 (* y y z)))
 (let ((?x90 (* 18 x00 z)))
 (let ((?x80 (* 12 y z)))
 (let ((?x94 (* 6 y z00)))
 (let ((?x59 (* 12 y00 z)))
 (let ((?x120 (* y y00 z00)))
 (let ((?x81 (* 18 x z)))
 (let ((?x116 (- (- (- (* (- 18) x00 y00) (* 18 x y)) ?x81) (* 3 x z00 z00))))
 (let ((?x123 (- (+ (- (+ (- ?x116 ?x113) (* 3 x00 z z00)) ?x120) ?x59) ?x91)))
 (let ((?x129 (- (- (+ ?x123 (* 36 y y00) ?x94) ?x80) (* 3 x z z00))))
 (let ((?x138 (+ (- (+ ?x129 (* 2 y y z00)) ?x133) ?x90 ?x135 (* 18 x00 y) ?x137 ?x64)))
 (let ((?x145 (+ (- (+ (- ?x138 ?x67) (* 18 x y00) ?x71) ?x74) (* y y00 z) ?x144)))
 (let (($x150 (= (- (- ?x145 (* 2 y00 y00 z)) (* 3 y z00 z00)) 0)))
 (let ((?x105 (* y z00 z00)))
 (let ((?x103 (* y z z00)))
 (let ((?x86 (+ (- (- (* (- 1) y00 z z00) ?x80) ?x81) ?x84 (* 12 y y))))
 (let ((?x95 (- (+ (- ?x86 ?x88) ?x90 ?x59 ?x91 (* 12 y y00) ?x64) ?x67)))
 (let ((?x104 (+ (- (+ (- (+ (- ?x95 ?x94) ?x71) ?x74) ?x99) (* 18 x z00)) ?x103)))
 (let ((?x76 (* z z00 z00)))
 (let ((?x60 (- (+ (- (* (- 6) y z) (* z00 z00 z00)) ?x57) ?x59)))
 (let ((?x75 (- (+ (- (- (+ ?x60 ?x62 ?x64) ?x67) (* 6 z z00)) ?x71) ?x74)))
 (let ((?x50 (* z z)))
 (let ((?x46 (* 6 z)))
 (let ((?x48 (- (- (+ (* (- 1) z00 z00) (* 12 y00)) (* 12 y)) ?x46)))
 (let (($x39 (= (- (+ (* (- 1) z) z00 (* 6 n)) (* 6 n00)) 0)))
 (and $x39 (= (+ ?x48 ?x49 ?x50) 0) (= (+ ?x75 ?x76) 0) (= (- ?x104 ?x105) 0) $x150 (= (- ?x211 ?x212) 0) $x362))))))))))))))))))))))))))))))))))))))))))))))))))))))))))))))))))))))))))))))))))))))))))))))))))) :qid k!44))
 ))
 (let ((?x1550 (lambda ((x Int) (y Int) (z Int) (n Int) )(let ((?x1381 (* 108 (* x00 x00))))
 (let ((?x99 (* y00 z00 z00)))
 (let ((?x2604 (* (- 10) ?x99)))
 (let ((?x2520 (* 2 (* x00 z00 z00 z00))))
 (let ((?x196 (* y00 z00 z00 z00)))
 (let ((?x2093 (* x00 z00 z00)))
 (let ((?x2480 (* (- 18) ?x2093)))
 (let ((?x2426 (* (- 36) (* x00 y00 z00))))
 (let ((?x652 (* y00 y00)))
 (let ((?x1134 (* 96 ?x652)))
 (let ((?x1098 (* 16 (* y00 y00 y00))))
 (let ((?x2522 (* y00 z00)))
 (let ((?x2123 (* 24 ?x2522)))
 (let ((?x161 (* y00 y00 z00 z00)))
 (let ((?x851 (* (- 1) ?x161)))
 (let ((?x113 (* y00 y00 z00)))
 (let ((?x1729 (* (- 12) ?x113)))
 (let ((?x1628 (* x00 z00)))
 (let ((?x2708 (* 36 ?x1628)))
 (let ((?x638 (* x00 y00)))
 (let ((?x1188 (* 216 ?x638)))
 (let ((?x1797 (+ ?x1188 (* 108 (* (+ y z) (+ x y))) ?x2708 (* (- 2) (* z00 z00 z00 (+ x y))) (* 18 (* z00 z00 (+ x y))) ?x1729 ?x851 (* 24 (* (+ y z) (+ y z))) (* 108 (* (+ x y) (+ x y))) (* (- 4) (* (+ y z) (+ y z) (+ y z))) (* 18 (* y00 z00 (+ y z))) ?x2123 (* (- 120) (* y00 (+ y z))) (* (- 24) (* z00 (+ y z))) ?x1098 (* (- 6) (* z00 (+ y z) (+ y z))) ?x1134 (* (- 12) (* y00 (+ y z) (+ y z))) ?x2426 (* (- 108) (* x00 (+ y z))) ?x2480 (* (- 216) (* x00 (+ x y))) ?x196 ?x2520 (* (- 216) (* y00 (+ x y))) (* z00 z00 (+ y z) (+ y z)) ?x2604 (* (- 36) (* z00 (+ x y))) (* 36 (* y00 z00 (+ x y))) (* 10 (* z00 z00 (+ y z))) ?x1381 (* (- 1) (* z00 z00 z00 (+ y z))))))
 (let ((?x237 (+ x y)))
 (let ((?x223 (+ y z)))
 (let ((?x647 (+ 1 n)))
 (let ((?x1559 (* (+ (* 6 (* ?x647 ?x647 ?x223 ?x237 ?x237)) (* ?x223 ?x237 ?x237)) ?x1797)))
 (let (($x1560 (not (= ?x1559 0))))
 (let (($x1802 (not (= ?x1797 0))))
 (let ((?x2279 (* 3 ?x99)))
 (let ((?x1574 (+ 6 z)))
 (let ((?x1149 (* y00 ?x1574 ?x223)))
 (let ((?x637 (* (- 108) x00)))
 (let ((?x1418 (* 72 z)))
 (let ((?x580 (* (- 72) y00)))
 (let ((?x1426 (* 180 y)))
 (let ((?x64 (* 108 x)))
 (let ((?x2098 (* 3 ?x2093)))
 (let ((?x1450 (* ?x1574 ?x223 ?x223)))
 (let ((?x2691 (* x00 ?x1574)))
 (let ((?x2692 (* 18 ?x2691)))
 (let ((?x945 (* (- 36) ?x652)))
 (let ((?x2210 (* ?x1574 ?x223)))
 (let ((?x2379 (* (- 12) ?x2210)))
 (let ((?x2737 (* z00 ?x223)))
 (let ((?x2738 (* 6 ?x2737)))
 (let ((?x1818 (* (- 6) ?x2522)))
 (let ((?x2346 (* y00 ?x1574)))
 (let ((?x2350 (* 12 ?x2346)))
 (let ((?x2212 (* (- 1) ?x113)))
 (let ((?x2441 (* ?x1574 ?x237)))
 (let ((?x2502 (* (- 18) ?x2441)))
 (let ((?x639 (* (- 18) ?x638)))
 (let ((?x1861 (+ ?x639 (* (- 18) (* ?x223 ?x237)) ?x2502 (* (- 3) (* z00 z00 ?x237)) ?x2212 (* 3 (* x00 z00 ?x1574)) (* (- 1) (* y00 z00 ?x223)) ?x2350 ?x1818 (* 36 (* y00 ?x223)) ?x2738 ?x2379 (* (- 3) (* z00 ?x1574 ?x237)) (* 2 (* z00 ?x223 ?x223)) ?x945 ?x2692 ?x1450 (* 18 (* x00 ?x223)) ?x2098 ?x64 ?x1426 ?x580 (* 18 (* y00 ?x237)) ?x1418 ?x637 ?x1149 ?x2279 (* (- 2) (* y00 y00 ?x1574)) (* (- 3) (* z00 z00 ?x223)))))
 (let ((?x1284 (* z00 ?x1574 ?x223)))
 (let ((?x2758 (* (- 6) ?x2737)))
 (let ((?x836 (* 6 ?x2522)))
 (let ((?x670 (* (- 24) ?x652)))
 (let ((?x1643 (* 18 ?x1628)))
 (let ((?x1986 (+ (* (- 1) (* y00 z00 ?x1574)) ?x2379 ?x2502 ?x1643 (* 12 (* ?x223 ?x223)) ?x670 ?x2692 ?x2350 ?x836 (* 12 (* y00 ?x223)) ?x64 ?x1426 ?x580 ?x2758 ?x1418 ?x637 ?x99 (* (- 18) (* z00 ?x237)) ?x1284 (* (- 1) (* z00 z00 ?x223)))))
 (let ((?x2662 (* z00 z00 ?x1574)))
 (let ((?x2503 (* 18 ?x2522)))
 (let ((?x2380 (* (- 12) ?x2346)))
 (let ((?x417 (* z00 z00)))
 (let ((?x521 (* 6 ?x417)))
 (let ((?x55 (* z00 z00 z00)))
 (let ((?x510 (* (- 1) ?x55)))
 (let ((?x2676 (+ (* (- 6) ?x2210) ?x510 ?x521 ?x2380 ?x2503 ?x64 ?x1426 ?x580 (* (- 6) (* z00 ?x1574)) ?x1418 ?x637 ?x2662)))
 (let ((?x2348 (* ?x1574 ?x1574)))
 (let ((?x49 (* 6 z00)))
 (let ((?x1289 (* (- 12) y)))
 (let ((?x43 (* 12 y00)))
 (let ((?x577 (* (- 1) ?x417)))
 (let (($x1144 (= (+ (* (- 1) z) z00 (* 6 n) (* (- 6) n00)) 0)))
 (let (($x1304 (or (not $x1144) (not (= (+ ?x577 ?x43 ?x1289 (* (- 18) z) ?x49 ?x2348) 36)) (not (= ?x2676 0)) (not (= ?x1986 0)) (not (= ?x1861 0)) $x1802 $x1560)))
 (let ((?x919 (* y y y)))
 (let ((?x941 (* (- 4) ?x919)))
 (let ((?x893 (* 108 (* x x))))
 (let ((?x626 (* y y)))
 (let ((?x881 (* 24 ?x626)))
 (let ((?x1890 (* y x)))
 (let ((?x1891 (* 108 ?x1890)))
 (let ((?x2679 (+ ?x1188 ?x1891 ?x2708 (* (- 2) (* z00 z00 z00 x)) (* 18 (* z00 z00 x)) ?x1729 ?x851 ?x881 ?x893 ?x941 (* 18 (* y00 z00 y)) ?x2123 (* (- 120) (* y00 y)) (* (- 24) (* z00 y)) ?x1098 (* (- 6) (* z00 y y)) ?x1134 (* (- 12) (* y00 y y)) ?x2426 (* (- 108) (* x00 y)) ?x2480 (* (- 216) (* x00 x)) ?x196 ?x2520 (* (- 216) (* y00 x)) (* z00 z00 y y) ?x2604 (* (- 36) (* z00 x)) (* 36 (* y00 z00 x)) (* 10 (* z00 z00 y)) ?x1381 (* (- 1) (* z00 z00 z00 y)))))
 (let (($x2684 (= ?x2679 0)))
 (let ((?x2276 (* y00 z y)))
 (let ((?x71 (* 72 y)))
 (let ((?x2077 (* z y y)))
 (let ((?x1554 (* x00 z)))
 (let ((?x807 (* 18 ?x1554)))
 (let ((?x1513 (* z y)))
 (let ((?x1775 (* (- 12) ?x1513)))
 (let ((?x441 (* z00 y)))
 (let ((?x442 (* 6 ?x441)))
 (let ((?x1154 (* y00 z)))
 (let ((?x1190 (* 12 ?x1154)))
 (let ((?x838 (* z x)))
 (let ((?x723 (* (- 18) ?x838)))
 (let ((?x2339 (+ ?x639 (* (- 18) ?x1890) ?x723 (* (- 3) (* z00 z00 x)) ?x2212 (* 3 (* x00 z00 z)) (* (- 1) (* y00 z00 y)) ?x1190 ?x1818 (* 36 (* y00 y)) ?x442 ?x1775 (* (- 3) (* z00 z x)) (* 2 (* z00 y y)) ?x945 ?x807 ?x2077 (* 18 (* x00 y)) ?x2098 ?x64 ?x580 (* 18 (* y00 x)) ?x71 ?x637 ?x2276 ?x2279 (* (- 2) (* y00 y00 z)) (* (- 3) (* z00 z00 y)))))
 (let ((?x1630 (* z00 z y)))
 (let ((?x2563 (* (- 6) ?x441)))
 (let ((?x627 (* 12 ?x626)))
 (let ((?x1733 (+ (* (- 1) (* y00 z00 z)) ?x1775 ?x723 ?x1643 ?x627 ?x670 ?x807 ?x1190 ?x836 (* 12 (* y00 y)) ?x64 ?x580 ?x2563 ?x71 ?x637 ?x99 (* (- 18) (* z00 x)) ?x1630 (* (- 1) (* z00 z00 y)))))
 (let ((?x726 (* z00 z00 z)))
 (let ((?x1225 (* (- 12) ?x1154)))
 (let ((?x732 (+ (* (- 6) ?x1513) ?x510 ?x521 ?x1225 ?x2503 ?x64 ?x580 (* (- 6) (* z00 z)) ?x71 ?x637 ?x726)))
 (let (($x1803 (and $x1144 (= (+ ?x577 ?x43 ?x1289 (* (- 6) z) ?x49 (* z z)) 0) (= ?x732 0) (= ?x1733 0) (= ?x2339 0) $x2684 $x1304)))
 (let ((?x210 (* 108 x00 x00)))
 (let ((?x204 (* 10 y00 z00 z00)))
 (let ((?x197 (* 2 x00 z00 z00 z00)))
 (let ((?x189 (* 18 x00 z00 z00)))
 (let ((?x187 (* 36 x00 y00 z00)))
 (let ((?x184 (* 96 y00 y00)))
 (let ((?x179 (* 16 y00 y00 y00)))
 (let ((?x171 (* 24 y00 z00)))
 (let ((?x160 (* 12 y00 y00 z00)))
 (let ((?x313 (- (+ (* 216 x00 y00) (* 108 ?x237 ?x223) (* 36 x00 z00)) (* 2 ?x237 z00 z00 z00))))
 (let ((?x320 (+ (- (- (+ ?x313 (* 18 ?x237 z00 z00)) ?x160) ?x161) (* 24 ?x223 ?x223) (* 108 ?x237 ?x237))))
 (let ((?x324 (+ (- ?x320 (* 4 ?x223 ?x223 ?x223)) (* 18 ?x223 y00 z00) ?x171)))
 (let ((?x331 (- (+ (- (- ?x324 (* 120 ?x223 y00)) (* 24 ?x223 z00)) ?x179) (* 6 ?x223 ?x223 z00))))
 (let ((?x338 (- (- (- (+ ?x331 ?x184) (* 12 ?x223 ?x223 y00)) ?x187) (* 108 x00 ?x223))))
 (let ((?x343 (- (+ (- (- ?x338 ?x189) (* 216 ?x237 x00)) ?x196 ?x197) (* 216 ?x237 y00))))
 (let ((?x348 (- (- (+ ?x343 (* ?x223 ?x223 z00 z00)) ?x204) (* 36 ?x237 z00))))
 (let ((?x353 (- (+ ?x348 (* 36 ?x237 y00 z00) (* 10 ?x223 z00 z00) ?x210) (* ?x223 z00 z00 z00))))
 (let ((?x358 (+ (* 6 (+ n 1) (+ n 1) ?x237 ?x237 ?x223) (* ?x237 ?x237 ?x223))))
 (let ((?x144 (* 3 y00 z00 z00)))
 (let ((?x74 (* 108 x00)))
 (let ((?x243 (* 72 ?x223)))
 (let ((?x67 (* 72 y00)))
 (let ((?x238 (* 108 ?x237)))
 (let ((?x137 (* 3 x00 z00 z00)))
 (let ((?x215 (+ z 6)))
 (let ((?x258 (* 18 x00 ?x215)))
 (let ((?x133 (* 36 y00 y00)))
 (let ((?x251 (* 12 ?x223 ?x215)))
 (let ((?x261 (* 6 ?x223 z00)))
 (let ((?x91 (* 6 y00 z00)))
 (let ((?x235 (* 12 y00 ?x215)))
 (let ((?x252 (* 18 ?x237 ?x215)))
 (let ((?x279 (- (- (- (* (- 18) x00 y00) (* 18 ?x237 ?x223)) ?x252) (* 3 ?x237 z00 z00))))
 (let ((?x284 (- (+ (- ?x279 ?x113) (* 3 x00 ?x215 z00)) (* ?x223 y00 z00))))
 (let ((?x291 (- (- (+ (- (+ ?x284 ?x235) ?x91) (* 36 ?x223 y00) ?x261) ?x251) (* 3 ?x237 ?x215 z00))))
 (let ((?x297 (+ (- (+ ?x291 (* 2 ?x223 ?x223 z00)) ?x133) ?x258 (* ?x223 ?x223 ?x215) (* 18 x00 ?x223) ?x137 ?x238)))
 (let ((?x303 (+ (- (+ (- ?x297 ?x67) (* 18 ?x237 y00) ?x243) ?x74) (* ?x223 y00 ?x215) ?x144)))
 (let (($x308 (= (- (- ?x303 (* 2 y00 y00 ?x215)) (* 3 ?x223 z00 z00)) 0)))
 (let ((?x88 (* 24 y00 y00)))
 (let ((?x84 (* 18 x00 z00)))
 (let ((?x256 (+ (- (- (* (- 1) y00 ?x215 z00) ?x251) ?x252) ?x84 (* 12 ?x223 ?x223))))
 (let ((?x262 (- (+ (- ?x256 ?x88) ?x258 ?x235 ?x91 (* 12 ?x223 y00) ?x238) ?x67)))
 (let ((?x270 (+ (- (+ (- (+ (- ?x262 ?x261) ?x243) ?x74) ?x99) (* 18 ?x237 z00)) (* ?x223 ?x215 z00))))
 (let ((?x62 (* 18 y00 z00)))
 (let ((?x236 (- (+ (- (* (- 6) ?x223 ?x215) ?x55) (* 6 z00 z00)) ?x235)))
 (let ((?x245 (- (+ (- (- (+ ?x236 ?x62 ?x238) ?x67) (* 6 ?x215 z00)) ?x243) ?x74)))
 (let ((?x227 (- (- (+ (* (- 1) z00 z00) ?x43) (* 12 ?x223)) (* 6 ?x215))))
 (let ((?x36 (* 6 n00)))
 (let (($x221 (= (- (+ (* (- 1) ?x215) z00 (* 6 (+ n 1))) ?x36) 0)))
 (let (($x362 (or (not $x221) (not (= (+ ?x227 ?x49 (* ?x215 ?x215)) 0)) (not (= (+ ?x245 (* ?x215 z00 z00)) 0)) (not (= (- ?x270 (* ?x223 z00 z00)) 0)) (not $x308) (not (= ?x353 0)) (not (= (* ?x358 ?x353) 0)))))
 (let ((?x212 (* y z00 z00 z00)))
 (let ((?x201 (* y y z00 z00)))
 (let ((?x157 (- (+ (* 216 x00 y00) (* 108 x y) (* 36 x00 z00)) (* 2 x z00 z00 z00))))
 (let ((?x166 (+ (- (- (+ ?x157 (* 18 x z00 z00)) ?x160) ?x161) (* 24 y y) (* 108 x x))))
 (let ((?x172 (+ (- ?x166 (* 4 y y y)) (* 18 y y00 z00) ?x171)))
 (let ((?x182 (- (+ (- (- ?x172 (* 120 y y00)) (* 24 y z00)) ?x179) (* 6 y y z00))))
 (let ((?x193 (- (- (- (+ ?x182 ?x184) (* 12 y y y00)) ?x187) (* 108 x00 y))))
 (let ((?x200 (- (+ (- (- ?x193 ?x189) (* 216 x x00)) ?x196 ?x197) (* 216 x y00))))
 (let ((?x211 (+ (- (- (+ ?x200 ?x201) ?x204) (* 36 x z00)) (* 36 x y00 z00) (* 10 y z00 z00) ?x210)))
 (let ((?x135 (* y y z)))
 (let ((?x90 (* 18 x00 z)))
 (let ((?x80 (* 12 y z)))
 (let ((?x94 (* 6 y z00)))
 (let ((?x59 (* 12 y00 z)))
 (let ((?x120 (* y y00 z00)))
 (let ((?x81 (* 18 x z)))
 (let ((?x116 (- (- (- (* (- 18) x00 y00) (* 18 x y)) ?x81) (* 3 x z00 z00))))
 (let ((?x123 (- (+ (- (+ (- ?x116 ?x113) (* 3 x00 z z00)) ?x120) ?x59) ?x91)))
 (let ((?x129 (- (- (+ ?x123 (* 36 y y00) ?x94) ?x80) (* 3 x z z00))))
 (let ((?x138 (+ (- (+ ?x129 (* 2 y y z00)) ?x133) ?x90 ?x135 (* 18 x00 y) ?x137 ?x64)))
 (let ((?x145 (+ (- (+ (- ?x138 ?x67) (* 18 x y00) ?x71) ?x74) (* y y00 z) ?x144)))
 (let (($x150 (= (- (- ?x145 (* 2 y00 y00 z)) (* 3 y z00 z00)) 0)))
 (let ((?x105 (* y z00 z00)))
 (let ((?x103 (* y z z00)))
 (let ((?x86 (+ (- (- (* (- 1) y00 z z00) ?x80) ?x81) ?x84 (* 12 y y))))
 (let ((?x95 (- (+ (- ?x86 ?x88) ?x90 ?x59 ?x91 (* 12 y y00) ?x64) ?x67)))
 (let ((?x104 (+ (- (+ (- (+ (- ?x95 ?x94) ?x71) ?x74) ?x99) (* 18 x z00)) ?x103)))
 (let ((?x76 (* z z00 z00)))
 (let ((?x60 (- (+ (- (* (- 6) y z) ?x55) (* 6 z00 z00)) ?x59)))
 (let ((?x75 (- (+ (- (- (+ ?x60 ?x62 ?x64) ?x67) (* 6 z z00)) ?x71) ?x74)))
 (let ((?x50 (* z z)))
 (let ((?x46 (* 6 z)))
 (let ((?x51 (+ (- (- (+ (* (- 1) z00 z00) ?x43) (* 12 y)) ?x46) ?x49 ?x50)))
 (let (($x363 (and (= (- (+ (* (- 1) z) z00 (* 6 n)) ?x36) 0) (= ?x51 0) (= (+ ?x75 ?x76) 0) (= (- ?x104 ?x105) 0) $x150 (= (- ?x211 ?x212) 0) $x362)))
 (rewrite (= $x363 $x1803))))))))))))))))))))))))))))))))))))))))))))))))))))))))))))))))))))))))))))))))))))))))))))))))))))))))))))))))))))))))))))))))))))))))))))))))))))))))))))))))))))))))))))))))))))))))))))))))
 ))
 (let ((@x365 (asserted $x364)))
 (let ((@x1925 (mp (mp @x365 (quant-intro (proof-bind ?x1550) (= $x364 $x1805)) $x1805) (rewrite (= $x1805 $x1805)) $x1805)))
 (let ((@x1523 (mp (mp @x1925 (quant-intro (proof-bind ?x1166) (= $x1805 $x2689)) $x2689) (quant-intro (proof-bind ?x1310) (= $x2689 $x1308)) $x1308)))
 (let ((@x1290 (mp (mp~ @x1523 (sk (~ $x1308 $x1795)) $x1795) (rewrite (= $x1795 $x2051)) $x2051)))
 (let ((@x1351 (and-elim @x1290 $x2291)))
 (let ((@x2617 (unit-resolution ((_ th-lemma arith triangle-eq) (or (not $x2291) $x1491)) @x1351 $x1491)))
 (let (($x1492 (>= ?x2288 0)))
 (let ((@x1361 (unit-resolution ((_ th-lemma arith triangle-eq) (or (not $x2291) $x1492)) @x1351 $x1492)))
 (let (($x2646 (<= ?x1458 0)))
 (let ((@x1521 (and-elim @x1290 $x1612)))
 (let ((@x1665 (unit-resolution ((_ th-lemma arith triangle-eq) (or (not $x1612) $x2646)) @x1521 $x2646)))
 (let (($x1495 (>= ?x1458 0)))
 (let ((@x974 (unit-resolution ((_ th-lemma arith triangle-eq) (or (not $x1612) $x1495)) @x1521 $x1495)))
 (let (($x2572 (<= ?x2463 0)))
 (let ((@x1385 (and-elim @x1290 $x2464)))
 (let ((@x1759 (unit-resolution ((_ th-lemma arith triangle-eq) (or (not $x2464) $x2572)) @x1385 $x2572)))
 (let (($x2021 (>= ?x2463 0)))
 (let ((@x2741 (unit-resolution ((_ th-lemma arith triangle-eq) (or (not $x2464) $x2021)) @x1385 $x2021)))
 (let (($x1758 (<= ?x1791 0)))
 (let ((@x1156 (and-elim @x1290 $x1032)))
 (let ((@x1095 (unit-resolution ((_ th-lemma arith triangle-eq) (or (not $x1032) $x1758)) @x1156 $x1758)))
 (let (($x1955 (>= ?x1791 0)))
 (let ((@x2596 (unit-resolution ((_ th-lemma arith triangle-eq) (or (not $x1032) $x1955)) @x1156 $x1955)))
 (let (($x1636 (<= ?x2024 0)))
 (let (($x1390 (<= ?x573 0)))
 (let ((@x2084 (and-elim @x1290 $x1461)))
 (let ((@x1182 (unit-resolution ((_ th-lemma arith triangle-eq) (or $x2639 $x1390)) @x2084 $x1390)))
 (let (($x1391 (>= ?x573 0)))
 (let ((@x2549 (unit-resolution ((_ th-lemma arith triangle-eq) (or $x2639 $x1391)) @x2084 $x1391)))
 (let (($x2410 (<= ?x2404 0)))
 (let ((@x1465 (and-elim @x1290 $x2397)))
 (let ((@x916 (unit-resolution ((_ th-lemma arith triangle-eq) (or $x2788 $x2410)) @x1465 $x2410)))
 (let (($x2648 (>= ?x2404 0)))
 (let ((@x2377 (unit-resolution ((_ th-lemma arith triangle-eq) (or $x2788 $x2648)) @x1465 $x2648)))
 (let ((@x2583 ((_ th-lemma arith) (hypothesis (not $x1636)) @x2549 @x1182 @x1361 @x2617 @x2377 @x916 @x2549 @x1182 @x2741 @x1759 @x2596 @x1095 @x2741 @x1759 @x2596 @x1095 @x974 @x1665 @x1361 @x2617 false)))
 (let ((@x2575 (lemma @x2583 $x1636)))
 (let (($x1595 (>= ?x2024 0)))
 (let ((@x1104 ((_ th-lemma arith) (hypothesis (not $x1595)) @x2549 @x1182 @x1361 @x2617 @x2377 @x916 @x2549 @x1182 @x2741 @x1759 @x2596 @x1095 @x2741 @x1759 @x2596 @x1095 @x974 @x1665 @x1361 @x2617 false)))
 (let ((@x758 (lemma @x1104 $x1595)))
 (let (($x1551 (not (>= ?x1706 0))))
 (let (($x827 (<= ?x1706 0)))
 (let ((@x2773 ((_ th-lemma arith) (hypothesis (not $x827)) @x2549 @x1182 @x2596 @x1095 @x2377 @x916 @x2549 @x1182 @x2596 @x1095 @x1361 @x2617 @x2741 @x1759 @x2741 @x1759 @x1361 @x2617 @x2741 @x1759 @x1361 @x2617 @x2596 @x1095 @x2741 @x1759 @x2596 @x1095 @x974 @x1665 @x1361 @x2617 false)))
 (let ((@x622 (unit-resolution ((_ th-lemma arith triangle-eq) (or $x849 (not $x1636) (not $x1595))) @x758 @x2575 $x849)))
 (let (($x1248 (<= ?x1699 0)))
 (let ((@x2615 ((_ th-lemma arith) (hypothesis (not $x1248)) @x2596 @x1095 @x2549 @x1182 @x2377 @x916 @x2549 @x1182 @x2741 @x1759 @x2596 @x1095 @x1361 @x2617 @x2741 @x1759 @x2596 @x1095 @x2741 @x1759 @x1361 @x2617 @x2596 @x1095 @x2741 @x1759 @x2596 @x1095 @x974 @x1665 @x1361 @x2617 @x2549 @x1182 @x1361 @x2617 @x2377 @x916 false)))
 (let ((@x2440 (lemma @x2615 $x1248)))
 (let (($x1087 (>= ?x1699 0)))
 (let ((@x2623 ((_ th-lemma arith) (hypothesis (not $x1087)) @x2596 @x1095 @x2549 @x1182 @x2377 @x916 @x2549 @x1182 @x2741 @x1759 @x2596 @x1095 @x1361 @x2617 @x2741 @x1759 @x2596 @x1095 @x2741 @x1759 @x1361 @x2617 @x2596 @x1095 @x2741 @x1759 @x2596 @x1095 @x974 @x1665 @x1361 @x2617 @x2549 @x1182 @x1361 @x2617 @x2377 @x916 false)))
 (let ((@x2625 (lemma @x2623 $x1087)))
 (let (($x1399 (>= ?x1252 0)))
 (let ((@x588 ((_ th-lemma arith eq-propagate 0 0 0) (lemma ((_ th-lemma arith farkas 1 1 1) (hypothesis (not $x1399)) @x2625 @x2440 false) $x1399) @x2625 @x2440 $x1173)))
 (let ((@x1096 (unit-resolution ((_ th-lemma arith triangle-eq) (or $x2707 (not $x1248) (not $x1087))) @x2440 @x2625 $x2707)))
 (let ((@x1515 (unit-resolution (hypothesis $x2057) ((_ th-lemma arith eq-propagate -6 -6 -1 -1) @x2377 @x916 @x974 @x1665 $x2757) false)))
 (let ((@x1799 (unit-resolution (and-elim @x1290 $x2485) @x2084 @x1465 (or $x2057 $x773 $x646 $x2745 $x1453))))
 (let ((@x631 (unit-resolution (unit-resolution @x1799 (lemma @x1515 $x2757) @x1096 @x588 (or $x773 $x646)) @x622 $x646)))
 (let ((@x1618 (unit-resolution ((_ th-lemma arith triangle-eq) (or $x2405 (not $x827) $x1551)) @x631 (lemma @x2773 $x827) $x1551)))
 ((_ th-lemma arith) @x1618 @x758 @x2575 @x2549 @x1182 @x2377 @x916 @x2549 @x1182 @x758 @x2575 @x2741 @x1759 @x2596 @x1095 @x2596 @x1095 @x2741 @x1759 @x1361 @x2617 @x974 @x1665 @x1361 @x2617 false))))))))))))))))))))))))))))))))))))))))))))))))))))))))))))))))))))))))))))))))))))))))))))))))))))))))))))))))))))))))))))))))))))))))))))))))))))))))))))))))))))))))))))))))))))))))))))))))))))))))))))))))))))))))))))))))))))))))))))))))))))))))))))))))))))))))))))))))))))))))))))))))

(:added-eqs                 12
 :arith-assert-diseq        13
 :arith-assert-lower        82
 :arith-assert-upper        29
 :arith-conflicts           7
 :arith-eq-adapter          11
 :arith-fixed-eqs           2
 :arith-gcd-tests           9
 :arith-grobner             6
 :arith-max-min             2008
 :arith-nonlinear-bounds    66
 :arith-nonlinear-horner    55
 :arith-num-rows            11
 :arith-patches             5
 :arith-patches_succ        5
 :arith-pivots              11
 :arith-pseudo-nonlinear    2
 :arith-row-summations      20
 :arith-tableau-max-columns 132
 :arith-tableau-max-rows    11
 :conflicts                 8
 :decisions                 21
 :del-clause                39
 :final-checks              13
 :max-memory                4.60
 :memory                    3.50
 :mk-bool-var               39
 :mk-clause                 39
 :num-allocs                12935582
 :num-checks                1
 :propagations              54
 :rlimit-count              231688
 :time                      0.13
 :total-time                0.15)
