unsat
((set-logic NIA)
(declare-fun y!2 () Int)
(declare-fun x!3 () Int)
(declare-fun z!1 () Int)
(declare-fun n!0 () Int)
(proof
(let ((?x2127 (* y00 x!3)))
 (let ((?x2118 (* (- 18) ?x2127)))
 (let ((?x2005 (* (- 3) (* z00 x00 z!1))))
 (let ((?x2110 (* x00 y!2)))
 (let ((?x797 (* (- 18) ?x2110)))
 (let ((?x2105 (* z!1 y!2 y!2)))
 (let ((?x430 (* (- 1) ?x2105)))
 (let ((?x1846 (* z00 y!2 y!2)))
 (let ((?x516 (* (- 2) ?x1846)))
 (let ((?x1659 (* x00 z!1)))
 (let ((?x2505 (* (- 18) ?x1659)))
 (let ((?x515 (* 2 (* y00 y00 z!1))))
 (let ((?x2341 (* (- 72) y!2)))
 (let ((?x1691 (* (- 108) x!3)))
 (let ((?x1442 (* z!1 y!2)))
 (let ((?x1320 (* 12 ?x1442)))
 (let ((?x1294 (* z00 y00 y!2)))
 (let ((?x1254 (* z00 z00 x!3)))
 (let ((?x1487 (* 3 ?x1254)))
 (let ((?x1109 (* x!3 y!2)))
 (let ((?x825 (* 18 ?x1109)))
 (let ((?x1104 (* y00 z!1)))
 (let ((?x599 (* (- 12) ?x1104)))
 (let ((?x1352 (* 3 (* z00 z!1 x!3))))
 (let ((?x1017 (* y00 z!1 y!2)))
 (let ((?x1319 (* (- 1) ?x1017)))
 (let ((?x965 (* z00 z00 x00)))
 (let ((?x2287 (* (- 3) ?x965)))
 (let ((?x775 (* z00 z00 y00)))
 (let ((?x2285 (* (- 3) ?x775)))
 (let ((?x755 (* z00 y00 y00)))
 (let ((?x713 (* z!1 x!3)))
 (let ((?x1167 (* 18 ?x713)))
 (let ((?x655 (* y00 y00)))
 (let ((?x2437 (* 36 ?x655)))
 (let ((?x561 (* z00 y00)))
 (let ((?x690 (* 6 ?x561)))
 (let ((?x510 (* y00 x00)))
 (let ((?x2276 (* 18 ?x510)))
 (let ((?x74 (* 108 x00)))
 (let ((?x67 (* 72 y00)))
 (let ((?x2570 (+ ?x67 ?x74 ?x2276 ?x690 ?x2437 ?x1167 (* 3 (* z00 z00 y!2)) ?x755 ?x2285 ?x2287 ?x1319 ?x1352 ?x599 ?x825 ?x1487 ?x1294 ?x1320 ?x1691 ?x2341 ?x515 ?x2505 ?x516 ?x430 ?x797 ?x2005 ?x2118 (* (- 36) (* y00 y!2)) (* (- 6) (* z00 y!2)))))
 (let (($x1722 (<= ?x2570 0)))
 (let (($x2551 (= ?x2570 0)))
 (let ((?x2860 (* z!1 z!1)))
 (let ((?x425 (* (- 12) y!2)))
 (let ((?x426 (* (- 6) z!1)))
 (let ((?x420 (* z00 z00)))
 (let ((?x421 (* (- 1) ?x420)))
 (let ((?x43 (* 12 y00)))
 (let ((?x49 (* 6 z00)))
 (let ((?x1603 (+ ?x49 ?x43 ?x421 ?x426 ?x425 ?x2860)))
 (let ((?x2746 (* (- 3) (* y!2 y!2 n!0))))
 (let ((?x2744 (* (- 3) (* x!3 y!2 n!0))))
 (let ((?x2513 (* 9 (* x!3 x!3 y!2 y!2))))
 (let ((?x999 (+ x!3 y!2)))
 (let ((?x2770 (+ z!1 y!2)))
 (let ((?x977 (+ 6 z!1)))
 (let ((?x2037 (* y!2 y!2)))
 (let ((?x2524 (* (- 3) ?x2037)))
 (let ((?x709 (* 9 (* y!2 y!2 y!2 y!2 n!0))))
 (let ((?x711 (* 18 (* x!3 y!2 y!2 y!2))))
 (let ((?x1269 (* 9 (* y!2 y!2 y!2 y!2))))
 (let ((?x2486 (* (- 3) ?x1109)))
 (let ((?x2777 (* 9 (* x!3 x!3 y!2 y!2 n!0))))
 (let ((?x1484 (* 18 (* x!3 y!2 y!2 y!2 n!0))))
 (let ((?x1580 (+ ?x1484 (* 18 (* z!1 x!3 x!3 y!2 n!0)) ?x2777 (* (- 3) ?x713) (* 18 (* z!1 z!1 x!3 y!2 n!0)) ?x2486 (* 9 (* z!1 z!1 x!3 x!3 n!0)) (* (- 3) (* z!1 x!3 n!0)) ?x1269 (* (- 3) ?x1442) (* 9 (* z!1 z!1 y!2 y!2 n!0)) ?x711 ?x709 (* 18 (* z!1 x!3 x!3 y!2)) ?x2524 (* 9 (* z!1 z!1 y!2 y!2)) (* (- 1) (* ?x977 ?x977 ?x2770 ?x2770 ?x999 ?x999)) (* 18 (* z!1 y!2 y!2 y!2 n!0)) (* (- 3) (* z!1 y!2 n!0)) (* 36 (* z!1 x!3 y!2 y!2 n!0)) ?x2513 (* 18 (* z!1 y!2 y!2 y!2)) (* 36 (* z!1 x!3 y!2 y!2)) (* 9 (* z!1 z!1 x!3 x!3)) ?x2744 ?x2746 (* 18 (* z!1 z!1 x!3 y!2)))))
 (let ((?x2012 (* ?x1580 ?x1603)))
 (let (($x1317 (= ?x2012 0)))
 (let (($x2459 (not $x1317)))
 (let ((?x2317 (* x!3 x!3)))
 (let ((?x882 (* (- 108) ?x2317)))
 (let ((?x1069 (* 216 ?x2127)))
 (let ((?x577 (* 216 (* x00 x!3))))
 (let ((?x1879 (* y!2 y!2 y!2)))
 (let ((?x423 (* 4 ?x1879)))
 (let ((?x1197 (* 6 ?x1846)))
 (let ((?x2434 (* 2 (* z00 z00 z00 x!3))))
 (let ((?x1400 (* z00 x!3)))
 (let ((?x2080 (* 36 ?x1400)))
 (let ((?x1383 (* x00 x00)))
 (let ((?x2421 (* (- 108) ?x1383)))
 (let ((?x1420 (* (- 36) (* z00 y00 x!3))))
 (let ((?x1999 (* 12 (* y00 y!2 y!2))))
 (let ((?x1280 (* z00 z00 z00 x00)))
 (let ((?x2446 (* (- 2) ?x1280)))
 (let ((?x1277 (* z00 z00 z00 y00)))
 (let ((?x424 (* (- 1) ?x1277)))
 (let ((?x1623 (* (- 18) ?x1254)))
 (let ((?x1174 (* z00 y00 x00)))
 (let ((?x2067 (* 36 ?x1174)))
 (let ((?x1100 (* y00 y00 y00)))
 (let ((?x2623 (* (- 16) ?x1100)))
 (let ((?x781 (* (- 1) (* z00 z00 y!2 y!2))))
 (let ((?x2677 (* 18 ?x965)))
 (let ((?x853 (* z00 z00 y00 y00)))
 (let ((?x854 (* 10 ?x775)))
 (let ((?x2242 (* 12 ?x755)))
 (let ((?x2038 (* (- 96) ?x655)))
 (let ((?x624 (* z00 x00)))
 (let ((?x1378 (* (- 36) ?x624)))
 (let ((?x1120 (* (- 24) ?x561)))
 (let ((?x1957 (* (- 216) ?x510)))
 (let ((?x841 (+ (* 3 (* z00 z00 z00 y!2)) ?x1957 ?x1120 (* (- 18) (* z00 y00 z!1)) ?x1378 ?x2038 (* (- 108) ?x713) (* (- 28) (* z00 z00 y!2)) ?x2242 ?x854 ?x853 ?x2677 ?x781 (* 12 (* z!1 z!1 y!2)) (* 24 ?x1017) (* 12 (* y00 z!1 z!1)) ?x2623 (* 120 ?x1104) (* (- 324) ?x1109) (* (- 10) (* z00 z00 z!1)) (* 6 (* z00 z!1 z!1)) ?x2067 ?x1623 ?x424 ?x2446 (* (- 54) ?x1294) ?x1999 ?x1420 ?x2421 ?x2080 (* (- 156) ?x1442) (* z00 z00 z00 z!1) ?x2434 (* 108 ?x1659) (* (- 1) (* z00 z00 z!1 z!1)) ?x1197 ?x423 (* (- 2) (* z00 z00 z!1 y!2)) ?x577 (* 12 (* z00 z!1 y!2)) (* (- 240) ?x2037) (* 12 ?x2105) (* 324 ?x2110) ?x1069 (* 336 (* y00 y!2)) (* 60 (* z00 y!2)) ?x882 (* 24 (* z00 z!1)) (* (- 24) ?x2860) (* 4 (* z!1 z!1 z!1)))))
 (let (($x859 (= ?x841 0)))
 (let (($x2329 (not $x859)))
 (let ((?x2878 (* z!1 z!1 z!1)))
 (let ((?x1307 (* (- 1) ?x2878)))
 (let ((?x2183 (* 6 ?x2860)))
 (let ((?x1434 (* 12 ?x2037)))
 (let ((?x2015 (* z00 z!1 y!2)))
 (let ((?x1311 (* (- 1) ?x2015)))
 (let ((?x1182 (* 18 ?x1400)))
 (let ((?x2281 (* 48 ?x655)))
 (let ((?x1818 (* (- 18) ?x624)))
 (let ((?x570 (* z00 y00 z!1)))
 (let ((?x2321 (+ ?x2276 ?x690 ?x570 ?x1818 ?x2281 (* 36 ?x713) (* 6 (* z00 z00 y!2)) ?x755 ?x2285 ?x2287 (* (- 2) (* z!1 z!1 y!2)) ?x1319 (* (- 1) (* y00 z!1 z!1)) ?x1352 (* (- 54) ?x1104) ?x825 (* 3 (* z00 z00 z!1)) (* (- 2) (* z00 z!1 z!1)) ?x1487 ?x1294 ?x1182 (* 36 ?x1442) ?x515 (* (- 36) ?x1659) ?x516 ?x1311 ?x1434 ?x430 ?x797 ?x2005 ?x2118 (* (- 60) (* y00 y!2)) (* 12 (* z00 y!2)) (* (- 6) (* z00 z!1)) ?x2183 ?x1307)))
 (let (($x1107 (= ?x2321 0)))
 (let (($x2176 (not $x1107)))
 (let ((?x2251 (* y00 y!2)))
 (let ((?x1313 (* (- 12) ?x2251)))
 (let ((?x2440 (* (- 12) ?x2037)))
 (let ((?x2400 (* 6 ?x1442)))
 (let ((?x1112 (* z00 z00 z!1)))
 (let ((?x1821 (* (- 1) ?x775)))
 (let ((?x722 (* z00 z00 y!2)))
 (let ((?x657 (* 24 ?x655)))
 (let ((?x1479 (+ ?x570 ?x1818 ?x657 ?x1167 ?x722 ?x1821 (* (- 24) ?x1104) ?x1112 (* (- 1) (* z00 z!1 z!1)) ?x1182 ?x2400 ?x2505 ?x1311 ?x2440 ?x1313 (* 18 (* z00 y!2)))))
 (let (($x717 (= ?x1479 0)))
 (let (($x2011 (not $x717)))
 (let ((?x2359 (* z00 z!1)))
 (let ((?x1837 (* 6 ?x2359)))
 (let ((?x1563 (* (- 1) ?x1112)))
 (let ((?x843 (* 12 ?x1104)))
 (let ((?x842 (* (- 18) ?x561)))
 (let ((?x55 (* z00 z00 z00)))
 (let ((?x2491 (+ (* 36 z00) (* 144 y00) ?x55 ?x74 (* (- 12) ?x420) ?x842 (* (- 36) z!1) ?x843 ?x1563 ?x2400 ?x1691 (* (- 144) y!2) ?x1837 ?x2183)))
 (let (($x1536 (= ?x2491 0)))
 (let (($x907 (not $x1536)))
 (let (($x1615 (= ?x1603 0)))
 (let (($x2546 (not $x1615)))
 (let ((?x1715 (* (- 6) n00)))
 (let ((?x2240 (+ z00 ?x1715 (* (- 1) z!1) (* 6 n!0))))
 (let (($x1541 (= ?x2240 0)))
 (let (($x502 (not $x1541)))
 (let (($x2010 (or $x502 $x2546 $x907 $x2011 $x2176 $x2329 $x2459)))
 (let ((?x400 (* z00 z00 z00 y!2)))
 (let ((?x2817 (+ ?x400 ?x1957 ?x1120 ?x1378 ?x2038 (* (- 10) ?x722) ?x2242 ?x854 ?x853 ?x2677 ?x781 ?x2623 (* (- 108) ?x1109) ?x2067 ?x1623 ?x424 ?x2446 (* (- 18) ?x1294) ?x1999 ?x1420 ?x2421 ?x2080 ?x2434 ?x1197 ?x423 ?x577 (* (- 24) ?x2037) (* 108 ?x2110) ?x1069 (* 120 ?x2251) (* 24 (* z00 y!2)) ?x882)))
 (let (($x1805 (= ?x2817 0)))
 (let ((?x855 (* (- 6) ?x561)))
 (let ((?x1253 (+ ?x67 ?x74 ?x855 ?x570 ?x1818 ?x657 ?x1167 ?x722 ?x1821 ?x599 ?x1182 ?x1320 ?x1691 ?x2341 ?x2505 ?x1311 ?x2440 ?x1313 (* 6 (* z00 y!2)))))
 (let (($x761 (= ?x1253 0)))
 (let ((?x2727 (* (- 6) ?x420)))
 (let ((?x941 (+ ?x67 ?x55 ?x74 ?x2727 ?x842 ?x843 ?x1563 ?x2400 ?x1691 ?x2341 ?x1837)))
 (let (($x942 (= ?x941 0)))
 (let (($x2184 (and $x1541 $x1615 $x942 $x761 $x2551 $x1805 $x2010)))
 (let ((?x2266 (+ (* 36 (* x!3 y!2 y!2 z!1 n!0)) (* (- 3) (* y!2 z!1)) ?x2486 (* (- 3) (* x!3 z!1)) ?x2524 (* (- 1) (* ?x977 ?x977 (+ y!2 z!1) (+ y!2 z!1) ?x999 ?x999)) (* 9 (* y!2 y!2 z!1 z!1 n!0)) (* 18 (* y!2 y!2 y!2 z!1 n!0)) ?x709 ?x2777 ?x1484 (* 9 (* x!3 x!3 z!1 z!1 n!0)) (* 18 (* x!3 x!3 y!2 z!1 n!0)) (* 18 (* x!3 y!2 z!1 z!1 n!0)) ?x2513 ?x711 ?x1269 (* 18 (* x!3 x!3 y!2 z!1)) (* 36 (* x!3 y!2 y!2 z!1)) (* 18 (* y!2 y!2 y!2 z!1)) (* 9 (* x!3 x!3 z!1 z!1)) (* 18 (* x!3 y!2 z!1 z!1)) (* 9 (* y!2 y!2 z!1 z!1)) ?x2744 ?x2746 (* (- 3) (* x!3 z!1 n!0)) (* (- 3) (* y!2 z!1 n!0)))))
 (let ((?x1384 (* 108 ?x1383)))
 (let ((?x1164 (* 36 (* x!3 z00 y00))))
 (let ((?x1281 (* 2 ?x1280)))
 (let ((?x1165 (* (- 216) (* x!3 x00))))
 (let ((?x1187 (* (- 36) ?x1174)))
 (let ((?x840 (* (- 12) (* y!2 y!2 y00))))
 (let ((?x1101 (* 16 ?x1100)))
 (let ((?x1740 (* x!3 y00)))
 (let ((?x844 (* (- 216) ?x1740)))
 (let ((?x1237 (* (- 18) ?x965)))
 (let ((?x1579 (* y!2 y!2 z00)))
 (let ((?x846 (* (- 6) ?x1579)))
 (let ((?x845 (* (- 4) ?x1879)))
 (let ((?x2016 (* 108 ?x2317)))
 (let ((?x871 (* (- 1) ?x853)))
 (let ((?x1014 (* x!3 z00)))
 (let ((?x710 (* (- 36) ?x1014)))
 (let ((?x1338 (* (- 10) ?x775)))
 (let ((?x836 (* (- 12) ?x755)))
 (let ((?x1113 (* x!3 z00 z00)))
 (let ((?x1595 (* 18 ?x1113)))
 (let ((?x1137 (* 96 ?x655)))
 (let ((?x581 (* 36 ?x624)))
 (let ((?x1539 (* (- 2) (* x!3 z00 z00 z00))))
 (let ((?x979 (* 24 ?x561)))
 (let ((?x532 (* 216 ?x510)))
 (let ((?x2447 (* y!2 y!2 z00 z00)))
 (let ((?x1045 (+ (* 24 ?x2860) (* 10 (* z!1 z00 z00)) (* (- 12) (* y!2 z!1 z00)) (* 28 (* y!2 z00 z00)) (* (- 12) (* y!2 y!2 z!1)) ?x2447 (* (- 3) (* y!2 z00 z00 z00)) (* 156 (* y!2 z!1)) (* 18 (* z!1 z00 y00)) ?x532 (* 324 ?x1109) (* (- 120) (* z!1 y00)) ?x979 (* 108 (* x!3 z!1)) ?x1539 (* (- 24) (* z!1 z00)) ?x581 (* 240 ?x2037) ?x1137 (* (- 108) (* z!1 x00)) (* (- 336) (* y!2 y00)) ?x1595 (* (- 60) (* y!2 z00)) ?x836 ?x1338 ?x710 (* 54 (* y!2 z00 y00)) ?x871 ?x2016 ?x845 ?x846 (* (- 324) (* y!2 x00)) ?x1237 ?x844 (* (- 24) (* y!2 z!1 y00)) ?x1101 ?x840 ?x1187 ?x1165 ?x1277 ?x1281 ?x1164 ?x1384 (* (- 6) (* z!1 z!1 z00)) (* (- 12) (* y!2 z!1 z!1)) (* (- 4) ?x2878) (* (- 12) (* z!1 z!1 y00)) (* 2 (* y!2 z!1 z00 z00)) (* z!1 z!1 z00 z00) (* (- 1) (* z!1 z00 z00 z00)))))
 (let ((?x2811 (* y!2 z00 y00)))
 (let ((?x1768 (* 18 ?x1014)))
 (let ((?x1504 (* z!1 z00)))
 (let ((?x1171 (* (- 6) ?x1504)))
 (let ((?x1730 (* z!1 z00 y00)))
 (let ((?x1299 (* y!2 z!1 z00)))
 (let ((?x2175 (* (- 1) ?x1299)))
 (let ((?x718 (+ ?x2183 (* 3 (* z!1 z00 z00)) ?x2175 (* 6 (* y!2 z00 z00)) (* (- 1) (* y!2 y!2 z!1)) (* 36 (* y!2 z!1)) ?x1730 ?x2276 ?x825 (* (- 54) (* z!1 y00)) ?x690 (* 36 (* x!3 z!1)) ?x1171 ?x1818 ?x1434 ?x2281 (* (- 36) (* z!1 x00)) (* (- 60) (* y!2 y00)) (* 3 ?x1113) (* 12 (* y!2 z00)) ?x755 ?x2285 (* (- 3) (* z!1 z00 x00)) ?x1768 ?x2811 (* 3 (* x!3 z!1 z00)) (* (- 2) ?x1579) (* (- 18) (* y!2 x00)) ?x2287 (* (- 18) ?x1740) (* (- 1) (* y!2 z!1 y00)) (* 2 (* z!1 y00 y00)) (* (- 2) (* z!1 z!1 z00)) (* (- 2) (* y!2 z!1 z!1)) ?x1307 (* (- 1) (* z!1 z!1 y00)))))
 (let ((?x1305 (* y!2 z00 z00)))
 (let ((?x1239 (* z!1 z00 z00)))
 (let ((?x1116 (+ ?x1239 ?x2175 ?x1305 (* 6 (* y!2 z!1)) ?x1730 (* (- 24) (* z!1 y00)) (* 18 (* x!3 z!1)) ?x1818 ?x2440 ?x657 (* (- 18) (* z!1 x00)) (* (- 12) (* y!2 y00)) (* 18 (* y!2 z00)) ?x1821 ?x1768 (* (- 1) (* z!1 z!1 z00)))))
 (let ((?x562 (* 18 ?x561)))
 (let ((?x2615 (* z!1 y00)))
 (let ((?x1802 (* (- 12) ?x2615)))
 (let ((?x2174 (* y!2 z!1)))
 (let ((?x2244 (* (- 6) ?x2174)))
 (let ((?x1514 (* 12 ?x420)))
 (let ((?x640 (* (- 108) x00)))
 (let ((?x513 (* (- 1) ?x55)))
 (let ((?x1414 (* (- 144) y00)))
 (let ((?x1450 (* (- 36) z00)))
 (let ((?x2807 (* 108 x!3)))
 (let ((?x2641 (+ ?x2807 (* 144 y!2) (* 36 z!1) ?x1450 ?x1414 (* (- 6) ?x2860) ?x513 ?x640 ?x1239 ?x1514 ?x2244 ?x1802 ?x562 ?x1171)))
 (let ((?x491 (* (- 12) y00)))
 (let ((?x490 (* (- 6) z00)))
 (let (($x2688 (= (+ (* 12 y!2) (* 6 z!1) ?x490 ?x491 (* (- 1) ?x2860) ?x420) 0)))
 (let (($x692 (= (+ z!1 (* (- 6) n!0) (* (- 1) z00) (* 6 n00)) 0)))
 (let (($x428 (or (not $x692) (not $x2688) (not (= ?x2641 0)) (not (= ?x1116 0)) (not (= ?x718 0)) (not (= ?x1045 0)) (not (= (* ?x2266 (+ ?x425 ?x426 ?x49 ?x43 ?x2860 ?x421)) 0)))))
 (let ((?x1156 (+ (* 10 ?x1305) ?x2447 (* (- 1) (* y!2 z00 z00 z00)) ?x532 (* 108 ?x1109) ?x979 ?x1539 ?x581 (* 24 ?x2037) ?x1137 (* (- 120) (* y!2 y00)) ?x1595 (* (- 24) (* y!2 z00)) ?x836 ?x1338 ?x710 (* 18 ?x2811) ?x871 ?x2016 ?x845 ?x846 (* (- 108) (* y!2 x00)) ?x1237 ?x844 ?x1101 ?x840 ?x1187 ?x1165 ?x1277 ?x1281 ?x1164 ?x1384)))
 (let ((?x1432 (* y!2 z!1 y00)))
 (let ((?x966 (* 3 ?x965)))
 (let ((?x1028 (* 3 ?x775)))
 (let ((?x762 (* (- 1) ?x755)))
 (let ((?x2516 (* z!1 x00)))
 (let ((?x1956 (* 18 ?x2516)))
 (let ((?x948 (* (- 36) ?x655)))
 (let ((?x2604 (* x!3 z!1)))
 (let ((?x1738 (* (- 18) ?x2604)))
 (let ((?x2679 (* 12 ?x2615)))
 (let ((?x511 (* (- 18) ?x510)))
 (let ((?x2704 (* (- 12) ?x2174)))
 (let ((?x1050 (* y!2 y!2 z!1)))
 (let ((?x583 (* (- 72) y00)))
 (let ((?x914 (* 72 y!2)))
 (let ((?x2415 (+ ?x2807 ?x914 ?x583 ?x640 (* (- 3) ?x1305) ?x1050 ?x2704 ?x511 (* (- 18) ?x1109) ?x2679 ?x855 ?x1738 ?x948 ?x1956 (* 36 (* y!2 y00)) (* (- 3) ?x1113) (* 6 (* y!2 z00)) ?x762 ?x1028 (* 3 (* z!1 z00 x00)) (* (- 1) ?x2811) (* (- 3) (* x!3 z!1 z00)) (* 2 ?x1579) (* 18 (* y!2 x00)) ?x966 (* 18 ?x1740) ?x1432 (* (- 2) (* z!1 y00 y00)))))
 (let ((?x673 (* (- 24) ?x655)))
 (let ((?x626 (* 18 ?x624)))
 (let ((?x939 (+ ?x2807 ?x914 ?x583 ?x640 ?x1299 (* (- 1) ?x1305) ?x2704 (* (- 1) ?x1730) ?x2679 ?x690 ?x1738 ?x626 ?x1434 ?x673 ?x1956 (* 12 (* y!2 y00)) (* (- 6) (* y!2 z00)) ?x775 (* (- 18) ?x1014))))
 (let ((?x524 (* 6 ?x420)))
 (let (($x1126 (= (+ ?x2807 ?x914 ?x583 ?x513 ?x640 ?x1239 ?x524 ?x2244 ?x1802 ?x562 ?x1171) 0)))
 (let (($x519 (and $x692 $x2688 $x1126 (= ?x939 0) (= ?x2415 0) (= ?x1156 0) $x428)))
 (let (($x1258 (exists ((x Int) (y Int) (z Int) (n Int) )(! (let ((?x420 (* z00 z00)))
 (let ((?x421 (* (- 1) ?x420)))
 (let ((?x50 (* z z)))
 (let ((?x43 (* 12 y00)))
 (let ((?x49 (* 6 z00)))
 (let ((?x466 (* (- 6) z)))
 (let ((?x444 (* (- 12) y)))
 (let ((?x482 (+ ?x444 ?x466 ?x49 ?x43 ?x50 ?x421)))
 (let ((?x2887 (* (- 3) (* y z n))))
 (let ((?x2876 (* (- 3) (* x z n))))
 (let ((?x2865 (* (- 3) (* y y n))))
 (let ((?x2854 (* (- 3) (* x y n))))
 (let ((?x2660 (* 9 (* y y z z))))
 (let ((?x2626 (* 9 (* x x z z))))
 (let ((?x2490 (* 9 (* y y y y))))
 (let ((?x2468 (* 9 (* x x y y))))
 (let ((?x237 (+ x y)))
 (let ((?x223 (+ y z)))
 (let ((?x1519 (+ 6 z)))
 (let ((?x1542 (* (- 1) (* ?x1519 ?x1519 ?x223 ?x223 ?x237 ?x237))))
 (let ((?x629 (* y y)))
 (let ((?x2827 (* (- 3) ?x629)))
 (let ((?x567 (* x z)))
 (let ((?x2824 (* (- 3) ?x567)))
 (let ((?x529 (* x y)))
 (let ((?x2819 (* (- 3) ?x529)))
 (let ((?x504 (* y z)))
 (let ((?x2812 (* (- 3) ?x504)))
 (let ((?x2845 (+ (* 36 (* x y y z n)) ?x2812 ?x2819 ?x2824 ?x2827 ?x1542 (* 9 (* y y z z n)) (* 18 (* y y y z n)) (* 9 (* y y y y n)) (* 9 (* x x y y n)) (* 18 (* x y y y n)) (* 9 (* x x z z n)) (* 18 (* x x y z n)) (* 18 (* x y z z n)) ?x2468 (* 18 (* x y y y)) ?x2490 (* 18 (* x x y z)) (* 36 (* x y y z)) (* 18 (* y y y z)) ?x2626 (* 18 (* x y z z)) ?x2660 ?x2854 ?x2865 ?x2876 ?x2887)))
 (let ((?x2835 (* (- 1) (* z z00 z00 z00))))
 (let ((?x2709 (* z z z00 z00)))
 (let ((?x2718 (* 2 (* y z z00 z00))))
 (let ((?x2158 (* z z y00)))
 (let ((?x2500 (* (- 12) ?x2158)))
 (let ((?x2028 (* z z z)))
 (let ((?x2194 (* (- 4) ?x2028)))
 (let ((?x2027 (* y z z)))
 (let ((?x2203 (* (- 12) ?x2027)))
 (let ((?x1755 (* z z z00)))
 (let ((?x2429 (* (- 6) ?x1755)))
 (let ((?x1383 (* x00 x00)))
 (let ((?x1384 (* 108 ?x1383)))
 (let ((?x1377 (* 36 (* x z00 y00))))
 (let ((?x1280 (* z00 z00 z00 x00)))
 (let ((?x1281 (* 2 ?x1280)))
 (let ((?x1277 (* z00 z00 z00 y00)))
 (let ((?x1264 (* (- 216) (* x x00))))
 (let ((?x1174 (* z00 y00 x00)))
 (let ((?x1187 (* (- 36) ?x1174)))
 (let ((?x1161 (* (- 12) (* y y y00))))
 (let ((?x1100 (* y00 y00 y00)))
 (let ((?x1101 (* 16 ?x1100)))
 (let ((?x1025 (* y z y00)))
 (let ((?x2515 (* (- 24) ?x1025)))
 (let ((?x995 (* x y00)))
 (let ((?x1304 (* (- 216) ?x995)))
 (let ((?x965 (* z00 z00 x00)))
 (let ((?x1237 (* (- 18) ?x965)))
 (let ((?x961 (* y x00)))
 (let ((?x2651 (* (- 324) ?x961)))
 (let ((?x923 (* y y z00)))
 (let ((?x1124 (* (- 6) ?x923)))
 (let ((?x944 (* (- 4) (* y y y))))
 (let ((?x896 (* 108 (* x x))))
 (let ((?x853 (* z00 z00 y00 y00)))
 (let ((?x871 (* (- 1) ?x853)))
 (let ((?x786 (* x z00)))
 (let ((?x1363 (* (- 36) ?x786)))
 (let ((?x775 (* z00 z00 y00)))
 (let ((?x1338 (* (- 10) ?x775)))
 (let ((?x755 (* z00 y00 y00)))
 (let ((?x836 (* (- 12) ?x755)))
 (let ((?x723 (* y z00)))
 (let ((?x2783 (* (- 60) ?x723)))
 (let ((?x701 (* x z00 z00)))
 (let ((?x774 (* 18 ?x701)))
 (let ((?x693 (* y y00)))
 (let ((?x2699 (* (- 336) ?x693)))
 (let ((?x686 (* z x00)))
 (let ((?x2580 (* (- 108) ?x686)))
 (let ((?x655 (* y00 y00)))
 (let ((?x1137 (* 96 ?x655)))
 (let ((?x1998 (* 240 ?x629)))
 (let ((?x624 (* z00 x00)))
 (let ((?x581 (* 36 ?x624)))
 (let ((?x596 (* z z00)))
 (let ((?x2376 (* (- 24) ?x596)))
 (let ((?x706 (* (- 2) (* x z00 z00 z00))))
 (let ((?x1210 (* 108 ?x567)))
 (let ((?x561 (* z00 y00)))
 (let ((?x979 (* 24 ?x561)))
 (let ((?x535 (* z y00)))
 (let ((?x2338 (* (- 120) ?x535)))
 (let ((?x510 (* y00 x00)))
 (let ((?x532 (* 216 ?x510)))
 (let ((?x212 (* y z00 z00 z00)))
 (let ((?x2842 (* (- 3) ?x212)))
 (let ((?x201 (* y y z00 z00)))
 (let ((?x135 (* y y z)))
 (let ((?x2202 (* (- 12) ?x135)))
 (let ((?x105 (* y z00 z00)))
 (let ((?x2815 (* 28 ?x105)))
 (let ((?x103 (* y z z00)))
 (let ((?x2444 (* (- 12) ?x103)))
 (let ((?x76 (* z z00 z00)))
 (let ((?x2802 (* 10 ?x76)))
 (let ((?x1921 (* 24 ?x50)))
 (let ((?x1745 (+ ?x1921 ?x2802 ?x2444 ?x2815 ?x2202 ?x201 ?x2842 (* 156 ?x504) (* 18 (* z z00 y00)) ?x532 (* 324 ?x529) ?x2338 ?x979 ?x1210 ?x706 ?x2376 ?x581 ?x1998 ?x1137 ?x2580 ?x2699 ?x774 ?x2783 ?x836 ?x1338 ?x1363 (* 54 (* y z00 y00)) ?x871 ?x896 ?x944 ?x1124 ?x2651 ?x1237 ?x1304 ?x2515 ?x1101 ?x1161 ?x1187 ?x1264 ?x1277 ?x1281 ?x1377 ?x1384 ?x2429 ?x2203 ?x2194 ?x2500 ?x2718 ?x2709 ?x2835)))
 (let ((?x2298 (* (- 1) ?x2158)))
 (let ((?x2296 (* (- 1) ?x2028)))
 (let ((?x2295 (* (- 2) ?x2027)))
 (let ((?x2292 (* (- 2) ?x1755)))
 (let ((?x1039 (* z y00 y00)))
 (let ((?x1040 (* 2 ?x1039)))
 (let ((?x2289 (* (- 1) ?x1025)))
 (let ((?x2288 (* (- 18) ?x995)))
 (let ((?x2287 (* (- 3) ?x965)))
 (let ((?x2286 (* (- 2) ?x923)))
 (let ((?x897 (* x z z00)))
 (let ((?x898 (* 3 ?x897)))
 (let ((?x812 (* y z00 y00)))
 (let ((?x787 (* 18 ?x786)))
 (let ((?x2285 (* (- 3) ?x775)))
 (let ((?x2284 (* 12 ?x723)))
 (let ((?x702 (* 3 ?x701)))
 (let ((?x2283 (* (- 60) ?x693)))
 (let ((?x2281 (* 48 ?x655)))
 (let ((?x630 (* 12 ?x629)))
 (let ((?x1818 (* (- 18) ?x624)))
 (let ((?x609 (* (- 6) ?x596)))
 (let ((?x2279 (* 36 ?x567)))
 (let ((?x690 (* 6 ?x561)))
 (let ((?x531 (* 18 ?x529)))
 (let ((?x2276 (* 18 ?x510)))
 (let ((?x506 (* z z00 y00)))
 (let ((?x2275 (* 36 ?x504)))
 (let ((?x2274 (* (- 1) ?x135)))
 (let ((?x2273 (* 6 ?x105)))
 (let ((?x1817 (* (- 1) ?x103)))
 (let ((?x2231 (* 3 ?x76)))
 (let ((?x2049 (* 6 ?x50)))
 (let ((?x371 (+ ?x2049 ?x2231 ?x1817 ?x2273 ?x2274 ?x2275 ?x506 ?x2276 ?x531 (* (- 54) ?x535) ?x690 ?x2279 ?x609 ?x1818 ?x630 ?x2281 (* (- 36) ?x686) ?x2283 ?x702 ?x2284 ?x755 ?x2285 (* (- 3) (* z z00 x00)) ?x787 ?x812 ?x898 ?x2286 (* (- 18) ?x961) ?x2287 ?x2288 ?x2289 ?x1040 ?x2292 ?x2295 ?x2296 ?x2298)))
 (let ((?x1826 (* (- 1) ?x1755)))
 (let ((?x1821 (* (- 1) ?x775)))
 (let ((?x1712 (* 18 ?x723)))
 (let ((?x1820 (* (- 12) ?x693)))
 (let ((?x657 (* 24 ?x655)))
 (let ((?x1819 (* (- 12) ?x629)))
 (let ((?x569 (* 18 ?x567)))
 (let ((?x1977 (+ ?x76 ?x1817 ?x105 (* 6 ?x504) ?x506 (* (- 24) ?x535) ?x569 ?x1818 ?x1819 ?x657 (* (- 18) ?x686) ?x1820 ?x1712 ?x1821 ?x787 ?x1826)))
 (let ((?x562 (* 18 ?x561)))
 (let ((?x548 (* (- 12) ?x535)))
 (let ((?x505 (* (- 6) ?x504)))
 (let ((?x1514 (* 12 ?x420)))
 (let ((?x640 (* (- 108) x00)))
 (let ((?x55 (* z00 z00 z00)))
 (let ((?x513 (* (- 1) ?x55)))
 (let ((?x1185 (* (- 6) ?x50)))
 (let ((?x1414 (* (- 144) y00)))
 (let ((?x1450 (* (- 36) z00)))
 (let ((?x64 (* 108 x)))
 (let ((?x2799 (+ ?x64 (* 144 y) (* 36 z) ?x1450 ?x1414 ?x1185 ?x513 ?x640 ?x76 ?x1514 ?x505 ?x548 ?x562 ?x609)))
 (let ((?x492 (* (- 1) ?x50)))
 (let ((?x491 (* (- 12) y00)))
 (let ((?x490 (* (- 6) z00)))
 (let ((?x46 (* 6 z)))
 (let ((?x45 (* 12 y)))
 (let (($x494 (= (+ ?x45 ?x46 ?x490 ?x491 ?x492 ?x420) 0)))
 (let (($x1178 (not $x494)))
 (let (($x412 (= (+ z (* (- 6) n) (* (- 1) z00) (* 6 n00)) 0)))
 (let (($x926 (not $x412)))
 (let (($x1437 (or $x926 $x1178 (not (= ?x2799 0)) (not (= ?x1977 0)) (not (= ?x371 0)) (not (= ?x1745 0)) (not (= (* ?x2845 ?x482) 0)))))
 (let ((?x884 (* 24 ?x629)))
 (let ((?x1404 (+ (* 10 ?x105) ?x201 (* (- 1) ?x212) ?x532 (* 108 ?x529) ?x979 ?x706 ?x581 ?x884 ?x1137 (* (- 120) ?x693) ?x774 (* (- 24) ?x723) ?x836 ?x1338 ?x1363 (* 18 ?x812) ?x871 ?x896 ?x944 ?x1124 (* (- 108) ?x961) ?x1237 ?x1304 ?x1101 ?x1161 ?x1187 ?x1264 ?x1277 ?x1281 ?x1377 ?x1384)))
 (let (($x1409 (= ?x1404 0)))
 (let ((?x966 (* 3 ?x965)))
 (let ((?x1028 (* 3 ?x775)))
 (let ((?x762 (* (- 1) ?x755)))
 (let ((?x687 (* 18 ?x686)))
 (let ((?x948 (* (- 36) ?x655)))
 (let ((?x598 (* (- 18) ?x567)))
 (let ((?x855 (* (- 6) ?x561)))
 (let ((?x536 (* 12 ?x535)))
 (let ((?x511 (* (- 18) ?x510)))
 (let ((?x533 (* (- 12) ?x504)))
 (let ((?x583 (* (- 72) y00)))
 (let ((?x71 (* 72 y)))
 (let ((?x1084 (+ ?x64 ?x71 ?x583 ?x640 (* (- 3) ?x105) ?x135 ?x533 ?x511 (* (- 18) ?x529) ?x536 ?x855 ?x598 ?x948 ?x687 (* 36 ?x693) (* (- 3) ?x701) (* 6 ?x723) ?x762 ?x1028 (* 3 (* z z00 x00)) (* (- 1) ?x812) (* (- 3) ?x897) (* 2 ?x923) (* 18 ?x961) ?x966 (* 18 ?x995) ?x1025 (* (- 2) ?x1039))))
 (let (($x1091 (= ?x1084 0)))
 (let ((?x673 (* (- 24) ?x655)))
 (let ((?x626 (* 18 ?x624)))
 (let ((?x829 (+ ?x64 ?x71 ?x583 ?x640 ?x103 (* (- 1) ?x105) ?x533 (* (- 1) ?x506) ?x536 ?x690 ?x598 ?x626 ?x630 ?x673 ?x687 (* 12 ?x693) (* (- 6) ?x723) ?x775 (* (- 18) ?x786))))
 (let (($x834 (= ?x829 0)))
 (let ((?x524 (* 6 ?x420)))
 (let (($x661 (= (+ ?x64 ?x71 ?x583 ?x513 ?x640 ?x76 ?x524 ?x505 ?x548 ?x562 ?x609) 0)))
 (and $x412 $x494 $x661 $x834 $x1091 $x1409 $x1437)))))))))))))))))))))))))))))))))))))))))))))))))))))))))))))))))))))))))))))))))))))))))))))))))))))))))))))))))))))))))))))))))))))))))))))))))))))))))))))))))))))))))))))))))))))))))))))))))))) :qid k!44))
 ))
 (let (($x1209 (exists ((x Int) (y Int) (z Int) (n Int) )(! (let ((?x1519 (+ 6 z)))
 (let ((?x988 (* ?x1519 ?x1519)))
 (let ((?x49 (* 6 z00)))
 (let ((?x935 (* (- 18) z)))
 (let ((?x444 (* (- 12) y)))
 (let ((?x43 (* 12 y00)))
 (let ((?x420 (* z00 z00)))
 (let ((?x421 (* (- 1) ?x420)))
 (let ((?x237 (+ x y)))
 (let ((?x223 (+ y z)))
 (let ((?x1467 (+ 1 n)))
 (let ((?x1542 (* (- 1) (* ?x1519 ?x1519 ?x223 ?x223 ?x237 ?x237))))
 (let ((?x1558 (+ ?x1542 (* 9 (* ?x1467 ?x223 ?x223 ?x237 ?x237)) (* (- 3) (* ?x1467 ?x223 ?x237)))))
 (let (($x2882 (not (= (* ?x1558 (+ (- 36) ?x421 ?x43 ?x444 ?x935 ?x49 ?x988)) 0))))
 (let ((?x1383 (* x00 x00)))
 (let ((?x1384 (* 108 ?x1383)))
 (let ((?x99 (* y00 z00 z00)))
 (let ((?x1290 (* (- 10) ?x99)))
 (let ((?x2337 (* 2 (* x00 z00 z00 z00))))
 (let ((?x196 (* y00 z00 z00 z00)))
 (let ((?x2501 (* x00 z00 z00)))
 (let ((?x2216 (* (- 18) ?x2501)))
 (let ((?x1959 (* (- 36) (* x00 y00 z00))))
 (let ((?x655 (* y00 y00)))
 (let ((?x1137 (* 96 ?x655)))
 (let ((?x1100 (* y00 y00 y00)))
 (let ((?x1101 (* 16 ?x1100)))
 (let ((?x1758 (* y00 z00)))
 (let ((?x2508 (* 24 ?x1758)))
 (let ((?x161 (* y00 y00 z00 z00)))
 (let ((?x2809 (* (- 1) ?x161)))
 (let ((?x113 (* y00 y00 z00)))
 (let ((?x1785 (* (- 12) ?x113)))
 (let ((?x1528 (* x00 z00)))
 (let ((?x2133 (* 36 ?x1528)))
 (let ((?x2877 (* x00 y00)))
 (let ((?x1208 (* 216 ?x2877)))
 (let ((?x2765 (+ ?x1208 (* 108 (* ?x223 ?x237)) ?x2133 (* (- 2) (* z00 z00 z00 ?x237)) (* 18 (* z00 z00 ?x237)) ?x1785 ?x2809 (* 24 (* ?x223 ?x223)) (* 108 (* ?x237 ?x237)) (* (- 4) (* ?x223 ?x223 ?x223)) (* 18 (* y00 z00 ?x223)) ?x2508 (* (- 120) (* y00 ?x223)) (* (- 24) (* z00 ?x223)) ?x1101 (* (- 6) (* z00 ?x223 ?x223)) ?x1137 (* (- 12) (* y00 ?x223 ?x223)) ?x1959 (* (- 108) (* x00 ?x223)) ?x2216 (* (- 216) (* x00 ?x237)) ?x196 ?x2337 (* (- 216) (* y00 ?x237)) (* z00 z00 ?x223 ?x223) ?x1290 (* (- 36) (* z00 ?x237)) (* 36 (* y00 z00 ?x237)) (* 10 (* z00 z00 ?x223)) ?x1384 (* (- 1) (* z00 z00 z00 ?x223)))))
 (let (($x1499 (not (= ?x2765 0))))
 (let ((?x994 (* (- 3) ?x99)))
 (let ((?x74 (* 108 x00)))
 (let ((?x2724 (* (- 72) z)))
 (let ((?x67 (* 72 y00)))
 (let ((?x1170 (* (- 180) y)))
 (let ((?x2441 (* (- 108) x)))
 (let ((?x1950 (* (- 3) ?x2501)))
 (let ((?x2086 (* x00 ?x1519)))
 (let ((?x2423 (* (- 18) ?x2086)))
 (let ((?x2437 (* 36 ?x655)))
 (let ((?x1720 (* ?x1519 ?x223)))
 (let ((?x1779 (* 12 ?x1720)))
 (let ((?x2181 (* z00 ?x223)))
 (let ((?x2229 (* (- 6) ?x2181)))
 (let ((?x886 (* 6 ?x1758)))
 (let ((?x1942 (* y00 ?x1519)))
 (let ((?x2188 (* (- 12) ?x1942)))
 (let ((?x1036 (* y00 z00 ?x223)))
 (let ((?x2170 (* ?x1519 ?x237)))
 (let ((?x2800 (* 18 ?x2170)))
 (let ((?x932 (* 18 ?x2877)))
 (let ((?x1716 (+ ?x932 (* 18 (* ?x223 ?x237)) ?x2800 (* 3 (* z00 z00 ?x237)) ?x113 (* (- 3) (* x00 z00 ?x1519)) ?x1036 ?x2188 ?x886 (* (- 36) (* y00 ?x223)) ?x2229 ?x1779 (* 3 (* z00 ?x1519 ?x237)) (* (- 2) (* z00 ?x223 ?x223)) ?x2437 ?x2423 (* (- 1) (* ?x1519 ?x223 ?x223)) (* (- 18) (* x00 ?x223)) ?x1950 ?x2441 ?x1170 ?x67 (* (- 18) (* y00 ?x237)) ?x2724 ?x74 (* (- 1) (* y00 ?x1519 ?x223)) ?x994 (* 2 (* y00 y00 ?x1519)) (* 3 (* z00 z00 ?x223)))))
 (let ((?x1077 (* z00 z00 ?x223)))
 (let ((?x2795 (* (- 1) ?x99)))
 (let ((?x2182 (* 6 ?x2181)))
 (let ((?x2728 (* (- 6) ?x1758)))
 (let ((?x657 (* 24 ?x655)))
 (let ((?x1776 (* (- 18) ?x1528)))
 (let ((?x1760 (* y00 z00 ?x1519)))
 (let ((?x2758 (+ ?x1760 ?x1779 ?x2800 ?x1776 (* (- 12) (* ?x223 ?x223)) ?x657 ?x2423 ?x2188 ?x2728 (* (- 12) (* y00 ?x223)) ?x2441 ?x1170 ?x67 ?x2182 ?x2724 ?x74 ?x2795 (* 18 (* z00 ?x237)) (* (- 1) (* z00 ?x1519 ?x223)) ?x1077)))
 (let ((?x2070 (* (- 18) ?x1758)))
 (let ((?x1970 (* 12 ?x1942)))
 (let ((?x2727 (* (- 6) ?x420)))
 (let ((?x55 (* z00 z00 z00)))
 (let ((?x2725 (+ (* 6 ?x1720) ?x55 ?x2727 ?x1970 ?x2070 ?x2441 ?x1170 ?x67 (* 6 (* z00 ?x1519)) ?x2724 ?x74 (* (- 1) (* z00 z00 ?x1519)))))
 (let ((?x490 (* (- 6) z00)))
 (let ((?x45 (* 12 y)))
 (let ((?x491 (* (- 12) y00)))
 (let (($x1753 (not (= (+ ?x420 ?x491 ?x45 (* 18 z) ?x490 (* (- 1) ?x988)) (- 36)))))
 (let (($x848 (= (+ z (* (- 1) z00) (* (- 6) n) (* 6 n00)) 0)))
 (let (($x1233 (or (not $x848) $x1753 (not (= ?x2725 0)) (not (= ?x2758 0)) (not (= ?x1716 0)) $x1499 $x2882)))
 (let ((?x944 (* (- 4) (* y y y))))
 (let ((?x896 (* 108 (* x x))))
 (let ((?x629 (* y y)))
 (let ((?x884 (* 24 ?x629)))
 (let ((?x1938 (* y x)))
 (let ((?x1939 (* 108 ?x1938)))
 (let ((?x2687 (+ ?x1208 ?x1939 ?x2133 (* (- 2) (* z00 z00 z00 x)) (* 18 (* z00 z00 x)) ?x1785 ?x2809 ?x884 ?x896 ?x944 (* 18 (* y00 z00 y)) ?x2508 (* (- 120) (* y00 y)) (* (- 24) (* z00 y)) ?x1101 (* (- 6) (* z00 y y)) ?x1137 (* (- 12) (* y00 y y)) ?x1959 (* (- 108) (* x00 y)) ?x2216 (* (- 216) (* x00 x)) ?x196 ?x2337 (* (- 216) (* y00 x)) (* z00 z00 y y) ?x1290 (* (- 36) (* z00 x)) (* 36 (* y00 z00 x)) (* 10 (* z00 z00 y)) ?x1384 (* (- 1) (* z00 z00 z00 y)))))
 (let (($x2680 (= ?x2687 0)))
 (let ((?x580 (* (- 72) y)))
 (let ((?x2065 (* x00 y)))
 (let ((?x2297 (* (- 18) ?x2065)))
 (let ((?x1602 (* x00 z)))
 (let ((?x1825 (* (- 18) ?x1602)))
 (let ((?x1561 (* z y)))
 (let ((?x917 (* 12 ?x1561)))
 (let ((?x1006 (* z00 y)))
 (let ((?x1051 (* (- 6) ?x1006)))
 (let ((?x1286 (* y00 z)))
 (let ((?x1328 (* (- 12) ?x1286)))
 (let ((?x1692 (* y00 z00 y)))
 (let ((?x653 (* z x)))
 (let ((?x1739 (* 18 ?x653)))
 (let ((?x1339 (+ ?x932 (* 18 ?x1938) ?x1739 (* 3 (* z00 z00 x)) ?x113 (* (- 3) (* x00 z00 z)) ?x1692 ?x1328 ?x886 (* (- 36) (* y00 y)) ?x1051 ?x917 (* 3 (* z00 z x)) (* (- 2) (* z00 y y)) ?x2437 ?x1825 (* (- 1) (* z y y)) ?x2297 ?x1950 ?x2441 ?x67 (* (- 18) (* y00 x)) ?x580 ?x74 (* (- 1) (* y00 z y)) ?x994 (* 2 (* y00 y00 z)) (* 3 (* z00 z00 y)))))
 (let ((?x748 (* z00 z00 y)))
 (let ((?x1007 (* 6 ?x1006)))
 (let ((?x1819 (* (- 12) ?x629)))
 (let ((?x1296 (* y00 z00 z)))
 (let ((?x1771 (+ ?x1296 ?x917 ?x1739 ?x1776 ?x1819 ?x657 ?x1825 ?x1328 ?x2728 (* (- 12) (* y00 y)) ?x2441 ?x67 ?x1007 ?x580 ?x74 ?x2795 (* 18 (* z00 x)) (* (- 1) (* z00 z y)) ?x748)))
 (let ((?x1362 (* 12 ?x1286)))
 (let ((?x585 (+ (* 6 ?x1561) ?x55 ?x2727 ?x1362 ?x2070 ?x2441 ?x67 (* 6 (* z00 z)) ?x580 ?x74 (* (- 1) (* z00 z00 z)))))
 (let (($x2091 (= (+ ?x420 ?x491 ?x45 (* 6 z) ?x490 (* (- 1) (* z z))) 0)))
 (and $x848 $x2091 (= ?x585 0) (= ?x1771 0) (= ?x1339 0) $x2680 $x1233)))))))))))))))))))))))))))))))))))))))))))))))))))))))))))))))))))))))))))))))))))))))))))))))))))))))))))))))) :qid k!44))
 ))
 (let ((?x1268 (lambda ((x Int) (y Int) (z Int) (n Int) )(let ((?x420 (* z00 z00)))
 (let ((?x421 (* (- 1) ?x420)))
 (let ((?x50 (* z z)))
 (let ((?x43 (* 12 y00)))
 (let ((?x49 (* 6 z00)))
 (let ((?x466 (* (- 6) z)))
 (let ((?x444 (* (- 12) y)))
 (let ((?x482 (+ ?x444 ?x466 ?x49 ?x43 ?x50 ?x421)))
 (let ((?x2887 (* (- 3) (* y z n))))
 (let ((?x2876 (* (- 3) (* x z n))))
 (let ((?x2865 (* (- 3) (* y y n))))
 (let ((?x2854 (* (- 3) (* x y n))))
 (let ((?x2660 (* 9 (* y y z z))))
 (let ((?x2626 (* 9 (* x x z z))))
 (let ((?x2490 (* 9 (* y y y y))))
 (let ((?x2468 (* 9 (* x x y y))))
 (let ((?x237 (+ x y)))
 (let ((?x223 (+ y z)))
 (let ((?x1519 (+ 6 z)))
 (let ((?x1542 (* (- 1) (* ?x1519 ?x1519 ?x223 ?x223 ?x237 ?x237))))
 (let ((?x629 (* y y)))
 (let ((?x2827 (* (- 3) ?x629)))
 (let ((?x567 (* x z)))
 (let ((?x2824 (* (- 3) ?x567)))
 (let ((?x529 (* x y)))
 (let ((?x2819 (* (- 3) ?x529)))
 (let ((?x504 (* y z)))
 (let ((?x2812 (* (- 3) ?x504)))
 (let ((?x2845 (+ (* 36 (* x y y z n)) ?x2812 ?x2819 ?x2824 ?x2827 ?x1542 (* 9 (* y y z z n)) (* 18 (* y y y z n)) (* 9 (* y y y y n)) (* 9 (* x x y y n)) (* 18 (* x y y y n)) (* 9 (* x x z z n)) (* 18 (* x x y z n)) (* 18 (* x y z z n)) ?x2468 (* 18 (* x y y y)) ?x2490 (* 18 (* x x y z)) (* 36 (* x y y z)) (* 18 (* y y y z)) ?x2626 (* 18 (* x y z z)) ?x2660 ?x2854 ?x2865 ?x2876 ?x2887)))
 (let ((?x2835 (* (- 1) (* z z00 z00 z00))))
 (let ((?x2709 (* z z z00 z00)))
 (let ((?x2718 (* 2 (* y z z00 z00))))
 (let ((?x2158 (* z z y00)))
 (let ((?x2500 (* (- 12) ?x2158)))
 (let ((?x2028 (* z z z)))
 (let ((?x2194 (* (- 4) ?x2028)))
 (let ((?x2027 (* y z z)))
 (let ((?x2203 (* (- 12) ?x2027)))
 (let ((?x1755 (* z z z00)))
 (let ((?x2429 (* (- 6) ?x1755)))
 (let ((?x1383 (* x00 x00)))
 (let ((?x1384 (* 108 ?x1383)))
 (let ((?x1377 (* 36 (* x z00 y00))))
 (let ((?x1280 (* z00 z00 z00 x00)))
 (let ((?x1281 (* 2 ?x1280)))
 (let ((?x1277 (* z00 z00 z00 y00)))
 (let ((?x1264 (* (- 216) (* x x00))))
 (let ((?x1174 (* z00 y00 x00)))
 (let ((?x1187 (* (- 36) ?x1174)))
 (let ((?x1161 (* (- 12) (* y y y00))))
 (let ((?x1100 (* y00 y00 y00)))
 (let ((?x1101 (* 16 ?x1100)))
 (let ((?x1025 (* y z y00)))
 (let ((?x2515 (* (- 24) ?x1025)))
 (let ((?x995 (* x y00)))
 (let ((?x1304 (* (- 216) ?x995)))
 (let ((?x965 (* z00 z00 x00)))
 (let ((?x1237 (* (- 18) ?x965)))
 (let ((?x961 (* y x00)))
 (let ((?x2651 (* (- 324) ?x961)))
 (let ((?x923 (* y y z00)))
 (let ((?x1124 (* (- 6) ?x923)))
 (let ((?x944 (* (- 4) (* y y y))))
 (let ((?x896 (* 108 (* x x))))
 (let ((?x853 (* z00 z00 y00 y00)))
 (let ((?x871 (* (- 1) ?x853)))
 (let ((?x786 (* x z00)))
 (let ((?x1363 (* (- 36) ?x786)))
 (let ((?x775 (* z00 z00 y00)))
 (let ((?x1338 (* (- 10) ?x775)))
 (let ((?x755 (* z00 y00 y00)))
 (let ((?x836 (* (- 12) ?x755)))
 (let ((?x723 (* y z00)))
 (let ((?x2783 (* (- 60) ?x723)))
 (let ((?x701 (* x z00 z00)))
 (let ((?x774 (* 18 ?x701)))
 (let ((?x693 (* y y00)))
 (let ((?x2699 (* (- 336) ?x693)))
 (let ((?x686 (* z x00)))
 (let ((?x2580 (* (- 108) ?x686)))
 (let ((?x655 (* y00 y00)))
 (let ((?x1137 (* 96 ?x655)))
 (let ((?x1998 (* 240 ?x629)))
 (let ((?x624 (* z00 x00)))
 (let ((?x581 (* 36 ?x624)))
 (let ((?x596 (* z z00)))
 (let ((?x2376 (* (- 24) ?x596)))
 (let ((?x706 (* (- 2) (* x z00 z00 z00))))
 (let ((?x1210 (* 108 ?x567)))
 (let ((?x561 (* z00 y00)))
 (let ((?x979 (* 24 ?x561)))
 (let ((?x535 (* z y00)))
 (let ((?x2338 (* (- 120) ?x535)))
 (let ((?x510 (* y00 x00)))
 (let ((?x532 (* 216 ?x510)))
 (let ((?x212 (* y z00 z00 z00)))
 (let ((?x2842 (* (- 3) ?x212)))
 (let ((?x201 (* y y z00 z00)))
 (let ((?x135 (* y y z)))
 (let ((?x2202 (* (- 12) ?x135)))
 (let ((?x105 (* y z00 z00)))
 (let ((?x2815 (* 28 ?x105)))
 (let ((?x103 (* y z z00)))
 (let ((?x2444 (* (- 12) ?x103)))
 (let ((?x76 (* z z00 z00)))
 (let ((?x2802 (* 10 ?x76)))
 (let ((?x1921 (* 24 ?x50)))
 (let ((?x1745 (+ ?x1921 ?x2802 ?x2444 ?x2815 ?x2202 ?x201 ?x2842 (* 156 ?x504) (* 18 (* z z00 y00)) ?x532 (* 324 ?x529) ?x2338 ?x979 ?x1210 ?x706 ?x2376 ?x581 ?x1998 ?x1137 ?x2580 ?x2699 ?x774 ?x2783 ?x836 ?x1338 ?x1363 (* 54 (* y z00 y00)) ?x871 ?x896 ?x944 ?x1124 ?x2651 ?x1237 ?x1304 ?x2515 ?x1101 ?x1161 ?x1187 ?x1264 ?x1277 ?x1281 ?x1377 ?x1384 ?x2429 ?x2203 ?x2194 ?x2500 ?x2718 ?x2709 ?x2835)))
 (let ((?x2298 (* (- 1) ?x2158)))
 (let ((?x2296 (* (- 1) ?x2028)))
 (let ((?x2295 (* (- 2) ?x2027)))
 (let ((?x2292 (* (- 2) ?x1755)))
 (let ((?x1039 (* z y00 y00)))
 (let ((?x1040 (* 2 ?x1039)))
 (let ((?x2289 (* (- 1) ?x1025)))
 (let ((?x2288 (* (- 18) ?x995)))
 (let ((?x2287 (* (- 3) ?x965)))
 (let ((?x2286 (* (- 2) ?x923)))
 (let ((?x897 (* x z z00)))
 (let ((?x898 (* 3 ?x897)))
 (let ((?x812 (* y z00 y00)))
 (let ((?x787 (* 18 ?x786)))
 (let ((?x2285 (* (- 3) ?x775)))
 (let ((?x2284 (* 12 ?x723)))
 (let ((?x702 (* 3 ?x701)))
 (let ((?x2283 (* (- 60) ?x693)))
 (let ((?x2281 (* 48 ?x655)))
 (let ((?x630 (* 12 ?x629)))
 (let ((?x1818 (* (- 18) ?x624)))
 (let ((?x609 (* (- 6) ?x596)))
 (let ((?x2279 (* 36 ?x567)))
 (let ((?x690 (* 6 ?x561)))
 (let ((?x531 (* 18 ?x529)))
 (let ((?x2276 (* 18 ?x510)))
 (let ((?x506 (* z z00 y00)))
 (let ((?x2275 (* 36 ?x504)))
 (let ((?x2274 (* (- 1) ?x135)))
 (let ((?x2273 (* 6 ?x105)))
 (let ((?x1817 (* (- 1) ?x103)))
 (let ((?x2231 (* 3 ?x76)))
 (let ((?x2049 (* 6 ?x50)))
 (let ((?x371 (+ ?x2049 ?x2231 ?x1817 ?x2273 ?x2274 ?x2275 ?x506 ?x2276 ?x531 (* (- 54) ?x535) ?x690 ?x2279 ?x609 ?x1818 ?x630 ?x2281 (* (- 36) ?x686) ?x2283 ?x702 ?x2284 ?x755 ?x2285 (* (- 3) (* z z00 x00)) ?x787 ?x812 ?x898 ?x2286 (* (- 18) ?x961) ?x2287 ?x2288 ?x2289 ?x1040 ?x2292 ?x2295 ?x2296 ?x2298)))
 (let ((?x1826 (* (- 1) ?x1755)))
 (let ((?x1821 (* (- 1) ?x775)))
 (let ((?x1712 (* 18 ?x723)))
 (let ((?x1820 (* (- 12) ?x693)))
 (let ((?x657 (* 24 ?x655)))
 (let ((?x1819 (* (- 12) ?x629)))
 (let ((?x569 (* 18 ?x567)))
 (let ((?x1977 (+ ?x76 ?x1817 ?x105 (* 6 ?x504) ?x506 (* (- 24) ?x535) ?x569 ?x1818 ?x1819 ?x657 (* (- 18) ?x686) ?x1820 ?x1712 ?x1821 ?x787 ?x1826)))
 (let ((?x562 (* 18 ?x561)))
 (let ((?x548 (* (- 12) ?x535)))
 (let ((?x505 (* (- 6) ?x504)))
 (let ((?x1514 (* 12 ?x420)))
 (let ((?x640 (* (- 108) x00)))
 (let ((?x55 (* z00 z00 z00)))
 (let ((?x513 (* (- 1) ?x55)))
 (let ((?x1185 (* (- 6) ?x50)))
 (let ((?x1414 (* (- 144) y00)))
 (let ((?x1450 (* (- 36) z00)))
 (let ((?x64 (* 108 x)))
 (let ((?x2799 (+ ?x64 (* 144 y) (* 36 z) ?x1450 ?x1414 ?x1185 ?x513 ?x640 ?x76 ?x1514 ?x505 ?x548 ?x562 ?x609)))
 (let ((?x492 (* (- 1) ?x50)))
 (let ((?x491 (* (- 12) y00)))
 (let ((?x490 (* (- 6) z00)))
 (let ((?x46 (* 6 z)))
 (let ((?x45 (* 12 y)))
 (let (($x494 (= (+ ?x45 ?x46 ?x490 ?x491 ?x492 ?x420) 0)))
 (let (($x1178 (not $x494)))
 (let (($x412 (= (+ z (* (- 6) n) (* (- 1) z00) (* 6 n00)) 0)))
 (let (($x926 (not $x412)))
 (let (($x1437 (or $x926 $x1178 (not (= ?x2799 0)) (not (= ?x1977 0)) (not (= ?x371 0)) (not (= ?x1745 0)) (not (= (* ?x2845 ?x482) 0)))))
 (let ((?x884 (* 24 ?x629)))
 (let ((?x1404 (+ (* 10 ?x105) ?x201 (* (- 1) ?x212) ?x532 (* 108 ?x529) ?x979 ?x706 ?x581 ?x884 ?x1137 (* (- 120) ?x693) ?x774 (* (- 24) ?x723) ?x836 ?x1338 ?x1363 (* 18 ?x812) ?x871 ?x896 ?x944 ?x1124 (* (- 108) ?x961) ?x1237 ?x1304 ?x1101 ?x1161 ?x1187 ?x1264 ?x1277 ?x1281 ?x1377 ?x1384)))
 (let (($x1409 (= ?x1404 0)))
 (let ((?x966 (* 3 ?x965)))
 (let ((?x1028 (* 3 ?x775)))
 (let ((?x762 (* (- 1) ?x755)))
 (let ((?x687 (* 18 ?x686)))
 (let ((?x948 (* (- 36) ?x655)))
 (let ((?x598 (* (- 18) ?x567)))
 (let ((?x855 (* (- 6) ?x561)))
 (let ((?x536 (* 12 ?x535)))
 (let ((?x511 (* (- 18) ?x510)))
 (let ((?x533 (* (- 12) ?x504)))
 (let ((?x583 (* (- 72) y00)))
 (let ((?x71 (* 72 y)))
 (let ((?x1084 (+ ?x64 ?x71 ?x583 ?x640 (* (- 3) ?x105) ?x135 ?x533 ?x511 (* (- 18) ?x529) ?x536 ?x855 ?x598 ?x948 ?x687 (* 36 ?x693) (* (- 3) ?x701) (* 6 ?x723) ?x762 ?x1028 (* 3 (* z z00 x00)) (* (- 1) ?x812) (* (- 3) ?x897) (* 2 ?x923) (* 18 ?x961) ?x966 (* 18 ?x995) ?x1025 (* (- 2) ?x1039))))
 (let (($x1091 (= ?x1084 0)))
 (let ((?x673 (* (- 24) ?x655)))
 (let ((?x626 (* 18 ?x624)))
 (let ((?x829 (+ ?x64 ?x71 ?x583 ?x640 ?x103 (* (- 1) ?x105) ?x533 (* (- 1) ?x506) ?x536 ?x690 ?x598 ?x626 ?x630 ?x673 ?x687 (* 12 ?x693) (* (- 6) ?x723) ?x775 (* (- 18) ?x786))))
 (let (($x834 (= ?x829 0)))
 (let ((?x524 (* 6 ?x420)))
 (let (($x661 (= (+ ?x64 ?x71 ?x583 ?x513 ?x640 ?x76 ?x524 ?x505 ?x548 ?x562 ?x609) 0)))
 (let (($x2334 (and $x412 $x494 $x661 $x834 $x1091 $x1409 $x1437)))
 (let ((?x1558 (+ ?x1542 (* 9 (* (+ 1 n) ?x223 ?x223 ?x237 ?x237)) (* (- 3) (* (+ 1 n) ?x223 ?x237)))))
 (let ((?x1876 (* ?x1558 (+ (- 36) ?x421 ?x43 ?x444 (* (- 18) z) ?x49 (* ?x1519 ?x1519)))))
 (let (($x2882 (not (= ?x1876 0))))
 (let ((?x99 (* y00 z00 z00)))
 (let ((?x1290 (* (- 10) ?x99)))
 (let ((?x2337 (* 2 (* x00 z00 z00 z00))))
 (let ((?x196 (* y00 z00 z00 z00)))
 (let ((?x2501 (* x00 z00 z00)))
 (let ((?x2216 (* (- 18) ?x2501)))
 (let ((?x1959 (* (- 36) (* x00 y00 z00))))
 (let ((?x1758 (* y00 z00)))
 (let ((?x2508 (* 24 ?x1758)))
 (let ((?x161 (* y00 y00 z00 z00)))
 (let ((?x2809 (* (- 1) ?x161)))
 (let ((?x113 (* y00 y00 z00)))
 (let ((?x1785 (* (- 12) ?x113)))
 (let ((?x1528 (* x00 z00)))
 (let ((?x2133 (* 36 ?x1528)))
 (let ((?x2877 (* x00 y00)))
 (let ((?x1208 (* 216 ?x2877)))
 (let ((?x2765 (+ ?x1208 (* 108 (* ?x223 ?x237)) ?x2133 (* (- 2) (* z00 z00 z00 ?x237)) (* 18 (* z00 z00 ?x237)) ?x1785 ?x2809 (* 24 (* ?x223 ?x223)) (* 108 (* ?x237 ?x237)) (* (- 4) (* ?x223 ?x223 ?x223)) (* 18 (* y00 z00 ?x223)) ?x2508 (* (- 120) (* y00 ?x223)) (* (- 24) (* z00 ?x223)) ?x1101 (* (- 6) (* z00 ?x223 ?x223)) ?x1137 (* (- 12) (* y00 ?x223 ?x223)) ?x1959 (* (- 108) (* x00 ?x223)) ?x2216 (* (- 216) (* x00 ?x237)) ?x196 ?x2337 (* (- 216) (* y00 ?x237)) (* z00 z00 ?x223 ?x223) ?x1290 (* (- 36) (* z00 ?x237)) (* 36 (* y00 z00 ?x237)) (* 10 (* z00 z00 ?x223)) ?x1384 (* (- 1) (* z00 z00 z00 ?x223)))))
 (let (($x1499 (not (= ?x2765 0))))
 (let ((?x994 (* (- 3) ?x99)))
 (let ((?x74 (* 108 x00)))
 (let ((?x2724 (* (- 72) z)))
 (let ((?x67 (* 72 y00)))
 (let ((?x1170 (* (- 180) y)))
 (let ((?x2441 (* (- 108) x)))
 (let ((?x1950 (* (- 3) ?x2501)))
 (let ((?x2086 (* x00 ?x1519)))
 (let ((?x2423 (* (- 18) ?x2086)))
 (let ((?x2437 (* 36 ?x655)))
 (let ((?x1720 (* ?x1519 ?x223)))
 (let ((?x1779 (* 12 ?x1720)))
 (let ((?x2181 (* z00 ?x223)))
 (let ((?x2229 (* (- 6) ?x2181)))
 (let ((?x886 (* 6 ?x1758)))
 (let ((?x1942 (* y00 ?x1519)))
 (let ((?x2188 (* (- 12) ?x1942)))
 (let ((?x1036 (* y00 z00 ?x223)))
 (let ((?x2170 (* ?x1519 ?x237)))
 (let ((?x2800 (* 18 ?x2170)))
 (let ((?x932 (* 18 ?x2877)))
 (let ((?x1716 (+ ?x932 (* 18 (* ?x223 ?x237)) ?x2800 (* 3 (* z00 z00 ?x237)) ?x113 (* (- 3) (* x00 z00 ?x1519)) ?x1036 ?x2188 ?x886 (* (- 36) (* y00 ?x223)) ?x2229 ?x1779 (* 3 (* z00 ?x1519 ?x237)) (* (- 2) (* z00 ?x223 ?x223)) ?x2437 ?x2423 (* (- 1) (* ?x1519 ?x223 ?x223)) (* (- 18) (* x00 ?x223)) ?x1950 ?x2441 ?x1170 ?x67 (* (- 18) (* y00 ?x237)) ?x2724 ?x74 (* (- 1) (* y00 ?x1519 ?x223)) ?x994 (* 2 (* y00 y00 ?x1519)) (* 3 (* z00 z00 ?x223)))))
 (let ((?x1077 (* z00 z00 ?x223)))
 (let ((?x2795 (* (- 1) ?x99)))
 (let ((?x2182 (* 6 ?x2181)))
 (let ((?x2728 (* (- 6) ?x1758)))
 (let ((?x1776 (* (- 18) ?x1528)))
 (let ((?x1760 (* y00 z00 ?x1519)))
 (let ((?x2758 (+ ?x1760 ?x1779 ?x2800 ?x1776 (* (- 12) (* ?x223 ?x223)) ?x657 ?x2423 ?x2188 ?x2728 (* (- 12) (* y00 ?x223)) ?x2441 ?x1170 ?x67 ?x2182 ?x2724 ?x74 ?x2795 (* 18 (* z00 ?x237)) (* (- 1) (* z00 ?x1519 ?x223)) ?x1077)))
 (let ((?x2070 (* (- 18) ?x1758)))
 (let ((?x1970 (* 12 ?x1942)))
 (let ((?x2727 (* (- 6) ?x420)))
 (let ((?x2725 (+ (* 6 ?x1720) ?x55 ?x2727 ?x1970 ?x2070 ?x2441 ?x1170 ?x67 (* 6 (* z00 ?x1519)) ?x2724 ?x74 (* (- 1) (* z00 z00 ?x1519)))))
 (let (($x1927 (= (+ ?x420 ?x491 ?x45 (* 18 z) ?x490 (* (- 1) (* ?x1519 ?x1519))) (- 36))))
 (let (($x848 (= (+ z (* (- 1) z00) (* (- 6) n) (* 6 n00)) 0)))
 (let (($x1233 (or (not $x848) (not $x1927) (not (= ?x2725 0)) (not (= ?x2758 0)) (not (= ?x1716 0)) $x1499 $x2882)))
 (let ((?x1938 (* y x)))
 (let ((?x1939 (* 108 ?x1938)))
 (let ((?x2687 (+ ?x1208 ?x1939 ?x2133 (* (- 2) (* z00 z00 z00 x)) (* 18 (* z00 z00 x)) ?x1785 ?x2809 ?x884 ?x896 ?x944 (* 18 (* y00 z00 y)) ?x2508 (* (- 120) (* y00 y)) (* (- 24) (* z00 y)) ?x1101 (* (- 6) (* z00 y y)) ?x1137 (* (- 12) (* y00 y y)) ?x1959 (* (- 108) (* x00 y)) ?x2216 (* (- 216) (* x00 x)) ?x196 ?x2337 (* (- 216) (* y00 x)) (* z00 z00 y y) ?x1290 (* (- 36) (* z00 x)) (* 36 (* y00 z00 x)) (* 10 (* z00 z00 y)) ?x1384 (* (- 1) (* z00 z00 z00 y)))))
 (let (($x2680 (= ?x2687 0)))
 (let ((?x580 (* (- 72) y)))
 (let ((?x2065 (* x00 y)))
 (let ((?x2297 (* (- 18) ?x2065)))
 (let ((?x1602 (* x00 z)))
 (let ((?x1825 (* (- 18) ?x1602)))
 (let ((?x1561 (* z y)))
 (let ((?x917 (* 12 ?x1561)))
 (let ((?x1006 (* z00 y)))
 (let ((?x1051 (* (- 6) ?x1006)))
 (let ((?x1286 (* y00 z)))
 (let ((?x1328 (* (- 12) ?x1286)))
 (let ((?x1692 (* y00 z00 y)))
 (let ((?x653 (* z x)))
 (let ((?x1739 (* 18 ?x653)))
 (let ((?x1339 (+ ?x932 (* 18 ?x1938) ?x1739 (* 3 (* z00 z00 x)) ?x113 (* (- 3) (* x00 z00 z)) ?x1692 ?x1328 ?x886 (* (- 36) (* y00 y)) ?x1051 ?x917 (* 3 (* z00 z x)) (* (- 2) (* z00 y y)) ?x2437 ?x1825 (* (- 1) (* z y y)) ?x2297 ?x1950 ?x2441 ?x67 (* (- 18) (* y00 x)) ?x580 ?x74 (* (- 1) (* y00 z y)) ?x994 (* 2 (* y00 y00 z)) (* 3 (* z00 z00 y)))))
 (let ((?x748 (* z00 z00 y)))
 (let ((?x1007 (* 6 ?x1006)))
 (let ((?x1296 (* y00 z00 z)))
 (let ((?x1771 (+ ?x1296 ?x917 ?x1739 ?x1776 ?x1819 ?x657 ?x1825 ?x1328 ?x2728 (* (- 12) (* y00 y)) ?x2441 ?x67 ?x1007 ?x580 ?x74 ?x2795 (* 18 (* z00 x)) (* (- 1) (* z00 z y)) ?x748)))
 (let ((?x1362 (* 12 ?x1286)))
 (let ((?x585 (+ (* 6 ?x1561) ?x55 ?x2727 ?x1362 ?x2070 ?x2441 ?x67 (* 6 (* z00 z)) ?x580 ?x74 (* (- 1) (* z00 z00 z)))))
 (let (($x1072 (and $x848 (= (+ ?x420 ?x491 ?x45 ?x46 ?x490 ?x492) 0) (= ?x585 0) (= ?x1771 0) (= ?x1339 0) $x2680 $x1233)))
 (rewrite (= $x1072 $x2334)))))))))))))))))))))))))))))))))))))))))))))))))))))))))))))))))))))))))))))))))))))))))))))))))))))))))))))))))))))))))))))))))))))))))))))))))))))))))))))))))))))))))))))))))))))))))))))))))))))))))))))))))))))))))))))))))))))))))))))))))))))))))))))))))))))))))))))))))))))))))))
 ))
 (let (($x906 (exists ((x Int) (y Int) (z Int) (n Int) )(! (let ((?x1519 (+ 6 z)))
 (let ((?x988 (* ?x1519 ?x1519)))
 (let ((?x49 (* 6 z00)))
 (let ((?x935 (* (- 18) z)))
 (let ((?x444 (* (- 12) y)))
 (let ((?x43 (* 12 y00)))
 (let ((?x420 (* z00 z00)))
 (let ((?x421 (* (- 1) ?x420)))
 (let ((?x237 (+ x y)))
 (let ((?x223 (+ y z)))
 (let ((?x1467 (+ 1 n)))
 (let ((?x1542 (* (- 1) (* ?x1519 ?x1519 ?x223 ?x223 ?x237 ?x237))))
 (let ((?x1558 (+ ?x1542 (* 9 (* ?x1467 ?x223 ?x223 ?x237 ?x237)) (* (- 3) (* ?x1467 ?x223 ?x237)))))
 (let (($x2882 (not (= (* ?x1558 (+ (- 36) ?x421 ?x43 ?x444 ?x935 ?x49 ?x988)) 0))))
 (let ((?x1383 (* x00 x00)))
 (let ((?x1384 (* 108 ?x1383)))
 (let ((?x99 (* y00 z00 z00)))
 (let ((?x1290 (* (- 10) ?x99)))
 (let ((?x2337 (* 2 (* x00 z00 z00 z00))))
 (let ((?x196 (* y00 z00 z00 z00)))
 (let ((?x2501 (* x00 z00 z00)))
 (let ((?x2216 (* (- 18) ?x2501)))
 (let ((?x1959 (* (- 36) (* x00 y00 z00))))
 (let ((?x655 (* y00 y00)))
 (let ((?x1137 (* 96 ?x655)))
 (let ((?x1100 (* y00 y00 y00)))
 (let ((?x1101 (* 16 ?x1100)))
 (let ((?x1758 (* y00 z00)))
 (let ((?x2508 (* 24 ?x1758)))
 (let ((?x161 (* y00 y00 z00 z00)))
 (let ((?x2809 (* (- 1) ?x161)))
 (let ((?x113 (* y00 y00 z00)))
 (let ((?x1785 (* (- 12) ?x113)))
 (let ((?x1528 (* x00 z00)))
 (let ((?x2133 (* 36 ?x1528)))
 (let ((?x2877 (* x00 y00)))
 (let ((?x1208 (* 216 ?x2877)))
 (let ((?x2765 (+ ?x1208 (* 108 (* ?x223 ?x237)) ?x2133 (* (- 2) (* z00 z00 z00 ?x237)) (* 18 (* z00 z00 ?x237)) ?x1785 ?x2809 (* 24 (* ?x223 ?x223)) (* 108 (* ?x237 ?x237)) (* (- 4) (* ?x223 ?x223 ?x223)) (* 18 (* y00 z00 ?x223)) ?x2508 (* (- 120) (* y00 ?x223)) (* (- 24) (* z00 ?x223)) ?x1101 (* (- 6) (* z00 ?x223 ?x223)) ?x1137 (* (- 12) (* y00 ?x223 ?x223)) ?x1959 (* (- 108) (* x00 ?x223)) ?x2216 (* (- 216) (* x00 ?x237)) ?x196 ?x2337 (* (- 216) (* y00 ?x237)) (* z00 z00 ?x223 ?x223) ?x1290 (* (- 36) (* z00 ?x237)) (* 36 (* y00 z00 ?x237)) (* 10 (* z00 z00 ?x223)) ?x1384 (* (- 1) (* z00 z00 z00 ?x223)))))
 (let (($x1499 (not (= ?x2765 0))))
 (let ((?x530 (* 3 ?x99)))
 (let ((?x2217 (* y00 ?x1519 ?x223)))
 (let ((?x640 (* (- 108) x00)))
 (let ((?x1466 (* 72 z)))
 (let ((?x583 (* (- 72) y00)))
 (let ((?x1474 (* 180 y)))
 (let ((?x64 (* 108 x)))
 (let ((?x2502 (* 3 ?x2501)))
 (let ((?x1663 (* ?x1519 ?x223 ?x223)))
 (let ((?x2086 (* x00 ?x1519)))
 (let ((?x2088 (* 18 ?x2086)))
 (let ((?x948 (* (- 36) ?x655)))
 (let ((?x1720 (* ?x1519 ?x223)))
 (let ((?x1856 (* (- 12) ?x1720)))
 (let ((?x2181 (* z00 ?x223)))
 (let ((?x2182 (* 6 ?x2181)))
 (let ((?x2728 (* (- 6) ?x1758)))
 (let ((?x1942 (* y00 ?x1519)))
 (let ((?x1970 (* 12 ?x1942)))
 (let ((?x1122 (* (- 1) ?x113)))
 (let ((?x2170 (* ?x1519 ?x237)))
 (let ((?x2431 (* (- 18) ?x2170)))
 (let ((?x2879 (* (- 18) ?x2877)))
 (let ((?x1015 (+ ?x2879 (* (- 18) (* ?x223 ?x237)) ?x2431 (* (- 3) (* z00 z00 ?x237)) ?x1122 (* 3 (* x00 z00 ?x1519)) (* (- 1) (* y00 z00 ?x223)) ?x1970 ?x2728 (* 36 (* y00 ?x223)) ?x2182 ?x1856 (* (- 3) (* z00 ?x1519 ?x237)) (* 2 (* z00 ?x223 ?x223)) ?x948 ?x2088 ?x1663 (* 18 (* x00 ?x223)) ?x2502 ?x64 ?x1474 ?x583 (* 18 (* y00 ?x237)) ?x1466 ?x640 ?x2217 ?x530 (* (- 2) (* y00 y00 ?x1519)) (* (- 3) (* z00 z00 ?x223)))))
 (let ((?x636 (* z00 ?x1519 ?x223)))
 (let ((?x2229 (* (- 6) ?x2181)))
 (let ((?x886 (* 6 ?x1758)))
 (let ((?x673 (* (- 24) ?x655)))
 (let ((?x1529 (* 18 ?x1528)))
 (let ((?x1877 (+ (* (- 1) (* y00 z00 ?x1519)) ?x1856 ?x2431 ?x1529 (* 12 (* ?x223 ?x223)) ?x673 ?x2088 ?x1970 ?x886 (* 12 (* y00 ?x223)) ?x64 ?x1474 ?x583 ?x2229 ?x1466 ?x640 ?x99 (* (- 18) (* z00 ?x237)) ?x636 (* (- 1) (* z00 z00 ?x223)))))
 (let ((?x2094 (* z00 z00 ?x1519)))
 (let ((?x1982 (* 18 ?x1758)))
 (let ((?x2188 (* (- 12) ?x1942)))
 (let ((?x524 (* 6 ?x420)))
 (let ((?x55 (* z00 z00 z00)))
 (let ((?x513 (* (- 1) ?x55)))
 (let ((?x2006 (+ (* (- 6) ?x1720) ?x513 ?x524 ?x2188 ?x1982 ?x64 ?x1474 ?x583 (* (- 6) (* z00 ?x1519)) ?x1466 ?x640 ?x2094)))
 (let (($x1261 (= (+ (* (- 1) z) z00 (* 6 n) (* (- 6) n00)) 0)))
 (let (($x1578 (or (not $x1261) (not (= (+ ?x421 ?x43 ?x444 ?x935 ?x49 ?x988) 36)) (not (= ?x2006 0)) (not (= ?x1877 0)) (not (= ?x1015 0)) $x1499 $x2882)))
 (let ((?x944 (* (- 4) (* y y y))))
 (let ((?x896 (* 108 (* x x))))
 (let ((?x629 (* y y)))
 (let ((?x884 (* 24 ?x629)))
 (let ((?x1938 (* y x)))
 (let ((?x1939 (* 108 ?x1938)))
 (let ((?x2687 (+ ?x1208 ?x1939 ?x2133 (* (- 2) (* z00 z00 z00 x)) (* 18 (* z00 z00 x)) ?x1785 ?x2809 ?x884 ?x896 ?x944 (* 18 (* y00 z00 y)) ?x2508 (* (- 120) (* y00 y)) (* (- 24) (* z00 y)) ?x1101 (* (- 6) (* z00 y y)) ?x1137 (* (- 12) (* y00 y y)) ?x1959 (* (- 108) (* x00 y)) ?x2216 (* (- 216) (* x00 x)) ?x196 ?x2337 (* (- 216) (* y00 x)) (* z00 z00 y y) ?x1290 (* (- 36) (* z00 x)) (* 36 (* y00 z00 x)) (* 10 (* z00 z00 y)) ?x1384 (* (- 1) (* z00 z00 z00 y)))))
 (let (($x2680 (= ?x2687 0)))
 (let ((?x542 (* y00 z y)))
 (let ((?x71 (* 72 y)))
 (let ((?x2494 (* z y y)))
 (let ((?x1602 (* x00 z)))
 (let ((?x875 (* 18 ?x1602)))
 (let ((?x1561 (* z y)))
 (let ((?x1823 (* (- 12) ?x1561)))
 (let ((?x1006 (* z00 y)))
 (let ((?x1007 (* 6 ?x1006)))
 (let ((?x1286 (* y00 z)))
 (let ((?x1362 (* 12 ?x1286)))
 (let ((?x653 (* z x)))
 (let ((?x1175 (* (- 18) ?x653)))
 (let ((?x2157 (+ ?x2879 (* (- 18) ?x1938) ?x1175 (* (- 3) (* z00 z00 x)) ?x1122 (* 3 (* x00 z00 z)) (* (- 1) (* y00 z00 y)) ?x1362 ?x2728 (* 36 (* y00 y)) ?x1007 ?x1823 (* (- 3) (* z00 z x)) (* 2 (* z00 y y)) ?x948 ?x875 ?x2494 (* 18 (* x00 y)) ?x2502 ?x64 ?x583 (* 18 (* y00 x)) ?x71 ?x640 ?x542 ?x530 (* (- 2) (* y00 y00 z)) (* (- 3) (* z00 z00 y)))))
 (let ((?x1169 (* z00 z y)))
 (let ((?x1051 (* (- 6) ?x1006)))
 (let ((?x630 (* 12 ?x629)))
 (let ((?x1832 (+ (* (- 1) (* y00 z00 z)) ?x1823 ?x1175 ?x1529 ?x630 ?x673 ?x875 ?x1362 ?x886 (* 12 (* y00 y)) ?x64 ?x583 ?x1051 ?x71 ?x640 ?x99 (* (- 18) (* z00 x)) ?x1169 (* (- 1) (* z00 z00 y)))))
 (let ((?x432 (* z00 z00 z)))
 (let ((?x1328 (* (- 12) ?x1286)))
 (let ((?x764 (+ (* (- 6) ?x1561) ?x513 ?x524 ?x1328 ?x1982 ?x64 ?x583 (* (- 6) (* z00 z)) ?x71 ?x640 ?x432)))
 (and $x1261 (= (+ ?x421 ?x43 ?x444 (* (- 6) z) ?x49 (* z z)) 0) (= ?x764 0) (= ?x1832 0) (= ?x2157 0) $x2680 $x1578)))))))))))))))))))))))))))))))))))))))))))))))))))))))))))))))))))))))))))))))))))))))))))))))))))))))))))) :qid k!44))
 ))
 (let ((?x2789 (lambda ((x Int) (y Int) (z Int) (n Int) )(let ((?x1519 (+ 6 z)))
 (let ((?x988 (* ?x1519 ?x1519)))
 (let ((?x49 (* 6 z00)))
 (let ((?x935 (* (- 18) z)))
 (let ((?x444 (* (- 12) y)))
 (let ((?x43 (* 12 y00)))
 (let ((?x420 (* z00 z00)))
 (let ((?x421 (* (- 1) ?x420)))
 (let ((?x237 (+ x y)))
 (let ((?x223 (+ y z)))
 (let ((?x1467 (+ 1 n)))
 (let ((?x1542 (* (- 1) (* ?x1519 ?x1519 ?x223 ?x223 ?x237 ?x237))))
 (let ((?x1558 (+ ?x1542 (* 9 (* ?x1467 ?x223 ?x223 ?x237 ?x237)) (* (- 3) (* ?x1467 ?x223 ?x237)))))
 (let (($x2882 (not (= (* ?x1558 (+ (- 36) ?x421 ?x43 ?x444 ?x935 ?x49 ?x988)) 0))))
 (let ((?x1383 (* x00 x00)))
 (let ((?x1384 (* 108 ?x1383)))
 (let ((?x99 (* y00 z00 z00)))
 (let ((?x1290 (* (- 10) ?x99)))
 (let ((?x2337 (* 2 (* x00 z00 z00 z00))))
 (let ((?x196 (* y00 z00 z00 z00)))
 (let ((?x2501 (* x00 z00 z00)))
 (let ((?x2216 (* (- 18) ?x2501)))
 (let ((?x1959 (* (- 36) (* x00 y00 z00))))
 (let ((?x655 (* y00 y00)))
 (let ((?x1137 (* 96 ?x655)))
 (let ((?x1100 (* y00 y00 y00)))
 (let ((?x1101 (* 16 ?x1100)))
 (let ((?x1758 (* y00 z00)))
 (let ((?x2508 (* 24 ?x1758)))
 (let ((?x161 (* y00 y00 z00 z00)))
 (let ((?x2809 (* (- 1) ?x161)))
 (let ((?x113 (* y00 y00 z00)))
 (let ((?x1785 (* (- 12) ?x113)))
 (let ((?x1528 (* x00 z00)))
 (let ((?x2133 (* 36 ?x1528)))
 (let ((?x2877 (* x00 y00)))
 (let ((?x1208 (* 216 ?x2877)))
 (let ((?x2765 (+ ?x1208 (* 108 (* ?x223 ?x237)) ?x2133 (* (- 2) (* z00 z00 z00 ?x237)) (* 18 (* z00 z00 ?x237)) ?x1785 ?x2809 (* 24 (* ?x223 ?x223)) (* 108 (* ?x237 ?x237)) (* (- 4) (* ?x223 ?x223 ?x223)) (* 18 (* y00 z00 ?x223)) ?x2508 (* (- 120) (* y00 ?x223)) (* (- 24) (* z00 ?x223)) ?x1101 (* (- 6) (* z00 ?x223 ?x223)) ?x1137 (* (- 12) (* y00 ?x223 ?x223)) ?x1959 (* (- 108) (* x00 ?x223)) ?x2216 (* (- 216) (* x00 ?x237)) ?x196 ?x2337 (* (- 216) (* y00 ?x237)) (* z00 z00 ?x223 ?x223) ?x1290 (* (- 36) (* z00 ?x237)) (* 36 (* y00 z00 ?x237)) (* 10 (* z00 z00 ?x223)) ?x1384 (* (- 1) (* z00 z00 z00 ?x223)))))
 (let (($x1499 (not (= ?x2765 0))))
 (let ((?x994 (* (- 3) ?x99)))
 (let ((?x74 (* 108 x00)))
 (let ((?x2724 (* (- 72) z)))
 (let ((?x67 (* 72 y00)))
 (let ((?x1170 (* (- 180) y)))
 (let ((?x2441 (* (- 108) x)))
 (let ((?x1950 (* (- 3) ?x2501)))
 (let ((?x2086 (* x00 ?x1519)))
 (let ((?x2423 (* (- 18) ?x2086)))
 (let ((?x2437 (* 36 ?x655)))
 (let ((?x1720 (* ?x1519 ?x223)))
 (let ((?x1779 (* 12 ?x1720)))
 (let ((?x2181 (* z00 ?x223)))
 (let ((?x2229 (* (- 6) ?x2181)))
 (let ((?x886 (* 6 ?x1758)))
 (let ((?x1942 (* y00 ?x1519)))
 (let ((?x2188 (* (- 12) ?x1942)))
 (let ((?x1036 (* y00 z00 ?x223)))
 (let ((?x2170 (* ?x1519 ?x237)))
 (let ((?x2800 (* 18 ?x2170)))
 (let ((?x932 (* 18 ?x2877)))
 (let ((?x1716 (+ ?x932 (* 18 (* ?x223 ?x237)) ?x2800 (* 3 (* z00 z00 ?x237)) ?x113 (* (- 3) (* x00 z00 ?x1519)) ?x1036 ?x2188 ?x886 (* (- 36) (* y00 ?x223)) ?x2229 ?x1779 (* 3 (* z00 ?x1519 ?x237)) (* (- 2) (* z00 ?x223 ?x223)) ?x2437 ?x2423 (* (- 1) (* ?x1519 ?x223 ?x223)) (* (- 18) (* x00 ?x223)) ?x1950 ?x2441 ?x1170 ?x67 (* (- 18) (* y00 ?x237)) ?x2724 ?x74 (* (- 1) (* y00 ?x1519 ?x223)) ?x994 (* 2 (* y00 y00 ?x1519)) (* 3 (* z00 z00 ?x223)))))
 (let ((?x1077 (* z00 z00 ?x223)))
 (let ((?x2795 (* (- 1) ?x99)))
 (let ((?x2182 (* 6 ?x2181)))
 (let ((?x2728 (* (- 6) ?x1758)))
 (let ((?x657 (* 24 ?x655)))
 (let ((?x1776 (* (- 18) ?x1528)))
 (let ((?x1760 (* y00 z00 ?x1519)))
 (let ((?x2758 (+ ?x1760 ?x1779 ?x2800 ?x1776 (* (- 12) (* ?x223 ?x223)) ?x657 ?x2423 ?x2188 ?x2728 (* (- 12) (* y00 ?x223)) ?x2441 ?x1170 ?x67 ?x2182 ?x2724 ?x74 ?x2795 (* 18 (* z00 ?x237)) (* (- 1) (* z00 ?x1519 ?x223)) ?x1077)))
 (let ((?x2070 (* (- 18) ?x1758)))
 (let ((?x1970 (* 12 ?x1942)))
 (let ((?x2727 (* (- 6) ?x420)))
 (let ((?x55 (* z00 z00 z00)))
 (let ((?x2725 (+ (* 6 ?x1720) ?x55 ?x2727 ?x1970 ?x2070 ?x2441 ?x1170 ?x67 (* 6 (* z00 ?x1519)) ?x2724 ?x74 (* (- 1) (* z00 z00 ?x1519)))))
 (let ((?x490 (* (- 6) z00)))
 (let ((?x45 (* 12 y)))
 (let ((?x491 (* (- 12) y00)))
 (let (($x1753 (not (= (+ ?x420 ?x491 ?x45 (* 18 z) ?x490 (* (- 1) ?x988)) (- 36)))))
 (let (($x848 (= (+ z (* (- 1) z00) (* (- 6) n) (* 6 n00)) 0)))
 (let (($x1233 (or (not $x848) $x1753 (not (= ?x2725 0)) (not (= ?x2758 0)) (not (= ?x1716 0)) $x1499 $x2882)))
 (let ((?x944 (* (- 4) (* y y y))))
 (let ((?x896 (* 108 (* x x))))
 (let ((?x629 (* y y)))
 (let ((?x884 (* 24 ?x629)))
 (let ((?x1938 (* y x)))
 (let ((?x1939 (* 108 ?x1938)))
 (let ((?x2687 (+ ?x1208 ?x1939 ?x2133 (* (- 2) (* z00 z00 z00 x)) (* 18 (* z00 z00 x)) ?x1785 ?x2809 ?x884 ?x896 ?x944 (* 18 (* y00 z00 y)) ?x2508 (* (- 120) (* y00 y)) (* (- 24) (* z00 y)) ?x1101 (* (- 6) (* z00 y y)) ?x1137 (* (- 12) (* y00 y y)) ?x1959 (* (- 108) (* x00 y)) ?x2216 (* (- 216) (* x00 x)) ?x196 ?x2337 (* (- 216) (* y00 x)) (* z00 z00 y y) ?x1290 (* (- 36) (* z00 x)) (* 36 (* y00 z00 x)) (* 10 (* z00 z00 y)) ?x1384 (* (- 1) (* z00 z00 z00 y)))))
 (let (($x2680 (= ?x2687 0)))
 (let ((?x580 (* (- 72) y)))
 (let ((?x2065 (* x00 y)))
 (let ((?x2297 (* (- 18) ?x2065)))
 (let ((?x1602 (* x00 z)))
 (let ((?x1825 (* (- 18) ?x1602)))
 (let ((?x1561 (* z y)))
 (let ((?x917 (* 12 ?x1561)))
 (let ((?x1006 (* z00 y)))
 (let ((?x1051 (* (- 6) ?x1006)))
 (let ((?x1286 (* y00 z)))
 (let ((?x1328 (* (- 12) ?x1286)))
 (let ((?x1692 (* y00 z00 y)))
 (let ((?x653 (* z x)))
 (let ((?x1739 (* 18 ?x653)))
 (let ((?x1339 (+ ?x932 (* 18 ?x1938) ?x1739 (* 3 (* z00 z00 x)) ?x113 (* (- 3) (* x00 z00 z)) ?x1692 ?x1328 ?x886 (* (- 36) (* y00 y)) ?x1051 ?x917 (* 3 (* z00 z x)) (* (- 2) (* z00 y y)) ?x2437 ?x1825 (* (- 1) (* z y y)) ?x2297 ?x1950 ?x2441 ?x67 (* (- 18) (* y00 x)) ?x580 ?x74 (* (- 1) (* y00 z y)) ?x994 (* 2 (* y00 y00 z)) (* 3 (* z00 z00 y)))))
 (let ((?x748 (* z00 z00 y)))
 (let ((?x1007 (* 6 ?x1006)))
 (let ((?x1819 (* (- 12) ?x629)))
 (let ((?x1296 (* y00 z00 z)))
 (let ((?x1771 (+ ?x1296 ?x917 ?x1739 ?x1776 ?x1819 ?x657 ?x1825 ?x1328 ?x2728 (* (- 12) (* y00 y)) ?x2441 ?x67 ?x1007 ?x580 ?x74 ?x2795 (* 18 (* z00 x)) (* (- 1) (* z00 z y)) ?x748)))
 (let ((?x1362 (* 12 ?x1286)))
 (let ((?x585 (+ (* 6 ?x1561) ?x55 ?x2727 ?x1362 ?x2070 ?x2441 ?x67 (* 6 (* z00 z)) ?x580 ?x74 (* (- 1) (* z00 z00 z)))))
 (let (($x2091 (= (+ ?x420 ?x491 ?x45 (* 6 z) ?x490 (* (- 1) (* z z))) 0)))
 (let (($x1072 (and $x848 $x2091 (= ?x585 0) (= ?x1771 0) (= ?x1339 0) $x2680 $x1233)))
 (let ((?x530 (* 3 ?x99)))
 (let ((?x2217 (* y00 ?x1519 ?x223)))
 (let ((?x640 (* (- 108) x00)))
 (let ((?x1466 (* 72 z)))
 (let ((?x583 (* (- 72) y00)))
 (let ((?x1474 (* 180 y)))
 (let ((?x64 (* 108 x)))
 (let ((?x2502 (* 3 ?x2501)))
 (let ((?x1663 (* ?x1519 ?x223 ?x223)))
 (let ((?x2088 (* 18 ?x2086)))
 (let ((?x948 (* (- 36) ?x655)))
 (let ((?x1856 (* (- 12) ?x1720)))
 (let ((?x1122 (* (- 1) ?x113)))
 (let ((?x2431 (* (- 18) ?x2170)))
 (let ((?x2879 (* (- 18) ?x2877)))
 (let ((?x1015 (+ ?x2879 (* (- 18) (* ?x223 ?x237)) ?x2431 (* (- 3) (* z00 z00 ?x237)) ?x1122 (* 3 (* x00 z00 ?x1519)) (* (- 1) ?x1036) ?x1970 ?x2728 (* 36 (* y00 ?x223)) ?x2182 ?x1856 (* (- 3) (* z00 ?x1519 ?x237)) (* 2 (* z00 ?x223 ?x223)) ?x948 ?x2088 ?x1663 (* 18 (* x00 ?x223)) ?x2502 ?x64 ?x1474 ?x583 (* 18 (* y00 ?x237)) ?x1466 ?x640 ?x2217 ?x530 (* (- 2) (* y00 y00 ?x1519)) (* (- 3) ?x1077))))
 (let ((?x636 (* z00 ?x1519 ?x223)))
 (let ((?x673 (* (- 24) ?x655)))
 (let ((?x1529 (* 18 ?x1528)))
 (let ((?x1877 (+ (* (- 1) ?x1760) ?x1856 ?x2431 ?x1529 (* 12 (* ?x223 ?x223)) ?x673 ?x2088 ?x1970 ?x886 (* 12 (* y00 ?x223)) ?x64 ?x1474 ?x583 ?x2229 ?x1466 ?x640 ?x99 (* (- 18) (* z00 ?x237)) ?x636 (* (- 1) ?x1077))))
 (let ((?x2094 (* z00 z00 ?x1519)))
 (let ((?x1982 (* 18 ?x1758)))
 (let ((?x524 (* 6 ?x420)))
 (let ((?x513 (* (- 1) ?x55)))
 (let ((?x2006 (+ (* (- 6) ?x1720) ?x513 ?x524 ?x2188 ?x1982 ?x64 ?x1474 ?x583 (* (- 6) (* z00 ?x1519)) ?x1466 ?x640 ?x2094)))
 (let (($x1261 (= (+ (* (- 1) z) z00 (* 6 n) (* (- 6) n00)) 0)))
 (let (($x1578 (or (not $x1261) (not (= (+ ?x421 ?x43 ?x444 ?x935 ?x49 ?x988) 36)) (not (= ?x2006 0)) (not (= ?x1877 0)) (not (= ?x1015 0)) $x1499 $x2882)))
 (let ((?x542 (* y00 z y)))
 (let ((?x71 (* 72 y)))
 (let ((?x2494 (* z y y)))
 (let ((?x875 (* 18 ?x1602)))
 (let ((?x1823 (* (- 12) ?x1561)))
 (let ((?x1175 (* (- 18) ?x653)))
 (let ((?x2157 (+ ?x2879 (* (- 18) ?x1938) ?x1175 (* (- 3) (* z00 z00 x)) ?x1122 (* 3 (* x00 z00 z)) (* (- 1) ?x1692) ?x1362 ?x2728 (* 36 (* y00 y)) ?x1007 ?x1823 (* (- 3) (* z00 z x)) (* 2 (* z00 y y)) ?x948 ?x875 ?x2494 (* 18 ?x2065) ?x2502 ?x64 ?x583 (* 18 (* y00 x)) ?x71 ?x640 ?x542 ?x530 (* (- 2) (* y00 y00 z)) (* (- 3) ?x748))))
 (let ((?x1169 (* z00 z y)))
 (let ((?x630 (* 12 ?x629)))
 (let ((?x1832 (+ (* (- 1) ?x1296) ?x1823 ?x1175 ?x1529 ?x630 ?x673 ?x875 ?x1362 ?x886 (* 12 (* y00 y)) ?x64 ?x583 ?x1051 ?x71 ?x640 ?x99 (* (- 18) (* z00 x)) ?x1169 (* (- 1) ?x748))))
 (let ((?x432 (* z00 z00 z)))
 (let ((?x764 (+ (* (- 6) ?x1561) ?x513 ?x524 ?x1328 ?x1982 ?x64 ?x583 (* (- 6) (* z00 z)) ?x71 ?x640 ?x432)))
 (let (($x2763 (and $x1261 (= (+ ?x421 ?x43 ?x444 (* (- 6) z) ?x49 (* z z)) 0) (= ?x764 0) (= ?x1832 0) (= ?x2157 0) $x2680 $x1578)))
 (rewrite (= $x2763 $x1072)))))))))))))))))))))))))))))))))))))))))))))))))))))))))))))))))))))))))))))))))))))))))))))))))))))))))))))))))))))))))))))))))))))))))))))))))))))))))))
 ))
 (let (($x367 (exists ((x Int) (y Int) (z Int) (n Int) )(! (let ((?x223 (+ y z)))
 (let ((?x237 (+ x y)))
 (let ((?x217 (+ n 1)))
 (let ((?x359 (+ (* (- 1) ?x237 ?x237 ?x223 ?x223 (+ z 6) (+ z 6)) (* 9 ?x217 ?x237 ?x237 ?x223 ?x223))))
 (let ((?x49 (* 6 z00)))
 (let ((?x227 (- (- (+ (* (- 1) z00 z00) (* 12 y00)) (* 12 ?x223)) (* 6 (+ z 6)))))
 (let ((?x229 (+ ?x227 ?x49 (* (+ z 6) (+ z 6)))))
 (let ((?x210 (* 108 x00 x00)))
 (let ((?x204 (* 10 y00 z00 z00)))
 (let ((?x197 (* 2 x00 z00 z00 z00)))
 (let ((?x196 (* y00 z00 z00 z00)))
 (let ((?x189 (* 18 x00 z00 z00)))
 (let ((?x187 (* 36 x00 y00 z00)))
 (let ((?x184 (* 96 y00 y00)))
 (let ((?x179 (* 16 y00 y00 y00)))
 (let ((?x171 (* 24 y00 z00)))
 (let ((?x161 (* y00 y00 z00 z00)))
 (let ((?x160 (* 12 y00 y00 z00)))
 (let ((?x313 (- (+ (* 216 x00 y00) (* 108 ?x237 ?x223) (* 36 x00 z00)) (* 2 ?x237 z00 z00 z00))))
 (let ((?x320 (+ (- (- (+ ?x313 (* 18 ?x237 z00 z00)) ?x160) ?x161) (* 24 ?x223 ?x223) (* 108 ?x237 ?x237))))
 (let ((?x324 (+ (- ?x320 (* 4 ?x223 ?x223 ?x223)) (* 18 ?x223 y00 z00) ?x171)))
 (let ((?x331 (- (+ (- (- ?x324 (* 120 ?x223 y00)) (* 24 ?x223 z00)) ?x179) (* 6 ?x223 ?x223 z00))))
 (let ((?x338 (- (- (- (+ ?x331 ?x184) (* 12 ?x223 ?x223 y00)) ?x187) (* 108 x00 ?x223))))
 (let ((?x343 (- (+ (- (- ?x338 ?x189) (* 216 ?x237 x00)) ?x196 ?x197) (* 216 ?x237 y00))))
 (let ((?x348 (- (- (+ ?x343 (* ?x223 ?x223 z00 z00)) ?x204) (* 36 ?x237 z00))))
 (let ((?x353 (- (+ ?x348 (* 36 ?x237 y00 z00) (* 10 ?x223 z00 z00) ?x210) (* ?x223 z00 z00 z00))))
 (let ((?x144 (* 3 y00 z00 z00)))
 (let ((?x74 (* 108 x00)))
 (let ((?x243 (* 72 ?x223)))
 (let ((?x67 (* 72 y00)))
 (let ((?x238 (* 108 ?x237)))
 (let ((?x137 (* 3 x00 z00 z00)))
 (let ((?x215 (+ z 6)))
 (let ((?x258 (* 18 x00 ?x215)))
 (let ((?x133 (* 36 y00 y00)))
 (let ((?x251 (* 12 ?x223 ?x215)))
 (let ((?x261 (* 6 ?x223 z00)))
 (let ((?x91 (* 6 y00 z00)))
 (let ((?x235 (* 12 y00 ?x215)))
 (let ((?x113 (* y00 y00 z00)))
 (let ((?x252 (* 18 ?x237 ?x215)))
 (let ((?x279 (- (- (- (* (- 18) x00 y00) (* 18 ?x237 ?x223)) ?x252) (* 3 ?x237 z00 z00))))
 (let ((?x284 (- (+ (- ?x279 ?x113) (* 3 x00 ?x215 z00)) (* ?x223 y00 z00))))
 (let ((?x291 (- (- (+ (- (+ ?x284 ?x235) ?x91) (* 36 ?x223 y00) ?x261) ?x251) (* 3 ?x237 ?x215 z00))))
 (let ((?x297 (+ (- (+ ?x291 (* 2 ?x223 ?x223 z00)) ?x133) ?x258 (* ?x223 ?x223 ?x215) (* 18 x00 ?x223) ?x137 ?x238)))
 (let ((?x303 (+ (- (+ (- ?x297 ?x67) (* 18 ?x237 y00) ?x243) ?x74) (* ?x223 y00 ?x215) ?x144)))
 (let (($x308 (= (- (- ?x303 (* 2 y00 y00 ?x215)) (* 3 ?x223 z00 z00)) 0)))
 (let ((?x99 (* y00 z00 z00)))
 (let ((?x88 (* 24 y00 y00)))
 (let ((?x84 (* 18 x00 z00)))
 (let ((?x256 (+ (- (- (* (- 1) y00 ?x215 z00) ?x251) ?x252) ?x84 (* 12 ?x223 ?x223))))
 (let ((?x262 (- (+ (- ?x256 ?x88) ?x258 ?x235 ?x91 (* 12 ?x223 y00) ?x238) ?x67)))
 (let ((?x270 (+ (- (+ (- (+ (- ?x262 ?x261) ?x243) ?x74) ?x99) (* 18 ?x237 z00)) (* ?x223 ?x215 z00))))
 (let ((?x62 (* 18 y00 z00)))
 (let ((?x57 (* 6 z00 z00)))
 (let ((?x236 (- (+ (- (* (- 6) ?x223 ?x215) (* z00 z00 z00)) ?x57) ?x235)))
 (let ((?x245 (- (+ (- (- (+ ?x236 ?x62 ?x238) ?x67) (* 6 ?x215 z00)) ?x243) ?x74)))
 (let (($x221 (= (- (+ (* (- 1) ?x215) z00 (* 6 ?x217)) (* 6 n00)) 0)))
 (let (($x365 (or (not $x221) (not (= ?x229 0)) (not (= (+ ?x245 (* ?x215 z00 z00)) 0)) (not (= (- ?x270 (* ?x223 z00 z00)) 0)) (not $x308) (not (= ?x353 0)) (not (= (* ?x229 (- ?x359 (* 3 ?x217 ?x237 ?x223))) 0)))))
 (let ((?x212 (* y z00 z00 z00)))
 (let ((?x201 (* y y z00 z00)))
 (let ((?x157 (- (+ (* 216 x00 y00) (* 108 x y) (* 36 x00 z00)) (* 2 x z00 z00 z00))))
 (let ((?x166 (+ (- (- (+ ?x157 (* 18 x z00 z00)) ?x160) ?x161) (* 24 y y) (* 108 x x))))
 (let ((?x172 (+ (- ?x166 (* 4 y y y)) (* 18 y y00 z00) ?x171)))
 (let ((?x182 (- (+ (- (- ?x172 (* 120 y y00)) (* 24 y z00)) ?x179) (* 6 y y z00))))
 (let ((?x193 (- (- (- (+ ?x182 ?x184) (* 12 y y y00)) ?x187) (* 108 x00 y))))
 (let ((?x200 (- (+ (- (- ?x193 ?x189) (* 216 x x00)) ?x196 ?x197) (* 216 x y00))))
 (let ((?x211 (+ (- (- (+ ?x200 ?x201) ?x204) (* 36 x z00)) (* 36 x y00 z00) (* 10 y z00 z00) ?x210)))
 (let ((?x71 (* 72 y)))
 (let ((?x64 (* 108 x)))
 (let ((?x135 (* y y z)))
 (let ((?x90 (* 18 x00 z)))
 (let ((?x80 (* 12 y z)))
 (let ((?x94 (* 6 y z00)))
 (let ((?x59 (* 12 y00 z)))
 (let ((?x120 (* y y00 z00)))
 (let ((?x81 (* 18 x z)))
 (let ((?x116 (- (- (- (* (- 18) x00 y00) (* 18 x y)) ?x81) (* 3 x z00 z00))))
 (let ((?x123 (- (+ (- (+ (- ?x116 ?x113) (* 3 x00 z z00)) ?x120) ?x59) ?x91)))
 (let ((?x129 (- (- (+ ?x123 (* 36 y y00) ?x94) ?x80) (* 3 x z z00))))
 (let ((?x138 (+ (- (+ ?x129 (* 2 y y z00)) ?x133) ?x90 ?x135 (* 18 x00 y) ?x137 ?x64)))
 (let ((?x145 (+ (- (+ (- ?x138 ?x67) (* 18 x y00) ?x71) ?x74) (* y y00 z) ?x144)))
 (let (($x150 (= (- (- ?x145 (* 2 y00 y00 z)) (* 3 y z00 z00)) 0)))
 (let ((?x105 (* y z00 z00)))
 (let ((?x103 (* y z z00)))
 (let ((?x86 (+ (- (- (* (- 1) y00 z z00) ?x80) ?x81) ?x84 (* 12 y y))))
 (let ((?x95 (- (+ (- ?x86 ?x88) ?x90 ?x59 ?x91 (* 12 y y00) ?x64) ?x67)))
 (let ((?x104 (+ (- (+ (- (+ (- ?x95 ?x94) ?x71) ?x74) ?x99) (* 18 x z00)) ?x103)))
 (let ((?x76 (* z z00 z00)))
 (let ((?x60 (- (+ (- (* (- 6) y z) (* z00 z00 z00)) ?x57) ?x59)))
 (let ((?x75 (- (+ (- (- (+ ?x60 ?x62 ?x64) ?x67) (* 6 z z00)) ?x71) ?x74)))
 (let ((?x50 (* z z)))
 (let ((?x46 (* 6 z)))
 (let ((?x48 (- (- (+ (* (- 1) z00 z00) (* 12 y00)) (* 12 y)) ?x46)))
 (let (($x39 (= (- (+ (* (- 1) z) z00 (* 6 n)) (* 6 n00)) 0)))
 (and $x39 (= (+ ?x48 ?x49 ?x50) 0) (= (+ ?x75 ?x76) 0) (= (- ?x104 ?x105) 0) $x150 (= (- ?x211 ?x212) 0) $x365)))))))))))))))))))))))))))))))))))))))))))))))))))))))))))))))))))))))))))))))))))))))))))))))) :qid k!44))
 ))
 (let ((?x2192 (lambda ((x Int) (y Int) (z Int) (n Int) )(let ((?x1519 (+ 6 z)))
 (let ((?x988 (* ?x1519 ?x1519)))
 (let ((?x49 (* 6 z00)))
 (let ((?x935 (* (- 18) z)))
 (let ((?x444 (* (- 12) y)))
 (let ((?x43 (* 12 y00)))
 (let ((?x420 (* z00 z00)))
 (let ((?x421 (* (- 1) ?x420)))
 (let ((?x237 (+ x y)))
 (let ((?x223 (+ y z)))
 (let ((?x1467 (+ 1 n)))
 (let ((?x1542 (* (- 1) (* ?x1519 ?x1519 ?x223 ?x223 ?x237 ?x237))))
 (let ((?x1558 (+ ?x1542 (* 9 (* ?x1467 ?x223 ?x223 ?x237 ?x237)) (* (- 3) (* ?x1467 ?x223 ?x237)))))
 (let (($x2882 (not (= (* ?x1558 (+ (- 36) ?x421 ?x43 ?x444 ?x935 ?x49 ?x988)) 0))))
 (let ((?x1383 (* x00 x00)))
 (let ((?x1384 (* 108 ?x1383)))
 (let ((?x99 (* y00 z00 z00)))
 (let ((?x1290 (* (- 10) ?x99)))
 (let ((?x2337 (* 2 (* x00 z00 z00 z00))))
 (let ((?x196 (* y00 z00 z00 z00)))
 (let ((?x2501 (* x00 z00 z00)))
 (let ((?x2216 (* (- 18) ?x2501)))
 (let ((?x1959 (* (- 36) (* x00 y00 z00))))
 (let ((?x655 (* y00 y00)))
 (let ((?x1137 (* 96 ?x655)))
 (let ((?x1100 (* y00 y00 y00)))
 (let ((?x1101 (* 16 ?x1100)))
 (let ((?x1758 (* y00 z00)))
 (let ((?x2508 (* 24 ?x1758)))
 (let ((?x161 (* y00 y00 z00 z00)))
 (let ((?x2809 (* (- 1) ?x161)))
 (let ((?x113 (* y00 y00 z00)))
 (let ((?x1785 (* (- 12) ?x113)))
 (let ((?x1528 (* x00 z00)))
 (let ((?x2133 (* 36 ?x1528)))
 (let ((?x2877 (* x00 y00)))
 (let ((?x1208 (* 216 ?x2877)))
 (let ((?x2765 (+ ?x1208 (* 108 (* ?x223 ?x237)) ?x2133 (* (- 2) (* z00 z00 z00 ?x237)) (* 18 (* z00 z00 ?x237)) ?x1785 ?x2809 (* 24 (* ?x223 ?x223)) (* 108 (* ?x237 ?x237)) (* (- 4) (* ?x223 ?x223 ?x223)) (* 18 (* y00 z00 ?x223)) ?x2508 (* (- 120) (* y00 ?x223)) (* (- 24) (* z00 ?x223)) ?x1101 (* (- 6) (* z00 ?x223 ?x223)) ?x1137 (* (- 12) (* y00 ?x223 ?x223)) ?x1959 (* (- 108) (* x00 ?x223)) ?x2216 (* (- 216) (* x00 ?x237)) ?x196 ?x2337 (* (- 216) (* y00 ?x237)) (* z00 z00 ?x223 ?x223) ?x1290 (* (- 36) (* z00 ?x237)) (* 36 (* y00 z00 ?x237)) (* 10 (* z00 z00 ?x223)) ?x1384 (* (- 1) (* z00 z00 z00 ?x223)))))
 (let (($x1499 (not (= ?x2765 0))))
 (let ((?x530 (* 3 ?x99)))
 (let ((?x2217 (* y00 ?x1519 ?x223)))
 (let ((?x640 (* (- 108) x00)))
 (let ((?x1466 (* 72 z)))
 (let ((?x583 (* (- 72) y00)))
 (let ((?x1474 (* 180 y)))
 (let ((?x64 (* 108 x)))
 (let ((?x2502 (* 3 ?x2501)))
 (let ((?x1663 (* ?x1519 ?x223 ?x223)))
 (let ((?x2086 (* x00 ?x1519)))
 (let ((?x2088 (* 18 ?x2086)))
 (let ((?x948 (* (- 36) ?x655)))
 (let ((?x1720 (* ?x1519 ?x223)))
 (let ((?x1856 (* (- 12) ?x1720)))
 (let ((?x2181 (* z00 ?x223)))
 (let ((?x2182 (* 6 ?x2181)))
 (let ((?x2728 (* (- 6) ?x1758)))
 (let ((?x1942 (* y00 ?x1519)))
 (let ((?x1970 (* 12 ?x1942)))
 (let ((?x1122 (* (- 1) ?x113)))
 (let ((?x2170 (* ?x1519 ?x237)))
 (let ((?x2431 (* (- 18) ?x2170)))
 (let ((?x2879 (* (- 18) ?x2877)))
 (let ((?x1015 (+ ?x2879 (* (- 18) (* ?x223 ?x237)) ?x2431 (* (- 3) (* z00 z00 ?x237)) ?x1122 (* 3 (* x00 z00 ?x1519)) (* (- 1) (* y00 z00 ?x223)) ?x1970 ?x2728 (* 36 (* y00 ?x223)) ?x2182 ?x1856 (* (- 3) (* z00 ?x1519 ?x237)) (* 2 (* z00 ?x223 ?x223)) ?x948 ?x2088 ?x1663 (* 18 (* x00 ?x223)) ?x2502 ?x64 ?x1474 ?x583 (* 18 (* y00 ?x237)) ?x1466 ?x640 ?x2217 ?x530 (* (- 2) (* y00 y00 ?x1519)) (* (- 3) (* z00 z00 ?x223)))))
 (let ((?x636 (* z00 ?x1519 ?x223)))
 (let ((?x2229 (* (- 6) ?x2181)))
 (let ((?x886 (* 6 ?x1758)))
 (let ((?x673 (* (- 24) ?x655)))
 (let ((?x1529 (* 18 ?x1528)))
 (let ((?x1877 (+ (* (- 1) (* y00 z00 ?x1519)) ?x1856 ?x2431 ?x1529 (* 12 (* ?x223 ?x223)) ?x673 ?x2088 ?x1970 ?x886 (* 12 (* y00 ?x223)) ?x64 ?x1474 ?x583 ?x2229 ?x1466 ?x640 ?x99 (* (- 18) (* z00 ?x237)) ?x636 (* (- 1) (* z00 z00 ?x223)))))
 (let ((?x2094 (* z00 z00 ?x1519)))
 (let ((?x1982 (* 18 ?x1758)))
 (let ((?x2188 (* (- 12) ?x1942)))
 (let ((?x524 (* 6 ?x420)))
 (let ((?x55 (* z00 z00 z00)))
 (let ((?x513 (* (- 1) ?x55)))
 (let ((?x2006 (+ (* (- 6) ?x1720) ?x513 ?x524 ?x2188 ?x1982 ?x64 ?x1474 ?x583 (* (- 6) (* z00 ?x1519)) ?x1466 ?x640 ?x2094)))
 (let (($x1261 (= (+ (* (- 1) z) z00 (* 6 n) (* (- 6) n00)) 0)))
 (let (($x1578 (or (not $x1261) (not (= (+ ?x421 ?x43 ?x444 ?x935 ?x49 ?x988) 36)) (not (= ?x2006 0)) (not (= ?x1877 0)) (not (= ?x1015 0)) $x1499 $x2882)))
 (let ((?x944 (* (- 4) (* y y y))))
 (let ((?x896 (* 108 (* x x))))
 (let ((?x629 (* y y)))
 (let ((?x884 (* 24 ?x629)))
 (let ((?x1938 (* y x)))
 (let ((?x1939 (* 108 ?x1938)))
 (let ((?x2687 (+ ?x1208 ?x1939 ?x2133 (* (- 2) (* z00 z00 z00 x)) (* 18 (* z00 z00 x)) ?x1785 ?x2809 ?x884 ?x896 ?x944 (* 18 (* y00 z00 y)) ?x2508 (* (- 120) (* y00 y)) (* (- 24) (* z00 y)) ?x1101 (* (- 6) (* z00 y y)) ?x1137 (* (- 12) (* y00 y y)) ?x1959 (* (- 108) (* x00 y)) ?x2216 (* (- 216) (* x00 x)) ?x196 ?x2337 (* (- 216) (* y00 x)) (* z00 z00 y y) ?x1290 (* (- 36) (* z00 x)) (* 36 (* y00 z00 x)) (* 10 (* z00 z00 y)) ?x1384 (* (- 1) (* z00 z00 z00 y)))))
 (let (($x2680 (= ?x2687 0)))
 (let ((?x542 (* y00 z y)))
 (let ((?x71 (* 72 y)))
 (let ((?x2494 (* z y y)))
 (let ((?x1602 (* x00 z)))
 (let ((?x875 (* 18 ?x1602)))
 (let ((?x1561 (* z y)))
 (let ((?x1823 (* (- 12) ?x1561)))
 (let ((?x1006 (* z00 y)))
 (let ((?x1007 (* 6 ?x1006)))
 (let ((?x1286 (* y00 z)))
 (let ((?x1362 (* 12 ?x1286)))
 (let ((?x653 (* z x)))
 (let ((?x1175 (* (- 18) ?x653)))
 (let ((?x2157 (+ ?x2879 (* (- 18) ?x1938) ?x1175 (* (- 3) (* z00 z00 x)) ?x1122 (* 3 (* x00 z00 z)) (* (- 1) (* y00 z00 y)) ?x1362 ?x2728 (* 36 (* y00 y)) ?x1007 ?x1823 (* (- 3) (* z00 z x)) (* 2 (* z00 y y)) ?x948 ?x875 ?x2494 (* 18 (* x00 y)) ?x2502 ?x64 ?x583 (* 18 (* y00 x)) ?x71 ?x640 ?x542 ?x530 (* (- 2) (* y00 y00 z)) (* (- 3) (* z00 z00 y)))))
 (let ((?x1169 (* z00 z y)))
 (let ((?x1051 (* (- 6) ?x1006)))
 (let ((?x630 (* 12 ?x629)))
 (let ((?x1832 (+ (* (- 1) (* y00 z00 z)) ?x1823 ?x1175 ?x1529 ?x630 ?x673 ?x875 ?x1362 ?x886 (* 12 (* y00 y)) ?x64 ?x583 ?x1051 ?x71 ?x640 ?x99 (* (- 18) (* z00 x)) ?x1169 (* (- 1) (* z00 z00 y)))))
 (let ((?x432 (* z00 z00 z)))
 (let ((?x1328 (* (- 12) ?x1286)))
 (let ((?x764 (+ (* (- 6) ?x1561) ?x513 ?x524 ?x1328 ?x1982 ?x64 ?x583 (* (- 6) (* z00 z)) ?x71 ?x640 ?x432)))
 (let (($x2763 (and $x1261 (= (+ ?x421 ?x43 ?x444 (* (- 6) z) ?x49 (* z z)) 0) (= ?x764 0) (= ?x1832 0) (= ?x2157 0) $x2680 $x1578)))
 (let ((?x359 (+ (* (- 1) ?x237 ?x237 ?x223 ?x223 (+ z 6) (+ z 6)) (* 9 (+ n 1) ?x237 ?x237 ?x223 ?x223))))
 (let ((?x227 (- (- (+ (* (- 1) z00 z00) ?x43) (* 12 ?x223)) (* 6 (+ z 6)))))
 (let ((?x229 (+ ?x227 ?x49 (* (+ z 6) (+ z 6)))))
 (let (($x364 (not (= (* ?x229 (- ?x359 (* 3 (+ n 1) ?x237 ?x223))) 0))))
 (let ((?x210 (* 108 x00 x00)))
 (let ((?x204 (* 10 y00 z00 z00)))
 (let ((?x197 (* 2 x00 z00 z00 z00)))
 (let ((?x189 (* 18 x00 z00 z00)))
 (let ((?x187 (* 36 x00 y00 z00)))
 (let ((?x184 (* 96 y00 y00)))
 (let ((?x179 (* 16 y00 y00 y00)))
 (let ((?x171 (* 24 y00 z00)))
 (let ((?x160 (* 12 y00 y00 z00)))
 (let ((?x313 (- (+ (* 216 x00 y00) (* 108 ?x237 ?x223) (* 36 x00 z00)) (* 2 ?x237 z00 z00 z00))))
 (let ((?x320 (+ (- (- (+ ?x313 (* 18 ?x237 z00 z00)) ?x160) ?x161) (* 24 ?x223 ?x223) (* 108 ?x237 ?x237))))
 (let ((?x324 (+ (- ?x320 (* 4 ?x223 ?x223 ?x223)) (* 18 ?x223 y00 z00) ?x171)))
 (let ((?x331 (- (+ (- (- ?x324 (* 120 ?x223 y00)) (* 24 ?x223 z00)) ?x179) (* 6 ?x223 ?x223 z00))))
 (let ((?x338 (- (- (- (+ ?x331 ?x184) (* 12 ?x223 ?x223 y00)) ?x187) (* 108 x00 ?x223))))
 (let ((?x343 (- (+ (- (- ?x338 ?x189) (* 216 ?x237 x00)) ?x196 ?x197) (* 216 ?x237 y00))))
 (let ((?x348 (- (- (+ ?x343 (* ?x223 ?x223 z00 z00)) ?x204) (* 36 ?x237 z00))))
 (let ((?x353 (- (+ ?x348 (* 36 ?x237 y00 z00) (* 10 ?x223 z00 z00) ?x210) (* ?x223 z00 z00 z00))))
 (let ((?x144 (* 3 y00 z00 z00)))
 (let ((?x74 (* 108 x00)))
 (let ((?x243 (* 72 ?x223)))
 (let ((?x67 (* 72 y00)))
 (let ((?x238 (* 108 ?x237)))
 (let ((?x137 (* 3 x00 z00 z00)))
 (let ((?x215 (+ z 6)))
 (let ((?x258 (* 18 x00 ?x215)))
 (let ((?x133 (* 36 y00 y00)))
 (let ((?x251 (* 12 ?x223 ?x215)))
 (let ((?x261 (* 6 ?x223 z00)))
 (let ((?x91 (* 6 y00 z00)))
 (let ((?x235 (* 12 y00 ?x215)))
 (let ((?x252 (* 18 ?x237 ?x215)))
 (let ((?x279 (- (- (- (* (- 18) x00 y00) (* 18 ?x237 ?x223)) ?x252) (* 3 ?x237 z00 z00))))
 (let ((?x284 (- (+ (- ?x279 ?x113) (* 3 x00 ?x215 z00)) (* ?x223 y00 z00))))
 (let ((?x291 (- (- (+ (- (+ ?x284 ?x235) ?x91) (* 36 ?x223 y00) ?x261) ?x251) (* 3 ?x237 ?x215 z00))))
 (let ((?x297 (+ (- (+ ?x291 (* 2 ?x223 ?x223 z00)) ?x133) ?x258 (* ?x223 ?x223 ?x215) (* 18 x00 ?x223) ?x137 ?x238)))
 (let ((?x303 (+ (- (+ (- ?x297 ?x67) (* 18 ?x237 y00) ?x243) ?x74) (* ?x223 y00 ?x215) ?x144)))
 (let (($x308 (= (- (- ?x303 (* 2 y00 y00 ?x215)) (* 3 ?x223 z00 z00)) 0)))
 (let ((?x88 (* 24 y00 y00)))
 (let ((?x84 (* 18 x00 z00)))
 (let ((?x256 (+ (- (- (* (- 1) y00 ?x215 z00) ?x251) ?x252) ?x84 (* 12 ?x223 ?x223))))
 (let ((?x262 (- (+ (- ?x256 ?x88) ?x258 ?x235 ?x91 (* 12 ?x223 y00) ?x238) ?x67)))
 (let ((?x270 (+ (- (+ (- (+ (- ?x262 ?x261) ?x243) ?x74) ?x99) (* 18 ?x237 z00)) (* ?x223 ?x215 z00))))
 (let ((?x62 (* 18 y00 z00)))
 (let ((?x236 (- (+ (- (* (- 6) ?x223 ?x215) ?x55) (* 6 z00 z00)) ?x235)))
 (let ((?x245 (- (+ (- (- (+ ?x236 ?x62 ?x238) ?x67) (* 6 ?x215 z00)) ?x243) ?x74)))
 (let ((?x36 (* 6 n00)))
 (let (($x221 (= (- (+ (* (- 1) ?x215) z00 (* 6 (+ n 1))) ?x36) 0)))
 (let (($x365 (or (not $x221) (not (= ?x229 0)) (not (= (+ ?x245 (* ?x215 z00 z00)) 0)) (not (= (- ?x270 (* ?x223 z00 z00)) 0)) (not $x308) (not (= ?x353 0)) $x364)))
 (let ((?x212 (* y z00 z00 z00)))
 (let ((?x201 (* y y z00 z00)))
 (let ((?x157 (- (+ (* 216 x00 y00) (* 108 x y) (* 36 x00 z00)) (* 2 x z00 z00 z00))))
 (let ((?x166 (+ (- (- (+ ?x157 (* 18 x z00 z00)) ?x160) ?x161) (* 24 y y) (* 108 x x))))
 (let ((?x172 (+ (- ?x166 (* 4 y y y)) (* 18 y y00 z00) ?x171)))
 (let ((?x182 (- (+ (- (- ?x172 (* 120 y y00)) (* 24 y z00)) ?x179) (* 6 y y z00))))
 (let ((?x193 (- (- (- (+ ?x182 ?x184) (* 12 y y y00)) ?x187) (* 108 x00 y))))
 (let ((?x200 (- (+ (- (- ?x193 ?x189) (* 216 x x00)) ?x196 ?x197) (* 216 x y00))))
 (let ((?x211 (+ (- (- (+ ?x200 ?x201) ?x204) (* 36 x z00)) (* 36 x y00 z00) (* 10 y z00 z00) ?x210)))
 (let ((?x135 (* y y z)))
 (let ((?x90 (* 18 x00 z)))
 (let ((?x80 (* 12 y z)))
 (let ((?x94 (* 6 y z00)))
 (let ((?x59 (* 12 y00 z)))
 (let ((?x120 (* y y00 z00)))
 (let ((?x81 (* 18 x z)))
 (let ((?x116 (- (- (- (* (- 18) x00 y00) (* 18 x y)) ?x81) (* 3 x z00 z00))))
 (let ((?x123 (- (+ (- (+ (- ?x116 ?x113) (* 3 x00 z z00)) ?x120) ?x59) ?x91)))
 (let ((?x129 (- (- (+ ?x123 (* 36 y y00) ?x94) ?x80) (* 3 x z z00))))
 (let ((?x138 (+ (- (+ ?x129 (* 2 y y z00)) ?x133) ?x90 ?x135 (* 18 x00 y) ?x137 ?x64)))
 (let ((?x145 (+ (- (+ (- ?x138 ?x67) (* 18 x y00) ?x71) ?x74) (* y y00 z) ?x144)))
 (let (($x150 (= (- (- ?x145 (* 2 y00 y00 z)) (* 3 y z00 z00)) 0)))
 (let ((?x105 (* y z00 z00)))
 (let ((?x103 (* y z z00)))
 (let ((?x86 (+ (- (- (* (- 1) y00 z z00) ?x80) ?x81) ?x84 (* 12 y y))))
 (let ((?x95 (- (+ (- ?x86 ?x88) ?x90 ?x59 ?x91 (* 12 y y00) ?x64) ?x67)))
 (let ((?x104 (+ (- (+ (- (+ (- ?x95 ?x94) ?x71) ?x74) ?x99) (* 18 x z00)) ?x103)))
 (let ((?x76 (* z z00 z00)))
 (let ((?x60 (- (+ (- (* (- 6) y z) ?x55) (* 6 z00 z00)) ?x59)))
 (let ((?x75 (- (+ (- (- (+ ?x60 ?x62 ?x64) ?x67) (* 6 z z00)) ?x71) ?x74)))
 (let ((?x50 (* z z)))
 (let ((?x46 (* 6 z)))
 (let ((?x51 (+ (- (- (+ (* (- 1) z00 z00) ?x43) (* 12 y)) ?x46) ?x49 ?x50)))
 (let (($x366 (and (= (- (+ (* (- 1) z) z00 (* 6 n)) ?x36) 0) (= ?x51 0) (= (+ ?x75 ?x76) 0) (= (- ?x104 ?x105) 0) $x150 (= (- ?x211 ?x212) 0) $x365)))
 (rewrite (= $x366 $x2763)))))))))))))))))))))))))))))))))))))))))))))))))))))))))))))))))))))))))))))))))))))))))))))))))))))))))))))))))))))))))))))))))))))))))))))))))))))))))))))))))))))))))))))))))))))))))))))))))))))
 ))
 (let ((@x368 (asserted $x367)))
 (let ((@x1392 (mp (mp @x368 (quant-intro (proof-bind ?x2192) (= $x367 $x906)) $x906) (rewrite (= $x906 $x906)) $x906)))
 (let ((@x1503 (mp (mp @x1392 (quant-intro (proof-bind ?x2789) (= $x906 $x1209)) $x1209) (quant-intro (proof-bind ?x1268) (= $x1209 $x1258)) $x1258)))
 (let ((@x1852 (mp (mp~ @x1503 (sk (~ $x1258 $x519)) $x519) (rewrite (= $x519 $x2184)) $x2184)))
 (let ((@x2039 (and-elim @x1852 $x2551)))
 (let ((@x2109 (unit-resolution ((_ th-lemma arith triangle-eq) (or (not $x2551) $x1722)) @x2039 $x1722)))
 (let (($x753 (>= ?x2570 0)))
 (let ((@x2230 (unit-resolution ((_ th-lemma arith triangle-eq) (or (not $x2551) $x753)) @x2039 $x753)))
 (let (($x2432 (<= ?x2321 0)))
 (let (($x2612 (<= ?x1253 0)))
 (let ((@x592 (and-elim @x1852 $x761)))
 (let ((@x475 (unit-resolution ((_ th-lemma arith triangle-eq) (or (not $x761) $x2612)) @x592 $x2612)))
 (let (($x2252 (>= ?x1253 0)))
 (let ((@x2055 (unit-resolution ((_ th-lemma arith triangle-eq) (or (not $x761) $x2252)) @x592 $x2252)))
 (let (($x1405 (<= ?x941 0)))
 (let ((@x2595 (and-elim @x1852 $x942)))
 (let ((@x1108 (unit-resolution ((_ th-lemma arith triangle-eq) (or (not $x942) $x1405)) @x2595 $x1405)))
 (let (($x2836 (>= ?x941 0)))
 (let ((@x698 (unit-resolution ((_ th-lemma arith triangle-eq) (or (not $x942) $x2836)) @x2595 $x2836)))
 (let (($x2542 (<= ?x2240 0)))
 (let ((@x1390 (and-elim @x1852 $x1541)))
 (let ((@x2019 (unit-resolution ((_ th-lemma arith triangle-eq) (or $x502 $x2542)) @x1390 $x2542)))
 (let (($x2017 (>= ?x2240 0)))
 (let ((@x2098 (unit-resolution ((_ th-lemma arith triangle-eq) (or $x502 $x2017)) @x1390 $x2017)))
 (let (($x2613 (<= ?x1603 0)))
 (let ((@x2594 (and-elim @x1852 $x1615)))
 (let ((@x747 (unit-resolution ((_ th-lemma arith triangle-eq) (or $x2546 $x2613)) @x2594 $x2613)))
 (let (($x2250 (>= ?x1603 0)))
 (let ((@x2548 (unit-resolution ((_ th-lemma arith triangle-eq) (or $x2546 $x2250)) @x2594 $x2250)))
 (let ((@x600 ((_ th-lemma arith) (hypothesis (not $x2432)) @x2098 @x2019 @x2230 @x2109 @x2055 @x475 @x2548 @x747 @x2098 @x2019 @x698 @x1108 @x2055 @x475 false)))
 (let ((@x1516 (lemma @x600 $x2432)))
 (let (($x950 (>= ?x2321 0)))
 (let ((@x1481 ((_ th-lemma arith) (hypothesis (not $x950)) @x2098 @x2019 @x2230 @x2109 @x2055 @x475 @x2548 @x747 @x2098 @x2019 @x698 @x1108 @x2055 @x475 false)))
 (let ((@x1839 (lemma @x1481 $x950)))
 (let (($x862 (not (<= ?x1479 0))))
 (let (($x1695 (>= ?x1479 0)))
 (let ((@x2096 ((_ th-lemma arith) (hypothesis (not $x1695)) @x2098 @x2019 @x2055 @x475 @x2548 @x747 @x2098 @x2019 @x1839 @x1516 @x2230 @x2109 false)))
 (let (($x650 (>= ?x2012 0)))
 (let ((@x2257 ((_ th-lemma arith eq-propagate 0 0 0) (lemma ((_ th-lemma arith farkas 1 1 1) (hypothesis (not $x650)) @x2548 @x747 false) $x650) @x2548 @x747 $x1317)))
 (let ((@x1761 (unit-resolution ((_ th-lemma arith triangle-eq) (or $x1107 (not $x2432) (not $x950))) @x1839 @x1516 $x1107)))
 (let ((@x370 (unit-resolution (hypothesis $x907) ((_ th-lemma arith eq-propagate -6 -6 -1 -1) @x2548 @x747 @x698 @x1108 $x1536) false)))
 (let (($x613 (>= ?x841 0)))
 (let (($x2351 (<= ?x2817 0)))
 (let ((@x2051 (and-elim @x1852 $x1805)))
 (let ((@x1399 (unit-resolution ((_ th-lemma arith triangle-eq) (or (not $x1805) $x2351)) @x2051 $x2351)))
 (let (($x858 (>= ?x2817 0)))
 (let ((@x2269 (unit-resolution ((_ th-lemma arith triangle-eq) (or (not $x1805) $x858)) @x2051 $x858)))
 (let ((@x1125 ((_ th-lemma arith) (hypothesis (not $x613)) @x2098 @x2019 @x698 @x1108 @x2055 @x475 @x2548 @x747 @x2098 @x2019 @x2269 @x1399 @x2098 @x2019 @x2230 @x2109 @x2055 @x475 @x2230 @x2109 @x2055 @x475 @x2055 @x475 @x2548 @x747 @x2055 @x475 @x2269 @x1399 @x2230 @x2109 false)))
 (let (($x2395 (<= ?x841 0)))
 (let ((@x2058 ((_ th-lemma arith) (hypothesis (not $x2395)) @x2098 @x2019 @x698 @x1108 @x2055 @x475 @x2548 @x747 @x2098 @x2019 @x1839 @x1516 @x2098 @x2019 @x2230 @x2109 @x2055 @x475 @x2269 @x1399 @x2055 @x475 @x2548 @x747 @x2055 @x475 @x2230 @x2109 @x2055 @x475 @x2269 @x1399 @x2230 @x2109 false)))
 (let ((@x460 (unit-resolution ((_ th-lemma arith triangle-eq) (or $x859 (not $x2395) (not $x613))) (lemma @x2058 $x2395) (lemma @x1125 $x613) $x859)))
 (let ((@x2195 (unit-resolution (and-elim @x1852 $x2010) @x1390 @x2594 (or $x907 $x2011 $x2176 $x2329 $x2459))))
 (let ((@x1795 (unit-resolution ((_ th-lemma arith triangle-eq) (or $x717 $x862 (not $x1695))) (unit-resolution @x2195 @x460 (lemma @x370 $x1536) @x1761 @x2257 $x2011) (or $x862 (not $x1695)))))
 ((_ th-lemma arith) (unit-resolution @x1795 (lemma @x2096 $x1695) $x862) @x2098 @x2019 @x2055 @x475 @x2548 @x747 @x2098 @x2019 @x1839 @x1516 @x2230 @x2109 false)))))))))))))))))))))))))))))))))))))))))))))))))))))))))))))))))))))))))))))))))))))))))))))))))))))))))))))))))))))))))))))))))))))))))))))))))))))))))))))))))))))))))))))))))))))))))))))))))))))))))))))))))))))))))))))))))))))))))))))))))))))))))))))))))))))))))))))))))))))))))))))))))))))))))))

(:added-eqs                 12
 :arith-assert-diseq        9
 :arith-assert-lower        117
 :arith-assert-upper        20
 :arith-conflicts           7
 :arith-eq-adapter          11
 :arith-fixed-eqs           2
 :arith-gcd-tests           4
 :arith-grobner             6
 :arith-max-min             2230
 :arith-nonlinear-bounds    98
 :arith-nonlinear-horner    73
 :arith-num-rows            14
 :arith-patches             4
 :arith-patches_succ        4
 :arith-pivots              9
 :arith-pseudo-nonlinear    2
 :arith-row-summations      16
 :arith-tableau-max-columns 141
 :arith-tableau-max-rows    14
 :conflicts                 8
 :decisions                 19
 :del-clause                39
 :final-checks              13
 :max-memory                15.68
 :memory                    3.51
 :mk-bool-var               39
 :mk-clause                 39
 :num-allocs                654313212701.00
 :num-checks                1
 :propagations              46
 :rlimit-count              24512009
 :time                      26.29
 :total-time                26.28)
