unsat
((set-logic NIA)
(declare-fun z!1 () Int)
(declare-fun y!2 () Int)
(declare-fun x!3 () Int)
(declare-fun n!0 () Int)
(proof
(let ((?x1726 (* z!1 z!1)))
 (let ((?x420 (* z00 z00)))
 (let ((?x580 (* (- 1) ?x420)))
 (let ((?x43 (* 12 y00)))
 (let ((?x49 (* 6 z00)))
 (let ((?x2537 (+ ?x49 ?x43 ?x580 (* (- 6) z!1) (* (- 12) y!2) ?x1726)))
 (let (($x1479 (<= ?x2537 0)))
 (let (($x1835 (= ?x2537 0)))
 (let ((?x2541 (* z00 z!1 y!2)))
 (let ((?x2116 (* z00 z!1 z!1)))
 (let ((?x1684 (* y!2 y!2)))
 (let ((?x1229 (* 12 ?x1684)))
 (let ((?x1519 (* z00 z00 z!1)))
 (let ((?x1931 (* (- 1) ?x1519)))
 (let ((?x775 (* z00 z00 y00)))
 (let ((?x655 (* y00 y00)))
 (let ((?x673 (* (- 24) ?x655)))
 (let ((?x624 (* z00 x00)))
 (let ((?x626 (* 18 ?x624)))
 (let ((?x978 (+ ?x626 ?x673 ?x775 (* (- 1) (* z00 y00 z!1)) (* 18 (* x00 z!1)) (* 12 (* y00 y!2)) ?x1931 (* (- 18) (* z!1 x!3)) ?x1229 (* 24 (* y00 z!1)) (* (- 6) (* z!1 y!2)) (* (- 18) (* z00 y!2)) ?x2116 (* (- 1) (* z00 z00 y!2)) (* (- 18) (* z00 x!3)) ?x2541)))
 (let ((?x2784 (* x!3 y!2)))
 (let ((?x1017 (* (- 3) ?x2784)))
 (let ((?x2019 (* 18 (* x!3 y!2 y!2 y!2))))
 (let ((?x2203 (* 9 (* x!3 x!3 y!2 y!2))))
 (let ((?x1020 (* (- 3) ?x1684)))
 (let ((?x2171 (+ x!3 y!2)))
 (let ((?x957 (+ z!1 y!2)))
 (let ((?x1753 (+ 6 z!1)))
 (let ((?x940 (* 9 (* y!2 y!2 y!2 y!2))))
 (let ((?x1121 (+ (* 36 (* z!1 n!0 x!3 y!2 y!2)) (* 9 (* n!0 y!2 y!2 y!2 y!2)) (* 18 (* n!0 x!3 y!2 y!2 y!2)) (* 18 (* z!1 x!3 x!3 y!2)) (* 18 (* z!1 z!1 x!3 y!2)) (* 9 (* n!0 x!3 x!3 y!2 y!2)) (* 18 (* z!1 n!0 x!3 x!3 y!2)) (* (- 3) (* z!1 n!0 y!2)) ?x940 (* (- 3) (* z!1 x!3)) (* (- 1) (* ?x1753 ?x1753 ?x957 ?x957 ?x2171 ?x2171)) (* 9 (* z!1 z!1 n!0 y!2 y!2)) (* (- 3) (* z!1 n!0 x!3)) ?x1020 (* (- 3) (* n!0 y!2 y!2)) (* 18 (* z!1 y!2 y!2 y!2)) (* 36 (* z!1 x!3 y!2 y!2)) (* (- 3) (* z!1 y!2)) (* 18 (* z!1 n!0 y!2 y!2 y!2)) (* (- 3) (* n!0 x!3 y!2)) ?x2203 ?x2019 (* 9 (* z!1 z!1 y!2 y!2)) (* 9 (* z!1 z!1 n!0 x!3 x!3)) (* 9 (* z!1 z!1 x!3 x!3)) (* 18 (* z!1 z!1 n!0 x!3 y!2)) ?x1017)))
 (let ((?x1893 (* ?x1121 ?x978)))
 (let (($x2953 (= ?x1893 0)))
 (let (($x1900 (not $x2953)))
 (let ((?x2571 (* 36 (* z00 y00 x!3))))
 (let ((?x617 (* 324 ?x2784)))
 (let ((?x2737 (* (- 216) (* x00 x!3))))
 (let ((?x2351 (* z!1 z!1 z!1)))
 (let ((?x2586 (* (- 4) ?x2351)))
 (let ((?x2324 (* z00 x!3)))
 (let ((?x1405 (* (- 36) ?x2324)))
 (let ((?x2316 (* y00 x!3)))
 (let ((?x1887 (* (- 216) ?x2316)))
 (let ((?x2250 (* z00 z00 x!3)))
 (let ((?x431 (* 18 ?x2250)))
 (let ((?x2008 (* z00 y!2 y!2)))
 (let ((?x2736 (* (- 6) ?x2008)))
 (let ((?x2902 (* (- 12) (* y00 y!2 y!2))))
 (let ((?x2268 (* 24 ?x1726)))
 (let ((?x1709 (* z00 z00 y!2 y!2)))
 (let ((?x528 (* 240 ?x1684)))
 (let ((?x1098 (* (- 4) (* y!2 y!2 y!2))))
 (let ((?x1384 (* 108 (* x00 x00))))
 (let ((?x1281 (* 2 (* z00 z00 z00 x00))))
 (let ((?x1277 (* z00 z00 z00 y00)))
 (let ((?x1187 (* (- 36) (* z00 y00 x00))))
 (let ((?x1101 (* 16 (* y00 y00 y00))))
 (let ((?x965 (* z00 z00 x00)))
 (let ((?x1237 (* (- 18) ?x965)))
 (let ((?x871 (* (- 1) (* z00 z00 y00 y00))))
 (let ((?x1485 (* (- 2) (* z00 z00 z00 x!3))))
 (let ((?x1406 (* 108 (* x!3 x!3))))
 (let ((?x1338 (* (- 10) ?x775)))
 (let ((?x755 (* z00 y00 y00)))
 (let ((?x836 (* (- 12) ?x755)))
 (let ((?x1137 (* 96 ?x655)))
 (let ((?x581 (* 36 ?x624)))
 (let ((?x561 (* z00 y00)))
 (let ((?x979 (* 24 ?x561)))
 (let ((?x510 (* y00 x00)))
 (let ((?x532 (* 216 ?x510)))
 (let ((?x991 (+ ?x532 ?x979 ?x581 ?x1137 (* z00 z00 z!1 z!1) ?x836 ?x1338 ?x1406 (* 2 (* z00 z00 z!1 y!2)) ?x1485 ?x871 (* (- 1) (* z00 z00 z00 z!1)) (* (- 12) (* y00 z!1 z!1)) ?x1237 (* 18 (* z00 y00 z!1)) ?x1101 (* 54 (* z00 y00 y!2)) ?x1187 (* (- 108) (* x00 z!1)) (* (- 24) (* z00 z!1)) ?x1277 ?x1281 ?x1384 (* (- 336) (* y00 y!2)) (* 10 ?x1519) ?x1098 (* 108 (* z!1 x!3)) ?x528 ?x1709 (* (- 3) (* z00 z00 z00 y!2)) ?x2268 (* (- 120) (* y00 z!1)) ?x2902 (* 156 (* z!1 y!2)) ?x2736 (* (- 60) (* z00 y!2)) (* (- 6) ?x2116) (* 28 (* z00 z00 y!2)) ?x431 (* (- 324) (* x00 y!2)) (* (- 12) (* z!1 z!1 y!2)) ?x1887 (* (- 24) (* y00 z!1 y!2)) ?x1405 ?x2586 (* (- 12) ?x2541) ?x2737 ?x617 ?x2571 (* (- 12) (* z!1 y!2 y!2)))))
 (let (($x1579 (= ?x991 0)))
 (let (($x2743 (not $x1579)))
 (let ((?x1694 (* 2 (* y00 y00 z!1))))
 (let ((?x2806 (* z!1 y!2 y!2)))
 (let ((?x1654 (* (- 1) ?x2806)))
 (let ((?x970 (* 18 ?x2784)))
 (let ((?x1802 (* (- 1) ?x2541)))
 (let ((?x2353 (* (- 1) ?x2351)))
 (let ((?x1402 (* 18 ?x2324)))
 (let ((?x2319 (* y00 z!1 y!2)))
 (let ((?x2212 (* (- 1) ?x2319)))
 (let ((?x2099 (* (- 18) ?x2316)))
 (let ((?x1272 (* 3 (* z00 z!1 x!3))))
 (let ((?x2253 (* x00 y!2)))
 (let ((?x1267 (* (- 18) ?x2253)))
 (let ((?x512 (* 3 ?x2250)))
 (let ((?x1105 (* (- 2) ?x2008)))
 (let ((?x577 (* 6 ?x1726)))
 (let ((?x1743 (* (- 3) (* z00 x00 z!1))))
 (let ((?x1132 (* z00 y00 y!2)))
 (let ((?x975 (* z00 y00 z!1)))
 (let ((?x2381 (* (- 3) ?x965)))
 (let ((?x2379 (* (- 3) ?x775)))
 (let ((?x2375 (* 48 ?x655)))
 (let ((?x1773 (* (- 18) ?x624)))
 (let ((?x690 (* 6 ?x561)))
 (let ((?x2370 (* 18 ?x510)))
 (let ((?x988 (+ ?x2370 ?x690 ?x1773 ?x2375 ?x755 ?x2379 (* (- 1) (* y00 z!1 z!1)) ?x2381 ?x975 ?x1132 (* (- 36) (* x00 z!1)) (* (- 6) (* z00 z!1)) (* (- 60) (* y00 y!2)) (* 3 ?x1519) (* 36 (* z!1 x!3)) ?x1229 ?x1743 ?x577 (* (- 54) (* y00 z!1)) (* 36 (* z!1 y!2)) ?x1105 (* 12 (* z00 y!2)) (* (- 2) ?x2116) (* 6 (* z00 z00 y!2)) ?x512 ?x1267 (* (- 2) (* z!1 z!1 y!2)) ?x1272 ?x2099 ?x2212 ?x1402 ?x2353 ?x1802 ?x970 ?x1654 ?x1694)))
 (let (($x2706 (= ?x988 0)))
 (let (($x1489 (not $x2706)))
 (let (($x1005 (= ?x978 0)))
 (let (($x522 (not $x1005)))
 (let ((?x1944 (* z!1 y!2)))
 (let ((?x710 (* 6 ?x1944)))
 (let ((?x1751 (* y00 z!1)))
 (let ((?x1528 (* 12 ?x1751)))
 (let ((?x1526 (* (- 108) x!3)))
 (let ((?x1231 (* z00 z!1)))
 (let ((?x747 (* 6 ?x1231)))
 (let ((?x2983 (* (- 18) ?x561)))
 (let ((?x74 (* 108 x00)))
 (let ((?x55 (* z00 z00 z00)))
 (let ((?x430 (+ (* 36 z00) (* 144 y00) ?x55 ?x74 (* (- 12) ?x420) ?x2983 (* (- 36) z!1) ?x747 ?x1931 ?x1526 (* (- 144) y!2) ?x577 ?x1528 ?x710)))
 (let (($x2665 (= ?x430 0)))
 (let (($x864 (not $x2665)))
 (let (($x807 (not $x1835)))
 (let ((?x1882 (* (- 6) n00)))
 (let ((?x2333 (+ z00 ?x1882 (* (- 1) z!1) (* 6 n!0))))
 (let (($x1674 (= ?x2333 0)))
 (let (($x1707 (not $x1674)))
 (let (($x1542 (or $x1707 $x807 $x864 $x522 $x1489 $x2743 $x1900)))
 (let ((?x1063 (* 108 ?x2784)))
 (let ((?x2592 (* 24 ?x1684)))
 (let ((?x845 (+ ?x532 ?x979 ?x581 ?x1137 ?x836 ?x1338 ?x1406 ?x1485 ?x871 ?x1237 ?x1101 (* 18 ?x1132) ?x1187 ?x1277 ?x1281 ?x1384 (* (- 120) (* y00 y!2)) ?x1098 ?x2592 ?x1709 (* (- 1) (* z00 z00 z00 y!2)) ?x2902 ?x2736 (* (- 24) (* z00 y!2)) (* 10 (* z00 z00 y!2)) ?x431 (* (- 108) ?x2253) ?x1887 ?x1405 ?x2737 ?x1063 ?x2571)))
 (let (($x427 (= ?x845 0)))
 (let ((?x1305 (* 12 ?x1944)))
 (let ((?x716 (* (- 12) ?x1751)))
 (let ((?x1616 (* z!1 x!3)))
 (let ((?x1604 (* 18 ?x1616)))
 (let ((?x1515 (* (- 72) y!2)))
 (let ((?x1203 (* x00 z!1)))
 (let ((?x1602 (* (- 18) ?x1203)))
 (let ((?x1730 (* 36 ?x655)))
 (let ((?x67 (* 72 y00)))
 (let ((?x1696 (+ ?x67 ?x74 ?x2370 ?x690 ?x1730 ?x755 ?x2379 ?x2381 ?x1132 ?x1602 (* (- 36) (* y00 y!2)) ?x1526 ?x1515 ?x1604 ?x1743 ?x716 ?x1305 ?x1105 (* (- 6) (* z00 y!2)) (* 3 (* z00 z00 y!2)) ?x512 ?x1267 ?x1272 ?x2099 ?x2212 ?x970 ?x1654 ?x1694)))
 (let (($x2589 (= ?x1696 0)))
 (let ((?x2173 (* z00 z00 y!2)))
 (let ((?x754 (* (- 12) ?x1684)))
 (let ((?x1776 (* (- 1) ?x775)))
 (let ((?x657 (* 24 ?x655)))
 (let ((?x855 (* (- 6) ?x561)))
 (let ((?x1120 (+ ?x67 ?x74 ?x855 ?x1773 ?x657 ?x1776 ?x975 ?x1602 (* (- 12) (* y00 y!2)) ?x1526 ?x1515 ?x1604 ?x754 ?x716 ?x1305 (* 6 (* z00 y!2)) ?x2173 ?x1402 ?x1802)))
 (let (($x1563 (= ?x1120 0)))
 (let ((?x553 (* (- 6) ?x420)))
 (let ((?x1108 (+ ?x67 ?x55 ?x74 ?x553 ?x2983 ?x747 ?x1931 ?x1526 ?x1515 ?x1528 ?x710)))
 (let (($x1719 (= ?x1108 0)))
 (let (($x1041 (and $x1674 $x1835 $x1719 $x1563 $x2589 $x427 $x1542)))
 (let ((?x890 (* z!1 z!1 z00)))
 (let ((?x2489 (* x!3 z00)))
 (let ((?x2765 (* (- 18) ?x2489)))
 (let ((?x2709 (* y!2 y00)))
 (let ((?x1083 (* 12 ?x2709)))
 (let ((?x1393 (* z!1 x00)))
 (let ((?x904 (* 18 ?x1393)))
 (let ((?x950 (* x!3 z!1)))
 (let ((?x1683 (* (- 18) ?x950)))
 (let ((?x1666 (* z!1 z00 y00)))
 (let ((?x1663 (* (- 1) ?x1666)))
 (let ((?x549 (* y!2 z!1)))
 (let ((?x1945 (* (- 6) ?x549)))
 (let ((?x1533 (* y!2 z00 z00)))
 (let ((?x658 (* (- 1) ?x1533)))
 (let ((?x1656 (* y!2 z!1 z00)))
 (let ((?x633 (+ (* (- 1) (* z!1 z00 z00)) ?x1656 ?x658 ?x1945 ?x1663 (* 24 (* z!1 y00)) ?x1683 ?x626 ?x1229 ?x673 ?x904 ?x1083 (* (- 18) (* y!2 z00)) ?x775 ?x2765 ?x890)))
 (let ((?x2638 (+ (* 9 (* x!3 x!3 z!1 z!1 n!0)) (* (- 3) ?x549) ?x1017 (* (- 3) ?x950) ?x1020 (* 36 (* x!3 y!2 y!2 z!1 n!0)) (* 9 (* x!3 x!3 y!2 y!2 n!0)) (* 18 (* x!3 y!2 z!1 z!1 n!0)) (* 18 (* x!3 y!2 y!2 y!2 n!0)) (* 9 (* y!2 y!2 y!2 y!2 n!0)) (* 18 (* y!2 y!2 y!2 z!1 n!0)) (* (- 1) (* ?x1753 ?x1753 (+ y!2 z!1) (+ y!2 z!1) ?x2171 ?x2171)) (* 9 (* y!2 y!2 z!1 z!1 n!0)) ?x2203 ?x2019 ?x940 (* 18 (* x!3 x!3 y!2 z!1)) (* 36 (* x!3 y!2 y!2 z!1)) (* 18 (* y!2 y!2 y!2 z!1)) (* 9 (* x!3 x!3 z!1 z!1)) (* 18 (* x!3 y!2 z!1 z!1)) (* 9 (* y!2 y!2 z!1 z!1)) (* (- 3) (* x!3 y!2 n!0)) (* 18 (* x!3 x!3 y!2 z!1 n!0)) (* (- 3) (* y!2 y!2 n!0)) (* (- 3) (* x!3 z!1 n!0)) (* (- 3) (* y!2 z!1 n!0)))))
 (let ((?x1813 (* 36 (* x!3 z00 y00))))
 (let ((?x1973 (* (- 216) (* x!3 x00))))
 (let ((?x1051 (* (- 12) (* y!2 y!2 y00))))
 (let ((?x371 (* x!3 y00)))
 (let ((?x1070 (* (- 216) ?x371)))
 (let ((?x719 (* y!2 y!2 z00)))
 (let ((?x758 (* (- 6) ?x719)))
 (let ((?x619 (* (- 36) ?x2489)))
 (let ((?x2756 (* x!3 z00 z00)))
 (let ((?x1062 (* 18 ?x2756)))
 (let ((?x1507 (* (- 2) (* x!3 z00 z00 z00))))
 (let ((?x959 (* y!2 y!2 z00 z00)))
 (let ((?x1015 (+ ?x2268 (* 10 (* z!1 z00 z00)) (* (- 12) ?x1656) (* 28 ?x1533) (* (- 12) (* y!2 y!2 z!1)) ?x959 (* (- 3) (* y!2 z00 z00 z00)) (* 156 ?x549) (* 18 ?x1666) ?x532 ?x617 (* (- 120) (* z!1 y00)) ?x979 (* 108 ?x950) ?x1507 (* (- 24) (* z!1 z00)) ?x581 ?x528 ?x1137 (* (- 108) ?x1393) (* (- 336) ?x2709) ?x1062 (* (- 60) (* y!2 z00)) ?x836 ?x1338 ?x619 (* 54 (* y!2 z00 y00)) ?x871 ?x1406 ?x1098 ?x758 (* (- 324) (* y!2 x00)) ?x1237 ?x1070 (* (- 24) (* y!2 z!1 y00)) ?x1101 ?x1051 ?x1187 ?x1973 ?x1277 ?x1281 ?x1813 ?x1384 (* (- 6) ?x890) (* (- 12) (* y!2 z!1 z!1)) ?x2586 (* (- 12) (* z!1 z!1 y00)) (* 2 (* y!2 z!1 z00 z00)) (* z!1 z!1 z00 z00) (* (- 1) (* z!1 z00 z00 z00)))))
 (let ((?x779 (* y!2 z00 y00)))
 (let ((?x1139 (* 18 ?x2489)))
 (let ((?x1143 (* z!1 z00)))
 (let ((?x1197 (* (- 6) ?x1143)))
 (let ((?x1340 (* (- 1) ?x1656)))
 (let ((?x2301 (+ ?x577 (* 3 (* z!1 z00 z00)) ?x1340 (* 6 ?x1533) (* (- 1) (* y!2 y!2 z!1)) (* 36 ?x549) ?x1666 ?x2370 ?x970 (* (- 54) (* z!1 y00)) ?x690 (* 36 ?x950) ?x1197 ?x1773 ?x1229 ?x2375 (* (- 36) ?x1393) (* (- 60) ?x2709) (* 3 ?x2756) (* 12 (* y!2 z00)) ?x755 ?x2379 (* (- 3) (* z!1 z00 x00)) ?x1139 ?x779 (* 3 (* x!3 z!1 z00)) (* (- 2) ?x719) (* (- 18) (* y!2 x00)) ?x2381 (* (- 18) ?x371) (* (- 1) (* y!2 z!1 y00)) (* 2 (* z!1 y00 y00)) (* (- 2) ?x890) (* (- 2) (* y!2 z!1 z!1)) ?x2353 (* (- 1) (* z!1 z!1 y00)))))
 (let ((?x1872 (* z!1 z00 z00)))
 (let ((?x1560 (+ ?x1872 ?x1340 ?x1533 (* 6 ?x549) ?x1666 (* (- 24) (* z!1 y00)) (* 18 ?x950) ?x1773 ?x754 ?x657 (* (- 18) ?x1393) (* (- 12) ?x2709) (* 18 (* y!2 z00)) ?x1776 ?x1139 (* (- 1) ?x890))))
 (let ((?x562 (* 18 ?x561)))
 (let ((?x1107 (* z!1 y00)))
 (let ((?x1156 (* (- 12) ?x1107)))
 (let ((?x1469 (* 12 ?x420)))
 (let ((?x640 (* (- 108) x00)))
 (let ((?x513 (* (- 1) ?x55)))
 (let ((?x1322 (* (- 144) y00)))
 (let ((?x1397 (* (- 36) z00)))
 (let ((?x1165 (* 108 x!3)))
 (let ((?x2839 (+ ?x1165 (* 144 y!2) (* 36 z!1) ?x1397 ?x1322 (* (- 6) ?x1726) ?x513 ?x640 ?x1872 ?x1469 ?x1945 ?x1156 ?x562 ?x1197)))
 (let ((?x491 (* (- 12) y00)))
 (let ((?x490 (* (- 6) z00)))
 (let (($x1166 (= (+ (* 12 y!2) (* 6 z!1) ?x490 ?x491 (* (- 1) ?x1726) ?x420) 0)))
 (let (($x603 (= (+ z!1 (* (- 6) n!0) (* (- 1) z00) (* 6 n00)) 0)))
 (let (($x2818 (or (not $x603) (not $x1166) (not (= ?x2839 0)) (not (= ?x1560 0)) (not (= ?x2301 0)) (not (= ?x1015 0)) (not (= (* ?x2638 ?x633) 0)))))
 (let ((?x1096 (+ (* 10 ?x1533) ?x959 (* (- 1) (* y!2 z00 z00 z00)) ?x532 ?x1063 ?x979 ?x1507 ?x581 ?x2592 ?x1137 (* (- 120) ?x2709) ?x1062 (* (- 24) (* y!2 z00)) ?x836 ?x1338 ?x619 (* 18 ?x779) ?x871 ?x1406 ?x1098 ?x758 (* (- 108) (* y!2 x00)) ?x1237 ?x1070 ?x1101 ?x1051 ?x1187 ?x1973 ?x1277 ?x1281 ?x1813 ?x1384)))
 (let ((?x2166 (* y!2 z!1 y00)))
 (let ((?x966 (* 3 ?x965)))
 (let ((?x1028 (* 3 ?x775)))
 (let ((?x762 (* (- 1) ?x755)))
 (let ((?x948 (* (- 36) ?x655)))
 (let ((?x1664 (* 12 ?x1107)))
 (let ((?x511 (* (- 18) ?x510)))
 (let ((?x1665 (* (- 12) ?x549)))
 (let ((?x2782 (* y!2 y!2 z!1)))
 (let ((?x583 (* (- 72) y00)))
 (let ((?x1164 (* 72 y!2)))
 (let ((?x539 (+ ?x1165 ?x1164 ?x583 ?x640 (* (- 3) ?x1533) ?x2782 ?x1665 ?x511 (* (- 18) ?x2784) ?x1664 ?x855 ?x1683 ?x948 ?x904 (* 36 ?x2709) (* (- 3) ?x2756) (* 6 (* y!2 z00)) ?x762 ?x1028 (* 3 (* z!1 z00 x00)) (* (- 1) ?x779) (* (- 3) (* x!3 z!1 z00)) (* 2 ?x719) (* 18 (* y!2 x00)) ?x966 (* 18 ?x371) ?x2166 (* (- 2) (* z!1 y00 y00)))))
 (let ((?x2003 (+ ?x1165 ?x1164 ?x583 ?x640 ?x1656 ?x658 ?x1665 ?x1663 ?x1664 ?x690 ?x1683 ?x626 ?x1229 ?x673 ?x904 ?x1083 (* (- 6) (* y!2 z00)) ?x775 ?x2765)))
 (let ((?x524 (* 6 ?x420)))
 (let (($x534 (= (+ ?x1165 ?x1164 ?x583 ?x513 ?x640 ?x1872 ?x524 ?x1945 ?x1156 ?x562 ?x1197) 0)))
 (let (($x2894 (and $x603 $x1166 $x534 (= ?x2003 0) (= ?x539 0) (= ?x1096 0) $x2818)))
 (let (($x809 (exists ((x Int) (y Int) (z Int) (n Int) )(! (let ((?x1710 (* z z z00)))
 (let ((?x786 (* x z00)))
 (let ((?x799 (* (- 18) ?x786)))
 (let ((?x775 (* z00 z00 y00)))
 (let ((?x723 (* y z00)))
 (let ((?x1689 (* (- 18) ?x723)))
 (let ((?x693 (* y y00)))
 (let ((?x694 (* 12 ?x693)))
 (let ((?x686 (* z x00)))
 (let ((?x687 (* 18 ?x686)))
 (let ((?x655 (* y00 y00)))
 (let ((?x673 (* (- 24) ?x655)))
 (let ((?x629 (* y y)))
 (let ((?x630 (* 12 ?x629)))
 (let ((?x624 (* z00 x00)))
 (let ((?x626 (* 18 ?x624)))
 (let ((?x567 (* x z)))
 (let ((?x598 (* (- 18) ?x567)))
 (let ((?x506 (* z z00 y00)))
 (let ((?x507 (* (- 1) ?x506)))
 (let ((?x504 (* y z)))
 (let ((?x505 (* (- 6) ?x504)))
 (let ((?x105 (* y z00 z00)))
 (let ((?x823 (* (- 1) ?x105)))
 (let ((?x103 (* y z z00)))
 (let ((?x76 (* z z00 z00)))
 (let ((?x1755 (* (- 1) ?x76)))
 (let ((?x1378 (+ ?x1755 ?x103 ?x823 ?x505 ?x507 (* 24 (* z y00)) ?x598 ?x626 ?x630 ?x673 ?x687 ?x694 ?x1689 ?x775 ?x799 ?x1710)))
 (let ((?x2981 (* (- 3) (* y z n))))
 (let ((?x2970 (* (- 3) (* x z n))))
 (let ((?x2959 (* (- 3) (* y y n))))
 (let ((?x2948 (* (- 3) (* x y n))))
 (let ((?x2754 (* 9 (* y y z z))))
 (let ((?x2720 (* 9 (* x x z z))))
 (let ((?x2584 (* 9 (* y y y y))))
 (let ((?x2562 (* 9 (* x x y y))))
 (let ((?x237 (+ x y)))
 (let ((?x223 (+ y z)))
 (let ((?x1869 (+ 6 z)))
 (let ((?x2241 (* (- 1) (* ?x1869 ?x1869 ?x223 ?x223 ?x237 ?x237))))
 (let ((?x2921 (* (- 3) ?x629)))
 (let ((?x2918 (* (- 3) ?x567)))
 (let ((?x529 (* x y)))
 (let ((?x2913 (* (- 3) ?x529)))
 (let ((?x2906 (* (- 3) ?x504)))
 (let ((?x2215 (+ (* 9 (* x x z z n)) ?x2906 ?x2913 ?x2918 ?x2921 (* 36 (* x y y z n)) (* 9 (* x x y y n)) (* 18 (* x y z z n)) (* 18 (* x y y y n)) (* 9 (* y y y y n)) (* 18 (* y y y z n)) ?x2241 (* 9 (* y y z z n)) ?x2562 (* 18 (* x y y y)) ?x2584 (* 18 (* x x y z)) (* 36 (* x y y z)) (* 18 (* y y y z)) ?x2720 (* 18 (* x y z z)) ?x2754 ?x2948 (* 18 (* x x y z n)) ?x2959 ?x2970 ?x2981)))
 (let ((?x2929 (* (- 1) (* z z00 z00 z00))))
 (let ((?x2803 (* z z z00 z00)))
 (let ((?x2812 (* 2 (* y z z00 z00))))
 (let ((?x2252 (* z z y00)))
 (let ((?x2594 (* (- 12) ?x2252)))
 (let ((?x2122 (* z z z)))
 (let ((?x2288 (* (- 4) ?x2122)))
 (let ((?x2121 (* y z z)))
 (let ((?x2297 (* (- 12) ?x2121)))
 (let ((?x2523 (* (- 6) ?x1710)))
 (let ((?x1384 (* 108 (* x00 x00))))
 (let ((?x1377 (* 36 (* x z00 y00))))
 (let ((?x1281 (* 2 (* z00 z00 z00 x00))))
 (let ((?x1277 (* z00 z00 z00 y00)))
 (let ((?x1264 (* (- 216) (* x x00))))
 (let ((?x1187 (* (- 36) (* z00 y00 x00))))
 (let ((?x1161 (* (- 12) (* y y y00))))
 (let ((?x1101 (* 16 (* y00 y00 y00))))
 (let ((?x1025 (* y z y00)))
 (let ((?x2609 (* (- 24) ?x1025)))
 (let ((?x995 (* x y00)))
 (let ((?x1304 (* (- 216) ?x995)))
 (let ((?x965 (* z00 z00 x00)))
 (let ((?x1237 (* (- 18) ?x965)))
 (let ((?x961 (* y x00)))
 (let ((?x2745 (* (- 324) ?x961)))
 (let ((?x923 (* y y z00)))
 (let ((?x1124 (* (- 6) ?x923)))
 (let ((?x944 (* (- 4) (* y y y))))
 (let ((?x896 (* 108 (* x x))))
 (let ((?x871 (* (- 1) (* z00 z00 y00 y00))))
 (let ((?x1363 (* (- 36) ?x786)))
 (let ((?x1338 (* (- 10) ?x775)))
 (let ((?x755 (* z00 y00 y00)))
 (let ((?x836 (* (- 12) ?x755)))
 (let ((?x2877 (* (- 60) ?x723)))
 (let ((?x701 (* x z00 z00)))
 (let ((?x774 (* 18 ?x701)))
 (let ((?x2793 (* (- 336) ?x693)))
 (let ((?x2674 (* (- 108) ?x686)))
 (let ((?x1137 (* 96 ?x655)))
 (let ((?x2092 (* 240 ?x629)))
 (let ((?x581 (* 36 ?x624)))
 (let ((?x596 (* z z00)))
 (let ((?x2470 (* (- 24) ?x596)))
 (let ((?x706 (* (- 2) (* x z00 z00 z00))))
 (let ((?x1784 (* 108 ?x567)))
 (let ((?x561 (* z00 y00)))
 (let ((?x979 (* 24 ?x561)))
 (let ((?x535 (* z y00)))
 (let ((?x2432 (* (- 120) ?x535)))
 (let ((?x510 (* y00 x00)))
 (let ((?x532 (* 216 ?x510)))
 (let ((?x212 (* y z00 z00 z00)))
 (let ((?x2936 (* (- 3) ?x212)))
 (let ((?x201 (* y y z00 z00)))
 (let ((?x135 (* y y z)))
 (let ((?x2296 (* (- 12) ?x135)))
 (let ((?x2909 (* 28 ?x105)))
 (let ((?x2538 (* (- 12) ?x103)))
 (let ((?x2896 (* 10 ?x76)))
 (let ((?x50 (* z z)))
 (let ((?x2015 (* 24 ?x50)))
 (let ((?x1570 (+ ?x2015 ?x2896 ?x2538 ?x2909 ?x2296 ?x201 ?x2936 (* 156 ?x504) (* 18 ?x506) ?x532 (* 324 ?x529) ?x2432 ?x979 ?x1784 ?x706 ?x2470 ?x581 ?x2092 ?x1137 ?x2674 ?x2793 ?x774 ?x2877 ?x836 ?x1338 ?x1363 (* 54 (* y z00 y00)) ?x871 ?x896 ?x944 ?x1124 ?x2745 ?x1237 ?x1304 ?x2609 ?x1101 ?x1161 ?x1187 ?x1264 ?x1277 ?x1281 ?x1377 ?x1384 ?x2523 ?x2297 ?x2288 ?x2594 ?x2812 ?x2803 ?x2929)))
 (let ((?x2392 (* (- 1) ?x2252)))
 (let ((?x2390 (* (- 1) ?x2122)))
 (let ((?x2389 (* (- 2) ?x2121)))
 (let ((?x2385 (* (- 2) ?x1710)))
 (let ((?x1039 (* z y00 y00)))
 (let ((?x1040 (* 2 ?x1039)))
 (let ((?x2383 (* (- 1) ?x1025)))
 (let ((?x2382 (* (- 18) ?x995)))
 (let ((?x2381 (* (- 3) ?x965)))
 (let ((?x2380 (* (- 2) ?x923)))
 (let ((?x897 (* x z z00)))
 (let ((?x898 (* 3 ?x897)))
 (let ((?x812 (* y z00 y00)))
 (let ((?x787 (* 18 ?x786)))
 (let ((?x2379 (* (- 3) ?x775)))
 (let ((?x2378 (* 12 ?x723)))
 (let ((?x702 (* 3 ?x701)))
 (let ((?x2377 (* (- 60) ?x693)))
 (let ((?x2375 (* 48 ?x655)))
 (let ((?x1773 (* (- 18) ?x624)))
 (let ((?x609 (* (- 6) ?x596)))
 (let ((?x2373 (* 36 ?x567)))
 (let ((?x690 (* 6 ?x561)))
 (let ((?x531 (* 18 ?x529)))
 (let ((?x2370 (* 18 ?x510)))
 (let ((?x2369 (* 36 ?x504)))
 (let ((?x2368 (* (- 1) ?x135)))
 (let ((?x2367 (* 6 ?x105)))
 (let ((?x1772 (* (- 1) ?x103)))
 (let ((?x2325 (* 3 ?x76)))
 (let ((?x2143 (* 6 ?x50)))
 (let ((?x2852 (+ ?x2143 ?x2325 ?x1772 ?x2367 ?x2368 ?x2369 ?x506 ?x2370 ?x531 (* (- 54) ?x535) ?x690 ?x2373 ?x609 ?x1773 ?x630 ?x2375 (* (- 36) ?x686) ?x2377 ?x702 ?x2378 ?x755 ?x2379 (* (- 3) (* z z00 x00)) ?x787 ?x812 ?x898 ?x2380 (* (- 18) ?x961) ?x2381 ?x2382 ?x2383 ?x1040 ?x2385 ?x2389 ?x2390 ?x2392)))
 (let ((?x1781 (* (- 1) ?x1710)))
 (let ((?x1776 (* (- 1) ?x775)))
 (let ((?x1667 (* 18 ?x723)))
 (let ((?x1775 (* (- 12) ?x693)))
 (let ((?x657 (* 24 ?x655)))
 (let ((?x1774 (* (- 12) ?x629)))
 (let ((?x569 (* 18 ?x567)))
 (let ((?x2522 (+ ?x76 ?x1772 ?x105 (* 6 ?x504) ?x506 (* (- 24) ?x535) ?x569 ?x1773 ?x1774 ?x657 (* (- 18) ?x686) ?x1775 ?x1667 ?x1776 ?x787 ?x1781)))
 (let ((?x562 (* 18 ?x561)))
 (let ((?x548 (* (- 12) ?x535)))
 (let ((?x420 (* z00 z00)))
 (let ((?x1469 (* 12 ?x420)))
 (let ((?x640 (* (- 108) x00)))
 (let ((?x55 (* z00 z00 z00)))
 (let ((?x513 (* (- 1) ?x55)))
 (let ((?x798 (* (- 6) ?x50)))
 (let ((?x1322 (* (- 144) y00)))
 (let ((?x1397 (* (- 36) z00)))
 (let ((?x64 (* 108 x)))
 (let ((?x2837 (+ ?x64 (* 144 y) (* 36 z) ?x1397 ?x1322 ?x798 ?x513 ?x640 ?x76 ?x1469 ?x505 ?x548 ?x562 ?x609)))
 (let ((?x492 (* (- 1) ?x50)))
 (let ((?x491 (* (- 12) y00)))
 (let ((?x490 (* (- 6) z00)))
 (let ((?x46 (* 6 z)))
 (let ((?x45 (* 12 y)))
 (let (($x494 (= (+ ?x45 ?x46 ?x490 ?x491 ?x492 ?x420) 0)))
 (let (($x1178 (not $x494)))
 (let (($x412 (= (+ z (* (- 6) n) (* (- 1) z00) (* 6 n00)) 0)))
 (let (($x926 (not $x412)))
 (let (($x986 (or $x926 $x1178 (not (= ?x2837 0)) (not (= ?x2522 0)) (not (= ?x2852 0)) (not (= ?x1570 0)) (not (= (* ?x2215 ?x1378) 0)))))
 (let ((?x884 (* 24 ?x629)))
 (let ((?x1404 (+ (* 10 ?x105) ?x201 (* (- 1) ?x212) ?x532 (* 108 ?x529) ?x979 ?x706 ?x581 ?x884 ?x1137 (* (- 120) ?x693) ?x774 (* (- 24) ?x723) ?x836 ?x1338 ?x1363 (* 18 ?x812) ?x871 ?x896 ?x944 ?x1124 (* (- 108) ?x961) ?x1237 ?x1304 ?x1101 ?x1161 ?x1187 ?x1264 ?x1277 ?x1281 ?x1377 ?x1384)))
 (let (($x1409 (= ?x1404 0)))
 (let ((?x966 (* 3 ?x965)))
 (let ((?x1028 (* 3 ?x775)))
 (let ((?x762 (* (- 1) ?x755)))
 (let ((?x948 (* (- 36) ?x655)))
 (let ((?x855 (* (- 6) ?x561)))
 (let ((?x536 (* 12 ?x535)))
 (let ((?x511 (* (- 18) ?x510)))
 (let ((?x533 (* (- 12) ?x504)))
 (let ((?x583 (* (- 72) y00)))
 (let ((?x71 (* 72 y)))
 (let ((?x1084 (+ ?x64 ?x71 ?x583 ?x640 (* (- 3) ?x105) ?x135 ?x533 ?x511 (* (- 18) ?x529) ?x536 ?x855 ?x598 ?x948 ?x687 (* 36 ?x693) (* (- 3) ?x701) (* 6 ?x723) ?x762 ?x1028 (* 3 (* z z00 x00)) (* (- 1) ?x812) (* (- 3) ?x897) (* 2 ?x923) (* 18 ?x961) ?x966 (* 18 ?x995) ?x1025 (* (- 2) ?x1039))))
 (let (($x1091 (= ?x1084 0)))
 (let ((?x829 (+ ?x64 ?x71 ?x583 ?x640 ?x103 ?x823 ?x533 ?x507 ?x536 ?x690 ?x598 ?x626 ?x630 ?x673 ?x687 ?x694 (* (- 6) ?x723) ?x775 ?x799)))
 (let (($x834 (= ?x829 0)))
 (let ((?x524 (* 6 ?x420)))
 (let (($x661 (= (+ ?x64 ?x71 ?x583 ?x513 ?x640 ?x76 ?x524 ?x505 ?x548 ?x562 ?x609) 0)))
 (and $x412 $x494 $x661 $x834 $x1091 $x1409 $x986)))))))))))))))))))))))))))))))))))))))))))))))))))))))))))))))))))))))))))))))))))))))))))))))))))))))))))))))))))))))))))))))))))))))))))))))))))))))))))))))))))))))))))))))))))))))))))))))) :qid k!44))
 ))
 (let (($x2289 (exists ((x Int) (y Int) (z Int) (n Int) )(! (let ((?x223 (+ y z)))
 (let ((?x1869 (+ 6 z)))
 (let ((?x515 (* z00 ?x1869 ?x223)))
 (let ((?x99 (* y00 z00 z00)))
 (let ((?x640 (* (- 108) x00)))
 (let ((?x1421 (* 72 z)))
 (let ((?x592 (* z00 ?x223)))
 (let ((?x1126 (* (- 6) ?x592)))
 (let ((?x583 (* (- 72) y00)))
 (let ((?x1429 (* 180 y)))
 (let ((?x64 (* 108 x)))
 (let ((?x2689 (* y00 z00)))
 (let ((?x839 (* 6 ?x2689)))
 (let ((?x1493 (* y00 ?x1869)))
 (let ((?x1497 (* 12 ?x1493)))
 (let ((?x1734 (* x00 ?x1869)))
 (let ((?x1735 (* 18 ?x1734)))
 (let ((?x655 (* y00 y00)))
 (let ((?x673 (* (- 24) ?x655)))
 (let ((?x1873 (* x00 z00)))
 (let ((?x1874 (* 18 ?x1873)))
 (let ((?x237 (+ x y)))
 (let ((?x1510 (* ?x1869 ?x237)))
 (let ((?x1565 (* (- 18) ?x1510)))
 (let ((?x2710 (* ?x1869 ?x223)))
 (let ((?x1204 (* (- 12) ?x2710)))
 (let ((?x2194 (+ (* (- 1) (* y00 z00 ?x1869)) ?x1204 ?x1565 ?x1874 (* 12 (* ?x223 ?x223)) ?x673 ?x1735 ?x1497 ?x839 (* 12 (* y00 ?x223)) ?x64 ?x1429 ?x583 ?x1126 ?x1421 ?x640 ?x99 (* (- 18) (* z00 ?x237)) ?x515 (* (- 1) (* z00 z00 ?x223)))))
 (let ((?x2241 (* (- 1) (* ?x1869 ?x1869 ?x223 ?x223 ?x237 ?x237))))
 (let ((?x2317 (+ ?x2241 (* 9 (* (+ 1 n) ?x223 ?x223 ?x237 ?x237)) (* (- 3) (* (+ 1 n) ?x223 ?x237)))))
 (let (($x2281 (not (= (* ?x2317 ?x2194) 0))))
 (let ((?x1384 (* 108 (* x00 x00))))
 (let ((?x1642 (* (- 10) ?x99)))
 (let ((?x1577 (* 2 (* x00 z00 z00 z00))))
 (let ((?x196 (* y00 z00 z00 z00)))
 (let ((?x1903 (* x00 z00 z00)))
 (let ((?x1547 (* (- 18) ?x1903)))
 (let ((?x1467 (* (- 36) (* x00 y00 z00))))
 (let ((?x1137 (* 96 ?x655)))
 (let ((?x1101 (* 16 (* y00 y00 y00))))
 (let ((?x2196 (* 24 ?x2689)))
 (let ((?x161 (* y00 y00 z00 z00)))
 (let ((?x1287 (* (- 1) ?x161)))
 (let ((?x113 (* y00 y00 z00)))
 (let ((?x618 (* (- 12) ?x113)))
 (let ((?x726 (* 36 ?x1873)))
 (let ((?x1505 (* x00 y00)))
 (let ((?x1194 (* 216 ?x1505)))
 (let ((?x2680 (+ ?x1194 (* 108 (* ?x223 ?x237)) ?x726 (* (- 2) (* z00 z00 z00 ?x237)) (* 18 (* z00 z00 ?x237)) ?x618 ?x1287 (* 24 (* ?x223 ?x223)) (* 108 (* ?x237 ?x237)) (* (- 4) (* ?x223 ?x223 ?x223)) (* 18 (* y00 z00 ?x223)) ?x2196 (* (- 120) (* y00 ?x223)) (* (- 24) ?x592) ?x1101 (* (- 6) (* z00 ?x223 ?x223)) ?x1137 (* (- 12) (* y00 ?x223 ?x223)) ?x1467 (* (- 108) (* x00 ?x223)) ?x1547 (* (- 216) (* x00 ?x237)) ?x196 ?x1577 (* (- 216) (* y00 ?x237)) (* z00 z00 ?x223 ?x223) ?x1642 (* (- 36) (* z00 ?x237)) (* 36 (* y00 z00 ?x237)) (* 10 (* z00 z00 ?x223)) ?x1384 (* (- 1) (* z00 z00 z00 ?x223)))))
 (let (($x2221 (not (= ?x2680 0))))
 (let ((?x1548 (* (- 3) ?x99)))
 (let ((?x74 (* 108 x00)))
 (let ((?x954 (* (- 72) z)))
 (let ((?x67 (* 72 y00)))
 (let ((?x2441 (* (- 180) y)))
 (let ((?x1591 (* (- 108) x)))
 (let ((?x1737 (* (- 3) ?x1903)))
 (let ((?x1286 (* (- 18) ?x1734)))
 (let ((?x1730 (* 36 ?x655)))
 (let ((?x801 (* 12 ?x2710)))
 (let ((?x1261 (* (- 12) ?x1493)))
 (let ((?x2270 (* y00 z00 ?x223)))
 (let ((?x942 (* 18 ?x1510)))
 (let ((?x1201 (* 18 ?x1505)))
 (let ((?x1087 (+ ?x1201 (* 18 (* ?x223 ?x237)) ?x942 (* 3 (* z00 z00 ?x237)) ?x113 (* (- 3) (* x00 z00 ?x1869)) ?x2270 ?x1261 ?x839 (* (- 36) (* y00 ?x223)) ?x1126 ?x801 (* 3 (* z00 ?x1869 ?x237)) (* (- 2) (* z00 ?x223 ?x223)) ?x1730 ?x1286 (* (- 1) (* ?x1869 ?x223 ?x223)) (* (- 18) (* x00 ?x223)) ?x1737 ?x1591 ?x2441 ?x67 (* (- 18) (* y00 ?x237)) ?x954 ?x74 (* (- 1) (* y00 ?x1869 ?x223)) ?x1548 (* 2 (* y00 y00 ?x1869)) (* 3 (* z00 z00 ?x223)))))
 (let ((?x2114 (* z00 z00 ?x223)))
 (let ((?x558 (* (- 1) ?x99)))
 (let ((?x593 (* 6 ?x592)))
 (let ((?x530 (* (- 6) ?x2689)))
 (let ((?x657 (* 24 ?x655)))
 (let ((?x2518 (* (- 18) ?x1873)))
 (let ((?x2615 (* y00 z00 ?x1869)))
 (let ((?x1356 (+ ?x2615 ?x801 ?x942 ?x2518 (* (- 12) (* ?x223 ?x223)) ?x657 ?x1286 ?x1261 ?x530 (* (- 12) (* y00 ?x223)) ?x1591 ?x2441 ?x67 ?x593 ?x954 ?x74 ?x558 (* 18 (* z00 ?x237)) (* (- 1) ?x515) ?x2114)))
 (let ((?x1590 (* (- 18) ?x2689)))
 (let ((?x420 (* z00 z00)))
 (let ((?x553 (* (- 6) ?x420)))
 (let ((?x55 (* z00 z00 z00)))
 (let ((?x2410 (+ (* 6 ?x2710) ?x55 ?x553 ?x1497 ?x1590 ?x1591 ?x2441 ?x67 (* 6 (* z00 ?x1869)) ?x954 ?x74 (* (- 1) (* z00 z00 ?x1869)))))
 (let ((?x490 (* (- 6) z00)))
 (let ((?x45 (* 12 y)))
 (let ((?x491 (* (- 12) y00)))
 (let (($x1599 (= (+ ?x420 ?x491 ?x45 (* 18 z) ?x490 (* (- 1) (* ?x1869 ?x1869))) (- 36))))
 (let (($x551 (= (+ z (* (- 1) z00) (* (- 6) n) (* 6 n00)) 0)))
 (let (($x1196 (or (not $x551) (not $x1599) (not (= ?x2410 0)) (not (= ?x1356 0)) (not (= ?x1087 0)) $x2221 $x2281)))
 (let ((?x944 (* (- 4) (* y y y))))
 (let ((?x896 (* 108 (* x x))))
 (let ((?x629 (* y y)))
 (let ((?x884 (* 24 ?x629)))
 (let ((?x2032 (* y x)))
 (let ((?x2033 (* 108 ?x2032)))
 (let ((?x1717 (+ ?x1194 ?x2033 ?x726 (* (- 2) (* z00 z00 z00 x)) (* 18 (* z00 z00 x)) ?x618 ?x1287 ?x884 ?x896 ?x944 (* 18 (* y00 z00 y)) ?x2196 (* (- 120) (* y00 y)) (* (- 24) (* z00 y)) ?x1101 (* (- 6) (* z00 y y)) ?x1137 (* (- 12) (* y00 y y)) ?x1467 (* (- 108) (* x00 y)) ?x1547 (* (- 216) (* x00 x)) ?x196 ?x1577 (* (- 216) (* y00 x)) (* z00 z00 y y) ?x1642 (* (- 36) (* z00 x)) (* 36 (* y00 z00 x)) (* 10 (* z00 z00 y)) ?x1384 (* (- 1) (* z00 z00 z00 y)))))
 (let (($x1722 (= ?x1717 0)))
 (let ((?x998 (* (- 72) y)))
 (let ((?x2159 (* x00 y)))
 (let ((?x2391 (* (- 18) ?x2159)))
 (let ((?x1557 (* x00 z)))
 (let ((?x1780 (* (- 18) ?x1557)))
 (let ((?x1516 (* z y)))
 (let ((?x1517 (* 12 ?x1516)))
 (let ((?x576 (* z00 y)))
 (let ((?x437 (* (- 6) ?x576)))
 (let ((?x1157 (* y00 z)))
 (let ((?x1228 (* (- 12) ?x1157)))
 (let ((?x2598 (* y00 z00 y)))
 (let ((?x859 (* z x)))
 (let ((?x1597 (* 18 ?x859)))
 (let ((?x1549 (+ ?x1201 (* 18 ?x2032) ?x1597 (* 3 (* z00 z00 x)) ?x113 (* (- 3) (* x00 z00 z)) ?x2598 ?x1228 ?x839 (* (- 36) (* y00 y)) ?x437 ?x1517 (* 3 (* z00 z x)) (* (- 2) (* z00 y y)) ?x1730 ?x1780 (* (- 1) (* z y y)) ?x2391 ?x1737 ?x1591 ?x67 (* (- 18) (* y00 x)) ?x998 ?x74 (* (- 1) (* y00 z y)) ?x1548 (* 2 (* y00 y00 z)) (* 3 (* z00 z00 y)))))
 (let ((?x610 (* z00 z00 y)))
 (let ((?x584 (* 6 ?x576)))
 (let ((?x1774 (* (- 12) ?x629)))
 (let ((?x2779 (* y00 z00 z)))
 (let ((?x1581 (+ ?x2779 ?x1517 ?x1597 ?x2518 ?x1774 ?x657 ?x1780 ?x1228 ?x530 (* (- 12) (* y00 y)) ?x1591 ?x67 ?x584 ?x998 ?x74 ?x558 (* 18 (* z00 x)) (* (- 1) (* z00 z y)) ?x610)))
 (let ((?x1158 (* 12 ?x1157)))
 (let ((?x1122 (+ (* 6 ?x1516) ?x55 ?x553 ?x1158 ?x1590 ?x1591 ?x67 (* 6 (* z00 z)) ?x998 ?x74 (* (- 1) (* z00 z00 z)))))
 (let (($x1736 (= (+ ?x420 ?x491 ?x45 (* 6 z) ?x490 (* (- 1) (* z z))) 0)))
 (and $x551 $x1736 (= ?x1122 0) (= ?x1581 0) (= ?x1549 0) $x1722 $x1196))))))))))))))))))))))))))))))))))))))))))))))))))))))))))))))))))))))))))))))))))))))))))))))))))))))))))))))))))) :qid k!44))
 ))
 (let ((?x2245 (lambda ((x Int) (y Int) (z Int) (n Int) )(let ((?x1710 (* z z z00)))
 (let ((?x786 (* x z00)))
 (let ((?x799 (* (- 18) ?x786)))
 (let ((?x775 (* z00 z00 y00)))
 (let ((?x723 (* y z00)))
 (let ((?x1689 (* (- 18) ?x723)))
 (let ((?x693 (* y y00)))
 (let ((?x694 (* 12 ?x693)))
 (let ((?x686 (* z x00)))
 (let ((?x687 (* 18 ?x686)))
 (let ((?x655 (* y00 y00)))
 (let ((?x673 (* (- 24) ?x655)))
 (let ((?x629 (* y y)))
 (let ((?x630 (* 12 ?x629)))
 (let ((?x624 (* z00 x00)))
 (let ((?x626 (* 18 ?x624)))
 (let ((?x567 (* x z)))
 (let ((?x598 (* (- 18) ?x567)))
 (let ((?x506 (* z z00 y00)))
 (let ((?x507 (* (- 1) ?x506)))
 (let ((?x504 (* y z)))
 (let ((?x505 (* (- 6) ?x504)))
 (let ((?x105 (* y z00 z00)))
 (let ((?x823 (* (- 1) ?x105)))
 (let ((?x103 (* y z z00)))
 (let ((?x76 (* z z00 z00)))
 (let ((?x1755 (* (- 1) ?x76)))
 (let ((?x1378 (+ ?x1755 ?x103 ?x823 ?x505 ?x507 (* 24 (* z y00)) ?x598 ?x626 ?x630 ?x673 ?x687 ?x694 ?x1689 ?x775 ?x799 ?x1710)))
 (let ((?x2981 (* (- 3) (* y z n))))
 (let ((?x2970 (* (- 3) (* x z n))))
 (let ((?x2959 (* (- 3) (* y y n))))
 (let ((?x2948 (* (- 3) (* x y n))))
 (let ((?x2754 (* 9 (* y y z z))))
 (let ((?x2720 (* 9 (* x x z z))))
 (let ((?x2584 (* 9 (* y y y y))))
 (let ((?x2562 (* 9 (* x x y y))))
 (let ((?x237 (+ x y)))
 (let ((?x223 (+ y z)))
 (let ((?x1869 (+ 6 z)))
 (let ((?x2241 (* (- 1) (* ?x1869 ?x1869 ?x223 ?x223 ?x237 ?x237))))
 (let ((?x2921 (* (- 3) ?x629)))
 (let ((?x2918 (* (- 3) ?x567)))
 (let ((?x529 (* x y)))
 (let ((?x2913 (* (- 3) ?x529)))
 (let ((?x2906 (* (- 3) ?x504)))
 (let ((?x2215 (+ (* 9 (* x x z z n)) ?x2906 ?x2913 ?x2918 ?x2921 (* 36 (* x y y z n)) (* 9 (* x x y y n)) (* 18 (* x y z z n)) (* 18 (* x y y y n)) (* 9 (* y y y y n)) (* 18 (* y y y z n)) ?x2241 (* 9 (* y y z z n)) ?x2562 (* 18 (* x y y y)) ?x2584 (* 18 (* x x y z)) (* 36 (* x y y z)) (* 18 (* y y y z)) ?x2720 (* 18 (* x y z z)) ?x2754 ?x2948 (* 18 (* x x y z n)) ?x2959 ?x2970 ?x2981)))
 (let ((?x2929 (* (- 1) (* z z00 z00 z00))))
 (let ((?x2803 (* z z z00 z00)))
 (let ((?x2812 (* 2 (* y z z00 z00))))
 (let ((?x2252 (* z z y00)))
 (let ((?x2594 (* (- 12) ?x2252)))
 (let ((?x2122 (* z z z)))
 (let ((?x2288 (* (- 4) ?x2122)))
 (let ((?x2121 (* y z z)))
 (let ((?x2297 (* (- 12) ?x2121)))
 (let ((?x2523 (* (- 6) ?x1710)))
 (let ((?x1384 (* 108 (* x00 x00))))
 (let ((?x1377 (* 36 (* x z00 y00))))
 (let ((?x1281 (* 2 (* z00 z00 z00 x00))))
 (let ((?x1277 (* z00 z00 z00 y00)))
 (let ((?x1264 (* (- 216) (* x x00))))
 (let ((?x1187 (* (- 36) (* z00 y00 x00))))
 (let ((?x1161 (* (- 12) (* y y y00))))
 (let ((?x1101 (* 16 (* y00 y00 y00))))
 (let ((?x1025 (* y z y00)))
 (let ((?x2609 (* (- 24) ?x1025)))
 (let ((?x995 (* x y00)))
 (let ((?x1304 (* (- 216) ?x995)))
 (let ((?x965 (* z00 z00 x00)))
 (let ((?x1237 (* (- 18) ?x965)))
 (let ((?x961 (* y x00)))
 (let ((?x2745 (* (- 324) ?x961)))
 (let ((?x923 (* y y z00)))
 (let ((?x1124 (* (- 6) ?x923)))
 (let ((?x944 (* (- 4) (* y y y))))
 (let ((?x896 (* 108 (* x x))))
 (let ((?x871 (* (- 1) (* z00 z00 y00 y00))))
 (let ((?x1363 (* (- 36) ?x786)))
 (let ((?x1338 (* (- 10) ?x775)))
 (let ((?x755 (* z00 y00 y00)))
 (let ((?x836 (* (- 12) ?x755)))
 (let ((?x2877 (* (- 60) ?x723)))
 (let ((?x701 (* x z00 z00)))
 (let ((?x774 (* 18 ?x701)))
 (let ((?x2793 (* (- 336) ?x693)))
 (let ((?x2674 (* (- 108) ?x686)))
 (let ((?x1137 (* 96 ?x655)))
 (let ((?x2092 (* 240 ?x629)))
 (let ((?x581 (* 36 ?x624)))
 (let ((?x596 (* z z00)))
 (let ((?x2470 (* (- 24) ?x596)))
 (let ((?x706 (* (- 2) (* x z00 z00 z00))))
 (let ((?x1784 (* 108 ?x567)))
 (let ((?x561 (* z00 y00)))
 (let ((?x979 (* 24 ?x561)))
 (let ((?x535 (* z y00)))
 (let ((?x2432 (* (- 120) ?x535)))
 (let ((?x510 (* y00 x00)))
 (let ((?x532 (* 216 ?x510)))
 (let ((?x212 (* y z00 z00 z00)))
 (let ((?x2936 (* (- 3) ?x212)))
 (let ((?x201 (* y y z00 z00)))
 (let ((?x135 (* y y z)))
 (let ((?x2296 (* (- 12) ?x135)))
 (let ((?x2909 (* 28 ?x105)))
 (let ((?x2538 (* (- 12) ?x103)))
 (let ((?x2896 (* 10 ?x76)))
 (let ((?x50 (* z z)))
 (let ((?x2015 (* 24 ?x50)))
 (let ((?x1570 (+ ?x2015 ?x2896 ?x2538 ?x2909 ?x2296 ?x201 ?x2936 (* 156 ?x504) (* 18 ?x506) ?x532 (* 324 ?x529) ?x2432 ?x979 ?x1784 ?x706 ?x2470 ?x581 ?x2092 ?x1137 ?x2674 ?x2793 ?x774 ?x2877 ?x836 ?x1338 ?x1363 (* 54 (* y z00 y00)) ?x871 ?x896 ?x944 ?x1124 ?x2745 ?x1237 ?x1304 ?x2609 ?x1101 ?x1161 ?x1187 ?x1264 ?x1277 ?x1281 ?x1377 ?x1384 ?x2523 ?x2297 ?x2288 ?x2594 ?x2812 ?x2803 ?x2929)))
 (let ((?x2392 (* (- 1) ?x2252)))
 (let ((?x2390 (* (- 1) ?x2122)))
 (let ((?x2389 (* (- 2) ?x2121)))
 (let ((?x2385 (* (- 2) ?x1710)))
 (let ((?x1039 (* z y00 y00)))
 (let ((?x1040 (* 2 ?x1039)))
 (let ((?x2383 (* (- 1) ?x1025)))
 (let ((?x2382 (* (- 18) ?x995)))
 (let ((?x2381 (* (- 3) ?x965)))
 (let ((?x2380 (* (- 2) ?x923)))
 (let ((?x897 (* x z z00)))
 (let ((?x898 (* 3 ?x897)))
 (let ((?x812 (* y z00 y00)))
 (let ((?x787 (* 18 ?x786)))
 (let ((?x2379 (* (- 3) ?x775)))
 (let ((?x2378 (* 12 ?x723)))
 (let ((?x702 (* 3 ?x701)))
 (let ((?x2377 (* (- 60) ?x693)))
 (let ((?x2375 (* 48 ?x655)))
 (let ((?x1773 (* (- 18) ?x624)))
 (let ((?x609 (* (- 6) ?x596)))
 (let ((?x2373 (* 36 ?x567)))
 (let ((?x690 (* 6 ?x561)))
 (let ((?x531 (* 18 ?x529)))
 (let ((?x2370 (* 18 ?x510)))
 (let ((?x2369 (* 36 ?x504)))
 (let ((?x2368 (* (- 1) ?x135)))
 (let ((?x2367 (* 6 ?x105)))
 (let ((?x1772 (* (- 1) ?x103)))
 (let ((?x2325 (* 3 ?x76)))
 (let ((?x2143 (* 6 ?x50)))
 (let ((?x2852 (+ ?x2143 ?x2325 ?x1772 ?x2367 ?x2368 ?x2369 ?x506 ?x2370 ?x531 (* (- 54) ?x535) ?x690 ?x2373 ?x609 ?x1773 ?x630 ?x2375 (* (- 36) ?x686) ?x2377 ?x702 ?x2378 ?x755 ?x2379 (* (- 3) (* z z00 x00)) ?x787 ?x812 ?x898 ?x2380 (* (- 18) ?x961) ?x2381 ?x2382 ?x2383 ?x1040 ?x2385 ?x2389 ?x2390 ?x2392)))
 (let ((?x1781 (* (- 1) ?x1710)))
 (let ((?x1776 (* (- 1) ?x775)))
 (let ((?x1667 (* 18 ?x723)))
 (let ((?x1775 (* (- 12) ?x693)))
 (let ((?x657 (* 24 ?x655)))
 (let ((?x1774 (* (- 12) ?x629)))
 (let ((?x569 (* 18 ?x567)))
 (let ((?x2522 (+ ?x76 ?x1772 ?x105 (* 6 ?x504) ?x506 (* (- 24) ?x535) ?x569 ?x1773 ?x1774 ?x657 (* (- 18) ?x686) ?x1775 ?x1667 ?x1776 ?x787 ?x1781)))
 (let ((?x562 (* 18 ?x561)))
 (let ((?x548 (* (- 12) ?x535)))
 (let ((?x420 (* z00 z00)))
 (let ((?x1469 (* 12 ?x420)))
 (let ((?x640 (* (- 108) x00)))
 (let ((?x55 (* z00 z00 z00)))
 (let ((?x513 (* (- 1) ?x55)))
 (let ((?x798 (* (- 6) ?x50)))
 (let ((?x1322 (* (- 144) y00)))
 (let ((?x1397 (* (- 36) z00)))
 (let ((?x64 (* 108 x)))
 (let ((?x2837 (+ ?x64 (* 144 y) (* 36 z) ?x1397 ?x1322 ?x798 ?x513 ?x640 ?x76 ?x1469 ?x505 ?x548 ?x562 ?x609)))
 (let ((?x492 (* (- 1) ?x50)))
 (let ((?x491 (* (- 12) y00)))
 (let ((?x490 (* (- 6) z00)))
 (let ((?x46 (* 6 z)))
 (let ((?x45 (* 12 y)))
 (let (($x494 (= (+ ?x45 ?x46 ?x490 ?x491 ?x492 ?x420) 0)))
 (let (($x1178 (not $x494)))
 (let (($x412 (= (+ z (* (- 6) n) (* (- 1) z00) (* 6 n00)) 0)))
 (let (($x926 (not $x412)))
 (let (($x986 (or $x926 $x1178 (not (= ?x2837 0)) (not (= ?x2522 0)) (not (= ?x2852 0)) (not (= ?x1570 0)) (not (= (* ?x2215 ?x1378) 0)))))
 (let ((?x884 (* 24 ?x629)))
 (let ((?x1404 (+ (* 10 ?x105) ?x201 (* (- 1) ?x212) ?x532 (* 108 ?x529) ?x979 ?x706 ?x581 ?x884 ?x1137 (* (- 120) ?x693) ?x774 (* (- 24) ?x723) ?x836 ?x1338 ?x1363 (* 18 ?x812) ?x871 ?x896 ?x944 ?x1124 (* (- 108) ?x961) ?x1237 ?x1304 ?x1101 ?x1161 ?x1187 ?x1264 ?x1277 ?x1281 ?x1377 ?x1384)))
 (let (($x1409 (= ?x1404 0)))
 (let ((?x966 (* 3 ?x965)))
 (let ((?x1028 (* 3 ?x775)))
 (let ((?x762 (* (- 1) ?x755)))
 (let ((?x948 (* (- 36) ?x655)))
 (let ((?x855 (* (- 6) ?x561)))
 (let ((?x536 (* 12 ?x535)))
 (let ((?x511 (* (- 18) ?x510)))
 (let ((?x533 (* (- 12) ?x504)))
 (let ((?x583 (* (- 72) y00)))
 (let ((?x71 (* 72 y)))
 (let ((?x1084 (+ ?x64 ?x71 ?x583 ?x640 (* (- 3) ?x105) ?x135 ?x533 ?x511 (* (- 18) ?x529) ?x536 ?x855 ?x598 ?x948 ?x687 (* 36 ?x693) (* (- 3) ?x701) (* 6 ?x723) ?x762 ?x1028 (* 3 (* z z00 x00)) (* (- 1) ?x812) (* (- 3) ?x897) (* 2 ?x923) (* 18 ?x961) ?x966 (* 18 ?x995) ?x1025 (* (- 2) ?x1039))))
 (let (($x1091 (= ?x1084 0)))
 (let ((?x829 (+ ?x64 ?x71 ?x583 ?x640 ?x103 ?x823 ?x533 ?x507 ?x536 ?x690 ?x598 ?x626 ?x630 ?x673 ?x687 ?x694 (* (- 6) ?x723) ?x775 ?x799)))
 (let (($x834 (= ?x829 0)))
 (let ((?x524 (* 6 ?x420)))
 (let (($x661 (= (+ ?x64 ?x71 ?x583 ?x513 ?x640 ?x76 ?x524 ?x505 ?x548 ?x562 ?x609) 0)))
 (let (($x1871 (and $x412 $x494 $x661 $x834 $x1091 $x1409 $x986)))
 (let ((?x515 (* z00 ?x1869 ?x223)))
 (let ((?x99 (* y00 z00 z00)))
 (let ((?x1421 (* 72 z)))
 (let ((?x592 (* z00 ?x223)))
 (let ((?x1126 (* (- 6) ?x592)))
 (let ((?x1429 (* 180 y)))
 (let ((?x2689 (* y00 z00)))
 (let ((?x839 (* 6 ?x2689)))
 (let ((?x1493 (* y00 ?x1869)))
 (let ((?x1497 (* 12 ?x1493)))
 (let ((?x1734 (* x00 ?x1869)))
 (let ((?x1735 (* 18 ?x1734)))
 (let ((?x1873 (* x00 z00)))
 (let ((?x1874 (* 18 ?x1873)))
 (let ((?x1510 (* ?x1869 ?x237)))
 (let ((?x1565 (* (- 18) ?x1510)))
 (let ((?x2710 (* ?x1869 ?x223)))
 (let ((?x1204 (* (- 12) ?x2710)))
 (let ((?x2194 (+ (* (- 1) (* y00 z00 ?x1869)) ?x1204 ?x1565 ?x1874 (* 12 (* ?x223 ?x223)) ?x673 ?x1735 ?x1497 ?x839 (* 12 (* y00 ?x223)) ?x64 ?x1429 ?x583 ?x1126 ?x1421 ?x640 ?x99 (* (- 18) (* z00 ?x237)) ?x515 (* (- 1) (* z00 z00 ?x223)))))
 (let ((?x2317 (+ ?x2241 (* 9 (* (+ 1 n) ?x223 ?x223 ?x237 ?x237)) (* (- 3) (* (+ 1 n) ?x223 ?x237)))))
 (let (($x2281 (not (= (* ?x2317 ?x2194) 0))))
 (let ((?x1642 (* (- 10) ?x99)))
 (let ((?x1577 (* 2 (* x00 z00 z00 z00))))
 (let ((?x196 (* y00 z00 z00 z00)))
 (let ((?x1903 (* x00 z00 z00)))
 (let ((?x1547 (* (- 18) ?x1903)))
 (let ((?x1467 (* (- 36) (* x00 y00 z00))))
 (let ((?x2196 (* 24 ?x2689)))
 (let ((?x161 (* y00 y00 z00 z00)))
 (let ((?x1287 (* (- 1) ?x161)))
 (let ((?x113 (* y00 y00 z00)))
 (let ((?x618 (* (- 12) ?x113)))
 (let ((?x726 (* 36 ?x1873)))
 (let ((?x1505 (* x00 y00)))
 (let ((?x1194 (* 216 ?x1505)))
 (let ((?x2680 (+ ?x1194 (* 108 (* ?x223 ?x237)) ?x726 (* (- 2) (* z00 z00 z00 ?x237)) (* 18 (* z00 z00 ?x237)) ?x618 ?x1287 (* 24 (* ?x223 ?x223)) (* 108 (* ?x237 ?x237)) (* (- 4) (* ?x223 ?x223 ?x223)) (* 18 (* y00 z00 ?x223)) ?x2196 (* (- 120) (* y00 ?x223)) (* (- 24) ?x592) ?x1101 (* (- 6) (* z00 ?x223 ?x223)) ?x1137 (* (- 12) (* y00 ?x223 ?x223)) ?x1467 (* (- 108) (* x00 ?x223)) ?x1547 (* (- 216) (* x00 ?x237)) ?x196 ?x1577 (* (- 216) (* y00 ?x237)) (* z00 z00 ?x223 ?x223) ?x1642 (* (- 36) (* z00 ?x237)) (* 36 (* y00 z00 ?x237)) (* 10 (* z00 z00 ?x223)) ?x1384 (* (- 1) (* z00 z00 z00 ?x223)))))
 (let (($x2221 (not (= ?x2680 0))))
 (let ((?x1548 (* (- 3) ?x99)))
 (let ((?x74 (* 108 x00)))
 (let ((?x954 (* (- 72) z)))
 (let ((?x67 (* 72 y00)))
 (let ((?x2441 (* (- 180) y)))
 (let ((?x1591 (* (- 108) x)))
 (let ((?x1737 (* (- 3) ?x1903)))
 (let ((?x1286 (* (- 18) ?x1734)))
 (let ((?x1730 (* 36 ?x655)))
 (let ((?x801 (* 12 ?x2710)))
 (let ((?x1261 (* (- 12) ?x1493)))
 (let ((?x2270 (* y00 z00 ?x223)))
 (let ((?x942 (* 18 ?x1510)))
 (let ((?x1201 (* 18 ?x1505)))
 (let ((?x1087 (+ ?x1201 (* 18 (* ?x223 ?x237)) ?x942 (* 3 (* z00 z00 ?x237)) ?x113 (* (- 3) (* x00 z00 ?x1869)) ?x2270 ?x1261 ?x839 (* (- 36) (* y00 ?x223)) ?x1126 ?x801 (* 3 (* z00 ?x1869 ?x237)) (* (- 2) (* z00 ?x223 ?x223)) ?x1730 ?x1286 (* (- 1) (* ?x1869 ?x223 ?x223)) (* (- 18) (* x00 ?x223)) ?x1737 ?x1591 ?x2441 ?x67 (* (- 18) (* y00 ?x237)) ?x954 ?x74 (* (- 1) (* y00 ?x1869 ?x223)) ?x1548 (* 2 (* y00 y00 ?x1869)) (* 3 (* z00 z00 ?x223)))))
 (let ((?x2114 (* z00 z00 ?x223)))
 (let ((?x558 (* (- 1) ?x99)))
 (let ((?x593 (* 6 ?x592)))
 (let ((?x530 (* (- 6) ?x2689)))
 (let ((?x2518 (* (- 18) ?x1873)))
 (let ((?x2615 (* y00 z00 ?x1869)))
 (let ((?x1356 (+ ?x2615 ?x801 ?x942 ?x2518 (* (- 12) (* ?x223 ?x223)) ?x657 ?x1286 ?x1261 ?x530 (* (- 12) (* y00 ?x223)) ?x1591 ?x2441 ?x67 ?x593 ?x954 ?x74 ?x558 (* 18 (* z00 ?x237)) (* (- 1) ?x515) ?x2114)))
 (let ((?x1590 (* (- 18) ?x2689)))
 (let ((?x553 (* (- 6) ?x420)))
 (let ((?x2410 (+ (* 6 ?x2710) ?x55 ?x553 ?x1497 ?x1590 ?x1591 ?x2441 ?x67 (* 6 (* z00 ?x1869)) ?x954 ?x74 (* (- 1) (* z00 z00 ?x1869)))))
 (let (($x1599 (= (+ ?x420 ?x491 ?x45 (* 18 z) ?x490 (* (- 1) (* ?x1869 ?x1869))) (- 36))))
 (let (($x551 (= (+ z (* (- 1) z00) (* (- 6) n) (* 6 n00)) 0)))
 (let (($x1196 (or (not $x551) (not $x1599) (not (= ?x2410 0)) (not (= ?x1356 0)) (not (= ?x1087 0)) $x2221 $x2281)))
 (let ((?x2032 (* y x)))
 (let ((?x2033 (* 108 ?x2032)))
 (let ((?x1717 (+ ?x1194 ?x2033 ?x726 (* (- 2) (* z00 z00 z00 x)) (* 18 (* z00 z00 x)) ?x618 ?x1287 ?x884 ?x896 ?x944 (* 18 (* y00 z00 y)) ?x2196 (* (- 120) (* y00 y)) (* (- 24) (* z00 y)) ?x1101 (* (- 6) (* z00 y y)) ?x1137 (* (- 12) (* y00 y y)) ?x1467 (* (- 108) (* x00 y)) ?x1547 (* (- 216) (* x00 x)) ?x196 ?x1577 (* (- 216) (* y00 x)) (* z00 z00 y y) ?x1642 (* (- 36) (* z00 x)) (* 36 (* y00 z00 x)) (* 10 (* z00 z00 y)) ?x1384 (* (- 1) (* z00 z00 z00 y)))))
 (let (($x1722 (= ?x1717 0)))
 (let ((?x998 (* (- 72) y)))
 (let ((?x2159 (* x00 y)))
 (let ((?x2391 (* (- 18) ?x2159)))
 (let ((?x1557 (* x00 z)))
 (let ((?x1780 (* (- 18) ?x1557)))
 (let ((?x1516 (* z y)))
 (let ((?x1517 (* 12 ?x1516)))
 (let ((?x576 (* z00 y)))
 (let ((?x437 (* (- 6) ?x576)))
 (let ((?x1157 (* y00 z)))
 (let ((?x1228 (* (- 12) ?x1157)))
 (let ((?x2598 (* y00 z00 y)))
 (let ((?x859 (* z x)))
 (let ((?x1597 (* 18 ?x859)))
 (let ((?x1549 (+ ?x1201 (* 18 ?x2032) ?x1597 (* 3 (* z00 z00 x)) ?x113 (* (- 3) (* x00 z00 z)) ?x2598 ?x1228 ?x839 (* (- 36) (* y00 y)) ?x437 ?x1517 (* 3 (* z00 z x)) (* (- 2) (* z00 y y)) ?x1730 ?x1780 (* (- 1) (* z y y)) ?x2391 ?x1737 ?x1591 ?x67 (* (- 18) (* y00 x)) ?x998 ?x74 (* (- 1) (* y00 z y)) ?x1548 (* 2 (* y00 y00 z)) (* 3 (* z00 z00 y)))))
 (let ((?x610 (* z00 z00 y)))
 (let ((?x584 (* 6 ?x576)))
 (let ((?x2779 (* y00 z00 z)))
 (let ((?x1581 (+ ?x2779 ?x1517 ?x1597 ?x2518 ?x1774 ?x657 ?x1780 ?x1228 ?x530 (* (- 12) (* y00 y)) ?x1591 ?x67 ?x584 ?x998 ?x74 ?x558 (* 18 (* z00 x)) (* (- 1) (* z00 z y)) ?x610)))
 (let ((?x1158 (* 12 ?x1157)))
 (let ((?x1122 (+ (* 6 ?x1516) ?x55 ?x553 ?x1158 ?x1590 ?x1591 ?x67 (* 6 (* z00 z)) ?x998 ?x74 (* (- 1) (* z00 z00 z)))))
 (let (($x644 (and $x551 (= (+ ?x420 ?x491 ?x45 ?x46 ?x490 ?x492) 0) (= ?x1122 0) (= ?x1581 0) (= ?x1549 0) $x1722 $x1196)))
 (rewrite (= $x644 $x1871))))))))))))))))))))))))))))))))))))))))))))))))))))))))))))))))))))))))))))))))))))))))))))))))))))))))))))))))))))))))))))))))))))))))))))))))))))))))))))))))))))))))))))))))))))))))))))))))))))))))))))))))))))))))))))))))))))))))))))))))))))))))))))))))))))))))))))))))))))))))))))))
 ))
 (let (($x1097 (exists ((x Int) (y Int) (z Int) (n Int) )(! (let ((?x223 (+ y z)))
 (let ((?x1869 (+ 6 z)))
 (let ((?x515 (* z00 ?x1869 ?x223)))
 (let ((?x99 (* y00 z00 z00)))
 (let ((?x640 (* (- 108) x00)))
 (let ((?x1421 (* 72 z)))
 (let ((?x592 (* z00 ?x223)))
 (let ((?x1126 (* (- 6) ?x592)))
 (let ((?x583 (* (- 72) y00)))
 (let ((?x1429 (* 180 y)))
 (let ((?x64 (* 108 x)))
 (let ((?x2689 (* y00 z00)))
 (let ((?x839 (* 6 ?x2689)))
 (let ((?x1493 (* y00 ?x1869)))
 (let ((?x1497 (* 12 ?x1493)))
 (let ((?x1734 (* x00 ?x1869)))
 (let ((?x1735 (* 18 ?x1734)))
 (let ((?x655 (* y00 y00)))
 (let ((?x673 (* (- 24) ?x655)))
 (let ((?x1873 (* x00 z00)))
 (let ((?x1874 (* 18 ?x1873)))
 (let ((?x237 (+ x y)))
 (let ((?x1510 (* ?x1869 ?x237)))
 (let ((?x1565 (* (- 18) ?x1510)))
 (let ((?x2710 (* ?x1869 ?x223)))
 (let ((?x1204 (* (- 12) ?x2710)))
 (let ((?x2194 (+ (* (- 1) (* y00 z00 ?x1869)) ?x1204 ?x1565 ?x1874 (* 12 (* ?x223 ?x223)) ?x673 ?x1735 ?x1497 ?x839 (* 12 (* y00 ?x223)) ?x64 ?x1429 ?x583 ?x1126 ?x1421 ?x640 ?x99 (* (- 18) (* z00 ?x237)) ?x515 (* (- 1) (* z00 z00 ?x223)))))
 (let ((?x2241 (* (- 1) (* ?x1869 ?x1869 ?x223 ?x223 ?x237 ?x237))))
 (let ((?x2317 (+ ?x2241 (* 9 (* (+ 1 n) ?x223 ?x223 ?x237 ?x237)) (* (- 3) (* (+ 1 n) ?x223 ?x237)))))
 (let (($x2281 (not (= (* ?x2317 ?x2194) 0))))
 (let ((?x1384 (* 108 (* x00 x00))))
 (let ((?x1642 (* (- 10) ?x99)))
 (let ((?x1577 (* 2 (* x00 z00 z00 z00))))
 (let ((?x196 (* y00 z00 z00 z00)))
 (let ((?x1903 (* x00 z00 z00)))
 (let ((?x1547 (* (- 18) ?x1903)))
 (let ((?x1467 (* (- 36) (* x00 y00 z00))))
 (let ((?x1137 (* 96 ?x655)))
 (let ((?x1101 (* 16 (* y00 y00 y00))))
 (let ((?x2196 (* 24 ?x2689)))
 (let ((?x161 (* y00 y00 z00 z00)))
 (let ((?x1287 (* (- 1) ?x161)))
 (let ((?x113 (* y00 y00 z00)))
 (let ((?x618 (* (- 12) ?x113)))
 (let ((?x726 (* 36 ?x1873)))
 (let ((?x1505 (* x00 y00)))
 (let ((?x1194 (* 216 ?x1505)))
 (let ((?x2680 (+ ?x1194 (* 108 (* ?x223 ?x237)) ?x726 (* (- 2) (* z00 z00 z00 ?x237)) (* 18 (* z00 z00 ?x237)) ?x618 ?x1287 (* 24 (* ?x223 ?x223)) (* 108 (* ?x237 ?x237)) (* (- 4) (* ?x223 ?x223 ?x223)) (* 18 (* y00 z00 ?x223)) ?x2196 (* (- 120) (* y00 ?x223)) (* (- 24) ?x592) ?x1101 (* (- 6) (* z00 ?x223 ?x223)) ?x1137 (* (- 12) (* y00 ?x223 ?x223)) ?x1467 (* (- 108) (* x00 ?x223)) ?x1547 (* (- 216) (* x00 ?x237)) ?x196 ?x1577 (* (- 216) (* y00 ?x237)) (* z00 z00 ?x223 ?x223) ?x1642 (* (- 36) (* z00 ?x237)) (* 36 (* y00 z00 ?x237)) (* 10 (* z00 z00 ?x223)) ?x1384 (* (- 1) (* z00 z00 z00 ?x223)))))
 (let (($x2221 (not (= ?x2680 0))))
 (let ((?x1451 (* 3 ?x99)))
 (let ((?x1312 (* y00 ?x1869 ?x223)))
 (let ((?x1904 (* 3 ?x1903)))
 (let ((?x2642 (* ?x1869 ?x223 ?x223)))
 (let ((?x948 (* (- 36) ?x655)))
 (let ((?x593 (* 6 ?x592)))
 (let ((?x530 (* (- 6) ?x2689)))
 (let ((?x1320 (* (- 1) ?x113)))
 (let ((?x1506 (* (- 18) ?x1505)))
 (let ((?x2917 (+ ?x1506 (* (- 18) (* ?x223 ?x237)) ?x1565 (* (- 3) (* z00 z00 ?x237)) ?x1320 (* 3 (* x00 z00 ?x1869)) (* (- 1) (* y00 z00 ?x223)) ?x1497 ?x530 (* 36 (* y00 ?x223)) ?x593 ?x1204 (* (- 3) (* z00 ?x1869 ?x237)) (* 2 (* z00 ?x223 ?x223)) ?x948 ?x1735 ?x2642 (* 18 (* x00 ?x223)) ?x1904 ?x64 ?x1429 ?x583 (* 18 (* y00 ?x237)) ?x1421 ?x640 ?x1312 ?x1451 (* (- 2) (* y00 y00 ?x1869)) (* (- 3) (* z00 z00 ?x223)))))
 (let ((?x1699 (* z00 z00 ?x1869)))
 (let ((?x2691 (* 18 ?x2689)))
 (let ((?x1261 (* (- 12) ?x1493)))
 (let ((?x420 (* z00 z00)))
 (let ((?x524 (* 6 ?x420)))
 (let ((?x55 (* z00 z00 z00)))
 (let ((?x513 (* (- 1) ?x55)))
 (let ((?x1714 (+ (* (- 6) ?x2710) ?x513 ?x524 ?x1261 ?x2691 ?x64 ?x1429 ?x583 (* (- 6) (* z00 ?x1869)) ?x1421 ?x640 ?x1699)))
 (let ((?x1495 (* ?x1869 ?x1869)))
 (let ((?x49 (* 6 z00)))
 (let ((?x1292 (* (- 12) y)))
 (let ((?x43 (* 12 y00)))
 (let ((?x580 (* (- 1) ?x420)))
 (let (($x1147 (= (+ (* (- 1) z) z00 (* 6 n) (* (- 6) n00)) 0)))
 (let (($x1093 (or (not $x1147) (not (= (+ ?x580 ?x43 ?x1292 (* (- 18) z) ?x49 ?x1495) 36)) (not (= ?x1714 0)) (not (= ?x2194 0)) (not (= ?x2917 0)) $x2221 $x2281)))
 (let ((?x944 (* (- 4) (* y y y))))
 (let ((?x896 (* 108 (* x x))))
 (let ((?x629 (* y y)))
 (let ((?x884 (* 24 ?x629)))
 (let ((?x2032 (* y x)))
 (let ((?x2033 (* 108 ?x2032)))
 (let ((?x1717 (+ ?x1194 ?x2033 ?x726 (* (- 2) (* z00 z00 z00 x)) (* 18 (* z00 z00 x)) ?x618 ?x1287 ?x884 ?x896 ?x944 (* 18 (* y00 z00 y)) ?x2196 (* (- 120) (* y00 y)) (* (- 24) (* z00 y)) ?x1101 (* (- 6) (* z00 y y)) ?x1137 (* (- 12) (* y00 y y)) ?x1467 (* (- 108) (* x00 y)) ?x1547 (* (- 216) (* x00 x)) ?x196 ?x1577 (* (- 216) (* y00 x)) (* z00 z00 y y) ?x1642 (* (- 36) (* z00 x)) (* 36 (* y00 z00 x)) (* 10 (* z00 z00 y)) ?x1384 (* (- 1) (* z00 z00 z00 y)))))
 (let (($x1722 (= ?x1717 0)))
 (let ((?x1439 (* y00 z y)))
 (let ((?x71 (* 72 y)))
 (let ((?x1771 (* z y y)))
 (let ((?x1557 (* x00 z)))
 (let ((?x1558 (* 18 ?x1557)))
 (let ((?x1516 (* z y)))
 (let ((?x1778 (* (- 12) ?x1516)))
 (let ((?x576 (* z00 y)))
 (let ((?x584 (* 6 ?x576)))
 (let ((?x1157 (* y00 z)))
 (let ((?x1158 (* 12 ?x1157)))
 (let ((?x859 (* z x)))
 (let ((?x1027 (* (- 18) ?x859)))
 (let ((?x600 (+ ?x1506 (* (- 18) ?x2032) ?x1027 (* (- 3) (* z00 z00 x)) ?x1320 (* 3 (* x00 z00 z)) (* (- 1) (* y00 z00 y)) ?x1158 ?x530 (* 36 (* y00 y)) ?x584 ?x1778 (* (- 3) (* z00 z x)) (* 2 (* z00 y y)) ?x948 ?x1558 ?x1771 (* 18 (* x00 y)) ?x1904 ?x64 ?x583 (* 18 (* y00 x)) ?x71 ?x640 ?x1439 ?x1451 (* (- 2) (* y00 y00 z)) (* (- 3) (* z00 z00 y)))))
 (let ((?x2559 (* z00 z y)))
 (let ((?x437 (* (- 6) ?x576)))
 (let ((?x630 (* 12 ?x629)))
 (let ((?x1390 (+ (* (- 1) (* y00 z00 z)) ?x1778 ?x1027 ?x1874 ?x630 ?x673 ?x1558 ?x1158 ?x839 (* 12 (* y00 y)) ?x64 ?x583 ?x437 ?x71 ?x640 ?x99 (* (- 18) (* z00 x)) ?x2559 (* (- 1) (* z00 z00 y)))))
 (let ((?x684 (* z00 z00 z)))
 (let ((?x1228 (* (- 12) ?x1157)))
 (let ((?x748 (+ (* (- 6) ?x1516) ?x513 ?x524 ?x1228 ?x2691 ?x64 ?x583 (* (- 6) (* z00 z)) ?x71 ?x640 ?x684)))
 (and $x1147 (= (+ ?x580 ?x43 ?x1292 (* (- 6) z) ?x49 (* z z)) 0) (= ?x748 0) (= ?x1390 0) (= ?x600 0) $x1722 $x1093)))))))))))))))))))))))))))))))))))))))))))))))))))))))))))))))))))))))))))))))))))))))))))))))))))))))) :qid k!44))
 ))
 (let ((?x2438 (lambda ((x Int) (y Int) (z Int) (n Int) )(let ((?x223 (+ y z)))
 (let ((?x1869 (+ 6 z)))
 (let ((?x515 (* z00 ?x1869 ?x223)))
 (let ((?x99 (* y00 z00 z00)))
 (let ((?x640 (* (- 108) x00)))
 (let ((?x1421 (* 72 z)))
 (let ((?x592 (* z00 ?x223)))
 (let ((?x1126 (* (- 6) ?x592)))
 (let ((?x583 (* (- 72) y00)))
 (let ((?x1429 (* 180 y)))
 (let ((?x64 (* 108 x)))
 (let ((?x2689 (* y00 z00)))
 (let ((?x839 (* 6 ?x2689)))
 (let ((?x1493 (* y00 ?x1869)))
 (let ((?x1497 (* 12 ?x1493)))
 (let ((?x1734 (* x00 ?x1869)))
 (let ((?x1735 (* 18 ?x1734)))
 (let ((?x655 (* y00 y00)))
 (let ((?x673 (* (- 24) ?x655)))
 (let ((?x1873 (* x00 z00)))
 (let ((?x1874 (* 18 ?x1873)))
 (let ((?x237 (+ x y)))
 (let ((?x1510 (* ?x1869 ?x237)))
 (let ((?x1565 (* (- 18) ?x1510)))
 (let ((?x2710 (* ?x1869 ?x223)))
 (let ((?x1204 (* (- 12) ?x2710)))
 (let ((?x2194 (+ (* (- 1) (* y00 z00 ?x1869)) ?x1204 ?x1565 ?x1874 (* 12 (* ?x223 ?x223)) ?x673 ?x1735 ?x1497 ?x839 (* 12 (* y00 ?x223)) ?x64 ?x1429 ?x583 ?x1126 ?x1421 ?x640 ?x99 (* (- 18) (* z00 ?x237)) ?x515 (* (- 1) (* z00 z00 ?x223)))))
 (let ((?x2241 (* (- 1) (* ?x1869 ?x1869 ?x223 ?x223 ?x237 ?x237))))
 (let ((?x2317 (+ ?x2241 (* 9 (* (+ 1 n) ?x223 ?x223 ?x237 ?x237)) (* (- 3) (* (+ 1 n) ?x223 ?x237)))))
 (let (($x2281 (not (= (* ?x2317 ?x2194) 0))))
 (let ((?x1384 (* 108 (* x00 x00))))
 (let ((?x1642 (* (- 10) ?x99)))
 (let ((?x1577 (* 2 (* x00 z00 z00 z00))))
 (let ((?x196 (* y00 z00 z00 z00)))
 (let ((?x1903 (* x00 z00 z00)))
 (let ((?x1547 (* (- 18) ?x1903)))
 (let ((?x1467 (* (- 36) (* x00 y00 z00))))
 (let ((?x1137 (* 96 ?x655)))
 (let ((?x1101 (* 16 (* y00 y00 y00))))
 (let ((?x2196 (* 24 ?x2689)))
 (let ((?x161 (* y00 y00 z00 z00)))
 (let ((?x1287 (* (- 1) ?x161)))
 (let ((?x113 (* y00 y00 z00)))
 (let ((?x618 (* (- 12) ?x113)))
 (let ((?x726 (* 36 ?x1873)))
 (let ((?x1505 (* x00 y00)))
 (let ((?x1194 (* 216 ?x1505)))
 (let ((?x2680 (+ ?x1194 (* 108 (* ?x223 ?x237)) ?x726 (* (- 2) (* z00 z00 z00 ?x237)) (* 18 (* z00 z00 ?x237)) ?x618 ?x1287 (* 24 (* ?x223 ?x223)) (* 108 (* ?x237 ?x237)) (* (- 4) (* ?x223 ?x223 ?x223)) (* 18 (* y00 z00 ?x223)) ?x2196 (* (- 120) (* y00 ?x223)) (* (- 24) ?x592) ?x1101 (* (- 6) (* z00 ?x223 ?x223)) ?x1137 (* (- 12) (* y00 ?x223 ?x223)) ?x1467 (* (- 108) (* x00 ?x223)) ?x1547 (* (- 216) (* x00 ?x237)) ?x196 ?x1577 (* (- 216) (* y00 ?x237)) (* z00 z00 ?x223 ?x223) ?x1642 (* (- 36) (* z00 ?x237)) (* 36 (* y00 z00 ?x237)) (* 10 (* z00 z00 ?x223)) ?x1384 (* (- 1) (* z00 z00 z00 ?x223)))))
 (let (($x2221 (not (= ?x2680 0))))
 (let ((?x1548 (* (- 3) ?x99)))
 (let ((?x74 (* 108 x00)))
 (let ((?x954 (* (- 72) z)))
 (let ((?x67 (* 72 y00)))
 (let ((?x2441 (* (- 180) y)))
 (let ((?x1591 (* (- 108) x)))
 (let ((?x1737 (* (- 3) ?x1903)))
 (let ((?x1286 (* (- 18) ?x1734)))
 (let ((?x1730 (* 36 ?x655)))
 (let ((?x801 (* 12 ?x2710)))
 (let ((?x1261 (* (- 12) ?x1493)))
 (let ((?x2270 (* y00 z00 ?x223)))
 (let ((?x942 (* 18 ?x1510)))
 (let ((?x1201 (* 18 ?x1505)))
 (let ((?x1087 (+ ?x1201 (* 18 (* ?x223 ?x237)) ?x942 (* 3 (* z00 z00 ?x237)) ?x113 (* (- 3) (* x00 z00 ?x1869)) ?x2270 ?x1261 ?x839 (* (- 36) (* y00 ?x223)) ?x1126 ?x801 (* 3 (* z00 ?x1869 ?x237)) (* (- 2) (* z00 ?x223 ?x223)) ?x1730 ?x1286 (* (- 1) (* ?x1869 ?x223 ?x223)) (* (- 18) (* x00 ?x223)) ?x1737 ?x1591 ?x2441 ?x67 (* (- 18) (* y00 ?x237)) ?x954 ?x74 (* (- 1) (* y00 ?x1869 ?x223)) ?x1548 (* 2 (* y00 y00 ?x1869)) (* 3 (* z00 z00 ?x223)))))
 (let ((?x2114 (* z00 z00 ?x223)))
 (let ((?x558 (* (- 1) ?x99)))
 (let ((?x593 (* 6 ?x592)))
 (let ((?x530 (* (- 6) ?x2689)))
 (let ((?x657 (* 24 ?x655)))
 (let ((?x2518 (* (- 18) ?x1873)))
 (let ((?x2615 (* y00 z00 ?x1869)))
 (let ((?x1356 (+ ?x2615 ?x801 ?x942 ?x2518 (* (- 12) (* ?x223 ?x223)) ?x657 ?x1286 ?x1261 ?x530 (* (- 12) (* y00 ?x223)) ?x1591 ?x2441 ?x67 ?x593 ?x954 ?x74 ?x558 (* 18 (* z00 ?x237)) (* (- 1) ?x515) ?x2114)))
 (let ((?x1590 (* (- 18) ?x2689)))
 (let ((?x420 (* z00 z00)))
 (let ((?x553 (* (- 6) ?x420)))
 (let ((?x55 (* z00 z00 z00)))
 (let ((?x2410 (+ (* 6 ?x2710) ?x55 ?x553 ?x1497 ?x1590 ?x1591 ?x2441 ?x67 (* 6 (* z00 ?x1869)) ?x954 ?x74 (* (- 1) (* z00 z00 ?x1869)))))
 (let ((?x490 (* (- 6) z00)))
 (let ((?x45 (* 12 y)))
 (let ((?x491 (* (- 12) y00)))
 (let (($x1599 (= (+ ?x420 ?x491 ?x45 (* 18 z) ?x490 (* (- 1) (* ?x1869 ?x1869))) (- 36))))
 (let (($x551 (= (+ z (* (- 1) z00) (* (- 6) n) (* 6 n00)) 0)))
 (let (($x1196 (or (not $x551) (not $x1599) (not (= ?x2410 0)) (not (= ?x1356 0)) (not (= ?x1087 0)) $x2221 $x2281)))
 (let ((?x944 (* (- 4) (* y y y))))
 (let ((?x896 (* 108 (* x x))))
 (let ((?x629 (* y y)))
 (let ((?x884 (* 24 ?x629)))
 (let ((?x2032 (* y x)))
 (let ((?x2033 (* 108 ?x2032)))
 (let ((?x1717 (+ ?x1194 ?x2033 ?x726 (* (- 2) (* z00 z00 z00 x)) (* 18 (* z00 z00 x)) ?x618 ?x1287 ?x884 ?x896 ?x944 (* 18 (* y00 z00 y)) ?x2196 (* (- 120) (* y00 y)) (* (- 24) (* z00 y)) ?x1101 (* (- 6) (* z00 y y)) ?x1137 (* (- 12) (* y00 y y)) ?x1467 (* (- 108) (* x00 y)) ?x1547 (* (- 216) (* x00 x)) ?x196 ?x1577 (* (- 216) (* y00 x)) (* z00 z00 y y) ?x1642 (* (- 36) (* z00 x)) (* 36 (* y00 z00 x)) (* 10 (* z00 z00 y)) ?x1384 (* (- 1) (* z00 z00 z00 y)))))
 (let (($x1722 (= ?x1717 0)))
 (let ((?x998 (* (- 72) y)))
 (let ((?x2159 (* x00 y)))
 (let ((?x2391 (* (- 18) ?x2159)))
 (let ((?x1557 (* x00 z)))
 (let ((?x1780 (* (- 18) ?x1557)))
 (let ((?x1516 (* z y)))
 (let ((?x1517 (* 12 ?x1516)))
 (let ((?x576 (* z00 y)))
 (let ((?x437 (* (- 6) ?x576)))
 (let ((?x1157 (* y00 z)))
 (let ((?x1228 (* (- 12) ?x1157)))
 (let ((?x2598 (* y00 z00 y)))
 (let ((?x859 (* z x)))
 (let ((?x1597 (* 18 ?x859)))
 (let ((?x1549 (+ ?x1201 (* 18 ?x2032) ?x1597 (* 3 (* z00 z00 x)) ?x113 (* (- 3) (* x00 z00 z)) ?x2598 ?x1228 ?x839 (* (- 36) (* y00 y)) ?x437 ?x1517 (* 3 (* z00 z x)) (* (- 2) (* z00 y y)) ?x1730 ?x1780 (* (- 1) (* z y y)) ?x2391 ?x1737 ?x1591 ?x67 (* (- 18) (* y00 x)) ?x998 ?x74 (* (- 1) (* y00 z y)) ?x1548 (* 2 (* y00 y00 z)) (* 3 (* z00 z00 y)))))
 (let ((?x610 (* z00 z00 y)))
 (let ((?x584 (* 6 ?x576)))
 (let ((?x1774 (* (- 12) ?x629)))
 (let ((?x2779 (* y00 z00 z)))
 (let ((?x1581 (+ ?x2779 ?x1517 ?x1597 ?x2518 ?x1774 ?x657 ?x1780 ?x1228 ?x530 (* (- 12) (* y00 y)) ?x1591 ?x67 ?x584 ?x998 ?x74 ?x558 (* 18 (* z00 x)) (* (- 1) (* z00 z y)) ?x610)))
 (let ((?x1158 (* 12 ?x1157)))
 (let ((?x1122 (+ (* 6 ?x1516) ?x55 ?x553 ?x1158 ?x1590 ?x1591 ?x67 (* 6 (* z00 z)) ?x998 ?x74 (* (- 1) (* z00 z00 z)))))
 (let (($x1736 (= (+ ?x420 ?x491 ?x45 (* 6 z) ?x490 (* (- 1) (* z z))) 0)))
 (let (($x644 (and $x551 $x1736 (= ?x1122 0) (= ?x1581 0) (= ?x1549 0) $x1722 $x1196)))
 (let ((?x1451 (* 3 ?x99)))
 (let ((?x1312 (* y00 ?x1869 ?x223)))
 (let ((?x1904 (* 3 ?x1903)))
 (let ((?x2642 (* ?x1869 ?x223 ?x223)))
 (let ((?x948 (* (- 36) ?x655)))
 (let ((?x1320 (* (- 1) ?x113)))
 (let ((?x1506 (* (- 18) ?x1505)))
 (let ((?x2917 (+ ?x1506 (* (- 18) (* ?x223 ?x237)) ?x1565 (* (- 3) (* z00 z00 ?x237)) ?x1320 (* 3 (* x00 z00 ?x1869)) (* (- 1) ?x2270) ?x1497 ?x530 (* 36 (* y00 ?x223)) ?x593 ?x1204 (* (- 3) (* z00 ?x1869 ?x237)) (* 2 (* z00 ?x223 ?x223)) ?x948 ?x1735 ?x2642 (* 18 (* x00 ?x223)) ?x1904 ?x64 ?x1429 ?x583 (* 18 (* y00 ?x237)) ?x1421 ?x640 ?x1312 ?x1451 (* (- 2) (* y00 y00 ?x1869)) (* (- 3) ?x2114))))
 (let ((?x1699 (* z00 z00 ?x1869)))
 (let ((?x2691 (* 18 ?x2689)))
 (let ((?x524 (* 6 ?x420)))
 (let ((?x513 (* (- 1) ?x55)))
 (let ((?x1714 (+ (* (- 6) ?x2710) ?x513 ?x524 ?x1261 ?x2691 ?x64 ?x1429 ?x583 (* (- 6) (* z00 ?x1869)) ?x1421 ?x640 ?x1699)))
 (let ((?x1495 (* ?x1869 ?x1869)))
 (let ((?x49 (* 6 z00)))
 (let ((?x1292 (* (- 12) y)))
 (let ((?x43 (* 12 y00)))
 (let ((?x580 (* (- 1) ?x420)))
 (let (($x1147 (= (+ (* (- 1) z) z00 (* 6 n) (* (- 6) n00)) 0)))
 (let (($x1093 (or (not $x1147) (not (= (+ ?x580 ?x43 ?x1292 (* (- 18) z) ?x49 ?x1495) 36)) (not (= ?x1714 0)) (not (= ?x2194 0)) (not (= ?x2917 0)) $x2221 $x2281)))
 (let ((?x1439 (* y00 z y)))
 (let ((?x71 (* 72 y)))
 (let ((?x1771 (* z y y)))
 (let ((?x1558 (* 18 ?x1557)))
 (let ((?x1778 (* (- 12) ?x1516)))
 (let ((?x1027 (* (- 18) ?x859)))
 (let ((?x600 (+ ?x1506 (* (- 18) ?x2032) ?x1027 (* (- 3) (* z00 z00 x)) ?x1320 (* 3 (* x00 z00 z)) (* (- 1) ?x2598) ?x1158 ?x530 (* 36 (* y00 y)) ?x584 ?x1778 (* (- 3) (* z00 z x)) (* 2 (* z00 y y)) ?x948 ?x1558 ?x1771 (* 18 ?x2159) ?x1904 ?x64 ?x583 (* 18 (* y00 x)) ?x71 ?x640 ?x1439 ?x1451 (* (- 2) (* y00 y00 z)) (* (- 3) ?x610))))
 (let ((?x2559 (* z00 z y)))
 (let ((?x630 (* 12 ?x629)))
 (let ((?x1390 (+ (* (- 1) ?x2779) ?x1778 ?x1027 ?x1874 ?x630 ?x673 ?x1558 ?x1158 ?x839 (* 12 (* y00 y)) ?x64 ?x583 ?x437 ?x71 ?x640 ?x99 (* (- 18) (* z00 x)) ?x2559 (* (- 1) ?x610))))
 (let ((?x684 (* z00 z00 z)))
 (let ((?x748 (+ (* (- 6) ?x1516) ?x513 ?x524 ?x1228 ?x2691 ?x64 ?x583 (* (- 6) (* z00 z)) ?x71 ?x640 ?x684)))
 (let (($x2284 (and $x1147 (= (+ ?x580 ?x43 ?x1292 (* (- 6) z) ?x49 (* z z)) 0) (= ?x748 0) (= ?x1390 0) (= ?x600 0) $x1722 $x1093)))
 (rewrite (= $x2284 $x644)))))))))))))))))))))))))))))))))))))))))))))))))))))))))))))))))))))))))))))))))))))))))))))))))))))))))))))))))))))))))))))))))))))))))))))))))))))))
 ))
 (let (($x367 (exists ((x Int) (y Int) (z Int) (n Int) )(! (let ((?x223 (+ y z)))
 (let ((?x237 (+ x y)))
 (let ((?x217 (+ n 1)))
 (let ((?x359 (+ (* (- 1) ?x237 ?x237 ?x223 ?x223 (+ z 6) (+ z 6)) (* 9 ?x217 ?x237 ?x237 ?x223 ?x223))))
 (let ((?x99 (* y00 z00 z00)))
 (let ((?x74 (* 108 x00)))
 (let ((?x243 (* 72 ?x223)))
 (let ((?x261 (* 6 ?x223 z00)))
 (let ((?x67 (* 72 y00)))
 (let ((?x238 (* 108 ?x237)))
 (let ((?x91 (* 6 y00 z00)))
 (let ((?x215 (+ z 6)))
 (let ((?x235 (* 12 y00 ?x215)))
 (let ((?x258 (* 18 x00 ?x215)))
 (let ((?x88 (* 24 y00 y00)))
 (let ((?x84 (* 18 x00 z00)))
 (let ((?x252 (* 18 ?x237 ?x215)))
 (let ((?x256 (+ (- (- (* (- 1) y00 ?x215 z00) (* 12 ?x223 ?x215)) ?x252) ?x84 (* 12 ?x223 ?x223))))
 (let ((?x262 (- (+ (- ?x256 ?x88) ?x258 ?x235 ?x91 (* 12 ?x223 y00) ?x238) ?x67)))
 (let ((?x270 (+ (- (+ (- (+ (- ?x262 ?x261) ?x243) ?x74) ?x99) (* 18 ?x237 z00)) (* ?x223 ?x215 z00))))
 (let ((?x272 (- ?x270 (* ?x223 z00 z00))))
 (let ((?x210 (* 108 x00 x00)))
 (let ((?x204 (* 10 y00 z00 z00)))
 (let ((?x197 (* 2 x00 z00 z00 z00)))
 (let ((?x196 (* y00 z00 z00 z00)))
 (let ((?x189 (* 18 x00 z00 z00)))
 (let ((?x187 (* 36 x00 y00 z00)))
 (let ((?x184 (* 96 y00 y00)))
 (let ((?x179 (* 16 y00 y00 y00)))
 (let ((?x171 (* 24 y00 z00)))
 (let ((?x161 (* y00 y00 z00 z00)))
 (let ((?x160 (* 12 y00 y00 z00)))
 (let ((?x313 (- (+ (* 216 x00 y00) (* 108 ?x237 ?x223) (* 36 x00 z00)) (* 2 ?x237 z00 z00 z00))))
 (let ((?x320 (+ (- (- (+ ?x313 (* 18 ?x237 z00 z00)) ?x160) ?x161) (* 24 ?x223 ?x223) (* 108 ?x237 ?x237))))
 (let ((?x324 (+ (- ?x320 (* 4 ?x223 ?x223 ?x223)) (* 18 ?x223 y00 z00) ?x171)))
 (let ((?x331 (- (+ (- (- ?x324 (* 120 ?x223 y00)) (* 24 ?x223 z00)) ?x179) (* 6 ?x223 ?x223 z00))))
 (let ((?x338 (- (- (- (+ ?x331 ?x184) (* 12 ?x223 ?x223 y00)) ?x187) (* 108 x00 ?x223))))
 (let ((?x343 (- (+ (- (- ?x338 ?x189) (* 216 ?x237 x00)) ?x196 ?x197) (* 216 ?x237 y00))))
 (let ((?x348 (- (- (+ ?x343 (* ?x223 ?x223 z00 z00)) ?x204) (* 36 ?x237 z00))))
 (let ((?x353 (- (+ ?x348 (* 36 ?x237 y00 z00) (* 10 ?x223 z00 z00) ?x210) (* ?x223 z00 z00 z00))))
 (let ((?x144 (* 3 y00 z00 z00)))
 (let ((?x137 (* 3 x00 z00 z00)))
 (let ((?x133 (* 36 y00 y00)))
 (let ((?x251 (* 12 ?x223 ?x215)))
 (let ((?x113 (* y00 y00 z00)))
 (let ((?x279 (- (- (- (* (- 18) x00 y00) (* 18 ?x237 ?x223)) ?x252) (* 3 ?x237 z00 z00))))
 (let ((?x284 (- (+ (- ?x279 ?x113) (* 3 x00 ?x215 z00)) (* ?x223 y00 z00))))
 (let ((?x291 (- (- (+ (- (+ ?x284 ?x235) ?x91) (* 36 ?x223 y00) ?x261) ?x251) (* 3 ?x237 ?x215 z00))))
 (let ((?x297 (+ (- (+ ?x291 (* 2 ?x223 ?x223 z00)) ?x133) ?x258 (* ?x223 ?x223 ?x215) (* 18 x00 ?x223) ?x137 ?x238)))
 (let ((?x303 (+ (- (+ (- ?x297 ?x67) (* 18 ?x237 y00) ?x243) ?x74) (* ?x223 y00 ?x215) ?x144)))
 (let (($x308 (= (- (- ?x303 (* 2 y00 y00 ?x215)) (* 3 ?x223 z00 z00)) 0)))
 (let ((?x62 (* 18 y00 z00)))
 (let ((?x57 (* 6 z00 z00)))
 (let ((?x236 (- (+ (- (* (- 6) ?x223 ?x215) (* z00 z00 z00)) ?x57) ?x235)))
 (let ((?x245 (- (+ (- (- (+ ?x236 ?x62 ?x238) ?x67) (* 6 ?x215 z00)) ?x243) ?x74)))
 (let ((?x49 (* 6 z00)))
 (let ((?x227 (- (- (+ (* (- 1) z00 z00) (* 12 y00)) (* 12 ?x223)) (* 6 ?x215))))
 (let (($x221 (= (- (+ (* (- 1) ?x215) z00 (* 6 ?x217)) (* 6 n00)) 0)))
 (let (($x365 (or (not $x221) (not (= (+ ?x227 ?x49 (* ?x215 ?x215)) 0)) (not (= (+ ?x245 (* ?x215 z00 z00)) 0)) (not (= ?x272 0)) (not $x308) (not (= ?x353 0)) (not (= (* ?x272 (- ?x359 (* 3 ?x217 ?x237 ?x223))) 0)))))
 (let ((?x212 (* y z00 z00 z00)))
 (let ((?x201 (* y y z00 z00)))
 (let ((?x157 (- (+ (* 216 x00 y00) (* 108 x y) (* 36 x00 z00)) (* 2 x z00 z00 z00))))
 (let ((?x166 (+ (- (- (+ ?x157 (* 18 x z00 z00)) ?x160) ?x161) (* 24 y y) (* 108 x x))))
 (let ((?x172 (+ (- ?x166 (* 4 y y y)) (* 18 y y00 z00) ?x171)))
 (let ((?x182 (- (+ (- (- ?x172 (* 120 y y00)) (* 24 y z00)) ?x179) (* 6 y y z00))))
 (let ((?x193 (- (- (- (+ ?x182 ?x184) (* 12 y y y00)) ?x187) (* 108 x00 y))))
 (let ((?x200 (- (+ (- (- ?x193 ?x189) (* 216 x x00)) ?x196 ?x197) (* 216 x y00))))
 (let ((?x211 (+ (- (- (+ ?x200 ?x201) ?x204) (* 36 x z00)) (* 36 x y00 z00) (* 10 y z00 z00) ?x210)))
 (let ((?x71 (* 72 y)))
 (let ((?x64 (* 108 x)))
 (let ((?x135 (* y y z)))
 (let ((?x90 (* 18 x00 z)))
 (let ((?x80 (* 12 y z)))
 (let ((?x94 (* 6 y z00)))
 (let ((?x59 (* 12 y00 z)))
 (let ((?x120 (* y y00 z00)))
 (let ((?x81 (* 18 x z)))
 (let ((?x116 (- (- (- (* (- 18) x00 y00) (* 18 x y)) ?x81) (* 3 x z00 z00))))
 (let ((?x123 (- (+ (- (+ (- ?x116 ?x113) (* 3 x00 z z00)) ?x120) ?x59) ?x91)))
 (let ((?x129 (- (- (+ ?x123 (* 36 y y00) ?x94) ?x80) (* 3 x z z00))))
 (let ((?x138 (+ (- (+ ?x129 (* 2 y y z00)) ?x133) ?x90 ?x135 (* 18 x00 y) ?x137 ?x64)))
 (let ((?x145 (+ (- (+ (- ?x138 ?x67) (* 18 x y00) ?x71) ?x74) (* y y00 z) ?x144)))
 (let (($x150 (= (- (- ?x145 (* 2 y00 y00 z)) (* 3 y z00 z00)) 0)))
 (let ((?x105 (* y z00 z00)))
 (let ((?x103 (* y z z00)))
 (let ((?x86 (+ (- (- (* (- 1) y00 z z00) ?x80) ?x81) ?x84 (* 12 y y))))
 (let ((?x95 (- (+ (- ?x86 ?x88) ?x90 ?x59 ?x91 (* 12 y y00) ?x64) ?x67)))
 (let ((?x104 (+ (- (+ (- (+ (- ?x95 ?x94) ?x71) ?x74) ?x99) (* 18 x z00)) ?x103)))
 (let ((?x76 (* z z00 z00)))
 (let ((?x60 (- (+ (- (* (- 6) y z) (* z00 z00 z00)) ?x57) ?x59)))
 (let ((?x75 (- (+ (- (- (+ ?x60 ?x62 ?x64) ?x67) (* 6 z z00)) ?x71) ?x74)))
 (let ((?x50 (* z z)))
 (let ((?x46 (* 6 z)))
 (let ((?x48 (- (- (+ (* (- 1) z00 z00) (* 12 y00)) (* 12 y)) ?x46)))
 (let (($x39 (= (- (+ (* (- 1) z) z00 (* 6 n)) (* 6 n00)) 0)))
 (and $x39 (= (+ ?x48 ?x49 ?x50) 0) (= (+ ?x75 ?x76) 0) (= (- ?x104 ?x105) 0) $x150 (= (- ?x211 ?x212) 0) $x365)))))))))))))))))))))))))))))))))))))))))))))))))))))))))))))))))))))))))))))))))))))))))))))))) :qid k!44))
 ))
 (let ((?x2972 (lambda ((x Int) (y Int) (z Int) (n Int) )(let ((?x223 (+ y z)))
 (let ((?x1869 (+ 6 z)))
 (let ((?x515 (* z00 ?x1869 ?x223)))
 (let ((?x99 (* y00 z00 z00)))
 (let ((?x640 (* (- 108) x00)))
 (let ((?x1421 (* 72 z)))
 (let ((?x592 (* z00 ?x223)))
 (let ((?x1126 (* (- 6) ?x592)))
 (let ((?x583 (* (- 72) y00)))
 (let ((?x1429 (* 180 y)))
 (let ((?x64 (* 108 x)))
 (let ((?x2689 (* y00 z00)))
 (let ((?x839 (* 6 ?x2689)))
 (let ((?x1493 (* y00 ?x1869)))
 (let ((?x1497 (* 12 ?x1493)))
 (let ((?x1734 (* x00 ?x1869)))
 (let ((?x1735 (* 18 ?x1734)))
 (let ((?x655 (* y00 y00)))
 (let ((?x673 (* (- 24) ?x655)))
 (let ((?x1873 (* x00 z00)))
 (let ((?x1874 (* 18 ?x1873)))
 (let ((?x237 (+ x y)))
 (let ((?x1510 (* ?x1869 ?x237)))
 (let ((?x1565 (* (- 18) ?x1510)))
 (let ((?x2710 (* ?x1869 ?x223)))
 (let ((?x1204 (* (- 12) ?x2710)))
 (let ((?x2194 (+ (* (- 1) (* y00 z00 ?x1869)) ?x1204 ?x1565 ?x1874 (* 12 (* ?x223 ?x223)) ?x673 ?x1735 ?x1497 ?x839 (* 12 (* y00 ?x223)) ?x64 ?x1429 ?x583 ?x1126 ?x1421 ?x640 ?x99 (* (- 18) (* z00 ?x237)) ?x515 (* (- 1) (* z00 z00 ?x223)))))
 (let ((?x2241 (* (- 1) (* ?x1869 ?x1869 ?x223 ?x223 ?x237 ?x237))))
 (let ((?x2317 (+ ?x2241 (* 9 (* (+ 1 n) ?x223 ?x223 ?x237 ?x237)) (* (- 3) (* (+ 1 n) ?x223 ?x237)))))
 (let (($x2281 (not (= (* ?x2317 ?x2194) 0))))
 (let ((?x1384 (* 108 (* x00 x00))))
 (let ((?x1642 (* (- 10) ?x99)))
 (let ((?x1577 (* 2 (* x00 z00 z00 z00))))
 (let ((?x196 (* y00 z00 z00 z00)))
 (let ((?x1903 (* x00 z00 z00)))
 (let ((?x1547 (* (- 18) ?x1903)))
 (let ((?x1467 (* (- 36) (* x00 y00 z00))))
 (let ((?x1137 (* 96 ?x655)))
 (let ((?x1101 (* 16 (* y00 y00 y00))))
 (let ((?x2196 (* 24 ?x2689)))
 (let ((?x161 (* y00 y00 z00 z00)))
 (let ((?x1287 (* (- 1) ?x161)))
 (let ((?x113 (* y00 y00 z00)))
 (let ((?x618 (* (- 12) ?x113)))
 (let ((?x726 (* 36 ?x1873)))
 (let ((?x1505 (* x00 y00)))
 (let ((?x1194 (* 216 ?x1505)))
 (let ((?x2680 (+ ?x1194 (* 108 (* ?x223 ?x237)) ?x726 (* (- 2) (* z00 z00 z00 ?x237)) (* 18 (* z00 z00 ?x237)) ?x618 ?x1287 (* 24 (* ?x223 ?x223)) (* 108 (* ?x237 ?x237)) (* (- 4) (* ?x223 ?x223 ?x223)) (* 18 (* y00 z00 ?x223)) ?x2196 (* (- 120) (* y00 ?x223)) (* (- 24) ?x592) ?x1101 (* (- 6) (* z00 ?x223 ?x223)) ?x1137 (* (- 12) (* y00 ?x223 ?x223)) ?x1467 (* (- 108) (* x00 ?x223)) ?x1547 (* (- 216) (* x00 ?x237)) ?x196 ?x1577 (* (- 216) (* y00 ?x237)) (* z00 z00 ?x223 ?x223) ?x1642 (* (- 36) (* z00 ?x237)) (* 36 (* y00 z00 ?x237)) (* 10 (* z00 z00 ?x223)) ?x1384 (* (- 1) (* z00 z00 z00 ?x223)))))
 (let (($x2221 (not (= ?x2680 0))))
 (let ((?x1451 (* 3 ?x99)))
 (let ((?x1312 (* y00 ?x1869 ?x223)))
 (let ((?x1904 (* 3 ?x1903)))
 (let ((?x2642 (* ?x1869 ?x223 ?x223)))
 (let ((?x948 (* (- 36) ?x655)))
 (let ((?x593 (* 6 ?x592)))
 (let ((?x530 (* (- 6) ?x2689)))
 (let ((?x1320 (* (- 1) ?x113)))
 (let ((?x1506 (* (- 18) ?x1505)))
 (let ((?x2917 (+ ?x1506 (* (- 18) (* ?x223 ?x237)) ?x1565 (* (- 3) (* z00 z00 ?x237)) ?x1320 (* 3 (* x00 z00 ?x1869)) (* (- 1) (* y00 z00 ?x223)) ?x1497 ?x530 (* 36 (* y00 ?x223)) ?x593 ?x1204 (* (- 3) (* z00 ?x1869 ?x237)) (* 2 (* z00 ?x223 ?x223)) ?x948 ?x1735 ?x2642 (* 18 (* x00 ?x223)) ?x1904 ?x64 ?x1429 ?x583 (* 18 (* y00 ?x237)) ?x1421 ?x640 ?x1312 ?x1451 (* (- 2) (* y00 y00 ?x1869)) (* (- 3) (* z00 z00 ?x223)))))
 (let ((?x1699 (* z00 z00 ?x1869)))
 (let ((?x2691 (* 18 ?x2689)))
 (let ((?x1261 (* (- 12) ?x1493)))
 (let ((?x420 (* z00 z00)))
 (let ((?x524 (* 6 ?x420)))
 (let ((?x55 (* z00 z00 z00)))
 (let ((?x513 (* (- 1) ?x55)))
 (let ((?x1714 (+ (* (- 6) ?x2710) ?x513 ?x524 ?x1261 ?x2691 ?x64 ?x1429 ?x583 (* (- 6) (* z00 ?x1869)) ?x1421 ?x640 ?x1699)))
 (let ((?x1495 (* ?x1869 ?x1869)))
 (let ((?x49 (* 6 z00)))
 (let ((?x1292 (* (- 12) y)))
 (let ((?x43 (* 12 y00)))
 (let ((?x580 (* (- 1) ?x420)))
 (let (($x1147 (= (+ (* (- 1) z) z00 (* 6 n) (* (- 6) n00)) 0)))
 (let (($x1093 (or (not $x1147) (not (= (+ ?x580 ?x43 ?x1292 (* (- 18) z) ?x49 ?x1495) 36)) (not (= ?x1714 0)) (not (= ?x2194 0)) (not (= ?x2917 0)) $x2221 $x2281)))
 (let ((?x944 (* (- 4) (* y y y))))
 (let ((?x896 (* 108 (* x x))))
 (let ((?x629 (* y y)))
 (let ((?x884 (* 24 ?x629)))
 (let ((?x2032 (* y x)))
 (let ((?x2033 (* 108 ?x2032)))
 (let ((?x1717 (+ ?x1194 ?x2033 ?x726 (* (- 2) (* z00 z00 z00 x)) (* 18 (* z00 z00 x)) ?x618 ?x1287 ?x884 ?x896 ?x944 (* 18 (* y00 z00 y)) ?x2196 (* (- 120) (* y00 y)) (* (- 24) (* z00 y)) ?x1101 (* (- 6) (* z00 y y)) ?x1137 (* (- 12) (* y00 y y)) ?x1467 (* (- 108) (* x00 y)) ?x1547 (* (- 216) (* x00 x)) ?x196 ?x1577 (* (- 216) (* y00 x)) (* z00 z00 y y) ?x1642 (* (- 36) (* z00 x)) (* 36 (* y00 z00 x)) (* 10 (* z00 z00 y)) ?x1384 (* (- 1) (* z00 z00 z00 y)))))
 (let (($x1722 (= ?x1717 0)))
 (let ((?x1439 (* y00 z y)))
 (let ((?x71 (* 72 y)))
 (let ((?x1771 (* z y y)))
 (let ((?x1557 (* x00 z)))
 (let ((?x1558 (* 18 ?x1557)))
 (let ((?x1516 (* z y)))
 (let ((?x1778 (* (- 12) ?x1516)))
 (let ((?x576 (* z00 y)))
 (let ((?x584 (* 6 ?x576)))
 (let ((?x1157 (* y00 z)))
 (let ((?x1158 (* 12 ?x1157)))
 (let ((?x859 (* z x)))
 (let ((?x1027 (* (- 18) ?x859)))
 (let ((?x600 (+ ?x1506 (* (- 18) ?x2032) ?x1027 (* (- 3) (* z00 z00 x)) ?x1320 (* 3 (* x00 z00 z)) (* (- 1) (* y00 z00 y)) ?x1158 ?x530 (* 36 (* y00 y)) ?x584 ?x1778 (* (- 3) (* z00 z x)) (* 2 (* z00 y y)) ?x948 ?x1558 ?x1771 (* 18 (* x00 y)) ?x1904 ?x64 ?x583 (* 18 (* y00 x)) ?x71 ?x640 ?x1439 ?x1451 (* (- 2) (* y00 y00 z)) (* (- 3) (* z00 z00 y)))))
 (let ((?x2559 (* z00 z y)))
 (let ((?x437 (* (- 6) ?x576)))
 (let ((?x630 (* 12 ?x629)))
 (let ((?x1390 (+ (* (- 1) (* y00 z00 z)) ?x1778 ?x1027 ?x1874 ?x630 ?x673 ?x1558 ?x1158 ?x839 (* 12 (* y00 y)) ?x64 ?x583 ?x437 ?x71 ?x640 ?x99 (* (- 18) (* z00 x)) ?x2559 (* (- 1) (* z00 z00 y)))))
 (let ((?x684 (* z00 z00 z)))
 (let ((?x1228 (* (- 12) ?x1157)))
 (let ((?x748 (+ (* (- 6) ?x1516) ?x513 ?x524 ?x1228 ?x2691 ?x64 ?x583 (* (- 6) (* z00 z)) ?x71 ?x640 ?x684)))
 (let (($x2284 (and $x1147 (= (+ ?x580 ?x43 ?x1292 (* (- 6) z) ?x49 (* z z)) 0) (= ?x748 0) (= ?x1390 0) (= ?x600 0) $x1722 $x1093)))
 (let ((?x359 (+ (* (- 1) ?x237 ?x237 ?x223 ?x223 (+ z 6) (+ z 6)) (* 9 (+ n 1) ?x237 ?x237 ?x223 ?x223))))
 (let ((?x74 (* 108 x00)))
 (let ((?x243 (* 72 ?x223)))
 (let ((?x261 (* 6 ?x223 z00)))
 (let ((?x67 (* 72 y00)))
 (let ((?x238 (* 108 ?x237)))
 (let ((?x91 (* 6 y00 z00)))
 (let ((?x215 (+ z 6)))
 (let ((?x235 (* 12 y00 ?x215)))
 (let ((?x258 (* 18 x00 ?x215)))
 (let ((?x88 (* 24 y00 y00)))
 (let ((?x84 (* 18 x00 z00)))
 (let ((?x252 (* 18 ?x237 ?x215)))
 (let ((?x256 (+ (- (- (* (- 1) y00 ?x215 z00) (* 12 ?x223 ?x215)) ?x252) ?x84 (* 12 ?x223 ?x223))))
 (let ((?x262 (- (+ (- ?x256 ?x88) ?x258 ?x235 ?x91 (* 12 ?x223 y00) ?x238) ?x67)))
 (let ((?x270 (+ (- (+ (- (+ (- ?x262 ?x261) ?x243) ?x74) ?x99) (* 18 ?x237 z00)) (* ?x223 ?x215 z00))))
 (let ((?x272 (- ?x270 (* ?x223 z00 z00))))
 (let (($x364 (not (= (* ?x272 (- ?x359 (* 3 (+ n 1) ?x237 ?x223))) 0))))
 (let ((?x210 (* 108 x00 x00)))
 (let ((?x204 (* 10 y00 z00 z00)))
 (let ((?x197 (* 2 x00 z00 z00 z00)))
 (let ((?x189 (* 18 x00 z00 z00)))
 (let ((?x187 (* 36 x00 y00 z00)))
 (let ((?x184 (* 96 y00 y00)))
 (let ((?x179 (* 16 y00 y00 y00)))
 (let ((?x171 (* 24 y00 z00)))
 (let ((?x160 (* 12 y00 y00 z00)))
 (let ((?x313 (- (+ (* 216 x00 y00) (* 108 ?x237 ?x223) (* 36 x00 z00)) (* 2 ?x237 z00 z00 z00))))
 (let ((?x320 (+ (- (- (+ ?x313 (* 18 ?x237 z00 z00)) ?x160) ?x161) (* 24 ?x223 ?x223) (* 108 ?x237 ?x237))))
 (let ((?x324 (+ (- ?x320 (* 4 ?x223 ?x223 ?x223)) (* 18 ?x223 y00 z00) ?x171)))
 (let ((?x331 (- (+ (- (- ?x324 (* 120 ?x223 y00)) (* 24 ?x223 z00)) ?x179) (* 6 ?x223 ?x223 z00))))
 (let ((?x338 (- (- (- (+ ?x331 ?x184) (* 12 ?x223 ?x223 y00)) ?x187) (* 108 x00 ?x223))))
 (let ((?x343 (- (+ (- (- ?x338 ?x189) (* 216 ?x237 x00)) ?x196 ?x197) (* 216 ?x237 y00))))
 (let ((?x348 (- (- (+ ?x343 (* ?x223 ?x223 z00 z00)) ?x204) (* 36 ?x237 z00))))
 (let ((?x353 (- (+ ?x348 (* 36 ?x237 y00 z00) (* 10 ?x223 z00 z00) ?x210) (* ?x223 z00 z00 z00))))
 (let ((?x144 (* 3 y00 z00 z00)))
 (let ((?x137 (* 3 x00 z00 z00)))
 (let ((?x133 (* 36 y00 y00)))
 (let ((?x251 (* 12 ?x223 ?x215)))
 (let ((?x279 (- (- (- (* (- 18) x00 y00) (* 18 ?x237 ?x223)) ?x252) (* 3 ?x237 z00 z00))))
 (let ((?x284 (- (+ (- ?x279 ?x113) (* 3 x00 ?x215 z00)) (* ?x223 y00 z00))))
 (let ((?x291 (- (- (+ (- (+ ?x284 ?x235) ?x91) (* 36 ?x223 y00) ?x261) ?x251) (* 3 ?x237 ?x215 z00))))
 (let ((?x297 (+ (- (+ ?x291 (* 2 ?x223 ?x223 z00)) ?x133) ?x258 (* ?x223 ?x223 ?x215) (* 18 x00 ?x223) ?x137 ?x238)))
 (let ((?x303 (+ (- (+ (- ?x297 ?x67) (* 18 ?x237 y00) ?x243) ?x74) (* ?x223 y00 ?x215) ?x144)))
 (let (($x308 (= (- (- ?x303 (* 2 y00 y00 ?x215)) (* 3 ?x223 z00 z00)) 0)))
 (let ((?x62 (* 18 y00 z00)))
 (let ((?x236 (- (+ (- (* (- 6) ?x223 ?x215) ?x55) (* 6 z00 z00)) ?x235)))
 (let ((?x245 (- (+ (- (- (+ ?x236 ?x62 ?x238) ?x67) (* 6 ?x215 z00)) ?x243) ?x74)))
 (let ((?x227 (- (- (+ (* (- 1) z00 z00) ?x43) (* 12 ?x223)) (* 6 ?x215))))
 (let ((?x36 (* 6 n00)))
 (let (($x221 (= (- (+ (* (- 1) ?x215) z00 (* 6 (+ n 1))) ?x36) 0)))
 (let (($x365 (or (not $x221) (not (= (+ ?x227 ?x49 (* ?x215 ?x215)) 0)) (not (= (+ ?x245 (* ?x215 z00 z00)) 0)) (not (= ?x272 0)) (not $x308) (not (= ?x353 0)) $x364)))
 (let ((?x212 (* y z00 z00 z00)))
 (let ((?x201 (* y y z00 z00)))
 (let ((?x157 (- (+ (* 216 x00 y00) (* 108 x y) (* 36 x00 z00)) (* 2 x z00 z00 z00))))
 (let ((?x166 (+ (- (- (+ ?x157 (* 18 x z00 z00)) ?x160) ?x161) (* 24 y y) (* 108 x x))))
 (let ((?x172 (+ (- ?x166 (* 4 y y y)) (* 18 y y00 z00) ?x171)))
 (let ((?x182 (- (+ (- (- ?x172 (* 120 y y00)) (* 24 y z00)) ?x179) (* 6 y y z00))))
 (let ((?x193 (- (- (- (+ ?x182 ?x184) (* 12 y y y00)) ?x187) (* 108 x00 y))))
 (let ((?x200 (- (+ (- (- ?x193 ?x189) (* 216 x x00)) ?x196 ?x197) (* 216 x y00))))
 (let ((?x211 (+ (- (- (+ ?x200 ?x201) ?x204) (* 36 x z00)) (* 36 x y00 z00) (* 10 y z00 z00) ?x210)))
 (let ((?x135 (* y y z)))
 (let ((?x90 (* 18 x00 z)))
 (let ((?x80 (* 12 y z)))
 (let ((?x94 (* 6 y z00)))
 (let ((?x59 (* 12 y00 z)))
 (let ((?x120 (* y y00 z00)))
 (let ((?x81 (* 18 x z)))
 (let ((?x116 (- (- (- (* (- 18) x00 y00) (* 18 x y)) ?x81) (* 3 x z00 z00))))
 (let ((?x123 (- (+ (- (+ (- ?x116 ?x113) (* 3 x00 z z00)) ?x120) ?x59) ?x91)))
 (let ((?x129 (- (- (+ ?x123 (* 36 y y00) ?x94) ?x80) (* 3 x z z00))))
 (let ((?x138 (+ (- (+ ?x129 (* 2 y y z00)) ?x133) ?x90 ?x135 (* 18 x00 y) ?x137 ?x64)))
 (let ((?x145 (+ (- (+ (- ?x138 ?x67) (* 18 x y00) ?x71) ?x74) (* y y00 z) ?x144)))
 (let (($x150 (= (- (- ?x145 (* 2 y00 y00 z)) (* 3 y z00 z00)) 0)))
 (let ((?x105 (* y z00 z00)))
 (let ((?x103 (* y z z00)))
 (let ((?x86 (+ (- (- (* (- 1) y00 z z00) ?x80) ?x81) ?x84 (* 12 y y))))
 (let ((?x95 (- (+ (- ?x86 ?x88) ?x90 ?x59 ?x91 (* 12 y y00) ?x64) ?x67)))
 (let ((?x104 (+ (- (+ (- (+ (- ?x95 ?x94) ?x71) ?x74) ?x99) (* 18 x z00)) ?x103)))
 (let ((?x76 (* z z00 z00)))
 (let ((?x60 (- (+ (- (* (- 6) y z) ?x55) (* 6 z00 z00)) ?x59)))
 (let ((?x75 (- (+ (- (- (+ ?x60 ?x62 ?x64) ?x67) (* 6 z z00)) ?x71) ?x74)))
 (let ((?x50 (* z z)))
 (let ((?x46 (* 6 z)))
 (let ((?x51 (+ (- (- (+ (* (- 1) z00 z00) ?x43) (* 12 y)) ?x46) ?x49 ?x50)))
 (let (($x366 (and (= (- (+ (* (- 1) z) z00 (* 6 n)) ?x36) 0) (= ?x51 0) (= (+ ?x75 ?x76) 0) (= (- ?x104 ?x105) 0) $x150 (= (- ?x211 ?x212) 0) $x365)))
 (rewrite (= $x366 $x2284)))))))))))))))))))))))))))))))))))))))))))))))))))))))))))))))))))))))))))))))))))))))))))))))))))))))))))))))))))))))))))))))))))))))))))))))))))))))))))))))))))))))))))))))))))))))))))))))))
 ))
 (let ((@x368 (asserted $x367)))
 (let ((@x2007 (mp (mp @x368 (quant-intro (proof-bind ?x2972) (= $x367 $x1097)) $x1097) (rewrite (= $x1097 $x1097)) $x1097)))
 (let ((@x1163 (mp (mp @x2007 (quant-intro (proof-bind ?x2438) (= $x1097 $x2289)) $x2289) (quant-intro (proof-bind ?x2245) (= $x2289 $x809)) $x809)))
 (let ((@x1481 (mp (mp~ @x1163 (sk (~ $x809 $x2894)) $x2894) (rewrite (= $x2894 $x1041)) $x1041)))
 (let ((@x433 (and-elim @x1481 $x1835)))
 (let ((@x2293 (unit-resolution ((_ th-lemma arith triangle-eq) (or $x807 $x1479)) @x433 $x1479)))
 (let (($x2621 (>= ?x2537 0)))
 (let ((@x1860 (unit-resolution ((_ th-lemma arith triangle-eq) (or $x807 $x2621)) @x433 $x2621)))
 (let (($x2622 (<= ?x1120 0)))
 (let ((@x1427 (and-elim @x1481 $x1563)))
 (let ((@x604 (unit-resolution ((_ th-lemma arith triangle-eq) (or (not $x1563) $x2622)) @x1427 $x2622)))
 (let (($x1785 (>= ?x1120 0)))
 (let ((@x1486 (unit-resolution ((_ th-lemma arith triangle-eq) (or (not $x1563) $x1785)) @x1427 $x1785)))
 (let (($x2060 (<= ?x2333 0)))
 (let ((@x1805 (and-elim @x1481 $x1674)))
 (let ((@x2797 (unit-resolution ((_ th-lemma arith triangle-eq) (or $x1707 $x2060)) @x1805 $x2060)))
 (let (($x1210 (>= ?x2333 0)))
 (let ((@x1422 (unit-resolution ((_ th-lemma arith triangle-eq) (or $x1707 $x1210)) @x1805 $x1210)))
 (let (($x2310 (<= ?x845 0)))
 (let ((@x2703 (and-elim @x1481 $x427)))
 (let ((@x1658 (unit-resolution ((_ th-lemma arith triangle-eq) (or (not $x427) $x2310)) @x2703 $x2310)))
 (let (($x2309 (>= ?x845 0)))
 (let ((@x2174 (unit-resolution ((_ th-lemma arith triangle-eq) (or (not $x427) $x2309)) @x2703 $x2309)))
 (let (($x2059 (<= ?x978 0)))
 (let (($x1202 (<= ?x1108 0)))
 (let ((@x426 (and-elim @x1481 $x1719)))
 (let ((@x2766 (unit-resolution ((_ th-lemma arith triangle-eq) (or (not $x1719) $x1202)) @x426 $x1202)))
 (let (($x2524 (>= ?x1108 0)))
 (let ((@x1631 (unit-resolution ((_ th-lemma arith triangle-eq) (or (not $x1719) $x2524)) @x426 $x2524)))
 (let (($x2294 (<= ?x1696 0)))
 (let ((@x1425 (and-elim @x1481 $x2589)))
 (let ((@x2078 (unit-resolution ((_ th-lemma arith triangle-eq) (or (not $x2589) $x2294)) @x1425 $x2294)))
 (let (($x2025 (>= ?x1696 0)))
 (let ((@x1104 (unit-resolution ((_ th-lemma arith triangle-eq) (or (not $x2589) $x2025)) @x1425 $x2025)))
 (let ((@x1702 ((_ th-lemma arith) (hypothesis (not $x2059)) @x1422 @x2797 @x1860 @x2293 @x1422 @x2797 @x1486 @x604 @x2174 @x1658 @x1104 @x2078 @x2174 @x1658 @x1104 @x2078 @x1104 @x2078 @x1486 @x604 @x2174 @x1658 @x1631 @x2766 @x1486 @x604 false)))
 (let ((@x1790 (lemma @x1702 $x2059)))
 (let (($x2332 (>= ?x978 0)))
 (let ((@x2767 ((_ th-lemma arith) (hypothesis (not $x2332)) @x1422 @x2797 @x1860 @x2293 @x1422 @x2797 @x1486 @x604 @x2174 @x1658 @x1104 @x2078 @x2174 @x1658 @x1104 @x2078 @x1104 @x2078 @x1486 @x604 @x2174 @x1658 @x1631 @x2766 @x1486 @x604 false)))
 (let ((@x1064 (lemma @x2767 $x2332)))
 (let (($x585 (<= ?x988 0)))
 (let ((@x2786 ((_ th-lemma arith) (hypothesis (not $x585)) @x1064 @x1790 @x1422 @x2797 @x1860 @x2293 @x1422 @x2797 @x2174 @x1658 @x1104 @x2078 @x1486 @x604 @x2174 @x1658 @x1064 @x1790 @x1104 @x2078 @x1631 @x2766 @x1486 @x604 false)))
 (let ((@x1583 (lemma @x2786 $x585)))
 (let (($x1145 (>= ?x988 0)))
 (let ((@x1382 ((_ th-lemma arith) (hypothesis (not $x1145)) @x1064 @x1790 @x1422 @x2797 @x1860 @x2293 @x1422 @x2797 @x2174 @x1658 @x1104 @x2078 @x1486 @x604 @x2174 @x1658 @x1064 @x1790 @x1104 @x2078 @x1631 @x2766 @x1486 @x604 false)))
 (let ((@x432 (lemma @x1382 $x1145)))
 (let (($x820 (not (<= ?x991 0))))
 (let ((@x1804 (unit-resolution ((_ th-lemma arith triangle-eq) (or $x2706 (not $x585) (not $x1145))) @x1583 @x432 $x2706)))
 (let (($x2985 (>= ?x1893 0)))
 (let ((@x2973 ((_ th-lemma arith eq-propagate 0 0 0) (lemma ((_ th-lemma arith farkas 1 1 1) (hypothesis (not $x2985)) @x1064 @x1790 false) $x2985) @x1064 @x1790 $x2953)))
 (let ((@x2339 (unit-resolution ((_ th-lemma arith triangle-eq) (or $x1005 (not $x2059) (not $x2332))) @x1790 @x1064 $x1005)))
 (let ((@x1613 (unit-resolution (hypothesis $x864) ((_ th-lemma arith eq-propagate -6 -6 -1 -1) @x1860 @x2293 @x1631 @x2766 $x2665) false)))
 (let ((@x469 (unit-resolution (and-elim @x1481 $x1542) @x1805 @x433 (or $x864 $x522 $x1489 $x2743 $x1900))))
 (let ((@x1637 (unit-resolution (unit-resolution @x469 (lemma @x1613 $x2665) @x2339 @x2973 (or $x1489 $x2743)) @x1804 $x2743)))
 (let (($x2335 (>= ?x991 0)))
 (let ((@x2009 ((_ th-lemma arith) (hypothesis (not $x2335)) @x1064 @x1790 @x1422 @x2797 @x1860 @x2293 @x1422 @x2797 @x1486 @x604 @x1104 @x2078 @x1104 @x2078 @x2174 @x1658 @x1104 @x2078 @x432 @x1583 @x1631 @x2766 @x1486 @x604 @x2174 @x1658 @x1064 @x1790 @x2174 @x1658 @x1422 @x2797 @x1486 @x604 @x1860 @x2293 false)))
 (let ((@x2630 (unit-resolution ((_ th-lemma arith triangle-eq) (or $x1579 $x820 (not $x2335))) (lemma @x2009 $x2335) @x1637 $x820)))
 ((_ th-lemma arith) @x2630 @x1064 @x1790 @x1422 @x2797 @x1860 @x2293 @x1422 @x2797 @x1486 @x604 @x1104 @x2078 @x1104 @x2078 @x2174 @x1658 @x1104 @x2078 @x432 @x1583 @x1631 @x2766 @x1486 @x604 @x2174 @x1658 @x1064 @x1790 @x2174 @x1658 @x1422 @x2797 @x1486 @x604 @x1860 @x2293 false)))))))))))))))))))))))))))))))))))))))))))))))))))))))))))))))))))))))))))))))))))))))))))))))))))))))))))))))))))))))))))))))))))))))))))))))))))))))))))))))))))))))))))))))))))))))))))))))))))))))))))))))))))))))))))))))))))))))))))))))))))))))))))))))))))))))))))))))))))))))))))))

(:added-eqs                 12
 :arith-assert-diseq        11
 :arith-assert-lower        112
 :arith-assert-upper        30
 :arith-conflicts           7
 :arith-eq-adapter          11
 :arith-fixed-eqs           2
 :arith-gcd-tests           5
 :arith-grobner             6
 :arith-max-min             2241
 :arith-nonlinear-bounds    97
 :arith-nonlinear-horner    73
 :arith-num-rows            14
 :arith-patches             5
 :arith-patches_succ        5
 :arith-pivots              10
 :arith-pseudo-nonlinear    2
 :arith-row-summations      20
 :arith-tableau-max-columns 141
 :arith-tableau-max-rows    14
 :conflicts                 8
 :decisions                 19
 :del-clause                30
 :final-checks              13
 :max-memory                12.44
 :memory                    3.51
 :mk-bool-var               39
 :mk-clause                 39
 :num-allocs                708664492709.00
 :num-checks                1
 :propagations              54
 :rlimit-count              33477372
 :time                      27.20
 :total-time                27.14)
