unsat
((set-logic NIA)
(declare-fun y!2 () Int)
(declare-fun z!1 () Int)
(declare-fun x!3 () Int)
(declare-fun n!0 () Int)
(proof
(let ((?x2857 (* y!2 y!2)))
 (let ((?x1633 (* (- 12) ?x2857)))
 (let ((?x2789 (* x00 z!1)))
 (let ((?x2063 (* (- 18) ?x2789)))
 (let ((?x2641 (* z00 z!1 y!2)))
 (let ((?x2731 (* (- 1) ?x2641)))
 (let ((?x1411 (* (- 72) y!2)))
 (let ((?x1271 (* (- 108) x!3)))
 (let ((?x2429 (* z!1 y!2)))
 (let ((?x1646 (* 12 ?x2429)))
 (let ((?x2054 (* z00 x!3)))
 (let ((?x2178 (* 18 ?x2054)))
 (let ((?x2006 (* z!1 x!3)))
 (let ((?x2605 (* 18 ?x2006)))
 (let ((?x1681 (* z00 y00 z!1)))
 (let ((?x1566 (* y00 z!1)))
 (let ((?x2243 (* (- 12) ?x1566)))
 (let ((?x946 (* z00 z00 y!2)))
 (let ((?x775 (* z00 z00 y00)))
 (let ((?x1807 (* (- 1) ?x775)))
 (let ((?x655 (* y00 y00)))
 (let ((?x657 (* 24 ?x655)))
 (let ((?x624 (* z00 x00)))
 (let ((?x1804 (* (- 18) ?x624)))
 (let ((?x561 (* z00 y00)))
 (let ((?x855 (* (- 6) ?x561)))
 (let ((?x74 (* 108 x00)))
 (let ((?x67 (* 72 y00)))
 (let ((?x1049 (+ ?x67 ?x74 ?x855 ?x1804 ?x657 ?x1807 ?x946 (* (- 12) (* y00 y!2)) ?x2243 ?x1681 (* 6 (* z00 y!2)) ?x2605 ?x2178 ?x1646 ?x1271 ?x1411 ?x2731 ?x2063 ?x1633)))
 (let (($x1890 (<= ?x1049 0)))
 (let (($x1272 (= ?x1049 0)))
 (let ((?x2672 (* 6 n!0)))
 (let ((?x1298 (* (- 1) z!1)))
 (let ((?x393 (* (- 6) n00)))
 (let ((?x1514 (+ z00 ?x393 ?x1298 ?x2672)))
 (let ((?x1835 (* (- 3) ?x2857)))
 (let ((?x2442 (* x!3 y!2)))
 (let ((?x2690 (* (- 3) ?x2442)))
 (let ((?x1739 (+ x!3 y!2)))
 (let ((?x2845 (+ z!1 y!2)))
 (let ((?x1761 (+ 6 z!1)))
 (let ((?x1118 (* 9 (* y!2 y!2 y!2 y!2))))
 (let ((?x1669 (* 18 (* x!3 y!2 y!2 y!2))))
 (let ((?x557 (* 9 (* x!3 x!3 y!2 y!2))))
 (let ((?x2203 (+ (* 9 (* n!0 x!3 x!3 y!2 y!2)) (* 18 (* z!1 n!0 x!3 x!3 y!2)) ?x557 ?x1669 (* 9 (* n!0 y!2 y!2 y!2 y!2)) (* 36 (* z!1 n!0 x!3 y!2 y!2)) (* 9 (* z!1 z!1 n!0 x!3 x!3)) (* 18 (* z!1 z!1 n!0 x!3 y!2)) (* (- 3) (* z!1 n!0 y!2)) (* 18 (* z!1 x!3 x!3 y!2)) (* 9 (* z!1 z!1 y!2 y!2)) (* 9 (* z!1 z!1 n!0 y!2 y!2)) ?x1118 (* (- 1) (* ?x1761 ?x1761 ?x2845 ?x2845 ?x1739 ?x1739)) (* 18 (* z!1 n!0 y!2 y!2 y!2)) (* (- 3) (* n!0 x!3 y!2)) (* (- 3) ?x2006) (* 9 (* z!1 z!1 x!3 x!3)) (* 18 (* z!1 y!2 y!2 y!2)) (* (- 3) ?x2429) ?x2690 (* 36 (* z!1 x!3 y!2 y!2)) (* (- 3) (* z!1 n!0 x!3)) (* 18 (* z!1 z!1 x!3 y!2)) (* 18 (* n!0 x!3 y!2 y!2 y!2)) (* (- 3) (* n!0 y!2 y!2)) ?x1835)))
 (let ((?x1536 (* ?x2203 ?x1514)))
 (let (($x1948 (= ?x1536 0)))
 (let (($x1942 (not $x1948)))
 (let ((?x992 (* 240 ?x2857)))
 (let ((?x2237 (* 324 ?x2442)))
 (let ((?x1524 (* (- 36) ?x2054)))
 (let ((?x1702 (* z00 z00 x!3)))
 (let ((?x2464 (* 18 ?x1702)))
 (let ((?x1556 (* z00 y!2 y!2)))
 (let ((?x590 (* (- 6) ?x1556)))
 (let ((?x1384 (* 108 (* x00 x00))))
 (let ((?x1863 (* (- 216) (* x00 x!3))))
 (let ((?x2509 (* 36 (* z00 y00 x!3))))
 (let ((?x1865 (* (- 12) (* y00 y!2 y!2))))
 (let ((?x1281 (* 2 (* z00 z00 z00 x00))))
 (let ((?x1277 (* z00 z00 z00 y00)))
 (let ((?x1114 (* (- 2) (* z00 z00 z00 x!3))))
 (let ((?x1187 (* (- 36) (* z00 y00 x00))))
 (let ((?x1162 (* z00 z00 y!2 y!2)))
 (let ((?x1101 (* 16 (* y00 y00 y00))))
 (let ((?x965 (* z00 z00 x00)))
 (let ((?x1237 (* (- 18) ?x965)))
 (let ((?x1364 (* 108 (* x!3 x!3))))
 (let ((?x871 (* (- 1) (* z00 z00 y00 y00))))
 (let ((?x1997 (* (- 4) (* y!2 y!2 y!2))))
 (let ((?x1338 (* (- 10) ?x775)))
 (let ((?x755 (* z00 y00 y00)))
 (let ((?x836 (* (- 12) ?x755)))
 (let ((?x721 (* y00 x!3)))
 (let ((?x619 (* (- 216) ?x721)))
 (let ((?x683 (* z!1 z!1)))
 (let ((?x841 (* 24 ?x683)))
 (let ((?x1137 (* 96 ?x655)))
 (let ((?x581 (* 36 ?x624)))
 (let ((?x568 (* z!1 z!1 z!1)))
 (let ((?x830 (* (- 4) ?x568)))
 (let ((?x979 (* 24 ?x561)))
 (let ((?x510 (* y00 x00)))
 (let ((?x532 (* 216 ?x510)))
 (let ((?x1516 (+ ?x532 ?x979 (* (- 12) (* y00 z!1 z!1)) ?x830 ?x581 ?x1137 ?x841 (* (- 12) (* z!1 y!2 y!2)) ?x619 ?x836 ?x1338 ?x1997 (* 2 (* z00 z00 z!1 y!2)) ?x871 ?x1364 (* 28 ?x946) ?x1237 ?x1101 ?x1162 ?x1187 ?x1114 ?x1277 ?x1281 (* (- 24) (* z00 z!1)) ?x1865 ?x2509 (* (- 336) (* y00 y!2)) ?x1863 ?x1384 ?x590 (* (- 324) (* x00 y!2)) (* (- 120) ?x1566) (* (- 24) (* y00 z!1 y!2)) (* (- 6) (* z00 z!1 z!1)) (* 54 (* z00 y00 y!2)) (* 18 ?x1681) ?x2464 (* (- 60) (* z00 y!2)) (* 108 ?x2006) (* (- 3) (* z00 z00 z00 y!2)) ?x1524 (* (- 1) (* z00 z00 z00 z!1)) (* (- 12) (* z!1 z!1 y!2)) (* 10 (* z00 z00 z!1)) (* 156 ?x2429) ?x2237 (* (- 12) ?x2641) (* z00 z00 z!1 z!1) (* (- 108) ?x2789) ?x992)))
 (let (($x2739 (= ?x1516 0)))
 (let (($x769 (not $x2739)))
 (let ((?x1590 (* 12 ?x2857)))
 (let ((?x2683 (* (- 3) (* z00 x00 z!1))))
 (let ((?x2156 (* 3 (* z00 z!1 x!3))))
 (let ((?x1903 (* 18 ?x2442)))
 (let ((?x2250 (* 2 (* y00 y00 z!1))))
 (let ((?x1481 (* 3 ?x1702)))
 (let ((?x1612 (* z00 y00 y!2)))
 (let ((?x1593 (* y00 z!1 y!2)))
 (let ((?x1210 (* (- 1) ?x1593)))
 (let ((?x1562 (* x00 y!2)))
 (let ((?x2247 (* (- 18) ?x1562)))
 (let ((?x1717 (* (- 2) ?x1556)))
 (let ((?x2273 (* (- 3) ?x965)))
 (let ((?x2271 (* (- 3) ?x775)))
 (let ((?x2404 (* (- 18) ?x721)))
 (let ((?x712 (* z!1 y!2 y!2)))
 (let ((?x2130 (* (- 1) ?x712)))
 (let ((?x1136 (* 6 ?x683)))
 (let ((?x2267 (* 48 ?x655)))
 (let ((?x700 (* (- 1) ?x568)))
 (let ((?x690 (* 6 ?x561)))
 (let ((?x2262 (* 18 ?x510)))
 (let ((?x1381 (+ ?x2262 ?x690 (* (- 1) (* y00 z!1 z!1)) ?x700 ?x1804 ?x2267 ?x1136 ?x2130 ?x2404 ?x755 ?x2271 (* 6 ?x946) ?x2273 (* (- 6) (* z00 z!1)) (* (- 60) (* y00 y!2)) ?x1717 ?x2247 (* (- 54) ?x1566) ?x1210 (* (- 2) (* z00 z!1 z!1)) ?x1612 ?x1681 ?x1481 ?x2250 (* 12 (* z00 y!2)) (* 36 ?x2006) ?x2178 (* (- 2) (* z!1 z!1 y!2)) (* 3 (* z00 z00 z!1)) (* 36 ?x2429) ?x1903 ?x2156 ?x2731 ?x2683 (* (- 36) ?x2789) ?x1590)))
 (let (($x617 (= ?x1381 0)))
 (let (($x1144 (not $x617)))
 (let ((?x2302 (* z00 z00 z!1)))
 (let ((?x1408 (* (- 1) ?x2302)))
 (let ((?x1602 (* z00 z!1 z!1)))
 (let ((?x673 (* (- 24) ?x655)))
 (let ((?x626 (* 18 ?x624)))
 (let ((?x2218 (+ ?x626 ?x673 ?x775 (* (- 1) ?x946) (* 12 (* y00 y!2)) (* 24 ?x1566) ?x1602 (* (- 1) ?x1681) (* (- 18) (* z00 y!2)) (* (- 18) ?x2006) (* (- 18) ?x2054) ?x1408 (* (- 6) ?x2429) ?x2641 (* 18 ?x2789) ?x1590)))
 (let (($x520 (= ?x2218 0)))
 (let (($x1047 (not $x520)))
 (let ((?x1270 (* 6 ?x2429)))
 (let ((?x1016 (* 12 ?x1566)))
 (let ((?x1296 (* z00 z!1)))
 (let ((?x2234 (* 6 ?x1296)))
 (let ((?x1424 (* (- 18) ?x561)))
 (let ((?x55 (* z00 z00 z00)))
 (let ((?x2457 (+ (* 36 z00) (* 144 y00) ?x55 ?x74 (* (- 12) (* z00 z00)) ?x1424 ?x1136 (* (- 36) z!1) ?x2234 ?x1016 ?x1408 ?x1270 ?x1271 (* (- 144) y!2))))
 (let (($x1652 (= ?x2457 0)))
 (let (($x650 (not $x1652)))
 (let ((?x420 (* z00 z00)))
 (let ((?x2785 (* (- 1) ?x420)))
 (let ((?x43 (* 12 y00)))
 (let ((?x49 (* 6 z00)))
 (let ((?x2445 (+ ?x49 ?x43 ?x2785 ?x683 (* (- 6) z!1) (* (- 12) y!2))))
 (let (($x1449 (= ?x2445 0)))
 (let (($x1719 (not $x1449)))
 (let (($x667 (= ?x1514 0)))
 (let (($x508 (not $x667)))
 (let (($x1955 (or $x508 $x1719 $x650 $x1047 $x1144 $x769 $x1942)))
 (let ((?x959 (* 24 ?x2857)))
 (let ((?x2209 (* 108 ?x2442)))
 (let ((?x1797 (+ ?x532 ?x979 ?x581 ?x1137 ?x619 ?x836 ?x1338 ?x1997 ?x871 ?x1364 (* 10 ?x946) ?x1237 ?x1101 ?x1162 ?x1187 ?x1114 ?x1277 ?x1281 ?x1865 ?x2509 (* (- 120) (* y00 y!2)) ?x1863 ?x1384 ?x590 (* (- 108) ?x1562) (* 18 ?x1612) ?x2464 (* (- 24) (* z00 y!2)) (* (- 1) (* z00 z00 z00 y!2)) ?x1524 ?x2209 ?x959)))
 (let (($x2484 (= ?x1797 0)))
 (let ((?x1960 (* 36 ?x655)))
 (let ((?x2483 (+ ?x67 ?x74 ?x2262 ?x690 ?x1960 ?x2130 ?x2404 ?x755 ?x2271 (* 3 ?x946) ?x2273 (* (- 36) (* y00 y!2)) ?x1717 ?x2247 ?x2243 ?x1210 ?x1612 ?x1481 ?x2250 (* (- 6) (* z00 y!2)) ?x2605 ?x1646 ?x1271 ?x1411 ?x1903 ?x2156 ?x2683 ?x2063)))
 (let (($x2490 (= ?x2483 0)))
 (let ((?x603 (* (- 6) ?x420)))
 (let ((?x945 (+ ?x67 ?x55 ?x74 ?x603 ?x1424 ?x2234 ?x1016 ?x1408 ?x1270 ?x1271 ?x1411)))
 (let (($x2103 (= ?x945 0)))
 (let (($x2426 (and $x667 $x1449 $x2103 $x1272 $x2490 $x2484 $x1955)))
 (let ((?x707 (+ (* (- 3) (* y!2 z!1)) ?x2690 (* (- 3) (* x!3 z!1)) (* 18 (* x!3 y!2 y!2 y!2 n!0)) ?x1835 (* 18 (* x!3 x!3 y!2 z!1 n!0)) (* 9 (* x!3 x!3 z!1 z!1 n!0)) (* 9 (* y!2 y!2 z!1 z!1 n!0)) (* 9 (* x!3 x!3 y!2 y!2 n!0)) (* 18 (* y!2 y!2 y!2 z!1 n!0)) (* 9 (* y!2 y!2 y!2 y!2 n!0)) (* 36 (* x!3 y!2 y!2 z!1 n!0)) ?x557 ?x1669 ?x1118 (* 18 (* x!3 x!3 y!2 z!1)) (* 36 (* x!3 y!2 y!2 z!1)) (* 18 (* y!2 y!2 y!2 z!1)) (* 9 (* x!3 x!3 z!1 z!1)) (* 18 (* x!3 y!2 z!1 z!1)) (* 9 (* y!2 y!2 z!1 z!1)) (* 18 (* x!3 y!2 z!1 z!1 n!0)) (* (- 1) (* ?x1761 ?x1761 (+ y!2 z!1) (+ y!2 z!1) ?x1739 ?x1739)) (* (- 3) (* x!3 y!2 n!0)) (* (- 3) (* y!2 y!2 n!0)) (* (- 3) (* x!3 z!1 n!0)) (* (- 3) (* y!2 z!1 n!0)))))
 (let ((?x1938 (* 36 (* x!3 z00 y00))))
 (let ((?x1359 (* (- 216) (* x!3 x00))))
 (let ((?x2226 (* (- 12) (* y!2 y!2 y00))))
 (let ((?x2331 (* x!3 y00)))
 (let ((?x1996 (* (- 216) ?x2331)))
 (let ((?x1194 (* y!2 y!2 z00)))
 (let ((?x1998 (* (- 6) ?x1194)))
 (let ((?x1385 (* x!3 z00)))
 (let ((?x429 (* (- 36) ?x1385)))
 (let ((?x1732 (* x!3 z00 z00)))
 (let ((?x2162 (* 18 ?x1732)))
 (let ((?x933 (* (- 2) (* x!3 z00 z00 z00))))
 (let ((?x2774 (* y!2 y!2 z00 z00)))
 (let ((?x2688 (+ ?x841 (* 10 (* z!1 z00 z00)) (* (- 12) (* y!2 z!1 z00)) (* 28 (* y!2 z00 z00)) (* (- 12) (* y!2 y!2 z!1)) ?x2774 (* (- 3) (* y!2 z00 z00 z00)) (* 156 (* y!2 z!1)) (* 18 (* z!1 z00 y00)) ?x532 ?x2237 (* (- 120) (* z!1 y00)) ?x979 (* 108 (* x!3 z!1)) ?x933 (* (- 24) (* z!1 z00)) ?x581 ?x992 ?x1137 (* (- 108) (* z!1 x00)) (* (- 336) (* y!2 y00)) ?x2162 (* (- 60) (* y!2 z00)) ?x836 ?x1338 ?x429 (* 54 (* y!2 z00 y00)) ?x871 ?x1364 ?x1997 ?x1998 (* (- 324) (* y!2 x00)) ?x1237 ?x1996 (* (- 24) (* y!2 z!1 y00)) ?x1101 ?x2226 ?x1187 ?x1359 ?x1277 ?x1281 ?x1938 ?x1384 (* (- 6) (* z!1 z!1 z00)) (* (- 12) (* y!2 z!1 z!1)) ?x830 (* (- 12) (* z!1 z!1 y00)) (* 2 (* y!2 z!1 z00 z00)) (* z!1 z!1 z00 z00) (* (- 1) (* z!1 z00 z00 z00)))))
 (let ((?x2599 (* y!2 z00 y00)))
 (let ((?x1121 (* 18 ?x1385)))
 (let ((?x1676 (* z!1 z00)))
 (let ((?x1432 (* (- 6) ?x1676)))
 (let ((?x2875 (* z!1 z00 y00)))
 (let ((?x2797 (* y!2 z!1 z00)))
 (let ((?x2658 (* (- 1) ?x2797)))
 (let ((?x856 (+ ?x1136 (* 3 (* z!1 z00 z00)) ?x2658 (* 6 (* y!2 z00 z00)) (* (- 1) (* y!2 y!2 z!1)) (* 36 (* y!2 z!1)) ?x2875 ?x2262 ?x1903 (* (- 54) (* z!1 y00)) ?x690 (* 36 (* x!3 z!1)) ?x1432 ?x1804 ?x1590 ?x2267 (* (- 36) (* z!1 x00)) (* (- 60) (* y!2 y00)) (* 3 ?x1732) (* 12 (* y!2 z00)) ?x755 ?x2271 (* (- 3) (* z!1 z00 x00)) ?x1121 ?x2599 (* 3 (* x!3 z!1 z00)) (* (- 2) ?x1194) (* (- 18) (* y!2 x00)) ?x2273 (* (- 18) ?x2331) (* (- 1) (* y!2 z!1 y00)) (* 2 (* z!1 y00 y00)) (* (- 2) (* z!1 z!1 z00)) (* (- 2) (* y!2 z!1 z!1)) ?x700 (* (- 1) (* z!1 z!1 y00)))))
 (let ((?x2435 (* y!2 z00 z00)))
 (let ((?x1937 (* z!1 z00 z00)))
 (let ((?x1146 (+ ?x1937 ?x2658 ?x2435 (* 6 (* y!2 z!1)) ?x2875 (* (- 24) (* z!1 y00)) (* 18 (* x!3 z!1)) ?x1804 ?x1633 ?x657 (* (- 18) (* z!1 x00)) (* (- 12) (* y!2 y00)) (* 18 (* y!2 z00)) ?x1807 ?x1121 (* (- 1) (* z!1 z!1 z00)))))
 (let ((?x562 (* 18 ?x561)))
 (let ((?x2823 (* z!1 y00)))
 (let ((?x1608 (* (- 12) ?x2823)))
 (let ((?x1927 (* y!2 z!1)))
 (let ((?x2827 (* (- 6) ?x1927)))
 (let ((?x1500 (* 12 ?x420)))
 (let ((?x640 (* (- 108) x00)))
 (let ((?x513 (* (- 1) ?x55)))
 (let ((?x1392 (* (- 144) y00)))
 (let ((?x1436 (* (- 36) z00)))
 (let ((?x1677 (* 108 x!3)))
 (let ((?x918 (+ ?x1677 (* 144 y!2) (* 36 z!1) ?x1436 ?x1392 (* (- 6) ?x683) ?x513 ?x640 ?x1937 ?x1500 ?x2827 ?x1608 ?x562 ?x1432)))
 (let ((?x491 (* (- 12) y00)))
 (let ((?x490 (* (- 6) z00)))
 (let (($x1678 (= (+ (* 12 y!2) (* 6 z!1) ?x490 ?x491 (* (- 1) ?x683) ?x420) 0)))
 (let (($x2306 (= (+ z!1 (* (- 6) n!0) (* (- 1) z00) (* 6 n00)) 0)))
 (let (($x2246 (or (not $x2306) (not $x1678) (not (= ?x918 0)) (not (= ?x1146 0)) (not (= ?x856 0)) (not (= ?x2688 0)) (not (= (* ?x707 (+ ?x1298 ?x2672 z00 ?x393)) 0)))))
 (let ((?x1034 (+ (* 10 ?x2435) ?x2774 (* (- 1) (* y!2 z00 z00 z00)) ?x532 ?x2209 ?x979 ?x933 ?x581 ?x959 ?x1137 (* (- 120) (* y!2 y00)) ?x2162 (* (- 24) (* y!2 z00)) ?x836 ?x1338 ?x429 (* 18 ?x2599) ?x871 ?x1364 ?x1997 ?x1998 (* (- 108) (* y!2 x00)) ?x1237 ?x1996 ?x1101 ?x2226 ?x1187 ?x1359 ?x1277 ?x1281 ?x1938 ?x1384)))
 (let ((?x815 (* y!2 z!1 y00)))
 (let ((?x966 (* 3 ?x965)))
 (let ((?x1028 (* 3 ?x775)))
 (let ((?x762 (* (- 1) ?x755)))
 (let ((?x1636 (* z!1 x00)))
 (let ((?x839 (* 18 ?x1636)))
 (let ((?x948 (* (- 36) ?x655)))
 (let ((?x1939 (* x!3 z!1)))
 (let ((?x2877 (* (- 18) ?x1939)))
 (let ((?x2869 (* 12 ?x2823)))
 (let ((?x511 (* (- 18) ?x510)))
 (let ((?x2749 (* (- 12) ?x1927)))
 (let ((?x1731 (* y!2 y!2 z!1)))
 (let ((?x583 (* (- 72) y00)))
 (let ((?x1662 (* 72 y!2)))
 (let ((?x1310 (+ ?x1677 ?x1662 ?x583 ?x640 (* (- 3) ?x2435) ?x1731 ?x2749 ?x511 (* (- 18) ?x2442) ?x2869 ?x855 ?x2877 ?x948 ?x839 (* 36 (* y!2 y00)) (* (- 3) ?x1732) (* 6 (* y!2 z00)) ?x762 ?x1028 (* 3 (* z!1 z00 x00)) (* (- 1) ?x2599) (* (- 3) (* x!3 z!1 z00)) (* 2 ?x1194) (* 18 (* y!2 x00)) ?x966 (* 18 ?x2331) ?x815 (* (- 2) (* z!1 y00 y00)))))
 (let ((?x2410 (+ ?x1677 ?x1662 ?x583 ?x640 ?x2797 (* (- 1) ?x2435) ?x2749 (* (- 1) ?x2875) ?x2869 ?x690 ?x2877 ?x626 ?x1590 ?x673 ?x839 (* 12 (* y!2 y00)) (* (- 6) (* y!2 z00)) ?x775 (* (- 18) ?x1385))))
 (let ((?x524 (* 6 ?x420)))
 (let (($x2080 (= (+ ?x1677 ?x1662 ?x583 ?x513 ?x640 ?x1937 ?x524 ?x2827 ?x1608 ?x562 ?x1432) 0)))
 (let (($x2488 (and $x2306 $x1678 $x2080 (= ?x2410 0) (= ?x1310 0) (= ?x1034 0) $x2246)))
 (let (($x1382 (exists ((x Int) (y Int) (z Int) (n Int) )(! (let ((?x393 (* (- 6) n00)))
 (let ((?x33 (* 6 n)))
 (let ((?x372 (* (- 1) z)))
 (let ((?x399 (+ ?x372 ?x33 z00 ?x393)))
 (let ((?x2873 (* (- 3) (* y z n))))
 (let ((?x2862 (* (- 3) (* x z n))))
 (let ((?x2851 (* (- 3) (* y y n))))
 (let ((?x2840 (* (- 3) (* x y n))))
 (let ((?x237 (+ x y)))
 (let ((?x223 (+ y z)))
 (let ((?x1072 (+ 6 z)))
 (let ((?x2657 (* (- 1) (* ?x1072 ?x1072 ?x223 ?x223 ?x237 ?x237))))
 (let ((?x2646 (* 9 (* y y z z))))
 (let ((?x2612 (* 9 (* x x z z))))
 (let ((?x2476 (* 9 (* y y y y))))
 (let ((?x2454 (* 9 (* x x y y))))
 (let ((?x629 (* y y)))
 (let ((?x2813 (* (- 3) ?x629)))
 (let ((?x567 (* x z)))
 (let ((?x2810 (* (- 3) ?x567)))
 (let ((?x529 (* x y)))
 (let ((?x2805 (* (- 3) ?x529)))
 (let ((?x504 (* y z)))
 (let ((?x2798 (* (- 3) ?x504)))
 (let ((?x832 (+ ?x2798 ?x2805 ?x2810 (* 18 (* x y y y n)) ?x2813 (* 18 (* x x y z n)) (* 9 (* x x z z n)) (* 9 (* y y z z n)) (* 9 (* x x y y n)) (* 18 (* y y y z n)) (* 9 (* y y y y n)) (* 36 (* x y y z n)) ?x2454 (* 18 (* x y y y)) ?x2476 (* 18 (* x x y z)) (* 36 (* x y y z)) (* 18 (* y y y z)) ?x2612 (* 18 (* x y z z)) ?x2646 (* 18 (* x y z z n)) ?x2657 ?x2840 ?x2851 ?x2862 ?x2873)))
 (let ((?x2821 (* (- 1) (* z z00 z00 z00))))
 (let ((?x2695 (* z z z00 z00)))
 (let ((?x2704 (* 2 (* y z z00 z00))))
 (let ((?x2144 (* z z y00)))
 (let ((?x2486 (* (- 12) ?x2144)))
 (let ((?x2014 (* z z z)))
 (let ((?x2180 (* (- 4) ?x2014)))
 (let ((?x2013 (* y z z)))
 (let ((?x2189 (* (- 12) ?x2013)))
 (let ((?x1741 (* z z z00)))
 (let ((?x2415 (* (- 6) ?x1741)))
 (let ((?x1384 (* 108 (* x00 x00))))
 (let ((?x1377 (* 36 (* x z00 y00))))
 (let ((?x1281 (* 2 (* z00 z00 z00 x00))))
 (let ((?x1277 (* z00 z00 z00 y00)))
 (let ((?x1264 (* (- 216) (* x x00))))
 (let ((?x1187 (* (- 36) (* z00 y00 x00))))
 (let ((?x1161 (* (- 12) (* y y y00))))
 (let ((?x1101 (* 16 (* y00 y00 y00))))
 (let ((?x1025 (* y z y00)))
 (let ((?x2501 (* (- 24) ?x1025)))
 (let ((?x995 (* x y00)))
 (let ((?x1304 (* (- 216) ?x995)))
 (let ((?x965 (* z00 z00 x00)))
 (let ((?x1237 (* (- 18) ?x965)))
 (let ((?x961 (* y x00)))
 (let ((?x2637 (* (- 324) ?x961)))
 (let ((?x923 (* y y z00)))
 (let ((?x1124 (* (- 6) ?x923)))
 (let ((?x944 (* (- 4) (* y y y))))
 (let ((?x896 (* 108 (* x x))))
 (let ((?x871 (* (- 1) (* z00 z00 y00 y00))))
 (let ((?x786 (* x z00)))
 (let ((?x1363 (* (- 36) ?x786)))
 (let ((?x775 (* z00 z00 y00)))
 (let ((?x1338 (* (- 10) ?x775)))
 (let ((?x755 (* z00 y00 y00)))
 (let ((?x836 (* (- 12) ?x755)))
 (let ((?x723 (* y z00)))
 (let ((?x2769 (* (- 60) ?x723)))
 (let ((?x701 (* x z00 z00)))
 (let ((?x774 (* 18 ?x701)))
 (let ((?x693 (* y y00)))
 (let ((?x2685 (* (- 336) ?x693)))
 (let ((?x686 (* z x00)))
 (let ((?x2566 (* (- 108) ?x686)))
 (let ((?x655 (* y00 y00)))
 (let ((?x1137 (* 96 ?x655)))
 (let ((?x1984 (* 240 ?x629)))
 (let ((?x624 (* z00 x00)))
 (let ((?x581 (* 36 ?x624)))
 (let ((?x596 (* z z00)))
 (let ((?x2362 (* (- 24) ?x596)))
 (let ((?x706 (* (- 2) (* x z00 z00 z00))))
 (let ((?x1098 (* 108 ?x567)))
 (let ((?x561 (* z00 y00)))
 (let ((?x979 (* 24 ?x561)))
 (let ((?x535 (* z y00)))
 (let ((?x2324 (* (- 120) ?x535)))
 (let ((?x510 (* y00 x00)))
 (let ((?x532 (* 216 ?x510)))
 (let ((?x212 (* y z00 z00 z00)))
 (let ((?x2828 (* (- 3) ?x212)))
 (let ((?x201 (* y y z00 z00)))
 (let ((?x135 (* y y z)))
 (let ((?x2188 (* (- 12) ?x135)))
 (let ((?x105 (* y z00 z00)))
 (let ((?x2801 (* 28 ?x105)))
 (let ((?x103 (* y z z00)))
 (let ((?x2430 (* (- 12) ?x103)))
 (let ((?x76 (* z z00 z00)))
 (let ((?x2788 (* 10 ?x76)))
 (let ((?x50 (* z z)))
 (let ((?x1907 (* 24 ?x50)))
 (let ((?x1127 (+ ?x1907 ?x2788 ?x2430 ?x2801 ?x2188 ?x201 ?x2828 (* 156 ?x504) (* 18 (* z z00 y00)) ?x532 (* 324 ?x529) ?x2324 ?x979 ?x1098 ?x706 ?x2362 ?x581 ?x1984 ?x1137 ?x2566 ?x2685 ?x774 ?x2769 ?x836 ?x1338 ?x1363 (* 54 (* y z00 y00)) ?x871 ?x896 ?x944 ?x1124 ?x2637 ?x1237 ?x1304 ?x2501 ?x1101 ?x1161 ?x1187 ?x1264 ?x1277 ?x1281 ?x1377 ?x1384 ?x2415 ?x2189 ?x2180 ?x2486 ?x2704 ?x2695 ?x2821)))
 (let ((?x2284 (* (- 1) ?x2144)))
 (let ((?x2282 (* (- 1) ?x2014)))
 (let ((?x2281 (* (- 2) ?x2013)))
 (let ((?x2278 (* (- 2) ?x1741)))
 (let ((?x1039 (* z y00 y00)))
 (let ((?x1040 (* 2 ?x1039)))
 (let ((?x2275 (* (- 1) ?x1025)))
 (let ((?x2274 (* (- 18) ?x995)))
 (let ((?x2273 (* (- 3) ?x965)))
 (let ((?x2272 (* (- 2) ?x923)))
 (let ((?x897 (* x z z00)))
 (let ((?x898 (* 3 ?x897)))
 (let ((?x812 (* y z00 y00)))
 (let ((?x787 (* 18 ?x786)))
 (let ((?x2271 (* (- 3) ?x775)))
 (let ((?x2270 (* 12 ?x723)))
 (let ((?x702 (* 3 ?x701)))
 (let ((?x2269 (* (- 60) ?x693)))
 (let ((?x2267 (* 48 ?x655)))
 (let ((?x630 (* 12 ?x629)))
 (let ((?x1804 (* (- 18) ?x624)))
 (let ((?x609 (* (- 6) ?x596)))
 (let ((?x2265 (* 36 ?x567)))
 (let ((?x690 (* 6 ?x561)))
 (let ((?x531 (* 18 ?x529)))
 (let ((?x2262 (* 18 ?x510)))
 (let ((?x506 (* z z00 y00)))
 (let ((?x2261 (* 36 ?x504)))
 (let ((?x2260 (* (- 1) ?x135)))
 (let ((?x2259 (* 6 ?x105)))
 (let ((?x1803 (* (- 1) ?x103)))
 (let ((?x2217 (* 3 ?x76)))
 (let ((?x2035 (* 6 ?x50)))
 (let ((?x467 (+ ?x2035 ?x2217 ?x1803 ?x2259 ?x2260 ?x2261 ?x506 ?x2262 ?x531 (* (- 54) ?x535) ?x690 ?x2265 ?x609 ?x1804 ?x630 ?x2267 (* (- 36) ?x686) ?x2269 ?x702 ?x2270 ?x755 ?x2271 (* (- 3) (* z z00 x00)) ?x787 ?x812 ?x898 ?x2272 (* (- 18) ?x961) ?x2273 ?x2274 ?x2275 ?x1040 ?x2278 ?x2281 ?x2282 ?x2284)))
 (let ((?x1812 (* (- 1) ?x1741)))
 (let ((?x1807 (* (- 1) ?x775)))
 (let ((?x1698 (* 18 ?x723)))
 (let ((?x1806 (* (- 12) ?x693)))
 (let ((?x657 (* 24 ?x655)))
 (let ((?x1805 (* (- 12) ?x629)))
 (let ((?x569 (* 18 ?x567)))
 (let ((?x2558 (+ ?x76 ?x1803 ?x105 (* 6 ?x504) ?x506 (* (- 24) ?x535) ?x569 ?x1804 ?x1805 ?x657 (* (- 18) ?x686) ?x1806 ?x1698 ?x1807 ?x787 ?x1812)))
 (let ((?x562 (* 18 ?x561)))
 (let ((?x548 (* (- 12) ?x535)))
 (let ((?x505 (* (- 6) ?x504)))
 (let ((?x420 (* z00 z00)))
 (let ((?x1500 (* 12 ?x420)))
 (let ((?x640 (* (- 108) x00)))
 (let ((?x55 (* z00 z00 z00)))
 (let ((?x513 (* (- 1) ?x55)))
 (let ((?x974 (* (- 6) ?x50)))
 (let ((?x1392 (* (- 144) y00)))
 (let ((?x1436 (* (- 36) z00)))
 (let ((?x64 (* 108 x)))
 (let ((?x2504 (+ ?x64 (* 144 y) (* 36 z) ?x1436 ?x1392 ?x974 ?x513 ?x640 ?x76 ?x1500 ?x505 ?x548 ?x562 ?x609)))
 (let ((?x492 (* (- 1) ?x50)))
 (let ((?x491 (* (- 12) y00)))
 (let ((?x490 (* (- 6) z00)))
 (let ((?x46 (* 6 z)))
 (let ((?x45 (* 12 y)))
 (let (($x494 (= (+ ?x45 ?x46 ?x490 ?x491 ?x492 ?x420) 0)))
 (let (($x1254 (not $x494)))
 (let (($x412 (= (+ z (* (- 6) n) (* (- 1) z00) (* 6 n00)) 0)))
 (let (($x926 (not $x412)))
 (let (($x1414 (or $x926 $x1254 (not (= ?x2504 0)) (not (= ?x2558 0)) (not (= ?x467 0)) (not (= ?x1127 0)) (not (= (* ?x832 ?x399) 0)))))
 (let ((?x884 (* 24 ?x629)))
 (let ((?x1404 (+ (* 10 ?x105) ?x201 (* (- 1) ?x212) ?x532 (* 108 ?x529) ?x979 ?x706 ?x581 ?x884 ?x1137 (* (- 120) ?x693) ?x774 (* (- 24) ?x723) ?x836 ?x1338 ?x1363 (* 18 ?x812) ?x871 ?x896 ?x944 ?x1124 (* (- 108) ?x961) ?x1237 ?x1304 ?x1101 ?x1161 ?x1187 ?x1264 ?x1277 ?x1281 ?x1377 ?x1384)))
 (let (($x1409 (= ?x1404 0)))
 (let ((?x966 (* 3 ?x965)))
 (let ((?x1028 (* 3 ?x775)))
 (let ((?x762 (* (- 1) ?x755)))
 (let ((?x687 (* 18 ?x686)))
 (let ((?x948 (* (- 36) ?x655)))
 (let ((?x598 (* (- 18) ?x567)))
 (let ((?x855 (* (- 6) ?x561)))
 (let ((?x536 (* 12 ?x535)))
 (let ((?x511 (* (- 18) ?x510)))
 (let ((?x533 (* (- 12) ?x504)))
 (let ((?x583 (* (- 72) y00)))
 (let ((?x71 (* 72 y)))
 (let ((?x1084 (+ ?x64 ?x71 ?x583 ?x640 (* (- 3) ?x105) ?x135 ?x533 ?x511 (* (- 18) ?x529) ?x536 ?x855 ?x598 ?x948 ?x687 (* 36 ?x693) (* (- 3) ?x701) (* 6 ?x723) ?x762 ?x1028 (* 3 (* z z00 x00)) (* (- 1) ?x812) (* (- 3) ?x897) (* 2 ?x923) (* 18 ?x961) ?x966 (* 18 ?x995) ?x1025 (* (- 2) ?x1039))))
 (let (($x1091 (= ?x1084 0)))
 (let ((?x673 (* (- 24) ?x655)))
 (let ((?x626 (* 18 ?x624)))
 (let ((?x829 (+ ?x64 ?x71 ?x583 ?x640 ?x103 (* (- 1) ?x105) ?x533 (* (- 1) ?x506) ?x536 ?x690 ?x598 ?x626 ?x630 ?x673 ?x687 (* 12 ?x693) (* (- 6) ?x723) ?x775 (* (- 18) ?x786))))
 (let (($x834 (= ?x829 0)))
 (let ((?x524 (* 6 ?x420)))
 (let (($x661 (= (+ ?x64 ?x71 ?x583 ?x513 ?x640 ?x76 ?x524 ?x505 ?x548 ?x562 ?x609) 0)))
 (and $x412 $x494 $x661 $x834 $x1091 $x1409 $x1414))))))))))))))))))))))))))))))))))))))))))))))))))))))))))))))))))))))))))))))))))))))))))))))))))))))))))))))))))))))))))))))))))))))))))))))))))))))))))))))))))))))))))))))))))))))))))))) :qid k!44))
 ))
 (let (($x676 (exists ((x Int) (y Int) (z Int) (n Int) )(! (let ((?x393 (* (- 6) n00)))
 (let ((?x33 (* 6 n)))
 (let ((?x372 (* (- 1) z)))
 (let ((?x1769 (+ ?x372 z00 ?x33 ?x393)))
 (let ((?x237 (+ x y)))
 (let ((?x223 (+ y z)))
 (let ((?x2229 (+ 1 n)))
 (let ((?x2657 (* (- 1) (* (+ 6 z) (+ 6 z) ?x223 ?x223 ?x237 ?x237))))
 (let ((?x1793 (+ ?x2657 (* 9 (* ?x2229 ?x223 ?x223 ?x237 ?x237)) (* (- 3) (* ?x2229 ?x223 ?x237)))))
 (let (($x2527 (not (= (* ?x1793 ?x1769) 0))))
 (let ((?x1384 (* 108 (* x00 x00))))
 (let ((?x99 (* y00 z00 z00)))
 (let ((?x925 (* (- 10) ?x99)))
 (let ((?x1418 (* 2 (* x00 z00 z00 z00))))
 (let ((?x196 (* y00 z00 z00 z00)))
 (let ((?x990 (* x00 z00 z00)))
 (let ((?x1138 (* (- 18) ?x990)))
 (let ((?x2663 (* (- 36) (* x00 y00 z00))))
 (let ((?x655 (* y00 y00)))
 (let ((?x1137 (* 96 ?x655)))
 (let ((?x1101 (* 16 (* y00 y00 y00))))
 (let ((?x861 (* y00 z00)))
 (let ((?x1099 (* 24 ?x861)))
 (let ((?x161 (* y00 y00 z00 z00)))
 (let ((?x615 (* (- 1) ?x161)))
 (let ((?x113 (* y00 y00 z00)))
 (let ((?x2487 (* (- 12) ?x113)))
 (let ((?x709 (* x00 z00)))
 (let ((?x2556 (* 36 ?x709)))
 (let ((?x2863 (* x00 y00)))
 (let ((?x2120 (* 216 ?x2863)))
 (let ((?x697 (+ ?x2120 (* 108 (* ?x223 ?x237)) ?x2556 (* (- 2) (* z00 z00 z00 ?x237)) (* 18 (* z00 z00 ?x237)) ?x2487 ?x615 (* 24 (* ?x223 ?x223)) (* 108 (* ?x237 ?x237)) (* (- 4) (* ?x223 ?x223 ?x223)) (* 18 (* y00 z00 ?x223)) ?x1099 (* (- 120) (* y00 ?x223)) (* (- 24) (* z00 ?x223)) ?x1101 (* (- 6) (* z00 ?x223 ?x223)) ?x1137 (* (- 12) (* y00 ?x223 ?x223)) ?x2663 (* (- 108) (* x00 ?x223)) ?x1138 (* (- 216) (* x00 ?x237)) ?x196 ?x1418 (* (- 216) (* y00 ?x237)) (* z00 z00 ?x223 ?x223) ?x925 (* (- 36) (* z00 ?x237)) (* 36 (* y00 z00 ?x237)) (* 10 (* z00 z00 ?x223)) ?x1384 (* (- 1) (* z00 z00 z00 ?x223)))))
 (let (($x2414 (not (= ?x697 0))))
 (let ((?x1943 (* (- 3) ?x99)))
 (let ((?x74 (* 108 x00)))
 (let ((?x610 (* (- 72) z)))
 (let ((?x67 (* 72 y00)))
 (let ((?x1510 (* (- 180) y)))
 (let ((?x2075 (* (- 108) x)))
 (let ((?x577 (* (- 3) ?x990)))
 (let ((?x1072 (+ 6 z)))
 (let ((?x1038 (* x00 ?x1072)))
 (let ((?x2074 (* (- 18) ?x1038)))
 (let ((?x1960 (* 36 ?x655)))
 (let ((?x2412 (* ?x1072 ?x223)))
 (let ((?x1945 (* 12 ?x2412)))
 (let ((?x1065 (* z00 ?x223)))
 (let ((?x1862 (* (- 6) ?x1065)))
 (let ((?x2328 (* 6 ?x861)))
 (let ((?x2056 (* y00 ?x1072)))
 (let ((?x2420 (* (- 12) ?x2056)))
 (let ((?x1142 (* y00 z00 ?x223)))
 (let ((?x1895 (* ?x1072 ?x237)))
 (let ((?x2515 (* 18 ?x1895)))
 (let ((?x1037 (* 18 ?x2863)))
 (let ((?x1188 (+ ?x1037 (* 18 (* ?x223 ?x237)) ?x2515 (* 3 (* z00 z00 ?x237)) ?x113 (* (- 3) (* x00 z00 ?x1072)) ?x1142 ?x2420 ?x2328 (* (- 36) (* y00 ?x223)) ?x1862 ?x1945 (* 3 (* z00 ?x1072 ?x237)) (* (- 2) (* z00 ?x223 ?x223)) ?x1960 ?x2074 (* (- 1) (* ?x1072 ?x223 ?x223)) (* (- 18) (* x00 ?x223)) ?x577 ?x2075 ?x1510 ?x67 (* (- 18) (* y00 ?x237)) ?x610 ?x74 (* (- 1) (* y00 ?x1072 ?x223)) ?x1943 (* 2 (* y00 y00 ?x1072)) (* 3 (* z00 z00 ?x223)))))
 (let ((?x570 (* z00 z00 ?x223)))
 (let ((?x1525 (* (- 1) ?x99)))
 (let ((?x1076 (* 6 ?x1065)))
 (let ((?x2511 (* (- 6) ?x861)))
 (let ((?x657 (* 24 ?x655)))
 (let ((?x2158 (* (- 18) ?x709)))
 (let ((?x1509 (* y00 z00 ?x1072)))
 (let ((?x1691 (+ ?x1509 ?x1945 ?x2515 ?x2158 (* (- 12) (* ?x223 ?x223)) ?x657 ?x2074 ?x2420 ?x2511 (* (- 12) (* y00 ?x223)) ?x2075 ?x1510 ?x67 ?x1076 ?x610 ?x74 ?x1525 (* 18 (* z00 ?x237)) (* (- 1) (* z00 ?x1072 ?x223)) ?x570)))
 (let ((?x1723 (* (- 18) ?x861)))
 (let ((?x588 (* 12 ?x2056)))
 (let ((?x420 (* z00 z00)))
 (let ((?x603 (* (- 6) ?x420)))
 (let ((?x55 (* z00 z00 z00)))
 (let ((?x2496 (+ (* 6 ?x2412) ?x55 ?x603 ?x588 ?x1723 ?x2075 ?x1510 ?x67 (* 6 (* z00 ?x1072)) ?x610 ?x74 (* (- 1) (* z00 z00 ?x1072)))))
 (let ((?x490 (* (- 6) z00)))
 (let ((?x45 (* 12 y)))
 (let ((?x491 (* (- 12) y00)))
 (let (($x2340 (= (+ ?x420 ?x491 ?x45 (* 18 z) ?x490 (* (- 1) (* ?x1072 ?x1072))) (- 36))))
 (let (($x2508 (= (+ z (* (- 1) z00) (* (- 6) n) (* 6 n00)) 0)))
 (let (($x638 (or (not $x2508) (not $x2340) (not (= ?x2496 0)) (not (= ?x1691 0)) (not (= ?x1188 0)) $x2414 $x2527)))
 (let ((?x944 (* (- 4) (* y y y))))
 (let ((?x896 (* 108 (* x x))))
 (let ((?x629 (* y y)))
 (let ((?x884 (* 24 ?x629)))
 (let ((?x1924 (* y x)))
 (let ((?x1925 (* 108 ?x1924)))
 (let ((?x2224 (+ ?x2120 ?x1925 ?x2556 (* (- 2) (* z00 z00 z00 x)) (* 18 (* z00 z00 x)) ?x2487 ?x615 ?x884 ?x896 ?x944 (* 18 (* y00 z00 y)) ?x1099 (* (- 120) (* y00 y)) (* (- 24) (* z00 y)) ?x1101 (* (- 6) (* z00 y y)) ?x1137 (* (- 12) (* y00 y y)) ?x2663 (* (- 108) (* x00 y)) ?x1138 (* (- 216) (* x00 x)) ?x196 ?x1418 (* (- 216) (* y00 x)) (* z00 z00 y y) ?x925 (* (- 36) (* z00 x)) (* 36 (* y00 z00 x)) (* 10 (* z00 z00 y)) ?x1384 (* (- 1) (* z00 z00 z00 y)))))
 (let (($x2227 (= ?x2224 0)))
 (let ((?x668 (* (- 72) y)))
 (let ((?x2051 (* x00 y)))
 (let ((?x2283 (* (- 18) ?x2051)))
 (let ((?x1588 (* x00 z)))
 (let ((?x1811 (* (- 18) ?x1588)))
 (let ((?x1547 (* z y)))
 (let ((?x2134 (* 12 ?x1547)))
 (let ((?x2787 (* z00 y)))
 (let ((?x585 (* (- 6) ?x2787)))
 (let ((?x1235 (* y00 z)))
 (let ((?x1297 (* (- 12) ?x1235)))
 (let ((?x2251 (* y00 z00 y)))
 (let ((?x1192 (* z x)))
 (let ((?x2133 (* 18 ?x1192)))
 (let ((?x1765 (+ ?x1037 (* 18 ?x1924) ?x2133 (* 3 (* z00 z00 x)) ?x113 (* (- 3) (* x00 z00 z)) ?x2251 ?x1297 ?x2328 (* (- 36) (* y00 y)) ?x585 ?x2134 (* 3 (* z00 z x)) (* (- 2) (* z00 y y)) ?x1960 ?x1811 (* (- 1) (* z y y)) ?x2283 ?x577 ?x2075 ?x67 (* (- 18) (* y00 x)) ?x668 ?x74 (* (- 1) (* y00 z y)) ?x1943 (* 2 (* y00 y00 z)) (* 3 (* z00 z00 y)))))
 (let ((?x2471 (* z00 z00 y)))
 (let ((?x2717 (* 6 ?x2787)))
 (let ((?x1805 (* (- 12) ?x629)))
 (let ((?x1261 (* y00 z00 z)))
 (let ((?x2096 (+ ?x1261 ?x2134 ?x2133 ?x2158 ?x1805 ?x657 ?x1811 ?x1297 ?x2511 (* (- 12) (* y00 y)) ?x2075 ?x67 ?x2717 ?x668 ?x74 ?x1525 (* 18 (* z00 x)) (* (- 1) (* z00 z y)) ?x2471)))
 (let ((?x2122 (* 12 ?x1235)))
 (let ((?x782 (+ (* 6 ?x1547) ?x55 ?x603 ?x2122 ?x1723 ?x2075 ?x67 (* 6 (* z00 z)) ?x668 ?x74 (* (- 1) (* z00 z00 z)))))
 (let (($x1599 (= (+ ?x420 ?x491 ?x45 (* 6 z) ?x490 (* (- 1) (* z z))) 0)))
 (and $x2508 $x1599 (= ?x782 0) (= ?x2096 0) (= ?x1765 0) $x2227 $x638)))))))))))))))))))))))))))))))))))))))))))))))))))))))))))))))))))))))))))))))))))))))))))))))))))))))))))) :qid k!44))
 ))
 (let ((?x1401 (lambda ((x Int) (y Int) (z Int) (n Int) )(let ((?x393 (* (- 6) n00)))
 (let ((?x33 (* 6 n)))
 (let ((?x372 (* (- 1) z)))
 (let ((?x399 (+ ?x372 ?x33 z00 ?x393)))
 (let ((?x2873 (* (- 3) (* y z n))))
 (let ((?x2862 (* (- 3) (* x z n))))
 (let ((?x2851 (* (- 3) (* y y n))))
 (let ((?x2840 (* (- 3) (* x y n))))
 (let ((?x237 (+ x y)))
 (let ((?x223 (+ y z)))
 (let ((?x1072 (+ 6 z)))
 (let ((?x2657 (* (- 1) (* ?x1072 ?x1072 ?x223 ?x223 ?x237 ?x237))))
 (let ((?x2646 (* 9 (* y y z z))))
 (let ((?x2612 (* 9 (* x x z z))))
 (let ((?x2476 (* 9 (* y y y y))))
 (let ((?x2454 (* 9 (* x x y y))))
 (let ((?x629 (* y y)))
 (let ((?x2813 (* (- 3) ?x629)))
 (let ((?x567 (* x z)))
 (let ((?x2810 (* (- 3) ?x567)))
 (let ((?x529 (* x y)))
 (let ((?x2805 (* (- 3) ?x529)))
 (let ((?x504 (* y z)))
 (let ((?x2798 (* (- 3) ?x504)))
 (let ((?x832 (+ ?x2798 ?x2805 ?x2810 (* 18 (* x y y y n)) ?x2813 (* 18 (* x x y z n)) (* 9 (* x x z z n)) (* 9 (* y y z z n)) (* 9 (* x x y y n)) (* 18 (* y y y z n)) (* 9 (* y y y y n)) (* 36 (* x y y z n)) ?x2454 (* 18 (* x y y y)) ?x2476 (* 18 (* x x y z)) (* 36 (* x y y z)) (* 18 (* y y y z)) ?x2612 (* 18 (* x y z z)) ?x2646 (* 18 (* x y z z n)) ?x2657 ?x2840 ?x2851 ?x2862 ?x2873)))
 (let ((?x2821 (* (- 1) (* z z00 z00 z00))))
 (let ((?x2695 (* z z z00 z00)))
 (let ((?x2704 (* 2 (* y z z00 z00))))
 (let ((?x2144 (* z z y00)))
 (let ((?x2486 (* (- 12) ?x2144)))
 (let ((?x2014 (* z z z)))
 (let ((?x2180 (* (- 4) ?x2014)))
 (let ((?x2013 (* y z z)))
 (let ((?x2189 (* (- 12) ?x2013)))
 (let ((?x1741 (* z z z00)))
 (let ((?x2415 (* (- 6) ?x1741)))
 (let ((?x1384 (* 108 (* x00 x00))))
 (let ((?x1377 (* 36 (* x z00 y00))))
 (let ((?x1281 (* 2 (* z00 z00 z00 x00))))
 (let ((?x1277 (* z00 z00 z00 y00)))
 (let ((?x1264 (* (- 216) (* x x00))))
 (let ((?x1187 (* (- 36) (* z00 y00 x00))))
 (let ((?x1161 (* (- 12) (* y y y00))))
 (let ((?x1101 (* 16 (* y00 y00 y00))))
 (let ((?x1025 (* y z y00)))
 (let ((?x2501 (* (- 24) ?x1025)))
 (let ((?x995 (* x y00)))
 (let ((?x1304 (* (- 216) ?x995)))
 (let ((?x965 (* z00 z00 x00)))
 (let ((?x1237 (* (- 18) ?x965)))
 (let ((?x961 (* y x00)))
 (let ((?x2637 (* (- 324) ?x961)))
 (let ((?x923 (* y y z00)))
 (let ((?x1124 (* (- 6) ?x923)))
 (let ((?x944 (* (- 4) (* y y y))))
 (let ((?x896 (* 108 (* x x))))
 (let ((?x871 (* (- 1) (* z00 z00 y00 y00))))
 (let ((?x786 (* x z00)))
 (let ((?x1363 (* (- 36) ?x786)))
 (let ((?x775 (* z00 z00 y00)))
 (let ((?x1338 (* (- 10) ?x775)))
 (let ((?x755 (* z00 y00 y00)))
 (let ((?x836 (* (- 12) ?x755)))
 (let ((?x723 (* y z00)))
 (let ((?x2769 (* (- 60) ?x723)))
 (let ((?x701 (* x z00 z00)))
 (let ((?x774 (* 18 ?x701)))
 (let ((?x693 (* y y00)))
 (let ((?x2685 (* (- 336) ?x693)))
 (let ((?x686 (* z x00)))
 (let ((?x2566 (* (- 108) ?x686)))
 (let ((?x655 (* y00 y00)))
 (let ((?x1137 (* 96 ?x655)))
 (let ((?x1984 (* 240 ?x629)))
 (let ((?x624 (* z00 x00)))
 (let ((?x581 (* 36 ?x624)))
 (let ((?x596 (* z z00)))
 (let ((?x2362 (* (- 24) ?x596)))
 (let ((?x706 (* (- 2) (* x z00 z00 z00))))
 (let ((?x1098 (* 108 ?x567)))
 (let ((?x561 (* z00 y00)))
 (let ((?x979 (* 24 ?x561)))
 (let ((?x535 (* z y00)))
 (let ((?x2324 (* (- 120) ?x535)))
 (let ((?x510 (* y00 x00)))
 (let ((?x532 (* 216 ?x510)))
 (let ((?x212 (* y z00 z00 z00)))
 (let ((?x2828 (* (- 3) ?x212)))
 (let ((?x201 (* y y z00 z00)))
 (let ((?x135 (* y y z)))
 (let ((?x2188 (* (- 12) ?x135)))
 (let ((?x105 (* y z00 z00)))
 (let ((?x2801 (* 28 ?x105)))
 (let ((?x103 (* y z z00)))
 (let ((?x2430 (* (- 12) ?x103)))
 (let ((?x76 (* z z00 z00)))
 (let ((?x2788 (* 10 ?x76)))
 (let ((?x50 (* z z)))
 (let ((?x1907 (* 24 ?x50)))
 (let ((?x1127 (+ ?x1907 ?x2788 ?x2430 ?x2801 ?x2188 ?x201 ?x2828 (* 156 ?x504) (* 18 (* z z00 y00)) ?x532 (* 324 ?x529) ?x2324 ?x979 ?x1098 ?x706 ?x2362 ?x581 ?x1984 ?x1137 ?x2566 ?x2685 ?x774 ?x2769 ?x836 ?x1338 ?x1363 (* 54 (* y z00 y00)) ?x871 ?x896 ?x944 ?x1124 ?x2637 ?x1237 ?x1304 ?x2501 ?x1101 ?x1161 ?x1187 ?x1264 ?x1277 ?x1281 ?x1377 ?x1384 ?x2415 ?x2189 ?x2180 ?x2486 ?x2704 ?x2695 ?x2821)))
 (let ((?x2284 (* (- 1) ?x2144)))
 (let ((?x2282 (* (- 1) ?x2014)))
 (let ((?x2281 (* (- 2) ?x2013)))
 (let ((?x2278 (* (- 2) ?x1741)))
 (let ((?x1039 (* z y00 y00)))
 (let ((?x1040 (* 2 ?x1039)))
 (let ((?x2275 (* (- 1) ?x1025)))
 (let ((?x2274 (* (- 18) ?x995)))
 (let ((?x2273 (* (- 3) ?x965)))
 (let ((?x2272 (* (- 2) ?x923)))
 (let ((?x897 (* x z z00)))
 (let ((?x898 (* 3 ?x897)))
 (let ((?x812 (* y z00 y00)))
 (let ((?x787 (* 18 ?x786)))
 (let ((?x2271 (* (- 3) ?x775)))
 (let ((?x2270 (* 12 ?x723)))
 (let ((?x702 (* 3 ?x701)))
 (let ((?x2269 (* (- 60) ?x693)))
 (let ((?x2267 (* 48 ?x655)))
 (let ((?x630 (* 12 ?x629)))
 (let ((?x1804 (* (- 18) ?x624)))
 (let ((?x609 (* (- 6) ?x596)))
 (let ((?x2265 (* 36 ?x567)))
 (let ((?x690 (* 6 ?x561)))
 (let ((?x531 (* 18 ?x529)))
 (let ((?x2262 (* 18 ?x510)))
 (let ((?x506 (* z z00 y00)))
 (let ((?x2261 (* 36 ?x504)))
 (let ((?x2260 (* (- 1) ?x135)))
 (let ((?x2259 (* 6 ?x105)))
 (let ((?x1803 (* (- 1) ?x103)))
 (let ((?x2217 (* 3 ?x76)))
 (let ((?x2035 (* 6 ?x50)))
 (let ((?x467 (+ ?x2035 ?x2217 ?x1803 ?x2259 ?x2260 ?x2261 ?x506 ?x2262 ?x531 (* (- 54) ?x535) ?x690 ?x2265 ?x609 ?x1804 ?x630 ?x2267 (* (- 36) ?x686) ?x2269 ?x702 ?x2270 ?x755 ?x2271 (* (- 3) (* z z00 x00)) ?x787 ?x812 ?x898 ?x2272 (* (- 18) ?x961) ?x2273 ?x2274 ?x2275 ?x1040 ?x2278 ?x2281 ?x2282 ?x2284)))
 (let ((?x1812 (* (- 1) ?x1741)))
 (let ((?x1807 (* (- 1) ?x775)))
 (let ((?x1698 (* 18 ?x723)))
 (let ((?x1806 (* (- 12) ?x693)))
 (let ((?x657 (* 24 ?x655)))
 (let ((?x1805 (* (- 12) ?x629)))
 (let ((?x569 (* 18 ?x567)))
 (let ((?x2558 (+ ?x76 ?x1803 ?x105 (* 6 ?x504) ?x506 (* (- 24) ?x535) ?x569 ?x1804 ?x1805 ?x657 (* (- 18) ?x686) ?x1806 ?x1698 ?x1807 ?x787 ?x1812)))
 (let ((?x562 (* 18 ?x561)))
 (let ((?x548 (* (- 12) ?x535)))
 (let ((?x505 (* (- 6) ?x504)))
 (let ((?x420 (* z00 z00)))
 (let ((?x1500 (* 12 ?x420)))
 (let ((?x640 (* (- 108) x00)))
 (let ((?x55 (* z00 z00 z00)))
 (let ((?x513 (* (- 1) ?x55)))
 (let ((?x974 (* (- 6) ?x50)))
 (let ((?x1392 (* (- 144) y00)))
 (let ((?x1436 (* (- 36) z00)))
 (let ((?x64 (* 108 x)))
 (let ((?x2504 (+ ?x64 (* 144 y) (* 36 z) ?x1436 ?x1392 ?x974 ?x513 ?x640 ?x76 ?x1500 ?x505 ?x548 ?x562 ?x609)))
 (let ((?x492 (* (- 1) ?x50)))
 (let ((?x491 (* (- 12) y00)))
 (let ((?x490 (* (- 6) z00)))
 (let ((?x46 (* 6 z)))
 (let ((?x45 (* 12 y)))
 (let (($x494 (= (+ ?x45 ?x46 ?x490 ?x491 ?x492 ?x420) 0)))
 (let (($x1254 (not $x494)))
 (let (($x412 (= (+ z (* (- 6) n) (* (- 1) z00) (* 6 n00)) 0)))
 (let (($x926 (not $x412)))
 (let (($x1414 (or $x926 $x1254 (not (= ?x2504 0)) (not (= ?x2558 0)) (not (= ?x467 0)) (not (= ?x1127 0)) (not (= (* ?x832 ?x399) 0)))))
 (let ((?x884 (* 24 ?x629)))
 (let ((?x1404 (+ (* 10 ?x105) ?x201 (* (- 1) ?x212) ?x532 (* 108 ?x529) ?x979 ?x706 ?x581 ?x884 ?x1137 (* (- 120) ?x693) ?x774 (* (- 24) ?x723) ?x836 ?x1338 ?x1363 (* 18 ?x812) ?x871 ?x896 ?x944 ?x1124 (* (- 108) ?x961) ?x1237 ?x1304 ?x1101 ?x1161 ?x1187 ?x1264 ?x1277 ?x1281 ?x1377 ?x1384)))
 (let (($x1409 (= ?x1404 0)))
 (let ((?x966 (* 3 ?x965)))
 (let ((?x1028 (* 3 ?x775)))
 (let ((?x762 (* (- 1) ?x755)))
 (let ((?x687 (* 18 ?x686)))
 (let ((?x948 (* (- 36) ?x655)))
 (let ((?x598 (* (- 18) ?x567)))
 (let ((?x855 (* (- 6) ?x561)))
 (let ((?x536 (* 12 ?x535)))
 (let ((?x511 (* (- 18) ?x510)))
 (let ((?x533 (* (- 12) ?x504)))
 (let ((?x583 (* (- 72) y00)))
 (let ((?x71 (* 72 y)))
 (let ((?x1084 (+ ?x64 ?x71 ?x583 ?x640 (* (- 3) ?x105) ?x135 ?x533 ?x511 (* (- 18) ?x529) ?x536 ?x855 ?x598 ?x948 ?x687 (* 36 ?x693) (* (- 3) ?x701) (* 6 ?x723) ?x762 ?x1028 (* 3 (* z z00 x00)) (* (- 1) ?x812) (* (- 3) ?x897) (* 2 ?x923) (* 18 ?x961) ?x966 (* 18 ?x995) ?x1025 (* (- 2) ?x1039))))
 (let (($x1091 (= ?x1084 0)))
 (let ((?x673 (* (- 24) ?x655)))
 (let ((?x626 (* 18 ?x624)))
 (let ((?x829 (+ ?x64 ?x71 ?x583 ?x640 ?x103 (* (- 1) ?x105) ?x533 (* (- 1) ?x506) ?x536 ?x690 ?x598 ?x626 ?x630 ?x673 ?x687 (* 12 ?x693) (* (- 6) ?x723) ?x775 (* (- 18) ?x786))))
 (let (($x834 (= ?x829 0)))
 (let ((?x524 (* 6 ?x420)))
 (let (($x661 (= (+ ?x64 ?x71 ?x583 ?x513 ?x640 ?x76 ?x524 ?x505 ?x548 ?x562 ?x609) 0)))
 (let (($x1674 (and $x412 $x494 $x661 $x834 $x1091 $x1409 $x1414)))
 (let ((?x1769 (+ ?x372 z00 ?x33 ?x393)))
 (let ((?x1793 (+ ?x2657 (* 9 (* (+ 1 n) ?x223 ?x223 ?x237 ?x237)) (* (- 3) (* (+ 1 n) ?x223 ?x237)))))
 (let (($x2527 (not (= (* ?x1793 ?x1769) 0))))
 (let ((?x99 (* y00 z00 z00)))
 (let ((?x925 (* (- 10) ?x99)))
 (let ((?x1418 (* 2 (* x00 z00 z00 z00))))
 (let ((?x196 (* y00 z00 z00 z00)))
 (let ((?x990 (* x00 z00 z00)))
 (let ((?x1138 (* (- 18) ?x990)))
 (let ((?x2663 (* (- 36) (* x00 y00 z00))))
 (let ((?x861 (* y00 z00)))
 (let ((?x1099 (* 24 ?x861)))
 (let ((?x161 (* y00 y00 z00 z00)))
 (let ((?x615 (* (- 1) ?x161)))
 (let ((?x113 (* y00 y00 z00)))
 (let ((?x2487 (* (- 12) ?x113)))
 (let ((?x709 (* x00 z00)))
 (let ((?x2556 (* 36 ?x709)))
 (let ((?x2863 (* x00 y00)))
 (let ((?x2120 (* 216 ?x2863)))
 (let ((?x697 (+ ?x2120 (* 108 (* ?x223 ?x237)) ?x2556 (* (- 2) (* z00 z00 z00 ?x237)) (* 18 (* z00 z00 ?x237)) ?x2487 ?x615 (* 24 (* ?x223 ?x223)) (* 108 (* ?x237 ?x237)) (* (- 4) (* ?x223 ?x223 ?x223)) (* 18 (* y00 z00 ?x223)) ?x1099 (* (- 120) (* y00 ?x223)) (* (- 24) (* z00 ?x223)) ?x1101 (* (- 6) (* z00 ?x223 ?x223)) ?x1137 (* (- 12) (* y00 ?x223 ?x223)) ?x2663 (* (- 108) (* x00 ?x223)) ?x1138 (* (- 216) (* x00 ?x237)) ?x196 ?x1418 (* (- 216) (* y00 ?x237)) (* z00 z00 ?x223 ?x223) ?x925 (* (- 36) (* z00 ?x237)) (* 36 (* y00 z00 ?x237)) (* 10 (* z00 z00 ?x223)) ?x1384 (* (- 1) (* z00 z00 z00 ?x223)))))
 (let (($x2414 (not (= ?x697 0))))
 (let ((?x1943 (* (- 3) ?x99)))
 (let ((?x74 (* 108 x00)))
 (let ((?x610 (* (- 72) z)))
 (let ((?x67 (* 72 y00)))
 (let ((?x1510 (* (- 180) y)))
 (let ((?x2075 (* (- 108) x)))
 (let ((?x577 (* (- 3) ?x990)))
 (let ((?x1038 (* x00 ?x1072)))
 (let ((?x2074 (* (- 18) ?x1038)))
 (let ((?x1960 (* 36 ?x655)))
 (let ((?x2412 (* ?x1072 ?x223)))
 (let ((?x1945 (* 12 ?x2412)))
 (let ((?x1065 (* z00 ?x223)))
 (let ((?x1862 (* (- 6) ?x1065)))
 (let ((?x2328 (* 6 ?x861)))
 (let ((?x2056 (* y00 ?x1072)))
 (let ((?x2420 (* (- 12) ?x2056)))
 (let ((?x1142 (* y00 z00 ?x223)))
 (let ((?x1895 (* ?x1072 ?x237)))
 (let ((?x2515 (* 18 ?x1895)))
 (let ((?x1037 (* 18 ?x2863)))
 (let ((?x1188 (+ ?x1037 (* 18 (* ?x223 ?x237)) ?x2515 (* 3 (* z00 z00 ?x237)) ?x113 (* (- 3) (* x00 z00 ?x1072)) ?x1142 ?x2420 ?x2328 (* (- 36) (* y00 ?x223)) ?x1862 ?x1945 (* 3 (* z00 ?x1072 ?x237)) (* (- 2) (* z00 ?x223 ?x223)) ?x1960 ?x2074 (* (- 1) (* ?x1072 ?x223 ?x223)) (* (- 18) (* x00 ?x223)) ?x577 ?x2075 ?x1510 ?x67 (* (- 18) (* y00 ?x237)) ?x610 ?x74 (* (- 1) (* y00 ?x1072 ?x223)) ?x1943 (* 2 (* y00 y00 ?x1072)) (* 3 (* z00 z00 ?x223)))))
 (let ((?x570 (* z00 z00 ?x223)))
 (let ((?x1525 (* (- 1) ?x99)))
 (let ((?x1076 (* 6 ?x1065)))
 (let ((?x2511 (* (- 6) ?x861)))
 (let ((?x2158 (* (- 18) ?x709)))
 (let ((?x1509 (* y00 z00 ?x1072)))
 (let ((?x1691 (+ ?x1509 ?x1945 ?x2515 ?x2158 (* (- 12) (* ?x223 ?x223)) ?x657 ?x2074 ?x2420 ?x2511 (* (- 12) (* y00 ?x223)) ?x2075 ?x1510 ?x67 ?x1076 ?x610 ?x74 ?x1525 (* 18 (* z00 ?x237)) (* (- 1) (* z00 ?x1072 ?x223)) ?x570)))
 (let ((?x1723 (* (- 18) ?x861)))
 (let ((?x588 (* 12 ?x2056)))
 (let ((?x603 (* (- 6) ?x420)))
 (let ((?x2496 (+ (* 6 ?x2412) ?x55 ?x603 ?x588 ?x1723 ?x2075 ?x1510 ?x67 (* 6 (* z00 ?x1072)) ?x610 ?x74 (* (- 1) (* z00 z00 ?x1072)))))
 (let (($x2340 (= (+ ?x420 ?x491 ?x45 (* 18 z) ?x490 (* (- 1) (* ?x1072 ?x1072))) (- 36))))
 (let (($x2508 (= (+ z (* (- 1) z00) (* (- 6) n) (* 6 n00)) 0)))
 (let (($x638 (or (not $x2508) (not $x2340) (not (= ?x2496 0)) (not (= ?x1691 0)) (not (= ?x1188 0)) $x2414 $x2527)))
 (let ((?x1924 (* y x)))
 (let ((?x1925 (* 108 ?x1924)))
 (let ((?x2224 (+ ?x2120 ?x1925 ?x2556 (* (- 2) (* z00 z00 z00 x)) (* 18 (* z00 z00 x)) ?x2487 ?x615 ?x884 ?x896 ?x944 (* 18 (* y00 z00 y)) ?x1099 (* (- 120) (* y00 y)) (* (- 24) (* z00 y)) ?x1101 (* (- 6) (* z00 y y)) ?x1137 (* (- 12) (* y00 y y)) ?x2663 (* (- 108) (* x00 y)) ?x1138 (* (- 216) (* x00 x)) ?x196 ?x1418 (* (- 216) (* y00 x)) (* z00 z00 y y) ?x925 (* (- 36) (* z00 x)) (* 36 (* y00 z00 x)) (* 10 (* z00 z00 y)) ?x1384 (* (- 1) (* z00 z00 z00 y)))))
 (let (($x2227 (= ?x2224 0)))
 (let ((?x668 (* (- 72) y)))
 (let ((?x2051 (* x00 y)))
 (let ((?x2283 (* (- 18) ?x2051)))
 (let ((?x1588 (* x00 z)))
 (let ((?x1811 (* (- 18) ?x1588)))
 (let ((?x1547 (* z y)))
 (let ((?x2134 (* 12 ?x1547)))
 (let ((?x2787 (* z00 y)))
 (let ((?x585 (* (- 6) ?x2787)))
 (let ((?x1235 (* y00 z)))
 (let ((?x1297 (* (- 12) ?x1235)))
 (let ((?x2251 (* y00 z00 y)))
 (let ((?x1192 (* z x)))
 (let ((?x2133 (* 18 ?x1192)))
 (let ((?x1765 (+ ?x1037 (* 18 ?x1924) ?x2133 (* 3 (* z00 z00 x)) ?x113 (* (- 3) (* x00 z00 z)) ?x2251 ?x1297 ?x2328 (* (- 36) (* y00 y)) ?x585 ?x2134 (* 3 (* z00 z x)) (* (- 2) (* z00 y y)) ?x1960 ?x1811 (* (- 1) (* z y y)) ?x2283 ?x577 ?x2075 ?x67 (* (- 18) (* y00 x)) ?x668 ?x74 (* (- 1) (* y00 z y)) ?x1943 (* 2 (* y00 y00 z)) (* 3 (* z00 z00 y)))))
 (let ((?x2471 (* z00 z00 y)))
 (let ((?x2717 (* 6 ?x2787)))
 (let ((?x1261 (* y00 z00 z)))
 (let ((?x2096 (+ ?x1261 ?x2134 ?x2133 ?x2158 ?x1805 ?x657 ?x1811 ?x1297 ?x2511 (* (- 12) (* y00 y)) ?x2075 ?x67 ?x2717 ?x668 ?x74 ?x1525 (* 18 (* z00 x)) (* (- 1) (* z00 z y)) ?x2471)))
 (let ((?x2122 (* 12 ?x1235)))
 (let ((?x782 (+ (* 6 ?x1547) ?x55 ?x603 ?x2122 ?x1723 ?x2075 ?x67 (* 6 (* z00 z)) ?x668 ?x74 (* (- 1) (* z00 z00 z)))))
 (let (($x679 (and $x2508 (= (+ ?x420 ?x491 ?x45 ?x46 ?x490 ?x492) 0) (= ?x782 0) (= ?x2096 0) (= ?x1765 0) $x2227 $x638)))
 (rewrite (= $x679 $x1674))))))))))))))))))))))))))))))))))))))))))))))))))))))))))))))))))))))))))))))))))))))))))))))))))))))))))))))))))))))))))))))))))))))))))))))))))))))))))))))))))))))))))))))))))))))))))))))))))))))))))))))))))))))))))))))))))))))))))))))))))))))))))))))))))))))))))))))))))))
 ))
 (let (($x1093 (exists ((x Int) (y Int) (z Int) (n Int) )(! (let ((?x393 (* (- 6) n00)))
 (let ((?x33 (* 6 n)))
 (let ((?x372 (* (- 1) z)))
 (let ((?x1769 (+ ?x372 z00 ?x33 ?x393)))
 (let ((?x237 (+ x y)))
 (let ((?x223 (+ y z)))
 (let ((?x2229 (+ 1 n)))
 (let ((?x2657 (* (- 1) (* (+ 6 z) (+ 6 z) ?x223 ?x223 ?x237 ?x237))))
 (let ((?x1793 (+ ?x2657 (* 9 (* ?x2229 ?x223 ?x223 ?x237 ?x237)) (* (- 3) (* ?x2229 ?x223 ?x237)))))
 (let (($x2527 (not (= (* ?x1793 ?x1769) 0))))
 (let ((?x1384 (* 108 (* x00 x00))))
 (let ((?x99 (* y00 z00 z00)))
 (let ((?x925 (* (- 10) ?x99)))
 (let ((?x1418 (* 2 (* x00 z00 z00 z00))))
 (let ((?x196 (* y00 z00 z00 z00)))
 (let ((?x990 (* x00 z00 z00)))
 (let ((?x1138 (* (- 18) ?x990)))
 (let ((?x2663 (* (- 36) (* x00 y00 z00))))
 (let ((?x655 (* y00 y00)))
 (let ((?x1137 (* 96 ?x655)))
 (let ((?x1101 (* 16 (* y00 y00 y00))))
 (let ((?x861 (* y00 z00)))
 (let ((?x1099 (* 24 ?x861)))
 (let ((?x161 (* y00 y00 z00 z00)))
 (let ((?x615 (* (- 1) ?x161)))
 (let ((?x113 (* y00 y00 z00)))
 (let ((?x2487 (* (- 12) ?x113)))
 (let ((?x709 (* x00 z00)))
 (let ((?x2556 (* 36 ?x709)))
 (let ((?x2863 (* x00 y00)))
 (let ((?x2120 (* 216 ?x2863)))
 (let ((?x697 (+ ?x2120 (* 108 (* ?x223 ?x237)) ?x2556 (* (- 2) (* z00 z00 z00 ?x237)) (* 18 (* z00 z00 ?x237)) ?x2487 ?x615 (* 24 (* ?x223 ?x223)) (* 108 (* ?x237 ?x237)) (* (- 4) (* ?x223 ?x223 ?x223)) (* 18 (* y00 z00 ?x223)) ?x1099 (* (- 120) (* y00 ?x223)) (* (- 24) (* z00 ?x223)) ?x1101 (* (- 6) (* z00 ?x223 ?x223)) ?x1137 (* (- 12) (* y00 ?x223 ?x223)) ?x2663 (* (- 108) (* x00 ?x223)) ?x1138 (* (- 216) (* x00 ?x237)) ?x196 ?x1418 (* (- 216) (* y00 ?x237)) (* z00 z00 ?x223 ?x223) ?x925 (* (- 36) (* z00 ?x237)) (* 36 (* y00 z00 ?x237)) (* 10 (* z00 z00 ?x223)) ?x1384 (* (- 1) (* z00 z00 z00 ?x223)))))
 (let (($x2414 (not (= ?x697 0))))
 (let ((?x1933 (* 3 ?x99)))
 (let ((?x1072 (+ 6 z)))
 (let ((?x2050 (* y00 ?x1072 ?x223)))
 (let ((?x640 (* (- 108) x00)))
 (let ((?x1452 (* 72 z)))
 (let ((?x583 (* (- 72) y00)))
 (let ((?x1460 (* 180 y)))
 (let ((?x64 (* 108 x)))
 (let ((?x991 (* 3 ?x990)))
 (let ((?x1445 (* ?x1072 ?x223 ?x223)))
 (let ((?x1038 (* x00 ?x1072)))
 (let ((?x1041 (* 18 ?x1038)))
 (let ((?x948 (* (- 36) ?x655)))
 (let ((?x2412 (* ?x1072 ?x223)))
 (let ((?x2419 (* (- 12) ?x2412)))
 (let ((?x1065 (* z00 ?x223)))
 (let ((?x1076 (* 6 ?x1065)))
 (let ((?x2511 (* (- 6) ?x861)))
 (let ((?x2056 (* y00 ?x1072)))
 (let ((?x588 (* 12 ?x2056)))
 (let ((?x445 (* (- 1) ?x113)))
 (let ((?x1895 (* ?x1072 ?x237)))
 (let ((?x2085 (* (- 18) ?x1895)))
 (let ((?x2865 (* (- 18) ?x2863)))
 (let ((?x418 (+ ?x2865 (* (- 18) (* ?x223 ?x237)) ?x2085 (* (- 3) (* z00 z00 ?x237)) ?x445 (* 3 (* x00 z00 ?x1072)) (* (- 1) (* y00 z00 ?x223)) ?x588 ?x2511 (* 36 (* y00 ?x223)) ?x1076 ?x2419 (* (- 3) (* z00 ?x1072 ?x237)) (* 2 (* z00 ?x223 ?x223)) ?x948 ?x1041 ?x1445 (* 18 (* x00 ?x223)) ?x991 ?x64 ?x1460 ?x583 (* 18 (* y00 ?x237)) ?x1452 ?x640 ?x2050 ?x1933 (* (- 2) (* y00 y00 ?x1072)) (* (- 3) (* z00 z00 ?x223)))))
 (let ((?x1796 (* z00 ?x1072 ?x223)))
 (let ((?x1862 (* (- 6) ?x1065)))
 (let ((?x2328 (* 6 ?x861)))
 (let ((?x673 (* (- 24) ?x655)))
 (let ((?x1668 (* 18 ?x709)))
 (let ((?x502 (+ (* (- 1) (* y00 z00 ?x1072)) ?x2419 ?x2085 ?x1668 (* 12 (* ?x223 ?x223)) ?x673 ?x1041 ?x588 ?x2328 (* 12 (* y00 ?x223)) ?x64 ?x1460 ?x583 ?x1862 ?x1452 ?x640 ?x99 (* (- 18) (* z00 ?x237)) ?x1796 (* (- 1) (* z00 z00 ?x223)))))
 (let ((?x563 (* z00 z00 ?x1072)))
 (let ((?x862 (* 18 ?x861)))
 (let ((?x2420 (* (- 12) ?x2056)))
 (let ((?x420 (* z00 z00)))
 (let ((?x524 (* 6 ?x420)))
 (let ((?x55 (* z00 z00 z00)))
 (let ((?x513 (* (- 1) ?x55)))
 (let ((?x2039 (+ (* (- 6) ?x2412) ?x513 ?x524 ?x2420 ?x862 ?x64 ?x1460 ?x583 (* (- 6) (* z00 ?x1072)) ?x1452 ?x640 ?x563)))
 (let ((?x587 (* ?x1072 ?x1072)))
 (let ((?x49 (* 6 z00)))
 (let ((?x2653 (* (- 12) y)))
 (let ((?x43 (* 12 y00)))
 (let ((?x2785 (* (- 1) ?x420)))
 (let (($x1565 (or (not (= ?x1769 0)) (not (= (+ ?x2785 ?x43 ?x2653 (* (- 18) z) ?x49 ?x587) 36)) (not (= ?x2039 0)) (not (= ?x502 0)) (not (= ?x418 0)) $x2414 $x2527)))
 (let ((?x944 (* (- 4) (* y y y))))
 (let ((?x896 (* 108 (* x x))))
 (let ((?x629 (* y y)))
 (let ((?x884 (* 24 ?x629)))
 (let ((?x1924 (* y x)))
 (let ((?x1925 (* 108 ?x1924)))
 (let ((?x2224 (+ ?x2120 ?x1925 ?x2556 (* (- 2) (* z00 z00 z00 x)) (* 18 (* z00 z00 x)) ?x2487 ?x615 ?x884 ?x896 ?x944 (* 18 (* y00 z00 y)) ?x1099 (* (- 120) (* y00 y)) (* (- 24) (* z00 y)) ?x1101 (* (- 6) (* z00 y y)) ?x1137 (* (- 12) (* y00 y y)) ?x2663 (* (- 108) (* x00 y)) ?x1138 (* (- 216) (* x00 x)) ?x196 ?x1418 (* (- 216) (* y00 x)) (* z00 z00 y y) ?x925 (* (- 36) (* z00 x)) (* 36 (* y00 z00 x)) (* 10 (* z00 z00 y)) ?x1384 (* (- 1) (* z00 z00 z00 y)))))
 (let (($x2227 (= ?x2224 0)))
 (let ((?x1911 (* y00 z y)))
 (let ((?x71 (* 72 y)))
 (let ((?x980 (* z y y)))
 (let ((?x1588 (* x00 z)))
 (let ((?x2320 (* 18 ?x1588)))
 (let ((?x1547 (* z y)))
 (let ((?x1809 (* (- 12) ?x1547)))
 (let ((?x2787 (* z00 y)))
 (let ((?x2717 (* 6 ?x2787)))
 (let ((?x1235 (* y00 z)))
 (let ((?x2122 (* 12 ?x1235)))
 (let ((?x1192 (* z x)))
 (let ((?x2580 (* (- 18) ?x1192)))
 (let ((?x1489 (+ ?x2865 (* (- 18) ?x1924) ?x2580 (* (- 3) (* z00 z00 x)) ?x445 (* 3 (* x00 z00 z)) (* (- 1) (* y00 z00 y)) ?x2122 ?x2511 (* 36 (* y00 y)) ?x2717 ?x1809 (* (- 3) (* z00 z x)) (* 2 (* z00 y y)) ?x948 ?x2320 ?x980 (* 18 (* x00 y)) ?x991 ?x64 ?x583 (* 18 (* y00 x)) ?x71 ?x640 ?x1911 ?x1933 (* (- 2) (* y00 y00 z)) (* (- 3) (* z00 z00 y)))))
 (let ((?x779 (* z00 z y)))
 (let ((?x585 (* (- 6) ?x2787)))
 (let ((?x630 (* 12 ?x629)))
 (let ((?x2489 (+ (* (- 1) (* y00 z00 z)) ?x1809 ?x2580 ?x1668 ?x630 ?x673 ?x2320 ?x2122 ?x2328 (* 12 (* y00 y)) ?x64 ?x583 ?x585 ?x71 ?x640 ?x99 (* (- 18) (* z00 x)) ?x779 (* (- 1) (* z00 z00 y)))))
 (let ((?x1461 (* z00 z00 z)))
 (let ((?x1297 (* (- 12) ?x1235)))
 (let ((?x1478 (+ (* (- 6) ?x1547) ?x513 ?x524 ?x1297 ?x862 ?x64 ?x583 (* (- 6) (* z00 z)) ?x71 ?x640 ?x1461)))
 (let (($x1172 (= ?x1769 0)))
 (and $x1172 (= (+ ?x2785 ?x43 ?x2653 (* (- 6) z) ?x49 (* z z)) 0) (= ?x1478 0) (= ?x2489 0) (= ?x1489 0) $x2227 $x1565))))))))))))))))))))))))))))))))))))))))))))))))))))))))))))))))))))))))))))))))))))))))))))))))))))))))))))) :qid k!44))
 ))
 (let ((?x1734 (lambda ((x Int) (y Int) (z Int) (n Int) )(let ((?x393 (* (- 6) n00)))
 (let ((?x33 (* 6 n)))
 (let ((?x372 (* (- 1) z)))
 (let ((?x1769 (+ ?x372 z00 ?x33 ?x393)))
 (let ((?x237 (+ x y)))
 (let ((?x223 (+ y z)))
 (let ((?x2229 (+ 1 n)))
 (let ((?x2657 (* (- 1) (* (+ 6 z) (+ 6 z) ?x223 ?x223 ?x237 ?x237))))
 (let ((?x1793 (+ ?x2657 (* 9 (* ?x2229 ?x223 ?x223 ?x237 ?x237)) (* (- 3) (* ?x2229 ?x223 ?x237)))))
 (let (($x2527 (not (= (* ?x1793 ?x1769) 0))))
 (let ((?x1384 (* 108 (* x00 x00))))
 (let ((?x99 (* y00 z00 z00)))
 (let ((?x925 (* (- 10) ?x99)))
 (let ((?x1418 (* 2 (* x00 z00 z00 z00))))
 (let ((?x196 (* y00 z00 z00 z00)))
 (let ((?x990 (* x00 z00 z00)))
 (let ((?x1138 (* (- 18) ?x990)))
 (let ((?x2663 (* (- 36) (* x00 y00 z00))))
 (let ((?x655 (* y00 y00)))
 (let ((?x1137 (* 96 ?x655)))
 (let ((?x1101 (* 16 (* y00 y00 y00))))
 (let ((?x861 (* y00 z00)))
 (let ((?x1099 (* 24 ?x861)))
 (let ((?x161 (* y00 y00 z00 z00)))
 (let ((?x615 (* (- 1) ?x161)))
 (let ((?x113 (* y00 y00 z00)))
 (let ((?x2487 (* (- 12) ?x113)))
 (let ((?x709 (* x00 z00)))
 (let ((?x2556 (* 36 ?x709)))
 (let ((?x2863 (* x00 y00)))
 (let ((?x2120 (* 216 ?x2863)))
 (let ((?x697 (+ ?x2120 (* 108 (* ?x223 ?x237)) ?x2556 (* (- 2) (* z00 z00 z00 ?x237)) (* 18 (* z00 z00 ?x237)) ?x2487 ?x615 (* 24 (* ?x223 ?x223)) (* 108 (* ?x237 ?x237)) (* (- 4) (* ?x223 ?x223 ?x223)) (* 18 (* y00 z00 ?x223)) ?x1099 (* (- 120) (* y00 ?x223)) (* (- 24) (* z00 ?x223)) ?x1101 (* (- 6) (* z00 ?x223 ?x223)) ?x1137 (* (- 12) (* y00 ?x223 ?x223)) ?x2663 (* (- 108) (* x00 ?x223)) ?x1138 (* (- 216) (* x00 ?x237)) ?x196 ?x1418 (* (- 216) (* y00 ?x237)) (* z00 z00 ?x223 ?x223) ?x925 (* (- 36) (* z00 ?x237)) (* 36 (* y00 z00 ?x237)) (* 10 (* z00 z00 ?x223)) ?x1384 (* (- 1) (* z00 z00 z00 ?x223)))))
 (let (($x2414 (not (= ?x697 0))))
 (let ((?x1943 (* (- 3) ?x99)))
 (let ((?x74 (* 108 x00)))
 (let ((?x610 (* (- 72) z)))
 (let ((?x67 (* 72 y00)))
 (let ((?x1510 (* (- 180) y)))
 (let ((?x2075 (* (- 108) x)))
 (let ((?x577 (* (- 3) ?x990)))
 (let ((?x1072 (+ 6 z)))
 (let ((?x1038 (* x00 ?x1072)))
 (let ((?x2074 (* (- 18) ?x1038)))
 (let ((?x1960 (* 36 ?x655)))
 (let ((?x2412 (* ?x1072 ?x223)))
 (let ((?x1945 (* 12 ?x2412)))
 (let ((?x1065 (* z00 ?x223)))
 (let ((?x1862 (* (- 6) ?x1065)))
 (let ((?x2328 (* 6 ?x861)))
 (let ((?x2056 (* y00 ?x1072)))
 (let ((?x2420 (* (- 12) ?x2056)))
 (let ((?x1142 (* y00 z00 ?x223)))
 (let ((?x1895 (* ?x1072 ?x237)))
 (let ((?x2515 (* 18 ?x1895)))
 (let ((?x1037 (* 18 ?x2863)))
 (let ((?x1188 (+ ?x1037 (* 18 (* ?x223 ?x237)) ?x2515 (* 3 (* z00 z00 ?x237)) ?x113 (* (- 3) (* x00 z00 ?x1072)) ?x1142 ?x2420 ?x2328 (* (- 36) (* y00 ?x223)) ?x1862 ?x1945 (* 3 (* z00 ?x1072 ?x237)) (* (- 2) (* z00 ?x223 ?x223)) ?x1960 ?x2074 (* (- 1) (* ?x1072 ?x223 ?x223)) (* (- 18) (* x00 ?x223)) ?x577 ?x2075 ?x1510 ?x67 (* (- 18) (* y00 ?x237)) ?x610 ?x74 (* (- 1) (* y00 ?x1072 ?x223)) ?x1943 (* 2 (* y00 y00 ?x1072)) (* 3 (* z00 z00 ?x223)))))
 (let ((?x570 (* z00 z00 ?x223)))
 (let ((?x1525 (* (- 1) ?x99)))
 (let ((?x1076 (* 6 ?x1065)))
 (let ((?x2511 (* (- 6) ?x861)))
 (let ((?x657 (* 24 ?x655)))
 (let ((?x2158 (* (- 18) ?x709)))
 (let ((?x1509 (* y00 z00 ?x1072)))
 (let ((?x1691 (+ ?x1509 ?x1945 ?x2515 ?x2158 (* (- 12) (* ?x223 ?x223)) ?x657 ?x2074 ?x2420 ?x2511 (* (- 12) (* y00 ?x223)) ?x2075 ?x1510 ?x67 ?x1076 ?x610 ?x74 ?x1525 (* 18 (* z00 ?x237)) (* (- 1) (* z00 ?x1072 ?x223)) ?x570)))
 (let ((?x1723 (* (- 18) ?x861)))
 (let ((?x588 (* 12 ?x2056)))
 (let ((?x420 (* z00 z00)))
 (let ((?x603 (* (- 6) ?x420)))
 (let ((?x55 (* z00 z00 z00)))
 (let ((?x2496 (+ (* 6 ?x2412) ?x55 ?x603 ?x588 ?x1723 ?x2075 ?x1510 ?x67 (* 6 (* z00 ?x1072)) ?x610 ?x74 (* (- 1) (* z00 z00 ?x1072)))))
 (let ((?x490 (* (- 6) z00)))
 (let ((?x45 (* 12 y)))
 (let ((?x491 (* (- 12) y00)))
 (let (($x2340 (= (+ ?x420 ?x491 ?x45 (* 18 z) ?x490 (* (- 1) (* ?x1072 ?x1072))) (- 36))))
 (let (($x2508 (= (+ z (* (- 1) z00) (* (- 6) n) (* 6 n00)) 0)))
 (let (($x638 (or (not $x2508) (not $x2340) (not (= ?x2496 0)) (not (= ?x1691 0)) (not (= ?x1188 0)) $x2414 $x2527)))
 (let ((?x944 (* (- 4) (* y y y))))
 (let ((?x896 (* 108 (* x x))))
 (let ((?x629 (* y y)))
 (let ((?x884 (* 24 ?x629)))
 (let ((?x1924 (* y x)))
 (let ((?x1925 (* 108 ?x1924)))
 (let ((?x2224 (+ ?x2120 ?x1925 ?x2556 (* (- 2) (* z00 z00 z00 x)) (* 18 (* z00 z00 x)) ?x2487 ?x615 ?x884 ?x896 ?x944 (* 18 (* y00 z00 y)) ?x1099 (* (- 120) (* y00 y)) (* (- 24) (* z00 y)) ?x1101 (* (- 6) (* z00 y y)) ?x1137 (* (- 12) (* y00 y y)) ?x2663 (* (- 108) (* x00 y)) ?x1138 (* (- 216) (* x00 x)) ?x196 ?x1418 (* (- 216) (* y00 x)) (* z00 z00 y y) ?x925 (* (- 36) (* z00 x)) (* 36 (* y00 z00 x)) (* 10 (* z00 z00 y)) ?x1384 (* (- 1) (* z00 z00 z00 y)))))
 (let (($x2227 (= ?x2224 0)))
 (let ((?x668 (* (- 72) y)))
 (let ((?x2051 (* x00 y)))
 (let ((?x2283 (* (- 18) ?x2051)))
 (let ((?x1588 (* x00 z)))
 (let ((?x1811 (* (- 18) ?x1588)))
 (let ((?x1547 (* z y)))
 (let ((?x2134 (* 12 ?x1547)))
 (let ((?x2787 (* z00 y)))
 (let ((?x585 (* (- 6) ?x2787)))
 (let ((?x1235 (* y00 z)))
 (let ((?x1297 (* (- 12) ?x1235)))
 (let ((?x2251 (* y00 z00 y)))
 (let ((?x1192 (* z x)))
 (let ((?x2133 (* 18 ?x1192)))
 (let ((?x1765 (+ ?x1037 (* 18 ?x1924) ?x2133 (* 3 (* z00 z00 x)) ?x113 (* (- 3) (* x00 z00 z)) ?x2251 ?x1297 ?x2328 (* (- 36) (* y00 y)) ?x585 ?x2134 (* 3 (* z00 z x)) (* (- 2) (* z00 y y)) ?x1960 ?x1811 (* (- 1) (* z y y)) ?x2283 ?x577 ?x2075 ?x67 (* (- 18) (* y00 x)) ?x668 ?x74 (* (- 1) (* y00 z y)) ?x1943 (* 2 (* y00 y00 z)) (* 3 (* z00 z00 y)))))
 (let ((?x2471 (* z00 z00 y)))
 (let ((?x2717 (* 6 ?x2787)))
 (let ((?x1805 (* (- 12) ?x629)))
 (let ((?x1261 (* y00 z00 z)))
 (let ((?x2096 (+ ?x1261 ?x2134 ?x2133 ?x2158 ?x1805 ?x657 ?x1811 ?x1297 ?x2511 (* (- 12) (* y00 y)) ?x2075 ?x67 ?x2717 ?x668 ?x74 ?x1525 (* 18 (* z00 x)) (* (- 1) (* z00 z y)) ?x2471)))
 (let ((?x2122 (* 12 ?x1235)))
 (let ((?x782 (+ (* 6 ?x1547) ?x55 ?x603 ?x2122 ?x1723 ?x2075 ?x67 (* 6 (* z00 z)) ?x668 ?x74 (* (- 1) (* z00 z00 z)))))
 (let (($x1599 (= (+ ?x420 ?x491 ?x45 (* 6 z) ?x490 (* (- 1) (* z z))) 0)))
 (let (($x679 (and $x2508 $x1599 (= ?x782 0) (= ?x2096 0) (= ?x1765 0) $x2227 $x638)))
 (let ((?x1933 (* 3 ?x99)))
 (let ((?x2050 (* y00 ?x1072 ?x223)))
 (let ((?x640 (* (- 108) x00)))
 (let ((?x1452 (* 72 z)))
 (let ((?x583 (* (- 72) y00)))
 (let ((?x1460 (* 180 y)))
 (let ((?x64 (* 108 x)))
 (let ((?x991 (* 3 ?x990)))
 (let ((?x1445 (* ?x1072 ?x223 ?x223)))
 (let ((?x1041 (* 18 ?x1038)))
 (let ((?x948 (* (- 36) ?x655)))
 (let ((?x2419 (* (- 12) ?x2412)))
 (let ((?x445 (* (- 1) ?x113)))
 (let ((?x2085 (* (- 18) ?x1895)))
 (let ((?x2865 (* (- 18) ?x2863)))
 (let ((?x418 (+ ?x2865 (* (- 18) (* ?x223 ?x237)) ?x2085 (* (- 3) (* z00 z00 ?x237)) ?x445 (* 3 (* x00 z00 ?x1072)) (* (- 1) ?x1142) ?x588 ?x2511 (* 36 (* y00 ?x223)) ?x1076 ?x2419 (* (- 3) (* z00 ?x1072 ?x237)) (* 2 (* z00 ?x223 ?x223)) ?x948 ?x1041 ?x1445 (* 18 (* x00 ?x223)) ?x991 ?x64 ?x1460 ?x583 (* 18 (* y00 ?x237)) ?x1452 ?x640 ?x2050 ?x1933 (* (- 2) (* y00 y00 ?x1072)) (* (- 3) ?x570))))
 (let ((?x1796 (* z00 ?x1072 ?x223)))
 (let ((?x673 (* (- 24) ?x655)))
 (let ((?x1668 (* 18 ?x709)))
 (let ((?x502 (+ (* (- 1) ?x1509) ?x2419 ?x2085 ?x1668 (* 12 (* ?x223 ?x223)) ?x673 ?x1041 ?x588 ?x2328 (* 12 (* y00 ?x223)) ?x64 ?x1460 ?x583 ?x1862 ?x1452 ?x640 ?x99 (* (- 18) (* z00 ?x237)) ?x1796 (* (- 1) ?x570))))
 (let ((?x563 (* z00 z00 ?x1072)))
 (let ((?x862 (* 18 ?x861)))
 (let ((?x524 (* 6 ?x420)))
 (let ((?x513 (* (- 1) ?x55)))
 (let ((?x2039 (+ (* (- 6) ?x2412) ?x513 ?x524 ?x2420 ?x862 ?x64 ?x1460 ?x583 (* (- 6) (* z00 ?x1072)) ?x1452 ?x640 ?x563)))
 (let ((?x587 (* ?x1072 ?x1072)))
 (let ((?x49 (* 6 z00)))
 (let ((?x2653 (* (- 12) y)))
 (let ((?x43 (* 12 y00)))
 (let ((?x2785 (* (- 1) ?x420)))
 (let (($x1565 (or (not (= ?x1769 0)) (not (= (+ ?x2785 ?x43 ?x2653 (* (- 18) z) ?x49 ?x587) 36)) (not (= ?x2039 0)) (not (= ?x502 0)) (not (= ?x418 0)) $x2414 $x2527)))
 (let ((?x1911 (* y00 z y)))
 (let ((?x71 (* 72 y)))
 (let ((?x980 (* z y y)))
 (let ((?x2320 (* 18 ?x1588)))
 (let ((?x1809 (* (- 12) ?x1547)))
 (let ((?x2580 (* (- 18) ?x1192)))
 (let ((?x1489 (+ ?x2865 (* (- 18) ?x1924) ?x2580 (* (- 3) (* z00 z00 x)) ?x445 (* 3 (* x00 z00 z)) (* (- 1) ?x2251) ?x2122 ?x2511 (* 36 (* y00 y)) ?x2717 ?x1809 (* (- 3) (* z00 z x)) (* 2 (* z00 y y)) ?x948 ?x2320 ?x980 (* 18 ?x2051) ?x991 ?x64 ?x583 (* 18 (* y00 x)) ?x71 ?x640 ?x1911 ?x1933 (* (- 2) (* y00 y00 z)) (* (- 3) ?x2471))))
 (let ((?x779 (* z00 z y)))
 (let ((?x630 (* 12 ?x629)))
 (let ((?x2489 (+ (* (- 1) ?x1261) ?x1809 ?x2580 ?x1668 ?x630 ?x673 ?x2320 ?x2122 ?x2328 (* 12 (* y00 y)) ?x64 ?x583 ?x585 ?x71 ?x640 ?x99 (* (- 18) (* z00 x)) ?x779 (* (- 1) ?x2471))))
 (let ((?x1461 (* z00 z00 z)))
 (let ((?x1478 (+ (* (- 6) ?x1547) ?x513 ?x524 ?x1297 ?x862 ?x64 ?x583 (* (- 6) (* z00 z)) ?x71 ?x640 ?x1461)))
 (let (($x1172 (= ?x1769 0)))
 (let (($x501 (and $x1172 (= (+ ?x2785 ?x43 ?x2653 (* (- 6) z) ?x49 (* z z)) 0) (= ?x1478 0) (= ?x2489 0) (= ?x1489 0) $x2227 $x1565)))
 (rewrite (= $x501 $x679))))))))))))))))))))))))))))))))))))))))))))))))))))))))))))))))))))))))))))))))))))))))))))))))))))))))))))))))))))))))))))))))))))))))))))))))))))))))))))
 ))
 (let (($x367 (exists ((x Int) (y Int) (z Int) (n Int) )(! (let ((?x36 (* 6 n00)))
 (let ((?x220 (- (+ (* (- 1) (+ z 6)) z00 (* 6 (+ n 1))) ?x36)))
 (let ((?x223 (+ y z)))
 (let ((?x237 (+ x y)))
 (let ((?x217 (+ n 1)))
 (let ((?x359 (+ (* (- 1) ?x237 ?x237 ?x223 ?x223 (+ z 6) (+ z 6)) (* 9 ?x217 ?x237 ?x237 ?x223 ?x223))))
 (let ((?x210 (* 108 x00 x00)))
 (let ((?x204 (* 10 y00 z00 z00)))
 (let ((?x197 (* 2 x00 z00 z00 z00)))
 (let ((?x196 (* y00 z00 z00 z00)))
 (let ((?x189 (* 18 x00 z00 z00)))
 (let ((?x187 (* 36 x00 y00 z00)))
 (let ((?x184 (* 96 y00 y00)))
 (let ((?x179 (* 16 y00 y00 y00)))
 (let ((?x171 (* 24 y00 z00)))
 (let ((?x161 (* y00 y00 z00 z00)))
 (let ((?x160 (* 12 y00 y00 z00)))
 (let ((?x313 (- (+ (* 216 x00 y00) (* 108 ?x237 ?x223) (* 36 x00 z00)) (* 2 ?x237 z00 z00 z00))))
 (let ((?x320 (+ (- (- (+ ?x313 (* 18 ?x237 z00 z00)) ?x160) ?x161) (* 24 ?x223 ?x223) (* 108 ?x237 ?x237))))
 (let ((?x324 (+ (- ?x320 (* 4 ?x223 ?x223 ?x223)) (* 18 ?x223 y00 z00) ?x171)))
 (let ((?x331 (- (+ (- (- ?x324 (* 120 ?x223 y00)) (* 24 ?x223 z00)) ?x179) (* 6 ?x223 ?x223 z00))))
 (let ((?x338 (- (- (- (+ ?x331 ?x184) (* 12 ?x223 ?x223 y00)) ?x187) (* 108 x00 ?x223))))
 (let ((?x343 (- (+ (- (- ?x338 ?x189) (* 216 ?x237 x00)) ?x196 ?x197) (* 216 ?x237 y00))))
 (let ((?x348 (- (- (+ ?x343 (* ?x223 ?x223 z00 z00)) ?x204) (* 36 ?x237 z00))))
 (let ((?x353 (- (+ ?x348 (* 36 ?x237 y00 z00) (* 10 ?x223 z00 z00) ?x210) (* ?x223 z00 z00 z00))))
 (let ((?x144 (* 3 y00 z00 z00)))
 (let ((?x74 (* 108 x00)))
 (let ((?x243 (* 72 ?x223)))
 (let ((?x67 (* 72 y00)))
 (let ((?x238 (* 108 ?x237)))
 (let ((?x137 (* 3 x00 z00 z00)))
 (let ((?x215 (+ z 6)))
 (let ((?x258 (* 18 x00 ?x215)))
 (let ((?x133 (* 36 y00 y00)))
 (let ((?x251 (* 12 ?x223 ?x215)))
 (let ((?x261 (* 6 ?x223 z00)))
 (let ((?x91 (* 6 y00 z00)))
 (let ((?x235 (* 12 y00 ?x215)))
 (let ((?x113 (* y00 y00 z00)))
 (let ((?x252 (* 18 ?x237 ?x215)))
 (let ((?x279 (- (- (- (* (- 18) x00 y00) (* 18 ?x237 ?x223)) ?x252) (* 3 ?x237 z00 z00))))
 (let ((?x284 (- (+ (- ?x279 ?x113) (* 3 x00 ?x215 z00)) (* ?x223 y00 z00))))
 (let ((?x291 (- (- (+ (- (+ ?x284 ?x235) ?x91) (* 36 ?x223 y00) ?x261) ?x251) (* 3 ?x237 ?x215 z00))))
 (let ((?x297 (+ (- (+ ?x291 (* 2 ?x223 ?x223 z00)) ?x133) ?x258 (* ?x223 ?x223 ?x215) (* 18 x00 ?x223) ?x137 ?x238)))
 (let ((?x303 (+ (- (+ (- ?x297 ?x67) (* 18 ?x237 y00) ?x243) ?x74) (* ?x223 y00 ?x215) ?x144)))
 (let (($x308 (= (- (- ?x303 (* 2 y00 y00 ?x215)) (* 3 ?x223 z00 z00)) 0)))
 (let ((?x99 (* y00 z00 z00)))
 (let ((?x88 (* 24 y00 y00)))
 (let ((?x84 (* 18 x00 z00)))
 (let ((?x256 (+ (- (- (* (- 1) y00 ?x215 z00) ?x251) ?x252) ?x84 (* 12 ?x223 ?x223))))
 (let ((?x262 (- (+ (- ?x256 ?x88) ?x258 ?x235 ?x91 (* 12 ?x223 y00) ?x238) ?x67)))
 (let ((?x270 (+ (- (+ (- (+ (- ?x262 ?x261) ?x243) ?x74) ?x99) (* 18 ?x237 z00)) (* ?x223 ?x215 z00))))
 (let ((?x62 (* 18 y00 z00)))
 (let ((?x57 (* 6 z00 z00)))
 (let ((?x236 (- (+ (- (* (- 6) ?x223 ?x215) (* z00 z00 z00)) ?x57) ?x235)))
 (let ((?x245 (- (+ (- (- (+ ?x236 ?x62 ?x238) ?x67) (* 6 ?x215 z00)) ?x243) ?x74)))
 (let ((?x49 (* 6 z00)))
 (let ((?x227 (- (- (+ (* (- 1) z00 z00) (* 12 y00)) (* 12 ?x223)) (* 6 ?x215))))
 (let (($x365 (or (not (= ?x220 0)) (not (= (+ ?x227 ?x49 (* ?x215 ?x215)) 0)) (not (= (+ ?x245 (* ?x215 z00 z00)) 0)) (not (= (- ?x270 (* ?x223 z00 z00)) 0)) (not $x308) (not (= ?x353 0)) (not (= (* (- ?x359 (* 3 ?x217 ?x237 ?x223)) ?x220) 0)))))
 (let ((?x212 (* y z00 z00 z00)))
 (let ((?x201 (* y y z00 z00)))
 (let ((?x157 (- (+ (* 216 x00 y00) (* 108 x y) (* 36 x00 z00)) (* 2 x z00 z00 z00))))
 (let ((?x166 (+ (- (- (+ ?x157 (* 18 x z00 z00)) ?x160) ?x161) (* 24 y y) (* 108 x x))))
 (let ((?x172 (+ (- ?x166 (* 4 y y y)) (* 18 y y00 z00) ?x171)))
 (let ((?x182 (- (+ (- (- ?x172 (* 120 y y00)) (* 24 y z00)) ?x179) (* 6 y y z00))))
 (let ((?x193 (- (- (- (+ ?x182 ?x184) (* 12 y y y00)) ?x187) (* 108 x00 y))))
 (let ((?x200 (- (+ (- (- ?x193 ?x189) (* 216 x x00)) ?x196 ?x197) (* 216 x y00))))
 (let ((?x211 (+ (- (- (+ ?x200 ?x201) ?x204) (* 36 x z00)) (* 36 x y00 z00) (* 10 y z00 z00) ?x210)))
 (let ((?x71 (* 72 y)))
 (let ((?x64 (* 108 x)))
 (let ((?x135 (* y y z)))
 (let ((?x90 (* 18 x00 z)))
 (let ((?x80 (* 12 y z)))
 (let ((?x94 (* 6 y z00)))
 (let ((?x59 (* 12 y00 z)))
 (let ((?x120 (* y y00 z00)))
 (let ((?x81 (* 18 x z)))
 (let ((?x116 (- (- (- (* (- 18) x00 y00) (* 18 x y)) ?x81) (* 3 x z00 z00))))
 (let ((?x123 (- (+ (- (+ (- ?x116 ?x113) (* 3 x00 z z00)) ?x120) ?x59) ?x91)))
 (let ((?x129 (- (- (+ ?x123 (* 36 y y00) ?x94) ?x80) (* 3 x z z00))))
 (let ((?x138 (+ (- (+ ?x129 (* 2 y y z00)) ?x133) ?x90 ?x135 (* 18 x00 y) ?x137 ?x64)))
 (let ((?x145 (+ (- (+ (- ?x138 ?x67) (* 18 x y00) ?x71) ?x74) (* y y00 z) ?x144)))
 (let (($x150 (= (- (- ?x145 (* 2 y00 y00 z)) (* 3 y z00 z00)) 0)))
 (let ((?x105 (* y z00 z00)))
 (let ((?x103 (* y z z00)))
 (let ((?x86 (+ (- (- (* (- 1) y00 z z00) ?x80) ?x81) ?x84 (* 12 y y))))
 (let ((?x95 (- (+ (- ?x86 ?x88) ?x90 ?x59 ?x91 (* 12 y y00) ?x64) ?x67)))
 (let ((?x104 (+ (- (+ (- (+ (- ?x95 ?x94) ?x71) ?x74) ?x99) (* 18 x z00)) ?x103)))
 (let ((?x76 (* z z00 z00)))
 (let ((?x60 (- (+ (- (* (- 6) y z) (* z00 z00 z00)) ?x57) ?x59)))
 (let ((?x75 (- (+ (- (- (+ ?x60 ?x62 ?x64) ?x67) (* 6 z z00)) ?x71) ?x74)))
 (let ((?x50 (* z z)))
 (let ((?x46 (* 6 z)))
 (let ((?x48 (- (- (+ (* (- 1) z00 z00) (* 12 y00)) (* 12 y)) ?x46)))
 (and (= (- (+ (* (- 1) z) z00 (* 6 n)) ?x36) 0) (= (+ ?x48 ?x49 ?x50) 0) (= (+ ?x75 ?x76) 0) (= (- ?x104 ?x105) 0) $x150 (= (- ?x211 ?x212) 0) $x365))))))))))))))))))))))))))))))))))))))))))))))))))))))))))))))))))))))))))))))))))))))))))))))) :qid k!44))
 ))
 (let ((?x1558 (lambda ((x Int) (y Int) (z Int) (n Int) )(let ((?x393 (* (- 6) n00)))
 (let ((?x33 (* 6 n)))
 (let ((?x372 (* (- 1) z)))
 (let ((?x1769 (+ ?x372 z00 ?x33 ?x393)))
 (let ((?x237 (+ x y)))
 (let ((?x223 (+ y z)))
 (let ((?x2229 (+ 1 n)))
 (let ((?x2657 (* (- 1) (* (+ 6 z) (+ 6 z) ?x223 ?x223 ?x237 ?x237))))
 (let ((?x1793 (+ ?x2657 (* 9 (* ?x2229 ?x223 ?x223 ?x237 ?x237)) (* (- 3) (* ?x2229 ?x223 ?x237)))))
 (let (($x2527 (not (= (* ?x1793 ?x1769) 0))))
 (let ((?x1384 (* 108 (* x00 x00))))
 (let ((?x99 (* y00 z00 z00)))
 (let ((?x925 (* (- 10) ?x99)))
 (let ((?x1418 (* 2 (* x00 z00 z00 z00))))
 (let ((?x196 (* y00 z00 z00 z00)))
 (let ((?x990 (* x00 z00 z00)))
 (let ((?x1138 (* (- 18) ?x990)))
 (let ((?x2663 (* (- 36) (* x00 y00 z00))))
 (let ((?x655 (* y00 y00)))
 (let ((?x1137 (* 96 ?x655)))
 (let ((?x1101 (* 16 (* y00 y00 y00))))
 (let ((?x861 (* y00 z00)))
 (let ((?x1099 (* 24 ?x861)))
 (let ((?x161 (* y00 y00 z00 z00)))
 (let ((?x615 (* (- 1) ?x161)))
 (let ((?x113 (* y00 y00 z00)))
 (let ((?x2487 (* (- 12) ?x113)))
 (let ((?x709 (* x00 z00)))
 (let ((?x2556 (* 36 ?x709)))
 (let ((?x2863 (* x00 y00)))
 (let ((?x2120 (* 216 ?x2863)))
 (let ((?x697 (+ ?x2120 (* 108 (* ?x223 ?x237)) ?x2556 (* (- 2) (* z00 z00 z00 ?x237)) (* 18 (* z00 z00 ?x237)) ?x2487 ?x615 (* 24 (* ?x223 ?x223)) (* 108 (* ?x237 ?x237)) (* (- 4) (* ?x223 ?x223 ?x223)) (* 18 (* y00 z00 ?x223)) ?x1099 (* (- 120) (* y00 ?x223)) (* (- 24) (* z00 ?x223)) ?x1101 (* (- 6) (* z00 ?x223 ?x223)) ?x1137 (* (- 12) (* y00 ?x223 ?x223)) ?x2663 (* (- 108) (* x00 ?x223)) ?x1138 (* (- 216) (* x00 ?x237)) ?x196 ?x1418 (* (- 216) (* y00 ?x237)) (* z00 z00 ?x223 ?x223) ?x925 (* (- 36) (* z00 ?x237)) (* 36 (* y00 z00 ?x237)) (* 10 (* z00 z00 ?x223)) ?x1384 (* (- 1) (* z00 z00 z00 ?x223)))))
 (let (($x2414 (not (= ?x697 0))))
 (let ((?x1933 (* 3 ?x99)))
 (let ((?x1072 (+ 6 z)))
 (let ((?x2050 (* y00 ?x1072 ?x223)))
 (let ((?x640 (* (- 108) x00)))
 (let ((?x1452 (* 72 z)))
 (let ((?x583 (* (- 72) y00)))
 (let ((?x1460 (* 180 y)))
 (let ((?x64 (* 108 x)))
 (let ((?x991 (* 3 ?x990)))
 (let ((?x1445 (* ?x1072 ?x223 ?x223)))
 (let ((?x1038 (* x00 ?x1072)))
 (let ((?x1041 (* 18 ?x1038)))
 (let ((?x948 (* (- 36) ?x655)))
 (let ((?x2412 (* ?x1072 ?x223)))
 (let ((?x2419 (* (- 12) ?x2412)))
 (let ((?x1065 (* z00 ?x223)))
 (let ((?x1076 (* 6 ?x1065)))
 (let ((?x2511 (* (- 6) ?x861)))
 (let ((?x2056 (* y00 ?x1072)))
 (let ((?x588 (* 12 ?x2056)))
 (let ((?x445 (* (- 1) ?x113)))
 (let ((?x1895 (* ?x1072 ?x237)))
 (let ((?x2085 (* (- 18) ?x1895)))
 (let ((?x2865 (* (- 18) ?x2863)))
 (let ((?x418 (+ ?x2865 (* (- 18) (* ?x223 ?x237)) ?x2085 (* (- 3) (* z00 z00 ?x237)) ?x445 (* 3 (* x00 z00 ?x1072)) (* (- 1) (* y00 z00 ?x223)) ?x588 ?x2511 (* 36 (* y00 ?x223)) ?x1076 ?x2419 (* (- 3) (* z00 ?x1072 ?x237)) (* 2 (* z00 ?x223 ?x223)) ?x948 ?x1041 ?x1445 (* 18 (* x00 ?x223)) ?x991 ?x64 ?x1460 ?x583 (* 18 (* y00 ?x237)) ?x1452 ?x640 ?x2050 ?x1933 (* (- 2) (* y00 y00 ?x1072)) (* (- 3) (* z00 z00 ?x223)))))
 (let ((?x1796 (* z00 ?x1072 ?x223)))
 (let ((?x1862 (* (- 6) ?x1065)))
 (let ((?x2328 (* 6 ?x861)))
 (let ((?x673 (* (- 24) ?x655)))
 (let ((?x1668 (* 18 ?x709)))
 (let ((?x502 (+ (* (- 1) (* y00 z00 ?x1072)) ?x2419 ?x2085 ?x1668 (* 12 (* ?x223 ?x223)) ?x673 ?x1041 ?x588 ?x2328 (* 12 (* y00 ?x223)) ?x64 ?x1460 ?x583 ?x1862 ?x1452 ?x640 ?x99 (* (- 18) (* z00 ?x237)) ?x1796 (* (- 1) (* z00 z00 ?x223)))))
 (let ((?x563 (* z00 z00 ?x1072)))
 (let ((?x862 (* 18 ?x861)))
 (let ((?x2420 (* (- 12) ?x2056)))
 (let ((?x420 (* z00 z00)))
 (let ((?x524 (* 6 ?x420)))
 (let ((?x55 (* z00 z00 z00)))
 (let ((?x513 (* (- 1) ?x55)))
 (let ((?x2039 (+ (* (- 6) ?x2412) ?x513 ?x524 ?x2420 ?x862 ?x64 ?x1460 ?x583 (* (- 6) (* z00 ?x1072)) ?x1452 ?x640 ?x563)))
 (let ((?x587 (* ?x1072 ?x1072)))
 (let ((?x49 (* 6 z00)))
 (let ((?x2653 (* (- 12) y)))
 (let ((?x43 (* 12 y00)))
 (let ((?x2785 (* (- 1) ?x420)))
 (let (($x1565 (or (not (= ?x1769 0)) (not (= (+ ?x2785 ?x43 ?x2653 (* (- 18) z) ?x49 ?x587) 36)) (not (= ?x2039 0)) (not (= ?x502 0)) (not (= ?x418 0)) $x2414 $x2527)))
 (let ((?x944 (* (- 4) (* y y y))))
 (let ((?x896 (* 108 (* x x))))
 (let ((?x629 (* y y)))
 (let ((?x884 (* 24 ?x629)))
 (let ((?x1924 (* y x)))
 (let ((?x1925 (* 108 ?x1924)))
 (let ((?x2224 (+ ?x2120 ?x1925 ?x2556 (* (- 2) (* z00 z00 z00 x)) (* 18 (* z00 z00 x)) ?x2487 ?x615 ?x884 ?x896 ?x944 (* 18 (* y00 z00 y)) ?x1099 (* (- 120) (* y00 y)) (* (- 24) (* z00 y)) ?x1101 (* (- 6) (* z00 y y)) ?x1137 (* (- 12) (* y00 y y)) ?x2663 (* (- 108) (* x00 y)) ?x1138 (* (- 216) (* x00 x)) ?x196 ?x1418 (* (- 216) (* y00 x)) (* z00 z00 y y) ?x925 (* (- 36) (* z00 x)) (* 36 (* y00 z00 x)) (* 10 (* z00 z00 y)) ?x1384 (* (- 1) (* z00 z00 z00 y)))))
 (let (($x2227 (= ?x2224 0)))
 (let ((?x1911 (* y00 z y)))
 (let ((?x71 (* 72 y)))
 (let ((?x980 (* z y y)))
 (let ((?x1588 (* x00 z)))
 (let ((?x2320 (* 18 ?x1588)))
 (let ((?x1547 (* z y)))
 (let ((?x1809 (* (- 12) ?x1547)))
 (let ((?x2787 (* z00 y)))
 (let ((?x2717 (* 6 ?x2787)))
 (let ((?x1235 (* y00 z)))
 (let ((?x2122 (* 12 ?x1235)))
 (let ((?x1192 (* z x)))
 (let ((?x2580 (* (- 18) ?x1192)))
 (let ((?x1489 (+ ?x2865 (* (- 18) ?x1924) ?x2580 (* (- 3) (* z00 z00 x)) ?x445 (* 3 (* x00 z00 z)) (* (- 1) (* y00 z00 y)) ?x2122 ?x2511 (* 36 (* y00 y)) ?x2717 ?x1809 (* (- 3) (* z00 z x)) (* 2 (* z00 y y)) ?x948 ?x2320 ?x980 (* 18 (* x00 y)) ?x991 ?x64 ?x583 (* 18 (* y00 x)) ?x71 ?x640 ?x1911 ?x1933 (* (- 2) (* y00 y00 z)) (* (- 3) (* z00 z00 y)))))
 (let ((?x779 (* z00 z y)))
 (let ((?x585 (* (- 6) ?x2787)))
 (let ((?x630 (* 12 ?x629)))
 (let ((?x2489 (+ (* (- 1) (* y00 z00 z)) ?x1809 ?x2580 ?x1668 ?x630 ?x673 ?x2320 ?x2122 ?x2328 (* 12 (* y00 y)) ?x64 ?x583 ?x585 ?x71 ?x640 ?x99 (* (- 18) (* z00 x)) ?x779 (* (- 1) (* z00 z00 y)))))
 (let ((?x1461 (* z00 z00 z)))
 (let ((?x1297 (* (- 12) ?x1235)))
 (let ((?x1478 (+ (* (- 6) ?x1547) ?x513 ?x524 ?x1297 ?x862 ?x64 ?x583 (* (- 6) (* z00 z)) ?x71 ?x640 ?x1461)))
 (let (($x1172 (= ?x1769 0)))
 (let (($x501 (and $x1172 (= (+ ?x2785 ?x43 ?x2653 (* (- 6) z) ?x49 (* z z)) 0) (= ?x1478 0) (= ?x2489 0) (= ?x1489 0) $x2227 $x1565)))
 (let ((?x36 (* 6 n00)))
 (let ((?x220 (- (+ (* (- 1) (+ z 6)) z00 (* 6 (+ n 1))) ?x36)))
 (let ((?x359 (+ (* (- 1) ?x237 ?x237 ?x223 ?x223 (+ z 6) (+ z 6)) (* 9 (+ n 1) ?x237 ?x237 ?x223 ?x223))))
 (let (($x364 (not (= (* (- ?x359 (* 3 (+ n 1) ?x237 ?x223)) ?x220) 0))))
 (let ((?x210 (* 108 x00 x00)))
 (let ((?x204 (* 10 y00 z00 z00)))
 (let ((?x197 (* 2 x00 z00 z00 z00)))
 (let ((?x189 (* 18 x00 z00 z00)))
 (let ((?x187 (* 36 x00 y00 z00)))
 (let ((?x184 (* 96 y00 y00)))
 (let ((?x179 (* 16 y00 y00 y00)))
 (let ((?x171 (* 24 y00 z00)))
 (let ((?x160 (* 12 y00 y00 z00)))
 (let ((?x313 (- (+ (* 216 x00 y00) (* 108 ?x237 ?x223) (* 36 x00 z00)) (* 2 ?x237 z00 z00 z00))))
 (let ((?x320 (+ (- (- (+ ?x313 (* 18 ?x237 z00 z00)) ?x160) ?x161) (* 24 ?x223 ?x223) (* 108 ?x237 ?x237))))
 (let ((?x324 (+ (- ?x320 (* 4 ?x223 ?x223 ?x223)) (* 18 ?x223 y00 z00) ?x171)))
 (let ((?x331 (- (+ (- (- ?x324 (* 120 ?x223 y00)) (* 24 ?x223 z00)) ?x179) (* 6 ?x223 ?x223 z00))))
 (let ((?x338 (- (- (- (+ ?x331 ?x184) (* 12 ?x223 ?x223 y00)) ?x187) (* 108 x00 ?x223))))
 (let ((?x343 (- (+ (- (- ?x338 ?x189) (* 216 ?x237 x00)) ?x196 ?x197) (* 216 ?x237 y00))))
 (let ((?x348 (- (- (+ ?x343 (* ?x223 ?x223 z00 z00)) ?x204) (* 36 ?x237 z00))))
 (let ((?x353 (- (+ ?x348 (* 36 ?x237 y00 z00) (* 10 ?x223 z00 z00) ?x210) (* ?x223 z00 z00 z00))))
 (let ((?x144 (* 3 y00 z00 z00)))
 (let ((?x74 (* 108 x00)))
 (let ((?x243 (* 72 ?x223)))
 (let ((?x67 (* 72 y00)))
 (let ((?x238 (* 108 ?x237)))
 (let ((?x137 (* 3 x00 z00 z00)))
 (let ((?x215 (+ z 6)))
 (let ((?x258 (* 18 x00 ?x215)))
 (let ((?x133 (* 36 y00 y00)))
 (let ((?x251 (* 12 ?x223 ?x215)))
 (let ((?x261 (* 6 ?x223 z00)))
 (let ((?x91 (* 6 y00 z00)))
 (let ((?x235 (* 12 y00 ?x215)))
 (let ((?x252 (* 18 ?x237 ?x215)))
 (let ((?x279 (- (- (- (* (- 18) x00 y00) (* 18 ?x237 ?x223)) ?x252) (* 3 ?x237 z00 z00))))
 (let ((?x284 (- (+ (- ?x279 ?x113) (* 3 x00 ?x215 z00)) (* ?x223 y00 z00))))
 (let ((?x291 (- (- (+ (- (+ ?x284 ?x235) ?x91) (* 36 ?x223 y00) ?x261) ?x251) (* 3 ?x237 ?x215 z00))))
 (let ((?x297 (+ (- (+ ?x291 (* 2 ?x223 ?x223 z00)) ?x133) ?x258 (* ?x223 ?x223 ?x215) (* 18 x00 ?x223) ?x137 ?x238)))
 (let ((?x303 (+ (- (+ (- ?x297 ?x67) (* 18 ?x237 y00) ?x243) ?x74) (* ?x223 y00 ?x215) ?x144)))
 (let (($x308 (= (- (- ?x303 (* 2 y00 y00 ?x215)) (* 3 ?x223 z00 z00)) 0)))
 (let ((?x88 (* 24 y00 y00)))
 (let ((?x84 (* 18 x00 z00)))
 (let ((?x256 (+ (- (- (* (- 1) y00 ?x215 z00) ?x251) ?x252) ?x84 (* 12 ?x223 ?x223))))
 (let ((?x262 (- (+ (- ?x256 ?x88) ?x258 ?x235 ?x91 (* 12 ?x223 y00) ?x238) ?x67)))
 (let ((?x270 (+ (- (+ (- (+ (- ?x262 ?x261) ?x243) ?x74) ?x99) (* 18 ?x237 z00)) (* ?x223 ?x215 z00))))
 (let ((?x62 (* 18 y00 z00)))
 (let ((?x236 (- (+ (- (* (- 6) ?x223 ?x215) ?x55) (* 6 z00 z00)) ?x235)))
 (let ((?x245 (- (+ (- (- (+ ?x236 ?x62 ?x238) ?x67) (* 6 ?x215 z00)) ?x243) ?x74)))
 (let ((?x227 (- (- (+ (* (- 1) z00 z00) ?x43) (* 12 ?x223)) (* 6 ?x215))))
 (let (($x365 (or (not (= ?x220 0)) (not (= (+ ?x227 ?x49 (* ?x215 ?x215)) 0)) (not (= (+ ?x245 (* ?x215 z00 z00)) 0)) (not (= (- ?x270 (* ?x223 z00 z00)) 0)) (not $x308) (not (= ?x353 0)) $x364)))
 (let ((?x212 (* y z00 z00 z00)))
 (let ((?x201 (* y y z00 z00)))
 (let ((?x157 (- (+ (* 216 x00 y00) (* 108 x y) (* 36 x00 z00)) (* 2 x z00 z00 z00))))
 (let ((?x166 (+ (- (- (+ ?x157 (* 18 x z00 z00)) ?x160) ?x161) (* 24 y y) (* 108 x x))))
 (let ((?x172 (+ (- ?x166 (* 4 y y y)) (* 18 y y00 z00) ?x171)))
 (let ((?x182 (- (+ (- (- ?x172 (* 120 y y00)) (* 24 y z00)) ?x179) (* 6 y y z00))))
 (let ((?x193 (- (- (- (+ ?x182 ?x184) (* 12 y y y00)) ?x187) (* 108 x00 y))))
 (let ((?x200 (- (+ (- (- ?x193 ?x189) (* 216 x x00)) ?x196 ?x197) (* 216 x y00))))
 (let ((?x211 (+ (- (- (+ ?x200 ?x201) ?x204) (* 36 x z00)) (* 36 x y00 z00) (* 10 y z00 z00) ?x210)))
 (let ((?x135 (* y y z)))
 (let ((?x90 (* 18 x00 z)))
 (let ((?x80 (* 12 y z)))
 (let ((?x94 (* 6 y z00)))
 (let ((?x59 (* 12 y00 z)))
 (let ((?x120 (* y y00 z00)))
 (let ((?x81 (* 18 x z)))
 (let ((?x116 (- (- (- (* (- 18) x00 y00) (* 18 x y)) ?x81) (* 3 x z00 z00))))
 (let ((?x123 (- (+ (- (+ (- ?x116 ?x113) (* 3 x00 z z00)) ?x120) ?x59) ?x91)))
 (let ((?x129 (- (- (+ ?x123 (* 36 y y00) ?x94) ?x80) (* 3 x z z00))))
 (let ((?x138 (+ (- (+ ?x129 (* 2 y y z00)) ?x133) ?x90 ?x135 (* 18 x00 y) ?x137 ?x64)))
 (let ((?x145 (+ (- (+ (- ?x138 ?x67) (* 18 x y00) ?x71) ?x74) (* y y00 z) ?x144)))
 (let (($x150 (= (- (- ?x145 (* 2 y00 y00 z)) (* 3 y z00 z00)) 0)))
 (let ((?x105 (* y z00 z00)))
 (let ((?x103 (* y z z00)))
 (let ((?x86 (+ (- (- (* (- 1) y00 z z00) ?x80) ?x81) ?x84 (* 12 y y))))
 (let ((?x95 (- (+ (- ?x86 ?x88) ?x90 ?x59 ?x91 (* 12 y y00) ?x64) ?x67)))
 (let ((?x104 (+ (- (+ (- (+ (- ?x95 ?x94) ?x71) ?x74) ?x99) (* 18 x z00)) ?x103)))
 (let ((?x76 (* z z00 z00)))
 (let ((?x60 (- (+ (- (* (- 6) y z) ?x55) (* 6 z00 z00)) ?x59)))
 (let ((?x75 (- (+ (- (- (+ ?x60 ?x62 ?x64) ?x67) (* 6 z z00)) ?x71) ?x74)))
 (let ((?x50 (* z z)))
 (let ((?x46 (* 6 z)))
 (let ((?x51 (+ (- (- (+ (* (- 1) z00 z00) ?x43) (* 12 y)) ?x46) ?x49 ?x50)))
 (let (($x366 (and (= (- (+ (* (- 1) z) z00 ?x33) ?x36) 0) (= ?x51 0) (= (+ ?x75 ?x76) 0) (= (- ?x104 ?x105) 0) $x150 (= (- ?x211 ?x212) 0) $x365)))
 (rewrite (= $x366 $x501)))))))))))))))))))))))))))))))))))))))))))))))))))))))))))))))))))))))))))))))))))))))))))))))))))))))))))))))))))))))))))))))))))))))))))))))))))))))))))))))))))))))))))))))))))))))))))))))))))))
 ))
 (let ((@x368 (asserted $x367)))
 (let ((@x1108 (mp (mp @x368 (quant-intro (proof-bind ?x1558) (= $x367 $x1093)) $x1093) (rewrite (= $x1093 $x1093)) $x1093)))
 (let ((@x1673 (mp (mp @x1108 (quant-intro (proof-bind ?x1734) (= $x1093 $x676)) $x676) (quant-intro (proof-bind ?x1401) (= $x676 $x1382)) $x1382)))
 (let ((@x1611 (mp (mp~ @x1673 (sk (~ $x1382 $x2488)) $x2488) (rewrite (= $x2488 $x2426)) $x2426)))
 (let ((@x1360 (and-elim @x1611 $x1272)))
 (let ((@x2716 (unit-resolution ((_ th-lemma arith triangle-eq) (or (not $x1272) $x1890)) @x1360 $x1890)))
 (let (($x2427 (>= ?x1049 0)))
 (let ((@x1251 (unit-resolution ((_ th-lemma arith triangle-eq) (or (not $x1272) $x2427)) @x1360 $x2427)))
 (let (($x2846 (<= ?x945 0)))
 (let ((@x2485 (and-elim @x1611 $x2103)))
 (let ((@x1538 (unit-resolution ((_ th-lemma arith triangle-eq) (or (not $x2103) $x2846)) @x2485 $x2846)))
 (let (($x1757 (>= ?x945 0)))
 (let ((@x1125 (unit-resolution ((_ th-lemma arith triangle-eq) (or (not $x2103) $x1757)) @x2485 $x1757)))
 (let (($x2510 (<= ?x1797 0)))
 (let ((@x761 (and-elim @x1611 $x2484)))
 (let ((@x1709 (unit-resolution ((_ th-lemma arith triangle-eq) (or (not $x2484) $x2510)) @x761 $x2510)))
 (let (($x698 (>= ?x1797 0)))
 (let ((@x1792 (unit-resolution ((_ th-lemma arith triangle-eq) (or (not $x2484) $x698)) @x761 $x698)))
 (let (($x571 (<= ?x2483 0)))
 (let ((@x2008 (and-elim @x1611 $x2490)))
 (let ((@x1198 (unit-resolution ((_ th-lemma arith triangle-eq) (or (not $x2490) $x571)) @x2008 $x571)))
 (let (($x2456 (>= ?x2483 0)))
 (let ((@x2665 (unit-resolution ((_ th-lemma arith triangle-eq) (or (not $x2490) $x2456)) @x2008 $x2456)))
 (let (($x1457 (<= ?x1514 0)))
 (let ((@x2088 (and-elim @x1611 $x667)))
 (let ((@x2431 (unit-resolution ((_ th-lemma arith triangle-eq) (or $x508 $x1457)) @x2088 $x1457)))
 (let (($x2735 (>= ?x1514 0)))
 (let ((@x1399 (unit-resolution ((_ th-lemma arith triangle-eq) (or $x508 $x2735)) @x2088 $x2735)))
 (let (($x2417 (<= ?x2445 0)))
 (let ((@x1721 (and-elim @x1611 $x1449)))
 (let ((@x941 (unit-resolution ((_ th-lemma arith triangle-eq) (or $x1719 $x2417)) @x1721 $x2417)))
 (let (($x2230 (>= ?x2445 0)))
 (let ((@x2734 (unit-resolution ((_ th-lemma arith triangle-eq) (or $x1719 $x2230)) @x1721 $x2230)))
 (let (($x1129 (not (<= ?x2218 0))))
 (let (($x1273 (>= ?x2218 0)))
 (let ((@x2766 ((_ th-lemma arith) (hypothesis (not $x1273)) @x1399 @x2431 @x1251 @x2716 @x2734 @x941 @x1399 @x2431 @x2665 @x1198 @x1792 @x1709 @x2665 @x1198 @x1792 @x1709 @x1125 @x1538 @x1251 @x2716 false)))
 (let (($x911 (>= ?x1536 0)))
 (let ((@x1406 ((_ th-lemma arith eq-propagate 0 0 0) (lemma ((_ th-lemma arith farkas 1 1 1) (hypothesis (not $x911)) @x1399 @x2431 false) $x911) @x1399 @x2431 $x1948)))
 (let (($x526 (<= ?x1381 0)))
 (let ((@x2392 ((_ th-lemma arith) (hypothesis (not $x526)) @x1399 @x2431 @x1792 @x1709 @x2734 @x941 @x1399 @x2431 @x1792 @x1709 @x1251 @x2716 @x2665 @x1198 @x2665 @x1198 @x1251 @x2716 @x2665 @x1198 @x1251 @x2716 @x1792 @x1709 @x2665 @x1198 @x1792 @x1709 @x1125 @x1538 @x1251 @x2716 false)))
 (let ((@x612 (lemma @x2392 $x526)))
 (let (($x539 (>= ?x1381 0)))
 (let ((@x2042 ((_ th-lemma arith) (hypothesis (not $x539)) @x1399 @x2431 @x1792 @x1709 @x2734 @x941 @x1399 @x2431 @x1792 @x1709 @x1251 @x2716 @x2665 @x1198 @x2665 @x1198 @x1251 @x2716 @x2665 @x1198 @x1251 @x2716 @x1792 @x1709 @x2665 @x1198 @x1792 @x1709 @x1125 @x1538 @x1251 @x2716 false)))
 (let ((@x2481 (lemma @x2042 $x539)))
 (let ((@x2500 (unit-resolution ((_ th-lemma arith triangle-eq) (or $x617 (not $x526) (not $x539))) @x2481 @x612 $x617)))
 (let ((@x1224 (unit-resolution (hypothesis $x650) ((_ th-lemma arith eq-propagate -6 -6 -1 -1) @x2734 @x941 @x1125 @x1538 $x1652) false)))
 (let (($x1755 (>= ?x1516 0)))
 (let ((@x525 ((_ th-lemma arith) (hypothesis (not $x1755)) @x1792 @x1709 @x1399 @x2431 @x2734 @x941 @x1399 @x2431 @x2665 @x1198 @x1251 @x2716 @x1792 @x1709 @x1792 @x1709 @x2665 @x1198 @x2665 @x1198 @x1125 @x1538 @x1251 @x2716 @x1792 @x1709 @x1399 @x2431 @x1251 @x2716 @x2734 @x941 false)))
 (let (($x534 (<= ?x1516 0)))
 (let ((@x1795 ((_ th-lemma arith) (hypothesis (not $x534)) @x1399 @x2431 @x2665 @x1198 @x2734 @x941 @x1399 @x2431 @x1792 @x1709 @x1251 @x2716 @x1792 @x1709 @x2665 @x1198 @x1251 @x2716 @x1792 @x1709 @x2665 @x1198 @x1251 @x2716 @x2665 @x1198 @x1125 @x1538 @x1251 @x2716 @x2665 @x1198 @x1792 @x1709 @x1792 @x1709 @x2481 @x612 @x1399 @x2431 @x1251 @x2716 @x2734 @x941 false)))
 (let ((@x1985 (unit-resolution ((_ th-lemma arith triangle-eq) (or $x2739 (not $x534) (not $x1755))) (lemma @x1795 $x534) (lemma @x525 $x1755) $x2739)))
 (let ((@x2108 (unit-resolution (and-elim @x1611 $x1955) @x2088 @x1721 (or $x650 $x1047 $x1144 $x769 $x1942))))
 (let ((@x1511 (unit-resolution ((_ th-lemma arith triangle-eq) (or $x520 $x1129 (not $x1273))) (unit-resolution @x2108 @x1985 (lemma @x1224 $x1652) @x2500 @x1406 $x1047) (or $x1129 (not $x1273)))))
 ((_ th-lemma arith) (unit-resolution @x1511 (lemma @x2766 $x1273) $x1129) @x1399 @x2431 @x1251 @x2716 @x2734 @x941 @x1399 @x2431 @x2665 @x1198 @x1792 @x1709 @x2665 @x1198 @x1792 @x1709 @x1125 @x1538 @x1251 @x2716 false)))))))))))))))))))))))))))))))))))))))))))))))))))))))))))))))))))))))))))))))))))))))))))))))))))))))))))))))))))))))))))))))))))))))))))))))))))))))))))))))))))))))))))))))))))))))))))))))))))))))))))))))))))))))))))))))))))))))))))))))))))))))))))))))))))))))))))))))))))))

(:added-eqs                 12
 :arith-assert-diseq        9
 :arith-assert-lower        117
 :arith-assert-upper        20
 :arith-conflicts           7
 :arith-eq-adapter          11
 :arith-fixed-eqs           2
 :arith-gcd-tests           9
 :arith-grobner             6
 :arith-max-min             2230
 :arith-nonlinear-bounds    98
 :arith-nonlinear-horner    73
 :arith-num-rows            14
 :arith-patches             9
 :arith-patches_succ        9
 :arith-pivots              9
 :arith-pseudo-nonlinear    2
 :arith-row-summations      20
 :arith-tableau-max-columns 141
 :arith-tableau-max-rows    14
 :conflicts                 8
 :decisions                 19
 :del-clause                39
 :final-checks              13
 :max-memory                16.00
 :memory                    3.51
 :mk-bool-var               39
 :mk-clause                 39
 :num-allocs                695137406867.00
 :num-checks                1
 :propagations              46
 :rlimit-count              25384111
 :time                      25.54
 :total-time                25.56)
