unsat
((set-logic NIA)
(declare-fun x!3 () Int)
(declare-fun y!2 () Int)
(declare-fun z!1 () Int)
(declare-fun n!0 () Int)
(proof
(let ((?x2473 (* (- 108) x!3)))
 (let ((?x2489 (* y00 y!2)))
 (let ((?x2228 (* (- 12) ?x2489)))
 (let ((?x2299 (* z00 y!2 z!1)))
 (let ((?x1359 (* (- 1) ?x2299)))
 (let ((?x1755 (* y!2 y!2)))
 (let ((?x428 (* (- 12) ?x1755)))
 (let ((?x1525 (* x00 z!1)))
 (let ((?x602 (* (- 18) ?x1525)))
 (let ((?x1490 (* (- 72) y!2)))
 (let ((?x1173 (* z00 x!3)))
 (let ((?x1262 (* 18 ?x1173)))
 (let ((?x960 (* z!1 x!3)))
 (let ((?x2428 (* 18 ?x960)))
 (let ((?x865 (* y00 z!1)))
 (let ((?x1507 (* (- 12) ?x865)))
 (let ((?x817 (* z00 z00 y!2)))
 (let ((?x777 (* z00 z00 y00)))
 (let ((?x1809 (* (- 1) ?x777)))
 (let ((?x657 (* y00 y00)))
 (let ((?x659 (* 24 ?x657)))
 (let ((?x626 (* z00 x00)))
 (let ((?x1806 (* (- 18) ?x626)))
 (let ((?x563 (* z00 y00)))
 (let ((?x857 (* (- 6) ?x563)))
 (let ((?x541 (* z00 y00 z!1)))
 (let ((?x462 (* y!2 z!1)))
 (let ((?x2426 (* 12 ?x462)))
 (let ((?x74 (* 108 x00)))
 (let ((?x67 (* 72 y00)))
 (let ((?x804 (+ ?x67 ?x74 ?x2426 ?x541 ?x857 ?x1806 ?x659 ?x1809 ?x817 ?x1507 ?x2428 ?x1262 ?x1490 ?x602 ?x428 (* 6 (* z00 y!2)) ?x1359 ?x2228 ?x2473)))
 (let (($x1759 (<= ?x804 0)))
 (let (($x2130 (= ?x804 0)))
 (let ((?x1070 (* (- 10) (* y!2 y!2 y!2 z!1))))
 (let ((?x737 (+ y!2 x!3)))
 (let ((?x2897 (+ y!2 z!1)))
 (let ((?x2635 (+ 6 z!1)))
 (let ((?x1072 (+ 1 n!0)))
 (let ((?x2048 (* 42 z!1)))
 (let ((?x2150 (* y!2 z!1 z!1)))
 (let ((?x2715 (* (- 60) ?x2150)))
 (let ((?x1620 (* z!1 z!1)))
 (let ((?x1695 (* 7 ?x1620)))
 (let ((?x1496 (* y!2 y!2 z!1)))
 (let ((?x2827 (* (- 120) ?x1496)))
 (let ((?x1125 (* (- 20) (* y!2 y!2 z!1 z!1))))
 (let ((?x2046 (* 42 y!2)))
 (let ((?x2235 (* (- 10) (* y!2 z!1 z!1 z!1))))
 (let ((?x1203 (* y!2 y!2 y!2)))
 (let ((?x2050 (* (- 60) ?x1203)))
 (let ((?x2049 (* 7 ?x462)))
 (let ((?x2504 (+ ?x2049 (* (- 60) (* n!0 y!2 y!2 x!3)) (* (- 20) (* n!0 y!2 z!1 z!1 x!3)) (* (- 60) (* z!1 z!1 x!3)) (* (- 60) (* n!0 z!1 z!1 x!3)) (* (- 60) (* n!0 y!2 z!1 z!1)) ?x2050 ?x2235 ?x2046 ?x1125 (* (- 60) (* n!0 y!2 y!2 y!2)) (* (- 20) (* y!2 z!1 z!1 x!3)) ?x2827 (* (- 10) (* n!0 y!2 y!2 z!1 x!3)) ?x1695 (* (- 10) (* n!0 y!2 z!1 z!1 z!1)) (* (- 10) (* y!2 y!2 z!1 x!3)) (* 6 (* ?x1072 ?x1072 ?x2635 ?x2635 ?x2897 ?x737 ?x737)) (* (- 10) (* n!0 y!2 y!2 y!2 z!1)) ?x2715 (* (- 10) (* n!0 z!1 z!1 z!1 x!3)) (* (- 60) (* y!2 y!2 x!3)) (* (- 120) (* n!0 y!2 z!1 x!3)) (* (- 120) (* n!0 y!2 y!2 z!1)) ?x2048 (* (- 20) (* n!0 y!2 y!2 z!1 z!1)) (* 5 (* ?x1072 ?x2635 ?x2635 ?x2897 ?x2897 ?x737 ?x737)) (* (- 10) (* z!1 z!1 z!1 x!3)) (* (- 120) (* y!2 z!1 x!3)) ?x1070)))
 (let ((?x2044 (* (- 1) z!1)))
 (let ((?x763 (* 6 n!0)))
 (let ((?x395 (* (- 6) n00)))
 (let ((?x1751 (+ z00 ?x395 ?x763 ?x2044)))
 (let ((?x1064 (* ?x1751 ?x2504)))
 (let (($x1715 (= ?x1064 0)))
 (let (($x1230 (not $x1715)))
 (let ((?x2153 (* z!1 z!1 z!1)))
 (let ((?x896 (* (- 4) ?x2153)))
 (let ((?x1388 (* (- 12) ?x2150)))
 (let ((?x1906 (* z00 z00 y!2 y!2)))
 (let ((?x1850 (* z00 y!2 y!2)))
 (let ((?x2188 (* (- 6) ?x1850)))
 (let ((?x1543 (* (- 12) (* y00 y!2 y!2))))
 (let ((?x1124 (* 240 ?x1755)))
 (let ((?x971 (* 24 ?x1620)))
 (let ((?x1516 (* 36 (* z00 y00 x!3))))
 (let ((?x822 (* (- 2) (* z00 z00 z00 x!3))))
 (let ((?x2912 (* (- 12) ?x1496)))
 (let ((?x1386 (* 108 (* x00 x00))))
 (let ((?x1283 (* 2 (* z00 z00 z00 x00))))
 (let ((?x1279 (* z00 z00 z00 y00)))
 (let ((?x1205 (* z00 z00 x!3)))
 (let ((?x1439 (* 18 ?x1205)))
 (let ((?x1211 (* (- 4) ?x1203)))
 (let ((?x1189 (* (- 36) (* z00 y00 x00))))
 (let ((?x1872 (* (- 36) ?x1173)))
 (let ((?x1129 (* y00 x!3)))
 (let ((?x1984 (* (- 216) ?x1129)))
 (let ((?x1103 (* 16 (* y00 y00 y00))))
 (let ((?x1316 (* 108 (* x!3 x!3))))
 (let ((?x967 (* z00 z00 x00)))
 (let ((?x1239 (* (- 18) ?x967)))
 (let ((?x873 (* (- 1) (* z00 z00 y00 y00))))
 (let ((?x1340 (* (- 10) ?x777)))
 (let ((?x757 (* z00 y00 y00)))
 (let ((?x838 (* (- 12) ?x757)))
 (let ((?x1164 (* (- 216) (* x00 x!3))))
 (let ((?x1139 (* 96 ?x657)))
 (let ((?x583 (* 36 ?x626)))
 (let ((?x981 (* 24 ?x563)))
 (let ((?x512 (* y00 x00)))
 (let ((?x534 (* 216 ?x512)))
 (let ((?x2595 (* 156 ?x462)))
 (let ((?x1522 (+ ?x2595 ?x534 (* 18 ?x541) (* (- 1) (* z00 z00 z00 z!1)) ?x981 ?x583 ?x1139 ?x1164 (* 54 (* z00 y00 y!2)) ?x838 ?x1340 (* 28 ?x817) ?x873 (* 10 (* z00 z00 z!1)) (* (- 120) ?x865) (* (- 24) (* y00 y!2 z!1)) (* 108 ?x960) ?x1239 ?x1316 (* 2 (* z00 z00 y!2 z!1)) ?x1103 ?x1984 ?x1872 ?x1189 ?x1211 (* (- 24) (* z00 z!1)) ?x1439 ?x1279 ?x1283 ?x1386 ?x2912 ?x822 (* (- 6) (* z00 z!1 z!1)) (* (- 108) ?x1525) ?x1516 (* z00 z00 z!1 z!1) ?x971 ?x1124 ?x1543 ?x2188 (* (- 12) (* y00 z!1 z!1)) ?x1906 (* (- 60) (* z00 y!2)) (* (- 324) (* x00 y!2)) ?x1388 ?x896 (* (- 3) (* z00 z00 z00 y!2)) (* (- 12) ?x2299) (* 324 (* y!2 x!3)) (* (- 336) ?x2489))))
 (let (($x1867 (= ?x1522 0)))
 (let (($x2111 (not $x1867)))
 (let ((?x2311 (* y!2 x!3)))
 (let ((?x1430 (* 18 ?x2311)))
 (let ((?x2156 (* (- 1) ?x2153)))
 (let ((?x2151 (* (- 2) ?x2150)))
 (let ((?x2082 (* x00 y!2)))
 (let ((?x1426 (* (- 18) ?x2082)))
 (let ((?x1424 (* 2 (* y00 y00 z!1))))
 (let ((?x1421 (* (- 2) ?x1850)))
 (let ((?x1996 (* 12 ?x1755)))
 (let ((?x1403 (* 3 (* z00 z!1 x!3))))
 (let ((?x1326 (* 6 ?x1620)))
 (let ((?x1181 (* (- 1) ?x1496)))
 (let ((?x525 (* 3 ?x1205)))
 (let ((?x2024 (* (- 18) ?x1129)))
 (let ((?x2275 (* (- 3) ?x967)))
 (let ((?x890 (* y00 y!2 z!1)))
 (let ((?x2713 (* (- 1) ?x890)))
 (let ((?x2273 (* (- 3) ?x777)))
 (let ((?x731 (* z00 y00 y!2)))
 (let ((?x2269 (* 48 ?x657)))
 (let ((?x1337 (* (- 3) (* z00 x00 z!1))))
 (let ((?x692 (* 6 ?x563)))
 (let ((?x2264 (* 18 ?x512)))
 (let ((?x935 (* 36 ?x462)))
 (let ((?x849 (+ ?x935 ?x2264 ?x541 ?x692 ?x1337 ?x1806 ?x2269 ?x731 ?x757 ?x2273 (* 6 ?x817) (* 3 (* z00 z00 z!1)) (* (- 54) ?x865) ?x2713 (* 36 ?x960) ?x2275 ?x2024 ?x1262 (* (- 6) (* z00 z!1)) ?x525 ?x1181 (* (- 2) (* z00 z!1 z!1)) (* (- 36) ?x1525) ?x1326 ?x1403 ?x1996 ?x1421 ?x1424 (* (- 1) (* y00 z!1 z!1)) (* 12 (* z00 y!2)) ?x1426 ?x2151 ?x2156 ?x1359 ?x1430 (* (- 60) ?x2489))))
 (let (($x1358 (= ?x849 0)))
 (let (($x1828 (not $x1358)))
 (let ((?x863 (* z00 z00 z!1)))
 (let ((?x798 (* 6 ?x462)))
 (let ((?x1010 (+ ?x798 ?x541 ?x1806 ?x659 ?x1809 ?x817 ?x863 (* (- 24) ?x865) ?x2428 ?x1262 (* (- 1) (* z00 z!1 z!1)) ?x602 ?x428 (* 18 (* z00 y!2)) ?x1359 ?x2228)))
 (let (($x2119 (= ?x1010 0)))
 (let (($x1509 (not $x2119)))
 (let ((?x1204 (* z00 z!1)))
 (let ((?x1485 (* 6 ?x1204)))
 (let ((?x1475 (* 12 ?x865)))
 (let ((?x2203 (* (- 1) ?x863)))
 (let ((?x1933 (* (- 18) ?x563)))
 (let ((?x55 (* z00 z00 z00)))
 (let ((?x1057 (+ (* 36 z00) (* 144 y00) ?x55 ?x74 (* (- 12) (* z00 z00)) ?x798 ?x1933 ?x2203 ?x1475 ?x1485 (* (- 144) y!2) ?x1326 (* (- 36) z!1) ?x2473)))
 (let (($x2152 (= ?x1057 0)))
 (let (($x1172 (not $x2152)))
 (let ((?x422 (* z00 z00)))
 (let ((?x2787 (* (- 1) ?x422)))
 (let ((?x43 (* 12 y00)))
 (let ((?x49 (* 6 z00)))
 (let ((?x860 (+ ?x49 ?x43 ?x2787 (* (- 12) y!2) ?x1620 (* (- 6) z!1))))
 (let (($x861 (= ?x860 0)))
 (let (($x1123 (not $x861)))
 (let (($x2759 (= ?x1751 0)))
 (let (($x1905 (not $x2759)))
 (let (($x2559 (or $x1905 $x1123 $x1172 $x1509 $x1828 $x2111 $x1230)))
 (let ((?x702 (* 24 ?x1755)))
 (let ((?x2132 (+ ?x534 ?x981 ?x583 ?x1139 ?x1164 (* 18 ?x731) ?x838 ?x1340 (* 10 ?x817) ?x873 ?x1239 ?x1316 ?x1103 ?x1984 ?x1872 ?x1189 ?x1211 ?x1439 ?x1279 ?x1283 ?x1386 ?x822 ?x1516 ?x702 ?x1543 ?x2188 ?x1906 (* (- 24) (* z00 y!2)) (* (- 108) ?x2082) (* (- 1) (* z00 z00 z00 y!2)) (* 108 ?x2311) (* (- 120) ?x2489))))
 (let (($x1146 (= ?x2132 0)))
 (let ((?x1667 (* 36 ?x657)))
 (let ((?x2917 (+ ?x67 ?x74 ?x2426 ?x2264 ?x692 ?x1337 ?x1667 ?x731 ?x757 ?x2273 (* 3 ?x817) ?x1507 ?x2713 ?x2428 ?x2275 ?x2024 ?x525 ?x1490 ?x1181 ?x602 ?x1403 ?x1421 ?x1424 (* (- 6) (* z00 y!2)) ?x1426 ?x1430 (* (- 36) ?x2489) ?x2473)))
 (let (($x1023 (= ?x2917 0)))
 (let ((?x2733 (* (- 6) ?x422)))
 (let ((?x2479 (+ ?x67 ?x55 ?x74 ?x2733 ?x798 ?x1933 ?x2203 ?x1475 ?x1485 ?x1490 ?x2473)))
 (let (($x1422 (= ?x2479 0)))
 (let (($x2305 (and $x2759 $x861 $x1422 $x2130 $x1023 $x1146 $x2559)))
 (let ((?x2757 (* 6 (* ?x1072 ?x1072 ?x2635 ?x2635 ?x2897 (+ x!3 y!2) (+ x!3 y!2)))))
 (let ((?x1089 (* 5 (* ?x1072 ?x2635 ?x2635 ?x2897 ?x2897 (+ x!3 y!2) (+ x!3 y!2)))))
 (let ((?x577 (+ ?x2046 ?x2048 ?x1695 ?x2827 ?x2049 ?x2050 ?x1089 ?x2757 (* (- 10) (* x!3 y!2 y!2 z!1)) ?x1070 ?x2715 (* (- 20) (* x!3 y!2 z!1 z!1)) ?x1125 (* (- 10) (* x!3 z!1 z!1 z!1)) ?x2235 (* (- 60) (* x!3 y!2 y!2)) (* (- 60) (* x!3 y!2 y!2 n!0)) (* (- 60) (* y!2 y!2 y!2 n!0)) (* (- 120) (* x!3 y!2 z!1)) (* (- 120) (* x!3 y!2 z!1 n!0)) (* (- 120) (* y!2 y!2 z!1 n!0)) (* (- 60) (* x!3 z!1 z!1)) (* (- 60) (* x!3 z!1 z!1 n!0)) (* (- 60) (* y!2 z!1 z!1 n!0)) (* (- 10) (* x!3 y!2 y!2 z!1 n!0)) (* (- 10) (* y!2 y!2 y!2 z!1 n!0)) (* (- 20) (* x!3 y!2 z!1 z!1 n!0)) (* (- 20) (* y!2 y!2 z!1 z!1 n!0)) (* (- 10) (* x!3 z!1 z!1 z!1 n!0)) (* (- 10) (* y!2 z!1 z!1 z!1 n!0)))))
 (let ((?x589 (* 36 (* x!3 z00 y00))))
 (let ((?x1694 (* (- 216) (* x!3 x00))))
 (let ((?x1676 (* (- 12) (* y!2 y!2 y00))))
 (let ((?x2466 (* x!3 y00)))
 (let ((?x2766 (* (- 216) ?x2466)))
 (let ((?x1276 (* y!2 y!2 z00)))
 (let ((?x1680 (* (- 6) ?x1276)))
 (let ((?x1484 (* x!3 z00)))
 (let ((?x982 (* (- 36) ?x1484)))
 (let ((?x419 (* x!3 z00 z00)))
 (let ((?x2308 (* 18 ?x419)))
 (let ((?x587 (* (- 2) (* x!3 z00 z00 z00))))
 (let ((?x471 (* y!2 y!2 z00 z00)))
 (let ((?x1251 (+ ?x971 (* 10 (* z!1 z00 z00)) (* (- 12) (* y!2 z!1 z00)) (* 28 (* y!2 z00 z00)) ?x2912 ?x471 (* (- 3) (* y!2 z00 z00 z00)) ?x2595 (* 18 (* z!1 z00 y00)) ?x534 (* 324 (* x!3 y!2)) (* (- 120) (* z!1 y00)) ?x981 (* 108 (* x!3 z!1)) ?x587 (* (- 24) (* z!1 z00)) ?x583 ?x1124 ?x1139 (* (- 108) (* z!1 x00)) (* (- 336) (* y!2 y00)) ?x2308 (* (- 60) (* y!2 z00)) ?x838 ?x1340 ?x982 (* 54 (* y!2 z00 y00)) ?x873 ?x1316 ?x1211 ?x1680 (* (- 324) (* y!2 x00)) ?x1239 ?x2766 (* (- 24) (* y!2 z!1 y00)) ?x1103 ?x1676 ?x1189 ?x1694 ?x1279 ?x1283 ?x589 ?x1386 (* (- 6) (* z!1 z!1 z00)) ?x1388 ?x896 (* (- 12) (* z!1 z!1 y00)) (* 2 (* y!2 z!1 z00 z00)) (* z!1 z!1 z00 z00) (* (- 1) (* z!1 z00 z00 z00)))))
 (let ((?x1178 (* y!2 z00 y00)))
 (let ((?x1797 (* 18 ?x1484)))
 (let ((?x1681 (* z!1 z00)))
 (let ((?x572 (* (- 6) ?x1681)))
 (let ((?x448 (* z!1 z00 y00)))
 (let ((?x859 (* y!2 z!1 z00)))
 (let ((?x1063 (* (- 1) ?x859)))
 (let ((?x540 (+ ?x1326 (* 3 (* z!1 z00 z00)) ?x1063 (* 6 (* y!2 z00 z00)) ?x1181 ?x935 ?x448 ?x2264 (* 18 (* x!3 y!2)) (* (- 54) (* z!1 y00)) ?x692 (* 36 (* x!3 z!1)) ?x572 ?x1806 ?x1996 ?x2269 (* (- 36) (* z!1 x00)) (* (- 60) (* y!2 y00)) (* 3 ?x419) (* 12 (* y!2 z00)) ?x757 ?x2273 (* (- 3) (* z!1 z00 x00)) ?x1797 ?x1178 (* 3 (* x!3 z!1 z00)) (* (- 2) ?x1276) (* (- 18) (* y!2 x00)) ?x2275 (* (- 18) ?x2466) (* (- 1) (* y!2 z!1 y00)) (* 2 (* z!1 y00 y00)) (* (- 2) (* z!1 z!1 z00)) ?x2151 ?x2156 (* (- 1) (* z!1 z!1 y00)))))
 (let ((?x618 (* y!2 z00 z00)))
 (let ((?x2089 (* z!1 z00 z00)))
 (let ((?x432 (+ ?x2089 ?x1063 ?x618 ?x798 ?x448 (* (- 24) (* z!1 y00)) (* 18 (* x!3 z!1)) ?x1806 ?x428 ?x659 (* (- 18) (* z!1 x00)) (* (- 12) (* y!2 y00)) (* 18 (* y!2 z00)) ?x1809 ?x1797 (* (- 1) (* z!1 z!1 z00)))))
 (let ((?x564 (* 18 ?x563)))
 (let ((?x1074 (* z!1 y00)))
 (let ((?x536 (* (- 12) ?x1074)))
 (let ((?x1674 (* (- 6) ?x462)))
 (let ((?x1502 (* 12 ?x422)))
 (let ((?x642 (* (- 108) x00)))
 (let ((?x515 (* (- 1) ?x55)))
 (let ((?x1394 (* (- 144) y00)))
 (let ((?x1438 (* (- 36) z00)))
 (let ((?x716 (* 108 x!3)))
 (let ((?x810 (+ ?x716 (* 144 y!2) (* 36 z!1) ?x1438 ?x1394 (* (- 6) ?x1620) ?x515 ?x642 ?x2089 ?x1502 ?x1674 ?x536 ?x564 ?x572)))
 (let ((?x493 (* (- 12) y00)))
 (let ((?x492 (* (- 6) z00)))
 (let (($x719 (= (+ (* 12 y!2) (* 6 z!1) ?x492 ?x493 (* (- 1) ?x1620) ?x422) 0)))
 (let (($x1468 (= (+ z!1 (* (- 6) n!0) (* (- 1) z00) (* 6 n00)) 0)))
 (let (($x1512 (or (not $x1468) (not $x719) (not (= ?x810 0)) (not (= ?x432 0)) (not (= ?x540 0)) (not (= ?x1251 0)) (not (= (* (+ ?x2044 ?x763 z00 ?x395) ?x577) 0)))))
 (let ((?x1157 (+ (* 10 ?x618) ?x471 (* (- 1) (* y!2 z00 z00 z00)) ?x534 (* 108 (* x!3 y!2)) ?x981 ?x587 ?x583 ?x702 ?x1139 (* (- 120) (* y!2 y00)) ?x2308 (* (- 24) (* y!2 z00)) ?x838 ?x1340 ?x982 (* 18 ?x1178) ?x873 ?x1316 ?x1211 ?x1680 (* (- 108) (* y!2 x00)) ?x1239 ?x2766 ?x1103 ?x1676 ?x1189 ?x1694 ?x1279 ?x1283 ?x589 ?x1386)))
 (let ((?x1179 (* y!2 z!1 y00)))
 (let ((?x968 (* 3 ?x967)))
 (let ((?x1030 (* 3 ?x777)))
 (let ((?x764 (* (- 1) ?x757)))
 (let ((?x843 (* z!1 x00)))
 (let ((?x1003 (* 18 ?x843)))
 (let ((?x950 (* (- 36) ?x657)))
 (let ((?x1594 (* x!3 z!1)))
 (let ((?x1313 (* (- 18) ?x1594)))
 (let ((?x1595 (* 12 ?x1074)))
 (let ((?x513 (* (- 18) ?x512)))
 (let ((?x1198 (* (- 12) ?x462)))
 (let ((?x585 (* (- 72) y00)))
 (let ((?x2741 (* 72 y!2)))
 (let ((?x463 (+ ?x716 ?x2741 ?x585 ?x642 (* (- 3) ?x618) ?x1496 ?x1198 ?x513 (* (- 18) (* x!3 y!2)) ?x1595 ?x857 ?x1313 ?x950 ?x1003 (* 36 (* y!2 y00)) (* (- 3) ?x419) (* 6 (* y!2 z00)) ?x764 ?x1030 (* 3 (* z!1 z00 x00)) (* (- 1) ?x1178) (* (- 3) (* x!3 z!1 z00)) (* 2 ?x1276) (* 18 (* y!2 x00)) ?x968 (* 18 ?x2466) ?x1179 (* (- 2) (* z!1 y00 y00)))))
 (let ((?x675 (* (- 24) ?x657)))
 (let ((?x628 (* 18 ?x626)))
 (let ((?x2619 (+ ?x716 ?x2741 ?x585 ?x642 ?x859 (* (- 1) ?x618) ?x1198 (* (- 1) ?x448) ?x1595 ?x692 ?x1313 ?x628 ?x1996 ?x675 ?x1003 (* 12 (* y!2 y00)) (* (- 6) (* y!2 z00)) ?x777 (* (- 18) ?x1484))))
 (let ((?x526 (* 6 ?x422)))
 (let (($x2534 (= (+ ?x716 ?x2741 ?x585 ?x515 ?x642 ?x2089 ?x526 ?x1674 ?x536 ?x564 ?x572) 0)))
 (let (($x1528 (and $x1468 $x719 $x2534 (= ?x2619 0) (= ?x463 0) (= ?x1157 0) $x1512)))
 (let (($x2412 (exists ((x Int) (y Int) (z Int) (n Int) )(! (let ((?x2937 (* (- 10) (* y z z z n))))
 (let ((?x2923 (* (- 10) (* x z z z n))))
 (let ((?x2953 (* (- 20) (* y y z z n))))
 (let ((?x2951 (* (- 20) (* x y z z n))))
 (let ((?x2845 (* (- 10) (* y y y z n))))
 (let ((?x2813 (* (- 10) (* x y y z n))))
 (let ((?x2792 (* (- 60) (* y z z n))))
 (let ((?x2749 (* (- 60) (* x z z n))))
 (let ((?x2726 (* (- 60) (* x z z))))
 (let ((?x2948 (* (- 120) (* y y z n))))
 (let ((?x2946 (* (- 120) (* x y z n))))
 (let ((?x2945 (* (- 120) (* x y z))))
 (let ((?x2548 (* (- 60) (* y y y n))))
 (let ((?x2476 (* (- 60) (* x y y n))))
 (let ((?x2456 (* (- 60) (* x y y))))
 (let ((?x2928 (* (- 10) (* y z z z))))
 (let ((?x2914 (* (- 10) (* x z z z))))
 (let ((?x2952 (* (- 20) (* y y z z))))
 (let ((?x2950 (* (- 20) (* x y z z))))
 (let ((?x2015 (* y z z)))
 (let ((?x2751 (* (- 60) ?x2015)))
 (let ((?x2820 (* (- 10) (* y y y z))))
 (let ((?x2797 (* (- 10) (* x y y z))))
 (let ((?x237 (+ x y)))
 (let ((?x223 (+ y z)))
 (let ((?x634 (+ 6 z)))
 (let ((?x791 (+ 1 n)))
 (let ((?x1452 (* 6 (* ?x791 ?x791 ?x634 ?x634 ?x223 ?x237 ?x237))))
 (let ((?x1547 (* 5 (* ?x791 ?x634 ?x634 ?x223 ?x223 ?x237 ?x237))))
 (let ((?x924 (* y y y)))
 (let ((?x2478 (* (- 60) ?x924)))
 (let ((?x506 (* y z)))
 (let ((?x1572 (* 7 ?x506)))
 (let ((?x135 (* y y z)))
 (let ((?x2947 (* (- 120) ?x135)))
 (let ((?x50 (* z z)))
 (let ((?x1574 (* 7 ?x50)))
 (let ((?x2634 (+ (* 42 y) (* 42 z) ?x1574 ?x2947 ?x1572 ?x2478 ?x1547 ?x1452 ?x2797 ?x2820 ?x2751 ?x2950 ?x2952 ?x2914 ?x2928 ?x2456 ?x2476 ?x2548 ?x2945 ?x2946 ?x2948 ?x2726 ?x2749 ?x2792 ?x2813 ?x2845 ?x2951 ?x2953 ?x2923 ?x2937)))
 (let ((?x395 (* (- 6) n00)))
 (let ((?x33 (* 6 n)))
 (let ((?x374 (* (- 1) z)))
 (let ((?x401 (+ ?x374 ?x33 z00 ?x395)))
 (let ((?x2823 (* (- 1) (* z z00 z00 z00))))
 (let ((?x2697 (* z z z00 z00)))
 (let ((?x2706 (* 2 (* y z z00 z00))))
 (let ((?x2146 (* z z y00)))
 (let ((?x2488 (* (- 12) ?x2146)))
 (let ((?x2016 (* z z z)))
 (let ((?x2182 (* (- 4) ?x2016)))
 (let ((?x2191 (* (- 12) ?x2015)))
 (let ((?x1743 (* z z z00)))
 (let ((?x2417 (* (- 6) ?x1743)))
 (let ((?x1386 (* 108 (* x00 x00))))
 (let ((?x1379 (* 36 (* x z00 y00))))
 (let ((?x1283 (* 2 (* z00 z00 z00 x00))))
 (let ((?x1279 (* z00 z00 z00 y00)))
 (let ((?x1266 (* (- 216) (* x x00))))
 (let ((?x1189 (* (- 36) (* z00 y00 x00))))
 (let ((?x1163 (* (- 12) (* y y y00))))
 (let ((?x1103 (* 16 (* y00 y00 y00))))
 (let ((?x1027 (* y z y00)))
 (let ((?x2503 (* (- 24) ?x1027)))
 (let ((?x997 (* x y00)))
 (let ((?x1306 (* (- 216) ?x997)))
 (let ((?x967 (* z00 z00 x00)))
 (let ((?x1239 (* (- 18) ?x967)))
 (let ((?x963 (* y x00)))
 (let ((?x2639 (* (- 324) ?x963)))
 (let ((?x925 (* y y z00)))
 (let ((?x1126 (* (- 6) ?x925)))
 (let ((?x946 (* (- 4) ?x924)))
 (let ((?x898 (* 108 (* x x))))
 (let ((?x873 (* (- 1) (* z00 z00 y00 y00))))
 (let ((?x788 (* x z00)))
 (let ((?x1365 (* (- 36) ?x788)))
 (let ((?x777 (* z00 z00 y00)))
 (let ((?x1340 (* (- 10) ?x777)))
 (let ((?x757 (* z00 y00 y00)))
 (let ((?x838 (* (- 12) ?x757)))
 (let ((?x725 (* y z00)))
 (let ((?x2771 (* (- 60) ?x725)))
 (let ((?x703 (* x z00 z00)))
 (let ((?x776 (* 18 ?x703)))
 (let ((?x695 (* y y00)))
 (let ((?x2687 (* (- 336) ?x695)))
 (let ((?x688 (* z x00)))
 (let ((?x2568 (* (- 108) ?x688)))
 (let ((?x657 (* y00 y00)))
 (let ((?x1139 (* 96 ?x657)))
 (let ((?x631 (* y y)))
 (let ((?x1986 (* 240 ?x631)))
 (let ((?x626 (* z00 x00)))
 (let ((?x583 (* 36 ?x626)))
 (let ((?x598 (* z z00)))
 (let ((?x2364 (* (- 24) ?x598)))
 (let ((?x708 (* (- 2) (* x z00 z00 z00))))
 (let ((?x569 (* x z)))
 (let ((?x1100 (* 108 ?x569)))
 (let ((?x563 (* z00 y00)))
 (let ((?x981 (* 24 ?x563)))
 (let ((?x537 (* z y00)))
 (let ((?x2326 (* (- 120) ?x537)))
 (let ((?x512 (* y00 x00)))
 (let ((?x534 (* 216 ?x512)))
 (let ((?x212 (* y z00 z00 z00)))
 (let ((?x2830 (* (- 3) ?x212)))
 (let ((?x201 (* y y z00 z00)))
 (let ((?x2190 (* (- 12) ?x135)))
 (let ((?x105 (* y z00 z00)))
 (let ((?x2803 (* 28 ?x105)))
 (let ((?x103 (* y z z00)))
 (let ((?x2432 (* (- 12) ?x103)))
 (let ((?x76 (* z z00 z00)))
 (let ((?x2790 (* 10 ?x76)))
 (let ((?x1909 (* 24 ?x50)))
 (let ((?x1827 (+ ?x1909 ?x2790 ?x2432 ?x2803 ?x2190 ?x201 ?x2830 (* 156 ?x506) (* 18 (* z z00 y00)) ?x534 (* 324 (* x y)) ?x2326 ?x981 ?x1100 ?x708 ?x2364 ?x583 ?x1986 ?x1139 ?x2568 ?x2687 ?x776 ?x2771 ?x838 ?x1340 ?x1365 (* 54 (* y z00 y00)) ?x873 ?x898 ?x946 ?x1126 ?x2639 ?x1239 ?x1306 ?x2503 ?x1103 ?x1163 ?x1189 ?x1266 ?x1279 ?x1283 ?x1379 ?x1386 ?x2417 ?x2191 ?x2182 ?x2488 ?x2706 ?x2697 ?x2823)))
 (let ((?x2286 (* (- 1) ?x2146)))
 (let ((?x2284 (* (- 1) ?x2016)))
 (let ((?x2283 (* (- 2) ?x2015)))
 (let ((?x2280 (* (- 2) ?x1743)))
 (let ((?x1041 (* z y00 y00)))
 (let ((?x1042 (* 2 ?x1041)))
 (let ((?x2277 (* (- 1) ?x1027)))
 (let ((?x2276 (* (- 18) ?x997)))
 (let ((?x2275 (* (- 3) ?x967)))
 (let ((?x2274 (* (- 2) ?x925)))
 (let ((?x899 (* x z z00)))
 (let ((?x900 (* 3 ?x899)))
 (let ((?x814 (* y z00 y00)))
 (let ((?x789 (* 18 ?x788)))
 (let ((?x2273 (* (- 3) ?x777)))
 (let ((?x2272 (* 12 ?x725)))
 (let ((?x704 (* 3 ?x703)))
 (let ((?x2271 (* (- 60) ?x695)))
 (let ((?x2269 (* 48 ?x657)))
 (let ((?x632 (* 12 ?x631)))
 (let ((?x1806 (* (- 18) ?x626)))
 (let ((?x611 (* (- 6) ?x598)))
 (let ((?x2267 (* 36 ?x569)))
 (let ((?x692 (* 6 ?x563)))
 (let ((?x531 (* x y)))
 (let ((?x533 (* 18 ?x531)))
 (let ((?x2264 (* 18 ?x512)))
 (let ((?x508 (* z z00 y00)))
 (let ((?x2263 (* 36 ?x506)))
 (let ((?x2262 (* (- 1) ?x135)))
 (let ((?x2261 (* 6 ?x105)))
 (let ((?x1805 (* (- 1) ?x103)))
 (let ((?x2219 (* 3 ?x76)))
 (let ((?x2037 (* 6 ?x50)))
 (let ((?x2128 (+ ?x2037 ?x2219 ?x1805 ?x2261 ?x2262 ?x2263 ?x508 ?x2264 ?x533 (* (- 54) ?x537) ?x692 ?x2267 ?x611 ?x1806 ?x632 ?x2269 (* (- 36) ?x688) ?x2271 ?x704 ?x2272 ?x757 ?x2273 (* (- 3) (* z z00 x00)) ?x789 ?x814 ?x900 ?x2274 (* (- 18) ?x963) ?x2275 ?x2276 ?x2277 ?x1042 ?x2280 ?x2283 ?x2284 ?x2286)))
 (let ((?x1814 (* (- 1) ?x1743)))
 (let ((?x1809 (* (- 1) ?x777)))
 (let ((?x1700 (* 18 ?x725)))
 (let ((?x1808 (* (- 12) ?x695)))
 (let ((?x659 (* 24 ?x657)))
 (let ((?x1807 (* (- 12) ?x631)))
 (let ((?x571 (* 18 ?x569)))
 (let ((?x1918 (+ ?x76 ?x1805 ?x105 (* 6 ?x506) ?x508 (* (- 24) ?x537) ?x571 ?x1806 ?x1807 ?x659 (* (- 18) ?x688) ?x1808 ?x1700 ?x1809 ?x789 ?x1814)))
 (let ((?x564 (* 18 ?x563)))
 (let ((?x550 (* (- 12) ?x537)))
 (let ((?x507 (* (- 6) ?x506)))
 (let ((?x422 (* z00 z00)))
 (let ((?x1502 (* 12 ?x422)))
 (let ((?x642 (* (- 108) x00)))
 (let ((?x55 (* z00 z00 z00)))
 (let ((?x515 (* (- 1) ?x55)))
 (let ((?x976 (* (- 6) ?x50)))
 (let ((?x1394 (* (- 144) y00)))
 (let ((?x1438 (* (- 36) z00)))
 (let ((?x64 (* 108 x)))
 (let ((?x2224 (+ ?x64 (* 144 y) (* 36 z) ?x1438 ?x1394 ?x976 ?x515 ?x642 ?x76 ?x1502 ?x507 ?x550 ?x564 ?x611)))
 (let ((?x494 (* (- 1) ?x50)))
 (let ((?x493 (* (- 12) y00)))
 (let ((?x492 (* (- 6) z00)))
 (let ((?x46 (* 6 z)))
 (let ((?x45 (* 12 y)))
 (let (($x496 (= (+ ?x45 ?x46 ?x492 ?x493 ?x494 ?x422) 0)))
 (let (($x1256 (not $x496)))
 (let (($x414 (= (+ z (* (- 6) n) (* (- 1) z00) (* 6 n00)) 0)))
 (let (($x928 (not $x414)))
 (let (($x633 (or $x928 $x1256 (not (= ?x2224 0)) (not (= ?x1918 0)) (not (= ?x2128 0)) (not (= ?x1827 0)) (not (= (* ?x401 ?x2634) 0)))))
 (let ((?x886 (* 24 ?x631)))
 (let ((?x1406 (+ (* 10 ?x105) ?x201 (* (- 1) ?x212) ?x534 (* 108 ?x531) ?x981 ?x708 ?x583 ?x886 ?x1139 (* (- 120) ?x695) ?x776 (* (- 24) ?x725) ?x838 ?x1340 ?x1365 (* 18 ?x814) ?x873 ?x898 ?x946 ?x1126 (* (- 108) ?x963) ?x1239 ?x1306 ?x1103 ?x1163 ?x1189 ?x1266 ?x1279 ?x1283 ?x1379 ?x1386)))
 (let (($x1411 (= ?x1406 0)))
 (let ((?x968 (* 3 ?x967)))
 (let ((?x1030 (* 3 ?x777)))
 (let ((?x764 (* (- 1) ?x757)))
 (let ((?x689 (* 18 ?x688)))
 (let ((?x950 (* (- 36) ?x657)))
 (let ((?x600 (* (- 18) ?x569)))
 (let ((?x857 (* (- 6) ?x563)))
 (let ((?x538 (* 12 ?x537)))
 (let ((?x513 (* (- 18) ?x512)))
 (let ((?x535 (* (- 12) ?x506)))
 (let ((?x585 (* (- 72) y00)))
 (let ((?x71 (* 72 y)))
 (let ((?x1086 (+ ?x64 ?x71 ?x585 ?x642 (* (- 3) ?x105) ?x135 ?x535 ?x513 (* (- 18) ?x531) ?x538 ?x857 ?x600 ?x950 ?x689 (* 36 ?x695) (* (- 3) ?x703) (* 6 ?x725) ?x764 ?x1030 (* 3 (* z z00 x00)) (* (- 1) ?x814) (* (- 3) ?x899) (* 2 ?x925) (* 18 ?x963) ?x968 (* 18 ?x997) ?x1027 (* (- 2) ?x1041))))
 (let (($x1093 (= ?x1086 0)))
 (let ((?x675 (* (- 24) ?x657)))
 (let ((?x628 (* 18 ?x626)))
 (let ((?x831 (+ ?x64 ?x71 ?x585 ?x642 ?x103 (* (- 1) ?x105) ?x535 (* (- 1) ?x508) ?x538 ?x692 ?x600 ?x628 ?x632 ?x675 ?x689 (* 12 ?x695) (* (- 6) ?x725) ?x777 (* (- 18) ?x788))))
 (let (($x836 (= ?x831 0)))
 (let ((?x526 (* 6 ?x422)))
 (let (($x663 (= (+ ?x64 ?x71 ?x585 ?x515 ?x642 ?x76 ?x526 ?x507 ?x550 ?x564 ?x611) 0)))
 (and $x414 $x496 $x663 $x836 $x1093 $x1411 $x633)))))))))))))))))))))))))))))))))))))))))))))))))))))))))))))))))))))))))))))))))))))))))))))))))))))))))))))))))))))))))))))))))))))))))))))))))))))))))))))))))))))))))))))))))))))))))))))))))))))))))))))) :qid k!44))
 ))
 (let (($x2302 (exists ((x Int) (y Int) (z Int) (n Int) )(! (let ((?x237 (+ x y)))
 (let ((?x223 (+ y z)))
 (let ((?x634 (+ 6 z)))
 (let ((?x791 (+ 1 n)))
 (let ((?x1452 (* 6 (* ?x791 ?x791 ?x634 ?x634 ?x223 ?x237 ?x237))))
 (let ((?x1547 (* 5 (* ?x791 ?x634 ?x634 ?x223 ?x223 ?x237 ?x237))))
 (let ((?x1553 (+ (* 7 (* ?x634 ?x223)) ?x1547 ?x1452 (* (- 10) (* ?x791 ?x634 ?x223 ?x223 ?x237)))))
 (let ((?x395 (* (- 6) n00)))
 (let ((?x33 (* 6 n)))
 (let ((?x374 (* (- 1) z)))
 (let ((?x1771 (+ ?x374 z00 ?x33 ?x395)))
 (let (($x1367 (not (= (* ?x1771 ?x1553) 0))))
 (let ((?x1386 (* 108 (* x00 x00))))
 (let ((?x99 (* y00 z00 z00)))
 (let ((?x1417 (* (- 10) ?x99)))
 (let ((?x2436 (* 2 (* x00 z00 z00 z00))))
 (let ((?x196 (* y00 z00 z00 z00)))
 (let ((?x2061 (* x00 z00 z00)))
 (let ((?x592 (* (- 18) ?x2061)))
 (let ((?x2335 (* (- 36) (* x00 y00 z00))))
 (let ((?x657 (* y00 y00)))
 (let ((?x1139 (* 96 ?x657)))
 (let ((?x1103 (* 16 (* y00 y00 y00))))
 (let ((?x1518 (* y00 z00)))
 (let ((?x2071 (* 24 ?x1518)))
 (let ((?x161 (* y00 y00 z00 z00)))
 (let ((?x532 (* (- 1) ?x161)))
 (let ((?x113 (* y00 y00 z00)))
 (let ((?x2516 (* (- 12) ?x113)))
 (let ((?x1678 (* x00 z00)))
 (let ((?x2740 (* 36 ?x1678)))
 (let ((?x1160 (* x00 y00)))
 (let ((?x1184 (* 216 ?x1160)))
 (let ((?x1682 (+ ?x1184 (* 108 (* ?x223 ?x237)) ?x2740 (* (- 2) (* z00 z00 z00 ?x237)) (* 18 (* z00 z00 ?x237)) ?x2516 ?x532 (* 24 (* ?x223 ?x223)) (* 108 (* ?x237 ?x237)) (* (- 4) (* ?x223 ?x223 ?x223)) (* 18 (* y00 z00 ?x223)) ?x2071 (* (- 120) (* y00 ?x223)) (* (- 24) (* z00 ?x223)) ?x1103 (* (- 6) (* z00 ?x223 ?x223)) ?x1139 (* (- 12) (* y00 ?x223 ?x223)) ?x2335 (* (- 108) (* x00 ?x223)) ?x592 (* (- 216) (* x00 ?x237)) ?x196 ?x2436 (* (- 216) (* y00 ?x237)) (* z00 z00 ?x223 ?x223) ?x1417 (* (- 36) (* z00 ?x237)) (* 36 (* y00 z00 ?x237)) (* 10 (* z00 z00 ?x223)) ?x1386 (* (- 1) (* z00 z00 z00 ?x223)))))
 (let (($x2334 (not (= ?x1682 0))))
 (let ((?x1717 (* (- 3) ?x99)))
 (let ((?x74 (* 108 x00)))
 (let ((?x2734 (* (- 72) z)))
 (let ((?x67 (* 72 y00)))
 (let ((?x1967 (* (- 180) y)))
 (let ((?x1904 (* (- 108) x)))
 (let ((?x2666 (* (- 3) ?x2061)))
 (let ((?x2167 (* x00 ?x634)))
 (let ((?x1899 (* (- 18) ?x2167)))
 (let ((?x1667 (* 36 ?x657)))
 (let ((?x1848 (* ?x634 ?x223)))
 (let ((?x1736 (* 12 ?x1848)))
 (let ((?x2621 (* z00 ?x223)))
 (let ((?x468 (* (- 6) ?x2621)))
 (let ((?x820 (* 6 ?x1518)))
 (let ((?x1633 (* y00 ?x634)))
 (let ((?x1513 (* (- 12) ?x1633)))
 (let ((?x1092 (* y00 z00 ?x223)))
 (let ((?x2618 (* ?x634 ?x237)))
 (let ((?x2731 (* 18 ?x2618)))
 (let ((?x2160 (* 18 ?x1160)))
 (let ((?x1196 (+ ?x2160 (* 18 (* ?x223 ?x237)) ?x2731 (* 3 (* z00 z00 ?x237)) ?x113 (* (- 3) (* x00 z00 ?x634)) ?x1092 ?x1513 ?x820 (* (- 36) (* y00 ?x223)) ?x468 ?x1736 (* 3 (* z00 ?x634 ?x237)) (* (- 2) (* z00 ?x223 ?x223)) ?x1667 ?x1899 (* (- 1) (* ?x634 ?x223 ?x223)) (* (- 18) (* x00 ?x223)) ?x2666 ?x1904 ?x1967 ?x67 (* (- 18) (* y00 ?x237)) ?x2734 ?x74 (* (- 1) (* y00 ?x634 ?x223)) ?x1717 (* 2 (* y00 y00 ?x634)) (* 3 (* z00 z00 ?x223)))))
 (let ((?x1998 (* z00 z00 ?x223)))
 (let ((?x826 (* (- 1) ?x99)))
 (let ((?x2645 (* 6 ?x2621)))
 (let ((?x1342 (* (- 6) ?x1518)))
 (let ((?x659 (* 24 ?x657)))
 (let ((?x1726 (* (- 18) ?x1678)))
 (let ((?x1990 (* y00 z00 ?x634)))
 (let ((?x1166 (+ ?x1990 ?x1736 ?x2731 ?x1726 (* (- 12) (* ?x223 ?x223)) ?x659 ?x1899 ?x1513 ?x1342 (* (- 12) (* y00 ?x223)) ?x1904 ?x1967 ?x67 ?x2645 ?x2734 ?x74 ?x826 (* 18 (* z00 ?x237)) (* (- 1) (* z00 ?x634 ?x223)) ?x1998)))
 (let ((?x1140 (* (- 18) ?x1518)))
 (let ((?x2652 (* 12 ?x1633)))
 (let ((?x422 (* z00 z00)))
 (let ((?x2733 (* (- 6) ?x422)))
 (let ((?x55 (* z00 z00 z00)))
 (let ((?x591 (+ (* 6 ?x1848) ?x55 ?x2733 ?x2652 ?x1140 ?x1904 ?x1967 ?x67 (* 6 (* z00 ?x634)) ?x2734 ?x74 (* (- 1) (* z00 z00 ?x634)))))
 (let ((?x492 (* (- 6) z00)))
 (let ((?x45 (* 12 y)))
 (let ((?x493 (* (- 12) y00)))
 (let (($x2029 (= (+ ?x422 ?x493 ?x45 (* 18 z) ?x492 (* (- 1) (* ?x634 ?x634))) (- 36))))
 (let (($x1407 (= (+ z (* (- 1) z00) (* (- 6) n) (* 6 n00)) 0)))
 (let (($x2300 (or (not $x1407) (not $x2029) (not (= ?x591 0)) (not (= ?x1166 0)) (not (= ?x1196 0)) $x2334 $x1367)))
 (let ((?x924 (* y y y)))
 (let ((?x946 (* (- 4) ?x924)))
 (let ((?x898 (* 108 (* x x))))
 (let ((?x631 (* y y)))
 (let ((?x886 (* 24 ?x631)))
 (let ((?x1926 (* y x)))
 (let ((?x1927 (* 108 ?x1926)))
 (let ((?x927 (+ ?x1184 ?x1927 ?x2740 (* (- 2) (* z00 z00 z00 x)) (* 18 (* z00 z00 x)) ?x2516 ?x532 ?x886 ?x898 ?x946 (* 18 (* y00 z00 y)) ?x2071 (* (- 120) (* y00 y)) (* (- 24) (* z00 y)) ?x1103 (* (- 6) (* z00 y y)) ?x1139 (* (- 12) (* y00 y y)) ?x2335 (* (- 108) (* x00 y)) ?x592 (* (- 216) (* x00 x)) ?x196 ?x2436 (* (- 216) (* y00 x)) (* z00 z00 y y) ?x1417 (* (- 36) (* z00 x)) (* 36 (* y00 z00 x)) (* 10 (* z00 z00 y)) ?x1386 (* (- 1) (* z00 z00 z00 y)))))
 (let (($x2006 (= ?x927 0)))
 (let ((?x670 (* (- 72) y)))
 (let ((?x2053 (* x00 y)))
 (let ((?x2285 (* (- 18) ?x2053)))
 (let ((?x1590 (* x00 z)))
 (let ((?x1813 (* (- 18) ?x1590)))
 (let ((?x1549 (* z y)))
 (let ((?x1719 (* 12 ?x1549)))
 (let ((?x722 (* z00 y)))
 (let ((?x1233 (* (- 6) ?x722)))
 (let ((?x1237 (* y00 z)))
 (let ((?x1299 (* (- 12) ?x1237)))
 (let ((?x2465 (* y00 z00 y)))
 (let ((?x858 (* z x)))
 (let ((?x1718 (* 18 ?x858)))
 (let ((?x676 (+ ?x2160 (* 18 ?x1926) ?x1718 (* 3 (* z00 z00 x)) ?x113 (* (- 3) (* x00 z00 z)) ?x2465 ?x1299 ?x820 (* (- 36) (* y00 y)) ?x1233 ?x1719 (* 3 (* z00 z x)) (* (- 2) (* z00 y y)) ?x1667 ?x1813 (* (- 1) (* z y y)) ?x2285 ?x2666 ?x1904 ?x67 (* (- 18) (* y00 x)) ?x670 ?x74 (* (- 1) (* y00 z y)) ?x1717 (* 2 (* y00 y00 z)) (* 3 (* z00 z00 y)))))
 (let ((?x2508 (* z00 z00 y)))
 (let ((?x2162 (* 6 ?x722)))
 (let ((?x1807 (* (- 12) ?x631)))
 (let ((?x1263 (* y00 z00 z)))
 (let ((?x2853 (+ ?x1263 ?x1719 ?x1718 ?x1726 ?x1807 ?x659 ?x1813 ?x1299 ?x1342 (* (- 12) (* y00 y)) ?x1904 ?x67 ?x2162 ?x670 ?x74 ?x826 (* 18 (* z00 x)) (* (- 1) (* z00 z y)) ?x2508)))
 (let ((?x1193 (* 12 ?x1237)))
 (let ((?x2497 (+ (* 6 ?x1549) ?x55 ?x2733 ?x1193 ?x1140 ?x1904 ?x67 (* 6 (* z00 z)) ?x670 ?x74 (* (- 1) (* z00 z00 z)))))
 (let (($x2171 (= (+ ?x422 ?x493 ?x45 (* 6 z) ?x492 (* (- 1) (* z z))) 0)))
 (and $x1407 $x2171 (= ?x2497 0) (= ?x2853 0) (= ?x676 0) $x2006 $x2300)))))))))))))))))))))))))))))))))))))))))))))))))))))))))))))))))))))))))))))))))))))))))))))))))))))))))))))) :qid k!44))
 ))
 (let ((?x2438 (lambda ((x Int) (y Int) (z Int) (n Int) )(let ((?x2937 (* (- 10) (* y z z z n))))
 (let ((?x2923 (* (- 10) (* x z z z n))))
 (let ((?x2953 (* (- 20) (* y y z z n))))
 (let ((?x2951 (* (- 20) (* x y z z n))))
 (let ((?x2845 (* (- 10) (* y y y z n))))
 (let ((?x2813 (* (- 10) (* x y y z n))))
 (let ((?x2792 (* (- 60) (* y z z n))))
 (let ((?x2749 (* (- 60) (* x z z n))))
 (let ((?x2726 (* (- 60) (* x z z))))
 (let ((?x2948 (* (- 120) (* y y z n))))
 (let ((?x2946 (* (- 120) (* x y z n))))
 (let ((?x2945 (* (- 120) (* x y z))))
 (let ((?x2548 (* (- 60) (* y y y n))))
 (let ((?x2476 (* (- 60) (* x y y n))))
 (let ((?x2456 (* (- 60) (* x y y))))
 (let ((?x2928 (* (- 10) (* y z z z))))
 (let ((?x2914 (* (- 10) (* x z z z))))
 (let ((?x2952 (* (- 20) (* y y z z))))
 (let ((?x2950 (* (- 20) (* x y z z))))
 (let ((?x2015 (* y z z)))
 (let ((?x2751 (* (- 60) ?x2015)))
 (let ((?x2820 (* (- 10) (* y y y z))))
 (let ((?x2797 (* (- 10) (* x y y z))))
 (let ((?x237 (+ x y)))
 (let ((?x223 (+ y z)))
 (let ((?x634 (+ 6 z)))
 (let ((?x791 (+ 1 n)))
 (let ((?x1452 (* 6 (* ?x791 ?x791 ?x634 ?x634 ?x223 ?x237 ?x237))))
 (let ((?x1547 (* 5 (* ?x791 ?x634 ?x634 ?x223 ?x223 ?x237 ?x237))))
 (let ((?x924 (* y y y)))
 (let ((?x2478 (* (- 60) ?x924)))
 (let ((?x506 (* y z)))
 (let ((?x1572 (* 7 ?x506)))
 (let ((?x135 (* y y z)))
 (let ((?x2947 (* (- 120) ?x135)))
 (let ((?x50 (* z z)))
 (let ((?x1574 (* 7 ?x50)))
 (let ((?x2634 (+ (* 42 y) (* 42 z) ?x1574 ?x2947 ?x1572 ?x2478 ?x1547 ?x1452 ?x2797 ?x2820 ?x2751 ?x2950 ?x2952 ?x2914 ?x2928 ?x2456 ?x2476 ?x2548 ?x2945 ?x2946 ?x2948 ?x2726 ?x2749 ?x2792 ?x2813 ?x2845 ?x2951 ?x2953 ?x2923 ?x2937)))
 (let ((?x395 (* (- 6) n00)))
 (let ((?x33 (* 6 n)))
 (let ((?x374 (* (- 1) z)))
 (let ((?x401 (+ ?x374 ?x33 z00 ?x395)))
 (let ((?x2823 (* (- 1) (* z z00 z00 z00))))
 (let ((?x2697 (* z z z00 z00)))
 (let ((?x2706 (* 2 (* y z z00 z00))))
 (let ((?x2146 (* z z y00)))
 (let ((?x2488 (* (- 12) ?x2146)))
 (let ((?x2016 (* z z z)))
 (let ((?x2182 (* (- 4) ?x2016)))
 (let ((?x2191 (* (- 12) ?x2015)))
 (let ((?x1743 (* z z z00)))
 (let ((?x2417 (* (- 6) ?x1743)))
 (let ((?x1386 (* 108 (* x00 x00))))
 (let ((?x1379 (* 36 (* x z00 y00))))
 (let ((?x1283 (* 2 (* z00 z00 z00 x00))))
 (let ((?x1279 (* z00 z00 z00 y00)))
 (let ((?x1266 (* (- 216) (* x x00))))
 (let ((?x1189 (* (- 36) (* z00 y00 x00))))
 (let ((?x1163 (* (- 12) (* y y y00))))
 (let ((?x1103 (* 16 (* y00 y00 y00))))
 (let ((?x1027 (* y z y00)))
 (let ((?x2503 (* (- 24) ?x1027)))
 (let ((?x997 (* x y00)))
 (let ((?x1306 (* (- 216) ?x997)))
 (let ((?x967 (* z00 z00 x00)))
 (let ((?x1239 (* (- 18) ?x967)))
 (let ((?x963 (* y x00)))
 (let ((?x2639 (* (- 324) ?x963)))
 (let ((?x925 (* y y z00)))
 (let ((?x1126 (* (- 6) ?x925)))
 (let ((?x946 (* (- 4) ?x924)))
 (let ((?x898 (* 108 (* x x))))
 (let ((?x873 (* (- 1) (* z00 z00 y00 y00))))
 (let ((?x788 (* x z00)))
 (let ((?x1365 (* (- 36) ?x788)))
 (let ((?x777 (* z00 z00 y00)))
 (let ((?x1340 (* (- 10) ?x777)))
 (let ((?x757 (* z00 y00 y00)))
 (let ((?x838 (* (- 12) ?x757)))
 (let ((?x725 (* y z00)))
 (let ((?x2771 (* (- 60) ?x725)))
 (let ((?x703 (* x z00 z00)))
 (let ((?x776 (* 18 ?x703)))
 (let ((?x695 (* y y00)))
 (let ((?x2687 (* (- 336) ?x695)))
 (let ((?x688 (* z x00)))
 (let ((?x2568 (* (- 108) ?x688)))
 (let ((?x657 (* y00 y00)))
 (let ((?x1139 (* 96 ?x657)))
 (let ((?x631 (* y y)))
 (let ((?x1986 (* 240 ?x631)))
 (let ((?x626 (* z00 x00)))
 (let ((?x583 (* 36 ?x626)))
 (let ((?x598 (* z z00)))
 (let ((?x2364 (* (- 24) ?x598)))
 (let ((?x708 (* (- 2) (* x z00 z00 z00))))
 (let ((?x569 (* x z)))
 (let ((?x1100 (* 108 ?x569)))
 (let ((?x563 (* z00 y00)))
 (let ((?x981 (* 24 ?x563)))
 (let ((?x537 (* z y00)))
 (let ((?x2326 (* (- 120) ?x537)))
 (let ((?x512 (* y00 x00)))
 (let ((?x534 (* 216 ?x512)))
 (let ((?x212 (* y z00 z00 z00)))
 (let ((?x2830 (* (- 3) ?x212)))
 (let ((?x201 (* y y z00 z00)))
 (let ((?x2190 (* (- 12) ?x135)))
 (let ((?x105 (* y z00 z00)))
 (let ((?x2803 (* 28 ?x105)))
 (let ((?x103 (* y z z00)))
 (let ((?x2432 (* (- 12) ?x103)))
 (let ((?x76 (* z z00 z00)))
 (let ((?x2790 (* 10 ?x76)))
 (let ((?x1909 (* 24 ?x50)))
 (let ((?x1827 (+ ?x1909 ?x2790 ?x2432 ?x2803 ?x2190 ?x201 ?x2830 (* 156 ?x506) (* 18 (* z z00 y00)) ?x534 (* 324 (* x y)) ?x2326 ?x981 ?x1100 ?x708 ?x2364 ?x583 ?x1986 ?x1139 ?x2568 ?x2687 ?x776 ?x2771 ?x838 ?x1340 ?x1365 (* 54 (* y z00 y00)) ?x873 ?x898 ?x946 ?x1126 ?x2639 ?x1239 ?x1306 ?x2503 ?x1103 ?x1163 ?x1189 ?x1266 ?x1279 ?x1283 ?x1379 ?x1386 ?x2417 ?x2191 ?x2182 ?x2488 ?x2706 ?x2697 ?x2823)))
 (let ((?x2286 (* (- 1) ?x2146)))
 (let ((?x2284 (* (- 1) ?x2016)))
 (let ((?x2283 (* (- 2) ?x2015)))
 (let ((?x2280 (* (- 2) ?x1743)))
 (let ((?x1041 (* z y00 y00)))
 (let ((?x1042 (* 2 ?x1041)))
 (let ((?x2277 (* (- 1) ?x1027)))
 (let ((?x2276 (* (- 18) ?x997)))
 (let ((?x2275 (* (- 3) ?x967)))
 (let ((?x2274 (* (- 2) ?x925)))
 (let ((?x899 (* x z z00)))
 (let ((?x900 (* 3 ?x899)))
 (let ((?x814 (* y z00 y00)))
 (let ((?x789 (* 18 ?x788)))
 (let ((?x2273 (* (- 3) ?x777)))
 (let ((?x2272 (* 12 ?x725)))
 (let ((?x704 (* 3 ?x703)))
 (let ((?x2271 (* (- 60) ?x695)))
 (let ((?x2269 (* 48 ?x657)))
 (let ((?x632 (* 12 ?x631)))
 (let ((?x1806 (* (- 18) ?x626)))
 (let ((?x611 (* (- 6) ?x598)))
 (let ((?x2267 (* 36 ?x569)))
 (let ((?x692 (* 6 ?x563)))
 (let ((?x531 (* x y)))
 (let ((?x533 (* 18 ?x531)))
 (let ((?x2264 (* 18 ?x512)))
 (let ((?x508 (* z z00 y00)))
 (let ((?x2263 (* 36 ?x506)))
 (let ((?x2262 (* (- 1) ?x135)))
 (let ((?x2261 (* 6 ?x105)))
 (let ((?x1805 (* (- 1) ?x103)))
 (let ((?x2219 (* 3 ?x76)))
 (let ((?x2037 (* 6 ?x50)))
 (let ((?x2128 (+ ?x2037 ?x2219 ?x1805 ?x2261 ?x2262 ?x2263 ?x508 ?x2264 ?x533 (* (- 54) ?x537) ?x692 ?x2267 ?x611 ?x1806 ?x632 ?x2269 (* (- 36) ?x688) ?x2271 ?x704 ?x2272 ?x757 ?x2273 (* (- 3) (* z z00 x00)) ?x789 ?x814 ?x900 ?x2274 (* (- 18) ?x963) ?x2275 ?x2276 ?x2277 ?x1042 ?x2280 ?x2283 ?x2284 ?x2286)))
 (let ((?x1814 (* (- 1) ?x1743)))
 (let ((?x1809 (* (- 1) ?x777)))
 (let ((?x1700 (* 18 ?x725)))
 (let ((?x1808 (* (- 12) ?x695)))
 (let ((?x659 (* 24 ?x657)))
 (let ((?x1807 (* (- 12) ?x631)))
 (let ((?x571 (* 18 ?x569)))
 (let ((?x1918 (+ ?x76 ?x1805 ?x105 (* 6 ?x506) ?x508 (* (- 24) ?x537) ?x571 ?x1806 ?x1807 ?x659 (* (- 18) ?x688) ?x1808 ?x1700 ?x1809 ?x789 ?x1814)))
 (let ((?x564 (* 18 ?x563)))
 (let ((?x550 (* (- 12) ?x537)))
 (let ((?x507 (* (- 6) ?x506)))
 (let ((?x422 (* z00 z00)))
 (let ((?x1502 (* 12 ?x422)))
 (let ((?x642 (* (- 108) x00)))
 (let ((?x55 (* z00 z00 z00)))
 (let ((?x515 (* (- 1) ?x55)))
 (let ((?x976 (* (- 6) ?x50)))
 (let ((?x1394 (* (- 144) y00)))
 (let ((?x1438 (* (- 36) z00)))
 (let ((?x64 (* 108 x)))
 (let ((?x2224 (+ ?x64 (* 144 y) (* 36 z) ?x1438 ?x1394 ?x976 ?x515 ?x642 ?x76 ?x1502 ?x507 ?x550 ?x564 ?x611)))
 (let ((?x494 (* (- 1) ?x50)))
 (let ((?x493 (* (- 12) y00)))
 (let ((?x492 (* (- 6) z00)))
 (let ((?x46 (* 6 z)))
 (let ((?x45 (* 12 y)))
 (let (($x496 (= (+ ?x45 ?x46 ?x492 ?x493 ?x494 ?x422) 0)))
 (let (($x1256 (not $x496)))
 (let (($x414 (= (+ z (* (- 6) n) (* (- 1) z00) (* 6 n00)) 0)))
 (let (($x928 (not $x414)))
 (let (($x633 (or $x928 $x1256 (not (= ?x2224 0)) (not (= ?x1918 0)) (not (= ?x2128 0)) (not (= ?x1827 0)) (not (= (* ?x401 ?x2634) 0)))))
 (let ((?x886 (* 24 ?x631)))
 (let ((?x1406 (+ (* 10 ?x105) ?x201 (* (- 1) ?x212) ?x534 (* 108 ?x531) ?x981 ?x708 ?x583 ?x886 ?x1139 (* (- 120) ?x695) ?x776 (* (- 24) ?x725) ?x838 ?x1340 ?x1365 (* 18 ?x814) ?x873 ?x898 ?x946 ?x1126 (* (- 108) ?x963) ?x1239 ?x1306 ?x1103 ?x1163 ?x1189 ?x1266 ?x1279 ?x1283 ?x1379 ?x1386)))
 (let (($x1411 (= ?x1406 0)))
 (let ((?x968 (* 3 ?x967)))
 (let ((?x1030 (* 3 ?x777)))
 (let ((?x764 (* (- 1) ?x757)))
 (let ((?x689 (* 18 ?x688)))
 (let ((?x950 (* (- 36) ?x657)))
 (let ((?x600 (* (- 18) ?x569)))
 (let ((?x857 (* (- 6) ?x563)))
 (let ((?x538 (* 12 ?x537)))
 (let ((?x513 (* (- 18) ?x512)))
 (let ((?x535 (* (- 12) ?x506)))
 (let ((?x585 (* (- 72) y00)))
 (let ((?x71 (* 72 y)))
 (let ((?x1086 (+ ?x64 ?x71 ?x585 ?x642 (* (- 3) ?x105) ?x135 ?x535 ?x513 (* (- 18) ?x531) ?x538 ?x857 ?x600 ?x950 ?x689 (* 36 ?x695) (* (- 3) ?x703) (* 6 ?x725) ?x764 ?x1030 (* 3 (* z z00 x00)) (* (- 1) ?x814) (* (- 3) ?x899) (* 2 ?x925) (* 18 ?x963) ?x968 (* 18 ?x997) ?x1027 (* (- 2) ?x1041))))
 (let (($x1093 (= ?x1086 0)))
 (let ((?x675 (* (- 24) ?x657)))
 (let ((?x628 (* 18 ?x626)))
 (let ((?x831 (+ ?x64 ?x71 ?x585 ?x642 ?x103 (* (- 1) ?x105) ?x535 (* (- 1) ?x508) ?x538 ?x692 ?x600 ?x628 ?x632 ?x675 ?x689 (* 12 ?x695) (* (- 6) ?x725) ?x777 (* (- 18) ?x788))))
 (let (($x836 (= ?x831 0)))
 (let ((?x526 (* 6 ?x422)))
 (let (($x663 (= (+ ?x64 ?x71 ?x585 ?x515 ?x642 ?x76 ?x526 ?x507 ?x550 ?x564 ?x611) 0)))
 (let (($x740 (and $x414 $x496 $x663 $x836 $x1093 $x1411 $x633)))
 (let ((?x1553 (+ (* 7 (* ?x634 ?x223)) ?x1547 ?x1452 (* (- 10) (* ?x791 ?x634 ?x223 ?x223 ?x237)))))
 (let ((?x1771 (+ ?x374 z00 ?x33 ?x395)))
 (let (($x1367 (not (= (* ?x1771 ?x1553) 0))))
 (let ((?x99 (* y00 z00 z00)))
 (let ((?x1417 (* (- 10) ?x99)))
 (let ((?x2436 (* 2 (* x00 z00 z00 z00))))
 (let ((?x196 (* y00 z00 z00 z00)))
 (let ((?x2061 (* x00 z00 z00)))
 (let ((?x592 (* (- 18) ?x2061)))
 (let ((?x2335 (* (- 36) (* x00 y00 z00))))
 (let ((?x1518 (* y00 z00)))
 (let ((?x2071 (* 24 ?x1518)))
 (let ((?x161 (* y00 y00 z00 z00)))
 (let ((?x532 (* (- 1) ?x161)))
 (let ((?x113 (* y00 y00 z00)))
 (let ((?x2516 (* (- 12) ?x113)))
 (let ((?x1678 (* x00 z00)))
 (let ((?x2740 (* 36 ?x1678)))
 (let ((?x1160 (* x00 y00)))
 (let ((?x1184 (* 216 ?x1160)))
 (let ((?x1682 (+ ?x1184 (* 108 (* ?x223 ?x237)) ?x2740 (* (- 2) (* z00 z00 z00 ?x237)) (* 18 (* z00 z00 ?x237)) ?x2516 ?x532 (* 24 (* ?x223 ?x223)) (* 108 (* ?x237 ?x237)) (* (- 4) (* ?x223 ?x223 ?x223)) (* 18 (* y00 z00 ?x223)) ?x2071 (* (- 120) (* y00 ?x223)) (* (- 24) (* z00 ?x223)) ?x1103 (* (- 6) (* z00 ?x223 ?x223)) ?x1139 (* (- 12) (* y00 ?x223 ?x223)) ?x2335 (* (- 108) (* x00 ?x223)) ?x592 (* (- 216) (* x00 ?x237)) ?x196 ?x2436 (* (- 216) (* y00 ?x237)) (* z00 z00 ?x223 ?x223) ?x1417 (* (- 36) (* z00 ?x237)) (* 36 (* y00 z00 ?x237)) (* 10 (* z00 z00 ?x223)) ?x1386 (* (- 1) (* z00 z00 z00 ?x223)))))
 (let (($x2334 (not (= ?x1682 0))))
 (let ((?x1717 (* (- 3) ?x99)))
 (let ((?x74 (* 108 x00)))
 (let ((?x2734 (* (- 72) z)))
 (let ((?x67 (* 72 y00)))
 (let ((?x1967 (* (- 180) y)))
 (let ((?x1904 (* (- 108) x)))
 (let ((?x2666 (* (- 3) ?x2061)))
 (let ((?x2167 (* x00 ?x634)))
 (let ((?x1899 (* (- 18) ?x2167)))
 (let ((?x1667 (* 36 ?x657)))
 (let ((?x1848 (* ?x634 ?x223)))
 (let ((?x1736 (* 12 ?x1848)))
 (let ((?x2621 (* z00 ?x223)))
 (let ((?x468 (* (- 6) ?x2621)))
 (let ((?x820 (* 6 ?x1518)))
 (let ((?x1633 (* y00 ?x634)))
 (let ((?x1513 (* (- 12) ?x1633)))
 (let ((?x1092 (* y00 z00 ?x223)))
 (let ((?x2618 (* ?x634 ?x237)))
 (let ((?x2731 (* 18 ?x2618)))
 (let ((?x2160 (* 18 ?x1160)))
 (let ((?x1196 (+ ?x2160 (* 18 (* ?x223 ?x237)) ?x2731 (* 3 (* z00 z00 ?x237)) ?x113 (* (- 3) (* x00 z00 ?x634)) ?x1092 ?x1513 ?x820 (* (- 36) (* y00 ?x223)) ?x468 ?x1736 (* 3 (* z00 ?x634 ?x237)) (* (- 2) (* z00 ?x223 ?x223)) ?x1667 ?x1899 (* (- 1) (* ?x634 ?x223 ?x223)) (* (- 18) (* x00 ?x223)) ?x2666 ?x1904 ?x1967 ?x67 (* (- 18) (* y00 ?x237)) ?x2734 ?x74 (* (- 1) (* y00 ?x634 ?x223)) ?x1717 (* 2 (* y00 y00 ?x634)) (* 3 (* z00 z00 ?x223)))))
 (let ((?x1998 (* z00 z00 ?x223)))
 (let ((?x826 (* (- 1) ?x99)))
 (let ((?x2645 (* 6 ?x2621)))
 (let ((?x1342 (* (- 6) ?x1518)))
 (let ((?x1726 (* (- 18) ?x1678)))
 (let ((?x1990 (* y00 z00 ?x634)))
 (let ((?x1166 (+ ?x1990 ?x1736 ?x2731 ?x1726 (* (- 12) (* ?x223 ?x223)) ?x659 ?x1899 ?x1513 ?x1342 (* (- 12) (* y00 ?x223)) ?x1904 ?x1967 ?x67 ?x2645 ?x2734 ?x74 ?x826 (* 18 (* z00 ?x237)) (* (- 1) (* z00 ?x634 ?x223)) ?x1998)))
 (let ((?x1140 (* (- 18) ?x1518)))
 (let ((?x2652 (* 12 ?x1633)))
 (let ((?x2733 (* (- 6) ?x422)))
 (let ((?x591 (+ (* 6 ?x1848) ?x55 ?x2733 ?x2652 ?x1140 ?x1904 ?x1967 ?x67 (* 6 (* z00 ?x634)) ?x2734 ?x74 (* (- 1) (* z00 z00 ?x634)))))
 (let (($x2029 (= (+ ?x422 ?x493 ?x45 (* 18 z) ?x492 (* (- 1) (* ?x634 ?x634))) (- 36))))
 (let (($x1407 (= (+ z (* (- 1) z00) (* (- 6) n) (* 6 n00)) 0)))
 (let (($x2300 (or (not $x1407) (not $x2029) (not (= ?x591 0)) (not (= ?x1166 0)) (not (= ?x1196 0)) $x2334 $x1367)))
 (let ((?x1926 (* y x)))
 (let ((?x1927 (* 108 ?x1926)))
 (let ((?x927 (+ ?x1184 ?x1927 ?x2740 (* (- 2) (* z00 z00 z00 x)) (* 18 (* z00 z00 x)) ?x2516 ?x532 ?x886 ?x898 ?x946 (* 18 (* y00 z00 y)) ?x2071 (* (- 120) (* y00 y)) (* (- 24) (* z00 y)) ?x1103 (* (- 6) (* z00 y y)) ?x1139 (* (- 12) (* y00 y y)) ?x2335 (* (- 108) (* x00 y)) ?x592 (* (- 216) (* x00 x)) ?x196 ?x2436 (* (- 216) (* y00 x)) (* z00 z00 y y) ?x1417 (* (- 36) (* z00 x)) (* 36 (* y00 z00 x)) (* 10 (* z00 z00 y)) ?x1386 (* (- 1) (* z00 z00 z00 y)))))
 (let (($x2006 (= ?x927 0)))
 (let ((?x670 (* (- 72) y)))
 (let ((?x2053 (* x00 y)))
 (let ((?x2285 (* (- 18) ?x2053)))
 (let ((?x1590 (* x00 z)))
 (let ((?x1813 (* (- 18) ?x1590)))
 (let ((?x1549 (* z y)))
 (let ((?x1719 (* 12 ?x1549)))
 (let ((?x722 (* z00 y)))
 (let ((?x1233 (* (- 6) ?x722)))
 (let ((?x1237 (* y00 z)))
 (let ((?x1299 (* (- 12) ?x1237)))
 (let ((?x2465 (* y00 z00 y)))
 (let ((?x858 (* z x)))
 (let ((?x1718 (* 18 ?x858)))
 (let ((?x676 (+ ?x2160 (* 18 ?x1926) ?x1718 (* 3 (* z00 z00 x)) ?x113 (* (- 3) (* x00 z00 z)) ?x2465 ?x1299 ?x820 (* (- 36) (* y00 y)) ?x1233 ?x1719 (* 3 (* z00 z x)) (* (- 2) (* z00 y y)) ?x1667 ?x1813 (* (- 1) (* z y y)) ?x2285 ?x2666 ?x1904 ?x67 (* (- 18) (* y00 x)) ?x670 ?x74 (* (- 1) (* y00 z y)) ?x1717 (* 2 (* y00 y00 z)) (* 3 (* z00 z00 y)))))
 (let ((?x2508 (* z00 z00 y)))
 (let ((?x2162 (* 6 ?x722)))
 (let ((?x1263 (* y00 z00 z)))
 (let ((?x2853 (+ ?x1263 ?x1719 ?x1718 ?x1726 ?x1807 ?x659 ?x1813 ?x1299 ?x1342 (* (- 12) (* y00 y)) ?x1904 ?x67 ?x2162 ?x670 ?x74 ?x826 (* 18 (* z00 x)) (* (- 1) (* z00 z y)) ?x2508)))
 (let ((?x1193 (* 12 ?x1237)))
 (let ((?x2497 (+ (* 6 ?x1549) ?x55 ?x2733 ?x1193 ?x1140 ?x1904 ?x67 (* 6 (* z00 z)) ?x670 ?x74 (* (- 1) (* z00 z00 z)))))
 (let (($x2303 (and $x1407 (= (+ ?x422 ?x493 ?x45 ?x46 ?x492 ?x494) 0) (= ?x2497 0) (= ?x2853 0) (= ?x676 0) $x2006 $x2300)))
 (rewrite (= $x2303 $x740)))))))))))))))))))))))))))))))))))))))))))))))))))))))))))))))))))))))))))))))))))))))))))))))))))))))))))))))))))))))))))))))))))))))))))))))))))))))))))))))))))))))))))))))))))))))))))))))))))))))))))))))))))))))))))))))))))))))))))))))))))))))))))))))))))))))))))))))))))))))))))))))))))))
 ))
 (let (($x1788 (exists ((x Int) (y Int) (z Int) (n Int) )(! (let ((?x237 (+ x y)))
 (let ((?x223 (+ y z)))
 (let ((?x634 (+ 6 z)))
 (let ((?x791 (+ 1 n)))
 (let ((?x1452 (* 6 (* ?x791 ?x791 ?x634 ?x634 ?x223 ?x237 ?x237))))
 (let ((?x1547 (* 5 (* ?x791 ?x634 ?x634 ?x223 ?x223 ?x237 ?x237))))
 (let ((?x1553 (+ (* 7 (* ?x634 ?x223)) ?x1547 ?x1452 (* (- 10) (* ?x791 ?x634 ?x223 ?x223 ?x237)))))
 (let ((?x395 (* (- 6) n00)))
 (let ((?x33 (* 6 n)))
 (let ((?x374 (* (- 1) z)))
 (let ((?x1771 (+ ?x374 z00 ?x33 ?x395)))
 (let (($x1367 (not (= (* ?x1771 ?x1553) 0))))
 (let ((?x1386 (* 108 (* x00 x00))))
 (let ((?x99 (* y00 z00 z00)))
 (let ((?x1417 (* (- 10) ?x99)))
 (let ((?x2436 (* 2 (* x00 z00 z00 z00))))
 (let ((?x196 (* y00 z00 z00 z00)))
 (let ((?x2061 (* x00 z00 z00)))
 (let ((?x592 (* (- 18) ?x2061)))
 (let ((?x2335 (* (- 36) (* x00 y00 z00))))
 (let ((?x657 (* y00 y00)))
 (let ((?x1139 (* 96 ?x657)))
 (let ((?x1103 (* 16 (* y00 y00 y00))))
 (let ((?x1518 (* y00 z00)))
 (let ((?x2071 (* 24 ?x1518)))
 (let ((?x161 (* y00 y00 z00 z00)))
 (let ((?x532 (* (- 1) ?x161)))
 (let ((?x113 (* y00 y00 z00)))
 (let ((?x2516 (* (- 12) ?x113)))
 (let ((?x1678 (* x00 z00)))
 (let ((?x2740 (* 36 ?x1678)))
 (let ((?x1160 (* x00 y00)))
 (let ((?x1184 (* 216 ?x1160)))
 (let ((?x1682 (+ ?x1184 (* 108 (* ?x223 ?x237)) ?x2740 (* (- 2) (* z00 z00 z00 ?x237)) (* 18 (* z00 z00 ?x237)) ?x2516 ?x532 (* 24 (* ?x223 ?x223)) (* 108 (* ?x237 ?x237)) (* (- 4) (* ?x223 ?x223 ?x223)) (* 18 (* y00 z00 ?x223)) ?x2071 (* (- 120) (* y00 ?x223)) (* (- 24) (* z00 ?x223)) ?x1103 (* (- 6) (* z00 ?x223 ?x223)) ?x1139 (* (- 12) (* y00 ?x223 ?x223)) ?x2335 (* (- 108) (* x00 ?x223)) ?x592 (* (- 216) (* x00 ?x237)) ?x196 ?x2436 (* (- 216) (* y00 ?x237)) (* z00 z00 ?x223 ?x223) ?x1417 (* (- 36) (* z00 ?x237)) (* 36 (* y00 z00 ?x237)) (* 10 (* z00 z00 ?x223)) ?x1386 (* (- 1) (* z00 z00 z00 ?x223)))))
 (let (($x2334 (not (= ?x1682 0))))
 (let ((?x2309 (* 3 ?x99)))
 (let ((?x1446 (* y00 ?x634 ?x223)))
 (let ((?x642 (* (- 108) x00)))
 (let ((?x1454 (* 72 z)))
 (let ((?x585 (* (- 72) y00)))
 (let ((?x1462 (* 180 y)))
 (let ((?x64 (* 108 x)))
 (let ((?x2070 (* 3 ?x2061)))
 (let ((?x1727 (* ?x634 ?x223 ?x223)))
 (let ((?x2167 (* x00 ?x634)))
 (let ((?x2168 (* 18 ?x2167)))
 (let ((?x950 (* (- 36) ?x657)))
 (let ((?x1848 (* ?x634 ?x223)))
 (let ((?x1524 (* (- 12) ?x1848)))
 (let ((?x2621 (* z00 ?x223)))
 (let ((?x2645 (* 6 ?x2621)))
 (let ((?x1342 (* (- 6) ?x1518)))
 (let ((?x1633 (* y00 ?x634)))
 (let ((?x2652 (* 12 ?x1633)))
 (let ((?x2240 (* (- 1) ?x113)))
 (let ((?x2618 (* ?x634 ?x237)))
 (let ((?x1405 (* (- 18) ?x2618)))
 (let ((?x635 (* (- 18) ?x1160)))
 (let ((?x2607 (+ ?x635 (* (- 18) (* ?x223 ?x237)) ?x1405 (* (- 3) (* z00 z00 ?x237)) ?x2240 (* 3 (* x00 z00 ?x634)) (* (- 1) (* y00 z00 ?x223)) ?x2652 ?x1342 (* 36 (* y00 ?x223)) ?x2645 ?x1524 (* (- 3) (* z00 ?x634 ?x237)) (* 2 (* z00 ?x223 ?x223)) ?x950 ?x2168 ?x1727 (* 18 (* x00 ?x223)) ?x2070 ?x64 ?x1462 ?x585 (* 18 (* y00 ?x237)) ?x1454 ?x642 ?x1446 ?x2309 (* (- 2) (* y00 y00 ?x634)) (* (- 3) (* z00 z00 ?x223)))))
 (let ((?x1559 (* z00 ?x634 ?x223)))
 (let ((?x468 (* (- 6) ?x2621)))
 (let ((?x820 (* 6 ?x1518)))
 (let ((?x675 (* (- 24) ?x657)))
 (let ((?x1610 (* 18 ?x1678)))
 (let ((?x1346 (+ (* (- 1) (* y00 z00 ?x634)) ?x1524 ?x1405 ?x1610 (* 12 (* ?x223 ?x223)) ?x675 ?x2168 ?x2652 ?x820 (* 12 (* y00 ?x223)) ?x64 ?x1462 ?x585 ?x468 ?x1454 ?x642 ?x99 (* (- 18) (* z00 ?x237)) ?x1559 (* (- 1) (* z00 z00 ?x223)))))
 (let ((?x948 (* z00 z00 ?x634)))
 (let ((?x2540 (* 18 ?x1518)))
 (let ((?x1513 (* (- 12) ?x1633)))
 (let ((?x422 (* z00 z00)))
 (let ((?x526 (* 6 ?x422)))
 (let ((?x55 (* z00 z00 z00)))
 (let ((?x515 (* (- 1) ?x55)))
 (let ((?x2113 (+ (* (- 6) ?x1848) ?x515 ?x526 ?x1513 ?x2540 ?x64 ?x1462 ?x585 (* (- 6) (* z00 ?x634)) ?x1454 ?x642 ?x948)))
 (let ((?x2651 (* ?x634 ?x634)))
 (let ((?x49 (* 6 z00)))
 (let ((?x2655 (* (- 12) y)))
 (let ((?x43 (* 12 y00)))
 (let ((?x2787 (* (- 1) ?x422)))
 (let (($x1155 (or (not (= ?x1771 0)) (not (= (+ ?x2787 ?x43 ?x2655 (* (- 18) z) ?x49 ?x2651) 36)) (not (= ?x2113 0)) (not (= ?x1346 0)) (not (= ?x2607 0)) $x2334 $x1367)))
 (let ((?x924 (* y y y)))
 (let ((?x946 (* (- 4) ?x924)))
 (let ((?x898 (* 108 (* x x))))
 (let ((?x631 (* y y)))
 (let ((?x886 (* 24 ?x631)))
 (let ((?x1926 (* y x)))
 (let ((?x1927 (* 108 ?x1926)))
 (let ((?x927 (+ ?x1184 ?x1927 ?x2740 (* (- 2) (* z00 z00 z00 x)) (* 18 (* z00 z00 x)) ?x2516 ?x532 ?x886 ?x898 ?x946 (* 18 (* y00 z00 y)) ?x2071 (* (- 120) (* y00 y)) (* (- 24) (* z00 y)) ?x1103 (* (- 6) (* z00 y y)) ?x1139 (* (- 12) (* y00 y y)) ?x2335 (* (- 108) (* x00 y)) ?x592 (* (- 216) (* x00 x)) ?x196 ?x2436 (* (- 216) (* y00 x)) (* z00 z00 y y) ?x1417 (* (- 36) (* z00 x)) (* 36 (* y00 z00 x)) (* 10 (* z00 z00 y)) ?x1386 (* (- 1) (* z00 z00 z00 y)))))
 (let (($x2006 (= ?x927 0)))
 (let ((?x2629 (* y00 z y)))
 (let ((?x71 (* 72 y)))
 (let ((?x2020 (* z y y)))
 (let ((?x1590 (* x00 z)))
 (let ((?x1823 (* 18 ?x1590)))
 (let ((?x1549 (* z y)))
 (let ((?x1811 (* (- 12) ?x1549)))
 (let ((?x722 (* z00 y)))
 (let ((?x2162 (* 6 ?x722)))
 (let ((?x1237 (* y00 z)))
 (let ((?x1193 (* 12 ?x1237)))
 (let ((?x858 (* z x)))
 (let ((?x2746 (* (- 18) ?x858)))
 (let ((?x1944 (+ ?x635 (* (- 18) ?x1926) ?x2746 (* (- 3) (* z00 z00 x)) ?x2240 (* 3 (* x00 z00 z)) (* (- 1) (* y00 z00 y)) ?x1193 ?x1342 (* 36 (* y00 y)) ?x2162 ?x1811 (* (- 3) (* z00 z x)) (* 2 (* z00 y y)) ?x950 ?x1823 ?x2020 (* 18 (* x00 y)) ?x2070 ?x64 ?x585 (* 18 (* y00 x)) ?x71 ?x642 ?x2629 ?x2309 (* (- 2) (* y00 y00 z)) (* (- 3) (* z00 z00 y)))))
 (let ((?x2496 (* z00 z y)))
 (let ((?x1233 (* (- 6) ?x722)))
 (let ((?x632 (* 12 ?x631)))
 (let ((?x2518 (+ (* (- 1) (* y00 z00 z)) ?x1811 ?x2746 ?x1610 ?x632 ?x675 ?x1823 ?x1193 ?x820 (* 12 (* y00 y)) ?x64 ?x585 ?x1233 ?x71 ?x642 ?x99 (* (- 18) (* z00 x)) ?x2496 (* (- 1) (* z00 z00 y)))))
 (let ((?x1482 (* z00 z00 z)))
 (let ((?x1299 (* (- 12) ?x1237)))
 (let ((?x735 (+ (* (- 6) ?x1549) ?x515 ?x526 ?x1299 ?x2540 ?x64 ?x585 (* (- 6) (* z00 z)) ?x71 ?x642 ?x1482)))
 (let (($x1174 (= ?x1771 0)))
 (and $x1174 (= (+ ?x2787 ?x43 ?x2655 (* (- 6) z) ?x49 (* z z)) 0) (= ?x735 0) (= ?x2518 0) (= ?x1944 0) $x2006 $x1155))))))))))))))))))))))))))))))))))))))))))))))))))))))))))))))))))))))))))))))))))))))))))))))))))))))))))))))) :qid k!44))
 ))
 (let ((?x1854 (lambda ((x Int) (y Int) (z Int) (n Int) )(let ((?x237 (+ x y)))
 (let ((?x223 (+ y z)))
 (let ((?x634 (+ 6 z)))
 (let ((?x791 (+ 1 n)))
 (let ((?x1452 (* 6 (* ?x791 ?x791 ?x634 ?x634 ?x223 ?x237 ?x237))))
 (let ((?x1547 (* 5 (* ?x791 ?x634 ?x634 ?x223 ?x223 ?x237 ?x237))))
 (let ((?x1553 (+ (* 7 (* ?x634 ?x223)) ?x1547 ?x1452 (* (- 10) (* ?x791 ?x634 ?x223 ?x223 ?x237)))))
 (let ((?x395 (* (- 6) n00)))
 (let ((?x33 (* 6 n)))
 (let ((?x374 (* (- 1) z)))
 (let ((?x1771 (+ ?x374 z00 ?x33 ?x395)))
 (let (($x1367 (not (= (* ?x1771 ?x1553) 0))))
 (let ((?x1386 (* 108 (* x00 x00))))
 (let ((?x99 (* y00 z00 z00)))
 (let ((?x1417 (* (- 10) ?x99)))
 (let ((?x2436 (* 2 (* x00 z00 z00 z00))))
 (let ((?x196 (* y00 z00 z00 z00)))
 (let ((?x2061 (* x00 z00 z00)))
 (let ((?x592 (* (- 18) ?x2061)))
 (let ((?x2335 (* (- 36) (* x00 y00 z00))))
 (let ((?x657 (* y00 y00)))
 (let ((?x1139 (* 96 ?x657)))
 (let ((?x1103 (* 16 (* y00 y00 y00))))
 (let ((?x1518 (* y00 z00)))
 (let ((?x2071 (* 24 ?x1518)))
 (let ((?x161 (* y00 y00 z00 z00)))
 (let ((?x532 (* (- 1) ?x161)))
 (let ((?x113 (* y00 y00 z00)))
 (let ((?x2516 (* (- 12) ?x113)))
 (let ((?x1678 (* x00 z00)))
 (let ((?x2740 (* 36 ?x1678)))
 (let ((?x1160 (* x00 y00)))
 (let ((?x1184 (* 216 ?x1160)))
 (let ((?x1682 (+ ?x1184 (* 108 (* ?x223 ?x237)) ?x2740 (* (- 2) (* z00 z00 z00 ?x237)) (* 18 (* z00 z00 ?x237)) ?x2516 ?x532 (* 24 (* ?x223 ?x223)) (* 108 (* ?x237 ?x237)) (* (- 4) (* ?x223 ?x223 ?x223)) (* 18 (* y00 z00 ?x223)) ?x2071 (* (- 120) (* y00 ?x223)) (* (- 24) (* z00 ?x223)) ?x1103 (* (- 6) (* z00 ?x223 ?x223)) ?x1139 (* (- 12) (* y00 ?x223 ?x223)) ?x2335 (* (- 108) (* x00 ?x223)) ?x592 (* (- 216) (* x00 ?x237)) ?x196 ?x2436 (* (- 216) (* y00 ?x237)) (* z00 z00 ?x223 ?x223) ?x1417 (* (- 36) (* z00 ?x237)) (* 36 (* y00 z00 ?x237)) (* 10 (* z00 z00 ?x223)) ?x1386 (* (- 1) (* z00 z00 z00 ?x223)))))
 (let (($x2334 (not (= ?x1682 0))))
 (let ((?x1717 (* (- 3) ?x99)))
 (let ((?x74 (* 108 x00)))
 (let ((?x2734 (* (- 72) z)))
 (let ((?x67 (* 72 y00)))
 (let ((?x1967 (* (- 180) y)))
 (let ((?x1904 (* (- 108) x)))
 (let ((?x2666 (* (- 3) ?x2061)))
 (let ((?x2167 (* x00 ?x634)))
 (let ((?x1899 (* (- 18) ?x2167)))
 (let ((?x1667 (* 36 ?x657)))
 (let ((?x1848 (* ?x634 ?x223)))
 (let ((?x1736 (* 12 ?x1848)))
 (let ((?x2621 (* z00 ?x223)))
 (let ((?x468 (* (- 6) ?x2621)))
 (let ((?x820 (* 6 ?x1518)))
 (let ((?x1633 (* y00 ?x634)))
 (let ((?x1513 (* (- 12) ?x1633)))
 (let ((?x1092 (* y00 z00 ?x223)))
 (let ((?x2618 (* ?x634 ?x237)))
 (let ((?x2731 (* 18 ?x2618)))
 (let ((?x2160 (* 18 ?x1160)))
 (let ((?x1196 (+ ?x2160 (* 18 (* ?x223 ?x237)) ?x2731 (* 3 (* z00 z00 ?x237)) ?x113 (* (- 3) (* x00 z00 ?x634)) ?x1092 ?x1513 ?x820 (* (- 36) (* y00 ?x223)) ?x468 ?x1736 (* 3 (* z00 ?x634 ?x237)) (* (- 2) (* z00 ?x223 ?x223)) ?x1667 ?x1899 (* (- 1) (* ?x634 ?x223 ?x223)) (* (- 18) (* x00 ?x223)) ?x2666 ?x1904 ?x1967 ?x67 (* (- 18) (* y00 ?x237)) ?x2734 ?x74 (* (- 1) (* y00 ?x634 ?x223)) ?x1717 (* 2 (* y00 y00 ?x634)) (* 3 (* z00 z00 ?x223)))))
 (let ((?x1998 (* z00 z00 ?x223)))
 (let ((?x826 (* (- 1) ?x99)))
 (let ((?x2645 (* 6 ?x2621)))
 (let ((?x1342 (* (- 6) ?x1518)))
 (let ((?x659 (* 24 ?x657)))
 (let ((?x1726 (* (- 18) ?x1678)))
 (let ((?x1990 (* y00 z00 ?x634)))
 (let ((?x1166 (+ ?x1990 ?x1736 ?x2731 ?x1726 (* (- 12) (* ?x223 ?x223)) ?x659 ?x1899 ?x1513 ?x1342 (* (- 12) (* y00 ?x223)) ?x1904 ?x1967 ?x67 ?x2645 ?x2734 ?x74 ?x826 (* 18 (* z00 ?x237)) (* (- 1) (* z00 ?x634 ?x223)) ?x1998)))
 (let ((?x1140 (* (- 18) ?x1518)))
 (let ((?x2652 (* 12 ?x1633)))
 (let ((?x422 (* z00 z00)))
 (let ((?x2733 (* (- 6) ?x422)))
 (let ((?x55 (* z00 z00 z00)))
 (let ((?x591 (+ (* 6 ?x1848) ?x55 ?x2733 ?x2652 ?x1140 ?x1904 ?x1967 ?x67 (* 6 (* z00 ?x634)) ?x2734 ?x74 (* (- 1) (* z00 z00 ?x634)))))
 (let ((?x492 (* (- 6) z00)))
 (let ((?x45 (* 12 y)))
 (let ((?x493 (* (- 12) y00)))
 (let (($x2029 (= (+ ?x422 ?x493 ?x45 (* 18 z) ?x492 (* (- 1) (* ?x634 ?x634))) (- 36))))
 (let (($x1407 (= (+ z (* (- 1) z00) (* (- 6) n) (* 6 n00)) 0)))
 (let (($x2300 (or (not $x1407) (not $x2029) (not (= ?x591 0)) (not (= ?x1166 0)) (not (= ?x1196 0)) $x2334 $x1367)))
 (let ((?x924 (* y y y)))
 (let ((?x946 (* (- 4) ?x924)))
 (let ((?x898 (* 108 (* x x))))
 (let ((?x631 (* y y)))
 (let ((?x886 (* 24 ?x631)))
 (let ((?x1926 (* y x)))
 (let ((?x1927 (* 108 ?x1926)))
 (let ((?x927 (+ ?x1184 ?x1927 ?x2740 (* (- 2) (* z00 z00 z00 x)) (* 18 (* z00 z00 x)) ?x2516 ?x532 ?x886 ?x898 ?x946 (* 18 (* y00 z00 y)) ?x2071 (* (- 120) (* y00 y)) (* (- 24) (* z00 y)) ?x1103 (* (- 6) (* z00 y y)) ?x1139 (* (- 12) (* y00 y y)) ?x2335 (* (- 108) (* x00 y)) ?x592 (* (- 216) (* x00 x)) ?x196 ?x2436 (* (- 216) (* y00 x)) (* z00 z00 y y) ?x1417 (* (- 36) (* z00 x)) (* 36 (* y00 z00 x)) (* 10 (* z00 z00 y)) ?x1386 (* (- 1) (* z00 z00 z00 y)))))
 (let (($x2006 (= ?x927 0)))
 (let ((?x670 (* (- 72) y)))
 (let ((?x2053 (* x00 y)))
 (let ((?x2285 (* (- 18) ?x2053)))
 (let ((?x1590 (* x00 z)))
 (let ((?x1813 (* (- 18) ?x1590)))
 (let ((?x1549 (* z y)))
 (let ((?x1719 (* 12 ?x1549)))
 (let ((?x722 (* z00 y)))
 (let ((?x1233 (* (- 6) ?x722)))
 (let ((?x1237 (* y00 z)))
 (let ((?x1299 (* (- 12) ?x1237)))
 (let ((?x2465 (* y00 z00 y)))
 (let ((?x858 (* z x)))
 (let ((?x1718 (* 18 ?x858)))
 (let ((?x676 (+ ?x2160 (* 18 ?x1926) ?x1718 (* 3 (* z00 z00 x)) ?x113 (* (- 3) (* x00 z00 z)) ?x2465 ?x1299 ?x820 (* (- 36) (* y00 y)) ?x1233 ?x1719 (* 3 (* z00 z x)) (* (- 2) (* z00 y y)) ?x1667 ?x1813 (* (- 1) (* z y y)) ?x2285 ?x2666 ?x1904 ?x67 (* (- 18) (* y00 x)) ?x670 ?x74 (* (- 1) (* y00 z y)) ?x1717 (* 2 (* y00 y00 z)) (* 3 (* z00 z00 y)))))
 (let ((?x2508 (* z00 z00 y)))
 (let ((?x2162 (* 6 ?x722)))
 (let ((?x1807 (* (- 12) ?x631)))
 (let ((?x1263 (* y00 z00 z)))
 (let ((?x2853 (+ ?x1263 ?x1719 ?x1718 ?x1726 ?x1807 ?x659 ?x1813 ?x1299 ?x1342 (* (- 12) (* y00 y)) ?x1904 ?x67 ?x2162 ?x670 ?x74 ?x826 (* 18 (* z00 x)) (* (- 1) (* z00 z y)) ?x2508)))
 (let ((?x1193 (* 12 ?x1237)))
 (let ((?x2497 (+ (* 6 ?x1549) ?x55 ?x2733 ?x1193 ?x1140 ?x1904 ?x67 (* 6 (* z00 z)) ?x670 ?x74 (* (- 1) (* z00 z00 z)))))
 (let (($x2171 (= (+ ?x422 ?x493 ?x45 (* 6 z) ?x492 (* (- 1) (* z z))) 0)))
 (let (($x2303 (and $x1407 $x2171 (= ?x2497 0) (= ?x2853 0) (= ?x676 0) $x2006 $x2300)))
 (let ((?x2309 (* 3 ?x99)))
 (let ((?x1446 (* y00 ?x634 ?x223)))
 (let ((?x642 (* (- 108) x00)))
 (let ((?x1454 (* 72 z)))
 (let ((?x585 (* (- 72) y00)))
 (let ((?x1462 (* 180 y)))
 (let ((?x64 (* 108 x)))
 (let ((?x2070 (* 3 ?x2061)))
 (let ((?x1727 (* ?x634 ?x223 ?x223)))
 (let ((?x2168 (* 18 ?x2167)))
 (let ((?x950 (* (- 36) ?x657)))
 (let ((?x1524 (* (- 12) ?x1848)))
 (let ((?x2240 (* (- 1) ?x113)))
 (let ((?x1405 (* (- 18) ?x2618)))
 (let ((?x635 (* (- 18) ?x1160)))
 (let ((?x2607 (+ ?x635 (* (- 18) (* ?x223 ?x237)) ?x1405 (* (- 3) (* z00 z00 ?x237)) ?x2240 (* 3 (* x00 z00 ?x634)) (* (- 1) ?x1092) ?x2652 ?x1342 (* 36 (* y00 ?x223)) ?x2645 ?x1524 (* (- 3) (* z00 ?x634 ?x237)) (* 2 (* z00 ?x223 ?x223)) ?x950 ?x2168 ?x1727 (* 18 (* x00 ?x223)) ?x2070 ?x64 ?x1462 ?x585 (* 18 (* y00 ?x237)) ?x1454 ?x642 ?x1446 ?x2309 (* (- 2) (* y00 y00 ?x634)) (* (- 3) ?x1998))))
 (let ((?x1559 (* z00 ?x634 ?x223)))
 (let ((?x675 (* (- 24) ?x657)))
 (let ((?x1610 (* 18 ?x1678)))
 (let ((?x1346 (+ (* (- 1) ?x1990) ?x1524 ?x1405 ?x1610 (* 12 (* ?x223 ?x223)) ?x675 ?x2168 ?x2652 ?x820 (* 12 (* y00 ?x223)) ?x64 ?x1462 ?x585 ?x468 ?x1454 ?x642 ?x99 (* (- 18) (* z00 ?x237)) ?x1559 (* (- 1) ?x1998))))
 (let ((?x948 (* z00 z00 ?x634)))
 (let ((?x2540 (* 18 ?x1518)))
 (let ((?x526 (* 6 ?x422)))
 (let ((?x515 (* (- 1) ?x55)))
 (let ((?x2113 (+ (* (- 6) ?x1848) ?x515 ?x526 ?x1513 ?x2540 ?x64 ?x1462 ?x585 (* (- 6) (* z00 ?x634)) ?x1454 ?x642 ?x948)))
 (let ((?x2651 (* ?x634 ?x634)))
 (let ((?x49 (* 6 z00)))
 (let ((?x2655 (* (- 12) y)))
 (let ((?x43 (* 12 y00)))
 (let ((?x2787 (* (- 1) ?x422)))
 (let (($x1155 (or (not (= ?x1771 0)) (not (= (+ ?x2787 ?x43 ?x2655 (* (- 18) z) ?x49 ?x2651) 36)) (not (= ?x2113 0)) (not (= ?x1346 0)) (not (= ?x2607 0)) $x2334 $x1367)))
 (let ((?x2629 (* y00 z y)))
 (let ((?x71 (* 72 y)))
 (let ((?x2020 (* z y y)))
 (let ((?x1823 (* 18 ?x1590)))
 (let ((?x1811 (* (- 12) ?x1549)))
 (let ((?x2746 (* (- 18) ?x858)))
 (let ((?x1944 (+ ?x635 (* (- 18) ?x1926) ?x2746 (* (- 3) (* z00 z00 x)) ?x2240 (* 3 (* x00 z00 z)) (* (- 1) ?x2465) ?x1193 ?x1342 (* 36 (* y00 y)) ?x2162 ?x1811 (* (- 3) (* z00 z x)) (* 2 (* z00 y y)) ?x950 ?x1823 ?x2020 (* 18 ?x2053) ?x2070 ?x64 ?x585 (* 18 (* y00 x)) ?x71 ?x642 ?x2629 ?x2309 (* (- 2) (* y00 y00 z)) (* (- 3) ?x2508))))
 (let ((?x2496 (* z00 z y)))
 (let ((?x632 (* 12 ?x631)))
 (let ((?x2518 (+ (* (- 1) ?x1263) ?x1811 ?x2746 ?x1610 ?x632 ?x675 ?x1823 ?x1193 ?x820 (* 12 (* y00 y)) ?x64 ?x585 ?x1233 ?x71 ?x642 ?x99 (* (- 18) (* z00 x)) ?x2496 (* (- 1) ?x2508))))
 (let ((?x1482 (* z00 z00 z)))
 (let ((?x735 (+ (* (- 6) ?x1549) ?x515 ?x526 ?x1299 ?x2540 ?x64 ?x585 (* (- 6) (* z00 z)) ?x71 ?x642 ?x1482)))
 (let (($x1174 (= ?x1771 0)))
 (let (($x2660 (and $x1174 (= (+ ?x2787 ?x43 ?x2655 (* (- 6) z) ?x49 (* z z)) 0) (= ?x735 0) (= ?x2518 0) (= ?x1944 0) $x2006 $x1155)))
 (rewrite (= $x2660 $x2303))))))))))))))))))))))))))))))))))))))))))))))))))))))))))))))))))))))))))))))))))))))))))))))))))))))))))))))))))))))))))))))))))))))))))))))))))))))))))))))
 ))
 (let (($x369 (exists ((x Int) (y Int) (z Int) (n Int) )(! (let ((?x36 (* 6 n00)))
 (let ((?x220 (- (+ (* (- 1) (+ z 6)) z00 (* 6 (+ n 1))) ?x36)))
 (let ((?x215 (+ z 6)))
 (let ((?x223 (+ y z)))
 (let ((?x237 (+ x y)))
 (let ((?x217 (+ n 1)))
 (let ((?x361 (+ (* 7 ?x223 ?x215) (* 5 ?x217 ?x237 ?x237 ?x223 ?x223 ?x215 ?x215) (* 6 ?x217 ?x217 ?x237 ?x237 ?x223 ?x215 ?x215))))
 (let (($x366 (not (= (* (- ?x361 (* 10 ?x217 ?x237 ?x223 ?x223 ?x215)) ?x220) 0))))
 (let ((?x210 (* 108 x00 x00)))
 (let ((?x204 (* 10 y00 z00 z00)))
 (let ((?x197 (* 2 x00 z00 z00 z00)))
 (let ((?x196 (* y00 z00 z00 z00)))
 (let ((?x189 (* 18 x00 z00 z00)))
 (let ((?x187 (* 36 x00 y00 z00)))
 (let ((?x184 (* 96 y00 y00)))
 (let ((?x179 (* 16 y00 y00 y00)))
 (let ((?x171 (* 24 y00 z00)))
 (let ((?x161 (* y00 y00 z00 z00)))
 (let ((?x160 (* 12 y00 y00 z00)))
 (let ((?x313 (- (+ (* 216 x00 y00) (* 108 ?x237 ?x223) (* 36 x00 z00)) (* 2 ?x237 z00 z00 z00))))
 (let ((?x320 (+ (- (- (+ ?x313 (* 18 ?x237 z00 z00)) ?x160) ?x161) (* 24 ?x223 ?x223) (* 108 ?x237 ?x237))))
 (let ((?x324 (+ (- ?x320 (* 4 ?x223 ?x223 ?x223)) (* 18 ?x223 y00 z00) ?x171)))
 (let ((?x331 (- (+ (- (- ?x324 (* 120 ?x223 y00)) (* 24 ?x223 z00)) ?x179) (* 6 ?x223 ?x223 z00))))
 (let ((?x338 (- (- (- (+ ?x331 ?x184) (* 12 ?x223 ?x223 y00)) ?x187) (* 108 x00 ?x223))))
 (let ((?x343 (- (+ (- (- ?x338 ?x189) (* 216 ?x237 x00)) ?x196 ?x197) (* 216 ?x237 y00))))
 (let ((?x348 (- (- (+ ?x343 (* ?x223 ?x223 z00 z00)) ?x204) (* 36 ?x237 z00))))
 (let ((?x353 (- (+ ?x348 (* 36 ?x237 y00 z00) (* 10 ?x223 z00 z00) ?x210) (* ?x223 z00 z00 z00))))
 (let ((?x144 (* 3 y00 z00 z00)))
 (let ((?x74 (* 108 x00)))
 (let ((?x243 (* 72 ?x223)))
 (let ((?x67 (* 72 y00)))
 (let ((?x238 (* 108 ?x237)))
 (let ((?x137 (* 3 x00 z00 z00)))
 (let ((?x258 (* 18 x00 ?x215)))
 (let ((?x133 (* 36 y00 y00)))
 (let ((?x251 (* 12 ?x223 ?x215)))
 (let ((?x261 (* 6 ?x223 z00)))
 (let ((?x91 (* 6 y00 z00)))
 (let ((?x235 (* 12 y00 ?x215)))
 (let ((?x113 (* y00 y00 z00)))
 (let ((?x252 (* 18 ?x237 ?x215)))
 (let ((?x279 (- (- (- (* (- 18) x00 y00) (* 18 ?x237 ?x223)) ?x252) (* 3 ?x237 z00 z00))))
 (let ((?x284 (- (+ (- ?x279 ?x113) (* 3 x00 ?x215 z00)) (* ?x223 y00 z00))))
 (let ((?x291 (- (- (+ (- (+ ?x284 ?x235) ?x91) (* 36 ?x223 y00) ?x261) ?x251) (* 3 ?x237 ?x215 z00))))
 (let ((?x297 (+ (- (+ ?x291 (* 2 ?x223 ?x223 z00)) ?x133) ?x258 (* ?x223 ?x223 ?x215) (* 18 x00 ?x223) ?x137 ?x238)))
 (let ((?x303 (+ (- (+ (- ?x297 ?x67) (* 18 ?x237 y00) ?x243) ?x74) (* ?x223 y00 ?x215) ?x144)))
 (let (($x308 (= (- (- ?x303 (* 2 y00 y00 ?x215)) (* 3 ?x223 z00 z00)) 0)))
 (let ((?x99 (* y00 z00 z00)))
 (let ((?x88 (* 24 y00 y00)))
 (let ((?x84 (* 18 x00 z00)))
 (let ((?x256 (+ (- (- (* (- 1) y00 ?x215 z00) ?x251) ?x252) ?x84 (* 12 ?x223 ?x223))))
 (let ((?x262 (- (+ (- ?x256 ?x88) ?x258 ?x235 ?x91 (* 12 ?x223 y00) ?x238) ?x67)))
 (let ((?x270 (+ (- (+ (- (+ (- ?x262 ?x261) ?x243) ?x74) ?x99) (* 18 ?x237 z00)) (* ?x223 ?x215 z00))))
 (let ((?x62 (* 18 y00 z00)))
 (let ((?x57 (* 6 z00 z00)))
 (let ((?x236 (- (+ (- (* (- 6) ?x223 ?x215) (* z00 z00 z00)) ?x57) ?x235)))
 (let ((?x245 (- (+ (- (- (+ ?x236 ?x62 ?x238) ?x67) (* 6 ?x215 z00)) ?x243) ?x74)))
 (let ((?x49 (* 6 z00)))
 (let ((?x227 (- (- (+ (* (- 1) z00 z00) (* 12 y00)) (* 12 ?x223)) (* 6 ?x215))))
 (let (($x367 (or (not (= ?x220 0)) (not (= (+ ?x227 ?x49 (* ?x215 ?x215)) 0)) (not (= (+ ?x245 (* ?x215 z00 z00)) 0)) (not (= (- ?x270 (* ?x223 z00 z00)) 0)) (not $x308) (not (= ?x353 0)) $x366)))
 (let ((?x212 (* y z00 z00 z00)))
 (let ((?x201 (* y y z00 z00)))
 (let ((?x157 (- (+ (* 216 x00 y00) (* 108 x y) (* 36 x00 z00)) (* 2 x z00 z00 z00))))
 (let ((?x166 (+ (- (- (+ ?x157 (* 18 x z00 z00)) ?x160) ?x161) (* 24 y y) (* 108 x x))))
 (let ((?x172 (+ (- ?x166 (* 4 y y y)) (* 18 y y00 z00) ?x171)))
 (let ((?x182 (- (+ (- (- ?x172 (* 120 y y00)) (* 24 y z00)) ?x179) (* 6 y y z00))))
 (let ((?x193 (- (- (- (+ ?x182 ?x184) (* 12 y y y00)) ?x187) (* 108 x00 y))))
 (let ((?x200 (- (+ (- (- ?x193 ?x189) (* 216 x x00)) ?x196 ?x197) (* 216 x y00))))
 (let ((?x211 (+ (- (- (+ ?x200 ?x201) ?x204) (* 36 x z00)) (* 36 x y00 z00) (* 10 y z00 z00) ?x210)))
 (let ((?x71 (* 72 y)))
 (let ((?x64 (* 108 x)))
 (let ((?x135 (* y y z)))
 (let ((?x90 (* 18 x00 z)))
 (let ((?x80 (* 12 y z)))
 (let ((?x94 (* 6 y z00)))
 (let ((?x59 (* 12 y00 z)))
 (let ((?x120 (* y y00 z00)))
 (let ((?x81 (* 18 x z)))
 (let ((?x116 (- (- (- (* (- 18) x00 y00) (* 18 x y)) ?x81) (* 3 x z00 z00))))
 (let ((?x123 (- (+ (- (+ (- ?x116 ?x113) (* 3 x00 z z00)) ?x120) ?x59) ?x91)))
 (let ((?x129 (- (- (+ ?x123 (* 36 y y00) ?x94) ?x80) (* 3 x z z00))))
 (let ((?x138 (+ (- (+ ?x129 (* 2 y y z00)) ?x133) ?x90 ?x135 (* 18 x00 y) ?x137 ?x64)))
 (let ((?x145 (+ (- (+ (- ?x138 ?x67) (* 18 x y00) ?x71) ?x74) (* y y00 z) ?x144)))
 (let (($x150 (= (- (- ?x145 (* 2 y00 y00 z)) (* 3 y z00 z00)) 0)))
 (let ((?x105 (* y z00 z00)))
 (let ((?x103 (* y z z00)))
 (let ((?x86 (+ (- (- (* (- 1) y00 z z00) ?x80) ?x81) ?x84 (* 12 y y))))
 (let ((?x95 (- (+ (- ?x86 ?x88) ?x90 ?x59 ?x91 (* 12 y y00) ?x64) ?x67)))
 (let ((?x104 (+ (- (+ (- (+ (- ?x95 ?x94) ?x71) ?x74) ?x99) (* 18 x z00)) ?x103)))
 (let ((?x76 (* z z00 z00)))
 (let ((?x60 (- (+ (- (* (- 6) y z) (* z00 z00 z00)) ?x57) ?x59)))
 (let ((?x75 (- (+ (- (- (+ ?x60 ?x62 ?x64) ?x67) (* 6 z z00)) ?x71) ?x74)))
 (let ((?x50 (* z z)))
 (let ((?x46 (* 6 z)))
 (let ((?x48 (- (- (+ (* (- 1) z00 z00) (* 12 y00)) (* 12 y)) ?x46)))
 (and (= (- (+ (* (- 1) z) z00 (* 6 n)) ?x36) 0) (= (+ ?x48 ?x49 ?x50) 0) (= (+ ?x75 ?x76) 0) (= (- ?x104 ?x105) 0) $x150 (= (- ?x211 ?x212) 0) $x367)))))))))))))))))))))))))))))))))))))))))))))))))))))))))))))))))))))))))))))))))))))))))))))))) :qid k!44))
 ))
 (let ((?x1500 (lambda ((x Int) (y Int) (z Int) (n Int) )(let ((?x237 (+ x y)))
 (let ((?x223 (+ y z)))
 (let ((?x634 (+ 6 z)))
 (let ((?x791 (+ 1 n)))
 (let ((?x1452 (* 6 (* ?x791 ?x791 ?x634 ?x634 ?x223 ?x237 ?x237))))
 (let ((?x1547 (* 5 (* ?x791 ?x634 ?x634 ?x223 ?x223 ?x237 ?x237))))
 (let ((?x1553 (+ (* 7 (* ?x634 ?x223)) ?x1547 ?x1452 (* (- 10) (* ?x791 ?x634 ?x223 ?x223 ?x237)))))
 (let ((?x395 (* (- 6) n00)))
 (let ((?x33 (* 6 n)))
 (let ((?x374 (* (- 1) z)))
 (let ((?x1771 (+ ?x374 z00 ?x33 ?x395)))
 (let (($x1367 (not (= (* ?x1771 ?x1553) 0))))
 (let ((?x1386 (* 108 (* x00 x00))))
 (let ((?x99 (* y00 z00 z00)))
 (let ((?x1417 (* (- 10) ?x99)))
 (let ((?x2436 (* 2 (* x00 z00 z00 z00))))
 (let ((?x196 (* y00 z00 z00 z00)))
 (let ((?x2061 (* x00 z00 z00)))
 (let ((?x592 (* (- 18) ?x2061)))
 (let ((?x2335 (* (- 36) (* x00 y00 z00))))
 (let ((?x657 (* y00 y00)))
 (let ((?x1139 (* 96 ?x657)))
 (let ((?x1103 (* 16 (* y00 y00 y00))))
 (let ((?x1518 (* y00 z00)))
 (let ((?x2071 (* 24 ?x1518)))
 (let ((?x161 (* y00 y00 z00 z00)))
 (let ((?x532 (* (- 1) ?x161)))
 (let ((?x113 (* y00 y00 z00)))
 (let ((?x2516 (* (- 12) ?x113)))
 (let ((?x1678 (* x00 z00)))
 (let ((?x2740 (* 36 ?x1678)))
 (let ((?x1160 (* x00 y00)))
 (let ((?x1184 (* 216 ?x1160)))
 (let ((?x1682 (+ ?x1184 (* 108 (* ?x223 ?x237)) ?x2740 (* (- 2) (* z00 z00 z00 ?x237)) (* 18 (* z00 z00 ?x237)) ?x2516 ?x532 (* 24 (* ?x223 ?x223)) (* 108 (* ?x237 ?x237)) (* (- 4) (* ?x223 ?x223 ?x223)) (* 18 (* y00 z00 ?x223)) ?x2071 (* (- 120) (* y00 ?x223)) (* (- 24) (* z00 ?x223)) ?x1103 (* (- 6) (* z00 ?x223 ?x223)) ?x1139 (* (- 12) (* y00 ?x223 ?x223)) ?x2335 (* (- 108) (* x00 ?x223)) ?x592 (* (- 216) (* x00 ?x237)) ?x196 ?x2436 (* (- 216) (* y00 ?x237)) (* z00 z00 ?x223 ?x223) ?x1417 (* (- 36) (* z00 ?x237)) (* 36 (* y00 z00 ?x237)) (* 10 (* z00 z00 ?x223)) ?x1386 (* (- 1) (* z00 z00 z00 ?x223)))))
 (let (($x2334 (not (= ?x1682 0))))
 (let ((?x2309 (* 3 ?x99)))
 (let ((?x1446 (* y00 ?x634 ?x223)))
 (let ((?x642 (* (- 108) x00)))
 (let ((?x1454 (* 72 z)))
 (let ((?x585 (* (- 72) y00)))
 (let ((?x1462 (* 180 y)))
 (let ((?x64 (* 108 x)))
 (let ((?x2070 (* 3 ?x2061)))
 (let ((?x1727 (* ?x634 ?x223 ?x223)))
 (let ((?x2167 (* x00 ?x634)))
 (let ((?x2168 (* 18 ?x2167)))
 (let ((?x950 (* (- 36) ?x657)))
 (let ((?x1848 (* ?x634 ?x223)))
 (let ((?x1524 (* (- 12) ?x1848)))
 (let ((?x2621 (* z00 ?x223)))
 (let ((?x2645 (* 6 ?x2621)))
 (let ((?x1342 (* (- 6) ?x1518)))
 (let ((?x1633 (* y00 ?x634)))
 (let ((?x2652 (* 12 ?x1633)))
 (let ((?x2240 (* (- 1) ?x113)))
 (let ((?x2618 (* ?x634 ?x237)))
 (let ((?x1405 (* (- 18) ?x2618)))
 (let ((?x635 (* (- 18) ?x1160)))
 (let ((?x2607 (+ ?x635 (* (- 18) (* ?x223 ?x237)) ?x1405 (* (- 3) (* z00 z00 ?x237)) ?x2240 (* 3 (* x00 z00 ?x634)) (* (- 1) (* y00 z00 ?x223)) ?x2652 ?x1342 (* 36 (* y00 ?x223)) ?x2645 ?x1524 (* (- 3) (* z00 ?x634 ?x237)) (* 2 (* z00 ?x223 ?x223)) ?x950 ?x2168 ?x1727 (* 18 (* x00 ?x223)) ?x2070 ?x64 ?x1462 ?x585 (* 18 (* y00 ?x237)) ?x1454 ?x642 ?x1446 ?x2309 (* (- 2) (* y00 y00 ?x634)) (* (- 3) (* z00 z00 ?x223)))))
 (let ((?x1559 (* z00 ?x634 ?x223)))
 (let ((?x468 (* (- 6) ?x2621)))
 (let ((?x820 (* 6 ?x1518)))
 (let ((?x675 (* (- 24) ?x657)))
 (let ((?x1610 (* 18 ?x1678)))
 (let ((?x1346 (+ (* (- 1) (* y00 z00 ?x634)) ?x1524 ?x1405 ?x1610 (* 12 (* ?x223 ?x223)) ?x675 ?x2168 ?x2652 ?x820 (* 12 (* y00 ?x223)) ?x64 ?x1462 ?x585 ?x468 ?x1454 ?x642 ?x99 (* (- 18) (* z00 ?x237)) ?x1559 (* (- 1) (* z00 z00 ?x223)))))
 (let ((?x948 (* z00 z00 ?x634)))
 (let ((?x2540 (* 18 ?x1518)))
 (let ((?x1513 (* (- 12) ?x1633)))
 (let ((?x422 (* z00 z00)))
 (let ((?x526 (* 6 ?x422)))
 (let ((?x55 (* z00 z00 z00)))
 (let ((?x515 (* (- 1) ?x55)))
 (let ((?x2113 (+ (* (- 6) ?x1848) ?x515 ?x526 ?x1513 ?x2540 ?x64 ?x1462 ?x585 (* (- 6) (* z00 ?x634)) ?x1454 ?x642 ?x948)))
 (let ((?x2651 (* ?x634 ?x634)))
 (let ((?x49 (* 6 z00)))
 (let ((?x2655 (* (- 12) y)))
 (let ((?x43 (* 12 y00)))
 (let ((?x2787 (* (- 1) ?x422)))
 (let (($x1155 (or (not (= ?x1771 0)) (not (= (+ ?x2787 ?x43 ?x2655 (* (- 18) z) ?x49 ?x2651) 36)) (not (= ?x2113 0)) (not (= ?x1346 0)) (not (= ?x2607 0)) $x2334 $x1367)))
 (let ((?x924 (* y y y)))
 (let ((?x946 (* (- 4) ?x924)))
 (let ((?x898 (* 108 (* x x))))
 (let ((?x631 (* y y)))
 (let ((?x886 (* 24 ?x631)))
 (let ((?x1926 (* y x)))
 (let ((?x1927 (* 108 ?x1926)))
 (let ((?x927 (+ ?x1184 ?x1927 ?x2740 (* (- 2) (* z00 z00 z00 x)) (* 18 (* z00 z00 x)) ?x2516 ?x532 ?x886 ?x898 ?x946 (* 18 (* y00 z00 y)) ?x2071 (* (- 120) (* y00 y)) (* (- 24) (* z00 y)) ?x1103 (* (- 6) (* z00 y y)) ?x1139 (* (- 12) (* y00 y y)) ?x2335 (* (- 108) (* x00 y)) ?x592 (* (- 216) (* x00 x)) ?x196 ?x2436 (* (- 216) (* y00 x)) (* z00 z00 y y) ?x1417 (* (- 36) (* z00 x)) (* 36 (* y00 z00 x)) (* 10 (* z00 z00 y)) ?x1386 (* (- 1) (* z00 z00 z00 y)))))
 (let (($x2006 (= ?x927 0)))
 (let ((?x2629 (* y00 z y)))
 (let ((?x71 (* 72 y)))
 (let ((?x2020 (* z y y)))
 (let ((?x1590 (* x00 z)))
 (let ((?x1823 (* 18 ?x1590)))
 (let ((?x1549 (* z y)))
 (let ((?x1811 (* (- 12) ?x1549)))
 (let ((?x722 (* z00 y)))
 (let ((?x2162 (* 6 ?x722)))
 (let ((?x1237 (* y00 z)))
 (let ((?x1193 (* 12 ?x1237)))
 (let ((?x858 (* z x)))
 (let ((?x2746 (* (- 18) ?x858)))
 (let ((?x1944 (+ ?x635 (* (- 18) ?x1926) ?x2746 (* (- 3) (* z00 z00 x)) ?x2240 (* 3 (* x00 z00 z)) (* (- 1) (* y00 z00 y)) ?x1193 ?x1342 (* 36 (* y00 y)) ?x2162 ?x1811 (* (- 3) (* z00 z x)) (* 2 (* z00 y y)) ?x950 ?x1823 ?x2020 (* 18 (* x00 y)) ?x2070 ?x64 ?x585 (* 18 (* y00 x)) ?x71 ?x642 ?x2629 ?x2309 (* (- 2) (* y00 y00 z)) (* (- 3) (* z00 z00 y)))))
 (let ((?x2496 (* z00 z y)))
 (let ((?x1233 (* (- 6) ?x722)))
 (let ((?x632 (* 12 ?x631)))
 (let ((?x2518 (+ (* (- 1) (* y00 z00 z)) ?x1811 ?x2746 ?x1610 ?x632 ?x675 ?x1823 ?x1193 ?x820 (* 12 (* y00 y)) ?x64 ?x585 ?x1233 ?x71 ?x642 ?x99 (* (- 18) (* z00 x)) ?x2496 (* (- 1) (* z00 z00 y)))))
 (let ((?x1482 (* z00 z00 z)))
 (let ((?x1299 (* (- 12) ?x1237)))
 (let ((?x735 (+ (* (- 6) ?x1549) ?x515 ?x526 ?x1299 ?x2540 ?x64 ?x585 (* (- 6) (* z00 z)) ?x71 ?x642 ?x1482)))
 (let (($x1174 (= ?x1771 0)))
 (let (($x2660 (and $x1174 (= (+ ?x2787 ?x43 ?x2655 (* (- 6) z) ?x49 (* z z)) 0) (= ?x735 0) (= ?x2518 0) (= ?x1944 0) $x2006 $x1155)))
 (let ((?x36 (* 6 n00)))
 (let ((?x220 (- (+ (* (- 1) (+ z 6)) z00 (* 6 (+ n 1))) ?x36)))
 (let ((?x215 (+ z 6)))
 (let ((?x217 (+ n 1)))
 (let ((?x361 (+ (* 7 ?x223 ?x215) (* 5 ?x217 ?x237 ?x237 ?x223 ?x223 ?x215 ?x215) (* 6 ?x217 ?x217 ?x237 ?x237 ?x223 ?x215 ?x215))))
 (let (($x366 (not (= (* (- ?x361 (* 10 ?x217 ?x237 ?x223 ?x223 ?x215)) ?x220) 0))))
 (let ((?x210 (* 108 x00 x00)))
 (let ((?x204 (* 10 y00 z00 z00)))
 (let ((?x197 (* 2 x00 z00 z00 z00)))
 (let ((?x189 (* 18 x00 z00 z00)))
 (let ((?x187 (* 36 x00 y00 z00)))
 (let ((?x184 (* 96 y00 y00)))
 (let ((?x179 (* 16 y00 y00 y00)))
 (let ((?x171 (* 24 y00 z00)))
 (let ((?x160 (* 12 y00 y00 z00)))
 (let ((?x313 (- (+ (* 216 x00 y00) (* 108 ?x237 ?x223) (* 36 x00 z00)) (* 2 ?x237 z00 z00 z00))))
 (let ((?x320 (+ (- (- (+ ?x313 (* 18 ?x237 z00 z00)) ?x160) ?x161) (* 24 ?x223 ?x223) (* 108 ?x237 ?x237))))
 (let ((?x324 (+ (- ?x320 (* 4 ?x223 ?x223 ?x223)) (* 18 ?x223 y00 z00) ?x171)))
 (let ((?x331 (- (+ (- (- ?x324 (* 120 ?x223 y00)) (* 24 ?x223 z00)) ?x179) (* 6 ?x223 ?x223 z00))))
 (let ((?x338 (- (- (- (+ ?x331 ?x184) (* 12 ?x223 ?x223 y00)) ?x187) (* 108 x00 ?x223))))
 (let ((?x343 (- (+ (- (- ?x338 ?x189) (* 216 ?x237 x00)) ?x196 ?x197) (* 216 ?x237 y00))))
 (let ((?x348 (- (- (+ ?x343 (* ?x223 ?x223 z00 z00)) ?x204) (* 36 ?x237 z00))))
 (let ((?x353 (- (+ ?x348 (* 36 ?x237 y00 z00) (* 10 ?x223 z00 z00) ?x210) (* ?x223 z00 z00 z00))))
 (let ((?x144 (* 3 y00 z00 z00)))
 (let ((?x74 (* 108 x00)))
 (let ((?x243 (* 72 ?x223)))
 (let ((?x67 (* 72 y00)))
 (let ((?x238 (* 108 ?x237)))
 (let ((?x137 (* 3 x00 z00 z00)))
 (let ((?x258 (* 18 x00 ?x215)))
 (let ((?x133 (* 36 y00 y00)))
 (let ((?x251 (* 12 ?x223 ?x215)))
 (let ((?x261 (* 6 ?x223 z00)))
 (let ((?x91 (* 6 y00 z00)))
 (let ((?x235 (* 12 y00 ?x215)))
 (let ((?x252 (* 18 ?x237 ?x215)))
 (let ((?x279 (- (- (- (* (- 18) x00 y00) (* 18 ?x237 ?x223)) ?x252) (* 3 ?x237 z00 z00))))
 (let ((?x284 (- (+ (- ?x279 ?x113) (* 3 x00 ?x215 z00)) (* ?x223 y00 z00))))
 (let ((?x291 (- (- (+ (- (+ ?x284 ?x235) ?x91) (* 36 ?x223 y00) ?x261) ?x251) (* 3 ?x237 ?x215 z00))))
 (let ((?x297 (+ (- (+ ?x291 (* 2 ?x223 ?x223 z00)) ?x133) ?x258 (* ?x223 ?x223 ?x215) (* 18 x00 ?x223) ?x137 ?x238)))
 (let ((?x303 (+ (- (+ (- ?x297 ?x67) (* 18 ?x237 y00) ?x243) ?x74) (* ?x223 y00 ?x215) ?x144)))
 (let (($x308 (= (- (- ?x303 (* 2 y00 y00 ?x215)) (* 3 ?x223 z00 z00)) 0)))
 (let ((?x88 (* 24 y00 y00)))
 (let ((?x84 (* 18 x00 z00)))
 (let ((?x256 (+ (- (- (* (- 1) y00 ?x215 z00) ?x251) ?x252) ?x84 (* 12 ?x223 ?x223))))
 (let ((?x262 (- (+ (- ?x256 ?x88) ?x258 ?x235 ?x91 (* 12 ?x223 y00) ?x238) ?x67)))
 (let ((?x270 (+ (- (+ (- (+ (- ?x262 ?x261) ?x243) ?x74) ?x99) (* 18 ?x237 z00)) (* ?x223 ?x215 z00))))
 (let ((?x62 (* 18 y00 z00)))
 (let ((?x236 (- (+ (- (* (- 6) ?x223 ?x215) ?x55) (* 6 z00 z00)) ?x235)))
 (let ((?x245 (- (+ (- (- (+ ?x236 ?x62 ?x238) ?x67) (* 6 ?x215 z00)) ?x243) ?x74)))
 (let ((?x227 (- (- (+ (* (- 1) z00 z00) ?x43) (* 12 ?x223)) (* 6 ?x215))))
 (let (($x367 (or (not (= ?x220 0)) (not (= (+ ?x227 ?x49 (* ?x215 ?x215)) 0)) (not (= (+ ?x245 (* ?x215 z00 z00)) 0)) (not (= (- ?x270 (* ?x223 z00 z00)) 0)) (not $x308) (not (= ?x353 0)) $x366)))
 (let ((?x212 (* y z00 z00 z00)))
 (let ((?x201 (* y y z00 z00)))
 (let ((?x157 (- (+ (* 216 x00 y00) (* 108 x y) (* 36 x00 z00)) (* 2 x z00 z00 z00))))
 (let ((?x166 (+ (- (- (+ ?x157 (* 18 x z00 z00)) ?x160) ?x161) (* 24 y y) (* 108 x x))))
 (let ((?x172 (+ (- ?x166 (* 4 y y y)) (* 18 y y00 z00) ?x171)))
 (let ((?x182 (- (+ (- (- ?x172 (* 120 y y00)) (* 24 y z00)) ?x179) (* 6 y y z00))))
 (let ((?x193 (- (- (- (+ ?x182 ?x184) (* 12 y y y00)) ?x187) (* 108 x00 y))))
 (let ((?x200 (- (+ (- (- ?x193 ?x189) (* 216 x x00)) ?x196 ?x197) (* 216 x y00))))
 (let ((?x211 (+ (- (- (+ ?x200 ?x201) ?x204) (* 36 x z00)) (* 36 x y00 z00) (* 10 y z00 z00) ?x210)))
 (let ((?x135 (* y y z)))
 (let ((?x90 (* 18 x00 z)))
 (let ((?x80 (* 12 y z)))
 (let ((?x94 (* 6 y z00)))
 (let ((?x59 (* 12 y00 z)))
 (let ((?x120 (* y y00 z00)))
 (let ((?x81 (* 18 x z)))
 (let ((?x116 (- (- (- (* (- 18) x00 y00) (* 18 x y)) ?x81) (* 3 x z00 z00))))
 (let ((?x123 (- (+ (- (+ (- ?x116 ?x113) (* 3 x00 z z00)) ?x120) ?x59) ?x91)))
 (let ((?x129 (- (- (+ ?x123 (* 36 y y00) ?x94) ?x80) (* 3 x z z00))))
 (let ((?x138 (+ (- (+ ?x129 (* 2 y y z00)) ?x133) ?x90 ?x135 (* 18 x00 y) ?x137 ?x64)))
 (let ((?x145 (+ (- (+ (- ?x138 ?x67) (* 18 x y00) ?x71) ?x74) (* y y00 z) ?x144)))
 (let (($x150 (= (- (- ?x145 (* 2 y00 y00 z)) (* 3 y z00 z00)) 0)))
 (let ((?x105 (* y z00 z00)))
 (let ((?x103 (* y z z00)))
 (let ((?x86 (+ (- (- (* (- 1) y00 z z00) ?x80) ?x81) ?x84 (* 12 y y))))
 (let ((?x95 (- (+ (- ?x86 ?x88) ?x90 ?x59 ?x91 (* 12 y y00) ?x64) ?x67)))
 (let ((?x104 (+ (- (+ (- (+ (- ?x95 ?x94) ?x71) ?x74) ?x99) (* 18 x z00)) ?x103)))
 (let ((?x76 (* z z00 z00)))
 (let ((?x60 (- (+ (- (* (- 6) y z) ?x55) (* 6 z00 z00)) ?x59)))
 (let ((?x75 (- (+ (- (- (+ ?x60 ?x62 ?x64) ?x67) (* 6 z z00)) ?x71) ?x74)))
 (let ((?x50 (* z z)))
 (let ((?x46 (* 6 z)))
 (let ((?x51 (+ (- (- (+ (* (- 1) z00 z00) ?x43) (* 12 y)) ?x46) ?x49 ?x50)))
 (let (($x368 (and (= (- (+ (* (- 1) z) z00 ?x33) ?x36) 0) (= ?x51 0) (= (+ ?x75 ?x76) 0) (= (- ?x104 ?x105) 0) $x150 (= (- ?x211 ?x212) 0) $x367)))
 (rewrite (= $x368 $x2660))))))))))))))))))))))))))))))))))))))))))))))))))))))))))))))))))))))))))))))))))))))))))))))))))))))))))))))))))))))))))))))))))))))))))))))))))))))))))))))))))))))))))))))))))))))))))))))))))))))))
 ))
 (let ((@x370 (asserted $x369)))
 (let ((@x599 (mp (mp @x370 (quant-intro (proof-bind ?x1500) (= $x369 $x1788)) $x1788) (rewrite (= $x1788 $x1788)) $x1788)))
 (let ((@x974 (mp (mp @x599 (quant-intro (proof-bind ?x1854) (= $x1788 $x2302)) $x2302) (quant-intro (proof-bind ?x2438) (= $x2302 $x2412)) $x2412)))
 (let ((@x2738 (mp (mp~ @x974 (sk (~ $x2412 $x1528)) $x1528) (rewrite (= $x1528 $x2305)) $x2305)))
 (let ((@x1191 (and-elim @x2738 $x2130)))
 (let ((@x2560 (unit-resolution ((_ th-lemma arith triangle-eq) (or (not $x2130) $x1759)) @x1191 $x1759)))
 (let (($x2765 (>= ?x804 0)))
 (let ((@x2675 (unit-resolution ((_ th-lemma arith triangle-eq) (or (not $x2130) $x2765)) @x1191 $x2765)))
 (let (($x1121 (<= ?x2479 0)))
 (let ((@x1048 (and-elim @x2738 $x1422)))
 (let ((@x652 (unit-resolution ((_ th-lemma arith triangle-eq) (or (not $x1422) $x1121)) @x1048 $x1121)))
 (let (($x1683 (>= ?x2479 0)))
 (let ((@x680 (unit-resolution ((_ th-lemma arith triangle-eq) (or (not $x1422) $x1683)) @x1048 $x1683)))
 (let (($x1760 (<= ?x2132 0)))
 (let ((@x2122 (and-elim @x2738 $x1146)))
 (let ((@x1708 (unit-resolution ((_ th-lemma arith triangle-eq) (or (not $x1146) $x1760)) @x2122 $x1760)))
 (let (($x2824 (>= ?x2132 0)))
 (let ((@x1991 (unit-resolution ((_ th-lemma arith triangle-eq) (or (not $x1146) $x2824)) @x2122 $x2824)))
 (let (($x1455 (<= ?x2917 0)))
 (let ((@x2582 (and-elim @x2738 $x1023)))
 (let ((@x975 (unit-resolution ((_ th-lemma arith triangle-eq) (or (not $x1023) $x1455)) @x2582 $x1455)))
 (let (($x1106 (>= ?x2917 0)))
 (let ((@x1566 (unit-resolution ((_ th-lemma arith triangle-eq) (or (not $x1023) $x1106)) @x2582 $x1106)))
 (let (($x749 (<= ?x1751 0)))
 (let ((@x2422 (and-elim @x2738 $x2759)))
 (let ((@x431 (unit-resolution ((_ th-lemma arith triangle-eq) (or $x1905 $x749)) @x2422 $x749)))
 (let (($x1888 (>= ?x1751 0)))
 (let ((@x2737 (unit-resolution ((_ th-lemma arith triangle-eq) (or $x1905 $x1888)) @x2422 $x1888)))
 (let (($x2674 (<= ?x860 0)))
 (let ((@x1938 (and-elim @x2738 $x861)))
 (let ((@x1318 (unit-resolution ((_ th-lemma arith triangle-eq) (or $x1123 $x2674)) @x1938 $x2674)))
 (let (($x2141 (>= ?x860 0)))
 (let ((@x2794 (unit-resolution ((_ th-lemma arith triangle-eq) (or $x1123 $x2141)) @x1938 $x2141)))
 (let (($x2905 (not (<= ?x1010 0))))
 (let (($x1544 (>= ?x1010 0)))
 (let ((@x1271 ((_ th-lemma arith) (hypothesis (not $x1544)) @x2737 @x431 @x2675 @x2560 @x2794 @x1318 @x2737 @x431 @x1566 @x975 @x1991 @x1708 @x1566 @x975 @x1991 @x1708 @x680 @x652 @x2675 @x2560 false)))
 (let (($x1272 (>= ?x1064 0)))
 (let ((@x1701 ((_ th-lemma arith eq-propagate 0 0 0) (lemma ((_ th-lemma arith farkas 1 1 1) (hypothesis (not $x1272)) @x2737 @x431 false) $x1272) @x2737 @x431 $x1715)))
 (let (($x862 (<= ?x849 0)))
 (let ((@x2207 ((_ th-lemma arith) (hypothesis (not $x862)) @x2737 @x431 @x1991 @x1708 @x2794 @x1318 @x2737 @x431 @x1566 @x975 @x2675 @x2560 @x1566 @x975 @x2675 @x2560 @x1991 @x1708 @x1991 @x1708 @x1566 @x975 @x680 @x652 @x2675 @x2560 false)))
 (let ((@x2768 (lemma @x2207 $x862)))
 (let (($x1165 (>= ?x849 0)))
 (let ((@x1277 ((_ th-lemma arith) (hypothesis (not $x1165)) @x2737 @x431 @x1991 @x1708 @x2794 @x1318 @x2737 @x431 @x1566 @x975 @x2675 @x2560 @x1566 @x975 @x2675 @x2560 @x1991 @x1708 @x1991 @x1708 @x1566 @x975 @x680 @x652 @x2675 @x2560 false)))
 (let ((@x1684 (lemma @x1277 $x1165)))
 (let ((@x1419 (unit-resolution ((_ th-lemma arith triangle-eq) (or $x1358 (not $x862) (not $x1165))) @x1684 @x2768 $x1358)))
 (let ((@x420 (unit-resolution (hypothesis $x1172) ((_ th-lemma arith eq-propagate -6 -6 -1 -1) @x2794 @x1318 @x680 @x652 $x2152) false)))
 (let (($x2460 (>= ?x1522 0)))
 (let ((@x2648 ((_ th-lemma arith) (hypothesis (not $x2460)) @x1991 @x1708 @x2737 @x431 @x2794 @x1318 @x2737 @x431 @x1566 @x975 @x1566 @x975 @x2675 @x2560 @x1991 @x1708 @x1991 @x1708 @x1991 @x1708 @x1566 @x975 @x680 @x652 @x2675 @x2560 @x2737 @x431 @x2675 @x2560 @x2794 @x1318 false)))
 (let (($x581 (<= ?x1522 0)))
 (let ((@x2057 ((_ th-lemma arith) (hypothesis (not $x581)) @x2737 @x431 @x2675 @x2560 @x2794 @x1318 @x2737 @x431 @x1566 @x975 @x1991 @x1708 @x1566 @x975 @x1991 @x1708 @x2675 @x2560 @x1566 @x975 @x680 @x652 @x2675 @x2560 @x1566 @x975 @x1991 @x1708 @x1991 @x1708 @x1684 @x2768 @x2737 @x431 @x2675 @x2560 @x2794 @x1318 false)))
 (let ((@x2088 (unit-resolution ((_ th-lemma arith triangle-eq) (or $x1867 (not $x581) (not $x2460))) (lemma @x2057 $x581) (lemma @x2648 $x2460) $x1867)))
 (let ((@x957 (unit-resolution (and-elim @x2738 $x2559) @x2422 @x1938 (or $x1172 $x1509 $x1828 $x2111 $x1230))))
 (let ((@x558 (unit-resolution ((_ th-lemma arith triangle-eq) (or $x2119 $x2905 (not $x1544))) (unit-resolution @x957 @x2088 (lemma @x420 $x2152) @x1419 @x1701 $x1509) (or $x2905 (not $x1544)))))
 ((_ th-lemma arith) (unit-resolution @x558 (lemma @x1271 $x1544) $x2905) @x2737 @x431 @x2675 @x2560 @x2794 @x1318 @x2737 @x431 @x1566 @x975 @x1991 @x1708 @x1566 @x975 @x1991 @x1708 @x680 @x652 @x2675 @x2560 false)))))))))))))))))))))))))))))))))))))))))))))))))))))))))))))))))))))))))))))))))))))))))))))))))))))))))))))))))))))))))))))))))))))))))))))))))))))))))))))))))))))))))))))))))))))))))))))))))))))))))))))))))))))))))))))))))))))))))))))))))))))))))))))))))))))))))))))))))))))))))))))))))

(:added-eqs                 12
 :arith-assert-diseq        9
 :arith-assert-lower        89
 :arith-assert-upper        20
 :arith-conflicts           7
 :arith-eq-adapter          11
 :arith-fixed-eqs           2
 :arith-gcd-tests           8
 :arith-grobner             6
 :arith-max-min             2280
 :arith-nonlinear-bounds    70
 :arith-nonlinear-horner    79
 :arith-num-rows            15
 :arith-patches             8
 :arith-patches_succ        8
 :arith-pivots              10
 :arith-pseudo-nonlinear    2
 :arith-row-summations      20
 :arith-tableau-max-columns 146
 :arith-tableau-max-rows    15
 :conflicts                 8
 :decisions                 19
 :del-clause                39
 :final-checks              13
 :max-memory                12.80
 :memory                    3.51
 :mk-bool-var               39
 :mk-clause                 39
 :num-allocs                299869295370.00
 :num-checks                1
 :propagations              46
 :rlimit-count              20288348
 :time                      13.65
 :total-time                13.66)
