unsat
((set-logic NIA)
(declare-fun z!1 () Int)
(declare-fun y!2 () Int)
(declare-fun x!3 () Int)
(declare-fun n!0 () Int)
(proof
(let ((?x996 (* z!1 z!1)))
 (let ((?x422 (* z00 z00)))
 (let ((?x582 (* (- 1) ?x422)))
 (let ((?x43 (* 12 y00)))
 (let ((?x49 (* 6 z00)))
 (let ((?x861 (+ ?x49 ?x43 ?x582 (* (- 12) y!2) ?x996 (* (- 6) z!1))))
 (let (($x1589 (<= ?x861 0)))
 (let (($x862 (= ?x861 0)))
 (let ((?x718 (* 108 x!3)))
 (let ((?x827 (* 36 z!1)))
 (let ((?x1934 (* y!2 z!1)))
 (let ((?x1744 (* (- 6) ?x1934)))
 (let ((?x1113 (* z00 z!1)))
 (let ((?x1012 (* (- 6) ?x1113)))
 (let ((?x1517 (* (- 6) ?x996)))
 (let ((?x1509 (* 144 y!2)))
 (let ((?x589 (* y00 z!1)))
 (let ((?x1585 (* (- 12) ?x589)))
 (let ((?x588 (* z00 z00 z!1)))
 (let ((?x563 (* z00 y00)))
 (let ((?x564 (* 18 ?x563)))
 (let ((?x1471 (* 12 ?x422)))
 (let ((?x642 (* (- 108) x00)))
 (let ((?x55 (* z00 z00 z00)))
 (let ((?x515 (* (- 1) ?x55)))
 (let ((?x1324 (* (- 144) y00)))
 (let ((?x1399 (* (- 36) z00)))
 (let ((?x2482 (+ ?x1399 ?x1324 ?x515 ?x642 ?x1471 ?x564 ?x588 ?x1585 ?x1509 ?x1517 ?x1012 ?x1744 ?x827 ?x718)))
 (let ((?x1384 (* (- 10) (* y!2 y!2 y!2 z!1 n!0))))
 (let ((?x1912 (* (- 60) (* y!2 y!2 y!2 n!0))))
 (let ((?x524 (* 42 z!1)))
 (let ((?x2509 (* 7 ?x1934)))
 (let ((?x1611 (* (- 10) (* y!2 z!1 z!1 z!1))))
 (let ((?x1557 (* (- 20) (* y!2 y!2 z!1 z!1))))
 (let ((?x1837 (* (- 10) (* y!2 y!2 y!2 z!1))))
 (let ((?x1566 (* y!2 y!2 z!1)))
 (let ((?x2481 (* (- 120) ?x1566)))
 (let ((?x2727 (* (- 10) (* y!2 z!1 z!1 z!1 n!0))))
 (let ((?x1419 (* (- 20) (* y!2 y!2 z!1 z!1 n!0))))
 (let ((?x1921 (+ y!2 x!3)))
 (let ((?x2274 (+ y!2 z!1)))
 (let ((?x1979 (+ 6 z!1)))
 (let ((?x1764 (+ 1 n!0)))
 (let ((?x1364 (* (- 60) (* y!2 z!1 z!1 n!0))))
 (let ((?x2612 (* (- 120) (* y!2 y!2 z!1 n!0))))
 (let ((?x1125 (* y!2 y!2 y!2)))
 (let ((?x1977 (* (- 60) ?x1125)))
 (let ((?x530 (* 7 ?x996)))
 (let ((?x884 (* y!2 z!1 z!1)))
 (let ((?x2197 (* (- 60) ?x884)))
 (let ((?x2592 (* 42 y!2)))
 (let ((?x2252 (+ (* (- 60) (* y!2 y!2 x!3 n!0)) (* (- 20) (* y!2 z!1 z!1 x!3)) ?x2592 ?x2197 (* (- 60) (* z!1 z!1 x!3 n!0)) ?x530 (* 5 (* ?x1764 ?x1979 ?x1979 ?x2274 ?x2274 ?x1921 ?x1921)) (* (- 10) (* y!2 y!2 z!1 x!3 n!0)) ?x1977 ?x2612 ?x1364 (* 6 (* ?x1764 ?x1764 ?x1979 ?x1979 ?x2274 ?x1921 ?x1921)) ?x1419 (* (- 120) (* y!2 z!1 x!3 n!0)) ?x2727 (* (- 60) (* y!2 y!2 x!3)) ?x2481 (* (- 60) (* z!1 z!1 x!3)) ?x1837 (* (- 10) (* y!2 y!2 z!1 x!3)) ?x1557 ?x1611 (* (- 10) (* z!1 z!1 z!1 x!3 n!0)) ?x2509 ?x524 (* (- 20) (* y!2 z!1 z!1 x!3 n!0)) (* (- 10) (* z!1 z!1 z!1 x!3)) ?x1912 ?x1384 (* (- 120) (* y!2 z!1 x!3)))))
 (let ((?x1625 (* ?x2252 ?x2482)))
 (let (($x2651 (= ?x1625 0)))
 (let (($x1623 (not $x2651)))
 (let ((?x2456 (* z!1 z!1 z!1)))
 (let ((?x2605 (* (- 4) ?x2456)))
 (let ((?x2071 (* 36 (* z00 y00 x!3))))
 (let ((?x713 (* (- 216) (* x00 x!3))))
 (let ((?x2141 (* (- 12) (* y00 y!2 y!2))))
 (let ((?x1626 (* (- 2) (* z00 z00 z00 x!3))))
 (let ((?x2250 (* y!2 y!2)))
 (let ((?x3032 (* 240 ?x2250)))
 (let ((?x1770 (* 156 ?x1934)))
 (let ((?x1656 (* z00 z00 y!2 y!2)))
 (let ((?x2979 (* (- 12) ?x1566)))
 (let ((?x3035 (* 108 (* x!3 x!3))))
 (let ((?x1386 (* 108 (* x00 x00))))
 (let ((?x1352 (* z00 x!3)))
 (let ((?x2152 (* (- 36) ?x1352)))
 (let ((?x1283 (* 2 (* z00 z00 z00 x00))))
 (let ((?x1279 (* z00 z00 z00 y00)))
 (let ((?x1259 (* z00 z00 x!3)))
 (let ((?x714 (* 18 ?x1259)))
 (let ((?x1189 (* (- 36) (* z00 y00 x00))))
 (let ((?x1170 (* z00 y!2 y!2)))
 (let ((?x2295 (* (- 6) ?x1170)))
 (let ((?x1147 (* (- 4) ?x1125)))
 (let ((?x1103 (* 16 (* y00 y00 y00))))
 (let ((?x2973 (* 24 ?x996)))
 (let ((?x967 (* z00 z00 x00)))
 (let ((?x1239 (* (- 18) ?x967)))
 (let ((?x2604 (* (- 12) ?x884)))
 (let ((?x873 (* (- 1) (* z00 z00 y00 y00))))
 (let ((?x777 (* z00 z00 y00)))
 (let ((?x1340 (* (- 10) ?x777)))
 (let ((?x757 (* z00 y00 y00)))
 (let ((?x838 (* (- 12) ?x757)))
 (let ((?x657 (* y00 y00)))
 (let ((?x1139 (* 96 ?x657)))
 (let ((?x626 (* z00 x00)))
 (let ((?x583 (* 36 ?x626)))
 (let ((?x981 (* 24 ?x563)))
 (let ((?x541 (* y00 x!3)))
 (let ((?x1606 (* (- 216) ?x541)))
 (let ((?x512 (* y00 x00)))
 (let ((?x534 (* 216 ?x512)))
 (let ((?x938 (+ ?x534 (* (- 108) (* x00 z!1)) ?x1606 ?x981 (* 10 ?x588) (* (- 120) ?x589) (* (- 3) (* z00 z00 z00 y!2)) ?x583 ?x1139 (* z00 z00 z!1 z!1) ?x838 ?x1340 ?x873 ?x2604 (* 324 (* y!2 x!3)) ?x1239 ?x2973 (* (- 1) (* z00 z00 z00 z!1)) (* 2 (* z00 z00 y!2 z!1)) (* 54 (* z00 y00 y!2)) ?x1103 (* (- 24) ?x1113) ?x1147 ?x2295 ?x1189 ?x714 ?x1279 ?x1283 (* (- 12) (* y00 z!1 z!1)) ?x2152 ?x1386 ?x3035 (* 108 (* z!1 x!3)) ?x2979 ?x1656 (* 18 (* z00 y00 z!1)) ?x1770 (* (- 324) (* x00 y!2)) (* (- 336) (* y00 y!2)) ?x3032 ?x1626 ?x2141 ?x713 ?x2071 ?x2605 (* 28 (* z00 z00 y!2)) (* (- 24) (* y00 y!2 z!1)) (* (- 12) (* z00 y!2 z!1)) (* (- 60) (* z00 y!2)) (* (- 6) (* z00 z!1 z!1)))))
 (let (($x1016 (= ?x938 0)))
 (let (($x2716 (not $x1016)))
 (let ((?x2550 (* z00 y!2 z!1)))
 (let ((?x2296 (* (- 1) ?x2550)))
 (let ((?x2514 (* y00 y!2 z!1)))
 (let ((?x1523 (* (- 1) ?x2514)))
 (let ((?x2921 (* (- 1) ?x2456)))
 (let ((?x566 (* 12 ?x2250)))
 (let ((?x2736 (* (- 3) (* z00 x00 z!1))))
 (let ((?x1950 (* x00 y!2)))
 (let ((?x1022 (* (- 18) ?x1950)))
 (let ((?x2739 (* 36 ?x1934)))
 (let ((?x1834 (* z00 y00 z!1)))
 (let ((?x1395 (* (- 1) ?x1566)))
 (let ((?x1058 (* 18 ?x1352)))
 (let ((?x1023 (* 3 ?x1259)))
 (let ((?x1021 (* 2 (* y00 y00 z!1))))
 (let ((?x1020 (* (- 2) ?x1170)))
 (let ((?x1097 (* z00 y00 y!2)))
 (let ((?x1597 (* 6 ?x996)))
 (let ((?x2344 (* (- 3) ?x967)))
 (let ((?x896 (* y!2 x!3)))
 (let ((?x2088 (* 18 ?x896)))
 (let ((?x1751 (* (- 2) ?x884)))
 (let ((?x2342 (* (- 3) ?x777)))
 (let ((?x1019 (* 3 (* z00 z!1 x!3))))
 (let ((?x2338 (* 48 ?x657)))
 (let ((?x1875 (* (- 18) ?x626)))
 (let ((?x692 (* 6 ?x563)))
 (let ((?x1018 (* (- 18) ?x541)))
 (let ((?x2333 (* 18 ?x512)))
 (let ((?x2990 (+ ?x2333 (* (- 36) (* x00 z!1)) ?x1018 ?x692 (* 3 ?x588) (* (- 54) ?x589) ?x1875 ?x2338 ?x1019 ?x757 ?x2342 ?x1751 ?x2088 ?x2344 ?x1597 ?x1097 ?x1012 ?x1020 ?x1021 ?x1023 (* (- 1) (* y00 z!1 z!1)) ?x1058 (* 36 (* z!1 x!3)) ?x1395 ?x1834 ?x2739 ?x1022 (* (- 60) (* y00 y!2)) ?x2736 ?x566 ?x2921 (* 6 (* z00 z00 y!2)) ?x1523 ?x2296 (* 12 (* z00 y!2)) (* (- 2) (* z00 z!1 z!1)))))
 (let (($x1448 (= ?x2990 0)))
 (let (($x2498 (not $x1448)))
 (let ((?x2752 (* z00 z!1 z!1)))
 (let ((?x675 (* (- 24) ?x657)))
 (let ((?x628 (* 18 ?x626)))
 (let ((?x2657 (* (- 1) ?x588)))
 (let ((?x1615 (+ (* 18 (* x00 z!1)) ?x2657 (* 24 ?x589) ?x628 ?x675 ?x777 (* (- 18) ?x1352) (* (- 18) (* z!1 x!3)) (* (- 1) ?x1834) ?x1744 (* 12 (* y00 y!2)) ?x566 (* (- 1) (* z00 z00 y!2)) ?x2550 (* (- 18) (* z00 y!2)) ?x2752)))
 (let (($x637 (= ?x1615 0)))
 (let (($x1497 (not $x637)))
 (let ((?x1642 (* (- 108) x!3)))
 (let ((?x1044 (* 6 ?x1934)))
 (let ((?x1817 (* 6 ?x1113)))
 (let ((?x668 (* 12 ?x589)))
 (let ((?x1786 (* (- 18) ?x563)))
 (let ((?x74 (* 108 x00)))
 (let ((?x2000 (+ (* 36 z00) (* 144 y00) ?x55 ?x74 (* (- 12) ?x422) ?x1786 ?x2657 ?x668 (* (- 144) y!2) ?x1597 ?x1817 ?x1044 (* (- 36) z!1) ?x1642)))
 (let (($x2488 (= ?x2000 0)))
 (let (($x1415 (not $x2488)))
 (let (($x2299 (not $x862)))
 (let ((?x1772 (* (- 6) n00)))
 (let ((?x555 (+ z00 ?x1772 (* (- 1) z!1) (* 6 n!0))))
 (let (($x1594 (= ?x555 0)))
 (let (($x649 (not $x1594)))
 (let (($x1003 (or $x649 $x2299 $x1415 $x1497 $x2498 $x2716 $x1623)))
 (let ((?x715 (* 24 ?x2250)))
 (let ((?x739 (+ ?x534 ?x1606 ?x981 (* (- 1) (* z00 z00 z00 y!2)) ?x583 ?x1139 ?x838 ?x1340 ?x873 (* 108 ?x896) ?x1239 (* 18 ?x1097) ?x1103 ?x1147 ?x2295 ?x1189 ?x714 ?x1279 ?x1283 ?x2152 ?x1386 ?x3035 ?x1656 (* (- 108) ?x1950) (* (- 120) (* y00 y!2)) ?x715 ?x1626 ?x2141 ?x713 ?x2071 (* 10 (* z00 z00 y!2)) (* (- 24) (* z00 y!2)))))
 (let (($x895 (= ?x739 0)))
 (let ((?x1401 (* 12 ?x1934)))
 (let ((?x1555 (* z!1 x!3)))
 (let ((?x2248 (* 18 ?x1555)))
 (let ((?x1819 (* 36 ?x657)))
 (let ((?x732 (* (- 72) y!2)))
 (let ((?x518 (* x00 z!1)))
 (let ((?x2241 (* (- 18) ?x518)))
 (let ((?x67 (* 72 y00)))
 (let ((?x1535 (+ ?x67 ?x74 ?x2333 ?x2241 ?x1018 ?x692 ?x1585 ?x732 ?x1819 ?x1019 ?x757 ?x2342 ?x2088 ?x2344 ?x1097 ?x1020 ?x1021 ?x1023 ?x2248 ?x1395 ?x1401 ?x1022 (* (- 36) (* y00 y!2)) ?x2736 (* 3 (* z00 z00 y!2)) ?x1523 (* (- 6) (* z00 y!2)) ?x1642)))
 (let (($x1953 (= ?x1535 0)))
 (let ((?x2469 (* z00 z00 y!2)))
 (let ((?x712 (* (- 12) ?x2250)))
 (let ((?x1878 (* (- 1) ?x777)))
 (let ((?x659 (* 24 ?x657)))
 (let ((?x857 (* (- 6) ?x563)))
 (let ((?x1447 (+ ?x67 ?x74 ?x2241 ?x857 ?x1585 ?x1875 ?x732 ?x659 ?x1878 ?x1058 ?x2248 ?x1834 ?x1401 (* (- 12) (* y00 y!2)) ?x712 ?x2469 ?x2296 (* 6 (* z00 y!2)) ?x1642)))
 (let (($x1575 (= ?x1447 0)))
 (let ((?x2802 (* (- 6) ?x422)))
 (let ((?x1482 (+ ?x67 ?x55 ?x74 ?x2802 ?x1786 ?x2657 ?x668 ?x732 ?x1817 ?x1044 ?x1642)))
 (let (($x1807 (= ?x1482 0)))
 (let (($x2576 (and $x1594 $x862 $x1807 $x1575 $x1953 $x895 $x1003)))
 (let ((?x1761 (* z!1 z00)))
 (let ((?x2763 (* (- 6) ?x1761)))
 (let ((?x1739 (* z!1 y00)))
 (let ((?x2568 (* (- 12) ?x1739)))
 (let ((?x1788 (* z!1 z00 z00)))
 (let ((?x828 (+ ?x718 ?x1509 ?x827 ?x1399 ?x1324 ?x1517 ?x515 ?x642 ?x1788 ?x1471 ?x1744 ?x2568 ?x564 ?x2763)))
 (let ((?x1939 (* 6 (* ?x1764 ?x1764 ?x1979 ?x1979 ?x2274 (+ x!3 y!2) (+ x!3 y!2)))))
 (let ((?x1987 (* 5 (* ?x1764 ?x1979 ?x1979 ?x2274 ?x2274 (+ x!3 y!2) (+ x!3 y!2)))))
 (let ((?x1178 (+ ?x2592 ?x524 ?x530 ?x2481 ?x2509 ?x1977 ?x1987 ?x1939 (* (- 10) (* x!3 y!2 y!2 z!1)) ?x1837 ?x2197 (* (- 20) (* x!3 y!2 z!1 z!1)) ?x1557 (* (- 10) (* x!3 z!1 z!1 z!1)) ?x1611 (* (- 60) (* x!3 y!2 y!2)) (* (- 60) (* x!3 y!2 y!2 n!0)) ?x1912 (* (- 120) (* x!3 y!2 z!1)) (* (- 120) (* x!3 y!2 z!1 n!0)) ?x2612 (* (- 60) (* x!3 z!1 z!1)) (* (- 60) (* x!3 z!1 z!1 n!0)) ?x1364 (* (- 10) (* x!3 y!2 y!2 z!1 n!0)) ?x1384 (* (- 20) (* x!3 y!2 z!1 z!1 n!0)) ?x1419 (* (- 10) (* x!3 z!1 z!1 z!1 n!0)) ?x2727)))
 (let ((?x763 (* 36 (* x!3 z00 y00))))
 (let ((?x1157 (* (- 216) (* x!3 x00))))
 (let ((?x1747 (* (- 12) (* y!2 y!2 y00))))
 (let ((?x1182 (* x!3 y00)))
 (let ((?x2893 (* (- 216) ?x1182)))
 (let ((?x2725 (* y!2 y!2 z00)))
 (let ((?x1760 (* (- 6) ?x2725)))
 (let ((?x2702 (* x!3 z00)))
 (let ((?x994 (* (- 36) ?x2702)))
 (let ((?x2300 (* x!3 z00 z00)))
 (let ((?x559 (* 18 ?x2300)))
 (let ((?x710 (* (- 2) (* x!3 z00 z00 z00))))
 (let ((?x2515 (* y!2 y!2 z00 z00)))
 (let ((?x520 (+ ?x2973 (* 10 ?x1788) (* (- 12) (* y!2 z!1 z00)) (* 28 (* y!2 z00 z00)) ?x2979 ?x2515 (* (- 3) (* y!2 z00 z00 z00)) ?x1770 (* 18 (* z!1 z00 y00)) ?x534 (* 324 (* x!3 y!2)) (* (- 120) ?x1739) ?x981 (* 108 (* x!3 z!1)) ?x710 (* (- 24) ?x1761) ?x583 ?x3032 ?x1139 (* (- 108) (* z!1 x00)) (* (- 336) (* y!2 y00)) ?x559 (* (- 60) (* y!2 z00)) ?x838 ?x1340 ?x994 (* 54 (* y!2 z00 y00)) ?x873 ?x3035 ?x1147 ?x1760 (* (- 324) (* y!2 x00)) ?x1239 ?x2893 (* (- 24) (* y!2 z!1 y00)) ?x1103 ?x1747 ?x1189 ?x1157 ?x1279 ?x1283 ?x763 ?x1386 (* (- 6) (* z!1 z!1 z00)) ?x2604 ?x2605 (* (- 12) (* z!1 z!1 y00)) (* 2 (* y!2 z!1 z00 z00)) (* z!1 z!1 z00 z00) (* (- 1) (* z!1 z00 z00 z00)))))
 (let ((?x1664 (* y!2 z00 y00)))
 (let ((?x1892 (* 18 ?x2702)))
 (let ((?x1233 (* z!1 z00 y00)))
 (let ((?x852 (* y!2 z!1 z00)))
 (let ((?x1045 (* (- 1) ?x852)))
 (let ((?x2948 (+ ?x1597 (* 3 ?x1788) ?x1045 (* 6 (* y!2 z00 z00)) ?x1395 ?x2739 ?x1233 ?x2333 (* 18 (* x!3 y!2)) (* (- 54) ?x1739) ?x692 (* 36 (* x!3 z!1)) ?x2763 ?x1875 ?x566 ?x2338 (* (- 36) (* z!1 x00)) (* (- 60) (* y!2 y00)) (* 3 ?x2300) (* 12 (* y!2 z00)) ?x757 ?x2342 (* (- 3) (* z!1 z00 x00)) ?x1892 ?x1664 (* 3 (* x!3 z!1 z00)) (* (- 2) ?x2725) (* (- 18) (* y!2 x00)) ?x2344 (* (- 18) ?x1182) (* (- 1) (* y!2 z!1 y00)) (* 2 (* z!1 y00 y00)) (* (- 2) (* z!1 z!1 z00)) ?x1751 ?x2921 (* (- 1) (* z!1 z!1 y00)))))
 (let ((?x620 (* y!2 z00 z00)))
 (let ((?x846 (+ ?x1788 ?x1045 ?x620 ?x1044 ?x1233 (* (- 24) ?x1739) (* 18 (* x!3 z!1)) ?x1875 ?x712 ?x659 (* (- 18) (* z!1 x00)) (* (- 12) (* y!2 y00)) (* 18 (* y!2 z00)) ?x1878 ?x1892 (* (- 1) (* z!1 z!1 z00)))))
 (let ((?x493 (* (- 12) y00)))
 (let ((?x492 (* (- 6) z00)))
 (let (($x721 (= (+ (* 12 y!2) (* 6 z!1) ?x492 ?x493 (* (- 1) ?x996) ?x422) 0)))
 (let (($x1563 (= (+ z!1 (* (- 6) n!0) (* (- 1) z00) (* 6 n00)) 0)))
 (let (($x567 (or (not $x1563) (not $x721) (not (= ?x828 0)) (not (= ?x846 0)) (not (= ?x2948 0)) (not (= ?x520 0)) (not (= (* ?x1178 ?x828) 0)))))
 (let ((?x1165 (+ (* 10 ?x620) ?x2515 (* (- 1) (* y!2 z00 z00 z00)) ?x534 (* 108 (* x!3 y!2)) ?x981 ?x710 ?x583 ?x715 ?x1139 (* (- 120) (* y!2 y00)) ?x559 (* (- 24) (* y!2 z00)) ?x838 ?x1340 ?x994 (* 18 ?x1664) ?x873 ?x3035 ?x1147 ?x1760 (* (- 108) (* y!2 x00)) ?x1239 ?x2893 ?x1103 ?x1747 ?x1189 ?x1157 ?x1279 ?x1283 ?x763 ?x1386)))
 (let ((?x1066 (* y!2 z!1 y00)))
 (let ((?x968 (* 3 ?x967)))
 (let ((?x1030 (* 3 ?x777)))
 (let ((?x764 (* (- 1) ?x757)))
 (let ((?x860 (* z!1 x00)))
 (let ((?x1028 (* 18 ?x860)))
 (let ((?x950 (* (- 36) ?x657)))
 (let ((?x3023 (* x!3 z!1)))
 (let ((?x3031 (* (- 18) ?x3023)))
 (let ((?x3024 (* 12 ?x1739)))
 (let ((?x513 (* (- 18) ?x512)))
 (let ((?x570 (* (- 12) ?x1934)))
 (let ((?x585 (* (- 72) y00)))
 (let ((?x2814 (* 72 y!2)))
 (let ((?x1463 (+ ?x718 ?x2814 ?x585 ?x642 (* (- 3) ?x620) ?x1566 ?x570 ?x513 (* (- 18) (* x!3 y!2)) ?x3024 ?x857 ?x3031 ?x950 ?x1028 (* 36 (* y!2 y00)) (* (- 3) ?x2300) (* 6 (* y!2 z00)) ?x764 ?x1030 (* 3 (* z!1 z00 x00)) (* (- 1) ?x1664) (* (- 3) (* x!3 z!1 z00)) (* 2 ?x2725) (* 18 (* y!2 x00)) ?x968 (* 18 ?x1182) ?x1066 (* (- 2) (* z!1 y00 y00)))))
 (let ((?x1169 (+ ?x718 ?x2814 ?x585 ?x642 ?x852 (* (- 1) ?x620) ?x570 (* (- 1) ?x1233) ?x3024 ?x692 ?x3031 ?x628 ?x566 ?x675 ?x1028 (* 12 (* y!2 y00)) (* (- 6) (* y!2 z00)) ?x777 (* (- 18) ?x2702))))
 (let ((?x526 (* 6 ?x422)))
 (let (($x2791 (= (+ ?x718 ?x2814 ?x585 ?x515 ?x642 ?x1788 ?x526 ?x1744 ?x2568 ?x564 ?x2763) 0)))
 (let (($x1685 (and $x1563 $x721 $x2791 (= ?x1169 0) (= ?x1463 0) (= ?x1165 0) $x567)))
 (let (($x1909 (exists ((x Int) (y Int) (z Int) (n Int) )(! (let ((?x598 (* z z00)))
 (let ((?x611 (* (- 6) ?x598)))
 (let ((?x563 (* z00 y00)))
 (let ((?x564 (* 18 ?x563)))
 (let ((?x537 (* z y00)))
 (let ((?x550 (* (- 12) ?x537)))
 (let ((?x506 (* y z)))
 (let ((?x507 (* (- 6) ?x506)))
 (let ((?x422 (* z00 z00)))
 (let ((?x1471 (* 12 ?x422)))
 (let ((?x76 (* z z00 z00)))
 (let ((?x642 (* (- 108) x00)))
 (let ((?x55 (* z00 z00 z00)))
 (let ((?x515 (* (- 1) ?x55)))
 (let ((?x50 (* z z)))
 (let ((?x800 (* (- 6) ?x50)))
 (let ((?x1324 (* (- 144) y00)))
 (let ((?x1399 (* (- 36) z00)))
 (let ((?x64 (* 108 x)))
 (let ((?x2303 (+ ?x64 (* 144 y) (* 36 z) ?x1399 ?x1324 ?x800 ?x515 ?x642 ?x76 ?x1471 ?x507 ?x550 ?x564 ?x611)))
 (let ((?x3006 (* (- 10) (* y z z z n))))
 (let ((?x2992 (* (- 10) (* x z z z n))))
 (let ((?x3022 (* (- 20) (* y y z z n))))
 (let ((?x3020 (* (- 20) (* x y z z n))))
 (let ((?x2914 (* (- 10) (* y y y z n))))
 (let ((?x2882 (* (- 10) (* x y y z n))))
 (let ((?x2861 (* (- 60) (* y z z n))))
 (let ((?x2818 (* (- 60) (* x z z n))))
 (let ((?x2795 (* (- 60) (* x z z))))
 (let ((?x3017 (* (- 120) (* y y z n))))
 (let ((?x3015 (* (- 120) (* x y z n))))
 (let ((?x3014 (* (- 120) (* x y z))))
 (let ((?x2617 (* (- 60) (* y y y n))))
 (let ((?x2545 (* (- 60) (* x y y n))))
 (let ((?x2525 (* (- 60) (* x y y))))
 (let ((?x2997 (* (- 10) (* y z z z))))
 (let ((?x2983 (* (- 10) (* x z z z))))
 (let ((?x3021 (* (- 20) (* y y z z))))
 (let ((?x3019 (* (- 20) (* x y z z))))
 (let ((?x2084 (* y z z)))
 (let ((?x2820 (* (- 60) ?x2084)))
 (let ((?x2889 (* (- 10) (* y y y z))))
 (let ((?x2866 (* (- 10) (* x y y z))))
 (let ((?x237 (+ x y)))
 (let ((?x223 (+ y z)))
 (let ((?x634 (+ 6 z)))
 (let ((?x791 (+ 1 n)))
 (let ((?x1636 (* 6 (* ?x791 ?x791 ?x634 ?x634 ?x223 ?x237 ?x237))))
 (let ((?x1099 (* 5 (* ?x791 ?x634 ?x634 ?x223 ?x223 ?x237 ?x237))))
 (let ((?x924 (* y y y)))
 (let ((?x2547 (* (- 60) ?x924)))
 (let ((?x1641 (* 7 ?x506)))
 (let ((?x135 (* y y z)))
 (let ((?x3016 (* (- 120) ?x135)))
 (let ((?x1643 (* 7 ?x50)))
 (let ((?x1268 (+ (* 42 y) (* 42 z) ?x1643 ?x3016 ?x1641 ?x2547 ?x1099 ?x1636 ?x2866 ?x2889 ?x2820 ?x3019 ?x3021 ?x2983 ?x2997 ?x2525 ?x2545 ?x2617 ?x3014 ?x3015 ?x3017 ?x2795 ?x2818 ?x2861 ?x2882 ?x2914 ?x3020 ?x3022 ?x2992 ?x3006)))
 (let ((?x2892 (* (- 1) (* z z00 z00 z00))))
 (let ((?x2766 (* z z z00 z00)))
 (let ((?x2775 (* 2 (* y z z00 z00))))
 (let ((?x2215 (* z z y00)))
 (let ((?x2557 (* (- 12) ?x2215)))
 (let ((?x2085 (* z z z)))
 (let ((?x2251 (* (- 4) ?x2085)))
 (let ((?x2260 (* (- 12) ?x2084)))
 (let ((?x1812 (* z z z00)))
 (let ((?x2486 (* (- 6) ?x1812)))
 (let ((?x1386 (* 108 (* x00 x00))))
 (let ((?x1379 (* 36 (* x z00 y00))))
 (let ((?x1283 (* 2 (* z00 z00 z00 x00))))
 (let ((?x1279 (* z00 z00 z00 y00)))
 (let ((?x1266 (* (- 216) (* x x00))))
 (let ((?x1189 (* (- 36) (* z00 y00 x00))))
 (let ((?x1163 (* (- 12) (* y y y00))))
 (let ((?x1103 (* 16 (* y00 y00 y00))))
 (let ((?x1027 (* y z y00)))
 (let ((?x2572 (* (- 24) ?x1027)))
 (let ((?x997 (* x y00)))
 (let ((?x1306 (* (- 216) ?x997)))
 (let ((?x967 (* z00 z00 x00)))
 (let ((?x1239 (* (- 18) ?x967)))
 (let ((?x963 (* y x00)))
 (let ((?x2708 (* (- 324) ?x963)))
 (let ((?x925 (* y y z00)))
 (let ((?x1126 (* (- 6) ?x925)))
 (let ((?x946 (* (- 4) ?x924)))
 (let ((?x898 (* 108 (* x x))))
 (let ((?x873 (* (- 1) (* z00 z00 y00 y00))))
 (let ((?x788 (* x z00)))
 (let ((?x1365 (* (- 36) ?x788)))
 (let ((?x777 (* z00 z00 y00)))
 (let ((?x1340 (* (- 10) ?x777)))
 (let ((?x757 (* z00 y00 y00)))
 (let ((?x838 (* (- 12) ?x757)))
 (let ((?x725 (* y z00)))
 (let ((?x2840 (* (- 60) ?x725)))
 (let ((?x703 (* x z00 z00)))
 (let ((?x776 (* 18 ?x703)))
 (let ((?x695 (* y y00)))
 (let ((?x2756 (* (- 336) ?x695)))
 (let ((?x688 (* z x00)))
 (let ((?x2637 (* (- 108) ?x688)))
 (let ((?x657 (* y00 y00)))
 (let ((?x1139 (* 96 ?x657)))
 (let ((?x631 (* y y)))
 (let ((?x2055 (* 240 ?x631)))
 (let ((?x626 (* z00 x00)))
 (let ((?x583 (* 36 ?x626)))
 (let ((?x2433 (* (- 24) ?x598)))
 (let ((?x708 (* (- 2) (* x z00 z00 z00))))
 (let ((?x569 (* x z)))
 (let ((?x1489 (* 108 ?x569)))
 (let ((?x981 (* 24 ?x563)))
 (let ((?x2395 (* (- 120) ?x537)))
 (let ((?x512 (* y00 x00)))
 (let ((?x534 (* 216 ?x512)))
 (let ((?x212 (* y z00 z00 z00)))
 (let ((?x2899 (* (- 3) ?x212)))
 (let ((?x201 (* y y z00 z00)))
 (let ((?x2259 (* (- 12) ?x135)))
 (let ((?x105 (* y z00 z00)))
 (let ((?x2872 (* 28 ?x105)))
 (let ((?x103 (* y z z00)))
 (let ((?x2501 (* (- 12) ?x103)))
 (let ((?x2859 (* 10 ?x76)))
 (let ((?x1978 (* 24 ?x50)))
 (let ((?x1119 (+ ?x1978 ?x2859 ?x2501 ?x2872 ?x2259 ?x201 ?x2899 (* 156 ?x506) (* 18 (* z z00 y00)) ?x534 (* 324 (* x y)) ?x2395 ?x981 ?x1489 ?x708 ?x2433 ?x583 ?x2055 ?x1139 ?x2637 ?x2756 ?x776 ?x2840 ?x838 ?x1340 ?x1365 (* 54 (* y z00 y00)) ?x873 ?x898 ?x946 ?x1126 ?x2708 ?x1239 ?x1306 ?x2572 ?x1103 ?x1163 ?x1189 ?x1266 ?x1279 ?x1283 ?x1379 ?x1386 ?x2486 ?x2260 ?x2251 ?x2557 ?x2775 ?x2766 ?x2892)))
 (let ((?x2355 (* (- 1) ?x2215)))
 (let ((?x2353 (* (- 1) ?x2085)))
 (let ((?x2352 (* (- 2) ?x2084)))
 (let ((?x2349 (* (- 2) ?x1812)))
 (let ((?x1041 (* z y00 y00)))
 (let ((?x1042 (* 2 ?x1041)))
 (let ((?x2346 (* (- 1) ?x1027)))
 (let ((?x2345 (* (- 18) ?x997)))
 (let ((?x2344 (* (- 3) ?x967)))
 (let ((?x2343 (* (- 2) ?x925)))
 (let ((?x899 (* x z z00)))
 (let ((?x900 (* 3 ?x899)))
 (let ((?x814 (* y z00 y00)))
 (let ((?x789 (* 18 ?x788)))
 (let ((?x2342 (* (- 3) ?x777)))
 (let ((?x2341 (* 12 ?x725)))
 (let ((?x704 (* 3 ?x703)))
 (let ((?x2340 (* (- 60) ?x695)))
 (let ((?x2338 (* 48 ?x657)))
 (let ((?x632 (* 12 ?x631)))
 (let ((?x1875 (* (- 18) ?x626)))
 (let ((?x2336 (* 36 ?x569)))
 (let ((?x692 (* 6 ?x563)))
 (let ((?x531 (* x y)))
 (let ((?x533 (* 18 ?x531)))
 (let ((?x2333 (* 18 ?x512)))
 (let ((?x508 (* z z00 y00)))
 (let ((?x2332 (* 36 ?x506)))
 (let ((?x2331 (* (- 1) ?x135)))
 (let ((?x2330 (* 6 ?x105)))
 (let ((?x1874 (* (- 1) ?x103)))
 (let ((?x2288 (* 3 ?x76)))
 (let ((?x2106 (* 6 ?x50)))
 (let ((?x1035 (+ ?x2106 ?x2288 ?x1874 ?x2330 ?x2331 ?x2332 ?x508 ?x2333 ?x533 (* (- 54) ?x537) ?x692 ?x2336 ?x611 ?x1875 ?x632 ?x2338 (* (- 36) ?x688) ?x2340 ?x704 ?x2341 ?x757 ?x2342 (* (- 3) (* z z00 x00)) ?x789 ?x814 ?x900 ?x2343 (* (- 18) ?x963) ?x2344 ?x2345 ?x2346 ?x1042 ?x2349 ?x2352 ?x2353 ?x2355)))
 (let ((?x1883 (* (- 1) ?x1812)))
 (let ((?x1878 (* (- 1) ?x777)))
 (let ((?x1769 (* 18 ?x725)))
 (let ((?x1877 (* (- 12) ?x695)))
 (let ((?x659 (* 24 ?x657)))
 (let ((?x1876 (* (- 12) ?x631)))
 (let ((?x571 (* 18 ?x569)))
 (let ((?x2965 (+ ?x76 ?x1874 ?x105 (* 6 ?x506) ?x508 (* (- 24) ?x537) ?x571 ?x1875 ?x1876 ?x659 (* (- 18) ?x688) ?x1877 ?x1769 ?x1878 ?x789 ?x1883)))
 (let ((?x494 (* (- 1) ?x50)))
 (let ((?x493 (* (- 12) y00)))
 (let ((?x492 (* (- 6) z00)))
 (let ((?x46 (* 6 z)))
 (let ((?x45 (* 12 y)))
 (let (($x496 (= (+ ?x45 ?x46 ?x492 ?x493 ?x494 ?x422) 0)))
 (let (($x1180 (not $x496)))
 (let (($x414 (= (+ z (* (- 6) n) (* (- 1) z00) (* 6 n00)) 0)))
 (let (($x928 (not $x414)))
 (let (($x1621 (or $x928 $x1180 (not (= ?x2303 0)) (not (= ?x2965 0)) (not (= ?x1035 0)) (not (= ?x1119 0)) (not (= (* ?x1268 ?x2303) 0)))))
 (let ((?x886 (* 24 ?x631)))
 (let ((?x1406 (+ (* 10 ?x105) ?x201 (* (- 1) ?x212) ?x534 (* 108 ?x531) ?x981 ?x708 ?x583 ?x886 ?x1139 (* (- 120) ?x695) ?x776 (* (- 24) ?x725) ?x838 ?x1340 ?x1365 (* 18 ?x814) ?x873 ?x898 ?x946 ?x1126 (* (- 108) ?x963) ?x1239 ?x1306 ?x1103 ?x1163 ?x1189 ?x1266 ?x1279 ?x1283 ?x1379 ?x1386)))
 (let (($x1411 (= ?x1406 0)))
 (let ((?x968 (* 3 ?x967)))
 (let ((?x1030 (* 3 ?x777)))
 (let ((?x764 (* (- 1) ?x757)))
 (let ((?x689 (* 18 ?x688)))
 (let ((?x950 (* (- 36) ?x657)))
 (let ((?x600 (* (- 18) ?x569)))
 (let ((?x857 (* (- 6) ?x563)))
 (let ((?x538 (* 12 ?x537)))
 (let ((?x513 (* (- 18) ?x512)))
 (let ((?x535 (* (- 12) ?x506)))
 (let ((?x585 (* (- 72) y00)))
 (let ((?x71 (* 72 y)))
 (let ((?x1086 (+ ?x64 ?x71 ?x585 ?x642 (* (- 3) ?x105) ?x135 ?x535 ?x513 (* (- 18) ?x531) ?x538 ?x857 ?x600 ?x950 ?x689 (* 36 ?x695) (* (- 3) ?x703) (* 6 ?x725) ?x764 ?x1030 (* 3 (* z z00 x00)) (* (- 1) ?x814) (* (- 3) ?x899) (* 2 ?x925) (* 18 ?x963) ?x968 (* 18 ?x997) ?x1027 (* (- 2) ?x1041))))
 (let (($x1093 (= ?x1086 0)))
 (let ((?x675 (* (- 24) ?x657)))
 (let ((?x628 (* 18 ?x626)))
 (let ((?x831 (+ ?x64 ?x71 ?x585 ?x642 ?x103 (* (- 1) ?x105) ?x535 (* (- 1) ?x508) ?x538 ?x692 ?x600 ?x628 ?x632 ?x675 ?x689 (* 12 ?x695) (* (- 6) ?x725) ?x777 (* (- 18) ?x788))))
 (let (($x836 (= ?x831 0)))
 (let ((?x526 (* 6 ?x422)))
 (let (($x663 (= (+ ?x64 ?x71 ?x585 ?x515 ?x642 ?x76 ?x526 ?x507 ?x550 ?x564 ?x611) 0)))
 (and $x414 $x496 $x663 $x836 $x1093 $x1411 $x1621)))))))))))))))))))))))))))))))))))))))))))))))))))))))))))))))))))))))))))))))))))))))))))))))))))))))))))))))))))))))))))))))))))))))))))))))))))))))))))))))))))))))))))))))))))))))))))))))))))))))))) :qid k!44))
 ))
 (let (($x2008 (exists ((x Int) (y Int) (z Int) (n Int) )(! (let ((?x634 (+ 6 z)))
 (let ((?x2062 (* z00 z00 ?x634)))
 (let ((?x642 (* (- 108) x00)))
 (let ((?x1423 (* 72 z)))
 (let ((?x585 (* (- 72) y00)))
 (let ((?x1431 (* 180 y)))
 (let ((?x64 (* 108 x)))
 (let ((?x2627 (* y00 z00)))
 (let ((?x2608 (* 18 ?x2627)))
 (let ((?x1791 (* y00 ?x634)))
 (let ((?x3007 (* (- 12) ?x1791)))
 (let ((?x422 (* z00 z00)))
 (let ((?x526 (* 6 ?x422)))
 (let ((?x55 (* z00 z00 z00)))
 (let ((?x515 (* (- 1) ?x55)))
 (let ((?x2156 (+ (* (- 6) (* ?x634 (+ y z))) ?x515 ?x526 ?x3007 ?x2608 ?x64 ?x1431 ?x585 (* (- 6) (* z00 ?x634)) ?x1423 ?x642 ?x2062)))
 (let ((?x693 (* (- 10) (* (+ 1 n) ?x634 (+ y z) (+ y z) (+ x y)))))
 (let ((?x237 (+ x y)))
 (let ((?x223 (+ y z)))
 (let ((?x791 (+ 1 n)))
 (let ((?x1636 (* 6 (* ?x791 ?x791 ?x634 ?x634 ?x223 ?x237 ?x237))))
 (let ((?x1099 (* 5 (* ?x791 ?x634 ?x634 ?x223 ?x223 ?x237 ?x237))))
 (let (($x2466 (not (= (* (+ (* 7 (* ?x634 ?x223)) ?x1099 ?x1636 ?x693) ?x2156) 0))))
 (let ((?x1386 (* 108 (* x00 x00))))
 (let ((?x99 (* y00 z00 z00)))
 (let ((?x1540 (* (- 10) ?x99)))
 (let ((?x2687 (* 2 (* x00 z00 z00 z00))))
 (let ((?x196 (* y00 z00 z00 z00)))
 (let ((?x2360 (* x00 z00 z00)))
 (let ((?x423 (* (- 18) ?x2360)))
 (let ((?x2977 (* (- 36) (* x00 y00 z00))))
 (let ((?x657 (* y00 y00)))
 (let ((?x1139 (* 96 ?x657)))
 (let ((?x1103 (* 16 (* y00 y00 y00))))
 (let ((?x2372 (* 24 ?x2627)))
 (let ((?x161 (* y00 y00 z00 z00)))
 (let ((?x553 (* (- 1) ?x161)))
 (let ((?x113 (* y00 y00 z00)))
 (let ((?x2587 (* (- 12) ?x113)))
 (let ((?x1733 (* x00 z00)))
 (let ((?x2813 (* 36 ?x1733)))
 (let ((?x643 (* x00 y00)))
 (let ((?x1193 (* 216 ?x643)))
 (let ((?x808 (+ ?x1193 (* 108 (* ?x223 ?x237)) ?x2813 (* (- 2) (* z00 z00 z00 ?x237)) (* 18 (* z00 z00 ?x237)) ?x2587 ?x553 (* 24 (* ?x223 ?x223)) (* 108 (* ?x237 ?x237)) (* (- 4) (* ?x223 ?x223 ?x223)) (* 18 (* y00 z00 ?x223)) ?x2372 (* (- 120) (* y00 ?x223)) (* (- 24) (* z00 ?x223)) ?x1103 (* (- 6) (* z00 ?x223 ?x223)) ?x1139 (* (- 12) (* y00 ?x223 ?x223)) ?x2977 (* (- 108) (* x00 ?x223)) ?x423 (* (- 216) (* x00 ?x237)) ?x196 ?x2687 (* (- 216) (* y00 ?x237)) (* z00 z00 ?x223 ?x223) ?x1540 (* (- 36) (* z00 ?x237)) (* 36 (* y00 z00 ?x237)) (* 10 (* z00 z00 ?x223)) ?x1386 (* (- 1) (* z00 z00 z00 ?x223)))))
 (let (($x2184 (not (= ?x808 0))))
 (let ((?x2400 (* (- 3) ?x99)))
 (let ((?x74 (* 108 x00)))
 (let ((?x2968 (* (- 72) z)))
 (let ((?x67 (* 72 y00)))
 (let ((?x2368 (* (- 180) y)))
 (let ((?x1171 (* (- 108) x)))
 (let ((?x1828 (* (- 3) ?x2360)))
 (let ((?x1666 (* x00 ?x634)))
 (let ((?x2569 (* (- 18) ?x1666)))
 (let ((?x1819 (* 36 ?x657)))
 (let ((?x2905 (* ?x634 ?x223)))
 (let ((?x2720 (* 12 ?x2905)))
 (let ((?x1079 (* z00 ?x223)))
 (let ((?x1935 (* (- 6) ?x1079)))
 (let ((?x841 (* 6 ?x2627)))
 (let ((?x1014 (* y00 z00 ?x223)))
 (let ((?x2238 (* ?x634 ?x237)))
 (let ((?x2970 (* 18 ?x2238)))
 (let ((?x544 (* 18 ?x643)))
 (let ((?x751 (+ ?x544 (* 18 (* ?x223 ?x237)) ?x2970 (* 3 (* z00 z00 ?x237)) ?x113 (* (- 3) (* x00 z00 ?x634)) ?x1014 ?x3007 ?x841 (* (- 36) (* y00 ?x223)) ?x1935 ?x2720 (* 3 (* z00 ?x634 ?x237)) (* (- 2) (* z00 ?x223 ?x223)) ?x1819 ?x2569 (* (- 1) (* ?x634 ?x223 ?x223)) (* (- 18) (* x00 ?x223)) ?x1828 ?x1171 ?x2368 ?x67 (* (- 18) (* y00 ?x237)) ?x2968 ?x74 (* (- 1) (* y00 ?x634 ?x223)) ?x2400 (* 2 (* y00 y00 ?x634)) (* 3 (* z00 z00 ?x223)))))
 (let ((?x2450 (* z00 z00 ?x223)))
 (let ((?x1040 (* (- 1) ?x99)))
 (let ((?x1091 (* 6 ?x1079)))
 (let ((?x2794 (* (- 6) ?x2627)))
 (let ((?x659 (* 24 ?x657)))
 (let ((?x1704 (* (- 18) ?x1733)))
 (let ((?x2148 (* y00 z00 ?x634)))
 (let ((?x2799 (+ ?x2148 ?x2720 ?x2970 ?x1704 (* (- 12) (* ?x223 ?x223)) ?x659 ?x2569 ?x3007 ?x2794 (* (- 12) (* y00 ?x223)) ?x1171 ?x2368 ?x67 ?x1091 ?x2968 ?x74 ?x1040 (* 18 (* z00 ?x237)) (* (- 1) (* z00 ?x634 ?x223)) ?x2450)))
 (let ((?x1679 (* (- 18) ?x2627)))
 (let ((?x1530 (* 12 ?x1791)))
 (let ((?x2802 (* (- 6) ?x422)))
 (let ((?x1705 (+ (* 6 ?x2905) ?x55 ?x2802 ?x1530 ?x1679 ?x1171 ?x2368 ?x67 (* 6 (* z00 ?x634)) ?x2968 ?x74 (* (- 1) ?x2062))))
 (let ((?x492 (* (- 6) z00)))
 (let ((?x45 (* 12 y)))
 (let ((?x493 (* (- 12) y00)))
 (let (($x1194 (= (+ ?x422 ?x493 ?x45 (* 18 z) ?x492 (* (- 1) (* ?x634 ?x634))) (- 36))))
 (let (($x2800 (= (+ z (* (- 1) z00) (* (- 6) n) (* 6 n00)) 0)))
 (let (($x2007 (or (not $x2800) (not $x1194) (not (= ?x1705 0)) (not (= ?x2799 0)) (not (= ?x751 0)) $x2184 $x2466)))
 (let ((?x924 (* y y y)))
 (let ((?x946 (* (- 4) ?x924)))
 (let ((?x898 (* 108 (* x x))))
 (let ((?x631 (* y y)))
 (let ((?x886 (* 24 ?x631)))
 (let ((?x1995 (* y x)))
 (let ((?x1996 (* 108 ?x1995)))
 (let ((?x2075 (+ ?x1193 ?x1996 ?x2813 (* (- 2) (* z00 z00 z00 x)) (* 18 (* z00 z00 x)) ?x2587 ?x553 ?x886 ?x898 ?x946 (* 18 (* y00 z00 y)) ?x2372 (* (- 120) (* y00 y)) (* (- 24) (* z00 y)) ?x1103 (* (- 6) (* z00 y y)) ?x1139 (* (- 12) (* y00 y y)) ?x2977 (* (- 108) (* x00 y)) ?x423 (* (- 216) (* x00 x)) ?x196 ?x2687 (* (- 216) (* y00 x)) (* z00 z00 y y) ?x1540 (* (- 36) (* z00 x)) (* 36 (* y00 z00 x)) (* 10 (* z00 z00 y)) ?x1386 (* (- 1) (* z00 z00 z00 y)))))
 (let (($x2120 (= ?x2075 0)))
 (let ((?x651 (* (- 72) y)))
 (let ((?x2122 (* x00 y)))
 (let ((?x2354 (* (- 18) ?x2122)))
 (let ((?x1659 (* x00 z)))
 (let ((?x1882 (* (- 18) ?x1659)))
 (let ((?x1618 (* z y)))
 (let ((?x1573 (* 12 ?x1618)))
 (let ((?x2232 (* z00 y)))
 (let ((?x1241 (* (- 6) ?x2232)))
 (let ((?x1159 (* y00 z)))
 (let ((?x1230 (* (- 12) ?x1159)))
 (let ((?x2548 (* y00 z00 y)))
 (let ((?x843 (* z x)))
 (let ((?x2964 (* 18 ?x843)))
 (let ((?x2127 (+ ?x544 (* 18 ?x1995) ?x2964 (* 3 (* z00 z00 x)) ?x113 (* (- 3) (* x00 z00 z)) ?x2548 ?x1230 ?x841 (* (- 36) (* y00 y)) ?x1241 ?x1573 (* 3 (* z00 z x)) (* (- 2) (* z00 y y)) ?x1819 ?x1882 (* (- 1) (* z y y)) ?x2354 ?x1828 ?x1171 ?x67 (* (- 18) (* y00 x)) ?x651 ?x74 (* (- 1) (* y00 z y)) ?x2400 (* 2 (* y00 y00 z)) (* 3 (* z00 z00 y)))))
 (let ((?x2579 (* z00 z00 y)))
 (let ((?x1969 (* 6 ?x2232)))
 (let ((?x1876 (* (- 12) ?x631)))
 (let ((?x2742 (* y00 z00 z)))
 (let ((?x1327 (+ ?x2742 ?x1573 ?x2964 ?x1704 ?x1876 ?x659 ?x1882 ?x1230 ?x2794 (* (- 12) (* y00 y)) ?x1171 ?x67 ?x1969 ?x651 ?x74 ?x1040 (* 18 (* z00 x)) (* (- 1) (* z00 z y)) ?x2579)))
 (let ((?x1195 (* 12 ?x1159)))
 (let ((?x952 (+ (* 6 ?x1618) ?x55 ?x2802 ?x1195 ?x1679 ?x1171 ?x67 (* 6 (* z00 z)) ?x651 ?x74 (* (- 1) (* z00 z00 z)))))
 (let (($x1785 (= (+ ?x422 ?x493 ?x45 (* 6 z) ?x492 (* (- 1) (* z z))) 0)))
 (and $x2800 $x1785 (= ?x952 0) (= ?x1327 0) (= ?x2127 0) $x2120 $x2007)))))))))))))))))))))))))))))))))))))))))))))))))))))))))))))))))))))))))))))))))))))))))))))))))))))))))))))))))))) :qid k!44))
 ))
 (let ((?x2847 (lambda ((x Int) (y Int) (z Int) (n Int) )(let ((?x598 (* z z00)))
 (let ((?x611 (* (- 6) ?x598)))
 (let ((?x563 (* z00 y00)))
 (let ((?x564 (* 18 ?x563)))
 (let ((?x537 (* z y00)))
 (let ((?x550 (* (- 12) ?x537)))
 (let ((?x506 (* y z)))
 (let ((?x507 (* (- 6) ?x506)))
 (let ((?x422 (* z00 z00)))
 (let ((?x1471 (* 12 ?x422)))
 (let ((?x76 (* z z00 z00)))
 (let ((?x642 (* (- 108) x00)))
 (let ((?x55 (* z00 z00 z00)))
 (let ((?x515 (* (- 1) ?x55)))
 (let ((?x50 (* z z)))
 (let ((?x800 (* (- 6) ?x50)))
 (let ((?x1324 (* (- 144) y00)))
 (let ((?x1399 (* (- 36) z00)))
 (let ((?x64 (* 108 x)))
 (let ((?x2303 (+ ?x64 (* 144 y) (* 36 z) ?x1399 ?x1324 ?x800 ?x515 ?x642 ?x76 ?x1471 ?x507 ?x550 ?x564 ?x611)))
 (let ((?x3006 (* (- 10) (* y z z z n))))
 (let ((?x2992 (* (- 10) (* x z z z n))))
 (let ((?x3022 (* (- 20) (* y y z z n))))
 (let ((?x3020 (* (- 20) (* x y z z n))))
 (let ((?x2914 (* (- 10) (* y y y z n))))
 (let ((?x2882 (* (- 10) (* x y y z n))))
 (let ((?x2861 (* (- 60) (* y z z n))))
 (let ((?x2818 (* (- 60) (* x z z n))))
 (let ((?x2795 (* (- 60) (* x z z))))
 (let ((?x3017 (* (- 120) (* y y z n))))
 (let ((?x3015 (* (- 120) (* x y z n))))
 (let ((?x3014 (* (- 120) (* x y z))))
 (let ((?x2617 (* (- 60) (* y y y n))))
 (let ((?x2545 (* (- 60) (* x y y n))))
 (let ((?x2525 (* (- 60) (* x y y))))
 (let ((?x2997 (* (- 10) (* y z z z))))
 (let ((?x2983 (* (- 10) (* x z z z))))
 (let ((?x3021 (* (- 20) (* y y z z))))
 (let ((?x3019 (* (- 20) (* x y z z))))
 (let ((?x2084 (* y z z)))
 (let ((?x2820 (* (- 60) ?x2084)))
 (let ((?x2889 (* (- 10) (* y y y z))))
 (let ((?x2866 (* (- 10) (* x y y z))))
 (let ((?x237 (+ x y)))
 (let ((?x223 (+ y z)))
 (let ((?x634 (+ 6 z)))
 (let ((?x791 (+ 1 n)))
 (let ((?x1636 (* 6 (* ?x791 ?x791 ?x634 ?x634 ?x223 ?x237 ?x237))))
 (let ((?x1099 (* 5 (* ?x791 ?x634 ?x634 ?x223 ?x223 ?x237 ?x237))))
 (let ((?x924 (* y y y)))
 (let ((?x2547 (* (- 60) ?x924)))
 (let ((?x1641 (* 7 ?x506)))
 (let ((?x135 (* y y z)))
 (let ((?x3016 (* (- 120) ?x135)))
 (let ((?x1643 (* 7 ?x50)))
 (let ((?x1268 (+ (* 42 y) (* 42 z) ?x1643 ?x3016 ?x1641 ?x2547 ?x1099 ?x1636 ?x2866 ?x2889 ?x2820 ?x3019 ?x3021 ?x2983 ?x2997 ?x2525 ?x2545 ?x2617 ?x3014 ?x3015 ?x3017 ?x2795 ?x2818 ?x2861 ?x2882 ?x2914 ?x3020 ?x3022 ?x2992 ?x3006)))
 (let ((?x2892 (* (- 1) (* z z00 z00 z00))))
 (let ((?x2766 (* z z z00 z00)))
 (let ((?x2775 (* 2 (* y z z00 z00))))
 (let ((?x2215 (* z z y00)))
 (let ((?x2557 (* (- 12) ?x2215)))
 (let ((?x2085 (* z z z)))
 (let ((?x2251 (* (- 4) ?x2085)))
 (let ((?x2260 (* (- 12) ?x2084)))
 (let ((?x1812 (* z z z00)))
 (let ((?x2486 (* (- 6) ?x1812)))
 (let ((?x1386 (* 108 (* x00 x00))))
 (let ((?x1379 (* 36 (* x z00 y00))))
 (let ((?x1283 (* 2 (* z00 z00 z00 x00))))
 (let ((?x1279 (* z00 z00 z00 y00)))
 (let ((?x1266 (* (- 216) (* x x00))))
 (let ((?x1189 (* (- 36) (* z00 y00 x00))))
 (let ((?x1163 (* (- 12) (* y y y00))))
 (let ((?x1103 (* 16 (* y00 y00 y00))))
 (let ((?x1027 (* y z y00)))
 (let ((?x2572 (* (- 24) ?x1027)))
 (let ((?x997 (* x y00)))
 (let ((?x1306 (* (- 216) ?x997)))
 (let ((?x967 (* z00 z00 x00)))
 (let ((?x1239 (* (- 18) ?x967)))
 (let ((?x963 (* y x00)))
 (let ((?x2708 (* (- 324) ?x963)))
 (let ((?x925 (* y y z00)))
 (let ((?x1126 (* (- 6) ?x925)))
 (let ((?x946 (* (- 4) ?x924)))
 (let ((?x898 (* 108 (* x x))))
 (let ((?x873 (* (- 1) (* z00 z00 y00 y00))))
 (let ((?x788 (* x z00)))
 (let ((?x1365 (* (- 36) ?x788)))
 (let ((?x777 (* z00 z00 y00)))
 (let ((?x1340 (* (- 10) ?x777)))
 (let ((?x757 (* z00 y00 y00)))
 (let ((?x838 (* (- 12) ?x757)))
 (let ((?x725 (* y z00)))
 (let ((?x2840 (* (- 60) ?x725)))
 (let ((?x703 (* x z00 z00)))
 (let ((?x776 (* 18 ?x703)))
 (let ((?x695 (* y y00)))
 (let ((?x2756 (* (- 336) ?x695)))
 (let ((?x688 (* z x00)))
 (let ((?x2637 (* (- 108) ?x688)))
 (let ((?x657 (* y00 y00)))
 (let ((?x1139 (* 96 ?x657)))
 (let ((?x631 (* y y)))
 (let ((?x2055 (* 240 ?x631)))
 (let ((?x626 (* z00 x00)))
 (let ((?x583 (* 36 ?x626)))
 (let ((?x2433 (* (- 24) ?x598)))
 (let ((?x708 (* (- 2) (* x z00 z00 z00))))
 (let ((?x569 (* x z)))
 (let ((?x1489 (* 108 ?x569)))
 (let ((?x981 (* 24 ?x563)))
 (let ((?x2395 (* (- 120) ?x537)))
 (let ((?x512 (* y00 x00)))
 (let ((?x534 (* 216 ?x512)))
 (let ((?x212 (* y z00 z00 z00)))
 (let ((?x2899 (* (- 3) ?x212)))
 (let ((?x201 (* y y z00 z00)))
 (let ((?x2259 (* (- 12) ?x135)))
 (let ((?x105 (* y z00 z00)))
 (let ((?x2872 (* 28 ?x105)))
 (let ((?x103 (* y z z00)))
 (let ((?x2501 (* (- 12) ?x103)))
 (let ((?x2859 (* 10 ?x76)))
 (let ((?x1978 (* 24 ?x50)))
 (let ((?x1119 (+ ?x1978 ?x2859 ?x2501 ?x2872 ?x2259 ?x201 ?x2899 (* 156 ?x506) (* 18 (* z z00 y00)) ?x534 (* 324 (* x y)) ?x2395 ?x981 ?x1489 ?x708 ?x2433 ?x583 ?x2055 ?x1139 ?x2637 ?x2756 ?x776 ?x2840 ?x838 ?x1340 ?x1365 (* 54 (* y z00 y00)) ?x873 ?x898 ?x946 ?x1126 ?x2708 ?x1239 ?x1306 ?x2572 ?x1103 ?x1163 ?x1189 ?x1266 ?x1279 ?x1283 ?x1379 ?x1386 ?x2486 ?x2260 ?x2251 ?x2557 ?x2775 ?x2766 ?x2892)))
 (let ((?x2355 (* (- 1) ?x2215)))
 (let ((?x2353 (* (- 1) ?x2085)))
 (let ((?x2352 (* (- 2) ?x2084)))
 (let ((?x2349 (* (- 2) ?x1812)))
 (let ((?x1041 (* z y00 y00)))
 (let ((?x1042 (* 2 ?x1041)))
 (let ((?x2346 (* (- 1) ?x1027)))
 (let ((?x2345 (* (- 18) ?x997)))
 (let ((?x2344 (* (- 3) ?x967)))
 (let ((?x2343 (* (- 2) ?x925)))
 (let ((?x899 (* x z z00)))
 (let ((?x900 (* 3 ?x899)))
 (let ((?x814 (* y z00 y00)))
 (let ((?x789 (* 18 ?x788)))
 (let ((?x2342 (* (- 3) ?x777)))
 (let ((?x2341 (* 12 ?x725)))
 (let ((?x704 (* 3 ?x703)))
 (let ((?x2340 (* (- 60) ?x695)))
 (let ((?x2338 (* 48 ?x657)))
 (let ((?x632 (* 12 ?x631)))
 (let ((?x1875 (* (- 18) ?x626)))
 (let ((?x2336 (* 36 ?x569)))
 (let ((?x692 (* 6 ?x563)))
 (let ((?x531 (* x y)))
 (let ((?x533 (* 18 ?x531)))
 (let ((?x2333 (* 18 ?x512)))
 (let ((?x508 (* z z00 y00)))
 (let ((?x2332 (* 36 ?x506)))
 (let ((?x2331 (* (- 1) ?x135)))
 (let ((?x2330 (* 6 ?x105)))
 (let ((?x1874 (* (- 1) ?x103)))
 (let ((?x2288 (* 3 ?x76)))
 (let ((?x2106 (* 6 ?x50)))
 (let ((?x1035 (+ ?x2106 ?x2288 ?x1874 ?x2330 ?x2331 ?x2332 ?x508 ?x2333 ?x533 (* (- 54) ?x537) ?x692 ?x2336 ?x611 ?x1875 ?x632 ?x2338 (* (- 36) ?x688) ?x2340 ?x704 ?x2341 ?x757 ?x2342 (* (- 3) (* z z00 x00)) ?x789 ?x814 ?x900 ?x2343 (* (- 18) ?x963) ?x2344 ?x2345 ?x2346 ?x1042 ?x2349 ?x2352 ?x2353 ?x2355)))
 (let ((?x1883 (* (- 1) ?x1812)))
 (let ((?x1878 (* (- 1) ?x777)))
 (let ((?x1769 (* 18 ?x725)))
 (let ((?x1877 (* (- 12) ?x695)))
 (let ((?x659 (* 24 ?x657)))
 (let ((?x1876 (* (- 12) ?x631)))
 (let ((?x571 (* 18 ?x569)))
 (let ((?x2965 (+ ?x76 ?x1874 ?x105 (* 6 ?x506) ?x508 (* (- 24) ?x537) ?x571 ?x1875 ?x1876 ?x659 (* (- 18) ?x688) ?x1877 ?x1769 ?x1878 ?x789 ?x1883)))
 (let ((?x494 (* (- 1) ?x50)))
 (let ((?x493 (* (- 12) y00)))
 (let ((?x492 (* (- 6) z00)))
 (let ((?x46 (* 6 z)))
 (let ((?x45 (* 12 y)))
 (let (($x496 (= (+ ?x45 ?x46 ?x492 ?x493 ?x494 ?x422) 0)))
 (let (($x1180 (not $x496)))
 (let (($x414 (= (+ z (* (- 6) n) (* (- 1) z00) (* 6 n00)) 0)))
 (let (($x928 (not $x414)))
 (let (($x1621 (or $x928 $x1180 (not (= ?x2303 0)) (not (= ?x2965 0)) (not (= ?x1035 0)) (not (= ?x1119 0)) (not (= (* ?x1268 ?x2303) 0)))))
 (let ((?x886 (* 24 ?x631)))
 (let ((?x1406 (+ (* 10 ?x105) ?x201 (* (- 1) ?x212) ?x534 (* 108 ?x531) ?x981 ?x708 ?x583 ?x886 ?x1139 (* (- 120) ?x695) ?x776 (* (- 24) ?x725) ?x838 ?x1340 ?x1365 (* 18 ?x814) ?x873 ?x898 ?x946 ?x1126 (* (- 108) ?x963) ?x1239 ?x1306 ?x1103 ?x1163 ?x1189 ?x1266 ?x1279 ?x1283 ?x1379 ?x1386)))
 (let (($x1411 (= ?x1406 0)))
 (let ((?x968 (* 3 ?x967)))
 (let ((?x1030 (* 3 ?x777)))
 (let ((?x764 (* (- 1) ?x757)))
 (let ((?x689 (* 18 ?x688)))
 (let ((?x950 (* (- 36) ?x657)))
 (let ((?x600 (* (- 18) ?x569)))
 (let ((?x857 (* (- 6) ?x563)))
 (let ((?x538 (* 12 ?x537)))
 (let ((?x513 (* (- 18) ?x512)))
 (let ((?x535 (* (- 12) ?x506)))
 (let ((?x585 (* (- 72) y00)))
 (let ((?x71 (* 72 y)))
 (let ((?x1086 (+ ?x64 ?x71 ?x585 ?x642 (* (- 3) ?x105) ?x135 ?x535 ?x513 (* (- 18) ?x531) ?x538 ?x857 ?x600 ?x950 ?x689 (* 36 ?x695) (* (- 3) ?x703) (* 6 ?x725) ?x764 ?x1030 (* 3 (* z z00 x00)) (* (- 1) ?x814) (* (- 3) ?x899) (* 2 ?x925) (* 18 ?x963) ?x968 (* 18 ?x997) ?x1027 (* (- 2) ?x1041))))
 (let (($x1093 (= ?x1086 0)))
 (let ((?x675 (* (- 24) ?x657)))
 (let ((?x628 (* 18 ?x626)))
 (let ((?x831 (+ ?x64 ?x71 ?x585 ?x642 ?x103 (* (- 1) ?x105) ?x535 (* (- 1) ?x508) ?x538 ?x692 ?x600 ?x628 ?x632 ?x675 ?x689 (* 12 ?x695) (* (- 6) ?x725) ?x777 (* (- 18) ?x788))))
 (let (($x836 (= ?x831 0)))
 (let ((?x526 (* 6 ?x422)))
 (let (($x663 (= (+ ?x64 ?x71 ?x585 ?x515 ?x642 ?x76 ?x526 ?x507 ?x550 ?x564 ?x611) 0)))
 (let (($x992 (and $x414 $x496 $x663 $x836 $x1093 $x1411 $x1621)))
 (let ((?x2062 (* z00 z00 ?x634)))
 (let ((?x1423 (* 72 z)))
 (let ((?x1431 (* 180 y)))
 (let ((?x2627 (* y00 z00)))
 (let ((?x2608 (* 18 ?x2627)))
 (let ((?x1791 (* y00 ?x634)))
 (let ((?x3007 (* (- 12) ?x1791)))
 (let ((?x2156 (+ (* (- 6) (* ?x634 ?x223)) ?x515 ?x526 ?x3007 ?x2608 ?x64 ?x1431 ?x585 (* (- 6) (* z00 ?x634)) ?x1423 ?x642 ?x2062)))
 (let ((?x761 (+ (* 7 (* ?x634 ?x223)) ?x1099 ?x1636 (* (- 10) (* ?x791 ?x634 ?x223 ?x223 ?x237)))))
 (let (($x2466 (not (= (* ?x761 ?x2156) 0))))
 (let ((?x99 (* y00 z00 z00)))
 (let ((?x1540 (* (- 10) ?x99)))
 (let ((?x2687 (* 2 (* x00 z00 z00 z00))))
 (let ((?x196 (* y00 z00 z00 z00)))
 (let ((?x2360 (* x00 z00 z00)))
 (let ((?x423 (* (- 18) ?x2360)))
 (let ((?x2977 (* (- 36) (* x00 y00 z00))))
 (let ((?x2372 (* 24 ?x2627)))
 (let ((?x161 (* y00 y00 z00 z00)))
 (let ((?x553 (* (- 1) ?x161)))
 (let ((?x113 (* y00 y00 z00)))
 (let ((?x2587 (* (- 12) ?x113)))
 (let ((?x1733 (* x00 z00)))
 (let ((?x2813 (* 36 ?x1733)))
 (let ((?x643 (* x00 y00)))
 (let ((?x1193 (* 216 ?x643)))
 (let ((?x808 (+ ?x1193 (* 108 (* ?x223 ?x237)) ?x2813 (* (- 2) (* z00 z00 z00 ?x237)) (* 18 (* z00 z00 ?x237)) ?x2587 ?x553 (* 24 (* ?x223 ?x223)) (* 108 (* ?x237 ?x237)) (* (- 4) (* ?x223 ?x223 ?x223)) (* 18 (* y00 z00 ?x223)) ?x2372 (* (- 120) (* y00 ?x223)) (* (- 24) (* z00 ?x223)) ?x1103 (* (- 6) (* z00 ?x223 ?x223)) ?x1139 (* (- 12) (* y00 ?x223 ?x223)) ?x2977 (* (- 108) (* x00 ?x223)) ?x423 (* (- 216) (* x00 ?x237)) ?x196 ?x2687 (* (- 216) (* y00 ?x237)) (* z00 z00 ?x223 ?x223) ?x1540 (* (- 36) (* z00 ?x237)) (* 36 (* y00 z00 ?x237)) (* 10 (* z00 z00 ?x223)) ?x1386 (* (- 1) (* z00 z00 z00 ?x223)))))
 (let (($x2184 (not (= ?x808 0))))
 (let ((?x2400 (* (- 3) ?x99)))
 (let ((?x74 (* 108 x00)))
 (let ((?x2968 (* (- 72) z)))
 (let ((?x67 (* 72 y00)))
 (let ((?x2368 (* (- 180) y)))
 (let ((?x1171 (* (- 108) x)))
 (let ((?x1828 (* (- 3) ?x2360)))
 (let ((?x1666 (* x00 ?x634)))
 (let ((?x2569 (* (- 18) ?x1666)))
 (let ((?x1819 (* 36 ?x657)))
 (let ((?x2905 (* ?x634 ?x223)))
 (let ((?x2720 (* 12 ?x2905)))
 (let ((?x1079 (* z00 ?x223)))
 (let ((?x1935 (* (- 6) ?x1079)))
 (let ((?x841 (* 6 ?x2627)))
 (let ((?x1014 (* y00 z00 ?x223)))
 (let ((?x2238 (* ?x634 ?x237)))
 (let ((?x2970 (* 18 ?x2238)))
 (let ((?x544 (* 18 ?x643)))
 (let ((?x751 (+ ?x544 (* 18 (* ?x223 ?x237)) ?x2970 (* 3 (* z00 z00 ?x237)) ?x113 (* (- 3) (* x00 z00 ?x634)) ?x1014 ?x3007 ?x841 (* (- 36) (* y00 ?x223)) ?x1935 ?x2720 (* 3 (* z00 ?x634 ?x237)) (* (- 2) (* z00 ?x223 ?x223)) ?x1819 ?x2569 (* (- 1) (* ?x634 ?x223 ?x223)) (* (- 18) (* x00 ?x223)) ?x1828 ?x1171 ?x2368 ?x67 (* (- 18) (* y00 ?x237)) ?x2968 ?x74 (* (- 1) (* y00 ?x634 ?x223)) ?x2400 (* 2 (* y00 y00 ?x634)) (* 3 (* z00 z00 ?x223)))))
 (let ((?x2450 (* z00 z00 ?x223)))
 (let ((?x1040 (* (- 1) ?x99)))
 (let ((?x1091 (* 6 ?x1079)))
 (let ((?x2794 (* (- 6) ?x2627)))
 (let ((?x1704 (* (- 18) ?x1733)))
 (let ((?x2148 (* y00 z00 ?x634)))
 (let ((?x2799 (+ ?x2148 ?x2720 ?x2970 ?x1704 (* (- 12) (* ?x223 ?x223)) ?x659 ?x2569 ?x3007 ?x2794 (* (- 12) (* y00 ?x223)) ?x1171 ?x2368 ?x67 ?x1091 ?x2968 ?x74 ?x1040 (* 18 (* z00 ?x237)) (* (- 1) (* z00 ?x634 ?x223)) ?x2450)))
 (let ((?x1679 (* (- 18) ?x2627)))
 (let ((?x1530 (* 12 ?x1791)))
 (let ((?x2802 (* (- 6) ?x422)))
 (let ((?x1705 (+ (* 6 ?x2905) ?x55 ?x2802 ?x1530 ?x1679 ?x1171 ?x2368 ?x67 (* 6 (* z00 ?x634)) ?x2968 ?x74 (* (- 1) ?x2062))))
 (let (($x1194 (= (+ ?x422 ?x493 ?x45 (* 18 z) ?x492 (* (- 1) (* ?x634 ?x634))) (- 36))))
 (let (($x2800 (= (+ z (* (- 1) z00) (* (- 6) n) (* 6 n00)) 0)))
 (let (($x2007 (or (not $x2800) (not $x1194) (not (= ?x1705 0)) (not (= ?x2799 0)) (not (= ?x751 0)) $x2184 $x2466)))
 (let ((?x1995 (* y x)))
 (let ((?x1996 (* 108 ?x1995)))
 (let ((?x2075 (+ ?x1193 ?x1996 ?x2813 (* (- 2) (* z00 z00 z00 x)) (* 18 (* z00 z00 x)) ?x2587 ?x553 ?x886 ?x898 ?x946 (* 18 (* y00 z00 y)) ?x2372 (* (- 120) (* y00 y)) (* (- 24) (* z00 y)) ?x1103 (* (- 6) (* z00 y y)) ?x1139 (* (- 12) (* y00 y y)) ?x2977 (* (- 108) (* x00 y)) ?x423 (* (- 216) (* x00 x)) ?x196 ?x2687 (* (- 216) (* y00 x)) (* z00 z00 y y) ?x1540 (* (- 36) (* z00 x)) (* 36 (* y00 z00 x)) (* 10 (* z00 z00 y)) ?x1386 (* (- 1) (* z00 z00 z00 y)))))
 (let (($x2120 (= ?x2075 0)))
 (let ((?x651 (* (- 72) y)))
 (let ((?x2122 (* x00 y)))
 (let ((?x2354 (* (- 18) ?x2122)))
 (let ((?x1659 (* x00 z)))
 (let ((?x1882 (* (- 18) ?x1659)))
 (let ((?x1618 (* z y)))
 (let ((?x1573 (* 12 ?x1618)))
 (let ((?x2232 (* z00 y)))
 (let ((?x1241 (* (- 6) ?x2232)))
 (let ((?x1159 (* y00 z)))
 (let ((?x1230 (* (- 12) ?x1159)))
 (let ((?x2548 (* y00 z00 y)))
 (let ((?x843 (* z x)))
 (let ((?x2964 (* 18 ?x843)))
 (let ((?x2127 (+ ?x544 (* 18 ?x1995) ?x2964 (* 3 (* z00 z00 x)) ?x113 (* (- 3) (* x00 z00 z)) ?x2548 ?x1230 ?x841 (* (- 36) (* y00 y)) ?x1241 ?x1573 (* 3 (* z00 z x)) (* (- 2) (* z00 y y)) ?x1819 ?x1882 (* (- 1) (* z y y)) ?x2354 ?x1828 ?x1171 ?x67 (* (- 18) (* y00 x)) ?x651 ?x74 (* (- 1) (* y00 z y)) ?x2400 (* 2 (* y00 y00 z)) (* 3 (* z00 z00 y)))))
 (let ((?x2579 (* z00 z00 y)))
 (let ((?x1969 (* 6 ?x2232)))
 (let ((?x2742 (* y00 z00 z)))
 (let ((?x1327 (+ ?x2742 ?x1573 ?x2964 ?x1704 ?x1876 ?x659 ?x1882 ?x1230 ?x2794 (* (- 12) (* y00 y)) ?x1171 ?x67 ?x1969 ?x651 ?x74 ?x1040 (* 18 (* z00 x)) (* (- 1) (* z00 z y)) ?x2579)))
 (let ((?x1195 (* 12 ?x1159)))
 (let ((?x952 (+ (* 6 ?x1618) ?x55 ?x2802 ?x1195 ?x1679 ?x1171 ?x67 (* 6 (* z00 z)) ?x651 ?x74 (* (- 1) (* z00 z00 z)))))
 (let (($x2577 (and $x2800 (= (+ ?x422 ?x493 ?x45 ?x46 ?x492 ?x494) 0) (= ?x952 0) (= ?x1327 0) (= ?x2127 0) $x2120 $x2007)))
 (rewrite (= $x2577 $x992)))))))))))))))))))))))))))))))))))))))))))))))))))))))))))))))))))))))))))))))))))))))))))))))))))))))))))))))))))))))))))))))))))))))))))))))))))))))))))))))))))))))))))))))))))))))))))))))))))))))))))))))))))))))))))))))))))))))))))))))))))))))))))))))))))))))))))))))))))))))))))))))))))))
 ))
 (let (($x1634 (exists ((x Int) (y Int) (z Int) (n Int) )(! (let ((?x634 (+ 6 z)))
 (let ((?x2062 (* z00 z00 ?x634)))
 (let ((?x642 (* (- 108) x00)))
 (let ((?x1423 (* 72 z)))
 (let ((?x585 (* (- 72) y00)))
 (let ((?x1431 (* 180 y)))
 (let ((?x64 (* 108 x)))
 (let ((?x2627 (* y00 z00)))
 (let ((?x2608 (* 18 ?x2627)))
 (let ((?x1791 (* y00 ?x634)))
 (let ((?x3007 (* (- 12) ?x1791)))
 (let ((?x422 (* z00 z00)))
 (let ((?x526 (* 6 ?x422)))
 (let ((?x55 (* z00 z00 z00)))
 (let ((?x515 (* (- 1) ?x55)))
 (let ((?x2156 (+ (* (- 6) (* ?x634 (+ y z))) ?x515 ?x526 ?x3007 ?x2608 ?x64 ?x1431 ?x585 (* (- 6) (* z00 ?x634)) ?x1423 ?x642 ?x2062)))
 (let ((?x693 (* (- 10) (* (+ 1 n) ?x634 (+ y z) (+ y z) (+ x y)))))
 (let ((?x237 (+ x y)))
 (let ((?x223 (+ y z)))
 (let ((?x791 (+ 1 n)))
 (let ((?x1636 (* 6 (* ?x791 ?x791 ?x634 ?x634 ?x223 ?x237 ?x237))))
 (let ((?x1099 (* 5 (* ?x791 ?x634 ?x634 ?x223 ?x223 ?x237 ?x237))))
 (let (($x2466 (not (= (* (+ (* 7 (* ?x634 ?x223)) ?x1099 ?x1636 ?x693) ?x2156) 0))))
 (let ((?x1386 (* 108 (* x00 x00))))
 (let ((?x99 (* y00 z00 z00)))
 (let ((?x1540 (* (- 10) ?x99)))
 (let ((?x2687 (* 2 (* x00 z00 z00 z00))))
 (let ((?x196 (* y00 z00 z00 z00)))
 (let ((?x2360 (* x00 z00 z00)))
 (let ((?x423 (* (- 18) ?x2360)))
 (let ((?x2977 (* (- 36) (* x00 y00 z00))))
 (let ((?x657 (* y00 y00)))
 (let ((?x1139 (* 96 ?x657)))
 (let ((?x1103 (* 16 (* y00 y00 y00))))
 (let ((?x2372 (* 24 ?x2627)))
 (let ((?x161 (* y00 y00 z00 z00)))
 (let ((?x553 (* (- 1) ?x161)))
 (let ((?x113 (* y00 y00 z00)))
 (let ((?x2587 (* (- 12) ?x113)))
 (let ((?x1733 (* x00 z00)))
 (let ((?x2813 (* 36 ?x1733)))
 (let ((?x643 (* x00 y00)))
 (let ((?x1193 (* 216 ?x643)))
 (let ((?x808 (+ ?x1193 (* 108 (* ?x223 ?x237)) ?x2813 (* (- 2) (* z00 z00 z00 ?x237)) (* 18 (* z00 z00 ?x237)) ?x2587 ?x553 (* 24 (* ?x223 ?x223)) (* 108 (* ?x237 ?x237)) (* (- 4) (* ?x223 ?x223 ?x223)) (* 18 (* y00 z00 ?x223)) ?x2372 (* (- 120) (* y00 ?x223)) (* (- 24) (* z00 ?x223)) ?x1103 (* (- 6) (* z00 ?x223 ?x223)) ?x1139 (* (- 12) (* y00 ?x223 ?x223)) ?x2977 (* (- 108) (* x00 ?x223)) ?x423 (* (- 216) (* x00 ?x237)) ?x196 ?x2687 (* (- 216) (* y00 ?x237)) (* z00 z00 ?x223 ?x223) ?x1540 (* (- 36) (* z00 ?x237)) (* 36 (* y00 z00 ?x237)) (* 10 (* z00 z00 ?x223)) ?x1386 (* (- 1) (* z00 z00 z00 ?x223)))))
 (let (($x2184 (not (= ?x808 0))))
 (let ((?x1778 (* 3 ?x99)))
 (let ((?x2603 (* y00 ?x634 ?x223)))
 (let ((?x2369 (* 3 ?x2360)))
 (let ((?x2947 (* ?x634 ?x223 ?x223)))
 (let ((?x1666 (* x00 ?x634)))
 (let ((?x1669 (* 18 ?x1666)))
 (let ((?x950 (* (- 36) ?x657)))
 (let ((?x2905 (* ?x634 ?x223)))
 (let ((?x2198 (* (- 12) ?x2905)))
 (let ((?x1079 (* z00 ?x223)))
 (let ((?x1091 (* 6 ?x1079)))
 (let ((?x2794 (* (- 6) ?x2627)))
 (let ((?x1530 (* 12 ?x1791)))
 (let ((?x2313 (* (- 1) ?x113)))
 (let ((?x2238 (* ?x634 ?x237)))
 (let ((?x2290 (* (- 18) ?x2238)))
 (let ((?x644 (* (- 18) ?x643)))
 (let ((?x1799 (+ ?x644 (* (- 18) (* ?x223 ?x237)) ?x2290 (* (- 3) (* z00 z00 ?x237)) ?x2313 (* 3 (* x00 z00 ?x634)) (* (- 1) (* y00 z00 ?x223)) ?x1530 ?x2794 (* 36 (* y00 ?x223)) ?x1091 ?x2198 (* (- 3) (* z00 ?x634 ?x237)) (* 2 (* z00 ?x223 ?x223)) ?x950 ?x1669 ?x2947 (* 18 (* x00 ?x223)) ?x2369 ?x64 ?x1431 ?x585 (* 18 (* y00 ?x237)) ?x1423 ?x642 ?x2603 ?x1778 (* (- 2) (* y00 y00 ?x634)) (* (- 3) (* z00 z00 ?x223)))))
 (let ((?x2389 (* z00 ?x634 ?x223)))
 (let ((?x1935 (* (- 6) ?x1079)))
 (let ((?x841 (* 6 ?x2627)))
 (let ((?x675 (* (- 24) ?x657)))
 (let ((?x1748 (* 18 ?x1733)))
 (let ((?x2470 (+ (* (- 1) (* y00 z00 ?x634)) ?x2198 ?x2290 ?x1748 (* 12 (* ?x223 ?x223)) ?x675 ?x1669 ?x1530 ?x841 (* 12 (* y00 ?x223)) ?x64 ?x1431 ?x585 ?x1935 ?x1423 ?x642 ?x99 (* (- 18) (* z00 ?x237)) ?x2389 (* (- 1) (* z00 z00 ?x223)))))
 (let ((?x2026 (* ?x634 ?x634)))
 (let ((?x49 (* 6 z00)))
 (let ((?x1294 (* (- 12) y)))
 (let ((?x43 (* 12 y00)))
 (let ((?x582 (* (- 1) ?x422)))
 (let (($x1504 (= (+ (* (- 1) z) z00 (* 6 n) (* (- 6) n00)) 0)))
 (let (($x1346 (or (not $x1504) (not (= (+ ?x582 ?x43 ?x1294 (* (- 18) z) ?x49 ?x2026) 36)) (not (= ?x2156 0)) (not (= ?x2470 0)) (not (= ?x1799 0)) $x2184 $x2466)))
 (let ((?x924 (* y y y)))
 (let ((?x946 (* (- 4) ?x924)))
 (let ((?x898 (* 108 (* x x))))
 (let ((?x631 (* y y)))
 (let ((?x886 (* 24 ?x631)))
 (let ((?x1995 (* y x)))
 (let ((?x1996 (* 108 ?x1995)))
 (let ((?x2075 (+ ?x1193 ?x1996 ?x2813 (* (- 2) (* z00 z00 z00 x)) (* 18 (* z00 z00 x)) ?x2587 ?x553 ?x886 ?x898 ?x946 (* 18 (* y00 z00 y)) ?x2372 (* (- 120) (* y00 y)) (* (- 24) (* z00 y)) ?x1103 (* (- 6) (* z00 y y)) ?x1139 (* (- 12) (* y00 y y)) ?x2977 (* (- 108) (* x00 y)) ?x423 (* (- 216) (* x00 x)) ?x196 ?x2687 (* (- 216) (* y00 x)) (* z00 z00 y y) ?x1540 (* (- 36) (* z00 x)) (* 36 (* y00 z00 x)) (* 10 (* z00 z00 y)) ?x1386 (* (- 1) (* z00 z00 z00 y)))))
 (let (($x2120 (= ?x2075 0)))
 (let ((?x1771 (* y00 z y)))
 (let ((?x71 (* 72 y)))
 (let ((?x2132 (* z y y)))
 (let ((?x1659 (* x00 z)))
 (let ((?x812 (* 18 ?x1659)))
 (let ((?x1618 (* z y)))
 (let ((?x1880 (* (- 12) ?x1618)))
 (let ((?x2232 (* z00 y)))
 (let ((?x1969 (* 6 ?x2232)))
 (let ((?x1159 (* y00 z)))
 (let ((?x1195 (* 12 ?x1159)))
 (let ((?x843 (* z x)))
 (let ((?x728 (* (- 18) ?x843)))
 (let ((?x2020 (+ ?x644 (* (- 18) ?x1995) ?x728 (* (- 3) (* z00 z00 x)) ?x2313 (* 3 (* x00 z00 z)) (* (- 1) (* y00 z00 y)) ?x1195 ?x2794 (* 36 (* y00 y)) ?x1969 ?x1880 (* (- 3) (* z00 z x)) (* 2 (* z00 y y)) ?x950 ?x812 ?x2132 (* 18 (* x00 y)) ?x2369 ?x64 ?x585 (* 18 (* y00 x)) ?x71 ?x642 ?x1771 ?x1778 (* (- 2) (* y00 y00 z)) (* (- 3) (* z00 z00 y)))))
 (let ((?x2566 (* z00 z y)))
 (let ((?x1241 (* (- 6) ?x2232)))
 (let ((?x632 (* 12 ?x631)))
 (let ((?x612 (+ (* (- 1) (* y00 z00 z)) ?x1880 ?x728 ?x1748 ?x632 ?x675 ?x812 ?x1195 ?x841 (* 12 (* y00 y)) ?x64 ?x585 ?x1241 ?x71 ?x642 ?x99 (* (- 18) (* z00 x)) ?x2566 (* (- 1) (* z00 z00 y)))))
 (let ((?x731 (* z00 z00 z)))
 (let ((?x1230 (* (- 12) ?x1159)))
 (let ((?x737 (+ (* (- 6) ?x1618) ?x515 ?x526 ?x1230 ?x2608 ?x64 ?x585 (* (- 6) (* z00 z)) ?x71 ?x642 ?x731)))
 (and $x1504 (= (+ ?x582 ?x43 ?x1294 (* (- 6) z) ?x49 (* z z)) 0) (= ?x737 0) (= ?x612 0) (= ?x2020 0) $x2120 $x1346))))))))))))))))))))))))))))))))))))))))))))))))))))))))))))))))))))))))))))))))))))))))))))))))))))))))))) :qid k!44))
 ))
 (let ((?x2586 (lambda ((x Int) (y Int) (z Int) (n Int) )(let ((?x634 (+ 6 z)))
 (let ((?x2062 (* z00 z00 ?x634)))
 (let ((?x642 (* (- 108) x00)))
 (let ((?x1423 (* 72 z)))
 (let ((?x585 (* (- 72) y00)))
 (let ((?x1431 (* 180 y)))
 (let ((?x64 (* 108 x)))
 (let ((?x2627 (* y00 z00)))
 (let ((?x2608 (* 18 ?x2627)))
 (let ((?x1791 (* y00 ?x634)))
 (let ((?x3007 (* (- 12) ?x1791)))
 (let ((?x422 (* z00 z00)))
 (let ((?x526 (* 6 ?x422)))
 (let ((?x55 (* z00 z00 z00)))
 (let ((?x515 (* (- 1) ?x55)))
 (let ((?x2156 (+ (* (- 6) (* ?x634 (+ y z))) ?x515 ?x526 ?x3007 ?x2608 ?x64 ?x1431 ?x585 (* (- 6) (* z00 ?x634)) ?x1423 ?x642 ?x2062)))
 (let ((?x693 (* (- 10) (* (+ 1 n) ?x634 (+ y z) (+ y z) (+ x y)))))
 (let ((?x237 (+ x y)))
 (let ((?x223 (+ y z)))
 (let ((?x791 (+ 1 n)))
 (let ((?x1636 (* 6 (* ?x791 ?x791 ?x634 ?x634 ?x223 ?x237 ?x237))))
 (let ((?x1099 (* 5 (* ?x791 ?x634 ?x634 ?x223 ?x223 ?x237 ?x237))))
 (let (($x2466 (not (= (* (+ (* 7 (* ?x634 ?x223)) ?x1099 ?x1636 ?x693) ?x2156) 0))))
 (let ((?x1386 (* 108 (* x00 x00))))
 (let ((?x99 (* y00 z00 z00)))
 (let ((?x1540 (* (- 10) ?x99)))
 (let ((?x2687 (* 2 (* x00 z00 z00 z00))))
 (let ((?x196 (* y00 z00 z00 z00)))
 (let ((?x2360 (* x00 z00 z00)))
 (let ((?x423 (* (- 18) ?x2360)))
 (let ((?x2977 (* (- 36) (* x00 y00 z00))))
 (let ((?x657 (* y00 y00)))
 (let ((?x1139 (* 96 ?x657)))
 (let ((?x1103 (* 16 (* y00 y00 y00))))
 (let ((?x2372 (* 24 ?x2627)))
 (let ((?x161 (* y00 y00 z00 z00)))
 (let ((?x553 (* (- 1) ?x161)))
 (let ((?x113 (* y00 y00 z00)))
 (let ((?x2587 (* (- 12) ?x113)))
 (let ((?x1733 (* x00 z00)))
 (let ((?x2813 (* 36 ?x1733)))
 (let ((?x643 (* x00 y00)))
 (let ((?x1193 (* 216 ?x643)))
 (let ((?x808 (+ ?x1193 (* 108 (* ?x223 ?x237)) ?x2813 (* (- 2) (* z00 z00 z00 ?x237)) (* 18 (* z00 z00 ?x237)) ?x2587 ?x553 (* 24 (* ?x223 ?x223)) (* 108 (* ?x237 ?x237)) (* (- 4) (* ?x223 ?x223 ?x223)) (* 18 (* y00 z00 ?x223)) ?x2372 (* (- 120) (* y00 ?x223)) (* (- 24) (* z00 ?x223)) ?x1103 (* (- 6) (* z00 ?x223 ?x223)) ?x1139 (* (- 12) (* y00 ?x223 ?x223)) ?x2977 (* (- 108) (* x00 ?x223)) ?x423 (* (- 216) (* x00 ?x237)) ?x196 ?x2687 (* (- 216) (* y00 ?x237)) (* z00 z00 ?x223 ?x223) ?x1540 (* (- 36) (* z00 ?x237)) (* 36 (* y00 z00 ?x237)) (* 10 (* z00 z00 ?x223)) ?x1386 (* (- 1) (* z00 z00 z00 ?x223)))))
 (let (($x2184 (not (= ?x808 0))))
 (let ((?x2400 (* (- 3) ?x99)))
 (let ((?x74 (* 108 x00)))
 (let ((?x2968 (* (- 72) z)))
 (let ((?x67 (* 72 y00)))
 (let ((?x2368 (* (- 180) y)))
 (let ((?x1171 (* (- 108) x)))
 (let ((?x1828 (* (- 3) ?x2360)))
 (let ((?x1666 (* x00 ?x634)))
 (let ((?x2569 (* (- 18) ?x1666)))
 (let ((?x1819 (* 36 ?x657)))
 (let ((?x2905 (* ?x634 ?x223)))
 (let ((?x2720 (* 12 ?x2905)))
 (let ((?x1079 (* z00 ?x223)))
 (let ((?x1935 (* (- 6) ?x1079)))
 (let ((?x841 (* 6 ?x2627)))
 (let ((?x1014 (* y00 z00 ?x223)))
 (let ((?x2238 (* ?x634 ?x237)))
 (let ((?x2970 (* 18 ?x2238)))
 (let ((?x544 (* 18 ?x643)))
 (let ((?x751 (+ ?x544 (* 18 (* ?x223 ?x237)) ?x2970 (* 3 (* z00 z00 ?x237)) ?x113 (* (- 3) (* x00 z00 ?x634)) ?x1014 ?x3007 ?x841 (* (- 36) (* y00 ?x223)) ?x1935 ?x2720 (* 3 (* z00 ?x634 ?x237)) (* (- 2) (* z00 ?x223 ?x223)) ?x1819 ?x2569 (* (- 1) (* ?x634 ?x223 ?x223)) (* (- 18) (* x00 ?x223)) ?x1828 ?x1171 ?x2368 ?x67 (* (- 18) (* y00 ?x237)) ?x2968 ?x74 (* (- 1) (* y00 ?x634 ?x223)) ?x2400 (* 2 (* y00 y00 ?x634)) (* 3 (* z00 z00 ?x223)))))
 (let ((?x2450 (* z00 z00 ?x223)))
 (let ((?x1040 (* (- 1) ?x99)))
 (let ((?x1091 (* 6 ?x1079)))
 (let ((?x2794 (* (- 6) ?x2627)))
 (let ((?x659 (* 24 ?x657)))
 (let ((?x1704 (* (- 18) ?x1733)))
 (let ((?x2148 (* y00 z00 ?x634)))
 (let ((?x2799 (+ ?x2148 ?x2720 ?x2970 ?x1704 (* (- 12) (* ?x223 ?x223)) ?x659 ?x2569 ?x3007 ?x2794 (* (- 12) (* y00 ?x223)) ?x1171 ?x2368 ?x67 ?x1091 ?x2968 ?x74 ?x1040 (* 18 (* z00 ?x237)) (* (- 1) (* z00 ?x634 ?x223)) ?x2450)))
 (let ((?x1679 (* (- 18) ?x2627)))
 (let ((?x1530 (* 12 ?x1791)))
 (let ((?x2802 (* (- 6) ?x422)))
 (let ((?x1705 (+ (* 6 ?x2905) ?x55 ?x2802 ?x1530 ?x1679 ?x1171 ?x2368 ?x67 (* 6 (* z00 ?x634)) ?x2968 ?x74 (* (- 1) ?x2062))))
 (let ((?x492 (* (- 6) z00)))
 (let ((?x45 (* 12 y)))
 (let ((?x493 (* (- 12) y00)))
 (let (($x1194 (= (+ ?x422 ?x493 ?x45 (* 18 z) ?x492 (* (- 1) (* ?x634 ?x634))) (- 36))))
 (let (($x2800 (= (+ z (* (- 1) z00) (* (- 6) n) (* 6 n00)) 0)))
 (let (($x2007 (or (not $x2800) (not $x1194) (not (= ?x1705 0)) (not (= ?x2799 0)) (not (= ?x751 0)) $x2184 $x2466)))
 (let ((?x924 (* y y y)))
 (let ((?x946 (* (- 4) ?x924)))
 (let ((?x898 (* 108 (* x x))))
 (let ((?x631 (* y y)))
 (let ((?x886 (* 24 ?x631)))
 (let ((?x1995 (* y x)))
 (let ((?x1996 (* 108 ?x1995)))
 (let ((?x2075 (+ ?x1193 ?x1996 ?x2813 (* (- 2) (* z00 z00 z00 x)) (* 18 (* z00 z00 x)) ?x2587 ?x553 ?x886 ?x898 ?x946 (* 18 (* y00 z00 y)) ?x2372 (* (- 120) (* y00 y)) (* (- 24) (* z00 y)) ?x1103 (* (- 6) (* z00 y y)) ?x1139 (* (- 12) (* y00 y y)) ?x2977 (* (- 108) (* x00 y)) ?x423 (* (- 216) (* x00 x)) ?x196 ?x2687 (* (- 216) (* y00 x)) (* z00 z00 y y) ?x1540 (* (- 36) (* z00 x)) (* 36 (* y00 z00 x)) (* 10 (* z00 z00 y)) ?x1386 (* (- 1) (* z00 z00 z00 y)))))
 (let (($x2120 (= ?x2075 0)))
 (let ((?x651 (* (- 72) y)))
 (let ((?x2122 (* x00 y)))
 (let ((?x2354 (* (- 18) ?x2122)))
 (let ((?x1659 (* x00 z)))
 (let ((?x1882 (* (- 18) ?x1659)))
 (let ((?x1618 (* z y)))
 (let ((?x1573 (* 12 ?x1618)))
 (let ((?x2232 (* z00 y)))
 (let ((?x1241 (* (- 6) ?x2232)))
 (let ((?x1159 (* y00 z)))
 (let ((?x1230 (* (- 12) ?x1159)))
 (let ((?x2548 (* y00 z00 y)))
 (let ((?x843 (* z x)))
 (let ((?x2964 (* 18 ?x843)))
 (let ((?x2127 (+ ?x544 (* 18 ?x1995) ?x2964 (* 3 (* z00 z00 x)) ?x113 (* (- 3) (* x00 z00 z)) ?x2548 ?x1230 ?x841 (* (- 36) (* y00 y)) ?x1241 ?x1573 (* 3 (* z00 z x)) (* (- 2) (* z00 y y)) ?x1819 ?x1882 (* (- 1) (* z y y)) ?x2354 ?x1828 ?x1171 ?x67 (* (- 18) (* y00 x)) ?x651 ?x74 (* (- 1) (* y00 z y)) ?x2400 (* 2 (* y00 y00 z)) (* 3 (* z00 z00 y)))))
 (let ((?x2579 (* z00 z00 y)))
 (let ((?x1969 (* 6 ?x2232)))
 (let ((?x1876 (* (- 12) ?x631)))
 (let ((?x2742 (* y00 z00 z)))
 (let ((?x1327 (+ ?x2742 ?x1573 ?x2964 ?x1704 ?x1876 ?x659 ?x1882 ?x1230 ?x2794 (* (- 12) (* y00 y)) ?x1171 ?x67 ?x1969 ?x651 ?x74 ?x1040 (* 18 (* z00 x)) (* (- 1) (* z00 z y)) ?x2579)))
 (let ((?x1195 (* 12 ?x1159)))
 (let ((?x952 (+ (* 6 ?x1618) ?x55 ?x2802 ?x1195 ?x1679 ?x1171 ?x67 (* 6 (* z00 z)) ?x651 ?x74 (* (- 1) (* z00 z00 z)))))
 (let (($x1785 (= (+ ?x422 ?x493 ?x45 (* 6 z) ?x492 (* (- 1) (* z z))) 0)))
 (let (($x2577 (and $x2800 $x1785 (= ?x952 0) (= ?x1327 0) (= ?x2127 0) $x2120 $x2007)))
 (let ((?x1778 (* 3 ?x99)))
 (let ((?x2603 (* y00 ?x634 ?x223)))
 (let ((?x2369 (* 3 ?x2360)))
 (let ((?x2947 (* ?x634 ?x223 ?x223)))
 (let ((?x1669 (* 18 ?x1666)))
 (let ((?x950 (* (- 36) ?x657)))
 (let ((?x2198 (* (- 12) ?x2905)))
 (let ((?x2313 (* (- 1) ?x113)))
 (let ((?x2290 (* (- 18) ?x2238)))
 (let ((?x644 (* (- 18) ?x643)))
 (let ((?x1799 (+ ?x644 (* (- 18) (* ?x223 ?x237)) ?x2290 (* (- 3) (* z00 z00 ?x237)) ?x2313 (* 3 (* x00 z00 ?x634)) (* (- 1) ?x1014) ?x1530 ?x2794 (* 36 (* y00 ?x223)) ?x1091 ?x2198 (* (- 3) (* z00 ?x634 ?x237)) (* 2 (* z00 ?x223 ?x223)) ?x950 ?x1669 ?x2947 (* 18 (* x00 ?x223)) ?x2369 ?x64 ?x1431 ?x585 (* 18 (* y00 ?x237)) ?x1423 ?x642 ?x2603 ?x1778 (* (- 2) (* y00 y00 ?x634)) (* (- 3) ?x2450))))
 (let ((?x2389 (* z00 ?x634 ?x223)))
 (let ((?x675 (* (- 24) ?x657)))
 (let ((?x1748 (* 18 ?x1733)))
 (let ((?x2470 (+ (* (- 1) ?x2148) ?x2198 ?x2290 ?x1748 (* 12 (* ?x223 ?x223)) ?x675 ?x1669 ?x1530 ?x841 (* 12 (* y00 ?x223)) ?x64 ?x1431 ?x585 ?x1935 ?x1423 ?x642 ?x99 (* (- 18) (* z00 ?x237)) ?x2389 (* (- 1) ?x2450))))
 (let ((?x2026 (* ?x634 ?x634)))
 (let ((?x49 (* 6 z00)))
 (let ((?x1294 (* (- 12) y)))
 (let ((?x43 (* 12 y00)))
 (let ((?x582 (* (- 1) ?x422)))
 (let (($x1504 (= (+ (* (- 1) z) z00 (* 6 n) (* (- 6) n00)) 0)))
 (let (($x1346 (or (not $x1504) (not (= (+ ?x582 ?x43 ?x1294 (* (- 18) z) ?x49 ?x2026) 36)) (not (= ?x2156 0)) (not (= ?x2470 0)) (not (= ?x1799 0)) $x2184 $x2466)))
 (let ((?x1771 (* y00 z y)))
 (let ((?x71 (* 72 y)))
 (let ((?x2132 (* z y y)))
 (let ((?x812 (* 18 ?x1659)))
 (let ((?x1880 (* (- 12) ?x1618)))
 (let ((?x728 (* (- 18) ?x843)))
 (let ((?x2020 (+ ?x644 (* (- 18) ?x1995) ?x728 (* (- 3) (* z00 z00 x)) ?x2313 (* 3 (* x00 z00 z)) (* (- 1) ?x2548) ?x1195 ?x2794 (* 36 (* y00 y)) ?x1969 ?x1880 (* (- 3) (* z00 z x)) (* 2 (* z00 y y)) ?x950 ?x812 ?x2132 (* 18 ?x2122) ?x2369 ?x64 ?x585 (* 18 (* y00 x)) ?x71 ?x642 ?x1771 ?x1778 (* (- 2) (* y00 y00 z)) (* (- 3) ?x2579))))
 (let ((?x2566 (* z00 z y)))
 (let ((?x632 (* 12 ?x631)))
 (let ((?x612 (+ (* (- 1) ?x2742) ?x1880 ?x728 ?x1748 ?x632 ?x675 ?x812 ?x1195 ?x841 (* 12 (* y00 y)) ?x64 ?x585 ?x1241 ?x71 ?x642 ?x99 (* (- 18) (* z00 x)) ?x2566 (* (- 1) ?x2579))))
 (let ((?x731 (* z00 z00 z)))
 (let ((?x737 (+ (* (- 6) ?x1618) ?x515 ?x526 ?x1230 ?x2608 ?x64 ?x585 (* (- 6) (* z00 z)) ?x71 ?x642 ?x731)))
 (let (($x2537 (and $x1504 (= (+ ?x582 ?x43 ?x1294 (* (- 6) z) ?x49 (* z z)) 0) (= ?x737 0) (= ?x612 0) (= ?x2020 0) $x2120 $x1346)))
 (rewrite (= $x2537 $x2577))))))))))))))))))))))))))))))))))))))))))))))))))))))))))))))))))))))))))))))))))))))))))))))))))))))))))))))))))))))))))))))))))))))))))))))))))))))))))
 ))
 (let (($x369 (exists ((x Int) (y Int) (z Int) (n Int) )(! (let ((?x74 (* 108 x00)))
 (let ((?x223 (+ y z)))
 (let ((?x243 (* 72 ?x223)))
 (let ((?x67 (* 72 y00)))
 (let ((?x237 (+ x y)))
 (let ((?x238 (* 108 ?x237)))
 (let ((?x62 (* 18 y00 z00)))
 (let ((?x215 (+ z 6)))
 (let ((?x235 (* 12 y00 ?x215)))
 (let ((?x57 (* 6 z00 z00)))
 (let ((?x236 (- (+ (- (* (- 6) ?x223 ?x215) (* z00 z00 z00)) ?x57) ?x235)))
 (let ((?x245 (- (+ (- (- (+ ?x236 ?x62 ?x238) ?x67) (* 6 ?x215 z00)) ?x243) ?x74)))
 (let ((?x247 (+ ?x245 (* ?x215 z00 z00))))
 (let ((?x361 (+ (* 7 ?x223 ?x215) (* 5 (+ n 1) ?x237 ?x237 ?x223 ?x223 ?x215 ?x215) (* 6 (+ n 1) (+ n 1) ?x237 ?x237 ?x223 ?x215 ?x215))))
 (let (($x365 (= (* (- ?x361 (* 10 (+ n 1) ?x237 ?x223 ?x223 ?x215)) ?x247) 0)))
 (let ((?x210 (* 108 x00 x00)))
 (let ((?x204 (* 10 y00 z00 z00)))
 (let ((?x197 (* 2 x00 z00 z00 z00)))
 (let ((?x196 (* y00 z00 z00 z00)))
 (let ((?x189 (* 18 x00 z00 z00)))
 (let ((?x187 (* 36 x00 y00 z00)))
 (let ((?x184 (* 96 y00 y00)))
 (let ((?x179 (* 16 y00 y00 y00)))
 (let ((?x171 (* 24 y00 z00)))
 (let ((?x161 (* y00 y00 z00 z00)))
 (let ((?x160 (* 12 y00 y00 z00)))
 (let ((?x313 (- (+ (* 216 x00 y00) (* 108 ?x237 ?x223) (* 36 x00 z00)) (* 2 ?x237 z00 z00 z00))))
 (let ((?x320 (+ (- (- (+ ?x313 (* 18 ?x237 z00 z00)) ?x160) ?x161) (* 24 ?x223 ?x223) (* 108 ?x237 ?x237))))
 (let ((?x324 (+ (- ?x320 (* 4 ?x223 ?x223 ?x223)) (* 18 ?x223 y00 z00) ?x171)))
 (let ((?x331 (- (+ (- (- ?x324 (* 120 ?x223 y00)) (* 24 ?x223 z00)) ?x179) (* 6 ?x223 ?x223 z00))))
 (let ((?x338 (- (- (- (+ ?x331 ?x184) (* 12 ?x223 ?x223 y00)) ?x187) (* 108 x00 ?x223))))
 (let ((?x343 (- (+ (- (- ?x338 ?x189) (* 216 ?x237 x00)) ?x196 ?x197) (* 216 ?x237 y00))))
 (let ((?x348 (- (- (+ ?x343 (* ?x223 ?x223 z00 z00)) ?x204) (* 36 ?x237 z00))))
 (let ((?x353 (- (+ ?x348 (* 36 ?x237 y00 z00) (* 10 ?x223 z00 z00) ?x210) (* ?x223 z00 z00 z00))))
 (let ((?x144 (* 3 y00 z00 z00)))
 (let ((?x137 (* 3 x00 z00 z00)))
 (let ((?x258 (* 18 x00 ?x215)))
 (let ((?x133 (* 36 y00 y00)))
 (let ((?x251 (* 12 ?x223 ?x215)))
 (let ((?x261 (* 6 ?x223 z00)))
 (let ((?x91 (* 6 y00 z00)))
 (let ((?x113 (* y00 y00 z00)))
 (let ((?x252 (* 18 ?x237 ?x215)))
 (let ((?x279 (- (- (- (* (- 18) x00 y00) (* 18 ?x237 ?x223)) ?x252) (* 3 ?x237 z00 z00))))
 (let ((?x284 (- (+ (- ?x279 ?x113) (* 3 x00 ?x215 z00)) (* ?x223 y00 z00))))
 (let ((?x291 (- (- (+ (- (+ ?x284 ?x235) ?x91) (* 36 ?x223 y00) ?x261) ?x251) (* 3 ?x237 ?x215 z00))))
 (let ((?x297 (+ (- (+ ?x291 (* 2 ?x223 ?x223 z00)) ?x133) ?x258 (* ?x223 ?x223 ?x215) (* 18 x00 ?x223) ?x137 ?x238)))
 (let ((?x303 (+ (- (+ (- ?x297 ?x67) (* 18 ?x237 y00) ?x243) ?x74) (* ?x223 y00 ?x215) ?x144)))
 (let (($x308 (= (- (- ?x303 (* 2 y00 y00 ?x215)) (* 3 ?x223 z00 z00)) 0)))
 (let ((?x99 (* y00 z00 z00)))
 (let ((?x88 (* 24 y00 y00)))
 (let ((?x84 (* 18 x00 z00)))
 (let ((?x256 (+ (- (- (* (- 1) y00 ?x215 z00) ?x251) ?x252) ?x84 (* 12 ?x223 ?x223))))
 (let ((?x262 (- (+ (- ?x256 ?x88) ?x258 ?x235 ?x91 (* 12 ?x223 y00) ?x238) ?x67)))
 (let ((?x270 (+ (- (+ (- (+ (- ?x262 ?x261) ?x243) ?x74) ?x99) (* 18 ?x237 z00)) (* ?x223 ?x215 z00))))
 (let ((?x49 (* 6 z00)))
 (let ((?x227 (- (- (+ (* (- 1) z00 z00) (* 12 y00)) (* 12 ?x223)) (* 6 ?x215))))
 (let ((?x36 (* 6 n00)))
 (let (($x221 (= (- (+ (* (- 1) ?x215) z00 (* 6 (+ n 1))) ?x36) 0)))
 (let (($x367 (or (not $x221) (not (= (+ ?x227 ?x49 (* ?x215 ?x215)) 0)) (not (= ?x247 0)) (not (= (- ?x270 (* ?x223 z00 z00)) 0)) (not $x308) (not (= ?x353 0)) (not $x365))))
 (let ((?x212 (* y z00 z00 z00)))
 (let ((?x201 (* y y z00 z00)))
 (let ((?x157 (- (+ (* 216 x00 y00) (* 108 x y) (* 36 x00 z00)) (* 2 x z00 z00 z00))))
 (let ((?x166 (+ (- (- (+ ?x157 (* 18 x z00 z00)) ?x160) ?x161) (* 24 y y) (* 108 x x))))
 (let ((?x172 (+ (- ?x166 (* 4 y y y)) (* 18 y y00 z00) ?x171)))
 (let ((?x182 (- (+ (- (- ?x172 (* 120 y y00)) (* 24 y z00)) ?x179) (* 6 y y z00))))
 (let ((?x193 (- (- (- (+ ?x182 ?x184) (* 12 y y y00)) ?x187) (* 108 x00 y))))
 (let ((?x200 (- (+ (- (- ?x193 ?x189) (* 216 x x00)) ?x196 ?x197) (* 216 x y00))))
 (let ((?x211 (+ (- (- (+ ?x200 ?x201) ?x204) (* 36 x z00)) (* 36 x y00 z00) (* 10 y z00 z00) ?x210)))
 (let ((?x71 (* 72 y)))
 (let ((?x64 (* 108 x)))
 (let ((?x135 (* y y z)))
 (let ((?x90 (* 18 x00 z)))
 (let ((?x80 (* 12 y z)))
 (let ((?x94 (* 6 y z00)))
 (let ((?x59 (* 12 y00 z)))
 (let ((?x120 (* y y00 z00)))
 (let ((?x81 (* 18 x z)))
 (let ((?x116 (- (- (- (* (- 18) x00 y00) (* 18 x y)) ?x81) (* 3 x z00 z00))))
 (let ((?x123 (- (+ (- (+ (- ?x116 ?x113) (* 3 x00 z z00)) ?x120) ?x59) ?x91)))
 (let ((?x129 (- (- (+ ?x123 (* 36 y y00) ?x94) ?x80) (* 3 x z z00))))
 (let ((?x138 (+ (- (+ ?x129 (* 2 y y z00)) ?x133) ?x90 ?x135 (* 18 x00 y) ?x137 ?x64)))
 (let ((?x145 (+ (- (+ (- ?x138 ?x67) (* 18 x y00) ?x71) ?x74) (* y y00 z) ?x144)))
 (let (($x150 (= (- (- ?x145 (* 2 y00 y00 z)) (* 3 y z00 z00)) 0)))
 (let ((?x105 (* y z00 z00)))
 (let ((?x103 (* y z z00)))
 (let ((?x86 (+ (- (- (* (- 1) y00 z z00) ?x80) ?x81) ?x84 (* 12 y y))))
 (let ((?x95 (- (+ (- ?x86 ?x88) ?x90 ?x59 ?x91 (* 12 y y00) ?x64) ?x67)))
 (let ((?x104 (+ (- (+ (- (+ (- ?x95 ?x94) ?x71) ?x74) ?x99) (* 18 x z00)) ?x103)))
 (let ((?x76 (* z z00 z00)))
 (let ((?x60 (- (+ (- (* (- 6) y z) (* z00 z00 z00)) ?x57) ?x59)))
 (let ((?x75 (- (+ (- (- (+ ?x60 ?x62 ?x64) ?x67) (* 6 z z00)) ?x71) ?x74)))
 (let ((?x50 (* z z)))
 (let ((?x46 (* 6 z)))
 (let ((?x48 (- (- (+ (* (- 1) z00 z00) (* 12 y00)) (* 12 y)) ?x46)))
 (and (= (- (+ (* (- 1) z) z00 (* 6 n)) ?x36) 0) (= (+ ?x48 ?x49 ?x50) 0) (= (+ ?x75 ?x76) 0) (= (- ?x104 ?x105) 0) $x150 (= (- ?x211 ?x212) 0) $x367)))))))))))))))))))))))))))))))))))))))))))))))))))))))))))))))))))))))))))))))))))))))))))))))) :qid k!44))
 ))
 (let ((?x2067 (lambda ((x Int) (y Int) (z Int) (n Int) )(let ((?x634 (+ 6 z)))
 (let ((?x2062 (* z00 z00 ?x634)))
 (let ((?x642 (* (- 108) x00)))
 (let ((?x1423 (* 72 z)))
 (let ((?x585 (* (- 72) y00)))
 (let ((?x1431 (* 180 y)))
 (let ((?x64 (* 108 x)))
 (let ((?x2627 (* y00 z00)))
 (let ((?x2608 (* 18 ?x2627)))
 (let ((?x1791 (* y00 ?x634)))
 (let ((?x3007 (* (- 12) ?x1791)))
 (let ((?x422 (* z00 z00)))
 (let ((?x526 (* 6 ?x422)))
 (let ((?x55 (* z00 z00 z00)))
 (let ((?x515 (* (- 1) ?x55)))
 (let ((?x2156 (+ (* (- 6) (* ?x634 (+ y z))) ?x515 ?x526 ?x3007 ?x2608 ?x64 ?x1431 ?x585 (* (- 6) (* z00 ?x634)) ?x1423 ?x642 ?x2062)))
 (let ((?x693 (* (- 10) (* (+ 1 n) ?x634 (+ y z) (+ y z) (+ x y)))))
 (let ((?x237 (+ x y)))
 (let ((?x223 (+ y z)))
 (let ((?x791 (+ 1 n)))
 (let ((?x1636 (* 6 (* ?x791 ?x791 ?x634 ?x634 ?x223 ?x237 ?x237))))
 (let ((?x1099 (* 5 (* ?x791 ?x634 ?x634 ?x223 ?x223 ?x237 ?x237))))
 (let (($x2466 (not (= (* (+ (* 7 (* ?x634 ?x223)) ?x1099 ?x1636 ?x693) ?x2156) 0))))
 (let ((?x1386 (* 108 (* x00 x00))))
 (let ((?x99 (* y00 z00 z00)))
 (let ((?x1540 (* (- 10) ?x99)))
 (let ((?x2687 (* 2 (* x00 z00 z00 z00))))
 (let ((?x196 (* y00 z00 z00 z00)))
 (let ((?x2360 (* x00 z00 z00)))
 (let ((?x423 (* (- 18) ?x2360)))
 (let ((?x2977 (* (- 36) (* x00 y00 z00))))
 (let ((?x657 (* y00 y00)))
 (let ((?x1139 (* 96 ?x657)))
 (let ((?x1103 (* 16 (* y00 y00 y00))))
 (let ((?x2372 (* 24 ?x2627)))
 (let ((?x161 (* y00 y00 z00 z00)))
 (let ((?x553 (* (- 1) ?x161)))
 (let ((?x113 (* y00 y00 z00)))
 (let ((?x2587 (* (- 12) ?x113)))
 (let ((?x1733 (* x00 z00)))
 (let ((?x2813 (* 36 ?x1733)))
 (let ((?x643 (* x00 y00)))
 (let ((?x1193 (* 216 ?x643)))
 (let ((?x808 (+ ?x1193 (* 108 (* ?x223 ?x237)) ?x2813 (* (- 2) (* z00 z00 z00 ?x237)) (* 18 (* z00 z00 ?x237)) ?x2587 ?x553 (* 24 (* ?x223 ?x223)) (* 108 (* ?x237 ?x237)) (* (- 4) (* ?x223 ?x223 ?x223)) (* 18 (* y00 z00 ?x223)) ?x2372 (* (- 120) (* y00 ?x223)) (* (- 24) (* z00 ?x223)) ?x1103 (* (- 6) (* z00 ?x223 ?x223)) ?x1139 (* (- 12) (* y00 ?x223 ?x223)) ?x2977 (* (- 108) (* x00 ?x223)) ?x423 (* (- 216) (* x00 ?x237)) ?x196 ?x2687 (* (- 216) (* y00 ?x237)) (* z00 z00 ?x223 ?x223) ?x1540 (* (- 36) (* z00 ?x237)) (* 36 (* y00 z00 ?x237)) (* 10 (* z00 z00 ?x223)) ?x1386 (* (- 1) (* z00 z00 z00 ?x223)))))
 (let (($x2184 (not (= ?x808 0))))
 (let ((?x1778 (* 3 ?x99)))
 (let ((?x2603 (* y00 ?x634 ?x223)))
 (let ((?x2369 (* 3 ?x2360)))
 (let ((?x2947 (* ?x634 ?x223 ?x223)))
 (let ((?x1666 (* x00 ?x634)))
 (let ((?x1669 (* 18 ?x1666)))
 (let ((?x950 (* (- 36) ?x657)))
 (let ((?x2905 (* ?x634 ?x223)))
 (let ((?x2198 (* (- 12) ?x2905)))
 (let ((?x1079 (* z00 ?x223)))
 (let ((?x1091 (* 6 ?x1079)))
 (let ((?x2794 (* (- 6) ?x2627)))
 (let ((?x1530 (* 12 ?x1791)))
 (let ((?x2313 (* (- 1) ?x113)))
 (let ((?x2238 (* ?x634 ?x237)))
 (let ((?x2290 (* (- 18) ?x2238)))
 (let ((?x644 (* (- 18) ?x643)))
 (let ((?x1799 (+ ?x644 (* (- 18) (* ?x223 ?x237)) ?x2290 (* (- 3) (* z00 z00 ?x237)) ?x2313 (* 3 (* x00 z00 ?x634)) (* (- 1) (* y00 z00 ?x223)) ?x1530 ?x2794 (* 36 (* y00 ?x223)) ?x1091 ?x2198 (* (- 3) (* z00 ?x634 ?x237)) (* 2 (* z00 ?x223 ?x223)) ?x950 ?x1669 ?x2947 (* 18 (* x00 ?x223)) ?x2369 ?x64 ?x1431 ?x585 (* 18 (* y00 ?x237)) ?x1423 ?x642 ?x2603 ?x1778 (* (- 2) (* y00 y00 ?x634)) (* (- 3) (* z00 z00 ?x223)))))
 (let ((?x2389 (* z00 ?x634 ?x223)))
 (let ((?x1935 (* (- 6) ?x1079)))
 (let ((?x841 (* 6 ?x2627)))
 (let ((?x675 (* (- 24) ?x657)))
 (let ((?x1748 (* 18 ?x1733)))
 (let ((?x2470 (+ (* (- 1) (* y00 z00 ?x634)) ?x2198 ?x2290 ?x1748 (* 12 (* ?x223 ?x223)) ?x675 ?x1669 ?x1530 ?x841 (* 12 (* y00 ?x223)) ?x64 ?x1431 ?x585 ?x1935 ?x1423 ?x642 ?x99 (* (- 18) (* z00 ?x237)) ?x2389 (* (- 1) (* z00 z00 ?x223)))))
 (let ((?x2026 (* ?x634 ?x634)))
 (let ((?x49 (* 6 z00)))
 (let ((?x1294 (* (- 12) y)))
 (let ((?x43 (* 12 y00)))
 (let ((?x582 (* (- 1) ?x422)))
 (let (($x1504 (= (+ (* (- 1) z) z00 (* 6 n) (* (- 6) n00)) 0)))
 (let (($x1346 (or (not $x1504) (not (= (+ ?x582 ?x43 ?x1294 (* (- 18) z) ?x49 ?x2026) 36)) (not (= ?x2156 0)) (not (= ?x2470 0)) (not (= ?x1799 0)) $x2184 $x2466)))
 (let ((?x924 (* y y y)))
 (let ((?x946 (* (- 4) ?x924)))
 (let ((?x898 (* 108 (* x x))))
 (let ((?x631 (* y y)))
 (let ((?x886 (* 24 ?x631)))
 (let ((?x1995 (* y x)))
 (let ((?x1996 (* 108 ?x1995)))
 (let ((?x2075 (+ ?x1193 ?x1996 ?x2813 (* (- 2) (* z00 z00 z00 x)) (* 18 (* z00 z00 x)) ?x2587 ?x553 ?x886 ?x898 ?x946 (* 18 (* y00 z00 y)) ?x2372 (* (- 120) (* y00 y)) (* (- 24) (* z00 y)) ?x1103 (* (- 6) (* z00 y y)) ?x1139 (* (- 12) (* y00 y y)) ?x2977 (* (- 108) (* x00 y)) ?x423 (* (- 216) (* x00 x)) ?x196 ?x2687 (* (- 216) (* y00 x)) (* z00 z00 y y) ?x1540 (* (- 36) (* z00 x)) (* 36 (* y00 z00 x)) (* 10 (* z00 z00 y)) ?x1386 (* (- 1) (* z00 z00 z00 y)))))
 (let (($x2120 (= ?x2075 0)))
 (let ((?x1771 (* y00 z y)))
 (let ((?x71 (* 72 y)))
 (let ((?x2132 (* z y y)))
 (let ((?x1659 (* x00 z)))
 (let ((?x812 (* 18 ?x1659)))
 (let ((?x1618 (* z y)))
 (let ((?x1880 (* (- 12) ?x1618)))
 (let ((?x2232 (* z00 y)))
 (let ((?x1969 (* 6 ?x2232)))
 (let ((?x1159 (* y00 z)))
 (let ((?x1195 (* 12 ?x1159)))
 (let ((?x843 (* z x)))
 (let ((?x728 (* (- 18) ?x843)))
 (let ((?x2020 (+ ?x644 (* (- 18) ?x1995) ?x728 (* (- 3) (* z00 z00 x)) ?x2313 (* 3 (* x00 z00 z)) (* (- 1) (* y00 z00 y)) ?x1195 ?x2794 (* 36 (* y00 y)) ?x1969 ?x1880 (* (- 3) (* z00 z x)) (* 2 (* z00 y y)) ?x950 ?x812 ?x2132 (* 18 (* x00 y)) ?x2369 ?x64 ?x585 (* 18 (* y00 x)) ?x71 ?x642 ?x1771 ?x1778 (* (- 2) (* y00 y00 z)) (* (- 3) (* z00 z00 y)))))
 (let ((?x2566 (* z00 z y)))
 (let ((?x1241 (* (- 6) ?x2232)))
 (let ((?x632 (* 12 ?x631)))
 (let ((?x612 (+ (* (- 1) (* y00 z00 z)) ?x1880 ?x728 ?x1748 ?x632 ?x675 ?x812 ?x1195 ?x841 (* 12 (* y00 y)) ?x64 ?x585 ?x1241 ?x71 ?x642 ?x99 (* (- 18) (* z00 x)) ?x2566 (* (- 1) (* z00 z00 y)))))
 (let ((?x731 (* z00 z00 z)))
 (let ((?x1230 (* (- 12) ?x1159)))
 (let ((?x737 (+ (* (- 6) ?x1618) ?x515 ?x526 ?x1230 ?x2608 ?x64 ?x585 (* (- 6) (* z00 z)) ?x71 ?x642 ?x731)))
 (let (($x2537 (and $x1504 (= (+ ?x582 ?x43 ?x1294 (* (- 6) z) ?x49 (* z z)) 0) (= ?x737 0) (= ?x612 0) (= ?x2020 0) $x2120 $x1346)))
 (let ((?x74 (* 108 x00)))
 (let ((?x243 (* 72 ?x223)))
 (let ((?x67 (* 72 y00)))
 (let ((?x238 (* 108 ?x237)))
 (let ((?x62 (* 18 y00 z00)))
 (let ((?x215 (+ z 6)))
 (let ((?x235 (* 12 y00 ?x215)))
 (let ((?x236 (- (+ (- (* (- 6) ?x223 ?x215) ?x55) (* 6 z00 z00)) ?x235)))
 (let ((?x245 (- (+ (- (- (+ ?x236 ?x62 ?x238) ?x67) (* 6 ?x215 z00)) ?x243) ?x74)))
 (let ((?x247 (+ ?x245 (* ?x215 z00 z00))))
 (let ((?x361 (+ (* 7 ?x223 ?x215) (* 5 (+ n 1) ?x237 ?x237 ?x223 ?x223 ?x215 ?x215) (* 6 (+ n 1) (+ n 1) ?x237 ?x237 ?x223 ?x215 ?x215))))
 (let (($x365 (= (* (- ?x361 (* 10 (+ n 1) ?x237 ?x223 ?x223 ?x215)) ?x247) 0)))
 (let ((?x210 (* 108 x00 x00)))
 (let ((?x204 (* 10 y00 z00 z00)))
 (let ((?x197 (* 2 x00 z00 z00 z00)))
 (let ((?x189 (* 18 x00 z00 z00)))
 (let ((?x187 (* 36 x00 y00 z00)))
 (let ((?x184 (* 96 y00 y00)))
 (let ((?x179 (* 16 y00 y00 y00)))
 (let ((?x171 (* 24 y00 z00)))
 (let ((?x160 (* 12 y00 y00 z00)))
 (let ((?x313 (- (+ (* 216 x00 y00) (* 108 ?x237 ?x223) (* 36 x00 z00)) (* 2 ?x237 z00 z00 z00))))
 (let ((?x320 (+ (- (- (+ ?x313 (* 18 ?x237 z00 z00)) ?x160) ?x161) (* 24 ?x223 ?x223) (* 108 ?x237 ?x237))))
 (let ((?x324 (+ (- ?x320 (* 4 ?x223 ?x223 ?x223)) (* 18 ?x223 y00 z00) ?x171)))
 (let ((?x331 (- (+ (- (- ?x324 (* 120 ?x223 y00)) (* 24 ?x223 z00)) ?x179) (* 6 ?x223 ?x223 z00))))
 (let ((?x338 (- (- (- (+ ?x331 ?x184) (* 12 ?x223 ?x223 y00)) ?x187) (* 108 x00 ?x223))))
 (let ((?x343 (- (+ (- (- ?x338 ?x189) (* 216 ?x237 x00)) ?x196 ?x197) (* 216 ?x237 y00))))
 (let ((?x348 (- (- (+ ?x343 (* ?x223 ?x223 z00 z00)) ?x204) (* 36 ?x237 z00))))
 (let ((?x353 (- (+ ?x348 (* 36 ?x237 y00 z00) (* 10 ?x223 z00 z00) ?x210) (* ?x223 z00 z00 z00))))
 (let ((?x144 (* 3 y00 z00 z00)))
 (let ((?x137 (* 3 x00 z00 z00)))
 (let ((?x258 (* 18 x00 ?x215)))
 (let ((?x133 (* 36 y00 y00)))
 (let ((?x251 (* 12 ?x223 ?x215)))
 (let ((?x261 (* 6 ?x223 z00)))
 (let ((?x91 (* 6 y00 z00)))
 (let ((?x252 (* 18 ?x237 ?x215)))
 (let ((?x279 (- (- (- (* (- 18) x00 y00) (* 18 ?x237 ?x223)) ?x252) (* 3 ?x237 z00 z00))))
 (let ((?x284 (- (+ (- ?x279 ?x113) (* 3 x00 ?x215 z00)) (* ?x223 y00 z00))))
 (let ((?x291 (- (- (+ (- (+ ?x284 ?x235) ?x91) (* 36 ?x223 y00) ?x261) ?x251) (* 3 ?x237 ?x215 z00))))
 (let ((?x297 (+ (- (+ ?x291 (* 2 ?x223 ?x223 z00)) ?x133) ?x258 (* ?x223 ?x223 ?x215) (* 18 x00 ?x223) ?x137 ?x238)))
 (let ((?x303 (+ (- (+ (- ?x297 ?x67) (* 18 ?x237 y00) ?x243) ?x74) (* ?x223 y00 ?x215) ?x144)))
 (let (($x308 (= (- (- ?x303 (* 2 y00 y00 ?x215)) (* 3 ?x223 z00 z00)) 0)))
 (let ((?x88 (* 24 y00 y00)))
 (let ((?x84 (* 18 x00 z00)))
 (let ((?x256 (+ (- (- (* (- 1) y00 ?x215 z00) ?x251) ?x252) ?x84 (* 12 ?x223 ?x223))))
 (let ((?x262 (- (+ (- ?x256 ?x88) ?x258 ?x235 ?x91 (* 12 ?x223 y00) ?x238) ?x67)))
 (let ((?x270 (+ (- (+ (- (+ (- ?x262 ?x261) ?x243) ?x74) ?x99) (* 18 ?x237 z00)) (* ?x223 ?x215 z00))))
 (let ((?x227 (- (- (+ (* (- 1) z00 z00) ?x43) (* 12 ?x223)) (* 6 ?x215))))
 (let ((?x36 (* 6 n00)))
 (let (($x221 (= (- (+ (* (- 1) ?x215) z00 (* 6 (+ n 1))) ?x36) 0)))
 (let (($x367 (or (not $x221) (not (= (+ ?x227 ?x49 (* ?x215 ?x215)) 0)) (not (= ?x247 0)) (not (= (- ?x270 (* ?x223 z00 z00)) 0)) (not $x308) (not (= ?x353 0)) (not $x365))))
 (let ((?x212 (* y z00 z00 z00)))
 (let ((?x201 (* y y z00 z00)))
 (let ((?x157 (- (+ (* 216 x00 y00) (* 108 x y) (* 36 x00 z00)) (* 2 x z00 z00 z00))))
 (let ((?x166 (+ (- (- (+ ?x157 (* 18 x z00 z00)) ?x160) ?x161) (* 24 y y) (* 108 x x))))
 (let ((?x172 (+ (- ?x166 (* 4 y y y)) (* 18 y y00 z00) ?x171)))
 (let ((?x182 (- (+ (- (- ?x172 (* 120 y y00)) (* 24 y z00)) ?x179) (* 6 y y z00))))
 (let ((?x193 (- (- (- (+ ?x182 ?x184) (* 12 y y y00)) ?x187) (* 108 x00 y))))
 (let ((?x200 (- (+ (- (- ?x193 ?x189) (* 216 x x00)) ?x196 ?x197) (* 216 x y00))))
 (let ((?x211 (+ (- (- (+ ?x200 ?x201) ?x204) (* 36 x z00)) (* 36 x y00 z00) (* 10 y z00 z00) ?x210)))
 (let ((?x135 (* y y z)))
 (let ((?x90 (* 18 x00 z)))
 (let ((?x80 (* 12 y z)))
 (let ((?x94 (* 6 y z00)))
 (let ((?x59 (* 12 y00 z)))
 (let ((?x120 (* y y00 z00)))
 (let ((?x81 (* 18 x z)))
 (let ((?x116 (- (- (- (* (- 18) x00 y00) (* 18 x y)) ?x81) (* 3 x z00 z00))))
 (let ((?x123 (- (+ (- (+ (- ?x116 ?x113) (* 3 x00 z z00)) ?x120) ?x59) ?x91)))
 (let ((?x129 (- (- (+ ?x123 (* 36 y y00) ?x94) ?x80) (* 3 x z z00))))
 (let ((?x138 (+ (- (+ ?x129 (* 2 y y z00)) ?x133) ?x90 ?x135 (* 18 x00 y) ?x137 ?x64)))
 (let ((?x145 (+ (- (+ (- ?x138 ?x67) (* 18 x y00) ?x71) ?x74) (* y y00 z) ?x144)))
 (let (($x150 (= (- (- ?x145 (* 2 y00 y00 z)) (* 3 y z00 z00)) 0)))
 (let ((?x105 (* y z00 z00)))
 (let ((?x103 (* y z z00)))
 (let ((?x86 (+ (- (- (* (- 1) y00 z z00) ?x80) ?x81) ?x84 (* 12 y y))))
 (let ((?x95 (- (+ (- ?x86 ?x88) ?x90 ?x59 ?x91 (* 12 y y00) ?x64) ?x67)))
 (let ((?x104 (+ (- (+ (- (+ (- ?x95 ?x94) ?x71) ?x74) ?x99) (* 18 x z00)) ?x103)))
 (let ((?x76 (* z z00 z00)))
 (let ((?x60 (- (+ (- (* (- 6) y z) ?x55) (* 6 z00 z00)) ?x59)))
 (let ((?x75 (- (+ (- (- (+ ?x60 ?x62 ?x64) ?x67) (* 6 z z00)) ?x71) ?x74)))
 (let ((?x50 (* z z)))
 (let ((?x46 (* 6 z)))
 (let ((?x51 (+ (- (- (+ (* (- 1) z00 z00) ?x43) (* 12 y)) ?x46) ?x49 ?x50)))
 (let (($x368 (and (= (- (+ (* (- 1) z) z00 (* 6 n)) ?x36) 0) (= ?x51 0) (= (+ ?x75 ?x76) 0) (= (- ?x104 ?x105) 0) $x150 (= (- ?x211 ?x212) 0) $x367)))
 (rewrite (= $x368 $x2537))))))))))))))))))))))))))))))))))))))))))))))))))))))))))))))))))))))))))))))))))))))))))))))))))))))))))))))))))))))))))))))))))))))))))))))))))))))))))))))))))))))))))))))))))))))))))))))))))))
 ))
 (let ((@x370 (asserted $x369)))
 (let ((@x2030 (mp (mp @x370 (quant-intro (proof-bind ?x2067) (= $x369 $x1634)) $x1634) (rewrite (= $x1634 $x1634)) $x1634)))
 (let ((@x993 (mp (mp @x2030 (quant-intro (proof-bind ?x2586) (= $x1634 $x2008)) $x2008) (quant-intro (proof-bind ?x2847) (= $x2008 $x1909)) $x1909)))
 (let ((@x2846 (mp (mp~ @x993 (sk (~ $x1909 $x1685)) $x1685) (rewrite (= $x1685 $x2576)) $x2576)))
 (let ((@x2880 (and-elim @x2846 $x862)))
 (let ((@x662 (unit-resolution ((_ th-lemma arith triangle-eq) (or $x2299 $x1589)) @x2880 $x1589)))
 (let (($x560 (>= ?x861 0)))
 (let ((@x2136 (unit-resolution ((_ th-lemma arith triangle-eq) (or $x2299 $x560)) @x2880 $x560)))
 (let (($x2175 (<= ?x1447 0)))
 (let ((@x1758 (and-elim @x2846 $x1575)))
 (let ((@x2747 (unit-resolution ((_ th-lemma arith triangle-eq) (or (not $x1575) $x2175)) @x1758 $x2175)))
 (let (($x795 (>= ?x1447 0)))
 (let ((@x1158 (unit-resolution ((_ th-lemma arith triangle-eq) (or (not $x1575) $x795)) @x1758 $x795)))
 (let (($x972 (<= ?x2990 0)))
 (let (($x2978 (<= ?x1482 0)))
 (let ((@x2043 (and-elim @x2846 $x1807)))
 (let ((@x1994 (unit-resolution ((_ th-lemma arith triangle-eq) (or (not $x1807) $x2978)) @x2043 $x2978)))
 (let (($x2517 (>= ?x1482 0)))
 (let ((@x1811 (unit-resolution ((_ th-lemma arith triangle-eq) (or (not $x1807) $x2517)) @x2043 $x2517)))
 (let (($x525 (<= ?x739 0)))
 (let ((@x2855 (and-elim @x2846 $x895)))
 (let ((@x1380 (unit-resolution ((_ th-lemma arith triangle-eq) (or (not $x895) $x525)) @x2855 $x525)))
 (let (($x2276 (>= ?x739 0)))
 (let ((@x2416 (unit-resolution ((_ th-lemma arith triangle-eq) (or (not $x895) $x2276)) @x2855 $x2276)))
 (let (($x2150 (<= ?x1535 0)))
 (let ((@x890 (and-elim @x2846 $x1953)))
 (let ((@x802 (unit-resolution ((_ th-lemma arith triangle-eq) (or (not $x1953) $x2150)) @x890 $x2150)))
 (let (($x2452 (>= ?x1535 0)))
 (let ((@x1582 (unit-resolution ((_ th-lemma arith triangle-eq) (or (not $x1953) $x2452)) @x890 $x2452)))
 (let (($x1046 (<= ?x555 0)))
 (let ((@x2280 (and-elim @x2846 $x1594)))
 (let ((@x2904 (unit-resolution ((_ th-lemma arith triangle-eq) (or $x649 $x1046)) @x2280 $x1046)))
 (let (($x944 (>= ?x555 0)))
 (let ((@x2239 (unit-resolution ((_ th-lemma arith triangle-eq) (or $x649 $x944)) @x2280 $x944)))
 (let ((@x2301 ((_ th-lemma arith) (hypothesis (not $x972)) @x2239 @x2904 @x2416 @x1380 @x2136 @x662 @x2239 @x2904 @x2416 @x1380 @x1158 @x2747 @x1582 @x802 @x1582 @x802 @x1158 @x2747 @x1582 @x802 @x1158 @x2747 @x2416 @x1380 @x1582 @x802 @x2416 @x1380 @x1811 @x1994 @x1158 @x2747 false)))
 (let ((@x1494 (lemma @x2301 $x972)))
 (let (($x966 (>= ?x2990 0)))
 (let ((@x2163 ((_ th-lemma arith) (hypothesis (not $x966)) @x2239 @x2904 @x2416 @x1380 @x2136 @x662 @x2239 @x2904 @x2416 @x1380 @x1158 @x2747 @x1582 @x802 @x1582 @x802 @x1158 @x2747 @x1582 @x802 @x1158 @x2747 @x2416 @x1380 @x1582 @x802 @x2416 @x1380 @x1811 @x1994 @x1158 @x2747 false)))
 (let ((@x1354 (lemma @x2163 $x966)))
 (let (($x2155 (<= ?x1615 0)))
 (let ((@x983 ((_ th-lemma arith) (hypothesis (not $x2155)) @x2239 @x2904 @x1158 @x2747 @x2136 @x662 @x2239 @x2904 @x1582 @x802 @x2416 @x1380 @x1582 @x802 @x2416 @x1380 @x1811 @x1994 @x1158 @x2747 false)))
 (let ((@x2137 (lemma @x983 $x2155)))
 (let (($x2834 (>= ?x1615 0)))
 (let ((@x1275 ((_ th-lemma arith) (hypothesis (not $x2834)) @x2239 @x2904 @x1158 @x2747 @x2136 @x662 @x2239 @x2904 @x1582 @x802 @x2416 @x1380 @x1582 @x802 @x2416 @x1380 @x1811 @x1994 @x1158 @x2747 false)))
 (let ((@x796 (lemma @x1275 $x2834)))
 (let (($x840 (not (>= ?x938 0))))
 (let (($x971 (<= ?x938 0)))
 (let ((@x2704 ((_ th-lemma arith) (hypothesis (not $x971)) @x2239 @x2904 @x1582 @x802 @x2136 @x662 @x2239 @x2904 @x2416 @x1380 @x1158 @x2747 @x2416 @x1380 @x1582 @x802 @x1158 @x2747 @x2416 @x1380 @x1582 @x802 @x1158 @x2747 @x1582 @x802 @x1811 @x1994 @x1158 @x2747 @x1582 @x802 @x2416 @x1380 @x2416 @x1380 @x1354 @x1494 @x2239 @x2904 @x1158 @x2747 @x2136 @x662 false)))
 (let (($x1145 (>= ?x2000 0)))
 (let (($x1810 (<= ?x2000 0)))
 (let ((@x2422 (unit-resolution ((_ th-lemma arith assign-bounds -6 -1) (or $x1810 (not $x1589) (not $x2978))) @x1994 @x662 $x1810)))
 (let ((@x2408 (unit-resolution ((_ th-lemma arith triangle-eq) (or $x2488 (not $x1810) (not $x1145))) @x2422 (lemma ((_ th-lemma arith farkas -6 -1 1) @x2136 @x1811 (hypothesis (not $x1145)) false) $x1145) $x2488)))
 (let ((@x2673 (unit-resolution ((_ th-lemma arith triangle-eq) (or $x637 (not $x2155) (not $x2834))) @x2137 @x796 $x637)))
 (let (($x1595 (>= ?x1625 0)))
 (let ((@x1697 (lemma ((_ th-lemma arith farkas 1 1 1 1 1) (hypothesis (not $x1595)) @x662 @x1994 @x2136 @x1811 false) $x1595)))
 (let (($x962 (<= ?x1625 0)))
 (let ((@x2099 (lemma ((_ th-lemma arith farkas 1 1 1 1 1) (hypothesis (not $x962)) @x662 @x1994 @x2136 @x1811 false) $x962)))
 (let ((@x2457 (unit-resolution ((_ th-lemma arith triangle-eq) (or $x2651 (not $x962) (not $x1595))) @x2099 @x1697 $x2651)))
 (let ((@x2207 (unit-resolution ((_ th-lemma arith triangle-eq) (or $x1448 (not $x972) (not $x966))) @x1354 @x1494 $x1448)))
 (let ((@x2479 (unit-resolution (and-elim @x2846 $x1003) @x2280 @x2880 (or $x1415 $x1497 $x2498 $x2716 $x1623))))
 (let ((@x2307 (unit-resolution (unit-resolution @x2479 @x2207 @x2457 (or $x1415 $x1497 $x2716)) @x2673 @x2408 $x2716)))
 (let ((@x2467 (unit-resolution ((_ th-lemma arith triangle-eq) (or $x1016 (not $x971) $x840)) @x2307 (lemma @x2704 $x971) $x840)))
 ((_ th-lemma arith) @x2467 @x796 @x2137 @x2239 @x2904 @x2136 @x662 @x2239 @x2904 @x796 @x2137 @x1582 @x802 @x1582 @x802 @x1158 @x2747 @x2416 @x1380 @x2416 @x1380 @x1582 @x802 @x1811 @x1994 @x1158 @x2747 @x2239 @x2904 @x2416 @x1380 @x1354 @x1494 @x1158 @x2747 @x2136 @x662 false))))))))))))))))))))))))))))))))))))))))))))))))))))))))))))))))))))))))))))))))))))))))))))))))))))))))))))))))))))))))))))))))))))))))))))))))))))))))))))))))))))))))))))))))))))))))))))))))))))))))))))))))))))))))))))))))))))))))))))))))))))))))))))))))))))))))))))))))))))))))))))))))))))))))))))))))))

(:added-eqs                 17
 :arith-assert-diseq        13
 :arith-assert-lower        113
 :arith-assert-upper        36
 :arith-bound-prop          1
 :arith-conflicts           9
 :arith-eq-adapter          11
 :arith-fixed-eqs           10
 :arith-grobner             6
 :arith-max-min             2479
 :arith-nonlinear-bounds    77
 :arith-nonlinear-horner    86
 :arith-num-rows            16
 :arith-pivots              9
 :arith-pseudo-nonlinear    8
 :arith-row-summations      23
 :arith-tableau-max-columns 147
 :arith-tableau-max-rows    16
 :conflicts                 9
 :decisions                 31
 :del-clause                40
 :final-checks              14
 :max-memory                19.27
 :memory                    3.51
 :mk-bool-var               39
 :mk-clause                 40
 :num-allocs                2708884272722.00
 :num-checks                1
 :propagations              60
 :rlimit-count              45294011
 :time                      43.57
 :total-time                43.00)
