unsat
((set-logic NIA)
(declare-fun r!2 () Int)
(declare-fun s!1 () Int)
(declare-fun x!0 () Int)
(proof
(let ((?x385 (* r00 r00)))
 (let ((?x2267 (* (- 3) ?x385)))
 (let ((?x971 (+ s00 ?x2267 (* (- 1) s!1) (* 3 (* r!2 r!2)))))
 (let (($x1328 (<= ?x971 0)))
 (let (($x2624 (= ?x971 0)))
 (let ((?x3775 (* r!2 r!2)))
 (let ((?x3079 (* 18 ?x3775)))
 (let ((?x2102 (* 9 r!2)))
 (let ((?x3118 (* 18 x!0)))
 (let ((?x2103 (* (- 12) s!1)))
 (let ((?x1663 (* s!1 s!1)))
 (let ((?x989 (* 2 ?x1663)))
 (let ((?x733 (* s00 r00 r00)))
 (let ((?x734 (* 6 ?x733)))
 (let ((?x677 (* s00 s00)))
 (let ((?x690 (* (- 4) ?x677)))
 (let ((?x608 (* r00 x00)))
 (let ((?x622 (* (- 18) ?x608)))
 (let ((?x512 (* s00 r00)))
 (let ((?x2174 (* 3 ?x512)))
 (let ((?x1896 (* (- 18) ?x385)))
 (let ((?x2015 (* (- 18) x00)))
 (let ((?x2251 (* (- 9) r00)))
 (let ((?x2072 (* 12 s00)))
 (let ((?x1606 (+ ?x2072 ?x2251 ?x2015 ?x1896 ?x2174 ?x622 ?x690 ?x734 (* 21 (* s00 r!2)) (* 18 (* x!0 r!2)) (* 6 (* r00 s!1 r!2)) ?x989 (* 2 (* s00 s!1)) (* 36 (* r00 r!2 r!2)) (* (- 36) (* r00 r00 r!2)) (* (- 6) (* r00 r00 s!1)) (* (- 6) (* s00 r00 r!2)) (* (- 3) (* s!1 r!2)) (* (- 21) (* r00 s!1)) ?x2103 ?x3118 ?x2102 ?x3079 (* 18 (* r00 x!0)) (* (- 18) (* x00 r!2)))))
 (let ((?x1225 (* (- 5) ?x3775)))
 (let ((?x1223 (* (- 10) r!2)))
 (let ((?x3661 (* s!1 x!0)))
 (let ((?x3104 (* 48 ?x3661)))
 (let ((?x2586 (* s!1 s!1 s!1)))
 (let ((?x3112 (* (- 8) ?x2586)))
 (let ((?x2143 (* x!0 x!0)))
 (let ((?x3114 (* (- 24) ?x2143)))
 (let ((?x1797 (* (- 24) ?x1663)))
 (let ((?x2842 (* 16 (* s!1 s!1 x!0))))
 (let ((?x451 (* (- 8) (* s!1 x!0 x!0))))
 (let ((?x1932 (+ (- 5) ?x451 ?x2842 (* 96 (* s!1 x!0 r!2 r!2)) (* (- 48) (* x!0 x!0 r!2 r!2)) (* (- 8) (* s!1 x!0 x!0 r!2)) ?x1797 (* 144 (* s!1 x!0 r!2)) (* (- 48) (* s!1 s!1 r!2 r!2)) ?x3114 (* (- 72) (* s!1 s!1 r!2)) ?x3112 (* 16 (* s!1 s!1 x!0 r!2)) (* (- 72) (* x!0 x!0 r!2)) (* (- 8) (* s!1 s!1 s!1 r!2)) ?x3104 ?x1223 ?x1225)))
 (let (($x1531 (= (* ?x1932 ?x1606) 0)))
 (let (($x3826 (not $x1531)))
 (let ((?x2592 (* 756 ?x3775)))
 (let ((?x2600 (* 162 r!2)))
 (let ((?x2591 (* 324 x!0)))
 (let ((?x2450 (* (- 297) s!1)))
 (let ((?x2493 (* 324 ?x3661)))
 (let ((?x3527 (* r!2 r!2 r!2)))
 (let ((?x3361 (* 864 ?x3527)))
 (let ((?x1458 (* 4 ?x2586)))
 (let ((?x2494 (* (- 108) ?x2143)))
 (let ((?x711 (* (- 195) ?x1663)))
 (let ((?x1456 (* x00 x00)))
 (let ((?x1486 (* (- 108) ?x1456)))
 (let ((?x1294 (* s00 s00 s00)))
 (let ((?x1485 (* (- 16) ?x1294)))
 (let ((?x1182 (* s00 r00 r00 r00)))
 (let ((?x1481 (* (- 216) ?x1182)))
 (let ((?x1008 (* r00 r00 r00 x00)))
 (let ((?x1009 (* 432 ?x1008)))
 (let ((?x901 (* s00 x00)))
 (let ((?x1239 (* 108 ?x901)))
 (let ((?x865 (* s00 s00 r00 r00)))
 (let ((?x866 (* 36 ?x865)))
 (let ((?x778 (* s00 s00 r00)))
 (let ((?x1136 (* 108 ?x778)))
 (let ((?x1096 (* 36 ?x733)))
 (let ((?x1475 (* (- 51) ?x677)))
 (let ((?x1472 (* (- 108) ?x608)))
 (let ((?x604 (* s00 r00 x00)))
 (let ((?x1471 (* (- 216) ?x604)))
 (let ((?x555 (* r00 r00 r00)))
 (let ((?x4012 (* 648 ?x555)))
 (let ((?x3881 (* (- 270) ?x512)))
 (let ((?x2791 (* (- 432) ?x385)))
 (let ((?x4006 (* (- 324) x00)))
 (let ((?x2794 (* (- 162) r00)))
 (let ((?x4005 (* 297 s00)))
 (let ((?x3805 (+ ?x4005 ?x2794 ?x4006 ?x2791 ?x3881 ?x4012 ?x1471 ?x1472 ?x1475 (* (- 1296) (* r00 r00 r!2 r!2)) ?x1096 ?x1136 (* 828 (* s00 r!2)) ?x866 ?x1239 (* 648 (* x!0 r!2)) (* 1296 (* r00 r00 r00 r!2)) ?x1009 ?x1481 ?x1485 (* (- 432) (* r00 r00 s!1 r!2)) ?x1486 ?x711 (* 144 (* s00 s!1 r!2)) (* 432 (* s!1 r!2 r!2)) (* 432 (* s00 r!2 r!2)) (* 648 (* r00 r00 r00 s!1)) (* 246 (* s00 s!1)) ?x2494 (* 72 (* s!1 s!1 r!2)) (* (- 108) (* s00 x!0)) ?x1458 (* (- 324) (* r00 r!2)) (* (- 1512) (* r00 r00 r!2)) (* 216 (* x00 x!0)) (* (- 324) (* s00 r00 s!1)) (* (- 252) (* r00 r00 s!1)) (* (- 648) (* s00 r00 r!2)) (* (- 396) (* s!1 r!2)) (* 216 (* s00 r00 x!0)) ?x3361 (* (- 324) (* x00 s!1)) (* (- 162) (* r00 s!1)) ?x2493 (* 12 (* s00 s!1 s!1)) (* (- 432) (* r00 r00 r00 x!0)) (* (- 36) (* r00 r00 s!1 s!1)) ?x2450 ?x2591 ?x2600 ?x2592 (* 108 (* r00 x!0)) (* (- 648) (* x00 r!2)))))
 (let (($x626 (= ?x3805 0)))
 (let (($x1101 (not $x626)))
 (let ((?x3290 (* 108 ?x3775)))
 (let ((?x443 (* 36 r!2)))
 (let ((?x444 (* 72 x!0)))
 (let ((?x427 (* (- 57) s!1)))
 (let ((?x1217 (* 6 ?x3661)))
 (let ((?x3222 (* 72 ?x3527)))
 (let ((?x3035 (* (- 1) ?x1663)))
 (let ((?x973 (* r00 r00 x00)))
 (let ((?x986 (* (- 36) ?x973)))
 (let ((?x902 (* 6 ?x901)))
 (let ((?x796 (* (- 2) ?x778)))
 (let ((?x3409 (* (- 19) ?x677)))
 (let ((?x3394 (* (- 90) ?x608)))
 (let ((?x3391 (* 18 ?x512)))
 (let ((?x3384 (* (- 108) ?x385)))
 (let ((?x3380 (* (- 72) x00)))
 (let ((?x3572 (* (- 36) r00)))
 (let ((?x3378 (* 57 s00)))
 (let ((?x1759 (+ ?x3378 ?x3572 ?x3380 ?x3384 ?x3391 ?x3394 ?x3409 ?x1096 ?x796 (* 114 (* s00 r!2)) ?x902 (* 90 (* x!0 r!2)) ?x986 (* 12 (* r00 s!1 r!2)) ?x3035 (* (- 4) (* s00 s00 r!2)) (* 2 (* s00 s!1 r!2)) (* 24 (* s!1 r!2 r!2)) (* 12 (* s00 r!2 r!2)) (* 20 (* s00 s!1)) (* 2 (* s!1 s!1 r!2)) (* 144 (* r00 r!2 r!2)) (* 4 (* r00 s!1 s!1)) (* (- 6) (* s00 x!0)) (* (- 216) (* r00 r00 r!2)) (* (- 36) (* r00 x00 r!2)) (* 36 (* r00 r00 x!0)) (* (- 2) (* s00 r00 s!1)) (* 36 (* r00 x!0 r!2)) (* (- 72) (* r00 r00 s!1)) (* (- 12) (* s00 r00 r!2)) (* (- 42) (* s!1 r!2)) ?x3222 (* (- 6) (* x00 s!1)) (* (- 90) (* r00 s!1)) ?x1217 ?x427 ?x444 ?x443 ?x3290 (* 90 (* r00 x!0)) (* (- 90) (* x00 r!2)))))
 (let (($x1099 (= ?x1759 0)))
 (let (($x2566 (not $x1099)))
 (let (($x2559 (= ?x1606 0)))
 (let (($x2565 (not $x2559)))
 (let ((?x3262 (* 12 ?x3775)))
 (let ((?x3643 (* 3 r!2)))
 (let ((?x3981 (* 6 x!0)))
 (let ((?x3237 (* (- 7) s!1)))
 (let ((?x3289 (* s!1 r!2)))
 (let ((?x2933 (* 2 ?x3289)))
 (let ((?x2622 (* r00 r00 r!2)))
 (let ((?x2489 (* (- 12) ?x2622)))
 (let ((?x789 (* s00 r!2)))
 (let ((?x374 (* 4 ?x789)))
 (let ((?x556 (* 12 ?x555)))
 (let ((?x590 (* (- 6) ?x512)))
 (let ((?x2758 (* (- 12) ?x385)))
 (let ((?x587 (* (- 6) x00)))
 (let ((?x586 (* (- 3) r00)))
 (let ((?x2718 (* 7 s00)))
 (let ((?x900 (+ ?x2718 ?x586 ?x587 ?x2758 ?x590 ?x556 ?x374 ?x2489 ?x2933 ?x3237 ?x3981 ?x3643 ?x3262)))
 (let (($x3039 (= ?x900 0)))
 (let (($x3579 (not $x3039)))
 (let (($x1644 (not $x2624)))
 (let (($x2386 (or $x1644 $x3579 $x2565 $x2566 $x1101 $x3826)))
 (let ((?x1327 (* (- 9) s!1)))
 (let ((?x3108 (* r00 r00 s!1)))
 (let ((?x1326 (* 36 ?x3108)))
 (let ((?x3657 (* 108 ?x1456)))
 (let ((?x1509 (* 16 ?x1294)))
 (let ((?x3024 (* (- 432) ?x1008)))
 (let ((?x3557 (* (- 108) ?x901)))
 (let ((?x1384 (* (- 36) ?x733)))
 (let ((?x3503 (* 51 ?x677)))
 (let ((?x1884 (* 108 ?x608)))
 (let ((?x137 (* 9 s00)))
 (let ((?x1125 (+ ?x137 (* (- 54) ?x512) (* 216 ?x604) ?x1884 ?x3503 ?x1384 (* (- 108) ?x778) (* (- 36) ?x865) ?x3557 ?x3024 (* 216 ?x1182) ?x1509 ?x3657 (* 15 ?x1663) (* (- 216) (* r00 r00 r00 s!1)) (* (- 66) (* s00 s!1)) (* 108 ?x2143) (* 108 (* s00 x!0)) (* (- 4) ?x2586) (* (- 216) (* x00 x!0)) (* 108 (* s00 r00 s!1)) ?x1326 (* (- 216) (* s00 r00 x!0)) (* 108 (* x00 s!1)) (* 54 (* r00 s!1)) (* (- 108) ?x3661) (* (- 12) (* s00 s!1 s!1)) (* 432 (* r00 r00 r00 x!0)) (* 36 (* r00 r00 s!1 s!1)) ?x1327 (* (- 108) (* r00 x!0)))))
 (let (($x1126 (= ?x1125 0)))
 (let ((?x974 (* 36 ?x973)))
 (let ((?x3174 (* (- 6) ?x901)))
 (let ((?x779 (* 2 ?x778)))
 (let ((?x3925 (* 15 ?x677)))
 (let ((?x1860 (* 54 ?x608)))
 (let ((?x2963 (+ ?x137 (* (- 24) ?x512) ?x1860 ?x3925 ?x1384 ?x779 (* (- 24) ?x789) ?x3174 (* (- 54) (* x!0 r!2)) ?x974 (* (- 3) ?x1663) (* 4 (* s00 s00 r!2)) (* (- 2) (* s00 s!1 r!2)) (* (- 12) (* s00 s!1)) (* (- 2) (* s!1 s!1 r!2)) (* (- 4) (* r00 s!1 s!1)) (* 6 (* s00 x!0)) (* 36 (* r00 x00 r!2)) (* (- 36) (* r00 r00 x!0)) (* 2 (* s00 r00 s!1)) (* (- 36) (* r00 x!0 r!2)) ?x1326 (* 24 ?x3289) (* 6 (* x00 s!1)) (* 24 (* r00 s!1)) (* (- 6) ?x3661) ?x1327 (* (- 54) (* r00 x!0)) (* 54 (* x00 r!2)))))
 (let (($x2964 (= ?x2963 0)))
 (let ((?x3980 (* (- 3) s!1)))
 (let ((?x2213 (* (- 6) ?x733)))
 (let ((?x678 (* 4 ?x677)))
 (let ((?x609 (* 18 ?x608)))
 (let ((?x44 (* 3 s00)))
 (let ((?x3473 (+ ?x44 (* (- 9) ?x512) ?x609 ?x678 ?x2213 (* (- 9) ?x789) (* (- 18) (* x!0 r!2)) (* (- 6) (* r00 s!1 r!2)) (* (- 2) ?x1663) (* (- 2) (* s00 s!1)) (* 6 ?x3108) (* 6 (* s00 r00 r!2)) (* 9 ?x3289) (* 9 (* r00 s!1)) ?x3980 (* (- 18) (* r00 x!0)) (* 18 (* x00 r!2)))))
 (let (($x3450 (= ?x3473 0)))
 (let ((?x3774 (+ ?x44 ?x586 ?x587 ?x590 ?x556 ?x374 ?x2489 ?x2933 ?x3980 ?x3981 ?x3643)))
 (let (($x694 (= ?x3774 0)))
 (let (($x3856 (and $x2624 $x694 $x3450 $x2964 $x1126 $x2386)))
 (let ((?x2006 (* r!2 s00 r00)))
 (let ((?x2008 (* (- 6) ?x2006)))
 (let ((?x1994 (* s!1 s00)))
 (let ((?x1995 (* 2 ?x1994)))
 (let ((?x1992 (* r!2 x00)))
 (let ((?x1993 (* (- 18) ?x1992)))
 (let ((?x1987 (* x!0 r00)))
 (let ((?x1988 (* 18 ?x1987)))
 (let ((?x1985 (* s!1 r00 r00)))
 (let ((?x1986 (* (- 6) ?x1985)))
 (let ((?x1983 (* r!2 s!1 r00)))
 (let ((?x1984 (* 6 ?x1983)))
 (let ((?x990 (* r!2 x!0)))
 (let ((?x1982 (* 18 ?x990)))
 (let ((?x861 (+ ?x2102 ?x2103 ?x3118 ?x2072 ?x2251 ?x2015 ?x3079 ?x1896 (* (- 3) (* r!2 s!1)) (* (- 36) (* r!2 r00 r00)) (* 21 (* r!2 s00)) ?x2174 ?x622 ?x989 ?x1982 ?x1984 ?x1986 ?x690 ?x1988 ?x734 ?x1993 ?x1995 (* (- 21) (* s!1 r00)) ?x2008 (* 36 (* r!2 r!2 r00)))))
 (let ((?x2351 (+ (- 5) ?x1223 ?x1225 (* (- 8) (* r!2 s!1 s!1 s!1)) ?x1797 (* (- 72) (* r!2 s!1 s!1)) ?x3104 ?x3112 ?x3114 (* (- 72) (* r!2 x!0 x!0)) (* (- 48) (* r!2 r!2 x!0 x!0)) ?x2842 (* 144 (* r!2 s!1 x!0)) (* (- 48) (* r!2 r!2 s!1 s!1)) (* 16 (* r!2 s!1 s!1 x!0)) ?x451 (* (- 8) (* r!2 s!1 x!0 x!0)) (* 96 (* r!2 r!2 s!1 x!0)))))
 (let ((?x3585 (* 216 (* x!0 x00))))
 (let ((?x3452 (* (- 36) (* s!1 s!1 r00 r00))))
 (let ((?x2551 (* 216 (* x!0 s00 r00))))
 (let ((?x2552 (* (- 432) (* x!0 r00 r00 r00))))
 (let ((?x3516 (* 12 (* s!1 s!1 s00))))
 (let ((?x2286 (* x!0 s00)))
 (let ((?x1164 (* (- 108) ?x2286)))
 (let ((?x1138 (* 108 ?x1987)))
 (let ((?x3825 (+ ?x2600 ?x2450 ?x2591 ?x4005 ?x2794 ?x4006 ?x2592 ?x2791 (* (- 396) (* r!2 s!1)) (* (- 1512) (* r!2 r00 r00)) (* 828 (* r!2 s00)) ?x3881 ?x4012 ?x1471 ?x1472 ?x711 (* 648 ?x990) (* (- 252) ?x1985) ?x1475 ?x1138 ?x1164 ?x1096 (* (- 648) ?x1992) (* 648 (* s!1 r00 r00 r00)) (* 246 ?x1994) ?x1136 (* (- 162) (* s!1 r00)) (* (- 648) ?x2006) (* (- 324) (* s!1 x00)) (* (- 1296) (* r!2 r!2 r00 r00)) ?x866 (* (- 324) (* s!1 s00 r00)) ?x1239 (* 72 (* r!2 s!1 s!1)) ?x2493 ?x1458 ?x2494 ?x1009 (* 144 (* r!2 s!1 s00)) ?x3516 ?x1481 ?x2552 ?x2551 ?x3452 ?x1485 ?x3585 ?x1486 (* (- 324) (* r!2 r00)) (* 1296 (* r!2 r00 r00 r00)) ?x3361 (* 432 (* r!2 r!2 s!1)) (* (- 432) (* r!2 s!1 r00 r00)) (* 432 (* r!2 r!2 s00)))))
 (let ((?x1495 (* 36 (* x!0 r00 r00))))
 (let ((?x3565 (* (- 36) (* r!2 r00 x00))))
 (let ((?x3560 (* r!2 s!1 s00)))
 (let ((?x3561 (* 2 ?x3560)))
 (let ((?x3552 (* (- 4) (* r!2 s00 s00))))
 (let ((?x3837 (* r!2 s!1 s!1)))
 (let ((?x3659 (* 2 ?x3837)))
 (let ((?x3842 (* s!1 s00 r00)))
 (let ((?x3844 (* (- 2) ?x3842)))
 (let ((?x2676 (* s!1 x00)))
 (let ((?x3411 (* (- 6) ?x2676)))
 (let ((?x724 (* 4 (* s!1 s!1 r00))))
 (let ((?x1762 (* (- 6) ?x2286)))
 (let ((?x3410 (* 36 (* r!2 x!0 r00))))
 (let ((?x3903 (+ ?x443 ?x427 ?x444 ?x3378 ?x3572 ?x3380 ?x3290 ?x3384 (* (- 42) (* r!2 s!1)) (* (- 216) (* r!2 r00 r00)) (* 114 (* r!2 s00)) ?x3391 ?x3394 ?x3035 (* 90 ?x990) (* 12 ?x1983) (* (- 72) ?x1985) ?x3410 ?x3409 (* 90 ?x1987) ?x1762 ?x1096 (* (- 90) ?x1992) ?x724 (* 20 ?x1994) ?x796 (* (- 90) (* s!1 r00)) (* (- 12) ?x2006) ?x3411 ?x3844 ?x902 ?x3659 ?x1217 ?x3552 ?x986 ?x3561 ?x3565 ?x1495 (* 144 (* r!2 r!2 r00)) ?x3222 (* 24 (* r!2 r!2 s!1)) (* 12 (* r!2 r!2 s00)))))
 (let ((?x2002 (* r!2 s00)))
 (let ((?x980 (* 4 ?x2002)))
 (let ((?x3250 (* r!2 r00 r00)))
 (let ((?x2769 (* (- 12) ?x3250)))
 (let ((?x624 (* r!2 s!1)))
 (let ((?x3152 (* 2 ?x624)))
 (let ((?x3313 (+ ?x3643 ?x3237 ?x3981 ?x2718 ?x586 ?x587 ?x3262 ?x2758 ?x3152 ?x2769 ?x980 ?x590 ?x556)))
 (let (($x2768 (= (+ s!1 (* (- 1) s00) (* (- 3) ?x3775) (* 3 ?x385)) 0)))
 (let (($x3624 (or (not $x2768) (not (= ?x3313 0)) (not (= ?x861 0)) (not (= ?x3903 0)) (not (= ?x3825 0)) (not (= (* ?x2351 ?x861) 0)))))
 (let ((?x3404 (* (- 36) ?x1985)))
 (let ((?x614 (* 54 ?x512)))
 (let ((?x1083 (* (- 9) s00)))
 (let ((?x1914 (* 9 s!1)))
 (let ((?x2744 (+ ?x1914 ?x1083 ?x614 ?x1471 ?x1472 (* (- 15) ?x1663) ?x3404 ?x1475 ?x1138 ?x1164 ?x1096 (* 216 (* s!1 r00 r00 r00)) (* 66 ?x1994) ?x1136 (* (- 54) (* s!1 r00)) (* (- 108) ?x2676) ?x866 (* (- 108) ?x3842) ?x1239 (* 108 ?x3661) ?x1458 ?x2494 ?x1009 ?x3516 ?x1481 ?x2552 ?x2551 ?x3452 ?x1485 ?x3585 ?x1486)))
 (let ((?x1012 (* (- 15) ?x677)))
 (let ((?x645 (* (- 54) ?x608)))
 (let ((?x660 (* 24 ?x512)))
 (let ((?x2287 (+ ?x1914 ?x1083 (* (- 24) ?x624) (* 24 ?x2002) ?x660 ?x645 (* 3 ?x1663) (* 54 ?x990) ?x3404 ?x3410 ?x1012 (* 54 ?x1987) ?x1762 ?x1096 (* (- 54) ?x1992) ?x724 (* 12 ?x1994) ?x796 (* (- 24) (* s!1 r00)) ?x3411 ?x3844 ?x902 ?x3659 ?x1217 ?x3552 ?x986 ?x3561 ?x3565 ?x1495)))
 (let ((?x627 (* 9 ?x512)))
 (let ((?x464 (* (- 3) s00)))
 (let ((?x2003 (+ (* 3 s!1) ?x464 (* (- 9) ?x624) (* 9 ?x2002) ?x627 ?x622 ?x989 ?x1982 ?x1984 ?x1986 ?x690 ?x1988 ?x734 ?x1993 ?x1995 (* (- 9) (* s!1 r00)) ?x2008)))
 (let (($x987 (= (+ ?x3643 ?x3980 ?x3981 ?x44 ?x586 ?x587 ?x3152 ?x2769 ?x980 ?x590 ?x556) 0)))
 (let (($x3004 (and $x2768 $x987 (= ?x2003 0) (= ?x2287 0) (= ?x2744 0) $x3624)))
 (let (($x2040 (exists ((r Int) (s Int) (x Int) )(! (let ((?x812 (* r s00 r00)))
 (let ((?x825 (* (- 6) ?x812)))
 (let ((?x774 (* s s00)))
 (let ((?x775 (* 2 ?x774)))
 (let ((?x745 (* r x00)))
 (let ((?x758 (* (- 18) ?x745)))
 (let ((?x733 (* s00 r00 r00)))
 (let ((?x734 (* 6 ?x733)))
 (let ((?x703 (* x r00)))
 (let ((?x704 (* 18 ?x703)))
 (let ((?x677 (* s00 s00)))
 (let ((?x690 (* (- 4) ?x677)))
 (let ((?x651 (* s r00 r00)))
 (let ((?x664 (* (- 6) ?x651)))
 (let ((?x639 (* r s r00)))
 (let ((?x640 (* 6 ?x639)))
 (let ((?x635 (* r x)))
 (let ((?x636 (* 18 ?x635)))
 (let ((?x631 (* s s)))
 (let ((?x632 (* 2 ?x631)))
 (let ((?x608 (* r00 x00)))
 (let ((?x622 (* (- 18) ?x608)))
 (let ((?x512 (* s00 r00)))
 (let ((?x2174 (* 3 ?x512)))
 (let ((?x435 (* r r00 r00)))
 (let ((?x1905 (* (- 36) ?x435)))
 (let ((?x385 (* r00 r00)))
 (let ((?x1896 (* (- 18) ?x385)))
 (let ((?x2015 (* (- 18) x00)))
 (let ((?x2251 (* (- 9) r00)))
 (let ((?x2072 (* 12 s00)))
 (let ((?x1811 (* 18 x)))
 (let ((?x2984 (+ (* 9 r) (* (- 12) s) ?x1811 ?x2072 ?x2251 ?x2015 (* 18 (* r r)) ?x1896 (* (- 3) (* r s)) ?x1905 (* 21 (* r s00)) ?x2174 ?x622 ?x632 ?x636 ?x640 ?x664 ?x690 ?x704 ?x734 ?x758 ?x775 (* (- 21) (* s r00)) ?x825 (* 36 (* r r r00)))))
 (let ((?x2899 (* (- 8) (* r s x x))))
 (let ((?x2895 (* (- 8) (* s x x))))
 (let ((?x978 (* x x)))
 (let ((?x3296 (* (- 24) ?x978)))
 (let ((?x909 (* s x)))
 (let ((?x3304 (* 48 ?x909)))
 (let ((?x3271 (* (- 24) ?x631)))
 (let ((?x373 (* r r)))
 (let ((?x3492 (* (- 5) ?x373)))
 (let ((?x3507 (* (- 10) r)))
 (let ((?x1272 (+ (- 5) ?x3507 ?x3492 (* (- 8) (* r s s s)) ?x3271 (* (- 72) (* r s s)) ?x3304 (* (- 8) (* s s s)) ?x3296 (* (- 72) (* r x x)) (* (- 48) (* r r x x)) (* 16 (* s s x)) (* 144 (* r s x)) (* (- 48) (* r r s s)) (* 16 (* r s s x)) ?x2895 ?x2899 (* 96 (* r r s x)))))
 (let ((?x3392 (* r r s00)))
 (let ((?x4046 (* 432 ?x3392)))
 (let ((?x3081 (* r r s)))
 (let ((?x4042 (* 432 ?x3081)))
 (let ((?x3066 (* r r r)))
 (let ((?x4041 (* 864 ?x3066)))
 (let ((?x4035 (* 1296 (* r r00 r00 r00))))
 (let ((?x1456 (* x00 x00)))
 (let ((?x1486 (* (- 108) ?x1456)))
 (let ((?x1431 (* 216 (* x x00))))
 (let ((?x1294 (* s00 s00 s00)))
 (let ((?x1485 (* (- 16) ?x1294)))
 (let ((?x1483 (* (- 36) (* s s r00 r00))))
 (let ((?x1265 (* 216 (* x s00 r00))))
 (let ((?x1482 (* (- 432) (* x r00 r00 r00))))
 (let ((?x1182 (* s00 r00 r00 r00)))
 (let ((?x1481 (* (- 216) ?x1182)))
 (let ((?x1067 (* 12 (* s s s00))))
 (let ((?x1025 (* r s s00)))
 (let ((?x4022 (* 144 ?x1025)))
 (let ((?x1008 (* r00 r00 r00 x00)))
 (let ((?x1009 (* 432 ?x1008)))
 (let ((?x1480 (* (- 108) ?x978)))
 (let ((?x915 (* s s s)))
 (let ((?x917 (* 4 ?x915)))
 (let ((?x905 (* r s s)))
 (let ((?x4021 (* 72 ?x905)))
 (let ((?x901 (* s00 x00)))
 (let ((?x1239 (* 108 ?x901)))
 (let ((?x865 (* s00 s00 r00 r00)))
 (let ((?x866 (* 36 ?x865)))
 (let ((?x824 (* s x00)))
 (let ((?x4019 (* (- 324) ?x824)))
 (let ((?x778 (* s00 s00 r00)))
 (let ((?x1136 (* 108 ?x778)))
 (let ((?x1096 (* 36 ?x733)))
 (let ((?x707 (* x s00)))
 (let ((?x1476 (* (- 108) ?x707)))
 (let ((?x1342 (* 108 ?x703)))
 (let ((?x1475 (* (- 51) ?x677)))
 (let ((?x4015 (* 648 ?x635)))
 (let ((?x1472 (* (- 108) ?x608)))
 (let ((?x604 (* s00 r00 x00)))
 (let ((?x1471 (* (- 216) ?x604)))
 (let ((?x555 (* r00 r00 r00)))
 (let ((?x4012 (* 648 ?x555)))
 (let ((?x3881 (* (- 270) ?x512)))
 (let ((?x485 (* r s00)))
 (let ((?x4011 (* 828 ?x485)))
 (let ((?x2791 (* (- 432) ?x385)))
 (let ((?x4006 (* (- 324) x00)))
 (let ((?x2794 (* (- 162) r00)))
 (let ((?x4005 (* 297 s00)))
 (let ((?x3721 (* 324 x)))
 (let ((?x459 (+ (* 162 r) (* (- 297) s) ?x3721 ?x4005 ?x2794 ?x4006 (* 756 ?x373) ?x2791 (* (- 396) (* r s)) (* (- 1512) ?x435) ?x4011 ?x3881 ?x4012 ?x1471 ?x1472 (* (- 195) ?x631) ?x4015 (* (- 252) ?x651) ?x1475 ?x1342 ?x1476 ?x1096 (* (- 648) ?x745) (* 648 (* s r00 r00 r00)) (* 246 ?x774) ?x1136 (* (- 162) (* s r00)) (* (- 648) ?x812) ?x4019 (* (- 1296) (* r r r00 r00)) ?x866 (* (- 324) (* s s00 r00)) ?x1239 ?x4021 (* 324 ?x909) ?x917 ?x1480 ?x1009 ?x4022 ?x1067 ?x1481 ?x1482 ?x1265 ?x1483 ?x1485 ?x1431 ?x1486 (* (- 324) (* r r00)) ?x4035 ?x4041 ?x4042 (* (- 432) (* r s r00 r00)) ?x4046)))
 (let ((?x1169 (* 36 (* x r00 r00))))
 (let ((?x1037 (* r r00 x00)))
 (let ((?x1050 (* (- 36) ?x1037)))
 (let ((?x1026 (* 2 ?x1025)))
 (let ((?x973 (* r00 r00 x00)))
 (let ((?x986 (* (- 36) ?x973)))
 (let ((?x921 (* r s00 s00)))
 (let ((?x934 (* (- 4) ?x921)))
 (let ((?x910 (* 6 ?x909)))
 (let ((?x906 (* 2 ?x905)))
 (let ((?x902 (* 6 ?x901)))
 (let ((?x875 (* s s00 r00)))
 (let ((?x888 (* (- 2) ?x875)))
 (let ((?x851 (* (- 6) ?x824)))
 (let ((?x796 (* (- 2) ?x778)))
 (let ((?x751 (* 4 (* s s r00))))
 (let ((?x722 (* (- 6) ?x707)))
 (let ((?x3409 (* (- 19) ?x677)))
 (let ((?x655 (* 36 (* r x r00))))
 (let ((?x3394 (* (- 90) ?x608)))
 (let ((?x3391 (* 18 ?x512)))
 (let ((?x3384 (* (- 108) ?x385)))
 (let ((?x3380 (* (- 72) x00)))
 (let ((?x3572 (* (- 36) r00)))
 (let ((?x3378 (* 57 s00)))
 (let ((?x2923 (+ (* 36 r) (* (- 57) s) (* 72 x) ?x3378 ?x3572 ?x3380 (* 108 ?x373) ?x3384 (* (- 42) (* r s)) (* (- 216) ?x435) (* 114 ?x485) ?x3391 ?x3394 (* (- 1) ?x631) (* 90 ?x635) (* 12 ?x639) (* (- 72) ?x651) ?x655 ?x3409 (* 90 ?x703) ?x722 ?x1096 (* (- 90) ?x745) ?x751 (* 20 ?x774) ?x796 (* (- 90) (* s r00)) (* (- 12) ?x812) ?x851 ?x888 ?x902 ?x906 ?x910 ?x934 ?x986 ?x1026 ?x1050 ?x1169 (* 144 (* r r r00)) (* 72 ?x3066) (* 24 ?x3081) (* 12 ?x3392))))
 (let ((?x556 (* 12 ?x555)))
 (let ((?x590 (* (- 6) ?x512)))
 (let ((?x486 (* 4 ?x485)))
 (let ((?x589 (* (- 12) ?x435)))
 (let ((?x429 (* r s)))
 (let ((?x588 (* 2 ?x429)))
 (let ((?x2758 (* (- 12) ?x385)))
 (let ((?x587 (* (- 6) x00)))
 (let ((?x586 (* (- 3) r00)))
 (let ((?x2718 (* 7 s00)))
 (let ((?x56 (* 6 x)))
 (let ((?x43 (* 3 r)))
 (let ((?x2081 (+ ?x43 (* (- 7) s) ?x56 ?x2718 ?x586 ?x587 (* 12 ?x373) ?x2758 ?x588 ?x589 ?x486 ?x590 ?x556)))
 (let (($x418 (= (+ s (* (- 1) s00) (* (- 3) ?x373) (* 3 ?x385)) 0)))
 (let (($x2038 (or (not $x418) (not (= ?x2081 0)) (not (= ?x2984 0)) (not (= ?x2923 0)) (not (= ?x459 0)) (not (= (* ?x1272 ?x2984) 0)))))
 (let ((?x1306 (* 108 ?x909)))
 (let ((?x756 (* s r00 r00 r00)))
 (let ((?x757 (* 216 ?x756)))
 (let ((?x960 (* (- 36) ?x651)))
 (let ((?x614 (* 54 ?x512)))
 (let ((?x1083 (* (- 9) s00)))
 (let ((?x143 (* 9 s)))
 (let ((?x1487 (+ ?x143 ?x1083 ?x614 ?x1471 ?x1472 (* (- 15) ?x631) ?x960 ?x1475 ?x1342 ?x1476 ?x1096 ?x757 (* 66 ?x774) ?x1136 (* (- 54) (* s r00)) (* (- 108) ?x824) ?x866 (* (- 108) ?x875) ?x1239 ?x1306 ?x917 ?x1480 ?x1009 ?x1067 ?x1481 ?x1482 ?x1265 ?x1483 ?x1485 ?x1431 ?x1486)))
 (let (($x1488 (= ?x1487 0)))
 (let ((?x1012 (* (- 15) ?x677)))
 (let ((?x663 (* 3 ?x631)))
 (let ((?x645 (* (- 54) ?x608)))
 (let ((?x660 (* 24 ?x512)))
 (let ((?x1175 (+ ?x143 ?x1083 (* (- 24) ?x429) (* 24 ?x485) ?x660 ?x645 ?x663 (* 54 ?x635) ?x960 ?x655 ?x1012 (* 54 ?x703) ?x722 ?x1096 (* (- 54) ?x745) ?x751 (* 12 ?x774) ?x796 (* (- 24) (* s r00)) ?x851 ?x888 ?x902 ?x906 ?x910 ?x934 ?x986 ?x1026 ?x1050 ?x1169)))
 (let (($x1180 (= ?x1175 0)))
 (let ((?x786 (* s r00)))
 (let ((?x799 (* (- 9) ?x786)))
 (let ((?x627 (* 9 ?x512)))
 (let ((?x771 (* 9 ?x485)))
 (let ((?x603 (* (- 9) ?x429)))
 (let ((?x464 (* (- 3) s00)))
 (let ((?x47 (* 3 s)))
 (let ((?x831 (+ ?x47 ?x464 ?x603 ?x771 ?x627 ?x622 ?x632 ?x636 ?x640 ?x664 ?x690 ?x704 ?x734 ?x758 ?x775 ?x799 ?x825)))
 (let (($x838 (= ?x831 0)))
 (let ((?x44 (* 3 s00)))
 (let ((?x585 (* (- 3) s)))
 (let (($x592 (= (+ ?x43 ?x585 ?x56 ?x44 ?x586 ?x587 ?x588 ?x589 ?x486 ?x590 ?x556) 0)))
 (and $x418 $x592 $x838 $x1180 $x1488 $x2038)))))))))))))))))))))))))))))))))))))))))))))))))))))))))))))))))))))))))))))))))))))))))))))))))))))))))))))))))))))))))))))))))))))))))))))))))))))))))))))))))))))))) :qid k!40))
 ))
 (let (($x2477 (exists ((r Int) (s Int) (x Int) )(! (let ((?x2452 (+ 1 r)))
 (let ((?x911 (* r00 s00 ?x2452)))
 (let ((?x2908 (* (- 6) ?x911)))
 (let ((?x211 (* 6 r)))
 (let ((?x2734 (+ 3 s ?x211)))
 (let ((?x1114 (* r00 ?x2734)))
 (let ((?x1655 (* (- 9) ?x1114)))
 (let ((?x1820 (* s00 ?x2734)))
 (let ((?x1821 (* 2 ?x1820)))
 (let ((?x1500 (* s00 ?x2452)))
 (let ((?x1047 (* 9 ?x1500)))
 (let ((?x3556 (* 18 r)))
 (let ((?x47 (* 3 s)))
 (let ((?x2821 (* x00 ?x2452)))
 (let ((?x2854 (* (- 18) ?x2821)))
 (let ((?x2762 (* r00 r00 s00)))
 (let ((?x2763 (* 6 ?x2762)))
 (let ((?x464 (* (- 3) s00)))
 (let ((?x364 (* (- 1) s)))
 (let ((?x1900 (+ x ?x364)))
 (let ((?x3851 (* r00 ?x1900)))
 (let ((?x3852 (* 18 ?x3851)))
 (let ((?x677 (* s00 s00)))
 (let ((?x690 (* (- 4) ?x677)))
 (let ((?x1782 (* r00 r00 ?x2734)))
 (let ((?x2786 (* (- 6) ?x1782)))
 (let ((?x424 (* r00 ?x2452 ?x2734)))
 (let ((?x425 (* 6 ?x424)))
 (let ((?x1683 (* ?x2452 ?x1900)))
 (let ((?x1684 (* 18 ?x1683)))
 (let ((?x2188 (* ?x2734 ?x2734)))
 (let ((?x3537 (* 2 ?x2188)))
 (let ((?x925 (* r00 s00)))
 (let ((?x1603 (* 9 ?x925)))
 (let ((?x608 (* r00 x00)))
 (let ((?x622 (* (- 18) ?x608)))
 (let ((?x3251 (* ?x2452 ?x2734)))
 (let ((?x2651 (* (- 9) ?x3251)))
 (let ((?x2276 (+ 9 ?x2651 ?x622 ?x1603 ?x3537 ?x1684 ?x425 ?x2786 ?x690 ?x3852 ?x464 ?x2763 ?x2854 ?x47 ?x3556 ?x1047 ?x1821 ?x1655 ?x2908)))
 (let ((?x1255 (* (+ (* (- 8) (* ?x2452 ?x1900 ?x1900 ?x2734)) (* (- 5) (* ?x2452 ?x2452))) ?x2276)))
 (let (($x2282 (not (= ?x1255 0))))
 (let ((?x1456 (* x00 x00)))
 (let ((?x3657 (* 108 ?x1456)))
 (let ((?x2187 (* (- 54) r)))
 (let ((?x2412 (* (- 9) s)))
 (let ((?x2532 (* (- 36) ?x2762)))
 (let ((?x137 (* 9 s00)))
 (let ((?x3503 (* 51 ?x677)))
 (let ((?x3432 (* 36 ?x1782)))
 (let ((?x1294 (* s00 s00 s00)))
 (let ((?x1509 (* 16 ?x1294)))
 (let ((?x901 (* s00 x00)))
 (let ((?x3557 (* (- 108) ?x901)))
 (let ((?x3058 (* 216 (* r00 r00 r00 s00))))
 (let ((?x993 (* r00 s00 s00)))
 (let ((?x2175 (* (- 108) ?x993)))
 (let ((?x1008 (* r00 r00 r00 x00)))
 (let ((?x3024 (* (- 432) ?x1008)))
 (let ((?x3893 (* (- 36) (* r00 r00 s00 s00))))
 (let ((?x2937 (* (- 54) ?x925)))
 (let ((?x1884 (* 108 ?x608)))
 (let ((?x2469 (* 216 (* r00 s00 x00))))
 (let ((?x761 (+ ?x2469 ?x1884 ?x2937 (* 15 ?x2188) (* (- 216) (* r00 r00 r00 ?x2734)) ?x3893 (* (- 4) (* ?x2734 ?x2734 ?x2734)) (* 108 (* ?x1900 ?x1900)) ?x3024 (* (- 12) (* s00 ?x2734 ?x2734)) (* 108 (* s00 ?x1900)) ?x2175 ?x3058 (* 108 (* x00 ?x2734)) (* 432 (* r00 r00 r00 ?x1900)) (* (- 66) ?x1820) (* 108 (* r00 s00 ?x2734)) ?x3557 (* (- 216) (* r00 s00 ?x1900)) (* 36 (* r00 r00 ?x2734 ?x2734)) ?x1509 (* (- 108) (* ?x1900 ?x2734)) ?x3432 ?x3503 (* (- 108) ?x3851) ?x137 ?x2532 ?x2412 ?x2187 (* 54 ?x1114) (* (- 216) (* x00 ?x1900)) ?x3657)))
 (let (($x767 (not (= ?x761 27))))
 (let ((?x3925 (* 15 ?x677)))
 (let ((?x973 (* r00 r00 x00)))
 (let ((?x974 (* 36 ?x973)))
 (let ((?x3174 (* (- 6) ?x901)))
 (let ((?x3330 (* 2 ?x993)))
 (let ((?x2113 (* (- 24) ?x925)))
 (let ((?x1860 (* 54 ?x608)))
 (let ((?x3682 (+ (* 24 ?x3251) ?x1860 (* (- 36) (* r00 ?x2452 ?x1900)) ?x2113 (* (- 3) ?x2188) (* (- 54) ?x1683) (* 6 (* s00 ?x1900)) (* (- 4) (* r00 ?x2734 ?x2734)) ?x3330 (* 6 (* x00 ?x2734)) (* (- 12) ?x1820) (* 2 (* r00 s00 ?x2734)) ?x3174 (* (- 2) (* ?x2452 ?x2734 ?x2734)) (* (- 6) (* ?x1900 ?x2734)) (* 4 (* s00 s00 ?x2452)) ?x3432 ?x974 ?x3925 (* (- 2) (* s00 ?x2452 ?x2734)) (* 36 (* r00 x00 ?x2452)) (* (- 54) ?x3851) ?x137 ?x2532 (* 54 ?x2821) ?x2412 ?x2187 (* (- 24) ?x1500) (* 24 ?x1114) (* (- 36) (* r00 r00 ?x1900)))))
 (let ((?x585 (* (- 3) s)))
 (let ((?x2093 (* (- 6) ?x2762)))
 (let ((?x44 (* 3 s00)))
 (let ((?x678 (* 4 ?x677)))
 (let ((?x994 (* (- 9) ?x925)))
 (let ((?x609 (* 18 ?x608)))
 (let ((?x2324 (+ (* 9 ?x3251) ?x609 ?x994 (* (- 2) ?x2188) (* (- 18) ?x1683) (* (- 6) ?x424) (* 6 ?x1782) ?x678 (* (- 18) ?x3851) ?x44 ?x2093 (* 18 ?x2821) ?x585 (* (- 18) r) (* (- 9) ?x1500) (* (- 2) ?x1820) (* 9 ?x1114) (* 6 ?x911))))
 (let ((?x555 (* r00 r00 r00)))
 (let ((?x556 (* 12 ?x555)))
 (let ((?x587 (* (- 6) x00)))
 (let ((?x56 (* 6 x)))
 (let ((?x3656 (* (- 6) ?x925)))
 (let ((?x586 (* (- 3) r00)))
 (let ((?x3037 (+ (* 2 ?x3251) (* (- 12) (* r00 r00 ?x2452)) (* (- 15) r) ?x44 ?x2412 ?x586 (* 4 ?x1500) ?x3656 ?x56 ?x587 ?x556)))
 (let ((?x385 (* r00 r00)))
 (let ((?x2267 (* (- 3) ?x385)))
 (let (($x2299 (= (+ s00 ?x364 (* (- 6) r) (* 3 (* ?x2452 ?x2452)) ?x2267) 3)))
 (let (($x1159 (not $x2299)))
 (let (($x3065 (or $x1159 (not (= ?x3037 6)) (not (= ?x2324 9)) (not (= ?x3682 27)) $x767 $x2282)))
 (let ((?x1874 (* r00 r00 s)))
 (let ((?x2476 (* 36 ?x1874)))
 (let ((?x2810 (+ ?x2469 ?x1884 ?x2937 (* 15 (* s s)) (* (- 216) (* r00 r00 r00 s)) ?x3893 (* (- 4) (* s s s)) (* 108 (* x x)) ?x3024 (* (- 12) (* s00 s s)) (* 108 (* s00 x)) ?x2175 ?x3058 (* 108 (* x00 s)) (* 432 (* r00 r00 r00 x)) (* (- 66) (* s00 s)) (* 108 (* r00 s00 s)) ?x3557 (* (- 216) (* r00 s00 x)) (* 36 (* r00 r00 s s)) ?x1509 (* (- 108) (* x s)) ?x2476 ?x3503 (* (- 108) (* r00 x)) ?x137 ?x2532 ?x2412 (* 54 (* r00 s)) (* (- 216) (* x00 x)) ?x3657)))
 (let (($x837 (= ?x2810 0)))
 (let ((?x3135 (* r00 r00 x)))
 (let ((?x3217 (* (- 36) ?x3135)))
 (let ((?x2463 (* r00 s s)))
 (let ((?x3202 (* (- 4) ?x2463)))
 (let ((?x1154 (+ (* 24 (* s r)) ?x1860 (* (- 36) (* r00 x r)) ?x2113 (* (- 3) (* s s)) (* (- 54) (* x r)) (* 6 (* s00 x)) ?x3202 ?x3330 (* 6 (* x00 s)) (* (- 12) (* s00 s)) (* 2 (* r00 s00 s)) ?x3174 (* (- 2) (* s s r)) (* (- 6) (* x s)) (* 4 (* s00 s00 r)) ?x2476 ?x974 ?x3925 (* (- 2) (* s00 s r)) (* 36 (* r00 x00 r)) (* (- 54) (* r00 x)) ?x137 ?x2532 (* 54 (* x00 r)) ?x2412 (* (- 24) (* s00 r)) (* 24 (* r00 s)) ?x3217)))
 (let ((?x1945 (* r00 x)))
 (let ((?x2230 (* (- 18) ?x1945)))
 (let ((?x631 (* s s)))
 (let ((?x2211 (* (- 2) ?x631)))
 (let ((?x3061 (+ (* 9 (* s r)) ?x609 ?x994 ?x2211 (* (- 18) (* x r)) (* (- 6) (* r00 s r)) (* 6 ?x1874) ?x678 ?x2230 ?x44 ?x2093 (* 18 (* x00 r)) ?x585 (* (- 9) (* s00 r)) (* (- 2) (* s00 s)) (* 9 (* r00 s)) (* 6 (* r00 s00 r)))))
 (let ((?x43 (* 3 r)))
 (let ((?x3569 (+ (* 2 (* s r)) (* (- 12) (* r00 r00 r)) ?x43 ?x44 ?x585 ?x586 (* 4 (* s00 r)) ?x3656 ?x56 ?x587 ?x556)))
 (let (($x3308 (= (+ s00 ?x364 (* 3 (* r r)) ?x2267) 0)))
 (and $x3308 (= ?x3569 0) (= ?x3061 0) (= ?x1154 0) $x837 $x3065))))))))))))))))))))))))))))))))))))))))))))))))))))))))))))))))))))))))))))))))))))))))))))))))))))))))))))) :qid k!40))
 ))
 (let ((?x2044 (lambda ((r Int) (s Int) (x Int) )(let ((?x812 (* r s00 r00)))
 (let ((?x825 (* (- 6) ?x812)))
 (let ((?x774 (* s s00)))
 (let ((?x775 (* 2 ?x774)))
 (let ((?x745 (* r x00)))
 (let ((?x758 (* (- 18) ?x745)))
 (let ((?x733 (* s00 r00 r00)))
 (let ((?x734 (* 6 ?x733)))
 (let ((?x703 (* x r00)))
 (let ((?x704 (* 18 ?x703)))
 (let ((?x677 (* s00 s00)))
 (let ((?x690 (* (- 4) ?x677)))
 (let ((?x651 (* s r00 r00)))
 (let ((?x664 (* (- 6) ?x651)))
 (let ((?x639 (* r s r00)))
 (let ((?x640 (* 6 ?x639)))
 (let ((?x635 (* r x)))
 (let ((?x636 (* 18 ?x635)))
 (let ((?x631 (* s s)))
 (let ((?x632 (* 2 ?x631)))
 (let ((?x608 (* r00 x00)))
 (let ((?x622 (* (- 18) ?x608)))
 (let ((?x512 (* s00 r00)))
 (let ((?x2174 (* 3 ?x512)))
 (let ((?x435 (* r r00 r00)))
 (let ((?x1905 (* (- 36) ?x435)))
 (let ((?x385 (* r00 r00)))
 (let ((?x1896 (* (- 18) ?x385)))
 (let ((?x2015 (* (- 18) x00)))
 (let ((?x2251 (* (- 9) r00)))
 (let ((?x2072 (* 12 s00)))
 (let ((?x1811 (* 18 x)))
 (let ((?x2984 (+ (* 9 r) (* (- 12) s) ?x1811 ?x2072 ?x2251 ?x2015 (* 18 (* r r)) ?x1896 (* (- 3) (* r s)) ?x1905 (* 21 (* r s00)) ?x2174 ?x622 ?x632 ?x636 ?x640 ?x664 ?x690 ?x704 ?x734 ?x758 ?x775 (* (- 21) (* s r00)) ?x825 (* 36 (* r r r00)))))
 (let ((?x2899 (* (- 8) (* r s x x))))
 (let ((?x2895 (* (- 8) (* s x x))))
 (let ((?x978 (* x x)))
 (let ((?x3296 (* (- 24) ?x978)))
 (let ((?x909 (* s x)))
 (let ((?x3304 (* 48 ?x909)))
 (let ((?x3271 (* (- 24) ?x631)))
 (let ((?x373 (* r r)))
 (let ((?x3492 (* (- 5) ?x373)))
 (let ((?x3507 (* (- 10) r)))
 (let ((?x1272 (+ (- 5) ?x3507 ?x3492 (* (- 8) (* r s s s)) ?x3271 (* (- 72) (* r s s)) ?x3304 (* (- 8) (* s s s)) ?x3296 (* (- 72) (* r x x)) (* (- 48) (* r r x x)) (* 16 (* s s x)) (* 144 (* r s x)) (* (- 48) (* r r s s)) (* 16 (* r s s x)) ?x2895 ?x2899 (* 96 (* r r s x)))))
 (let ((?x3392 (* r r s00)))
 (let ((?x4046 (* 432 ?x3392)))
 (let ((?x3081 (* r r s)))
 (let ((?x4042 (* 432 ?x3081)))
 (let ((?x3066 (* r r r)))
 (let ((?x4041 (* 864 ?x3066)))
 (let ((?x4035 (* 1296 (* r r00 r00 r00))))
 (let ((?x1456 (* x00 x00)))
 (let ((?x1486 (* (- 108) ?x1456)))
 (let ((?x1431 (* 216 (* x x00))))
 (let ((?x1294 (* s00 s00 s00)))
 (let ((?x1485 (* (- 16) ?x1294)))
 (let ((?x1483 (* (- 36) (* s s r00 r00))))
 (let ((?x1265 (* 216 (* x s00 r00))))
 (let ((?x1482 (* (- 432) (* x r00 r00 r00))))
 (let ((?x1182 (* s00 r00 r00 r00)))
 (let ((?x1481 (* (- 216) ?x1182)))
 (let ((?x1067 (* 12 (* s s s00))))
 (let ((?x1025 (* r s s00)))
 (let ((?x4022 (* 144 ?x1025)))
 (let ((?x1008 (* r00 r00 r00 x00)))
 (let ((?x1009 (* 432 ?x1008)))
 (let ((?x1480 (* (- 108) ?x978)))
 (let ((?x915 (* s s s)))
 (let ((?x917 (* 4 ?x915)))
 (let ((?x905 (* r s s)))
 (let ((?x4021 (* 72 ?x905)))
 (let ((?x901 (* s00 x00)))
 (let ((?x1239 (* 108 ?x901)))
 (let ((?x865 (* s00 s00 r00 r00)))
 (let ((?x866 (* 36 ?x865)))
 (let ((?x824 (* s x00)))
 (let ((?x4019 (* (- 324) ?x824)))
 (let ((?x778 (* s00 s00 r00)))
 (let ((?x1136 (* 108 ?x778)))
 (let ((?x1096 (* 36 ?x733)))
 (let ((?x707 (* x s00)))
 (let ((?x1476 (* (- 108) ?x707)))
 (let ((?x1342 (* 108 ?x703)))
 (let ((?x1475 (* (- 51) ?x677)))
 (let ((?x4015 (* 648 ?x635)))
 (let ((?x1472 (* (- 108) ?x608)))
 (let ((?x604 (* s00 r00 x00)))
 (let ((?x1471 (* (- 216) ?x604)))
 (let ((?x555 (* r00 r00 r00)))
 (let ((?x4012 (* 648 ?x555)))
 (let ((?x3881 (* (- 270) ?x512)))
 (let ((?x485 (* r s00)))
 (let ((?x4011 (* 828 ?x485)))
 (let ((?x2791 (* (- 432) ?x385)))
 (let ((?x4006 (* (- 324) x00)))
 (let ((?x2794 (* (- 162) r00)))
 (let ((?x4005 (* 297 s00)))
 (let ((?x3721 (* 324 x)))
 (let ((?x459 (+ (* 162 r) (* (- 297) s) ?x3721 ?x4005 ?x2794 ?x4006 (* 756 ?x373) ?x2791 (* (- 396) (* r s)) (* (- 1512) ?x435) ?x4011 ?x3881 ?x4012 ?x1471 ?x1472 (* (- 195) ?x631) ?x4015 (* (- 252) ?x651) ?x1475 ?x1342 ?x1476 ?x1096 (* (- 648) ?x745) (* 648 (* s r00 r00 r00)) (* 246 ?x774) ?x1136 (* (- 162) (* s r00)) (* (- 648) ?x812) ?x4019 (* (- 1296) (* r r r00 r00)) ?x866 (* (- 324) (* s s00 r00)) ?x1239 ?x4021 (* 324 ?x909) ?x917 ?x1480 ?x1009 ?x4022 ?x1067 ?x1481 ?x1482 ?x1265 ?x1483 ?x1485 ?x1431 ?x1486 (* (- 324) (* r r00)) ?x4035 ?x4041 ?x4042 (* (- 432) (* r s r00 r00)) ?x4046)))
 (let ((?x1169 (* 36 (* x r00 r00))))
 (let ((?x1037 (* r r00 x00)))
 (let ((?x1050 (* (- 36) ?x1037)))
 (let ((?x1026 (* 2 ?x1025)))
 (let ((?x973 (* r00 r00 x00)))
 (let ((?x986 (* (- 36) ?x973)))
 (let ((?x921 (* r s00 s00)))
 (let ((?x934 (* (- 4) ?x921)))
 (let ((?x910 (* 6 ?x909)))
 (let ((?x906 (* 2 ?x905)))
 (let ((?x902 (* 6 ?x901)))
 (let ((?x875 (* s s00 r00)))
 (let ((?x888 (* (- 2) ?x875)))
 (let ((?x851 (* (- 6) ?x824)))
 (let ((?x796 (* (- 2) ?x778)))
 (let ((?x751 (* 4 (* s s r00))))
 (let ((?x722 (* (- 6) ?x707)))
 (let ((?x3409 (* (- 19) ?x677)))
 (let ((?x655 (* 36 (* r x r00))))
 (let ((?x3394 (* (- 90) ?x608)))
 (let ((?x3391 (* 18 ?x512)))
 (let ((?x3384 (* (- 108) ?x385)))
 (let ((?x3380 (* (- 72) x00)))
 (let ((?x3572 (* (- 36) r00)))
 (let ((?x3378 (* 57 s00)))
 (let ((?x2923 (+ (* 36 r) (* (- 57) s) (* 72 x) ?x3378 ?x3572 ?x3380 (* 108 ?x373) ?x3384 (* (- 42) (* r s)) (* (- 216) ?x435) (* 114 ?x485) ?x3391 ?x3394 (* (- 1) ?x631) (* 90 ?x635) (* 12 ?x639) (* (- 72) ?x651) ?x655 ?x3409 (* 90 ?x703) ?x722 ?x1096 (* (- 90) ?x745) ?x751 (* 20 ?x774) ?x796 (* (- 90) (* s r00)) (* (- 12) ?x812) ?x851 ?x888 ?x902 ?x906 ?x910 ?x934 ?x986 ?x1026 ?x1050 ?x1169 (* 144 (* r r r00)) (* 72 ?x3066) (* 24 ?x3081) (* 12 ?x3392))))
 (let ((?x556 (* 12 ?x555)))
 (let ((?x590 (* (- 6) ?x512)))
 (let ((?x486 (* 4 ?x485)))
 (let ((?x589 (* (- 12) ?x435)))
 (let ((?x429 (* r s)))
 (let ((?x588 (* 2 ?x429)))
 (let ((?x2758 (* (- 12) ?x385)))
 (let ((?x587 (* (- 6) x00)))
 (let ((?x586 (* (- 3) r00)))
 (let ((?x2718 (* 7 s00)))
 (let ((?x56 (* 6 x)))
 (let ((?x43 (* 3 r)))
 (let ((?x2081 (+ ?x43 (* (- 7) s) ?x56 ?x2718 ?x586 ?x587 (* 12 ?x373) ?x2758 ?x588 ?x589 ?x486 ?x590 ?x556)))
 (let (($x418 (= (+ s (* (- 1) s00) (* (- 3) ?x373) (* 3 ?x385)) 0)))
 (let (($x2038 (or (not $x418) (not (= ?x2081 0)) (not (= ?x2984 0)) (not (= ?x2923 0)) (not (= ?x459 0)) (not (= (* ?x1272 ?x2984) 0)))))
 (let ((?x1306 (* 108 ?x909)))
 (let ((?x756 (* s r00 r00 r00)))
 (let ((?x757 (* 216 ?x756)))
 (let ((?x960 (* (- 36) ?x651)))
 (let ((?x614 (* 54 ?x512)))
 (let ((?x1083 (* (- 9) s00)))
 (let ((?x143 (* 9 s)))
 (let ((?x1487 (+ ?x143 ?x1083 ?x614 ?x1471 ?x1472 (* (- 15) ?x631) ?x960 ?x1475 ?x1342 ?x1476 ?x1096 ?x757 (* 66 ?x774) ?x1136 (* (- 54) (* s r00)) (* (- 108) ?x824) ?x866 (* (- 108) ?x875) ?x1239 ?x1306 ?x917 ?x1480 ?x1009 ?x1067 ?x1481 ?x1482 ?x1265 ?x1483 ?x1485 ?x1431 ?x1486)))
 (let (($x1488 (= ?x1487 0)))
 (let ((?x1012 (* (- 15) ?x677)))
 (let ((?x663 (* 3 ?x631)))
 (let ((?x645 (* (- 54) ?x608)))
 (let ((?x660 (* 24 ?x512)))
 (let ((?x1175 (+ ?x143 ?x1083 (* (- 24) ?x429) (* 24 ?x485) ?x660 ?x645 ?x663 (* 54 ?x635) ?x960 ?x655 ?x1012 (* 54 ?x703) ?x722 ?x1096 (* (- 54) ?x745) ?x751 (* 12 ?x774) ?x796 (* (- 24) (* s r00)) ?x851 ?x888 ?x902 ?x906 ?x910 ?x934 ?x986 ?x1026 ?x1050 ?x1169)))
 (let (($x1180 (= ?x1175 0)))
 (let ((?x786 (* s r00)))
 (let ((?x799 (* (- 9) ?x786)))
 (let ((?x627 (* 9 ?x512)))
 (let ((?x771 (* 9 ?x485)))
 (let ((?x603 (* (- 9) ?x429)))
 (let ((?x464 (* (- 3) s00)))
 (let ((?x47 (* 3 s)))
 (let ((?x831 (+ ?x47 ?x464 ?x603 ?x771 ?x627 ?x622 ?x632 ?x636 ?x640 ?x664 ?x690 ?x704 ?x734 ?x758 ?x775 ?x799 ?x825)))
 (let (($x838 (= ?x831 0)))
 (let ((?x44 (* 3 s00)))
 (let ((?x585 (* (- 3) s)))
 (let (($x592 (= (+ ?x43 ?x585 ?x56 ?x44 ?x586 ?x587 ?x588 ?x589 ?x486 ?x590 ?x556) 0)))
 (let (($x1209 (and $x418 $x592 $x838 $x1180 $x1488 $x2038)))
 (let ((?x2452 (+ 1 r)))
 (let ((?x911 (* r00 s00 ?x2452)))
 (let ((?x2908 (* (- 6) ?x911)))
 (let ((?x211 (* 6 r)))
 (let ((?x2734 (+ 3 s ?x211)))
 (let ((?x1114 (* r00 ?x2734)))
 (let ((?x1655 (* (- 9) ?x1114)))
 (let ((?x1820 (* s00 ?x2734)))
 (let ((?x1821 (* 2 ?x1820)))
 (let ((?x1500 (* s00 ?x2452)))
 (let ((?x1047 (* 9 ?x1500)))
 (let ((?x3556 (* 18 r)))
 (let ((?x2821 (* x00 ?x2452)))
 (let ((?x2854 (* (- 18) ?x2821)))
 (let ((?x2762 (* r00 r00 s00)))
 (let ((?x2763 (* 6 ?x2762)))
 (let ((?x364 (* (- 1) s)))
 (let ((?x1900 (+ x ?x364)))
 (let ((?x3851 (* r00 ?x1900)))
 (let ((?x3852 (* 18 ?x3851)))
 (let ((?x1782 (* r00 r00 ?x2734)))
 (let ((?x2786 (* (- 6) ?x1782)))
 (let ((?x424 (* r00 ?x2452 ?x2734)))
 (let ((?x425 (* 6 ?x424)))
 (let ((?x1683 (* ?x2452 ?x1900)))
 (let ((?x1684 (* 18 ?x1683)))
 (let ((?x2188 (* ?x2734 ?x2734)))
 (let ((?x3537 (* 2 ?x2188)))
 (let ((?x925 (* r00 s00)))
 (let ((?x1603 (* 9 ?x925)))
 (let ((?x3251 (* ?x2452 ?x2734)))
 (let ((?x2651 (* (- 9) ?x3251)))
 (let ((?x2276 (+ 9 ?x2651 ?x622 ?x1603 ?x3537 ?x1684 ?x425 ?x2786 ?x690 ?x3852 ?x464 ?x2763 ?x2854 ?x47 ?x3556 ?x1047 ?x1821 ?x1655 ?x2908)))
 (let ((?x1255 (* (+ (* (- 8) (* ?x2452 ?x1900 ?x1900 ?x2734)) (* (- 5) (* ?x2452 ?x2452))) ?x2276)))
 (let (($x2282 (not (= ?x1255 0))))
 (let ((?x3657 (* 108 ?x1456)))
 (let ((?x2187 (* (- 54) r)))
 (let ((?x2412 (* (- 9) s)))
 (let ((?x2532 (* (- 36) ?x2762)))
 (let ((?x137 (* 9 s00)))
 (let ((?x3503 (* 51 ?x677)))
 (let ((?x3432 (* 36 ?x1782)))
 (let ((?x1509 (* 16 ?x1294)))
 (let ((?x3557 (* (- 108) ?x901)))
 (let ((?x3058 (* 216 (* r00 r00 r00 s00))))
 (let ((?x993 (* r00 s00 s00)))
 (let ((?x2175 (* (- 108) ?x993)))
 (let ((?x3024 (* (- 432) ?x1008)))
 (let ((?x3893 (* (- 36) (* r00 r00 s00 s00))))
 (let ((?x2937 (* (- 54) ?x925)))
 (let ((?x1884 (* 108 ?x608)))
 (let ((?x2469 (* 216 (* r00 s00 x00))))
 (let ((?x761 (+ ?x2469 ?x1884 ?x2937 (* 15 ?x2188) (* (- 216) (* r00 r00 r00 ?x2734)) ?x3893 (* (- 4) (* ?x2734 ?x2734 ?x2734)) (* 108 (* ?x1900 ?x1900)) ?x3024 (* (- 12) (* s00 ?x2734 ?x2734)) (* 108 (* s00 ?x1900)) ?x2175 ?x3058 (* 108 (* x00 ?x2734)) (* 432 (* r00 r00 r00 ?x1900)) (* (- 66) ?x1820) (* 108 (* r00 s00 ?x2734)) ?x3557 (* (- 216) (* r00 s00 ?x1900)) (* 36 (* r00 r00 ?x2734 ?x2734)) ?x1509 (* (- 108) (* ?x1900 ?x2734)) ?x3432 ?x3503 (* (- 108) ?x3851) ?x137 ?x2532 ?x2412 ?x2187 (* 54 ?x1114) (* (- 216) (* x00 ?x1900)) ?x3657)))
 (let (($x767 (not (= ?x761 27))))
 (let ((?x3925 (* 15 ?x677)))
 (let ((?x974 (* 36 ?x973)))
 (let ((?x3174 (* (- 6) ?x901)))
 (let ((?x3330 (* 2 ?x993)))
 (let ((?x2113 (* (- 24) ?x925)))
 (let ((?x1860 (* 54 ?x608)))
 (let ((?x3682 (+ (* 24 ?x3251) ?x1860 (* (- 36) (* r00 ?x2452 ?x1900)) ?x2113 (* (- 3) ?x2188) (* (- 54) ?x1683) (* 6 (* s00 ?x1900)) (* (- 4) (* r00 ?x2734 ?x2734)) ?x3330 (* 6 (* x00 ?x2734)) (* (- 12) ?x1820) (* 2 (* r00 s00 ?x2734)) ?x3174 (* (- 2) (* ?x2452 ?x2734 ?x2734)) (* (- 6) (* ?x1900 ?x2734)) (* 4 (* s00 s00 ?x2452)) ?x3432 ?x974 ?x3925 (* (- 2) (* s00 ?x2452 ?x2734)) (* 36 (* r00 x00 ?x2452)) (* (- 54) ?x3851) ?x137 ?x2532 (* 54 ?x2821) ?x2412 ?x2187 (* (- 24) ?x1500) (* 24 ?x1114) (* (- 36) (* r00 r00 ?x1900)))))
 (let ((?x2093 (* (- 6) ?x2762)))
 (let ((?x678 (* 4 ?x677)))
 (let ((?x994 (* (- 9) ?x925)))
 (let ((?x609 (* 18 ?x608)))
 (let ((?x2324 (+ (* 9 ?x3251) ?x609 ?x994 (* (- 2) ?x2188) (* (- 18) ?x1683) (* (- 6) ?x424) (* 6 ?x1782) ?x678 (* (- 18) ?x3851) ?x44 ?x2093 (* 18 ?x2821) ?x585 (* (- 18) r) (* (- 9) ?x1500) (* (- 2) ?x1820) (* 9 ?x1114) (* 6 ?x911))))
 (let ((?x3656 (* (- 6) ?x925)))
 (let ((?x3037 (+ (* 2 ?x3251) (* (- 12) (* r00 r00 ?x2452)) (* (- 15) r) ?x44 ?x2412 ?x586 (* 4 ?x1500) ?x3656 ?x56 ?x587 ?x556)))
 (let ((?x2267 (* (- 3) ?x385)))
 (let (($x2299 (= (+ s00 ?x364 (* (- 6) r) (* 3 (* ?x2452 ?x2452)) ?x2267) 3)))
 (let (($x1159 (not $x2299)))
 (let (($x3065 (or $x1159 (not (= ?x3037 6)) (not (= ?x2324 9)) (not (= ?x3682 27)) $x767 $x2282)))
 (let ((?x1874 (* r00 r00 s)))
 (let ((?x2476 (* 36 ?x1874)))
 (let ((?x2810 (+ ?x2469 ?x1884 ?x2937 (* 15 ?x631) (* (- 216) (* r00 r00 r00 s)) ?x3893 (* (- 4) ?x915) (* 108 ?x978) ?x3024 (* (- 12) (* s00 s s)) (* 108 (* s00 x)) ?x2175 ?x3058 (* 108 (* x00 s)) (* 432 (* r00 r00 r00 x)) (* (- 66) (* s00 s)) (* 108 (* r00 s00 s)) ?x3557 (* (- 216) (* r00 s00 x)) (* 36 (* r00 r00 s s)) ?x1509 (* (- 108) (* x s)) ?x2476 ?x3503 (* (- 108) (* r00 x)) ?x137 ?x2532 ?x2412 (* 54 (* r00 s)) (* (- 216) (* x00 x)) ?x3657)))
 (let (($x837 (= ?x2810 0)))
 (let ((?x3135 (* r00 r00 x)))
 (let ((?x3217 (* (- 36) ?x3135)))
 (let ((?x2463 (* r00 s s)))
 (let ((?x3202 (* (- 4) ?x2463)))
 (let ((?x1154 (+ (* 24 (* s r)) ?x1860 (* (- 36) (* r00 x r)) ?x2113 (* (- 3) ?x631) (* (- 54) (* x r)) (* 6 (* s00 x)) ?x3202 ?x3330 (* 6 (* x00 s)) (* (- 12) (* s00 s)) (* 2 (* r00 s00 s)) ?x3174 (* (- 2) (* s s r)) (* (- 6) (* x s)) (* 4 (* s00 s00 r)) ?x2476 ?x974 ?x3925 (* (- 2) (* s00 s r)) (* 36 (* r00 x00 r)) (* (- 54) (* r00 x)) ?x137 ?x2532 (* 54 (* x00 r)) ?x2412 (* (- 24) (* s00 r)) (* 24 (* r00 s)) ?x3217)))
 (let ((?x1945 (* r00 x)))
 (let ((?x2230 (* (- 18) ?x1945)))
 (let ((?x2211 (* (- 2) ?x631)))
 (let ((?x3061 (+ (* 9 (* s r)) ?x609 ?x994 ?x2211 (* (- 18) (* x r)) (* (- 6) (* r00 s r)) (* 6 ?x1874) ?x678 ?x2230 ?x44 ?x2093 (* 18 (* x00 r)) ?x585 (* (- 9) (* s00 r)) (* (- 2) (* s00 s)) (* 9 (* r00 s)) (* 6 (* r00 s00 r)))))
 (let ((?x3569 (+ (* 2 (* s r)) (* (- 12) (* r00 r00 r)) ?x43 ?x44 ?x585 ?x586 (* 4 (* s00 r)) ?x3656 ?x56 ?x587 ?x556)))
 (let (($x3308 (= (+ s00 ?x364 (* 3 ?x373) ?x2267) 0)))
 (let (($x946 (and $x3308 (= ?x3569 0) (= ?x3061 0) (= ?x1154 0) $x837 $x3065)))
 (rewrite (= $x946 $x1209)))))))))))))))))))))))))))))))))))))))))))))))))))))))))))))))))))))))))))))))))))))))))))))))))))))))))))))))))))))))))))))))))))))))))))))))))))))))))))))))))))))))))))))))))))))))))))))))))))))))))))))))))))))))))))))))))))))))))))))))))))))))))))))))))))
 ))
 (let (($x1077 (exists ((r Int) (s Int) (x Int) )(! (let ((?x2452 (+ 1 r)))
 (let ((?x911 (* r00 s00 ?x2452)))
 (let ((?x2908 (* (- 6) ?x911)))
 (let ((?x211 (* 6 r)))
 (let ((?x2734 (+ 3 s ?x211)))
 (let ((?x1114 (* r00 ?x2734)))
 (let ((?x1655 (* (- 9) ?x1114)))
 (let ((?x1820 (* s00 ?x2734)))
 (let ((?x1821 (* 2 ?x1820)))
 (let ((?x1500 (* s00 ?x2452)))
 (let ((?x1047 (* 9 ?x1500)))
 (let ((?x3556 (* 18 r)))
 (let ((?x47 (* 3 s)))
 (let ((?x2821 (* x00 ?x2452)))
 (let ((?x2854 (* (- 18) ?x2821)))
 (let ((?x2762 (* r00 r00 s00)))
 (let ((?x2763 (* 6 ?x2762)))
 (let ((?x464 (* (- 3) s00)))
 (let ((?x364 (* (- 1) s)))
 (let ((?x1900 (+ x ?x364)))
 (let ((?x3851 (* r00 ?x1900)))
 (let ((?x3852 (* 18 ?x3851)))
 (let ((?x677 (* s00 s00)))
 (let ((?x690 (* (- 4) ?x677)))
 (let ((?x1782 (* r00 r00 ?x2734)))
 (let ((?x2786 (* (- 6) ?x1782)))
 (let ((?x424 (* r00 ?x2452 ?x2734)))
 (let ((?x425 (* 6 ?x424)))
 (let ((?x1683 (* ?x2452 ?x1900)))
 (let ((?x1684 (* 18 ?x1683)))
 (let ((?x2188 (* ?x2734 ?x2734)))
 (let ((?x3537 (* 2 ?x2188)))
 (let ((?x925 (* r00 s00)))
 (let ((?x1603 (* 9 ?x925)))
 (let ((?x608 (* r00 x00)))
 (let ((?x622 (* (- 18) ?x608)))
 (let ((?x3251 (* ?x2452 ?x2734)))
 (let ((?x2651 (* (- 9) ?x3251)))
 (let ((?x2276 (+ 9 ?x2651 ?x622 ?x1603 ?x3537 ?x1684 ?x425 ?x2786 ?x690 ?x3852 ?x464 ?x2763 ?x2854 ?x47 ?x3556 ?x1047 ?x1821 ?x1655 ?x2908)))
 (let ((?x1255 (* (+ (* (- 8) (* ?x2452 ?x1900 ?x1900 ?x2734)) (* (- 5) (* ?x2452 ?x2452))) ?x2276)))
 (let (($x2282 (not (= ?x1255 0))))
 (let ((?x1456 (* x00 x00)))
 (let ((?x3657 (* 108 ?x1456)))
 (let ((?x2187 (* (- 54) r)))
 (let ((?x2412 (* (- 9) s)))
 (let ((?x2532 (* (- 36) ?x2762)))
 (let ((?x137 (* 9 s00)))
 (let ((?x3503 (* 51 ?x677)))
 (let ((?x3432 (* 36 ?x1782)))
 (let ((?x1294 (* s00 s00 s00)))
 (let ((?x1509 (* 16 ?x1294)))
 (let ((?x901 (* s00 x00)))
 (let ((?x3557 (* (- 108) ?x901)))
 (let ((?x3058 (* 216 (* r00 r00 r00 s00))))
 (let ((?x993 (* r00 s00 s00)))
 (let ((?x2175 (* (- 108) ?x993)))
 (let ((?x1008 (* r00 r00 r00 x00)))
 (let ((?x3024 (* (- 432) ?x1008)))
 (let ((?x3893 (* (- 36) (* r00 r00 s00 s00))))
 (let ((?x2937 (* (- 54) ?x925)))
 (let ((?x1884 (* 108 ?x608)))
 (let ((?x2469 (* 216 (* r00 s00 x00))))
 (let ((?x761 (+ ?x2469 ?x1884 ?x2937 (* 15 ?x2188) (* (- 216) (* r00 r00 r00 ?x2734)) ?x3893 (* (- 4) (* ?x2734 ?x2734 ?x2734)) (* 108 (* ?x1900 ?x1900)) ?x3024 (* (- 12) (* s00 ?x2734 ?x2734)) (* 108 (* s00 ?x1900)) ?x2175 ?x3058 (* 108 (* x00 ?x2734)) (* 432 (* r00 r00 r00 ?x1900)) (* (- 66) ?x1820) (* 108 (* r00 s00 ?x2734)) ?x3557 (* (- 216) (* r00 s00 ?x1900)) (* 36 (* r00 r00 ?x2734 ?x2734)) ?x1509 (* (- 108) (* ?x1900 ?x2734)) ?x3432 ?x3503 (* (- 108) ?x3851) ?x137 ?x2532 ?x2412 ?x2187 (* 54 ?x1114) (* (- 216) (* x00 ?x1900)) ?x3657)))
 (let (($x767 (not (= ?x761 27))))
 (let ((?x143 (* 9 s)))
 (let ((?x2334 (* 36 ?x2762)))
 (let ((?x1083 (* (- 9) s00)))
 (let ((?x1012 (* (- 15) ?x677)))
 (let ((?x973 (* r00 r00 x00)))
 (let ((?x986 (* (- 36) ?x973)))
 (let ((?x902 (* 6 ?x901)))
 (let ((?x3655 (* (- 2) ?x993)))
 (let ((?x3000 (* 24 ?x925)))
 (let ((?x645 (* (- 54) ?x608)))
 (let ((?x1379 (+ (* (- 24) ?x3251) ?x645 (* 36 (* r00 ?x2452 ?x1900)) ?x3000 (* 3 ?x2188) (* 54 ?x1683) (* (- 6) (* s00 ?x1900)) (* 4 (* r00 ?x2734 ?x2734)) ?x3655 (* (- 6) (* x00 ?x2734)) (* 12 ?x1820) (* (- 2) (* r00 s00 ?x2734)) ?x902 (* 2 (* ?x2452 ?x2734 ?x2734)) (* 6 (* ?x1900 ?x2734)) (* (- 4) (* s00 s00 ?x2452)) (* (- 36) ?x1782) ?x986 ?x1012 (* 2 (* s00 ?x2452 ?x2734)) (* (- 36) (* r00 x00 ?x2452)) (* 54 ?x3851) ?x1083 ?x2334 (* (- 54) ?x2821) ?x143 (* 54 r) (* 24 ?x1500) (* (- 24) ?x1114) (* 36 (* r00 r00 ?x1900)))))
 (let ((?x2285 (+ ?x2651 ?x622 ?x1603 ?x3537 ?x1684 ?x425 ?x2786 ?x690 ?x3852 ?x464 ?x2763 ?x2854 ?x47 ?x3556 ?x1047 ?x1821 ?x1655 ?x2908)))
 (let ((?x555 (* r00 r00 r00)))
 (let ((?x569 (* (- 12) ?x555)))
 (let ((?x59 (* 6 x00)))
 (let ((?x534 (* (- 6) x)))
 (let ((?x945 (* 6 ?x925)))
 (let ((?x48 (* 3 r00)))
 (let ((?x3832 (+ (* (- 2) ?x3251) (* 12 (* r00 r00 ?x2452)) (* 15 r) ?x464 ?x143 ?x48 (* (- 4) ?x1500) ?x945 ?x534 ?x59 ?x569)))
 (let ((?x385 (* r00 r00)))
 (let ((?x2267 (* (- 3) ?x385)))
 (let (($x2299 (= (+ s00 ?x364 (* (- 6) r) (* 3 (* ?x2452 ?x2452)) ?x2267) 3)))
 (let (($x1159 (not $x2299)))
 (let (($x2497 (or $x1159 (not (= ?x3832 (- 6))) (not (= ?x2285 (- 9))) (not (= ?x1379 (- 27))) $x767 $x2282)))
 (let ((?x1874 (* r00 r00 s)))
 (let ((?x2476 (* 36 ?x1874)))
 (let ((?x2810 (+ ?x2469 ?x1884 ?x2937 (* 15 (* s s)) (* (- 216) (* r00 r00 r00 s)) ?x3893 (* (- 4) (* s s s)) (* 108 (* x x)) ?x3024 (* (- 12) (* s00 s s)) (* 108 (* s00 x)) ?x2175 ?x3058 (* 108 (* x00 s)) (* 432 (* r00 r00 r00 x)) (* (- 66) (* s00 s)) (* 108 (* r00 s00 s)) ?x3557 (* (- 216) (* r00 s00 x)) (* 36 (* r00 r00 s s)) ?x1509 (* (- 108) (* x s)) ?x2476 ?x3503 (* (- 108) (* r00 x)) ?x137 ?x2532 ?x2412 (* 54 (* r00 s)) (* (- 216) (* x00 x)) ?x3657)))
 (let (($x837 (= ?x2810 0)))
 (let ((?x2803 (* (- 36) ?x1874)))
 (let ((?x631 (* s s)))
 (let ((?x663 (* 3 ?x631)))
 (let ((?x3015 (+ (* (- 24) (* s r)) ?x645 (* 36 (* r00 x r)) ?x3000 ?x663 (* 54 (* x r)) (* (- 6) (* s00 x)) (* 4 (* r00 s s)) ?x3655 (* (- 6) (* x00 s)) (* 12 (* s00 s)) (* (- 2) (* r00 s00 s)) ?x902 (* 2 (* s s r)) (* 6 (* x s)) (* (- 4) (* s00 s00 r)) ?x2803 ?x986 ?x1012 (* 2 (* s00 s r)) (* (- 36) (* r00 x00 r)) (* 54 (* r00 x)) ?x1083 ?x2334 (* (- 54) (* x00 r)) ?x143 (* 24 (* s00 r)) (* (- 24) (* r00 s)) (* 36 (* r00 r00 x)))))
 (let ((?x1945 (* r00 x)))
 (let ((?x1946 (* 18 ?x1945)))
 (let ((?x632 (* 2 ?x631)))
 (let ((?x1518 (+ (* (- 9) (* s r)) ?x622 ?x1603 ?x632 (* 18 (* x r)) (* 6 (* r00 s r)) (* (- 6) ?x1874) ?x690 ?x1946 ?x464 ?x2763 (* (- 18) (* x00 r)) ?x47 (* 9 (* s00 r)) (* 2 (* s00 s)) (* (- 9) (* r00 s)) (* (- 6) (* r00 s00 r)))))
 (let ((?x3073 (+ (* (- 2) (* s r)) (* 12 (* r00 r00 r)) (* (- 3) r) ?x464 ?x47 ?x48 (* (- 4) (* s00 r)) ?x945 ?x534 ?x59 ?x569)))
 (let (($x3308 (= (+ s00 ?x364 (* 3 (* r r)) ?x2267) 0)))
 (and $x3308 (= ?x3073 0) (= ?x1518 0) (= ?x3015 0) $x837 $x2497))))))))))))))))))))))))))))))))))))))))))))))))))))))))))))))))))))))))))))))))))))))))))))))))))))))) :qid k!40))
 ))
 (let ((?x2306 (lambda ((r Int) (s Int) (x Int) )(let ((?x2452 (+ 1 r)))
 (let ((?x911 (* r00 s00 ?x2452)))
 (let ((?x2908 (* (- 6) ?x911)))
 (let ((?x211 (* 6 r)))
 (let ((?x2734 (+ 3 s ?x211)))
 (let ((?x1114 (* r00 ?x2734)))
 (let ((?x1655 (* (- 9) ?x1114)))
 (let ((?x1820 (* s00 ?x2734)))
 (let ((?x1821 (* 2 ?x1820)))
 (let ((?x1500 (* s00 ?x2452)))
 (let ((?x1047 (* 9 ?x1500)))
 (let ((?x3556 (* 18 r)))
 (let ((?x47 (* 3 s)))
 (let ((?x2821 (* x00 ?x2452)))
 (let ((?x2854 (* (- 18) ?x2821)))
 (let ((?x2762 (* r00 r00 s00)))
 (let ((?x2763 (* 6 ?x2762)))
 (let ((?x464 (* (- 3) s00)))
 (let ((?x364 (* (- 1) s)))
 (let ((?x1900 (+ x ?x364)))
 (let ((?x3851 (* r00 ?x1900)))
 (let ((?x3852 (* 18 ?x3851)))
 (let ((?x677 (* s00 s00)))
 (let ((?x690 (* (- 4) ?x677)))
 (let ((?x1782 (* r00 r00 ?x2734)))
 (let ((?x2786 (* (- 6) ?x1782)))
 (let ((?x424 (* r00 ?x2452 ?x2734)))
 (let ((?x425 (* 6 ?x424)))
 (let ((?x1683 (* ?x2452 ?x1900)))
 (let ((?x1684 (* 18 ?x1683)))
 (let ((?x2188 (* ?x2734 ?x2734)))
 (let ((?x3537 (* 2 ?x2188)))
 (let ((?x925 (* r00 s00)))
 (let ((?x1603 (* 9 ?x925)))
 (let ((?x608 (* r00 x00)))
 (let ((?x622 (* (- 18) ?x608)))
 (let ((?x3251 (* ?x2452 ?x2734)))
 (let ((?x2651 (* (- 9) ?x3251)))
 (let ((?x2276 (+ 9 ?x2651 ?x622 ?x1603 ?x3537 ?x1684 ?x425 ?x2786 ?x690 ?x3852 ?x464 ?x2763 ?x2854 ?x47 ?x3556 ?x1047 ?x1821 ?x1655 ?x2908)))
 (let ((?x1255 (* (+ (* (- 8) (* ?x2452 ?x1900 ?x1900 ?x2734)) (* (- 5) (* ?x2452 ?x2452))) ?x2276)))
 (let (($x2282 (not (= ?x1255 0))))
 (let ((?x1456 (* x00 x00)))
 (let ((?x3657 (* 108 ?x1456)))
 (let ((?x2187 (* (- 54) r)))
 (let ((?x2412 (* (- 9) s)))
 (let ((?x2532 (* (- 36) ?x2762)))
 (let ((?x137 (* 9 s00)))
 (let ((?x3503 (* 51 ?x677)))
 (let ((?x3432 (* 36 ?x1782)))
 (let ((?x1294 (* s00 s00 s00)))
 (let ((?x1509 (* 16 ?x1294)))
 (let ((?x901 (* s00 x00)))
 (let ((?x3557 (* (- 108) ?x901)))
 (let ((?x3058 (* 216 (* r00 r00 r00 s00))))
 (let ((?x993 (* r00 s00 s00)))
 (let ((?x2175 (* (- 108) ?x993)))
 (let ((?x1008 (* r00 r00 r00 x00)))
 (let ((?x3024 (* (- 432) ?x1008)))
 (let ((?x3893 (* (- 36) (* r00 r00 s00 s00))))
 (let ((?x2937 (* (- 54) ?x925)))
 (let ((?x1884 (* 108 ?x608)))
 (let ((?x2469 (* 216 (* r00 s00 x00))))
 (let ((?x761 (+ ?x2469 ?x1884 ?x2937 (* 15 ?x2188) (* (- 216) (* r00 r00 r00 ?x2734)) ?x3893 (* (- 4) (* ?x2734 ?x2734 ?x2734)) (* 108 (* ?x1900 ?x1900)) ?x3024 (* (- 12) (* s00 ?x2734 ?x2734)) (* 108 (* s00 ?x1900)) ?x2175 ?x3058 (* 108 (* x00 ?x2734)) (* 432 (* r00 r00 r00 ?x1900)) (* (- 66) ?x1820) (* 108 (* r00 s00 ?x2734)) ?x3557 (* (- 216) (* r00 s00 ?x1900)) (* 36 (* r00 r00 ?x2734 ?x2734)) ?x1509 (* (- 108) (* ?x1900 ?x2734)) ?x3432 ?x3503 (* (- 108) ?x3851) ?x137 ?x2532 ?x2412 ?x2187 (* 54 ?x1114) (* (- 216) (* x00 ?x1900)) ?x3657)))
 (let (($x767 (not (= ?x761 27))))
 (let ((?x3925 (* 15 ?x677)))
 (let ((?x973 (* r00 r00 x00)))
 (let ((?x974 (* 36 ?x973)))
 (let ((?x3174 (* (- 6) ?x901)))
 (let ((?x3330 (* 2 ?x993)))
 (let ((?x2113 (* (- 24) ?x925)))
 (let ((?x1860 (* 54 ?x608)))
 (let ((?x3682 (+ (* 24 ?x3251) ?x1860 (* (- 36) (* r00 ?x2452 ?x1900)) ?x2113 (* (- 3) ?x2188) (* (- 54) ?x1683) (* 6 (* s00 ?x1900)) (* (- 4) (* r00 ?x2734 ?x2734)) ?x3330 (* 6 (* x00 ?x2734)) (* (- 12) ?x1820) (* 2 (* r00 s00 ?x2734)) ?x3174 (* (- 2) (* ?x2452 ?x2734 ?x2734)) (* (- 6) (* ?x1900 ?x2734)) (* 4 (* s00 s00 ?x2452)) ?x3432 ?x974 ?x3925 (* (- 2) (* s00 ?x2452 ?x2734)) (* 36 (* r00 x00 ?x2452)) (* (- 54) ?x3851) ?x137 ?x2532 (* 54 ?x2821) ?x2412 ?x2187 (* (- 24) ?x1500) (* 24 ?x1114) (* (- 36) (* r00 r00 ?x1900)))))
 (let ((?x585 (* (- 3) s)))
 (let ((?x2093 (* (- 6) ?x2762)))
 (let ((?x44 (* 3 s00)))
 (let ((?x678 (* 4 ?x677)))
 (let ((?x994 (* (- 9) ?x925)))
 (let ((?x609 (* 18 ?x608)))
 (let ((?x2324 (+ (* 9 ?x3251) ?x609 ?x994 (* (- 2) ?x2188) (* (- 18) ?x1683) (* (- 6) ?x424) (* 6 ?x1782) ?x678 (* (- 18) ?x3851) ?x44 ?x2093 (* 18 ?x2821) ?x585 (* (- 18) r) (* (- 9) ?x1500) (* (- 2) ?x1820) (* 9 ?x1114) (* 6 ?x911))))
 (let ((?x555 (* r00 r00 r00)))
 (let ((?x556 (* 12 ?x555)))
 (let ((?x587 (* (- 6) x00)))
 (let ((?x56 (* 6 x)))
 (let ((?x3656 (* (- 6) ?x925)))
 (let ((?x586 (* (- 3) r00)))
 (let ((?x3037 (+ (* 2 ?x3251) (* (- 12) (* r00 r00 ?x2452)) (* (- 15) r) ?x44 ?x2412 ?x586 (* 4 ?x1500) ?x3656 ?x56 ?x587 ?x556)))
 (let ((?x385 (* r00 r00)))
 (let ((?x2267 (* (- 3) ?x385)))
 (let (($x2299 (= (+ s00 ?x364 (* (- 6) r) (* 3 (* ?x2452 ?x2452)) ?x2267) 3)))
 (let (($x1159 (not $x2299)))
 (let (($x3065 (or $x1159 (not (= ?x3037 6)) (not (= ?x2324 9)) (not (= ?x3682 27)) $x767 $x2282)))
 (let ((?x1874 (* r00 r00 s)))
 (let ((?x2476 (* 36 ?x1874)))
 (let ((?x2810 (+ ?x2469 ?x1884 ?x2937 (* 15 (* s s)) (* (- 216) (* r00 r00 r00 s)) ?x3893 (* (- 4) (* s s s)) (* 108 (* x x)) ?x3024 (* (- 12) (* s00 s s)) (* 108 (* s00 x)) ?x2175 ?x3058 (* 108 (* x00 s)) (* 432 (* r00 r00 r00 x)) (* (- 66) (* s00 s)) (* 108 (* r00 s00 s)) ?x3557 (* (- 216) (* r00 s00 x)) (* 36 (* r00 r00 s s)) ?x1509 (* (- 108) (* x s)) ?x2476 ?x3503 (* (- 108) (* r00 x)) ?x137 ?x2532 ?x2412 (* 54 (* r00 s)) (* (- 216) (* x00 x)) ?x3657)))
 (let (($x837 (= ?x2810 0)))
 (let ((?x3135 (* r00 r00 x)))
 (let ((?x3217 (* (- 36) ?x3135)))
 (let ((?x2463 (* r00 s s)))
 (let ((?x3202 (* (- 4) ?x2463)))
 (let ((?x1154 (+ (* 24 (* s r)) ?x1860 (* (- 36) (* r00 x r)) ?x2113 (* (- 3) (* s s)) (* (- 54) (* x r)) (* 6 (* s00 x)) ?x3202 ?x3330 (* 6 (* x00 s)) (* (- 12) (* s00 s)) (* 2 (* r00 s00 s)) ?x3174 (* (- 2) (* s s r)) (* (- 6) (* x s)) (* 4 (* s00 s00 r)) ?x2476 ?x974 ?x3925 (* (- 2) (* s00 s r)) (* 36 (* r00 x00 r)) (* (- 54) (* r00 x)) ?x137 ?x2532 (* 54 (* x00 r)) ?x2412 (* (- 24) (* s00 r)) (* 24 (* r00 s)) ?x3217)))
 (let ((?x1945 (* r00 x)))
 (let ((?x2230 (* (- 18) ?x1945)))
 (let ((?x631 (* s s)))
 (let ((?x2211 (* (- 2) ?x631)))
 (let ((?x3061 (+ (* 9 (* s r)) ?x609 ?x994 ?x2211 (* (- 18) (* x r)) (* (- 6) (* r00 s r)) (* 6 ?x1874) ?x678 ?x2230 ?x44 ?x2093 (* 18 (* x00 r)) ?x585 (* (- 9) (* s00 r)) (* (- 2) (* s00 s)) (* 9 (* r00 s)) (* 6 (* r00 s00 r)))))
 (let ((?x43 (* 3 r)))
 (let ((?x3569 (+ (* 2 (* s r)) (* (- 12) (* r00 r00 r)) ?x43 ?x44 ?x585 ?x586 (* 4 (* s00 r)) ?x3656 ?x56 ?x587 ?x556)))
 (let (($x3308 (= (+ s00 ?x364 (* 3 (* r r)) ?x2267) 0)))
 (let (($x946 (and $x3308 (= ?x3569 0) (= ?x3061 0) (= ?x1154 0) $x837 $x3065)))
 (let ((?x143 (* 9 s)))
 (let ((?x2334 (* 36 ?x2762)))
 (let ((?x1083 (* (- 9) s00)))
 (let ((?x1012 (* (- 15) ?x677)))
 (let ((?x986 (* (- 36) ?x973)))
 (let ((?x902 (* 6 ?x901)))
 (let ((?x3655 (* (- 2) ?x993)))
 (let ((?x3000 (* 24 ?x925)))
 (let ((?x645 (* (- 54) ?x608)))
 (let ((?x1379 (+ (* (- 24) ?x3251) ?x645 (* 36 (* r00 ?x2452 ?x1900)) ?x3000 (* 3 ?x2188) (* 54 ?x1683) (* (- 6) (* s00 ?x1900)) (* 4 (* r00 ?x2734 ?x2734)) ?x3655 (* (- 6) (* x00 ?x2734)) (* 12 ?x1820) (* (- 2) (* r00 s00 ?x2734)) ?x902 (* 2 (* ?x2452 ?x2734 ?x2734)) (* 6 (* ?x1900 ?x2734)) (* (- 4) (* s00 s00 ?x2452)) (* (- 36) ?x1782) ?x986 ?x1012 (* 2 (* s00 ?x2452 ?x2734)) (* (- 36) (* r00 x00 ?x2452)) (* 54 ?x3851) ?x1083 ?x2334 (* (- 54) ?x2821) ?x143 (* 54 r) (* 24 ?x1500) (* (- 24) ?x1114) (* 36 (* r00 r00 ?x1900)))))
 (let ((?x2285 (+ ?x2651 ?x622 ?x1603 ?x3537 ?x1684 ?x425 ?x2786 ?x690 ?x3852 ?x464 ?x2763 ?x2854 ?x47 ?x3556 ?x1047 ?x1821 ?x1655 ?x2908)))
 (let ((?x569 (* (- 12) ?x555)))
 (let ((?x59 (* 6 x00)))
 (let ((?x534 (* (- 6) x)))
 (let ((?x945 (* 6 ?x925)))
 (let ((?x48 (* 3 r00)))
 (let ((?x3832 (+ (* (- 2) ?x3251) (* 12 (* r00 r00 ?x2452)) (* 15 r) ?x464 ?x143 ?x48 (* (- 4) ?x1500) ?x945 ?x534 ?x59 ?x569)))
 (let (($x2497 (or $x1159 (not (= ?x3832 (- 6))) (not (= ?x2285 (- 9))) (not (= ?x1379 (- 27))) $x767 $x2282)))
 (let ((?x2803 (* (- 36) ?x1874)))
 (let ((?x663 (* 3 ?x631)))
 (let ((?x3015 (+ (* (- 24) (* s r)) ?x645 (* 36 (* r00 x r)) ?x3000 ?x663 (* 54 (* x r)) (* (- 6) (* s00 x)) (* 4 ?x2463) ?x3655 (* (- 6) (* x00 s)) (* 12 (* s00 s)) (* (- 2) (* r00 s00 s)) ?x902 (* 2 (* s s r)) (* 6 (* x s)) (* (- 4) (* s00 s00 r)) ?x2803 ?x986 ?x1012 (* 2 (* s00 s r)) (* (- 36) (* r00 x00 r)) (* 54 ?x1945) ?x1083 ?x2334 (* (- 54) (* x00 r)) ?x143 (* 24 (* s00 r)) (* (- 24) (* r00 s)) (* 36 ?x3135))))
 (let ((?x1946 (* 18 ?x1945)))
 (let ((?x632 (* 2 ?x631)))
 (let ((?x1518 (+ (* (- 9) (* s r)) ?x622 ?x1603 ?x632 (* 18 (* x r)) (* 6 (* r00 s r)) (* (- 6) ?x1874) ?x690 ?x1946 ?x464 ?x2763 (* (- 18) (* x00 r)) ?x47 (* 9 (* s00 r)) (* 2 (* s00 s)) (* (- 9) (* r00 s)) (* (- 6) (* r00 s00 r)))))
 (let ((?x3073 (+ (* (- 2) (* s r)) (* 12 (* r00 r00 r)) (* (- 3) r) ?x464 ?x47 ?x48 (* (- 4) (* s00 r)) ?x945 ?x534 ?x59 ?x569)))
 (let (($x2283 (and $x3308 (= ?x3073 0) (= ?x1518 0) (= ?x3015 0) $x837 $x2497)))
 (rewrite (= $x2283 $x946))))))))))))))))))))))))))))))))))))))))))))))))))))))))))))))))))))))))))))))))))))))))))))))))))))))))))))))))))))))))))))))))))))))))))
 ))
 (let (($x361 (exists ((r Int) (s Int) (x Int) )(! (let ((?x232 (- x s)))
 (let ((?x211 (* 6 r)))
 (let ((?x212 (+ s ?x211 3)))
 (let ((?x215 (+ r 1)))
 (let ((?x227 (* 3 ?x212)))
 (let ((?x82 (* 6 r00 r00 s00)))
 (let ((?x44 (* 3 s00)))
 (let ((?x76 (* 4 s00 s00)))
 (let ((?x70 (* 9 r00 s00)))
 (let ((?x244 (+ (- (* (- 9) ?x215 ?x212) (* 18 r00 x00)) ?x70 (* 2 ?x212 ?x212) (* 18 ?x215 ?x232) (* 6 ?x215 r00 ?x212))))
 (let ((?x249 (+ (- (- ?x244 (* 6 r00 r00 ?x212)) ?x76) (* 18 r00 ?x232))))
 (let ((?x256 (+ (- (+ (- ?x249 ?x44) ?x82) (* 18 ?x215 x00)) ?x227 (* 9 ?x215 s00) (* 2 ?x212 s00))))
 (let ((?x260 (- (- ?x256 (* 9 r00 ?x212)) (* 6 ?x215 r00 s00))))
 (let (($x357 (= (* ?x260 (- (* (- 8) ?x215 ?x212 ?x232 ?x232) (* 5 ?x215 ?x215))) 0)))
 (let ((?x208 (* 108 x00 x00)))
 (let ((?x299 (* 9 ?x212)))
 (let ((?x139 (* 36 r00 r00 s00)))
 (let ((?x137 (* 9 s00)))
 (let ((?x197 (* 51 s00 s00)))
 (let ((?x284 (* 36 r00 r00 ?x212)))
 (let ((?x192 (* 16 s00 s00 s00)))
 (let ((?x186 (* 108 s00 x00)))
 (let ((?x177 (* 216 r00 r00 r00 s00)))
 (let ((?x175 (* 108 r00 s00 s00)))
 (let ((?x169 (* 432 r00 r00 r00 x00)))
 (let ((?x161 (* 36 r00 r00 s00 s00)))
 (let ((?x157 (- (+ (* 216 r00 s00 x00) (* 108 r00 x00)) (* 54 r00 s00))))
 (let ((?x313 (- (- (+ ?x157 (* 15 ?x212 ?x212)) (* 216 r00 r00 r00 ?x212)) ?x161)))
 (let ((?x319 (- (- (+ (- ?x313 (* 4 ?x212 ?x212 ?x212)) (* 108 ?x232 ?x232)) ?x169) (* 12 ?x212 ?x212 s00))))
 (let ((?x325 (+ (- (+ ?x319 (* 108 s00 ?x232)) ?x175) ?x177 (* 108 ?x212 x00) (* 432 r00 r00 r00 ?x232))))
 (let ((?x331 (- (+ (- ?x325 (* 66 ?x212 s00)) (* 108 r00 ?x212 s00)) ?x186)))
 (let ((?x334 (+ (- ?x331 (* 216 r00 s00 ?x232)) (* 36 r00 r00 ?x212 ?x212) ?x192)))
 (let ((?x339 (- (+ (- ?x334 (* 108 ?x212 ?x232)) ?x284 ?x197) (* 108 r00 ?x232))))
 (let ((?x346 (- (+ (- (- (+ ?x339 ?x137) ?x139) ?x299) (* 54 r00 ?x212)) (* 216 ?x232 x00))))
 (let ((?x126 (* 15 s00 s00)))
 (let ((?x124 (* 36 r00 r00 x00)))
 (let ((?x118 (* 6 s00 x00)))
 (let ((?x110 (* 2 r00 s00 s00)))
 (let ((?x102 (* 24 r00 s00)))
 (let ((?x268 (+ (- (* (- 24) ?x215 ?x212) (* 54 r00 x00)) (* 36 ?x215 r00 ?x232) ?x102 (* 3 ?x212 ?x212) (* 54 ?x215 ?x232))))
 (let ((?x274 (- (+ (- ?x268 (* 6 s00 ?x232)) (* 4 r00 ?x212 ?x212)) ?x110)))
 (let ((?x279 (- (+ (- ?x274 (* 6 ?x212 x00)) (* 12 ?x212 s00)) (* 2 r00 ?x212 s00))))
 (let ((?x285 (- (+ ?x279 ?x118 (* 2 ?x215 ?x212 ?x212) (* 6 ?x212 ?x232)) (* 4 ?x215 s00 s00))))
 (let ((?x292 (- (+ (- (- (- ?x285 ?x284) ?x124) ?x126) (* 2 ?x215 ?x212 s00)) (* 36 ?x215 r00 x00))))
 (let ((?x298 (- (+ (- (+ ?x292 (* 54 r00 ?x232)) ?x137) ?x139) (* 54 ?x215 x00))))
 (let ((?x305 (+ (- (+ ?x298 ?x299 (* 24 ?x215 s00)) (* 24 r00 ?x212)) (* 36 r00 r00 ?x232))))
 (let ((?x61 (* 12 r00 r00 r00)))
 (let ((?x59 (* 6 x00)))
 (let ((?x54 (* 6 r00 s00)))
 (let ((?x48 (* 3 r00)))
 (let ((?x225 (- (+ (* (- 2) ?x215 ?x212) (* 12 ?x215 r00 r00)) (* 3 ?x215))))
 (let ((?x234 (- (+ (- (+ (- ?x225 ?x44) ?x227 ?x48) (* 4 ?x215 s00)) ?x54) (* 6 ?x232))))
 (let (($x219 (= (- (+ (- s00 ?x212) (* 3 ?x215 ?x215)) (* 3 r00 r00)) 0)))
 (let (($x359 (or (not $x219) (not (= (- (+ ?x234 ?x59) ?x61) 0)) (not (= ?x260 0)) (not (= ?x305 0)) (not (= (+ ?x346 ?x208) 0)) (not $x357))))
 (let ((?x143 (* 9 s)))
 (let ((?x123 (* 36 r00 r00 s)))
 (let ((?x164 (- (- (+ ?x157 (* 15 s s)) (* 216 r00 r00 r00 s)) ?x161)))
 (let ((?x172 (- (- (+ (- ?x164 (* 4 s s s)) (* 108 x x)) ?x169) (* 12 s s s00))))
 (let ((?x180 (+ (- (+ ?x172 (* 108 s00 x)) ?x175) ?x177 (* 108 s x00) (* 432 r00 r00 r00 x))))
 (let ((?x188 (- (+ (- ?x180 (* 66 s s00)) (* 108 r00 s s00)) ?x186)))
 (let ((?x193 (+ (- ?x188 (* 216 r00 s00 x)) (* 36 r00 r00 s s) ?x192)))
 (let ((?x200 (- (+ (- ?x193 (* 108 s x)) ?x123 ?x197) (* 108 r00 x))))
 (let ((?x207 (- (+ (- (- (+ ?x200 ?x137) ?x139) ?x143) (* 54 r00 s)) (* 216 x x00))))
 (let ((?x105 (+ (- (* (- 24) r s) (* 54 r00 x00)) (* 36 r r00 x) ?x102 (* 3 s s) (* 54 r x))))
 (let ((?x112 (- (+ (- ?x105 (* 6 s00 x)) (* 4 r00 s s)) ?x110)))
 (let ((?x117 (- (+ (- ?x112 (* 6 s x00)) (* 12 s s00)) (* 2 r00 s s00))))
 (let ((?x127 (- (+ ?x117 ?x118 (* 2 r s s) (* 6 s x)) (* 4 r s00 s00))))
 (let ((?x134 (- (+ (- (- (- ?x127 ?x123) ?x124) ?x126) (* 2 r s s00)) (* 36 r r00 x00))))
 (let ((?x142 (- (+ (- (+ ?x134 (* 54 r00 x)) ?x137) ?x139) (* 54 r x00))))
 (let ((?x149 (+ (- (+ ?x142 ?x143 (* 24 r s00)) (* 24 r00 s)) (* 36 r00 r00 x))))
 (let ((?x47 (* 3 s)))
 (let ((?x74 (+ (- (* (- 9) r s) (* 18 r00 x00)) ?x70 (* 2 s s) (* 18 r x) (* 6 r r00 s))))
 (let ((?x80 (+ (- (- ?x74 (* 6 r00 r00 s)) ?x76) (* 18 r00 x))))
 (let ((?x88 (+ (- (+ (- ?x80 ?x44) ?x82) (* 18 r x00)) ?x47 (* 9 r s00) (* 2 s s00))))
 (let (($x93 (= (- (- ?x88 (* 9 r00 s)) (* 6 r r00 s00)) 0)))
 (let ((?x56 (* 6 x)))
 (let ((?x43 (* 3 r)))
 (let ((?x46 (- (- (+ (* (- 2) r s) (* 12 r r00 r00)) ?x43) ?x44)))
 (let ((?x60 (+ (- (+ (- (+ ?x46 ?x47 ?x48) (* 4 r s00)) ?x54) ?x56) ?x59)))
 (let (($x36 (= (- (+ (- s00 s) (* 3 r r)) (* 3 r00 r00)) 0)))
 (and $x36 (= (- ?x60 ?x61) 0) $x93 (= ?x149 0) (= (+ ?x207 ?x208) 0) $x359))))))))))))))))))))))))))))))))))))))))))))))))))))))))))))))))))))))))))))))))) :qid k!40))
 ))
 (let ((?x3522 (lambda ((r Int) (s Int) (x Int) )(let ((?x2452 (+ 1 r)))
 (let ((?x911 (* r00 s00 ?x2452)))
 (let ((?x2908 (* (- 6) ?x911)))
 (let ((?x211 (* 6 r)))
 (let ((?x2734 (+ 3 s ?x211)))
 (let ((?x1114 (* r00 ?x2734)))
 (let ((?x1655 (* (- 9) ?x1114)))
 (let ((?x1820 (* s00 ?x2734)))
 (let ((?x1821 (* 2 ?x1820)))
 (let ((?x1500 (* s00 ?x2452)))
 (let ((?x1047 (* 9 ?x1500)))
 (let ((?x3556 (* 18 r)))
 (let ((?x47 (* 3 s)))
 (let ((?x2821 (* x00 ?x2452)))
 (let ((?x2854 (* (- 18) ?x2821)))
 (let ((?x2762 (* r00 r00 s00)))
 (let ((?x2763 (* 6 ?x2762)))
 (let ((?x464 (* (- 3) s00)))
 (let ((?x364 (* (- 1) s)))
 (let ((?x1900 (+ x ?x364)))
 (let ((?x3851 (* r00 ?x1900)))
 (let ((?x3852 (* 18 ?x3851)))
 (let ((?x677 (* s00 s00)))
 (let ((?x690 (* (- 4) ?x677)))
 (let ((?x1782 (* r00 r00 ?x2734)))
 (let ((?x2786 (* (- 6) ?x1782)))
 (let ((?x424 (* r00 ?x2452 ?x2734)))
 (let ((?x425 (* 6 ?x424)))
 (let ((?x1683 (* ?x2452 ?x1900)))
 (let ((?x1684 (* 18 ?x1683)))
 (let ((?x2188 (* ?x2734 ?x2734)))
 (let ((?x3537 (* 2 ?x2188)))
 (let ((?x925 (* r00 s00)))
 (let ((?x1603 (* 9 ?x925)))
 (let ((?x608 (* r00 x00)))
 (let ((?x622 (* (- 18) ?x608)))
 (let ((?x3251 (* ?x2452 ?x2734)))
 (let ((?x2651 (* (- 9) ?x3251)))
 (let ((?x2276 (+ 9 ?x2651 ?x622 ?x1603 ?x3537 ?x1684 ?x425 ?x2786 ?x690 ?x3852 ?x464 ?x2763 ?x2854 ?x47 ?x3556 ?x1047 ?x1821 ?x1655 ?x2908)))
 (let ((?x1255 (* (+ (* (- 8) (* ?x2452 ?x1900 ?x1900 ?x2734)) (* (- 5) (* ?x2452 ?x2452))) ?x2276)))
 (let (($x2282 (not (= ?x1255 0))))
 (let ((?x1456 (* x00 x00)))
 (let ((?x3657 (* 108 ?x1456)))
 (let ((?x2187 (* (- 54) r)))
 (let ((?x2412 (* (- 9) s)))
 (let ((?x2532 (* (- 36) ?x2762)))
 (let ((?x137 (* 9 s00)))
 (let ((?x3503 (* 51 ?x677)))
 (let ((?x3432 (* 36 ?x1782)))
 (let ((?x1294 (* s00 s00 s00)))
 (let ((?x1509 (* 16 ?x1294)))
 (let ((?x901 (* s00 x00)))
 (let ((?x3557 (* (- 108) ?x901)))
 (let ((?x3058 (* 216 (* r00 r00 r00 s00))))
 (let ((?x993 (* r00 s00 s00)))
 (let ((?x2175 (* (- 108) ?x993)))
 (let ((?x1008 (* r00 r00 r00 x00)))
 (let ((?x3024 (* (- 432) ?x1008)))
 (let ((?x3893 (* (- 36) (* r00 r00 s00 s00))))
 (let ((?x2937 (* (- 54) ?x925)))
 (let ((?x1884 (* 108 ?x608)))
 (let ((?x2469 (* 216 (* r00 s00 x00))))
 (let ((?x761 (+ ?x2469 ?x1884 ?x2937 (* 15 ?x2188) (* (- 216) (* r00 r00 r00 ?x2734)) ?x3893 (* (- 4) (* ?x2734 ?x2734 ?x2734)) (* 108 (* ?x1900 ?x1900)) ?x3024 (* (- 12) (* s00 ?x2734 ?x2734)) (* 108 (* s00 ?x1900)) ?x2175 ?x3058 (* 108 (* x00 ?x2734)) (* 432 (* r00 r00 r00 ?x1900)) (* (- 66) ?x1820) (* 108 (* r00 s00 ?x2734)) ?x3557 (* (- 216) (* r00 s00 ?x1900)) (* 36 (* r00 r00 ?x2734 ?x2734)) ?x1509 (* (- 108) (* ?x1900 ?x2734)) ?x3432 ?x3503 (* (- 108) ?x3851) ?x137 ?x2532 ?x2412 ?x2187 (* 54 ?x1114) (* (- 216) (* x00 ?x1900)) ?x3657)))
 (let (($x767 (not (= ?x761 27))))
 (let ((?x143 (* 9 s)))
 (let ((?x2334 (* 36 ?x2762)))
 (let ((?x1083 (* (- 9) s00)))
 (let ((?x1012 (* (- 15) ?x677)))
 (let ((?x973 (* r00 r00 x00)))
 (let ((?x986 (* (- 36) ?x973)))
 (let ((?x902 (* 6 ?x901)))
 (let ((?x3655 (* (- 2) ?x993)))
 (let ((?x3000 (* 24 ?x925)))
 (let ((?x645 (* (- 54) ?x608)))
 (let ((?x1379 (+ (* (- 24) ?x3251) ?x645 (* 36 (* r00 ?x2452 ?x1900)) ?x3000 (* 3 ?x2188) (* 54 ?x1683) (* (- 6) (* s00 ?x1900)) (* 4 (* r00 ?x2734 ?x2734)) ?x3655 (* (- 6) (* x00 ?x2734)) (* 12 ?x1820) (* (- 2) (* r00 s00 ?x2734)) ?x902 (* 2 (* ?x2452 ?x2734 ?x2734)) (* 6 (* ?x1900 ?x2734)) (* (- 4) (* s00 s00 ?x2452)) (* (- 36) ?x1782) ?x986 ?x1012 (* 2 (* s00 ?x2452 ?x2734)) (* (- 36) (* r00 x00 ?x2452)) (* 54 ?x3851) ?x1083 ?x2334 (* (- 54) ?x2821) ?x143 (* 54 r) (* 24 ?x1500) (* (- 24) ?x1114) (* 36 (* r00 r00 ?x1900)))))
 (let ((?x2285 (+ ?x2651 ?x622 ?x1603 ?x3537 ?x1684 ?x425 ?x2786 ?x690 ?x3852 ?x464 ?x2763 ?x2854 ?x47 ?x3556 ?x1047 ?x1821 ?x1655 ?x2908)))
 (let ((?x555 (* r00 r00 r00)))
 (let ((?x569 (* (- 12) ?x555)))
 (let ((?x59 (* 6 x00)))
 (let ((?x534 (* (- 6) x)))
 (let ((?x945 (* 6 ?x925)))
 (let ((?x48 (* 3 r00)))
 (let ((?x3832 (+ (* (- 2) ?x3251) (* 12 (* r00 r00 ?x2452)) (* 15 r) ?x464 ?x143 ?x48 (* (- 4) ?x1500) ?x945 ?x534 ?x59 ?x569)))
 (let ((?x385 (* r00 r00)))
 (let ((?x2267 (* (- 3) ?x385)))
 (let (($x2299 (= (+ s00 ?x364 (* (- 6) r) (* 3 (* ?x2452 ?x2452)) ?x2267) 3)))
 (let (($x1159 (not $x2299)))
 (let (($x2497 (or $x1159 (not (= ?x3832 (- 6))) (not (= ?x2285 (- 9))) (not (= ?x1379 (- 27))) $x767 $x2282)))
 (let ((?x1874 (* r00 r00 s)))
 (let ((?x2476 (* 36 ?x1874)))
 (let ((?x2810 (+ ?x2469 ?x1884 ?x2937 (* 15 (* s s)) (* (- 216) (* r00 r00 r00 s)) ?x3893 (* (- 4) (* s s s)) (* 108 (* x x)) ?x3024 (* (- 12) (* s00 s s)) (* 108 (* s00 x)) ?x2175 ?x3058 (* 108 (* x00 s)) (* 432 (* r00 r00 r00 x)) (* (- 66) (* s00 s)) (* 108 (* r00 s00 s)) ?x3557 (* (- 216) (* r00 s00 x)) (* 36 (* r00 r00 s s)) ?x1509 (* (- 108) (* x s)) ?x2476 ?x3503 (* (- 108) (* r00 x)) ?x137 ?x2532 ?x2412 (* 54 (* r00 s)) (* (- 216) (* x00 x)) ?x3657)))
 (let (($x837 (= ?x2810 0)))
 (let ((?x2803 (* (- 36) ?x1874)))
 (let ((?x631 (* s s)))
 (let ((?x663 (* 3 ?x631)))
 (let ((?x3015 (+ (* (- 24) (* s r)) ?x645 (* 36 (* r00 x r)) ?x3000 ?x663 (* 54 (* x r)) (* (- 6) (* s00 x)) (* 4 (* r00 s s)) ?x3655 (* (- 6) (* x00 s)) (* 12 (* s00 s)) (* (- 2) (* r00 s00 s)) ?x902 (* 2 (* s s r)) (* 6 (* x s)) (* (- 4) (* s00 s00 r)) ?x2803 ?x986 ?x1012 (* 2 (* s00 s r)) (* (- 36) (* r00 x00 r)) (* 54 (* r00 x)) ?x1083 ?x2334 (* (- 54) (* x00 r)) ?x143 (* 24 (* s00 r)) (* (- 24) (* r00 s)) (* 36 (* r00 r00 x)))))
 (let ((?x1945 (* r00 x)))
 (let ((?x1946 (* 18 ?x1945)))
 (let ((?x632 (* 2 ?x631)))
 (let ((?x1518 (+ (* (- 9) (* s r)) ?x622 ?x1603 ?x632 (* 18 (* x r)) (* 6 (* r00 s r)) (* (- 6) ?x1874) ?x690 ?x1946 ?x464 ?x2763 (* (- 18) (* x00 r)) ?x47 (* 9 (* s00 r)) (* 2 (* s00 s)) (* (- 9) (* r00 s)) (* (- 6) (* r00 s00 r)))))
 (let ((?x3073 (+ (* (- 2) (* s r)) (* 12 (* r00 r00 r)) (* (- 3) r) ?x464 ?x47 ?x48 (* (- 4) (* s00 r)) ?x945 ?x534 ?x59 ?x569)))
 (let (($x3308 (= (+ s00 ?x364 (* 3 (* r r)) ?x2267) 0)))
 (let (($x2283 (and $x3308 (= ?x3073 0) (= ?x1518 0) (= ?x3015 0) $x837 $x2497)))
 (let ((?x232 (- x s)))
 (let ((?x212 (+ s ?x211 3)))
 (let ((?x215 (+ r 1)))
 (let ((?x227 (* 3 ?x212)))
 (let ((?x82 (* 6 r00 r00 s00)))
 (let ((?x44 (* 3 s00)))
 (let ((?x76 (* 4 s00 s00)))
 (let ((?x70 (* 9 r00 s00)))
 (let ((?x244 (+ (- (* (- 9) ?x215 ?x212) (* 18 r00 x00)) ?x70 (* 2 ?x212 ?x212) (* 18 ?x215 ?x232) (* 6 ?x215 r00 ?x212))))
 (let ((?x249 (+ (- (- ?x244 (* 6 r00 r00 ?x212)) ?x76) (* 18 r00 ?x232))))
 (let ((?x256 (+ (- (+ (- ?x249 ?x44) ?x82) (* 18 ?x215 x00)) ?x227 (* 9 ?x215 s00) (* 2 ?x212 s00))))
 (let ((?x260 (- (- ?x256 (* 9 r00 ?x212)) (* 6 ?x215 r00 s00))))
 (let (($x357 (= (* ?x260 (- (* (- 8) ?x215 ?x212 ?x232 ?x232) (* 5 ?x215 ?x215))) 0)))
 (let ((?x208 (* 108 x00 x00)))
 (let ((?x299 (* 9 ?x212)))
 (let ((?x139 (* 36 r00 r00 s00)))
 (let ((?x197 (* 51 s00 s00)))
 (let ((?x284 (* 36 r00 r00 ?x212)))
 (let ((?x192 (* 16 s00 s00 s00)))
 (let ((?x186 (* 108 s00 x00)))
 (let ((?x177 (* 216 r00 r00 r00 s00)))
 (let ((?x175 (* 108 r00 s00 s00)))
 (let ((?x169 (* 432 r00 r00 r00 x00)))
 (let ((?x161 (* 36 r00 r00 s00 s00)))
 (let ((?x157 (- (+ (* 216 r00 s00 x00) (* 108 r00 x00)) (* 54 r00 s00))))
 (let ((?x313 (- (- (+ ?x157 (* 15 ?x212 ?x212)) (* 216 r00 r00 r00 ?x212)) ?x161)))
 (let ((?x319 (- (- (+ (- ?x313 (* 4 ?x212 ?x212 ?x212)) (* 108 ?x232 ?x232)) ?x169) (* 12 ?x212 ?x212 s00))))
 (let ((?x325 (+ (- (+ ?x319 (* 108 s00 ?x232)) ?x175) ?x177 (* 108 ?x212 x00) (* 432 r00 r00 r00 ?x232))))
 (let ((?x331 (- (+ (- ?x325 (* 66 ?x212 s00)) (* 108 r00 ?x212 s00)) ?x186)))
 (let ((?x334 (+ (- ?x331 (* 216 r00 s00 ?x232)) (* 36 r00 r00 ?x212 ?x212) ?x192)))
 (let ((?x339 (- (+ (- ?x334 (* 108 ?x212 ?x232)) ?x284 ?x197) (* 108 r00 ?x232))))
 (let ((?x346 (- (+ (- (- (+ ?x339 ?x137) ?x139) ?x299) (* 54 r00 ?x212)) (* 216 ?x232 x00))))
 (let ((?x126 (* 15 s00 s00)))
 (let ((?x124 (* 36 r00 r00 x00)))
 (let ((?x118 (* 6 s00 x00)))
 (let ((?x110 (* 2 r00 s00 s00)))
 (let ((?x102 (* 24 r00 s00)))
 (let ((?x268 (+ (- (* (- 24) ?x215 ?x212) (* 54 r00 x00)) (* 36 ?x215 r00 ?x232) ?x102 (* 3 ?x212 ?x212) (* 54 ?x215 ?x232))))
 (let ((?x274 (- (+ (- ?x268 (* 6 s00 ?x232)) (* 4 r00 ?x212 ?x212)) ?x110)))
 (let ((?x279 (- (+ (- ?x274 (* 6 ?x212 x00)) (* 12 ?x212 s00)) (* 2 r00 ?x212 s00))))
 (let ((?x285 (- (+ ?x279 ?x118 (* 2 ?x215 ?x212 ?x212) (* 6 ?x212 ?x232)) (* 4 ?x215 s00 s00))))
 (let ((?x292 (- (+ (- (- (- ?x285 ?x284) ?x124) ?x126) (* 2 ?x215 ?x212 s00)) (* 36 ?x215 r00 x00))))
 (let ((?x298 (- (+ (- (+ ?x292 (* 54 r00 ?x232)) ?x137) ?x139) (* 54 ?x215 x00))))
 (let ((?x305 (+ (- (+ ?x298 ?x299 (* 24 ?x215 s00)) (* 24 r00 ?x212)) (* 36 r00 r00 ?x232))))
 (let ((?x61 (* 12 r00 r00 r00)))
 (let ((?x54 (* 6 r00 s00)))
 (let ((?x225 (- (+ (* (- 2) ?x215 ?x212) (* 12 ?x215 r00 r00)) (* 3 ?x215))))
 (let ((?x234 (- (+ (- (+ (- ?x225 ?x44) ?x227 ?x48) (* 4 ?x215 s00)) ?x54) (* 6 ?x232))))
 (let (($x219 (= (- (+ (- s00 ?x212) (* 3 ?x215 ?x215)) (* 3 r00 r00)) 0)))
 (let (($x359 (or (not $x219) (not (= (- (+ ?x234 ?x59) ?x61) 0)) (not (= ?x260 0)) (not (= ?x305 0)) (not (= (+ ?x346 ?x208) 0)) (not $x357))))
 (let ((?x123 (* 36 r00 r00 s)))
 (let ((?x164 (- (- (+ ?x157 (* 15 s s)) (* 216 r00 r00 r00 s)) ?x161)))
 (let ((?x172 (- (- (+ (- ?x164 (* 4 s s s)) (* 108 x x)) ?x169) (* 12 s s s00))))
 (let ((?x180 (+ (- (+ ?x172 (* 108 s00 x)) ?x175) ?x177 (* 108 s x00) (* 432 r00 r00 r00 x))))
 (let ((?x188 (- (+ (- ?x180 (* 66 s s00)) (* 108 r00 s s00)) ?x186)))
 (let ((?x193 (+ (- ?x188 (* 216 r00 s00 x)) (* 36 r00 r00 s s) ?x192)))
 (let ((?x200 (- (+ (- ?x193 (* 108 s x)) ?x123 ?x197) (* 108 r00 x))))
 (let ((?x207 (- (+ (- (- (+ ?x200 ?x137) ?x139) ?x143) (* 54 r00 s)) (* 216 x x00))))
 (let ((?x105 (+ (- (* (- 24) r s) (* 54 r00 x00)) (* 36 r r00 x) ?x102 (* 3 s s) (* 54 r x))))
 (let ((?x112 (- (+ (- ?x105 (* 6 s00 x)) (* 4 r00 s s)) ?x110)))
 (let ((?x117 (- (+ (- ?x112 (* 6 s x00)) (* 12 s s00)) (* 2 r00 s s00))))
 (let ((?x127 (- (+ ?x117 ?x118 (* 2 r s s) (* 6 s x)) (* 4 r s00 s00))))
 (let ((?x134 (- (+ (- (- (- ?x127 ?x123) ?x124) ?x126) (* 2 r s s00)) (* 36 r r00 x00))))
 (let ((?x142 (- (+ (- (+ ?x134 (* 54 r00 x)) ?x137) ?x139) (* 54 r x00))))
 (let ((?x149 (+ (- (+ ?x142 ?x143 (* 24 r s00)) (* 24 r00 s)) (* 36 r00 r00 x))))
 (let ((?x74 (+ (- (* (- 9) r s) (* 18 r00 x00)) ?x70 (* 2 s s) (* 18 r x) (* 6 r r00 s))))
 (let ((?x80 (+ (- (- ?x74 (* 6 r00 r00 s)) ?x76) (* 18 r00 x))))
 (let ((?x88 (+ (- (+ (- ?x80 ?x44) ?x82) (* 18 r x00)) ?x47 (* 9 r s00) (* 2 s s00))))
 (let (($x93 (= (- (- ?x88 (* 9 r00 s)) (* 6 r r00 s00)) 0)))
 (let ((?x56 (* 6 x)))
 (let ((?x43 (* 3 r)))
 (let ((?x46 (- (- (+ (* (- 2) r s) (* 12 r r00 r00)) ?x43) ?x44)))
 (let ((?x60 (+ (- (+ (- (+ ?x46 ?x47 ?x48) (* 4 r s00)) ?x54) ?x56) ?x59)))
 (let (($x36 (= (- (+ (- s00 s) (* 3 r r)) (* 3 r00 r00)) 0)))
 (let (($x360 (and $x36 (= (- ?x60 ?x61) 0) $x93 (= ?x149 0) (= (+ ?x207 ?x208) 0) $x359)))
 (rewrite (= $x360 $x2283)))))))))))))))))))))))))))))))))))))))))))))))))))))))))))))))))))))))))))))))))))))))))))))))))))))))))))))))))))))))))))))))))))))))))))))))))))))))))))))))))))))))))))))))))))))
 ))
 (let ((@x362 (asserted $x361)))
 (let ((@x672 (mp (mp @x362 (quant-intro (proof-bind ?x3522) (= $x361 $x1077)) $x1077) (rewrite (= $x1077 $x1077)) $x1077)))
 (let ((@x3767 (mp (mp @x672 (quant-intro (proof-bind ?x2306) (= $x1077 $x2477)) $x2477) (quant-intro (proof-bind ?x2044) (= $x2477 $x2040)) $x2040)))
 (let ((@x2387 (mp (mp~ @x3767 (sk (~ $x2040 $x3004)) $x3004) (rewrite (= $x3004 $x3856)) $x3856)))
 (let ((@x2020 (and-elim @x2387 $x2624)))
 (let ((@x3094 (unit-resolution ((_ th-lemma arith triangle-eq) (or $x1644 $x1328)) @x2020 $x1328)))
 (let (($x1567 (>= ?x971 0)))
 (let ((@x2026 (unit-resolution ((_ th-lemma arith triangle-eq) (or $x1644 $x1567)) @x2020 $x1567)))
 (let (($x1833 (<= ?x3774 0)))
 (let ((@x3719 (and-elim @x2387 $x694)))
 (let ((@x2999 (unit-resolution ((_ th-lemma arith triangle-eq) (or (not $x694) $x1833)) @x3719 $x1833)))
 (let (($x1904 (>= ?x3774 0)))
 (let ((@x2192 (unit-resolution ((_ th-lemma arith triangle-eq) (or (not $x694) $x1904)) @x3719 $x1904)))
 (let (($x2700 (<= ?x3473 0)))
 (let ((@x3319 (and-elim @x2387 $x3450)))
 (let ((@x3109 (unit-resolution ((_ th-lemma arith triangle-eq) (or (not $x3450) $x2700)) @x3319 $x2700)))
 (let (($x794 (>= ?x3473 0)))
 (let ((@x2771 (unit-resolution ((_ th-lemma arith triangle-eq) (or (not $x3450) $x794)) @x3319 $x794)))
 (let (($x1669 (<= ?x1606 0)))
 (let (($x806 (<= ?x2963 0)))
 (let ((@x2688 (and-elim @x2387 $x2964)))
 (let ((@x3724 (unit-resolution ((_ th-lemma arith triangle-eq) (or (not $x2964) $x806)) @x2688 $x806)))
 (let (($x2906 (>= ?x2963 0)))
 (let ((@x3726 (unit-resolution ((_ th-lemma arith triangle-eq) (or (not $x2964) $x2906)) @x2688 $x2906)))
 (let ((@x1252 ((_ th-lemma arith) (hypothesis (not $x1669)) @x2026 @x3094 @x3726 @x3724 @x2026 @x3094 @x2771 @x3109 @x2771 @x3109 @x3726 @x3724 @x3726 @x3724 @x2771 @x3109 @x2026 @x3094 @x2192 @x2999 false)))
 (let ((@x814 (lemma @x1252 $x1669)))
 (let (($x3107 (>= ?x1606 0)))
 (let ((@x2645 ((_ th-lemma arith) (hypothesis (not $x3107)) @x2026 @x3094 @x3726 @x3724 @x2771 @x3109 @x3726 @x3724 @x2771 @x3109 @x2026 @x3094 @x2192 @x2999 false)))
 (let ((@x2875 (lemma @x2645 $x3107)))
 (let (($x2482 (<= ?x1759 0)))
 (let ((@x3610 ((_ th-lemma arith) (hypothesis (not $x2482)) @x2026 @x3094 @x3726 @x3724 @x2771 @x3109 @x2026 @x3094 @x2875 @x814 false)))
 (let ((@x3284 (lemma @x3610 $x2482)))
 (let (($x1362 (>= ?x1759 0)))
 (let ((@x2249 ((_ th-lemma arith) (hypothesis (not $x1362)) @x2026 @x3094 @x3726 @x3724 @x2771 @x3109 @x2026 @x3094 @x2875 @x814 false)))
 (let ((@x2281 (lemma @x2249 $x1362)))
 (let (($x666 (<= ?x1125 0)))
 (let ((@x3720 (and-elim @x2387 $x1126)))
 (let ((@x3069 (unit-resolution ((_ th-lemma arith triangle-eq) (or (not $x1126) $x666)) @x3720 $x666)))
 (let (($x1952 (>= ?x1125 0)))
 (let ((@x3483 (unit-resolution ((_ th-lemma arith triangle-eq) (or (not $x1126) $x1952)) @x3720 $x1952)))
 (let (($x2604 (not (>= ?x3805 0))))
 (let ((@x3128 (unit-resolution ((_ th-lemma arith triangle-eq) (or $x1099 (not $x2482) (not $x1362))) @x2281 (or $x1099 (not $x2482)))))
 (let ((@x2558 (unit-resolution ((_ th-lemma arith triangle-eq) (or $x2559 (not $x1669) (not $x3107))) @x2875 (or $x2559 (not $x1669)))))
 (let ((@x472 (unit-resolution (hypothesis $x3579) ((_ th-lemma arith eq-propagate -4 -4 -1 -1) @x2026 @x3094 @x2192 @x2999 $x3039) false)))
 (let ((@x692 (unit-resolution (and-elim @x2387 $x2386) @x2020 (or $x3579 $x2565 $x2566 $x1101 $x3826))))
 (let ((@x1975 (unit-resolution (unit-resolution @x692 (lemma @x472 $x3039) (or $x2565 $x2566 $x1101 $x3826)) (unit-resolution @x2558 @x814 $x2559) ((_ th-lemma arith eq-propagate 0 0 0 0) @x2875 @x814 @x2875 @x814 $x1531) (or $x2566 $x1101))))
 (let (($x1358 (<= ?x3805 0)))
 (let ((@x1609 ((_ th-lemma arith) (hypothesis (not $x1358)) @x2026 @x3094 @x2771 @x3109 @x2771 @x3109 @x3726 @x3724 @x3483 @x3069 @x3726 @x3724 @x2026 @x3094 @x2026 @x3094 @x2192 @x2999 @x3483 @x3069 @x3726 @x3724 @x2771 @x3109 @x2192 @x2999 @x2026 @x3094 false)))
 (let ((@x2301 (unit-resolution ((_ th-lemma arith triangle-eq) (or $x626 (not $x1358) $x2604)) (lemma @x1609 $x1358) (or $x626 $x2604))))
 (let ((@x2873 (unit-resolution @x2301 (unit-resolution @x1975 (unit-resolution @x3128 @x3284 $x1099) $x1101) $x2604)))
 ((_ th-lemma arith) @x2873 @x2026 @x3094 @x3483 @x3069 @x2192 @x2999 @x2875 @x814 @x2771 @x3109 @x3726 @x3724 @x3726 @x3724 @x2281 @x3284 @x2771 @x3109 @x3726 @x3724 @x2281 @x3284 @x2875 @x814 @x2771 @x3109 @x2192 @x2999 @x2026 @x3094 false)))))))))))))))))))))))))))))))))))))))))))))))))))))))))))))))))))))))))))))))))))))))))))))))))))))))))))))))))))))))))))))))))))))))))))))))))))))))))))))))))))))))))))))))))))))))))))))))))))))))))))))))))))))))))))))))))))))))))))))))))))))))))))))))))))))))))))))))))))

(:added-eqs                 13
 :arith-assert-diseq        14
 :arith-assert-lower        90
 :arith-assert-upper        53
 :arith-branch-var          2
 :arith-conflicts           6
 :arith-eq-adapter          10
 :arith-fixed-eqs           3
 :arith-gcd-tests           43
 :arith-grobner             6
 :arith-ineq-splits         2
 :arith-max-min             1802
 :arith-nonlinear-bounds    73
 :arith-nonlinear-horner    49
 :arith-num-rows            10
 :arith-patches             13
 :arith-patches_succ        10
 :arith-pivots              12
 :arith-pseudo-nonlinear    2
 :arith-row-summations      35
 :arith-tableau-max-columns 155
 :arith-tableau-max-rows    10
 :conflicts                 7
 :decisions                 48
 :del-clause                31
 :final-checks              16
 :max-memory                4.96
 :memory                    3.58
 :mk-bool-var               60
 :mk-clause                 36
 :num-allocs                50468756
 :num-checks                1
 :propagations              53
 :rlimit-count              662608
 :time                      0.41
 :total-time                0.43)
