unsat
((set-logic NIA)
(declare-fun s!1 () Int)
(declare-fun r!2 () Int)
(declare-fun x!0 () Int)
(proof
(let ((?x2692 (* (- 3) s!1)))
 (let ((?x3302 (* s00 r!2)))
 (let ((?x3596 (* 4 ?x3302)))
 (let ((?x2690 (* 3 r!2)))
 (let ((?x3025 (* r!2 s!1)))
 (let ((?x3030 (* 2 ?x3025)))
 (let ((?x2227 (* 6 x!0)))
 (let ((?x613 (* r00 r00 r!2)))
 (let ((?x3294 (* (- 12) ?x613)))
 (let ((?x550 (* r00 r00 r00)))
 (let ((?x551 (* 12 ?x550)))
 (let ((?x507 (* s00 r00)))
 (let ((?x585 (* (- 6) ?x507)))
 (let ((?x582 (* (- 6) x00)))
 (let ((?x581 (* (- 3) r00)))
 (let ((?x44 (* 3 s00)))
 (let ((?x2077 (+ ?x44 ?x581 ?x582 ?x585 ?x551 ?x3294 ?x2227 ?x3030 ?x2690 ?x3596 ?x2692)))
 (let (($x2932 (<= ?x2077 0)))
 (let (($x3020 (= ?x2077 0)))
 (let ((?x558 (* 7 s!1)))
 (let ((?x3259 (* r!2 r!2)))
 (let ((?x3544 (* (- 12) ?x3259)))
 (let ((?x2545 (* (- 3) r!2)))
 (let ((?x2193 (* (- 2) ?x3025)))
 (let ((?x2718 (* (- 6) x!0)))
 (let ((?x564 (* (- 12) ?x550)))
 (let ((?x508 (* 6 ?x507)))
 (let ((?x380 (* r00 r00)))
 (let ((?x1586 (* 12 ?x380)))
 (let ((?x59 (* 6 x00)))
 (let ((?x48 (* 3 r00)))
 (let ((?x1728 (* (- 7) s00)))
 (let ((?x2669 (+ ?x1728 ?x48 ?x59 ?x1586 ?x508 ?x564 (* 12 ?x613) ?x2718 ?x2193 ?x2545 ?x3544 (* (- 4) ?x3302) ?x558)))
 (let ((?x1612 (+ 3 (* 6 r!2) s!1)))
 (let ((?x3558 (* ?x1612 ?x1612 ?x2669)))
 (let (($x3686 (= ?x3558 0)))
 (let (($x2209 (not $x3686)))
 (let ((?x3284 (* (- 297) s!1)))
 (let ((?x3834 (* r!2 r!2 s!1)))
 (let ((?x695 (* 432 ?x3834)))
 (let ((?x3735 (* x!0 x!0)))
 (let ((?x3737 (* (- 108) ?x3735)))
 (let ((?x3496 (* r!2 r!2 r!2)))
 (let ((?x693 (* 864 ?x3496)))
 (let ((?x3305 (* 756 ?x3259)))
 (let ((?x2841 (* 162 r!2)))
 (let ((?x1877 (* (- 396) ?x3025)))
 (let ((?x2970 (* s!1 s!1)))
 (let ((?x777 (* (- 195) ?x2970)))
 (let ((?x3303 (* 324 x!0)))
 (let ((?x1451 (* x00 x00)))
 (let ((?x1481 (* (- 108) ?x1451)))
 (let ((?x1414 (* r!2 s!1 s!1)))
 (let ((?x3614 (* 72 ?x1414)))
 (let ((?x1289 (* s00 s00 s00)))
 (let ((?x1480 (* (- 16) ?x1289)))
 (let ((?x1177 (* s00 r00 r00 r00)))
 (let ((?x1476 (* (- 216) ?x1177)))
 (let ((?x1003 (* r00 r00 r00 x00)))
 (let ((?x1004 (* 432 ?x1003)))
 (let ((?x896 (* s00 x00)))
 (let ((?x1234 (* 108 ?x896)))
 (let ((?x860 (* s00 s00 r00 r00)))
 (let ((?x861 (* 36 ?x860)))
 (let ((?x818 (* s!1 s!1 s!1)))
 (let ((?x832 (* 4 ?x818)))
 (let ((?x773 (* s00 s00 r00)))
 (let ((?x1131 (* 108 ?x773)))
 (let ((?x728 (* s00 r00 r00)))
 (let ((?x1091 (* 36 ?x728)))
 (let ((?x672 (* s00 s00)))
 (let ((?x1470 (* (- 51) ?x672)))
 (let ((?x603 (* r00 x00)))
 (let ((?x1467 (* (- 108) ?x603)))
 (let ((?x599 (* s00 r00 x00)))
 (let ((?x1466 (* (- 216) ?x599)))
 (let ((?x3944 (* 648 ?x550)))
 (let ((?x2146 (* (- 270) ?x507)))
 (let ((?x890 (* (- 432) ?x380)))
 (let ((?x3938 (* (- 324) x00)))
 (let ((?x887 (* (- 162) r00)))
 (let ((?x3937 (* 297 s00)))
 (let ((?x989 (+ ?x3937 ?x887 ?x3938 ?x890 (* (- 252) (* r00 r00 s!1)) (* (- 36) (* r00 r00 s!1 s!1)) ?x2146 ?x3944 ?x1466 ?x1467 (* (- 1512) ?x613) ?x1470 ?x1091 ?x1131 ?x832 ?x861 ?x1234 (* 12 (* s00 s!1 s!1)) ?x1004 (* 648 (* x!0 r!2)) (* 108 (* r00 x!0)) ?x1476 ?x1480 ?x3614 ?x1481 (* (- 108) (* s00 x!0)) (* 648 (* r00 r00 r00 s!1)) (* (- 648) (* x00 r!2)) ?x3303 (* 1296 (* r00 r00 r00 r!2)) (* 246 (* s00 s!1)) (* (- 648) (* s00 r00 r!2)) (* (- 324) (* s00 r00 s!1)) (* (- 324) (* r00 r!2)) (* (- 162) (* r00 s!1)) (* (- 1296) (* r00 r00 r!2 r!2)) (* (- 432) (* r00 r00 r!2 s!1)) (* 324 (* x!0 s!1)) (* (- 432) (* r00 r00 r00 x!0)) (* 216 (* s00 r00 x!0)) (* 216 (* x00 x!0)) ?x777 ?x1877 (* 432 (* s00 r!2 r!2)) ?x2841 ?x3305 (* 828 ?x3302) ?x693 (* 144 (* s00 r!2 s!1)) ?x3737 ?x695 ?x3284 (* (- 324) (* x00 s!1)))))
 (let (($x944 (= ?x989 0)))
 (let (($x3391 (not $x944)))
 (let ((?x2546 (* (- 57) s!1)))
 (let ((?x2407 (* 24 ?x3834)))
 (let ((?x2883 (* 72 ?x3496)))
 (let ((?x2634 (* 108 ?x3259)))
 (let ((?x3599 (* 36 r!2)))
 (let ((?x2635 (* (- 42) ?x3025)))
 (let ((?x3830 (* (- 1) ?x2970)))
 (let ((?x2623 (* 72 x!0)))
 (let ((?x2428 (* 2 ?x1414)))
 (let ((?x968 (* r00 r00 x00)))
 (let ((?x981 (* (- 36) ?x968)))
 (let ((?x897 (* 6 ?x896)))
 (let ((?x791 (* (- 2) ?x773)))
 (let ((?x2228 (* (- 19) ?x672)))
 (let ((?x2217 (* (- 90) ?x603)))
 (let ((?x2216 (* 18 ?x507)))
 (let ((?x2203 (* (- 108) ?x380)))
 (let ((?x2904 (* (- 72) x00)))
 (let ((?x3309 (* (- 36) r00)))
 (let ((?x2893 (* 57 s00)))
 (let ((?x2218 (+ ?x2893 ?x3309 ?x2904 ?x2203 (* (- 72) (* r00 r00 s!1)) ?x2216 ?x2217 (* (- 216) ?x613) ?x2228 ?x1091 ?x791 ?x897 ?x981 (* 144 (* r00 r!2 r!2)) (* 90 (* x!0 r!2)) (* 90 (* r00 x!0)) (* 12 (* r00 r!2 s!1)) ?x2428 (* (- 6) (* s00 x!0)) (* (- 90) (* x00 r!2)) ?x2623 (* 20 (* s00 s!1)) (* (- 12) (* s00 r00 r!2)) (* (- 2) (* s00 r00 s!1)) (* (- 90) (* r00 s!1)) (* 36 (* r00 x!0 r!2)) (* (- 4) (* s00 s00 r!2)) (* (- 36) (* r00 x00 r!2)) (* 36 (* r00 r00 x!0)) (* 6 (* x!0 s!1)) (* 4 (* r00 s!1 s!1)) ?x3830 ?x2635 (* 12 (* s00 r!2 r!2)) ?x3599 ?x2634 (* 114 ?x3302) ?x2883 (* 2 (* s00 r!2 s!1)) ?x2407 ?x2546 (* (- 6) (* x00 s!1)))))
 (let (($x2236 (= ?x2218 0)))
 (let (($x3036 (not $x2236)))
 (let ((?x1220 (* (- 12) s!1)))
 (let ((?x1630 (* 18 ?x3259)))
 (let ((?x1204 (* 9 r!2)))
 (let ((?x2829 (* (- 3) ?x3025)))
 (let ((?x2968 (* 2 ?x2970)))
 (let ((?x1629 (* 18 x!0)))
 (let ((?x729 (* 6 ?x728)))
 (let ((?x685 (* (- 4) ?x672)))
 (let ((?x617 (* (- 18) ?x603)))
 (let ((?x3183 (* 3 ?x507)))
 (let ((?x3178 (* (- 18) ?x380)))
 (let ((?x3168 (* (- 18) x00)))
 (let ((?x3169 (* (- 9) r00)))
 (let ((?x3073 (* 12 s00)))
 (let ((?x3026 (+ ?x3073 ?x3169 ?x3168 ?x3178 (* (- 6) (* r00 r00 s!1)) ?x3183 ?x617 (* (- 36) ?x613) ?x685 ?x729 (* 36 (* r00 r!2 r!2)) (* 18 (* x!0 r!2)) (* 18 (* r00 x!0)) (* 6 (* r00 r!2 s!1)) (* (- 18) (* x00 r!2)) ?x1629 (* 2 (* s00 s!1)) (* (- 6) (* s00 r00 r!2)) (* (- 21) (* r00 s!1)) ?x2968 ?x2829 ?x1204 ?x1630 (* 21 ?x3302) ?x1220)))
 (let (($x3018 (= ?x3026 0)))
 (let (($x2010 (not $x3018)))
 (let ((?x1192 (* (- 7) s!1)))
 (let ((?x1218 (* 12 ?x3259)))
 (let ((?x2435 (* (- 12) ?x380)))
 (let ((?x3580 (* 7 s00)))
 (let ((?x1084 (+ ?x3580 ?x581 ?x582 ?x2435 ?x585 ?x551 ?x3294 ?x2227 ?x3030 ?x2690 ?x1218 ?x3596 ?x1192)))
 (let (($x1010 (= ?x1084 0)))
 (let (($x2969 (not $x1010)))
 (let ((?x1929 (* (- 3) ?x380)))
 (let ((?x625 (+ s00 ?x1929 (* 3 ?x3259) (* (- 1) s!1))))
 (let (($x1092 (= ?x625 0)))
 (let (($x3161 (not $x1092)))
 (let (($x3001 (or $x3161 $x2969 $x2010 $x3036 $x3391 $x2209)))
 (let ((?x3708 (* (- 9) s!1)))
 (let ((?x2742 (* 108 ?x1451)))
 (let ((?x2730 (* 16 ?x1289)))
 (let ((?x1868 (* (- 432) ?x1003)))
 (let ((?x2259 (* (- 108) ?x896)))
 (let ((?x1379 (* (- 36) ?x728)))
 (let ((?x3490 (* 51 ?x672)))
 (let ((?x1995 (* 108 ?x603)))
 (let ((?x387 (* r00 r00 s!1)))
 (let ((?x3688 (* 36 ?x387)))
 (let ((?x137 (* 9 s00)))
 (let ((?x1871 (+ ?x137 ?x3688 (* 36 (* r00 r00 s!1 s!1)) (* (- 54) ?x507) (* 216 ?x599) ?x1995 ?x3490 ?x1379 (* (- 108) ?x773) (* (- 4) ?x818) (* (- 36) ?x860) ?x2259 (* (- 12) (* s00 s!1 s!1)) ?x1868 (* (- 108) (* r00 x!0)) (* 216 ?x1177) ?x2730 ?x2742 (* 108 (* s00 x!0)) (* (- 216) (* r00 r00 r00 s!1)) (* (- 66) (* s00 s!1)) (* 108 (* s00 r00 s!1)) (* 54 (* r00 s!1)) (* (- 108) (* x!0 s!1)) (* 432 (* r00 r00 r00 x!0)) (* (- 216) (* s00 r00 x!0)) (* (- 216) (* x00 x!0)) (* 15 ?x2970) (* 108 ?x3735) ?x3708 (* 108 (* x00 s!1)))))
 (let (($x1903 (= ?x1871 0)))
 (let ((?x969 (* 36 ?x968)))
 (let ((?x3106 (* (- 6) ?x896)))
 (let ((?x774 (* 2 ?x773)))
 (let ((?x2784 (* 15 ?x672)))
 (let ((?x2702 (* 54 ?x603)))
 (let ((?x3710 (+ ?x137 ?x3688 (* (- 24) ?x507) ?x2702 ?x2784 ?x1379 ?x774 ?x3106 ?x969 (* (- 54) (* x!0 r!2)) (* (- 54) (* r00 x!0)) (* (- 2) ?x1414) (* 6 (* s00 x!0)) (* 54 (* x00 r!2)) (* (- 12) (* s00 s!1)) (* 2 (* s00 r00 s!1)) (* 24 (* r00 s!1)) (* (- 36) (* r00 x!0 r!2)) (* 4 (* s00 s00 r!2)) (* 36 (* r00 x00 r!2)) (* (- 36) (* r00 r00 x!0)) (* (- 6) (* x!0 s!1)) (* (- 4) (* r00 s!1 s!1)) (* (- 3) ?x2970) (* 24 ?x3025) (* (- 24) ?x3302) (* (- 2) (* s00 r!2 s!1)) ?x3708 (* 6 (* x00 s!1)))))
 (let (($x3711 (= ?x3710 0)))
 (let ((?x2324 (* (- 6) ?x728)))
 (let ((?x673 (* 4 ?x672)))
 (let ((?x604 (* 18 ?x603)))
 (let ((?x1911 (+ ?x44 (* 6 ?x387) (* (- 9) ?x507) ?x604 ?x673 ?x2324 (* (- 18) (* x!0 r!2)) (* (- 18) (* r00 x!0)) (* (- 6) (* r00 r!2 s!1)) (* 18 (* x00 r!2)) (* (- 2) (* s00 s!1)) (* 6 (* s00 r00 r!2)) (* 9 (* r00 s!1)) (* (- 2) ?x2970) (* 9 ?x3025) (* (- 9) ?x3302) ?x2692)))
 (let (($x1517 (= ?x1911 0)))
 (let (($x1633 (and $x1092 $x3020 $x1517 $x3711 $x1903 $x3001)))
 (let ((?x3475 (+ ?x2545 ?x558 ?x2718 ?x1728 ?x48 ?x59 ?x3544 ?x1586 ?x2193 (* 12 (* r!2 r00 r00)) (* (- 4) (* r!2 s00)) ?x508 ?x564)))
 (let ((?x1715 (* 216 (* x!0 x00))))
 (let ((?x2934 (* (- 36) (* s!1 s!1 r00 r00))))
 (let ((?x3765 (* 216 (* x!0 s00 r00))))
 (let ((?x3754 (* (- 432) (* x!0 r00 r00 r00))))
 (let ((?x3752 (* 12 (* s!1 s!1 s00))))
 (let ((?x3260 (* x!0 s00)))
 (let ((?x1718 (* (- 108) ?x3260)))
 (let ((?x2688 (* x!0 r00)))
 (let ((?x3354 (* 108 ?x2688)))
 (let ((?x1638 (+ ?x2841 ?x3284 ?x3303 ?x3937 ?x887 ?x3938 ?x3305 ?x890 ?x1877 (* (- 1512) (* r!2 r00 r00)) (* 828 (* r!2 s00)) ?x2146 ?x3944 ?x1466 ?x1467 ?x777 (* 648 (* r!2 x!0)) (* (- 252) (* s!1 r00 r00)) ?x1470 ?x3354 ?x1718 ?x1091 (* (- 648) (* r!2 x00)) (* 648 (* s!1 r00 r00 r00)) (* 246 (* s!1 s00)) ?x1131 (* (- 162) (* s!1 r00)) (* (- 648) (* r!2 s00 r00)) (* (- 324) (* s!1 x00)) ?x861 (* (- 324) (* s!1 s00 r00)) ?x1234 ?x3614 (* 324 (* s!1 x!0)) ?x832 ?x3737 ?x1004 (* 144 (* r!2 s!1 s00)) ?x3752 ?x1476 ?x3754 ?x3765 ?x2934 ?x1480 ?x1715 ?x1481 (* (- 1296) (* r!2 r!2 r00 r00)) (* (- 432) (* r!2 s!1 r00 r00)) (* (- 324) (* r!2 r00)) (* 1296 (* r!2 r00 r00 r00)) ?x693 ?x695 (* 432 (* r!2 r!2 s00)))))
 (let ((?x3340 (* 36 (* x!0 r00 r00))))
 (let ((?x3308 (* (- 36) (* r!2 r00 x00))))
 (let ((?x2237 (* r!2 s!1 s00)))
 (let ((?x2238 (* 2 ?x2237)))
 (let ((?x2229 (* (- 4) (* r!2 s00 s00))))
 (let ((?x2429 (* s!1 x!0)))
 (let ((?x1079 (* 6 ?x2429)))
 (let ((?x2574 (* s!1 s00 r00)))
 (let ((?x2930 (* (- 2) ?x2574)))
 (let ((?x3356 (* s!1 x00)))
 (let ((?x3357 (* (- 6) ?x3356)))
 (let ((?x1540 (* 4 (* s!1 s!1 r00))))
 (let ((?x1990 (* (- 6) ?x3260)))
 (let ((?x841 (* 36 (* r!2 x!0 r00))))
 (let ((?x2415 (+ ?x3599 ?x2546 ?x2623 ?x2893 ?x3309 ?x2904 ?x2634 ?x2203 ?x2635 (* (- 216) (* r!2 r00 r00)) (* 114 (* r!2 s00)) ?x2216 ?x2217 ?x3830 (* 90 (* r!2 x!0)) (* 12 (* r!2 s!1 r00)) (* (- 72) (* s!1 r00 r00)) ?x841 ?x2228 (* 90 ?x2688) ?x1990 ?x1091 (* (- 90) (* r!2 x00)) ?x1540 (* 20 (* s!1 s00)) ?x791 (* (- 90) (* s!1 r00)) (* (- 12) (* r!2 s00 r00)) ?x3357 ?x2930 ?x897 ?x2428 ?x1079 ?x2229 ?x981 ?x2238 ?x3308 ?x3340 (* 144 (* r!2 r!2 r00)) ?x2883 ?x2407 (* 12 (* r!2 r!2 s00)))))
 (let ((?x2918 (* r!2 s00 r00)))
 (let ((?x2262 (* (- 6) ?x2918)))
 (let ((?x3347 (* s!1 s00)))
 (let ((?x2287 (* 2 ?x3347)))
 (let ((?x2693 (* r!2 x00)))
 (let ((?x369 (* (- 18) ?x2693)))
 (let ((?x2689 (* 18 ?x2688)))
 (let ((?x2616 (* s!1 r00 r00)))
 (let ((?x2673 (* (- 6) ?x2616)))
 (let ((?x2654 (* r!2 s!1 r00)))
 (let ((?x2580 (* 6 ?x2654)))
 (let ((?x1144 (* r!2 x!0)))
 (let ((?x1158 (* 18 ?x1144)))
 (let ((?x2864 (+ ?x1204 ?x1220 ?x1629 ?x3073 ?x3169 ?x3168 ?x1630 ?x3178 ?x2829 (* (- 36) (* r!2 r00 r00)) (* 21 (* r!2 s00)) ?x3183 ?x617 ?x2968 ?x1158 ?x2580 ?x2673 ?x685 ?x2689 ?x729 ?x369 ?x2287 (* (- 21) (* s!1 r00)) ?x2262 (* 36 (* r!2 r!2 r00)))))
 (let ((?x825 (* r!2 s00)))
 (let ((?x827 (* 4 ?x825)))
 (let ((?x3031 (* r!2 r00 r00)))
 (let ((?x3032 (* (- 12) ?x3031)))
 (let ((?x1272 (+ ?x2690 ?x1192 ?x2227 ?x3580 ?x581 ?x582 ?x1218 ?x2435 ?x3030 ?x3032 ?x827 ?x585 ?x551)))
 (let (($x2687 (= (+ s!1 (* (- 1) s00) (* (- 3) ?x3259) (* 3 ?x380)) 0)))
 (let (($x923 (or (not $x2687) (not (= ?x1272 0)) (not (= ?x2864 0)) (not (= ?x2415 0)) (not (= ?x1638 0)) (not (= (* ?x1612 ?x1612 ?x3475) 0)))))
 (let ((?x1321 (* (- 36) ?x2616)))
 (let ((?x609 (* 54 ?x507)))
 (let ((?x1078 (* (- 9) s00)))
 (let ((?x2197 (* 9 s!1)))
 (let ((?x2536 (+ ?x2197 ?x1078 ?x609 ?x1466 ?x1467 (* (- 15) ?x2970) ?x1321 ?x1470 ?x3354 ?x1718 ?x1091 (* 216 (* s!1 r00 r00 r00)) (* 66 ?x3347) ?x1131 (* (- 54) (* s!1 r00)) (* (- 108) ?x3356) ?x861 (* (- 108) ?x2574) ?x1234 (* 108 ?x2429) ?x832 ?x3737 ?x1004 ?x3752 ?x1476 ?x3754 ?x3765 ?x2934 ?x1480 ?x1715 ?x1481)))
 (let ((?x1007 (* (- 15) ?x672)))
 (let ((?x640 (* (- 54) ?x603)))
 (let ((?x655 (* 24 ?x507)))
 (let ((?x3350 (+ ?x2197 ?x1078 (* (- 24) ?x3025) (* 24 ?x825) ?x655 ?x640 (* 3 ?x2970) (* 54 ?x1144) ?x1321 ?x841 ?x1007 (* 54 ?x2688) ?x1990 ?x1091 (* (- 54) ?x2693) ?x1540 (* 12 ?x3347) ?x791 (* (- 24) (* s!1 r00)) ?x3357 ?x2930 ?x897 ?x2428 ?x1079 ?x2229 ?x981 ?x2238 ?x3308 ?x3340)))
 (let ((?x622 (* 9 ?x507)))
 (let ((?x459 (* (- 3) s00)))
 (let ((?x2292 (+ (* 3 s!1) ?x459 (* (- 9) ?x3025) (* 9 ?x825) ?x622 ?x617 ?x2968 ?x1158 ?x2580 ?x2673 ?x685 ?x2689 ?x729 ?x369 ?x2287 (* (- 9) (* s!1 r00)) ?x2262)))
 (let (($x2565 (= (+ ?x2690 ?x2692 ?x2227 ?x44 ?x581 ?x582 ?x3030 ?x3032 ?x827 ?x585 ?x551) 0)))
 (let (($x2679 (and $x2687 $x2565 (= ?x2292 0) (= ?x3350 0) (= ?x2536 0) $x923)))
 (let (($x2346 (exists ((r Int) (s Int) (x Int) )(! (let ((?x550 (* r00 r00 r00)))
 (let ((?x564 (* (- 12) ?x550)))
 (let ((?x507 (* s00 r00)))
 (let ((?x508 (* 6 ?x507)))
 (let ((?x480 (* r s00)))
 (let ((?x494 (* (- 4) ?x480)))
 (let ((?x430 (* r r00 r00)))
 (let ((?x431 (* 12 ?x430)))
 (let ((?x424 (* r s)))
 (let ((?x425 (* (- 2) ?x424)))
 (let ((?x380 (* r00 r00)))
 (let ((?x1586 (* 12 ?x380)))
 (let ((?x59 (* 6 x00)))
 (let ((?x48 (* 3 r00)))
 (let ((?x1728 (* (- 7) s00)))
 (let ((?x529 (* (- 6) x)))
 (let ((?x1790 (* 7 s)))
 (let ((?x1928 (* (- 3) r)))
 (let ((?x725 (+ ?x1928 ?x1790 ?x529 ?x1728 ?x48 ?x59 (* (- 12) (* r r)) ?x1586 ?x425 ?x431 ?x494 ?x508 ?x564)))
 (let ((?x211 (* 6 r)))
 (let ((?x1488 (+ 3 ?x211 s)))
 (let ((?x3324 (* r r s00)))
 (let ((?x3978 (* 432 ?x3324)))
 (let ((?x3013 (* r r s)))
 (let ((?x3974 (* 432 ?x3013)))
 (let ((?x2998 (* r r r)))
 (let ((?x3973 (* 864 ?x2998)))
 (let ((?x3967 (* 1296 (* r r00 r00 r00))))
 (let ((?x1451 (* x00 x00)))
 (let ((?x1481 (* (- 108) ?x1451)))
 (let ((?x1426 (* 216 (* x x00))))
 (let ((?x1289 (* s00 s00 s00)))
 (let ((?x1480 (* (- 16) ?x1289)))
 (let ((?x1478 (* (- 36) (* s s r00 r00))))
 (let ((?x1260 (* 216 (* x s00 r00))))
 (let ((?x1477 (* (- 432) (* x r00 r00 r00))))
 (let ((?x1177 (* s00 r00 r00 r00)))
 (let ((?x1476 (* (- 216) ?x1177)))
 (let ((?x1062 (* 12 (* s s s00))))
 (let ((?x1020 (* r s s00)))
 (let ((?x3954 (* 144 ?x1020)))
 (let ((?x1003 (* r00 r00 r00 x00)))
 (let ((?x1004 (* 432 ?x1003)))
 (let ((?x973 (* x x)))
 (let ((?x1475 (* (- 108) ?x973)))
 (let ((?x910 (* s s s)))
 (let ((?x912 (* 4 ?x910)))
 (let ((?x900 (* r s s)))
 (let ((?x3953 (* 72 ?x900)))
 (let ((?x896 (* s00 x00)))
 (let ((?x1234 (* 108 ?x896)))
 (let ((?x860 (* s00 s00 r00 r00)))
 (let ((?x861 (* 36 ?x860)))
 (let ((?x819 (* s x00)))
 (let ((?x3951 (* (- 324) ?x819)))
 (let ((?x773 (* s00 s00 r00)))
 (let ((?x1131 (* 108 ?x773)))
 (let ((?x728 (* s00 r00 r00)))
 (let ((?x1091 (* 36 ?x728)))
 (let ((?x702 (* x s00)))
 (let ((?x1471 (* (- 108) ?x702)))
 (let ((?x698 (* x r00)))
 (let ((?x1337 (* 108 ?x698)))
 (let ((?x672 (* s00 s00)))
 (let ((?x1470 (* (- 51) ?x672)))
 (let ((?x630 (* r x)))
 (let ((?x3947 (* 648 ?x630)))
 (let ((?x603 (* r00 x00)))
 (let ((?x1467 (* (- 108) ?x603)))
 (let ((?x599 (* s00 r00 x00)))
 (let ((?x1466 (* (- 216) ?x599)))
 (let ((?x3944 (* 648 ?x550)))
 (let ((?x2146 (* (- 270) ?x507)))
 (let ((?x3943 (* 828 ?x480)))
 (let ((?x890 (* (- 432) ?x380)))
 (let ((?x3938 (* (- 324) x00)))
 (let ((?x887 (* (- 162) r00)))
 (let ((?x3937 (* 297 s00)))
 (let ((?x3653 (* 324 x)))
 (let ((?x1274 (+ (* 162 r) (* (- 297) s) ?x3653 ?x3937 ?x887 ?x3938 (* 756 (* r r)) ?x890 (* (- 396) ?x424) (* (- 1512) ?x430) ?x3943 ?x2146 ?x3944 ?x1466 ?x1467 (* (- 195) (* s s)) ?x3947 (* (- 252) (* s r00 r00)) ?x1470 ?x1337 ?x1471 ?x1091 (* (- 648) (* r x00)) (* 648 (* s r00 r00 r00)) (* 246 (* s s00)) ?x1131 (* (- 162) (* s r00)) (* (- 648) (* r s00 r00)) ?x3951 ?x861 (* (- 324) (* s s00 r00)) ?x1234 ?x3953 (* 324 (* s x)) ?x912 ?x1475 ?x1004 ?x3954 ?x1062 ?x1476 ?x1477 ?x1260 ?x1478 ?x1480 ?x1426 ?x1481 (* (- 1296) (* r r r00 r00)) (* (- 432) (* r s r00 r00)) (* (- 324) (* r r00)) ?x3967 ?x3973 ?x3974 ?x3978)))
 (let ((?x1164 (* 36 (* x r00 r00))))
 (let ((?x1032 (* r r00 x00)))
 (let ((?x1045 (* (- 36) ?x1032)))
 (let ((?x1021 (* 2 ?x1020)))
 (let ((?x968 (* r00 r00 x00)))
 (let ((?x981 (* (- 36) ?x968)))
 (let ((?x916 (* r s00 s00)))
 (let ((?x929 (* (- 4) ?x916)))
 (let ((?x904 (* s x)))
 (let ((?x905 (* 6 ?x904)))
 (let ((?x901 (* 2 ?x900)))
 (let ((?x897 (* 6 ?x896)))
 (let ((?x870 (* s s00 r00)))
 (let ((?x883 (* (- 2) ?x870)))
 (let ((?x846 (* (- 6) ?x819)))
 (let ((?x791 (* (- 2) ?x773)))
 (let ((?x746 (* 4 (* s s r00))))
 (let ((?x717 (* (- 6) ?x702)))
 (let ((?x2228 (* (- 19) ?x672)))
 (let ((?x650 (* 36 (* r x r00))))
 (let ((?x2217 (* (- 90) ?x603)))
 (let ((?x2216 (* 18 ?x507)))
 (let ((?x2203 (* (- 108) ?x380)))
 (let ((?x2904 (* (- 72) x00)))
 (let ((?x3309 (* (- 36) r00)))
 (let ((?x2893 (* 57 s00)))
 (let ((?x2252 (+ (* 36 r) (* (- 57) s) (* 72 x) ?x2893 ?x3309 ?x2904 (* 108 (* r r)) ?x2203 (* (- 42) ?x424) (* (- 216) ?x430) (* 114 ?x480) ?x2216 ?x2217 (* (- 1) (* s s)) (* 90 ?x630) (* 12 (* r s r00)) (* (- 72) (* s r00 r00)) ?x650 ?x2228 (* 90 ?x698) ?x717 ?x1091 (* (- 90) (* r x00)) ?x746 (* 20 (* s s00)) ?x791 (* (- 90) (* s r00)) (* (- 12) (* r s00 r00)) ?x846 ?x883 ?x897 ?x901 ?x905 ?x929 ?x981 ?x1021 ?x1045 ?x1164 (* 144 (* r r r00)) (* 72 ?x2998) (* 24 ?x3013) (* 12 ?x3324))))
 (let ((?x807 (* r s00 r00)))
 (let ((?x820 (* (- 6) ?x807)))
 (let ((?x769 (* s s00)))
 (let ((?x770 (* 2 ?x769)))
 (let ((?x740 (* r x00)))
 (let ((?x753 (* (- 18) ?x740)))
 (let ((?x729 (* 6 ?x728)))
 (let ((?x699 (* 18 ?x698)))
 (let ((?x685 (* (- 4) ?x672)))
 (let ((?x646 (* s r00 r00)))
 (let ((?x659 (* (- 6) ?x646)))
 (let ((?x634 (* r s r00)))
 (let ((?x635 (* 6 ?x634)))
 (let ((?x631 (* 18 ?x630)))
 (let ((?x626 (* s s)))
 (let ((?x627 (* 2 ?x626)))
 (let ((?x617 (* (- 18) ?x603)))
 (let ((?x3183 (* 3 ?x507)))
 (let ((?x3178 (* (- 18) ?x380)))
 (let ((?x3168 (* (- 18) x00)))
 (let ((?x3169 (* (- 9) r00)))
 (let ((?x3073 (* 12 s00)))
 (let ((?x2525 (+ (* 9 r) (* (- 12) s) (* 18 x) ?x3073 ?x3169 ?x3168 (* 18 (* r r)) ?x3178 (* (- 3) ?x424) (* (- 36) ?x430) (* 21 ?x480) ?x3183 ?x617 ?x627 ?x631 ?x635 ?x659 ?x685 ?x699 ?x729 ?x753 ?x770 (* (- 21) (* s r00)) ?x820 (* 36 (* r r r00)))))
 (let ((?x551 (* 12 ?x550)))
 (let ((?x585 (* (- 6) ?x507)))
 (let ((?x481 (* 4 ?x480)))
 (let ((?x584 (* (- 12) ?x430)))
 (let ((?x583 (* 2 ?x424)))
 (let ((?x2435 (* (- 12) ?x380)))
 (let ((?x582 (* (- 6) x00)))
 (let ((?x581 (* (- 3) r00)))
 (let ((?x3580 (* 7 s00)))
 (let ((?x56 (* 6 x)))
 (let ((?x43 (* 3 r)))
 (let ((?x2091 (+ ?x43 (* (- 7) s) ?x56 ?x3580 ?x581 ?x582 (* 12 (* r r)) ?x2435 ?x583 ?x584 ?x481 ?x585 ?x551)))
 (let (($x413 (= (+ s (* (- 1) s00) (* (- 3) (* r r)) (* 3 ?x380)) 0)))
 (let (($x1901 (or (not $x413) (not (= ?x2091 0)) (not (= ?x2525 0)) (not (= ?x2252 0)) (not (= ?x1274 0)) (not (= (* ?x1488 ?x1488 ?x725) 0)))))
 (let ((?x1301 (* 108 ?x904)))
 (let ((?x751 (* s r00 r00 r00)))
 (let ((?x752 (* 216 ?x751)))
 (let ((?x955 (* (- 36) ?x646)))
 (let ((?x609 (* 54 ?x507)))
 (let ((?x1078 (* (- 9) s00)))
 (let ((?x143 (* 9 s)))
 (let ((?x1482 (+ ?x143 ?x1078 ?x609 ?x1466 ?x1467 (* (- 15) ?x626) ?x955 ?x1470 ?x1337 ?x1471 ?x1091 ?x752 (* 66 ?x769) ?x1131 (* (- 54) (* s r00)) (* (- 108) ?x819) ?x861 (* (- 108) ?x870) ?x1234 ?x1301 ?x912 ?x1475 ?x1004 ?x1062 ?x1476 ?x1477 ?x1260 ?x1478 ?x1480 ?x1426 ?x1481)))
 (let (($x1483 (= ?x1482 0)))
 (let ((?x1007 (* (- 15) ?x672)))
 (let ((?x658 (* 3 ?x626)))
 (let ((?x640 (* (- 54) ?x603)))
 (let ((?x655 (* 24 ?x507)))
 (let ((?x1170 (+ ?x143 ?x1078 (* (- 24) ?x424) (* 24 ?x480) ?x655 ?x640 ?x658 (* 54 ?x630) ?x955 ?x650 ?x1007 (* 54 ?x698) ?x717 ?x1091 (* (- 54) ?x740) ?x746 (* 12 ?x769) ?x791 (* (- 24) (* s r00)) ?x846 ?x883 ?x897 ?x901 ?x905 ?x929 ?x981 ?x1021 ?x1045 ?x1164)))
 (let (($x1175 (= ?x1170 0)))
 (let ((?x622 (* 9 ?x507)))
 (let ((?x459 (* (- 3) s00)))
 (let ((?x47 (* 3 s)))
 (let ((?x826 (+ ?x47 ?x459 (* (- 9) ?x424) (* 9 ?x480) ?x622 ?x617 ?x627 ?x631 ?x635 ?x659 ?x685 ?x699 ?x729 ?x753 ?x770 (* (- 9) (* s r00)) ?x820)))
 (let (($x833 (= ?x826 0)))
 (let ((?x44 (* 3 s00)))
 (let ((?x580 (* (- 3) s)))
 (let (($x587 (= (+ ?x43 ?x580 ?x56 ?x44 ?x581 ?x582 ?x583 ?x584 ?x481 ?x585 ?x551) 0)))
 (and $x413 $x587 $x833 $x1175 $x1483 $x1901)))))))))))))))))))))))))))))))))))))))))))))))))))))))))))))))))))))))))))))))))))))))))))))))))))))))))))))))))))))))))))))))))))))))))))))))))))))))))))))))))))))))) :qid k!40))
 ))
 (let (($x1148 (exists ((r Int) (s Int) (x Int) )(! (let ((?x550 (* r00 r00 r00)))
 (let ((?x564 (* (- 12) ?x550)))
 (let ((?x59 (* 6 x00)))
 (let ((?x529 (* (- 6) x)))
 (let ((?x2907 (* r00 s00)))
 (let ((?x2754 (* 6 ?x2907)))
 (let ((?x3824 (+ 1 r)))
 (let ((?x2057 (* s00 ?x3824)))
 (let ((?x3480 (* (- 4) ?x2057)))
 (let ((?x48 (* 3 r00)))
 (let ((?x143 (* 9 s)))
 (let ((?x459 (* (- 3) s00)))
 (let ((?x2349 (* 15 r)))
 (let ((?x2403 (* r00 r00 ?x3824)))
 (let ((?x2182 (* 12 ?x2403)))
 (let ((?x211 (* 6 r)))
 (let ((?x3074 (+ 3 s ?x211)))
 (let ((?x3165 (* ?x3824 ?x3074)))
 (let ((?x2695 (* (- 2) ?x3165)))
 (let ((?x1839 (* ?x3074 ?x3074 (+ 6 ?x2695 ?x2182 ?x2349 ?x459 ?x143 ?x48 ?x3480 ?x2754 ?x529 ?x59 ?x564))))
 (let (($x2642 (not (= ?x1839 0))))
 (let ((?x1451 (* x00 x00)))
 (let ((?x2742 (* 108 ?x1451)))
 (let ((?x400 (* (- 54) r)))
 (let ((?x2019 (* (- 9) s)))
 (let ((?x2671 (* r00 r00 s00)))
 (let ((?x419 (* (- 36) ?x2671)))
 (let ((?x137 (* 9 s00)))
 (let ((?x672 (* s00 s00)))
 (let ((?x3490 (* 51 ?x672)))
 (let ((?x2769 (* r00 r00 ?x3074)))
 (let ((?x1793 (* 36 ?x2769)))
 (let ((?x1289 (* s00 s00 s00)))
 (let ((?x2730 (* 16 ?x1289)))
 (let ((?x896 (* s00 x00)))
 (let ((?x2259 (* (- 108) ?x896)))
 (let ((?x2584 (* 216 (* r00 r00 r00 s00))))
 (let ((?x2530 (* r00 s00 s00)))
 (let ((?x1159 (* (- 108) ?x2530)))
 (let ((?x1003 (* r00 r00 r00 x00)))
 (let ((?x1868 (* (- 432) ?x1003)))
 (let ((?x1246 (* (- 36) (* r00 r00 s00 s00))))
 (let ((?x2867 (* (- 54) ?x2907)))
 (let ((?x603 (* r00 x00)))
 (let ((?x1995 (* 108 ?x603)))
 (let ((?x2400 (* 216 (* r00 s00 x00))))
 (let ((?x971 (+ ?x2400 ?x1995 ?x2867 (* 15 (* ?x3074 ?x3074)) (* (- 216) (* r00 r00 r00 ?x3074)) ?x1246 (* (- 4) (* ?x3074 ?x3074 ?x3074)) (* 108 (* (+ x (* (- 1) s)) (+ x (* (- 1) s)))) ?x1868 (* (- 12) (* s00 ?x3074 ?x3074)) (* 108 (* s00 (+ x (* (- 1) s)))) ?x1159 ?x2584 (* 108 (* x00 ?x3074)) (* 432 (* r00 r00 r00 (+ x (* (- 1) s)))) (* (- 66) (* s00 ?x3074)) (* 108 (* r00 s00 ?x3074)) ?x2259 (* (- 216) (* r00 s00 (+ x (* (- 1) s)))) (* 36 (* r00 r00 ?x3074 ?x3074)) ?x2730 (* (- 108) (* (+ x (* (- 1) s)) ?x3074)) ?x1793 ?x3490 (* (- 108) (* r00 (+ x (* (- 1) s)))) ?x137 ?x419 ?x2019 ?x400 (* 54 (* r00 ?x3074)) (* (- 216) (* x00 (+ x (* (- 1) s)))) ?x2742)))
 (let (($x2462 (not (= ?x971 27))))
 (let ((?x2784 (* 15 ?x672)))
 (let ((?x968 (* r00 r00 x00)))
 (let ((?x969 (* 36 ?x968)))
 (let ((?x3106 (* (- 6) ?x896)))
 (let ((?x2393 (* 2 ?x2530)))
 (let ((?x2375 (* (- 24) ?x2907)))
 (let ((?x2702 (* 54 ?x603)))
 (let ((?x2572 (+ (* 24 ?x3165) ?x2702 (* (- 36) (* r00 ?x3824 (+ x (* (- 1) s)))) ?x2375 (* (- 3) (* ?x3074 ?x3074)) (* (- 54) (* ?x3824 (+ x (* (- 1) s)))) (* 6 (* s00 (+ x (* (- 1) s)))) (* (- 4) (* r00 ?x3074 ?x3074)) ?x2393 (* 6 (* x00 ?x3074)) (* (- 12) (* s00 ?x3074)) (* 2 (* r00 s00 ?x3074)) ?x3106 (* (- 2) (* ?x3824 ?x3074 ?x3074)) (* (- 6) (* (+ x (* (- 1) s)) ?x3074)) (* 4 (* s00 s00 ?x3824)) ?x1793 ?x969 ?x2784 (* (- 2) (* s00 ?x3824 ?x3074)) (* 36 (* r00 x00 ?x3824)) (* (- 54) (* r00 (+ x (* (- 1) s)))) ?x137 ?x419 (* 54 (* x00 ?x3824)) ?x2019 ?x400 (* (- 24) ?x2057) (* 24 (* r00 ?x3074)) (* (- 36) (* r00 r00 (+ x (* (- 1) s)))))))
 (let ((?x580 (* (- 3) s)))
 (let ((?x2564 (* (- 6) ?x2671)))
 (let ((?x44 (* 3 s00)))
 (let ((?x673 (* 4 ?x672)))
 (let ((?x654 (* (- 9) ?x2907)))
 (let ((?x604 (* 18 ?x603)))
 (let ((?x2254 (+ (* 9 ?x3165) ?x604 ?x654 (* (- 2) (* ?x3074 ?x3074)) (* (- 18) (* ?x3824 (+ x (* (- 1) s)))) (* (- 6) (* r00 ?x3824 ?x3074)) (* 6 ?x2769) ?x673 (* (- 18) (* r00 (+ x (* (- 1) s)))) ?x44 ?x2564 (* 18 (* x00 ?x3824)) ?x580 (* (- 18) r) (* (- 9) ?x2057) (* (- 2) (* s00 ?x3074)) (* 9 (* r00 ?x3074)) (* 6 (* r00 s00 ?x3824)))))
 (let ((?x551 (* 12 ?x550)))
 (let ((?x582 (* (- 6) x00)))
 (let ((?x56 (* 6 x)))
 (let ((?x2846 (* (- 6) ?x2907)))
 (let ((?x581 (* (- 3) r00)))
 (let ((?x2055 (+ (* 2 ?x3165) (* (- 12) ?x2403) (* (- 15) r) ?x44 ?x2019 ?x581 (* 4 ?x2057) ?x2846 ?x56 ?x582 ?x551)))
 (let ((?x380 (* r00 r00)))
 (let ((?x1929 (* (- 3) ?x380)))
 (let ((?x359 (* (- 1) s)))
 (let (($x1989 (= (+ s00 ?x359 (* (- 6) r) (* 3 (* ?x3824 ?x3824)) ?x1929) 3)))
 (let (($x1133 (not $x1989)))
 (let (($x3503 (or $x1133 (not (= ?x2055 6)) (not (= ?x2254 9)) (not (= ?x2572 27)) $x2462 $x2642)))
 (let ((?x1985 (* r00 r00 s)))
 (let ((?x1290 (* 36 ?x1985)))
 (let ((?x716 (+ ?x2400 ?x1995 ?x2867 (* 15 (* s s)) (* (- 216) (* r00 r00 r00 s)) ?x1246 (* (- 4) (* s s s)) (* 108 (* x x)) ?x1868 (* (- 12) (* s00 s s)) (* 108 (* s00 x)) ?x1159 ?x2584 (* 108 (* x00 s)) (* 432 (* r00 r00 r00 x)) (* (- 66) (* s00 s)) (* 108 (* r00 s00 s)) ?x2259 (* (- 216) (* r00 s00 x)) (* 36 (* r00 r00 s s)) ?x2730 (* (- 108) (* x s)) ?x1290 ?x3490 (* (- 108) (* r00 x)) ?x137 ?x419 ?x2019 (* 54 (* r00 s)) (* (- 216) (* x00 x)) ?x2742)))
 (let (($x839 (= ?x716 0)))
 (let ((?x3067 (* r00 r00 x)))
 (let ((?x3149 (* (- 36) ?x3067)))
 (let ((?x2394 (* r00 s s)))
 (let ((?x3134 (* (- 4) ?x2394)))
 (let ((?x665 (+ (* 24 (* s r)) ?x2702 (* (- 36) (* r00 x r)) ?x2375 (* (- 3) (* s s)) (* (- 54) (* x r)) (* 6 (* s00 x)) ?x3134 ?x2393 (* 6 (* x00 s)) (* (- 12) (* s00 s)) (* 2 (* r00 s00 s)) ?x3106 (* (- 2) (* s s r)) (* (- 6) (* x s)) (* 4 (* s00 s00 r)) ?x1290 ?x969 ?x2784 (* (- 2) (* s00 s r)) (* 36 (* r00 x00 r)) (* (- 54) (* r00 x)) ?x137 ?x419 (* 54 (* x00 r)) ?x2019 (* (- 24) (* s00 r)) (* 24 (* r00 s)) ?x3149)))
 (let ((?x2056 (* r00 x)))
 (let ((?x2341 (* (- 18) ?x2056)))
 (let ((?x626 (* s s)))
 (let ((?x2322 (* (- 2) ?x626)))
 (let ((?x2301 (+ (* 9 (* s r)) ?x604 ?x654 ?x2322 (* (- 18) (* x r)) (* (- 6) (* r00 s r)) (* 6 ?x1985) ?x673 ?x2341 ?x44 ?x2564 (* 18 (* x00 r)) ?x580 (* (- 9) (* s00 r)) (* (- 2) (* s00 s)) (* 9 (* r00 s)) (* 6 (* r00 s00 r)))))
 (let ((?x43 (* 3 r)))
 (let ((?x2113 (+ (* 2 (* s r)) (* (- 12) (* r00 r00 r)) ?x43 ?x44 ?x580 ?x581 (* 4 (* s00 r)) ?x2846 ?x56 ?x582 ?x551)))
 (let (($x3240 (= (+ s00 ?x359 (* 3 (* r r)) ?x1929) 0)))
 (and $x3240 (= ?x2113 0) (= ?x2301 0) (= ?x665 0) $x839 $x3503))))))))))))))))))))))))))))))))))))))))))))))))))))))))))))))))))))))))))))))))))))))))))))) :qid k!40))
 ))
 (let ((?x3283 (lambda ((r Int) (s Int) (x Int) )(let ((?x550 (* r00 r00 r00)))
 (let ((?x564 (* (- 12) ?x550)))
 (let ((?x507 (* s00 r00)))
 (let ((?x508 (* 6 ?x507)))
 (let ((?x480 (* r s00)))
 (let ((?x494 (* (- 4) ?x480)))
 (let ((?x430 (* r r00 r00)))
 (let ((?x431 (* 12 ?x430)))
 (let ((?x424 (* r s)))
 (let ((?x425 (* (- 2) ?x424)))
 (let ((?x380 (* r00 r00)))
 (let ((?x1586 (* 12 ?x380)))
 (let ((?x59 (* 6 x00)))
 (let ((?x48 (* 3 r00)))
 (let ((?x1728 (* (- 7) s00)))
 (let ((?x529 (* (- 6) x)))
 (let ((?x1790 (* 7 s)))
 (let ((?x1928 (* (- 3) r)))
 (let ((?x725 (+ ?x1928 ?x1790 ?x529 ?x1728 ?x48 ?x59 (* (- 12) (* r r)) ?x1586 ?x425 ?x431 ?x494 ?x508 ?x564)))
 (let ((?x211 (* 6 r)))
 (let ((?x1488 (+ 3 ?x211 s)))
 (let ((?x3324 (* r r s00)))
 (let ((?x3978 (* 432 ?x3324)))
 (let ((?x3013 (* r r s)))
 (let ((?x3974 (* 432 ?x3013)))
 (let ((?x2998 (* r r r)))
 (let ((?x3973 (* 864 ?x2998)))
 (let ((?x3967 (* 1296 (* r r00 r00 r00))))
 (let ((?x1451 (* x00 x00)))
 (let ((?x1481 (* (- 108) ?x1451)))
 (let ((?x1426 (* 216 (* x x00))))
 (let ((?x1289 (* s00 s00 s00)))
 (let ((?x1480 (* (- 16) ?x1289)))
 (let ((?x1478 (* (- 36) (* s s r00 r00))))
 (let ((?x1260 (* 216 (* x s00 r00))))
 (let ((?x1477 (* (- 432) (* x r00 r00 r00))))
 (let ((?x1177 (* s00 r00 r00 r00)))
 (let ((?x1476 (* (- 216) ?x1177)))
 (let ((?x1062 (* 12 (* s s s00))))
 (let ((?x1020 (* r s s00)))
 (let ((?x3954 (* 144 ?x1020)))
 (let ((?x1003 (* r00 r00 r00 x00)))
 (let ((?x1004 (* 432 ?x1003)))
 (let ((?x973 (* x x)))
 (let ((?x1475 (* (- 108) ?x973)))
 (let ((?x910 (* s s s)))
 (let ((?x912 (* 4 ?x910)))
 (let ((?x900 (* r s s)))
 (let ((?x3953 (* 72 ?x900)))
 (let ((?x896 (* s00 x00)))
 (let ((?x1234 (* 108 ?x896)))
 (let ((?x860 (* s00 s00 r00 r00)))
 (let ((?x861 (* 36 ?x860)))
 (let ((?x819 (* s x00)))
 (let ((?x3951 (* (- 324) ?x819)))
 (let ((?x773 (* s00 s00 r00)))
 (let ((?x1131 (* 108 ?x773)))
 (let ((?x728 (* s00 r00 r00)))
 (let ((?x1091 (* 36 ?x728)))
 (let ((?x702 (* x s00)))
 (let ((?x1471 (* (- 108) ?x702)))
 (let ((?x698 (* x r00)))
 (let ((?x1337 (* 108 ?x698)))
 (let ((?x672 (* s00 s00)))
 (let ((?x1470 (* (- 51) ?x672)))
 (let ((?x630 (* r x)))
 (let ((?x3947 (* 648 ?x630)))
 (let ((?x603 (* r00 x00)))
 (let ((?x1467 (* (- 108) ?x603)))
 (let ((?x599 (* s00 r00 x00)))
 (let ((?x1466 (* (- 216) ?x599)))
 (let ((?x3944 (* 648 ?x550)))
 (let ((?x2146 (* (- 270) ?x507)))
 (let ((?x3943 (* 828 ?x480)))
 (let ((?x890 (* (- 432) ?x380)))
 (let ((?x3938 (* (- 324) x00)))
 (let ((?x887 (* (- 162) r00)))
 (let ((?x3937 (* 297 s00)))
 (let ((?x3653 (* 324 x)))
 (let ((?x1274 (+ (* 162 r) (* (- 297) s) ?x3653 ?x3937 ?x887 ?x3938 (* 756 (* r r)) ?x890 (* (- 396) ?x424) (* (- 1512) ?x430) ?x3943 ?x2146 ?x3944 ?x1466 ?x1467 (* (- 195) (* s s)) ?x3947 (* (- 252) (* s r00 r00)) ?x1470 ?x1337 ?x1471 ?x1091 (* (- 648) (* r x00)) (* 648 (* s r00 r00 r00)) (* 246 (* s s00)) ?x1131 (* (- 162) (* s r00)) (* (- 648) (* r s00 r00)) ?x3951 ?x861 (* (- 324) (* s s00 r00)) ?x1234 ?x3953 (* 324 (* s x)) ?x912 ?x1475 ?x1004 ?x3954 ?x1062 ?x1476 ?x1477 ?x1260 ?x1478 ?x1480 ?x1426 ?x1481 (* (- 1296) (* r r r00 r00)) (* (- 432) (* r s r00 r00)) (* (- 324) (* r r00)) ?x3967 ?x3973 ?x3974 ?x3978)))
 (let ((?x1164 (* 36 (* x r00 r00))))
 (let ((?x1032 (* r r00 x00)))
 (let ((?x1045 (* (- 36) ?x1032)))
 (let ((?x1021 (* 2 ?x1020)))
 (let ((?x968 (* r00 r00 x00)))
 (let ((?x981 (* (- 36) ?x968)))
 (let ((?x916 (* r s00 s00)))
 (let ((?x929 (* (- 4) ?x916)))
 (let ((?x904 (* s x)))
 (let ((?x905 (* 6 ?x904)))
 (let ((?x901 (* 2 ?x900)))
 (let ((?x897 (* 6 ?x896)))
 (let ((?x870 (* s s00 r00)))
 (let ((?x883 (* (- 2) ?x870)))
 (let ((?x846 (* (- 6) ?x819)))
 (let ((?x791 (* (- 2) ?x773)))
 (let ((?x746 (* 4 (* s s r00))))
 (let ((?x717 (* (- 6) ?x702)))
 (let ((?x2228 (* (- 19) ?x672)))
 (let ((?x650 (* 36 (* r x r00))))
 (let ((?x2217 (* (- 90) ?x603)))
 (let ((?x2216 (* 18 ?x507)))
 (let ((?x2203 (* (- 108) ?x380)))
 (let ((?x2904 (* (- 72) x00)))
 (let ((?x3309 (* (- 36) r00)))
 (let ((?x2893 (* 57 s00)))
 (let ((?x2252 (+ (* 36 r) (* (- 57) s) (* 72 x) ?x2893 ?x3309 ?x2904 (* 108 (* r r)) ?x2203 (* (- 42) ?x424) (* (- 216) ?x430) (* 114 ?x480) ?x2216 ?x2217 (* (- 1) (* s s)) (* 90 ?x630) (* 12 (* r s r00)) (* (- 72) (* s r00 r00)) ?x650 ?x2228 (* 90 ?x698) ?x717 ?x1091 (* (- 90) (* r x00)) ?x746 (* 20 (* s s00)) ?x791 (* (- 90) (* s r00)) (* (- 12) (* r s00 r00)) ?x846 ?x883 ?x897 ?x901 ?x905 ?x929 ?x981 ?x1021 ?x1045 ?x1164 (* 144 (* r r r00)) (* 72 ?x2998) (* 24 ?x3013) (* 12 ?x3324))))
 (let ((?x807 (* r s00 r00)))
 (let ((?x820 (* (- 6) ?x807)))
 (let ((?x769 (* s s00)))
 (let ((?x770 (* 2 ?x769)))
 (let ((?x740 (* r x00)))
 (let ((?x753 (* (- 18) ?x740)))
 (let ((?x729 (* 6 ?x728)))
 (let ((?x699 (* 18 ?x698)))
 (let ((?x685 (* (- 4) ?x672)))
 (let ((?x646 (* s r00 r00)))
 (let ((?x659 (* (- 6) ?x646)))
 (let ((?x634 (* r s r00)))
 (let ((?x635 (* 6 ?x634)))
 (let ((?x631 (* 18 ?x630)))
 (let ((?x626 (* s s)))
 (let ((?x627 (* 2 ?x626)))
 (let ((?x617 (* (- 18) ?x603)))
 (let ((?x3183 (* 3 ?x507)))
 (let ((?x3178 (* (- 18) ?x380)))
 (let ((?x3168 (* (- 18) x00)))
 (let ((?x3169 (* (- 9) r00)))
 (let ((?x3073 (* 12 s00)))
 (let ((?x2525 (+ (* 9 r) (* (- 12) s) (* 18 x) ?x3073 ?x3169 ?x3168 (* 18 (* r r)) ?x3178 (* (- 3) ?x424) (* (- 36) ?x430) (* 21 ?x480) ?x3183 ?x617 ?x627 ?x631 ?x635 ?x659 ?x685 ?x699 ?x729 ?x753 ?x770 (* (- 21) (* s r00)) ?x820 (* 36 (* r r r00)))))
 (let ((?x551 (* 12 ?x550)))
 (let ((?x585 (* (- 6) ?x507)))
 (let ((?x481 (* 4 ?x480)))
 (let ((?x584 (* (- 12) ?x430)))
 (let ((?x583 (* 2 ?x424)))
 (let ((?x2435 (* (- 12) ?x380)))
 (let ((?x582 (* (- 6) x00)))
 (let ((?x581 (* (- 3) r00)))
 (let ((?x3580 (* 7 s00)))
 (let ((?x56 (* 6 x)))
 (let ((?x43 (* 3 r)))
 (let ((?x2091 (+ ?x43 (* (- 7) s) ?x56 ?x3580 ?x581 ?x582 (* 12 (* r r)) ?x2435 ?x583 ?x584 ?x481 ?x585 ?x551)))
 (let (($x413 (= (+ s (* (- 1) s00) (* (- 3) (* r r)) (* 3 ?x380)) 0)))
 (let (($x1901 (or (not $x413) (not (= ?x2091 0)) (not (= ?x2525 0)) (not (= ?x2252 0)) (not (= ?x1274 0)) (not (= (* ?x1488 ?x1488 ?x725) 0)))))
 (let ((?x1301 (* 108 ?x904)))
 (let ((?x751 (* s r00 r00 r00)))
 (let ((?x752 (* 216 ?x751)))
 (let ((?x955 (* (- 36) ?x646)))
 (let ((?x609 (* 54 ?x507)))
 (let ((?x1078 (* (- 9) s00)))
 (let ((?x143 (* 9 s)))
 (let ((?x1482 (+ ?x143 ?x1078 ?x609 ?x1466 ?x1467 (* (- 15) ?x626) ?x955 ?x1470 ?x1337 ?x1471 ?x1091 ?x752 (* 66 ?x769) ?x1131 (* (- 54) (* s r00)) (* (- 108) ?x819) ?x861 (* (- 108) ?x870) ?x1234 ?x1301 ?x912 ?x1475 ?x1004 ?x1062 ?x1476 ?x1477 ?x1260 ?x1478 ?x1480 ?x1426 ?x1481)))
 (let (($x1483 (= ?x1482 0)))
 (let ((?x1007 (* (- 15) ?x672)))
 (let ((?x658 (* 3 ?x626)))
 (let ((?x640 (* (- 54) ?x603)))
 (let ((?x655 (* 24 ?x507)))
 (let ((?x1170 (+ ?x143 ?x1078 (* (- 24) ?x424) (* 24 ?x480) ?x655 ?x640 ?x658 (* 54 ?x630) ?x955 ?x650 ?x1007 (* 54 ?x698) ?x717 ?x1091 (* (- 54) ?x740) ?x746 (* 12 ?x769) ?x791 (* (- 24) (* s r00)) ?x846 ?x883 ?x897 ?x901 ?x905 ?x929 ?x981 ?x1021 ?x1045 ?x1164)))
 (let (($x1175 (= ?x1170 0)))
 (let ((?x622 (* 9 ?x507)))
 (let ((?x459 (* (- 3) s00)))
 (let ((?x47 (* 3 s)))
 (let ((?x826 (+ ?x47 ?x459 (* (- 9) ?x424) (* 9 ?x480) ?x622 ?x617 ?x627 ?x631 ?x635 ?x659 ?x685 ?x699 ?x729 ?x753 ?x770 (* (- 9) (* s r00)) ?x820)))
 (let (($x833 (= ?x826 0)))
 (let ((?x44 (* 3 s00)))
 (let ((?x580 (* (- 3) s)))
 (let (($x587 (= (+ ?x43 ?x580 ?x56 ?x44 ?x581 ?x582 ?x583 ?x584 ?x481 ?x585 ?x551) 0)))
 (let (($x2293 (and $x413 $x587 $x833 $x1175 $x1483 $x1901)))
 (let ((?x2907 (* r00 s00)))
 (let ((?x2754 (* 6 ?x2907)))
 (let ((?x3824 (+ 1 r)))
 (let ((?x2057 (* s00 ?x3824)))
 (let ((?x3480 (* (- 4) ?x2057)))
 (let ((?x2349 (* 15 r)))
 (let ((?x2403 (* r00 r00 ?x3824)))
 (let ((?x2182 (* 12 ?x2403)))
 (let ((?x3074 (+ 3 s ?x211)))
 (let ((?x3165 (* ?x3824 ?x3074)))
 (let ((?x2695 (* (- 2) ?x3165)))
 (let ((?x1839 (* ?x3074 ?x3074 (+ 6 ?x2695 ?x2182 ?x2349 ?x459 ?x143 ?x48 ?x3480 ?x2754 ?x529 ?x59 ?x564))))
 (let (($x2642 (not (= ?x1839 0))))
 (let ((?x2742 (* 108 ?x1451)))
 (let ((?x400 (* (- 54) r)))
 (let ((?x2019 (* (- 9) s)))
 (let ((?x2671 (* r00 r00 s00)))
 (let ((?x419 (* (- 36) ?x2671)))
 (let ((?x137 (* 9 s00)))
 (let ((?x3490 (* 51 ?x672)))
 (let ((?x2769 (* r00 r00 ?x3074)))
 (let ((?x1793 (* 36 ?x2769)))
 (let ((?x2730 (* 16 ?x1289)))
 (let ((?x2259 (* (- 108) ?x896)))
 (let ((?x2584 (* 216 (* r00 r00 r00 s00))))
 (let ((?x2530 (* r00 s00 s00)))
 (let ((?x1159 (* (- 108) ?x2530)))
 (let ((?x1868 (* (- 432) ?x1003)))
 (let ((?x1246 (* (- 36) (* r00 r00 s00 s00))))
 (let ((?x2867 (* (- 54) ?x2907)))
 (let ((?x1995 (* 108 ?x603)))
 (let ((?x2400 (* 216 (* r00 s00 x00))))
 (let ((?x971 (+ ?x2400 ?x1995 ?x2867 (* 15 (* ?x3074 ?x3074)) (* (- 216) (* r00 r00 r00 ?x3074)) ?x1246 (* (- 4) (* ?x3074 ?x3074 ?x3074)) (* 108 (* (+ x (* (- 1) s)) (+ x (* (- 1) s)))) ?x1868 (* (- 12) (* s00 ?x3074 ?x3074)) (* 108 (* s00 (+ x (* (- 1) s)))) ?x1159 ?x2584 (* 108 (* x00 ?x3074)) (* 432 (* r00 r00 r00 (+ x (* (- 1) s)))) (* (- 66) (* s00 ?x3074)) (* 108 (* r00 s00 ?x3074)) ?x2259 (* (- 216) (* r00 s00 (+ x (* (- 1) s)))) (* 36 (* r00 r00 ?x3074 ?x3074)) ?x2730 (* (- 108) (* (+ x (* (- 1) s)) ?x3074)) ?x1793 ?x3490 (* (- 108) (* r00 (+ x (* (- 1) s)))) ?x137 ?x419 ?x2019 ?x400 (* 54 (* r00 ?x3074)) (* (- 216) (* x00 (+ x (* (- 1) s)))) ?x2742)))
 (let (($x2462 (not (= ?x971 27))))
 (let ((?x2784 (* 15 ?x672)))
 (let ((?x969 (* 36 ?x968)))
 (let ((?x3106 (* (- 6) ?x896)))
 (let ((?x2393 (* 2 ?x2530)))
 (let ((?x2375 (* (- 24) ?x2907)))
 (let ((?x2702 (* 54 ?x603)))
 (let ((?x2572 (+ (* 24 ?x3165) ?x2702 (* (- 36) (* r00 ?x3824 (+ x (* (- 1) s)))) ?x2375 (* (- 3) (* ?x3074 ?x3074)) (* (- 54) (* ?x3824 (+ x (* (- 1) s)))) (* 6 (* s00 (+ x (* (- 1) s)))) (* (- 4) (* r00 ?x3074 ?x3074)) ?x2393 (* 6 (* x00 ?x3074)) (* (- 12) (* s00 ?x3074)) (* 2 (* r00 s00 ?x3074)) ?x3106 (* (- 2) (* ?x3824 ?x3074 ?x3074)) (* (- 6) (* (+ x (* (- 1) s)) ?x3074)) (* 4 (* s00 s00 ?x3824)) ?x1793 ?x969 ?x2784 (* (- 2) (* s00 ?x3824 ?x3074)) (* 36 (* r00 x00 ?x3824)) (* (- 54) (* r00 (+ x (* (- 1) s)))) ?x137 ?x419 (* 54 (* x00 ?x3824)) ?x2019 ?x400 (* (- 24) ?x2057) (* 24 (* r00 ?x3074)) (* (- 36) (* r00 r00 (+ x (* (- 1) s)))))))
 (let ((?x2564 (* (- 6) ?x2671)))
 (let ((?x673 (* 4 ?x672)))
 (let ((?x654 (* (- 9) ?x2907)))
 (let ((?x604 (* 18 ?x603)))
 (let ((?x2254 (+ (* 9 ?x3165) ?x604 ?x654 (* (- 2) (* ?x3074 ?x3074)) (* (- 18) (* ?x3824 (+ x (* (- 1) s)))) (* (- 6) (* r00 ?x3824 ?x3074)) (* 6 ?x2769) ?x673 (* (- 18) (* r00 (+ x (* (- 1) s)))) ?x44 ?x2564 (* 18 (* x00 ?x3824)) ?x580 (* (- 18) r) (* (- 9) ?x2057) (* (- 2) (* s00 ?x3074)) (* 9 (* r00 ?x3074)) (* 6 (* r00 s00 ?x3824)))))
 (let ((?x2846 (* (- 6) ?x2907)))
 (let ((?x2055 (+ (* 2 ?x3165) (* (- 12) ?x2403) (* (- 15) r) ?x44 ?x2019 ?x581 (* 4 ?x2057) ?x2846 ?x56 ?x582 ?x551)))
 (let ((?x1929 (* (- 3) ?x380)))
 (let ((?x359 (* (- 1) s)))
 (let (($x1989 (= (+ s00 ?x359 (* (- 6) r) (* 3 (* ?x3824 ?x3824)) ?x1929) 3)))
 (let (($x1133 (not $x1989)))
 (let (($x3503 (or $x1133 (not (= ?x2055 6)) (not (= ?x2254 9)) (not (= ?x2572 27)) $x2462 $x2642)))
 (let ((?x1985 (* r00 r00 s)))
 (let ((?x1290 (* 36 ?x1985)))
 (let ((?x716 (+ ?x2400 ?x1995 ?x2867 (* 15 ?x626) (* (- 216) (* r00 r00 r00 s)) ?x1246 (* (- 4) ?x910) (* 108 ?x973) ?x1868 (* (- 12) (* s00 s s)) (* 108 (* s00 x)) ?x1159 ?x2584 (* 108 (* x00 s)) (* 432 (* r00 r00 r00 x)) (* (- 66) (* s00 s)) (* 108 (* r00 s00 s)) ?x2259 (* (- 216) (* r00 s00 x)) (* 36 (* r00 r00 s s)) ?x2730 (* (- 108) (* x s)) ?x1290 ?x3490 (* (- 108) (* r00 x)) ?x137 ?x419 ?x2019 (* 54 (* r00 s)) (* (- 216) (* x00 x)) ?x2742)))
 (let (($x839 (= ?x716 0)))
 (let ((?x3067 (* r00 r00 x)))
 (let ((?x3149 (* (- 36) ?x3067)))
 (let ((?x2394 (* r00 s s)))
 (let ((?x3134 (* (- 4) ?x2394)))
 (let ((?x665 (+ (* 24 (* s r)) ?x2702 (* (- 36) (* r00 x r)) ?x2375 (* (- 3) ?x626) (* (- 54) (* x r)) (* 6 (* s00 x)) ?x3134 ?x2393 (* 6 (* x00 s)) (* (- 12) (* s00 s)) (* 2 (* r00 s00 s)) ?x3106 (* (- 2) (* s s r)) (* (- 6) (* x s)) (* 4 (* s00 s00 r)) ?x1290 ?x969 ?x2784 (* (- 2) (* s00 s r)) (* 36 (* r00 x00 r)) (* (- 54) (* r00 x)) ?x137 ?x419 (* 54 (* x00 r)) ?x2019 (* (- 24) (* s00 r)) (* 24 (* r00 s)) ?x3149)))
 (let ((?x2056 (* r00 x)))
 (let ((?x2341 (* (- 18) ?x2056)))
 (let ((?x2322 (* (- 2) ?x626)))
 (let ((?x2301 (+ (* 9 (* s r)) ?x604 ?x654 ?x2322 (* (- 18) (* x r)) (* (- 6) (* r00 s r)) (* 6 ?x1985) ?x673 ?x2341 ?x44 ?x2564 (* 18 (* x00 r)) ?x580 (* (- 9) (* s00 r)) (* (- 2) (* s00 s)) (* 9 (* r00 s)) (* 6 (* r00 s00 r)))))
 (let ((?x2113 (+ (* 2 (* s r)) (* (- 12) (* r00 r00 r)) ?x43 ?x44 ?x580 ?x581 (* 4 (* s00 r)) ?x2846 ?x56 ?x582 ?x551)))
 (let (($x3240 (= (+ s00 ?x359 (* 3 (* r r)) ?x1929) 0)))
 (let (($x2981 (and $x3240 (= ?x2113 0) (= ?x2301 0) (= ?x665 0) $x839 $x3503)))
 (rewrite (= $x2981 $x2293))))))))))))))))))))))))))))))))))))))))))))))))))))))))))))))))))))))))))))))))))))))))))))))))))))))))))))))))))))))))))))))))))))))))))))))))))))))))))))))))))))))))))))))))))))))))))))))))))))))))))))))))))))))))))))))))))))))))))))))))
 ))
 (let (($x3771 (exists ((r Int) (s Int) (x Int) )(! (let ((?x550 (* r00 r00 r00)))
 (let ((?x564 (* (- 12) ?x550)))
 (let ((?x59 (* 6 x00)))
 (let ((?x529 (* (- 6) x)))
 (let ((?x2907 (* r00 s00)))
 (let ((?x2754 (* 6 ?x2907)))
 (let ((?x3824 (+ 1 r)))
 (let ((?x2057 (* s00 ?x3824)))
 (let ((?x3480 (* (- 4) ?x2057)))
 (let ((?x48 (* 3 r00)))
 (let ((?x143 (* 9 s)))
 (let ((?x459 (* (- 3) s00)))
 (let ((?x2349 (* 15 r)))
 (let ((?x2403 (* r00 r00 ?x3824)))
 (let ((?x2182 (* 12 ?x2403)))
 (let ((?x211 (* 6 r)))
 (let ((?x3074 (+ 3 s ?x211)))
 (let ((?x3165 (* ?x3824 ?x3074)))
 (let ((?x2695 (* (- 2) ?x3165)))
 (let ((?x1839 (* ?x3074 ?x3074 (+ 6 ?x2695 ?x2182 ?x2349 ?x459 ?x143 ?x48 ?x3480 ?x2754 ?x529 ?x59 ?x564))))
 (let (($x2642 (not (= ?x1839 0))))
 (let ((?x1451 (* x00 x00)))
 (let ((?x2742 (* 108 ?x1451)))
 (let ((?x400 (* (- 54) r)))
 (let ((?x2019 (* (- 9) s)))
 (let ((?x2671 (* r00 r00 s00)))
 (let ((?x419 (* (- 36) ?x2671)))
 (let ((?x137 (* 9 s00)))
 (let ((?x672 (* s00 s00)))
 (let ((?x3490 (* 51 ?x672)))
 (let ((?x2769 (* r00 r00 ?x3074)))
 (let ((?x1793 (* 36 ?x2769)))
 (let ((?x1289 (* s00 s00 s00)))
 (let ((?x2730 (* 16 ?x1289)))
 (let ((?x896 (* s00 x00)))
 (let ((?x2259 (* (- 108) ?x896)))
 (let ((?x2584 (* 216 (* r00 r00 r00 s00))))
 (let ((?x2530 (* r00 s00 s00)))
 (let ((?x1159 (* (- 108) ?x2530)))
 (let ((?x1003 (* r00 r00 r00 x00)))
 (let ((?x1868 (* (- 432) ?x1003)))
 (let ((?x1246 (* (- 36) (* r00 r00 s00 s00))))
 (let ((?x2867 (* (- 54) ?x2907)))
 (let ((?x603 (* r00 x00)))
 (let ((?x1995 (* 108 ?x603)))
 (let ((?x2400 (* 216 (* r00 s00 x00))))
 (let ((?x971 (+ ?x2400 ?x1995 ?x2867 (* 15 (* ?x3074 ?x3074)) (* (- 216) (* r00 r00 r00 ?x3074)) ?x1246 (* (- 4) (* ?x3074 ?x3074 ?x3074)) (* 108 (* (+ x (* (- 1) s)) (+ x (* (- 1) s)))) ?x1868 (* (- 12) (* s00 ?x3074 ?x3074)) (* 108 (* s00 (+ x (* (- 1) s)))) ?x1159 ?x2584 (* 108 (* x00 ?x3074)) (* 432 (* r00 r00 r00 (+ x (* (- 1) s)))) (* (- 66) (* s00 ?x3074)) (* 108 (* r00 s00 ?x3074)) ?x2259 (* (- 216) (* r00 s00 (+ x (* (- 1) s)))) (* 36 (* r00 r00 ?x3074 ?x3074)) ?x2730 (* (- 108) (* (+ x (* (- 1) s)) ?x3074)) ?x1793 ?x3490 (* (- 108) (* r00 (+ x (* (- 1) s)))) ?x137 ?x419 ?x2019 ?x400 (* 54 (* r00 ?x3074)) (* (- 216) (* x00 (+ x (* (- 1) s)))) ?x2742)))
 (let (($x2462 (not (= ?x971 27))))
 (let ((?x2087 (* 36 ?x2671)))
 (let ((?x1078 (* (- 9) s00)))
 (let ((?x1007 (* (- 15) ?x672)))
 (let ((?x968 (* r00 r00 x00)))
 (let ((?x981 (* (- 36) ?x968)))
 (let ((?x897 (* 6 ?x896)))
 (let ((?x2120 (* (- 2) ?x2530)))
 (let ((?x941 (* 24 ?x2907)))
 (let ((?x640 (* (- 54) ?x603)))
 (let ((?x1374 (+ (* (- 24) ?x3165) ?x640 (* 36 (* r00 ?x3824 (+ x (* (- 1) s)))) ?x941 (* 3 (* ?x3074 ?x3074)) (* 54 (* ?x3824 (+ x (* (- 1) s)))) (* (- 6) (* s00 (+ x (* (- 1) s)))) (* 4 (* r00 ?x3074 ?x3074)) ?x2120 (* (- 6) (* x00 ?x3074)) (* 12 (* s00 ?x3074)) (* (- 2) (* r00 s00 ?x3074)) ?x897 (* 2 (* ?x3824 ?x3074 ?x3074)) (* 6 (* (+ x (* (- 1) s)) ?x3074)) (* (- 4) (* s00 s00 ?x3824)) (* (- 36) ?x2769) ?x981 ?x1007 (* 2 (* s00 ?x3824 ?x3074)) (* (- 36) (* r00 x00 ?x3824)) (* 54 (* r00 (+ x (* (- 1) s)))) ?x1078 ?x2087 (* (- 54) (* x00 ?x3824)) ?x143 (* 54 r) (* 24 ?x2057) (* (- 24) (* r00 ?x3074)) (* 36 (* r00 r00 (+ x (* (- 1) s)))))))
 (let ((?x47 (* 3 s)))
 (let ((?x2674 (* 6 ?x2671)))
 (let ((?x685 (* (- 4) ?x672)))
 (let ((?x1953 (* 9 ?x2907)))
 (let ((?x617 (* (- 18) ?x603)))
 (let ((?x1402 (+ (* (- 9) ?x3165) ?x617 ?x1953 (* 2 (* ?x3074 ?x3074)) (* 18 (* ?x3824 (+ x (* (- 1) s)))) (* 6 (* r00 ?x3824 ?x3074)) (* (- 6) ?x2769) ?x685 (* 18 (* r00 (+ x (* (- 1) s)))) ?x459 ?x2674 (* (- 18) (* x00 ?x3824)) ?x47 (* 18 r) (* 9 ?x2057) (* 2 (* s00 ?x3074)) (* (- 9) (* r00 ?x3074)) (* (- 6) (* r00 s00 ?x3824)))))
 (let (($x3773 (= (+ ?x2695 ?x2182 ?x2349 ?x459 ?x143 ?x48 ?x3480 ?x2754 ?x529 ?x59 ?x564) (- 6))))
 (let ((?x380 (* r00 r00)))
 (let ((?x1929 (* (- 3) ?x380)))
 (let ((?x359 (* (- 1) s)))
 (let (($x1989 (= (+ s00 ?x359 (* (- 6) r) (* 3 (* ?x3824 ?x3824)) ?x1929) 3)))
 (let (($x1133 (not $x1989)))
 (let (($x3769 (or $x1133 (not $x3773) (not (= ?x1402 (- 9))) (not (= ?x1374 (- 27))) $x2462 $x2642)))
 (let ((?x1985 (* r00 r00 s)))
 (let ((?x1290 (* 36 ?x1985)))
 (let ((?x716 (+ ?x2400 ?x1995 ?x2867 (* 15 (* s s)) (* (- 216) (* r00 r00 r00 s)) ?x1246 (* (- 4) (* s s s)) (* 108 (* x x)) ?x1868 (* (- 12) (* s00 s s)) (* 108 (* s00 x)) ?x1159 ?x2584 (* 108 (* x00 s)) (* 432 (* r00 r00 r00 x)) (* (- 66) (* s00 s)) (* 108 (* r00 s00 s)) ?x2259 (* (- 216) (* r00 s00 x)) (* 36 (* r00 r00 s s)) ?x2730 (* (- 108) (* x s)) ?x1290 ?x3490 (* (- 108) (* r00 x)) ?x137 ?x419 ?x2019 (* 54 (* r00 s)) (* (- 216) (* x00 x)) ?x2742)))
 (let (($x839 (= ?x716 0)))
 (let ((?x2735 (* (- 36) ?x1985)))
 (let ((?x626 (* s s)))
 (let ((?x658 (* 3 ?x626)))
 (let ((?x2590 (+ (* (- 24) (* s r)) ?x640 (* 36 (* r00 x r)) ?x941 ?x658 (* 54 (* x r)) (* (- 6) (* s00 x)) (* 4 (* r00 s s)) ?x2120 (* (- 6) (* x00 s)) (* 12 (* s00 s)) (* (- 2) (* r00 s00 s)) ?x897 (* 2 (* s s r)) (* 6 (* x s)) (* (- 4) (* s00 s00 r)) ?x2735 ?x981 ?x1007 (* 2 (* s00 s r)) (* (- 36) (* r00 x00 r)) (* 54 (* r00 x)) ?x1078 ?x2087 (* (- 54) (* x00 r)) ?x143 (* 24 (* s00 r)) (* (- 24) (* r00 s)) (* 36 (* r00 r00 x)))))
 (let ((?x627 (* 2 ?x626)))
 (let ((?x2101 (+ (* (- 9) (* s r)) ?x617 ?x1953 ?x627 (* 18 (* x r)) (* 6 (* r00 s r)) (* (- 6) ?x1985) ?x685 (* 18 (* r00 x)) ?x459 ?x2674 (* (- 18) (* x00 r)) ?x47 (* 9 (* s00 r)) (* 2 (* s00 s)) (* (- 9) (* r00 s)) (* (- 6) (* r00 s00 r)))))
 (let ((?x1928 (* (- 3) r)))
 (let ((?x2986 (+ (* (- 2) (* s r)) (* 12 (* r00 r00 r)) ?x1928 ?x459 ?x47 ?x48 (* (- 4) (* s00 r)) ?x2754 ?x529 ?x59 ?x564)))
 (let (($x3240 (= (+ s00 ?x359 (* 3 (* r r)) ?x1929) 0)))
 (and $x3240 (= ?x2986 0) (= ?x2101 0) (= ?x2590 0) $x839 $x3769))))))))))))))))))))))))))))))))))))))))))))))))))))))))))))))))))))))))))))))))))))) :qid k!40))
 ))
 (let ((?x2670 (lambda ((r Int) (s Int) (x Int) )(let ((?x550 (* r00 r00 r00)))
 (let ((?x564 (* (- 12) ?x550)))
 (let ((?x59 (* 6 x00)))
 (let ((?x529 (* (- 6) x)))
 (let ((?x2907 (* r00 s00)))
 (let ((?x2754 (* 6 ?x2907)))
 (let ((?x3824 (+ 1 r)))
 (let ((?x2057 (* s00 ?x3824)))
 (let ((?x3480 (* (- 4) ?x2057)))
 (let ((?x48 (* 3 r00)))
 (let ((?x143 (* 9 s)))
 (let ((?x459 (* (- 3) s00)))
 (let ((?x2349 (* 15 r)))
 (let ((?x2403 (* r00 r00 ?x3824)))
 (let ((?x2182 (* 12 ?x2403)))
 (let ((?x211 (* 6 r)))
 (let ((?x3074 (+ 3 s ?x211)))
 (let ((?x3165 (* ?x3824 ?x3074)))
 (let ((?x2695 (* (- 2) ?x3165)))
 (let ((?x1839 (* ?x3074 ?x3074 (+ 6 ?x2695 ?x2182 ?x2349 ?x459 ?x143 ?x48 ?x3480 ?x2754 ?x529 ?x59 ?x564))))
 (let (($x2642 (not (= ?x1839 0))))
 (let ((?x1451 (* x00 x00)))
 (let ((?x2742 (* 108 ?x1451)))
 (let ((?x400 (* (- 54) r)))
 (let ((?x2019 (* (- 9) s)))
 (let ((?x2671 (* r00 r00 s00)))
 (let ((?x419 (* (- 36) ?x2671)))
 (let ((?x137 (* 9 s00)))
 (let ((?x672 (* s00 s00)))
 (let ((?x3490 (* 51 ?x672)))
 (let ((?x2769 (* r00 r00 ?x3074)))
 (let ((?x1793 (* 36 ?x2769)))
 (let ((?x1289 (* s00 s00 s00)))
 (let ((?x2730 (* 16 ?x1289)))
 (let ((?x896 (* s00 x00)))
 (let ((?x2259 (* (- 108) ?x896)))
 (let ((?x2584 (* 216 (* r00 r00 r00 s00))))
 (let ((?x2530 (* r00 s00 s00)))
 (let ((?x1159 (* (- 108) ?x2530)))
 (let ((?x1003 (* r00 r00 r00 x00)))
 (let ((?x1868 (* (- 432) ?x1003)))
 (let ((?x1246 (* (- 36) (* r00 r00 s00 s00))))
 (let ((?x2867 (* (- 54) ?x2907)))
 (let ((?x603 (* r00 x00)))
 (let ((?x1995 (* 108 ?x603)))
 (let ((?x2400 (* 216 (* r00 s00 x00))))
 (let ((?x971 (+ ?x2400 ?x1995 ?x2867 (* 15 (* ?x3074 ?x3074)) (* (- 216) (* r00 r00 r00 ?x3074)) ?x1246 (* (- 4) (* ?x3074 ?x3074 ?x3074)) (* 108 (* (+ x (* (- 1) s)) (+ x (* (- 1) s)))) ?x1868 (* (- 12) (* s00 ?x3074 ?x3074)) (* 108 (* s00 (+ x (* (- 1) s)))) ?x1159 ?x2584 (* 108 (* x00 ?x3074)) (* 432 (* r00 r00 r00 (+ x (* (- 1) s)))) (* (- 66) (* s00 ?x3074)) (* 108 (* r00 s00 ?x3074)) ?x2259 (* (- 216) (* r00 s00 (+ x (* (- 1) s)))) (* 36 (* r00 r00 ?x3074 ?x3074)) ?x2730 (* (- 108) (* (+ x (* (- 1) s)) ?x3074)) ?x1793 ?x3490 (* (- 108) (* r00 (+ x (* (- 1) s)))) ?x137 ?x419 ?x2019 ?x400 (* 54 (* r00 ?x3074)) (* (- 216) (* x00 (+ x (* (- 1) s)))) ?x2742)))
 (let (($x2462 (not (= ?x971 27))))
 (let ((?x2784 (* 15 ?x672)))
 (let ((?x968 (* r00 r00 x00)))
 (let ((?x969 (* 36 ?x968)))
 (let ((?x3106 (* (- 6) ?x896)))
 (let ((?x2393 (* 2 ?x2530)))
 (let ((?x2375 (* (- 24) ?x2907)))
 (let ((?x2702 (* 54 ?x603)))
 (let ((?x2572 (+ (* 24 ?x3165) ?x2702 (* (- 36) (* r00 ?x3824 (+ x (* (- 1) s)))) ?x2375 (* (- 3) (* ?x3074 ?x3074)) (* (- 54) (* ?x3824 (+ x (* (- 1) s)))) (* 6 (* s00 (+ x (* (- 1) s)))) (* (- 4) (* r00 ?x3074 ?x3074)) ?x2393 (* 6 (* x00 ?x3074)) (* (- 12) (* s00 ?x3074)) (* 2 (* r00 s00 ?x3074)) ?x3106 (* (- 2) (* ?x3824 ?x3074 ?x3074)) (* (- 6) (* (+ x (* (- 1) s)) ?x3074)) (* 4 (* s00 s00 ?x3824)) ?x1793 ?x969 ?x2784 (* (- 2) (* s00 ?x3824 ?x3074)) (* 36 (* r00 x00 ?x3824)) (* (- 54) (* r00 (+ x (* (- 1) s)))) ?x137 ?x419 (* 54 (* x00 ?x3824)) ?x2019 ?x400 (* (- 24) ?x2057) (* 24 (* r00 ?x3074)) (* (- 36) (* r00 r00 (+ x (* (- 1) s)))))))
 (let ((?x580 (* (- 3) s)))
 (let ((?x2564 (* (- 6) ?x2671)))
 (let ((?x44 (* 3 s00)))
 (let ((?x673 (* 4 ?x672)))
 (let ((?x654 (* (- 9) ?x2907)))
 (let ((?x604 (* 18 ?x603)))
 (let ((?x2254 (+ (* 9 ?x3165) ?x604 ?x654 (* (- 2) (* ?x3074 ?x3074)) (* (- 18) (* ?x3824 (+ x (* (- 1) s)))) (* (- 6) (* r00 ?x3824 ?x3074)) (* 6 ?x2769) ?x673 (* (- 18) (* r00 (+ x (* (- 1) s)))) ?x44 ?x2564 (* 18 (* x00 ?x3824)) ?x580 (* (- 18) r) (* (- 9) ?x2057) (* (- 2) (* s00 ?x3074)) (* 9 (* r00 ?x3074)) (* 6 (* r00 s00 ?x3824)))))
 (let ((?x551 (* 12 ?x550)))
 (let ((?x582 (* (- 6) x00)))
 (let ((?x56 (* 6 x)))
 (let ((?x2846 (* (- 6) ?x2907)))
 (let ((?x581 (* (- 3) r00)))
 (let ((?x2055 (+ (* 2 ?x3165) (* (- 12) ?x2403) (* (- 15) r) ?x44 ?x2019 ?x581 (* 4 ?x2057) ?x2846 ?x56 ?x582 ?x551)))
 (let ((?x380 (* r00 r00)))
 (let ((?x1929 (* (- 3) ?x380)))
 (let ((?x359 (* (- 1) s)))
 (let (($x1989 (= (+ s00 ?x359 (* (- 6) r) (* 3 (* ?x3824 ?x3824)) ?x1929) 3)))
 (let (($x1133 (not $x1989)))
 (let (($x3503 (or $x1133 (not (= ?x2055 6)) (not (= ?x2254 9)) (not (= ?x2572 27)) $x2462 $x2642)))
 (let ((?x1985 (* r00 r00 s)))
 (let ((?x1290 (* 36 ?x1985)))
 (let ((?x716 (+ ?x2400 ?x1995 ?x2867 (* 15 (* s s)) (* (- 216) (* r00 r00 r00 s)) ?x1246 (* (- 4) (* s s s)) (* 108 (* x x)) ?x1868 (* (- 12) (* s00 s s)) (* 108 (* s00 x)) ?x1159 ?x2584 (* 108 (* x00 s)) (* 432 (* r00 r00 r00 x)) (* (- 66) (* s00 s)) (* 108 (* r00 s00 s)) ?x2259 (* (- 216) (* r00 s00 x)) (* 36 (* r00 r00 s s)) ?x2730 (* (- 108) (* x s)) ?x1290 ?x3490 (* (- 108) (* r00 x)) ?x137 ?x419 ?x2019 (* 54 (* r00 s)) (* (- 216) (* x00 x)) ?x2742)))
 (let (($x839 (= ?x716 0)))
 (let ((?x3067 (* r00 r00 x)))
 (let ((?x3149 (* (- 36) ?x3067)))
 (let ((?x2394 (* r00 s s)))
 (let ((?x3134 (* (- 4) ?x2394)))
 (let ((?x665 (+ (* 24 (* s r)) ?x2702 (* (- 36) (* r00 x r)) ?x2375 (* (- 3) (* s s)) (* (- 54) (* x r)) (* 6 (* s00 x)) ?x3134 ?x2393 (* 6 (* x00 s)) (* (- 12) (* s00 s)) (* 2 (* r00 s00 s)) ?x3106 (* (- 2) (* s s r)) (* (- 6) (* x s)) (* 4 (* s00 s00 r)) ?x1290 ?x969 ?x2784 (* (- 2) (* s00 s r)) (* 36 (* r00 x00 r)) (* (- 54) (* r00 x)) ?x137 ?x419 (* 54 (* x00 r)) ?x2019 (* (- 24) (* s00 r)) (* 24 (* r00 s)) ?x3149)))
 (let ((?x2056 (* r00 x)))
 (let ((?x2341 (* (- 18) ?x2056)))
 (let ((?x626 (* s s)))
 (let ((?x2322 (* (- 2) ?x626)))
 (let ((?x2301 (+ (* 9 (* s r)) ?x604 ?x654 ?x2322 (* (- 18) (* x r)) (* (- 6) (* r00 s r)) (* 6 ?x1985) ?x673 ?x2341 ?x44 ?x2564 (* 18 (* x00 r)) ?x580 (* (- 9) (* s00 r)) (* (- 2) (* s00 s)) (* 9 (* r00 s)) (* 6 (* r00 s00 r)))))
 (let ((?x43 (* 3 r)))
 (let ((?x2113 (+ (* 2 (* s r)) (* (- 12) (* r00 r00 r)) ?x43 ?x44 ?x580 ?x581 (* 4 (* s00 r)) ?x2846 ?x56 ?x582 ?x551)))
 (let (($x3240 (= (+ s00 ?x359 (* 3 (* r r)) ?x1929) 0)))
 (let (($x2981 (and $x3240 (= ?x2113 0) (= ?x2301 0) (= ?x665 0) $x839 $x3503)))
 (let ((?x2087 (* 36 ?x2671)))
 (let ((?x1078 (* (- 9) s00)))
 (let ((?x1007 (* (- 15) ?x672)))
 (let ((?x981 (* (- 36) ?x968)))
 (let ((?x897 (* 6 ?x896)))
 (let ((?x2120 (* (- 2) ?x2530)))
 (let ((?x941 (* 24 ?x2907)))
 (let ((?x640 (* (- 54) ?x603)))
 (let ((?x1374 (+ (* (- 24) ?x3165) ?x640 (* 36 (* r00 ?x3824 (+ x ?x359))) ?x941 (* 3 (* ?x3074 ?x3074)) (* 54 (* ?x3824 (+ x ?x359))) (* (- 6) (* s00 (+ x ?x359))) (* 4 (* r00 ?x3074 ?x3074)) ?x2120 (* (- 6) (* x00 ?x3074)) (* 12 (* s00 ?x3074)) (* (- 2) (* r00 s00 ?x3074)) ?x897 (* 2 (* ?x3824 ?x3074 ?x3074)) (* 6 (* (+ x ?x359) ?x3074)) (* (- 4) (* s00 s00 ?x3824)) (* (- 36) ?x2769) ?x981 ?x1007 (* 2 (* s00 ?x3824 ?x3074)) (* (- 36) (* r00 x00 ?x3824)) (* 54 (* r00 (+ x ?x359))) ?x1078 ?x2087 (* (- 54) (* x00 ?x3824)) ?x143 (* 54 r) (* 24 ?x2057) (* (- 24) (* r00 ?x3074)) (* 36 (* r00 r00 (+ x ?x359))))))
 (let ((?x47 (* 3 s)))
 (let ((?x2674 (* 6 ?x2671)))
 (let ((?x685 (* (- 4) ?x672)))
 (let ((?x1953 (* 9 ?x2907)))
 (let ((?x617 (* (- 18) ?x603)))
 (let ((?x1402 (+ (* (- 9) ?x3165) ?x617 ?x1953 (* 2 (* ?x3074 ?x3074)) (* 18 (* ?x3824 (+ x ?x359))) (* 6 (* r00 ?x3824 ?x3074)) (* (- 6) ?x2769) ?x685 (* 18 (* r00 (+ x ?x359))) ?x459 ?x2674 (* (- 18) (* x00 ?x3824)) ?x47 (* 18 r) (* 9 ?x2057) (* 2 (* s00 ?x3074)) (* (- 9) (* r00 ?x3074)) (* (- 6) (* r00 s00 ?x3824)))))
 (let (($x3773 (= (+ ?x2695 ?x2182 ?x2349 ?x459 ?x143 ?x48 ?x3480 ?x2754 ?x529 ?x59 ?x564) (- 6))))
 (let (($x3769 (or $x1133 (not $x3773) (not (= ?x1402 (- 9))) (not (= ?x1374 (- 27))) $x2462 $x2642)))
 (let ((?x2735 (* (- 36) ?x1985)))
 (let ((?x658 (* 3 ?x626)))
 (let ((?x2590 (+ (* (- 24) (* s r)) ?x640 (* 36 (* r00 x r)) ?x941 ?x658 (* 54 (* x r)) (* (- 6) (* s00 x)) (* 4 ?x2394) ?x2120 (* (- 6) (* x00 s)) (* 12 (* s00 s)) (* (- 2) (* r00 s00 s)) ?x897 (* 2 (* s s r)) (* 6 (* x s)) (* (- 4) (* s00 s00 r)) ?x2735 ?x981 ?x1007 (* 2 (* s00 s r)) (* (- 36) (* r00 x00 r)) (* 54 ?x2056) ?x1078 ?x2087 (* (- 54) (* x00 r)) ?x143 (* 24 (* s00 r)) (* (- 24) (* r00 s)) (* 36 ?x3067))))
 (let ((?x627 (* 2 ?x626)))
 (let ((?x2101 (+ (* (- 9) (* s r)) ?x617 ?x1953 ?x627 (* 18 (* x r)) (* 6 (* r00 s r)) (* (- 6) ?x1985) ?x685 (* 18 ?x2056) ?x459 ?x2674 (* (- 18) (* x00 r)) ?x47 (* 9 (* s00 r)) (* 2 (* s00 s)) (* (- 9) (* r00 s)) (* (- 6) (* r00 s00 r)))))
 (let ((?x1928 (* (- 3) r)))
 (let ((?x2986 (+ (* (- 2) (* s r)) (* 12 (* r00 r00 r)) ?x1928 ?x459 ?x47 ?x48 (* (- 4) (* s00 r)) ?x2754 ?x529 ?x59 ?x564)))
 (let (($x2763 (and $x3240 (= ?x2986 0) (= ?x2101 0) (= ?x2590 0) $x839 $x3769)))
 (rewrite (= $x2763 $x2981)))))))))))))))))))))))))))))))))))))))))))))))))))))))))))))))))))))))))))))))))))))))))))))))))))))))))))))))))))))))))
 ))
 (let (($x356 (exists ((r Int) (s Int) (x Int) )(! (let ((?x211 (* 6 r)))
 (let ((?x212 (+ s ?x211 3)))
 (let ((?x61 (* 12 r00 r00 r00)))
 (let ((?x59 (* 6 x00)))
 (let ((?x54 (* 6 r00 s00)))
 (let ((?x48 (* 3 r00)))
 (let ((?x227 (* 3 ?x212)))
 (let ((?x44 (* 3 s00)))
 (let ((?x223 (+ (* (- 2) (+ r 1) ?x212) (* 12 (+ r 1) r00 r00))))
 (let ((?x230 (- (+ (- (- ?x223 (* 3 (+ r 1))) ?x44) ?x227 ?x48) (* 4 (+ r 1) s00))))
 (let ((?x236 (- (+ (- (+ ?x230 ?x54) (* 6 (- x s))) ?x59) ?x61)))
 (let ((?x208 (* 108 x00 x00)))
 (let ((?x299 (* 9 ?x212)))
 (let ((?x139 (* 36 r00 r00 s00)))
 (let ((?x137 (* 9 s00)))
 (let ((?x197 (* 51 s00 s00)))
 (let ((?x284 (* 36 r00 r00 ?x212)))
 (let ((?x192 (* 16 s00 s00 s00)))
 (let ((?x186 (* 108 s00 x00)))
 (let ((?x177 (* 216 r00 r00 r00 s00)))
 (let ((?x175 (* 108 r00 s00 s00)))
 (let ((?x169 (* 432 r00 r00 r00 x00)))
 (let ((?x161 (* 36 r00 r00 s00 s00)))
 (let ((?x157 (- (+ (* 216 r00 s00 x00) (* 108 r00 x00)) (* 54 r00 s00))))
 (let ((?x313 (- (- (+ ?x157 (* 15 ?x212 ?x212)) (* 216 r00 r00 r00 ?x212)) ?x161)))
 (let ((?x316 (+ (- ?x313 (* 4 ?x212 ?x212 ?x212)) (* 108 (- x s) (- x s)))))
 (let ((?x321 (+ (- (- ?x316 ?x169) (* 12 ?x212 ?x212 s00)) (* 108 s00 (- x s)))))
 (let ((?x325 (+ (- ?x321 ?x175) ?x177 (* 108 ?x212 x00) (* 432 r00 r00 r00 (- x s)))))
 (let ((?x331 (- (+ (- ?x325 (* 66 ?x212 s00)) (* 108 r00 ?x212 s00)) ?x186)))
 (let ((?x334 (+ (- ?x331 (* 216 r00 s00 (- x s))) (* 36 r00 r00 ?x212 ?x212) ?x192)))
 (let ((?x339 (- (+ (- ?x334 (* 108 ?x212 (- x s))) ?x284 ?x197) (* 108 r00 (- x s)))))
 (let ((?x346 (- (+ (- (- (+ ?x339 ?x137) ?x139) ?x299) (* 54 r00 ?x212)) (* 216 (- x s) x00))))
 (let ((?x126 (* 15 s00 s00)))
 (let ((?x124 (* 36 r00 r00 x00)))
 (let ((?x118 (* 6 s00 x00)))
 (let ((?x110 (* 2 r00 s00 s00)))
 (let ((?x102 (* 24 r00 s00)))
 (let ((?x268 (+ (- (* (- 24) (+ r 1) ?x212) (* 54 r00 x00)) (* 36 (+ r 1) r00 (- x s)) ?x102 (* 3 ?x212 ?x212) (* 54 (+ r 1) (- x s)))))
 (let ((?x272 (+ (- ?x268 (* 6 s00 (- x s))) (* 4 r00 ?x212 ?x212))))
 (let ((?x279 (- (+ (- (- ?x272 ?x110) (* 6 ?x212 x00)) (* 12 ?x212 s00)) (* 2 r00 ?x212 s00))))
 (let ((?x282 (+ ?x279 ?x118 (* 2 (+ r 1) ?x212 ?x212) (* 6 ?x212 (- x s)))))
 (let ((?x288 (- (- (- (- ?x282 (* 4 (+ r 1) s00 s00)) ?x284) ?x124) ?x126)))
 (let ((?x292 (- (+ ?x288 (* 2 (+ r 1) ?x212 s00)) (* 36 (+ r 1) r00 x00))))
 (let ((?x298 (- (+ (- (+ ?x292 (* 54 r00 (- x s))) ?x137) ?x139) (* 54 (+ r 1) x00))))
 (let ((?x303 (- (+ ?x298 ?x299 (* 24 (+ r 1) s00)) (* 24 r00 ?x212))))
 (let ((?x82 (* 6 r00 r00 s00)))
 (let ((?x76 (* 4 s00 s00)))
 (let ((?x70 (* 9 r00 s00)))
 (let ((?x244 (+ (- (* (- 9) (+ r 1) ?x212) (* 18 r00 x00)) ?x70 (* 2 ?x212 ?x212) (* 18 (+ r 1) (- x s)) (* 6 (+ r 1) r00 ?x212))))
 (let ((?x249 (+ (- (- ?x244 (* 6 r00 r00 ?x212)) ?x76) (* 18 r00 (- x s)))))
 (let ((?x256 (+ (- (+ (- ?x249 ?x44) ?x82) (* 18 (+ r 1) x00)) ?x227 (* 9 (+ r 1) s00) (* 2 ?x212 s00))))
 (let ((?x260 (- (- ?x256 (* 9 r00 ?x212)) (* 6 (+ r 1) r00 s00))))
 (let ((?x33 (* 3 r00 r00)))
 (let ((?x218 (- (+ (- s00 ?x212) (* 3 (+ r 1) (+ r 1))) ?x33)))
 (let (($x354 (or (not (= ?x218 0)) (not (= ?x236 0)) (not (= ?x260 0)) (not (= (+ ?x303 (* 36 r00 r00 (- x s))) 0)) (not (= (+ ?x346 ?x208) 0)) (not (= (* ?x236 (- 6) ?x212 ?x212) 0)))))
 (let ((?x143 (* 9 s)))
 (let ((?x123 (* 36 r00 r00 s)))
 (let ((?x164 (- (- (+ ?x157 (* 15 s s)) (* 216 r00 r00 r00 s)) ?x161)))
 (let ((?x172 (- (- (+ (- ?x164 (* 4 s s s)) (* 108 x x)) ?x169) (* 12 s s s00))))
 (let ((?x180 (+ (- (+ ?x172 (* 108 s00 x)) ?x175) ?x177 (* 108 s x00) (* 432 r00 r00 r00 x))))
 (let ((?x188 (- (+ (- ?x180 (* 66 s s00)) (* 108 r00 s s00)) ?x186)))
 (let ((?x193 (+ (- ?x188 (* 216 r00 s00 x)) (* 36 r00 r00 s s) ?x192)))
 (let ((?x200 (- (+ (- ?x193 (* 108 s x)) ?x123 ?x197) (* 108 r00 x))))
 (let ((?x207 (- (+ (- (- (+ ?x200 ?x137) ?x139) ?x143) (* 54 r00 s)) (* 216 x x00))))
 (let ((?x105 (+ (- (* (- 24) r s) (* 54 r00 x00)) (* 36 r r00 x) ?x102 (* 3 s s) (* 54 r x))))
 (let ((?x112 (- (+ (- ?x105 (* 6 s00 x)) (* 4 r00 s s)) ?x110)))
 (let ((?x117 (- (+ (- ?x112 (* 6 s x00)) (* 12 s s00)) (* 2 r00 s s00))))
 (let ((?x127 (- (+ ?x117 ?x118 (* 2 r s s) (* 6 s x)) (* 4 r s00 s00))))
 (let ((?x134 (- (+ (- (- (- ?x127 ?x123) ?x124) ?x126) (* 2 r s s00)) (* 36 r r00 x00))))
 (let ((?x142 (- (+ (- (+ ?x134 (* 54 r00 x)) ?x137) ?x139) (* 54 r x00))))
 (let ((?x149 (+ (- (+ ?x142 ?x143 (* 24 r s00)) (* 24 r00 s)) (* 36 r00 r00 x))))
 (let ((?x47 (* 3 s)))
 (let ((?x74 (+ (- (* (- 9) r s) (* 18 r00 x00)) ?x70 (* 2 s s) (* 18 r x) (* 6 r r00 s))))
 (let ((?x80 (+ (- (- ?x74 (* 6 r00 r00 s)) ?x76) (* 18 r00 x))))
 (let ((?x88 (+ (- (+ (- ?x80 ?x44) ?x82) (* 18 r x00)) ?x47 (* 9 r s00) (* 2 s s00))))
 (let (($x93 (= (- (- ?x88 (* 9 r00 s)) (* 6 r r00 s00)) 0)))
 (let ((?x56 (* 6 x)))
 (let ((?x43 (* 3 r)))
 (let ((?x46 (- (- (+ (* (- 2) r s) (* 12 r r00 r00)) ?x43) ?x44)))
 (let ((?x60 (+ (- (+ (- (+ ?x46 ?x47 ?x48) (* 4 r s00)) ?x54) ?x56) ?x59)))
 (and (= (- (+ (- s00 s) (* 3 r r)) ?x33) 0) (= (- ?x60 ?x61) 0) $x93 (= ?x149 0) (= (+ ?x207 ?x208) 0) $x354))))))))))))))))))))))))))))))))))))))))))))))))))))))))))))))))))))))))))))))))) :qid k!40))
 ))
 (let ((?x3777 (lambda ((r Int) (s Int) (x Int) )(let ((?x550 (* r00 r00 r00)))
 (let ((?x564 (* (- 12) ?x550)))
 (let ((?x59 (* 6 x00)))
 (let ((?x529 (* (- 6) x)))
 (let ((?x2907 (* r00 s00)))
 (let ((?x2754 (* 6 ?x2907)))
 (let ((?x3824 (+ 1 r)))
 (let ((?x2057 (* s00 ?x3824)))
 (let ((?x3480 (* (- 4) ?x2057)))
 (let ((?x48 (* 3 r00)))
 (let ((?x143 (* 9 s)))
 (let ((?x459 (* (- 3) s00)))
 (let ((?x2349 (* 15 r)))
 (let ((?x2403 (* r00 r00 ?x3824)))
 (let ((?x2182 (* 12 ?x2403)))
 (let ((?x211 (* 6 r)))
 (let ((?x3074 (+ 3 s ?x211)))
 (let ((?x3165 (* ?x3824 ?x3074)))
 (let ((?x2695 (* (- 2) ?x3165)))
 (let ((?x1839 (* ?x3074 ?x3074 (+ 6 ?x2695 ?x2182 ?x2349 ?x459 ?x143 ?x48 ?x3480 ?x2754 ?x529 ?x59 ?x564))))
 (let (($x2642 (not (= ?x1839 0))))
 (let ((?x1451 (* x00 x00)))
 (let ((?x2742 (* 108 ?x1451)))
 (let ((?x400 (* (- 54) r)))
 (let ((?x2019 (* (- 9) s)))
 (let ((?x2671 (* r00 r00 s00)))
 (let ((?x419 (* (- 36) ?x2671)))
 (let ((?x137 (* 9 s00)))
 (let ((?x672 (* s00 s00)))
 (let ((?x3490 (* 51 ?x672)))
 (let ((?x2769 (* r00 r00 ?x3074)))
 (let ((?x1793 (* 36 ?x2769)))
 (let ((?x1289 (* s00 s00 s00)))
 (let ((?x2730 (* 16 ?x1289)))
 (let ((?x896 (* s00 x00)))
 (let ((?x2259 (* (- 108) ?x896)))
 (let ((?x2584 (* 216 (* r00 r00 r00 s00))))
 (let ((?x2530 (* r00 s00 s00)))
 (let ((?x1159 (* (- 108) ?x2530)))
 (let ((?x1003 (* r00 r00 r00 x00)))
 (let ((?x1868 (* (- 432) ?x1003)))
 (let ((?x1246 (* (- 36) (* r00 r00 s00 s00))))
 (let ((?x2867 (* (- 54) ?x2907)))
 (let ((?x603 (* r00 x00)))
 (let ((?x1995 (* 108 ?x603)))
 (let ((?x2400 (* 216 (* r00 s00 x00))))
 (let ((?x971 (+ ?x2400 ?x1995 ?x2867 (* 15 (* ?x3074 ?x3074)) (* (- 216) (* r00 r00 r00 ?x3074)) ?x1246 (* (- 4) (* ?x3074 ?x3074 ?x3074)) (* 108 (* (+ x (* (- 1) s)) (+ x (* (- 1) s)))) ?x1868 (* (- 12) (* s00 ?x3074 ?x3074)) (* 108 (* s00 (+ x (* (- 1) s)))) ?x1159 ?x2584 (* 108 (* x00 ?x3074)) (* 432 (* r00 r00 r00 (+ x (* (- 1) s)))) (* (- 66) (* s00 ?x3074)) (* 108 (* r00 s00 ?x3074)) ?x2259 (* (- 216) (* r00 s00 (+ x (* (- 1) s)))) (* 36 (* r00 r00 ?x3074 ?x3074)) ?x2730 (* (- 108) (* (+ x (* (- 1) s)) ?x3074)) ?x1793 ?x3490 (* (- 108) (* r00 (+ x (* (- 1) s)))) ?x137 ?x419 ?x2019 ?x400 (* 54 (* r00 ?x3074)) (* (- 216) (* x00 (+ x (* (- 1) s)))) ?x2742)))
 (let (($x2462 (not (= ?x971 27))))
 (let ((?x2087 (* 36 ?x2671)))
 (let ((?x1078 (* (- 9) s00)))
 (let ((?x1007 (* (- 15) ?x672)))
 (let ((?x968 (* r00 r00 x00)))
 (let ((?x981 (* (- 36) ?x968)))
 (let ((?x897 (* 6 ?x896)))
 (let ((?x2120 (* (- 2) ?x2530)))
 (let ((?x941 (* 24 ?x2907)))
 (let ((?x640 (* (- 54) ?x603)))
 (let ((?x1374 (+ (* (- 24) ?x3165) ?x640 (* 36 (* r00 ?x3824 (+ x (* (- 1) s)))) ?x941 (* 3 (* ?x3074 ?x3074)) (* 54 (* ?x3824 (+ x (* (- 1) s)))) (* (- 6) (* s00 (+ x (* (- 1) s)))) (* 4 (* r00 ?x3074 ?x3074)) ?x2120 (* (- 6) (* x00 ?x3074)) (* 12 (* s00 ?x3074)) (* (- 2) (* r00 s00 ?x3074)) ?x897 (* 2 (* ?x3824 ?x3074 ?x3074)) (* 6 (* (+ x (* (- 1) s)) ?x3074)) (* (- 4) (* s00 s00 ?x3824)) (* (- 36) ?x2769) ?x981 ?x1007 (* 2 (* s00 ?x3824 ?x3074)) (* (- 36) (* r00 x00 ?x3824)) (* 54 (* r00 (+ x (* (- 1) s)))) ?x1078 ?x2087 (* (- 54) (* x00 ?x3824)) ?x143 (* 54 r) (* 24 ?x2057) (* (- 24) (* r00 ?x3074)) (* 36 (* r00 r00 (+ x (* (- 1) s)))))))
 (let ((?x47 (* 3 s)))
 (let ((?x2674 (* 6 ?x2671)))
 (let ((?x685 (* (- 4) ?x672)))
 (let ((?x1953 (* 9 ?x2907)))
 (let ((?x617 (* (- 18) ?x603)))
 (let ((?x1402 (+ (* (- 9) ?x3165) ?x617 ?x1953 (* 2 (* ?x3074 ?x3074)) (* 18 (* ?x3824 (+ x (* (- 1) s)))) (* 6 (* r00 ?x3824 ?x3074)) (* (- 6) ?x2769) ?x685 (* 18 (* r00 (+ x (* (- 1) s)))) ?x459 ?x2674 (* (- 18) (* x00 ?x3824)) ?x47 (* 18 r) (* 9 ?x2057) (* 2 (* s00 ?x3074)) (* (- 9) (* r00 ?x3074)) (* (- 6) (* r00 s00 ?x3824)))))
 (let (($x3773 (= (+ ?x2695 ?x2182 ?x2349 ?x459 ?x143 ?x48 ?x3480 ?x2754 ?x529 ?x59 ?x564) (- 6))))
 (let ((?x380 (* r00 r00)))
 (let ((?x1929 (* (- 3) ?x380)))
 (let ((?x359 (* (- 1) s)))
 (let (($x1989 (= (+ s00 ?x359 (* (- 6) r) (* 3 (* ?x3824 ?x3824)) ?x1929) 3)))
 (let (($x1133 (not $x1989)))
 (let (($x3769 (or $x1133 (not $x3773) (not (= ?x1402 (- 9))) (not (= ?x1374 (- 27))) $x2462 $x2642)))
 (let ((?x1985 (* r00 r00 s)))
 (let ((?x1290 (* 36 ?x1985)))
 (let ((?x716 (+ ?x2400 ?x1995 ?x2867 (* 15 (* s s)) (* (- 216) (* r00 r00 r00 s)) ?x1246 (* (- 4) (* s s s)) (* 108 (* x x)) ?x1868 (* (- 12) (* s00 s s)) (* 108 (* s00 x)) ?x1159 ?x2584 (* 108 (* x00 s)) (* 432 (* r00 r00 r00 x)) (* (- 66) (* s00 s)) (* 108 (* r00 s00 s)) ?x2259 (* (- 216) (* r00 s00 x)) (* 36 (* r00 r00 s s)) ?x2730 (* (- 108) (* x s)) ?x1290 ?x3490 (* (- 108) (* r00 x)) ?x137 ?x419 ?x2019 (* 54 (* r00 s)) (* (- 216) (* x00 x)) ?x2742)))
 (let (($x839 (= ?x716 0)))
 (let ((?x2735 (* (- 36) ?x1985)))
 (let ((?x626 (* s s)))
 (let ((?x658 (* 3 ?x626)))
 (let ((?x2590 (+ (* (- 24) (* s r)) ?x640 (* 36 (* r00 x r)) ?x941 ?x658 (* 54 (* x r)) (* (- 6) (* s00 x)) (* 4 (* r00 s s)) ?x2120 (* (- 6) (* x00 s)) (* 12 (* s00 s)) (* (- 2) (* r00 s00 s)) ?x897 (* 2 (* s s r)) (* 6 (* x s)) (* (- 4) (* s00 s00 r)) ?x2735 ?x981 ?x1007 (* 2 (* s00 s r)) (* (- 36) (* r00 x00 r)) (* 54 (* r00 x)) ?x1078 ?x2087 (* (- 54) (* x00 r)) ?x143 (* 24 (* s00 r)) (* (- 24) (* r00 s)) (* 36 (* r00 r00 x)))))
 (let ((?x627 (* 2 ?x626)))
 (let ((?x2101 (+ (* (- 9) (* s r)) ?x617 ?x1953 ?x627 (* 18 (* x r)) (* 6 (* r00 s r)) (* (- 6) ?x1985) ?x685 (* 18 (* r00 x)) ?x459 ?x2674 (* (- 18) (* x00 r)) ?x47 (* 9 (* s00 r)) (* 2 (* s00 s)) (* (- 9) (* r00 s)) (* (- 6) (* r00 s00 r)))))
 (let ((?x1928 (* (- 3) r)))
 (let ((?x2986 (+ (* (- 2) (* s r)) (* 12 (* r00 r00 r)) ?x1928 ?x459 ?x47 ?x48 (* (- 4) (* s00 r)) ?x2754 ?x529 ?x59 ?x564)))
 (let (($x3240 (= (+ s00 ?x359 (* 3 (* r r)) ?x1929) 0)))
 (let (($x2763 (and $x3240 (= ?x2986 0) (= ?x2101 0) (= ?x2590 0) $x839 $x3769)))
 (let ((?x212 (+ s ?x211 3)))
 (let ((?x61 (* 12 r00 r00 r00)))
 (let ((?x54 (* 6 r00 s00)))
 (let ((?x227 (* 3 ?x212)))
 (let ((?x44 (* 3 s00)))
 (let ((?x223 (+ (* (- 2) (+ r 1) ?x212) (* 12 (+ r 1) r00 r00))))
 (let ((?x230 (- (+ (- (- ?x223 (* 3 (+ r 1))) ?x44) ?x227 ?x48) (* 4 (+ r 1) s00))))
 (let ((?x236 (- (+ (- (+ ?x230 ?x54) (* 6 (- x s))) ?x59) ?x61)))
 (let ((?x208 (* 108 x00 x00)))
 (let ((?x299 (* 9 ?x212)))
 (let ((?x139 (* 36 r00 r00 s00)))
 (let ((?x197 (* 51 s00 s00)))
 (let ((?x284 (* 36 r00 r00 ?x212)))
 (let ((?x192 (* 16 s00 s00 s00)))
 (let ((?x186 (* 108 s00 x00)))
 (let ((?x177 (* 216 r00 r00 r00 s00)))
 (let ((?x175 (* 108 r00 s00 s00)))
 (let ((?x169 (* 432 r00 r00 r00 x00)))
 (let ((?x161 (* 36 r00 r00 s00 s00)))
 (let ((?x157 (- (+ (* 216 r00 s00 x00) (* 108 r00 x00)) (* 54 r00 s00))))
 (let ((?x313 (- (- (+ ?x157 (* 15 ?x212 ?x212)) (* 216 r00 r00 r00 ?x212)) ?x161)))
 (let ((?x316 (+ (- ?x313 (* 4 ?x212 ?x212 ?x212)) (* 108 (- x s) (- x s)))))
 (let ((?x321 (+ (- (- ?x316 ?x169) (* 12 ?x212 ?x212 s00)) (* 108 s00 (- x s)))))
 (let ((?x325 (+ (- ?x321 ?x175) ?x177 (* 108 ?x212 x00) (* 432 r00 r00 r00 (- x s)))))
 (let ((?x331 (- (+ (- ?x325 (* 66 ?x212 s00)) (* 108 r00 ?x212 s00)) ?x186)))
 (let ((?x334 (+ (- ?x331 (* 216 r00 s00 (- x s))) (* 36 r00 r00 ?x212 ?x212) ?x192)))
 (let ((?x339 (- (+ (- ?x334 (* 108 ?x212 (- x s))) ?x284 ?x197) (* 108 r00 (- x s)))))
 (let ((?x346 (- (+ (- (- (+ ?x339 ?x137) ?x139) ?x299) (* 54 r00 ?x212)) (* 216 (- x s) x00))))
 (let ((?x126 (* 15 s00 s00)))
 (let ((?x124 (* 36 r00 r00 x00)))
 (let ((?x118 (* 6 s00 x00)))
 (let ((?x110 (* 2 r00 s00 s00)))
 (let ((?x102 (* 24 r00 s00)))
 (let ((?x268 (+ (- (* (- 24) (+ r 1) ?x212) (* 54 r00 x00)) (* 36 (+ r 1) r00 (- x s)) ?x102 (* 3 ?x212 ?x212) (* 54 (+ r 1) (- x s)))))
 (let ((?x272 (+ (- ?x268 (* 6 s00 (- x s))) (* 4 r00 ?x212 ?x212))))
 (let ((?x279 (- (+ (- (- ?x272 ?x110) (* 6 ?x212 x00)) (* 12 ?x212 s00)) (* 2 r00 ?x212 s00))))
 (let ((?x282 (+ ?x279 ?x118 (* 2 (+ r 1) ?x212 ?x212) (* 6 ?x212 (- x s)))))
 (let ((?x288 (- (- (- (- ?x282 (* 4 (+ r 1) s00 s00)) ?x284) ?x124) ?x126)))
 (let ((?x292 (- (+ ?x288 (* 2 (+ r 1) ?x212 s00)) (* 36 (+ r 1) r00 x00))))
 (let ((?x298 (- (+ (- (+ ?x292 (* 54 r00 (- x s))) ?x137) ?x139) (* 54 (+ r 1) x00))))
 (let ((?x303 (- (+ ?x298 ?x299 (* 24 (+ r 1) s00)) (* 24 r00 ?x212))))
 (let ((?x82 (* 6 r00 r00 s00)))
 (let ((?x76 (* 4 s00 s00)))
 (let ((?x70 (* 9 r00 s00)))
 (let ((?x244 (+ (- (* (- 9) (+ r 1) ?x212) (* 18 r00 x00)) ?x70 (* 2 ?x212 ?x212) (* 18 (+ r 1) (- x s)) (* 6 (+ r 1) r00 ?x212))))
 (let ((?x249 (+ (- (- ?x244 (* 6 r00 r00 ?x212)) ?x76) (* 18 r00 (- x s)))))
 (let ((?x256 (+ (- (+ (- ?x249 ?x44) ?x82) (* 18 (+ r 1) x00)) ?x227 (* 9 (+ r 1) s00) (* 2 ?x212 s00))))
 (let ((?x260 (- (- ?x256 (* 9 r00 ?x212)) (* 6 (+ r 1) r00 s00))))
 (let ((?x33 (* 3 r00 r00)))
 (let ((?x218 (- (+ (- s00 ?x212) (* 3 (+ r 1) (+ r 1))) ?x33)))
 (let (($x354 (or (not (= ?x218 0)) (not (= ?x236 0)) (not (= ?x260 0)) (not (= (+ ?x303 (* 36 r00 r00 (- x s))) 0)) (not (= (+ ?x346 ?x208) 0)) (not (= (* ?x236 (- 6) ?x212 ?x212) 0)))))
 (let ((?x123 (* 36 r00 r00 s)))
 (let ((?x164 (- (- (+ ?x157 (* 15 s s)) (* 216 r00 r00 r00 s)) ?x161)))
 (let ((?x172 (- (- (+ (- ?x164 (* 4 s s s)) (* 108 x x)) ?x169) (* 12 s s s00))))
 (let ((?x180 (+ (- (+ ?x172 (* 108 s00 x)) ?x175) ?x177 (* 108 s x00) (* 432 r00 r00 r00 x))))
 (let ((?x188 (- (+ (- ?x180 (* 66 s s00)) (* 108 r00 s s00)) ?x186)))
 (let ((?x193 (+ (- ?x188 (* 216 r00 s00 x)) (* 36 r00 r00 s s) ?x192)))
 (let ((?x200 (- (+ (- ?x193 (* 108 s x)) ?x123 ?x197) (* 108 r00 x))))
 (let ((?x207 (- (+ (- (- (+ ?x200 ?x137) ?x139) ?x143) (* 54 r00 s)) (* 216 x x00))))
 (let ((?x105 (+ (- (* (- 24) r s) (* 54 r00 x00)) (* 36 r r00 x) ?x102 (* 3 s s) (* 54 r x))))
 (let ((?x112 (- (+ (- ?x105 (* 6 s00 x)) (* 4 r00 s s)) ?x110)))
 (let ((?x117 (- (+ (- ?x112 (* 6 s x00)) (* 12 s s00)) (* 2 r00 s s00))))
 (let ((?x127 (- (+ ?x117 ?x118 (* 2 r s s) (* 6 s x)) (* 4 r s00 s00))))
 (let ((?x134 (- (+ (- (- (- ?x127 ?x123) ?x124) ?x126) (* 2 r s s00)) (* 36 r r00 x00))))
 (let ((?x142 (- (+ (- (+ ?x134 (* 54 r00 x)) ?x137) ?x139) (* 54 r x00))))
 (let ((?x149 (+ (- (+ ?x142 ?x143 (* 24 r s00)) (* 24 r00 s)) (* 36 r00 r00 x))))
 (let ((?x74 (+ (- (* (- 9) r s) (* 18 r00 x00)) ?x70 (* 2 s s) (* 18 r x) (* 6 r r00 s))))
 (let ((?x80 (+ (- (- ?x74 (* 6 r00 r00 s)) ?x76) (* 18 r00 x))))
 (let ((?x88 (+ (- (+ (- ?x80 ?x44) ?x82) (* 18 r x00)) ?x47 (* 9 r s00) (* 2 s s00))))
 (let (($x93 (= (- (- ?x88 (* 9 r00 s)) (* 6 r r00 s00)) 0)))
 (let ((?x56 (* 6 x)))
 (let ((?x43 (* 3 r)))
 (let ((?x46 (- (- (+ (* (- 2) r s) (* 12 r r00 r00)) ?x43) ?x44)))
 (let ((?x60 (+ (- (+ (- (+ ?x46 ?x47 ?x48) (* 4 r s00)) ?x54) ?x56) ?x59)))
 (let (($x355 (and (= (- (+ (- s00 s) (* 3 r r)) ?x33) 0) (= (- ?x60 ?x61) 0) $x93 (= ?x149 0) (= (+ ?x207 ?x208) 0) $x354)))
 (rewrite (= $x355 $x2763)))))))))))))))))))))))))))))))))))))))))))))))))))))))))))))))))))))))))))))))))))))))))))))))))))))))))))))))))))))))))))))))))))))))))))))))))))))))))))))))))))
 ))
 (let ((@x357 (asserted $x356)))
 (let ((@x1779 (mp (mp @x357 (quant-intro (proof-bind ?x3777) (= $x356 $x3771)) $x3771) (rewrite (= $x3771 $x3771)) $x3771)))
 (let ((@x970 (mp (mp @x1779 (quant-intro (proof-bind ?x2670) (= $x3771 $x1148)) $x1148) (quant-intro (proof-bind ?x3283) (= $x1148 $x2346)) $x2346)))
 (let ((@x3042 (mp (mp~ @x970 (sk (~ $x2346 $x2679)) $x2679) (rewrite (= $x2679 $x1633)) $x1633)))
 (let ((@x3452 (and-elim @x3042 $x3020)))
 (let ((@x1676 (unit-resolution ((_ th-lemma arith triangle-eq) (or (not $x3020) $x2932)) @x3452 $x2932)))
 (let (($x2940 (>= ?x2077 0)))
 (let ((@x629 (unit-resolution ((_ th-lemma arith triangle-eq) (or (not $x3020) $x2940)) @x3452 $x2940)))
 (let (($x2624 (<= ?x625 0)))
 (let ((@x3084 (and-elim @x3042 $x1092)))
 (let ((@x2062 (unit-resolution ((_ th-lemma arith triangle-eq) (or $x3161 $x2624)) @x3084 $x2624)))
 (let (($x2588 (>= ?x625 0)))
 (let ((@x1125 (unit-resolution ((_ th-lemma arith triangle-eq) (or $x3161 $x2588)) @x3084 $x2588)))
 (let (($x956 (<= ?x1911 0)))
 (let ((@x3476 (and-elim @x3042 $x1517)))
 (let ((@x2660 (unit-resolution ((_ th-lemma arith triangle-eq) (or (not $x1517) $x956)) @x3476 $x956)))
 (let (($x2307 (>= ?x1911 0)))
 (let ((@x2629 (unit-resolution ((_ th-lemma arith triangle-eq) (or (not $x1517) $x2307)) @x3476 $x2307)))
 (let (($x1791 (<= ?x3710 0)))
 (let ((@x3486 (and-elim @x3042 $x3711)))
 (let ((@x2355 (unit-resolution ((_ th-lemma arith triangle-eq) (or (not $x3711) $x1791)) @x3486 $x1791)))
 (let (($x1858 (>= ?x3710 0)))
 (let ((@x3462 (unit-resolution ((_ th-lemma arith triangle-eq) (or (not $x3711) $x1858)) @x3486 $x1858)))
 (let (($x1961 (<= ?x1871 0)))
 (let ((@x1210 (and-elim @x3042 $x1903)))
 (let ((@x2504 (unit-resolution ((_ th-lemma arith triangle-eq) (or (not $x1903) $x1961)) @x1210 $x1961)))
 (let (($x1121 (>= ?x1871 0)))
 (let ((@x2818 (unit-resolution ((_ th-lemma arith triangle-eq) (or (not $x1903) $x1121)) @x1210 $x1121)))
 (let (($x3494 (<= ?x3026 0)))
 (let (($x862 (<= ?x2218 0)))
 (let ((@x2233 ((_ th-lemma arith) (hypothesis (not $x862)) @x1125 @x2062 @x3462 @x2355 @x3462 @x2355 @x2629 @x2660 @x2629 @x2660 @x2629 @x2660 @x1125 @x2062 @x3462 @x2355 @x1125 @x2062 @x1125 @x2062 @x629 @x1676 false)))
 (let ((@x530 (lemma @x2233 $x862)))
 (let (($x1357 (>= ?x2218 0)))
 (let ((@x3717 ((_ th-lemma arith) (hypothesis (not $x1357)) @x1125 @x2062 @x3462 @x2355 @x3462 @x2355 @x2629 @x2660 @x2629 @x2660 @x2629 @x2660 @x1125 @x2062 @x3462 @x2355 @x1125 @x2062 @x1125 @x2062 @x629 @x1676 false)))
 (let ((@x3687 (lemma @x3717 $x1357)))
 (let ((@x395 ((_ th-lemma arith) (hypothesis (not $x3494)) @x1125 @x2062 @x3687 @x530 @x3462 @x2355 @x3462 @x2355 @x2629 @x2660 @x1125 @x2062 @x1125 @x2062 @x2629 @x2660 false)))
 (let ((@x3682 (lemma @x395 $x3494)))
 (let (($x3311 (>= ?x3026 0)))
 (let ((@x1701 ((_ th-lemma arith) (hypothesis (not $x3311)) @x1125 @x2062 @x3687 @x530 @x3462 @x2355 @x3462 @x2355 @x2629 @x2660 @x1125 @x2062 @x1125 @x2062 @x2629 @x2660 false)))
 (let ((@x2457 (lemma @x1701 $x3311)))
 (let (($x3455 (not (>= ?x989 0))))
 (let (($x3661 (<= ?x989 0)))
 (let ((@x3171 ((_ th-lemma arith) (hypothesis (not $x3661)) @x1125 @x2062 @x2629 @x2660 @x3462 @x2355 @x3462 @x2355 @x1125 @x2062 @x2629 @x2660 @x1125 @x2062 @x2818 @x2504 @x2629 @x2660 @x3462 @x2355 @x3462 @x2355 @x2629 @x2660 @x629 @x1676 @x1125 @x2062 @x1125 @x2062 @x629 @x1676 false)))
 (let (($x2815 (>= ?x1084 0)))
 (let (($x2789 (<= ?x1084 0)))
 (let ((@x3497 (unit-resolution ((_ th-lemma arith assign-bounds -4 -1) (or $x2789 (not $x2624) (not $x2932))) @x1676 @x2062 $x2789)))
 (let ((@x2924 (unit-resolution ((_ th-lemma arith triangle-eq) (or $x1010 (not $x2789) (not $x2815))) @x3497 (lemma ((_ th-lemma arith farkas -4 -1 1) @x1125 @x629 (hypothesis (not $x2815)) false) $x2815) $x1010)))
 (let ((@x3463 (unit-resolution ((_ th-lemma arith triangle-eq) (or $x3018 (not $x3494) (not $x3311))) @x3682 @x2457 $x3018)))
 (let (($x1947 (>= ?x3558 0)))
 (let ((@x618 (lemma ((_ th-lemma arith farkas 1 1 1 1 1) (hypothesis (not $x1947)) @x2062 @x1676 @x1125 @x629 false) $x1947)))
 (let (($x2843 (<= ?x3558 0)))
 (let ((@x2811 (lemma ((_ th-lemma arith farkas 1 1 1 1 1) (hypothesis (not $x2843)) @x2062 @x1676 @x1125 @x629 false) $x2843)))
 (let ((@x996 (unit-resolution ((_ th-lemma arith triangle-eq) (or $x3686 (not $x2843) (not $x1947))) @x2811 @x618 $x3686)))
 (let ((@x3470 (unit-resolution ((_ th-lemma arith triangle-eq) (or $x2236 (not $x862) (not $x1357))) @x3687 @x530 $x2236)))
 (let ((@x3719 (unit-resolution (and-elim @x3042 $x3001) @x3084 (or $x2969 $x2010 $x3036 $x3391 $x2209))))
 (let ((@x2506 (unit-resolution (unit-resolution @x3719 @x3470 @x996 (or $x2969 $x2010 $x3391)) @x3463 @x2924 $x3391)))
 (let ((@x1553 (unit-resolution ((_ th-lemma arith triangle-eq) (or $x944 (not $x3661) $x3455)) @x2506 (lemma @x3171 $x3661) $x3455)))
 ((_ th-lemma arith) @x1553 @x1125 @x2062 @x2629 @x2660 @x3462 @x2355 @x3462 @x2355 @x1125 @x2062 @x2629 @x2660 @x1125 @x2062 @x3687 @x530 @x2629 @x2660 @x2457 @x3682 @x3462 @x2355 @x2818 @x2504 @x629 @x1676 @x1125 @x2062 @x3462 @x2355 @x2629 @x2660 @x1125 @x2062 @x629 @x1676 false)))))))))))))))))))))))))))))))))))))))))))))))))))))))))))))))))))))))))))))))))))))))))))))))))))))))))))))))))))))))))))))))))))))))))))))))))))))))))))))))))))))))))))))))))))))))))))))))))))))))))))))))))))))))))))))))))))))))))))))))))))))))))))))))))))))))))))))))))))))))))))))))))))

(:added-eqs                 16
 :arith-assert-diseq        13
 :arith-assert-lower        103
 :arith-assert-upper        35
 :arith-bound-prop          1
 :arith-conflicts           9
 :arith-eq-adapter          10
 :arith-fixed-eqs           10
 :arith-gcd-tests           28
 :arith-grobner             6
 :arith-max-min             1701
 :arith-nonlinear-bounds    69
 :arith-nonlinear-horner    56
 :arith-num-rows            11
 :arith-patches             13
 :arith-patches_succ        13
 :arith-pivots              8
 :arith-pseudo-nonlinear    8
 :arith-row-summations      28
 :arith-tableau-max-columns 140
 :arith-tableau-max-rows    11
 :conflicts                 9
 :decisions                 31
 :del-clause                37
 :final-checks              14
 :max-memory                4.48
 :memory                    3.57
 :mk-bool-var               36
 :mk-clause                 37
 :num-allocs                3774907
 :num-checks                1
 :propagations              58
 :rlimit-count              64066
 :time                      0.05
 :total-time                0.06)
