unsat
((set-logic NIA)
(declare-fun x!0 () Int)
(declare-fun r!2 () Int)
(declare-fun s!1 () Int)
(proof
(let ((?x4097 (* 6 x!0)))
 (let ((?x3541 (* s00 r!2)))
 (let ((?x2527 (* 4 ?x3541)))
 (let ((?x2717 (* r00 r00 r!2)))
 (let ((?x2601 (* (- 12) ?x2717)))
 (let ((?x3664 (* 3 r!2)))
 (let ((?x4096 (* (- 3) s!1)))
 (let ((?x794 (* s!1 r!2)))
 (let ((?x808 (* 2 ?x794)))
 (let ((?x555 (* r00 r00 r00)))
 (let ((?x556 (* 12 ?x555)))
 (let ((?x512 (* s00 r00)))
 (let ((?x590 (* (- 6) ?x512)))
 (let ((?x587 (* (- 6) x00)))
 (let ((?x586 (* (- 3) r00)))
 (let ((?x44 (* 3 s00)))
 (let ((?x2960 (+ ?x44 ?x586 ?x587 ?x590 ?x556 ?x808 ?x4096 ?x3664 ?x2601 ?x2527 ?x4097)))
 (let (($x4149 (<= ?x2960 0)))
 (let (($x766 (= ?x2960 0)))
 (let ((?x3964 (* 18 x!0)))
 (let ((?x2958 (* r!2 r!2)))
 (let ((?x3965 (* 18 ?x2958)))
 (let ((?x3396 (* 9 r!2)))
 (let ((?x1094 (* (- 12) s!1)))
 (let ((?x2263 (* r!2 x!0)))
 (let ((?x2097 (* 18 ?x2263)))
 (let ((?x966 (* s!1 s!1)))
 (let ((?x2262 (* 2 ?x966)))
 (let ((?x733 (* s00 r00 r00)))
 (let ((?x734 (* 6 ?x733)))
 (let ((?x677 (* s00 s00)))
 (let ((?x690 (* (- 4) ?x677)))
 (let ((?x608 (* r00 x00)))
 (let ((?x622 (* (- 18) ?x608)))
 (let ((?x2174 (* 3 ?x512)))
 (let ((?x385 (* r00 r00)))
 (let ((?x1896 (* (- 18) ?x385)))
 (let ((?x2015 (* (- 18) x00)))
 (let ((?x2485 (* (- 9) r00)))
 (let ((?x2072 (* 12 s00)))
 (let ((?x1599 (+ ?x2072 ?x2485 ?x2015 ?x1896 (* (- 21) (* r00 s!1)) ?x2174 (* 18 (* r00 x!0)) ?x622 ?x690 ?x734 (* (- 3) ?x794) (* 2 (* s00 s!1)) ?x2262 (* (- 6) (* s00 r00 r!2)) (* (- 6) (* r00 r00 s!1)) ?x2097 (* 36 (* r00 r!2 r!2)) ?x1094 ?x3396 (* (- 36) ?x2717) ?x3965 (* 21 ?x3541) (* (- 18) (* x00 r!2)) ?x3964 (* 6 (* r00 s!1 r!2)))))
 (let ((?x1853 (* (- 12) (* s!1 s!1 x!0))))
 (let ((?x3942 (* s!1 s!1 s!1)))
 (let ((?x1838 (* 6 ?x3942)))
 (let ((?x3561 (* (- 1) x!0)))
 (let ((?x3422 (* x!0 x!0)))
 (let ((?x1924 (* 18 ?x3422)))
 (let ((?x1789 (* 6 (* s!1 x!0 x!0))))
 (let ((?x3256 (* r!2 r!2 r!2)))
 (let ((?x3594 (* (- 648) ?x3256)))
 (let ((?x3563 (* (- 702) ?x2958)))
 (let ((?x3560 (* (- 324) r!2)))
 (let ((?x3562 (* (- 35) s!1)))
 (let ((?x2352 (* s!1 x!0)))
 (let ((?x2838 (* (- 36) ?x2352)))
 (let ((?x3532 (* 90 (* r!2 r!2 x!0 x!0))))
 (let ((?x1942 (* 72 (* r!2 x!0 x!0))))
 (let ((?x1370 (* 12 ?x966)))
 (let ((?x2298 (* 36 (* r!2 r!2 r!2 x!0 x!0))))
 (let ((?x729 (* (- 216) (* r!2 r!2 r!2 r!2))))
 (let ((?x2307 (+ (- 54) ?x729 (* (- 180) (* s!1 r!2 r!2)) (* (- 144) ?x794) ?x2298 ?x1370 (* (- 180) (* s!1 r!2 r!2 x!0)) (* 12 (* s!1 r!2 x!0 x!0)) (* 84 (* s!1 s!1 r!2 r!2)) (* 36 (* s!1 s!1 r!2 r!2 r!2)) (* (- 72) (* s!1 r!2 r!2 r!2)) ?x1942 (* (- 144) (* s!1 r!2 x!0)) ?x3532 (* (- 72) (* s!1 r!2 r!2 r!2 x!0)) ?x2838 (* 60 (* s!1 s!1 r!2)) ?x3562 ?x3560 (* (- 12) (* s!1 s!1 r!2 r!2 x!0)) ?x3563 ?x3594 ?x1789 (* 6 (* s!1 s!1 s!1 r!2 r!2)) ?x1924 (* 12 (* s!1 s!1 s!1 r!2)) (* (- 24) (* s!1 s!1 r!2 x!0)) ?x3561 ?x1838 ?x1853 (* 6 (* s!1 r!2 r!2 x!0 x!0)))))
 (let (($x4107 (= (* ?x2307 ?x1599) 0)))
 (let (($x3892 (not $x4107)))
 (let ((?x3370 (* 4 ?x3942)))
 (let ((?x3039 (* 324 x!0)))
 (let ((?x2281 (* (- 108) ?x3422)))
 (let ((?x1667 (* 864 ?x3256)))
 (let ((?x3041 (* 756 ?x2958)))
 (let ((?x2577 (* 162 r!2)))
 (let ((?x3033 (* (- 297) s!1)))
 (let ((?x2681 (* 324 ?x2352)))
 (let ((?x2760 (* 648 ?x2263)))
 (let ((?x1456 (* x00 x00)))
 (let ((?x1486 (* (- 108) ?x1456)))
 (let ((?x1294 (* s00 s00 s00)))
 (let ((?x1485 (* (- 16) ?x1294)))
 (let ((?x1182 (* s00 r00 r00 r00)))
 (let ((?x1481 (* (- 216) ?x1182)))
 (let ((?x1008 (* r00 r00 r00 x00)))
 (let ((?x1009 (* 432 ?x1008)))
 (let ((?x2502 (* (- 195) ?x966)))
 (let ((?x901 (* s00 x00)))
 (let ((?x1239 (* 108 ?x901)))
 (let ((?x865 (* s00 s00 r00 r00)))
 (let ((?x866 (* 36 ?x865)))
 (let ((?x778 (* s00 s00 r00)))
 (let ((?x1136 (* 108 ?x778)))
 (let ((?x1096 (* 36 ?x733)))
 (let ((?x1475 (* (- 51) ?x677)))
 (let ((?x1472 (* (- 108) ?x608)))
 (let ((?x604 (* s00 r00 x00)))
 (let ((?x1471 (* (- 216) ?x604)))
 (let ((?x4013 (* 648 ?x555)))
 (let ((?x3867 (* (- 270) ?x512)))
 (let ((?x2559 (* (- 432) ?x385)))
 (let ((?x4007 (* (- 324) x00)))
 (let ((?x2398 (* (- 162) r00)))
 (let ((?x4006 (* 297 s00)))
 (let ((?x2793 (+ ?x4006 ?x2398 ?x4007 ?x2559 (* (- 162) (* r00 s!1)) ?x3867 (* 108 (* r00 x!0)) (* 1296 (* r00 r00 r00 r!2)) (* (- 432) (* r00 r00 s!1 r!2)) ?x4013 ?x1471 ?x1472 ?x1475 (* 432 (* s!1 r!2 r!2)) ?x1096 (* 432 (* s00 r!2 r!2)) ?x1136 (* (- 396) ?x794) ?x866 (* 246 (* s00 s!1)) ?x1239 ?x2502 ?x1009 (* (- 648) (* s00 r00 r!2)) ?x1481 ?x1485 (* (- 252) (* r00 r00 s!1)) (* (- 324) (* r00 r!2)) ?x1486 (* 12 (* s00 s!1 s!1)) (* (- 432) (* r00 r00 r00 x!0)) (* 216 (* s00 r00 x!0)) (* (- 36) (* r00 r00 s!1 s!1)) (* (- 108) (* s00 x!0)) ?x2760 (* (- 324) (* s00 r00 s!1)) ?x2681 (* (- 1296) (* r00 r00 r!2 r!2)) (* 72 (* s!1 s!1 r!2)) ?x3033 ?x2577 (* (- 1512) ?x2717) ?x3041 (* 216 (* x00 x!0)) (* (- 324) (* x00 s!1)) (* 144 (* s00 s!1 r!2)) ?x1667 ?x2281 (* 828 ?x3541) (* (- 648) (* x00 r!2)) ?x3039 ?x3370 (* 648 (* r00 r00 r00 s!1)))))
 (let (($x4105 (= ?x2793 0)))
 (let (($x1770 (not $x4105)))
 (let ((?x1130 (* 72 x!0)))
 (let ((?x4116 (* 72 ?x3256)))
 (let ((?x993 (* 108 ?x2958)))
 (let ((?x1166 (* 36 r!2)))
 (let ((?x1144 (* (- 57) s!1)))
 (let ((?x2356 (* 6 ?x2352)))
 (let ((?x2058 (* 90 ?x2263)))
 (let ((?x973 (* r00 r00 x00)))
 (let ((?x986 (* (- 36) ?x973)))
 (let ((?x2057 (* (- 1) ?x966)))
 (let ((?x902 (* 6 ?x901)))
 (let ((?x796 (* (- 2) ?x778)))
 (let ((?x1974 (* (- 19) ?x677)))
 (let ((?x1963 (* (- 90) ?x608)))
 (let ((?x1955 (* 18 ?x512)))
 (let ((?x3126 (* (- 108) ?x385)))
 (let ((?x3124 (* (- 72) x00)))
 (let ((?x3671 (* (- 36) r00)))
 (let ((?x3103 (* 57 s00)))
 (let ((?x1815 (+ ?x3103 ?x3671 ?x3124 ?x3126 (* (- 90) (* r00 s!1)) ?x1955 (* 90 (* r00 x!0)) ?x1963 ?x1974 (* 24 (* s!1 r!2 r!2)) ?x1096 (* 12 (* s00 r!2 r!2)) ?x796 (* (- 42) ?x794) (* 20 (* s00 s!1)) ?x902 ?x2057 ?x986 (* (- 12) (* s00 r00 r!2)) (* (- 72) (* r00 r00 s!1)) (* 4 (* r00 s!1 s!1)) (* (- 6) (* s00 x!0)) ?x2058 (* (- 2) (* s00 r00 s!1)) ?x2356 (* 144 (* r00 r!2 r!2)) (* 2 (* s!1 s!1 r!2)) ?x1144 ?x1166 (* (- 216) ?x2717) ?x993 (* (- 6) (* x00 s!1)) (* 2 (* s00 s!1 r!2)) ?x4116 (* 114 ?x3541) (* 36 (* r00 r00 x!0)) (* (- 36) (* r00 x00 r!2)) (* (- 4) (* s00 s00 r!2)) (* (- 90) (* x00 r!2)) ?x1130 (* 12 (* r00 s!1 r!2)) (* 36 (* r00 r!2 x!0)))))
 (let (($x3266 (= ?x1815 0)))
 (let (($x1284 (not $x3266)))
 (let (($x1584 (= ?x1599 0)))
 (let (($x2811 (not $x1584)))
 (let ((?x3471 (* 12 ?x2958)))
 (let ((?x3435 (* (- 7) s!1)))
 (let ((?x2757 (* (- 12) ?x385)))
 (let ((?x2626 (* 7 s00)))
 (let ((?x2540 (+ ?x2626 ?x586 ?x587 ?x2757 ?x590 ?x556 ?x808 ?x3435 ?x3664 ?x2601 ?x3471 ?x2527 ?x4097)))
 (let (($x2547 (= ?x2540 0)))
 (let (($x2536 (not $x2547)))
 (let ((?x2269 (* (- 3) ?x385)))
 (let ((?x964 (+ s00 ?x2269 (* (- 1) s!1) (* 3 ?x2958))))
 (let (($x967 (= ?x964 0)))
 (let (($x852 (not $x967)))
 (let (($x3240 (or $x852 $x2536 $x2811 $x1284 $x1770 $x3892)))
 (let ((?x762 (* (- 9) s!1)))
 (let ((?x3509 (* 108 ?x1456)))
 (let ((?x1319 (* r00 r00 s!1)))
 (let ((?x679 (* 36 ?x1319)))
 (let ((?x3629 (* 16 ?x1294)))
 (let ((?x3029 (* (- 432) ?x1008)))
 (let ((?x3939 (* (- 108) ?x901)))
 (let ((?x1384 (* (- 36) ?x733)))
 (let ((?x3871 (* 51 ?x677)))
 (let ((?x1890 (* 108 ?x608)))
 (let ((?x137 (* 9 s00)))
 (let ((?x817 (+ ?x137 (* 54 (* r00 s!1)) (* (- 54) ?x512) (* (- 108) (* r00 x!0)) (* 216 ?x604) ?x1890 ?x3871 ?x1384 (* (- 108) ?x778) (* (- 36) ?x865) (* (- 66) (* s00 s!1)) ?x3939 (* 15 ?x966) ?x3029 (* 216 ?x1182) ?x3629 ?x679 ?x3509 (* (- 12) (* s00 s!1 s!1)) (* 432 (* r00 r00 r00 x!0)) (* (- 216) (* s00 r00 x!0)) (* 36 (* r00 r00 s!1 s!1)) (* 108 (* s00 x!0)) (* 108 (* s00 r00 s!1)) (* (- 108) ?x2352) ?x762 (* (- 216) (* x00 x!0)) (* 108 (* x00 s!1)) (* 108 ?x3422) (* (- 4) ?x3942) (* (- 216) (* r00 r00 r00 s!1)))))
 (let (($x818 (= ?x817 0)))
 (let ((?x974 (* 36 ?x973)))
 (let ((?x3175 (* (- 6) ?x901)))
 (let ((?x779 (* 2 ?x778)))
 (let ((?x3117 (* 15 ?x677)))
 (let ((?x1548 (* 54 ?x608)))
 (let ((?x3898 (+ ?x137 (* 24 (* r00 s!1)) (* (- 24) ?x512) (* (- 54) (* r00 x!0)) ?x1548 ?x3117 ?x1384 ?x779 (* 24 ?x794) (* (- 12) (* s00 s!1)) ?x3175 (* (- 3) ?x966) ?x974 ?x679 (* (- 4) (* r00 s!1 s!1)) (* 6 (* s00 x!0)) (* (- 54) ?x2263) (* 2 (* s00 r00 s!1)) (* (- 6) ?x2352) (* (- 2) (* s!1 s!1 r!2)) ?x762 (* 6 (* x00 s!1)) (* (- 2) (* s00 s!1 r!2)) (* (- 24) ?x3541) (* (- 36) (* r00 r00 x!0)) (* 36 (* r00 x00 r!2)) (* 4 (* s00 s00 r!2)) (* 54 (* x00 r!2)) (* (- 36) (* r00 r!2 x!0)))))
 (let (($x3011 (= ?x3898 0)))
 (let ((?x2213 (* (- 6) ?x733)))
 (let ((?x678 (* 4 ?x677)))
 (let ((?x609 (* 18 ?x608)))
 (let ((?x1664 (+ ?x44 (* 9 (* r00 s!1)) (* (- 9) ?x512) (* (- 18) (* r00 x!0)) ?x609 ?x678 ?x2213 (* 9 ?x794) (* (- 2) (* s00 s!1)) (* (- 2) ?x966) (* 6 (* s00 r00 r!2)) (* 6 ?x1319) (* (- 18) ?x2263) ?x4096 (* (- 9) ?x3541) (* 18 (* x00 r!2)) (* (- 6) (* r00 s!1 r!2)))))
 (let (($x1665 (= ?x1664 0)))
 (let (($x4143 (and $x967 $x766 $x1665 $x3011 $x818 $x3240)))
 (let ((?x2196 (* r!2 s00 r00)))
 (let ((?x715 (* (- 6) ?x2196)))
 (let ((?x2157 (* s!1 s00)))
 (let ((?x2158 (* 2 ?x2157)))
 (let ((?x2155 (* r!2 x00)))
 (let ((?x2156 (* (- 18) ?x2155)))
 (let ((?x2148 (* x!0 r00)))
 (let ((?x2154 (* 18 ?x2148)))
 (let ((?x2146 (* s!1 r00 r00)))
 (let ((?x2147 (* (- 6) ?x2146)))
 (let ((?x2144 (* r!2 s!1 r00)))
 (let ((?x2145 (* 6 ?x2144)))
 (let ((?x1415 (+ ?x3396 ?x1094 ?x3964 ?x2072 ?x2485 ?x2015 ?x3965 ?x1896 (* (- 3) (* r!2 s!1)) (* (- 36) (* r!2 r00 r00)) (* 21 (* r!2 s00)) ?x2174 ?x622 ?x2262 ?x2097 ?x2145 ?x2147 ?x690 ?x2154 ?x734 ?x2156 ?x2158 (* (- 21) (* s!1 r00)) ?x715 (* 36 (* r!2 r!2 r00)))))
 (let ((?x2702 (+ (- 54) ?x3560 ?x3562 ?x3561 ?x3563 (* (- 144) (* r!2 s!1)) ?x1370 ?x3532 ?x1853 (* 60 (* r!2 s!1 s!1)) ?x2838 ?x1838 (* (- 72) (* r!2 r!2 r!2 s!1 x!0)) ?x1924 (* (- 24) (* r!2 s!1 s!1 x!0)) ?x1942 ?x2298 (* (- 12) (* r!2 r!2 s!1 s!1 x!0)) (* (- 144) (* r!2 s!1 x!0)) (* 12 (* r!2 s!1 s!1 s!1)) (* 6 (* r!2 r!2 s!1 s!1 s!1)) ?x3594 (* (- 180) (* r!2 r!2 s!1)) (* 36 (* r!2 r!2 r!2 s!1 s!1)) ?x1789 (* 12 (* r!2 s!1 x!0 x!0)) (* 6 (* r!2 r!2 s!1 x!0 x!0)) (* (- 180) (* r!2 r!2 s!1 x!0)) (* 84 (* r!2 r!2 s!1 s!1)) ?x729 (* (- 72) (* r!2 r!2 r!2 s!1)))))
 (let ((?x3963 (* 216 (* x!0 x00))))
 (let ((?x4127 (* (- 36) (* s!1 s!1 r00 r00))))
 (let ((?x2903 (* 216 (* x!0 s00 r00))))
 (let ((?x2917 (* (- 432) (* x!0 r00 r00 r00))))
 (let ((?x4125 (* 12 (* s!1 s!1 s00))))
 (let ((?x3292 (* x!0 s00)))
 (let ((?x3508 (* (- 108) ?x3292)))
 (let ((?x3507 (* 108 ?x2148)))
 (let ((?x3850 (+ ?x2577 ?x3033 ?x3039 ?x4006 ?x2398 ?x4007 ?x3041 ?x2559 (* (- 396) (* r!2 s!1)) (* (- 1512) (* r!2 r00 r00)) (* 828 (* r!2 s00)) ?x3867 ?x4013 ?x1471 ?x1472 ?x2502 ?x2760 (* (- 252) ?x2146) ?x1475 ?x3507 ?x3508 ?x1096 (* (- 648) ?x2155) (* 648 (* s!1 r00 r00 r00)) (* 246 ?x2157) ?x1136 (* (- 162) (* s!1 r00)) (* (- 648) ?x2196) (* (- 324) (* s!1 x00)) ?x866 (* (- 324) (* s!1 s00 r00)) ?x1239 (* 72 (* r!2 s!1 s!1)) ?x2681 ?x3370 ?x2281 ?x1009 (* 144 (* r!2 s!1 s00)) ?x4125 ?x1481 ?x2917 ?x2903 ?x4127 ?x1485 ?x3963 ?x1486 (* (- 324) (* r!2 r00)) (* 1296 (* r!2 r00 r00 r00)) (* (- 432) (* r!2 s!1 r00 r00)) ?x1667 (* 432 (* r!2 r!2 s!1)) (* 432 (* r!2 r!2 s00)) (* (- 1296) (* r!2 r!2 r00 r00)))))
 (let ((?x3291 (* 36 (* x!0 r00 r00))))
 (let ((?x3694 (* (- 36) (* r!2 r00 x00))))
 (let ((?x2389 (* r!2 s!1 s00)))
 (let ((?x3455 (* 2 ?x2389)))
 (let ((?x4123 (* (- 4) (* r!2 s00 s00))))
 (let ((?x1754 (* r!2 s!1 s!1)))
 (let ((?x449 (* 2 ?x1754)))
 (let ((?x1806 (* s!1 s00 r00)))
 (let ((?x1645 (* (- 2) ?x1806)))
 (let ((?x2051 (* s!1 x00)))
 (let ((?x3251 (* (- 6) ?x2051)))
 (let ((?x1772 (* 4 (* s!1 s!1 r00))))
 (let ((?x3267 (* (- 6) ?x3292)))
 (let ((?x3476 (* 36 (* r!2 x!0 r00))))
 (let ((?x3913 (+ ?x1166 ?x1144 ?x1130 ?x3103 ?x3671 ?x3124 ?x993 ?x3126 (* (- 42) (* r!2 s!1)) (* (- 216) (* r!2 r00 r00)) (* 114 (* r!2 s00)) ?x1955 ?x1963 ?x2057 ?x2058 (* 12 ?x2144) (* (- 72) ?x2146) ?x3476 ?x1974 (* 90 ?x2148) ?x3267 ?x1096 (* (- 90) ?x2155) ?x1772 (* 20 ?x2157) ?x796 (* (- 90) (* s!1 r00)) (* (- 12) ?x2196) ?x3251 ?x1645 ?x902 ?x449 ?x2356 ?x4123 ?x986 ?x3455 ?x3694 ?x3291 (* 144 (* r!2 r!2 r00)) ?x4116 (* 24 (* r!2 r!2 s!1)) (* 12 (* r!2 r!2 s00)))))
 (let ((?x1508 (* r!2 s00)))
 (let ((?x3856 (* 4 ?x1508)))
 (let ((?x3878 (* r!2 r00 r00)))
 (let ((?x4100 (* (- 12) ?x3878)))
 (let ((?x3619 (* r!2 s!1)))
 (let ((?x3620 (* 2 ?x3619)))
 (let ((?x3586 (+ ?x3664 ?x3435 ?x4097 ?x2626 ?x586 ?x587 ?x3471 ?x2757 ?x3620 ?x4100 ?x3856 ?x590 ?x556)))
 (let (($x3032 (= (+ s!1 (* (- 1) s00) (* (- 3) ?x2958) (* 3 ?x385)) 0)))
 (let (($x3770 (or (not $x3032) (not (= ?x3586 0)) (not (= ?x1415 0)) (not (= ?x3913 0)) (not (= ?x3850 0)) (not (= (* ?x2702 ?x1415) 0)))))
 (let ((?x670 (* (- 36) ?x2146)))
 (let ((?x614 (* 54 ?x512)))
 (let ((?x1083 (* (- 9) s00)))
 (let ((?x1916 (* 9 s!1)))
 (let ((?x3864 (+ ?x1916 ?x1083 ?x614 ?x1471 ?x1472 (* (- 15) ?x966) ?x670 ?x1475 ?x3507 ?x3508 ?x1096 (* 216 (* s!1 r00 r00 r00)) (* 66 ?x2157) ?x1136 (* (- 54) (* s!1 r00)) (* (- 108) ?x2051) ?x866 (* (- 108) ?x1806) ?x1239 (* 108 ?x2352) ?x3370 ?x2281 ?x1009 ?x4125 ?x1481 ?x2917 ?x2903 ?x4127 ?x1485 ?x3963 ?x1486)))
 (let ((?x1012 (* (- 15) ?x677)))
 (let ((?x645 (* (- 54) ?x608)))
 (let ((?x660 (* 24 ?x512)))
 (let ((?x3489 (+ ?x1916 ?x1083 (* (- 24) ?x3619) (* 24 ?x1508) ?x660 ?x645 (* 3 ?x966) (* 54 ?x2263) ?x670 ?x3476 ?x1012 (* 54 ?x2148) ?x3267 ?x1096 (* (- 54) ?x2155) ?x1772 (* 12 ?x2157) ?x796 (* (- 24) (* s!1 r00)) ?x3251 ?x1645 ?x902 ?x449 ?x2356 ?x4123 ?x986 ?x3455 ?x3694 ?x3291)))
 (let ((?x627 (* 9 ?x512)))
 (let ((?x464 (* (- 3) s00)))
 (let ((?x2164 (+ (* 3 s!1) ?x464 (* (- 9) ?x3619) (* 9 ?x1508) ?x627 ?x622 ?x2262 ?x2097 ?x2145 ?x2147 ?x690 ?x2154 ?x734 ?x2156 ?x2158 (* (- 9) (* s!1 r00)) ?x715)))
 (let (($x2259 (= (+ ?x3664 ?x4096 ?x4097 ?x44 ?x586 ?x587 ?x3620 ?x4100 ?x3856 ?x590 ?x556) 0)))
 (let (($x3771 (and $x3032 $x2259 (= ?x2164 0) (= ?x3489 0) (= ?x3864 0) $x3770)))
 (let (($x637 (exists ((r Int) (s Int) (x Int) )(! (let ((?x812 (* r s00 r00)))
 (let ((?x825 (* (- 6) ?x812)))
 (let ((?x774 (* s s00)))
 (let ((?x775 (* 2 ?x774)))
 (let ((?x745 (* r x00)))
 (let ((?x758 (* (- 18) ?x745)))
 (let ((?x733 (* s00 r00 r00)))
 (let ((?x734 (* 6 ?x733)))
 (let ((?x703 (* x r00)))
 (let ((?x704 (* 18 ?x703)))
 (let ((?x677 (* s00 s00)))
 (let ((?x690 (* (- 4) ?x677)))
 (let ((?x651 (* s r00 r00)))
 (let ((?x664 (* (- 6) ?x651)))
 (let ((?x639 (* r s r00)))
 (let ((?x640 (* 6 ?x639)))
 (let ((?x635 (* r x)))
 (let ((?x636 (* 18 ?x635)))
 (let ((?x631 (* s s)))
 (let ((?x632 (* 2 ?x631)))
 (let ((?x608 (* r00 x00)))
 (let ((?x622 (* (- 18) ?x608)))
 (let ((?x512 (* s00 r00)))
 (let ((?x2174 (* 3 ?x512)))
 (let ((?x435 (* r r00 r00)))
 (let ((?x1905 (* (- 36) ?x435)))
 (let ((?x385 (* r00 r00)))
 (let ((?x1896 (* (- 18) ?x385)))
 (let ((?x2015 (* (- 18) x00)))
 (let ((?x2485 (* (- 9) r00)))
 (let ((?x2072 (* 12 s00)))
 (let ((?x1811 (* 18 x)))
 (let ((?x2520 (+ (* 9 r) (* (- 12) s) ?x1811 ?x2072 ?x2485 ?x2015 (* 18 (* r r)) ?x1896 (* (- 3) (* r s)) ?x1905 (* 21 (* r s00)) ?x2174 ?x622 ?x632 ?x636 ?x640 ?x664 ?x690 ?x704 ?x734 ?x758 ?x775 (* (- 21) (* s r00)) ?x825 (* 36 (* r r r00)))))
 (let ((?x4139 (* (- 72) (* r r r s))))
 (let ((?x4099 (* (- 216) (* r r r r))))
 (let ((?x3448 (* 6 (* r r s x x))))
 (let ((?x3441 (* 6 (* s x x))))
 (let ((?x3082 (* r r s)))
 (let ((?x4138 (* (- 180) ?x3082)))
 (let ((?x3067 (* r r r)))
 (let ((?x4136 (* (- 648) ?x3067)))
 (let ((?x978 (* x x)))
 (let ((?x3492 (* 18 ?x978)))
 (let ((?x909 (* s x)))
 (let ((?x3503 (* (- 36) ?x909)))
 (let ((?x2863 (* 12 ?x631)))
 (let ((?x429 (* r s)))
 (let ((?x2980 (* (- 144) ?x429)))
 (let ((?x373 (* r r)))
 (let ((?x4135 (* (- 702) ?x373)))
 (let ((?x2275 (* (- 1) x)))
 (let ((?x4151 (* (- 35) s)))
 (let ((?x4132 (* (- 324) r)))
 (let ((?x1865 (+ (- 54) ?x4132 ?x4151 ?x2275 ?x4135 ?x2980 ?x2863 (* 90 (* r r x x)) (* (- 12) (* s s x)) (* 60 (* r s s)) ?x3503 (* 6 (* s s s)) (* (- 72) (* r r r s x)) ?x3492 (* (- 24) (* r s s x)) (* 72 (* r x x)) (* 36 (* r r r x x)) (* (- 12) (* r r s s x)) (* (- 144) (* r s x)) (* 12 (* r s s s)) (* 6 (* r r s s s)) ?x4136 ?x4138 (* 36 (* r r r s s)) ?x3441 (* 12 (* r s x x)) ?x3448 (* (- 180) (* r r s x)) (* 84 (* r r s s)) ?x4099 ?x4139)))
 (let ((?x3393 (* r r s00)))
 (let ((?x4047 (* 432 ?x3393)))
 (let ((?x4043 (* 432 ?x3082)))
 (let ((?x4042 (* 864 ?x3067)))
 (let ((?x4036 (* 1296 (* r r00 r00 r00))))
 (let ((?x1456 (* x00 x00)))
 (let ((?x1486 (* (- 108) ?x1456)))
 (let ((?x1431 (* 216 (* x x00))))
 (let ((?x1294 (* s00 s00 s00)))
 (let ((?x1485 (* (- 16) ?x1294)))
 (let ((?x1483 (* (- 36) (* s s r00 r00))))
 (let ((?x1265 (* 216 (* x s00 r00))))
 (let ((?x1482 (* (- 432) (* x r00 r00 r00))))
 (let ((?x1182 (* s00 r00 r00 r00)))
 (let ((?x1481 (* (- 216) ?x1182)))
 (let ((?x1067 (* 12 (* s s s00))))
 (let ((?x1025 (* r s s00)))
 (let ((?x4023 (* 144 ?x1025)))
 (let ((?x1008 (* r00 r00 r00 x00)))
 (let ((?x1009 (* 432 ?x1008)))
 (let ((?x1480 (* (- 108) ?x978)))
 (let ((?x915 (* s s s)))
 (let ((?x917 (* 4 ?x915)))
 (let ((?x905 (* r s s)))
 (let ((?x4022 (* 72 ?x905)))
 (let ((?x901 (* s00 x00)))
 (let ((?x1239 (* 108 ?x901)))
 (let ((?x865 (* s00 s00 r00 r00)))
 (let ((?x866 (* 36 ?x865)))
 (let ((?x824 (* s x00)))
 (let ((?x4020 (* (- 324) ?x824)))
 (let ((?x778 (* s00 s00 r00)))
 (let ((?x1136 (* 108 ?x778)))
 (let ((?x1096 (* 36 ?x733)))
 (let ((?x707 (* x s00)))
 (let ((?x1476 (* (- 108) ?x707)))
 (let ((?x1342 (* 108 ?x703)))
 (let ((?x1475 (* (- 51) ?x677)))
 (let ((?x4016 (* 648 ?x635)))
 (let ((?x1472 (* (- 108) ?x608)))
 (let ((?x604 (* s00 r00 x00)))
 (let ((?x1471 (* (- 216) ?x604)))
 (let ((?x555 (* r00 r00 r00)))
 (let ((?x4013 (* 648 ?x555)))
 (let ((?x3867 (* (- 270) ?x512)))
 (let ((?x485 (* r s00)))
 (let ((?x4012 (* 828 ?x485)))
 (let ((?x2559 (* (- 432) ?x385)))
 (let ((?x4007 (* (- 324) x00)))
 (let ((?x2398 (* (- 162) r00)))
 (let ((?x4006 (* 297 s00)))
 (let ((?x3722 (* 324 x)))
 (let ((?x834 (+ (* 162 r) (* (- 297) s) ?x3722 ?x4006 ?x2398 ?x4007 (* 756 ?x373) ?x2559 (* (- 396) ?x429) (* (- 1512) ?x435) ?x4012 ?x3867 ?x4013 ?x1471 ?x1472 (* (- 195) ?x631) ?x4016 (* (- 252) ?x651) ?x1475 ?x1342 ?x1476 ?x1096 (* (- 648) ?x745) (* 648 (* s r00 r00 r00)) (* 246 ?x774) ?x1136 (* (- 162) (* s r00)) (* (- 648) ?x812) ?x4020 ?x866 (* (- 324) (* s s00 r00)) ?x1239 ?x4022 (* 324 ?x909) ?x917 ?x1480 ?x1009 ?x4023 ?x1067 ?x1481 ?x1482 ?x1265 ?x1483 ?x1485 ?x1431 ?x1486 (* (- 324) (* r r00)) ?x4036 (* (- 432) (* r s r00 r00)) ?x4042 ?x4043 ?x4047 (* (- 1296) (* r r r00 r00)))))
 (let ((?x1169 (* 36 (* x r00 r00))))
 (let ((?x1037 (* r r00 x00)))
 (let ((?x1050 (* (- 36) ?x1037)))
 (let ((?x1026 (* 2 ?x1025)))
 (let ((?x973 (* r00 r00 x00)))
 (let ((?x986 (* (- 36) ?x973)))
 (let ((?x921 (* r s00 s00)))
 (let ((?x934 (* (- 4) ?x921)))
 (let ((?x910 (* 6 ?x909)))
 (let ((?x906 (* 2 ?x905)))
 (let ((?x902 (* 6 ?x901)))
 (let ((?x875 (* s s00 r00)))
 (let ((?x888 (* (- 2) ?x875)))
 (let ((?x851 (* (- 6) ?x824)))
 (let ((?x796 (* (- 2) ?x778)))
 (let ((?x751 (* 4 (* s s r00))))
 (let ((?x722 (* (- 6) ?x707)))
 (let ((?x1974 (* (- 19) ?x677)))
 (let ((?x655 (* 36 (* r x r00))))
 (let ((?x1963 (* (- 90) ?x608)))
 (let ((?x1955 (* 18 ?x512)))
 (let ((?x3126 (* (- 108) ?x385)))
 (let ((?x3124 (* (- 72) x00)))
 (let ((?x3671 (* (- 36) r00)))
 (let ((?x3103 (* 57 s00)))
 (let ((?x1554 (+ (* 36 r) (* (- 57) s) (* 72 x) ?x3103 ?x3671 ?x3124 (* 108 ?x373) ?x3126 (* (- 42) ?x429) (* (- 216) ?x435) (* 114 ?x485) ?x1955 ?x1963 (* (- 1) ?x631) (* 90 ?x635) (* 12 ?x639) (* (- 72) ?x651) ?x655 ?x1974 (* 90 ?x703) ?x722 ?x1096 (* (- 90) ?x745) ?x751 (* 20 ?x774) ?x796 (* (- 90) (* s r00)) (* (- 12) ?x812) ?x851 ?x888 ?x902 ?x906 ?x910 ?x934 ?x986 ?x1026 ?x1050 ?x1169 (* 144 (* r r r00)) (* 72 ?x3067) (* 24 ?x3082) (* 12 ?x3393))))
 (let ((?x556 (* 12 ?x555)))
 (let ((?x590 (* (- 6) ?x512)))
 (let ((?x486 (* 4 ?x485)))
 (let ((?x589 (* (- 12) ?x435)))
 (let ((?x588 (* 2 ?x429)))
 (let ((?x2757 (* (- 12) ?x385)))
 (let ((?x587 (* (- 6) x00)))
 (let ((?x586 (* (- 3) r00)))
 (let ((?x2626 (* 7 s00)))
 (let ((?x56 (* 6 x)))
 (let ((?x43 (* 3 r)))
 (let ((?x2934 (+ ?x43 (* (- 7) s) ?x56 ?x2626 ?x586 ?x587 (* 12 ?x373) ?x2757 ?x588 ?x589 ?x486 ?x590 ?x556)))
 (let (($x418 (= (+ s (* (- 1) s00) (* (- 3) ?x373) (* 3 ?x385)) 0)))
 (let (($x2184 (or (not $x418) (not (= ?x2934 0)) (not (= ?x2520 0)) (not (= ?x1554 0)) (not (= ?x834 0)) (not (= (* ?x1865 ?x2520) 0)))))
 (let ((?x1306 (* 108 ?x909)))
 (let ((?x756 (* s r00 r00 r00)))
 (let ((?x757 (* 216 ?x756)))
 (let ((?x960 (* (- 36) ?x651)))
 (let ((?x614 (* 54 ?x512)))
 (let ((?x1083 (* (- 9) s00)))
 (let ((?x143 (* 9 s)))
 (let ((?x1487 (+ ?x143 ?x1083 ?x614 ?x1471 ?x1472 (* (- 15) ?x631) ?x960 ?x1475 ?x1342 ?x1476 ?x1096 ?x757 (* 66 ?x774) ?x1136 (* (- 54) (* s r00)) (* (- 108) ?x824) ?x866 (* (- 108) ?x875) ?x1239 ?x1306 ?x917 ?x1480 ?x1009 ?x1067 ?x1481 ?x1482 ?x1265 ?x1483 ?x1485 ?x1431 ?x1486)))
 (let (($x1488 (= ?x1487 0)))
 (let ((?x1012 (* (- 15) ?x677)))
 (let ((?x663 (* 3 ?x631)))
 (let ((?x645 (* (- 54) ?x608)))
 (let ((?x660 (* 24 ?x512)))
 (let ((?x1175 (+ ?x143 ?x1083 (* (- 24) ?x429) (* 24 ?x485) ?x660 ?x645 ?x663 (* 54 ?x635) ?x960 ?x655 ?x1012 (* 54 ?x703) ?x722 ?x1096 (* (- 54) ?x745) ?x751 (* 12 ?x774) ?x796 (* (- 24) (* s r00)) ?x851 ?x888 ?x902 ?x906 ?x910 ?x934 ?x986 ?x1026 ?x1050 ?x1169)))
 (let (($x1180 (= ?x1175 0)))
 (let ((?x786 (* s r00)))
 (let ((?x799 (* (- 9) ?x786)))
 (let ((?x627 (* 9 ?x512)))
 (let ((?x771 (* 9 ?x485)))
 (let ((?x603 (* (- 9) ?x429)))
 (let ((?x464 (* (- 3) s00)))
 (let ((?x47 (* 3 s)))
 (let ((?x831 (+ ?x47 ?x464 ?x603 ?x771 ?x627 ?x622 ?x632 ?x636 ?x640 ?x664 ?x690 ?x704 ?x734 ?x758 ?x775 ?x799 ?x825)))
 (let (($x838 (= ?x831 0)))
 (let ((?x44 (* 3 s00)))
 (let ((?x585 (* (- 3) s)))
 (let (($x592 (= (+ ?x43 ?x585 ?x56 ?x44 ?x586 ?x587 ?x588 ?x589 ?x486 ?x590 ?x556) 0)))
 (and $x418 $x592 $x838 $x1180 $x1488 $x2184))))))))))))))))))))))))))))))))))))))))))))))))))))))))))))))))))))))))))))))))))))))))))))))))))))))))))))))))))))))))))))))))))))))))))))))))))))))))))))))))))))))))))))))) :qid k!40))
 ))
 (let (($x2480 (exists ((r Int) (s Int) (x Int) )(! (let ((?x2460 (+ 1 r)))
 (let ((?x1386 (* r00 s00 ?x2460)))
 (let ((?x840 (* (- 6) ?x1386)))
 (let ((?x211 (* 6 r)))
 (let ((?x3222 (+ 3 s ?x211)))
 (let ((?x1604 (* r00 ?x3222)))
 (let ((?x3660 (* (- 9) ?x1604)))
 (let ((?x2489 (* s00 ?x3222)))
 (let ((?x2524 (* 2 ?x2489)))
 (let ((?x4061 (* s00 ?x2460)))
 (let ((?x2546 (* 9 ?x4061)))
 (let ((?x3938 (* 18 r)))
 (let ((?x47 (* 3 s)))
 (let ((?x1906 (* x00 ?x2460)))
 (let ((?x2531 (* (- 18) ?x1906)))
 (let ((?x3239 (* r00 r00 s00)))
 (let ((?x2956 (* 6 ?x3239)))
 (let ((?x464 (* (- 3) s00)))
 (let ((?x364 (* (- 1) s)))
 (let ((?x3628 (+ x ?x364)))
 (let ((?x1679 (* r00 ?x3628)))
 (let ((?x1682 (* 18 ?x1679)))
 (let ((?x677 (* s00 s00)))
 (let ((?x690 (* (- 4) ?x677)))
 (let ((?x3630 (* r00 r00 ?x3222)))
 (let ((?x3528 (* (- 6) ?x3630)))
 (let ((?x4073 (* r00 ?x2460 ?x3222)))
 (let ((?x4074 (* 6 ?x4073)))
 (let ((?x3618 (* ?x2460 ?x3628)))
 (let ((?x3861 (* 18 ?x3618)))
 (let ((?x3597 (* ?x3222 ?x3222)))
 (let ((?x3803 (* 2 ?x3597)))
 (let ((?x2645 (* r00 s00)))
 (let ((?x2906 (* 9 ?x2645)))
 (let ((?x608 (* r00 x00)))
 (let ((?x622 (* (- 18) ?x608)))
 (let ((?x2769 (* ?x2460 ?x3222)))
 (let ((?x2659 (* (- 9) ?x2769)))
 (let ((?x849 (+ 9 ?x2659 ?x622 ?x2906 ?x3803 ?x3861 ?x4074 ?x3528 ?x690 ?x1682 ?x464 ?x2956 ?x2531 ?x47 ?x3938 ?x2546 ?x2524 ?x3660 ?x840)))
 (let ((?x2275 (* (- 1) x)))
 (let ((?x900 (+ ?x2275 s (* 6 (* ?x2460 ?x2460 ?x3628 ?x3628 ?x3222)) (* (- 6) (* ?x2460 ?x2460 ?x3222 ?x3222)))))
 (let (($x3821 (not (= (* ?x900 ?x849) 0))))
 (let ((?x1456 (* x00 x00)))
 (let ((?x3509 (* 108 ?x1456)))
 (let ((?x2922 (* (- 54) r)))
 (let ((?x3695 (* (- 9) s)))
 (let ((?x4112 (* (- 36) ?x3239)))
 (let ((?x137 (* 9 s00)))
 (let ((?x3871 (* 51 ?x677)))
 (let ((?x1407 (* 36 ?x3630)))
 (let ((?x1294 (* s00 s00 s00)))
 (let ((?x3629 (* 16 ?x1294)))
 (let ((?x901 (* s00 x00)))
 (let ((?x3939 (* (- 108) ?x901)))
 (let ((?x2943 (* 216 (* r00 r00 r00 s00))))
 (let ((?x948 (* r00 s00 s00)))
 (let ((?x2122 (* (- 108) ?x948)))
 (let ((?x1008 (* r00 r00 r00 x00)))
 (let ((?x3029 (* (- 432) ?x1008)))
 (let ((?x3912 (* (- 36) (* r00 r00 s00 s00))))
 (let ((?x2693 (* (- 54) ?x2645)))
 (let ((?x1890 (* 108 ?x608)))
 (let ((?x2470 (* 216 (* r00 s00 x00))))
 (let ((?x3461 (+ ?x2470 ?x1890 ?x2693 (* 15 ?x3597) (* (- 216) (* r00 r00 r00 ?x3222)) ?x3912 (* (- 4) (* ?x3222 ?x3222 ?x3222)) (* 108 (* ?x3628 ?x3628)) ?x3029 (* (- 12) (* s00 ?x3222 ?x3222)) (* 108 (* s00 ?x3628)) ?x2122 ?x2943 (* 108 (* x00 ?x3222)) (* 432 (* r00 r00 r00 ?x3628)) (* (- 66) ?x2489) (* 108 (* r00 s00 ?x3222)) ?x3939 (* (- 216) (* r00 s00 ?x3628)) (* 36 (* r00 r00 ?x3222 ?x3222)) ?x3629 (* (- 108) (* ?x3628 ?x3222)) ?x1407 ?x3871 (* (- 108) ?x1679) ?x137 ?x4112 ?x3695 ?x2922 (* 54 ?x1604) (* (- 216) (* x00 ?x3628)) ?x3509)))
 (let (($x2487 (not (= ?x3461 27))))
 (let ((?x3117 (* 15 ?x677)))
 (let ((?x973 (* r00 r00 x00)))
 (let ((?x974 (* 36 ?x973)))
 (let ((?x3175 (* (- 6) ?x901)))
 (let ((?x3106 (* 2 ?x948)))
 (let ((?x3633 (* (- 24) ?x2645)))
 (let ((?x1548 (* 54 ?x608)))
 (let ((?x3074 (+ (* 24 ?x2769) ?x1548 (* (- 36) (* r00 ?x2460 ?x3628)) ?x3633 (* (- 3) ?x3597) (* (- 54) ?x3618) (* 6 (* s00 ?x3628)) (* (- 4) (* r00 ?x3222 ?x3222)) ?x3106 (* 6 (* x00 ?x3222)) (* (- 12) ?x2489) (* 2 (* r00 s00 ?x3222)) ?x3175 (* (- 2) (* ?x2460 ?x3222 ?x3222)) (* (- 6) (* ?x3628 ?x3222)) (* 4 (* s00 s00 ?x2460)) ?x1407 ?x974 ?x3117 (* (- 2) (* s00 ?x2460 ?x3222)) (* 36 (* r00 x00 ?x2460)) (* (- 54) ?x1679) ?x137 ?x4112 (* 54 ?x1906) ?x3695 ?x2922 (* (- 24) ?x4061) (* 24 ?x1604) (* (- 36) (* r00 r00 ?x3628)))))
 (let ((?x585 (* (- 3) s)))
 (let ((?x3426 (* (- 6) ?x3239)))
 (let ((?x44 (* 3 s00)))
 (let ((?x678 (* 4 ?x677)))
 (let ((?x2759 (* (- 9) ?x2645)))
 (let ((?x609 (* 18 ?x608)))
 (let ((?x3116 (+ (* 9 ?x2769) ?x609 ?x2759 (* (- 2) ?x3597) (* (- 18) ?x3618) (* (- 6) ?x4073) (* 6 ?x3630) ?x678 (* (- 18) ?x1679) ?x44 ?x3426 (* 18 ?x1906) ?x585 (* (- 18) r) (* (- 9) ?x4061) (* (- 2) ?x2489) (* 9 ?x1604) (* 6 ?x1386))))
 (let ((?x555 (* r00 r00 r00)))
 (let ((?x556 (* 12 ?x555)))
 (let ((?x587 (* (- 6) x00)))
 (let ((?x56 (* 6 x)))
 (let ((?x949 (* (- 6) ?x2645)))
 (let ((?x586 (* (- 3) r00)))
 (let ((?x3899 (+ (* 2 ?x2769) (* (- 12) (* r00 r00 ?x2460)) (* (- 15) r) ?x44 ?x3695 ?x586 (* 4 ?x4061) ?x949 ?x56 ?x587 ?x556)))
 (let ((?x385 (* r00 r00)))
 (let ((?x2269 (* (- 3) ?x385)))
 (let (($x2305 (= (+ s00 ?x364 (* (- 6) r) (* 3 (* ?x2460 ?x2460)) ?x2269) 3)))
 (let (($x1163 (not $x2305)))
 (let (($x928 (or $x1163 (not (= ?x3899 6)) (not (= ?x3116 9)) (not (= ?x3074 27)) $x2487 $x3821)))
 (let ((?x1874 (* r00 r00 s)))
 (let ((?x2494 (* 36 ?x1874)))
 (let ((?x3544 (+ ?x2470 ?x1890 ?x2693 (* 15 (* s s)) (* (- 216) (* r00 r00 r00 s)) ?x3912 (* (- 4) (* s s s)) (* 108 (* x x)) ?x3029 (* (- 12) (* s00 s s)) (* 108 (* s00 x)) ?x2122 ?x2943 (* 108 (* x00 s)) (* 432 (* r00 r00 r00 x)) (* (- 66) (* s00 s)) (* 108 (* r00 s00 s)) ?x3939 (* (- 216) (* r00 s00 x)) (* 36 (* r00 r00 s s)) ?x3629 (* (- 108) (* x s)) ?x2494 ?x3871 (* (- 108) (* r00 x)) ?x137 ?x4112 ?x3695 (* 54 (* r00 s)) (* (- 216) (* x00 x)) ?x3509)))
 (let (($x3548 (= ?x3544 0)))
 (let ((?x3136 (* r00 r00 x)))
 (let ((?x3218 (* (- 36) ?x3136)))
 (let ((?x2463 (* r00 s s)))
 (let ((?x3203 (* (- 4) ?x2463)))
 (let ((?x3573 (+ (* 24 (* s r)) ?x1548 (* (- 36) (* r00 x r)) ?x3633 (* (- 3) (* s s)) (* (- 54) (* x r)) (* 6 (* s00 x)) ?x3203 ?x3106 (* 6 (* x00 s)) (* (- 12) (* s00 s)) (* 2 (* r00 s00 s)) ?x3175 (* (- 2) (* s s r)) (* (- 6) (* x s)) (* 4 (* s00 s00 r)) ?x2494 ?x974 ?x3117 (* (- 2) (* s00 s r)) (* 36 (* r00 x00 r)) (* (- 54) (* r00 x)) ?x137 ?x4112 (* 54 (* x00 r)) ?x3695 (* (- 24) (* s00 r)) (* 24 (* r00 s)) ?x3218)))
 (let ((?x1945 (* r00 x)))
 (let ((?x2230 (* (- 18) ?x1945)))
 (let ((?x631 (* s s)))
 (let ((?x2211 (* (- 2) ?x631)))
 (let ((?x3691 (+ (* 9 (* s r)) ?x609 ?x2759 ?x2211 (* (- 18) (* x r)) (* (- 6) (* r00 s r)) (* 6 ?x1874) ?x678 ?x2230 ?x44 ?x3426 (* 18 (* x00 r)) ?x585 (* (- 9) (* s00 r)) (* (- 2) (* s00 s)) (* 9 (* r00 s)) (* 6 (* r00 s00 r)))))
 (let ((?x43 (* 3 r)))
 (let ((?x1277 (+ (* 2 (* s r)) (* (- 12) (* r00 r00 r)) ?x43 ?x44 ?x585 ?x586 (* 4 (* s00 r)) ?x949 ?x56 ?x587 ?x556)))
 (let (($x3310 (= (+ s00 ?x364 (* 3 (* r r)) ?x2269) 0)))
 (and $x3310 (= ?x1277 0) (= ?x3691 0) (= ?x3573 0) $x3548 $x928)))))))))))))))))))))))))))))))))))))))))))))))))))))))))))))))))))))))))))))))))))))))))))))))))))))))))))))) :qid k!40))
 ))
 (let ((?x650 (lambda ((r Int) (s Int) (x Int) )(let ((?x812 (* r s00 r00)))
 (let ((?x825 (* (- 6) ?x812)))
 (let ((?x774 (* s s00)))
 (let ((?x775 (* 2 ?x774)))
 (let ((?x745 (* r x00)))
 (let ((?x758 (* (- 18) ?x745)))
 (let ((?x733 (* s00 r00 r00)))
 (let ((?x734 (* 6 ?x733)))
 (let ((?x703 (* x r00)))
 (let ((?x704 (* 18 ?x703)))
 (let ((?x677 (* s00 s00)))
 (let ((?x690 (* (- 4) ?x677)))
 (let ((?x651 (* s r00 r00)))
 (let ((?x664 (* (- 6) ?x651)))
 (let ((?x639 (* r s r00)))
 (let ((?x640 (* 6 ?x639)))
 (let ((?x635 (* r x)))
 (let ((?x636 (* 18 ?x635)))
 (let ((?x631 (* s s)))
 (let ((?x632 (* 2 ?x631)))
 (let ((?x608 (* r00 x00)))
 (let ((?x622 (* (- 18) ?x608)))
 (let ((?x512 (* s00 r00)))
 (let ((?x2174 (* 3 ?x512)))
 (let ((?x435 (* r r00 r00)))
 (let ((?x1905 (* (- 36) ?x435)))
 (let ((?x385 (* r00 r00)))
 (let ((?x1896 (* (- 18) ?x385)))
 (let ((?x2015 (* (- 18) x00)))
 (let ((?x2485 (* (- 9) r00)))
 (let ((?x2072 (* 12 s00)))
 (let ((?x1811 (* 18 x)))
 (let ((?x2520 (+ (* 9 r) (* (- 12) s) ?x1811 ?x2072 ?x2485 ?x2015 (* 18 (* r r)) ?x1896 (* (- 3) (* r s)) ?x1905 (* 21 (* r s00)) ?x2174 ?x622 ?x632 ?x636 ?x640 ?x664 ?x690 ?x704 ?x734 ?x758 ?x775 (* (- 21) (* s r00)) ?x825 (* 36 (* r r r00)))))
 (let ((?x4139 (* (- 72) (* r r r s))))
 (let ((?x4099 (* (- 216) (* r r r r))))
 (let ((?x3448 (* 6 (* r r s x x))))
 (let ((?x3441 (* 6 (* s x x))))
 (let ((?x3082 (* r r s)))
 (let ((?x4138 (* (- 180) ?x3082)))
 (let ((?x3067 (* r r r)))
 (let ((?x4136 (* (- 648) ?x3067)))
 (let ((?x978 (* x x)))
 (let ((?x3492 (* 18 ?x978)))
 (let ((?x909 (* s x)))
 (let ((?x3503 (* (- 36) ?x909)))
 (let ((?x2863 (* 12 ?x631)))
 (let ((?x429 (* r s)))
 (let ((?x2980 (* (- 144) ?x429)))
 (let ((?x373 (* r r)))
 (let ((?x4135 (* (- 702) ?x373)))
 (let ((?x2275 (* (- 1) x)))
 (let ((?x4151 (* (- 35) s)))
 (let ((?x4132 (* (- 324) r)))
 (let ((?x1865 (+ (- 54) ?x4132 ?x4151 ?x2275 ?x4135 ?x2980 ?x2863 (* 90 (* r r x x)) (* (- 12) (* s s x)) (* 60 (* r s s)) ?x3503 (* 6 (* s s s)) (* (- 72) (* r r r s x)) ?x3492 (* (- 24) (* r s s x)) (* 72 (* r x x)) (* 36 (* r r r x x)) (* (- 12) (* r r s s x)) (* (- 144) (* r s x)) (* 12 (* r s s s)) (* 6 (* r r s s s)) ?x4136 ?x4138 (* 36 (* r r r s s)) ?x3441 (* 12 (* r s x x)) ?x3448 (* (- 180) (* r r s x)) (* 84 (* r r s s)) ?x4099 ?x4139)))
 (let ((?x3393 (* r r s00)))
 (let ((?x4047 (* 432 ?x3393)))
 (let ((?x4043 (* 432 ?x3082)))
 (let ((?x4042 (* 864 ?x3067)))
 (let ((?x4036 (* 1296 (* r r00 r00 r00))))
 (let ((?x1456 (* x00 x00)))
 (let ((?x1486 (* (- 108) ?x1456)))
 (let ((?x1431 (* 216 (* x x00))))
 (let ((?x1294 (* s00 s00 s00)))
 (let ((?x1485 (* (- 16) ?x1294)))
 (let ((?x1483 (* (- 36) (* s s r00 r00))))
 (let ((?x1265 (* 216 (* x s00 r00))))
 (let ((?x1482 (* (- 432) (* x r00 r00 r00))))
 (let ((?x1182 (* s00 r00 r00 r00)))
 (let ((?x1481 (* (- 216) ?x1182)))
 (let ((?x1067 (* 12 (* s s s00))))
 (let ((?x1025 (* r s s00)))
 (let ((?x4023 (* 144 ?x1025)))
 (let ((?x1008 (* r00 r00 r00 x00)))
 (let ((?x1009 (* 432 ?x1008)))
 (let ((?x1480 (* (- 108) ?x978)))
 (let ((?x915 (* s s s)))
 (let ((?x917 (* 4 ?x915)))
 (let ((?x905 (* r s s)))
 (let ((?x4022 (* 72 ?x905)))
 (let ((?x901 (* s00 x00)))
 (let ((?x1239 (* 108 ?x901)))
 (let ((?x865 (* s00 s00 r00 r00)))
 (let ((?x866 (* 36 ?x865)))
 (let ((?x824 (* s x00)))
 (let ((?x4020 (* (- 324) ?x824)))
 (let ((?x778 (* s00 s00 r00)))
 (let ((?x1136 (* 108 ?x778)))
 (let ((?x1096 (* 36 ?x733)))
 (let ((?x707 (* x s00)))
 (let ((?x1476 (* (- 108) ?x707)))
 (let ((?x1342 (* 108 ?x703)))
 (let ((?x1475 (* (- 51) ?x677)))
 (let ((?x4016 (* 648 ?x635)))
 (let ((?x1472 (* (- 108) ?x608)))
 (let ((?x604 (* s00 r00 x00)))
 (let ((?x1471 (* (- 216) ?x604)))
 (let ((?x555 (* r00 r00 r00)))
 (let ((?x4013 (* 648 ?x555)))
 (let ((?x3867 (* (- 270) ?x512)))
 (let ((?x485 (* r s00)))
 (let ((?x4012 (* 828 ?x485)))
 (let ((?x2559 (* (- 432) ?x385)))
 (let ((?x4007 (* (- 324) x00)))
 (let ((?x2398 (* (- 162) r00)))
 (let ((?x4006 (* 297 s00)))
 (let ((?x3722 (* 324 x)))
 (let ((?x834 (+ (* 162 r) (* (- 297) s) ?x3722 ?x4006 ?x2398 ?x4007 (* 756 ?x373) ?x2559 (* (- 396) ?x429) (* (- 1512) ?x435) ?x4012 ?x3867 ?x4013 ?x1471 ?x1472 (* (- 195) ?x631) ?x4016 (* (- 252) ?x651) ?x1475 ?x1342 ?x1476 ?x1096 (* (- 648) ?x745) (* 648 (* s r00 r00 r00)) (* 246 ?x774) ?x1136 (* (- 162) (* s r00)) (* (- 648) ?x812) ?x4020 ?x866 (* (- 324) (* s s00 r00)) ?x1239 ?x4022 (* 324 ?x909) ?x917 ?x1480 ?x1009 ?x4023 ?x1067 ?x1481 ?x1482 ?x1265 ?x1483 ?x1485 ?x1431 ?x1486 (* (- 324) (* r r00)) ?x4036 (* (- 432) (* r s r00 r00)) ?x4042 ?x4043 ?x4047 (* (- 1296) (* r r r00 r00)))))
 (let ((?x1169 (* 36 (* x r00 r00))))
 (let ((?x1037 (* r r00 x00)))
 (let ((?x1050 (* (- 36) ?x1037)))
 (let ((?x1026 (* 2 ?x1025)))
 (let ((?x973 (* r00 r00 x00)))
 (let ((?x986 (* (- 36) ?x973)))
 (let ((?x921 (* r s00 s00)))
 (let ((?x934 (* (- 4) ?x921)))
 (let ((?x910 (* 6 ?x909)))
 (let ((?x906 (* 2 ?x905)))
 (let ((?x902 (* 6 ?x901)))
 (let ((?x875 (* s s00 r00)))
 (let ((?x888 (* (- 2) ?x875)))
 (let ((?x851 (* (- 6) ?x824)))
 (let ((?x796 (* (- 2) ?x778)))
 (let ((?x751 (* 4 (* s s r00))))
 (let ((?x722 (* (- 6) ?x707)))
 (let ((?x1974 (* (- 19) ?x677)))
 (let ((?x655 (* 36 (* r x r00))))
 (let ((?x1963 (* (- 90) ?x608)))
 (let ((?x1955 (* 18 ?x512)))
 (let ((?x3126 (* (- 108) ?x385)))
 (let ((?x3124 (* (- 72) x00)))
 (let ((?x3671 (* (- 36) r00)))
 (let ((?x3103 (* 57 s00)))
 (let ((?x1554 (+ (* 36 r) (* (- 57) s) (* 72 x) ?x3103 ?x3671 ?x3124 (* 108 ?x373) ?x3126 (* (- 42) ?x429) (* (- 216) ?x435) (* 114 ?x485) ?x1955 ?x1963 (* (- 1) ?x631) (* 90 ?x635) (* 12 ?x639) (* (- 72) ?x651) ?x655 ?x1974 (* 90 ?x703) ?x722 ?x1096 (* (- 90) ?x745) ?x751 (* 20 ?x774) ?x796 (* (- 90) (* s r00)) (* (- 12) ?x812) ?x851 ?x888 ?x902 ?x906 ?x910 ?x934 ?x986 ?x1026 ?x1050 ?x1169 (* 144 (* r r r00)) (* 72 ?x3067) (* 24 ?x3082) (* 12 ?x3393))))
 (let ((?x556 (* 12 ?x555)))
 (let ((?x590 (* (- 6) ?x512)))
 (let ((?x486 (* 4 ?x485)))
 (let ((?x589 (* (- 12) ?x435)))
 (let ((?x588 (* 2 ?x429)))
 (let ((?x2757 (* (- 12) ?x385)))
 (let ((?x587 (* (- 6) x00)))
 (let ((?x586 (* (- 3) r00)))
 (let ((?x2626 (* 7 s00)))
 (let ((?x56 (* 6 x)))
 (let ((?x43 (* 3 r)))
 (let ((?x2934 (+ ?x43 (* (- 7) s) ?x56 ?x2626 ?x586 ?x587 (* 12 ?x373) ?x2757 ?x588 ?x589 ?x486 ?x590 ?x556)))
 (let (($x418 (= (+ s (* (- 1) s00) (* (- 3) ?x373) (* 3 ?x385)) 0)))
 (let (($x2184 (or (not $x418) (not (= ?x2934 0)) (not (= ?x2520 0)) (not (= ?x1554 0)) (not (= ?x834 0)) (not (= (* ?x1865 ?x2520) 0)))))
 (let ((?x1306 (* 108 ?x909)))
 (let ((?x756 (* s r00 r00 r00)))
 (let ((?x757 (* 216 ?x756)))
 (let ((?x960 (* (- 36) ?x651)))
 (let ((?x614 (* 54 ?x512)))
 (let ((?x1083 (* (- 9) s00)))
 (let ((?x143 (* 9 s)))
 (let ((?x1487 (+ ?x143 ?x1083 ?x614 ?x1471 ?x1472 (* (- 15) ?x631) ?x960 ?x1475 ?x1342 ?x1476 ?x1096 ?x757 (* 66 ?x774) ?x1136 (* (- 54) (* s r00)) (* (- 108) ?x824) ?x866 (* (- 108) ?x875) ?x1239 ?x1306 ?x917 ?x1480 ?x1009 ?x1067 ?x1481 ?x1482 ?x1265 ?x1483 ?x1485 ?x1431 ?x1486)))
 (let (($x1488 (= ?x1487 0)))
 (let ((?x1012 (* (- 15) ?x677)))
 (let ((?x663 (* 3 ?x631)))
 (let ((?x645 (* (- 54) ?x608)))
 (let ((?x660 (* 24 ?x512)))
 (let ((?x1175 (+ ?x143 ?x1083 (* (- 24) ?x429) (* 24 ?x485) ?x660 ?x645 ?x663 (* 54 ?x635) ?x960 ?x655 ?x1012 (* 54 ?x703) ?x722 ?x1096 (* (- 54) ?x745) ?x751 (* 12 ?x774) ?x796 (* (- 24) (* s r00)) ?x851 ?x888 ?x902 ?x906 ?x910 ?x934 ?x986 ?x1026 ?x1050 ?x1169)))
 (let (($x1180 (= ?x1175 0)))
 (let ((?x786 (* s r00)))
 (let ((?x799 (* (- 9) ?x786)))
 (let ((?x627 (* 9 ?x512)))
 (let ((?x771 (* 9 ?x485)))
 (let ((?x603 (* (- 9) ?x429)))
 (let ((?x464 (* (- 3) s00)))
 (let ((?x47 (* 3 s)))
 (let ((?x831 (+ ?x47 ?x464 ?x603 ?x771 ?x627 ?x622 ?x632 ?x636 ?x640 ?x664 ?x690 ?x704 ?x734 ?x758 ?x775 ?x799 ?x825)))
 (let (($x838 (= ?x831 0)))
 (let ((?x44 (* 3 s00)))
 (let ((?x585 (* (- 3) s)))
 (let (($x592 (= (+ ?x43 ?x585 ?x56 ?x44 ?x586 ?x587 ?x588 ?x589 ?x486 ?x590 ?x556) 0)))
 (let (($x447 (and $x418 $x592 $x838 $x1180 $x1488 $x2184)))
 (let ((?x2460 (+ 1 r)))
 (let ((?x1386 (* r00 s00 ?x2460)))
 (let ((?x840 (* (- 6) ?x1386)))
 (let ((?x211 (* 6 r)))
 (let ((?x3222 (+ 3 s ?x211)))
 (let ((?x1604 (* r00 ?x3222)))
 (let ((?x3660 (* (- 9) ?x1604)))
 (let ((?x2489 (* s00 ?x3222)))
 (let ((?x2524 (* 2 ?x2489)))
 (let ((?x4061 (* s00 ?x2460)))
 (let ((?x2546 (* 9 ?x4061)))
 (let ((?x3938 (* 18 r)))
 (let ((?x1906 (* x00 ?x2460)))
 (let ((?x2531 (* (- 18) ?x1906)))
 (let ((?x3239 (* r00 r00 s00)))
 (let ((?x2956 (* 6 ?x3239)))
 (let ((?x364 (* (- 1) s)))
 (let ((?x3628 (+ x ?x364)))
 (let ((?x1679 (* r00 ?x3628)))
 (let ((?x1682 (* 18 ?x1679)))
 (let ((?x3630 (* r00 r00 ?x3222)))
 (let ((?x3528 (* (- 6) ?x3630)))
 (let ((?x4073 (* r00 ?x2460 ?x3222)))
 (let ((?x4074 (* 6 ?x4073)))
 (let ((?x3618 (* ?x2460 ?x3628)))
 (let ((?x3861 (* 18 ?x3618)))
 (let ((?x3597 (* ?x3222 ?x3222)))
 (let ((?x3803 (* 2 ?x3597)))
 (let ((?x2645 (* r00 s00)))
 (let ((?x2906 (* 9 ?x2645)))
 (let ((?x2769 (* ?x2460 ?x3222)))
 (let ((?x2659 (* (- 9) ?x2769)))
 (let ((?x849 (+ 9 ?x2659 ?x622 ?x2906 ?x3803 ?x3861 ?x4074 ?x3528 ?x690 ?x1682 ?x464 ?x2956 ?x2531 ?x47 ?x3938 ?x2546 ?x2524 ?x3660 ?x840)))
 (let ((?x900 (+ ?x2275 s (* 6 (* ?x2460 ?x2460 ?x3628 ?x3628 ?x3222)) (* (- 6) (* ?x2460 ?x2460 ?x3222 ?x3222)))))
 (let (($x3821 (not (= (* ?x900 ?x849) 0))))
 (let ((?x3509 (* 108 ?x1456)))
 (let ((?x2922 (* (- 54) r)))
 (let ((?x3695 (* (- 9) s)))
 (let ((?x4112 (* (- 36) ?x3239)))
 (let ((?x137 (* 9 s00)))
 (let ((?x3871 (* 51 ?x677)))
 (let ((?x1407 (* 36 ?x3630)))
 (let ((?x3629 (* 16 ?x1294)))
 (let ((?x3939 (* (- 108) ?x901)))
 (let ((?x2943 (* 216 (* r00 r00 r00 s00))))
 (let ((?x948 (* r00 s00 s00)))
 (let ((?x2122 (* (- 108) ?x948)))
 (let ((?x3029 (* (- 432) ?x1008)))
 (let ((?x3912 (* (- 36) (* r00 r00 s00 s00))))
 (let ((?x2693 (* (- 54) ?x2645)))
 (let ((?x1890 (* 108 ?x608)))
 (let ((?x2470 (* 216 (* r00 s00 x00))))
 (let ((?x3461 (+ ?x2470 ?x1890 ?x2693 (* 15 ?x3597) (* (- 216) (* r00 r00 r00 ?x3222)) ?x3912 (* (- 4) (* ?x3222 ?x3222 ?x3222)) (* 108 (* ?x3628 ?x3628)) ?x3029 (* (- 12) (* s00 ?x3222 ?x3222)) (* 108 (* s00 ?x3628)) ?x2122 ?x2943 (* 108 (* x00 ?x3222)) (* 432 (* r00 r00 r00 ?x3628)) (* (- 66) ?x2489) (* 108 (* r00 s00 ?x3222)) ?x3939 (* (- 216) (* r00 s00 ?x3628)) (* 36 (* r00 r00 ?x3222 ?x3222)) ?x3629 (* (- 108) (* ?x3628 ?x3222)) ?x1407 ?x3871 (* (- 108) ?x1679) ?x137 ?x4112 ?x3695 ?x2922 (* 54 ?x1604) (* (- 216) (* x00 ?x3628)) ?x3509)))
 (let (($x2487 (not (= ?x3461 27))))
 (let ((?x3117 (* 15 ?x677)))
 (let ((?x974 (* 36 ?x973)))
 (let ((?x3175 (* (- 6) ?x901)))
 (let ((?x3106 (* 2 ?x948)))
 (let ((?x3633 (* (- 24) ?x2645)))
 (let ((?x1548 (* 54 ?x608)))
 (let ((?x3074 (+ (* 24 ?x2769) ?x1548 (* (- 36) (* r00 ?x2460 ?x3628)) ?x3633 (* (- 3) ?x3597) (* (- 54) ?x3618) (* 6 (* s00 ?x3628)) (* (- 4) (* r00 ?x3222 ?x3222)) ?x3106 (* 6 (* x00 ?x3222)) (* (- 12) ?x2489) (* 2 (* r00 s00 ?x3222)) ?x3175 (* (- 2) (* ?x2460 ?x3222 ?x3222)) (* (- 6) (* ?x3628 ?x3222)) (* 4 (* s00 s00 ?x2460)) ?x1407 ?x974 ?x3117 (* (- 2) (* s00 ?x2460 ?x3222)) (* 36 (* r00 x00 ?x2460)) (* (- 54) ?x1679) ?x137 ?x4112 (* 54 ?x1906) ?x3695 ?x2922 (* (- 24) ?x4061) (* 24 ?x1604) (* (- 36) (* r00 r00 ?x3628)))))
 (let ((?x3426 (* (- 6) ?x3239)))
 (let ((?x678 (* 4 ?x677)))
 (let ((?x2759 (* (- 9) ?x2645)))
 (let ((?x609 (* 18 ?x608)))
 (let ((?x3116 (+ (* 9 ?x2769) ?x609 ?x2759 (* (- 2) ?x3597) (* (- 18) ?x3618) (* (- 6) ?x4073) (* 6 ?x3630) ?x678 (* (- 18) ?x1679) ?x44 ?x3426 (* 18 ?x1906) ?x585 (* (- 18) r) (* (- 9) ?x4061) (* (- 2) ?x2489) (* 9 ?x1604) (* 6 ?x1386))))
 (let ((?x949 (* (- 6) ?x2645)))
 (let ((?x3899 (+ (* 2 ?x2769) (* (- 12) (* r00 r00 ?x2460)) (* (- 15) r) ?x44 ?x3695 ?x586 (* 4 ?x4061) ?x949 ?x56 ?x587 ?x556)))
 (let ((?x2269 (* (- 3) ?x385)))
 (let (($x2305 (= (+ s00 ?x364 (* (- 6) r) (* 3 (* ?x2460 ?x2460)) ?x2269) 3)))
 (let (($x1163 (not $x2305)))
 (let (($x928 (or $x1163 (not (= ?x3899 6)) (not (= ?x3116 9)) (not (= ?x3074 27)) $x2487 $x3821)))
 (let ((?x1874 (* r00 r00 s)))
 (let ((?x2494 (* 36 ?x1874)))
 (let ((?x3544 (+ ?x2470 ?x1890 ?x2693 (* 15 ?x631) (* (- 216) (* r00 r00 r00 s)) ?x3912 (* (- 4) ?x915) (* 108 ?x978) ?x3029 (* (- 12) (* s00 s s)) (* 108 (* s00 x)) ?x2122 ?x2943 (* 108 (* x00 s)) (* 432 (* r00 r00 r00 x)) (* (- 66) (* s00 s)) (* 108 (* r00 s00 s)) ?x3939 (* (- 216) (* r00 s00 x)) (* 36 (* r00 r00 s s)) ?x3629 (* (- 108) (* x s)) ?x2494 ?x3871 (* (- 108) (* r00 x)) ?x137 ?x4112 ?x3695 (* 54 (* r00 s)) (* (- 216) (* x00 x)) ?x3509)))
 (let (($x3548 (= ?x3544 0)))
 (let ((?x3136 (* r00 r00 x)))
 (let ((?x3218 (* (- 36) ?x3136)))
 (let ((?x2463 (* r00 s s)))
 (let ((?x3203 (* (- 4) ?x2463)))
 (let ((?x3573 (+ (* 24 (* s r)) ?x1548 (* (- 36) (* r00 x r)) ?x3633 (* (- 3) ?x631) (* (- 54) (* x r)) (* 6 (* s00 x)) ?x3203 ?x3106 (* 6 (* x00 s)) (* (- 12) (* s00 s)) (* 2 (* r00 s00 s)) ?x3175 (* (- 2) (* s s r)) (* (- 6) (* x s)) (* 4 (* s00 s00 r)) ?x2494 ?x974 ?x3117 (* (- 2) (* s00 s r)) (* 36 (* r00 x00 r)) (* (- 54) (* r00 x)) ?x137 ?x4112 (* 54 (* x00 r)) ?x3695 (* (- 24) (* s00 r)) (* 24 (* r00 s)) ?x3218)))
 (let ((?x1945 (* r00 x)))
 (let ((?x2230 (* (- 18) ?x1945)))
 (let ((?x2211 (* (- 2) ?x631)))
 (let ((?x3691 (+ (* 9 (* s r)) ?x609 ?x2759 ?x2211 (* (- 18) (* x r)) (* (- 6) (* r00 s r)) (* 6 ?x1874) ?x678 ?x2230 ?x44 ?x3426 (* 18 (* x00 r)) ?x585 (* (- 9) (* s00 r)) (* (- 2) (* s00 s)) (* 9 (* r00 s)) (* 6 (* r00 s00 r)))))
 (let ((?x1277 (+ (* 2 (* s r)) (* (- 12) (* r00 r00 r)) ?x43 ?x44 ?x585 ?x586 (* 4 (* s00 r)) ?x949 ?x56 ?x587 ?x556)))
 (let (($x3310 (= (+ s00 ?x364 (* 3 ?x373) ?x2269) 0)))
 (let (($x2989 (and $x3310 (= ?x1277 0) (= ?x3691 0) (= ?x3573 0) $x3548 $x928)))
 (rewrite (= $x2989 $x447))))))))))))))))))))))))))))))))))))))))))))))))))))))))))))))))))))))))))))))))))))))))))))))))))))))))))))))))))))))))))))))))))))))))))))))))))))))))))))))))))))))))))))))))))))))))))))))))))))))))))))))))))))))))))))))))))))))))))))))))))))))))))))))))))))))))))
 ))
 (let (($x2271 (exists ((r Int) (s Int) (x Int) )(! (let ((?x2460 (+ 1 r)))
 (let ((?x1386 (* r00 s00 ?x2460)))
 (let ((?x840 (* (- 6) ?x1386)))
 (let ((?x211 (* 6 r)))
 (let ((?x3222 (+ 3 s ?x211)))
 (let ((?x1604 (* r00 ?x3222)))
 (let ((?x3660 (* (- 9) ?x1604)))
 (let ((?x2489 (* s00 ?x3222)))
 (let ((?x2524 (* 2 ?x2489)))
 (let ((?x4061 (* s00 ?x2460)))
 (let ((?x2546 (* 9 ?x4061)))
 (let ((?x3938 (* 18 r)))
 (let ((?x47 (* 3 s)))
 (let ((?x1906 (* x00 ?x2460)))
 (let ((?x2531 (* (- 18) ?x1906)))
 (let ((?x3239 (* r00 r00 s00)))
 (let ((?x2956 (* 6 ?x3239)))
 (let ((?x464 (* (- 3) s00)))
 (let ((?x364 (* (- 1) s)))
 (let ((?x3628 (+ x ?x364)))
 (let ((?x1679 (* r00 ?x3628)))
 (let ((?x1682 (* 18 ?x1679)))
 (let ((?x677 (* s00 s00)))
 (let ((?x690 (* (- 4) ?x677)))
 (let ((?x3630 (* r00 r00 ?x3222)))
 (let ((?x3528 (* (- 6) ?x3630)))
 (let ((?x4073 (* r00 ?x2460 ?x3222)))
 (let ((?x4074 (* 6 ?x4073)))
 (let ((?x3618 (* ?x2460 ?x3628)))
 (let ((?x3861 (* 18 ?x3618)))
 (let ((?x3597 (* ?x3222 ?x3222)))
 (let ((?x3803 (* 2 ?x3597)))
 (let ((?x2645 (* r00 s00)))
 (let ((?x2906 (* 9 ?x2645)))
 (let ((?x608 (* r00 x00)))
 (let ((?x622 (* (- 18) ?x608)))
 (let ((?x2769 (* ?x2460 ?x3222)))
 (let ((?x2659 (* (- 9) ?x2769)))
 (let ((?x849 (+ 9 ?x2659 ?x622 ?x2906 ?x3803 ?x3861 ?x4074 ?x3528 ?x690 ?x1682 ?x464 ?x2956 ?x2531 ?x47 ?x3938 ?x2546 ?x2524 ?x3660 ?x840)))
 (let ((?x2275 (* (- 1) x)))
 (let ((?x900 (+ ?x2275 s (* 6 (* ?x2460 ?x2460 ?x3628 ?x3628 ?x3222)) (* (- 6) (* ?x2460 ?x2460 ?x3222 ?x3222)))))
 (let (($x3821 (not (= (* ?x900 ?x849) 0))))
 (let ((?x1456 (* x00 x00)))
 (let ((?x3509 (* 108 ?x1456)))
 (let ((?x2922 (* (- 54) r)))
 (let ((?x3695 (* (- 9) s)))
 (let ((?x4112 (* (- 36) ?x3239)))
 (let ((?x137 (* 9 s00)))
 (let ((?x3871 (* 51 ?x677)))
 (let ((?x1407 (* 36 ?x3630)))
 (let ((?x1294 (* s00 s00 s00)))
 (let ((?x3629 (* 16 ?x1294)))
 (let ((?x901 (* s00 x00)))
 (let ((?x3939 (* (- 108) ?x901)))
 (let ((?x2943 (* 216 (* r00 r00 r00 s00))))
 (let ((?x948 (* r00 s00 s00)))
 (let ((?x2122 (* (- 108) ?x948)))
 (let ((?x1008 (* r00 r00 r00 x00)))
 (let ((?x3029 (* (- 432) ?x1008)))
 (let ((?x3912 (* (- 36) (* r00 r00 s00 s00))))
 (let ((?x2693 (* (- 54) ?x2645)))
 (let ((?x1890 (* 108 ?x608)))
 (let ((?x2470 (* 216 (* r00 s00 x00))))
 (let ((?x3461 (+ ?x2470 ?x1890 ?x2693 (* 15 ?x3597) (* (- 216) (* r00 r00 r00 ?x3222)) ?x3912 (* (- 4) (* ?x3222 ?x3222 ?x3222)) (* 108 (* ?x3628 ?x3628)) ?x3029 (* (- 12) (* s00 ?x3222 ?x3222)) (* 108 (* s00 ?x3628)) ?x2122 ?x2943 (* 108 (* x00 ?x3222)) (* 432 (* r00 r00 r00 ?x3628)) (* (- 66) ?x2489) (* 108 (* r00 s00 ?x3222)) ?x3939 (* (- 216) (* r00 s00 ?x3628)) (* 36 (* r00 r00 ?x3222 ?x3222)) ?x3629 (* (- 108) (* ?x3628 ?x3222)) ?x1407 ?x3871 (* (- 108) ?x1679) ?x137 ?x4112 ?x3695 ?x2922 (* 54 ?x1604) (* (- 216) (* x00 ?x3628)) ?x3509)))
 (let (($x2487 (not (= ?x3461 27))))
 (let ((?x143 (* 9 s)))
 (let ((?x2081 (* 36 ?x3239)))
 (let ((?x1083 (* (- 9) s00)))
 (let ((?x1012 (* (- 15) ?x677)))
 (let ((?x973 (* r00 r00 x00)))
 (let ((?x986 (* (- 36) ?x973)))
 (let ((?x902 (* 6 ?x901)))
 (let ((?x3478 (* (- 2) ?x948)))
 (let ((?x2834 (* 24 ?x2645)))
 (let ((?x645 (* (- 54) ?x608)))
 (let ((?x683 (+ (* (- 24) ?x2769) ?x645 (* 36 (* r00 ?x2460 ?x3628)) ?x2834 (* 3 ?x3597) (* 54 ?x3618) (* (- 6) (* s00 ?x3628)) (* 4 (* r00 ?x3222 ?x3222)) ?x3478 (* (- 6) (* x00 ?x3222)) (* 12 ?x2489) (* (- 2) (* r00 s00 ?x3222)) ?x902 (* 2 (* ?x2460 ?x3222 ?x3222)) (* 6 (* ?x3628 ?x3222)) (* (- 4) (* s00 s00 ?x2460)) (* (- 36) ?x3630) ?x986 ?x1012 (* 2 (* s00 ?x2460 ?x3222)) (* (- 36) (* r00 x00 ?x2460)) (* 54 ?x1679) ?x1083 ?x2081 (* (- 54) ?x1906) ?x143 (* 54 r) (* 24 ?x4061) (* (- 24) ?x1604) (* 36 (* r00 r00 ?x3628)))))
 (let ((?x3824 (+ ?x2659 ?x622 ?x2906 ?x3803 ?x3861 ?x4074 ?x3528 ?x690 ?x1682 ?x464 ?x2956 ?x2531 ?x47 ?x3938 ?x2546 ?x2524 ?x3660 ?x840)))
 (let ((?x555 (* r00 r00 r00)))
 (let ((?x569 (* (- 12) ?x555)))
 (let ((?x59 (* 6 x00)))
 (let ((?x534 (* (- 6) x)))
 (let ((?x2931 (* 6 ?x2645)))
 (let ((?x48 (* 3 r00)))
 (let ((?x3539 (+ (* (- 2) ?x2769) (* 12 (* r00 r00 ?x2460)) (* 15 r) ?x464 ?x143 ?x48 (* (- 4) ?x4061) ?x2931 ?x534 ?x59 ?x569)))
 (let ((?x385 (* r00 r00)))
 (let ((?x2269 (* (- 3) ?x385)))
 (let (($x2305 (= (+ s00 ?x364 (* (- 6) r) (* 3 (* ?x2460 ?x2460)) ?x2269) 3)))
 (let (($x1163 (not $x2305)))
 (let (($x2276 (or $x1163 (not (= ?x3539 (- 6))) (not (= ?x3824 (- 9))) (not (= ?x683 (- 27))) $x2487 $x3821)))
 (let ((?x1874 (* r00 r00 s)))
 (let ((?x2494 (* 36 ?x1874)))
 (let ((?x3544 (+ ?x2470 ?x1890 ?x2693 (* 15 (* s s)) (* (- 216) (* r00 r00 r00 s)) ?x3912 (* (- 4) (* s s s)) (* 108 (* x x)) ?x3029 (* (- 12) (* s00 s s)) (* 108 (* s00 x)) ?x2122 ?x2943 (* 108 (* x00 s)) (* 432 (* r00 r00 r00 x)) (* (- 66) (* s00 s)) (* 108 (* r00 s00 s)) ?x3939 (* (- 216) (* r00 s00 x)) (* 36 (* r00 r00 s s)) ?x3629 (* (- 108) (* x s)) ?x2494 ?x3871 (* (- 108) (* r00 x)) ?x137 ?x4112 ?x3695 (* 54 (* r00 s)) (* (- 216) (* x00 x)) ?x3509)))
 (let (($x3548 (= ?x3544 0)))
 (let ((?x2804 (* (- 36) ?x1874)))
 (let ((?x631 (* s s)))
 (let ((?x663 (* 3 ?x631)))
 (let ((?x557 (+ (* (- 24) (* s r)) ?x645 (* 36 (* r00 x r)) ?x2834 ?x663 (* 54 (* x r)) (* (- 6) (* s00 x)) (* 4 (* r00 s s)) ?x3478 (* (- 6) (* x00 s)) (* 12 (* s00 s)) (* (- 2) (* r00 s00 s)) ?x902 (* 2 (* s s r)) (* 6 (* x s)) (* (- 4) (* s00 s00 r)) ?x2804 ?x986 ?x1012 (* 2 (* s00 s r)) (* (- 36) (* r00 x00 r)) (* 54 (* r00 x)) ?x1083 ?x2081 (* (- 54) (* x00 r)) ?x143 (* 24 (* s00 r)) (* (- 24) (* r00 s)) (* 36 (* r00 r00 x)))))
 (let ((?x1945 (* r00 x)))
 (let ((?x1946 (* 18 ?x1945)))
 (let ((?x632 (* 2 ?x631)))
 (let ((?x3038 (+ (* (- 9) (* s r)) ?x622 ?x2906 ?x632 (* 18 (* x r)) (* 6 (* r00 s r)) (* (- 6) ?x1874) ?x690 ?x1946 ?x464 ?x2956 (* (- 18) (* x00 r)) ?x47 (* 9 (* s00 r)) (* 2 (* s00 s)) (* (- 9) (* r00 s)) (* (- 6) (* r00 s00 r)))))
 (let ((?x2947 (+ (* (- 2) (* s r)) (* 12 (* r00 r00 r)) (* (- 3) r) ?x464 ?x47 ?x48 (* (- 4) (* s00 r)) ?x2931 ?x534 ?x59 ?x569)))
 (let (($x3310 (= (+ s00 ?x364 (* 3 (* r r)) ?x2269) 0)))
 (and $x3310 (= ?x2947 0) (= ?x3038 0) (= ?x557 0) $x3548 $x2276)))))))))))))))))))))))))))))))))))))))))))))))))))))))))))))))))))))))))))))))))))))))))))))))))))))))) :qid k!40))
 ))
 (let ((?x374 (lambda ((r Int) (s Int) (x Int) )(let ((?x2460 (+ 1 r)))
 (let ((?x1386 (* r00 s00 ?x2460)))
 (let ((?x840 (* (- 6) ?x1386)))
 (let ((?x211 (* 6 r)))
 (let ((?x3222 (+ 3 s ?x211)))
 (let ((?x1604 (* r00 ?x3222)))
 (let ((?x3660 (* (- 9) ?x1604)))
 (let ((?x2489 (* s00 ?x3222)))
 (let ((?x2524 (* 2 ?x2489)))
 (let ((?x4061 (* s00 ?x2460)))
 (let ((?x2546 (* 9 ?x4061)))
 (let ((?x3938 (* 18 r)))
 (let ((?x47 (* 3 s)))
 (let ((?x1906 (* x00 ?x2460)))
 (let ((?x2531 (* (- 18) ?x1906)))
 (let ((?x3239 (* r00 r00 s00)))
 (let ((?x2956 (* 6 ?x3239)))
 (let ((?x464 (* (- 3) s00)))
 (let ((?x364 (* (- 1) s)))
 (let ((?x3628 (+ x ?x364)))
 (let ((?x1679 (* r00 ?x3628)))
 (let ((?x1682 (* 18 ?x1679)))
 (let ((?x677 (* s00 s00)))
 (let ((?x690 (* (- 4) ?x677)))
 (let ((?x3630 (* r00 r00 ?x3222)))
 (let ((?x3528 (* (- 6) ?x3630)))
 (let ((?x4073 (* r00 ?x2460 ?x3222)))
 (let ((?x4074 (* 6 ?x4073)))
 (let ((?x3618 (* ?x2460 ?x3628)))
 (let ((?x3861 (* 18 ?x3618)))
 (let ((?x3597 (* ?x3222 ?x3222)))
 (let ((?x3803 (* 2 ?x3597)))
 (let ((?x2645 (* r00 s00)))
 (let ((?x2906 (* 9 ?x2645)))
 (let ((?x608 (* r00 x00)))
 (let ((?x622 (* (- 18) ?x608)))
 (let ((?x2769 (* ?x2460 ?x3222)))
 (let ((?x2659 (* (- 9) ?x2769)))
 (let ((?x849 (+ 9 ?x2659 ?x622 ?x2906 ?x3803 ?x3861 ?x4074 ?x3528 ?x690 ?x1682 ?x464 ?x2956 ?x2531 ?x47 ?x3938 ?x2546 ?x2524 ?x3660 ?x840)))
 (let ((?x2275 (* (- 1) x)))
 (let ((?x900 (+ ?x2275 s (* 6 (* ?x2460 ?x2460 ?x3628 ?x3628 ?x3222)) (* (- 6) (* ?x2460 ?x2460 ?x3222 ?x3222)))))
 (let (($x3821 (not (= (* ?x900 ?x849) 0))))
 (let ((?x1456 (* x00 x00)))
 (let ((?x3509 (* 108 ?x1456)))
 (let ((?x2922 (* (- 54) r)))
 (let ((?x3695 (* (- 9) s)))
 (let ((?x4112 (* (- 36) ?x3239)))
 (let ((?x137 (* 9 s00)))
 (let ((?x3871 (* 51 ?x677)))
 (let ((?x1407 (* 36 ?x3630)))
 (let ((?x1294 (* s00 s00 s00)))
 (let ((?x3629 (* 16 ?x1294)))
 (let ((?x901 (* s00 x00)))
 (let ((?x3939 (* (- 108) ?x901)))
 (let ((?x2943 (* 216 (* r00 r00 r00 s00))))
 (let ((?x948 (* r00 s00 s00)))
 (let ((?x2122 (* (- 108) ?x948)))
 (let ((?x1008 (* r00 r00 r00 x00)))
 (let ((?x3029 (* (- 432) ?x1008)))
 (let ((?x3912 (* (- 36) (* r00 r00 s00 s00))))
 (let ((?x2693 (* (- 54) ?x2645)))
 (let ((?x1890 (* 108 ?x608)))
 (let ((?x2470 (* 216 (* r00 s00 x00))))
 (let ((?x3461 (+ ?x2470 ?x1890 ?x2693 (* 15 ?x3597) (* (- 216) (* r00 r00 r00 ?x3222)) ?x3912 (* (- 4) (* ?x3222 ?x3222 ?x3222)) (* 108 (* ?x3628 ?x3628)) ?x3029 (* (- 12) (* s00 ?x3222 ?x3222)) (* 108 (* s00 ?x3628)) ?x2122 ?x2943 (* 108 (* x00 ?x3222)) (* 432 (* r00 r00 r00 ?x3628)) (* (- 66) ?x2489) (* 108 (* r00 s00 ?x3222)) ?x3939 (* (- 216) (* r00 s00 ?x3628)) (* 36 (* r00 r00 ?x3222 ?x3222)) ?x3629 (* (- 108) (* ?x3628 ?x3222)) ?x1407 ?x3871 (* (- 108) ?x1679) ?x137 ?x4112 ?x3695 ?x2922 (* 54 ?x1604) (* (- 216) (* x00 ?x3628)) ?x3509)))
 (let (($x2487 (not (= ?x3461 27))))
 (let ((?x3117 (* 15 ?x677)))
 (let ((?x973 (* r00 r00 x00)))
 (let ((?x974 (* 36 ?x973)))
 (let ((?x3175 (* (- 6) ?x901)))
 (let ((?x3106 (* 2 ?x948)))
 (let ((?x3633 (* (- 24) ?x2645)))
 (let ((?x1548 (* 54 ?x608)))
 (let ((?x3074 (+ (* 24 ?x2769) ?x1548 (* (- 36) (* r00 ?x2460 ?x3628)) ?x3633 (* (- 3) ?x3597) (* (- 54) ?x3618) (* 6 (* s00 ?x3628)) (* (- 4) (* r00 ?x3222 ?x3222)) ?x3106 (* 6 (* x00 ?x3222)) (* (- 12) ?x2489) (* 2 (* r00 s00 ?x3222)) ?x3175 (* (- 2) (* ?x2460 ?x3222 ?x3222)) (* (- 6) (* ?x3628 ?x3222)) (* 4 (* s00 s00 ?x2460)) ?x1407 ?x974 ?x3117 (* (- 2) (* s00 ?x2460 ?x3222)) (* 36 (* r00 x00 ?x2460)) (* (- 54) ?x1679) ?x137 ?x4112 (* 54 ?x1906) ?x3695 ?x2922 (* (- 24) ?x4061) (* 24 ?x1604) (* (- 36) (* r00 r00 ?x3628)))))
 (let ((?x585 (* (- 3) s)))
 (let ((?x3426 (* (- 6) ?x3239)))
 (let ((?x44 (* 3 s00)))
 (let ((?x678 (* 4 ?x677)))
 (let ((?x2759 (* (- 9) ?x2645)))
 (let ((?x609 (* 18 ?x608)))
 (let ((?x3116 (+ (* 9 ?x2769) ?x609 ?x2759 (* (- 2) ?x3597) (* (- 18) ?x3618) (* (- 6) ?x4073) (* 6 ?x3630) ?x678 (* (- 18) ?x1679) ?x44 ?x3426 (* 18 ?x1906) ?x585 (* (- 18) r) (* (- 9) ?x4061) (* (- 2) ?x2489) (* 9 ?x1604) (* 6 ?x1386))))
 (let ((?x555 (* r00 r00 r00)))
 (let ((?x556 (* 12 ?x555)))
 (let ((?x587 (* (- 6) x00)))
 (let ((?x56 (* 6 x)))
 (let ((?x949 (* (- 6) ?x2645)))
 (let ((?x586 (* (- 3) r00)))
 (let ((?x3899 (+ (* 2 ?x2769) (* (- 12) (* r00 r00 ?x2460)) (* (- 15) r) ?x44 ?x3695 ?x586 (* 4 ?x4061) ?x949 ?x56 ?x587 ?x556)))
 (let ((?x385 (* r00 r00)))
 (let ((?x2269 (* (- 3) ?x385)))
 (let (($x2305 (= (+ s00 ?x364 (* (- 6) r) (* 3 (* ?x2460 ?x2460)) ?x2269) 3)))
 (let (($x1163 (not $x2305)))
 (let (($x928 (or $x1163 (not (= ?x3899 6)) (not (= ?x3116 9)) (not (= ?x3074 27)) $x2487 $x3821)))
 (let ((?x1874 (* r00 r00 s)))
 (let ((?x2494 (* 36 ?x1874)))
 (let ((?x3544 (+ ?x2470 ?x1890 ?x2693 (* 15 (* s s)) (* (- 216) (* r00 r00 r00 s)) ?x3912 (* (- 4) (* s s s)) (* 108 (* x x)) ?x3029 (* (- 12) (* s00 s s)) (* 108 (* s00 x)) ?x2122 ?x2943 (* 108 (* x00 s)) (* 432 (* r00 r00 r00 x)) (* (- 66) (* s00 s)) (* 108 (* r00 s00 s)) ?x3939 (* (- 216) (* r00 s00 x)) (* 36 (* r00 r00 s s)) ?x3629 (* (- 108) (* x s)) ?x2494 ?x3871 (* (- 108) (* r00 x)) ?x137 ?x4112 ?x3695 (* 54 (* r00 s)) (* (- 216) (* x00 x)) ?x3509)))
 (let (($x3548 (= ?x3544 0)))
 (let ((?x3136 (* r00 r00 x)))
 (let ((?x3218 (* (- 36) ?x3136)))
 (let ((?x2463 (* r00 s s)))
 (let ((?x3203 (* (- 4) ?x2463)))
 (let ((?x3573 (+ (* 24 (* s r)) ?x1548 (* (- 36) (* r00 x r)) ?x3633 (* (- 3) (* s s)) (* (- 54) (* x r)) (* 6 (* s00 x)) ?x3203 ?x3106 (* 6 (* x00 s)) (* (- 12) (* s00 s)) (* 2 (* r00 s00 s)) ?x3175 (* (- 2) (* s s r)) (* (- 6) (* x s)) (* 4 (* s00 s00 r)) ?x2494 ?x974 ?x3117 (* (- 2) (* s00 s r)) (* 36 (* r00 x00 r)) (* (- 54) (* r00 x)) ?x137 ?x4112 (* 54 (* x00 r)) ?x3695 (* (- 24) (* s00 r)) (* 24 (* r00 s)) ?x3218)))
 (let ((?x1945 (* r00 x)))
 (let ((?x2230 (* (- 18) ?x1945)))
 (let ((?x631 (* s s)))
 (let ((?x2211 (* (- 2) ?x631)))
 (let ((?x3691 (+ (* 9 (* s r)) ?x609 ?x2759 ?x2211 (* (- 18) (* x r)) (* (- 6) (* r00 s r)) (* 6 ?x1874) ?x678 ?x2230 ?x44 ?x3426 (* 18 (* x00 r)) ?x585 (* (- 9) (* s00 r)) (* (- 2) (* s00 s)) (* 9 (* r00 s)) (* 6 (* r00 s00 r)))))
 (let ((?x43 (* 3 r)))
 (let ((?x1277 (+ (* 2 (* s r)) (* (- 12) (* r00 r00 r)) ?x43 ?x44 ?x585 ?x586 (* 4 (* s00 r)) ?x949 ?x56 ?x587 ?x556)))
 (let (($x3310 (= (+ s00 ?x364 (* 3 (* r r)) ?x2269) 0)))
 (let (($x2989 (and $x3310 (= ?x1277 0) (= ?x3691 0) (= ?x3573 0) $x3548 $x928)))
 (let ((?x143 (* 9 s)))
 (let ((?x2081 (* 36 ?x3239)))
 (let ((?x1083 (* (- 9) s00)))
 (let ((?x1012 (* (- 15) ?x677)))
 (let ((?x986 (* (- 36) ?x973)))
 (let ((?x902 (* 6 ?x901)))
 (let ((?x3478 (* (- 2) ?x948)))
 (let ((?x2834 (* 24 ?x2645)))
 (let ((?x645 (* (- 54) ?x608)))
 (let ((?x683 (+ (* (- 24) ?x2769) ?x645 (* 36 (* r00 ?x2460 ?x3628)) ?x2834 (* 3 ?x3597) (* 54 ?x3618) (* (- 6) (* s00 ?x3628)) (* 4 (* r00 ?x3222 ?x3222)) ?x3478 (* (- 6) (* x00 ?x3222)) (* 12 ?x2489) (* (- 2) (* r00 s00 ?x3222)) ?x902 (* 2 (* ?x2460 ?x3222 ?x3222)) (* 6 (* ?x3628 ?x3222)) (* (- 4) (* s00 s00 ?x2460)) (* (- 36) ?x3630) ?x986 ?x1012 (* 2 (* s00 ?x2460 ?x3222)) (* (- 36) (* r00 x00 ?x2460)) (* 54 ?x1679) ?x1083 ?x2081 (* (- 54) ?x1906) ?x143 (* 54 r) (* 24 ?x4061) (* (- 24) ?x1604) (* 36 (* r00 r00 ?x3628)))))
 (let ((?x3824 (+ ?x2659 ?x622 ?x2906 ?x3803 ?x3861 ?x4074 ?x3528 ?x690 ?x1682 ?x464 ?x2956 ?x2531 ?x47 ?x3938 ?x2546 ?x2524 ?x3660 ?x840)))
 (let ((?x569 (* (- 12) ?x555)))
 (let ((?x59 (* 6 x00)))
 (let ((?x534 (* (- 6) x)))
 (let ((?x2931 (* 6 ?x2645)))
 (let ((?x48 (* 3 r00)))
 (let ((?x3539 (+ (* (- 2) ?x2769) (* 12 (* r00 r00 ?x2460)) (* 15 r) ?x464 ?x143 ?x48 (* (- 4) ?x4061) ?x2931 ?x534 ?x59 ?x569)))
 (let (($x2276 (or $x1163 (not (= ?x3539 (- 6))) (not (= ?x3824 (- 9))) (not (= ?x683 (- 27))) $x2487 $x3821)))
 (let ((?x2804 (* (- 36) ?x1874)))
 (let ((?x663 (* 3 ?x631)))
 (let ((?x557 (+ (* (- 24) (* s r)) ?x645 (* 36 (* r00 x r)) ?x2834 ?x663 (* 54 (* x r)) (* (- 6) (* s00 x)) (* 4 ?x2463) ?x3478 (* (- 6) (* x00 s)) (* 12 (* s00 s)) (* (- 2) (* r00 s00 s)) ?x902 (* 2 (* s s r)) (* 6 (* x s)) (* (- 4) (* s00 s00 r)) ?x2804 ?x986 ?x1012 (* 2 (* s00 s r)) (* (- 36) (* r00 x00 r)) (* 54 ?x1945) ?x1083 ?x2081 (* (- 54) (* x00 r)) ?x143 (* 24 (* s00 r)) (* (- 24) (* r00 s)) (* 36 ?x3136))))
 (let ((?x1946 (* 18 ?x1945)))
 (let ((?x632 (* 2 ?x631)))
 (let ((?x3038 (+ (* (- 9) (* s r)) ?x622 ?x2906 ?x632 (* 18 (* x r)) (* 6 (* r00 s r)) (* (- 6) ?x1874) ?x690 ?x1946 ?x464 ?x2956 (* (- 18) (* x00 r)) ?x47 (* 9 (* s00 r)) (* 2 (* s00 s)) (* (- 9) (* r00 s)) (* (- 6) (* r00 s00 r)))))
 (let ((?x2947 (+ (* (- 2) (* s r)) (* 12 (* r00 r00 r)) (* (- 3) r) ?x464 ?x47 ?x48 (* (- 4) (* s00 r)) ?x2931 ?x534 ?x59 ?x569)))
 (let (($x3822 (and $x3310 (= ?x2947 0) (= ?x3038 0) (= ?x557 0) $x3548 $x2276)))
 (rewrite (= $x3822 $x2989)))))))))))))))))))))))))))))))))))))))))))))))))))))))))))))))))))))))))))))))))))))))))))))))))))))))))))))))))))))))))))))))))))))))))))
 ))
 (let (($x361 (exists ((r Int) (s Int) (x Int) )(! (let ((?x211 (* 6 r)))
 (let ((?x212 (+ s ?x211 3)))
 (let ((?x215 (+ r 1)))
 (let ((?x353 (+ (* (- 1) (- x s)) (* 6 ?x215 ?x215 ?x212 (- x s) (- x s)))))
 (let ((?x227 (* 3 ?x212)))
 (let ((?x82 (* 6 r00 r00 s00)))
 (let ((?x44 (* 3 s00)))
 (let ((?x76 (* 4 s00 s00)))
 (let ((?x70 (* 9 r00 s00)))
 (let ((?x244 (+ (- (* (- 9) ?x215 ?x212) (* 18 r00 x00)) ?x70 (* 2 ?x212 ?x212) (* 18 ?x215 (- x s)) (* 6 ?x215 r00 ?x212))))
 (let ((?x249 (+ (- (- ?x244 (* 6 r00 r00 ?x212)) ?x76) (* 18 r00 (- x s)))))
 (let ((?x256 (+ (- (+ (- ?x249 ?x44) ?x82) (* 18 ?x215 x00)) ?x227 (* 9 ?x215 s00) (* 2 ?x212 s00))))
 (let ((?x260 (- (- ?x256 (* 9 r00 ?x212)) (* 6 ?x215 r00 s00))))
 (let ((?x208 (* 108 x00 x00)))
 (let ((?x299 (* 9 ?x212)))
 (let ((?x139 (* 36 r00 r00 s00)))
 (let ((?x137 (* 9 s00)))
 (let ((?x197 (* 51 s00 s00)))
 (let ((?x284 (* 36 r00 r00 ?x212)))
 (let ((?x192 (* 16 s00 s00 s00)))
 (let ((?x186 (* 108 s00 x00)))
 (let ((?x177 (* 216 r00 r00 r00 s00)))
 (let ((?x175 (* 108 r00 s00 s00)))
 (let ((?x169 (* 432 r00 r00 r00 x00)))
 (let ((?x161 (* 36 r00 r00 s00 s00)))
 (let ((?x157 (- (+ (* 216 r00 s00 x00) (* 108 r00 x00)) (* 54 r00 s00))))
 (let ((?x313 (- (- (+ ?x157 (* 15 ?x212 ?x212)) (* 216 r00 r00 r00 ?x212)) ?x161)))
 (let ((?x316 (+ (- ?x313 (* 4 ?x212 ?x212 ?x212)) (* 108 (- x s) (- x s)))))
 (let ((?x321 (+ (- (- ?x316 ?x169) (* 12 ?x212 ?x212 s00)) (* 108 s00 (- x s)))))
 (let ((?x325 (+ (- ?x321 ?x175) ?x177 (* 108 ?x212 x00) (* 432 r00 r00 r00 (- x s)))))
 (let ((?x331 (- (+ (- ?x325 (* 66 ?x212 s00)) (* 108 r00 ?x212 s00)) ?x186)))
 (let ((?x334 (+ (- ?x331 (* 216 r00 s00 (- x s))) (* 36 r00 r00 ?x212 ?x212) ?x192)))
 (let ((?x339 (- (+ (- ?x334 (* 108 ?x212 (- x s))) ?x284 ?x197) (* 108 r00 (- x s)))))
 (let ((?x346 (- (+ (- (- (+ ?x339 ?x137) ?x139) ?x299) (* 54 r00 ?x212)) (* 216 (- x s) x00))))
 (let ((?x126 (* 15 s00 s00)))
 (let ((?x124 (* 36 r00 r00 x00)))
 (let ((?x118 (* 6 s00 x00)))
 (let ((?x110 (* 2 r00 s00 s00)))
 (let ((?x102 (* 24 r00 s00)))
 (let ((?x268 (+ (- (* (- 24) ?x215 ?x212) (* 54 r00 x00)) (* 36 ?x215 r00 (- x s)) ?x102 (* 3 ?x212 ?x212) (* 54 ?x215 (- x s)))))
 (let ((?x272 (+ (- ?x268 (* 6 s00 (- x s))) (* 4 r00 ?x212 ?x212))))
 (let ((?x279 (- (+ (- (- ?x272 ?x110) (* 6 ?x212 x00)) (* 12 ?x212 s00)) (* 2 r00 ?x212 s00))))
 (let ((?x282 (+ ?x279 ?x118 (* 2 ?x215 ?x212 ?x212) (* 6 ?x212 (- x s)))))
 (let ((?x290 (+ (- (- (- (- ?x282 (* 4 ?x215 s00 s00)) ?x284) ?x124) ?x126) (* 2 ?x215 ?x212 s00))))
 (let ((?x294 (+ (- ?x290 (* 36 ?x215 r00 x00)) (* 54 r00 (- x s)))))
 (let ((?x301 (+ (- (+ (- ?x294 ?x137) ?x139) (* 54 ?x215 x00)) ?x299 (* 24 ?x215 s00))))
 (let ((?x305 (+ (- ?x301 (* 24 r00 ?x212)) (* 36 r00 r00 (- x s)))))
 (let ((?x61 (* 12 r00 r00 r00)))
 (let ((?x59 (* 6 x00)))
 (let ((?x54 (* 6 r00 s00)))
 (let ((?x48 (* 3 r00)))
 (let ((?x225 (- (+ (* (- 2) ?x215 ?x212) (* 12 ?x215 r00 r00)) (* 3 ?x215))))
 (let ((?x234 (- (+ (- (+ (- ?x225 ?x44) ?x227 ?x48) (* 4 ?x215 s00)) ?x54) (* 6 (- x s)))))
 (let (($x219 (= (- (+ (- s00 ?x212) (* 3 ?x215 ?x215)) (* 3 r00 r00)) 0)))
 (let (($x359 (or (not $x219) (not (= (- (+ ?x234 ?x59) ?x61) 0)) (not (= ?x260 0)) (not (= ?x305 0)) (not (= (+ ?x346 ?x208) 0)) (not (= (* ?x260 (- ?x353 (* 6 ?x215 ?x215 ?x212 ?x212))) 0)))))
 (let ((?x143 (* 9 s)))
 (let ((?x123 (* 36 r00 r00 s)))
 (let ((?x164 (- (- (+ ?x157 (* 15 s s)) (* 216 r00 r00 r00 s)) ?x161)))
 (let ((?x172 (- (- (+ (- ?x164 (* 4 s s s)) (* 108 x x)) ?x169) (* 12 s s s00))))
 (let ((?x180 (+ (- (+ ?x172 (* 108 s00 x)) ?x175) ?x177 (* 108 s x00) (* 432 r00 r00 r00 x))))
 (let ((?x188 (- (+ (- ?x180 (* 66 s s00)) (* 108 r00 s s00)) ?x186)))
 (let ((?x193 (+ (- ?x188 (* 216 r00 s00 x)) (* 36 r00 r00 s s) ?x192)))
 (let ((?x200 (- (+ (- ?x193 (* 108 s x)) ?x123 ?x197) (* 108 r00 x))))
 (let ((?x207 (- (+ (- (- (+ ?x200 ?x137) ?x139) ?x143) (* 54 r00 s)) (* 216 x x00))))
 (let ((?x105 (+ (- (* (- 24) r s) (* 54 r00 x00)) (* 36 r r00 x) ?x102 (* 3 s s) (* 54 r x))))
 (let ((?x112 (- (+ (- ?x105 (* 6 s00 x)) (* 4 r00 s s)) ?x110)))
 (let ((?x117 (- (+ (- ?x112 (* 6 s x00)) (* 12 s s00)) (* 2 r00 s s00))))
 (let ((?x127 (- (+ ?x117 ?x118 (* 2 r s s) (* 6 s x)) (* 4 r s00 s00))))
 (let ((?x134 (- (+ (- (- (- ?x127 ?x123) ?x124) ?x126) (* 2 r s s00)) (* 36 r r00 x00))))
 (let ((?x142 (- (+ (- (+ ?x134 (* 54 r00 x)) ?x137) ?x139) (* 54 r x00))))
 (let ((?x149 (+ (- (+ ?x142 ?x143 (* 24 r s00)) (* 24 r00 s)) (* 36 r00 r00 x))))
 (let ((?x47 (* 3 s)))
 (let ((?x74 (+ (- (* (- 9) r s) (* 18 r00 x00)) ?x70 (* 2 s s) (* 18 r x) (* 6 r r00 s))))
 (let ((?x80 (+ (- (- ?x74 (* 6 r00 r00 s)) ?x76) (* 18 r00 x))))
 (let ((?x88 (+ (- (+ (- ?x80 ?x44) ?x82) (* 18 r x00)) ?x47 (* 9 r s00) (* 2 s s00))))
 (let (($x93 (= (- (- ?x88 (* 9 r00 s)) (* 6 r r00 s00)) 0)))
 (let ((?x56 (* 6 x)))
 (let ((?x43 (* 3 r)))
 (let ((?x46 (- (- (+ (* (- 2) r s) (* 12 r r00 r00)) ?x43) ?x44)))
 (let ((?x60 (+ (- (+ (- (+ ?x46 ?x47 ?x48) (* 4 r s00)) ?x54) ?x56) ?x59)))
 (let (($x36 (= (- (+ (- s00 s) (* 3 r r)) (* 3 r00 r00)) 0)))
 (and $x36 (= (- ?x60 ?x61) 0) $x93 (= ?x149 0) (= (+ ?x207 ?x208) 0) $x359)))))))))))))))))))))))))))))))))))))))))))))))))))))))))))))))))))))))))))))))))) :qid k!40))
 ))
 (let ((?x3831 (lambda ((r Int) (s Int) (x Int) )(let ((?x2460 (+ 1 r)))
 (let ((?x1386 (* r00 s00 ?x2460)))
 (let ((?x840 (* (- 6) ?x1386)))
 (let ((?x211 (* 6 r)))
 (let ((?x3222 (+ 3 s ?x211)))
 (let ((?x1604 (* r00 ?x3222)))
 (let ((?x3660 (* (- 9) ?x1604)))
 (let ((?x2489 (* s00 ?x3222)))
 (let ((?x2524 (* 2 ?x2489)))
 (let ((?x4061 (* s00 ?x2460)))
 (let ((?x2546 (* 9 ?x4061)))
 (let ((?x3938 (* 18 r)))
 (let ((?x47 (* 3 s)))
 (let ((?x1906 (* x00 ?x2460)))
 (let ((?x2531 (* (- 18) ?x1906)))
 (let ((?x3239 (* r00 r00 s00)))
 (let ((?x2956 (* 6 ?x3239)))
 (let ((?x464 (* (- 3) s00)))
 (let ((?x364 (* (- 1) s)))
 (let ((?x3628 (+ x ?x364)))
 (let ((?x1679 (* r00 ?x3628)))
 (let ((?x1682 (* 18 ?x1679)))
 (let ((?x677 (* s00 s00)))
 (let ((?x690 (* (- 4) ?x677)))
 (let ((?x3630 (* r00 r00 ?x3222)))
 (let ((?x3528 (* (- 6) ?x3630)))
 (let ((?x4073 (* r00 ?x2460 ?x3222)))
 (let ((?x4074 (* 6 ?x4073)))
 (let ((?x3618 (* ?x2460 ?x3628)))
 (let ((?x3861 (* 18 ?x3618)))
 (let ((?x3597 (* ?x3222 ?x3222)))
 (let ((?x3803 (* 2 ?x3597)))
 (let ((?x2645 (* r00 s00)))
 (let ((?x2906 (* 9 ?x2645)))
 (let ((?x608 (* r00 x00)))
 (let ((?x622 (* (- 18) ?x608)))
 (let ((?x2769 (* ?x2460 ?x3222)))
 (let ((?x2659 (* (- 9) ?x2769)))
 (let ((?x849 (+ 9 ?x2659 ?x622 ?x2906 ?x3803 ?x3861 ?x4074 ?x3528 ?x690 ?x1682 ?x464 ?x2956 ?x2531 ?x47 ?x3938 ?x2546 ?x2524 ?x3660 ?x840)))
 (let ((?x2275 (* (- 1) x)))
 (let ((?x900 (+ ?x2275 s (* 6 (* ?x2460 ?x2460 ?x3628 ?x3628 ?x3222)) (* (- 6) (* ?x2460 ?x2460 ?x3222 ?x3222)))))
 (let (($x3821 (not (= (* ?x900 ?x849) 0))))
 (let ((?x1456 (* x00 x00)))
 (let ((?x3509 (* 108 ?x1456)))
 (let ((?x2922 (* (- 54) r)))
 (let ((?x3695 (* (- 9) s)))
 (let ((?x4112 (* (- 36) ?x3239)))
 (let ((?x137 (* 9 s00)))
 (let ((?x3871 (* 51 ?x677)))
 (let ((?x1407 (* 36 ?x3630)))
 (let ((?x1294 (* s00 s00 s00)))
 (let ((?x3629 (* 16 ?x1294)))
 (let ((?x901 (* s00 x00)))
 (let ((?x3939 (* (- 108) ?x901)))
 (let ((?x2943 (* 216 (* r00 r00 r00 s00))))
 (let ((?x948 (* r00 s00 s00)))
 (let ((?x2122 (* (- 108) ?x948)))
 (let ((?x1008 (* r00 r00 r00 x00)))
 (let ((?x3029 (* (- 432) ?x1008)))
 (let ((?x3912 (* (- 36) (* r00 r00 s00 s00))))
 (let ((?x2693 (* (- 54) ?x2645)))
 (let ((?x1890 (* 108 ?x608)))
 (let ((?x2470 (* 216 (* r00 s00 x00))))
 (let ((?x3461 (+ ?x2470 ?x1890 ?x2693 (* 15 ?x3597) (* (- 216) (* r00 r00 r00 ?x3222)) ?x3912 (* (- 4) (* ?x3222 ?x3222 ?x3222)) (* 108 (* ?x3628 ?x3628)) ?x3029 (* (- 12) (* s00 ?x3222 ?x3222)) (* 108 (* s00 ?x3628)) ?x2122 ?x2943 (* 108 (* x00 ?x3222)) (* 432 (* r00 r00 r00 ?x3628)) (* (- 66) ?x2489) (* 108 (* r00 s00 ?x3222)) ?x3939 (* (- 216) (* r00 s00 ?x3628)) (* 36 (* r00 r00 ?x3222 ?x3222)) ?x3629 (* (- 108) (* ?x3628 ?x3222)) ?x1407 ?x3871 (* (- 108) ?x1679) ?x137 ?x4112 ?x3695 ?x2922 (* 54 ?x1604) (* (- 216) (* x00 ?x3628)) ?x3509)))
 (let (($x2487 (not (= ?x3461 27))))
 (let ((?x143 (* 9 s)))
 (let ((?x2081 (* 36 ?x3239)))
 (let ((?x1083 (* (- 9) s00)))
 (let ((?x1012 (* (- 15) ?x677)))
 (let ((?x973 (* r00 r00 x00)))
 (let ((?x986 (* (- 36) ?x973)))
 (let ((?x902 (* 6 ?x901)))
 (let ((?x3478 (* (- 2) ?x948)))
 (let ((?x2834 (* 24 ?x2645)))
 (let ((?x645 (* (- 54) ?x608)))
 (let ((?x683 (+ (* (- 24) ?x2769) ?x645 (* 36 (* r00 ?x2460 ?x3628)) ?x2834 (* 3 ?x3597) (* 54 ?x3618) (* (- 6) (* s00 ?x3628)) (* 4 (* r00 ?x3222 ?x3222)) ?x3478 (* (- 6) (* x00 ?x3222)) (* 12 ?x2489) (* (- 2) (* r00 s00 ?x3222)) ?x902 (* 2 (* ?x2460 ?x3222 ?x3222)) (* 6 (* ?x3628 ?x3222)) (* (- 4) (* s00 s00 ?x2460)) (* (- 36) ?x3630) ?x986 ?x1012 (* 2 (* s00 ?x2460 ?x3222)) (* (- 36) (* r00 x00 ?x2460)) (* 54 ?x1679) ?x1083 ?x2081 (* (- 54) ?x1906) ?x143 (* 54 r) (* 24 ?x4061) (* (- 24) ?x1604) (* 36 (* r00 r00 ?x3628)))))
 (let ((?x3824 (+ ?x2659 ?x622 ?x2906 ?x3803 ?x3861 ?x4074 ?x3528 ?x690 ?x1682 ?x464 ?x2956 ?x2531 ?x47 ?x3938 ?x2546 ?x2524 ?x3660 ?x840)))
 (let ((?x555 (* r00 r00 r00)))
 (let ((?x569 (* (- 12) ?x555)))
 (let ((?x59 (* 6 x00)))
 (let ((?x534 (* (- 6) x)))
 (let ((?x2931 (* 6 ?x2645)))
 (let ((?x48 (* 3 r00)))
 (let ((?x3539 (+ (* (- 2) ?x2769) (* 12 (* r00 r00 ?x2460)) (* 15 r) ?x464 ?x143 ?x48 (* (- 4) ?x4061) ?x2931 ?x534 ?x59 ?x569)))
 (let ((?x385 (* r00 r00)))
 (let ((?x2269 (* (- 3) ?x385)))
 (let (($x2305 (= (+ s00 ?x364 (* (- 6) r) (* 3 (* ?x2460 ?x2460)) ?x2269) 3)))
 (let (($x1163 (not $x2305)))
 (let (($x2276 (or $x1163 (not (= ?x3539 (- 6))) (not (= ?x3824 (- 9))) (not (= ?x683 (- 27))) $x2487 $x3821)))
 (let ((?x1874 (* r00 r00 s)))
 (let ((?x2494 (* 36 ?x1874)))
 (let ((?x3544 (+ ?x2470 ?x1890 ?x2693 (* 15 (* s s)) (* (- 216) (* r00 r00 r00 s)) ?x3912 (* (- 4) (* s s s)) (* 108 (* x x)) ?x3029 (* (- 12) (* s00 s s)) (* 108 (* s00 x)) ?x2122 ?x2943 (* 108 (* x00 s)) (* 432 (* r00 r00 r00 x)) (* (- 66) (* s00 s)) (* 108 (* r00 s00 s)) ?x3939 (* (- 216) (* r00 s00 x)) (* 36 (* r00 r00 s s)) ?x3629 (* (- 108) (* x s)) ?x2494 ?x3871 (* (- 108) (* r00 x)) ?x137 ?x4112 ?x3695 (* 54 (* r00 s)) (* (- 216) (* x00 x)) ?x3509)))
 (let (($x3548 (= ?x3544 0)))
 (let ((?x2804 (* (- 36) ?x1874)))
 (let ((?x631 (* s s)))
 (let ((?x663 (* 3 ?x631)))
 (let ((?x557 (+ (* (- 24) (* s r)) ?x645 (* 36 (* r00 x r)) ?x2834 ?x663 (* 54 (* x r)) (* (- 6) (* s00 x)) (* 4 (* r00 s s)) ?x3478 (* (- 6) (* x00 s)) (* 12 (* s00 s)) (* (- 2) (* r00 s00 s)) ?x902 (* 2 (* s s r)) (* 6 (* x s)) (* (- 4) (* s00 s00 r)) ?x2804 ?x986 ?x1012 (* 2 (* s00 s r)) (* (- 36) (* r00 x00 r)) (* 54 (* r00 x)) ?x1083 ?x2081 (* (- 54) (* x00 r)) ?x143 (* 24 (* s00 r)) (* (- 24) (* r00 s)) (* 36 (* r00 r00 x)))))
 (let ((?x1945 (* r00 x)))
 (let ((?x1946 (* 18 ?x1945)))
 (let ((?x632 (* 2 ?x631)))
 (let ((?x3038 (+ (* (- 9) (* s r)) ?x622 ?x2906 ?x632 (* 18 (* x r)) (* 6 (* r00 s r)) (* (- 6) ?x1874) ?x690 ?x1946 ?x464 ?x2956 (* (- 18) (* x00 r)) ?x47 (* 9 (* s00 r)) (* 2 (* s00 s)) (* (- 9) (* r00 s)) (* (- 6) (* r00 s00 r)))))
 (let ((?x2947 (+ (* (- 2) (* s r)) (* 12 (* r00 r00 r)) (* (- 3) r) ?x464 ?x47 ?x48 (* (- 4) (* s00 r)) ?x2931 ?x534 ?x59 ?x569)))
 (let (($x3310 (= (+ s00 ?x364 (* 3 (* r r)) ?x2269) 0)))
 (let (($x3822 (and $x3310 (= ?x2947 0) (= ?x3038 0) (= ?x557 0) $x3548 $x2276)))
 (let ((?x212 (+ s ?x211 3)))
 (let ((?x215 (+ r 1)))
 (let ((?x353 (+ (* (- 1) (- x s)) (* 6 ?x215 ?x215 ?x212 (- x s) (- x s)))))
 (let ((?x227 (* 3 ?x212)))
 (let ((?x82 (* 6 r00 r00 s00)))
 (let ((?x44 (* 3 s00)))
 (let ((?x76 (* 4 s00 s00)))
 (let ((?x70 (* 9 r00 s00)))
 (let ((?x244 (+ (- (* (- 9) ?x215 ?x212) (* 18 r00 x00)) ?x70 (* 2 ?x212 ?x212) (* 18 ?x215 (- x s)) (* 6 ?x215 r00 ?x212))))
 (let ((?x249 (+ (- (- ?x244 (* 6 r00 r00 ?x212)) ?x76) (* 18 r00 (- x s)))))
 (let ((?x256 (+ (- (+ (- ?x249 ?x44) ?x82) (* 18 ?x215 x00)) ?x227 (* 9 ?x215 s00) (* 2 ?x212 s00))))
 (let ((?x260 (- (- ?x256 (* 9 r00 ?x212)) (* 6 ?x215 r00 s00))))
 (let ((?x208 (* 108 x00 x00)))
 (let ((?x299 (* 9 ?x212)))
 (let ((?x139 (* 36 r00 r00 s00)))
 (let ((?x197 (* 51 s00 s00)))
 (let ((?x284 (* 36 r00 r00 ?x212)))
 (let ((?x192 (* 16 s00 s00 s00)))
 (let ((?x186 (* 108 s00 x00)))
 (let ((?x177 (* 216 r00 r00 r00 s00)))
 (let ((?x175 (* 108 r00 s00 s00)))
 (let ((?x169 (* 432 r00 r00 r00 x00)))
 (let ((?x161 (* 36 r00 r00 s00 s00)))
 (let ((?x157 (- (+ (* 216 r00 s00 x00) (* 108 r00 x00)) (* 54 r00 s00))))
 (let ((?x313 (- (- (+ ?x157 (* 15 ?x212 ?x212)) (* 216 r00 r00 r00 ?x212)) ?x161)))
 (let ((?x316 (+ (- ?x313 (* 4 ?x212 ?x212 ?x212)) (* 108 (- x s) (- x s)))))
 (let ((?x321 (+ (- (- ?x316 ?x169) (* 12 ?x212 ?x212 s00)) (* 108 s00 (- x s)))))
 (let ((?x325 (+ (- ?x321 ?x175) ?x177 (* 108 ?x212 x00) (* 432 r00 r00 r00 (- x s)))))
 (let ((?x331 (- (+ (- ?x325 (* 66 ?x212 s00)) (* 108 r00 ?x212 s00)) ?x186)))
 (let ((?x334 (+ (- ?x331 (* 216 r00 s00 (- x s))) (* 36 r00 r00 ?x212 ?x212) ?x192)))
 (let ((?x339 (- (+ (- ?x334 (* 108 ?x212 (- x s))) ?x284 ?x197) (* 108 r00 (- x s)))))
 (let ((?x346 (- (+ (- (- (+ ?x339 ?x137) ?x139) ?x299) (* 54 r00 ?x212)) (* 216 (- x s) x00))))
 (let ((?x126 (* 15 s00 s00)))
 (let ((?x124 (* 36 r00 r00 x00)))
 (let ((?x118 (* 6 s00 x00)))
 (let ((?x110 (* 2 r00 s00 s00)))
 (let ((?x102 (* 24 r00 s00)))
 (let ((?x268 (+ (- (* (- 24) ?x215 ?x212) (* 54 r00 x00)) (* 36 ?x215 r00 (- x s)) ?x102 (* 3 ?x212 ?x212) (* 54 ?x215 (- x s)))))
 (let ((?x272 (+ (- ?x268 (* 6 s00 (- x s))) (* 4 r00 ?x212 ?x212))))
 (let ((?x279 (- (+ (- (- ?x272 ?x110) (* 6 ?x212 x00)) (* 12 ?x212 s00)) (* 2 r00 ?x212 s00))))
 (let ((?x282 (+ ?x279 ?x118 (* 2 ?x215 ?x212 ?x212) (* 6 ?x212 (- x s)))))
 (let ((?x290 (+ (- (- (- (- ?x282 (* 4 ?x215 s00 s00)) ?x284) ?x124) ?x126) (* 2 ?x215 ?x212 s00))))
 (let ((?x294 (+ (- ?x290 (* 36 ?x215 r00 x00)) (* 54 r00 (- x s)))))
 (let ((?x301 (+ (- (+ (- ?x294 ?x137) ?x139) (* 54 ?x215 x00)) ?x299 (* 24 ?x215 s00))))
 (let ((?x305 (+ (- ?x301 (* 24 r00 ?x212)) (* 36 r00 r00 (- x s)))))
 (let ((?x61 (* 12 r00 r00 r00)))
 (let ((?x54 (* 6 r00 s00)))
 (let ((?x225 (- (+ (* (- 2) ?x215 ?x212) (* 12 ?x215 r00 r00)) (* 3 ?x215))))
 (let ((?x234 (- (+ (- (+ (- ?x225 ?x44) ?x227 ?x48) (* 4 ?x215 s00)) ?x54) (* 6 (- x s)))))
 (let (($x219 (= (- (+ (- s00 ?x212) (* 3 ?x215 ?x215)) (* 3 r00 r00)) 0)))
 (let (($x359 (or (not $x219) (not (= (- (+ ?x234 ?x59) ?x61) 0)) (not (= ?x260 0)) (not (= ?x305 0)) (not (= (+ ?x346 ?x208) 0)) (not (= (* ?x260 (- ?x353 (* 6 ?x215 ?x215 ?x212 ?x212))) 0)))))
 (let ((?x123 (* 36 r00 r00 s)))
 (let ((?x164 (- (- (+ ?x157 (* 15 s s)) (* 216 r00 r00 r00 s)) ?x161)))
 (let ((?x172 (- (- (+ (- ?x164 (* 4 s s s)) (* 108 x x)) ?x169) (* 12 s s s00))))
 (let ((?x180 (+ (- (+ ?x172 (* 108 s00 x)) ?x175) ?x177 (* 108 s x00) (* 432 r00 r00 r00 x))))
 (let ((?x188 (- (+ (- ?x180 (* 66 s s00)) (* 108 r00 s s00)) ?x186)))
 (let ((?x193 (+ (- ?x188 (* 216 r00 s00 x)) (* 36 r00 r00 s s) ?x192)))
 (let ((?x200 (- (+ (- ?x193 (* 108 s x)) ?x123 ?x197) (* 108 r00 x))))
 (let ((?x207 (- (+ (- (- (+ ?x200 ?x137) ?x139) ?x143) (* 54 r00 s)) (* 216 x x00))))
 (let ((?x105 (+ (- (* (- 24) r s) (* 54 r00 x00)) (* 36 r r00 x) ?x102 (* 3 s s) (* 54 r x))))
 (let ((?x112 (- (+ (- ?x105 (* 6 s00 x)) (* 4 r00 s s)) ?x110)))
 (let ((?x117 (- (+ (- ?x112 (* 6 s x00)) (* 12 s s00)) (* 2 r00 s s00))))
 (let ((?x127 (- (+ ?x117 ?x118 (* 2 r s s) (* 6 s x)) (* 4 r s00 s00))))
 (let ((?x134 (- (+ (- (- (- ?x127 ?x123) ?x124) ?x126) (* 2 r s s00)) (* 36 r r00 x00))))
 (let ((?x142 (- (+ (- (+ ?x134 (* 54 r00 x)) ?x137) ?x139) (* 54 r x00))))
 (let ((?x149 (+ (- (+ ?x142 ?x143 (* 24 r s00)) (* 24 r00 s)) (* 36 r00 r00 x))))
 (let ((?x74 (+ (- (* (- 9) r s) (* 18 r00 x00)) ?x70 (* 2 s s) (* 18 r x) (* 6 r r00 s))))
 (let ((?x80 (+ (- (- ?x74 (* 6 r00 r00 s)) ?x76) (* 18 r00 x))))
 (let ((?x88 (+ (- (+ (- ?x80 ?x44) ?x82) (* 18 r x00)) ?x47 (* 9 r s00) (* 2 s s00))))
 (let (($x93 (= (- (- ?x88 (* 9 r00 s)) (* 6 r r00 s00)) 0)))
 (let ((?x56 (* 6 x)))
 (let ((?x43 (* 3 r)))
 (let ((?x46 (- (- (+ (* (- 2) r s) (* 12 r r00 r00)) ?x43) ?x44)))
 (let ((?x60 (+ (- (+ (- (+ ?x46 ?x47 ?x48) (* 4 r s00)) ?x54) ?x56) ?x59)))
 (let (($x36 (= (- (+ (- s00 s) (* 3 r r)) (* 3 r00 r00)) 0)))
 (let (($x360 (and $x36 (= (- ?x60 ?x61) 0) $x93 (= ?x149 0) (= (+ ?x207 ?x208) 0) $x359)))
 (rewrite (= $x360 $x3822)))))))))))))))))))))))))))))))))))))))))))))))))))))))))))))))))))))))))))))))))))))))))))))))))))))))))))))))))))))))))))))))))))))))))))))))))))))))))))))))))))))))))))))))))))))))
 ))
 (let ((@x362 (asserted $x361)))
 (let ((@x916 (mp (mp @x362 (quant-intro (proof-bind ?x3831) (= $x361 $x2271)) $x2271) (rewrite (= $x2271 $x2271)) $x2271)))
 (let ((@x3706 (mp (mp @x916 (quant-intro (proof-bind ?x374) (= $x2271 $x2480)) $x2480) (quant-intro (proof-bind ?x650) (= $x2480 $x637)) $x637)))
 (let ((@x3719 (mp (mp~ @x3706 (sk (~ $x637 $x3771)) $x3771) (rewrite (= $x3771 $x4143)) $x4143)))
 (let ((@x3014 (and-elim @x3719 $x766)))
 (let ((@x2284 (unit-resolution ((_ th-lemma arith triangle-eq) (or (not $x766) $x4149)) @x3014 $x4149)))
 (let (($x2726 (>= ?x2960 0)))
 (let ((@x2456 (unit-resolution ((_ th-lemma arith triangle-eq) (or (not $x766) $x2726)) @x3014 $x2726)))
 (let (($x1652 (<= ?x964 0)))
 (let ((@x739 (and-elim @x3719 $x967)))
 (let ((@x2109 (unit-resolution ((_ th-lemma arith triangle-eq) (or $x852 $x1652)) @x739 $x1652)))
 (let (($x4153 (>= ?x964 0)))
 (let ((@x2969 (unit-resolution ((_ th-lemma arith triangle-eq) (or $x852 $x4153)) @x739 $x4153)))
 (let (($x3064 (<= ?x1664 0)))
 (let ((@x2405 (and-elim @x3719 $x1665)))
 (let ((@x2554 (unit-resolution ((_ th-lemma arith triangle-eq) (or (not $x1665) $x3064)) @x2405 $x3064)))
 (let (($x3020 (>= ?x1664 0)))
 (let ((@x1524 (unit-resolution ((_ th-lemma arith triangle-eq) (or (not $x1665) $x3020)) @x2405 $x3020)))
 (let (($x2115 (<= ?x3898 0)))
 (let ((@x2433 (and-elim @x3719 $x3011)))
 (let ((@x2126 (unit-resolution ((_ th-lemma arith triangle-eq) (or (not $x3011) $x2115)) @x2433 $x2115)))
 (let (($x1622 (>= ?x3898 0)))
 (let ((@x2285 (unit-resolution ((_ th-lemma arith triangle-eq) (or (not $x3011) $x1622)) @x2433 $x1622)))
 (let (($x1612 (<= ?x817 0)))
 (let ((@x2432 (and-elim @x3719 $x818)))
 (let ((@x2117 (unit-resolution ((_ th-lemma arith triangle-eq) (or (not $x818) $x1612)) @x2432 $x1612)))
 (let (($x536 (>= ?x817 0)))
 (let ((@x2370 (unit-resolution ((_ th-lemma arith triangle-eq) (or (not $x818) $x536)) @x2432 $x536)))
 (let (($x4144 (<= ?x1815 0)))
 (let ((@x2372 ((_ th-lemma arith) (hypothesis (not $x4144)) @x2969 @x2109 @x1524 @x2554 @x2285 @x2126 @x2285 @x2126 @x2285 @x2126 @x1524 @x2554 @x2969 @x2109 @x1524 @x2554 @x2456 @x2284 @x2969 @x2109 @x2969 @x2109 @x2456 @x2284 false)))
 (let ((@x3870 (lemma @x2372 $x4144)))
 (let (($x1313 (>= ?x1815 0)))
 (let ((@x2127 ((_ th-lemma arith) (hypothesis (not $x1313)) @x2969 @x2109 @x1524 @x2554 @x2285 @x2126 @x2285 @x2126 @x2285 @x2126 @x1524 @x2554 @x2969 @x2109 @x1524 @x2554 @x2456 @x2284 @x2969 @x2109 @x2969 @x2109 @x2456 @x2284 false)))
 (let ((@x2330 (lemma @x2127 $x1313)))
 (let (($x2550 (<= ?x1599 0)))
 (let ((@x1556 ((_ th-lemma arith) (hypothesis (not $x2550)) @x2969 @x2109 @x2285 @x2126 @x1524 @x2554 @x2330 @x3870 @x2969 @x2109 false)))
 (let ((@x1542 (lemma @x1556 $x2550)))
 (let (($x3468 (>= ?x1599 0)))
 (let ((@x3543 ((_ th-lemma arith) (hypothesis (not $x3468)) @x2969 @x2109 @x2285 @x2126 @x1524 @x2554 @x2285 @x2126 @x1524 @x2554 @x2969 @x2109 @x2456 @x2284 @x2456 @x2284 @x2969 @x2109 false)))
 (let ((@x3521 (lemma @x3543 $x3468)))
 (let (($x2343 (not (<= ?x2793 0))))
 (let (($x3138 (>= ?x2793 0)))
 (let ((@x2607 ((_ th-lemma arith) (hypothesis (not $x3138)) @x2969 @x2109 @x1524 @x2554 @x2285 @x2126 @x3521 @x1542 @x2456 @x2284 @x2969 @x2109 @x2330 @x3870 @x2370 @x2117 @x2285 @x2126 @x1524 @x2554 @x2969 @x2109 @x2456 @x2284 false)))
 (let ((@x3707 (unit-resolution ((_ th-lemma arith triangle-eq) (or $x1584 (not $x2550) (not $x3468))) @x3521 (or $x1584 (not $x2550)))))
 (let ((@x2309 (unit-resolution ((_ th-lemma arith triangle-eq) (or $x3266 (not $x4144) (not $x1313))) @x3870 (or $x3266 (not $x1313)))))
 (let ((@x3833 (unit-resolution (hypothesis $x2536) ((_ th-lemma arith eq-propagate -4 -4 -1 -1) @x2969 @x2109 @x2456 @x2284 $x2547) false)))
 (let ((@x2354 (unit-resolution (and-elim @x3719 $x3240) @x739 (or $x2536 $x2811 $x1284 $x1770 $x3892))))
 (let ((@x2727 (unit-resolution (unit-resolution @x2354 (lemma @x3833 $x2547) (or $x2811 $x1284 $x1770 $x3892)) ((_ th-lemma arith eq-propagate 0 0 0 0) @x3521 @x1542 @x3521 @x1542 $x4107) (unit-resolution @x2309 @x2330 $x3266) (unit-resolution @x3707 @x1542 $x1584) $x1770)))
 (let ((@x3076 (unit-resolution ((_ th-lemma arith triangle-eq) (or $x4105 $x2343 (not $x3138))) @x2727 (lemma @x2607 $x3138) $x2343)))
 ((_ th-lemma arith) @x3076 @x2969 @x2109 @x1524 @x2554 @x2285 @x2126 @x3521 @x1542 @x2456 @x2284 @x2969 @x2109 @x2330 @x3870 @x2370 @x2117 @x2285 @x2126 @x1524 @x2554 @x2969 @x2109 @x2456 @x2284 false)))))))))))))))))))))))))))))))))))))))))))))))))))))))))))))))))))))))))))))))))))))))))))))))))))))))))))))))))))))))))))))))))))))))))))))))))))))))))))))))))))))))))))))))))))))))))))))))))))))))))))))))))))))))))))))))))))))))))))))))))))))))))))))))))))))))))))))))))))))))))))

(:added-eqs                 13
 :arith-assert-diseq        12
 :arith-assert-lower        92
 :arith-assert-upper        76
 :arith-branch-var          3
 :arith-conflicts           6
 :arith-eq-adapter          10
 :arith-fixed-eqs           3
 :arith-gcd-tests           30
 :arith-grobner             6
 :arith-ineq-splits         3
 :arith-max-min             1989
 :arith-nonlinear-bounds    73
 :arith-nonlinear-horner    48
 :arith-num-rows            10
 :arith-patches             13
 :arith-patches_succ        8
 :arith-pivots              12
 :arith-pseudo-nonlinear    2
 :arith-row-summations      23
 :arith-tableau-max-columns 163
 :arith-tableau-max-rows    10
 :conflicts                 7
 :decisions                 74
 :del-clause                36
 :final-checks              18
 :max-memory                7.06
 :memory                    3.58
 :mk-bool-var               87
 :mk-clause                 36
 :num-allocs                3579826021
 :num-checks                1
 :propagations              56
 :rlimit-count              3735668
 :time                      2.96
 :total-time                2.76)
