unsat
((set-logic NIA)
(declare-fun s!1 () Int)
(declare-fun r!2 () Int)
(declare-fun x!0 () Int)
(proof
(let ((?x2073 (* (- 3) s!1)))
 (let ((?x2904 (* r!2 s!1)))
 (let ((?x2905 (* 2 ?x2904)))
 (let ((?x2016 (* r00 r00 r!2)))
 (let ((?x484 (* (- 12) ?x2016)))
 (let ((?x1975 (* 6 x!0)))
 (let ((?x606 (* 3 r!2)))
 (let ((?x546 (* r00 r00 r00)))
 (let ((?x547 (* 12 ?x546)))
 (let ((?x503 (* s00 r00)))
 (let ((?x581 (* (- 6) ?x503)))
 (let ((?x493 (* s00 r!2)))
 (let ((?x500 (* 4 ?x493)))
 (let ((?x578 (* (- 6) x00)))
 (let ((?x577 (* (- 3) r00)))
 (let ((?x44 (* 3 s00)))
 (let ((?x2524 (+ ?x44 ?x577 ?x578 ?x500 ?x581 ?x547 ?x606 ?x1975 ?x484 ?x2905 ?x2073)))
 (let (($x1752 (<= ?x2524 0)))
 (let (($x1385 (= ?x2524 0)))
 (let ((?x3066 (* (- 297) s!1)))
 (let ((?x3643 (* r!2 r!2 r!2)))
 (let ((?x687 (* 864 ?x3643)))
 (let ((?x3437 (* r!2 s!1 s!1)))
 (let ((?x1831 (* 72 ?x3437)))
 (let ((?x1370 (* (- 396) ?x2904)))
 (let ((?x2794 (* x!0 x!0)))
 (let ((?x2837 (* (- 108) ?x2794)))
 (let ((?x2763 (* r!2 r!2 s!1)))
 (let ((?x686 (* 432 ?x2763)))
 (let ((?x2346 (* s!1 s!1 s!1)))
 (let ((?x1671 (* 4 ?x2346)))
 (let ((?x2145 (* r!2 x!0)))
 (let ((?x674 (* 648 ?x2145)))
 (let ((?x2047 (* s!1 s!1)))
 (let ((?x673 (* (- 195) ?x2047)))
 (let ((?x1751 (* 324 x!0)))
 (let ((?x1535 (* r!2 r!2)))
 (let ((?x589 (* 756 ?x1535)))
 (let ((?x2779 (* 162 r!2)))
 (let ((?x1447 (* x00 x00)))
 (let ((?x1477 (* (- 108) ?x1447)))
 (let ((?x1285 (* s00 s00 s00)))
 (let ((?x1476 (* (- 16) ?x1285)))
 (let ((?x1173 (* s00 r00 r00 r00)))
 (let ((?x1472 (* (- 216) ?x1173)))
 (let ((?x999 (* r00 r00 r00 x00)))
 (let ((?x1000 (* 432 ?x999)))
 (let ((?x892 (* s00 x00)))
 (let ((?x1230 (* 108 ?x892)))
 (let ((?x856 (* s00 s00 r00 r00)))
 (let ((?x857 (* 36 ?x856)))
 (let ((?x769 (* s00 s00 r00)))
 (let ((?x1127 (* 108 ?x769)))
 (let ((?x724 (* s00 r00 r00)))
 (let ((?x1087 (* 36 ?x724)))
 (let ((?x668 (* s00 s00)))
 (let ((?x1466 (* (- 51) ?x668)))
 (let ((?x599 (* r00 x00)))
 (let ((?x1463 (* (- 108) ?x599)))
 (let ((?x595 (* s00 r00 x00)))
 (let ((?x1462 (* (- 216) ?x595)))
 (let ((?x3824 (* 648 ?x546)))
 (let ((?x2865 (* (- 270) ?x503)))
 (let ((?x376 (* r00 r00)))
 (let ((?x2853 (* (- 432) ?x376)))
 (let ((?x3818 (* (- 324) x00)))
 (let ((?x1603 (* (- 162) r00)))
 (let ((?x3817 (* 297 s00)))
 (let ((?x2396 (+ ?x3817 ?x1603 ?x3818 ?x2853 (* 828 ?x493) ?x2865 ?x3824 ?x1462 ?x1463 ?x1466 ?x1087 ?x1127 (* (- 324) (* s00 r00 s!1)) ?x857 ?x1230 ?x1000 ?x1472 ?x1476 (* (- 648) (* x00 r!2)) ?x1477 (* 246 (* s00 s!1)) ?x2779 ?x589 (* 144 (* s00 r!2 s!1)) (* (- 432) (* r00 r00 r00 x!0)) (* 216 (* s00 r00 x!0)) (* 1296 (* r00 r00 r00 r!2)) ?x1751 (* (- 252) (* r00 r00 s!1)) (* (- 108) (* s00 x!0)) (* (- 36) (* r00 r00 s!1 s!1)) (* (- 1512) ?x2016) ?x673 (* (- 324) (* r00 r!2)) (* (- 648) (* s00 r00 r!2)) ?x674 ?x1671 (* (- 324) (* x00 s!1)) (* 216 (* x00 x!0)) ?x686 ?x2837 (* 432 (* s00 r!2 r!2)) ?x1370 (* (- 432) (* r00 r00 r!2 s!1)) (* (- 162) (* r00 s!1)) (* (- 1296) (* r00 r00 r!2 r!2)) ?x1831 (* 324 (* x!0 s!1)) (* 648 (* r00 r00 r00 s!1)) (* 12 (* s00 s!1 s!1)) (* 108 (* r00 x!0)) ?x687 ?x3066)))
 (let (($x985 (= ?x2396 0)))
 (let (($x1093 (not $x985)))
 (let ((?x1005 (* (- 57) s!1)))
 (let ((?x3375 (* 72 ?x3643)))
 (let ((?x3226 (* 2 ?x3437)))
 (let ((?x2503 (* (- 42) ?x2904)))
 (let ((?x3158 (* 24 ?x2763)))
 (let ((?x1917 (* 90 ?x2145)))
 (let ((?x2855 (* (- 1) ?x2047)))
 (let ((?x2326 (* 72 x!0)))
 (let ((?x2500 (* 108 ?x1535)))
 (let ((?x3616 (* 36 r!2)))
 (let ((?x964 (* r00 r00 x00)))
 (let ((?x977 (* (- 36) ?x964)))
 (let ((?x893 (* 6 ?x892)))
 (let ((?x787 (* (- 2) ?x769)))
 (let ((?x400 (* (- 19) ?x668)))
 (let ((?x396 (* (- 90) ?x599)))
 (let ((?x395 (* 18 ?x503)))
 (let ((?x2186 (* (- 108) ?x376)))
 (let ((?x2183 (* (- 72) x00)))
 (let ((?x2546 (* (- 36) r00)))
 (let ((?x2171 (* 57 s00)))
 (let ((?x563 (+ ?x2171 ?x2546 ?x2183 ?x2186 (* 114 ?x493) ?x395 ?x396 ?x400 ?x1087 ?x787 (* (- 2) (* s00 r00 s!1)) ?x893 ?x977 (* 4 (* r00 s!1 s!1)) (* (- 90) (* x00 r!2)) (* (- 36) (* r00 x00 r!2)) (* 20 (* s00 s!1)) (* 12 (* r00 r!2 s!1)) ?x3616 ?x2500 (* 144 (* r00 r!2 r!2)) (* (- 4) (* s00 s00 r!2)) (* 2 (* s00 r!2 s!1)) ?x2326 (* (- 72) (* r00 r00 s!1)) (* (- 6) (* s00 x!0)) (* 36 (* r00 r00 x!0)) (* (- 216) ?x2016) ?x2855 (* (- 12) (* s00 r00 r!2)) ?x1917 (* 36 (* r00 r!2 x!0)) (* (- 6) (* x00 s!1)) ?x3158 (* 12 (* s00 r!2 r!2)) ?x2503 (* (- 90) (* r00 s!1)) ?x3226 (* 6 (* x!0 s!1)) (* 90 (* r00 x!0)) ?x3375 ?x1005)))
 (let (($x2072 (= ?x563 0)))
 (let (($x1705 (not $x2072)))
 (let ((?x2849 (* (- 12) s!1)))
 (let ((?x2572 (* (- 3) ?x2904)))
 (let ((?x2146 (* 18 ?x2145)))
 (let ((?x2048 (* 2 ?x2047)))
 (let ((?x2568 (* 18 x!0)))
 (let ((?x2569 (* 18 ?x1535)))
 (let ((?x2570 (* 9 r!2)))
 (let ((?x725 (* 6 ?x724)))
 (let ((?x681 (* (- 4) ?x668)))
 (let ((?x613 (* (- 18) ?x599)))
 (let ((?x1870 (* 3 ?x503)))
 (let ((?x2075 (* (- 18) ?x376)))
 (let ((?x2785 (* (- 18) x00)))
 (let ((?x2783 (* (- 9) r00)))
 (let ((?x2782 (* 12 s00)))
 (let ((?x1083 (+ ?x2782 ?x2783 ?x2785 ?x2075 (* 21 ?x493) ?x1870 ?x613 ?x681 ?x725 (* (- 18) (* x00 r!2)) (* 2 (* s00 s!1)) (* 6 (* r00 r!2 s!1)) ?x2570 ?x2569 (* 36 (* r00 r!2 r!2)) ?x2568 (* (- 6) (* r00 r00 s!1)) (* (- 36) ?x2016) ?x2048 (* (- 6) (* s00 r00 r!2)) ?x2146 ?x2572 (* (- 21) (* r00 s!1)) (* 18 (* r00 x!0)) ?x2849)))
 (let (($x983 (= ?x1083 0)))
 (let (($x3659 (not $x983)))
 (let ((?x2492 (* (- 7) s!1)))
 (let ((?x2476 (* 12 ?x1535)))
 (let ((?x872 (* (- 12) ?x376)))
 (let ((?x2316 (* 7 s00)))
 (let ((?x1963 (+ ?x2316 ?x577 ?x578 ?x872 ?x500 ?x581 ?x547 ?x606 ?x2476 ?x1975 ?x484 ?x2905 ?x2492)))
 (let (($x2789 (= ?x1963 0)))
 (let (($x2671 (not $x2789)))
 (let ((?x1796 (* (- 3) ?x376)))
 (let ((?x1669 (+ s00 ?x1796 (* 3 ?x1535) (* (- 1) s!1))))
 (let (($x675 (= ?x1669 0)))
 (let (($x1219 (not $x675)))
 (let (($x2431 (or $x1219 $x2671 $x3659 $x1705 $x1093)))
 (let ((?x3563 (* (- 9) s!1)))
 (let ((?x1853 (* r00 r00 s!1)))
 (let ((?x2517 (* 36 ?x1853)))
 (let ((?x2599 (* 108 ?x1447)))
 (let ((?x2602 (* 16 ?x1285)))
 (let ((?x1643 (* (- 432) ?x999)))
 (let ((?x2087 (* (- 108) ?x892)))
 (let ((?x1375 (* (- 36) ?x724)))
 (let ((?x3369 (* 51 ?x668)))
 (let ((?x1875 (* 108 ?x599)))
 (let ((?x137 (* 9 s00)))
 (let ((?x2720 (+ ?x137 (* (- 54) ?x503) (* 216 ?x595) ?x1875 ?x3369 ?x1375 (* (- 108) ?x769) (* 108 (* s00 r00 s!1)) (* (- 36) ?x856) ?x2087 ?x1643 (* 216 ?x1173) ?x2602 ?x2599 (* (- 66) (* s00 s!1)) (* 432 (* r00 r00 r00 x!0)) (* (- 216) (* s00 r00 x!0)) ?x2517 (* 108 (* s00 x!0)) (* 36 (* r00 r00 s!1 s!1)) (* 15 ?x2047) (* (- 4) ?x2346) (* 108 (* x00 s!1)) (* (- 216) (* x00 x!0)) (* 108 ?x2794) (* 54 (* r00 s!1)) (* (- 108) (* x!0 s!1)) (* (- 216) (* r00 r00 r00 s!1)) (* (- 12) (* s00 s!1 s!1)) (* (- 108) (* r00 x!0)) ?x3563)))
 (let (($x2726 (= ?x2720 0)))
 (let ((?x965 (* 36 ?x964)))
 (let ((?x2986 (* (- 6) ?x892)))
 (let ((?x770 (* 2 ?x769)))
 (let ((?x2308 (* 15 ?x668)))
 (let ((?x2373 (* 54 ?x599)))
 (let ((?x3522 (+ ?x137 (* (- 24) ?x493) (* (- 24) ?x503) ?x2373 ?x2308 ?x1375 ?x770 (* 2 (* s00 r00 s!1)) ?x2986 ?x965 (* (- 4) (* r00 s!1 s!1)) (* 54 (* x00 r!2)) (* 36 (* r00 x00 r!2)) (* (- 12) (* s00 s!1)) (* 4 (* s00 s00 r!2)) (* (- 2) (* s00 r!2 s!1)) ?x2517 (* 6 (* s00 x!0)) (* (- 36) (* r00 r00 x!0)) (* (- 3) ?x2047) (* (- 54) ?x2145) (* (- 36) (* r00 r!2 x!0)) (* 6 (* x00 s!1)) (* 24 ?x2904) (* 24 (* r00 s!1)) (* (- 2) ?x3437) (* (- 6) (* x!0 s!1)) (* (- 54) (* r00 x!0)) ?x3563)))
 (let (($x3564 (= ?x3522 0)))
 (let ((?x2204 (* (- 6) ?x724)))
 (let ((?x669 (* 4 ?x668)))
 (let ((?x600 (* 18 ?x599)))
 (let ((?x2430 (+ ?x44 (* (- 9) ?x493) (* (- 9) ?x503) ?x600 ?x669 ?x2204 (* 18 (* x00 r!2)) (* (- 2) (* s00 s!1)) (* (- 6) (* r00 r!2 s!1)) (* 6 ?x1853) (* (- 2) ?x2047) (* 6 (* s00 r00 r!2)) (* (- 18) ?x2145) (* 9 ?x2904) (* 9 (* r00 s!1)) (* (- 18) (* r00 x!0)) ?x2073)))
 (let (($x3246 (= ?x2430 0)))
 (let (($x1078 (and $x675 $x1385 $x3246 $x3564 $x2726 $x2431)))
 (let ((?x2594 (* 216 (* x!0 x00))))
 (let ((?x1597 (* (- 36) (* s!1 s!1 r00 r00))))
 (let ((?x593 (* 216 (* x!0 s00 r00))))
 (let ((?x1794 (* (- 432) (* x!0 r00 r00 r00))))
 (let ((?x2840 (* 12 (* s!1 s!1 s00))))
 (let ((?x1527 (* x!0 s00)))
 (let ((?x3268 (* (- 108) ?x1527)))
 (let ((?x2157 (* x!0 r00)))
 (let ((?x2870 (* 108 ?x2157)))
 (let ((?x1629 (+ ?x2779 ?x3066 ?x1751 ?x3817 ?x1603 ?x3818 ?x589 ?x2853 ?x1370 (* (- 1512) (* r!2 r00 r00)) (* 828 (* r!2 s00)) ?x2865 ?x3824 ?x1462 ?x1463 ?x673 ?x674 (* (- 252) (* s!1 r00 r00)) ?x1466 ?x2870 ?x3268 ?x1087 (* (- 648) (* r!2 x00)) (* 648 (* s!1 r00 r00 r00)) (* 246 (* s!1 s00)) ?x1127 (* (- 162) (* s!1 r00)) (* (- 648) (* r!2 s00 r00)) (* (- 324) (* s!1 x00)) ?x857 (* (- 324) (* s!1 s00 r00)) ?x1230 ?x1831 (* 324 (* s!1 x!0)) ?x1671 ?x2837 ?x1000 (* (- 1296) (* r!2 r!2 r00 r00)) (* 144 (* r!2 s!1 s00)) ?x2840 ?x1472 ?x1794 ?x593 ?x1597 ?x1476 ?x2594 ?x1477 (* (- 432) (* r!2 s!1 r00 r00)) (* (- 324) (* r!2 r00)) (* 1296 (* r!2 r00 r00 r00)) ?x687 ?x686 (* 432 (* r!2 r!2 s00)))))
 (let ((?x1898 (* 36 (* x!0 r00 r00))))
 (let ((?x1380 (* (- 36) (* r!2 r00 x00))))
 (let ((?x2041 (* r!2 s!1 s00)))
 (let ((?x2105 (* 2 ?x2041)))
 (let ((?x2710 (* (- 4) (* r!2 s00 s00))))
 (let ((?x3233 (* s!1 x!0)))
 (let ((?x1879 (* 6 ?x3233)))
 (let ((?x3124 (* s!1 s00 r00)))
 (let ((?x3125 (* (- 2) ?x3124)))
 (let ((?x2964 (* s!1 x00)))
 (let ((?x3033 (* (- 6) ?x2964)))
 (let ((?x1871 (* 4 (* s!1 s!1 r00))))
 (let ((?x3339 (* (- 6) ?x1527)))
 (let ((?x1873 (* 36 (* r!2 x!0 r00))))
 (let ((?x3141 (+ ?x3616 ?x1005 ?x2326 ?x2171 ?x2546 ?x2183 ?x2500 ?x2186 ?x2503 (* (- 216) (* r!2 r00 r00)) (* 114 (* r!2 s00)) ?x395 ?x396 ?x2855 ?x1917 (* 12 (* r!2 s!1 r00)) (* (- 72) (* s!1 r00 r00)) ?x1873 ?x400 (* 90 ?x2157) ?x3339 ?x1087 (* (- 90) (* r!2 x00)) ?x1871 (* 20 (* s!1 s00)) ?x787 (* (- 90) (* s!1 r00)) (* (- 12) (* r!2 s00 r00)) ?x3033 ?x3125 ?x893 ?x3226 ?x1879 ?x2710 ?x977 ?x2105 ?x1380 ?x1898 (* 144 (* r!2 r!2 r00)) ?x3375 ?x3158 (* 12 (* r!2 r!2 s00)))))
 (let ((?x2533 (* r!2 s00 r00)))
 (let ((?x2535 (* (- 6) ?x2533)))
 (let ((?x624 (* s!1 s00)))
 (let ((?x2166 (* 2 ?x624)))
 (let ((?x2074 (* r!2 x00)))
 (let ((?x1151 (* (- 18) ?x2074)))
 (let ((?x3051 (* 18 ?x2157)))
 (let ((?x2150 (* s!1 r00 r00)))
 (let ((?x2151 (* (- 6) ?x2150)))
 (let ((?x2147 (* r!2 s!1 r00)))
 (let ((?x2148 (* 6 ?x2147)))
 (let ((?x3390 (+ ?x2570 ?x2849 ?x2568 ?x2782 ?x2783 ?x2785 ?x2569 ?x2075 ?x2572 (* (- 36) (* r!2 r00 r00)) (* 21 (* r!2 s00)) ?x1870 ?x613 ?x2048 ?x2146 ?x2148 ?x2151 ?x681 ?x3051 ?x725 ?x1151 ?x2166 (* (- 21) (* s!1 r00)) ?x2535 (* 36 (* r!2 r!2 r00)))))
 (let ((?x811 (* r!2 s00)))
 (let ((?x819 (* 4 ?x811)))
 (let ((?x2906 (* r!2 r00 r00)))
 (let ((?x2910 (* (- 12) ?x2906)))
 (let ((?x2624 (+ ?x606 ?x2492 ?x1975 ?x2316 ?x577 ?x578 ?x2476 ?x872 ?x2905 ?x2910 ?x819 ?x581 ?x547)))
 (let (($x2154 (= (+ s!1 (* (- 1) s00) (* (- 3) ?x1535) (* 3 ?x376)) 0)))
 (let (($x1640 (or (not $x2154) (not (= ?x2624 0)) (not (= ?x3390 0)) (not (= ?x3141 0)) (not (= ?x1629 0)))))
 (let ((?x1314 (* (- 36) ?x2150)))
 (let ((?x605 (* 54 ?x503)))
 (let ((?x1074 (* (- 9) s00)))
 (let ((?x2566 (* 9 s!1)))
 (let ((?x2595 (+ ?x2566 ?x1074 ?x605 ?x1462 ?x1463 (* (- 15) ?x2047) ?x1314 ?x1466 ?x2870 ?x3268 ?x1087 (* 216 (* s!1 r00 r00 r00)) (* 66 ?x624) ?x1127 (* (- 54) (* s!1 r00)) (* (- 108) ?x2964) ?x857 (* (- 108) ?x3124) ?x1230 (* 108 ?x3233) ?x1671 ?x2837 ?x1000 ?x2840 ?x1472 ?x1794 ?x593 ?x1597 ?x1476 ?x2594 ?x1477)))
 (let ((?x1003 (* (- 15) ?x668)))
 (let ((?x636 (* (- 54) ?x599)))
 (let ((?x651 (* 24 ?x503)))
 (let ((?x1904 (+ ?x2566 ?x1074 (* (- 24) ?x2904) (* 24 ?x811) ?x651 ?x636 (* 3 ?x2047) (* 54 ?x2145) ?x1314 ?x1873 ?x1003 (* 54 ?x2157) ?x3339 ?x1087 (* (- 54) ?x2074) ?x1871 (* 12 ?x624) ?x787 (* (- 24) (* s!1 r00)) ?x3033 ?x3125 ?x893 ?x3226 ?x1879 ?x2710 ?x977 ?x2105 ?x1380 ?x1898)))
 (let ((?x618 (* 9 ?x503)))
 (let ((?x455 (* (- 3) s00)))
 (let ((?x2474 (+ (* 3 s!1) ?x455 (* (- 9) ?x2904) (* 9 ?x811) ?x618 ?x613 ?x2048 ?x2146 ?x2148 ?x2151 ?x681 ?x3051 ?x725 ?x1151 ?x2166 (* (- 9) (* s!1 r00)) ?x2535)))
 (let (($x2445 (= (+ ?x606 ?x2073 ?x1975 ?x44 ?x577 ?x578 ?x2905 ?x2910 ?x819 ?x581 ?x547) 0)))
 (let (($x1437 (and $x2154 $x2445 (= ?x2474 0) (= ?x1904 0) (= ?x2595 0) $x1640)))
 (let (($x2806 (exists ((r Int) (s Int) (x Int) )(! (let ((?x3204 (* r r s00)))
 (let ((?x3858 (* 432 ?x3204)))
 (let ((?x2893 (* r r s)))
 (let ((?x3854 (* 432 ?x2893)))
 (let ((?x2878 (* r r r)))
 (let ((?x3853 (* 864 ?x2878)))
 (let ((?x3847 (* 1296 (* r r00 r00 r00))))
 (let ((?x1447 (* x00 x00)))
 (let ((?x1477 (* (- 108) ?x1447)))
 (let ((?x1422 (* 216 (* x x00))))
 (let ((?x1285 (* s00 s00 s00)))
 (let ((?x1476 (* (- 16) ?x1285)))
 (let ((?x1474 (* (- 36) (* s s r00 r00))))
 (let ((?x1256 (* 216 (* x s00 r00))))
 (let ((?x1473 (* (- 432) (* x r00 r00 r00))))
 (let ((?x1173 (* s00 r00 r00 r00)))
 (let ((?x1472 (* (- 216) ?x1173)))
 (let ((?x1058 (* 12 (* s s s00))))
 (let ((?x1016 (* r s s00)))
 (let ((?x3834 (* 144 ?x1016)))
 (let ((?x999 (* r00 r00 r00 x00)))
 (let ((?x1000 (* 432 ?x999)))
 (let ((?x969 (* x x)))
 (let ((?x1471 (* (- 108) ?x969)))
 (let ((?x906 (* s s s)))
 (let ((?x908 (* 4 ?x906)))
 (let ((?x896 (* r s s)))
 (let ((?x3833 (* 72 ?x896)))
 (let ((?x892 (* s00 x00)))
 (let ((?x1230 (* 108 ?x892)))
 (let ((?x856 (* s00 s00 r00 r00)))
 (let ((?x857 (* 36 ?x856)))
 (let ((?x815 (* s x00)))
 (let ((?x3831 (* (- 324) ?x815)))
 (let ((?x769 (* s00 s00 r00)))
 (let ((?x1127 (* 108 ?x769)))
 (let ((?x724 (* s00 r00 r00)))
 (let ((?x1087 (* 36 ?x724)))
 (let ((?x698 (* x s00)))
 (let ((?x1467 (* (- 108) ?x698)))
 (let ((?x694 (* x r00)))
 (let ((?x1333 (* 108 ?x694)))
 (let ((?x668 (* s00 s00)))
 (let ((?x1466 (* (- 51) ?x668)))
 (let ((?x626 (* r x)))
 (let ((?x3827 (* 648 ?x626)))
 (let ((?x599 (* r00 x00)))
 (let ((?x1463 (* (- 108) ?x599)))
 (let ((?x595 (* s00 r00 x00)))
 (let ((?x1462 (* (- 216) ?x595)))
 (let ((?x546 (* r00 r00 r00)))
 (let ((?x3824 (* 648 ?x546)))
 (let ((?x503 (* s00 r00)))
 (let ((?x2865 (* (- 270) ?x503)))
 (let ((?x476 (* r s00)))
 (let ((?x3823 (* 828 ?x476)))
 (let ((?x376 (* r00 r00)))
 (let ((?x2853 (* (- 432) ?x376)))
 (let ((?x3818 (* (- 324) x00)))
 (let ((?x1603 (* (- 162) r00)))
 (let ((?x3817 (* 297 s00)))
 (let ((?x3533 (* 324 x)))
 (let ((?x2008 (+ (* 162 r) (* (- 297) s) ?x3533 ?x3817 ?x1603 ?x3818 (* 756 (* r r)) ?x2853 (* (- 396) (* r s)) (* (- 1512) (* r r00 r00)) ?x3823 ?x2865 ?x3824 ?x1462 ?x1463 (* (- 195) (* s s)) ?x3827 (* (- 252) (* s r00 r00)) ?x1466 ?x1333 ?x1467 ?x1087 (* (- 648) (* r x00)) (* 648 (* s r00 r00 r00)) (* 246 (* s s00)) ?x1127 (* (- 162) (* s r00)) (* (- 648) (* r s00 r00)) ?x3831 ?x857 (* (- 324) (* s s00 r00)) ?x1230 ?x3833 (* 324 (* s x)) ?x908 ?x1471 ?x1000 (* (- 1296) (* r r r00 r00)) ?x3834 ?x1058 ?x1472 ?x1473 ?x1256 ?x1474 ?x1476 ?x1422 ?x1477 (* (- 432) (* r s r00 r00)) (* (- 324) (* r r00)) ?x3847 ?x3853 ?x3854 ?x3858)))
 (let ((?x1160 (* 36 (* x r00 r00))))
 (let ((?x1028 (* r r00 x00)))
 (let ((?x1041 (* (- 36) ?x1028)))
 (let ((?x1017 (* 2 ?x1016)))
 (let ((?x964 (* r00 r00 x00)))
 (let ((?x977 (* (- 36) ?x964)))
 (let ((?x912 (* r s00 s00)))
 (let ((?x925 (* (- 4) ?x912)))
 (let ((?x900 (* s x)))
 (let ((?x901 (* 6 ?x900)))
 (let ((?x897 (* 2 ?x896)))
 (let ((?x893 (* 6 ?x892)))
 (let ((?x866 (* s s00 r00)))
 (let ((?x879 (* (- 2) ?x866)))
 (let ((?x842 (* (- 6) ?x815)))
 (let ((?x787 (* (- 2) ?x769)))
 (let ((?x742 (* 4 (* s s r00))))
 (let ((?x713 (* (- 6) ?x698)))
 (let ((?x400 (* (- 19) ?x668)))
 (let ((?x646 (* 36 (* r x r00))))
 (let ((?x396 (* (- 90) ?x599)))
 (let ((?x395 (* 18 ?x503)))
 (let ((?x2186 (* (- 108) ?x376)))
 (let ((?x2183 (* (- 72) x00)))
 (let ((?x2546 (* (- 36) r00)))
 (let ((?x2171 (* 57 s00)))
 (let ((?x3298 (+ (* 36 r) (* (- 57) s) (* 72 x) ?x2171 ?x2546 ?x2183 (* 108 (* r r)) ?x2186 (* (- 42) (* r s)) (* (- 216) (* r r00 r00)) (* 114 ?x476) ?x395 ?x396 (* (- 1) (* s s)) (* 90 ?x626) (* 12 (* r s r00)) (* (- 72) (* s r00 r00)) ?x646 ?x400 (* 90 ?x694) ?x713 ?x1087 (* (- 90) (* r x00)) ?x742 (* 20 (* s s00)) ?x787 (* (- 90) (* s r00)) (* (- 12) (* r s00 r00)) ?x842 ?x879 ?x893 ?x897 ?x901 ?x925 ?x977 ?x1017 ?x1041 ?x1160 (* 144 (* r r r00)) (* 72 ?x2878) (* 24 ?x2893) (* 12 ?x3204))))
 (let ((?x803 (* r s00 r00)))
 (let ((?x816 (* (- 6) ?x803)))
 (let ((?x765 (* s s00)))
 (let ((?x766 (* 2 ?x765)))
 (let ((?x736 (* r x00)))
 (let ((?x749 (* (- 18) ?x736)))
 (let ((?x725 (* 6 ?x724)))
 (let ((?x695 (* 18 ?x694)))
 (let ((?x681 (* (- 4) ?x668)))
 (let ((?x642 (* s r00 r00)))
 (let ((?x655 (* (- 6) ?x642)))
 (let ((?x630 (* r s r00)))
 (let ((?x631 (* 6 ?x630)))
 (let ((?x627 (* 18 ?x626)))
 (let ((?x622 (* s s)))
 (let ((?x623 (* 2 ?x622)))
 (let ((?x613 (* (- 18) ?x599)))
 (let ((?x1870 (* 3 ?x503)))
 (let ((?x2075 (* (- 18) ?x376)))
 (let ((?x2785 (* (- 18) x00)))
 (let ((?x2783 (* (- 9) r00)))
 (let ((?x2782 (* 12 s00)))
 (let ((?x1920 (+ (* 9 r) (* (- 12) s) (* 18 x) ?x2782 ?x2783 ?x2785 (* 18 (* r r)) ?x2075 (* (- 3) (* r s)) (* (- 36) (* r r00 r00)) (* 21 ?x476) ?x1870 ?x613 ?x623 ?x627 ?x631 ?x655 ?x681 ?x695 ?x725 ?x749 ?x766 (* (- 21) (* s r00)) ?x816 (* 36 (* r r r00)))))
 (let ((?x547 (* 12 ?x546)))
 (let ((?x581 (* (- 6) ?x503)))
 (let ((?x477 (* 4 ?x476)))
 (let ((?x426 (* r r00 r00)))
 (let ((?x580 (* (- 12) ?x426)))
 (let ((?x420 (* r s)))
 (let ((?x579 (* 2 ?x420)))
 (let ((?x872 (* (- 12) ?x376)))
 (let ((?x578 (* (- 6) x00)))
 (let ((?x577 (* (- 3) r00)))
 (let ((?x2316 (* 7 s00)))
 (let ((?x56 (* 6 x)))
 (let ((?x43 (* 3 r)))
 (let ((?x1971 (+ ?x43 (* (- 7) s) ?x56 ?x2316 ?x577 ?x578 (* 12 (* r r)) ?x872 ?x579 ?x580 ?x477 ?x581 ?x547)))
 (let (($x409 (= (+ s (* (- 1) s00) (* (- 3) (* r r)) (* 3 ?x376)) 0)))
 (let (($x2746 (or (not $x409) (not (= ?x1971 0)) (not (= ?x1920 0)) (not (= ?x3298 0)) (not (= ?x2008 0)))))
 (let ((?x1297 (* 108 ?x900)))
 (let ((?x747 (* s r00 r00 r00)))
 (let ((?x748 (* 216 ?x747)))
 (let ((?x951 (* (- 36) ?x642)))
 (let ((?x605 (* 54 ?x503)))
 (let ((?x1074 (* (- 9) s00)))
 (let ((?x143 (* 9 s)))
 (let ((?x1478 (+ ?x143 ?x1074 ?x605 ?x1462 ?x1463 (* (- 15) ?x622) ?x951 ?x1466 ?x1333 ?x1467 ?x1087 ?x748 (* 66 ?x765) ?x1127 (* (- 54) (* s r00)) (* (- 108) ?x815) ?x857 (* (- 108) ?x866) ?x1230 ?x1297 ?x908 ?x1471 ?x1000 ?x1058 ?x1472 ?x1473 ?x1256 ?x1474 ?x1476 ?x1422 ?x1477)))
 (let (($x1479 (= ?x1478 0)))
 (let ((?x1003 (* (- 15) ?x668)))
 (let ((?x654 (* 3 ?x622)))
 (let ((?x636 (* (- 54) ?x599)))
 (let ((?x651 (* 24 ?x503)))
 (let ((?x1166 (+ ?x143 ?x1074 (* (- 24) ?x420) (* 24 ?x476) ?x651 ?x636 ?x654 (* 54 ?x626) ?x951 ?x646 ?x1003 (* 54 ?x694) ?x713 ?x1087 (* (- 54) ?x736) ?x742 (* 12 ?x765) ?x787 (* (- 24) (* s r00)) ?x842 ?x879 ?x893 ?x897 ?x901 ?x925 ?x977 ?x1017 ?x1041 ?x1160)))
 (let (($x1171 (= ?x1166 0)))
 (let ((?x618 (* 9 ?x503)))
 (let ((?x455 (* (- 3) s00)))
 (let ((?x47 (* 3 s)))
 (let ((?x822 (+ ?x47 ?x455 (* (- 9) ?x420) (* 9 ?x476) ?x618 ?x613 ?x623 ?x627 ?x631 ?x655 ?x681 ?x695 ?x725 ?x749 ?x766 (* (- 9) (* s r00)) ?x816)))
 (let (($x829 (= ?x822 0)))
 (let ((?x44 (* 3 s00)))
 (let ((?x576 (* (- 3) s)))
 (let (($x583 (= (+ ?x43 ?x576 ?x56 ?x44 ?x577 ?x578 ?x579 ?x580 ?x477 ?x581 ?x547) 0)))
 (and $x409 $x583 $x829 $x1171 $x1479 $x2746))))))))))))))))))))))))))))))))))))))))))))))))))))))))))))))))))))))))))))))))))))))))))))))))))))))))))))))))))))))))))))))))))))))))))))))))))))))))) :qid k!38))
 ))
 (let (($x1144 (exists ((r Int) (s Int) (x Int) )(! (let ((?x1447 (* x00 x00)))
 (let ((?x2599 (* 108 ?x1447)))
 (let ((?x1448 (* (- 54) r)))
 (let ((?x1897 (* (- 9) s)))
 (let ((?x2551 (* r00 r00 s00)))
 (let ((?x1514 (* (- 36) ?x2551)))
 (let ((?x137 (* 9 s00)))
 (let ((?x668 (* s00 s00)))
 (let ((?x3369 (* 51 ?x668)))
 (let ((?x211 (* 6 r)))
 (let ((?x2954 (+ 3 s ?x211)))
 (let ((?x1500 (* r00 r00 ?x2954)))
 (let ((?x1398 (* 36 ?x1500)))
 (let ((?x1285 (* s00 s00 s00)))
 (let ((?x2602 (* 16 ?x1285)))
 (let ((?x892 (* s00 x00)))
 (let ((?x2087 (* (- 108) ?x892)))
 (let ((?x2462 (* 216 (* r00 r00 r00 s00))))
 (let ((?x2410 (* r00 s00 s00)))
 (let ((?x1154 (* (- 108) ?x2410)))
 (let ((?x999 (* r00 r00 r00 x00)))
 (let ((?x1643 (* (- 432) ?x999)))
 (let ((?x1242 (* (- 36) (* r00 r00 s00 s00))))
 (let ((?x2787 (* r00 s00)))
 (let ((?x2747 (* (- 54) ?x2787)))
 (let ((?x599 (* r00 x00)))
 (let ((?x1875 (* 108 ?x599)))
 (let ((?x2280 (* 216 (* r00 s00 x00))))
 (let ((?x2162 (+ ?x2280 ?x1875 ?x2747 (* 15 (* ?x2954 ?x2954)) (* (- 216) (* r00 r00 r00 ?x2954)) ?x1242 (* (- 4) (* ?x2954 ?x2954 ?x2954)) (* 108 (* (+ x (* (- 1) s)) (+ x (* (- 1) s)))) ?x1643 (* (- 12) (* s00 ?x2954 ?x2954)) (* 108 (* s00 (+ x (* (- 1) s)))) ?x1154 ?x2462 (* 108 (* x00 ?x2954)) (* 432 (* r00 r00 r00 (+ x (* (- 1) s)))) (* (- 66) (* s00 ?x2954)) (* 108 (* r00 s00 ?x2954)) ?x2087 (* (- 216) (* r00 s00 (+ x (* (- 1) s)))) (* 36 (* r00 r00 ?x2954 ?x2954)) ?x2602 (* (- 108) (* (+ x (* (- 1) s)) ?x2954)) ?x1398 ?x3369 (* (- 108) (* r00 (+ x (* (- 1) s)))) ?x137 ?x1514 ?x1897 ?x1448 (* 54 (* r00 ?x2954)) (* (- 216) (* x00 (+ x (* (- 1) s)))) ?x2599)))
 (let (($x2153 (not (= ?x2162 27))))
 (let ((?x2308 (* 15 ?x668)))
 (let ((?x964 (* r00 r00 x00)))
 (let ((?x965 (* 36 ?x964)))
 (let ((?x2986 (* (- 6) ?x892)))
 (let ((?x530 (* 2 ?x2410)))
 (let ((?x3486 (* (- 24) ?x2787)))
 (let ((?x2373 (* 54 ?x599)))
 (let ((?x2452 (+ (* 24 (* (+ 1 r) ?x2954)) ?x2373 (* (- 36) (* r00 (+ 1 r) (+ x (* (- 1) s)))) ?x3486 (* (- 3) (* ?x2954 ?x2954)) (* (- 54) (* (+ 1 r) (+ x (* (- 1) s)))) (* 6 (* s00 (+ x (* (- 1) s)))) (* (- 4) (* r00 ?x2954 ?x2954)) ?x530 (* 6 (* x00 ?x2954)) (* (- 12) (* s00 ?x2954)) (* 2 (* r00 s00 ?x2954)) ?x2986 (* (- 2) (* (+ 1 r) ?x2954 ?x2954)) (* (- 6) (* (+ x (* (- 1) s)) ?x2954)) (* 4 (* s00 s00 (+ 1 r))) ?x1398 ?x965 ?x2308 (* (- 2) (* s00 (+ 1 r) ?x2954)) (* 36 (* r00 x00 (+ 1 r))) (* (- 54) (* r00 (+ x (* (- 1) s)))) ?x137 ?x1514 (* 54 (* x00 (+ 1 r))) ?x1897 ?x1448 (* (- 24) (* s00 (+ 1 r))) (* 24 (* r00 ?x2954)) (* (- 36) (* r00 r00 (+ x (* (- 1) s)))))))
 (let ((?x576 (* (- 3) s)))
 (let ((?x2444 (* (- 6) ?x2551)))
 (let ((?x44 (* 3 s00)))
 (let ((?x669 (* 4 ?x668)))
 (let ((?x1248 (* (- 9) ?x2787)))
 (let ((?x600 (* 18 ?x599)))
 (let ((?x535 (+ (* 9 (* (+ 1 r) ?x2954)) ?x600 ?x1248 (* (- 2) (* ?x2954 ?x2954)) (* (- 18) (* (+ 1 r) (+ x (* (- 1) s)))) (* (- 6) (* r00 (+ 1 r) ?x2954)) (* 6 ?x1500) ?x669 (* (- 18) (* r00 (+ x (* (- 1) s)))) ?x44 ?x2444 (* 18 (* x00 (+ 1 r))) ?x576 (* (- 18) r) (* (- 9) (* s00 (+ 1 r))) (* (- 2) (* s00 ?x2954)) (* 9 (* r00 ?x2954)) (* 6 (* r00 s00 (+ 1 r))))))
 (let ((?x546 (* r00 r00 r00)))
 (let ((?x547 (* 12 ?x546)))
 (let ((?x578 (* (- 6) x00)))
 (let ((?x56 (* 6 x)))
 (let ((?x3380 (* (- 6) ?x2787)))
 (let ((?x577 (* (- 3) r00)))
 (let ((?x851 (+ (* 2 (* (+ 1 r) ?x2954)) (* (- 12) (* r00 r00 (+ 1 r))) (* (- 15) r) ?x44 ?x1897 ?x577 (* 4 (* s00 (+ 1 r))) ?x3380 ?x56 ?x578 ?x547)))
 (let ((?x376 (* r00 r00)))
 (let ((?x1796 (* (- 3) ?x376)))
 (let ((?x355 (* (- 1) s)))
 (let ((?x1868 (+ s00 ?x355 (* (- 6) r) (* 3 (* (+ 1 r) (+ 1 r))) ?x1796)))
 (let (($x1148 (not (= ?x1868 3))))
 (let (($x3383 (or $x1148 (not (= ?x851 6)) (not (= ?x535 9)) (not (= ?x2452 27)) $x2153)))
 (let ((?x1865 (* r00 r00 s)))
 (let ((?x1286 (* 36 ?x1865)))
 (let ((?x828 (+ ?x2280 ?x1875 ?x2747 (* 15 (* s s)) (* (- 216) (* r00 r00 r00 s)) ?x1242 (* (- 4) (* s s s)) (* 108 (* x x)) ?x1643 (* (- 12) (* s00 s s)) (* 108 (* s00 x)) ?x1154 ?x2462 (* 108 (* x00 s)) (* 432 (* r00 r00 r00 x)) (* (- 66) (* s00 s)) (* 108 (* r00 s00 s)) ?x2087 (* (- 216) (* r00 s00 x)) (* 36 (* r00 r00 s s)) ?x2602 (* (- 108) (* x s)) ?x1286 ?x3369 (* (- 108) (* r00 x)) ?x137 ?x1514 ?x1897 (* 54 (* r00 s)) (* (- 216) (* x00 x)) ?x2599)))
 (let (($x834 (= ?x828 0)))
 (let ((?x2947 (* r00 r00 x)))
 (let ((?x3029 (* (- 36) ?x2947)))
 (let ((?x2274 (* r00 s s)))
 (let ((?x3014 (* (- 4) ?x2274)))
 (let ((?x2607 (+ (* 24 (* s r)) ?x2373 (* (- 36) (* r00 x r)) ?x3486 (* (- 3) (* s s)) (* (- 54) (* x r)) (* 6 (* s00 x)) ?x3014 ?x530 (* 6 (* x00 s)) (* (- 12) (* s00 s)) (* 2 (* r00 s00 s)) ?x2986 (* (- 2) (* s s r)) (* (- 6) (* x s)) (* 4 (* s00 s00 r)) ?x1286 ?x965 ?x2308 (* (- 2) (* s00 s r)) (* 36 (* r00 x00 r)) (* (- 54) (* r00 x)) ?x137 ?x1514 (* 54 (* x00 r)) ?x1897 (* (- 24) (* s00 r)) (* 24 (* r00 s)) ?x3029)))
 (let ((?x1936 (* r00 x)))
 (let ((?x2221 (* (- 18) ?x1936)))
 (let ((?x622 (* s s)))
 (let ((?x2202 (* (- 2) ?x622)))
 (let ((?x416 (+ (* 9 (* s r)) ?x600 ?x1248 ?x2202 (* (- 18) (* x r)) (* (- 6) (* r00 s r)) (* 6 ?x1865) ?x669 ?x2221 ?x44 ?x2444 (* 18 (* x00 r)) ?x576 (* (- 9) (* s00 r)) (* (- 2) (* s00 s)) (* 9 (* r00 s)) (* 6 (* r00 s00 r)))))
 (let ((?x43 (* 3 r)))
 (let ((?x2579 (+ (* 2 (* s r)) (* (- 12) (* r00 r00 r)) ?x43 ?x44 ?x576 ?x577 (* 4 (* s00 r)) ?x3380 ?x56 ?x578 ?x547)))
 (let (($x3120 (= (+ s00 ?x355 (* 3 (* r r)) ?x1796) 0)))
 (and $x3120 (= ?x2579 0) (= ?x416 0) (= ?x2607 0) $x834 $x3383)))))))))))))))))))))))))))))))))))))))))))))))))))))))))))))))))))))))))))) :qid k!38))
 ))
 (let ((?x1499 (lambda ((r Int) (s Int) (x Int) )(let ((?x3204 (* r r s00)))
 (let ((?x3858 (* 432 ?x3204)))
 (let ((?x2893 (* r r s)))
 (let ((?x3854 (* 432 ?x2893)))
 (let ((?x2878 (* r r r)))
 (let ((?x3853 (* 864 ?x2878)))
 (let ((?x3847 (* 1296 (* r r00 r00 r00))))
 (let ((?x1447 (* x00 x00)))
 (let ((?x1477 (* (- 108) ?x1447)))
 (let ((?x1422 (* 216 (* x x00))))
 (let ((?x1285 (* s00 s00 s00)))
 (let ((?x1476 (* (- 16) ?x1285)))
 (let ((?x1474 (* (- 36) (* s s r00 r00))))
 (let ((?x1256 (* 216 (* x s00 r00))))
 (let ((?x1473 (* (- 432) (* x r00 r00 r00))))
 (let ((?x1173 (* s00 r00 r00 r00)))
 (let ((?x1472 (* (- 216) ?x1173)))
 (let ((?x1058 (* 12 (* s s s00))))
 (let ((?x1016 (* r s s00)))
 (let ((?x3834 (* 144 ?x1016)))
 (let ((?x999 (* r00 r00 r00 x00)))
 (let ((?x1000 (* 432 ?x999)))
 (let ((?x969 (* x x)))
 (let ((?x1471 (* (- 108) ?x969)))
 (let ((?x906 (* s s s)))
 (let ((?x908 (* 4 ?x906)))
 (let ((?x896 (* r s s)))
 (let ((?x3833 (* 72 ?x896)))
 (let ((?x892 (* s00 x00)))
 (let ((?x1230 (* 108 ?x892)))
 (let ((?x856 (* s00 s00 r00 r00)))
 (let ((?x857 (* 36 ?x856)))
 (let ((?x815 (* s x00)))
 (let ((?x3831 (* (- 324) ?x815)))
 (let ((?x769 (* s00 s00 r00)))
 (let ((?x1127 (* 108 ?x769)))
 (let ((?x724 (* s00 r00 r00)))
 (let ((?x1087 (* 36 ?x724)))
 (let ((?x698 (* x s00)))
 (let ((?x1467 (* (- 108) ?x698)))
 (let ((?x694 (* x r00)))
 (let ((?x1333 (* 108 ?x694)))
 (let ((?x668 (* s00 s00)))
 (let ((?x1466 (* (- 51) ?x668)))
 (let ((?x626 (* r x)))
 (let ((?x3827 (* 648 ?x626)))
 (let ((?x599 (* r00 x00)))
 (let ((?x1463 (* (- 108) ?x599)))
 (let ((?x595 (* s00 r00 x00)))
 (let ((?x1462 (* (- 216) ?x595)))
 (let ((?x546 (* r00 r00 r00)))
 (let ((?x3824 (* 648 ?x546)))
 (let ((?x503 (* s00 r00)))
 (let ((?x2865 (* (- 270) ?x503)))
 (let ((?x476 (* r s00)))
 (let ((?x3823 (* 828 ?x476)))
 (let ((?x376 (* r00 r00)))
 (let ((?x2853 (* (- 432) ?x376)))
 (let ((?x3818 (* (- 324) x00)))
 (let ((?x1603 (* (- 162) r00)))
 (let ((?x3817 (* 297 s00)))
 (let ((?x3533 (* 324 x)))
 (let ((?x2008 (+ (* 162 r) (* (- 297) s) ?x3533 ?x3817 ?x1603 ?x3818 (* 756 (* r r)) ?x2853 (* (- 396) (* r s)) (* (- 1512) (* r r00 r00)) ?x3823 ?x2865 ?x3824 ?x1462 ?x1463 (* (- 195) (* s s)) ?x3827 (* (- 252) (* s r00 r00)) ?x1466 ?x1333 ?x1467 ?x1087 (* (- 648) (* r x00)) (* 648 (* s r00 r00 r00)) (* 246 (* s s00)) ?x1127 (* (- 162) (* s r00)) (* (- 648) (* r s00 r00)) ?x3831 ?x857 (* (- 324) (* s s00 r00)) ?x1230 ?x3833 (* 324 (* s x)) ?x908 ?x1471 ?x1000 (* (- 1296) (* r r r00 r00)) ?x3834 ?x1058 ?x1472 ?x1473 ?x1256 ?x1474 ?x1476 ?x1422 ?x1477 (* (- 432) (* r s r00 r00)) (* (- 324) (* r r00)) ?x3847 ?x3853 ?x3854 ?x3858)))
 (let ((?x1160 (* 36 (* x r00 r00))))
 (let ((?x1028 (* r r00 x00)))
 (let ((?x1041 (* (- 36) ?x1028)))
 (let ((?x1017 (* 2 ?x1016)))
 (let ((?x964 (* r00 r00 x00)))
 (let ((?x977 (* (- 36) ?x964)))
 (let ((?x912 (* r s00 s00)))
 (let ((?x925 (* (- 4) ?x912)))
 (let ((?x900 (* s x)))
 (let ((?x901 (* 6 ?x900)))
 (let ((?x897 (* 2 ?x896)))
 (let ((?x893 (* 6 ?x892)))
 (let ((?x866 (* s s00 r00)))
 (let ((?x879 (* (- 2) ?x866)))
 (let ((?x842 (* (- 6) ?x815)))
 (let ((?x787 (* (- 2) ?x769)))
 (let ((?x742 (* 4 (* s s r00))))
 (let ((?x713 (* (- 6) ?x698)))
 (let ((?x400 (* (- 19) ?x668)))
 (let ((?x646 (* 36 (* r x r00))))
 (let ((?x396 (* (- 90) ?x599)))
 (let ((?x395 (* 18 ?x503)))
 (let ((?x2186 (* (- 108) ?x376)))
 (let ((?x2183 (* (- 72) x00)))
 (let ((?x2546 (* (- 36) r00)))
 (let ((?x2171 (* 57 s00)))
 (let ((?x3298 (+ (* 36 r) (* (- 57) s) (* 72 x) ?x2171 ?x2546 ?x2183 (* 108 (* r r)) ?x2186 (* (- 42) (* r s)) (* (- 216) (* r r00 r00)) (* 114 ?x476) ?x395 ?x396 (* (- 1) (* s s)) (* 90 ?x626) (* 12 (* r s r00)) (* (- 72) (* s r00 r00)) ?x646 ?x400 (* 90 ?x694) ?x713 ?x1087 (* (- 90) (* r x00)) ?x742 (* 20 (* s s00)) ?x787 (* (- 90) (* s r00)) (* (- 12) (* r s00 r00)) ?x842 ?x879 ?x893 ?x897 ?x901 ?x925 ?x977 ?x1017 ?x1041 ?x1160 (* 144 (* r r r00)) (* 72 ?x2878) (* 24 ?x2893) (* 12 ?x3204))))
 (let ((?x803 (* r s00 r00)))
 (let ((?x816 (* (- 6) ?x803)))
 (let ((?x765 (* s s00)))
 (let ((?x766 (* 2 ?x765)))
 (let ((?x736 (* r x00)))
 (let ((?x749 (* (- 18) ?x736)))
 (let ((?x725 (* 6 ?x724)))
 (let ((?x695 (* 18 ?x694)))
 (let ((?x681 (* (- 4) ?x668)))
 (let ((?x642 (* s r00 r00)))
 (let ((?x655 (* (- 6) ?x642)))
 (let ((?x630 (* r s r00)))
 (let ((?x631 (* 6 ?x630)))
 (let ((?x627 (* 18 ?x626)))
 (let ((?x622 (* s s)))
 (let ((?x623 (* 2 ?x622)))
 (let ((?x613 (* (- 18) ?x599)))
 (let ((?x1870 (* 3 ?x503)))
 (let ((?x2075 (* (- 18) ?x376)))
 (let ((?x2785 (* (- 18) x00)))
 (let ((?x2783 (* (- 9) r00)))
 (let ((?x2782 (* 12 s00)))
 (let ((?x1920 (+ (* 9 r) (* (- 12) s) (* 18 x) ?x2782 ?x2783 ?x2785 (* 18 (* r r)) ?x2075 (* (- 3) (* r s)) (* (- 36) (* r r00 r00)) (* 21 ?x476) ?x1870 ?x613 ?x623 ?x627 ?x631 ?x655 ?x681 ?x695 ?x725 ?x749 ?x766 (* (- 21) (* s r00)) ?x816 (* 36 (* r r r00)))))
 (let ((?x547 (* 12 ?x546)))
 (let ((?x581 (* (- 6) ?x503)))
 (let ((?x477 (* 4 ?x476)))
 (let ((?x426 (* r r00 r00)))
 (let ((?x580 (* (- 12) ?x426)))
 (let ((?x420 (* r s)))
 (let ((?x579 (* 2 ?x420)))
 (let ((?x872 (* (- 12) ?x376)))
 (let ((?x578 (* (- 6) x00)))
 (let ((?x577 (* (- 3) r00)))
 (let ((?x2316 (* 7 s00)))
 (let ((?x56 (* 6 x)))
 (let ((?x43 (* 3 r)))
 (let ((?x1971 (+ ?x43 (* (- 7) s) ?x56 ?x2316 ?x577 ?x578 (* 12 (* r r)) ?x872 ?x579 ?x580 ?x477 ?x581 ?x547)))
 (let (($x409 (= (+ s (* (- 1) s00) (* (- 3) (* r r)) (* 3 ?x376)) 0)))
 (let (($x2746 (or (not $x409) (not (= ?x1971 0)) (not (= ?x1920 0)) (not (= ?x3298 0)) (not (= ?x2008 0)))))
 (let ((?x1297 (* 108 ?x900)))
 (let ((?x747 (* s r00 r00 r00)))
 (let ((?x748 (* 216 ?x747)))
 (let ((?x951 (* (- 36) ?x642)))
 (let ((?x605 (* 54 ?x503)))
 (let ((?x1074 (* (- 9) s00)))
 (let ((?x143 (* 9 s)))
 (let ((?x1478 (+ ?x143 ?x1074 ?x605 ?x1462 ?x1463 (* (- 15) ?x622) ?x951 ?x1466 ?x1333 ?x1467 ?x1087 ?x748 (* 66 ?x765) ?x1127 (* (- 54) (* s r00)) (* (- 108) ?x815) ?x857 (* (- 108) ?x866) ?x1230 ?x1297 ?x908 ?x1471 ?x1000 ?x1058 ?x1472 ?x1473 ?x1256 ?x1474 ?x1476 ?x1422 ?x1477)))
 (let (($x1479 (= ?x1478 0)))
 (let ((?x1003 (* (- 15) ?x668)))
 (let ((?x654 (* 3 ?x622)))
 (let ((?x636 (* (- 54) ?x599)))
 (let ((?x651 (* 24 ?x503)))
 (let ((?x1166 (+ ?x143 ?x1074 (* (- 24) ?x420) (* 24 ?x476) ?x651 ?x636 ?x654 (* 54 ?x626) ?x951 ?x646 ?x1003 (* 54 ?x694) ?x713 ?x1087 (* (- 54) ?x736) ?x742 (* 12 ?x765) ?x787 (* (- 24) (* s r00)) ?x842 ?x879 ?x893 ?x897 ?x901 ?x925 ?x977 ?x1017 ?x1041 ?x1160)))
 (let (($x1171 (= ?x1166 0)))
 (let ((?x618 (* 9 ?x503)))
 (let ((?x455 (* (- 3) s00)))
 (let ((?x47 (* 3 s)))
 (let ((?x822 (+ ?x47 ?x455 (* (- 9) ?x420) (* 9 ?x476) ?x618 ?x613 ?x623 ?x627 ?x631 ?x655 ?x681 ?x695 ?x725 ?x749 ?x766 (* (- 9) (* s r00)) ?x816)))
 (let (($x829 (= ?x822 0)))
 (let ((?x44 (* 3 s00)))
 (let ((?x576 (* (- 3) s)))
 (let (($x583 (= (+ ?x43 ?x576 ?x56 ?x44 ?x577 ?x578 ?x579 ?x580 ?x477 ?x581 ?x547) 0)))
 (let (($x1738 (and $x409 $x583 $x829 $x1171 $x1479 $x2746)))
 (let ((?x2599 (* 108 ?x1447)))
 (let ((?x1448 (* (- 54) r)))
 (let ((?x1897 (* (- 9) s)))
 (let ((?x2551 (* r00 r00 s00)))
 (let ((?x1514 (* (- 36) ?x2551)))
 (let ((?x137 (* 9 s00)))
 (let ((?x3369 (* 51 ?x668)))
 (let ((?x211 (* 6 r)))
 (let ((?x2954 (+ 3 s ?x211)))
 (let ((?x1500 (* r00 r00 ?x2954)))
 (let ((?x1398 (* 36 ?x1500)))
 (let ((?x2602 (* 16 ?x1285)))
 (let ((?x2087 (* (- 108) ?x892)))
 (let ((?x2462 (* 216 (* r00 r00 r00 s00))))
 (let ((?x2410 (* r00 s00 s00)))
 (let ((?x1154 (* (- 108) ?x2410)))
 (let ((?x1643 (* (- 432) ?x999)))
 (let ((?x1242 (* (- 36) (* r00 r00 s00 s00))))
 (let ((?x2787 (* r00 s00)))
 (let ((?x2747 (* (- 54) ?x2787)))
 (let ((?x1875 (* 108 ?x599)))
 (let ((?x2280 (* 216 (* r00 s00 x00))))
 (let ((?x2162 (+ ?x2280 ?x1875 ?x2747 (* 15 (* ?x2954 ?x2954)) (* (- 216) (* r00 r00 r00 ?x2954)) ?x1242 (* (- 4) (* ?x2954 ?x2954 ?x2954)) (* 108 (* (+ x (* (- 1) s)) (+ x (* (- 1) s)))) ?x1643 (* (- 12) (* s00 ?x2954 ?x2954)) (* 108 (* s00 (+ x (* (- 1) s)))) ?x1154 ?x2462 (* 108 (* x00 ?x2954)) (* 432 (* r00 r00 r00 (+ x (* (- 1) s)))) (* (- 66) (* s00 ?x2954)) (* 108 (* r00 s00 ?x2954)) ?x2087 (* (- 216) (* r00 s00 (+ x (* (- 1) s)))) (* 36 (* r00 r00 ?x2954 ?x2954)) ?x2602 (* (- 108) (* (+ x (* (- 1) s)) ?x2954)) ?x1398 ?x3369 (* (- 108) (* r00 (+ x (* (- 1) s)))) ?x137 ?x1514 ?x1897 ?x1448 (* 54 (* r00 ?x2954)) (* (- 216) (* x00 (+ x (* (- 1) s)))) ?x2599)))
 (let (($x2153 (not (= ?x2162 27))))
 (let ((?x2308 (* 15 ?x668)))
 (let ((?x965 (* 36 ?x964)))
 (let ((?x2986 (* (- 6) ?x892)))
 (let ((?x530 (* 2 ?x2410)))
 (let ((?x3486 (* (- 24) ?x2787)))
 (let ((?x2373 (* 54 ?x599)))
 (let ((?x2452 (+ (* 24 (* (+ 1 r) ?x2954)) ?x2373 (* (- 36) (* r00 (+ 1 r) (+ x (* (- 1) s)))) ?x3486 (* (- 3) (* ?x2954 ?x2954)) (* (- 54) (* (+ 1 r) (+ x (* (- 1) s)))) (* 6 (* s00 (+ x (* (- 1) s)))) (* (- 4) (* r00 ?x2954 ?x2954)) ?x530 (* 6 (* x00 ?x2954)) (* (- 12) (* s00 ?x2954)) (* 2 (* r00 s00 ?x2954)) ?x2986 (* (- 2) (* (+ 1 r) ?x2954 ?x2954)) (* (- 6) (* (+ x (* (- 1) s)) ?x2954)) (* 4 (* s00 s00 (+ 1 r))) ?x1398 ?x965 ?x2308 (* (- 2) (* s00 (+ 1 r) ?x2954)) (* 36 (* r00 x00 (+ 1 r))) (* (- 54) (* r00 (+ x (* (- 1) s)))) ?x137 ?x1514 (* 54 (* x00 (+ 1 r))) ?x1897 ?x1448 (* (- 24) (* s00 (+ 1 r))) (* 24 (* r00 ?x2954)) (* (- 36) (* r00 r00 (+ x (* (- 1) s)))))))
 (let ((?x2444 (* (- 6) ?x2551)))
 (let ((?x669 (* 4 ?x668)))
 (let ((?x1248 (* (- 9) ?x2787)))
 (let ((?x600 (* 18 ?x599)))
 (let ((?x535 (+ (* 9 (* (+ 1 r) ?x2954)) ?x600 ?x1248 (* (- 2) (* ?x2954 ?x2954)) (* (- 18) (* (+ 1 r) (+ x (* (- 1) s)))) (* (- 6) (* r00 (+ 1 r) ?x2954)) (* 6 ?x1500) ?x669 (* (- 18) (* r00 (+ x (* (- 1) s)))) ?x44 ?x2444 (* 18 (* x00 (+ 1 r))) ?x576 (* (- 18) r) (* (- 9) (* s00 (+ 1 r))) (* (- 2) (* s00 ?x2954)) (* 9 (* r00 ?x2954)) (* 6 (* r00 s00 (+ 1 r))))))
 (let ((?x3380 (* (- 6) ?x2787)))
 (let ((?x851 (+ (* 2 (* (+ 1 r) ?x2954)) (* (- 12) (* r00 r00 (+ 1 r))) (* (- 15) r) ?x44 ?x1897 ?x577 (* 4 (* s00 (+ 1 r))) ?x3380 ?x56 ?x578 ?x547)))
 (let ((?x1796 (* (- 3) ?x376)))
 (let ((?x355 (* (- 1) s)))
 (let ((?x1868 (+ s00 ?x355 (* (- 6) r) (* 3 (* (+ 1 r) (+ 1 r))) ?x1796)))
 (let (($x1148 (not (= ?x1868 3))))
 (let (($x3383 (or $x1148 (not (= ?x851 6)) (not (= ?x535 9)) (not (= ?x2452 27)) $x2153)))
 (let ((?x1865 (* r00 r00 s)))
 (let ((?x1286 (* 36 ?x1865)))
 (let ((?x828 (+ ?x2280 ?x1875 ?x2747 (* 15 ?x622) (* (- 216) (* r00 r00 r00 s)) ?x1242 (* (- 4) ?x906) (* 108 ?x969) ?x1643 (* (- 12) (* s00 s s)) (* 108 (* s00 x)) ?x1154 ?x2462 (* 108 (* x00 s)) (* 432 (* r00 r00 r00 x)) (* (- 66) (* s00 s)) (* 108 (* r00 s00 s)) ?x2087 (* (- 216) (* r00 s00 x)) (* 36 (* r00 r00 s s)) ?x2602 (* (- 108) (* x s)) ?x1286 ?x3369 (* (- 108) (* r00 x)) ?x137 ?x1514 ?x1897 (* 54 (* r00 s)) (* (- 216) (* x00 x)) ?x2599)))
 (let (($x834 (= ?x828 0)))
 (let ((?x2947 (* r00 r00 x)))
 (let ((?x3029 (* (- 36) ?x2947)))
 (let ((?x2274 (* r00 s s)))
 (let ((?x3014 (* (- 4) ?x2274)))
 (let ((?x2607 (+ (* 24 (* s r)) ?x2373 (* (- 36) (* r00 x r)) ?x3486 (* (- 3) ?x622) (* (- 54) (* x r)) (* 6 (* s00 x)) ?x3014 ?x530 (* 6 (* x00 s)) (* (- 12) (* s00 s)) (* 2 (* r00 s00 s)) ?x2986 (* (- 2) (* s s r)) (* (- 6) (* x s)) (* 4 (* s00 s00 r)) ?x1286 ?x965 ?x2308 (* (- 2) (* s00 s r)) (* 36 (* r00 x00 r)) (* (- 54) (* r00 x)) ?x137 ?x1514 (* 54 (* x00 r)) ?x1897 (* (- 24) (* s00 r)) (* 24 (* r00 s)) ?x3029)))
 (let ((?x1936 (* r00 x)))
 (let ((?x2221 (* (- 18) ?x1936)))
 (let ((?x2202 (* (- 2) ?x622)))
 (let ((?x416 (+ (* 9 (* s r)) ?x600 ?x1248 ?x2202 (* (- 18) (* x r)) (* (- 6) (* r00 s r)) (* 6 ?x1865) ?x669 ?x2221 ?x44 ?x2444 (* 18 (* x00 r)) ?x576 (* (- 9) (* s00 r)) (* (- 2) (* s00 s)) (* 9 (* r00 s)) (* 6 (* r00 s00 r)))))
 (let ((?x2579 (+ (* 2 (* s r)) (* (- 12) (* r00 r00 r)) ?x43 ?x44 ?x576 ?x577 (* 4 (* s00 r)) ?x3380 ?x56 ?x578 ?x547)))
 (let (($x3120 (= (+ s00 ?x355 (* 3 (* r r)) ?x1796) 0)))
 (let (($x2861 (and $x3120 (= ?x2579 0) (= ?x416 0) (= ?x2607 0) $x834 $x3383)))
 (rewrite (= $x2861 $x1738)))))))))))))))))))))))))))))))))))))))))))))))))))))))))))))))))))))))))))))))))))))))))))))))))))))))))))))))))))))))))))))))))))))))))))))))))))))))))))))))))))))))))))))))))))))))))))))))))))))))))))))))))))))))
 ))
 (let (($x2338 (exists ((r Int) (s Int) (x Int) )(! (let ((?x1447 (* x00 x00)))
 (let ((?x2599 (* 108 ?x1447)))
 (let ((?x1448 (* (- 54) r)))
 (let ((?x1897 (* (- 9) s)))
 (let ((?x2551 (* r00 r00 s00)))
 (let ((?x1514 (* (- 36) ?x2551)))
 (let ((?x137 (* 9 s00)))
 (let ((?x668 (* s00 s00)))
 (let ((?x3369 (* 51 ?x668)))
 (let ((?x211 (* 6 r)))
 (let ((?x2954 (+ 3 s ?x211)))
 (let ((?x1500 (* r00 r00 ?x2954)))
 (let ((?x1398 (* 36 ?x1500)))
 (let ((?x1285 (* s00 s00 s00)))
 (let ((?x2602 (* 16 ?x1285)))
 (let ((?x892 (* s00 x00)))
 (let ((?x2087 (* (- 108) ?x892)))
 (let ((?x2462 (* 216 (* r00 r00 r00 s00))))
 (let ((?x2410 (* r00 s00 s00)))
 (let ((?x1154 (* (- 108) ?x2410)))
 (let ((?x999 (* r00 r00 r00 x00)))
 (let ((?x1643 (* (- 432) ?x999)))
 (let ((?x1242 (* (- 36) (* r00 r00 s00 s00))))
 (let ((?x2787 (* r00 s00)))
 (let ((?x2747 (* (- 54) ?x2787)))
 (let ((?x599 (* r00 x00)))
 (let ((?x1875 (* 108 ?x599)))
 (let ((?x2280 (* 216 (* r00 s00 x00))))
 (let ((?x2162 (+ ?x2280 ?x1875 ?x2747 (* 15 (* ?x2954 ?x2954)) (* (- 216) (* r00 r00 r00 ?x2954)) ?x1242 (* (- 4) (* ?x2954 ?x2954 ?x2954)) (* 108 (* (+ x (* (- 1) s)) (+ x (* (- 1) s)))) ?x1643 (* (- 12) (* s00 ?x2954 ?x2954)) (* 108 (* s00 (+ x (* (- 1) s)))) ?x1154 ?x2462 (* 108 (* x00 ?x2954)) (* 432 (* r00 r00 r00 (+ x (* (- 1) s)))) (* (- 66) (* s00 ?x2954)) (* 108 (* r00 s00 ?x2954)) ?x2087 (* (- 216) (* r00 s00 (+ x (* (- 1) s)))) (* 36 (* r00 r00 ?x2954 ?x2954)) ?x2602 (* (- 108) (* (+ x (* (- 1) s)) ?x2954)) ?x1398 ?x3369 (* (- 108) (* r00 (+ x (* (- 1) s)))) ?x137 ?x1514 ?x1897 ?x1448 (* 54 (* r00 ?x2954)) (* (- 216) (* x00 (+ x (* (- 1) s)))) ?x2599)))
 (let (($x2153 (not (= ?x2162 27))))
 (let ((?x143 (* 9 s)))
 (let ((?x1958 (* 36 ?x2551)))
 (let ((?x1074 (* (- 9) s00)))
 (let ((?x1003 (* (- 15) ?x668)))
 (let ((?x964 (* r00 r00 x00)))
 (let ((?x977 (* (- 36) ?x964)))
 (let ((?x893 (* 6 ?x892)))
 (let ((?x2000 (* (- 2) ?x2410)))
 (let ((?x937 (* 24 ?x2787)))
 (let ((?x636 (* (- 54) ?x599)))
 (let ((?x3199 (+ (* (- 24) (* (+ 1 r) ?x2954)) ?x636 (* 36 (* r00 (+ 1 r) (+ x (* (- 1) s)))) ?x937 (* 3 (* ?x2954 ?x2954)) (* 54 (* (+ 1 r) (+ x (* (- 1) s)))) (* (- 6) (* s00 (+ x (* (- 1) s)))) (* 4 (* r00 ?x2954 ?x2954)) ?x2000 (* (- 6) (* x00 ?x2954)) (* 12 (* s00 ?x2954)) (* (- 2) (* r00 s00 ?x2954)) ?x893 (* 2 (* (+ 1 r) ?x2954 ?x2954)) (* 6 (* (+ x (* (- 1) s)) ?x2954)) (* (- 4) (* s00 s00 (+ 1 r))) (* (- 36) ?x1500) ?x977 ?x1003 (* 2 (* s00 (+ 1 r) ?x2954)) (* (- 36) (* r00 x00 (+ 1 r))) (* 54 (* r00 (+ x (* (- 1) s)))) ?x1074 ?x1958 (* (- 54) (* x00 (+ 1 r))) ?x143 (* 54 r) (* 24 (* s00 (+ 1 r))) (* (- 24) (* r00 ?x2954)) (* 36 (* r00 r00 (+ x (* (- 1) s)))))))
 (let ((?x47 (* 3 s)))
 (let ((?x2554 (* 6 ?x2551)))
 (let ((?x455 (* (- 3) s00)))
 (let ((?x681 (* (- 4) ?x668)))
 (let ((?x1833 (* 9 ?x2787)))
 (let ((?x613 (* (- 18) ?x599)))
 (let ((?x1827 (+ (* (- 9) (* (+ 1 r) ?x2954)) ?x613 ?x1833 (* 2 (* ?x2954 ?x2954)) (* 18 (* (+ 1 r) (+ x (* (- 1) s)))) (* 6 (* r00 (+ 1 r) ?x2954)) (* (- 6) ?x1500) ?x681 (* 18 (* r00 (+ x (* (- 1) s)))) ?x455 ?x2554 (* (- 18) (* x00 (+ 1 r))) ?x47 (* 18 r) (* 9 (* s00 (+ 1 r))) (* 2 (* s00 ?x2954)) (* (- 9) (* r00 ?x2954)) (* (- 6) (* r00 s00 (+ 1 r))))))
 (let ((?x546 (* r00 r00 r00)))
 (let ((?x560 (* (- 12) ?x546)))
 (let ((?x59 (* 6 x00)))
 (let ((?x525 (* (- 6) x)))
 (let ((?x2634 (* 6 ?x2787)))
 (let ((?x48 (* 3 r00)))
 (let ((?x3650 (+ (* (- 2) (* (+ 1 r) ?x2954)) (* 12 (* r00 r00 (+ 1 r))) (* 15 r) ?x455 ?x143 ?x48 (* (- 4) (* s00 (+ 1 r))) ?x2634 ?x525 ?x59 ?x560)))
 (let ((?x376 (* r00 r00)))
 (let ((?x1796 (* (- 3) ?x376)))
 (let ((?x355 (* (- 1) s)))
 (let ((?x1868 (+ s00 ?x355 (* (- 6) r) (* 3 (* (+ 1 r) (+ 1 r))) ?x1796)))
 (let (($x1148 (not (= ?x1868 3))))
 (let (($x2332 (or $x1148 (not (= ?x3650 (- 6))) (not (= ?x1827 (- 9))) (not (= ?x3199 (- 27))) $x2153)))
 (let ((?x1865 (* r00 r00 s)))
 (let ((?x1286 (* 36 ?x1865)))
 (let ((?x828 (+ ?x2280 ?x1875 ?x2747 (* 15 (* s s)) (* (- 216) (* r00 r00 r00 s)) ?x1242 (* (- 4) (* s s s)) (* 108 (* x x)) ?x1643 (* (- 12) (* s00 s s)) (* 108 (* s00 x)) ?x1154 ?x2462 (* 108 (* x00 s)) (* 432 (* r00 r00 r00 x)) (* (- 66) (* s00 s)) (* 108 (* r00 s00 s)) ?x2087 (* (- 216) (* r00 s00 x)) (* 36 (* r00 r00 s s)) ?x2602 (* (- 108) (* x s)) ?x1286 ?x3369 (* (- 108) (* r00 x)) ?x137 ?x1514 ?x1897 (* 54 (* r00 s)) (* (- 216) (* x00 x)) ?x2599)))
 (let (($x834 (= ?x828 0)))
 (let ((?x2615 (* (- 36) ?x1865)))
 (let ((?x622 (* s s)))
 (let ((?x654 (* 3 ?x622)))
 (let ((?x2468 (+ (* (- 24) (* s r)) ?x636 (* 36 (* r00 x r)) ?x937 ?x654 (* 54 (* x r)) (* (- 6) (* s00 x)) (* 4 (* r00 s s)) ?x2000 (* (- 6) (* x00 s)) (* 12 (* s00 s)) (* (- 2) (* r00 s00 s)) ?x893 (* 2 (* s s r)) (* 6 (* x s)) (* (- 4) (* s00 s00 r)) ?x2615 ?x977 ?x1003 (* 2 (* s00 s r)) (* (- 36) (* r00 x00 r)) (* 54 (* r00 x)) ?x1074 ?x1958 (* (- 54) (* x00 r)) ?x143 (* 24 (* s00 r)) (* (- 24) (* r00 s)) (* 36 (* r00 r00 x)))))
 (let ((?x623 (* 2 ?x622)))
 (let ((?x1981 (+ (* (- 9) (* s r)) ?x613 ?x1833 ?x623 (* 18 (* x r)) (* 6 (* r00 s r)) (* (- 6) ?x1865) ?x681 (* 18 (* r00 x)) ?x455 ?x2554 (* (- 18) (* x00 r)) ?x47 (* 9 (* s00 r)) (* 2 (* s00 s)) (* (- 9) (* r00 s)) (* (- 6) (* r00 s00 r)))))
 (let ((?x2866 (+ (* (- 2) (* s r)) (* 12 (* r00 r00 r)) (* (- 3) r) ?x455 ?x47 ?x48 (* (- 4) (* s00 r)) ?x2634 ?x525 ?x59 ?x560)))
 (let (($x3120 (= (+ s00 ?x355 (* 3 (* r r)) ?x1796) 0)))
 (and $x3120 (= ?x2866 0) (= ?x1981 0) (= ?x2468 0) $x834 $x2332)))))))))))))))))))))))))))))))))))))))))))))))))))))))))))))))))))))))))) :qid k!38))
 ))
 (let ((?x812 (lambda ((r Int) (s Int) (x Int) )(let ((?x1447 (* x00 x00)))
 (let ((?x2599 (* 108 ?x1447)))
 (let ((?x1448 (* (- 54) r)))
 (let ((?x1897 (* (- 9) s)))
 (let ((?x2551 (* r00 r00 s00)))
 (let ((?x1514 (* (- 36) ?x2551)))
 (let ((?x137 (* 9 s00)))
 (let ((?x668 (* s00 s00)))
 (let ((?x3369 (* 51 ?x668)))
 (let ((?x211 (* 6 r)))
 (let ((?x2954 (+ 3 s ?x211)))
 (let ((?x1500 (* r00 r00 ?x2954)))
 (let ((?x1398 (* 36 ?x1500)))
 (let ((?x1285 (* s00 s00 s00)))
 (let ((?x2602 (* 16 ?x1285)))
 (let ((?x892 (* s00 x00)))
 (let ((?x2087 (* (- 108) ?x892)))
 (let ((?x2462 (* 216 (* r00 r00 r00 s00))))
 (let ((?x2410 (* r00 s00 s00)))
 (let ((?x1154 (* (- 108) ?x2410)))
 (let ((?x999 (* r00 r00 r00 x00)))
 (let ((?x1643 (* (- 432) ?x999)))
 (let ((?x1242 (* (- 36) (* r00 r00 s00 s00))))
 (let ((?x2787 (* r00 s00)))
 (let ((?x2747 (* (- 54) ?x2787)))
 (let ((?x599 (* r00 x00)))
 (let ((?x1875 (* 108 ?x599)))
 (let ((?x2280 (* 216 (* r00 s00 x00))))
 (let ((?x2162 (+ ?x2280 ?x1875 ?x2747 (* 15 (* ?x2954 ?x2954)) (* (- 216) (* r00 r00 r00 ?x2954)) ?x1242 (* (- 4) (* ?x2954 ?x2954 ?x2954)) (* 108 (* (+ x (* (- 1) s)) (+ x (* (- 1) s)))) ?x1643 (* (- 12) (* s00 ?x2954 ?x2954)) (* 108 (* s00 (+ x (* (- 1) s)))) ?x1154 ?x2462 (* 108 (* x00 ?x2954)) (* 432 (* r00 r00 r00 (+ x (* (- 1) s)))) (* (- 66) (* s00 ?x2954)) (* 108 (* r00 s00 ?x2954)) ?x2087 (* (- 216) (* r00 s00 (+ x (* (- 1) s)))) (* 36 (* r00 r00 ?x2954 ?x2954)) ?x2602 (* (- 108) (* (+ x (* (- 1) s)) ?x2954)) ?x1398 ?x3369 (* (- 108) (* r00 (+ x (* (- 1) s)))) ?x137 ?x1514 ?x1897 ?x1448 (* 54 (* r00 ?x2954)) (* (- 216) (* x00 (+ x (* (- 1) s)))) ?x2599)))
 (let (($x2153 (not (= ?x2162 27))))
 (let ((?x2308 (* 15 ?x668)))
 (let ((?x964 (* r00 r00 x00)))
 (let ((?x965 (* 36 ?x964)))
 (let ((?x2986 (* (- 6) ?x892)))
 (let ((?x530 (* 2 ?x2410)))
 (let ((?x3486 (* (- 24) ?x2787)))
 (let ((?x2373 (* 54 ?x599)))
 (let ((?x2452 (+ (* 24 (* (+ 1 r) ?x2954)) ?x2373 (* (- 36) (* r00 (+ 1 r) (+ x (* (- 1) s)))) ?x3486 (* (- 3) (* ?x2954 ?x2954)) (* (- 54) (* (+ 1 r) (+ x (* (- 1) s)))) (* 6 (* s00 (+ x (* (- 1) s)))) (* (- 4) (* r00 ?x2954 ?x2954)) ?x530 (* 6 (* x00 ?x2954)) (* (- 12) (* s00 ?x2954)) (* 2 (* r00 s00 ?x2954)) ?x2986 (* (- 2) (* (+ 1 r) ?x2954 ?x2954)) (* (- 6) (* (+ x (* (- 1) s)) ?x2954)) (* 4 (* s00 s00 (+ 1 r))) ?x1398 ?x965 ?x2308 (* (- 2) (* s00 (+ 1 r) ?x2954)) (* 36 (* r00 x00 (+ 1 r))) (* (- 54) (* r00 (+ x (* (- 1) s)))) ?x137 ?x1514 (* 54 (* x00 (+ 1 r))) ?x1897 ?x1448 (* (- 24) (* s00 (+ 1 r))) (* 24 (* r00 ?x2954)) (* (- 36) (* r00 r00 (+ x (* (- 1) s)))))))
 (let ((?x576 (* (- 3) s)))
 (let ((?x2444 (* (- 6) ?x2551)))
 (let ((?x44 (* 3 s00)))
 (let ((?x669 (* 4 ?x668)))
 (let ((?x1248 (* (- 9) ?x2787)))
 (let ((?x600 (* 18 ?x599)))
 (let ((?x535 (+ (* 9 (* (+ 1 r) ?x2954)) ?x600 ?x1248 (* (- 2) (* ?x2954 ?x2954)) (* (- 18) (* (+ 1 r) (+ x (* (- 1) s)))) (* (- 6) (* r00 (+ 1 r) ?x2954)) (* 6 ?x1500) ?x669 (* (- 18) (* r00 (+ x (* (- 1) s)))) ?x44 ?x2444 (* 18 (* x00 (+ 1 r))) ?x576 (* (- 18) r) (* (- 9) (* s00 (+ 1 r))) (* (- 2) (* s00 ?x2954)) (* 9 (* r00 ?x2954)) (* 6 (* r00 s00 (+ 1 r))))))
 (let ((?x546 (* r00 r00 r00)))
 (let ((?x547 (* 12 ?x546)))
 (let ((?x578 (* (- 6) x00)))
 (let ((?x56 (* 6 x)))
 (let ((?x3380 (* (- 6) ?x2787)))
 (let ((?x577 (* (- 3) r00)))
 (let ((?x851 (+ (* 2 (* (+ 1 r) ?x2954)) (* (- 12) (* r00 r00 (+ 1 r))) (* (- 15) r) ?x44 ?x1897 ?x577 (* 4 (* s00 (+ 1 r))) ?x3380 ?x56 ?x578 ?x547)))
 (let ((?x376 (* r00 r00)))
 (let ((?x1796 (* (- 3) ?x376)))
 (let ((?x355 (* (- 1) s)))
 (let ((?x1868 (+ s00 ?x355 (* (- 6) r) (* 3 (* (+ 1 r) (+ 1 r))) ?x1796)))
 (let (($x1148 (not (= ?x1868 3))))
 (let (($x3383 (or $x1148 (not (= ?x851 6)) (not (= ?x535 9)) (not (= ?x2452 27)) $x2153)))
 (let ((?x1865 (* r00 r00 s)))
 (let ((?x1286 (* 36 ?x1865)))
 (let ((?x828 (+ ?x2280 ?x1875 ?x2747 (* 15 (* s s)) (* (- 216) (* r00 r00 r00 s)) ?x1242 (* (- 4) (* s s s)) (* 108 (* x x)) ?x1643 (* (- 12) (* s00 s s)) (* 108 (* s00 x)) ?x1154 ?x2462 (* 108 (* x00 s)) (* 432 (* r00 r00 r00 x)) (* (- 66) (* s00 s)) (* 108 (* r00 s00 s)) ?x2087 (* (- 216) (* r00 s00 x)) (* 36 (* r00 r00 s s)) ?x2602 (* (- 108) (* x s)) ?x1286 ?x3369 (* (- 108) (* r00 x)) ?x137 ?x1514 ?x1897 (* 54 (* r00 s)) (* (- 216) (* x00 x)) ?x2599)))
 (let (($x834 (= ?x828 0)))
 (let ((?x2947 (* r00 r00 x)))
 (let ((?x3029 (* (- 36) ?x2947)))
 (let ((?x2274 (* r00 s s)))
 (let ((?x3014 (* (- 4) ?x2274)))
 (let ((?x2607 (+ (* 24 (* s r)) ?x2373 (* (- 36) (* r00 x r)) ?x3486 (* (- 3) (* s s)) (* (- 54) (* x r)) (* 6 (* s00 x)) ?x3014 ?x530 (* 6 (* x00 s)) (* (- 12) (* s00 s)) (* 2 (* r00 s00 s)) ?x2986 (* (- 2) (* s s r)) (* (- 6) (* x s)) (* 4 (* s00 s00 r)) ?x1286 ?x965 ?x2308 (* (- 2) (* s00 s r)) (* 36 (* r00 x00 r)) (* (- 54) (* r00 x)) ?x137 ?x1514 (* 54 (* x00 r)) ?x1897 (* (- 24) (* s00 r)) (* 24 (* r00 s)) ?x3029)))
 (let ((?x1936 (* r00 x)))
 (let ((?x2221 (* (- 18) ?x1936)))
 (let ((?x622 (* s s)))
 (let ((?x2202 (* (- 2) ?x622)))
 (let ((?x416 (+ (* 9 (* s r)) ?x600 ?x1248 ?x2202 (* (- 18) (* x r)) (* (- 6) (* r00 s r)) (* 6 ?x1865) ?x669 ?x2221 ?x44 ?x2444 (* 18 (* x00 r)) ?x576 (* (- 9) (* s00 r)) (* (- 2) (* s00 s)) (* 9 (* r00 s)) (* 6 (* r00 s00 r)))))
 (let ((?x43 (* 3 r)))
 (let ((?x2579 (+ (* 2 (* s r)) (* (- 12) (* r00 r00 r)) ?x43 ?x44 ?x576 ?x577 (* 4 (* s00 r)) ?x3380 ?x56 ?x578 ?x547)))
 (let (($x3120 (= (+ s00 ?x355 (* 3 (* r r)) ?x1796) 0)))
 (let (($x2861 (and $x3120 (= ?x2579 0) (= ?x416 0) (= ?x2607 0) $x834 $x3383)))
 (let ((?x143 (* 9 s)))
 (let ((?x1958 (* 36 ?x2551)))
 (let ((?x1074 (* (- 9) s00)))
 (let ((?x1003 (* (- 15) ?x668)))
 (let ((?x977 (* (- 36) ?x964)))
 (let ((?x893 (* 6 ?x892)))
 (let ((?x2000 (* (- 2) ?x2410)))
 (let ((?x937 (* 24 ?x2787)))
 (let ((?x636 (* (- 54) ?x599)))
 (let ((?x3199 (+ (* (- 24) (* (+ 1 r) ?x2954)) ?x636 (* 36 (* r00 (+ 1 r) (+ x ?x355))) ?x937 (* 3 (* ?x2954 ?x2954)) (* 54 (* (+ 1 r) (+ x ?x355))) (* (- 6) (* s00 (+ x ?x355))) (* 4 (* r00 ?x2954 ?x2954)) ?x2000 (* (- 6) (* x00 ?x2954)) (* 12 (* s00 ?x2954)) (* (- 2) (* r00 s00 ?x2954)) ?x893 (* 2 (* (+ 1 r) ?x2954 ?x2954)) (* 6 (* (+ x ?x355) ?x2954)) (* (- 4) (* s00 s00 (+ 1 r))) (* (- 36) ?x1500) ?x977 ?x1003 (* 2 (* s00 (+ 1 r) ?x2954)) (* (- 36) (* r00 x00 (+ 1 r))) (* 54 (* r00 (+ x ?x355))) ?x1074 ?x1958 (* (- 54) (* x00 (+ 1 r))) ?x143 (* 54 r) (* 24 (* s00 (+ 1 r))) (* (- 24) (* r00 ?x2954)) (* 36 (* r00 r00 (+ x ?x355))))))
 (let ((?x47 (* 3 s)))
 (let ((?x2554 (* 6 ?x2551)))
 (let ((?x455 (* (- 3) s00)))
 (let ((?x681 (* (- 4) ?x668)))
 (let ((?x1833 (* 9 ?x2787)))
 (let ((?x613 (* (- 18) ?x599)))
 (let ((?x1827 (+ (* (- 9) (* (+ 1 r) ?x2954)) ?x613 ?x1833 (* 2 (* ?x2954 ?x2954)) (* 18 (* (+ 1 r) (+ x ?x355))) (* 6 (* r00 (+ 1 r) ?x2954)) (* (- 6) ?x1500) ?x681 (* 18 (* r00 (+ x ?x355))) ?x455 ?x2554 (* (- 18) (* x00 (+ 1 r))) ?x47 (* 18 r) (* 9 (* s00 (+ 1 r))) (* 2 (* s00 ?x2954)) (* (- 9) (* r00 ?x2954)) (* (- 6) (* r00 s00 (+ 1 r))))))
 (let ((?x560 (* (- 12) ?x546)))
 (let ((?x59 (* 6 x00)))
 (let ((?x525 (* (- 6) x)))
 (let ((?x2634 (* 6 ?x2787)))
 (let ((?x48 (* 3 r00)))
 (let ((?x3650 (+ (* (- 2) (* (+ 1 r) ?x2954)) (* 12 (* r00 r00 (+ 1 r))) (* 15 r) ?x455 ?x143 ?x48 (* (- 4) (* s00 (+ 1 r))) ?x2634 ?x525 ?x59 ?x560)))
 (let (($x2332 (or $x1148 (not (= ?x3650 (- 6))) (not (= ?x1827 (- 9))) (not (= ?x3199 (- 27))) $x2153)))
 (let ((?x2615 (* (- 36) ?x1865)))
 (let ((?x654 (* 3 ?x622)))
 (let ((?x2468 (+ (* (- 24) (* s r)) ?x636 (* 36 (* r00 x r)) ?x937 ?x654 (* 54 (* x r)) (* (- 6) (* s00 x)) (* 4 ?x2274) ?x2000 (* (- 6) (* x00 s)) (* 12 (* s00 s)) (* (- 2) (* r00 s00 s)) ?x893 (* 2 (* s s r)) (* 6 (* x s)) (* (- 4) (* s00 s00 r)) ?x2615 ?x977 ?x1003 (* 2 (* s00 s r)) (* (- 36) (* r00 x00 r)) (* 54 ?x1936) ?x1074 ?x1958 (* (- 54) (* x00 r)) ?x143 (* 24 (* s00 r)) (* (- 24) (* r00 s)) (* 36 ?x2947))))
 (let ((?x623 (* 2 ?x622)))
 (let ((?x1981 (+ (* (- 9) (* s r)) ?x613 ?x1833 ?x623 (* 18 (* x r)) (* 6 (* r00 s r)) (* (- 6) ?x1865) ?x681 (* 18 ?x1936) ?x455 ?x2554 (* (- 18) (* x00 r)) ?x47 (* 9 (* s00 r)) (* 2 (* s00 s)) (* (- 9) (* r00 s)) (* (- 6) (* r00 s00 r)))))
 (let ((?x2866 (+ (* (- 2) (* s r)) (* 12 (* r00 r00 r)) (* (- 3) r) ?x455 ?x47 ?x48 (* (- 4) (* s00 r)) ?x2634 ?x525 ?x59 ?x560)))
 (let (($x2178 (and $x3120 (= ?x2866 0) (= ?x1981 0) (= ?x2468 0) $x834 $x2332)))
 (rewrite (= $x2178 $x2861))))))))))))))))))))))))))))))))))))))))))))))))))))))))))))))))))))))))))))))))))))))))))))))))))))))))))))))
 ))
 (let (($x352 (exists ((r Int) (s Int) (x Int) )(! (let ((?x208 (* 108 x00 x00)))
 (let ((?x211 (* 6 r)))
 (let ((?x212 (+ s ?x211 3)))
 (let ((?x299 (* 9 ?x212)))
 (let ((?x139 (* 36 r00 r00 s00)))
 (let ((?x137 (* 9 s00)))
 (let ((?x197 (* 51 s00 s00)))
 (let ((?x284 (* 36 r00 r00 ?x212)))
 (let ((?x192 (* 16 s00 s00 s00)))
 (let ((?x186 (* 108 s00 x00)))
 (let ((?x177 (* 216 r00 r00 r00 s00)))
 (let ((?x175 (* 108 r00 s00 s00)))
 (let ((?x169 (* 432 r00 r00 r00 x00)))
 (let ((?x161 (* 36 r00 r00 s00 s00)))
 (let ((?x157 (- (+ (* 216 r00 s00 x00) (* 108 r00 x00)) (* 54 r00 s00))))
 (let ((?x313 (- (- (+ ?x157 (* 15 ?x212 ?x212)) (* 216 r00 r00 r00 ?x212)) ?x161)))
 (let ((?x316 (+ (- ?x313 (* 4 ?x212 ?x212 ?x212)) (* 108 (- x s) (- x s)))))
 (let ((?x321 (+ (- (- ?x316 ?x169) (* 12 ?x212 ?x212 s00)) (* 108 s00 (- x s)))))
 (let ((?x325 (+ (- ?x321 ?x175) ?x177 (* 108 ?x212 x00) (* 432 r00 r00 r00 (- x s)))))
 (let ((?x331 (- (+ (- ?x325 (* 66 ?x212 s00)) (* 108 r00 ?x212 s00)) ?x186)))
 (let ((?x334 (+ (- ?x331 (* 216 r00 s00 (- x s))) (* 36 r00 r00 ?x212 ?x212) ?x192)))
 (let ((?x339 (- (+ (- ?x334 (* 108 ?x212 (- x s))) ?x284 ?x197) (* 108 r00 (- x s)))))
 (let ((?x346 (- (+ (- (- (+ ?x339 ?x137) ?x139) ?x299) (* 54 r00 ?x212)) (* 216 (- x s) x00))))
 (let ((?x126 (* 15 s00 s00)))
 (let ((?x124 (* 36 r00 r00 x00)))
 (let ((?x118 (* 6 s00 x00)))
 (let ((?x110 (* 2 r00 s00 s00)))
 (let ((?x102 (* 24 r00 s00)))
 (let ((?x268 (+ (- (* (- 24) (+ r 1) ?x212) (* 54 r00 x00)) (* 36 (+ r 1) r00 (- x s)) ?x102 (* 3 ?x212 ?x212) (* 54 (+ r 1) (- x s)))))
 (let ((?x272 (+ (- ?x268 (* 6 s00 (- x s))) (* 4 r00 ?x212 ?x212))))
 (let ((?x279 (- (+ (- (- ?x272 ?x110) (* 6 ?x212 x00)) (* 12 ?x212 s00)) (* 2 r00 ?x212 s00))))
 (let ((?x282 (+ ?x279 ?x118 (* 2 (+ r 1) ?x212 ?x212) (* 6 ?x212 (- x s)))))
 (let ((?x288 (- (- (- (- ?x282 (* 4 (+ r 1) s00 s00)) ?x284) ?x124) ?x126)))
 (let ((?x292 (- (+ ?x288 (* 2 (+ r 1) ?x212 s00)) (* 36 (+ r 1) r00 x00))))
 (let ((?x298 (- (+ (- (+ ?x292 (* 54 r00 (- x s))) ?x137) ?x139) (* 54 (+ r 1) x00))))
 (let ((?x303 (- (+ ?x298 ?x299 (* 24 (+ r 1) s00)) (* 24 r00 ?x212))))
 (let ((?x227 (* 3 ?x212)))
 (let ((?x82 (* 6 r00 r00 s00)))
 (let ((?x44 (* 3 s00)))
 (let ((?x76 (* 4 s00 s00)))
 (let ((?x70 (* 9 r00 s00)))
 (let ((?x244 (+ (- (* (- 9) (+ r 1) ?x212) (* 18 r00 x00)) ?x70 (* 2 ?x212 ?x212) (* 18 (+ r 1) (- x s)) (* 6 (+ r 1) r00 ?x212))))
 (let ((?x249 (+ (- (- ?x244 (* 6 r00 r00 ?x212)) ?x76) (* 18 r00 (- x s)))))
 (let ((?x256 (+ (- (+ (- ?x249 ?x44) ?x82) (* 18 (+ r 1) x00)) ?x227 (* 9 (+ r 1) s00) (* 2 ?x212 s00))))
 (let ((?x260 (- (- ?x256 (* 9 r00 ?x212)) (* 6 (+ r 1) r00 s00))))
 (let ((?x61 (* 12 r00 r00 r00)))
 (let ((?x59 (* 6 x00)))
 (let ((?x54 (* 6 r00 s00)))
 (let ((?x48 (* 3 r00)))
 (let ((?x223 (+ (* (- 2) (+ r 1) ?x212) (* 12 (+ r 1) r00 r00))))
 (let ((?x230 (- (+ (- (- ?x223 (* 3 (+ r 1))) ?x44) ?x227 ?x48) (* 4 (+ r 1) s00))))
 (let (($x237 (= (- (+ (- (+ ?x230 ?x54) (* 6 (- x s))) ?x59) ?x61) 0)))
 (let ((?x33 (* 3 r00 r00)))
 (let ((?x218 (- (+ (- s00 ?x212) (* 3 (+ r 1) (+ r 1))) ?x33)))
 (let (($x350 (or (not (= ?x218 0)) (not $x237) (not (= ?x260 0)) (not (= (+ ?x303 (* 36 r00 r00 (- x s))) 0)) (not (= (+ ?x346 ?x208) 0)))))
 (let ((?x143 (* 9 s)))
 (let ((?x123 (* 36 r00 r00 s)))
 (let ((?x164 (- (- (+ ?x157 (* 15 s s)) (* 216 r00 r00 r00 s)) ?x161)))
 (let ((?x172 (- (- (+ (- ?x164 (* 4 s s s)) (* 108 x x)) ?x169) (* 12 s s s00))))
 (let ((?x180 (+ (- (+ ?x172 (* 108 s00 x)) ?x175) ?x177 (* 108 s x00) (* 432 r00 r00 r00 x))))
 (let ((?x188 (- (+ (- ?x180 (* 66 s s00)) (* 108 r00 s s00)) ?x186)))
 (let ((?x193 (+ (- ?x188 (* 216 r00 s00 x)) (* 36 r00 r00 s s) ?x192)))
 (let ((?x200 (- (+ (- ?x193 (* 108 s x)) ?x123 ?x197) (* 108 r00 x))))
 (let ((?x207 (- (+ (- (- (+ ?x200 ?x137) ?x139) ?x143) (* 54 r00 s)) (* 216 x x00))))
 (let ((?x105 (+ (- (* (- 24) r s) (* 54 r00 x00)) (* 36 r r00 x) ?x102 (* 3 s s) (* 54 r x))))
 (let ((?x112 (- (+ (- ?x105 (* 6 s00 x)) (* 4 r00 s s)) ?x110)))
 (let ((?x117 (- (+ (- ?x112 (* 6 s x00)) (* 12 s s00)) (* 2 r00 s s00))))
 (let ((?x127 (- (+ ?x117 ?x118 (* 2 r s s) (* 6 s x)) (* 4 r s00 s00))))
 (let ((?x134 (- (+ (- (- (- ?x127 ?x123) ?x124) ?x126) (* 2 r s s00)) (* 36 r r00 x00))))
 (let ((?x142 (- (+ (- (+ ?x134 (* 54 r00 x)) ?x137) ?x139) (* 54 r x00))))
 (let ((?x149 (+ (- (+ ?x142 ?x143 (* 24 r s00)) (* 24 r00 s)) (* 36 r00 r00 x))))
 (let ((?x47 (* 3 s)))
 (let ((?x74 (+ (- (* (- 9) r s) (* 18 r00 x00)) ?x70 (* 2 s s) (* 18 r x) (* 6 r r00 s))))
 (let ((?x80 (+ (- (- ?x74 (* 6 r00 r00 s)) ?x76) (* 18 r00 x))))
 (let ((?x88 (+ (- (+ (- ?x80 ?x44) ?x82) (* 18 r x00)) ?x47 (* 9 r s00) (* 2 s s00))))
 (let (($x93 (= (- (- ?x88 (* 9 r00 s)) (* 6 r r00 s00)) 0)))
 (let ((?x56 (* 6 x)))
 (let ((?x43 (* 3 r)))
 (let ((?x46 (- (- (+ (* (- 2) r s) (* 12 r r00 r00)) ?x43) ?x44)))
 (let ((?x60 (+ (- (+ (- (+ ?x46 ?x47 ?x48) (* 4 r s00)) ?x54) ?x56) ?x59)))
 (and (= (- (+ (- s00 s) (* 3 r r)) ?x33) 0) (= (- ?x60 ?x61) 0) $x93 (= ?x149 0) (= (+ ?x207 ?x208) 0) $x350))))))))))))))))))))))))))))))))))))))))))))))))))))))))))))))))))))))))))))))))) :qid k!38))
 ))
 (let ((?x2295 (lambda ((r Int) (s Int) (x Int) )(let ((?x1447 (* x00 x00)))
 (let ((?x2599 (* 108 ?x1447)))
 (let ((?x1448 (* (- 54) r)))
 (let ((?x1897 (* (- 9) s)))
 (let ((?x2551 (* r00 r00 s00)))
 (let ((?x1514 (* (- 36) ?x2551)))
 (let ((?x137 (* 9 s00)))
 (let ((?x668 (* s00 s00)))
 (let ((?x3369 (* 51 ?x668)))
 (let ((?x211 (* 6 r)))
 (let ((?x2954 (+ 3 s ?x211)))
 (let ((?x1500 (* r00 r00 ?x2954)))
 (let ((?x1398 (* 36 ?x1500)))
 (let ((?x1285 (* s00 s00 s00)))
 (let ((?x2602 (* 16 ?x1285)))
 (let ((?x892 (* s00 x00)))
 (let ((?x2087 (* (- 108) ?x892)))
 (let ((?x2462 (* 216 (* r00 r00 r00 s00))))
 (let ((?x2410 (* r00 s00 s00)))
 (let ((?x1154 (* (- 108) ?x2410)))
 (let ((?x999 (* r00 r00 r00 x00)))
 (let ((?x1643 (* (- 432) ?x999)))
 (let ((?x1242 (* (- 36) (* r00 r00 s00 s00))))
 (let ((?x2787 (* r00 s00)))
 (let ((?x2747 (* (- 54) ?x2787)))
 (let ((?x599 (* r00 x00)))
 (let ((?x1875 (* 108 ?x599)))
 (let ((?x2280 (* 216 (* r00 s00 x00))))
 (let ((?x2162 (+ ?x2280 ?x1875 ?x2747 (* 15 (* ?x2954 ?x2954)) (* (- 216) (* r00 r00 r00 ?x2954)) ?x1242 (* (- 4) (* ?x2954 ?x2954 ?x2954)) (* 108 (* (+ x (* (- 1) s)) (+ x (* (- 1) s)))) ?x1643 (* (- 12) (* s00 ?x2954 ?x2954)) (* 108 (* s00 (+ x (* (- 1) s)))) ?x1154 ?x2462 (* 108 (* x00 ?x2954)) (* 432 (* r00 r00 r00 (+ x (* (- 1) s)))) (* (- 66) (* s00 ?x2954)) (* 108 (* r00 s00 ?x2954)) ?x2087 (* (- 216) (* r00 s00 (+ x (* (- 1) s)))) (* 36 (* r00 r00 ?x2954 ?x2954)) ?x2602 (* (- 108) (* (+ x (* (- 1) s)) ?x2954)) ?x1398 ?x3369 (* (- 108) (* r00 (+ x (* (- 1) s)))) ?x137 ?x1514 ?x1897 ?x1448 (* 54 (* r00 ?x2954)) (* (- 216) (* x00 (+ x (* (- 1) s)))) ?x2599)))
 (let (($x2153 (not (= ?x2162 27))))
 (let ((?x143 (* 9 s)))
 (let ((?x1958 (* 36 ?x2551)))
 (let ((?x1074 (* (- 9) s00)))
 (let ((?x1003 (* (- 15) ?x668)))
 (let ((?x964 (* r00 r00 x00)))
 (let ((?x977 (* (- 36) ?x964)))
 (let ((?x893 (* 6 ?x892)))
 (let ((?x2000 (* (- 2) ?x2410)))
 (let ((?x937 (* 24 ?x2787)))
 (let ((?x636 (* (- 54) ?x599)))
 (let ((?x3199 (+ (* (- 24) (* (+ 1 r) ?x2954)) ?x636 (* 36 (* r00 (+ 1 r) (+ x (* (- 1) s)))) ?x937 (* 3 (* ?x2954 ?x2954)) (* 54 (* (+ 1 r) (+ x (* (- 1) s)))) (* (- 6) (* s00 (+ x (* (- 1) s)))) (* 4 (* r00 ?x2954 ?x2954)) ?x2000 (* (- 6) (* x00 ?x2954)) (* 12 (* s00 ?x2954)) (* (- 2) (* r00 s00 ?x2954)) ?x893 (* 2 (* (+ 1 r) ?x2954 ?x2954)) (* 6 (* (+ x (* (- 1) s)) ?x2954)) (* (- 4) (* s00 s00 (+ 1 r))) (* (- 36) ?x1500) ?x977 ?x1003 (* 2 (* s00 (+ 1 r) ?x2954)) (* (- 36) (* r00 x00 (+ 1 r))) (* 54 (* r00 (+ x (* (- 1) s)))) ?x1074 ?x1958 (* (- 54) (* x00 (+ 1 r))) ?x143 (* 54 r) (* 24 (* s00 (+ 1 r))) (* (- 24) (* r00 ?x2954)) (* 36 (* r00 r00 (+ x (* (- 1) s)))))))
 (let ((?x47 (* 3 s)))
 (let ((?x2554 (* 6 ?x2551)))
 (let ((?x455 (* (- 3) s00)))
 (let ((?x681 (* (- 4) ?x668)))
 (let ((?x1833 (* 9 ?x2787)))
 (let ((?x613 (* (- 18) ?x599)))
 (let ((?x1827 (+ (* (- 9) (* (+ 1 r) ?x2954)) ?x613 ?x1833 (* 2 (* ?x2954 ?x2954)) (* 18 (* (+ 1 r) (+ x (* (- 1) s)))) (* 6 (* r00 (+ 1 r) ?x2954)) (* (- 6) ?x1500) ?x681 (* 18 (* r00 (+ x (* (- 1) s)))) ?x455 ?x2554 (* (- 18) (* x00 (+ 1 r))) ?x47 (* 18 r) (* 9 (* s00 (+ 1 r))) (* 2 (* s00 ?x2954)) (* (- 9) (* r00 ?x2954)) (* (- 6) (* r00 s00 (+ 1 r))))))
 (let ((?x546 (* r00 r00 r00)))
 (let ((?x560 (* (- 12) ?x546)))
 (let ((?x59 (* 6 x00)))
 (let ((?x525 (* (- 6) x)))
 (let ((?x2634 (* 6 ?x2787)))
 (let ((?x48 (* 3 r00)))
 (let ((?x3650 (+ (* (- 2) (* (+ 1 r) ?x2954)) (* 12 (* r00 r00 (+ 1 r))) (* 15 r) ?x455 ?x143 ?x48 (* (- 4) (* s00 (+ 1 r))) ?x2634 ?x525 ?x59 ?x560)))
 (let ((?x376 (* r00 r00)))
 (let ((?x1796 (* (- 3) ?x376)))
 (let ((?x355 (* (- 1) s)))
 (let ((?x1868 (+ s00 ?x355 (* (- 6) r) (* 3 (* (+ 1 r) (+ 1 r))) ?x1796)))
 (let (($x1148 (not (= ?x1868 3))))
 (let (($x2332 (or $x1148 (not (= ?x3650 (- 6))) (not (= ?x1827 (- 9))) (not (= ?x3199 (- 27))) $x2153)))
 (let ((?x1865 (* r00 r00 s)))
 (let ((?x1286 (* 36 ?x1865)))
 (let ((?x828 (+ ?x2280 ?x1875 ?x2747 (* 15 (* s s)) (* (- 216) (* r00 r00 r00 s)) ?x1242 (* (- 4) (* s s s)) (* 108 (* x x)) ?x1643 (* (- 12) (* s00 s s)) (* 108 (* s00 x)) ?x1154 ?x2462 (* 108 (* x00 s)) (* 432 (* r00 r00 r00 x)) (* (- 66) (* s00 s)) (* 108 (* r00 s00 s)) ?x2087 (* (- 216) (* r00 s00 x)) (* 36 (* r00 r00 s s)) ?x2602 (* (- 108) (* x s)) ?x1286 ?x3369 (* (- 108) (* r00 x)) ?x137 ?x1514 ?x1897 (* 54 (* r00 s)) (* (- 216) (* x00 x)) ?x2599)))
 (let (($x834 (= ?x828 0)))
 (let ((?x2615 (* (- 36) ?x1865)))
 (let ((?x622 (* s s)))
 (let ((?x654 (* 3 ?x622)))
 (let ((?x2468 (+ (* (- 24) (* s r)) ?x636 (* 36 (* r00 x r)) ?x937 ?x654 (* 54 (* x r)) (* (- 6) (* s00 x)) (* 4 (* r00 s s)) ?x2000 (* (- 6) (* x00 s)) (* 12 (* s00 s)) (* (- 2) (* r00 s00 s)) ?x893 (* 2 (* s s r)) (* 6 (* x s)) (* (- 4) (* s00 s00 r)) ?x2615 ?x977 ?x1003 (* 2 (* s00 s r)) (* (- 36) (* r00 x00 r)) (* 54 (* r00 x)) ?x1074 ?x1958 (* (- 54) (* x00 r)) ?x143 (* 24 (* s00 r)) (* (- 24) (* r00 s)) (* 36 (* r00 r00 x)))))
 (let ((?x623 (* 2 ?x622)))
 (let ((?x1981 (+ (* (- 9) (* s r)) ?x613 ?x1833 ?x623 (* 18 (* x r)) (* 6 (* r00 s r)) (* (- 6) ?x1865) ?x681 (* 18 (* r00 x)) ?x455 ?x2554 (* (- 18) (* x00 r)) ?x47 (* 9 (* s00 r)) (* 2 (* s00 s)) (* (- 9) (* r00 s)) (* (- 6) (* r00 s00 r)))))
 (let ((?x2866 (+ (* (- 2) (* s r)) (* 12 (* r00 r00 r)) (* (- 3) r) ?x455 ?x47 ?x48 (* (- 4) (* s00 r)) ?x2634 ?x525 ?x59 ?x560)))
 (let (($x3120 (= (+ s00 ?x355 (* 3 (* r r)) ?x1796) 0)))
 (let (($x2178 (and $x3120 (= ?x2866 0) (= ?x1981 0) (= ?x2468 0) $x834 $x2332)))
 (let ((?x208 (* 108 x00 x00)))
 (let ((?x212 (+ s ?x211 3)))
 (let ((?x299 (* 9 ?x212)))
 (let ((?x139 (* 36 r00 r00 s00)))
 (let ((?x197 (* 51 s00 s00)))
 (let ((?x284 (* 36 r00 r00 ?x212)))
 (let ((?x192 (* 16 s00 s00 s00)))
 (let ((?x186 (* 108 s00 x00)))
 (let ((?x177 (* 216 r00 r00 r00 s00)))
 (let ((?x175 (* 108 r00 s00 s00)))
 (let ((?x169 (* 432 r00 r00 r00 x00)))
 (let ((?x161 (* 36 r00 r00 s00 s00)))
 (let ((?x157 (- (+ (* 216 r00 s00 x00) (* 108 r00 x00)) (* 54 r00 s00))))
 (let ((?x313 (- (- (+ ?x157 (* 15 ?x212 ?x212)) (* 216 r00 r00 r00 ?x212)) ?x161)))
 (let ((?x316 (+ (- ?x313 (* 4 ?x212 ?x212 ?x212)) (* 108 (- x s) (- x s)))))
 (let ((?x321 (+ (- (- ?x316 ?x169) (* 12 ?x212 ?x212 s00)) (* 108 s00 (- x s)))))
 (let ((?x325 (+ (- ?x321 ?x175) ?x177 (* 108 ?x212 x00) (* 432 r00 r00 r00 (- x s)))))
 (let ((?x331 (- (+ (- ?x325 (* 66 ?x212 s00)) (* 108 r00 ?x212 s00)) ?x186)))
 (let ((?x334 (+ (- ?x331 (* 216 r00 s00 (- x s))) (* 36 r00 r00 ?x212 ?x212) ?x192)))
 (let ((?x339 (- (+ (- ?x334 (* 108 ?x212 (- x s))) ?x284 ?x197) (* 108 r00 (- x s)))))
 (let ((?x346 (- (+ (- (- (+ ?x339 ?x137) ?x139) ?x299) (* 54 r00 ?x212)) (* 216 (- x s) x00))))
 (let ((?x126 (* 15 s00 s00)))
 (let ((?x124 (* 36 r00 r00 x00)))
 (let ((?x118 (* 6 s00 x00)))
 (let ((?x110 (* 2 r00 s00 s00)))
 (let ((?x102 (* 24 r00 s00)))
 (let ((?x268 (+ (- (* (- 24) (+ r 1) ?x212) (* 54 r00 x00)) (* 36 (+ r 1) r00 (- x s)) ?x102 (* 3 ?x212 ?x212) (* 54 (+ r 1) (- x s)))))
 (let ((?x272 (+ (- ?x268 (* 6 s00 (- x s))) (* 4 r00 ?x212 ?x212))))
 (let ((?x279 (- (+ (- (- ?x272 ?x110) (* 6 ?x212 x00)) (* 12 ?x212 s00)) (* 2 r00 ?x212 s00))))
 (let ((?x282 (+ ?x279 ?x118 (* 2 (+ r 1) ?x212 ?x212) (* 6 ?x212 (- x s)))))
 (let ((?x288 (- (- (- (- ?x282 (* 4 (+ r 1) s00 s00)) ?x284) ?x124) ?x126)))
 (let ((?x292 (- (+ ?x288 (* 2 (+ r 1) ?x212 s00)) (* 36 (+ r 1) r00 x00))))
 (let ((?x298 (- (+ (- (+ ?x292 (* 54 r00 (- x s))) ?x137) ?x139) (* 54 (+ r 1) x00))))
 (let ((?x303 (- (+ ?x298 ?x299 (* 24 (+ r 1) s00)) (* 24 r00 ?x212))))
 (let ((?x227 (* 3 ?x212)))
 (let ((?x82 (* 6 r00 r00 s00)))
 (let ((?x44 (* 3 s00)))
 (let ((?x76 (* 4 s00 s00)))
 (let ((?x70 (* 9 r00 s00)))
 (let ((?x244 (+ (- (* (- 9) (+ r 1) ?x212) (* 18 r00 x00)) ?x70 (* 2 ?x212 ?x212) (* 18 (+ r 1) (- x s)) (* 6 (+ r 1) r00 ?x212))))
 (let ((?x249 (+ (- (- ?x244 (* 6 r00 r00 ?x212)) ?x76) (* 18 r00 (- x s)))))
 (let ((?x256 (+ (- (+ (- ?x249 ?x44) ?x82) (* 18 (+ r 1) x00)) ?x227 (* 9 (+ r 1) s00) (* 2 ?x212 s00))))
 (let ((?x260 (- (- ?x256 (* 9 r00 ?x212)) (* 6 (+ r 1) r00 s00))))
 (let ((?x61 (* 12 r00 r00 r00)))
 (let ((?x54 (* 6 r00 s00)))
 (let ((?x223 (+ (* (- 2) (+ r 1) ?x212) (* 12 (+ r 1) r00 r00))))
 (let ((?x230 (- (+ (- (- ?x223 (* 3 (+ r 1))) ?x44) ?x227 ?x48) (* 4 (+ r 1) s00))))
 (let (($x237 (= (- (+ (- (+ ?x230 ?x54) (* 6 (- x s))) ?x59) ?x61) 0)))
 (let ((?x33 (* 3 r00 r00)))
 (let ((?x218 (- (+ (- s00 ?x212) (* 3 (+ r 1) (+ r 1))) ?x33)))
 (let (($x350 (or (not (= ?x218 0)) (not $x237) (not (= ?x260 0)) (not (= (+ ?x303 (* 36 r00 r00 (- x s))) 0)) (not (= (+ ?x346 ?x208) 0)))))
 (let ((?x123 (* 36 r00 r00 s)))
 (let ((?x164 (- (- (+ ?x157 (* 15 s s)) (* 216 r00 r00 r00 s)) ?x161)))
 (let ((?x172 (- (- (+ (- ?x164 (* 4 s s s)) (* 108 x x)) ?x169) (* 12 s s s00))))
 (let ((?x180 (+ (- (+ ?x172 (* 108 s00 x)) ?x175) ?x177 (* 108 s x00) (* 432 r00 r00 r00 x))))
 (let ((?x188 (- (+ (- ?x180 (* 66 s s00)) (* 108 r00 s s00)) ?x186)))
 (let ((?x193 (+ (- ?x188 (* 216 r00 s00 x)) (* 36 r00 r00 s s) ?x192)))
 (let ((?x200 (- (+ (- ?x193 (* 108 s x)) ?x123 ?x197) (* 108 r00 x))))
 (let ((?x207 (- (+ (- (- (+ ?x200 ?x137) ?x139) ?x143) (* 54 r00 s)) (* 216 x x00))))
 (let ((?x105 (+ (- (* (- 24) r s) (* 54 r00 x00)) (* 36 r r00 x) ?x102 (* 3 s s) (* 54 r x))))
 (let ((?x112 (- (+ (- ?x105 (* 6 s00 x)) (* 4 r00 s s)) ?x110)))
 (let ((?x117 (- (+ (- ?x112 (* 6 s x00)) (* 12 s s00)) (* 2 r00 s s00))))
 (let ((?x127 (- (+ ?x117 ?x118 (* 2 r s s) (* 6 s x)) (* 4 r s00 s00))))
 (let ((?x134 (- (+ (- (- (- ?x127 ?x123) ?x124) ?x126) (* 2 r s s00)) (* 36 r r00 x00))))
 (let ((?x142 (- (+ (- (+ ?x134 (* 54 r00 x)) ?x137) ?x139) (* 54 r x00))))
 (let ((?x149 (+ (- (+ ?x142 ?x143 (* 24 r s00)) (* 24 r00 s)) (* 36 r00 r00 x))))
 (let ((?x74 (+ (- (* (- 9) r s) (* 18 r00 x00)) ?x70 (* 2 s s) (* 18 r x) (* 6 r r00 s))))
 (let ((?x80 (+ (- (- ?x74 (* 6 r00 r00 s)) ?x76) (* 18 r00 x))))
 (let ((?x88 (+ (- (+ (- ?x80 ?x44) ?x82) (* 18 r x00)) ?x47 (* 9 r s00) (* 2 s s00))))
 (let (($x93 (= (- (- ?x88 (* 9 r00 s)) (* 6 r r00 s00)) 0)))
 (let ((?x56 (* 6 x)))
 (let ((?x43 (* 3 r)))
 (let ((?x46 (- (- (+ (* (- 2) r s) (* 12 r r00 r00)) ?x43) ?x44)))
 (let ((?x60 (+ (- (+ (- (+ ?x46 ?x47 ?x48) (* 4 r s00)) ?x54) ?x56) ?x59)))
 (let (($x351 (and (= (- (+ (- s00 s) (* 3 r r)) ?x33) 0) (= (- ?x60 ?x61) 0) $x93 (= ?x149 0) (= (+ ?x207 ?x208) 0) $x350)))
 (rewrite (= $x351 $x2178))))))))))))))))))))))))))))))))))))))))))))))))))))))))))))))))))))))))))))))))))))))))))))))))))))))))))))))))))))))))))))))))))))))))))))))))))))))))
 ))
 (let ((@x353 (asserted $x352)))
 (let ((@x907 (mp (mp @x353 (quant-intro (proof-bind ?x2295) (= $x352 $x2338)) $x2338) (rewrite (= $x2338 $x2338)) $x2338)))
 (let ((@x967 (mp (mp @x907 (quant-intro (proof-bind ?x812) (= $x2338 $x1144)) $x1144) (quant-intro (proof-bind ?x1499) (= $x1144 $x2806)) $x2806)))
 (let ((@x981 (mp (mp~ @x967 (sk (~ $x2806 $x1437)) $x1437) (rewrite (= $x1437 $x1078)) $x1078)))
 (let ((@x1777 (and-elim @x981 $x1385)))
 (let ((@x1652 (unit-resolution ((_ th-lemma arith triangle-eq) (or (not $x1385) $x1752)) @x1777 $x1752)))
 (let (($x1761 (>= ?x2524 0)))
 (let ((@x2385 (unit-resolution ((_ th-lemma arith triangle-eq) (or (not $x1385) $x1761)) @x1777 $x1761)))
 (let (($x2485 (<= ?x1669 0)))
 (let ((@x2292 (and-elim @x981 $x675)))
 (let ((@x2523 (unit-resolution ((_ th-lemma arith triangle-eq) (or $x1219 $x2485)) @x2292 $x2485)))
 (let (($x3119 (>= ?x1669 0)))
 (let ((@x2819 (unit-resolution ((_ th-lemma arith triangle-eq) (or $x1219 $x3119)) @x2292 $x3119)))
 (let (($x519 (<= ?x2430 0)))
 (let ((@x3581 (and-elim @x981 $x3246)))
 (let ((@x3473 (unit-resolution ((_ th-lemma arith triangle-eq) (or (not $x3246) $x519)) @x3581 $x519)))
 (let (($x2296 (>= ?x2430 0)))
 (let ((@x2597 (unit-resolution ((_ th-lemma arith triangle-eq) (or (not $x3246) $x2296)) @x3581 $x2296)))
 (let (($x3426 (<= ?x2720 0)))
 (let ((@x3582 (and-elim @x981 $x2726)))
 (let ((@x801 (unit-resolution ((_ th-lemma arith triangle-eq) (or (not $x2726) $x3426)) @x3582 $x3426)))
 (let (($x2139 (>= ?x2720 0)))
 (let ((@x3637 (unit-resolution ((_ th-lemma arith triangle-eq) (or (not $x2726) $x2139)) @x3582 $x2139)))
 (let (($x916 (<= ?x563 0)))
 (let (($x2915 (<= ?x1083 0)))
 (let (($x1654 (<= ?x3522 0)))
 (let ((@x3583 (and-elim @x981 $x3564)))
 (let ((@x2590 (unit-resolution ((_ th-lemma arith triangle-eq) (or (not $x3564) $x1654)) @x3583 $x1654)))
 (let (($x2490 (>= ?x3522 0)))
 (let ((@x1309 (unit-resolution ((_ th-lemma arith triangle-eq) (or (not $x3564) $x2490)) @x3583 $x2490)))
 (let ((@x1964 ((_ th-lemma arith) (hypothesis (not $x2915)) @x2819 @x2523 @x1309 @x2590 @x2597 @x3473 @x2819 @x2523 @x2597 @x3473 @x3637 @x801 @x1309 @x2590 @x2819 @x2523 @x2597 @x3473 @x3637 @x801 @x1309 @x2590 @x2597 @x3473 @x3637 @x801 @x2819 @x2523 @x2819 @x2523 @x2385 @x1652 false)))
 (let ((@x1361 (lemma @x1964 $x2915)))
 (let (($x2916 (>= ?x1083 0)))
 (let ((@x1576 ((_ th-lemma arith) (hypothesis (not $x2916)) @x2819 @x2523 @x1309 @x2590 @x2597 @x3473 @x2819 @x2523 @x2597 @x3473 @x3637 @x801 @x1309 @x2590 @x2819 @x2523 @x2597 @x3473 @x3637 @x801 @x1309 @x2590 @x2597 @x3473 @x3637 @x801 @x2819 @x2523 @x2819 @x2523 @x2385 @x1652 false)))
 (let ((@x1965 (lemma @x1576 $x2916)))
 (let ((@x2913 ((_ th-lemma arith) (hypothesis (not $x916)) @x2819 @x2523 @x3637 @x801 @x2597 @x3473 @x2819 @x2523 @x1309 @x2590 @x1309 @x2590 @x2819 @x2523 @x2597 @x3473 @x3637 @x801 @x2597 @x3473 @x1965 @x1361 @x2819 @x2523 false)))
 (let ((@x3166 (lemma @x2913 $x916)))
 (let (($x3356 (>= ?x563 0)))
 (let ((@x1725 ((_ th-lemma arith) (hypothesis (not $x3356)) @x2819 @x2523 @x3637 @x801 @x2597 @x3473 @x2819 @x2523 @x1309 @x2590 @x1309 @x2590 @x2819 @x2523 @x2597 @x3473 @x3637 @x801 @x2597 @x3473 @x1965 @x1361 @x2819 @x2523 false)))
 (let ((@x2188 (lemma @x1725 $x3356)))
 (let (($x2402 (not (<= ?x2396 0))))
 (let ((@x1112 (unit-resolution ((_ th-lemma arith triangle-eq) (or $x2072 (not $x916) (not $x3356))) @x2188 (or $x2072 (not $x916)))))
 (let ((@x548 (unit-resolution ((_ th-lemma arith triangle-eq) (or $x983 (not $x2915) (not $x2916))) @x1361 @x1965 $x983)))
 (let ((@x3535 (unit-resolution (hypothesis $x2671) ((_ th-lemma arith eq-propagate -4 -4 -1 -1) @x2819 @x2523 @x2385 @x1652 $x2789) false)))
 (let ((@x1098 (unit-resolution (unit-resolution (and-elim @x981 $x2431) @x2292 (or $x2671 $x3659 $x1705 $x1093)) (lemma @x3535 $x2789) @x548 (or $x1705 $x1093))))
 (let (($x3537 (>= ?x2396 0)))
 (let ((@x2920 ((_ th-lemma arith) (hypothesis (not $x3537)) @x2819 @x2523 @x2597 @x3473 @x2597 @x3473 @x2819 @x2523 @x1309 @x2590 @x1309 @x2590 @x2819 @x2523 @x2597 @x3473 @x3637 @x801 @x1309 @x2590 @x3637 @x801 @x3637 @x801 @x2819 @x2523 @x1965 @x1361 @x1309 @x2590 @x2188 @x3166 @x2597 @x3473 @x3637 @x801 @x2385 @x1652 @x2819 @x2523 @x2597 @x3473 @x2819 @x2523 @x2385 @x1652 false)))
 (let ((@x2574 (unit-resolution ((_ th-lemma arith triangle-eq) (or $x985 $x2402 (not $x3537))) (lemma @x2920 $x3537) (unit-resolution @x1098 (unit-resolution @x1112 @x3166 $x2072) $x1093) $x2402)))
 ((_ th-lemma arith) @x2574 @x2819 @x2523 @x2597 @x3473 @x2597 @x3473 @x2819 @x2523 @x1309 @x2590 @x1309 @x2590 @x2819 @x2523 @x2597 @x3473 @x3637 @x801 @x1309 @x2590 @x3637 @x801 @x3637 @x801 @x2819 @x2523 @x1965 @x1361 @x1309 @x2590 @x2188 @x3166 @x2597 @x3473 @x3637 @x801 @x2385 @x1652 @x2819 @x2523 @x2597 @x3473 @x2819 @x2523 @x2385 @x1652 false)))))))))))))))))))))))))))))))))))))))))))))))))))))))))))))))))))))))))))))))))))))))))))))))))))))))))))))))))))))))))))))))))))))))))))))))))))))))))))))))))))))))))))))))))))))))))))))))))))))))))))))))))))))))))))))))))))))))))))))))))))))))))))))))))))))))))))

(:added-eqs                 9
 :arith-assert-diseq        7
 :arith-assert-lower        71
 :arith-assert-upper        18
 :arith-conflicts           6
 :arith-eq-adapter          9
 :arith-fixed-eqs           1
 :arith-gcd-tests           15
 :arith-grobner             6
 :arith-max-min             1535
 :arith-nonlinear-bounds    59
 :arith-nonlinear-horner    43
 :arith-num-rows            9
 :arith-patches             13
 :arith-patches_succ        13
 :arith-pivots              8
 :arith-row-summations      28
 :arith-tableau-max-columns 138
 :arith-tableau-max-rows    9
 :conflicts                 7
 :decisions                 17
 :del-clause                25
 :final-checks              13
 :max-memory                4.47
 :memory                    3.55
 :mk-bool-var               33
 :mk-clause                 32
 :num-allocs                4204341
 :num-checks                1
 :propagations              41
 :rlimit-count              70965
 :time                      0.06
 :total-time                0.08)
