unsat
((set-logic NIA)
(declare-fun s!1 () Int)
(declare-fun r!2 () Int)
(declare-fun x!0 () Int)
(proof
(let ((?x386 (* r00 r00)))
 (let ((?x2270 (* (- 3) ?x386)))
 (let ((?x4163 (+ s00 ?x2270 (* 3 (* r!2 r!2)) (* (- 1) s!1))))
 (let (($x3710 (<= ?x4163 0)))
 (let (($x2438 (= ?x4163 0)))
 (let ((?x3302 (* 9 r!2)))
 (let ((?x4063 (* (- 12) s!1)))
 (let ((?x1739 (* s!1 s!1)))
 (let ((?x1699 (* 2 ?x1739)))
 (let ((?x4064 (* 18 x!0)))
 (let ((?x1520 (* r!2 r!2)))
 (let ((?x2498 (* 18 ?x1520)))
 (let ((?x734 (* s00 r00 r00)))
 (let ((?x735 (* 6 ?x734)))
 (let ((?x678 (* s00 s00)))
 (let ((?x691 (* (- 4) ?x678)))
 (let ((?x609 (* r00 x00)))
 (let ((?x623 (* (- 18) ?x609)))
 (let ((?x513 (* s00 r00)))
 (let ((?x2175 (* 3 ?x513)))
 (let ((?x1897 (* (- 18) ?x386)))
 (let ((?x2016 (* (- 18) x00)))
 (let ((?x3001 (* (- 9) r00)))
 (let ((?x2073 (* 12 s00)))
 (let ((?x1828 (+ ?x2073 ?x3001 ?x2016 ?x1897 ?x2175 ?x623 ?x691 ?x735 ?x2498 ?x4064 (* 18 (* x!0 r!2)) ?x1699 (* 36 (* r00 r!2 r!2)) (* (- 18) (* x00 r!2)) (* (- 36) (* r00 r00 r!2)) (* 21 (* s00 r!2)) (* (- 3) (* s!1 r!2)) (* (- 21) (* r00 s!1)) (* 2 (* s00 s!1)) (* 6 (* r00 s!1 r!2)) ?x4063 (* (- 6) (* s00 r00 r!2)) ?x3302 (* (- 6) (* r00 r00 s!1)) (* 18 (* r00 x!0)))))
 (let ((?x3313 (* x!0 x!0)))
 (let ((?x1017 (* (- 3) ?x3313)))
 (let ((?x3104 (* s!1 s!1 s!1)))
 (let ((?x4001 (* 3 ?x3104)))
 (let ((?x3504 (* 54 s!1)))
 (let ((?x944 (* 24 ?x1739)))
 (let ((?x838 (* (- 54) x!0)))
 (let ((?x2904 (+ 10 (* 270 (* s!1 r!2 r!2)) (* 108 (* s!1 r!2 r!2 r!2)) (* (- 51) (* x!0 s!1 r!2)) (* (- 3) (* x!0 s!1 s!1)) ?x838 (* (- 270) (* x!0 r!2 r!2)) (* (- 6) (* x!0 x!0 r!2)) (* (- 3) (* x!0 x!0 r!2 r!2)) (* (- 30) (* x!0 s!1 r!2 r!2)) (* (- 216) (* x!0 r!2)) ?x944 (* 216 (* s!1 r!2)) (* 33 (* s!1 s!1 r!2 r!2)) (* (- 21) (* x!0 s!1)) (* 57 (* s!1 s!1 r!2)) ?x3504 ?x4001 (* (- 108) (* x!0 r!2 r!2 r!2)) ?x1017 (* 3 (* s!1 s!1 s!1 r!2)) (* (- 3) (* x!0 s!1 s!1 r!2)))))
 (let ((?x4172 (* ?x2904 ?x1828)))
 (let (($x2711 (= ?x4172 0)))
 (let (($x3553 (not $x2711)))
 (let ((?x1259 (* 162 r!2)))
 (let ((?x1538 (* (- 108) ?x3313)))
 (let ((?x3310 (* 4 ?x3104)))
 (let ((?x1260 (* (- 297) s!1)))
 (let ((?x2413 (* r!2 r!2 r!2)))
 (let ((?x1743 (* 864 ?x2413)))
 (let ((?x2246 (* (- 195) ?x1739)))
 (let ((?x1261 (* 324 x!0)))
 (let ((?x2928 (* 756 ?x1520)))
 (let ((?x1457 (* x00 x00)))
 (let ((?x1487 (* (- 108) ?x1457)))
 (let ((?x1295 (* s00 s00 s00)))
 (let ((?x1486 (* (- 16) ?x1295)))
 (let ((?x1183 (* s00 r00 r00 r00)))
 (let ((?x1482 (* (- 216) ?x1183)))
 (let ((?x1009 (* r00 r00 r00 x00)))
 (let ((?x1010 (* 432 ?x1009)))
 (let ((?x902 (* s00 x00)))
 (let ((?x1240 (* 108 ?x902)))
 (let ((?x866 (* s00 s00 r00 r00)))
 (let ((?x867 (* 36 ?x866)))
 (let ((?x779 (* s00 s00 r00)))
 (let ((?x1137 (* 108 ?x779)))
 (let ((?x1097 (* 36 ?x734)))
 (let ((?x1476 (* (- 51) ?x678)))
 (let ((?x1473 (* (- 108) ?x609)))
 (let ((?x605 (* s00 r00 x00)))
 (let ((?x1472 (* (- 216) ?x605)))
 (let ((?x556 (* r00 r00 r00)))
 (let ((?x4014 (* 648 ?x556)))
 (let ((?x2967 (* (- 270) ?x513)))
 (let ((?x2961 (* (- 432) ?x386)))
 (let ((?x4008 (* (- 324) x00)))
 (let ((?x2954 (* (- 162) r00)))
 (let ((?x4007 (* 297 s00)))
 (let ((?x3613 (+ ?x4007 ?x2954 ?x4008 ?x2961 (* 432 (* s!1 r!2 r!2)) (* 432 (* s00 r!2 r!2)) ?x2967 ?x4014 (* 144 (* s00 s!1 r!2)) ?x1472 ?x1473 (* (- 432) (* r00 r00 s!1 r!2)) ?x1476 ?x1097 ?x1137 ?x867 ?x1240 ?x1010 ?x1482 ?x1486 (* 1296 (* r00 r00 r00 r!2)) ?x1487 ?x2928 ?x1261 (* (- 324) (* r00 r!2)) (* 648 (* x!0 r!2)) ?x2246 (* (- 108) (* s00 x!0)) (* (- 648) (* x00 r!2)) (* (- 1512) (* r00 r00 r!2)) (* 828 (* s00 r!2)) (* (- 396) (* s!1 r!2)) (* (- 162) (* r00 s!1)) ?x1743 (* (- 324) (* s00 r00 s!1)) (* 246 (* s00 s!1)) (* 12 (* s00 s!1 s!1)) (* (- 432) (* r00 r00 r00 x!0)) (* 324 (* x!0 s!1)) (* (- 324) (* x00 s!1)) (* 72 (* s!1 s!1 r!2)) ?x1260 ?x3310 (* (- 648) (* s00 r00 r!2)) ?x1538 (* 216 (* s00 r00 x!0)) ?x1259 (* (- 1296) (* r00 r00 r!2 r!2)) (* 648 (* r00 r00 r00 s!1)) (* (- 36) (* r00 r00 s!1 s!1)) (* 216 (* x00 x!0)) (* (- 252) (* r00 r00 s!1)) (* 108 (* r00 x!0)))))
 (let (($x3617 (= ?x3613 0)))
 (let (($x1573 (not $x3617)))
 (let ((?x1791 (* 36 r!2)))
 (let ((?x1797 (* (- 57) s!1)))
 (let ((?x2551 (* 72 ?x2413)))
 (let ((?x1126 (* (- 1) ?x1739)))
 (let ((?x1807 (* 72 x!0)))
 (let ((?x1827 (* 108 ?x1520)))
 (let ((?x974 (* r00 r00 x00)))
 (let ((?x987 (* (- 36) ?x974)))
 (let ((?x903 (* 6 ?x902)))
 (let ((?x797 (* (- 2) ?x779)))
 (let ((?x449 (* (- 19) ?x678)))
 (let ((?x444 (* (- 90) ?x609)))
 (let ((?x428 (* 18 ?x513)))
 (let ((?x1549 (* (- 108) ?x386)))
 (let ((?x1050 (* (- 72) x00)))
 (let ((?x2915 (* (- 36) r00)))
 (let ((?x1049 (* 57 s00)))
 (let ((?x760 (+ ?x1049 ?x2915 ?x1050 ?x1549 (* 24 (* s!1 r!2 r!2)) (* 12 (* s00 r!2 r!2)) ?x428 (* 2 (* s00 s!1 r!2)) (* 36 (* r00 r00 x!0)) ?x444 ?x449 ?x1097 ?x797 (* (- 4) (* s00 s00 r!2)) ?x903 ?x987 (* 36 (* r00 x!0 r!2)) ?x1827 ?x1807 (* 90 (* x!0 r!2)) ?x1126 (* (- 6) (* s00 x!0)) (* 144 (* r00 r!2 r!2)) (* (- 90) (* x00 r!2)) (* (- 216) (* r00 r00 r!2)) (* 114 (* s00 r!2)) (* (- 42) (* s!1 r!2)) (* (- 90) (* r00 s!1)) ?x2551 (* (- 2) (* s00 r00 s!1)) (* 20 (* s00 s!1)) (* 6 (* x!0 s!1)) (* (- 6) (* x00 s!1)) (* 12 (* r00 s!1 r!2)) (* 2 (* s!1 s!1 r!2)) ?x1797 (* (- 12) (* s00 r00 r!2)) ?x1791 (* (- 36) (* r00 x00 r!2)) (* 4 (* r00 s!1 s!1)) (* (- 72) (* r00 r00 s!1)) (* 90 (* r00 x!0)))))
 (let (($x1571 (= ?x760 0)))
 (let (($x694 (not $x1571)))
 (let (($x1834 (= ?x1828 0)))
 (let (($x693 (not $x1834)))
 (let ((?x536 (* 3 r!2)))
 (let ((?x2683 (* (- 7) s!1)))
 (let ((?x2191 (* s!1 r!2)))
 (let ((?x2139 (* 2 ?x2191)))
 (let ((?x2183 (* s00 r!2)))
 (let ((?x2196 (* 4 ?x2183)))
 (let ((?x2141 (* r00 r00 r!2)))
 (let ((?x2162 (* (- 12) ?x2141)))
 (let ((?x3945 (* 6 x!0)))
 (let ((?x642 (* 12 ?x1520)))
 (let ((?x557 (* 12 ?x556)))
 (let ((?x591 (* (- 6) ?x513)))
 (let ((?x2762 (* (- 12) ?x386)))
 (let ((?x588 (* (- 6) x00)))
 (let ((?x587 (* (- 3) r00)))
 (let ((?x2585 (* 7 s00)))
 (let ((?x1298 (+ ?x2585 ?x587 ?x588 ?x2762 ?x591 ?x557 ?x642 ?x3945 ?x2162 ?x2196 ?x2139 ?x2683 ?x536)))
 (let (($x2633 (= ?x1298 0)))
 (let (($x952 (not $x2633)))
 (let (($x951 (not $x2438)))
 (let (($x1076 (or $x951 $x952 $x693 $x694 $x1573 $x3553)))
 (let ((?x4187 (* r00 r00 s!1)))
 (let ((?x3355 (* 36 ?x4187)))
 (let ((?x1329 (* (- 9) s!1)))
 (let ((?x1615 (* 108 ?x1457)))
 (let ((?x2367 (* 16 ?x1295)))
 (let ((?x3028 (* (- 432) ?x1009)))
 (let ((?x3562 (* (- 108) ?x902)))
 (let ((?x1385 (* (- 36) ?x734)))
 (let ((?x3493 (* 51 ?x678)))
 (let ((?x1891 (* 108 ?x609)))
 (let ((?x137 (* 9 s00)))
 (let ((?x971 (+ ?x137 (* (- 54) ?x513) (* 216 ?x605) ?x1891 ?x3493 ?x1385 (* (- 108) ?x779) (* (- 36) ?x866) ?x3562 ?x3028 (* 216 ?x1183) ?x2367 ?x1615 (* 15 ?x1739) (* 108 (* s00 x!0)) (* 54 (* r00 s!1)) (* 108 (* s00 r00 s!1)) (* (- 66) (* s00 s!1)) (* (- 12) (* s00 s!1 s!1)) (* 432 (* r00 r00 r00 x!0)) (* (- 108) (* x!0 s!1)) (* 108 (* x00 s!1)) ?x1329 (* (- 4) ?x3104) (* 108 ?x3313) (* (- 216) (* s00 r00 x!0)) (* (- 216) (* r00 r00 r00 s!1)) (* 36 (* r00 r00 s!1 s!1)) (* (- 216) (* x00 x!0)) ?x3355 (* (- 108) (* r00 x!0)))))
 (let (($x965 (= ?x971 0)))
 (let ((?x975 (* 36 ?x974)))
 (let ((?x3176 (* (- 6) ?x902)))
 (let ((?x780 (* 2 ?x779)))
 (let ((?x1534 (* 15 ?x678)))
 (let ((?x703 (* 54 ?x609)))
 (let ((?x3363 (+ ?x137 (* (- 24) ?x513) (* (- 2) (* s00 s!1 r!2)) (* (- 36) (* r00 r00 x!0)) ?x703 ?x1534 ?x1385 ?x780 (* 4 (* s00 s00 r!2)) ?x3176 ?x975 (* (- 36) (* r00 x!0 r!2)) (* (- 54) (* x!0 r!2)) (* (- 3) ?x1739) (* 6 (* s00 x!0)) (* 54 (* x00 r!2)) (* (- 24) ?x2183) (* 24 ?x2191) (* 24 (* r00 s!1)) (* 2 (* s00 r00 s!1)) (* (- 12) (* s00 s!1)) (* (- 6) (* x!0 s!1)) (* 6 (* x00 s!1)) (* (- 2) (* s!1 s!1 r!2)) ?x1329 (* 36 (* r00 x00 r!2)) (* (- 4) (* r00 s!1 s!1)) ?x3355 (* (- 54) (* r00 x!0)))))
 (let (($x3356 (= ?x3363 0)))
 (let ((?x3944 (* (- 3) s!1)))
 (let ((?x2214 (* (- 6) ?x734)))
 (let ((?x679 (* 4 ?x678)))
 (let ((?x610 (* 18 ?x609)))
 (let ((?x44 (* 3 s00)))
 (let ((?x2560 (+ ?x44 (* (- 9) ?x513) ?x610 ?x679 ?x2214 (* (- 18) (* x!0 r!2)) (* (- 2) ?x1739) (* 18 (* x00 r!2)) (* (- 9) ?x2183) (* 9 ?x2191) (* 9 (* r00 s!1)) (* (- 2) (* s00 s!1)) (* (- 6) (* r00 s!1 r!2)) ?x3944 (* 6 (* s00 r00 r!2)) (* 6 ?x4187) (* (- 18) (* r00 x!0)))))
 (let (($x2565 (= ?x2560 0)))
 (let ((?x2288 (+ ?x44 ?x587 ?x588 ?x591 ?x557 ?x3945 ?x2162 ?x2196 ?x2139 ?x3944 ?x536)))
 (let (($x3474 (= ?x2288 0)))
 (let (($x3694 (and $x2438 $x3474 $x2565 $x3356 $x965 $x1076)))
 (let ((?x3530 (* r!2 s00 r00)))
 (let ((?x858 (* (- 6) ?x3530)))
 (let ((?x1527 (* s!1 s00)))
 (let ((?x1936 (* 2 ?x1527)))
 (let ((?x1938 (* r!2 x00)))
 (let ((?x3098 (* (- 18) ?x1938)))
 (let ((?x1932 (* x!0 r00)))
 (let ((?x1935 (* 18 ?x1932)))
 (let ((?x1926 (* s!1 r00 r00)))
 (let ((?x1931 (* (- 6) ?x1926)))
 (let ((?x1711 (* r!2 s!1 r00)))
 (let ((?x690 (* 6 ?x1711)))
 (let ((?x1700 (* r!2 x!0)))
 (let ((?x1709 (* 18 ?x1700)))
 (let ((?x1745 (+ ?x3302 ?x4063 ?x4064 ?x2073 ?x3001 ?x2016 ?x2498 ?x1897 (* (- 3) (* r!2 s!1)) (* (- 36) (* r!2 r00 r00)) (* 21 (* r!2 s00)) ?x2175 ?x623 ?x1699 ?x1709 ?x690 ?x1931 ?x691 ?x1935 ?x735 ?x3098 ?x1936 (* (- 21) (* s!1 r00)) ?x858 (* 36 (* r!2 r!2 r00)))))
 (let ((?x2537 (+ 10 ?x3504 ?x838 (* 216 (* r!2 s!1)) ?x944 (* (- 216) ?x1700) (* 57 (* r!2 s!1 s!1)) (* (- 21) (* s!1 x!0)) ?x4001 ?x1017 (* (- 51) (* r!2 s!1 x!0)) (* 270 (* r!2 r!2 s!1)) (* (- 270) (* r!2 r!2 x!0)) (* (- 6) (* r!2 x!0 x!0)) (* (- 3) (* r!2 r!2 x!0 x!0)) (* 33 (* r!2 r!2 s!1 s!1)) (* (- 30) (* r!2 r!2 s!1 x!0)) (* (- 3) (* s!1 s!1 x!0)) (* (- 3) (* r!2 s!1 s!1 x!0)) (* 108 (* r!2 r!2 r!2 s!1)) (* 3 (* r!2 s!1 s!1 s!1)) (* (- 108) (* r!2 r!2 r!2 x!0)))))
 (let ((?x2539 (* 216 (* x!0 x00))))
 (let ((?x2923 (* (- 36) (* s!1 s!1 r00 r00))))
 (let ((?x2903 (* 216 (* x!0 s00 r00))))
 (let ((?x1724 (* (- 432) (* x!0 r00 r00 r00))))
 (let ((?x4199 (* 12 (* s!1 s!1 s00))))
 (let ((?x3266 (* x!0 s00)))
 (let ((?x3412 (* (- 108) ?x3266)))
 (let ((?x3567 (* 108 ?x1932)))
 (let ((?x2788 (+ ?x1259 ?x1260 ?x1261 ?x4007 ?x2954 ?x4008 ?x2928 ?x2961 (* (- 396) (* r!2 s!1)) (* (- 1512) (* r!2 r00 r00)) (* 828 (* r!2 s00)) ?x2967 ?x4014 ?x1472 ?x1473 ?x2246 (* 648 ?x1700) (* (- 252) ?x1926) ?x1476 ?x3567 ?x3412 ?x1097 (* (- 648) ?x1938) (* 648 (* s!1 r00 r00 r00)) (* 246 ?x1527) ?x1137 (* (- 162) (* s!1 r00)) (* (- 648) ?x3530) (* (- 324) (* s!1 x00)) ?x867 (* (- 324) (* s!1 s00 r00)) ?x1240 (* 72 (* r!2 s!1 s!1)) (* 324 (* s!1 x!0)) ?x3310 ?x1538 ?x1010 (* 144 (* r!2 s!1 s00)) ?x4199 ?x1482 ?x1724 ?x2903 ?x2923 ?x1486 ?x2539 ?x1487 (* (- 432) (* r!2 s!1 r00 r00)) (* (- 324) (* r!2 r00)) (* (- 1296) (* r!2 r!2 r00 r00)) (* 1296 (* r!2 r00 r00 r00)) ?x1743 (* 432 (* r!2 r!2 s!1)) (* 432 (* r!2 r!2 s00)))))
 (let ((?x3564 (* 36 (* x!0 r00 r00))))
 (let ((?x644 (* (- 36) (* r!2 r00 x00))))
 (let ((?x1601 (* r!2 s!1 s00)))
 (let ((?x1614 (* 2 ?x1601)))
 (let ((?x1600 (* (- 4) (* r!2 s00 s00))))
 (let ((?x2533 (* s!1 x!0)))
 (let ((?x2553 (* 6 ?x2533)))
 (let ((?x2490 (* r!2 s!1 s!1)))
 (let ((?x2525 (* 2 ?x2490)))
 (let ((?x2431 (* s!1 s00 r00)))
 (let ((?x2374 (* (- 2) ?x2431)))
 (let ((?x850 (* s!1 x00)))
 (let ((?x2430 (* (- 6) ?x850)))
 (let ((?x3245 (* 4 (* s!1 s!1 r00))))
 (let ((?x4285 (* (- 6) ?x3266)))
 (let ((?x3258 (* 36 (* r!2 x!0 r00))))
 (let ((?x4121 (+ ?x1791 ?x1797 ?x1807 ?x1049 ?x2915 ?x1050 ?x1827 ?x1549 (* (- 42) (* r!2 s!1)) (* (- 216) (* r!2 r00 r00)) (* 114 (* r!2 s00)) ?x428 ?x444 ?x1126 (* 90 ?x1700) (* 12 ?x1711) (* (- 72) ?x1926) ?x3258 ?x449 (* 90 ?x1932) ?x4285 ?x1097 (* (- 90) ?x1938) ?x3245 (* 20 ?x1527) ?x797 (* (- 90) (* s!1 r00)) (* (- 12) ?x3530) ?x2430 ?x2374 ?x903 ?x2525 ?x2553 ?x1600 ?x987 ?x1614 ?x644 ?x3564 ?x2551 (* 24 (* r!2 r!2 s!1)) (* 12 (* r!2 r!2 s00)) (* 144 (* r!2 r!2 r00)))))
 (let ((?x988 (* r!2 s00)))
 (let ((?x1990 (* 4 ?x988)))
 (let ((?x3959 (* r!2 r00 r00)))
 (let ((?x3119 (* (- 12) ?x3959)))
 (let ((?x537 (* r!2 s!1)))
 (let ((?x3951 (* 2 ?x537)))
 (let ((?x3388 (+ ?x536 ?x2683 ?x3945 ?x2585 ?x587 ?x588 ?x642 ?x2762 ?x3951 ?x3119 ?x1990 ?x591 ?x557)))
 (let (($x3525 (= (+ s!1 (* (- 1) s00) (* (- 3) ?x1520) (* 3 ?x386)) 0)))
 (let (($x1185 (or (not $x3525) (not (= ?x3388 0)) (not (= ?x1745 0)) (not (= ?x4121 0)) (not (= ?x2788 0)) (not (= (* ?x2537 ?x1745) 0)))))
 (let ((?x1019 (* (- 36) ?x1926)))
 (let ((?x615 (* 54 ?x513)))
 (let ((?x1084 (* (- 9) s00)))
 (let ((?x1781 (* 9 s!1)))
 (let ((?x2542 (+ ?x1781 ?x1084 ?x615 ?x1472 ?x1473 (* (- 15) ?x1739) ?x1019 ?x1476 ?x3567 ?x3412 ?x1097 (* 216 (* s!1 r00 r00 r00)) (* 66 ?x1527) ?x1137 (* (- 54) (* s!1 r00)) (* (- 108) ?x850) ?x867 (* (- 108) ?x2431) ?x1240 (* 108 ?x2533) ?x3310 ?x1538 ?x1010 ?x4199 ?x1482 ?x1724 ?x2903 ?x2923 ?x1486 ?x2539 ?x1487)))
 (let ((?x1013 (* (- 15) ?x678)))
 (let ((?x646 (* (- 54) ?x609)))
 (let ((?x661 (* 24 ?x513)))
 (let ((?x3557 (+ ?x1781 ?x1084 (* (- 24) ?x537) (* 24 ?x988) ?x661 ?x646 (* 3 ?x1739) (* 54 ?x1700) ?x1019 ?x3258 ?x1013 (* 54 ?x1932) ?x4285 ?x1097 (* (- 54) ?x1938) ?x3245 (* 12 ?x1527) ?x797 (* (- 24) (* s!1 r00)) ?x2430 ?x2374 ?x903 ?x2525 ?x2553 ?x1600 ?x987 ?x1614 ?x644 ?x3564)))
 (let ((?x628 (* 9 ?x513)))
 (let ((?x465 (* (- 3) s00)))
 (let ((?x1537 (+ (* 3 s!1) ?x465 (* (- 9) ?x537) (* 9 ?x988) ?x628 ?x623 ?x1699 ?x1709 ?x690 ?x1931 ?x691 ?x1935 ?x735 ?x3098 ?x1936 (* (- 9) (* s!1 r00)) ?x858)))
 (let (($x1444 (= (+ ?x536 ?x3944 ?x3945 ?x44 ?x587 ?x588 ?x3951 ?x3119 ?x1990 ?x591 ?x557) 0)))
 (let (($x3575 (and $x3525 $x1444 (= ?x1537 0) (= ?x3557 0) (= ?x2542 0) $x1185)))
 (let (($x1852 (exists ((r Int) (s Int) (x Int) )(! (let ((?x813 (* r s00 r00)))
 (let ((?x826 (* (- 6) ?x813)))
 (let ((?x775 (* s s00)))
 (let ((?x776 (* 2 ?x775)))
 (let ((?x746 (* r x00)))
 (let ((?x759 (* (- 18) ?x746)))
 (let ((?x734 (* s00 r00 r00)))
 (let ((?x735 (* 6 ?x734)))
 (let ((?x704 (* x r00)))
 (let ((?x705 (* 18 ?x704)))
 (let ((?x678 (* s00 s00)))
 (let ((?x691 (* (- 4) ?x678)))
 (let ((?x652 (* s r00 r00)))
 (let ((?x665 (* (- 6) ?x652)))
 (let ((?x640 (* r s r00)))
 (let ((?x641 (* 6 ?x640)))
 (let ((?x636 (* r x)))
 (let ((?x637 (* 18 ?x636)))
 (let ((?x632 (* s s)))
 (let ((?x633 (* 2 ?x632)))
 (let ((?x609 (* r00 x00)))
 (let ((?x623 (* (- 18) ?x609)))
 (let ((?x513 (* s00 r00)))
 (let ((?x2175 (* 3 ?x513)))
 (let ((?x436 (* r r00 r00)))
 (let ((?x1906 (* (- 36) ?x436)))
 (let ((?x386 (* r00 r00)))
 (let ((?x1897 (* (- 18) ?x386)))
 (let ((?x2016 (* (- 18) x00)))
 (let ((?x3001 (* (- 9) r00)))
 (let ((?x2073 (* 12 s00)))
 (let ((?x1812 (* 18 x)))
 (let ((?x2731 (+ (* 9 r) (* (- 12) s) ?x1812 ?x2073 ?x3001 ?x2016 (* 18 (* r r)) ?x1897 (* (- 3) (* r s)) ?x1906 (* 21 (* r s00)) ?x2175 ?x623 ?x633 ?x637 ?x641 ?x665 ?x691 ?x705 ?x735 ?x759 ?x776 (* (- 21) (* s r00)) ?x826 (* 36 (* r r r00)))))
 (let ((?x4312 (+ 10 (* 54 s) (* (- 54) x) (* 216 (* r s)) (* 24 ?x632) (* (- 216) ?x636) (* 57 (* r s s)) (* (- 21) (* s x)) (* 3 (* s s s)) (* (- 3) (* x x)) (* (- 51) (* r s x)) (* 270 (* r r s)) (* (- 270) (* r r x)) (* (- 6) (* r x x)) (* (- 3) (* r r x x)) (* 33 (* r r s s)) (* (- 30) (* r r s x)) (* (- 3) (* s s x)) (* (- 3) (* r s s x)) (* 108 (* r r r s)) (* 3 (* r s s s)) (* (- 108) (* r r r x)))))
 (let ((?x3394 (* r r s00)))
 (let ((?x4048 (* 432 ?x3394)))
 (let ((?x3083 (* r r s)))
 (let ((?x4044 (* 432 ?x3083)))
 (let ((?x3068 (* r r r)))
 (let ((?x4043 (* 864 ?x3068)))
 (let ((?x4037 (* 1296 (* r r00 r00 r00))))
 (let ((?x1457 (* x00 x00)))
 (let ((?x1487 (* (- 108) ?x1457)))
 (let ((?x1432 (* 216 (* x x00))))
 (let ((?x1295 (* s00 s00 s00)))
 (let ((?x1486 (* (- 16) ?x1295)))
 (let ((?x1484 (* (- 36) (* s s r00 r00))))
 (let ((?x1266 (* 216 (* x s00 r00))))
 (let ((?x1483 (* (- 432) (* x r00 r00 r00))))
 (let ((?x1183 (* s00 r00 r00 r00)))
 (let ((?x1482 (* (- 216) ?x1183)))
 (let ((?x1068 (* 12 (* s s s00))))
 (let ((?x1026 (* r s s00)))
 (let ((?x4024 (* 144 ?x1026)))
 (let ((?x1009 (* r00 r00 r00 x00)))
 (let ((?x1010 (* 432 ?x1009)))
 (let ((?x979 (* x x)))
 (let ((?x1481 (* (- 108) ?x979)))
 (let ((?x916 (* s s s)))
 (let ((?x918 (* 4 ?x916)))
 (let ((?x906 (* r s s)))
 (let ((?x4023 (* 72 ?x906)))
 (let ((?x902 (* s00 x00)))
 (let ((?x1240 (* 108 ?x902)))
 (let ((?x866 (* s00 s00 r00 r00)))
 (let ((?x867 (* 36 ?x866)))
 (let ((?x825 (* s x00)))
 (let ((?x4021 (* (- 324) ?x825)))
 (let ((?x779 (* s00 s00 r00)))
 (let ((?x1137 (* 108 ?x779)))
 (let ((?x1097 (* 36 ?x734)))
 (let ((?x708 (* x s00)))
 (let ((?x1477 (* (- 108) ?x708)))
 (let ((?x1343 (* 108 ?x704)))
 (let ((?x1476 (* (- 51) ?x678)))
 (let ((?x4017 (* 648 ?x636)))
 (let ((?x1473 (* (- 108) ?x609)))
 (let ((?x605 (* s00 r00 x00)))
 (let ((?x1472 (* (- 216) ?x605)))
 (let ((?x556 (* r00 r00 r00)))
 (let ((?x4014 (* 648 ?x556)))
 (let ((?x2967 (* (- 270) ?x513)))
 (let ((?x486 (* r s00)))
 (let ((?x4013 (* 828 ?x486)))
 (let ((?x2961 (* (- 432) ?x386)))
 (let ((?x4008 (* (- 324) x00)))
 (let ((?x2954 (* (- 162) r00)))
 (let ((?x4007 (* 297 s00)))
 (let ((?x3723 (* 324 x)))
 (let ((?x3712 (+ (* 162 r) (* (- 297) s) ?x3723 ?x4007 ?x2954 ?x4008 (* 756 (* r r)) ?x2961 (* (- 396) (* r s)) (* (- 1512) ?x436) ?x4013 ?x2967 ?x4014 ?x1472 ?x1473 (* (- 195) ?x632) ?x4017 (* (- 252) ?x652) ?x1476 ?x1343 ?x1477 ?x1097 (* (- 648) ?x746) (* 648 (* s r00 r00 r00)) (* 246 ?x775) ?x1137 (* (- 162) (* s r00)) (* (- 648) ?x813) ?x4021 ?x867 (* (- 324) (* s s00 r00)) ?x1240 ?x4023 (* 324 (* s x)) ?x918 ?x1481 ?x1010 ?x4024 ?x1068 ?x1482 ?x1483 ?x1266 ?x1484 ?x1486 ?x1432 ?x1487 (* (- 432) (* r s r00 r00)) (* (- 324) (* r r00)) (* (- 1296) (* r r r00 r00)) ?x4037 ?x4043 ?x4044 ?x4048)))
 (let ((?x1170 (* 36 (* x r00 r00))))
 (let ((?x1038 (* r r00 x00)))
 (let ((?x1051 (* (- 36) ?x1038)))
 (let ((?x1027 (* 2 ?x1026)))
 (let ((?x974 (* r00 r00 x00)))
 (let ((?x987 (* (- 36) ?x974)))
 (let ((?x922 (* r s00 s00)))
 (let ((?x935 (* (- 4) ?x922)))
 (let ((?x910 (* s x)))
 (let ((?x911 (* 6 ?x910)))
 (let ((?x907 (* 2 ?x906)))
 (let ((?x903 (* 6 ?x902)))
 (let ((?x876 (* s s00 r00)))
 (let ((?x889 (* (- 2) ?x876)))
 (let ((?x852 (* (- 6) ?x825)))
 (let ((?x797 (* (- 2) ?x779)))
 (let ((?x752 (* 4 (* s s r00))))
 (let ((?x723 (* (- 6) ?x708)))
 (let ((?x449 (* (- 19) ?x678)))
 (let ((?x656 (* 36 (* r x r00))))
 (let ((?x444 (* (- 90) ?x609)))
 (let ((?x428 (* 18 ?x513)))
 (let ((?x1549 (* (- 108) ?x386)))
 (let ((?x1050 (* (- 72) x00)))
 (let ((?x2915 (* (- 36) r00)))
 (let ((?x1049 (* 57 s00)))
 (let ((?x2402 (+ (* 36 r) (* (- 57) s) (* 72 x) ?x1049 ?x2915 ?x1050 (* 108 (* r r)) ?x1549 (* (- 42) (* r s)) (* (- 216) ?x436) (* 114 ?x486) ?x428 ?x444 (* (- 1) ?x632) (* 90 ?x636) (* 12 ?x640) (* (- 72) ?x652) ?x656 ?x449 (* 90 ?x704) ?x723 ?x1097 (* (- 90) ?x746) ?x752 (* 20 ?x775) ?x797 (* (- 90) (* s r00)) (* (- 12) ?x813) ?x852 ?x889 ?x903 ?x907 ?x911 ?x935 ?x987 ?x1027 ?x1051 ?x1170 (* 72 ?x3068) (* 24 ?x3083) (* 12 ?x3394) (* 144 (* r r r00)))))
 (let ((?x557 (* 12 ?x556)))
 (let ((?x591 (* (- 6) ?x513)))
 (let ((?x487 (* 4 ?x486)))
 (let ((?x590 (* (- 12) ?x436)))
 (let ((?x430 (* r s)))
 (let ((?x589 (* 2 ?x430)))
 (let ((?x2762 (* (- 12) ?x386)))
 (let ((?x588 (* (- 6) x00)))
 (let ((?x587 (* (- 3) r00)))
 (let ((?x2585 (* 7 s00)))
 (let ((?x56 (* 6 x)))
 (let ((?x43 (* 3 r)))
 (let ((?x2084 (+ ?x43 (* (- 7) s) ?x56 ?x2585 ?x587 ?x588 (* 12 (* r r)) ?x2762 ?x589 ?x590 ?x487 ?x591 ?x557)))
 (let (($x419 (= (+ s (* (- 1) s00) (* (- 3) (* r r)) (* 3 ?x386)) 0)))
 (let (($x3887 (or (not $x419) (not (= ?x2084 0)) (not (= ?x2731 0)) (not (= ?x2402 0)) (not (= ?x3712 0)) (not (= (* ?x4312 ?x2731) 0)))))
 (let ((?x1307 (* 108 ?x910)))
 (let ((?x757 (* s r00 r00 r00)))
 (let ((?x758 (* 216 ?x757)))
 (let ((?x961 (* (- 36) ?x652)))
 (let ((?x615 (* 54 ?x513)))
 (let ((?x1084 (* (- 9) s00)))
 (let ((?x143 (* 9 s)))
 (let ((?x1488 (+ ?x143 ?x1084 ?x615 ?x1472 ?x1473 (* (- 15) ?x632) ?x961 ?x1476 ?x1343 ?x1477 ?x1097 ?x758 (* 66 ?x775) ?x1137 (* (- 54) (* s r00)) (* (- 108) ?x825) ?x867 (* (- 108) ?x876) ?x1240 ?x1307 ?x918 ?x1481 ?x1010 ?x1068 ?x1482 ?x1483 ?x1266 ?x1484 ?x1486 ?x1432 ?x1487)))
 (let (($x1489 (= ?x1488 0)))
 (let ((?x1013 (* (- 15) ?x678)))
 (let ((?x664 (* 3 ?x632)))
 (let ((?x646 (* (- 54) ?x609)))
 (let ((?x661 (* 24 ?x513)))
 (let ((?x1176 (+ ?x143 ?x1084 (* (- 24) ?x430) (* 24 ?x486) ?x661 ?x646 ?x664 (* 54 ?x636) ?x961 ?x656 ?x1013 (* 54 ?x704) ?x723 ?x1097 (* (- 54) ?x746) ?x752 (* 12 ?x775) ?x797 (* (- 24) (* s r00)) ?x852 ?x889 ?x903 ?x907 ?x911 ?x935 ?x987 ?x1027 ?x1051 ?x1170)))
 (let (($x1181 (= ?x1176 0)))
 (let ((?x787 (* s r00)))
 (let ((?x800 (* (- 9) ?x787)))
 (let ((?x628 (* 9 ?x513)))
 (let ((?x772 (* 9 ?x486)))
 (let ((?x604 (* (- 9) ?x430)))
 (let ((?x465 (* (- 3) s00)))
 (let ((?x47 (* 3 s)))
 (let ((?x832 (+ ?x47 ?x465 ?x604 ?x772 ?x628 ?x623 ?x633 ?x637 ?x641 ?x665 ?x691 ?x705 ?x735 ?x759 ?x776 ?x800 ?x826)))
 (let (($x839 (= ?x832 0)))
 (let ((?x44 (* 3 s00)))
 (let ((?x586 (* (- 3) s)))
 (let (($x593 (= (+ ?x43 ?x586 ?x56 ?x44 ?x587 ?x588 ?x589 ?x590 ?x487 ?x591 ?x557) 0)))
 (and $x419 $x593 $x839 $x1181 $x1489 $x3887)))))))))))))))))))))))))))))))))))))))))))))))))))))))))))))))))))))))))))))))))))))))))))))))))))))))))))))))))))))))))))))))))))))))))))))))))))))))))))))))) :qid k!40))
 ))
 (let (($x2485 (exists ((r Int) (s Int) (x Int) )(! (let ((?x2457 (+ 1 r)))
 (let ((?x459 (* r00 s00 ?x2457)))
 (let ((?x887 (* (- 6) ?x459)))
 (let ((?x211 (* 6 r)))
 (let ((?x2737 (+ 3 s ?x211)))
 (let ((?x1755 (* r00 ?x2737)))
 (let ((?x402 (* (- 9) ?x1755)))
 (let ((?x2863 (* s00 ?x2737)))
 (let ((?x2747 (* 2 ?x2863)))
 (let ((?x2370 (* s00 ?x2457)))
 (let ((?x2855 (* 9 ?x2370)))
 (let ((?x3561 (* 18 r)))
 (let ((?x47 (* 3 s)))
 (let ((?x2261 (* x00 ?x2457)))
 (let ((?x2679 (* (- 18) ?x2261)))
 (let ((?x2765 (* r00 r00 s00)))
 (let ((?x2956 (* 6 ?x2765)))
 (let ((?x465 (* (- 3) s00)))
 (let ((?x365 (* (- 1) s)))
 (let ((?x1524 (+ x ?x365)))
 (let ((?x3831 (* r00 ?x1524)))
 (let ((?x3833 (* 18 ?x3831)))
 (let ((?x678 (* s00 s00)))
 (let ((?x691 (* (- 4) ?x678)))
 (let ((?x1015 (* r00 r00 ?x2737)))
 (let ((?x3661 (* (- 6) ?x1015)))
 (let ((?x2591 (* r00 ?x2457 ?x2737)))
 (let ((?x2607 (* 6 ?x2591)))
 (let ((?x2342 (* ?x2457 ?x1524)))
 (let ((?x2343 (* 18 ?x2342)))
 (let ((?x3598 (* ?x2737 ?x2737)))
 (let ((?x3546 (* 2 ?x3598)))
 (let ((?x946 (* r00 s00)))
 (let ((?x2907 (* 9 ?x946)))
 (let ((?x609 (* r00 x00)))
 (let ((?x623 (* (- 18) ?x609)))
 (let ((?x3254 (* ?x2457 ?x2737)))
 (let ((?x2656 (* (- 9) ?x3254)))
 (let ((?x912 (+ 9 ?x2656 ?x623 ?x2907 ?x3546 ?x2343 ?x2607 ?x3661 ?x691 ?x3833 ?x465 ?x2956 ?x2679 ?x47 ?x3561 ?x2855 ?x2747 ?x402 ?x887)))
 (let ((?x1255 (+ 10 (* (- 9) (* ?x2457 ?x1524 ?x2737)) (* (- 3) (* ?x2457 ?x2457 ?x1524 ?x1524)) (* (- 3) (* ?x2457 ?x1524 ?x2737 ?x2737)))))
 (let (($x1112 (not (= (* ?x1255 ?x912) 0))))
 (let ((?x1457 (* x00 x00)))
 (let ((?x1615 (* 108 ?x1457)))
 (let ((?x2895 (* (- 54) r)))
 (let ((?x2534 (* (- 9) s)))
 (let ((?x818 (* (- 36) ?x2765)))
 (let ((?x137 (* 9 s00)))
 (let ((?x3493 (* 51 ?x678)))
 (let ((?x3634 (* 36 ?x1015)))
 (let ((?x1295 (* s00 s00 s00)))
 (let ((?x2367 (* 16 ?x1295)))
 (let ((?x902 (* s00 x00)))
 (let ((?x3562 (* (- 108) ?x902)))
 (let ((?x2944 (* 216 (* r00 r00 r00 s00))))
 (let ((?x995 (* r00 s00 s00)))
 (let ((?x2117 (* (- 108) ?x995)))
 (let ((?x1009 (* r00 r00 r00 x00)))
 (let ((?x3028 (* (- 432) ?x1009)))
 (let ((?x3906 (* (- 36) (* r00 r00 s00 s00))))
 (let ((?x3051 (* (- 54) ?x946)))
 (let ((?x1891 (* 108 ?x609)))
 (let ((?x2470 (* 216 (* r00 s00 x00))))
 (let ((?x544 (+ ?x2470 ?x1891 ?x3051 (* 15 ?x3598) (* (- 216) (* r00 r00 r00 ?x2737)) ?x3906 (* (- 4) (* ?x2737 ?x2737 ?x2737)) (* 108 (* ?x1524 ?x1524)) ?x3028 (* (- 12) (* s00 ?x2737 ?x2737)) (* 108 (* s00 ?x1524)) ?x2117 ?x2944 (* 108 (* x00 ?x2737)) (* 432 (* r00 r00 r00 ?x1524)) (* (- 66) ?x2863) (* 108 (* r00 s00 ?x2737)) ?x3562 (* (- 216) (* r00 s00 ?x1524)) (* 36 (* r00 r00 ?x2737 ?x2737)) ?x2367 (* (- 108) (* ?x1524 ?x2737)) ?x3634 ?x3493 (* (- 108) ?x3831) ?x137 ?x818 ?x2534 ?x2895 (* 54 ?x1755) (* (- 216) (* x00 ?x1524)) ?x1615)))
 (let (($x3597 (not (= ?x544 27))))
 (let ((?x1534 (* 15 ?x678)))
 (let ((?x974 (* r00 r00 x00)))
 (let ((?x975 (* 36 ?x974)))
 (let ((?x3176 (* (- 6) ?x902)))
 (let ((?x847 (* 2 ?x995)))
 (let ((?x819 (* (- 24) ?x946)))
 (let ((?x703 (* 54 ?x609)))
 (let ((?x2058 (+ (* 24 ?x3254) ?x703 (* (- 36) (* r00 ?x2457 ?x1524)) ?x819 (* (- 3) ?x3598) (* (- 54) ?x2342) (* 6 (* s00 ?x1524)) (* (- 4) (* r00 ?x2737 ?x2737)) ?x847 (* 6 (* x00 ?x2737)) (* (- 12) ?x2863) (* 2 (* r00 s00 ?x2737)) ?x3176 (* (- 2) (* ?x2457 ?x2737 ?x2737)) (* (- 6) (* ?x1524 ?x2737)) (* 4 (* s00 s00 ?x2457)) ?x3634 ?x975 ?x1534 (* (- 2) (* s00 ?x2457 ?x2737)) (* 36 (* r00 x00 ?x2457)) (* (- 54) ?x3831) ?x137 ?x818 (* 54 ?x2261) ?x2534 ?x2895 (* (- 24) ?x2370) (* 24 ?x1755) (* (- 36) (* r00 r00 ?x1524)))))
 (let ((?x586 (* (- 3) s)))
 (let ((?x3419 (* (- 6) ?x2765)))
 (let ((?x44 (* 3 s00)))
 (let ((?x679 (* 4 ?x678)))
 (let ((?x2758 (* (- 9) ?x946)))
 (let ((?x610 (* 18 ?x609)))
 (let ((?x1533 (+ (* 9 ?x3254) ?x610 ?x2758 (* (- 2) ?x3598) (* (- 18) ?x2342) (* (- 6) ?x2591) (* 6 ?x1015) ?x679 (* (- 18) ?x3831) ?x44 ?x3419 (* 18 ?x2261) ?x586 (* (- 18) r) (* (- 9) ?x2370) (* (- 2) ?x2863) (* 9 ?x1755) (* 6 ?x459))))
 (let ((?x556 (* r00 r00 r00)))
 (let ((?x557 (* 12 ?x556)))
 (let ((?x588 (* (- 6) x00)))
 (let ((?x56 (* 6 x)))
 (let ((?x996 (* (- 6) ?x946)))
 (let ((?x587 (* (- 3) r00)))
 (let ((?x2326 (+ (* 2 ?x3254) (* (- 12) (* r00 r00 ?x2457)) (* (- 15) r) ?x44 ?x2534 ?x587 (* 4 ?x2370) ?x996 ?x56 ?x588 ?x557)))
 (let ((?x386 (* r00 r00)))
 (let ((?x2270 (* (- 3) ?x386)))
 (let (($x2302 (= (+ s00 ?x365 (* (- 6) r) (* 3 (* ?x2457 ?x2457)) ?x2270) 3)))
 (let (($x1163 (not $x2302)))
 (let (($x2742 (or $x1163 (not (= ?x2326 6)) (not (= ?x1533 9)) (not (= ?x2058 27)) $x3597 $x1112)))
 (let ((?x1875 (* r00 r00 s)))
 (let ((?x2479 (* 36 ?x1875)))
 (let ((?x2049 (+ ?x2470 ?x1891 ?x3051 (* 15 (* s s)) (* (- 216) (* r00 r00 r00 s)) ?x3906 (* (- 4) (* s s s)) (* 108 (* x x)) ?x3028 (* (- 12) (* s00 s s)) (* 108 (* s00 x)) ?x2117 ?x2944 (* 108 (* x00 s)) (* 432 (* r00 r00 r00 x)) (* (- 66) (* s00 s)) (* 108 (* r00 s00 s)) ?x3562 (* (- 216) (* r00 s00 x)) (* 36 (* r00 r00 s s)) ?x2367 (* (- 108) (* x s)) ?x2479 ?x3493 (* (- 108) (* r00 x)) ?x137 ?x818 ?x2534 (* 54 (* r00 s)) (* (- 216) (* x00 x)) ?x1615)))
 (let (($x2637 (= ?x2049 0)))
 (let ((?x3137 (* r00 r00 x)))
 (let ((?x3219 (* (- 36) ?x3137)))
 (let ((?x2464 (* r00 s s)))
 (let ((?x3204 (* (- 4) ?x2464)))
 (let ((?x3572 (+ (* 24 (* s r)) ?x703 (* (- 36) (* r00 x r)) ?x819 (* (- 3) (* s s)) (* (- 54) (* x r)) (* 6 (* s00 x)) ?x3204 ?x847 (* 6 (* x00 s)) (* (- 12) (* s00 s)) (* 2 (* r00 s00 s)) ?x3176 (* (- 2) (* s s r)) (* (- 6) (* x s)) (* 4 (* s00 s00 r)) ?x2479 ?x975 ?x1534 (* (- 2) (* s00 s r)) (* 36 (* r00 x00 r)) (* (- 54) (* r00 x)) ?x137 ?x818 (* 54 (* x00 r)) ?x2534 (* (- 24) (* s00 r)) (* 24 (* r00 s)) ?x3219)))
 (let ((?x1946 (* r00 x)))
 (let ((?x2231 (* (- 18) ?x1946)))
 (let ((?x632 (* s s)))
 (let ((?x2212 (* (- 2) ?x632)))
 (let ((?x3688 (+ (* 9 (* s r)) ?x610 ?x2758 ?x2212 (* (- 18) (* x r)) (* (- 6) (* r00 s r)) (* 6 ?x1875) ?x679 ?x2231 ?x44 ?x3419 (* 18 (* x00 r)) ?x586 (* (- 9) (* s00 r)) (* (- 2) (* s00 s)) (* 9 (* r00 s)) (* 6 (* r00 s00 r)))))
 (let ((?x43 (* 3 r)))
 (let ((?x3645 (+ (* 2 (* s r)) (* (- 12) (* r00 r00 r)) ?x43 ?x44 ?x586 ?x587 (* 4 (* s00 r)) ?x996 ?x56 ?x588 ?x557)))
 (let (($x3311 (= (+ s00 ?x365 (* 3 (* r r)) ?x2270) 0)))
 (and $x3311 (= ?x3645 0) (= ?x3688 0) (= ?x3572 0) $x2637 $x2742))))))))))))))))))))))))))))))))))))))))))))))))))))))))))))))))))))))))))))))))))))))))))))))))))))))))))))) :qid k!40))
 ))
 (let ((?x2799 (lambda ((r Int) (s Int) (x Int) )(let ((?x813 (* r s00 r00)))
 (let ((?x826 (* (- 6) ?x813)))
 (let ((?x775 (* s s00)))
 (let ((?x776 (* 2 ?x775)))
 (let ((?x746 (* r x00)))
 (let ((?x759 (* (- 18) ?x746)))
 (let ((?x734 (* s00 r00 r00)))
 (let ((?x735 (* 6 ?x734)))
 (let ((?x704 (* x r00)))
 (let ((?x705 (* 18 ?x704)))
 (let ((?x678 (* s00 s00)))
 (let ((?x691 (* (- 4) ?x678)))
 (let ((?x652 (* s r00 r00)))
 (let ((?x665 (* (- 6) ?x652)))
 (let ((?x640 (* r s r00)))
 (let ((?x641 (* 6 ?x640)))
 (let ((?x636 (* r x)))
 (let ((?x637 (* 18 ?x636)))
 (let ((?x632 (* s s)))
 (let ((?x633 (* 2 ?x632)))
 (let ((?x609 (* r00 x00)))
 (let ((?x623 (* (- 18) ?x609)))
 (let ((?x513 (* s00 r00)))
 (let ((?x2175 (* 3 ?x513)))
 (let ((?x436 (* r r00 r00)))
 (let ((?x1906 (* (- 36) ?x436)))
 (let ((?x386 (* r00 r00)))
 (let ((?x1897 (* (- 18) ?x386)))
 (let ((?x2016 (* (- 18) x00)))
 (let ((?x3001 (* (- 9) r00)))
 (let ((?x2073 (* 12 s00)))
 (let ((?x1812 (* 18 x)))
 (let ((?x2731 (+ (* 9 r) (* (- 12) s) ?x1812 ?x2073 ?x3001 ?x2016 (* 18 (* r r)) ?x1897 (* (- 3) (* r s)) ?x1906 (* 21 (* r s00)) ?x2175 ?x623 ?x633 ?x637 ?x641 ?x665 ?x691 ?x705 ?x735 ?x759 ?x776 (* (- 21) (* s r00)) ?x826 (* 36 (* r r r00)))))
 (let ((?x4312 (+ 10 (* 54 s) (* (- 54) x) (* 216 (* r s)) (* 24 ?x632) (* (- 216) ?x636) (* 57 (* r s s)) (* (- 21) (* s x)) (* 3 (* s s s)) (* (- 3) (* x x)) (* (- 51) (* r s x)) (* 270 (* r r s)) (* (- 270) (* r r x)) (* (- 6) (* r x x)) (* (- 3) (* r r x x)) (* 33 (* r r s s)) (* (- 30) (* r r s x)) (* (- 3) (* s s x)) (* (- 3) (* r s s x)) (* 108 (* r r r s)) (* 3 (* r s s s)) (* (- 108) (* r r r x)))))
 (let ((?x3394 (* r r s00)))
 (let ((?x4048 (* 432 ?x3394)))
 (let ((?x3083 (* r r s)))
 (let ((?x4044 (* 432 ?x3083)))
 (let ((?x3068 (* r r r)))
 (let ((?x4043 (* 864 ?x3068)))
 (let ((?x4037 (* 1296 (* r r00 r00 r00))))
 (let ((?x1457 (* x00 x00)))
 (let ((?x1487 (* (- 108) ?x1457)))
 (let ((?x1432 (* 216 (* x x00))))
 (let ((?x1295 (* s00 s00 s00)))
 (let ((?x1486 (* (- 16) ?x1295)))
 (let ((?x1484 (* (- 36) (* s s r00 r00))))
 (let ((?x1266 (* 216 (* x s00 r00))))
 (let ((?x1483 (* (- 432) (* x r00 r00 r00))))
 (let ((?x1183 (* s00 r00 r00 r00)))
 (let ((?x1482 (* (- 216) ?x1183)))
 (let ((?x1068 (* 12 (* s s s00))))
 (let ((?x1026 (* r s s00)))
 (let ((?x4024 (* 144 ?x1026)))
 (let ((?x1009 (* r00 r00 r00 x00)))
 (let ((?x1010 (* 432 ?x1009)))
 (let ((?x979 (* x x)))
 (let ((?x1481 (* (- 108) ?x979)))
 (let ((?x916 (* s s s)))
 (let ((?x918 (* 4 ?x916)))
 (let ((?x906 (* r s s)))
 (let ((?x4023 (* 72 ?x906)))
 (let ((?x902 (* s00 x00)))
 (let ((?x1240 (* 108 ?x902)))
 (let ((?x866 (* s00 s00 r00 r00)))
 (let ((?x867 (* 36 ?x866)))
 (let ((?x825 (* s x00)))
 (let ((?x4021 (* (- 324) ?x825)))
 (let ((?x779 (* s00 s00 r00)))
 (let ((?x1137 (* 108 ?x779)))
 (let ((?x1097 (* 36 ?x734)))
 (let ((?x708 (* x s00)))
 (let ((?x1477 (* (- 108) ?x708)))
 (let ((?x1343 (* 108 ?x704)))
 (let ((?x1476 (* (- 51) ?x678)))
 (let ((?x4017 (* 648 ?x636)))
 (let ((?x1473 (* (- 108) ?x609)))
 (let ((?x605 (* s00 r00 x00)))
 (let ((?x1472 (* (- 216) ?x605)))
 (let ((?x556 (* r00 r00 r00)))
 (let ((?x4014 (* 648 ?x556)))
 (let ((?x2967 (* (- 270) ?x513)))
 (let ((?x486 (* r s00)))
 (let ((?x4013 (* 828 ?x486)))
 (let ((?x2961 (* (- 432) ?x386)))
 (let ((?x4008 (* (- 324) x00)))
 (let ((?x2954 (* (- 162) r00)))
 (let ((?x4007 (* 297 s00)))
 (let ((?x3723 (* 324 x)))
 (let ((?x3712 (+ (* 162 r) (* (- 297) s) ?x3723 ?x4007 ?x2954 ?x4008 (* 756 (* r r)) ?x2961 (* (- 396) (* r s)) (* (- 1512) ?x436) ?x4013 ?x2967 ?x4014 ?x1472 ?x1473 (* (- 195) ?x632) ?x4017 (* (- 252) ?x652) ?x1476 ?x1343 ?x1477 ?x1097 (* (- 648) ?x746) (* 648 (* s r00 r00 r00)) (* 246 ?x775) ?x1137 (* (- 162) (* s r00)) (* (- 648) ?x813) ?x4021 ?x867 (* (- 324) (* s s00 r00)) ?x1240 ?x4023 (* 324 (* s x)) ?x918 ?x1481 ?x1010 ?x4024 ?x1068 ?x1482 ?x1483 ?x1266 ?x1484 ?x1486 ?x1432 ?x1487 (* (- 432) (* r s r00 r00)) (* (- 324) (* r r00)) (* (- 1296) (* r r r00 r00)) ?x4037 ?x4043 ?x4044 ?x4048)))
 (let ((?x1170 (* 36 (* x r00 r00))))
 (let ((?x1038 (* r r00 x00)))
 (let ((?x1051 (* (- 36) ?x1038)))
 (let ((?x1027 (* 2 ?x1026)))
 (let ((?x974 (* r00 r00 x00)))
 (let ((?x987 (* (- 36) ?x974)))
 (let ((?x922 (* r s00 s00)))
 (let ((?x935 (* (- 4) ?x922)))
 (let ((?x910 (* s x)))
 (let ((?x911 (* 6 ?x910)))
 (let ((?x907 (* 2 ?x906)))
 (let ((?x903 (* 6 ?x902)))
 (let ((?x876 (* s s00 r00)))
 (let ((?x889 (* (- 2) ?x876)))
 (let ((?x852 (* (- 6) ?x825)))
 (let ((?x797 (* (- 2) ?x779)))
 (let ((?x752 (* 4 (* s s r00))))
 (let ((?x723 (* (- 6) ?x708)))
 (let ((?x449 (* (- 19) ?x678)))
 (let ((?x656 (* 36 (* r x r00))))
 (let ((?x444 (* (- 90) ?x609)))
 (let ((?x428 (* 18 ?x513)))
 (let ((?x1549 (* (- 108) ?x386)))
 (let ((?x1050 (* (- 72) x00)))
 (let ((?x2915 (* (- 36) r00)))
 (let ((?x1049 (* 57 s00)))
 (let ((?x2402 (+ (* 36 r) (* (- 57) s) (* 72 x) ?x1049 ?x2915 ?x1050 (* 108 (* r r)) ?x1549 (* (- 42) (* r s)) (* (- 216) ?x436) (* 114 ?x486) ?x428 ?x444 (* (- 1) ?x632) (* 90 ?x636) (* 12 ?x640) (* (- 72) ?x652) ?x656 ?x449 (* 90 ?x704) ?x723 ?x1097 (* (- 90) ?x746) ?x752 (* 20 ?x775) ?x797 (* (- 90) (* s r00)) (* (- 12) ?x813) ?x852 ?x889 ?x903 ?x907 ?x911 ?x935 ?x987 ?x1027 ?x1051 ?x1170 (* 72 ?x3068) (* 24 ?x3083) (* 12 ?x3394) (* 144 (* r r r00)))))
 (let ((?x557 (* 12 ?x556)))
 (let ((?x591 (* (- 6) ?x513)))
 (let ((?x487 (* 4 ?x486)))
 (let ((?x590 (* (- 12) ?x436)))
 (let ((?x430 (* r s)))
 (let ((?x589 (* 2 ?x430)))
 (let ((?x2762 (* (- 12) ?x386)))
 (let ((?x588 (* (- 6) x00)))
 (let ((?x587 (* (- 3) r00)))
 (let ((?x2585 (* 7 s00)))
 (let ((?x56 (* 6 x)))
 (let ((?x43 (* 3 r)))
 (let ((?x2084 (+ ?x43 (* (- 7) s) ?x56 ?x2585 ?x587 ?x588 (* 12 (* r r)) ?x2762 ?x589 ?x590 ?x487 ?x591 ?x557)))
 (let (($x419 (= (+ s (* (- 1) s00) (* (- 3) (* r r)) (* 3 ?x386)) 0)))
 (let (($x3887 (or (not $x419) (not (= ?x2084 0)) (not (= ?x2731 0)) (not (= ?x2402 0)) (not (= ?x3712 0)) (not (= (* ?x4312 ?x2731) 0)))))
 (let ((?x1307 (* 108 ?x910)))
 (let ((?x757 (* s r00 r00 r00)))
 (let ((?x758 (* 216 ?x757)))
 (let ((?x961 (* (- 36) ?x652)))
 (let ((?x615 (* 54 ?x513)))
 (let ((?x1084 (* (- 9) s00)))
 (let ((?x143 (* 9 s)))
 (let ((?x1488 (+ ?x143 ?x1084 ?x615 ?x1472 ?x1473 (* (- 15) ?x632) ?x961 ?x1476 ?x1343 ?x1477 ?x1097 ?x758 (* 66 ?x775) ?x1137 (* (- 54) (* s r00)) (* (- 108) ?x825) ?x867 (* (- 108) ?x876) ?x1240 ?x1307 ?x918 ?x1481 ?x1010 ?x1068 ?x1482 ?x1483 ?x1266 ?x1484 ?x1486 ?x1432 ?x1487)))
 (let (($x1489 (= ?x1488 0)))
 (let ((?x1013 (* (- 15) ?x678)))
 (let ((?x664 (* 3 ?x632)))
 (let ((?x646 (* (- 54) ?x609)))
 (let ((?x661 (* 24 ?x513)))
 (let ((?x1176 (+ ?x143 ?x1084 (* (- 24) ?x430) (* 24 ?x486) ?x661 ?x646 ?x664 (* 54 ?x636) ?x961 ?x656 ?x1013 (* 54 ?x704) ?x723 ?x1097 (* (- 54) ?x746) ?x752 (* 12 ?x775) ?x797 (* (- 24) (* s r00)) ?x852 ?x889 ?x903 ?x907 ?x911 ?x935 ?x987 ?x1027 ?x1051 ?x1170)))
 (let (($x1181 (= ?x1176 0)))
 (let ((?x787 (* s r00)))
 (let ((?x800 (* (- 9) ?x787)))
 (let ((?x628 (* 9 ?x513)))
 (let ((?x772 (* 9 ?x486)))
 (let ((?x604 (* (- 9) ?x430)))
 (let ((?x465 (* (- 3) s00)))
 (let ((?x47 (* 3 s)))
 (let ((?x832 (+ ?x47 ?x465 ?x604 ?x772 ?x628 ?x623 ?x633 ?x637 ?x641 ?x665 ?x691 ?x705 ?x735 ?x759 ?x776 ?x800 ?x826)))
 (let (($x839 (= ?x832 0)))
 (let ((?x44 (* 3 s00)))
 (let ((?x586 (* (- 3) s)))
 (let (($x593 (= (+ ?x43 ?x586 ?x56 ?x44 ?x587 ?x588 ?x589 ?x590 ?x487 ?x591 ?x557) 0)))
 (let (($x2403 (and $x419 $x593 $x839 $x1181 $x1489 $x3887)))
 (let ((?x2457 (+ 1 r)))
 (let ((?x459 (* r00 s00 ?x2457)))
 (let ((?x887 (* (- 6) ?x459)))
 (let ((?x211 (* 6 r)))
 (let ((?x2737 (+ 3 s ?x211)))
 (let ((?x1755 (* r00 ?x2737)))
 (let ((?x402 (* (- 9) ?x1755)))
 (let ((?x2863 (* s00 ?x2737)))
 (let ((?x2747 (* 2 ?x2863)))
 (let ((?x2370 (* s00 ?x2457)))
 (let ((?x2855 (* 9 ?x2370)))
 (let ((?x3561 (* 18 r)))
 (let ((?x2261 (* x00 ?x2457)))
 (let ((?x2679 (* (- 18) ?x2261)))
 (let ((?x2765 (* r00 r00 s00)))
 (let ((?x2956 (* 6 ?x2765)))
 (let ((?x365 (* (- 1) s)))
 (let ((?x1524 (+ x ?x365)))
 (let ((?x3831 (* r00 ?x1524)))
 (let ((?x3833 (* 18 ?x3831)))
 (let ((?x1015 (* r00 r00 ?x2737)))
 (let ((?x3661 (* (- 6) ?x1015)))
 (let ((?x2591 (* r00 ?x2457 ?x2737)))
 (let ((?x2607 (* 6 ?x2591)))
 (let ((?x2342 (* ?x2457 ?x1524)))
 (let ((?x2343 (* 18 ?x2342)))
 (let ((?x3598 (* ?x2737 ?x2737)))
 (let ((?x3546 (* 2 ?x3598)))
 (let ((?x946 (* r00 s00)))
 (let ((?x2907 (* 9 ?x946)))
 (let ((?x3254 (* ?x2457 ?x2737)))
 (let ((?x2656 (* (- 9) ?x3254)))
 (let ((?x912 (+ 9 ?x2656 ?x623 ?x2907 ?x3546 ?x2343 ?x2607 ?x3661 ?x691 ?x3833 ?x465 ?x2956 ?x2679 ?x47 ?x3561 ?x2855 ?x2747 ?x402 ?x887)))
 (let ((?x1255 (+ 10 (* (- 9) (* ?x2457 ?x1524 ?x2737)) (* (- 3) (* ?x2457 ?x2457 ?x1524 ?x1524)) (* (- 3) (* ?x2457 ?x1524 ?x2737 ?x2737)))))
 (let (($x1112 (not (= (* ?x1255 ?x912) 0))))
 (let ((?x1615 (* 108 ?x1457)))
 (let ((?x2895 (* (- 54) r)))
 (let ((?x2534 (* (- 9) s)))
 (let ((?x818 (* (- 36) ?x2765)))
 (let ((?x137 (* 9 s00)))
 (let ((?x3493 (* 51 ?x678)))
 (let ((?x3634 (* 36 ?x1015)))
 (let ((?x2367 (* 16 ?x1295)))
 (let ((?x3562 (* (- 108) ?x902)))
 (let ((?x2944 (* 216 (* r00 r00 r00 s00))))
 (let ((?x995 (* r00 s00 s00)))
 (let ((?x2117 (* (- 108) ?x995)))
 (let ((?x3028 (* (- 432) ?x1009)))
 (let ((?x3906 (* (- 36) (* r00 r00 s00 s00))))
 (let ((?x3051 (* (- 54) ?x946)))
 (let ((?x1891 (* 108 ?x609)))
 (let ((?x2470 (* 216 (* r00 s00 x00))))
 (let ((?x544 (+ ?x2470 ?x1891 ?x3051 (* 15 ?x3598) (* (- 216) (* r00 r00 r00 ?x2737)) ?x3906 (* (- 4) (* ?x2737 ?x2737 ?x2737)) (* 108 (* ?x1524 ?x1524)) ?x3028 (* (- 12) (* s00 ?x2737 ?x2737)) (* 108 (* s00 ?x1524)) ?x2117 ?x2944 (* 108 (* x00 ?x2737)) (* 432 (* r00 r00 r00 ?x1524)) (* (- 66) ?x2863) (* 108 (* r00 s00 ?x2737)) ?x3562 (* (- 216) (* r00 s00 ?x1524)) (* 36 (* r00 r00 ?x2737 ?x2737)) ?x2367 (* (- 108) (* ?x1524 ?x2737)) ?x3634 ?x3493 (* (- 108) ?x3831) ?x137 ?x818 ?x2534 ?x2895 (* 54 ?x1755) (* (- 216) (* x00 ?x1524)) ?x1615)))
 (let (($x3597 (not (= ?x544 27))))
 (let ((?x1534 (* 15 ?x678)))
 (let ((?x975 (* 36 ?x974)))
 (let ((?x3176 (* (- 6) ?x902)))
 (let ((?x847 (* 2 ?x995)))
 (let ((?x819 (* (- 24) ?x946)))
 (let ((?x703 (* 54 ?x609)))
 (let ((?x2058 (+ (* 24 ?x3254) ?x703 (* (- 36) (* r00 ?x2457 ?x1524)) ?x819 (* (- 3) ?x3598) (* (- 54) ?x2342) (* 6 (* s00 ?x1524)) (* (- 4) (* r00 ?x2737 ?x2737)) ?x847 (* 6 (* x00 ?x2737)) (* (- 12) ?x2863) (* 2 (* r00 s00 ?x2737)) ?x3176 (* (- 2) (* ?x2457 ?x2737 ?x2737)) (* (- 6) (* ?x1524 ?x2737)) (* 4 (* s00 s00 ?x2457)) ?x3634 ?x975 ?x1534 (* (- 2) (* s00 ?x2457 ?x2737)) (* 36 (* r00 x00 ?x2457)) (* (- 54) ?x3831) ?x137 ?x818 (* 54 ?x2261) ?x2534 ?x2895 (* (- 24) ?x2370) (* 24 ?x1755) (* (- 36) (* r00 r00 ?x1524)))))
 (let ((?x3419 (* (- 6) ?x2765)))
 (let ((?x679 (* 4 ?x678)))
 (let ((?x2758 (* (- 9) ?x946)))
 (let ((?x610 (* 18 ?x609)))
 (let ((?x1533 (+ (* 9 ?x3254) ?x610 ?x2758 (* (- 2) ?x3598) (* (- 18) ?x2342) (* (- 6) ?x2591) (* 6 ?x1015) ?x679 (* (- 18) ?x3831) ?x44 ?x3419 (* 18 ?x2261) ?x586 (* (- 18) r) (* (- 9) ?x2370) (* (- 2) ?x2863) (* 9 ?x1755) (* 6 ?x459))))
 (let ((?x996 (* (- 6) ?x946)))
 (let ((?x2326 (+ (* 2 ?x3254) (* (- 12) (* r00 r00 ?x2457)) (* (- 15) r) ?x44 ?x2534 ?x587 (* 4 ?x2370) ?x996 ?x56 ?x588 ?x557)))
 (let ((?x2270 (* (- 3) ?x386)))
 (let (($x2302 (= (+ s00 ?x365 (* (- 6) r) (* 3 (* ?x2457 ?x2457)) ?x2270) 3)))
 (let (($x1163 (not $x2302)))
 (let (($x2742 (or $x1163 (not (= ?x2326 6)) (not (= ?x1533 9)) (not (= ?x2058 27)) $x3597 $x1112)))
 (let ((?x1875 (* r00 r00 s)))
 (let ((?x2479 (* 36 ?x1875)))
 (let ((?x2049 (+ ?x2470 ?x1891 ?x3051 (* 15 ?x632) (* (- 216) (* r00 r00 r00 s)) ?x3906 (* (- 4) ?x916) (* 108 ?x979) ?x3028 (* (- 12) (* s00 s s)) (* 108 (* s00 x)) ?x2117 ?x2944 (* 108 (* x00 s)) (* 432 (* r00 r00 r00 x)) (* (- 66) (* s00 s)) (* 108 (* r00 s00 s)) ?x3562 (* (- 216) (* r00 s00 x)) (* 36 (* r00 r00 s s)) ?x2367 (* (- 108) (* x s)) ?x2479 ?x3493 (* (- 108) (* r00 x)) ?x137 ?x818 ?x2534 (* 54 (* r00 s)) (* (- 216) (* x00 x)) ?x1615)))
 (let (($x2637 (= ?x2049 0)))
 (let ((?x3137 (* r00 r00 x)))
 (let ((?x3219 (* (- 36) ?x3137)))
 (let ((?x2464 (* r00 s s)))
 (let ((?x3204 (* (- 4) ?x2464)))
 (let ((?x3572 (+ (* 24 (* s r)) ?x703 (* (- 36) (* r00 x r)) ?x819 (* (- 3) ?x632) (* (- 54) (* x r)) (* 6 (* s00 x)) ?x3204 ?x847 (* 6 (* x00 s)) (* (- 12) (* s00 s)) (* 2 (* r00 s00 s)) ?x3176 (* (- 2) (* s s r)) (* (- 6) (* x s)) (* 4 (* s00 s00 r)) ?x2479 ?x975 ?x1534 (* (- 2) (* s00 s r)) (* 36 (* r00 x00 r)) (* (- 54) (* r00 x)) ?x137 ?x818 (* 54 (* x00 r)) ?x2534 (* (- 24) (* s00 r)) (* 24 (* r00 s)) ?x3219)))
 (let ((?x1946 (* r00 x)))
 (let ((?x2231 (* (- 18) ?x1946)))
 (let ((?x2212 (* (- 2) ?x632)))
 (let ((?x3688 (+ (* 9 (* s r)) ?x610 ?x2758 ?x2212 (* (- 18) (* x r)) (* (- 6) (* r00 s r)) (* 6 ?x1875) ?x679 ?x2231 ?x44 ?x3419 (* 18 (* x00 r)) ?x586 (* (- 9) (* s00 r)) (* (- 2) (* s00 s)) (* 9 (* r00 s)) (* 6 (* r00 s00 r)))))
 (let ((?x3645 (+ (* 2 (* s r)) (* (- 12) (* r00 r00 r)) ?x43 ?x44 ?x586 ?x587 (* 4 (* s00 r)) ?x996 ?x56 ?x588 ?x557)))
 (let (($x3311 (= (+ s00 ?x365 (* 3 (* r r)) ?x2270) 0)))
 (let (($x2644 (and $x3311 (= ?x3645 0) (= ?x3688 0) (= ?x3572 0) $x2637 $x2742)))
 (rewrite (= $x2644 $x2403)))))))))))))))))))))))))))))))))))))))))))))))))))))))))))))))))))))))))))))))))))))))))))))))))))))))))))))))))))))))))))))))))))))))))))))))))))))))))))))))))))))))))))))))))))))))))))))))))))))))))))))))))))))))))))))))))))))))))))))))))))))))))))
 ))
 (let (($x2829 (exists ((r Int) (s Int) (x Int) )(! (let ((?x2457 (+ 1 r)))
 (let ((?x459 (* r00 s00 ?x2457)))
 (let ((?x887 (* (- 6) ?x459)))
 (let ((?x211 (* 6 r)))
 (let ((?x2737 (+ 3 s ?x211)))
 (let ((?x1755 (* r00 ?x2737)))
 (let ((?x402 (* (- 9) ?x1755)))
 (let ((?x2863 (* s00 ?x2737)))
 (let ((?x2747 (* 2 ?x2863)))
 (let ((?x2370 (* s00 ?x2457)))
 (let ((?x2855 (* 9 ?x2370)))
 (let ((?x3561 (* 18 r)))
 (let ((?x47 (* 3 s)))
 (let ((?x2261 (* x00 ?x2457)))
 (let ((?x2679 (* (- 18) ?x2261)))
 (let ((?x2765 (* r00 r00 s00)))
 (let ((?x2956 (* 6 ?x2765)))
 (let ((?x465 (* (- 3) s00)))
 (let ((?x365 (* (- 1) s)))
 (let ((?x1524 (+ x ?x365)))
 (let ((?x3831 (* r00 ?x1524)))
 (let ((?x3833 (* 18 ?x3831)))
 (let ((?x678 (* s00 s00)))
 (let ((?x691 (* (- 4) ?x678)))
 (let ((?x1015 (* r00 r00 ?x2737)))
 (let ((?x3661 (* (- 6) ?x1015)))
 (let ((?x2591 (* r00 ?x2457 ?x2737)))
 (let ((?x2607 (* 6 ?x2591)))
 (let ((?x2342 (* ?x2457 ?x1524)))
 (let ((?x2343 (* 18 ?x2342)))
 (let ((?x3598 (* ?x2737 ?x2737)))
 (let ((?x3546 (* 2 ?x3598)))
 (let ((?x946 (* r00 s00)))
 (let ((?x2907 (* 9 ?x946)))
 (let ((?x609 (* r00 x00)))
 (let ((?x623 (* (- 18) ?x609)))
 (let ((?x3254 (* ?x2457 ?x2737)))
 (let ((?x2656 (* (- 9) ?x3254)))
 (let ((?x912 (+ 9 ?x2656 ?x623 ?x2907 ?x3546 ?x2343 ?x2607 ?x3661 ?x691 ?x3833 ?x465 ?x2956 ?x2679 ?x47 ?x3561 ?x2855 ?x2747 ?x402 ?x887)))
 (let ((?x1255 (+ 10 (* (- 9) (* ?x2457 ?x1524 ?x2737)) (* (- 3) (* ?x2457 ?x2457 ?x1524 ?x1524)) (* (- 3) (* ?x2457 ?x1524 ?x2737 ?x2737)))))
 (let (($x1112 (not (= (* ?x1255 ?x912) 0))))
 (let ((?x1457 (* x00 x00)))
 (let ((?x1615 (* 108 ?x1457)))
 (let ((?x2895 (* (- 54) r)))
 (let ((?x2534 (* (- 9) s)))
 (let ((?x818 (* (- 36) ?x2765)))
 (let ((?x137 (* 9 s00)))
 (let ((?x3493 (* 51 ?x678)))
 (let ((?x3634 (* 36 ?x1015)))
 (let ((?x1295 (* s00 s00 s00)))
 (let ((?x2367 (* 16 ?x1295)))
 (let ((?x902 (* s00 x00)))
 (let ((?x3562 (* (- 108) ?x902)))
 (let ((?x2944 (* 216 (* r00 r00 r00 s00))))
 (let ((?x995 (* r00 s00 s00)))
 (let ((?x2117 (* (- 108) ?x995)))
 (let ((?x1009 (* r00 r00 r00 x00)))
 (let ((?x3028 (* (- 432) ?x1009)))
 (let ((?x3906 (* (- 36) (* r00 r00 s00 s00))))
 (let ((?x3051 (* (- 54) ?x946)))
 (let ((?x1891 (* 108 ?x609)))
 (let ((?x2470 (* 216 (* r00 s00 x00))))
 (let ((?x544 (+ ?x2470 ?x1891 ?x3051 (* 15 ?x3598) (* (- 216) (* r00 r00 r00 ?x2737)) ?x3906 (* (- 4) (* ?x2737 ?x2737 ?x2737)) (* 108 (* ?x1524 ?x1524)) ?x3028 (* (- 12) (* s00 ?x2737 ?x2737)) (* 108 (* s00 ?x1524)) ?x2117 ?x2944 (* 108 (* x00 ?x2737)) (* 432 (* r00 r00 r00 ?x1524)) (* (- 66) ?x2863) (* 108 (* r00 s00 ?x2737)) ?x3562 (* (- 216) (* r00 s00 ?x1524)) (* 36 (* r00 r00 ?x2737 ?x2737)) ?x2367 (* (- 108) (* ?x1524 ?x2737)) ?x3634 ?x3493 (* (- 108) ?x3831) ?x137 ?x818 ?x2534 ?x2895 (* 54 ?x1755) (* (- 216) (* x00 ?x1524)) ?x1615)))
 (let (($x3597 (not (= ?x544 27))))
 (let ((?x143 (* 9 s)))
 (let ((?x2337 (* 36 ?x2765)))
 (let ((?x1084 (* (- 9) s00)))
 (let ((?x1013 (* (- 15) ?x678)))
 (let ((?x974 (* r00 r00 x00)))
 (let ((?x987 (* (- 36) ?x974)))
 (let ((?x903 (* 6 ?x902)))
 (let ((?x3658 (* (- 2) ?x995)))
 (let ((?x2669 (* 24 ?x946)))
 (let ((?x646 (* (- 54) ?x609)))
 (let ((?x3304 (+ (* (- 24) ?x3254) ?x646 (* 36 (* r00 ?x2457 ?x1524)) ?x2669 (* 3 ?x3598) (* 54 ?x2342) (* (- 6) (* s00 ?x1524)) (* 4 (* r00 ?x2737 ?x2737)) ?x3658 (* (- 6) (* x00 ?x2737)) (* 12 ?x2863) (* (- 2) (* r00 s00 ?x2737)) ?x903 (* 2 (* ?x2457 ?x2737 ?x2737)) (* 6 (* ?x1524 ?x2737)) (* (- 4) (* s00 s00 ?x2457)) (* (- 36) ?x1015) ?x987 ?x1013 (* 2 (* s00 ?x2457 ?x2737)) (* (- 36) (* r00 x00 ?x2457)) (* 54 ?x3831) ?x1084 ?x2337 (* (- 54) ?x2261) ?x143 (* 54 r) (* 24 ?x2370) (* (- 24) ?x1755) (* 36 (* r00 r00 ?x1524)))))
 (let ((?x1292 (+ ?x2656 ?x623 ?x2907 ?x3546 ?x2343 ?x2607 ?x3661 ?x691 ?x3833 ?x465 ?x2956 ?x2679 ?x47 ?x3561 ?x2855 ?x2747 ?x402 ?x887)))
 (let ((?x556 (* r00 r00 r00)))
 (let ((?x570 (* (- 12) ?x556)))
 (let ((?x59 (* 6 x00)))
 (let ((?x535 (* (- 6) x)))
 (let ((?x947 (* 6 ?x946)))
 (let ((?x48 (* 3 r00)))
 (let ((?x845 (+ (* (- 2) ?x3254) (* 12 (* r00 r00 ?x2457)) (* 15 r) ?x465 ?x143 ?x48 (* (- 4) ?x2370) ?x947 ?x535 ?x59 ?x570)))
 (let ((?x386 (* r00 r00)))
 (let ((?x2270 (* (- 3) ?x386)))
 (let (($x2302 (= (+ s00 ?x365 (* (- 6) r) (* 3 (* ?x2457 ?x2457)) ?x2270) 3)))
 (let (($x1163 (not $x2302)))
 (let (($x1654 (or $x1163 (not (= ?x845 (- 6))) (not (= ?x1292 (- 9))) (not (= ?x3304 (- 27))) $x3597 $x1112)))
 (let ((?x1875 (* r00 r00 s)))
 (let ((?x2479 (* 36 ?x1875)))
 (let ((?x2049 (+ ?x2470 ?x1891 ?x3051 (* 15 (* s s)) (* (- 216) (* r00 r00 r00 s)) ?x3906 (* (- 4) (* s s s)) (* 108 (* x x)) ?x3028 (* (- 12) (* s00 s s)) (* 108 (* s00 x)) ?x2117 ?x2944 (* 108 (* x00 s)) (* 432 (* r00 r00 r00 x)) (* (- 66) (* s00 s)) (* 108 (* r00 s00 s)) ?x3562 (* (- 216) (* r00 s00 x)) (* 36 (* r00 r00 s s)) ?x2367 (* (- 108) (* x s)) ?x2479 ?x3493 (* (- 108) (* r00 x)) ?x137 ?x818 ?x2534 (* 54 (* r00 s)) (* (- 216) (* x00 x)) ?x1615)))
 (let (($x2637 (= ?x2049 0)))
 (let ((?x2805 (* (- 36) ?x1875)))
 (let ((?x632 (* s s)))
 (let ((?x664 (* 3 ?x632)))
 (let ((?x558 (+ (* (- 24) (* s r)) ?x646 (* 36 (* r00 x r)) ?x2669 ?x664 (* 54 (* x r)) (* (- 6) (* s00 x)) (* 4 (* r00 s s)) ?x3658 (* (- 6) (* x00 s)) (* 12 (* s00 s)) (* (- 2) (* r00 s00 s)) ?x903 (* 2 (* s s r)) (* 6 (* x s)) (* (- 4) (* s00 s00 r)) ?x2805 ?x987 ?x1013 (* 2 (* s00 s r)) (* (- 36) (* r00 x00 r)) (* 54 (* r00 x)) ?x1084 ?x2337 (* (- 54) (* x00 r)) ?x143 (* 24 (* s00 r)) (* (- 24) (* r00 s)) (* 36 (* r00 r00 x)))))
 (let ((?x1946 (* r00 x)))
 (let ((?x1947 (* 18 ?x1946)))
 (let ((?x633 (* 2 ?x632)))
 (let ((?x904 (+ (* (- 9) (* s r)) ?x623 ?x2907 ?x633 (* 18 (* x r)) (* 6 (* r00 s r)) (* (- 6) ?x1875) ?x691 ?x1947 ?x465 ?x2956 (* (- 18) (* x00 r)) ?x47 (* 9 (* s00 r)) (* 2 (* s00 s)) (* (- 9) (* r00 s)) (* (- 6) (* r00 s00 r)))))
 (let ((?x3076 (+ (* (- 2) (* s r)) (* 12 (* r00 r00 r)) (* (- 3) r) ?x465 ?x47 ?x48 (* (- 4) (* s00 r)) ?x947 ?x535 ?x59 ?x570)))
 (let (($x3311 (= (+ s00 ?x365 (* 3 (* r r)) ?x2270) 0)))
 (and $x3311 (= ?x3076 0) (= ?x904 0) (= ?x558 0) $x2637 $x1654))))))))))))))))))))))))))))))))))))))))))))))))))))))))))))))))))))))))))))))))))))))))))))))))))))))) :qid k!40))
 ))
 (let ((?x2125 (lambda ((r Int) (s Int) (x Int) )(let ((?x2457 (+ 1 r)))
 (let ((?x459 (* r00 s00 ?x2457)))
 (let ((?x887 (* (- 6) ?x459)))
 (let ((?x211 (* 6 r)))
 (let ((?x2737 (+ 3 s ?x211)))
 (let ((?x1755 (* r00 ?x2737)))
 (let ((?x402 (* (- 9) ?x1755)))
 (let ((?x2863 (* s00 ?x2737)))
 (let ((?x2747 (* 2 ?x2863)))
 (let ((?x2370 (* s00 ?x2457)))
 (let ((?x2855 (* 9 ?x2370)))
 (let ((?x3561 (* 18 r)))
 (let ((?x47 (* 3 s)))
 (let ((?x2261 (* x00 ?x2457)))
 (let ((?x2679 (* (- 18) ?x2261)))
 (let ((?x2765 (* r00 r00 s00)))
 (let ((?x2956 (* 6 ?x2765)))
 (let ((?x465 (* (- 3) s00)))
 (let ((?x365 (* (- 1) s)))
 (let ((?x1524 (+ x ?x365)))
 (let ((?x3831 (* r00 ?x1524)))
 (let ((?x3833 (* 18 ?x3831)))
 (let ((?x678 (* s00 s00)))
 (let ((?x691 (* (- 4) ?x678)))
 (let ((?x1015 (* r00 r00 ?x2737)))
 (let ((?x3661 (* (- 6) ?x1015)))
 (let ((?x2591 (* r00 ?x2457 ?x2737)))
 (let ((?x2607 (* 6 ?x2591)))
 (let ((?x2342 (* ?x2457 ?x1524)))
 (let ((?x2343 (* 18 ?x2342)))
 (let ((?x3598 (* ?x2737 ?x2737)))
 (let ((?x3546 (* 2 ?x3598)))
 (let ((?x946 (* r00 s00)))
 (let ((?x2907 (* 9 ?x946)))
 (let ((?x609 (* r00 x00)))
 (let ((?x623 (* (- 18) ?x609)))
 (let ((?x3254 (* ?x2457 ?x2737)))
 (let ((?x2656 (* (- 9) ?x3254)))
 (let ((?x912 (+ 9 ?x2656 ?x623 ?x2907 ?x3546 ?x2343 ?x2607 ?x3661 ?x691 ?x3833 ?x465 ?x2956 ?x2679 ?x47 ?x3561 ?x2855 ?x2747 ?x402 ?x887)))
 (let ((?x1255 (+ 10 (* (- 9) (* ?x2457 ?x1524 ?x2737)) (* (- 3) (* ?x2457 ?x2457 ?x1524 ?x1524)) (* (- 3) (* ?x2457 ?x1524 ?x2737 ?x2737)))))
 (let (($x1112 (not (= (* ?x1255 ?x912) 0))))
 (let ((?x1457 (* x00 x00)))
 (let ((?x1615 (* 108 ?x1457)))
 (let ((?x2895 (* (- 54) r)))
 (let ((?x2534 (* (- 9) s)))
 (let ((?x818 (* (- 36) ?x2765)))
 (let ((?x137 (* 9 s00)))
 (let ((?x3493 (* 51 ?x678)))
 (let ((?x3634 (* 36 ?x1015)))
 (let ((?x1295 (* s00 s00 s00)))
 (let ((?x2367 (* 16 ?x1295)))
 (let ((?x902 (* s00 x00)))
 (let ((?x3562 (* (- 108) ?x902)))
 (let ((?x2944 (* 216 (* r00 r00 r00 s00))))
 (let ((?x995 (* r00 s00 s00)))
 (let ((?x2117 (* (- 108) ?x995)))
 (let ((?x1009 (* r00 r00 r00 x00)))
 (let ((?x3028 (* (- 432) ?x1009)))
 (let ((?x3906 (* (- 36) (* r00 r00 s00 s00))))
 (let ((?x3051 (* (- 54) ?x946)))
 (let ((?x1891 (* 108 ?x609)))
 (let ((?x2470 (* 216 (* r00 s00 x00))))
 (let ((?x544 (+ ?x2470 ?x1891 ?x3051 (* 15 ?x3598) (* (- 216) (* r00 r00 r00 ?x2737)) ?x3906 (* (- 4) (* ?x2737 ?x2737 ?x2737)) (* 108 (* ?x1524 ?x1524)) ?x3028 (* (- 12) (* s00 ?x2737 ?x2737)) (* 108 (* s00 ?x1524)) ?x2117 ?x2944 (* 108 (* x00 ?x2737)) (* 432 (* r00 r00 r00 ?x1524)) (* (- 66) ?x2863) (* 108 (* r00 s00 ?x2737)) ?x3562 (* (- 216) (* r00 s00 ?x1524)) (* 36 (* r00 r00 ?x2737 ?x2737)) ?x2367 (* (- 108) (* ?x1524 ?x2737)) ?x3634 ?x3493 (* (- 108) ?x3831) ?x137 ?x818 ?x2534 ?x2895 (* 54 ?x1755) (* (- 216) (* x00 ?x1524)) ?x1615)))
 (let (($x3597 (not (= ?x544 27))))
 (let ((?x1534 (* 15 ?x678)))
 (let ((?x974 (* r00 r00 x00)))
 (let ((?x975 (* 36 ?x974)))
 (let ((?x3176 (* (- 6) ?x902)))
 (let ((?x847 (* 2 ?x995)))
 (let ((?x819 (* (- 24) ?x946)))
 (let ((?x703 (* 54 ?x609)))
 (let ((?x2058 (+ (* 24 ?x3254) ?x703 (* (- 36) (* r00 ?x2457 ?x1524)) ?x819 (* (- 3) ?x3598) (* (- 54) ?x2342) (* 6 (* s00 ?x1524)) (* (- 4) (* r00 ?x2737 ?x2737)) ?x847 (* 6 (* x00 ?x2737)) (* (- 12) ?x2863) (* 2 (* r00 s00 ?x2737)) ?x3176 (* (- 2) (* ?x2457 ?x2737 ?x2737)) (* (- 6) (* ?x1524 ?x2737)) (* 4 (* s00 s00 ?x2457)) ?x3634 ?x975 ?x1534 (* (- 2) (* s00 ?x2457 ?x2737)) (* 36 (* r00 x00 ?x2457)) (* (- 54) ?x3831) ?x137 ?x818 (* 54 ?x2261) ?x2534 ?x2895 (* (- 24) ?x2370) (* 24 ?x1755) (* (- 36) (* r00 r00 ?x1524)))))
 (let ((?x586 (* (- 3) s)))
 (let ((?x3419 (* (- 6) ?x2765)))
 (let ((?x44 (* 3 s00)))
 (let ((?x679 (* 4 ?x678)))
 (let ((?x2758 (* (- 9) ?x946)))
 (let ((?x610 (* 18 ?x609)))
 (let ((?x1533 (+ (* 9 ?x3254) ?x610 ?x2758 (* (- 2) ?x3598) (* (- 18) ?x2342) (* (- 6) ?x2591) (* 6 ?x1015) ?x679 (* (- 18) ?x3831) ?x44 ?x3419 (* 18 ?x2261) ?x586 (* (- 18) r) (* (- 9) ?x2370) (* (- 2) ?x2863) (* 9 ?x1755) (* 6 ?x459))))
 (let ((?x556 (* r00 r00 r00)))
 (let ((?x557 (* 12 ?x556)))
 (let ((?x588 (* (- 6) x00)))
 (let ((?x56 (* 6 x)))
 (let ((?x996 (* (- 6) ?x946)))
 (let ((?x587 (* (- 3) r00)))
 (let ((?x2326 (+ (* 2 ?x3254) (* (- 12) (* r00 r00 ?x2457)) (* (- 15) r) ?x44 ?x2534 ?x587 (* 4 ?x2370) ?x996 ?x56 ?x588 ?x557)))
 (let ((?x386 (* r00 r00)))
 (let ((?x2270 (* (- 3) ?x386)))
 (let (($x2302 (= (+ s00 ?x365 (* (- 6) r) (* 3 (* ?x2457 ?x2457)) ?x2270) 3)))
 (let (($x1163 (not $x2302)))
 (let (($x2742 (or $x1163 (not (= ?x2326 6)) (not (= ?x1533 9)) (not (= ?x2058 27)) $x3597 $x1112)))
 (let ((?x1875 (* r00 r00 s)))
 (let ((?x2479 (* 36 ?x1875)))
 (let ((?x2049 (+ ?x2470 ?x1891 ?x3051 (* 15 (* s s)) (* (- 216) (* r00 r00 r00 s)) ?x3906 (* (- 4) (* s s s)) (* 108 (* x x)) ?x3028 (* (- 12) (* s00 s s)) (* 108 (* s00 x)) ?x2117 ?x2944 (* 108 (* x00 s)) (* 432 (* r00 r00 r00 x)) (* (- 66) (* s00 s)) (* 108 (* r00 s00 s)) ?x3562 (* (- 216) (* r00 s00 x)) (* 36 (* r00 r00 s s)) ?x2367 (* (- 108) (* x s)) ?x2479 ?x3493 (* (- 108) (* r00 x)) ?x137 ?x818 ?x2534 (* 54 (* r00 s)) (* (- 216) (* x00 x)) ?x1615)))
 (let (($x2637 (= ?x2049 0)))
 (let ((?x3137 (* r00 r00 x)))
 (let ((?x3219 (* (- 36) ?x3137)))
 (let ((?x2464 (* r00 s s)))
 (let ((?x3204 (* (- 4) ?x2464)))
 (let ((?x3572 (+ (* 24 (* s r)) ?x703 (* (- 36) (* r00 x r)) ?x819 (* (- 3) (* s s)) (* (- 54) (* x r)) (* 6 (* s00 x)) ?x3204 ?x847 (* 6 (* x00 s)) (* (- 12) (* s00 s)) (* 2 (* r00 s00 s)) ?x3176 (* (- 2) (* s s r)) (* (- 6) (* x s)) (* 4 (* s00 s00 r)) ?x2479 ?x975 ?x1534 (* (- 2) (* s00 s r)) (* 36 (* r00 x00 r)) (* (- 54) (* r00 x)) ?x137 ?x818 (* 54 (* x00 r)) ?x2534 (* (- 24) (* s00 r)) (* 24 (* r00 s)) ?x3219)))
 (let ((?x1946 (* r00 x)))
 (let ((?x2231 (* (- 18) ?x1946)))
 (let ((?x632 (* s s)))
 (let ((?x2212 (* (- 2) ?x632)))
 (let ((?x3688 (+ (* 9 (* s r)) ?x610 ?x2758 ?x2212 (* (- 18) (* x r)) (* (- 6) (* r00 s r)) (* 6 ?x1875) ?x679 ?x2231 ?x44 ?x3419 (* 18 (* x00 r)) ?x586 (* (- 9) (* s00 r)) (* (- 2) (* s00 s)) (* 9 (* r00 s)) (* 6 (* r00 s00 r)))))
 (let ((?x43 (* 3 r)))
 (let ((?x3645 (+ (* 2 (* s r)) (* (- 12) (* r00 r00 r)) ?x43 ?x44 ?x586 ?x587 (* 4 (* s00 r)) ?x996 ?x56 ?x588 ?x557)))
 (let (($x3311 (= (+ s00 ?x365 (* 3 (* r r)) ?x2270) 0)))
 (let (($x2644 (and $x3311 (= ?x3645 0) (= ?x3688 0) (= ?x3572 0) $x2637 $x2742)))
 (let ((?x143 (* 9 s)))
 (let ((?x2337 (* 36 ?x2765)))
 (let ((?x1084 (* (- 9) s00)))
 (let ((?x1013 (* (- 15) ?x678)))
 (let ((?x987 (* (- 36) ?x974)))
 (let ((?x903 (* 6 ?x902)))
 (let ((?x3658 (* (- 2) ?x995)))
 (let ((?x2669 (* 24 ?x946)))
 (let ((?x646 (* (- 54) ?x609)))
 (let ((?x3304 (+ (* (- 24) ?x3254) ?x646 (* 36 (* r00 ?x2457 ?x1524)) ?x2669 (* 3 ?x3598) (* 54 ?x2342) (* (- 6) (* s00 ?x1524)) (* 4 (* r00 ?x2737 ?x2737)) ?x3658 (* (- 6) (* x00 ?x2737)) (* 12 ?x2863) (* (- 2) (* r00 s00 ?x2737)) ?x903 (* 2 (* ?x2457 ?x2737 ?x2737)) (* 6 (* ?x1524 ?x2737)) (* (- 4) (* s00 s00 ?x2457)) (* (- 36) ?x1015) ?x987 ?x1013 (* 2 (* s00 ?x2457 ?x2737)) (* (- 36) (* r00 x00 ?x2457)) (* 54 ?x3831) ?x1084 ?x2337 (* (- 54) ?x2261) ?x143 (* 54 r) (* 24 ?x2370) (* (- 24) ?x1755) (* 36 (* r00 r00 ?x1524)))))
 (let ((?x1292 (+ ?x2656 ?x623 ?x2907 ?x3546 ?x2343 ?x2607 ?x3661 ?x691 ?x3833 ?x465 ?x2956 ?x2679 ?x47 ?x3561 ?x2855 ?x2747 ?x402 ?x887)))
 (let ((?x570 (* (- 12) ?x556)))
 (let ((?x59 (* 6 x00)))
 (let ((?x535 (* (- 6) x)))
 (let ((?x947 (* 6 ?x946)))
 (let ((?x48 (* 3 r00)))
 (let ((?x845 (+ (* (- 2) ?x3254) (* 12 (* r00 r00 ?x2457)) (* 15 r) ?x465 ?x143 ?x48 (* (- 4) ?x2370) ?x947 ?x535 ?x59 ?x570)))
 (let (($x1654 (or $x1163 (not (= ?x845 (- 6))) (not (= ?x1292 (- 9))) (not (= ?x3304 (- 27))) $x3597 $x1112)))
 (let ((?x2805 (* (- 36) ?x1875)))
 (let ((?x664 (* 3 ?x632)))
 (let ((?x558 (+ (* (- 24) (* s r)) ?x646 (* 36 (* r00 x r)) ?x2669 ?x664 (* 54 (* x r)) (* (- 6) (* s00 x)) (* 4 ?x2464) ?x3658 (* (- 6) (* x00 s)) (* 12 (* s00 s)) (* (- 2) (* r00 s00 s)) ?x903 (* 2 (* s s r)) (* 6 (* x s)) (* (- 4) (* s00 s00 r)) ?x2805 ?x987 ?x1013 (* 2 (* s00 s r)) (* (- 36) (* r00 x00 r)) (* 54 ?x1946) ?x1084 ?x2337 (* (- 54) (* x00 r)) ?x143 (* 24 (* s00 r)) (* (- 24) (* r00 s)) (* 36 ?x3137))))
 (let ((?x1947 (* 18 ?x1946)))
 (let ((?x633 (* 2 ?x632)))
 (let ((?x904 (+ (* (- 9) (* s r)) ?x623 ?x2907 ?x633 (* 18 (* x r)) (* 6 (* r00 s r)) (* (- 6) ?x1875) ?x691 ?x1947 ?x465 ?x2956 (* (- 18) (* x00 r)) ?x47 (* 9 (* s00 r)) (* 2 (* s00 s)) (* (- 9) (* r00 s)) (* (- 6) (* r00 s00 r)))))
 (let ((?x3076 (+ (* (- 2) (* s r)) (* 12 (* r00 r00 r)) (* (- 3) r) ?x465 ?x47 ?x48 (* (- 4) (* s00 r)) ?x947 ?x535 ?x59 ?x570)))
 (let (($x1229 (and $x3311 (= ?x3076 0) (= ?x904 0) (= ?x558 0) $x2637 $x1654)))
 (rewrite (= $x1229 $x2644))))))))))))))))))))))))))))))))))))))))))))))))))))))))))))))))))))))))))))))))))))))))))))))))))))))))))))))))))))))))))))))))))))))))))
 ))
 (let (($x362 (exists ((r Int) (s Int) (x Int) )(! (let ((?x232 (- x s)))
 (let ((?x211 (* 6 r)))
 (let ((?x212 (+ s ?x211 3)))
 (let ((?x215 (+ r 1)))
 (let ((?x355 (- (- 10 (* 9 ?x215 ?x212 ?x232)) (* 3 ?x215 ?x215 ?x232 ?x232))))
 (let ((?x227 (* 3 ?x212)))
 (let ((?x82 (* 6 r00 r00 s00)))
 (let ((?x44 (* 3 s00)))
 (let ((?x76 (* 4 s00 s00)))
 (let ((?x70 (* 9 r00 s00)))
 (let ((?x244 (+ (- (* (- 9) ?x215 ?x212) (* 18 r00 x00)) ?x70 (* 2 ?x212 ?x212) (* 18 ?x215 ?x232) (* 6 ?x215 r00 ?x212))))
 (let ((?x249 (+ (- (- ?x244 (* 6 r00 r00 ?x212)) ?x76) (* 18 r00 ?x232))))
 (let ((?x256 (+ (- (+ (- ?x249 ?x44) ?x82) (* 18 ?x215 x00)) ?x227 (* 9 ?x215 s00) (* 2 ?x212 s00))))
 (let ((?x260 (- (- ?x256 (* 9 r00 ?x212)) (* 6 ?x215 r00 s00))))
 (let ((?x208 (* 108 x00 x00)))
 (let ((?x299 (* 9 ?x212)))
 (let ((?x139 (* 36 r00 r00 s00)))
 (let ((?x137 (* 9 s00)))
 (let ((?x197 (* 51 s00 s00)))
 (let ((?x284 (* 36 r00 r00 ?x212)))
 (let ((?x192 (* 16 s00 s00 s00)))
 (let ((?x186 (* 108 s00 x00)))
 (let ((?x177 (* 216 r00 r00 r00 s00)))
 (let ((?x175 (* 108 r00 s00 s00)))
 (let ((?x169 (* 432 r00 r00 r00 x00)))
 (let ((?x161 (* 36 r00 r00 s00 s00)))
 (let ((?x157 (- (+ (* 216 r00 s00 x00) (* 108 r00 x00)) (* 54 r00 s00))))
 (let ((?x313 (- (- (+ ?x157 (* 15 ?x212 ?x212)) (* 216 r00 r00 r00 ?x212)) ?x161)))
 (let ((?x319 (- (- (+ (- ?x313 (* 4 ?x212 ?x212 ?x212)) (* 108 ?x232 ?x232)) ?x169) (* 12 ?x212 ?x212 s00))))
 (let ((?x325 (+ (- (+ ?x319 (* 108 s00 ?x232)) ?x175) ?x177 (* 108 ?x212 x00) (* 432 r00 r00 r00 ?x232))))
 (let ((?x331 (- (+ (- ?x325 (* 66 ?x212 s00)) (* 108 r00 ?x212 s00)) ?x186)))
 (let ((?x334 (+ (- ?x331 (* 216 r00 s00 ?x232)) (* 36 r00 r00 ?x212 ?x212) ?x192)))
 (let ((?x339 (- (+ (- ?x334 (* 108 ?x212 ?x232)) ?x284 ?x197) (* 108 r00 ?x232))))
 (let ((?x346 (- (+ (- (- (+ ?x339 ?x137) ?x139) ?x299) (* 54 r00 ?x212)) (* 216 ?x232 x00))))
 (let ((?x126 (* 15 s00 s00)))
 (let ((?x124 (* 36 r00 r00 x00)))
 (let ((?x118 (* 6 s00 x00)))
 (let ((?x110 (* 2 r00 s00 s00)))
 (let ((?x102 (* 24 r00 s00)))
 (let ((?x268 (+ (- (* (- 24) ?x215 ?x212) (* 54 r00 x00)) (* 36 ?x215 r00 ?x232) ?x102 (* 3 ?x212 ?x212) (* 54 ?x215 ?x232))))
 (let ((?x274 (- (+ (- ?x268 (* 6 s00 ?x232)) (* 4 r00 ?x212 ?x212)) ?x110)))
 (let ((?x279 (- (+ (- ?x274 (* 6 ?x212 x00)) (* 12 ?x212 s00)) (* 2 r00 ?x212 s00))))
 (let ((?x285 (- (+ ?x279 ?x118 (* 2 ?x215 ?x212 ?x212) (* 6 ?x212 ?x232)) (* 4 ?x215 s00 s00))))
 (let ((?x292 (- (+ (- (- (- ?x285 ?x284) ?x124) ?x126) (* 2 ?x215 ?x212 s00)) (* 36 ?x215 r00 x00))))
 (let ((?x298 (- (+ (- (+ ?x292 (* 54 r00 ?x232)) ?x137) ?x139) (* 54 ?x215 x00))))
 (let ((?x305 (+ (- (+ ?x298 ?x299 (* 24 ?x215 s00)) (* 24 r00 ?x212)) (* 36 r00 r00 ?x232))))
 (let ((?x61 (* 12 r00 r00 r00)))
 (let ((?x59 (* 6 x00)))
 (let ((?x54 (* 6 r00 s00)))
 (let ((?x48 (* 3 r00)))
 (let ((?x225 (- (+ (* (- 2) ?x215 ?x212) (* 12 ?x215 r00 r00)) (* 3 ?x215))))
 (let ((?x234 (- (+ (- (+ (- ?x225 ?x44) ?x227 ?x48) (* 4 ?x215 s00)) ?x54) (* 6 ?x232))))
 (let (($x219 (= (- (+ (- s00 ?x212) (* 3 ?x215 ?x215)) (* 3 r00 r00)) 0)))
 (let (($x360 (or (not $x219) (not (= (- (+ ?x234 ?x59) ?x61) 0)) (not (= ?x260 0)) (not (= ?x305 0)) (not (= (+ ?x346 ?x208) 0)) (not (= (* ?x260 (- ?x355 (* 3 ?x215 ?x212 ?x212 ?x232))) 0)))))
 (let ((?x143 (* 9 s)))
 (let ((?x123 (* 36 r00 r00 s)))
 (let ((?x164 (- (- (+ ?x157 (* 15 s s)) (* 216 r00 r00 r00 s)) ?x161)))
 (let ((?x172 (- (- (+ (- ?x164 (* 4 s s s)) (* 108 x x)) ?x169) (* 12 s s s00))))
 (let ((?x180 (+ (- (+ ?x172 (* 108 s00 x)) ?x175) ?x177 (* 108 s x00) (* 432 r00 r00 r00 x))))
 (let ((?x188 (- (+ (- ?x180 (* 66 s s00)) (* 108 r00 s s00)) ?x186)))
 (let ((?x193 (+ (- ?x188 (* 216 r00 s00 x)) (* 36 r00 r00 s s) ?x192)))
 (let ((?x200 (- (+ (- ?x193 (* 108 s x)) ?x123 ?x197) (* 108 r00 x))))
 (let ((?x207 (- (+ (- (- (+ ?x200 ?x137) ?x139) ?x143) (* 54 r00 s)) (* 216 x x00))))
 (let ((?x105 (+ (- (* (- 24) r s) (* 54 r00 x00)) (* 36 r r00 x) ?x102 (* 3 s s) (* 54 r x))))
 (let ((?x112 (- (+ (- ?x105 (* 6 s00 x)) (* 4 r00 s s)) ?x110)))
 (let ((?x117 (- (+ (- ?x112 (* 6 s x00)) (* 12 s s00)) (* 2 r00 s s00))))
 (let ((?x127 (- (+ ?x117 ?x118 (* 2 r s s) (* 6 s x)) (* 4 r s00 s00))))
 (let ((?x134 (- (+ (- (- (- ?x127 ?x123) ?x124) ?x126) (* 2 r s s00)) (* 36 r r00 x00))))
 (let ((?x142 (- (+ (- (+ ?x134 (* 54 r00 x)) ?x137) ?x139) (* 54 r x00))))
 (let ((?x149 (+ (- (+ ?x142 ?x143 (* 24 r s00)) (* 24 r00 s)) (* 36 r00 r00 x))))
 (let ((?x47 (* 3 s)))
 (let ((?x74 (+ (- (* (- 9) r s) (* 18 r00 x00)) ?x70 (* 2 s s) (* 18 r x) (* 6 r r00 s))))
 (let ((?x80 (+ (- (- ?x74 (* 6 r00 r00 s)) ?x76) (* 18 r00 x))))
 (let ((?x88 (+ (- (+ (- ?x80 ?x44) ?x82) (* 18 r x00)) ?x47 (* 9 r s00) (* 2 s s00))))
 (let (($x93 (= (- (- ?x88 (* 9 r00 s)) (* 6 r r00 s00)) 0)))
 (let ((?x56 (* 6 x)))
 (let ((?x43 (* 3 r)))
 (let ((?x46 (- (- (+ (* (- 2) r s) (* 12 r r00 r00)) ?x43) ?x44)))
 (let ((?x60 (+ (- (+ (- (+ ?x46 ?x47 ?x48) (* 4 r s00)) ?x54) ?x56) ?x59)))
 (let (($x36 (= (- (+ (- s00 s) (* 3 r r)) (* 3 r00 r00)) 0)))
 (and $x36 (= (- ?x60 ?x61) 0) $x93 (= ?x149 0) (= (+ ?x207 ?x208) 0) $x360))))))))))))))))))))))))))))))))))))))))))))))))))))))))))))))))))))))))))))))))) :qid k!40))
 ))
 (let ((?x635 (lambda ((r Int) (s Int) (x Int) )(let ((?x2457 (+ 1 r)))
 (let ((?x459 (* r00 s00 ?x2457)))
 (let ((?x887 (* (- 6) ?x459)))
 (let ((?x211 (* 6 r)))
 (let ((?x2737 (+ 3 s ?x211)))
 (let ((?x1755 (* r00 ?x2737)))
 (let ((?x402 (* (- 9) ?x1755)))
 (let ((?x2863 (* s00 ?x2737)))
 (let ((?x2747 (* 2 ?x2863)))
 (let ((?x2370 (* s00 ?x2457)))
 (let ((?x2855 (* 9 ?x2370)))
 (let ((?x3561 (* 18 r)))
 (let ((?x47 (* 3 s)))
 (let ((?x2261 (* x00 ?x2457)))
 (let ((?x2679 (* (- 18) ?x2261)))
 (let ((?x2765 (* r00 r00 s00)))
 (let ((?x2956 (* 6 ?x2765)))
 (let ((?x465 (* (- 3) s00)))
 (let ((?x365 (* (- 1) s)))
 (let ((?x1524 (+ x ?x365)))
 (let ((?x3831 (* r00 ?x1524)))
 (let ((?x3833 (* 18 ?x3831)))
 (let ((?x678 (* s00 s00)))
 (let ((?x691 (* (- 4) ?x678)))
 (let ((?x1015 (* r00 r00 ?x2737)))
 (let ((?x3661 (* (- 6) ?x1015)))
 (let ((?x2591 (* r00 ?x2457 ?x2737)))
 (let ((?x2607 (* 6 ?x2591)))
 (let ((?x2342 (* ?x2457 ?x1524)))
 (let ((?x2343 (* 18 ?x2342)))
 (let ((?x3598 (* ?x2737 ?x2737)))
 (let ((?x3546 (* 2 ?x3598)))
 (let ((?x946 (* r00 s00)))
 (let ((?x2907 (* 9 ?x946)))
 (let ((?x609 (* r00 x00)))
 (let ((?x623 (* (- 18) ?x609)))
 (let ((?x3254 (* ?x2457 ?x2737)))
 (let ((?x2656 (* (- 9) ?x3254)))
 (let ((?x912 (+ 9 ?x2656 ?x623 ?x2907 ?x3546 ?x2343 ?x2607 ?x3661 ?x691 ?x3833 ?x465 ?x2956 ?x2679 ?x47 ?x3561 ?x2855 ?x2747 ?x402 ?x887)))
 (let ((?x1255 (+ 10 (* (- 9) (* ?x2457 ?x1524 ?x2737)) (* (- 3) (* ?x2457 ?x2457 ?x1524 ?x1524)) (* (- 3) (* ?x2457 ?x1524 ?x2737 ?x2737)))))
 (let (($x1112 (not (= (* ?x1255 ?x912) 0))))
 (let ((?x1457 (* x00 x00)))
 (let ((?x1615 (* 108 ?x1457)))
 (let ((?x2895 (* (- 54) r)))
 (let ((?x2534 (* (- 9) s)))
 (let ((?x818 (* (- 36) ?x2765)))
 (let ((?x137 (* 9 s00)))
 (let ((?x3493 (* 51 ?x678)))
 (let ((?x3634 (* 36 ?x1015)))
 (let ((?x1295 (* s00 s00 s00)))
 (let ((?x2367 (* 16 ?x1295)))
 (let ((?x902 (* s00 x00)))
 (let ((?x3562 (* (- 108) ?x902)))
 (let ((?x2944 (* 216 (* r00 r00 r00 s00))))
 (let ((?x995 (* r00 s00 s00)))
 (let ((?x2117 (* (- 108) ?x995)))
 (let ((?x1009 (* r00 r00 r00 x00)))
 (let ((?x3028 (* (- 432) ?x1009)))
 (let ((?x3906 (* (- 36) (* r00 r00 s00 s00))))
 (let ((?x3051 (* (- 54) ?x946)))
 (let ((?x1891 (* 108 ?x609)))
 (let ((?x2470 (* 216 (* r00 s00 x00))))
 (let ((?x544 (+ ?x2470 ?x1891 ?x3051 (* 15 ?x3598) (* (- 216) (* r00 r00 r00 ?x2737)) ?x3906 (* (- 4) (* ?x2737 ?x2737 ?x2737)) (* 108 (* ?x1524 ?x1524)) ?x3028 (* (- 12) (* s00 ?x2737 ?x2737)) (* 108 (* s00 ?x1524)) ?x2117 ?x2944 (* 108 (* x00 ?x2737)) (* 432 (* r00 r00 r00 ?x1524)) (* (- 66) ?x2863) (* 108 (* r00 s00 ?x2737)) ?x3562 (* (- 216) (* r00 s00 ?x1524)) (* 36 (* r00 r00 ?x2737 ?x2737)) ?x2367 (* (- 108) (* ?x1524 ?x2737)) ?x3634 ?x3493 (* (- 108) ?x3831) ?x137 ?x818 ?x2534 ?x2895 (* 54 ?x1755) (* (- 216) (* x00 ?x1524)) ?x1615)))
 (let (($x3597 (not (= ?x544 27))))
 (let ((?x143 (* 9 s)))
 (let ((?x2337 (* 36 ?x2765)))
 (let ((?x1084 (* (- 9) s00)))
 (let ((?x1013 (* (- 15) ?x678)))
 (let ((?x974 (* r00 r00 x00)))
 (let ((?x987 (* (- 36) ?x974)))
 (let ((?x903 (* 6 ?x902)))
 (let ((?x3658 (* (- 2) ?x995)))
 (let ((?x2669 (* 24 ?x946)))
 (let ((?x646 (* (- 54) ?x609)))
 (let ((?x3304 (+ (* (- 24) ?x3254) ?x646 (* 36 (* r00 ?x2457 ?x1524)) ?x2669 (* 3 ?x3598) (* 54 ?x2342) (* (- 6) (* s00 ?x1524)) (* 4 (* r00 ?x2737 ?x2737)) ?x3658 (* (- 6) (* x00 ?x2737)) (* 12 ?x2863) (* (- 2) (* r00 s00 ?x2737)) ?x903 (* 2 (* ?x2457 ?x2737 ?x2737)) (* 6 (* ?x1524 ?x2737)) (* (- 4) (* s00 s00 ?x2457)) (* (- 36) ?x1015) ?x987 ?x1013 (* 2 (* s00 ?x2457 ?x2737)) (* (- 36) (* r00 x00 ?x2457)) (* 54 ?x3831) ?x1084 ?x2337 (* (- 54) ?x2261) ?x143 (* 54 r) (* 24 ?x2370) (* (- 24) ?x1755) (* 36 (* r00 r00 ?x1524)))))
 (let ((?x1292 (+ ?x2656 ?x623 ?x2907 ?x3546 ?x2343 ?x2607 ?x3661 ?x691 ?x3833 ?x465 ?x2956 ?x2679 ?x47 ?x3561 ?x2855 ?x2747 ?x402 ?x887)))
 (let ((?x556 (* r00 r00 r00)))
 (let ((?x570 (* (- 12) ?x556)))
 (let ((?x59 (* 6 x00)))
 (let ((?x535 (* (- 6) x)))
 (let ((?x947 (* 6 ?x946)))
 (let ((?x48 (* 3 r00)))
 (let ((?x845 (+ (* (- 2) ?x3254) (* 12 (* r00 r00 ?x2457)) (* 15 r) ?x465 ?x143 ?x48 (* (- 4) ?x2370) ?x947 ?x535 ?x59 ?x570)))
 (let ((?x386 (* r00 r00)))
 (let ((?x2270 (* (- 3) ?x386)))
 (let (($x2302 (= (+ s00 ?x365 (* (- 6) r) (* 3 (* ?x2457 ?x2457)) ?x2270) 3)))
 (let (($x1163 (not $x2302)))
 (let (($x1654 (or $x1163 (not (= ?x845 (- 6))) (not (= ?x1292 (- 9))) (not (= ?x3304 (- 27))) $x3597 $x1112)))
 (let ((?x1875 (* r00 r00 s)))
 (let ((?x2479 (* 36 ?x1875)))
 (let ((?x2049 (+ ?x2470 ?x1891 ?x3051 (* 15 (* s s)) (* (- 216) (* r00 r00 r00 s)) ?x3906 (* (- 4) (* s s s)) (* 108 (* x x)) ?x3028 (* (- 12) (* s00 s s)) (* 108 (* s00 x)) ?x2117 ?x2944 (* 108 (* x00 s)) (* 432 (* r00 r00 r00 x)) (* (- 66) (* s00 s)) (* 108 (* r00 s00 s)) ?x3562 (* (- 216) (* r00 s00 x)) (* 36 (* r00 r00 s s)) ?x2367 (* (- 108) (* x s)) ?x2479 ?x3493 (* (- 108) (* r00 x)) ?x137 ?x818 ?x2534 (* 54 (* r00 s)) (* (- 216) (* x00 x)) ?x1615)))
 (let (($x2637 (= ?x2049 0)))
 (let ((?x2805 (* (- 36) ?x1875)))
 (let ((?x632 (* s s)))
 (let ((?x664 (* 3 ?x632)))
 (let ((?x558 (+ (* (- 24) (* s r)) ?x646 (* 36 (* r00 x r)) ?x2669 ?x664 (* 54 (* x r)) (* (- 6) (* s00 x)) (* 4 (* r00 s s)) ?x3658 (* (- 6) (* x00 s)) (* 12 (* s00 s)) (* (- 2) (* r00 s00 s)) ?x903 (* 2 (* s s r)) (* 6 (* x s)) (* (- 4) (* s00 s00 r)) ?x2805 ?x987 ?x1013 (* 2 (* s00 s r)) (* (- 36) (* r00 x00 r)) (* 54 (* r00 x)) ?x1084 ?x2337 (* (- 54) (* x00 r)) ?x143 (* 24 (* s00 r)) (* (- 24) (* r00 s)) (* 36 (* r00 r00 x)))))
 (let ((?x1946 (* r00 x)))
 (let ((?x1947 (* 18 ?x1946)))
 (let ((?x633 (* 2 ?x632)))
 (let ((?x904 (+ (* (- 9) (* s r)) ?x623 ?x2907 ?x633 (* 18 (* x r)) (* 6 (* r00 s r)) (* (- 6) ?x1875) ?x691 ?x1947 ?x465 ?x2956 (* (- 18) (* x00 r)) ?x47 (* 9 (* s00 r)) (* 2 (* s00 s)) (* (- 9) (* r00 s)) (* (- 6) (* r00 s00 r)))))
 (let ((?x3076 (+ (* (- 2) (* s r)) (* 12 (* r00 r00 r)) (* (- 3) r) ?x465 ?x47 ?x48 (* (- 4) (* s00 r)) ?x947 ?x535 ?x59 ?x570)))
 (let (($x3311 (= (+ s00 ?x365 (* 3 (* r r)) ?x2270) 0)))
 (let (($x1229 (and $x3311 (= ?x3076 0) (= ?x904 0) (= ?x558 0) $x2637 $x1654)))
 (let ((?x232 (- x s)))
 (let ((?x212 (+ s ?x211 3)))
 (let ((?x215 (+ r 1)))
 (let ((?x355 (- (- 10 (* 9 ?x215 ?x212 ?x232)) (* 3 ?x215 ?x215 ?x232 ?x232))))
 (let ((?x227 (* 3 ?x212)))
 (let ((?x82 (* 6 r00 r00 s00)))
 (let ((?x44 (* 3 s00)))
 (let ((?x76 (* 4 s00 s00)))
 (let ((?x70 (* 9 r00 s00)))
 (let ((?x244 (+ (- (* (- 9) ?x215 ?x212) (* 18 r00 x00)) ?x70 (* 2 ?x212 ?x212) (* 18 ?x215 ?x232) (* 6 ?x215 r00 ?x212))))
 (let ((?x249 (+ (- (- ?x244 (* 6 r00 r00 ?x212)) ?x76) (* 18 r00 ?x232))))
 (let ((?x256 (+ (- (+ (- ?x249 ?x44) ?x82) (* 18 ?x215 x00)) ?x227 (* 9 ?x215 s00) (* 2 ?x212 s00))))
 (let ((?x260 (- (- ?x256 (* 9 r00 ?x212)) (* 6 ?x215 r00 s00))))
 (let ((?x208 (* 108 x00 x00)))
 (let ((?x299 (* 9 ?x212)))
 (let ((?x139 (* 36 r00 r00 s00)))
 (let ((?x197 (* 51 s00 s00)))
 (let ((?x284 (* 36 r00 r00 ?x212)))
 (let ((?x192 (* 16 s00 s00 s00)))
 (let ((?x186 (* 108 s00 x00)))
 (let ((?x177 (* 216 r00 r00 r00 s00)))
 (let ((?x175 (* 108 r00 s00 s00)))
 (let ((?x169 (* 432 r00 r00 r00 x00)))
 (let ((?x161 (* 36 r00 r00 s00 s00)))
 (let ((?x157 (- (+ (* 216 r00 s00 x00) (* 108 r00 x00)) (* 54 r00 s00))))
 (let ((?x313 (- (- (+ ?x157 (* 15 ?x212 ?x212)) (* 216 r00 r00 r00 ?x212)) ?x161)))
 (let ((?x319 (- (- (+ (- ?x313 (* 4 ?x212 ?x212 ?x212)) (* 108 ?x232 ?x232)) ?x169) (* 12 ?x212 ?x212 s00))))
 (let ((?x325 (+ (- (+ ?x319 (* 108 s00 ?x232)) ?x175) ?x177 (* 108 ?x212 x00) (* 432 r00 r00 r00 ?x232))))
 (let ((?x331 (- (+ (- ?x325 (* 66 ?x212 s00)) (* 108 r00 ?x212 s00)) ?x186)))
 (let ((?x334 (+ (- ?x331 (* 216 r00 s00 ?x232)) (* 36 r00 r00 ?x212 ?x212) ?x192)))
 (let ((?x339 (- (+ (- ?x334 (* 108 ?x212 ?x232)) ?x284 ?x197) (* 108 r00 ?x232))))
 (let ((?x346 (- (+ (- (- (+ ?x339 ?x137) ?x139) ?x299) (* 54 r00 ?x212)) (* 216 ?x232 x00))))
 (let ((?x126 (* 15 s00 s00)))
 (let ((?x124 (* 36 r00 r00 x00)))
 (let ((?x118 (* 6 s00 x00)))
 (let ((?x110 (* 2 r00 s00 s00)))
 (let ((?x102 (* 24 r00 s00)))
 (let ((?x268 (+ (- (* (- 24) ?x215 ?x212) (* 54 r00 x00)) (* 36 ?x215 r00 ?x232) ?x102 (* 3 ?x212 ?x212) (* 54 ?x215 ?x232))))
 (let ((?x274 (- (+ (- ?x268 (* 6 s00 ?x232)) (* 4 r00 ?x212 ?x212)) ?x110)))
 (let ((?x279 (- (+ (- ?x274 (* 6 ?x212 x00)) (* 12 ?x212 s00)) (* 2 r00 ?x212 s00))))
 (let ((?x285 (- (+ ?x279 ?x118 (* 2 ?x215 ?x212 ?x212) (* 6 ?x212 ?x232)) (* 4 ?x215 s00 s00))))
 (let ((?x292 (- (+ (- (- (- ?x285 ?x284) ?x124) ?x126) (* 2 ?x215 ?x212 s00)) (* 36 ?x215 r00 x00))))
 (let ((?x298 (- (+ (- (+ ?x292 (* 54 r00 ?x232)) ?x137) ?x139) (* 54 ?x215 x00))))
 (let ((?x305 (+ (- (+ ?x298 ?x299 (* 24 ?x215 s00)) (* 24 r00 ?x212)) (* 36 r00 r00 ?x232))))
 (let ((?x61 (* 12 r00 r00 r00)))
 (let ((?x54 (* 6 r00 s00)))
 (let ((?x225 (- (+ (* (- 2) ?x215 ?x212) (* 12 ?x215 r00 r00)) (* 3 ?x215))))
 (let ((?x234 (- (+ (- (+ (- ?x225 ?x44) ?x227 ?x48) (* 4 ?x215 s00)) ?x54) (* 6 ?x232))))
 (let (($x219 (= (- (+ (- s00 ?x212) (* 3 ?x215 ?x215)) (* 3 r00 r00)) 0)))
 (let (($x360 (or (not $x219) (not (= (- (+ ?x234 ?x59) ?x61) 0)) (not (= ?x260 0)) (not (= ?x305 0)) (not (= (+ ?x346 ?x208) 0)) (not (= (* ?x260 (- ?x355 (* 3 ?x215 ?x212 ?x212 ?x232))) 0)))))
 (let ((?x123 (* 36 r00 r00 s)))
 (let ((?x164 (- (- (+ ?x157 (* 15 s s)) (* 216 r00 r00 r00 s)) ?x161)))
 (let ((?x172 (- (- (+ (- ?x164 (* 4 s s s)) (* 108 x x)) ?x169) (* 12 s s s00))))
 (let ((?x180 (+ (- (+ ?x172 (* 108 s00 x)) ?x175) ?x177 (* 108 s x00) (* 432 r00 r00 r00 x))))
 (let ((?x188 (- (+ (- ?x180 (* 66 s s00)) (* 108 r00 s s00)) ?x186)))
 (let ((?x193 (+ (- ?x188 (* 216 r00 s00 x)) (* 36 r00 r00 s s) ?x192)))
 (let ((?x200 (- (+ (- ?x193 (* 108 s x)) ?x123 ?x197) (* 108 r00 x))))
 (let ((?x207 (- (+ (- (- (+ ?x200 ?x137) ?x139) ?x143) (* 54 r00 s)) (* 216 x x00))))
 (let ((?x105 (+ (- (* (- 24) r s) (* 54 r00 x00)) (* 36 r r00 x) ?x102 (* 3 s s) (* 54 r x))))
 (let ((?x112 (- (+ (- ?x105 (* 6 s00 x)) (* 4 r00 s s)) ?x110)))
 (let ((?x117 (- (+ (- ?x112 (* 6 s x00)) (* 12 s s00)) (* 2 r00 s s00))))
 (let ((?x127 (- (+ ?x117 ?x118 (* 2 r s s) (* 6 s x)) (* 4 r s00 s00))))
 (let ((?x134 (- (+ (- (- (- ?x127 ?x123) ?x124) ?x126) (* 2 r s s00)) (* 36 r r00 x00))))
 (let ((?x142 (- (+ (- (+ ?x134 (* 54 r00 x)) ?x137) ?x139) (* 54 r x00))))
 (let ((?x149 (+ (- (+ ?x142 ?x143 (* 24 r s00)) (* 24 r00 s)) (* 36 r00 r00 x))))
 (let ((?x74 (+ (- (* (- 9) r s) (* 18 r00 x00)) ?x70 (* 2 s s) (* 18 r x) (* 6 r r00 s))))
 (let ((?x80 (+ (- (- ?x74 (* 6 r00 r00 s)) ?x76) (* 18 r00 x))))
 (let ((?x88 (+ (- (+ (- ?x80 ?x44) ?x82) (* 18 r x00)) ?x47 (* 9 r s00) (* 2 s s00))))
 (let (($x93 (= (- (- ?x88 (* 9 r00 s)) (* 6 r r00 s00)) 0)))
 (let ((?x56 (* 6 x)))
 (let ((?x43 (* 3 r)))
 (let ((?x46 (- (- (+ (* (- 2) r s) (* 12 r r00 r00)) ?x43) ?x44)))
 (let ((?x60 (+ (- (+ (- (+ ?x46 ?x47 ?x48) (* 4 r s00)) ?x54) ?x56) ?x59)))
 (let (($x36 (= (- (+ (- s00 s) (* 3 r r)) (* 3 r00 r00)) 0)))
 (let (($x361 (and $x36 (= (- ?x60 ?x61) 0) $x93 (= ?x149 0) (= (+ ?x207 ?x208) 0) $x360)))
 (rewrite (= $x361 $x1229)))))))))))))))))))))))))))))))))))))))))))))))))))))))))))))))))))))))))))))))))))))))))))))))))))))))))))))))))))))))))))))))))))))))))))))))))))))))))))))))))))))))))))))))))))))
 ))
 (let ((@x363 (asserted $x362)))
 (let ((@x1670 (mp (mp @x363 (quant-intro (proof-bind ?x635) (= $x362 $x2829)) $x2829) (rewrite (= $x2829 $x2829)) $x2829)))
 (let ((@x3371 (mp (mp @x1670 (quant-intro (proof-bind ?x2125) (= $x2829 $x2485)) $x2485) (quant-intro (proof-bind ?x2799) (= $x2485 $x1852)) $x1852)))
 (let ((@x1365 (mp (mp~ @x3371 (sk (~ $x1852 $x3575)) $x3575) (rewrite (= $x3575 $x3694)) $x3694)))
 (let ((@x869 (and-elim @x1365 $x2438)))
 (let ((@x3027 (unit-resolution ((_ th-lemma arith triangle-eq) (or $x951 $x3710)) @x869 $x3710)))
 (let (($x1314 (>= ?x4163 0)))
 (let ((@x3748 (unit-resolution ((_ th-lemma arith triangle-eq) (or $x951 $x1314)) @x869 $x1314)))
 (let (($x3916 (<= ?x1828 0)))
 (let (($x1338 (<= ?x2288 0)))
 (let ((@x3732 (and-elim @x1365 $x3474)))
 (let ((@x3757 (unit-resolution ((_ th-lemma arith triangle-eq) (or (not $x3474) $x1338)) @x3732 $x1338)))
 (let (($x3753 (>= ?x2288 0)))
 (let ((@x2409 (unit-resolution ((_ th-lemma arith triangle-eq) (or (not $x3474) $x3753)) @x3732 $x3753)))
 (let (($x1740 (<= ?x2560 0)))
 (let ((@x405 (and-elim @x1365 $x2565)))
 (let ((@x2289 (unit-resolution ((_ th-lemma arith triangle-eq) (or (not $x2565) $x1740)) @x405 $x1740)))
 (let (($x1098 (>= ?x2560 0)))
 (let ((@x3937 (unit-resolution ((_ th-lemma arith triangle-eq) (or (not $x2565) $x1098)) @x405 $x1098)))
 (let ((@x3140 ((_ th-lemma arith) (hypothesis (not $x3916)) @x3748 @x3027 @x3937 @x2289 @x3937 @x2289 @x3748 @x3027 @x3748 @x3027 @x2409 @x3757 false)))
 (let ((@x2142 (lemma @x3140 $x3916)))
 (let (($x4188 (>= ?x1828 0)))
 (let ((@x1088 ((_ th-lemma arith) (hypothesis (not $x4188)) @x3748 @x3027 @x3937 @x2289 @x3937 @x2289 @x3748 @x3027 @x3748 @x3027 @x2409 @x3757 false)))
 (let ((@x2101 (lemma @x1088 $x4188)))
 (let (($x1104 (<= ?x3363 0)))
 (let ((@x2684 (and-elim @x1365 $x3356)))
 (let ((@x970 (unit-resolution ((_ th-lemma arith triangle-eq) (or (not $x3356) $x1104)) @x2684 $x1104)))
 (let (($x4209 (>= ?x3363 0)))
 (let ((@x3949 (unit-resolution ((_ th-lemma arith triangle-eq) (or (not $x3356) $x4209)) @x2684 $x4209)))
 (let (($x2427 (not (<= ?x760 0))))
 (let (($x3141 (>= ?x760 0)))
 (let ((@x510 ((_ th-lemma arith) (hypothesis (not $x3141)) @x3748 @x3027 @x3949 @x970 @x3937 @x2289 @x2101 @x2142 @x3748 @x3027 false)))
 (let (($x3714 (>= ?x3613 0)))
 (let (($x4200 (<= ?x971 0)))
 (let ((@x3733 (and-elim @x1365 $x965)))
 (let ((@x1325 (unit-resolution ((_ th-lemma arith triangle-eq) (or (not $x965) $x4200)) @x3733 $x4200)))
 (let (($x1816 (>= ?x971 0)))
 (let ((@x3724 (unit-resolution ((_ th-lemma arith triangle-eq) (or (not $x965) $x1816)) @x3733 $x1816)))
 (let ((@x3322 ((_ th-lemma arith) (hypothesis (not $x3714)) @x3748 @x3027 @x3937 @x2289 @x2409 @x3757 @x2101 @x2142 @x3748 @x3027 @x3937 @x2289 @x2101 @x2142 @x3949 @x970 @x3949 @x970 @x3748 @x3027 @x3724 @x1325 @x3937 @x2289 @x2101 @x2142 @x3949 @x970 @x2101 @x2142 @x3748 @x3027 @x3724 @x1325 @x2409 @x3757 @x3949 @x970 @x3937 @x2289 @x3748 @x3027 @x3937 @x2289 @x2409 @x3757 @x3748 @x3027 false)))
 (let (($x1536 (<= ?x3613 0)))
 (let ((@x3655 ((_ th-lemma arith) (hypothesis (not $x1536)) @x3748 @x3027 @x3937 @x2289 @x2409 @x3757 @x2101 @x2142 @x3748 @x3027 @x3724 @x1325 @x3937 @x2289 @x3949 @x970 @x3949 @x970 @x3748 @x3027 @x3724 @x1325 @x2409 @x3757 @x3949 @x970 @x3937 @x2289 @x3748 @x3027 @x3937 @x2289 @x2409 @x3757 @x3748 @x3027 false)))
 (let ((@x953 (unit-resolution ((_ th-lemma arith triangle-eq) (or $x3617 (not $x1536) (not $x3714))) (lemma @x3655 $x1536) (or $x3617 (not $x3714)))))
 (let (($x3451 (<= ?x4172 0)))
 (let ((@x631 ((_ th-lemma arith eq-propagate 0 0 0) @x2101 @x2142 (lemma ((_ th-lemma arith farkas 1 1 1) (hypothesis (not $x3451)) @x2101 @x2142 false) $x3451) $x2711)))
 (let ((@x2567 (unit-resolution ((_ th-lemma arith triangle-eq) (or $x1834 (not $x3916) (not $x4188))) @x2142 @x2101 $x1834)))
 (let ((@x506 (unit-resolution (hypothesis $x952) ((_ th-lemma arith eq-propagate -4 -4 -1 -1) @x3748 @x3027 @x2409 @x3757 $x2633) false)))
 (let ((@x2469 (unit-resolution (and-elim @x1365 $x1076) @x869 (or $x952 $x693 $x694 $x1573 $x3553))))
 (let ((@x2419 (unit-resolution (unit-resolution @x2469 (lemma @x506 $x2633) @x2567 (or $x694 $x1573 $x3553)) @x631 (or $x694 $x1573))))
 (let ((@x2074 (unit-resolution @x2419 (unit-resolution @x953 (lemma @x3322 $x3714) $x3617) $x694)))
 (let ((@x1358 (unit-resolution ((_ th-lemma arith triangle-eq) (or $x1571 $x2427 (not $x3141))) @x2074 (or $x2427 (not $x3141)))))
 ((_ th-lemma arith) (unit-resolution @x1358 (lemma @x510 $x3141) $x2427) @x3748 @x3027 @x3949 @x970 @x3937 @x2289 @x2101 @x2142 @x3748 @x3027 false))))))))))))))))))))))))))))))))))))))))))))))))))))))))))))))))))))))))))))))))))))))))))))))))))))))))))))))))))))))))))))))))))))))))))))))))))))))))))))))))))))))))))))))))))))))))))))))))))))))))))))))))))))))))))))))))))))))))))))))))))))))))))))))))))))))))))))))))

(:added-eqs                 11
 :arith-assert-diseq        11
 :arith-assert-lower        96
 :arith-assert-upper        117
 :arith-branch-var          5
 :arith-conflicts           7
 :arith-eq-adapter          10
 :arith-fixed-eqs           2
 :arith-gcd-tests           45
 :arith-grobner             6
 :arith-ineq-splits         5
 :arith-max-min             1746
 :arith-nonlinear-bounds    77
 :arith-nonlinear-horner    49
 :arith-num-rows            10
 :arith-patches             13
 :arith-patches_succ        3
 :arith-pivots              17
 :arith-pseudo-nonlinear    2
 :arith-row-summations      28
 :arith-tableau-max-columns 154
 :arith-tableau-max-rows    10
 :conflicts                 8
 :decisions                 113
 :del-clause                36
 :final-checks              23
 :max-memory                7.01
 :memory                    3.59
 :mk-bool-var               128
 :mk-clause                 36
 :num-allocs                37457078674.00
 :num-checks                1
 :propagations              50
 :rlimit-count              12729594
 :time                      7.39
 :total-time                7.38)
