unsat
((set-logic NIA)
(declare-fun r!2 () Int)
(declare-fun s!1 () Int)
(declare-fun x!0 () Int)
(proof
(let ((?x3771 (* s!1 r!2)))
 (let ((?x2273 (* 2 ?x3771)))
 (let ((?x3150 (* 3 r!2)))
 (let ((?x3248 (* (- 3) s!1)))
 (let ((?x2767 (* 6 x!0)))
 (let ((?x2796 (* r00 r00 r!2)))
 (let ((?x2045 (* (- 12) ?x2796)))
 (let ((?x2534 (* s00 r!2)))
 (let ((?x1356 (* 4 ?x2534)))
 (let ((?x552 (* r00 r00 r00)))
 (let ((?x553 (* 12 ?x552)))
 (let ((?x509 (* s00 r00)))
 (let ((?x587 (* (- 6) ?x509)))
 (let ((?x584 (* (- 6) x00)))
 (let ((?x583 (* (- 3) r00)))
 (let ((?x44 (* 3 s00)))
 (let ((?x2506 (+ ?x44 ?x583 ?x584 ?x587 ?x553 ?x1356 ?x2045 ?x2767 ?x3248 ?x3150 ?x2273)))
 (let (($x1761 (<= ?x2506 0)))
 (let (($x1762 (= ?x2506 0)))
 (let ((?x1055 (* 9 r!2)))
 (let ((?x1056 (* (- 12) s!1)))
 (let ((?x1790 (* 18 x!0)))
 (let ((?x1412 (* r!2 r!2)))
 (let ((?x3068 (* 18 ?x1412)))
 (let ((?x730 (* s00 r00 r00)))
 (let ((?x731 (* 6 ?x730)))
 (let ((?x674 (* s00 s00)))
 (let ((?x687 (* (- 4) ?x674)))
 (let ((?x605 (* r00 x00)))
 (let ((?x619 (* (- 18) ?x605)))
 (let ((?x2171 (* 3 ?x509)))
 (let ((?x464 (* s!1 s!1)))
 (let ((?x465 (* 2 ?x464)))
 (let ((?x382 (* r00 r00)))
 (let ((?x1893 (* (- 18) ?x382)))
 (let ((?x2012 (* (- 18) x00)))
 (let ((?x2875 (* (- 9) r00)))
 (let ((?x2069 (* 12 s00)))
 (let ((?x3920 (+ ?x2069 ?x2875 ?x2012 ?x1893 ?x465 (* 2 (* s00 s!1)) ?x2171 (* (- 6) (* s00 r00 r!2)) ?x619 ?x687 ?x731 (* 18 (* r00 x!0)) ?x3068 (* 6 (* r00 s!1 r!2)) (* 21 ?x2534) (* (- 36) ?x2796) (* 36 (* r00 r!2 r!2)) (* (- 18) (* x00 r!2)) (* (- 6) (* r00 r00 s!1)) (* (- 21) (* r00 s!1)) ?x1790 ?x1056 ?x1055 (* (- 3) ?x3771) (* 18 (* x!0 r!2)))))
 (let ((?x3316 (* 4 r!2)))
 (let ((?x733 (* 36 s!1)))
 (let ((?x2269 (* (- 36) x!0)))
 (let ((?x2165 (* s!1 s!1 r!2)))
 (let ((?x2779 (* 72 ?x2165)))
 (let ((?x1905 (* s!1 s!1 s!1)))
 (let ((?x609 (* 4 ?x1905)))
 (let ((?x2635 (* 2 ?x1412)))
 (let ((?x1164 (* 24 ?x464)))
 (let ((?x2489 (+ 2 ?x1164 (* (- 4) (* x!0 s!1 s!1)) ?x2635 (* (- 288) (* x!0 r!2 r!2)) ?x609 ?x2779 (* (- 24) (* x!0 s!1)) (* (- 72) (* x!0 s!1 r!2)) (* 4 (* s!1 s!1 s!1 r!2)) (* 288 (* s!1 r!2 r!2)) (* 144 (* s!1 r!2 r!2 r!2)) (* (- 48) (* x!0 s!1 r!2 r!2)) ?x2269 ?x733 ?x3316 (* (- 4) (* x!0 s!1 s!1 r!2)) (* 48 (* s!1 s!1 r!2 r!2)) (* 180 ?x3771) (* (- 144) (* x!0 r!2 r!2 r!2)) (* (- 180) (* x!0 r!2)))))
 (let (($x2485 (= (* ?x2489 ?x3920) 0)))
 (let (($x2958 (not $x2485)))
 (let ((?x3762 (* r!2 r!2 r!2)))
 (let ((?x3855 (* 864 ?x3762)))
 (let ((?x1059 (* 162 r!2)))
 (let ((?x857 (* (- 297) s!1)))
 (let ((?x3122 (* 324 x!0)))
 (let ((?x2632 (* x!0 x!0)))
 (let ((?x1778 (* (- 108) ?x2632)))
 (let ((?x1453 (* x00 x00)))
 (let ((?x1483 (* (- 108) ?x1453)))
 (let ((?x622 (* 756 ?x1412)))
 (let ((?x1291 (* s00 s00 s00)))
 (let ((?x1482 (* (- 16) ?x1291)))
 (let ((?x1179 (* s00 r00 r00 r00)))
 (let ((?x1478 (* (- 216) ?x1179)))
 (let ((?x1005 (* r00 r00 r00 x00)))
 (let ((?x1006 (* 432 ?x1005)))
 (let ((?x898 (* s00 x00)))
 (let ((?x1236 (* 108 ?x898)))
 (let ((?x862 (* s00 s00 r00 r00)))
 (let ((?x863 (* 36 ?x862)))
 (let ((?x775 (* s00 s00 r00)))
 (let ((?x1133 (* 108 ?x775)))
 (let ((?x1093 (* 36 ?x730)))
 (let ((?x1472 (* (- 51) ?x674)))
 (let ((?x1469 (* (- 108) ?x605)))
 (let ((?x601 (* s00 r00 x00)))
 (let ((?x1468 (* (- 216) ?x601)))
 (let ((?x4010 (* 648 ?x552)))
 (let ((?x2465 (* (- 270) ?x509)))
 (let ((?x945 (* (- 195) ?x464)))
 (let ((?x2671 (* (- 432) ?x382)))
 (let ((?x4004 (* (- 324) x00)))
 (let ((?x2668 (* (- 162) r00)))
 (let ((?x4003 (* 297 s00)))
 (let ((?x3455 (+ ?x4003 ?x2668 ?x4004 ?x2671 ?x945 (* 246 (* s00 s!1)) ?x2465 (* (- 432) (* r00 r00 s!1 r!2)) ?x4010 (* (- 648) (* s00 r00 r!2)) ?x1468 ?x1469 ?x1472 ?x1093 ?x1133 ?x863 ?x1236 (* (- 36) (* r00 r00 s!1 s!1)) (* 216 (* s00 r00 x!0)) (* 12 (* s00 s!1 s!1)) (* (- 432) (* r00 r00 r00 x!0)) (* (- 324) (* s00 r00 s!1)) ?x1006 (* 108 (* r00 x!0)) ?x1478 (* 432 (* s00 r!2 r!2)) ?x1482 ?x622 ?x1483 (* (- 324) (* r00 r!2)) (* 216 (* x00 x!0)) ?x609 (* (- 324) (* x00 s!1)) ?x2779 (* 324 (* x!0 s!1)) (* 144 (* s00 s!1 r!2)) (* 828 ?x2534) ?x1778 (* (- 1512) ?x2796) (* 432 (* s!1 r!2 r!2)) (* 1296 (* r00 r00 r00 r!2)) (* (- 648) (* x00 r!2)) (* (- 252) (* r00 r00 s!1)) (* (- 162) (* r00 s!1)) ?x3122 ?x857 ?x1059 (* 648 (* r00 r00 r00 s!1)) ?x3855 (* (- 396) ?x3771) (* (- 1296) (* r00 r00 r!2 r!2)) (* 648 (* x!0 r!2)) (* (- 108) (* s00 x!0)))))
 (let (($x2483 (= ?x3455 0)))
 (let (($x2778 (not $x2483)))
 (let ((?x3891 (* 72 ?x3762)))
 (let ((?x3027 (* 36 r!2)))
 (let ((?x3036 (* (- 57) s!1)))
 (let ((?x3038 (* 72 x!0)))
 (let ((?x3033 (* 108 ?x1412)))
 (let ((?x970 (* r00 r00 x00)))
 (let ((?x983 (* (- 36) ?x970)))
 (let ((?x899 (* 6 ?x898)))
 (let ((?x793 (* (- 2) ?x775)))
 (let ((?x2403 (* (- 19) ?x674)))
 (let ((?x698 (* (- 90) ?x605)))
 (let ((?x685 (* 18 ?x509)))
 (let ((?x718 (* (- 1) ?x464)))
 (let ((?x645 (* (- 108) ?x382)))
 (let ((?x640 (* (- 72) x00)))
 (let ((?x3410 (* (- 36) r00)))
 (let ((?x639 (* 57 s00)))
 (let ((?x3625 (+ ?x639 ?x3410 ?x640 ?x645 ?x718 (* 20 (* s00 s!1)) ?x685 (* (- 12) (* s00 r00 r!2)) ?x698 ?x2403 ?x1093 ?x793 ?x899 ?x983 (* (- 2) (* s00 r00 s!1)) (* 90 (* r00 x!0)) (* 12 (* s00 r!2 r!2)) ?x3033 (* 36 (* r00 r00 x!0)) (* 4 (* r00 s!1 s!1)) (* (- 6) (* x00 s!1)) (* 2 ?x2165) (* 12 (* r00 s!1 r!2)) (* (- 4) (* s00 s00 r!2)) (* 6 (* x!0 s!1)) (* 2 (* s00 s!1 r!2)) (* 114 ?x2534) (* (- 216) ?x2796) (* 144 (* r00 r!2 r!2)) (* 24 (* s!1 r!2 r!2)) (* (- 90) (* x00 r!2)) (* (- 72) (* r00 r00 s!1)) (* (- 90) (* r00 s!1)) (* 36 (* r00 x!0 r!2)) (* (- 36) (* r00 x00 r!2)) ?x3038 ?x3036 ?x3027 ?x3891 (* (- 42) ?x3771) (* 90 (* x!0 r!2)) (* (- 6) (* s00 x!0)))))
 (let (($x2774 (= ?x3625 0)))
 (let (($x1085 (not $x2774)))
 (let (($x1083 (= ?x3920 0)))
 (let (($x1084 (not $x1083)))
 (let ((?x3645 (* (- 7) s!1)))
 (let ((?x2364 (* 12 ?x1412)))
 (let ((?x3101 (* (- 12) ?x382)))
 (let ((?x574 (* 7 s00)))
 (let ((?x1636 (+ ?x574 ?x583 ?x584 ?x3101 ?x587 ?x553 ?x2364 ?x1356 ?x2045 ?x2767 ?x3645 ?x3150 ?x2273)))
 (let (($x1578 (= ?x1636 0)))
 (let (($x1536 (not $x1578)))
 (let ((?x2264 (* (- 3) ?x382)))
 (let ((?x3469 (+ s00 ?x2264 (* 3 ?x1412) (* (- 1) s!1))))
 (let (($x3706 (= ?x3469 0)))
 (let (($x627 (not $x3706)))
 (let (($x1018 (or $x627 $x1536 $x1084 $x1085 $x2778 $x2958)))
 (let ((?x973 (* (- 9) s!1)))
 (let ((?x3146 (* r00 r00 s!1)))
 (let ((?x3134 (* 36 ?x3146)))
 (let ((?x3824 (* 108 ?x1453)))
 (let ((?x1685 (* 16 ?x1291)))
 (let ((?x3021 (* (- 432) ?x1005)))
 (let ((?x1214 (* (- 108) ?x898)))
 (let ((?x1381 (* (- 36) ?x730)))
 (let ((?x818 (* 51 ?x674)))
 (let ((?x1881 (* 108 ?x605)))
 (let ((?x137 (* 9 s00)))
 (let ((?x1522 (+ ?x137 (* 15 ?x464) (* (- 66) (* s00 s!1)) (* (- 54) ?x509) (* 216 ?x601) ?x1881 ?x818 ?x1381 (* (- 108) ?x775) (* (- 36) ?x862) ?x1214 (* 36 (* r00 r00 s!1 s!1)) (* (- 216) (* s00 r00 x!0)) (* (- 12) (* s00 s!1 s!1)) (* 432 (* r00 r00 r00 x!0)) (* 108 (* s00 r00 s!1)) ?x3021 (* (- 108) (* r00 x!0)) (* 216 ?x1179) ?x1685 ?x3824 (* (- 216) (* x00 x!0)) (* (- 4) ?x1905) (* 108 (* x00 s!1)) (* (- 108) (* x!0 s!1)) (* 108 ?x2632) ?x3134 (* 54 (* r00 s!1)) ?x973 (* (- 216) (* r00 r00 r00 s!1)) (* 108 (* s00 x!0)))))
 (let (($x1633 (= ?x1522 0)))
 (let ((?x971 (* 36 ?x970)))
 (let ((?x3172 (* (- 6) ?x898)))
 (let ((?x776 (* 2 ?x775)))
 (let ((?x1410 (* 15 ?x674)))
 (let ((?x1857 (* 54 ?x605)))
 (let ((?x1322 (+ ?x137 (* (- 3) ?x464) (* (- 12) (* s00 s!1)) (* (- 24) ?x509) ?x1857 ?x1410 ?x1381 ?x776 ?x3172 ?x971 (* 2 (* s00 r00 s!1)) (* (- 54) (* r00 x!0)) (* (- 36) (* r00 r00 x!0)) (* (- 4) (* r00 s!1 s!1)) (* 6 (* x00 s!1)) (* (- 2) ?x2165) (* 4 (* s00 s00 r!2)) (* (- 6) (* x!0 s!1)) (* (- 2) (* s00 s!1 r!2)) (* (- 24) ?x2534) (* 54 (* x00 r!2)) ?x3134 (* 24 (* r00 s!1)) (* (- 36) (* r00 x!0 r!2)) (* 36 (* r00 x00 r!2)) ?x973 (* 24 ?x3771) (* (- 54) (* x!0 r!2)) (* 6 (* s00 x!0)))))
 (let (($x3318 (= ?x1322 0)))
 (let ((?x2210 (* (- 6) ?x730)))
 (let ((?x675 (* 4 ?x674)))
 (let ((?x606 (* 18 ?x605)))
 (let ((?x421 (+ ?x44 (* (- 2) ?x464) (* (- 2) (* s00 s!1)) (* (- 9) ?x509) (* 6 (* s00 r00 r!2)) ?x606 ?x675 ?x2210 (* (- 18) (* r00 x!0)) (* (- 6) (* r00 s!1 r!2)) (* (- 9) ?x2534) (* 18 (* x00 r!2)) (* 6 ?x3146) (* 9 (* r00 s!1)) ?x3248 (* 9 ?x3771) (* (- 18) (* x!0 r!2)))))
 (let (($x795 (= ?x421 0)))
 (let (($x2402 (and $x3706 $x1762 $x795 $x3318 $x1633 $x1018)))
 (let ((?x2504 (* r!2 s00 r00)))
 (let ((?x635 (* (- 6) ?x2504)))
 (let ((?x1827 (* s!1 s00)))
 (let ((?x2844 (* 2 ?x1827)))
 (let ((?x2846 (* r!2 x00)))
 (let ((?x2847 (* (- 18) ?x2846)))
 (let ((?x2834 (* x!0 r00)))
 (let ((?x2841 (* 18 ?x2834)))
 (let ((?x470 (* s!1 r00 r00)))
 (let ((?x471 (* (- 6) ?x470)))
 (let ((?x468 (* r!2 s!1 r00)))
 (let ((?x469 (* 6 ?x468)))
 (let ((?x466 (* r!2 x!0)))
 (let ((?x467 (* 18 ?x466)))
 (let ((?x3921 (+ ?x1055 ?x1056 ?x1790 ?x2069 ?x2875 ?x2012 ?x3068 ?x1893 (* (- 3) (* r!2 s!1)) (* (- 36) (* r!2 r00 r00)) (* 21 (* r!2 s00)) ?x2171 ?x619 ?x465 ?x467 ?x469 ?x471 ?x687 ?x2841 ?x731 ?x2847 ?x2844 (* (- 21) (* s!1 r00)) ?x635 (* 36 (* r!2 r!2 r00)))))
 (let ((?x3551 (* r!2 s!1 s!1)))
 (let ((?x3881 (* 72 ?x3551)))
 (let ((?x3584 (+ 2 ?x3316 ?x733 ?x2269 ?x2635 (* 180 (* r!2 s!1)) ?x1164 (* (- 180) ?x466) ?x3881 (* (- 24) (* s!1 x!0)) ?x609 (* 288 (* r!2 r!2 s!1)) (* (- 4) (* s!1 s!1 x!0)) (* (- 4) (* r!2 s!1 s!1 x!0)) (* 144 (* r!2 r!2 r!2 s!1)) (* 48 (* r!2 r!2 s!1 s!1)) (* 4 (* r!2 s!1 s!1 s!1)) (* (- 288) (* r!2 r!2 x!0)) (* (- 72) (* r!2 s!1 x!0)) (* (- 144) (* r!2 r!2 r!2 x!0)) (* (- 48) (* r!2 r!2 s!1 x!0)))))
 (let ((?x3235 (* 216 (* x!0 x00))))
 (let ((?x3229 (* (- 36) (* s!1 s!1 r00 r00))))
 (let ((?x3585 (* 216 (* x!0 s00 r00))))
 (let ((?x1782 (* (- 432) (* x!0 r00 r00 r00))))
 (let ((?x524 (* 12 (* s!1 s!1 s00))))
 (let ((?x3353 (* x!0 s00)))
 (let ((?x2857 (* (- 108) ?x3353)))
 (let ((?x2881 (* 108 ?x2834)))
 (let ((?x3397 (+ ?x1059 ?x857 ?x3122 ?x4003 ?x2668 ?x4004 ?x622 ?x2671 (* (- 396) (* r!2 s!1)) (* (- 1512) (* r!2 r00 r00)) (* 828 (* r!2 s00)) ?x2465 ?x4010 ?x1468 ?x1469 ?x945 (* 648 ?x466) (* (- 252) ?x470) ?x1472 ?x2881 ?x2857 ?x1093 (* (- 648) ?x2846) (* 648 (* s!1 r00 r00 r00)) (* 246 ?x1827) ?x1133 (* (- 162) (* s!1 r00)) (* (- 648) ?x2504) (* (- 324) (* s!1 x00)) ?x863 (* (- 324) (* s!1 s00 r00)) ?x1236 ?x3881 (* 324 (* s!1 x!0)) ?x609 ?x1778 ?x1006 (* 144 (* r!2 s!1 s00)) ?x524 ?x1478 ?x1782 ?x3585 ?x3229 ?x1482 ?x3235 ?x1483 (* (- 324) (* r!2 r00)) (* 1296 (* r!2 r00 r00 r00)) ?x3855 (* 432 (* r!2 r!2 s!1)) (* 432 (* r!2 r!2 s00)) (* (- 1296) (* r!2 r!2 r00 r00)) (* (- 432) (* r!2 s!1 r00 r00)))))
 (let ((?x1154 (* 36 (* x!0 r00 r00))))
 (let ((?x3326 (* (- 36) (* r!2 r00 x00))))
 (let ((?x1987 (* r!2 s!1 s00)))
 (let ((?x2241 (* 2 ?x1987)))
 (let ((?x3557 (* (- 4) (* r!2 s00 s00))))
 (let ((?x3552 (* s!1 x!0)))
 (let ((?x3553 (* 6 ?x3552)))
 (let ((?x3548 (* 2 ?x3551)))
 (let ((?x3823 (* s!1 s00 r00)))
 (let ((?x3550 (* (- 2) ?x3823)))
 (let ((?x781 (* s!1 x00)))
 (let ((?x840 (* (- 6) ?x781)))
 (let ((?x2262 (* 4 (* s!1 s!1 r00))))
 (let ((?x3354 (* (- 6) ?x3353)))
 (let ((?x3807 (* 36 (* r!2 x!0 r00))))
 (let ((?x2583 (+ ?x3027 ?x3036 ?x3038 ?x639 ?x3410 ?x640 ?x3033 ?x645 (* (- 42) (* r!2 s!1)) (* (- 216) (* r!2 r00 r00)) (* 114 (* r!2 s00)) ?x685 ?x698 ?x718 (* 90 ?x466) (* 12 ?x468) (* (- 72) ?x470) ?x3807 ?x2403 (* 90 ?x2834) ?x3354 ?x1093 (* (- 90) ?x2846) ?x2262 (* 20 ?x1827) ?x793 (* (- 90) (* s!1 r00)) (* (- 12) ?x2504) ?x840 ?x3550 ?x899 ?x3548 ?x3553 ?x3557 ?x983 ?x2241 ?x3326 ?x1154 ?x3891 (* 24 (* r!2 r!2 s!1)) (* 12 (* r!2 r!2 s00)) (* 144 (* r!2 r!2 r00)))))
 (let ((?x1041 (* r!2 s00)))
 (let ((?x2906 (* 4 ?x1041)))
 (let ((?x2768 (* r!2 r00 r00)))
 (let ((?x987 (* (- 12) ?x2768)))
 (let ((?x1999 (* r!2 s!1)))
 (let ((?x977 (* 2 ?x1999)))
 (let ((?x2336 (+ ?x3150 ?x3645 ?x2767 ?x574 ?x583 ?x584 ?x2364 ?x3101 ?x977 ?x987 ?x2906 ?x587 ?x553)))
 (let (($x671 (= (+ s!1 (* (- 1) s00) (* (- 3) ?x1412) (* 3 ?x382)) 0)))
 (let (($x2908 (or (not $x671) (not (= ?x2336 0)) (not (= ?x3921 0)) (not (= ?x2583 0)) (not (= ?x3397 0)) (not (= (* ?x3584 ?x3921) 0)))))
 (let ((?x3796 (* (- 36) ?x470)))
 (let ((?x611 (* 54 ?x509)))
 (let ((?x1080 (* (- 9) s00)))
 (let ((?x2413 (* 9 s!1)))
 (let ((?x3319 (+ ?x2413 ?x1080 ?x611 ?x1468 ?x1469 (* (- 15) ?x464) ?x3796 ?x1472 ?x2881 ?x2857 ?x1093 (* 216 (* s!1 r00 r00 r00)) (* 66 ?x1827) ?x1133 (* (- 54) (* s!1 r00)) (* (- 108) ?x781) ?x863 (* (- 108) ?x3823) ?x1236 (* 108 ?x3552) ?x609 ?x1778 ?x1006 ?x524 ?x1478 ?x1782 ?x3585 ?x3229 ?x1482 ?x3235 ?x1483)))
 (let ((?x1009 (* (- 15) ?x674)))
 (let ((?x642 (* (- 54) ?x605)))
 (let ((?x657 (* 24 ?x509)))
 (let ((?x1160 (+ ?x2413 ?x1080 (* (- 24) ?x1999) (* 24 ?x1041) ?x657 ?x642 (* 3 ?x464) (* 54 ?x466) ?x3796 ?x3807 ?x1009 (* 54 ?x2834) ?x3354 ?x1093 (* (- 54) ?x2846) ?x2262 (* 12 ?x1827) ?x793 (* (- 24) (* s!1 r00)) ?x840 ?x3550 ?x899 ?x3548 ?x3553 ?x3557 ?x983 ?x2241 ?x3326 ?x1154)))
 (let ((?x624 (* 9 ?x509)))
 (let ((?x461 (* (- 3) s00)))
 (let ((?x603 (+ (* 3 s!1) ?x461 (* (- 9) ?x1999) (* 9 ?x1041) ?x624 ?x619 ?x465 ?x467 ?x469 ?x471 ?x687 ?x2841 ?x731 ?x2847 ?x2844 (* (- 9) (* s!1 r00)) ?x635)))
 (let (($x978 (= (+ ?x3150 ?x3248 ?x2767 ?x44 ?x583 ?x584 ?x977 ?x987 ?x2906 ?x587 ?x553) 0)))
 (let (($x1194 (and $x671 $x978 (= ?x603 0) (= ?x1160 0) (= ?x3319 0) $x2908)))
 (let (($x1715 (exists ((r Int) (s Int) (x Int) )(! (let ((?x809 (* r s00 r00)))
 (let ((?x822 (* (- 6) ?x809)))
 (let ((?x771 (* s s00)))
 (let ((?x772 (* 2 ?x771)))
 (let ((?x742 (* r x00)))
 (let ((?x755 (* (- 18) ?x742)))
 (let ((?x730 (* s00 r00 r00)))
 (let ((?x731 (* 6 ?x730)))
 (let ((?x700 (* x r00)))
 (let ((?x701 (* 18 ?x700)))
 (let ((?x674 (* s00 s00)))
 (let ((?x687 (* (- 4) ?x674)))
 (let ((?x648 (* s r00 r00)))
 (let ((?x661 (* (- 6) ?x648)))
 (let ((?x636 (* r s r00)))
 (let ((?x637 (* 6 ?x636)))
 (let ((?x632 (* r x)))
 (let ((?x633 (* 18 ?x632)))
 (let ((?x628 (* s s)))
 (let ((?x629 (* 2 ?x628)))
 (let ((?x605 (* r00 x00)))
 (let ((?x619 (* (- 18) ?x605)))
 (let ((?x509 (* s00 r00)))
 (let ((?x2171 (* 3 ?x509)))
 (let ((?x432 (* r r00 r00)))
 (let ((?x1902 (* (- 36) ?x432)))
 (let ((?x382 (* r00 r00)))
 (let ((?x1893 (* (- 18) ?x382)))
 (let ((?x2012 (* (- 18) x00)))
 (let ((?x2875 (* (- 9) r00)))
 (let ((?x2069 (* 12 s00)))
 (let ((?x1808 (* 18 x)))
 (let ((?x2927 (+ (* 9 r) (* (- 12) s) ?x1808 ?x2069 ?x2875 ?x2012 (* 18 (* r r)) ?x1893 (* (- 3) (* r s)) ?x1902 (* 21 (* r s00)) ?x2171 ?x619 ?x629 ?x633 ?x637 ?x661 ?x687 ?x701 ?x731 ?x755 ?x772 (* (- 21) (* s r00)) ?x822 (* 36 (* r r r00)))))
 (let ((?x3993 (* (- 48) (* r r s x))))
 (let ((?x3873 (* (- 144) (* r r r x))))
 (let ((?x3991 (* (- 72) (* r s x))))
 (let ((?x3990 (* (- 288) (* r r x))))
 (let ((?x3800 (* 4 (* r s s s))))
 (let ((?x3988 (* 48 (* r r s s))))
 (let ((?x3696 (* 144 (* r r r s))))
 (let ((?x3939 (* (- 4) (* r s s x))))
 (let ((?x3936 (* (- 4) (* s s x))))
 (let ((?x3079 (* r r s)))
 (let ((?x3960 (* 288 ?x3079)))
 (let ((?x912 (* s s s)))
 (let ((?x914 (* 4 ?x912)))
 (let ((?x906 (* s x)))
 (let ((?x3958 (* (- 24) ?x906)))
 (let ((?x902 (* r s s)))
 (let ((?x4019 (* 72 ?x902)))
 (let ((?x3957 (* (- 180) ?x632)))
 (let ((?x3953 (* 24 ?x628)))
 (let ((?x426 (* r s)))
 (let ((?x3952 (* 180 ?x426)))
 (let ((?x370 (* r r)))
 (let ((?x2272 (* 2 ?x370)))
 (let ((?x3601 (* (- 36) x)))
 (let ((?x2814 (* 36 s)))
 (let ((?x2628 (+ 2 (* 4 r) ?x2814 ?x3601 ?x2272 ?x3952 ?x3953 ?x3957 ?x4019 ?x3958 ?x914 ?x3960 ?x3936 ?x3939 ?x3696 ?x3988 ?x3800 ?x3990 ?x3991 ?x3873 ?x3993)))
 (let ((?x3390 (* r r s00)))
 (let ((?x4044 (* 432 ?x3390)))
 (let ((?x4040 (* 432 ?x3079)))
 (let ((?x3064 (* r r r)))
 (let ((?x4039 (* 864 ?x3064)))
 (let ((?x4033 (* 1296 (* r r00 r00 r00))))
 (let ((?x1453 (* x00 x00)))
 (let ((?x1483 (* (- 108) ?x1453)))
 (let ((?x1428 (* 216 (* x x00))))
 (let ((?x1291 (* s00 s00 s00)))
 (let ((?x1482 (* (- 16) ?x1291)))
 (let ((?x1480 (* (- 36) (* s s r00 r00))))
 (let ((?x1262 (* 216 (* x s00 r00))))
 (let ((?x1479 (* (- 432) (* x r00 r00 r00))))
 (let ((?x1179 (* s00 r00 r00 r00)))
 (let ((?x1478 (* (- 216) ?x1179)))
 (let ((?x1064 (* 12 (* s s s00))))
 (let ((?x1022 (* r s s00)))
 (let ((?x4020 (* 144 ?x1022)))
 (let ((?x1005 (* r00 r00 r00 x00)))
 (let ((?x1006 (* 432 ?x1005)))
 (let ((?x975 (* x x)))
 (let ((?x1477 (* (- 108) ?x975)))
 (let ((?x898 (* s00 x00)))
 (let ((?x1236 (* 108 ?x898)))
 (let ((?x862 (* s00 s00 r00 r00)))
 (let ((?x863 (* 36 ?x862)))
 (let ((?x821 (* s x00)))
 (let ((?x4017 (* (- 324) ?x821)))
 (let ((?x775 (* s00 s00 r00)))
 (let ((?x1133 (* 108 ?x775)))
 (let ((?x1093 (* 36 ?x730)))
 (let ((?x704 (* x s00)))
 (let ((?x1473 (* (- 108) ?x704)))
 (let ((?x1339 (* 108 ?x700)))
 (let ((?x1472 (* (- 51) ?x674)))
 (let ((?x4013 (* 648 ?x632)))
 (let ((?x1469 (* (- 108) ?x605)))
 (let ((?x601 (* s00 r00 x00)))
 (let ((?x1468 (* (- 216) ?x601)))
 (let ((?x552 (* r00 r00 r00)))
 (let ((?x4010 (* 648 ?x552)))
 (let ((?x2465 (* (- 270) ?x509)))
 (let ((?x482 (* r s00)))
 (let ((?x4009 (* 828 ?x482)))
 (let ((?x2671 (* (- 432) ?x382)))
 (let ((?x4004 (* (- 324) x00)))
 (let ((?x2668 (* (- 162) r00)))
 (let ((?x4003 (* 297 s00)))
 (let ((?x3719 (* 324 x)))
 (let ((?x3284 (+ (* 162 r) (* (- 297) s) ?x3719 ?x4003 ?x2668 ?x4004 (* 756 ?x370) ?x2671 (* (- 396) ?x426) (* (- 1512) ?x432) ?x4009 ?x2465 ?x4010 ?x1468 ?x1469 (* (- 195) ?x628) ?x4013 (* (- 252) ?x648) ?x1472 ?x1339 ?x1473 ?x1093 (* (- 648) ?x742) (* 648 (* s r00 r00 r00)) (* 246 ?x771) ?x1133 (* (- 162) (* s r00)) (* (- 648) ?x809) ?x4017 ?x863 (* (- 324) (* s s00 r00)) ?x1236 ?x4019 (* 324 ?x906) ?x914 ?x1477 ?x1006 ?x4020 ?x1064 ?x1478 ?x1479 ?x1262 ?x1480 ?x1482 ?x1428 ?x1483 (* (- 324) (* r r00)) ?x4033 ?x4039 ?x4040 ?x4044 (* (- 1296) (* r r r00 r00)) (* (- 432) (* r s r00 r00)))))
 (let ((?x1166 (* 36 (* x r00 r00))))
 (let ((?x1034 (* r r00 x00)))
 (let ((?x1047 (* (- 36) ?x1034)))
 (let ((?x1023 (* 2 ?x1022)))
 (let ((?x970 (* r00 r00 x00)))
 (let ((?x983 (* (- 36) ?x970)))
 (let ((?x918 (* r s00 s00)))
 (let ((?x931 (* (- 4) ?x918)))
 (let ((?x907 (* 6 ?x906)))
 (let ((?x903 (* 2 ?x902)))
 (let ((?x899 (* 6 ?x898)))
 (let ((?x872 (* s s00 r00)))
 (let ((?x885 (* (- 2) ?x872)))
 (let ((?x848 (* (- 6) ?x821)))
 (let ((?x793 (* (- 2) ?x775)))
 (let ((?x748 (* 4 (* s s r00))))
 (let ((?x719 (* (- 6) ?x704)))
 (let ((?x2403 (* (- 19) ?x674)))
 (let ((?x652 (* 36 (* r x r00))))
 (let ((?x698 (* (- 90) ?x605)))
 (let ((?x685 (* 18 ?x509)))
 (let ((?x645 (* (- 108) ?x382)))
 (let ((?x640 (* (- 72) x00)))
 (let ((?x3410 (* (- 36) r00)))
 (let ((?x639 (* 57 s00)))
 (let ((?x3374 (+ (* 36 r) (* (- 57) s) (* 72 x) ?x639 ?x3410 ?x640 (* 108 ?x370) ?x645 (* (- 42) ?x426) (* (- 216) ?x432) (* 114 ?x482) ?x685 ?x698 (* (- 1) ?x628) (* 90 ?x632) (* 12 ?x636) (* (- 72) ?x648) ?x652 ?x2403 (* 90 ?x700) ?x719 ?x1093 (* (- 90) ?x742) ?x748 (* 20 ?x771) ?x793 (* (- 90) (* s r00)) (* (- 12) ?x809) ?x848 ?x885 ?x899 ?x903 ?x907 ?x931 ?x983 ?x1023 ?x1047 ?x1166 (* 72 ?x3064) (* 24 ?x3079) (* 12 ?x3390) (* 144 (* r r r00)))))
 (let ((?x553 (* 12 ?x552)))
 (let ((?x587 (* (- 6) ?x509)))
 (let ((?x483 (* 4 ?x482)))
 (let ((?x586 (* (- 12) ?x432)))
 (let ((?x585 (* 2 ?x426)))
 (let ((?x3101 (* (- 12) ?x382)))
 (let ((?x584 (* (- 6) x00)))
 (let ((?x583 (* (- 3) r00)))
 (let ((?x574 (* 7 s00)))
 (let ((?x56 (* 6 x)))
 (let ((?x43 (* 3 r)))
 (let ((?x2297 (+ ?x43 (* (- 7) s) ?x56 ?x574 ?x583 ?x584 (* 12 ?x370) ?x3101 ?x585 ?x586 ?x483 ?x587 ?x553)))
 (let (($x415 (= (+ s (* (- 1) s00) (* (- 3) ?x370) (* 3 ?x382)) 0)))
 (let (($x1713 (or (not $x415) (not (= ?x2297 0)) (not (= ?x2927 0)) (not (= ?x3374 0)) (not (= ?x3284 0)) (not (= (* ?x2628 ?x2927) 0)))))
 (let ((?x1303 (* 108 ?x906)))
 (let ((?x753 (* s r00 r00 r00)))
 (let ((?x754 (* 216 ?x753)))
 (let ((?x957 (* (- 36) ?x648)))
 (let ((?x611 (* 54 ?x509)))
 (let ((?x1080 (* (- 9) s00)))
 (let ((?x143 (* 9 s)))
 (let ((?x1484 (+ ?x143 ?x1080 ?x611 ?x1468 ?x1469 (* (- 15) ?x628) ?x957 ?x1472 ?x1339 ?x1473 ?x1093 ?x754 (* 66 ?x771) ?x1133 (* (- 54) (* s r00)) (* (- 108) ?x821) ?x863 (* (- 108) ?x872) ?x1236 ?x1303 ?x914 ?x1477 ?x1006 ?x1064 ?x1478 ?x1479 ?x1262 ?x1480 ?x1482 ?x1428 ?x1483)))
 (let (($x1485 (= ?x1484 0)))
 (let ((?x1009 (* (- 15) ?x674)))
 (let ((?x660 (* 3 ?x628)))
 (let ((?x642 (* (- 54) ?x605)))
 (let ((?x657 (* 24 ?x509)))
 (let ((?x1172 (+ ?x143 ?x1080 (* (- 24) ?x426) (* 24 ?x482) ?x657 ?x642 ?x660 (* 54 ?x632) ?x957 ?x652 ?x1009 (* 54 ?x700) ?x719 ?x1093 (* (- 54) ?x742) ?x748 (* 12 ?x771) ?x793 (* (- 24) (* s r00)) ?x848 ?x885 ?x899 ?x903 ?x907 ?x931 ?x983 ?x1023 ?x1047 ?x1166)))
 (let (($x1177 (= ?x1172 0)))
 (let ((?x783 (* s r00)))
 (let ((?x796 (* (- 9) ?x783)))
 (let ((?x624 (* 9 ?x509)))
 (let ((?x768 (* 9 ?x482)))
 (let ((?x600 (* (- 9) ?x426)))
 (let ((?x461 (* (- 3) s00)))
 (let ((?x47 (* 3 s)))
 (let ((?x828 (+ ?x47 ?x461 ?x600 ?x768 ?x624 ?x619 ?x629 ?x633 ?x637 ?x661 ?x687 ?x701 ?x731 ?x755 ?x772 ?x796 ?x822)))
 (let (($x835 (= ?x828 0)))
 (let ((?x44 (* 3 s00)))
 (let ((?x582 (* (- 3) s)))
 (let (($x589 (= (+ ?x43 ?x582 ?x56 ?x44 ?x583 ?x584 ?x585 ?x586 ?x483 ?x587 ?x553) 0)))
 (and $x415 $x589 $x835 $x1177 $x1485 $x1713)))))))))))))))))))))))))))))))))))))))))))))))))))))))))))))))))))))))))))))))))))))))))))))))))))))))))))))))))))))))))))))))))))))))))))))))))))))))))))))))))))))))))))))))))) :qid k!40))
 ))
 (let (($x2473 (exists ((r Int) (s Int) (x Int) )(! (let ((?x2447 (+ 1 r)))
 (let ((?x2280 (* r00 s00 ?x2447)))
 (let ((?x3528 (* (- 6) ?x2280)))
 (let ((?x211 (* 6 r)))
 (let ((?x2732 (+ 3 s ?x211)))
 (let ((?x904 (* r00 ?x2732)))
 (let ((?x2905 (* (- 9) ?x904)))
 (let ((?x463 (* s00 ?x2732)))
 (let ((?x1641 (* 2 ?x463)))
 (let ((?x3586 (* s00 ?x2447)))
 (let ((?x1122 (* 9 ?x3586)))
 (let ((?x1213 (* 18 r)))
 (let ((?x47 (* 3 s)))
 (let ((?x1750 (* x00 ?x2447)))
 (let ((?x3790 (* (- 18) ?x1750)))
 (let ((?x2760 (* r00 r00 s00)))
 (let ((?x2761 (* 6 ?x2760)))
 (let ((?x461 (* (- 3) s00)))
 (let ((?x361 (* (- 1) s)))
 (let ((?x2544 (+ x ?x361)))
 (let ((?x2662 (* r00 ?x2544)))
 (let ((?x2810 (* 18 ?x2662)))
 (let ((?x674 (* s00 s00)))
 (let ((?x687 (* (- 4) ?x674)))
 (let ((?x2409 (* r00 r00 ?x2732)))
 (let ((?x3829 (* (- 6) ?x2409)))
 (let ((?x1514 (* r00 ?x2447 ?x2732)))
 (let ((?x1516 (* 6 ?x1514)))
 (let ((?x1675 (* ?x2447 ?x2544)))
 (let ((?x1676 (* 18 ?x1675)))
 (let ((?x2183 (* ?x2732 ?x2732)))
 (let ((?x2990 (* 2 ?x2183)))
 (let ((?x922 (* r00 s00)))
 (let ((?x1600 (* 9 ?x922)))
 (let ((?x605 (* r00 x00)))
 (let ((?x619 (* (- 18) ?x605)))
 (let ((?x3249 (* ?x2447 ?x2732)))
 (let ((?x2646 (* (- 9) ?x3249)))
 (let ((?x1134 (+ 9 ?x2646 ?x619 ?x1600 ?x2990 ?x1676 ?x1516 ?x3829 ?x687 ?x2810 ?x461 ?x2761 ?x3790 ?x47 ?x1213 ?x1122 ?x1641 ?x2905 ?x3528)))
 (let ((?x1422 (* (+ (* 2 (* ?x2447 ?x2447)) (* (- 4) (* ?x2447 ?x2544 ?x2732 ?x2732))) ?x1134)))
 (let (($x3955 (not (= ?x1422 0))))
 (let ((?x1453 (* x00 x00)))
 (let ((?x3824 (* 108 ?x1453)))
 (let ((?x3631 (* (- 54) r)))
 (let ((?x3657 (* (- 9) s)))
 (let ((?x1498 (* (- 36) ?x2760)))
 (let ((?x137 (* 9 s00)))
 (let ((?x818 (* 51 ?x674)))
 (let ((?x1797 (* 36 ?x2409)))
 (let ((?x1291 (* s00 s00 s00)))
 (let ((?x1685 (* 16 ?x1291)))
 (let ((?x898 (* s00 x00)))
 (let ((?x1214 (* (- 108) ?x898)))
 (let ((?x3055 (* 216 (* r00 r00 r00 s00))))
 (let ((?x990 (* r00 s00 s00)))
 (let ((?x2146 (* (- 108) ?x990)))
 (let ((?x1005 (* r00 r00 r00 x00)))
 (let ((?x3021 (* (- 432) ?x1005)))
 (let ((?x3880 (* (- 36) (* r00 r00 s00 s00))))
 (let ((?x2935 (* (- 54) ?x922)))
 (let ((?x1881 (* 108 ?x605)))
 (let ((?x2466 (* 216 (* r00 s00 x00))))
 (let ((?x3934 (+ ?x2466 ?x1881 ?x2935 (* 15 ?x2183) (* (- 216) (* r00 r00 r00 ?x2732)) ?x3880 (* (- 4) (* ?x2732 ?x2732 ?x2732)) (* 108 (* ?x2544 ?x2544)) ?x3021 (* (- 12) (* s00 ?x2732 ?x2732)) (* 108 (* s00 ?x2544)) ?x2146 ?x3055 (* 108 (* x00 ?x2732)) (* 432 (* r00 r00 r00 ?x2544)) (* (- 66) ?x463) (* 108 (* r00 s00 ?x2732)) ?x1214 (* (- 216) (* r00 s00 ?x2544)) (* 36 (* r00 r00 ?x2732 ?x2732)) ?x1685 (* (- 108) (* ?x2544 ?x2732)) ?x1797 ?x818 (* (- 108) ?x2662) ?x137 ?x1498 ?x3657 ?x3631 (* 54 ?x904) (* (- 216) (* x00 ?x2544)) ?x3824)))
 (let (($x3945 (not (= ?x3934 27))))
 (let ((?x1410 (* 15 ?x674)))
 (let ((?x970 (* r00 r00 x00)))
 (let ((?x971 (* 36 ?x970)))
 (let ((?x3172 (* (- 6) ?x898)))
 (let ((?x2356 (* 2 ?x990)))
 (let ((?x3531 (* (- 24) ?x922)))
 (let ((?x1857 (* 54 ?x605)))
 (let ((?x3678 (+ (* 24 ?x3249) ?x1857 (* (- 36) (* r00 ?x2447 ?x2544)) ?x3531 (* (- 3) ?x2183) (* (- 54) ?x1675) (* 6 (* s00 ?x2544)) (* (- 4) (* r00 ?x2732 ?x2732)) ?x2356 (* 6 (* x00 ?x2732)) (* (- 12) ?x463) (* 2 (* r00 s00 ?x2732)) ?x3172 (* (- 2) (* ?x2447 ?x2732 ?x2732)) (* (- 6) (* ?x2544 ?x2732)) (* 4 (* s00 s00 ?x2447)) ?x1797 ?x971 ?x1410 (* (- 2) (* s00 ?x2447 ?x2732)) (* 36 (* r00 x00 ?x2447)) (* (- 54) ?x2662) ?x137 ?x1498 (* 54 ?x1750) ?x3657 ?x3631 (* (- 24) ?x3586) (* 24 ?x904) (* (- 36) (* r00 r00 ?x2544)))))
 (let ((?x582 (* (- 3) s)))
 (let ((?x3590 (* (- 6) ?x2760)))
 (let ((?x44 (* 3 s00)))
 (let ((?x675 (* 4 ?x674)))
 (let ((?x991 (* (- 9) ?x922)))
 (let ((?x606 (* 18 ?x605)))
 (let ((?x2320 (+ (* 9 ?x3249) ?x606 ?x991 (* (- 2) ?x2183) (* (- 18) ?x1675) (* (- 6) ?x1514) (* 6 ?x2409) ?x675 (* (- 18) ?x2662) ?x44 ?x3590 (* 18 ?x1750) ?x582 (* (- 18) r) (* (- 9) ?x3586) (* (- 2) ?x463) (* 9 ?x904) (* 6 ?x2280))))
 (let ((?x552 (* r00 r00 r00)))
 (let ((?x553 (* 12 ?x552)))
 (let ((?x584 (* (- 6) x00)))
 (let ((?x56 (* 6 x)))
 (let ((?x3653 (* (- 6) ?x922)))
 (let ((?x583 (* (- 3) r00)))
 (let ((?x2322 (+ (* 2 ?x3249) (* (- 12) (* r00 r00 ?x2447)) (* (- 15) r) ?x44 ?x3657 ?x583 (* 4 ?x3586) ?x3653 ?x56 ?x584 ?x553)))
 (let ((?x382 (* r00 r00)))
 (let ((?x2264 (* (- 3) ?x382)))
 (let (($x2295 (= (+ s00 ?x361 (* (- 6) r) (* 3 (* ?x2447 ?x2447)) ?x2264) 3)))
 (let (($x1155 (not $x2295)))
 (let (($x3063 (or $x1155 (not (= ?x2322 6)) (not (= ?x2320 9)) (not (= ?x3678 27)) $x3945 $x3955)))
 (let ((?x1871 (* r00 r00 s)))
 (let ((?x2471 (* 36 ?x1871)))
 (let ((?x3831 (+ ?x2466 ?x1881 ?x2935 (* 15 (* s s)) (* (- 216) (* r00 r00 r00 s)) ?x3880 (* (- 4) (* s s s)) (* 108 (* x x)) ?x3021 (* (- 12) (* s00 s s)) (* 108 (* s00 x)) ?x2146 ?x3055 (* 108 (* x00 s)) (* 432 (* r00 r00 r00 x)) (* (- 66) (* s00 s)) (* 108 (* r00 s00 s)) ?x1214 (* (- 216) (* r00 s00 x)) (* 36 (* r00 r00 s s)) ?x1685 (* (- 108) (* x s)) ?x2471 ?x818 (* (- 108) (* r00 x)) ?x137 ?x1498 ?x3657 (* 54 (* r00 s)) (* (- 216) (* x00 x)) ?x3824)))
 (let (($x3838 (= ?x3831 0)))
 (let ((?x3133 (* r00 r00 x)))
 (let ((?x3215 (* (- 36) ?x3133)))
 (let ((?x2460 (* r00 s s)))
 (let ((?x3200 (* (- 4) ?x2460)))
 (let ((?x3436 (+ (* 24 (* s r)) ?x1857 (* (- 36) (* r00 x r)) ?x3531 (* (- 3) (* s s)) (* (- 54) (* x r)) (* 6 (* s00 x)) ?x3200 ?x2356 (* 6 (* x00 s)) (* (- 12) (* s00 s)) (* 2 (* r00 s00 s)) ?x3172 (* (- 2) (* s s r)) (* (- 6) (* x s)) (* 4 (* s00 s00 r)) ?x2471 ?x971 ?x1410 (* (- 2) (* s00 s r)) (* 36 (* r00 x00 r)) (* (- 54) (* r00 x)) ?x137 ?x1498 (* 54 (* x00 r)) ?x3657 (* (- 24) (* s00 r)) (* 24 (* r00 s)) ?x3215)))
 (let ((?x1942 (* r00 x)))
 (let ((?x2227 (* (- 18) ?x1942)))
 (let ((?x628 (* s s)))
 (let ((?x2208 (* (- 2) ?x628)))
 (let ((?x3059 (+ (* 9 (* s r)) ?x606 ?x991 ?x2208 (* (- 18) (* x r)) (* (- 6) (* r00 s r)) (* 6 ?x1871) ?x675 ?x2227 ?x44 ?x3590 (* 18 (* x00 r)) ?x582 (* (- 9) (* s00 r)) (* (- 2) (* s00 s)) (* 9 (* r00 s)) (* 6 (* r00 s00 r)))))
 (let ((?x43 (* 3 r)))
 (let ((?x3654 (+ (* 2 (* s r)) (* (- 12) (* r00 r00 r)) ?x43 ?x44 ?x582 ?x583 (* 4 (* s00 r)) ?x3653 ?x56 ?x584 ?x553)))
 (let (($x3306 (= (+ s00 ?x361 (* 3 (* r r)) ?x2264) 0)))
 (and $x3306 (= ?x3654 0) (= ?x3059 0) (= ?x3436 0) $x3838 $x3063))))))))))))))))))))))))))))))))))))))))))))))))))))))))))))))))))))))))))))))))))))))))))))))))))))))))))))) :qid k!40))
 ))
 (let ((?x1764 (lambda ((r Int) (s Int) (x Int) )(let ((?x809 (* r s00 r00)))
 (let ((?x822 (* (- 6) ?x809)))
 (let ((?x771 (* s s00)))
 (let ((?x772 (* 2 ?x771)))
 (let ((?x742 (* r x00)))
 (let ((?x755 (* (- 18) ?x742)))
 (let ((?x730 (* s00 r00 r00)))
 (let ((?x731 (* 6 ?x730)))
 (let ((?x700 (* x r00)))
 (let ((?x701 (* 18 ?x700)))
 (let ((?x674 (* s00 s00)))
 (let ((?x687 (* (- 4) ?x674)))
 (let ((?x648 (* s r00 r00)))
 (let ((?x661 (* (- 6) ?x648)))
 (let ((?x636 (* r s r00)))
 (let ((?x637 (* 6 ?x636)))
 (let ((?x632 (* r x)))
 (let ((?x633 (* 18 ?x632)))
 (let ((?x628 (* s s)))
 (let ((?x629 (* 2 ?x628)))
 (let ((?x605 (* r00 x00)))
 (let ((?x619 (* (- 18) ?x605)))
 (let ((?x509 (* s00 r00)))
 (let ((?x2171 (* 3 ?x509)))
 (let ((?x432 (* r r00 r00)))
 (let ((?x1902 (* (- 36) ?x432)))
 (let ((?x382 (* r00 r00)))
 (let ((?x1893 (* (- 18) ?x382)))
 (let ((?x2012 (* (- 18) x00)))
 (let ((?x2875 (* (- 9) r00)))
 (let ((?x2069 (* 12 s00)))
 (let ((?x1808 (* 18 x)))
 (let ((?x2927 (+ (* 9 r) (* (- 12) s) ?x1808 ?x2069 ?x2875 ?x2012 (* 18 (* r r)) ?x1893 (* (- 3) (* r s)) ?x1902 (* 21 (* r s00)) ?x2171 ?x619 ?x629 ?x633 ?x637 ?x661 ?x687 ?x701 ?x731 ?x755 ?x772 (* (- 21) (* s r00)) ?x822 (* 36 (* r r r00)))))
 (let ((?x3993 (* (- 48) (* r r s x))))
 (let ((?x3873 (* (- 144) (* r r r x))))
 (let ((?x3991 (* (- 72) (* r s x))))
 (let ((?x3990 (* (- 288) (* r r x))))
 (let ((?x3800 (* 4 (* r s s s))))
 (let ((?x3988 (* 48 (* r r s s))))
 (let ((?x3696 (* 144 (* r r r s))))
 (let ((?x3939 (* (- 4) (* r s s x))))
 (let ((?x3936 (* (- 4) (* s s x))))
 (let ((?x3079 (* r r s)))
 (let ((?x3960 (* 288 ?x3079)))
 (let ((?x912 (* s s s)))
 (let ((?x914 (* 4 ?x912)))
 (let ((?x906 (* s x)))
 (let ((?x3958 (* (- 24) ?x906)))
 (let ((?x902 (* r s s)))
 (let ((?x4019 (* 72 ?x902)))
 (let ((?x3957 (* (- 180) ?x632)))
 (let ((?x3953 (* 24 ?x628)))
 (let ((?x426 (* r s)))
 (let ((?x3952 (* 180 ?x426)))
 (let ((?x370 (* r r)))
 (let ((?x2272 (* 2 ?x370)))
 (let ((?x3601 (* (- 36) x)))
 (let ((?x2814 (* 36 s)))
 (let ((?x2628 (+ 2 (* 4 r) ?x2814 ?x3601 ?x2272 ?x3952 ?x3953 ?x3957 ?x4019 ?x3958 ?x914 ?x3960 ?x3936 ?x3939 ?x3696 ?x3988 ?x3800 ?x3990 ?x3991 ?x3873 ?x3993)))
 (let ((?x3390 (* r r s00)))
 (let ((?x4044 (* 432 ?x3390)))
 (let ((?x4040 (* 432 ?x3079)))
 (let ((?x3064 (* r r r)))
 (let ((?x4039 (* 864 ?x3064)))
 (let ((?x4033 (* 1296 (* r r00 r00 r00))))
 (let ((?x1453 (* x00 x00)))
 (let ((?x1483 (* (- 108) ?x1453)))
 (let ((?x1428 (* 216 (* x x00))))
 (let ((?x1291 (* s00 s00 s00)))
 (let ((?x1482 (* (- 16) ?x1291)))
 (let ((?x1480 (* (- 36) (* s s r00 r00))))
 (let ((?x1262 (* 216 (* x s00 r00))))
 (let ((?x1479 (* (- 432) (* x r00 r00 r00))))
 (let ((?x1179 (* s00 r00 r00 r00)))
 (let ((?x1478 (* (- 216) ?x1179)))
 (let ((?x1064 (* 12 (* s s s00))))
 (let ((?x1022 (* r s s00)))
 (let ((?x4020 (* 144 ?x1022)))
 (let ((?x1005 (* r00 r00 r00 x00)))
 (let ((?x1006 (* 432 ?x1005)))
 (let ((?x975 (* x x)))
 (let ((?x1477 (* (- 108) ?x975)))
 (let ((?x898 (* s00 x00)))
 (let ((?x1236 (* 108 ?x898)))
 (let ((?x862 (* s00 s00 r00 r00)))
 (let ((?x863 (* 36 ?x862)))
 (let ((?x821 (* s x00)))
 (let ((?x4017 (* (- 324) ?x821)))
 (let ((?x775 (* s00 s00 r00)))
 (let ((?x1133 (* 108 ?x775)))
 (let ((?x1093 (* 36 ?x730)))
 (let ((?x704 (* x s00)))
 (let ((?x1473 (* (- 108) ?x704)))
 (let ((?x1339 (* 108 ?x700)))
 (let ((?x1472 (* (- 51) ?x674)))
 (let ((?x4013 (* 648 ?x632)))
 (let ((?x1469 (* (- 108) ?x605)))
 (let ((?x601 (* s00 r00 x00)))
 (let ((?x1468 (* (- 216) ?x601)))
 (let ((?x552 (* r00 r00 r00)))
 (let ((?x4010 (* 648 ?x552)))
 (let ((?x2465 (* (- 270) ?x509)))
 (let ((?x482 (* r s00)))
 (let ((?x4009 (* 828 ?x482)))
 (let ((?x2671 (* (- 432) ?x382)))
 (let ((?x4004 (* (- 324) x00)))
 (let ((?x2668 (* (- 162) r00)))
 (let ((?x4003 (* 297 s00)))
 (let ((?x3719 (* 324 x)))
 (let ((?x3284 (+ (* 162 r) (* (- 297) s) ?x3719 ?x4003 ?x2668 ?x4004 (* 756 ?x370) ?x2671 (* (- 396) ?x426) (* (- 1512) ?x432) ?x4009 ?x2465 ?x4010 ?x1468 ?x1469 (* (- 195) ?x628) ?x4013 (* (- 252) ?x648) ?x1472 ?x1339 ?x1473 ?x1093 (* (- 648) ?x742) (* 648 (* s r00 r00 r00)) (* 246 ?x771) ?x1133 (* (- 162) (* s r00)) (* (- 648) ?x809) ?x4017 ?x863 (* (- 324) (* s s00 r00)) ?x1236 ?x4019 (* 324 ?x906) ?x914 ?x1477 ?x1006 ?x4020 ?x1064 ?x1478 ?x1479 ?x1262 ?x1480 ?x1482 ?x1428 ?x1483 (* (- 324) (* r r00)) ?x4033 ?x4039 ?x4040 ?x4044 (* (- 1296) (* r r r00 r00)) (* (- 432) (* r s r00 r00)))))
 (let ((?x1166 (* 36 (* x r00 r00))))
 (let ((?x1034 (* r r00 x00)))
 (let ((?x1047 (* (- 36) ?x1034)))
 (let ((?x1023 (* 2 ?x1022)))
 (let ((?x970 (* r00 r00 x00)))
 (let ((?x983 (* (- 36) ?x970)))
 (let ((?x918 (* r s00 s00)))
 (let ((?x931 (* (- 4) ?x918)))
 (let ((?x907 (* 6 ?x906)))
 (let ((?x903 (* 2 ?x902)))
 (let ((?x899 (* 6 ?x898)))
 (let ((?x872 (* s s00 r00)))
 (let ((?x885 (* (- 2) ?x872)))
 (let ((?x848 (* (- 6) ?x821)))
 (let ((?x793 (* (- 2) ?x775)))
 (let ((?x748 (* 4 (* s s r00))))
 (let ((?x719 (* (- 6) ?x704)))
 (let ((?x2403 (* (- 19) ?x674)))
 (let ((?x652 (* 36 (* r x r00))))
 (let ((?x698 (* (- 90) ?x605)))
 (let ((?x685 (* 18 ?x509)))
 (let ((?x645 (* (- 108) ?x382)))
 (let ((?x640 (* (- 72) x00)))
 (let ((?x3410 (* (- 36) r00)))
 (let ((?x639 (* 57 s00)))
 (let ((?x3374 (+ (* 36 r) (* (- 57) s) (* 72 x) ?x639 ?x3410 ?x640 (* 108 ?x370) ?x645 (* (- 42) ?x426) (* (- 216) ?x432) (* 114 ?x482) ?x685 ?x698 (* (- 1) ?x628) (* 90 ?x632) (* 12 ?x636) (* (- 72) ?x648) ?x652 ?x2403 (* 90 ?x700) ?x719 ?x1093 (* (- 90) ?x742) ?x748 (* 20 ?x771) ?x793 (* (- 90) (* s r00)) (* (- 12) ?x809) ?x848 ?x885 ?x899 ?x903 ?x907 ?x931 ?x983 ?x1023 ?x1047 ?x1166 (* 72 ?x3064) (* 24 ?x3079) (* 12 ?x3390) (* 144 (* r r r00)))))
 (let ((?x553 (* 12 ?x552)))
 (let ((?x587 (* (- 6) ?x509)))
 (let ((?x483 (* 4 ?x482)))
 (let ((?x586 (* (- 12) ?x432)))
 (let ((?x585 (* 2 ?x426)))
 (let ((?x3101 (* (- 12) ?x382)))
 (let ((?x584 (* (- 6) x00)))
 (let ((?x583 (* (- 3) r00)))
 (let ((?x574 (* 7 s00)))
 (let ((?x56 (* 6 x)))
 (let ((?x43 (* 3 r)))
 (let ((?x2297 (+ ?x43 (* (- 7) s) ?x56 ?x574 ?x583 ?x584 (* 12 ?x370) ?x3101 ?x585 ?x586 ?x483 ?x587 ?x553)))
 (let (($x415 (= (+ s (* (- 1) s00) (* (- 3) ?x370) (* 3 ?x382)) 0)))
 (let (($x1713 (or (not $x415) (not (= ?x2297 0)) (not (= ?x2927 0)) (not (= ?x3374 0)) (not (= ?x3284 0)) (not (= (* ?x2628 ?x2927) 0)))))
 (let ((?x1303 (* 108 ?x906)))
 (let ((?x753 (* s r00 r00 r00)))
 (let ((?x754 (* 216 ?x753)))
 (let ((?x957 (* (- 36) ?x648)))
 (let ((?x611 (* 54 ?x509)))
 (let ((?x1080 (* (- 9) s00)))
 (let ((?x143 (* 9 s)))
 (let ((?x1484 (+ ?x143 ?x1080 ?x611 ?x1468 ?x1469 (* (- 15) ?x628) ?x957 ?x1472 ?x1339 ?x1473 ?x1093 ?x754 (* 66 ?x771) ?x1133 (* (- 54) (* s r00)) (* (- 108) ?x821) ?x863 (* (- 108) ?x872) ?x1236 ?x1303 ?x914 ?x1477 ?x1006 ?x1064 ?x1478 ?x1479 ?x1262 ?x1480 ?x1482 ?x1428 ?x1483)))
 (let (($x1485 (= ?x1484 0)))
 (let ((?x1009 (* (- 15) ?x674)))
 (let ((?x660 (* 3 ?x628)))
 (let ((?x642 (* (- 54) ?x605)))
 (let ((?x657 (* 24 ?x509)))
 (let ((?x1172 (+ ?x143 ?x1080 (* (- 24) ?x426) (* 24 ?x482) ?x657 ?x642 ?x660 (* 54 ?x632) ?x957 ?x652 ?x1009 (* 54 ?x700) ?x719 ?x1093 (* (- 54) ?x742) ?x748 (* 12 ?x771) ?x793 (* (- 24) (* s r00)) ?x848 ?x885 ?x899 ?x903 ?x907 ?x931 ?x983 ?x1023 ?x1047 ?x1166)))
 (let (($x1177 (= ?x1172 0)))
 (let ((?x783 (* s r00)))
 (let ((?x796 (* (- 9) ?x783)))
 (let ((?x624 (* 9 ?x509)))
 (let ((?x768 (* 9 ?x482)))
 (let ((?x600 (* (- 9) ?x426)))
 (let ((?x461 (* (- 3) s00)))
 (let ((?x47 (* 3 s)))
 (let ((?x828 (+ ?x47 ?x461 ?x600 ?x768 ?x624 ?x619 ?x629 ?x633 ?x637 ?x661 ?x687 ?x701 ?x731 ?x755 ?x772 ?x796 ?x822)))
 (let (($x835 (= ?x828 0)))
 (let ((?x44 (* 3 s00)))
 (let ((?x582 (* (- 3) s)))
 (let (($x589 (= (+ ?x43 ?x582 ?x56 ?x44 ?x583 ?x584 ?x585 ?x586 ?x483 ?x587 ?x553) 0)))
 (let (($x1091 (and $x415 $x589 $x835 $x1177 $x1485 $x1713)))
 (let ((?x2447 (+ 1 r)))
 (let ((?x2280 (* r00 s00 ?x2447)))
 (let ((?x3528 (* (- 6) ?x2280)))
 (let ((?x211 (* 6 r)))
 (let ((?x2732 (+ 3 s ?x211)))
 (let ((?x904 (* r00 ?x2732)))
 (let ((?x2905 (* (- 9) ?x904)))
 (let ((?x463 (* s00 ?x2732)))
 (let ((?x1641 (* 2 ?x463)))
 (let ((?x3586 (* s00 ?x2447)))
 (let ((?x1122 (* 9 ?x3586)))
 (let ((?x1213 (* 18 r)))
 (let ((?x1750 (* x00 ?x2447)))
 (let ((?x3790 (* (- 18) ?x1750)))
 (let ((?x2760 (* r00 r00 s00)))
 (let ((?x2761 (* 6 ?x2760)))
 (let ((?x361 (* (- 1) s)))
 (let ((?x2544 (+ x ?x361)))
 (let ((?x2662 (* r00 ?x2544)))
 (let ((?x2810 (* 18 ?x2662)))
 (let ((?x2409 (* r00 r00 ?x2732)))
 (let ((?x3829 (* (- 6) ?x2409)))
 (let ((?x1514 (* r00 ?x2447 ?x2732)))
 (let ((?x1516 (* 6 ?x1514)))
 (let ((?x1675 (* ?x2447 ?x2544)))
 (let ((?x1676 (* 18 ?x1675)))
 (let ((?x2183 (* ?x2732 ?x2732)))
 (let ((?x2990 (* 2 ?x2183)))
 (let ((?x922 (* r00 s00)))
 (let ((?x1600 (* 9 ?x922)))
 (let ((?x3249 (* ?x2447 ?x2732)))
 (let ((?x2646 (* (- 9) ?x3249)))
 (let ((?x1134 (+ 9 ?x2646 ?x619 ?x1600 ?x2990 ?x1676 ?x1516 ?x3829 ?x687 ?x2810 ?x461 ?x2761 ?x3790 ?x47 ?x1213 ?x1122 ?x1641 ?x2905 ?x3528)))
 (let ((?x1422 (* (+ (* 2 (* ?x2447 ?x2447)) (* (- 4) (* ?x2447 ?x2544 ?x2732 ?x2732))) ?x1134)))
 (let (($x3955 (not (= ?x1422 0))))
 (let ((?x3824 (* 108 ?x1453)))
 (let ((?x3631 (* (- 54) r)))
 (let ((?x3657 (* (- 9) s)))
 (let ((?x1498 (* (- 36) ?x2760)))
 (let ((?x137 (* 9 s00)))
 (let ((?x818 (* 51 ?x674)))
 (let ((?x1797 (* 36 ?x2409)))
 (let ((?x1685 (* 16 ?x1291)))
 (let ((?x1214 (* (- 108) ?x898)))
 (let ((?x3055 (* 216 (* r00 r00 r00 s00))))
 (let ((?x990 (* r00 s00 s00)))
 (let ((?x2146 (* (- 108) ?x990)))
 (let ((?x3021 (* (- 432) ?x1005)))
 (let ((?x3880 (* (- 36) (* r00 r00 s00 s00))))
 (let ((?x2935 (* (- 54) ?x922)))
 (let ((?x1881 (* 108 ?x605)))
 (let ((?x2466 (* 216 (* r00 s00 x00))))
 (let ((?x3934 (+ ?x2466 ?x1881 ?x2935 (* 15 ?x2183) (* (- 216) (* r00 r00 r00 ?x2732)) ?x3880 (* (- 4) (* ?x2732 ?x2732 ?x2732)) (* 108 (* ?x2544 ?x2544)) ?x3021 (* (- 12) (* s00 ?x2732 ?x2732)) (* 108 (* s00 ?x2544)) ?x2146 ?x3055 (* 108 (* x00 ?x2732)) (* 432 (* r00 r00 r00 ?x2544)) (* (- 66) ?x463) (* 108 (* r00 s00 ?x2732)) ?x1214 (* (- 216) (* r00 s00 ?x2544)) (* 36 (* r00 r00 ?x2732 ?x2732)) ?x1685 (* (- 108) (* ?x2544 ?x2732)) ?x1797 ?x818 (* (- 108) ?x2662) ?x137 ?x1498 ?x3657 ?x3631 (* 54 ?x904) (* (- 216) (* x00 ?x2544)) ?x3824)))
 (let (($x3945 (not (= ?x3934 27))))
 (let ((?x1410 (* 15 ?x674)))
 (let ((?x971 (* 36 ?x970)))
 (let ((?x3172 (* (- 6) ?x898)))
 (let ((?x2356 (* 2 ?x990)))
 (let ((?x3531 (* (- 24) ?x922)))
 (let ((?x1857 (* 54 ?x605)))
 (let ((?x3678 (+ (* 24 ?x3249) ?x1857 (* (- 36) (* r00 ?x2447 ?x2544)) ?x3531 (* (- 3) ?x2183) (* (- 54) ?x1675) (* 6 (* s00 ?x2544)) (* (- 4) (* r00 ?x2732 ?x2732)) ?x2356 (* 6 (* x00 ?x2732)) (* (- 12) ?x463) (* 2 (* r00 s00 ?x2732)) ?x3172 (* (- 2) (* ?x2447 ?x2732 ?x2732)) (* (- 6) (* ?x2544 ?x2732)) (* 4 (* s00 s00 ?x2447)) ?x1797 ?x971 ?x1410 (* (- 2) (* s00 ?x2447 ?x2732)) (* 36 (* r00 x00 ?x2447)) (* (- 54) ?x2662) ?x137 ?x1498 (* 54 ?x1750) ?x3657 ?x3631 (* (- 24) ?x3586) (* 24 ?x904) (* (- 36) (* r00 r00 ?x2544)))))
 (let ((?x3590 (* (- 6) ?x2760)))
 (let ((?x675 (* 4 ?x674)))
 (let ((?x991 (* (- 9) ?x922)))
 (let ((?x606 (* 18 ?x605)))
 (let ((?x2320 (+ (* 9 ?x3249) ?x606 ?x991 (* (- 2) ?x2183) (* (- 18) ?x1675) (* (- 6) ?x1514) (* 6 ?x2409) ?x675 (* (- 18) ?x2662) ?x44 ?x3590 (* 18 ?x1750) ?x582 (* (- 18) r) (* (- 9) ?x3586) (* (- 2) ?x463) (* 9 ?x904) (* 6 ?x2280))))
 (let ((?x3653 (* (- 6) ?x922)))
 (let ((?x2322 (+ (* 2 ?x3249) (* (- 12) (* r00 r00 ?x2447)) (* (- 15) r) ?x44 ?x3657 ?x583 (* 4 ?x3586) ?x3653 ?x56 ?x584 ?x553)))
 (let ((?x2264 (* (- 3) ?x382)))
 (let (($x2295 (= (+ s00 ?x361 (* (- 6) r) (* 3 (* ?x2447 ?x2447)) ?x2264) 3)))
 (let (($x1155 (not $x2295)))
 (let (($x3063 (or $x1155 (not (= ?x2322 6)) (not (= ?x2320 9)) (not (= ?x3678 27)) $x3945 $x3955)))
 (let ((?x1871 (* r00 r00 s)))
 (let ((?x2471 (* 36 ?x1871)))
 (let ((?x3831 (+ ?x2466 ?x1881 ?x2935 (* 15 ?x628) (* (- 216) (* r00 r00 r00 s)) ?x3880 (* (- 4) ?x912) (* 108 ?x975) ?x3021 (* (- 12) (* s00 s s)) (* 108 (* s00 x)) ?x2146 ?x3055 (* 108 (* x00 s)) (* 432 (* r00 r00 r00 x)) (* (- 66) (* s00 s)) (* 108 (* r00 s00 s)) ?x1214 (* (- 216) (* r00 s00 x)) (* 36 (* r00 r00 s s)) ?x1685 (* (- 108) (* x s)) ?x2471 ?x818 (* (- 108) (* r00 x)) ?x137 ?x1498 ?x3657 (* 54 (* r00 s)) (* (- 216) (* x00 x)) ?x3824)))
 (let (($x3838 (= ?x3831 0)))
 (let ((?x3133 (* r00 r00 x)))
 (let ((?x3215 (* (- 36) ?x3133)))
 (let ((?x2460 (* r00 s s)))
 (let ((?x3200 (* (- 4) ?x2460)))
 (let ((?x3436 (+ (* 24 (* s r)) ?x1857 (* (- 36) (* r00 x r)) ?x3531 (* (- 3) ?x628) (* (- 54) (* x r)) (* 6 (* s00 x)) ?x3200 ?x2356 (* 6 (* x00 s)) (* (- 12) (* s00 s)) (* 2 (* r00 s00 s)) ?x3172 (* (- 2) (* s s r)) (* (- 6) (* x s)) (* 4 (* s00 s00 r)) ?x2471 ?x971 ?x1410 (* (- 2) (* s00 s r)) (* 36 (* r00 x00 r)) (* (- 54) (* r00 x)) ?x137 ?x1498 (* 54 (* x00 r)) ?x3657 (* (- 24) (* s00 r)) (* 24 (* r00 s)) ?x3215)))
 (let ((?x1942 (* r00 x)))
 (let ((?x2227 (* (- 18) ?x1942)))
 (let ((?x2208 (* (- 2) ?x628)))
 (let ((?x3059 (+ (* 9 (* s r)) ?x606 ?x991 ?x2208 (* (- 18) (* x r)) (* (- 6) (* r00 s r)) (* 6 ?x1871) ?x675 ?x2227 ?x44 ?x3590 (* 18 (* x00 r)) ?x582 (* (- 9) (* s00 r)) (* (- 2) (* s00 s)) (* 9 (* r00 s)) (* 6 (* r00 s00 r)))))
 (let ((?x3654 (+ (* 2 (* s r)) (* (- 12) (* r00 r00 r)) ?x43 ?x44 ?x582 ?x583 (* 4 (* s00 r)) ?x3653 ?x56 ?x584 ?x553)))
 (let (($x3306 (= (+ s00 ?x361 (* 3 ?x370) ?x2264) 0)))
 (let (($x943 (and $x3306 (= ?x3654 0) (= ?x3059 0) (= ?x3436 0) $x3838 $x3063)))
 (rewrite (= $x943 $x1091)))))))))))))))))))))))))))))))))))))))))))))))))))))))))))))))))))))))))))))))))))))))))))))))))))))))))))))))))))))))))))))))))))))))))))))))))))))))))))))))))))))))))))))))))))))))))))))))))))))))))))))))))))))))))))))))))))))))))))))))))))))))))))))))))))))))))))))
 ))
 (let (($x1656 (exists ((r Int) (s Int) (x Int) )(! (let ((?x2447 (+ 1 r)))
 (let ((?x2280 (* r00 s00 ?x2447)))
 (let ((?x3528 (* (- 6) ?x2280)))
 (let ((?x211 (* 6 r)))
 (let ((?x2732 (+ 3 s ?x211)))
 (let ((?x904 (* r00 ?x2732)))
 (let ((?x2905 (* (- 9) ?x904)))
 (let ((?x463 (* s00 ?x2732)))
 (let ((?x1641 (* 2 ?x463)))
 (let ((?x3586 (* s00 ?x2447)))
 (let ((?x1122 (* 9 ?x3586)))
 (let ((?x1213 (* 18 r)))
 (let ((?x47 (* 3 s)))
 (let ((?x1750 (* x00 ?x2447)))
 (let ((?x3790 (* (- 18) ?x1750)))
 (let ((?x2760 (* r00 r00 s00)))
 (let ((?x2761 (* 6 ?x2760)))
 (let ((?x461 (* (- 3) s00)))
 (let ((?x361 (* (- 1) s)))
 (let ((?x2544 (+ x ?x361)))
 (let ((?x2662 (* r00 ?x2544)))
 (let ((?x2810 (* 18 ?x2662)))
 (let ((?x674 (* s00 s00)))
 (let ((?x687 (* (- 4) ?x674)))
 (let ((?x2409 (* r00 r00 ?x2732)))
 (let ((?x3829 (* (- 6) ?x2409)))
 (let ((?x1514 (* r00 ?x2447 ?x2732)))
 (let ((?x1516 (* 6 ?x1514)))
 (let ((?x1675 (* ?x2447 ?x2544)))
 (let ((?x1676 (* 18 ?x1675)))
 (let ((?x2183 (* ?x2732 ?x2732)))
 (let ((?x2990 (* 2 ?x2183)))
 (let ((?x922 (* r00 s00)))
 (let ((?x1600 (* 9 ?x922)))
 (let ((?x605 (* r00 x00)))
 (let ((?x619 (* (- 18) ?x605)))
 (let ((?x3249 (* ?x2447 ?x2732)))
 (let ((?x2646 (* (- 9) ?x3249)))
 (let ((?x1134 (+ 9 ?x2646 ?x619 ?x1600 ?x2990 ?x1676 ?x1516 ?x3829 ?x687 ?x2810 ?x461 ?x2761 ?x3790 ?x47 ?x1213 ?x1122 ?x1641 ?x2905 ?x3528)))
 (let ((?x1422 (* (+ (* 2 (* ?x2447 ?x2447)) (* (- 4) (* ?x2447 ?x2544 ?x2732 ?x2732))) ?x1134)))
 (let (($x3955 (not (= ?x1422 0))))
 (let ((?x1453 (* x00 x00)))
 (let ((?x3824 (* 108 ?x1453)))
 (let ((?x3631 (* (- 54) r)))
 (let ((?x3657 (* (- 9) s)))
 (let ((?x1498 (* (- 36) ?x2760)))
 (let ((?x137 (* 9 s00)))
 (let ((?x818 (* 51 ?x674)))
 (let ((?x1797 (* 36 ?x2409)))
 (let ((?x1291 (* s00 s00 s00)))
 (let ((?x1685 (* 16 ?x1291)))
 (let ((?x898 (* s00 x00)))
 (let ((?x1214 (* (- 108) ?x898)))
 (let ((?x3055 (* 216 (* r00 r00 r00 s00))))
 (let ((?x990 (* r00 s00 s00)))
 (let ((?x2146 (* (- 108) ?x990)))
 (let ((?x1005 (* r00 r00 r00 x00)))
 (let ((?x3021 (* (- 432) ?x1005)))
 (let ((?x3880 (* (- 36) (* r00 r00 s00 s00))))
 (let ((?x2935 (* (- 54) ?x922)))
 (let ((?x1881 (* 108 ?x605)))
 (let ((?x2466 (* 216 (* r00 s00 x00))))
 (let ((?x3934 (+ ?x2466 ?x1881 ?x2935 (* 15 ?x2183) (* (- 216) (* r00 r00 r00 ?x2732)) ?x3880 (* (- 4) (* ?x2732 ?x2732 ?x2732)) (* 108 (* ?x2544 ?x2544)) ?x3021 (* (- 12) (* s00 ?x2732 ?x2732)) (* 108 (* s00 ?x2544)) ?x2146 ?x3055 (* 108 (* x00 ?x2732)) (* 432 (* r00 r00 r00 ?x2544)) (* (- 66) ?x463) (* 108 (* r00 s00 ?x2732)) ?x1214 (* (- 216) (* r00 s00 ?x2544)) (* 36 (* r00 r00 ?x2732 ?x2732)) ?x1685 (* (- 108) (* ?x2544 ?x2732)) ?x1797 ?x818 (* (- 108) ?x2662) ?x137 ?x1498 ?x3657 ?x3631 (* 54 ?x904) (* (- 216) (* x00 ?x2544)) ?x3824)))
 (let (($x3945 (not (= ?x3934 27))))
 (let ((?x143 (* 9 s)))
 (let ((?x2330 (* 36 ?x2760)))
 (let ((?x1080 (* (- 9) s00)))
 (let ((?x1009 (* (- 15) ?x674)))
 (let ((?x970 (* r00 r00 x00)))
 (let ((?x983 (* (- 36) ?x970)))
 (let ((?x899 (* 6 ?x898)))
 (let ((?x3664 (* (- 2) ?x990)))
 (let ((?x2998 (* 24 ?x922)))
 (let ((?x642 (* (- 54) ?x605)))
 (let ((?x3425 (+ (* (- 24) ?x3249) ?x642 (* 36 (* r00 ?x2447 ?x2544)) ?x2998 (* 3 ?x2183) (* 54 ?x1675) (* (- 6) (* s00 ?x2544)) (* 4 (* r00 ?x2732 ?x2732)) ?x3664 (* (- 6) (* x00 ?x2732)) (* 12 ?x463) (* (- 2) (* r00 s00 ?x2732)) ?x899 (* 2 (* ?x2447 ?x2732 ?x2732)) (* 6 (* ?x2544 ?x2732)) (* (- 4) (* s00 s00 ?x2447)) (* (- 36) ?x2409) ?x983 ?x1009 (* 2 (* s00 ?x2447 ?x2732)) (* (- 36) (* r00 x00 ?x2447)) (* 54 ?x2662) ?x1080 ?x2330 (* (- 54) ?x1750) ?x143 (* 54 r) (* 24 ?x3586) (* (- 24) ?x904) (* 36 (* r00 r00 ?x2544)))))
 (let ((?x3962 (+ ?x2646 ?x619 ?x1600 ?x2990 ?x1676 ?x1516 ?x3829 ?x687 ?x2810 ?x461 ?x2761 ?x3790 ?x47 ?x1213 ?x1122 ?x1641 ?x2905 ?x3528)))
 (let ((?x552 (* r00 r00 r00)))
 (let ((?x566 (* (- 12) ?x552)))
 (let ((?x59 (* 6 x00)))
 (let ((?x531 (* (- 6) x)))
 (let ((?x942 (* 6 ?x922)))
 (let ((?x48 (* 3 r00)))
 (let ((?x2251 (+ (* (- 2) ?x3249) (* 12 (* r00 r00 ?x2447)) (* 15 r) ?x461 ?x143 ?x48 (* (- 4) ?x3586) ?x942 ?x531 ?x59 ?x566)))
 (let ((?x382 (* r00 r00)))
 (let ((?x2264 (* (- 3) ?x382)))
 (let (($x2295 (= (+ s00 ?x361 (* (- 6) r) (* 3 (* ?x2447 ?x2447)) ?x2264) 3)))
 (let (($x1155 (not $x2295)))
 (let (($x1650 (or $x1155 (not (= ?x2251 (- 6))) (not (= ?x3962 (- 9))) (not (= ?x3425 (- 27))) $x3945 $x3955)))
 (let ((?x1871 (* r00 r00 s)))
 (let ((?x2471 (* 36 ?x1871)))
 (let ((?x3831 (+ ?x2466 ?x1881 ?x2935 (* 15 (* s s)) (* (- 216) (* r00 r00 r00 s)) ?x3880 (* (- 4) (* s s s)) (* 108 (* x x)) ?x3021 (* (- 12) (* s00 s s)) (* 108 (* s00 x)) ?x2146 ?x3055 (* 108 (* x00 s)) (* 432 (* r00 r00 r00 x)) (* (- 66) (* s00 s)) (* 108 (* r00 s00 s)) ?x1214 (* (- 216) (* r00 s00 x)) (* 36 (* r00 r00 s s)) ?x1685 (* (- 108) (* x s)) ?x2471 ?x818 (* (- 108) (* r00 x)) ?x137 ?x1498 ?x3657 (* 54 (* r00 s)) (* (- 216) (* x00 x)) ?x3824)))
 (let (($x3838 (= ?x3831 0)))
 (let ((?x2801 (* (- 36) ?x1871)))
 (let ((?x628 (* s s)))
 (let ((?x660 (* 3 ?x628)))
 (let ((?x2918 (+ (* (- 24) (* s r)) ?x642 (* 36 (* r00 x r)) ?x2998 ?x660 (* 54 (* x r)) (* (- 6) (* s00 x)) (* 4 (* r00 s s)) ?x3664 (* (- 6) (* x00 s)) (* 12 (* s00 s)) (* (- 2) (* r00 s00 s)) ?x899 (* 2 (* s s r)) (* 6 (* x s)) (* (- 4) (* s00 s00 r)) ?x2801 ?x983 ?x1009 (* 2 (* s00 s r)) (* (- 36) (* r00 x00 r)) (* 54 (* r00 x)) ?x1080 ?x2330 (* (- 54) (* x00 r)) ?x143 (* 24 (* s00 r)) (* (- 24) (* r00 s)) (* 36 (* r00 r00 x)))))
 (let ((?x1942 (* r00 x)))
 (let ((?x1943 (* 18 ?x1942)))
 (let ((?x629 (* 2 ?x628)))
 (let ((?x1513 (+ (* (- 9) (* s r)) ?x619 ?x1600 ?x629 (* 18 (* x r)) (* 6 (* r00 s r)) (* (- 6) ?x1871) ?x687 ?x1943 ?x461 ?x2761 (* (- 18) (* x00 r)) ?x47 (* 9 (* s00 r)) (* 2 (* s00 s)) (* (- 9) (* r00 s)) (* (- 6) (* r00 s00 r)))))
 (let ((?x3071 (+ (* (- 2) (* s r)) (* 12 (* r00 r00 r)) (* (- 3) r) ?x461 ?x47 ?x48 (* (- 4) (* s00 r)) ?x942 ?x531 ?x59 ?x566)))
 (let (($x3306 (= (+ s00 ?x361 (* 3 (* r r)) ?x2264) 0)))
 (and $x3306 (= ?x3071 0) (= ?x1513 0) (= ?x2918 0) $x3838 $x1650))))))))))))))))))))))))))))))))))))))))))))))))))))))))))))))))))))))))))))))))))))))))))))))))))))))) :qid k!40))
 ))
 (let ((?x2302 (lambda ((r Int) (s Int) (x Int) )(let ((?x2447 (+ 1 r)))
 (let ((?x2280 (* r00 s00 ?x2447)))
 (let ((?x3528 (* (- 6) ?x2280)))
 (let ((?x211 (* 6 r)))
 (let ((?x2732 (+ 3 s ?x211)))
 (let ((?x904 (* r00 ?x2732)))
 (let ((?x2905 (* (- 9) ?x904)))
 (let ((?x463 (* s00 ?x2732)))
 (let ((?x1641 (* 2 ?x463)))
 (let ((?x3586 (* s00 ?x2447)))
 (let ((?x1122 (* 9 ?x3586)))
 (let ((?x1213 (* 18 r)))
 (let ((?x47 (* 3 s)))
 (let ((?x1750 (* x00 ?x2447)))
 (let ((?x3790 (* (- 18) ?x1750)))
 (let ((?x2760 (* r00 r00 s00)))
 (let ((?x2761 (* 6 ?x2760)))
 (let ((?x461 (* (- 3) s00)))
 (let ((?x361 (* (- 1) s)))
 (let ((?x2544 (+ x ?x361)))
 (let ((?x2662 (* r00 ?x2544)))
 (let ((?x2810 (* 18 ?x2662)))
 (let ((?x674 (* s00 s00)))
 (let ((?x687 (* (- 4) ?x674)))
 (let ((?x2409 (* r00 r00 ?x2732)))
 (let ((?x3829 (* (- 6) ?x2409)))
 (let ((?x1514 (* r00 ?x2447 ?x2732)))
 (let ((?x1516 (* 6 ?x1514)))
 (let ((?x1675 (* ?x2447 ?x2544)))
 (let ((?x1676 (* 18 ?x1675)))
 (let ((?x2183 (* ?x2732 ?x2732)))
 (let ((?x2990 (* 2 ?x2183)))
 (let ((?x922 (* r00 s00)))
 (let ((?x1600 (* 9 ?x922)))
 (let ((?x605 (* r00 x00)))
 (let ((?x619 (* (- 18) ?x605)))
 (let ((?x3249 (* ?x2447 ?x2732)))
 (let ((?x2646 (* (- 9) ?x3249)))
 (let ((?x1134 (+ 9 ?x2646 ?x619 ?x1600 ?x2990 ?x1676 ?x1516 ?x3829 ?x687 ?x2810 ?x461 ?x2761 ?x3790 ?x47 ?x1213 ?x1122 ?x1641 ?x2905 ?x3528)))
 (let ((?x1422 (* (+ (* 2 (* ?x2447 ?x2447)) (* (- 4) (* ?x2447 ?x2544 ?x2732 ?x2732))) ?x1134)))
 (let (($x3955 (not (= ?x1422 0))))
 (let ((?x1453 (* x00 x00)))
 (let ((?x3824 (* 108 ?x1453)))
 (let ((?x3631 (* (- 54) r)))
 (let ((?x3657 (* (- 9) s)))
 (let ((?x1498 (* (- 36) ?x2760)))
 (let ((?x137 (* 9 s00)))
 (let ((?x818 (* 51 ?x674)))
 (let ((?x1797 (* 36 ?x2409)))
 (let ((?x1291 (* s00 s00 s00)))
 (let ((?x1685 (* 16 ?x1291)))
 (let ((?x898 (* s00 x00)))
 (let ((?x1214 (* (- 108) ?x898)))
 (let ((?x3055 (* 216 (* r00 r00 r00 s00))))
 (let ((?x990 (* r00 s00 s00)))
 (let ((?x2146 (* (- 108) ?x990)))
 (let ((?x1005 (* r00 r00 r00 x00)))
 (let ((?x3021 (* (- 432) ?x1005)))
 (let ((?x3880 (* (- 36) (* r00 r00 s00 s00))))
 (let ((?x2935 (* (- 54) ?x922)))
 (let ((?x1881 (* 108 ?x605)))
 (let ((?x2466 (* 216 (* r00 s00 x00))))
 (let ((?x3934 (+ ?x2466 ?x1881 ?x2935 (* 15 ?x2183) (* (- 216) (* r00 r00 r00 ?x2732)) ?x3880 (* (- 4) (* ?x2732 ?x2732 ?x2732)) (* 108 (* ?x2544 ?x2544)) ?x3021 (* (- 12) (* s00 ?x2732 ?x2732)) (* 108 (* s00 ?x2544)) ?x2146 ?x3055 (* 108 (* x00 ?x2732)) (* 432 (* r00 r00 r00 ?x2544)) (* (- 66) ?x463) (* 108 (* r00 s00 ?x2732)) ?x1214 (* (- 216) (* r00 s00 ?x2544)) (* 36 (* r00 r00 ?x2732 ?x2732)) ?x1685 (* (- 108) (* ?x2544 ?x2732)) ?x1797 ?x818 (* (- 108) ?x2662) ?x137 ?x1498 ?x3657 ?x3631 (* 54 ?x904) (* (- 216) (* x00 ?x2544)) ?x3824)))
 (let (($x3945 (not (= ?x3934 27))))
 (let ((?x1410 (* 15 ?x674)))
 (let ((?x970 (* r00 r00 x00)))
 (let ((?x971 (* 36 ?x970)))
 (let ((?x3172 (* (- 6) ?x898)))
 (let ((?x2356 (* 2 ?x990)))
 (let ((?x3531 (* (- 24) ?x922)))
 (let ((?x1857 (* 54 ?x605)))
 (let ((?x3678 (+ (* 24 ?x3249) ?x1857 (* (- 36) (* r00 ?x2447 ?x2544)) ?x3531 (* (- 3) ?x2183) (* (- 54) ?x1675) (* 6 (* s00 ?x2544)) (* (- 4) (* r00 ?x2732 ?x2732)) ?x2356 (* 6 (* x00 ?x2732)) (* (- 12) ?x463) (* 2 (* r00 s00 ?x2732)) ?x3172 (* (- 2) (* ?x2447 ?x2732 ?x2732)) (* (- 6) (* ?x2544 ?x2732)) (* 4 (* s00 s00 ?x2447)) ?x1797 ?x971 ?x1410 (* (- 2) (* s00 ?x2447 ?x2732)) (* 36 (* r00 x00 ?x2447)) (* (- 54) ?x2662) ?x137 ?x1498 (* 54 ?x1750) ?x3657 ?x3631 (* (- 24) ?x3586) (* 24 ?x904) (* (- 36) (* r00 r00 ?x2544)))))
 (let ((?x582 (* (- 3) s)))
 (let ((?x3590 (* (- 6) ?x2760)))
 (let ((?x44 (* 3 s00)))
 (let ((?x675 (* 4 ?x674)))
 (let ((?x991 (* (- 9) ?x922)))
 (let ((?x606 (* 18 ?x605)))
 (let ((?x2320 (+ (* 9 ?x3249) ?x606 ?x991 (* (- 2) ?x2183) (* (- 18) ?x1675) (* (- 6) ?x1514) (* 6 ?x2409) ?x675 (* (- 18) ?x2662) ?x44 ?x3590 (* 18 ?x1750) ?x582 (* (- 18) r) (* (- 9) ?x3586) (* (- 2) ?x463) (* 9 ?x904) (* 6 ?x2280))))
 (let ((?x552 (* r00 r00 r00)))
 (let ((?x553 (* 12 ?x552)))
 (let ((?x584 (* (- 6) x00)))
 (let ((?x56 (* 6 x)))
 (let ((?x3653 (* (- 6) ?x922)))
 (let ((?x583 (* (- 3) r00)))
 (let ((?x2322 (+ (* 2 ?x3249) (* (- 12) (* r00 r00 ?x2447)) (* (- 15) r) ?x44 ?x3657 ?x583 (* 4 ?x3586) ?x3653 ?x56 ?x584 ?x553)))
 (let ((?x382 (* r00 r00)))
 (let ((?x2264 (* (- 3) ?x382)))
 (let (($x2295 (= (+ s00 ?x361 (* (- 6) r) (* 3 (* ?x2447 ?x2447)) ?x2264) 3)))
 (let (($x1155 (not $x2295)))
 (let (($x3063 (or $x1155 (not (= ?x2322 6)) (not (= ?x2320 9)) (not (= ?x3678 27)) $x3945 $x3955)))
 (let ((?x1871 (* r00 r00 s)))
 (let ((?x2471 (* 36 ?x1871)))
 (let ((?x3831 (+ ?x2466 ?x1881 ?x2935 (* 15 (* s s)) (* (- 216) (* r00 r00 r00 s)) ?x3880 (* (- 4) (* s s s)) (* 108 (* x x)) ?x3021 (* (- 12) (* s00 s s)) (* 108 (* s00 x)) ?x2146 ?x3055 (* 108 (* x00 s)) (* 432 (* r00 r00 r00 x)) (* (- 66) (* s00 s)) (* 108 (* r00 s00 s)) ?x1214 (* (- 216) (* r00 s00 x)) (* 36 (* r00 r00 s s)) ?x1685 (* (- 108) (* x s)) ?x2471 ?x818 (* (- 108) (* r00 x)) ?x137 ?x1498 ?x3657 (* 54 (* r00 s)) (* (- 216) (* x00 x)) ?x3824)))
 (let (($x3838 (= ?x3831 0)))
 (let ((?x3133 (* r00 r00 x)))
 (let ((?x3215 (* (- 36) ?x3133)))
 (let ((?x2460 (* r00 s s)))
 (let ((?x3200 (* (- 4) ?x2460)))
 (let ((?x3436 (+ (* 24 (* s r)) ?x1857 (* (- 36) (* r00 x r)) ?x3531 (* (- 3) (* s s)) (* (- 54) (* x r)) (* 6 (* s00 x)) ?x3200 ?x2356 (* 6 (* x00 s)) (* (- 12) (* s00 s)) (* 2 (* r00 s00 s)) ?x3172 (* (- 2) (* s s r)) (* (- 6) (* x s)) (* 4 (* s00 s00 r)) ?x2471 ?x971 ?x1410 (* (- 2) (* s00 s r)) (* 36 (* r00 x00 r)) (* (- 54) (* r00 x)) ?x137 ?x1498 (* 54 (* x00 r)) ?x3657 (* (- 24) (* s00 r)) (* 24 (* r00 s)) ?x3215)))
 (let ((?x1942 (* r00 x)))
 (let ((?x2227 (* (- 18) ?x1942)))
 (let ((?x628 (* s s)))
 (let ((?x2208 (* (- 2) ?x628)))
 (let ((?x3059 (+ (* 9 (* s r)) ?x606 ?x991 ?x2208 (* (- 18) (* x r)) (* (- 6) (* r00 s r)) (* 6 ?x1871) ?x675 ?x2227 ?x44 ?x3590 (* 18 (* x00 r)) ?x582 (* (- 9) (* s00 r)) (* (- 2) (* s00 s)) (* 9 (* r00 s)) (* 6 (* r00 s00 r)))))
 (let ((?x43 (* 3 r)))
 (let ((?x3654 (+ (* 2 (* s r)) (* (- 12) (* r00 r00 r)) ?x43 ?x44 ?x582 ?x583 (* 4 (* s00 r)) ?x3653 ?x56 ?x584 ?x553)))
 (let (($x3306 (= (+ s00 ?x361 (* 3 (* r r)) ?x2264) 0)))
 (let (($x943 (and $x3306 (= ?x3654 0) (= ?x3059 0) (= ?x3436 0) $x3838 $x3063)))
 (let ((?x143 (* 9 s)))
 (let ((?x2330 (* 36 ?x2760)))
 (let ((?x1080 (* (- 9) s00)))
 (let ((?x1009 (* (- 15) ?x674)))
 (let ((?x983 (* (- 36) ?x970)))
 (let ((?x899 (* 6 ?x898)))
 (let ((?x3664 (* (- 2) ?x990)))
 (let ((?x2998 (* 24 ?x922)))
 (let ((?x642 (* (- 54) ?x605)))
 (let ((?x3425 (+ (* (- 24) ?x3249) ?x642 (* 36 (* r00 ?x2447 ?x2544)) ?x2998 (* 3 ?x2183) (* 54 ?x1675) (* (- 6) (* s00 ?x2544)) (* 4 (* r00 ?x2732 ?x2732)) ?x3664 (* (- 6) (* x00 ?x2732)) (* 12 ?x463) (* (- 2) (* r00 s00 ?x2732)) ?x899 (* 2 (* ?x2447 ?x2732 ?x2732)) (* 6 (* ?x2544 ?x2732)) (* (- 4) (* s00 s00 ?x2447)) (* (- 36) ?x2409) ?x983 ?x1009 (* 2 (* s00 ?x2447 ?x2732)) (* (- 36) (* r00 x00 ?x2447)) (* 54 ?x2662) ?x1080 ?x2330 (* (- 54) ?x1750) ?x143 (* 54 r) (* 24 ?x3586) (* (- 24) ?x904) (* 36 (* r00 r00 ?x2544)))))
 (let ((?x3962 (+ ?x2646 ?x619 ?x1600 ?x2990 ?x1676 ?x1516 ?x3829 ?x687 ?x2810 ?x461 ?x2761 ?x3790 ?x47 ?x1213 ?x1122 ?x1641 ?x2905 ?x3528)))
 (let ((?x566 (* (- 12) ?x552)))
 (let ((?x59 (* 6 x00)))
 (let ((?x531 (* (- 6) x)))
 (let ((?x942 (* 6 ?x922)))
 (let ((?x48 (* 3 r00)))
 (let ((?x2251 (+ (* (- 2) ?x3249) (* 12 (* r00 r00 ?x2447)) (* 15 r) ?x461 ?x143 ?x48 (* (- 4) ?x3586) ?x942 ?x531 ?x59 ?x566)))
 (let (($x1650 (or $x1155 (not (= ?x2251 (- 6))) (not (= ?x3962 (- 9))) (not (= ?x3425 (- 27))) $x3945 $x3955)))
 (let ((?x2801 (* (- 36) ?x1871)))
 (let ((?x660 (* 3 ?x628)))
 (let ((?x2918 (+ (* (- 24) (* s r)) ?x642 (* 36 (* r00 x r)) ?x2998 ?x660 (* 54 (* x r)) (* (- 6) (* s00 x)) (* 4 ?x2460) ?x3664 (* (- 6) (* x00 s)) (* 12 (* s00 s)) (* (- 2) (* r00 s00 s)) ?x899 (* 2 (* s s r)) (* 6 (* x s)) (* (- 4) (* s00 s00 r)) ?x2801 ?x983 ?x1009 (* 2 (* s00 s r)) (* (- 36) (* r00 x00 r)) (* 54 ?x1942) ?x1080 ?x2330 (* (- 54) (* x00 r)) ?x143 (* 24 (* s00 r)) (* (- 24) (* r00 s)) (* 36 ?x3133))))
 (let ((?x1943 (* 18 ?x1942)))
 (let ((?x629 (* 2 ?x628)))
 (let ((?x1513 (+ (* (- 9) (* s r)) ?x619 ?x1600 ?x629 (* 18 (* x r)) (* 6 (* r00 s r)) (* (- 6) ?x1871) ?x687 ?x1943 ?x461 ?x2761 (* (- 18) (* x00 r)) ?x47 (* 9 (* s00 r)) (* 2 (* s00 s)) (* (- 9) (* r00 s)) (* (- 6) (* r00 s00 r)))))
 (let ((?x3071 (+ (* (- 2) (* s r)) (* 12 (* r00 r00 r)) (* (- 3) r) ?x461 ?x47 ?x48 (* (- 4) (* s00 r)) ?x942 ?x531 ?x59 ?x566)))
 (let (($x1434 (and $x3306 (= ?x3071 0) (= ?x1513 0) (= ?x2918 0) $x3838 $x1650)))
 (rewrite (= $x1434 $x943))))))))))))))))))))))))))))))))))))))))))))))))))))))))))))))))))))))))))))))))))))))))))))))))))))))))))))))))))))))))))))))))))))))))))
 ))
 (let (($x358 (exists ((r Int) (s Int) (x Int) )(! (let ((?x232 (- x s)))
 (let ((?x211 (* 6 r)))
 (let ((?x212 (+ s ?x211 3)))
 (let ((?x215 (+ r 1)))
 (let ((?x227 (* 3 ?x212)))
 (let ((?x82 (* 6 r00 r00 s00)))
 (let ((?x44 (* 3 s00)))
 (let ((?x76 (* 4 s00 s00)))
 (let ((?x70 (* 9 r00 s00)))
 (let ((?x244 (+ (- (* (- 9) ?x215 ?x212) (* 18 r00 x00)) ?x70 (* 2 ?x212 ?x212) (* 18 ?x215 ?x232) (* 6 ?x215 r00 ?x212))))
 (let ((?x249 (+ (- (- ?x244 (* 6 r00 r00 ?x212)) ?x76) (* 18 r00 ?x232))))
 (let ((?x256 (+ (- (+ (- ?x249 ?x44) ?x82) (* 18 ?x215 x00)) ?x227 (* 9 ?x215 s00) (* 2 ?x212 s00))))
 (let ((?x260 (- (- ?x256 (* 9 r00 ?x212)) (* 6 ?x215 r00 s00))))
 (let (($x354 (= (* ?x260 (- (* 2 ?x215 ?x215) (* 4 ?x215 ?x212 ?x212 ?x232))) 0)))
 (let ((?x208 (* 108 x00 x00)))
 (let ((?x299 (* 9 ?x212)))
 (let ((?x139 (* 36 r00 r00 s00)))
 (let ((?x137 (* 9 s00)))
 (let ((?x197 (* 51 s00 s00)))
 (let ((?x284 (* 36 r00 r00 ?x212)))
 (let ((?x192 (* 16 s00 s00 s00)))
 (let ((?x186 (* 108 s00 x00)))
 (let ((?x177 (* 216 r00 r00 r00 s00)))
 (let ((?x175 (* 108 r00 s00 s00)))
 (let ((?x169 (* 432 r00 r00 r00 x00)))
 (let ((?x161 (* 36 r00 r00 s00 s00)))
 (let ((?x157 (- (+ (* 216 r00 s00 x00) (* 108 r00 x00)) (* 54 r00 s00))))
 (let ((?x313 (- (- (+ ?x157 (* 15 ?x212 ?x212)) (* 216 r00 r00 r00 ?x212)) ?x161)))
 (let ((?x319 (- (- (+ (- ?x313 (* 4 ?x212 ?x212 ?x212)) (* 108 ?x232 ?x232)) ?x169) (* 12 ?x212 ?x212 s00))))
 (let ((?x325 (+ (- (+ ?x319 (* 108 s00 ?x232)) ?x175) ?x177 (* 108 ?x212 x00) (* 432 r00 r00 r00 ?x232))))
 (let ((?x331 (- (+ (- ?x325 (* 66 ?x212 s00)) (* 108 r00 ?x212 s00)) ?x186)))
 (let ((?x334 (+ (- ?x331 (* 216 r00 s00 ?x232)) (* 36 r00 r00 ?x212 ?x212) ?x192)))
 (let ((?x339 (- (+ (- ?x334 (* 108 ?x212 ?x232)) ?x284 ?x197) (* 108 r00 ?x232))))
 (let ((?x346 (- (+ (- (- (+ ?x339 ?x137) ?x139) ?x299) (* 54 r00 ?x212)) (* 216 ?x232 x00))))
 (let ((?x126 (* 15 s00 s00)))
 (let ((?x124 (* 36 r00 r00 x00)))
 (let ((?x118 (* 6 s00 x00)))
 (let ((?x110 (* 2 r00 s00 s00)))
 (let ((?x102 (* 24 r00 s00)))
 (let ((?x268 (+ (- (* (- 24) ?x215 ?x212) (* 54 r00 x00)) (* 36 ?x215 r00 ?x232) ?x102 (* 3 ?x212 ?x212) (* 54 ?x215 ?x232))))
 (let ((?x274 (- (+ (- ?x268 (* 6 s00 ?x232)) (* 4 r00 ?x212 ?x212)) ?x110)))
 (let ((?x279 (- (+ (- ?x274 (* 6 ?x212 x00)) (* 12 ?x212 s00)) (* 2 r00 ?x212 s00))))
 (let ((?x285 (- (+ ?x279 ?x118 (* 2 ?x215 ?x212 ?x212) (* 6 ?x212 ?x232)) (* 4 ?x215 s00 s00))))
 (let ((?x292 (- (+ (- (- (- ?x285 ?x284) ?x124) ?x126) (* 2 ?x215 ?x212 s00)) (* 36 ?x215 r00 x00))))
 (let ((?x298 (- (+ (- (+ ?x292 (* 54 r00 ?x232)) ?x137) ?x139) (* 54 ?x215 x00))))
 (let ((?x305 (+ (- (+ ?x298 ?x299 (* 24 ?x215 s00)) (* 24 r00 ?x212)) (* 36 r00 r00 ?x232))))
 (let ((?x61 (* 12 r00 r00 r00)))
 (let ((?x59 (* 6 x00)))
 (let ((?x54 (* 6 r00 s00)))
 (let ((?x48 (* 3 r00)))
 (let ((?x225 (- (+ (* (- 2) ?x215 ?x212) (* 12 ?x215 r00 r00)) (* 3 ?x215))))
 (let ((?x234 (- (+ (- (+ (- ?x225 ?x44) ?x227 ?x48) (* 4 ?x215 s00)) ?x54) (* 6 ?x232))))
 (let (($x219 (= (- (+ (- s00 ?x212) (* 3 ?x215 ?x215)) (* 3 r00 r00)) 0)))
 (let (($x356 (or (not $x219) (not (= (- (+ ?x234 ?x59) ?x61) 0)) (not (= ?x260 0)) (not (= ?x305 0)) (not (= (+ ?x346 ?x208) 0)) (not $x354))))
 (let ((?x143 (* 9 s)))
 (let ((?x123 (* 36 r00 r00 s)))
 (let ((?x164 (- (- (+ ?x157 (* 15 s s)) (* 216 r00 r00 r00 s)) ?x161)))
 (let ((?x172 (- (- (+ (- ?x164 (* 4 s s s)) (* 108 x x)) ?x169) (* 12 s s s00))))
 (let ((?x180 (+ (- (+ ?x172 (* 108 s00 x)) ?x175) ?x177 (* 108 s x00) (* 432 r00 r00 r00 x))))
 (let ((?x188 (- (+ (- ?x180 (* 66 s s00)) (* 108 r00 s s00)) ?x186)))
 (let ((?x193 (+ (- ?x188 (* 216 r00 s00 x)) (* 36 r00 r00 s s) ?x192)))
 (let ((?x200 (- (+ (- ?x193 (* 108 s x)) ?x123 ?x197) (* 108 r00 x))))
 (let ((?x207 (- (+ (- (- (+ ?x200 ?x137) ?x139) ?x143) (* 54 r00 s)) (* 216 x x00))))
 (let ((?x105 (+ (- (* (- 24) r s) (* 54 r00 x00)) (* 36 r r00 x) ?x102 (* 3 s s) (* 54 r x))))
 (let ((?x112 (- (+ (- ?x105 (* 6 s00 x)) (* 4 r00 s s)) ?x110)))
 (let ((?x117 (- (+ (- ?x112 (* 6 s x00)) (* 12 s s00)) (* 2 r00 s s00))))
 (let ((?x127 (- (+ ?x117 ?x118 (* 2 r s s) (* 6 s x)) (* 4 r s00 s00))))
 (let ((?x134 (- (+ (- (- (- ?x127 ?x123) ?x124) ?x126) (* 2 r s s00)) (* 36 r r00 x00))))
 (let ((?x142 (- (+ (- (+ ?x134 (* 54 r00 x)) ?x137) ?x139) (* 54 r x00))))
 (let ((?x149 (+ (- (+ ?x142 ?x143 (* 24 r s00)) (* 24 r00 s)) (* 36 r00 r00 x))))
 (let ((?x47 (* 3 s)))
 (let ((?x74 (+ (- (* (- 9) r s) (* 18 r00 x00)) ?x70 (* 2 s s) (* 18 r x) (* 6 r r00 s))))
 (let ((?x80 (+ (- (- ?x74 (* 6 r00 r00 s)) ?x76) (* 18 r00 x))))
 (let ((?x88 (+ (- (+ (- ?x80 ?x44) ?x82) (* 18 r x00)) ?x47 (* 9 r s00) (* 2 s s00))))
 (let (($x93 (= (- (- ?x88 (* 9 r00 s)) (* 6 r r00 s00)) 0)))
 (let ((?x56 (* 6 x)))
 (let ((?x43 (* 3 r)))
 (let ((?x46 (- (- (+ (* (- 2) r s) (* 12 r r00 r00)) ?x43) ?x44)))
 (let ((?x60 (+ (- (+ (- (+ ?x46 ?x47 ?x48) (* 4 r s00)) ?x54) ?x56) ?x59)))
 (let (($x36 (= (- (+ (- s00 s) (* 3 r r)) (* 3 r00 r00)) 0)))
 (and $x36 (= (- ?x60 ?x61) 0) $x93 (= ?x149 0) (= (+ ?x207 ?x208) 0) $x356))))))))))))))))))))))))))))))))))))))))))))))))))))))))))))))))))))))))))))))))) :qid k!40))
 ))
 (let ((?x3968 (lambda ((r Int) (s Int) (x Int) )(let ((?x2447 (+ 1 r)))
 (let ((?x2280 (* r00 s00 ?x2447)))
 (let ((?x3528 (* (- 6) ?x2280)))
 (let ((?x211 (* 6 r)))
 (let ((?x2732 (+ 3 s ?x211)))
 (let ((?x904 (* r00 ?x2732)))
 (let ((?x2905 (* (- 9) ?x904)))
 (let ((?x463 (* s00 ?x2732)))
 (let ((?x1641 (* 2 ?x463)))
 (let ((?x3586 (* s00 ?x2447)))
 (let ((?x1122 (* 9 ?x3586)))
 (let ((?x1213 (* 18 r)))
 (let ((?x47 (* 3 s)))
 (let ((?x1750 (* x00 ?x2447)))
 (let ((?x3790 (* (- 18) ?x1750)))
 (let ((?x2760 (* r00 r00 s00)))
 (let ((?x2761 (* 6 ?x2760)))
 (let ((?x461 (* (- 3) s00)))
 (let ((?x361 (* (- 1) s)))
 (let ((?x2544 (+ x ?x361)))
 (let ((?x2662 (* r00 ?x2544)))
 (let ((?x2810 (* 18 ?x2662)))
 (let ((?x674 (* s00 s00)))
 (let ((?x687 (* (- 4) ?x674)))
 (let ((?x2409 (* r00 r00 ?x2732)))
 (let ((?x3829 (* (- 6) ?x2409)))
 (let ((?x1514 (* r00 ?x2447 ?x2732)))
 (let ((?x1516 (* 6 ?x1514)))
 (let ((?x1675 (* ?x2447 ?x2544)))
 (let ((?x1676 (* 18 ?x1675)))
 (let ((?x2183 (* ?x2732 ?x2732)))
 (let ((?x2990 (* 2 ?x2183)))
 (let ((?x922 (* r00 s00)))
 (let ((?x1600 (* 9 ?x922)))
 (let ((?x605 (* r00 x00)))
 (let ((?x619 (* (- 18) ?x605)))
 (let ((?x3249 (* ?x2447 ?x2732)))
 (let ((?x2646 (* (- 9) ?x3249)))
 (let ((?x1134 (+ 9 ?x2646 ?x619 ?x1600 ?x2990 ?x1676 ?x1516 ?x3829 ?x687 ?x2810 ?x461 ?x2761 ?x3790 ?x47 ?x1213 ?x1122 ?x1641 ?x2905 ?x3528)))
 (let ((?x1422 (* (+ (* 2 (* ?x2447 ?x2447)) (* (- 4) (* ?x2447 ?x2544 ?x2732 ?x2732))) ?x1134)))
 (let (($x3955 (not (= ?x1422 0))))
 (let ((?x1453 (* x00 x00)))
 (let ((?x3824 (* 108 ?x1453)))
 (let ((?x3631 (* (- 54) r)))
 (let ((?x3657 (* (- 9) s)))
 (let ((?x1498 (* (- 36) ?x2760)))
 (let ((?x137 (* 9 s00)))
 (let ((?x818 (* 51 ?x674)))
 (let ((?x1797 (* 36 ?x2409)))
 (let ((?x1291 (* s00 s00 s00)))
 (let ((?x1685 (* 16 ?x1291)))
 (let ((?x898 (* s00 x00)))
 (let ((?x1214 (* (- 108) ?x898)))
 (let ((?x3055 (* 216 (* r00 r00 r00 s00))))
 (let ((?x990 (* r00 s00 s00)))
 (let ((?x2146 (* (- 108) ?x990)))
 (let ((?x1005 (* r00 r00 r00 x00)))
 (let ((?x3021 (* (- 432) ?x1005)))
 (let ((?x3880 (* (- 36) (* r00 r00 s00 s00))))
 (let ((?x2935 (* (- 54) ?x922)))
 (let ((?x1881 (* 108 ?x605)))
 (let ((?x2466 (* 216 (* r00 s00 x00))))
 (let ((?x3934 (+ ?x2466 ?x1881 ?x2935 (* 15 ?x2183) (* (- 216) (* r00 r00 r00 ?x2732)) ?x3880 (* (- 4) (* ?x2732 ?x2732 ?x2732)) (* 108 (* ?x2544 ?x2544)) ?x3021 (* (- 12) (* s00 ?x2732 ?x2732)) (* 108 (* s00 ?x2544)) ?x2146 ?x3055 (* 108 (* x00 ?x2732)) (* 432 (* r00 r00 r00 ?x2544)) (* (- 66) ?x463) (* 108 (* r00 s00 ?x2732)) ?x1214 (* (- 216) (* r00 s00 ?x2544)) (* 36 (* r00 r00 ?x2732 ?x2732)) ?x1685 (* (- 108) (* ?x2544 ?x2732)) ?x1797 ?x818 (* (- 108) ?x2662) ?x137 ?x1498 ?x3657 ?x3631 (* 54 ?x904) (* (- 216) (* x00 ?x2544)) ?x3824)))
 (let (($x3945 (not (= ?x3934 27))))
 (let ((?x143 (* 9 s)))
 (let ((?x2330 (* 36 ?x2760)))
 (let ((?x1080 (* (- 9) s00)))
 (let ((?x1009 (* (- 15) ?x674)))
 (let ((?x970 (* r00 r00 x00)))
 (let ((?x983 (* (- 36) ?x970)))
 (let ((?x899 (* 6 ?x898)))
 (let ((?x3664 (* (- 2) ?x990)))
 (let ((?x2998 (* 24 ?x922)))
 (let ((?x642 (* (- 54) ?x605)))
 (let ((?x3425 (+ (* (- 24) ?x3249) ?x642 (* 36 (* r00 ?x2447 ?x2544)) ?x2998 (* 3 ?x2183) (* 54 ?x1675) (* (- 6) (* s00 ?x2544)) (* 4 (* r00 ?x2732 ?x2732)) ?x3664 (* (- 6) (* x00 ?x2732)) (* 12 ?x463) (* (- 2) (* r00 s00 ?x2732)) ?x899 (* 2 (* ?x2447 ?x2732 ?x2732)) (* 6 (* ?x2544 ?x2732)) (* (- 4) (* s00 s00 ?x2447)) (* (- 36) ?x2409) ?x983 ?x1009 (* 2 (* s00 ?x2447 ?x2732)) (* (- 36) (* r00 x00 ?x2447)) (* 54 ?x2662) ?x1080 ?x2330 (* (- 54) ?x1750) ?x143 (* 54 r) (* 24 ?x3586) (* (- 24) ?x904) (* 36 (* r00 r00 ?x2544)))))
 (let ((?x3962 (+ ?x2646 ?x619 ?x1600 ?x2990 ?x1676 ?x1516 ?x3829 ?x687 ?x2810 ?x461 ?x2761 ?x3790 ?x47 ?x1213 ?x1122 ?x1641 ?x2905 ?x3528)))
 (let ((?x552 (* r00 r00 r00)))
 (let ((?x566 (* (- 12) ?x552)))
 (let ((?x59 (* 6 x00)))
 (let ((?x531 (* (- 6) x)))
 (let ((?x942 (* 6 ?x922)))
 (let ((?x48 (* 3 r00)))
 (let ((?x2251 (+ (* (- 2) ?x3249) (* 12 (* r00 r00 ?x2447)) (* 15 r) ?x461 ?x143 ?x48 (* (- 4) ?x3586) ?x942 ?x531 ?x59 ?x566)))
 (let ((?x382 (* r00 r00)))
 (let ((?x2264 (* (- 3) ?x382)))
 (let (($x2295 (= (+ s00 ?x361 (* (- 6) r) (* 3 (* ?x2447 ?x2447)) ?x2264) 3)))
 (let (($x1155 (not $x2295)))
 (let (($x1650 (or $x1155 (not (= ?x2251 (- 6))) (not (= ?x3962 (- 9))) (not (= ?x3425 (- 27))) $x3945 $x3955)))
 (let ((?x1871 (* r00 r00 s)))
 (let ((?x2471 (* 36 ?x1871)))
 (let ((?x3831 (+ ?x2466 ?x1881 ?x2935 (* 15 (* s s)) (* (- 216) (* r00 r00 r00 s)) ?x3880 (* (- 4) (* s s s)) (* 108 (* x x)) ?x3021 (* (- 12) (* s00 s s)) (* 108 (* s00 x)) ?x2146 ?x3055 (* 108 (* x00 s)) (* 432 (* r00 r00 r00 x)) (* (- 66) (* s00 s)) (* 108 (* r00 s00 s)) ?x1214 (* (- 216) (* r00 s00 x)) (* 36 (* r00 r00 s s)) ?x1685 (* (- 108) (* x s)) ?x2471 ?x818 (* (- 108) (* r00 x)) ?x137 ?x1498 ?x3657 (* 54 (* r00 s)) (* (- 216) (* x00 x)) ?x3824)))
 (let (($x3838 (= ?x3831 0)))
 (let ((?x2801 (* (- 36) ?x1871)))
 (let ((?x628 (* s s)))
 (let ((?x660 (* 3 ?x628)))
 (let ((?x2918 (+ (* (- 24) (* s r)) ?x642 (* 36 (* r00 x r)) ?x2998 ?x660 (* 54 (* x r)) (* (- 6) (* s00 x)) (* 4 (* r00 s s)) ?x3664 (* (- 6) (* x00 s)) (* 12 (* s00 s)) (* (- 2) (* r00 s00 s)) ?x899 (* 2 (* s s r)) (* 6 (* x s)) (* (- 4) (* s00 s00 r)) ?x2801 ?x983 ?x1009 (* 2 (* s00 s r)) (* (- 36) (* r00 x00 r)) (* 54 (* r00 x)) ?x1080 ?x2330 (* (- 54) (* x00 r)) ?x143 (* 24 (* s00 r)) (* (- 24) (* r00 s)) (* 36 (* r00 r00 x)))))
 (let ((?x1942 (* r00 x)))
 (let ((?x1943 (* 18 ?x1942)))
 (let ((?x629 (* 2 ?x628)))
 (let ((?x1513 (+ (* (- 9) (* s r)) ?x619 ?x1600 ?x629 (* 18 (* x r)) (* 6 (* r00 s r)) (* (- 6) ?x1871) ?x687 ?x1943 ?x461 ?x2761 (* (- 18) (* x00 r)) ?x47 (* 9 (* s00 r)) (* 2 (* s00 s)) (* (- 9) (* r00 s)) (* (- 6) (* r00 s00 r)))))
 (let ((?x3071 (+ (* (- 2) (* s r)) (* 12 (* r00 r00 r)) (* (- 3) r) ?x461 ?x47 ?x48 (* (- 4) (* s00 r)) ?x942 ?x531 ?x59 ?x566)))
 (let (($x3306 (= (+ s00 ?x361 (* 3 (* r r)) ?x2264) 0)))
 (let (($x1434 (and $x3306 (= ?x3071 0) (= ?x1513 0) (= ?x2918 0) $x3838 $x1650)))
 (let ((?x232 (- x s)))
 (let ((?x212 (+ s ?x211 3)))
 (let ((?x215 (+ r 1)))
 (let ((?x227 (* 3 ?x212)))
 (let ((?x82 (* 6 r00 r00 s00)))
 (let ((?x44 (* 3 s00)))
 (let ((?x76 (* 4 s00 s00)))
 (let ((?x70 (* 9 r00 s00)))
 (let ((?x244 (+ (- (* (- 9) ?x215 ?x212) (* 18 r00 x00)) ?x70 (* 2 ?x212 ?x212) (* 18 ?x215 ?x232) (* 6 ?x215 r00 ?x212))))
 (let ((?x249 (+ (- (- ?x244 (* 6 r00 r00 ?x212)) ?x76) (* 18 r00 ?x232))))
 (let ((?x256 (+ (- (+ (- ?x249 ?x44) ?x82) (* 18 ?x215 x00)) ?x227 (* 9 ?x215 s00) (* 2 ?x212 s00))))
 (let ((?x260 (- (- ?x256 (* 9 r00 ?x212)) (* 6 ?x215 r00 s00))))
 (let (($x354 (= (* ?x260 (- (* 2 ?x215 ?x215) (* 4 ?x215 ?x212 ?x212 ?x232))) 0)))
 (let ((?x208 (* 108 x00 x00)))
 (let ((?x299 (* 9 ?x212)))
 (let ((?x139 (* 36 r00 r00 s00)))
 (let ((?x197 (* 51 s00 s00)))
 (let ((?x284 (* 36 r00 r00 ?x212)))
 (let ((?x192 (* 16 s00 s00 s00)))
 (let ((?x186 (* 108 s00 x00)))
 (let ((?x177 (* 216 r00 r00 r00 s00)))
 (let ((?x175 (* 108 r00 s00 s00)))
 (let ((?x169 (* 432 r00 r00 r00 x00)))
 (let ((?x161 (* 36 r00 r00 s00 s00)))
 (let ((?x157 (- (+ (* 216 r00 s00 x00) (* 108 r00 x00)) (* 54 r00 s00))))
 (let ((?x313 (- (- (+ ?x157 (* 15 ?x212 ?x212)) (* 216 r00 r00 r00 ?x212)) ?x161)))
 (let ((?x319 (- (- (+ (- ?x313 (* 4 ?x212 ?x212 ?x212)) (* 108 ?x232 ?x232)) ?x169) (* 12 ?x212 ?x212 s00))))
 (let ((?x325 (+ (- (+ ?x319 (* 108 s00 ?x232)) ?x175) ?x177 (* 108 ?x212 x00) (* 432 r00 r00 r00 ?x232))))
 (let ((?x331 (- (+ (- ?x325 (* 66 ?x212 s00)) (* 108 r00 ?x212 s00)) ?x186)))
 (let ((?x334 (+ (- ?x331 (* 216 r00 s00 ?x232)) (* 36 r00 r00 ?x212 ?x212) ?x192)))
 (let ((?x339 (- (+ (- ?x334 (* 108 ?x212 ?x232)) ?x284 ?x197) (* 108 r00 ?x232))))
 (let ((?x346 (- (+ (- (- (+ ?x339 ?x137) ?x139) ?x299) (* 54 r00 ?x212)) (* 216 ?x232 x00))))
 (let ((?x126 (* 15 s00 s00)))
 (let ((?x124 (* 36 r00 r00 x00)))
 (let ((?x118 (* 6 s00 x00)))
 (let ((?x110 (* 2 r00 s00 s00)))
 (let ((?x102 (* 24 r00 s00)))
 (let ((?x268 (+ (- (* (- 24) ?x215 ?x212) (* 54 r00 x00)) (* 36 ?x215 r00 ?x232) ?x102 (* 3 ?x212 ?x212) (* 54 ?x215 ?x232))))
 (let ((?x274 (- (+ (- ?x268 (* 6 s00 ?x232)) (* 4 r00 ?x212 ?x212)) ?x110)))
 (let ((?x279 (- (+ (- ?x274 (* 6 ?x212 x00)) (* 12 ?x212 s00)) (* 2 r00 ?x212 s00))))
 (let ((?x285 (- (+ ?x279 ?x118 (* 2 ?x215 ?x212 ?x212) (* 6 ?x212 ?x232)) (* 4 ?x215 s00 s00))))
 (let ((?x292 (- (+ (- (- (- ?x285 ?x284) ?x124) ?x126) (* 2 ?x215 ?x212 s00)) (* 36 ?x215 r00 x00))))
 (let ((?x298 (- (+ (- (+ ?x292 (* 54 r00 ?x232)) ?x137) ?x139) (* 54 ?x215 x00))))
 (let ((?x305 (+ (- (+ ?x298 ?x299 (* 24 ?x215 s00)) (* 24 r00 ?x212)) (* 36 r00 r00 ?x232))))
 (let ((?x61 (* 12 r00 r00 r00)))
 (let ((?x54 (* 6 r00 s00)))
 (let ((?x225 (- (+ (* (- 2) ?x215 ?x212) (* 12 ?x215 r00 r00)) (* 3 ?x215))))
 (let ((?x234 (- (+ (- (+ (- ?x225 ?x44) ?x227 ?x48) (* 4 ?x215 s00)) ?x54) (* 6 ?x232))))
 (let (($x219 (= (- (+ (- s00 ?x212) (* 3 ?x215 ?x215)) (* 3 r00 r00)) 0)))
 (let (($x356 (or (not $x219) (not (= (- (+ ?x234 ?x59) ?x61) 0)) (not (= ?x260 0)) (not (= ?x305 0)) (not (= (+ ?x346 ?x208) 0)) (not $x354))))
 (let ((?x123 (* 36 r00 r00 s)))
 (let ((?x164 (- (- (+ ?x157 (* 15 s s)) (* 216 r00 r00 r00 s)) ?x161)))
 (let ((?x172 (- (- (+ (- ?x164 (* 4 s s s)) (* 108 x x)) ?x169) (* 12 s s s00))))
 (let ((?x180 (+ (- (+ ?x172 (* 108 s00 x)) ?x175) ?x177 (* 108 s x00) (* 432 r00 r00 r00 x))))
 (let ((?x188 (- (+ (- ?x180 (* 66 s s00)) (* 108 r00 s s00)) ?x186)))
 (let ((?x193 (+ (- ?x188 (* 216 r00 s00 x)) (* 36 r00 r00 s s) ?x192)))
 (let ((?x200 (- (+ (- ?x193 (* 108 s x)) ?x123 ?x197) (* 108 r00 x))))
 (let ((?x207 (- (+ (- (- (+ ?x200 ?x137) ?x139) ?x143) (* 54 r00 s)) (* 216 x x00))))
 (let ((?x105 (+ (- (* (- 24) r s) (* 54 r00 x00)) (* 36 r r00 x) ?x102 (* 3 s s) (* 54 r x))))
 (let ((?x112 (- (+ (- ?x105 (* 6 s00 x)) (* 4 r00 s s)) ?x110)))
 (let ((?x117 (- (+ (- ?x112 (* 6 s x00)) (* 12 s s00)) (* 2 r00 s s00))))
 (let ((?x127 (- (+ ?x117 ?x118 (* 2 r s s) (* 6 s x)) (* 4 r s00 s00))))
 (let ((?x134 (- (+ (- (- (- ?x127 ?x123) ?x124) ?x126) (* 2 r s s00)) (* 36 r r00 x00))))
 (let ((?x142 (- (+ (- (+ ?x134 (* 54 r00 x)) ?x137) ?x139) (* 54 r x00))))
 (let ((?x149 (+ (- (+ ?x142 ?x143 (* 24 r s00)) (* 24 r00 s)) (* 36 r00 r00 x))))
 (let ((?x74 (+ (- (* (- 9) r s) (* 18 r00 x00)) ?x70 (* 2 s s) (* 18 r x) (* 6 r r00 s))))
 (let ((?x80 (+ (- (- ?x74 (* 6 r00 r00 s)) ?x76) (* 18 r00 x))))
 (let ((?x88 (+ (- (+ (- ?x80 ?x44) ?x82) (* 18 r x00)) ?x47 (* 9 r s00) (* 2 s s00))))
 (let (($x93 (= (- (- ?x88 (* 9 r00 s)) (* 6 r r00 s00)) 0)))
 (let ((?x56 (* 6 x)))
 (let ((?x43 (* 3 r)))
 (let ((?x46 (- (- (+ (* (- 2) r s) (* 12 r r00 r00)) ?x43) ?x44)))
 (let ((?x60 (+ (- (+ (- (+ ?x46 ?x47 ?x48) (* 4 r s00)) ?x54) ?x56) ?x59)))
 (let (($x36 (= (- (+ (- s00 s) (* 3 r r)) (* 3 r00 r00)) 0)))
 (let (($x357 (and $x36 (= (- ?x60 ?x61) 0) $x93 (= ?x149 0) (= (+ ?x207 ?x208) 0) $x356)))
 (rewrite (= $x357 $x1434)))))))))))))))))))))))))))))))))))))))))))))))))))))))))))))))))))))))))))))))))))))))))))))))))))))))))))))))))))))))))))))))))))))))))))))))))))))))))))))))))))))))))))))))))))))
 ))
 (let ((@x359 (asserted $x358)))
 (let ((@x1784 (mp (mp @x359 (quant-intro (proof-bind ?x3968) (= $x358 $x1656)) $x1656) (rewrite (= $x1656 $x1656)) $x1656)))
 (let ((@x802 (mp (mp @x1784 (quant-intro (proof-bind ?x2302) (= $x1656 $x2473)) $x2473) (quant-intro (proof-bind ?x1764) (= $x2473 $x1715)) $x1715)))
 (let ((@x1649 (mp (mp~ @x802 (sk (~ $x1715 $x1194)) $x1194) (rewrite (= $x1194 $x2402)) $x2402)))
 (let ((@x3747 (and-elim @x1649 $x1762)))
 (let ((@x1824 (unit-resolution ((_ th-lemma arith triangle-eq) (or (not $x1762) $x1761)) @x3747 $x1761)))
 (let (($x1809 (>= ?x2506 0)))
 (let ((@x2122 (unit-resolution ((_ th-lemma arith triangle-eq) (or (not $x1762) $x1809)) @x3747 $x1809)))
 (let (($x2299 (<= ?x3469 0)))
 (let ((@x1383 (and-elim @x1649 $x3706)))
 (let ((@x2188 (unit-resolution ((_ th-lemma arith triangle-eq) (or $x627 $x2299)) @x1383 $x2299)))
 (let (($x723 (>= ?x3469 0)))
 (let ((@x677 (unit-resolution ((_ th-lemma arith triangle-eq) (or $x627 $x723)) @x1383 $x723)))
 (let (($x2629 (<= ?x421 0)))
 (let ((@x3748 (and-elim @x1649 $x795)))
 (let ((@x826 (unit-resolution ((_ th-lemma arith triangle-eq) (or (not $x795) $x2629)) @x3748 $x2629)))
 (let (($x3220 (>= ?x421 0)))
 (let ((@x3138 (unit-resolution ((_ th-lemma arith triangle-eq) (or (not $x795) $x3220)) @x3748 $x3220)))
 (let (($x2988 (<= ?x1322 0)))
 (let ((@x3761 (and-elim @x1649 $x3318)))
 (let ((@x3973 (unit-resolution ((_ th-lemma arith triangle-eq) (or (not $x3318) $x2988)) @x3761 $x2988)))
 (let (($x2748 (>= ?x1322 0)))
 (let ((@x1256 (unit-resolution ((_ th-lemma arith triangle-eq) (or (not $x3318) $x2748)) @x3761 $x2748)))
 (let (($x2389 (<= ?x1522 0)))
 (let ((@x1717 (and-elim @x1649 $x1633)))
 (let ((@x538 (unit-resolution ((_ th-lemma arith triangle-eq) (or (not $x1633) $x2389)) @x1717 $x2389)))
 (let (($x3792 (>= ?x1522 0)))
 (let ((@x402 (unit-resolution ((_ th-lemma arith triangle-eq) (or (not $x1633) $x3792)) @x1717 $x3792)))
 (let (($x3126 (<= ?x3625 0)))
 (let (($x400 (<= ?x3920 0)))
 (let ((@x1072 ((_ th-lemma arith) (hypothesis (not $x400)) @x677 @x2188 @x1256 @x3973 @x1256 @x3973 @x402 @x538 @x3138 @x826 @x3138 @x826 @x402 @x538 @x677 @x2188 @x677 @x2188 @x2122 @x1824 false)))
 (let ((@x696 (lemma @x1072 $x400)))
 (let (($x3948 (>= ?x3920 0)))
 (let ((@x1873 ((_ th-lemma arith) (hypothesis (not $x3948)) @x677 @x2188 @x1256 @x3973 @x1256 @x3973 @x402 @x538 @x3138 @x826 @x3138 @x826 @x402 @x538 @x677 @x2188 @x677 @x2188 @x2122 @x1824 false)))
 (let ((@x3847 (lemma @x1873 $x3948)))
 (let ((@x807 ((_ th-lemma arith) (hypothesis (not $x3126)) @x677 @x2188 @x402 @x538 @x3138 @x826 @x402 @x538 @x1256 @x3973 @x1256 @x3973 @x677 @x2188 @x1256 @x3973 @x3138 @x826 @x3138 @x826 @x677 @x2188 @x3847 @x696 @x677 @x2188 false)))
 (let ((@x3015 (lemma @x807 $x3126)))
 (let (($x1096 (>= ?x3625 0)))
 (let ((@x1352 ((_ th-lemma arith) (hypothesis (not $x1096)) @x677 @x2188 @x402 @x538 @x3138 @x826 @x402 @x538 @x1256 @x3973 @x1256 @x3973 @x677 @x2188 @x1256 @x3973 @x3138 @x826 @x3138 @x826 @x677 @x2188 @x3847 @x696 @x677 @x2188 false)))
 (let ((@x1075 (lemma @x1352 $x1096)))
 (let (($x3738 (not (>= ?x3455 0))))
 (let ((@x3775 (unit-resolution ((_ th-lemma arith triangle-eq) (or $x2774 (not $x3126) (not $x1096))) @x1075 (or $x2774 (not $x3126)))))
 (let ((@x3285 (unit-resolution (hypothesis $x2958) ((_ th-lemma arith eq-propagate 0 0 0 0) @x3847 @x696 @x3847 @x696 $x2485) false)))
 (let ((@x2140 (unit-resolution ((_ th-lemma arith triangle-eq) (or $x1083 (not $x400) (not $x3948))) @x696 @x3847 $x1083)))
 (let ((@x3602 (unit-resolution (hypothesis $x1536) ((_ th-lemma arith eq-propagate -4 -4 -1 -1) @x677 @x2188 @x2122 @x1824 $x1578) false)))
 (let ((@x2115 (unit-resolution (and-elim @x1649 $x1018) @x1383 (or $x1536 $x1084 $x1085 $x2778 $x2958))))
 (let ((@x3342 (unit-resolution @x2115 (lemma @x3602 $x1578) @x2140 (lemma @x3285 $x2485) (or $x1085 $x2778))))
 (let (($x727 (<= ?x3455 0)))
 (let ((@x3485 ((_ th-lemma arith) (hypothesis (not $x727)) @x677 @x2188 @x1256 @x3973 @x3138 @x826 @x402 @x538 @x3138 @x826 @x1256 @x3973 @x677 @x2188 @x1256 @x3973 @x1256 @x3973 @x402 @x538 @x677 @x2188 @x3138 @x826 @x677 @x2188 @x3847 @x696 @x402 @x538 @x3138 @x826 @x402 @x538 @x1256 @x3973 @x402 @x538 @x1256 @x3973 @x3138 @x826 @x2122 @x1824 @x677 @x2188 @x3138 @x826 @x3847 @x696 @x677 @x2188 @x677 @x2188 @x2122 @x1824 false)))
 (let ((@x720 (unit-resolution ((_ th-lemma arith triangle-eq) (or $x2483 (not $x727) $x3738)) (lemma @x3485 $x727) (or $x2483 $x3738))))
 (let ((@x2415 (unit-resolution @x720 (unit-resolution @x3342 (unit-resolution @x3775 @x3015 $x2774) $x2778) $x3738)))
 ((_ th-lemma arith) @x2415 @x677 @x2188 @x1256 @x3973 @x3138 @x826 @x402 @x538 @x3138 @x826 @x1256 @x3973 @x677 @x2188 @x1256 @x3973 @x3847 @x696 @x1256 @x3973 @x402 @x538 @x677 @x2188 @x3138 @x826 @x677 @x2188 @x1075 @x3015 @x3138 @x826 @x402 @x538 @x402 @x538 @x1256 @x3973 @x2122 @x1824 @x677 @x2188 @x3138 @x826 @x677 @x2188 @x2122 @x1824 false)))))))))))))))))))))))))))))))))))))))))))))))))))))))))))))))))))))))))))))))))))))))))))))))))))))))))))))))))))))))))))))))))))))))))))))))))))))))))))))))))))))))))))))))))))))))))))))))))))))))))))))))))))))))))))))))))))))))))))))))))))))))))))))))))))))))))))))))))))

(:added-eqs                 11
 :arith-assert-diseq        14
 :arith-assert-lower        82
 :arith-assert-upper        196
 :arith-branch-var          5
 :arith-conflicts           7
 :arith-eq-adapter          10
 :arith-fixed-eqs           2
 :arith-gcd-tests           37
 :arith-grobner             6
 :arith-ineq-splits         5
 :arith-max-min             1766
 :arith-nonlinear-bounds    69
 :arith-nonlinear-horner    50
 :arith-num-rows            10
 :arith-patches             14
 :arith-patches_succ        5
 :arith-pivots              18
 :arith-pseudo-nonlinear    2
 :arith-row-summations      41
 :arith-tableau-max-columns 155
 :arith-tableau-max-rows    10
 :conflicts                 9
 :decisions                 190
 :del-clause                36
 :final-checks              23
 :max-memory                4.98
 :memory                    3.58
 :mk-bool-var               203
 :mk-clause                 36
 :num-allocs                90078154
 :num-checks                1
 :propagations              54
 :rlimit-count              1066402
 :time                      0.55
 :total-time                0.56)
