unsat
((set-logic NIA)
(declare-fun r!2 () Int)
(declare-fun s!1 () Int)
(declare-fun x!0 () Int)
(proof
(let ((?x3794 (* r!2 r!2)))
 (let ((?x2186 (* 3 ?x3794)))
 (let ((?x2199 (* (- 1) s!1)))
 (let ((?x386 (* r00 r00)))
 (let ((?x400 (* (- 3) ?x386)))
 (let ((?x2036 (+ s00 ?x400 ?x2199 ?x2186)))
 (let (($x3587 (<= ?x2036 0)))
 (let (($x4055 (= ?x2036 0)))
 (let ((?x4022 (* 54 s!1)))
 (let ((?x4023 (* (- 54) x!0)))
 (let ((?x950 (* s!1 s!1)))
 (let ((?x4024 (* 24 ?x950)))
 (let ((?x908 (* x!0 x!0)))
 (let ((?x2143 (* (- 3) ?x908)))
 (let ((?x642 (* s!1 s!1 s!1)))
 (let ((?x2142 (* 3 ?x642)))
 (let ((?x3476 (+ 10 ?x2142 (* (- 51) (* x!0 s!1 r!2)) ?x2143 ?x4024 (* (- 6) (* x!0 x!0 r!2)) (* 57 (* s!1 s!1 r!2)) (* 270 (* s!1 r!2 r!2)) (* (- 270) (* x!0 r!2 r!2)) (* (- 3) (* x!0 s!1 s!1)) (* 33 (* s!1 s!1 r!2 r!2)) ?x4023 ?x4022 (* 108 (* s!1 r!2 r!2 r!2)) (* (- 3) (* x!0 s!1 s!1 r!2)) (* (- 3) (* x!0 x!0 r!2 r!2)) (* (- 30) (* x!0 s!1 r!2 r!2)) (* (- 21) (* x!0 s!1)) (* 3 (* s!1 s!1 s!1 r!2)) (* (- 216) (* x!0 r!2)) (* (- 108) (* x!0 r!2 r!2 r!2)) (* 216 (* s!1 r!2)))))
 (let ((?x3453 (* ?x3476 ?x2036)))
 (let (($x3486 (= ?x3453 0)))
 (let (($x3493 (not $x3486)))
 (let ((?x2848 (* 162 r!2)))
 (let ((?x673 (* 756 ?x3794)))
 (let ((?x2283 (* (- 297) s!1)))
 (let ((?x3406 (* 324 x!0)))
 (let ((?x1719 (* r!2 r!2 r!2)))
 (let ((?x2447 (* 864 ?x1719)))
 (let ((?x1457 (* x00 x00)))
 (let ((?x1487 (* (- 108) ?x1457)))
 (let ((?x1295 (* s00 s00 s00)))
 (let ((?x1486 (* (- 16) ?x1295)))
 (let ((?x1183 (* s00 r00 r00 r00)))
 (let ((?x1482 (* (- 216) ?x1183)))
 (let ((?x1009 (* r00 r00 r00 x00)))
 (let ((?x1010 (* 432 ?x1009)))
 (let ((?x853 (* (- 195) ?x950)))
 (let ((?x2799 (* (- 108) ?x908)))
 (let ((?x902 (* s00 x00)))
 (let ((?x1240 (* 108 ?x902)))
 (let ((?x866 (* s00 s00 r00 r00)))
 (let ((?x867 (* 36 ?x866)))
 (let ((?x779 (* s00 s00 r00)))
 (let ((?x1137 (* 108 ?x779)))
 (let ((?x734 (* s00 r00 r00)))
 (let ((?x1097 (* 36 ?x734)))
 (let ((?x678 (* s00 s00)))
 (let ((?x1476 (* (- 51) ?x678)))
 (let ((?x2700 (* 4 ?x642)))
 (let ((?x609 (* r00 x00)))
 (let ((?x1473 (* (- 108) ?x609)))
 (let ((?x605 (* s00 r00 x00)))
 (let ((?x1472 (* (- 216) ?x605)))
 (let ((?x556 (* r00 r00 r00)))
 (let ((?x3868 (* 648 ?x556)))
 (let ((?x513 (* s00 r00)))
 (let ((?x2948 (* (- 270) ?x513)))
 (let ((?x2923 (* (- 432) ?x386)))
 (let ((?x3862 (* (- 324) x00)))
 (let ((?x3210 (* (- 162) r00)))
 (let ((?x3861 (* 297 s00)))
 (let ((?x4035 (+ ?x3861 ?x3210 ?x3862 ?x2923 (* 828 (* s00 r!2)) (* 108 (* r00 x!0)) (* (- 648) (* x00 r!2)) ?x2948 ?x3868 ?x1472 ?x1473 ?x2700 ?x1476 (* 216 (* s00 r00 x!0)) ?x1097 ?x1137 ?x867 ?x1240 ?x2799 ?x853 ?x1010 (* 246 (* s00 s!1)) ?x1482 (* (- 162) (* r00 s!1)) ?x1486 (* 72 (* s!1 s!1 r!2)) (* 144 (* s00 s!1 r!2)) (* (- 252) (* r00 r00 s!1)) (* 432 (* s!1 r!2 r!2)) ?x1487 ?x2447 (* 648 (* r00 r00 r00 s!1)) (* (- 432) (* r00 r00 s!1 r!2)) ?x3406 (* (- 1296) (* r00 r00 r!2 r!2)) (* 1296 (* r00 r00 r00 r!2)) ?x2283 (* (- 108) (* s00 x!0)) (* 432 (* s00 r!2 r!2)) (* (- 324) (* x00 s!1)) (* (- 324) (* r00 r!2)) (* (- 648) (* s00 r00 r!2)) (* (- 324) (* s00 r00 s!1)) (* 324 (* x!0 s!1)) (* (- 432) (* r00 r00 r00 x!0)) (* 12 (* s00 s!1 s!1)) (* (- 36) (* r00 r00 s!1 s!1)) (* 216 (* x00 x!0)) (* (- 1512) (* r00 r00 r!2)) ?x673 ?x2848 (* 648 (* x!0 r!2)) (* (- 396) (* s!1 r!2)))))
 (let (($x4047 (= ?x4035 0)))
 (let (($x2418 (not $x4047)))
 (let ((?x2013 (* 36 r!2)))
 (let ((?x2491 (* 108 ?x3794)))
 (let ((?x2109 (* (- 57) s!1)))
 (let ((?x2331 (* 72 x!0)))
 (let ((?x649 (* 72 ?x1719)))
 (let ((?x974 (* r00 r00 x00)))
 (let ((?x987 (* (- 36) ?x974)))
 (let ((?x3495 (* (- 1) ?x950)))
 (let ((?x903 (* 6 ?x902)))
 (let ((?x797 (* (- 2) ?x779)))
 (let ((?x3304 (* (- 19) ?x678)))
 (let ((?x3301 (* (- 90) ?x609)))
 (let ((?x3298 (* 18 ?x513)))
 (let ((?x3285 (* (- 108) ?x386)))
 (let ((?x3223 (* (- 72) x00)))
 (let ((?x1839 (* (- 36) r00)))
 (let ((?x3222 (* 57 s00)))
 (let ((?x1583 (+ ?x3222 ?x1839 ?x3223 ?x3285 (* 114 (* s00 r!2)) (* 90 (* r00 x!0)) (* (- 90) (* x00 r!2)) ?x3298 ?x3301 ?x3304 (* 12 (* r00 s!1 r!2)) ?x1097 ?x797 ?x903 ?x3495 ?x987 (* 20 (* s00 s!1)) (* (- 90) (* r00 s!1)) (* 2 (* s!1 s!1 r!2)) (* 2 (* s00 s!1 r!2)) (* (- 72) (* r00 r00 s!1)) (* 24 (* s!1 r!2 r!2)) ?x649 ?x2331 ?x2109 (* 36 (* r00 x!0 r!2)) (* (- 6) (* s00 x!0)) (* 12 (* s00 r!2 r!2)) (* (- 6) (* x00 s!1)) (* 4 (* r00 s!1 s!1)) (* (- 12) (* s00 r00 r!2)) (* 36 (* r00 r00 x!0)) (* 144 (* r00 r!2 r!2)) (* (- 2) (* s00 r00 s!1)) (* 6 (* x!0 s!1)) (* (- 36) (* r00 x00 r!2)) (* (- 4) (* s00 s00 r!2)) (* (- 216) (* r00 r00 r!2)) ?x2491 ?x2013 (* 90 (* x!0 r!2)) (* (- 42) (* s!1 r!2)))))
 (let (($x2321 (= ?x1583 0)))
 (let (($x1850 (not $x2321)))
 (let ((?x1787 (* 9 r!2)))
 (let ((?x1858 (* 18 ?x3794)))
 (let ((?x3507 (* (- 12) s!1)))
 (let ((?x1252 (* 18 x!0)))
 (let ((?x2640 (* 2 ?x950)))
 (let ((?x735 (* 6 ?x734)))
 (let ((?x691 (* (- 4) ?x678)))
 (let ((?x623 (* (- 18) ?x609)))
 (let ((?x1911 (* 3 ?x513)))
 (let ((?x1416 (* (- 18) ?x386)))
 (let ((?x1414 (* (- 18) x00)))
 (let ((?x1413 (* (- 9) r00)))
 (let ((?x1412 (* 12 s00)))
 (let ((?x2982 (+ ?x1412 ?x1413 ?x1414 ?x1416 (* 21 (* s00 r!2)) (* 18 (* r00 x!0)) (* (- 18) (* x00 r!2)) ?x1911 ?x623 ?x691 (* 6 (* r00 s!1 r!2)) ?x735 ?x2640 (* 2 (* s00 s!1)) (* (- 21) (* r00 s!1)) (* (- 6) (* r00 r00 s!1)) ?x1252 ?x3507 (* (- 6) (* s00 r00 r!2)) (* 36 (* r00 r!2 r!2)) (* (- 36) (* r00 r00 r!2)) ?x1858 ?x1787 (* 18 (* x!0 r!2)) (* (- 3) (* s!1 r!2)))))
 (let (($x1109 (= ?x2982 0)))
 (let (($x681 (not $x1109)))
 (let ((?x4072 (* s!1 r!2)))
 (let ((?x4081 (* 2 ?x4072)))
 (let ((?x2620 (* 3 r!2)))
 (let ((?x1649 (* 12 ?x3794)))
 (let ((?x3702 (* r00 r00 r!2)))
 (let ((?x1062 (* (- 12) ?x3702)))
 (let ((?x3109 (* (- 7) s!1)))
 (let ((?x2627 (* 6 x!0)))
 (let ((?x557 (* 12 ?x556)))
 (let ((?x591 (* (- 6) ?x513)))
 (let ((?x447 (* s00 r!2)))
 (let ((?x1438 (* 4 ?x447)))
 (let ((?x3828 (* (- 12) ?x386)))
 (let ((?x588 (* (- 6) x00)))
 (let ((?x587 (* (- 3) r00)))
 (let ((?x1633 (* 7 s00)))
 (let ((?x2347 (+ ?x1633 ?x587 ?x588 ?x3828 ?x1438 ?x591 ?x557 ?x2627 ?x3109 ?x1062 ?x1649 ?x2620 ?x4081)))
 (let (($x2479 (= ?x2347 0)))
 (let (($x1102 (not $x2479)))
 (let (($x2341 (not $x4055)))
 (let (($x3489 (or $x2341 $x1102 $x681 $x1850 $x2418 $x3493)))
 (let ((?x3566 (* (- 9) s!1)))
 (let ((?x790 (* 108 ?x1457)))
 (let ((?x1349 (* r00 r00 s!1)))
 (let ((?x3575 (* 36 ?x1349)))
 (let ((?x1979 (* 16 ?x1295)))
 (let ((?x1687 (* (- 432) ?x1009)))
 (let ((?x2191 (* (- 108) ?x902)))
 (let ((?x1385 (* (- 36) ?x734)))
 (let ((?x3416 (* 51 ?x678)))
 (let ((?x1910 (* 108 ?x609)))
 (let ((?x137 (* 9 s00)))
 (let ((?x730 (+ ?x137 (* (- 108) (* r00 x!0)) (* (- 54) ?x513) (* 216 ?x605) ?x1910 (* (- 4) ?x642) ?x3416 (* (- 216) (* s00 r00 x!0)) ?x1385 (* (- 108) ?x779) (* (- 36) ?x866) ?x2191 (* 108 ?x908) (* 15 ?x950) ?x1687 (* (- 66) (* s00 s!1)) (* 216 ?x1183) (* 54 (* r00 s!1)) ?x1979 ?x3575 ?x790 (* (- 216) (* r00 r00 r00 s!1)) ?x3566 (* 108 (* s00 x!0)) (* 108 (* x00 s!1)) (* 108 (* s00 r00 s!1)) (* (- 108) (* x!0 s!1)) (* 432 (* r00 r00 r00 x!0)) (* (- 12) (* s00 s!1 s!1)) (* 36 (* r00 r00 s!1 s!1)) (* (- 216) (* x00 x!0)))))
 (let (($x958 (= ?x730 0)))
 (let ((?x975 (* 36 ?x974)))
 (let ((?x3030 (* (- 6) ?x902)))
 (let ((?x780 (* 2 ?x779)))
 (let ((?x3381 (* 15 ?x678)))
 (let ((?x1975 (* 54 ?x609)))
 (let ((?x3582 (+ ?x137 (* (- 24) ?x447) (* (- 54) (* r00 x!0)) (* 54 (* x00 r!2)) (* (- 24) ?x513) ?x1975 ?x3381 ?x1385 ?x780 ?x3030 (* (- 3) ?x950) ?x975 (* (- 12) (* s00 s!1)) (* 24 (* r00 s!1)) (* (- 2) (* s!1 s!1 r!2)) (* (- 2) (* s00 s!1 r!2)) ?x3575 ?x3566 (* (- 36) (* r00 x!0 r!2)) (* 6 (* s00 x!0)) (* 6 (* x00 s!1)) (* (- 4) (* r00 s!1 s!1)) (* (- 36) (* r00 r00 x!0)) (* 2 (* s00 r00 s!1)) (* (- 6) (* x!0 s!1)) (* 36 (* r00 x00 r!2)) (* 4 (* s00 s00 r!2)) (* (- 54) (* x!0 r!2)) (* 24 ?x4072))))
 (let (($x1782 (= ?x3582 0)))
 (let ((?x2621 (* (- 3) s!1)))
 (let ((?x2248 (* (- 6) ?x734)))
 (let ((?x679 (* 4 ?x678)))
 (let ((?x610 (* 18 ?x609)))
 (let ((?x44 (* 3 s00)))
 (let ((?x2717 (+ ?x44 (* (- 9) ?x447) (* (- 18) (* r00 x!0)) (* 18 (* x00 r!2)) (* (- 9) ?x513) ?x610 ?x679 (* (- 6) (* r00 s!1 r!2)) ?x2248 (* (- 2) ?x950) (* (- 2) (* s00 s!1)) (* 9 (* r00 s!1)) (* 6 ?x1349) ?x2621 (* 6 (* s00 r00 r!2)) (* (- 18) (* x!0 r!2)) (* 9 ?x4072))))
 (let (($x1889 (= ?x2717 0)))
 (let ((?x626 (+ ?x44 ?x587 ?x588 ?x1438 ?x591 ?x557 ?x2627 ?x2621 ?x1062 ?x2620 ?x4081)))
 (let (($x1868 (= ?x626 0)))
 (let (($x3591 (and $x4055 $x1868 $x1889 $x1782 $x958 $x3489)))
 (let ((?x2231 (+ 10 ?x4022 ?x4023 (* 216 (* r!2 s!1)) ?x4024 (* (- 216) (* r!2 x!0)) (* 57 (* r!2 s!1 s!1)) (* (- 21) (* s!1 x!0)) ?x2142 ?x2143 (* (- 51) (* r!2 s!1 x!0)) (* 270 (* r!2 r!2 s!1)) (* (- 270) (* r!2 r!2 x!0)) (* (- 6) (* r!2 x!0 x!0)) (* (- 3) (* r!2 r!2 x!0 x!0)) (* 33 (* r!2 r!2 s!1 s!1)) (* (- 30) (* r!2 r!2 s!1 x!0)) (* (- 3) (* s!1 s!1 x!0)) (* (- 3) (* r!2 s!1 s!1 x!0)) (* 108 (* r!2 r!2 r!2 s!1)) (* 3 (* r!2 s!1 s!1 s!1)) (* (- 108) (* r!2 r!2 r!2 x!0)))))
 (let ((?x3107 (* 216 (* x!0 x00))))
 (let ((?x3105 (* (- 36) (* s!1 s!1 r00 r00))))
 (let ((?x3099 (* 216 (* x!0 s00 r00))))
 (let ((?x3098 (* (- 432) (* x!0 r00 r00 r00))))
 (let ((?x1823 (* 12 (* s!1 s!1 s00))))
 (let ((?x3161 (* x!0 s00)))
 (let ((?x453 (* (- 108) ?x3161)))
 (let ((?x1168 (* x!0 r00)))
 (let ((?x452 (* 108 ?x1168)))
 (let ((?x4019 (+ ?x2848 ?x2283 ?x3406 ?x3861 ?x3210 ?x3862 ?x673 ?x2923 (* (- 396) (* r!2 s!1)) (* (- 1512) (* r!2 r00 r00)) (* 828 (* r!2 s00)) ?x2948 ?x3868 ?x1472 ?x1473 ?x853 (* 648 (* r!2 x!0)) (* (- 252) (* s!1 r00 r00)) ?x1476 ?x452 ?x453 ?x1097 (* (- 648) (* r!2 x00)) (* 648 (* s!1 r00 r00 r00)) (* 246 (* s!1 s00)) ?x1137 (* (- 162) (* s!1 r00)) (* (- 648) (* r!2 s00 r00)) (* (- 324) (* s!1 x00)) ?x867 (* (- 324) (* s!1 s00 r00)) ?x1240 (* 72 (* r!2 s!1 s!1)) (* 324 (* s!1 x!0)) ?x2700 ?x2799 ?x1010 (* 144 (* r!2 s!1 s00)) ?x1823 ?x1482 ?x3098 ?x3099 ?x3105 ?x1486 ?x3107 ?x1487 (* (- 432) (* r!2 s!1 r00 r00)) (* (- 324) (* r!2 r00)) (* 1296 (* r!2 r00 r00 r00)) (* (- 1296) (* r!2 r!2 r00 r00)) ?x2447 (* 432 (* r!2 r!2 s!1)) (* 432 (* r!2 r!2 s00)))))
 (let ((?x856 (* 36 (* x!0 r00 r00))))
 (let ((?x2117 (* (- 36) (* r!2 r00 x00))))
 (let ((?x2588 (* r!2 s!1 s00)))
 (let ((?x2787 (* 2 ?x2588)))
 (let ((?x3354 (* (- 4) (* r!2 s00 s00))))
 (let ((?x2749 (* s!1 x!0)))
 (let ((?x3444 (* 6 ?x2749)))
 (let ((?x684 (* r!2 s!1 s!1)))
 (let ((?x706 (* 2 ?x684)))
 (let ((?x658 (* s!1 s00 r00)))
 (let ((?x677 (* (- 2) ?x658)))
 (let ((?x3173 (* s!1 x00)))
 (let ((?x3174 (* (- 6) ?x3173)))
 (let ((?x3171 (* 4 (* s!1 s!1 r00))))
 (let ((?x3170 (* (- 6) ?x3161)))
 (let ((?x2222 (* 36 (* r!2 x!0 r00))))
 (let ((?x1515 (+ ?x2013 ?x2109 ?x2331 ?x3222 ?x1839 ?x3223 ?x2491 ?x3285 (* (- 42) (* r!2 s!1)) (* (- 216) (* r!2 r00 r00)) (* 114 (* r!2 s00)) ?x3298 ?x3301 ?x3495 (* 90 (* r!2 x!0)) (* 12 (* r!2 s!1 r00)) (* (- 72) (* s!1 r00 r00)) ?x2222 ?x3304 (* 90 ?x1168) ?x3170 ?x1097 (* (- 90) (* r!2 x00)) ?x3171 (* 20 (* s!1 s00)) ?x797 (* (- 90) (* s!1 r00)) (* (- 12) (* r!2 s00 r00)) ?x3174 ?x677 ?x903 ?x706 ?x3444 ?x3354 ?x987 ?x2787 ?x2117 ?x856 (* 144 (* r!2 r!2 r00)) ?x649 (* 24 (* r!2 r!2 s!1)) (* 12 (* r!2 r!2 s00)))))
 (let ((?x2630 (* r!2 s00 r00)))
 (let ((?x1662 (* (- 6) ?x2630)))
 (let ((?x2628 (* s!1 s00)))
 (let ((?x3971 (* 2 ?x2628)))
 (let ((?x1171 (* r!2 x00)))
 (let ((?x2622 (* (- 18) ?x1171)))
 (let ((?x481 (* 18 ?x1168)))
 (let ((?x2332 (* s!1 r00 r00)))
 (let ((?x1078 (* (- 6) ?x2332)))
 (let ((?x2595 (* r!2 s!1 r00)))
 (let ((?x2598 (* 6 ?x2595)))
 (let ((?x2641 (* r!2 x!0)))
 (let ((?x2669 (* 18 ?x2641)))
 (let ((?x1527 (+ ?x1787 ?x3507 ?x1252 ?x1412 ?x1413 ?x1414 ?x1858 ?x1416 (* (- 3) (* r!2 s!1)) (* (- 36) (* r!2 r00 r00)) (* 21 (* r!2 s00)) ?x1911 ?x623 ?x2640 ?x2669 ?x2598 ?x1078 ?x691 ?x481 ?x735 ?x2622 ?x3971 (* (- 21) (* s!1 r00)) ?x1662 (* 36 (* r!2 r!2 r00)))))
 (let ((?x1795 (* r!2 s00)))
 (let ((?x3982 (* 4 ?x1795)))
 (let ((?x2149 (* r!2 r00 r00)))
 (let ((?x2174 (* (- 12) ?x2149)))
 (let ((?x2526 (* r!2 s!1)))
 (let ((?x2107 (* 2 ?x2526)))
 (let ((?x3680 (+ ?x2620 ?x3109 ?x2627 ?x1633 ?x587 ?x588 ?x1649 ?x3828 ?x2107 ?x2174 ?x3982 ?x591 ?x557)))
 (let (($x1178 (= (+ s!1 (* (- 1) s00) (* (- 3) ?x3794) (* 3 ?x386)) 0)))
 (let (($x1852 (or (not $x1178) (not (= ?x3680 0)) (not (= ?x1527 0)) (not (= ?x1515 0)) (not (= ?x4019 0)) (not (= (* ?x2231 (+ ?x2199 s00 ?x2186 ?x400)) 0)))))
 (let ((?x3262 (* (- 36) ?x2332)))
 (let ((?x615 (* 54 ?x513)))
 (let ((?x1084 (* (- 9) s00)))
 (let ((?x1635 (* 9 s!1)))
 (let ((?x1781 (+ ?x1635 ?x1084 ?x615 ?x1472 ?x1473 (* (- 15) ?x950) ?x3262 ?x1476 ?x452 ?x453 ?x1097 (* 216 (* s!1 r00 r00 r00)) (* 66 ?x2628) ?x1137 (* (- 54) (* s!1 r00)) (* (- 108) ?x3173) ?x867 (* (- 108) ?x658) ?x1240 (* 108 ?x2749) ?x2700 ?x2799 ?x1010 ?x1823 ?x1482 ?x3098 ?x3099 ?x3105 ?x1486 ?x3107 ?x1487)))
 (let ((?x1013 (* (- 15) ?x678)))
 (let ((?x646 (* (- 54) ?x609)))
 (let ((?x661 (* 24 ?x513)))
 (let ((?x857 (+ ?x1635 ?x1084 (* (- 24) ?x2526) (* 24 ?x1795) ?x661 ?x646 (* 3 ?x950) (* 54 ?x2641) ?x3262 ?x2222 ?x1013 (* 54 ?x1168) ?x3170 ?x1097 (* (- 54) ?x1171) ?x3171 (* 12 ?x2628) ?x797 (* (- 24) (* s!1 r00)) ?x3174 ?x677 ?x903 ?x706 ?x3444 ?x3354 ?x987 ?x2787 ?x2117 ?x856)))
 (let ((?x628 (* 9 ?x513)))
 (let ((?x465 (* (- 3) s00)))
 (let ((?x528 (+ (* 3 s!1) ?x465 (* (- 9) ?x2526) (* 9 ?x1795) ?x628 ?x623 ?x2640 ?x2669 ?x2598 ?x1078 ?x691 ?x481 ?x735 ?x2622 ?x3971 (* (- 9) (* s!1 r00)) ?x1662)))
 (let (($x4151 (= (+ ?x2620 ?x2621 ?x2627 ?x44 ?x587 ?x588 ?x2107 ?x2174 ?x3982 ?x591 ?x557) 0)))
 (let (($x1862 (and $x1178 $x4151 (= ?x528 0) (= ?x857 0) (= ?x1781 0) $x1852)))
 (let (($x2524 (exists ((r Int) (s Int) (x Int) )(! (let ((?x386 (* r00 r00)))
 (let ((?x400 (* (- 3) ?x386)))
 (let ((?x374 (* r r)))
 (let ((?x375 (* 3 ?x374)))
 (let ((?x365 (* (- 1) s)))
 (let ((?x4166 (+ 10 (* 54 s) (* (- 54) x) (* 216 (* r s)) (* 24 (* s s)) (* (- 216) (* r x)) (* 57 (* r s s)) (* (- 21) (* s x)) (* 3 (* s s s)) (* (- 3) (* x x)) (* (- 51) (* r s x)) (* 270 (* r r s)) (* (- 270) (* r r x)) (* (- 6) (* r x x)) (* (- 3) (* r r x x)) (* 33 (* r r s s)) (* (- 30) (* r r s x)) (* (- 3) (* s s x)) (* (- 3) (* r s s x)) (* 108 (* r r r s)) (* 3 (* r s s s)) (* (- 108) (* r r r x)))))
 (let ((?x3248 (* r r s00)))
 (let ((?x3902 (* 432 ?x3248)))
 (let ((?x2937 (* r r s)))
 (let ((?x3898 (* 432 ?x2937)))
 (let ((?x2922 (* r r r)))
 (let ((?x3897 (* 864 ?x2922)))
 (let ((?x3891 (* 1296 (* r r00 r00 r00))))
 (let ((?x1457 (* x00 x00)))
 (let ((?x1487 (* (- 108) ?x1457)))
 (let ((?x1432 (* 216 (* x x00))))
 (let ((?x1295 (* s00 s00 s00)))
 (let ((?x1486 (* (- 16) ?x1295)))
 (let ((?x1484 (* (- 36) (* s s r00 r00))))
 (let ((?x1266 (* 216 (* x s00 r00))))
 (let ((?x1483 (* (- 432) (* x r00 r00 r00))))
 (let ((?x1183 (* s00 r00 r00 r00)))
 (let ((?x1482 (* (- 216) ?x1183)))
 (let ((?x1068 (* 12 (* s s s00))))
 (let ((?x1026 (* r s s00)))
 (let ((?x3878 (* 144 ?x1026)))
 (let ((?x1009 (* r00 r00 r00 x00)))
 (let ((?x1010 (* 432 ?x1009)))
 (let ((?x979 (* x x)))
 (let ((?x1481 (* (- 108) ?x979)))
 (let ((?x916 (* s s s)))
 (let ((?x918 (* 4 ?x916)))
 (let ((?x906 (* r s s)))
 (let ((?x3877 (* 72 ?x906)))
 (let ((?x902 (* s00 x00)))
 (let ((?x1240 (* 108 ?x902)))
 (let ((?x866 (* s00 s00 r00 r00)))
 (let ((?x867 (* 36 ?x866)))
 (let ((?x825 (* s x00)))
 (let ((?x3875 (* (- 324) ?x825)))
 (let ((?x779 (* s00 s00 r00)))
 (let ((?x1137 (* 108 ?x779)))
 (let ((?x734 (* s00 r00 r00)))
 (let ((?x1097 (* 36 ?x734)))
 (let ((?x708 (* x s00)))
 (let ((?x1477 (* (- 108) ?x708)))
 (let ((?x704 (* x r00)))
 (let ((?x1343 (* 108 ?x704)))
 (let ((?x678 (* s00 s00)))
 (let ((?x1476 (* (- 51) ?x678)))
 (let ((?x636 (* r x)))
 (let ((?x3871 (* 648 ?x636)))
 (let ((?x609 (* r00 x00)))
 (let ((?x1473 (* (- 108) ?x609)))
 (let ((?x605 (* s00 r00 x00)))
 (let ((?x1472 (* (- 216) ?x605)))
 (let ((?x556 (* r00 r00 r00)))
 (let ((?x3868 (* 648 ?x556)))
 (let ((?x513 (* s00 r00)))
 (let ((?x2948 (* (- 270) ?x513)))
 (let ((?x486 (* r s00)))
 (let ((?x3867 (* 828 ?x486)))
 (let ((?x2923 (* (- 432) ?x386)))
 (let ((?x3862 (* (- 324) x00)))
 (let ((?x3210 (* (- 162) r00)))
 (let ((?x3861 (* 297 s00)))
 (let ((?x3577 (* 324 x)))
 (let ((?x2961 (+ (* 162 r) (* (- 297) s) ?x3577 ?x3861 ?x3210 ?x3862 (* 756 ?x374) ?x2923 (* (- 396) (* r s)) (* (- 1512) (* r r00 r00)) ?x3867 ?x2948 ?x3868 ?x1472 ?x1473 (* (- 195) (* s s)) ?x3871 (* (- 252) (* s r00 r00)) ?x1476 ?x1343 ?x1477 ?x1097 (* (- 648) (* r x00)) (* 648 (* s r00 r00 r00)) (* 246 (* s s00)) ?x1137 (* (- 162) (* s r00)) (* (- 648) (* r s00 r00)) ?x3875 ?x867 (* (- 324) (* s s00 r00)) ?x1240 ?x3877 (* 324 (* s x)) ?x918 ?x1481 ?x1010 ?x3878 ?x1068 ?x1482 ?x1483 ?x1266 ?x1484 ?x1486 ?x1432 ?x1487 (* (- 432) (* r s r00 r00)) (* (- 324) (* r r00)) ?x3891 (* (- 1296) (* r r r00 r00)) ?x3897 ?x3898 ?x3902)))
 (let ((?x1170 (* 36 (* x r00 r00))))
 (let ((?x1038 (* r r00 x00)))
 (let ((?x1051 (* (- 36) ?x1038)))
 (let ((?x1027 (* 2 ?x1026)))
 (let ((?x974 (* r00 r00 x00)))
 (let ((?x987 (* (- 36) ?x974)))
 (let ((?x922 (* r s00 s00)))
 (let ((?x935 (* (- 4) ?x922)))
 (let ((?x910 (* s x)))
 (let ((?x911 (* 6 ?x910)))
 (let ((?x907 (* 2 ?x906)))
 (let ((?x903 (* 6 ?x902)))
 (let ((?x876 (* s s00 r00)))
 (let ((?x889 (* (- 2) ?x876)))
 (let ((?x852 (* (- 6) ?x825)))
 (let ((?x797 (* (- 2) ?x779)))
 (let ((?x752 (* 4 (* s s r00))))
 (let ((?x723 (* (- 6) ?x708)))
 (let ((?x3304 (* (- 19) ?x678)))
 (let ((?x656 (* 36 (* r x r00))))
 (let ((?x3301 (* (- 90) ?x609)))
 (let ((?x3298 (* 18 ?x513)))
 (let ((?x3285 (* (- 108) ?x386)))
 (let ((?x3223 (* (- 72) x00)))
 (let ((?x1839 (* (- 36) r00)))
 (let ((?x3222 (* 57 s00)))
 (let ((?x3178 (+ (* 36 r) (* (- 57) s) (* 72 x) ?x3222 ?x1839 ?x3223 (* 108 ?x374) ?x3285 (* (- 42) (* r s)) (* (- 216) (* r r00 r00)) (* 114 ?x486) ?x3298 ?x3301 (* (- 1) (* s s)) (* 90 ?x636) (* 12 (* r s r00)) (* (- 72) (* s r00 r00)) ?x656 ?x3304 (* 90 ?x704) ?x723 ?x1097 (* (- 90) (* r x00)) ?x752 (* 20 (* s s00)) ?x797 (* (- 90) (* s r00)) (* (- 12) (* r s00 r00)) ?x852 ?x889 ?x903 ?x907 ?x911 ?x935 ?x987 ?x1027 ?x1051 ?x1170 (* 144 (* r r r00)) (* 72 ?x2922) (* 24 ?x2937) (* 12 ?x3248))))
 (let ((?x813 (* r s00 r00)))
 (let ((?x826 (* (- 6) ?x813)))
 (let ((?x775 (* s s00)))
 (let ((?x776 (* 2 ?x775)))
 (let ((?x746 (* r x00)))
 (let ((?x759 (* (- 18) ?x746)))
 (let ((?x735 (* 6 ?x734)))
 (let ((?x705 (* 18 ?x704)))
 (let ((?x691 (* (- 4) ?x678)))
 (let ((?x652 (* s r00 r00)))
 (let ((?x665 (* (- 6) ?x652)))
 (let ((?x640 (* r s r00)))
 (let ((?x641 (* 6 ?x640)))
 (let ((?x637 (* 18 ?x636)))
 (let ((?x632 (* s s)))
 (let ((?x633 (* 2 ?x632)))
 (let ((?x623 (* (- 18) ?x609)))
 (let ((?x1911 (* 3 ?x513)))
 (let ((?x1416 (* (- 18) ?x386)))
 (let ((?x1414 (* (- 18) x00)))
 (let ((?x1413 (* (- 9) r00)))
 (let ((?x1412 (* 12 s00)))
 (let ((?x3482 (+ (* 9 r) (* (- 12) s) (* 18 x) ?x1412 ?x1413 ?x1414 (* 18 ?x374) ?x1416 (* (- 3) (* r s)) (* (- 36) (* r r00 r00)) (* 21 ?x486) ?x1911 ?x623 ?x633 ?x637 ?x641 ?x665 ?x691 ?x705 ?x735 ?x759 ?x776 (* (- 21) (* s r00)) ?x826 (* 36 (* r r r00)))))
 (let ((?x557 (* 12 ?x556)))
 (let ((?x591 (* (- 6) ?x513)))
 (let ((?x487 (* 4 ?x486)))
 (let ((?x436 (* r r00 r00)))
 (let ((?x590 (* (- 12) ?x436)))
 (let ((?x430 (* r s)))
 (let ((?x589 (* 2 ?x430)))
 (let ((?x3828 (* (- 12) ?x386)))
 (let ((?x588 (* (- 6) x00)))
 (let ((?x587 (* (- 3) r00)))
 (let ((?x1633 (* 7 s00)))
 (let ((?x56 (* 6 x)))
 (let ((?x43 (* 3 r)))
 (let ((?x2360 (+ ?x43 (* (- 7) s) ?x56 ?x1633 ?x587 ?x588 (* 12 ?x374) ?x3828 ?x589 ?x590 ?x487 ?x591 ?x557)))
 (let (($x419 (= (+ s (* (- 1) s00) (* (- 3) ?x374) (* 3 ?x386)) 0)))
 (let (($x2527 (or (not $x419) (not (= ?x2360 0)) (not (= ?x3482 0)) (not (= ?x3178 0)) (not (= ?x2961 0)) (not (= (* ?x4166 (+ ?x365 s00 ?x375 ?x400)) 0)))))
 (let ((?x1307 (* 108 ?x910)))
 (let ((?x757 (* s r00 r00 r00)))
 (let ((?x758 (* 216 ?x757)))
 (let ((?x961 (* (- 36) ?x652)))
 (let ((?x615 (* 54 ?x513)))
 (let ((?x1084 (* (- 9) s00)))
 (let ((?x143 (* 9 s)))
 (let ((?x1488 (+ ?x143 ?x1084 ?x615 ?x1472 ?x1473 (* (- 15) ?x632) ?x961 ?x1476 ?x1343 ?x1477 ?x1097 ?x758 (* 66 ?x775) ?x1137 (* (- 54) (* s r00)) (* (- 108) ?x825) ?x867 (* (- 108) ?x876) ?x1240 ?x1307 ?x918 ?x1481 ?x1010 ?x1068 ?x1482 ?x1483 ?x1266 ?x1484 ?x1486 ?x1432 ?x1487)))
 (let (($x1489 (= ?x1488 0)))
 (let ((?x1013 (* (- 15) ?x678)))
 (let ((?x664 (* 3 ?x632)))
 (let ((?x646 (* (- 54) ?x609)))
 (let ((?x661 (* 24 ?x513)))
 (let ((?x1176 (+ ?x143 ?x1084 (* (- 24) ?x430) (* 24 ?x486) ?x661 ?x646 ?x664 (* 54 ?x636) ?x961 ?x656 ?x1013 (* 54 ?x704) ?x723 ?x1097 (* (- 54) ?x746) ?x752 (* 12 ?x775) ?x797 (* (- 24) (* s r00)) ?x852 ?x889 ?x903 ?x907 ?x911 ?x935 ?x987 ?x1027 ?x1051 ?x1170)))
 (let (($x1181 (= ?x1176 0)))
 (let ((?x628 (* 9 ?x513)))
 (let ((?x465 (* (- 3) s00)))
 (let ((?x47 (* 3 s)))
 (let ((?x832 (+ ?x47 ?x465 (* (- 9) ?x430) (* 9 ?x486) ?x628 ?x623 ?x633 ?x637 ?x641 ?x665 ?x691 ?x705 ?x735 ?x759 ?x776 (* (- 9) (* s r00)) ?x826)))
 (let (($x839 (= ?x832 0)))
 (let ((?x44 (* 3 s00)))
 (let ((?x586 (* (- 3) s)))
 (let (($x593 (= (+ ?x43 ?x586 ?x56 ?x44 ?x587 ?x588 ?x589 ?x590 ?x487 ?x591 ?x557) 0)))
 (and $x419 $x593 $x839 $x1181 $x1489 $x2527)))))))))))))))))))))))))))))))))))))))))))))))))))))))))))))))))))))))))))))))))))))))))))))))))))))))))))))))))))))))))))))))))))))))))))))))))))))))))))))) :qid k!40))
 ))
 (let (($x3430 (exists ((r Int) (s Int) (x Int) )(! (let ((?x386 (* r00 r00)))
 (let ((?x400 (* (- 3) ?x386)))
 (let ((?x2105 (* 3 (* (+ 1 r) (+ 1 r)))))
 (let ((?x3498 (* (- 6) r)))
 (let ((?x365 (* (- 1) s)))
 (let ((?x211 (* 6 r)))
 (let ((?x2994 (+ 3 s ?x211)))
 (let ((?x3389 (+ x ?x365)))
 (let ((?x2893 (+ 1 r)))
 (let ((?x1679 (+ 10 (* (- 9) (* ?x2893 ?x3389 ?x2994)) (* (- 3) (* ?x2893 ?x2893 ?x3389 ?x3389)) (* (- 3) (* ?x2893 ?x3389 ?x2994 ?x2994)))))
 (let (($x2151 (not (= (* ?x1679 (+ (- 3) s00 ?x365 ?x3498 ?x2105 ?x400)) 0))))
 (let ((?x1457 (* x00 x00)))
 (let ((?x790 (* 108 ?x1457)))
 (let ((?x687 (* (- 54) r)))
 (let ((?x3344 (* (- 9) s)))
 (let ((?x3078 (* r00 r00 s00)))
 (let ((?x2444 (* (- 36) ?x3078)))
 (let ((?x137 (* 9 s00)))
 (let ((?x678 (* s00 s00)))
 (let ((?x3416 (* 51 ?x678)))
 (let ((?x1514 (* r00 r00 ?x2994)))
 (let ((?x1891 (* 36 ?x1514)))
 (let ((?x1295 (* s00 s00 s00)))
 (let ((?x1979 (* 16 ?x1295)))
 (let ((?x902 (* s00 x00)))
 (let ((?x2191 (* (- 108) ?x902)))
 (let ((?x2510 (* 216 (* r00 r00 r00 s00))))
 (let ((?x2451 (* r00 s00 s00)))
 (let ((?x1166 (* (- 108) ?x2451)))
 (let ((?x1009 (* r00 r00 r00 x00)))
 (let ((?x1687 (* (- 432) ?x1009)))
 (let ((?x1188 (* (- 36) (* r00 r00 s00 s00))))
 (let ((?x2912 (* r00 s00)))
 (let ((?x2521 (* (- 54) ?x2912)))
 (let ((?x609 (* r00 x00)))
 (let ((?x1910 (* 108 ?x609)))
 (let ((?x676 (* 216 (* r00 s00 x00))))
 (let ((?x3287 (+ ?x676 ?x1910 ?x2521 (* 15 (* ?x2994 ?x2994)) (* (- 216) (* r00 r00 r00 ?x2994)) ?x1188 (* (- 4) (* ?x2994 ?x2994 ?x2994)) (* 108 (* ?x3389 ?x3389)) ?x1687 (* (- 12) (* s00 ?x2994 ?x2994)) (* 108 (* s00 ?x3389)) ?x1166 ?x2510 (* 108 (* x00 ?x2994)) (* 432 (* r00 r00 r00 ?x3389)) (* (- 66) (* s00 ?x2994)) (* 108 (* r00 s00 ?x2994)) ?x2191 (* (- 216) (* r00 s00 ?x3389)) (* 36 (* r00 r00 ?x2994 ?x2994)) ?x1979 (* (- 108) (* ?x3389 ?x2994)) ?x1891 ?x3416 (* (- 108) (* r00 ?x3389)) ?x137 ?x2444 ?x3344 ?x687 (* 54 (* r00 ?x2994)) (* (- 216) (* x00 ?x3389)) ?x790)))
 (let (($x3296 (not (= ?x3287 27))))
 (let ((?x3381 (* 15 ?x678)))
 (let ((?x974 (* r00 r00 x00)))
 (let ((?x975 (* 36 ?x974)))
 (let ((?x3030 (* (- 6) ?x902)))
 (let ((?x1912 (* 2 ?x2451)))
 (let ((?x2696 (* (- 24) ?x2912)))
 (let ((?x1975 (* 54 ?x609)))
 (let ((?x2473 (+ (* 24 (* ?x2893 ?x2994)) ?x1975 (* (- 36) (* r00 ?x2893 ?x3389)) ?x2696 (* (- 3) (* ?x2994 ?x2994)) (* (- 54) (* ?x2893 ?x3389)) (* 6 (* s00 ?x3389)) (* (- 4) (* r00 ?x2994 ?x2994)) ?x1912 (* 6 (* x00 ?x2994)) (* (- 12) (* s00 ?x2994)) (* 2 (* r00 s00 ?x2994)) ?x3030 (* (- 2) (* ?x2893 ?x2994 ?x2994)) (* (- 6) (* ?x3389 ?x2994)) (* 4 (* s00 s00 ?x2893)) ?x1891 ?x975 ?x3381 (* (- 2) (* s00 ?x2893 ?x2994)) (* 36 (* r00 x00 ?x2893)) (* (- 54) (* r00 ?x3389)) ?x137 ?x2444 (* 54 (* x00 ?x2893)) ?x3344 ?x687 (* (- 24) (* s00 ?x2893)) (* 24 (* r00 ?x2994)) (* (- 36) (* r00 r00 ?x3389)))))
 (let ((?x586 (* (- 3) s)))
 (let ((?x2476 (* (- 6) ?x3078)))
 (let ((?x44 (* 3 s00)))
 (let ((?x679 (* 4 ?x678)))
 (let ((?x3379 (* (- 9) ?x2912)))
 (let ((?x610 (* 18 ?x609)))
 (let ((?x2018 (+ (* 9 (* ?x2893 ?x2994)) ?x610 ?x3379 (* (- 2) (* ?x2994 ?x2994)) (* (- 18) (* ?x2893 ?x3389)) (* (- 6) (* r00 ?x2893 ?x2994)) (* 6 ?x1514) ?x679 (* (- 18) (* r00 ?x3389)) ?x44 ?x2476 (* 18 (* x00 ?x2893)) ?x586 (* (- 18) r) (* (- 9) (* s00 ?x2893)) (* (- 2) (* s00 ?x2994)) (* 9 (* r00 ?x2994)) (* 6 (* r00 s00 ?x2893)))))
 (let ((?x556 (* r00 r00 r00)))
 (let ((?x557 (* 12 ?x556)))
 (let ((?x588 (* (- 6) x00)))
 (let ((?x56 (* 6 x)))
 (let ((?x2453 (* (- 6) ?x2912)))
 (let ((?x587 (* (- 3) r00)))
 (let ((?x3791 (+ (* 2 (* ?x2893 ?x2994)) (* (- 12) (* r00 r00 ?x2893)) (* (- 15) r) ?x44 ?x3344 ?x587 (* 4 (* s00 ?x2893)) ?x2453 ?x56 ?x588 ?x557)))
 (let (($x1151 (not (= (+ s00 ?x365 ?x3498 ?x2105 ?x400) 3))))
 (let (($x3333 (or $x1151 (not (= ?x3791 6)) (not (= ?x2018 9)) (not (= ?x2473 27)) $x3296 $x2151)))
 (let ((?x1909 (* r00 r00 s)))
 (let ((?x1296 (* 36 ?x1909)))
 (let ((?x818 (+ ?x676 ?x1910 ?x2521 (* 15 (* s s)) (* (- 216) (* r00 r00 r00 s)) ?x1188 (* (- 4) (* s s s)) (* 108 (* x x)) ?x1687 (* (- 12) (* s00 s s)) (* 108 (* s00 x)) ?x1166 ?x2510 (* 108 (* x00 s)) (* 432 (* r00 r00 r00 x)) (* (- 66) (* s00 s)) (* 108 (* r00 s00 s)) ?x2191 (* (- 216) (* r00 s00 x)) (* 36 (* r00 r00 s s)) ?x1979 (* (- 108) (* x s)) ?x1296 ?x3416 (* (- 108) (* r00 x)) ?x137 ?x2444 ?x3344 (* 54 (* r00 s)) (* (- 216) (* x00 x)) ?x790)))
 (let (($x1941 (= ?x818 0)))
 (let ((?x2991 (* r00 r00 x)))
 (let ((?x3073 (* (- 36) ?x2991)))
 (let ((?x2318 (* r00 s s)))
 (let ((?x3058 (* (- 4) ?x2318)))
 (let ((?x671 (+ (* 24 (* s r)) ?x1975 (* (- 36) (* r00 x r)) ?x2696 (* (- 3) (* s s)) (* (- 54) (* x r)) (* 6 (* s00 x)) ?x3058 ?x1912 (* 6 (* x00 s)) (* (- 12) (* s00 s)) (* 2 (* r00 s00 s)) ?x3030 (* (- 2) (* s s r)) (* (- 6) (* x s)) (* 4 (* s00 s00 r)) ?x1296 ?x975 ?x3381 (* (- 2) (* s00 s r)) (* 36 (* r00 x00 r)) (* (- 54) (* r00 x)) ?x137 ?x2444 (* 54 (* x00 r)) ?x3344 (* (- 24) (* s00 r)) (* 24 (* r00 s)) ?x3073)))
 (let ((?x1980 (* r00 x)))
 (let ((?x2265 (* (- 18) ?x1980)))
 (let ((?x632 (* s s)))
 (let ((?x2246 (* (- 2) ?x632)))
 (let ((?x2030 (+ (* 9 (* s r)) ?x610 ?x3379 ?x2246 (* (- 18) (* x r)) (* (- 6) (* r00 s r)) (* 6 ?x1909) ?x679 ?x2265 ?x44 ?x2476 (* 18 (* x00 r)) ?x586 (* (- 9) (* s00 r)) (* (- 2) (* s00 s)) (* 9 (* r00 s)) (* 6 (* r00 s00 r)))))
 (let ((?x43 (* 3 r)))
 (let ((?x2623 (+ (* 2 (* s r)) (* (- 12) (* r00 r00 r)) ?x43 ?x44 ?x586 ?x587 (* 4 (* s00 r)) ?x2453 ?x56 ?x588 ?x557)))
 (let (($x3163 (= (+ s00 ?x365 (* 3 (* r r)) ?x400) 0)))
 (and $x3163 (= ?x2623 0) (= ?x2030 0) (= ?x671 0) $x1941 $x3333))))))))))))))))))))))))))))))))))))))))))))))))))))))))))))))))))))))))))))))))) :qid k!40))
 ))
 (let ((?x2727 (lambda ((r Int) (s Int) (x Int) )(let ((?x386 (* r00 r00)))
 (let ((?x400 (* (- 3) ?x386)))
 (let ((?x374 (* r r)))
 (let ((?x375 (* 3 ?x374)))
 (let ((?x365 (* (- 1) s)))
 (let ((?x4166 (+ 10 (* 54 s) (* (- 54) x) (* 216 (* r s)) (* 24 (* s s)) (* (- 216) (* r x)) (* 57 (* r s s)) (* (- 21) (* s x)) (* 3 (* s s s)) (* (- 3) (* x x)) (* (- 51) (* r s x)) (* 270 (* r r s)) (* (- 270) (* r r x)) (* (- 6) (* r x x)) (* (- 3) (* r r x x)) (* 33 (* r r s s)) (* (- 30) (* r r s x)) (* (- 3) (* s s x)) (* (- 3) (* r s s x)) (* 108 (* r r r s)) (* 3 (* r s s s)) (* (- 108) (* r r r x)))))
 (let ((?x3248 (* r r s00)))
 (let ((?x3902 (* 432 ?x3248)))
 (let ((?x2937 (* r r s)))
 (let ((?x3898 (* 432 ?x2937)))
 (let ((?x2922 (* r r r)))
 (let ((?x3897 (* 864 ?x2922)))
 (let ((?x3891 (* 1296 (* r r00 r00 r00))))
 (let ((?x1457 (* x00 x00)))
 (let ((?x1487 (* (- 108) ?x1457)))
 (let ((?x1432 (* 216 (* x x00))))
 (let ((?x1295 (* s00 s00 s00)))
 (let ((?x1486 (* (- 16) ?x1295)))
 (let ((?x1484 (* (- 36) (* s s r00 r00))))
 (let ((?x1266 (* 216 (* x s00 r00))))
 (let ((?x1483 (* (- 432) (* x r00 r00 r00))))
 (let ((?x1183 (* s00 r00 r00 r00)))
 (let ((?x1482 (* (- 216) ?x1183)))
 (let ((?x1068 (* 12 (* s s s00))))
 (let ((?x1026 (* r s s00)))
 (let ((?x3878 (* 144 ?x1026)))
 (let ((?x1009 (* r00 r00 r00 x00)))
 (let ((?x1010 (* 432 ?x1009)))
 (let ((?x979 (* x x)))
 (let ((?x1481 (* (- 108) ?x979)))
 (let ((?x916 (* s s s)))
 (let ((?x918 (* 4 ?x916)))
 (let ((?x906 (* r s s)))
 (let ((?x3877 (* 72 ?x906)))
 (let ((?x902 (* s00 x00)))
 (let ((?x1240 (* 108 ?x902)))
 (let ((?x866 (* s00 s00 r00 r00)))
 (let ((?x867 (* 36 ?x866)))
 (let ((?x825 (* s x00)))
 (let ((?x3875 (* (- 324) ?x825)))
 (let ((?x779 (* s00 s00 r00)))
 (let ((?x1137 (* 108 ?x779)))
 (let ((?x734 (* s00 r00 r00)))
 (let ((?x1097 (* 36 ?x734)))
 (let ((?x708 (* x s00)))
 (let ((?x1477 (* (- 108) ?x708)))
 (let ((?x704 (* x r00)))
 (let ((?x1343 (* 108 ?x704)))
 (let ((?x678 (* s00 s00)))
 (let ((?x1476 (* (- 51) ?x678)))
 (let ((?x636 (* r x)))
 (let ((?x3871 (* 648 ?x636)))
 (let ((?x609 (* r00 x00)))
 (let ((?x1473 (* (- 108) ?x609)))
 (let ((?x605 (* s00 r00 x00)))
 (let ((?x1472 (* (- 216) ?x605)))
 (let ((?x556 (* r00 r00 r00)))
 (let ((?x3868 (* 648 ?x556)))
 (let ((?x513 (* s00 r00)))
 (let ((?x2948 (* (- 270) ?x513)))
 (let ((?x486 (* r s00)))
 (let ((?x3867 (* 828 ?x486)))
 (let ((?x2923 (* (- 432) ?x386)))
 (let ((?x3862 (* (- 324) x00)))
 (let ((?x3210 (* (- 162) r00)))
 (let ((?x3861 (* 297 s00)))
 (let ((?x3577 (* 324 x)))
 (let ((?x2961 (+ (* 162 r) (* (- 297) s) ?x3577 ?x3861 ?x3210 ?x3862 (* 756 ?x374) ?x2923 (* (- 396) (* r s)) (* (- 1512) (* r r00 r00)) ?x3867 ?x2948 ?x3868 ?x1472 ?x1473 (* (- 195) (* s s)) ?x3871 (* (- 252) (* s r00 r00)) ?x1476 ?x1343 ?x1477 ?x1097 (* (- 648) (* r x00)) (* 648 (* s r00 r00 r00)) (* 246 (* s s00)) ?x1137 (* (- 162) (* s r00)) (* (- 648) (* r s00 r00)) ?x3875 ?x867 (* (- 324) (* s s00 r00)) ?x1240 ?x3877 (* 324 (* s x)) ?x918 ?x1481 ?x1010 ?x3878 ?x1068 ?x1482 ?x1483 ?x1266 ?x1484 ?x1486 ?x1432 ?x1487 (* (- 432) (* r s r00 r00)) (* (- 324) (* r r00)) ?x3891 (* (- 1296) (* r r r00 r00)) ?x3897 ?x3898 ?x3902)))
 (let ((?x1170 (* 36 (* x r00 r00))))
 (let ((?x1038 (* r r00 x00)))
 (let ((?x1051 (* (- 36) ?x1038)))
 (let ((?x1027 (* 2 ?x1026)))
 (let ((?x974 (* r00 r00 x00)))
 (let ((?x987 (* (- 36) ?x974)))
 (let ((?x922 (* r s00 s00)))
 (let ((?x935 (* (- 4) ?x922)))
 (let ((?x910 (* s x)))
 (let ((?x911 (* 6 ?x910)))
 (let ((?x907 (* 2 ?x906)))
 (let ((?x903 (* 6 ?x902)))
 (let ((?x876 (* s s00 r00)))
 (let ((?x889 (* (- 2) ?x876)))
 (let ((?x852 (* (- 6) ?x825)))
 (let ((?x797 (* (- 2) ?x779)))
 (let ((?x752 (* 4 (* s s r00))))
 (let ((?x723 (* (- 6) ?x708)))
 (let ((?x3304 (* (- 19) ?x678)))
 (let ((?x656 (* 36 (* r x r00))))
 (let ((?x3301 (* (- 90) ?x609)))
 (let ((?x3298 (* 18 ?x513)))
 (let ((?x3285 (* (- 108) ?x386)))
 (let ((?x3223 (* (- 72) x00)))
 (let ((?x1839 (* (- 36) r00)))
 (let ((?x3222 (* 57 s00)))
 (let ((?x3178 (+ (* 36 r) (* (- 57) s) (* 72 x) ?x3222 ?x1839 ?x3223 (* 108 ?x374) ?x3285 (* (- 42) (* r s)) (* (- 216) (* r r00 r00)) (* 114 ?x486) ?x3298 ?x3301 (* (- 1) (* s s)) (* 90 ?x636) (* 12 (* r s r00)) (* (- 72) (* s r00 r00)) ?x656 ?x3304 (* 90 ?x704) ?x723 ?x1097 (* (- 90) (* r x00)) ?x752 (* 20 (* s s00)) ?x797 (* (- 90) (* s r00)) (* (- 12) (* r s00 r00)) ?x852 ?x889 ?x903 ?x907 ?x911 ?x935 ?x987 ?x1027 ?x1051 ?x1170 (* 144 (* r r r00)) (* 72 ?x2922) (* 24 ?x2937) (* 12 ?x3248))))
 (let ((?x813 (* r s00 r00)))
 (let ((?x826 (* (- 6) ?x813)))
 (let ((?x775 (* s s00)))
 (let ((?x776 (* 2 ?x775)))
 (let ((?x746 (* r x00)))
 (let ((?x759 (* (- 18) ?x746)))
 (let ((?x735 (* 6 ?x734)))
 (let ((?x705 (* 18 ?x704)))
 (let ((?x691 (* (- 4) ?x678)))
 (let ((?x652 (* s r00 r00)))
 (let ((?x665 (* (- 6) ?x652)))
 (let ((?x640 (* r s r00)))
 (let ((?x641 (* 6 ?x640)))
 (let ((?x637 (* 18 ?x636)))
 (let ((?x632 (* s s)))
 (let ((?x633 (* 2 ?x632)))
 (let ((?x623 (* (- 18) ?x609)))
 (let ((?x1911 (* 3 ?x513)))
 (let ((?x1416 (* (- 18) ?x386)))
 (let ((?x1414 (* (- 18) x00)))
 (let ((?x1413 (* (- 9) r00)))
 (let ((?x1412 (* 12 s00)))
 (let ((?x3482 (+ (* 9 r) (* (- 12) s) (* 18 x) ?x1412 ?x1413 ?x1414 (* 18 ?x374) ?x1416 (* (- 3) (* r s)) (* (- 36) (* r r00 r00)) (* 21 ?x486) ?x1911 ?x623 ?x633 ?x637 ?x641 ?x665 ?x691 ?x705 ?x735 ?x759 ?x776 (* (- 21) (* s r00)) ?x826 (* 36 (* r r r00)))))
 (let ((?x557 (* 12 ?x556)))
 (let ((?x591 (* (- 6) ?x513)))
 (let ((?x487 (* 4 ?x486)))
 (let ((?x436 (* r r00 r00)))
 (let ((?x590 (* (- 12) ?x436)))
 (let ((?x430 (* r s)))
 (let ((?x589 (* 2 ?x430)))
 (let ((?x3828 (* (- 12) ?x386)))
 (let ((?x588 (* (- 6) x00)))
 (let ((?x587 (* (- 3) r00)))
 (let ((?x1633 (* 7 s00)))
 (let ((?x56 (* 6 x)))
 (let ((?x43 (* 3 r)))
 (let ((?x2360 (+ ?x43 (* (- 7) s) ?x56 ?x1633 ?x587 ?x588 (* 12 ?x374) ?x3828 ?x589 ?x590 ?x487 ?x591 ?x557)))
 (let (($x419 (= (+ s (* (- 1) s00) (* (- 3) ?x374) (* 3 ?x386)) 0)))
 (let (($x2527 (or (not $x419) (not (= ?x2360 0)) (not (= ?x3482 0)) (not (= ?x3178 0)) (not (= ?x2961 0)) (not (= (* ?x4166 (+ ?x365 s00 ?x375 ?x400)) 0)))))
 (let ((?x1307 (* 108 ?x910)))
 (let ((?x757 (* s r00 r00 r00)))
 (let ((?x758 (* 216 ?x757)))
 (let ((?x961 (* (- 36) ?x652)))
 (let ((?x615 (* 54 ?x513)))
 (let ((?x1084 (* (- 9) s00)))
 (let ((?x143 (* 9 s)))
 (let ((?x1488 (+ ?x143 ?x1084 ?x615 ?x1472 ?x1473 (* (- 15) ?x632) ?x961 ?x1476 ?x1343 ?x1477 ?x1097 ?x758 (* 66 ?x775) ?x1137 (* (- 54) (* s r00)) (* (- 108) ?x825) ?x867 (* (- 108) ?x876) ?x1240 ?x1307 ?x918 ?x1481 ?x1010 ?x1068 ?x1482 ?x1483 ?x1266 ?x1484 ?x1486 ?x1432 ?x1487)))
 (let (($x1489 (= ?x1488 0)))
 (let ((?x1013 (* (- 15) ?x678)))
 (let ((?x664 (* 3 ?x632)))
 (let ((?x646 (* (- 54) ?x609)))
 (let ((?x661 (* 24 ?x513)))
 (let ((?x1176 (+ ?x143 ?x1084 (* (- 24) ?x430) (* 24 ?x486) ?x661 ?x646 ?x664 (* 54 ?x636) ?x961 ?x656 ?x1013 (* 54 ?x704) ?x723 ?x1097 (* (- 54) ?x746) ?x752 (* 12 ?x775) ?x797 (* (- 24) (* s r00)) ?x852 ?x889 ?x903 ?x907 ?x911 ?x935 ?x987 ?x1027 ?x1051 ?x1170)))
 (let (($x1181 (= ?x1176 0)))
 (let ((?x628 (* 9 ?x513)))
 (let ((?x465 (* (- 3) s00)))
 (let ((?x47 (* 3 s)))
 (let ((?x832 (+ ?x47 ?x465 (* (- 9) ?x430) (* 9 ?x486) ?x628 ?x623 ?x633 ?x637 ?x641 ?x665 ?x691 ?x705 ?x735 ?x759 ?x776 (* (- 9) (* s r00)) ?x826)))
 (let (($x839 (= ?x832 0)))
 (let ((?x44 (* 3 s00)))
 (let ((?x586 (* (- 3) s)))
 (let (($x593 (= (+ ?x43 ?x586 ?x56 ?x44 ?x587 ?x588 ?x589 ?x590 ?x487 ?x591 ?x557) 0)))
 (let (($x3186 (and $x419 $x593 $x839 $x1181 $x1489 $x2527)))
 (let ((?x2105 (* 3 (* (+ 1 r) (+ 1 r)))))
 (let ((?x3498 (* (- 6) r)))
 (let ((?x211 (* 6 r)))
 (let ((?x2994 (+ 3 s ?x211)))
 (let ((?x3389 (+ x ?x365)))
 (let ((?x2893 (+ 1 r)))
 (let ((?x1679 (+ 10 (* (- 9) (* ?x2893 ?x3389 ?x2994)) (* (- 3) (* ?x2893 ?x2893 ?x3389 ?x3389)) (* (- 3) (* ?x2893 ?x3389 ?x2994 ?x2994)))))
 (let (($x2151 (not (= (* ?x1679 (+ (- 3) s00 ?x365 ?x3498 ?x2105 ?x400)) 0))))
 (let ((?x790 (* 108 ?x1457)))
 (let ((?x687 (* (- 54) r)))
 (let ((?x3344 (* (- 9) s)))
 (let ((?x3078 (* r00 r00 s00)))
 (let ((?x2444 (* (- 36) ?x3078)))
 (let ((?x137 (* 9 s00)))
 (let ((?x3416 (* 51 ?x678)))
 (let ((?x1514 (* r00 r00 ?x2994)))
 (let ((?x1891 (* 36 ?x1514)))
 (let ((?x1979 (* 16 ?x1295)))
 (let ((?x2191 (* (- 108) ?x902)))
 (let ((?x2510 (* 216 (* r00 r00 r00 s00))))
 (let ((?x2451 (* r00 s00 s00)))
 (let ((?x1166 (* (- 108) ?x2451)))
 (let ((?x1687 (* (- 432) ?x1009)))
 (let ((?x1188 (* (- 36) (* r00 r00 s00 s00))))
 (let ((?x2912 (* r00 s00)))
 (let ((?x2521 (* (- 54) ?x2912)))
 (let ((?x1910 (* 108 ?x609)))
 (let ((?x676 (* 216 (* r00 s00 x00))))
 (let ((?x3287 (+ ?x676 ?x1910 ?x2521 (* 15 (* ?x2994 ?x2994)) (* (- 216) (* r00 r00 r00 ?x2994)) ?x1188 (* (- 4) (* ?x2994 ?x2994 ?x2994)) (* 108 (* ?x3389 ?x3389)) ?x1687 (* (- 12) (* s00 ?x2994 ?x2994)) (* 108 (* s00 ?x3389)) ?x1166 ?x2510 (* 108 (* x00 ?x2994)) (* 432 (* r00 r00 r00 ?x3389)) (* (- 66) (* s00 ?x2994)) (* 108 (* r00 s00 ?x2994)) ?x2191 (* (- 216) (* r00 s00 ?x3389)) (* 36 (* r00 r00 ?x2994 ?x2994)) ?x1979 (* (- 108) (* ?x3389 ?x2994)) ?x1891 ?x3416 (* (- 108) (* r00 ?x3389)) ?x137 ?x2444 ?x3344 ?x687 (* 54 (* r00 ?x2994)) (* (- 216) (* x00 ?x3389)) ?x790)))
 (let (($x3296 (not (= ?x3287 27))))
 (let ((?x3381 (* 15 ?x678)))
 (let ((?x975 (* 36 ?x974)))
 (let ((?x3030 (* (- 6) ?x902)))
 (let ((?x1912 (* 2 ?x2451)))
 (let ((?x2696 (* (- 24) ?x2912)))
 (let ((?x1975 (* 54 ?x609)))
 (let ((?x2473 (+ (* 24 (* ?x2893 ?x2994)) ?x1975 (* (- 36) (* r00 ?x2893 ?x3389)) ?x2696 (* (- 3) (* ?x2994 ?x2994)) (* (- 54) (* ?x2893 ?x3389)) (* 6 (* s00 ?x3389)) (* (- 4) (* r00 ?x2994 ?x2994)) ?x1912 (* 6 (* x00 ?x2994)) (* (- 12) (* s00 ?x2994)) (* 2 (* r00 s00 ?x2994)) ?x3030 (* (- 2) (* ?x2893 ?x2994 ?x2994)) (* (- 6) (* ?x3389 ?x2994)) (* 4 (* s00 s00 ?x2893)) ?x1891 ?x975 ?x3381 (* (- 2) (* s00 ?x2893 ?x2994)) (* 36 (* r00 x00 ?x2893)) (* (- 54) (* r00 ?x3389)) ?x137 ?x2444 (* 54 (* x00 ?x2893)) ?x3344 ?x687 (* (- 24) (* s00 ?x2893)) (* 24 (* r00 ?x2994)) (* (- 36) (* r00 r00 ?x3389)))))
 (let ((?x2476 (* (- 6) ?x3078)))
 (let ((?x679 (* 4 ?x678)))
 (let ((?x3379 (* (- 9) ?x2912)))
 (let ((?x610 (* 18 ?x609)))
 (let ((?x2018 (+ (* 9 (* ?x2893 ?x2994)) ?x610 ?x3379 (* (- 2) (* ?x2994 ?x2994)) (* (- 18) (* ?x2893 ?x3389)) (* (- 6) (* r00 ?x2893 ?x2994)) (* 6 ?x1514) ?x679 (* (- 18) (* r00 ?x3389)) ?x44 ?x2476 (* 18 (* x00 ?x2893)) ?x586 (* (- 18) r) (* (- 9) (* s00 ?x2893)) (* (- 2) (* s00 ?x2994)) (* 9 (* r00 ?x2994)) (* 6 (* r00 s00 ?x2893)))))
 (let ((?x2453 (* (- 6) ?x2912)))
 (let ((?x3791 (+ (* 2 (* ?x2893 ?x2994)) (* (- 12) (* r00 r00 ?x2893)) (* (- 15) r) ?x44 ?x3344 ?x587 (* 4 (* s00 ?x2893)) ?x2453 ?x56 ?x588 ?x557)))
 (let (($x1151 (not (= (+ s00 ?x365 ?x3498 ?x2105 ?x400) 3))))
 (let (($x3333 (or $x1151 (not (= ?x3791 6)) (not (= ?x2018 9)) (not (= ?x2473 27)) $x3296 $x2151)))
 (let ((?x1909 (* r00 r00 s)))
 (let ((?x1296 (* 36 ?x1909)))
 (let ((?x818 (+ ?x676 ?x1910 ?x2521 (* 15 ?x632) (* (- 216) (* r00 r00 r00 s)) ?x1188 (* (- 4) ?x916) (* 108 ?x979) ?x1687 (* (- 12) (* s00 s s)) (* 108 (* s00 x)) ?x1166 ?x2510 (* 108 (* x00 s)) (* 432 (* r00 r00 r00 x)) (* (- 66) (* s00 s)) (* 108 (* r00 s00 s)) ?x2191 (* (- 216) (* r00 s00 x)) (* 36 (* r00 r00 s s)) ?x1979 (* (- 108) (* x s)) ?x1296 ?x3416 (* (- 108) (* r00 x)) ?x137 ?x2444 ?x3344 (* 54 (* r00 s)) (* (- 216) (* x00 x)) ?x790)))
 (let (($x1941 (= ?x818 0)))
 (let ((?x2991 (* r00 r00 x)))
 (let ((?x3073 (* (- 36) ?x2991)))
 (let ((?x2318 (* r00 s s)))
 (let ((?x3058 (* (- 4) ?x2318)))
 (let ((?x671 (+ (* 24 (* s r)) ?x1975 (* (- 36) (* r00 x r)) ?x2696 (* (- 3) ?x632) (* (- 54) (* x r)) (* 6 (* s00 x)) ?x3058 ?x1912 (* 6 (* x00 s)) (* (- 12) (* s00 s)) (* 2 (* r00 s00 s)) ?x3030 (* (- 2) (* s s r)) (* (- 6) (* x s)) (* 4 (* s00 s00 r)) ?x1296 ?x975 ?x3381 (* (- 2) (* s00 s r)) (* 36 (* r00 x00 r)) (* (- 54) (* r00 x)) ?x137 ?x2444 (* 54 (* x00 r)) ?x3344 (* (- 24) (* s00 r)) (* 24 (* r00 s)) ?x3073)))
 (let ((?x1980 (* r00 x)))
 (let ((?x2265 (* (- 18) ?x1980)))
 (let ((?x2246 (* (- 2) ?x632)))
 (let ((?x2030 (+ (* 9 (* s r)) ?x610 ?x3379 ?x2246 (* (- 18) (* x r)) (* (- 6) (* r00 s r)) (* 6 ?x1909) ?x679 ?x2265 ?x44 ?x2476 (* 18 (* x00 r)) ?x586 (* (- 9) (* s00 r)) (* (- 2) (* s00 s)) (* 9 (* r00 s)) (* 6 (* r00 s00 r)))))
 (let ((?x2623 (+ (* 2 (* s r)) (* (- 12) (* r00 r00 r)) ?x43 ?x44 ?x586 ?x587 (* 4 (* s00 r)) ?x2453 ?x56 ?x588 ?x557)))
 (let (($x3163 (= (+ s00 ?x365 ?x375 ?x400) 0)))
 (let (($x2535 (and $x3163 (= ?x2623 0) (= ?x2030 0) (= ?x671 0) $x1941 $x3333)))
 (rewrite (= $x2535 $x3186)))))))))))))))))))))))))))))))))))))))))))))))))))))))))))))))))))))))))))))))))))))))))))))))))))))))))))))))))))))))))))))))))))))))))))))))))))))))))))))))))))))))))))))))))))))))))))))))))))))))))))))))))))))))))))))))
 ))
 (let (($x1900 (exists ((r Int) (s Int) (x Int) )(! (let ((?x386 (* r00 r00)))
 (let ((?x400 (* (- 3) ?x386)))
 (let ((?x2105 (* 3 (* (+ 1 r) (+ 1 r)))))
 (let ((?x3498 (* (- 6) r)))
 (let ((?x365 (* (- 1) s)))
 (let ((?x211 (* 6 r)))
 (let ((?x2994 (+ 3 s ?x211)))
 (let ((?x3389 (+ x ?x365)))
 (let ((?x2893 (+ 1 r)))
 (let ((?x1679 (+ 10 (* (- 9) (* ?x2893 ?x3389 ?x2994)) (* (- 3) (* ?x2893 ?x2893 ?x3389 ?x3389)) (* (- 3) (* ?x2893 ?x3389 ?x2994 ?x2994)))))
 (let (($x2151 (not (= (* ?x1679 (+ (- 3) s00 ?x365 ?x3498 ?x2105 ?x400)) 0))))
 (let ((?x1457 (* x00 x00)))
 (let ((?x790 (* 108 ?x1457)))
 (let ((?x687 (* (- 54) r)))
 (let ((?x3344 (* (- 9) s)))
 (let ((?x3078 (* r00 r00 s00)))
 (let ((?x2444 (* (- 36) ?x3078)))
 (let ((?x137 (* 9 s00)))
 (let ((?x678 (* s00 s00)))
 (let ((?x3416 (* 51 ?x678)))
 (let ((?x1514 (* r00 r00 ?x2994)))
 (let ((?x1891 (* 36 ?x1514)))
 (let ((?x1295 (* s00 s00 s00)))
 (let ((?x1979 (* 16 ?x1295)))
 (let ((?x902 (* s00 x00)))
 (let ((?x2191 (* (- 108) ?x902)))
 (let ((?x2510 (* 216 (* r00 r00 r00 s00))))
 (let ((?x2451 (* r00 s00 s00)))
 (let ((?x1166 (* (- 108) ?x2451)))
 (let ((?x1009 (* r00 r00 r00 x00)))
 (let ((?x1687 (* (- 432) ?x1009)))
 (let ((?x1188 (* (- 36) (* r00 r00 s00 s00))))
 (let ((?x2912 (* r00 s00)))
 (let ((?x2521 (* (- 54) ?x2912)))
 (let ((?x609 (* r00 x00)))
 (let ((?x1910 (* 108 ?x609)))
 (let ((?x676 (* 216 (* r00 s00 x00))))
 (let ((?x3287 (+ ?x676 ?x1910 ?x2521 (* 15 (* ?x2994 ?x2994)) (* (- 216) (* r00 r00 r00 ?x2994)) ?x1188 (* (- 4) (* ?x2994 ?x2994 ?x2994)) (* 108 (* ?x3389 ?x3389)) ?x1687 (* (- 12) (* s00 ?x2994 ?x2994)) (* 108 (* s00 ?x3389)) ?x1166 ?x2510 (* 108 (* x00 ?x2994)) (* 432 (* r00 r00 r00 ?x3389)) (* (- 66) (* s00 ?x2994)) (* 108 (* r00 s00 ?x2994)) ?x2191 (* (- 216) (* r00 s00 ?x3389)) (* 36 (* r00 r00 ?x2994 ?x2994)) ?x1979 (* (- 108) (* ?x3389 ?x2994)) ?x1891 ?x3416 (* (- 108) (* r00 ?x3389)) ?x137 ?x2444 ?x3344 ?x687 (* 54 (* r00 ?x2994)) (* (- 216) (* x00 ?x3389)) ?x790)))
 (let (($x3296 (not (= ?x3287 27))))
 (let ((?x143 (* 9 s)))
 (let ((?x2011 (* 36 ?x3078)))
 (let ((?x1084 (* (- 9) s00)))
 (let ((?x1013 (* (- 15) ?x678)))
 (let ((?x974 (* r00 r00 x00)))
 (let ((?x987 (* (- 36) ?x974)))
 (let ((?x903 (* 6 ?x902)))
 (let ((?x2090 (* (- 2) ?x2451)))
 (let ((?x926 (* 24 ?x2912)))
 (let ((?x646 (* (- 54) ?x609)))
 (let ((?x1054 (+ (* (- 24) (* ?x2893 ?x2994)) ?x646 (* 36 (* r00 ?x2893 ?x3389)) ?x926 (* 3 (* ?x2994 ?x2994)) (* 54 (* ?x2893 ?x3389)) (* (- 6) (* s00 ?x3389)) (* 4 (* r00 ?x2994 ?x2994)) ?x2090 (* (- 6) (* x00 ?x2994)) (* 12 (* s00 ?x2994)) (* (- 2) (* r00 s00 ?x2994)) ?x903 (* 2 (* ?x2893 ?x2994 ?x2994)) (* 6 (* ?x3389 ?x2994)) (* (- 4) (* s00 s00 ?x2893)) (* (- 36) ?x1514) ?x987 ?x1013 (* 2 (* s00 ?x2893 ?x2994)) (* (- 36) (* r00 x00 ?x2893)) (* 54 (* r00 ?x3389)) ?x1084 ?x2011 (* (- 54) (* x00 ?x2893)) ?x143 (* 54 r) (* 24 (* s00 ?x2893)) (* (- 24) (* r00 ?x2994)) (* 36 (* r00 r00 ?x3389)))))
 (let ((?x47 (* 3 s)))
 (let ((?x3079 (* 6 ?x3078)))
 (let ((?x465 (* (- 3) s00)))
 (let ((?x691 (* (- 4) ?x678)))
 (let ((?x1814 (* 9 ?x2912)))
 (let ((?x623 (* (- 18) ?x609)))
 (let ((?x1568 (+ (* (- 9) (* ?x2893 ?x2994)) ?x623 ?x1814 (* 2 (* ?x2994 ?x2994)) (* 18 (* ?x2893 ?x3389)) (* 6 (* r00 ?x2893 ?x2994)) (* (- 6) ?x1514) ?x691 (* 18 (* r00 ?x3389)) ?x465 ?x3079 (* (- 18) (* x00 ?x2893)) ?x47 (* 18 r) (* 9 (* s00 ?x2893)) (* 2 (* s00 ?x2994)) (* (- 9) (* r00 ?x2994)) (* (- 6) (* r00 s00 ?x2893)))))
 (let ((?x556 (* r00 r00 r00)))
 (let ((?x570 (* (- 12) ?x556)))
 (let ((?x59 (* 6 x00)))
 (let ((?x535 (* (- 6) x)))
 (let ((?x2830 (* 6 ?x2912)))
 (let ((?x48 (* 3 r00)))
 (let ((?x841 (+ (* (- 2) (* ?x2893 ?x2994)) (* 12 (* r00 r00 ?x2893)) (* 15 r) ?x465 ?x143 ?x48 (* (- 4) (* s00 ?x2893)) ?x2830 ?x535 ?x59 ?x570)))
 (let (($x1151 (not (= (+ s00 ?x365 ?x3498 ?x2105 ?x400) 3))))
 (let (($x2734 (or $x1151 (not (= ?x841 (- 6))) (not (= ?x1568 (- 9))) (not (= ?x1054 (- 27))) $x3296 $x2151)))
 (let ((?x1909 (* r00 r00 s)))
 (let ((?x1296 (* 36 ?x1909)))
 (let ((?x818 (+ ?x676 ?x1910 ?x2521 (* 15 (* s s)) (* (- 216) (* r00 r00 r00 s)) ?x1188 (* (- 4) (* s s s)) (* 108 (* x x)) ?x1687 (* (- 12) (* s00 s s)) (* 108 (* s00 x)) ?x1166 ?x2510 (* 108 (* x00 s)) (* 432 (* r00 r00 r00 x)) (* (- 66) (* s00 s)) (* 108 (* r00 s00 s)) ?x2191 (* (- 216) (* r00 s00 x)) (* 36 (* r00 r00 s s)) ?x1979 (* (- 108) (* x s)) ?x1296 ?x3416 (* (- 108) (* r00 x)) ?x137 ?x2444 ?x3344 (* 54 (* r00 s)) (* (- 216) (* x00 x)) ?x790)))
 (let (($x1941 (= ?x818 0)))
 (let ((?x2659 (* (- 36) ?x1909)))
 (let ((?x632 (* s s)))
 (let ((?x664 (* 3 ?x632)))
 (let ((?x2516 (+ (* (- 24) (* s r)) ?x646 (* 36 (* r00 x r)) ?x926 ?x664 (* 54 (* x r)) (* (- 6) (* s00 x)) (* 4 (* r00 s s)) ?x2090 (* (- 6) (* x00 s)) (* 12 (* s00 s)) (* (- 2) (* r00 s00 s)) ?x903 (* 2 (* s s r)) (* 6 (* x s)) (* (- 4) (* s00 s00 r)) ?x2659 ?x987 ?x1013 (* 2 (* s00 s r)) (* (- 36) (* r00 x00 r)) (* 54 (* r00 x)) ?x1084 ?x2011 (* (- 54) (* x00 r)) ?x143 (* 24 (* s00 r)) (* (- 24) (* r00 s)) (* 36 (* r00 r00 x)))))
 (let ((?x633 (* 2 ?x632)))
 (let ((?x2626 (+ (* (- 9) (* s r)) ?x623 ?x1814 ?x633 (* 18 (* x r)) (* 6 (* r00 s r)) (* (- 6) ?x1909) ?x691 (* 18 (* r00 x)) ?x465 ?x3079 (* (- 18) (* x00 r)) ?x47 (* 9 (* s00 r)) (* 2 (* s00 s)) (* (- 9) (* r00 s)) (* (- 6) (* r00 s00 r)))))
 (let ((?x442 (* (- 3) r)))
 (let ((?x2548 (+ (* (- 2) (* s r)) (* 12 (* r00 r00 r)) ?x442 ?x465 ?x47 ?x48 (* (- 4) (* s00 r)) ?x2830 ?x535 ?x59 ?x570)))
 (let (($x3163 (= (+ s00 ?x365 (* 3 (* r r)) ?x400) 0)))
 (and $x3163 (= ?x2548 0) (= ?x2626 0) (= ?x2516 0) $x1941 $x2734)))))))))))))))))))))))))))))))))))))))))))))))))))))))))))))))))))))))))))))))) :qid k!40))
 ))
 (let ((?x1801 (lambda ((r Int) (s Int) (x Int) )(let ((?x386 (* r00 r00)))
 (let ((?x400 (* (- 3) ?x386)))
 (let ((?x2105 (* 3 (* (+ 1 r) (+ 1 r)))))
 (let ((?x3498 (* (- 6) r)))
 (let ((?x365 (* (- 1) s)))
 (let ((?x211 (* 6 r)))
 (let ((?x2994 (+ 3 s ?x211)))
 (let ((?x3389 (+ x ?x365)))
 (let ((?x2893 (+ 1 r)))
 (let ((?x1679 (+ 10 (* (- 9) (* ?x2893 ?x3389 ?x2994)) (* (- 3) (* ?x2893 ?x2893 ?x3389 ?x3389)) (* (- 3) (* ?x2893 ?x3389 ?x2994 ?x2994)))))
 (let (($x2151 (not (= (* ?x1679 (+ (- 3) s00 ?x365 ?x3498 ?x2105 ?x400)) 0))))
 (let ((?x1457 (* x00 x00)))
 (let ((?x790 (* 108 ?x1457)))
 (let ((?x687 (* (- 54) r)))
 (let ((?x3344 (* (- 9) s)))
 (let ((?x3078 (* r00 r00 s00)))
 (let ((?x2444 (* (- 36) ?x3078)))
 (let ((?x137 (* 9 s00)))
 (let ((?x678 (* s00 s00)))
 (let ((?x3416 (* 51 ?x678)))
 (let ((?x1514 (* r00 r00 ?x2994)))
 (let ((?x1891 (* 36 ?x1514)))
 (let ((?x1295 (* s00 s00 s00)))
 (let ((?x1979 (* 16 ?x1295)))
 (let ((?x902 (* s00 x00)))
 (let ((?x2191 (* (- 108) ?x902)))
 (let ((?x2510 (* 216 (* r00 r00 r00 s00))))
 (let ((?x2451 (* r00 s00 s00)))
 (let ((?x1166 (* (- 108) ?x2451)))
 (let ((?x1009 (* r00 r00 r00 x00)))
 (let ((?x1687 (* (- 432) ?x1009)))
 (let ((?x1188 (* (- 36) (* r00 r00 s00 s00))))
 (let ((?x2912 (* r00 s00)))
 (let ((?x2521 (* (- 54) ?x2912)))
 (let ((?x609 (* r00 x00)))
 (let ((?x1910 (* 108 ?x609)))
 (let ((?x676 (* 216 (* r00 s00 x00))))
 (let ((?x3287 (+ ?x676 ?x1910 ?x2521 (* 15 (* ?x2994 ?x2994)) (* (- 216) (* r00 r00 r00 ?x2994)) ?x1188 (* (- 4) (* ?x2994 ?x2994 ?x2994)) (* 108 (* ?x3389 ?x3389)) ?x1687 (* (- 12) (* s00 ?x2994 ?x2994)) (* 108 (* s00 ?x3389)) ?x1166 ?x2510 (* 108 (* x00 ?x2994)) (* 432 (* r00 r00 r00 ?x3389)) (* (- 66) (* s00 ?x2994)) (* 108 (* r00 s00 ?x2994)) ?x2191 (* (- 216) (* r00 s00 ?x3389)) (* 36 (* r00 r00 ?x2994 ?x2994)) ?x1979 (* (- 108) (* ?x3389 ?x2994)) ?x1891 ?x3416 (* (- 108) (* r00 ?x3389)) ?x137 ?x2444 ?x3344 ?x687 (* 54 (* r00 ?x2994)) (* (- 216) (* x00 ?x3389)) ?x790)))
 (let (($x3296 (not (= ?x3287 27))))
 (let ((?x3381 (* 15 ?x678)))
 (let ((?x974 (* r00 r00 x00)))
 (let ((?x975 (* 36 ?x974)))
 (let ((?x3030 (* (- 6) ?x902)))
 (let ((?x1912 (* 2 ?x2451)))
 (let ((?x2696 (* (- 24) ?x2912)))
 (let ((?x1975 (* 54 ?x609)))
 (let ((?x2473 (+ (* 24 (* ?x2893 ?x2994)) ?x1975 (* (- 36) (* r00 ?x2893 ?x3389)) ?x2696 (* (- 3) (* ?x2994 ?x2994)) (* (- 54) (* ?x2893 ?x3389)) (* 6 (* s00 ?x3389)) (* (- 4) (* r00 ?x2994 ?x2994)) ?x1912 (* 6 (* x00 ?x2994)) (* (- 12) (* s00 ?x2994)) (* 2 (* r00 s00 ?x2994)) ?x3030 (* (- 2) (* ?x2893 ?x2994 ?x2994)) (* (- 6) (* ?x3389 ?x2994)) (* 4 (* s00 s00 ?x2893)) ?x1891 ?x975 ?x3381 (* (- 2) (* s00 ?x2893 ?x2994)) (* 36 (* r00 x00 ?x2893)) (* (- 54) (* r00 ?x3389)) ?x137 ?x2444 (* 54 (* x00 ?x2893)) ?x3344 ?x687 (* (- 24) (* s00 ?x2893)) (* 24 (* r00 ?x2994)) (* (- 36) (* r00 r00 ?x3389)))))
 (let ((?x586 (* (- 3) s)))
 (let ((?x2476 (* (- 6) ?x3078)))
 (let ((?x44 (* 3 s00)))
 (let ((?x679 (* 4 ?x678)))
 (let ((?x3379 (* (- 9) ?x2912)))
 (let ((?x610 (* 18 ?x609)))
 (let ((?x2018 (+ (* 9 (* ?x2893 ?x2994)) ?x610 ?x3379 (* (- 2) (* ?x2994 ?x2994)) (* (- 18) (* ?x2893 ?x3389)) (* (- 6) (* r00 ?x2893 ?x2994)) (* 6 ?x1514) ?x679 (* (- 18) (* r00 ?x3389)) ?x44 ?x2476 (* 18 (* x00 ?x2893)) ?x586 (* (- 18) r) (* (- 9) (* s00 ?x2893)) (* (- 2) (* s00 ?x2994)) (* 9 (* r00 ?x2994)) (* 6 (* r00 s00 ?x2893)))))
 (let ((?x556 (* r00 r00 r00)))
 (let ((?x557 (* 12 ?x556)))
 (let ((?x588 (* (- 6) x00)))
 (let ((?x56 (* 6 x)))
 (let ((?x2453 (* (- 6) ?x2912)))
 (let ((?x587 (* (- 3) r00)))
 (let ((?x3791 (+ (* 2 (* ?x2893 ?x2994)) (* (- 12) (* r00 r00 ?x2893)) (* (- 15) r) ?x44 ?x3344 ?x587 (* 4 (* s00 ?x2893)) ?x2453 ?x56 ?x588 ?x557)))
 (let (($x1151 (not (= (+ s00 ?x365 ?x3498 ?x2105 ?x400) 3))))
 (let (($x3333 (or $x1151 (not (= ?x3791 6)) (not (= ?x2018 9)) (not (= ?x2473 27)) $x3296 $x2151)))
 (let ((?x1909 (* r00 r00 s)))
 (let ((?x1296 (* 36 ?x1909)))
 (let ((?x818 (+ ?x676 ?x1910 ?x2521 (* 15 (* s s)) (* (- 216) (* r00 r00 r00 s)) ?x1188 (* (- 4) (* s s s)) (* 108 (* x x)) ?x1687 (* (- 12) (* s00 s s)) (* 108 (* s00 x)) ?x1166 ?x2510 (* 108 (* x00 s)) (* 432 (* r00 r00 r00 x)) (* (- 66) (* s00 s)) (* 108 (* r00 s00 s)) ?x2191 (* (- 216) (* r00 s00 x)) (* 36 (* r00 r00 s s)) ?x1979 (* (- 108) (* x s)) ?x1296 ?x3416 (* (- 108) (* r00 x)) ?x137 ?x2444 ?x3344 (* 54 (* r00 s)) (* (- 216) (* x00 x)) ?x790)))
 (let (($x1941 (= ?x818 0)))
 (let ((?x2991 (* r00 r00 x)))
 (let ((?x3073 (* (- 36) ?x2991)))
 (let ((?x2318 (* r00 s s)))
 (let ((?x3058 (* (- 4) ?x2318)))
 (let ((?x671 (+ (* 24 (* s r)) ?x1975 (* (- 36) (* r00 x r)) ?x2696 (* (- 3) (* s s)) (* (- 54) (* x r)) (* 6 (* s00 x)) ?x3058 ?x1912 (* 6 (* x00 s)) (* (- 12) (* s00 s)) (* 2 (* r00 s00 s)) ?x3030 (* (- 2) (* s s r)) (* (- 6) (* x s)) (* 4 (* s00 s00 r)) ?x1296 ?x975 ?x3381 (* (- 2) (* s00 s r)) (* 36 (* r00 x00 r)) (* (- 54) (* r00 x)) ?x137 ?x2444 (* 54 (* x00 r)) ?x3344 (* (- 24) (* s00 r)) (* 24 (* r00 s)) ?x3073)))
 (let ((?x1980 (* r00 x)))
 (let ((?x2265 (* (- 18) ?x1980)))
 (let ((?x632 (* s s)))
 (let ((?x2246 (* (- 2) ?x632)))
 (let ((?x2030 (+ (* 9 (* s r)) ?x610 ?x3379 ?x2246 (* (- 18) (* x r)) (* (- 6) (* r00 s r)) (* 6 ?x1909) ?x679 ?x2265 ?x44 ?x2476 (* 18 (* x00 r)) ?x586 (* (- 9) (* s00 r)) (* (- 2) (* s00 s)) (* 9 (* r00 s)) (* 6 (* r00 s00 r)))))
 (let ((?x43 (* 3 r)))
 (let ((?x2623 (+ (* 2 (* s r)) (* (- 12) (* r00 r00 r)) ?x43 ?x44 ?x586 ?x587 (* 4 (* s00 r)) ?x2453 ?x56 ?x588 ?x557)))
 (let (($x3163 (= (+ s00 ?x365 (* 3 (* r r)) ?x400) 0)))
 (let (($x2535 (and $x3163 (= ?x2623 0) (= ?x2030 0) (= ?x671 0) $x1941 $x3333)))
 (let ((?x143 (* 9 s)))
 (let ((?x2011 (* 36 ?x3078)))
 (let ((?x1084 (* (- 9) s00)))
 (let ((?x1013 (* (- 15) ?x678)))
 (let ((?x987 (* (- 36) ?x974)))
 (let ((?x903 (* 6 ?x902)))
 (let ((?x2090 (* (- 2) ?x2451)))
 (let ((?x926 (* 24 ?x2912)))
 (let ((?x646 (* (- 54) ?x609)))
 (let ((?x1054 (+ (* (- 24) (* ?x2893 ?x2994)) ?x646 (* 36 (* r00 ?x2893 ?x3389)) ?x926 (* 3 (* ?x2994 ?x2994)) (* 54 (* ?x2893 ?x3389)) (* (- 6) (* s00 ?x3389)) (* 4 (* r00 ?x2994 ?x2994)) ?x2090 (* (- 6) (* x00 ?x2994)) (* 12 (* s00 ?x2994)) (* (- 2) (* r00 s00 ?x2994)) ?x903 (* 2 (* ?x2893 ?x2994 ?x2994)) (* 6 (* ?x3389 ?x2994)) (* (- 4) (* s00 s00 ?x2893)) (* (- 36) ?x1514) ?x987 ?x1013 (* 2 (* s00 ?x2893 ?x2994)) (* (- 36) (* r00 x00 ?x2893)) (* 54 (* r00 ?x3389)) ?x1084 ?x2011 (* (- 54) (* x00 ?x2893)) ?x143 (* 54 r) (* 24 (* s00 ?x2893)) (* (- 24) (* r00 ?x2994)) (* 36 (* r00 r00 ?x3389)))))
 (let ((?x47 (* 3 s)))
 (let ((?x3079 (* 6 ?x3078)))
 (let ((?x465 (* (- 3) s00)))
 (let ((?x691 (* (- 4) ?x678)))
 (let ((?x1814 (* 9 ?x2912)))
 (let ((?x623 (* (- 18) ?x609)))
 (let ((?x1568 (+ (* (- 9) (* ?x2893 ?x2994)) ?x623 ?x1814 (* 2 (* ?x2994 ?x2994)) (* 18 (* ?x2893 ?x3389)) (* 6 (* r00 ?x2893 ?x2994)) (* (- 6) ?x1514) ?x691 (* 18 (* r00 ?x3389)) ?x465 ?x3079 (* (- 18) (* x00 ?x2893)) ?x47 (* 18 r) (* 9 (* s00 ?x2893)) (* 2 (* s00 ?x2994)) (* (- 9) (* r00 ?x2994)) (* (- 6) (* r00 s00 ?x2893)))))
 (let ((?x570 (* (- 12) ?x556)))
 (let ((?x59 (* 6 x00)))
 (let ((?x535 (* (- 6) x)))
 (let ((?x2830 (* 6 ?x2912)))
 (let ((?x48 (* 3 r00)))
 (let ((?x841 (+ (* (- 2) (* ?x2893 ?x2994)) (* 12 (* r00 r00 ?x2893)) (* 15 r) ?x465 ?x143 ?x48 (* (- 4) (* s00 ?x2893)) ?x2830 ?x535 ?x59 ?x570)))
 (let (($x2734 (or $x1151 (not (= ?x841 (- 6))) (not (= ?x1568 (- 9))) (not (= ?x1054 (- 27))) $x3296 $x2151)))
 (let ((?x2659 (* (- 36) ?x1909)))
 (let ((?x664 (* 3 ?x632)))
 (let ((?x2516 (+ (* (- 24) (* s r)) ?x646 (* 36 (* r00 x r)) ?x926 ?x664 (* 54 (* x r)) (* (- 6) (* s00 x)) (* 4 ?x2318) ?x2090 (* (- 6) (* x00 s)) (* 12 (* s00 s)) (* (- 2) (* r00 s00 s)) ?x903 (* 2 (* s s r)) (* 6 (* x s)) (* (- 4) (* s00 s00 r)) ?x2659 ?x987 ?x1013 (* 2 (* s00 s r)) (* (- 36) (* r00 x00 r)) (* 54 ?x1980) ?x1084 ?x2011 (* (- 54) (* x00 r)) ?x143 (* 24 (* s00 r)) (* (- 24) (* r00 s)) (* 36 ?x2991))))
 (let ((?x633 (* 2 ?x632)))
 (let ((?x2626 (+ (* (- 9) (* s r)) ?x623 ?x1814 ?x633 (* 18 (* x r)) (* 6 (* r00 s r)) (* (- 6) ?x1909) ?x691 (* 18 ?x1980) ?x465 ?x3079 (* (- 18) (* x00 r)) ?x47 (* 9 (* s00 r)) (* 2 (* s00 s)) (* (- 9) (* r00 s)) (* (- 6) (* r00 s00 r)))))
 (let ((?x442 (* (- 3) r)))
 (let ((?x2548 (+ (* (- 2) (* s r)) (* 12 (* r00 r00 r)) ?x442 ?x465 ?x47 ?x48 (* (- 4) (* s00 r)) ?x2830 ?x535 ?x59 ?x570)))
 (let (($x2159 (and $x3163 (= ?x2548 0) (= ?x2626 0) (= ?x2516 0) $x1941 $x2734)))
 (rewrite (= $x2159 $x2535))))))))))))))))))))))))))))))))))))))))))))))))))))))))))))))))))))))))))))))))))))))))))))))))))))))))))))))))))))
 ))
 (let (($x362 (exists ((r Int) (s Int) (x Int) )(! (let ((?x232 (- x s)))
 (let ((?x211 (* 6 r)))
 (let ((?x212 (+ s ?x211 3)))
 (let ((?x215 (+ r 1)))
 (let ((?x355 (- (- 10 (* 9 ?x215 ?x212 ?x232)) (* 3 ?x215 ?x215 ?x232 ?x232))))
 (let ((?x33 (* 3 r00 r00)))
 (let ((?x218 (- (+ (- s00 ?x212) (* 3 ?x215 ?x215)) ?x33)))
 (let ((?x208 (* 108 x00 x00)))
 (let ((?x299 (* 9 ?x212)))
 (let ((?x139 (* 36 r00 r00 s00)))
 (let ((?x137 (* 9 s00)))
 (let ((?x197 (* 51 s00 s00)))
 (let ((?x284 (* 36 r00 r00 ?x212)))
 (let ((?x192 (* 16 s00 s00 s00)))
 (let ((?x186 (* 108 s00 x00)))
 (let ((?x177 (* 216 r00 r00 r00 s00)))
 (let ((?x175 (* 108 r00 s00 s00)))
 (let ((?x169 (* 432 r00 r00 r00 x00)))
 (let ((?x161 (* 36 r00 r00 s00 s00)))
 (let ((?x157 (- (+ (* 216 r00 s00 x00) (* 108 r00 x00)) (* 54 r00 s00))))
 (let ((?x313 (- (- (+ ?x157 (* 15 ?x212 ?x212)) (* 216 r00 r00 r00 ?x212)) ?x161)))
 (let ((?x319 (- (- (+ (- ?x313 (* 4 ?x212 ?x212 ?x212)) (* 108 ?x232 ?x232)) ?x169) (* 12 ?x212 ?x212 s00))))
 (let ((?x325 (+ (- (+ ?x319 (* 108 s00 ?x232)) ?x175) ?x177 (* 108 ?x212 x00) (* 432 r00 r00 r00 ?x232))))
 (let ((?x331 (- (+ (- ?x325 (* 66 ?x212 s00)) (* 108 r00 ?x212 s00)) ?x186)))
 (let ((?x334 (+ (- ?x331 (* 216 r00 s00 ?x232)) (* 36 r00 r00 ?x212 ?x212) ?x192)))
 (let ((?x339 (- (+ (- ?x334 (* 108 ?x212 ?x232)) ?x284 ?x197) (* 108 r00 ?x232))))
 (let ((?x346 (- (+ (- (- (+ ?x339 ?x137) ?x139) ?x299) (* 54 r00 ?x212)) (* 216 ?x232 x00))))
 (let ((?x126 (* 15 s00 s00)))
 (let ((?x124 (* 36 r00 r00 x00)))
 (let ((?x118 (* 6 s00 x00)))
 (let ((?x110 (* 2 r00 s00 s00)))
 (let ((?x102 (* 24 r00 s00)))
 (let ((?x268 (+ (- (* (- 24) ?x215 ?x212) (* 54 r00 x00)) (* 36 ?x215 r00 ?x232) ?x102 (* 3 ?x212 ?x212) (* 54 ?x215 ?x232))))
 (let ((?x274 (- (+ (- ?x268 (* 6 s00 ?x232)) (* 4 r00 ?x212 ?x212)) ?x110)))
 (let ((?x279 (- (+ (- ?x274 (* 6 ?x212 x00)) (* 12 ?x212 s00)) (* 2 r00 ?x212 s00))))
 (let ((?x285 (- (+ ?x279 ?x118 (* 2 ?x215 ?x212 ?x212) (* 6 ?x212 ?x232)) (* 4 ?x215 s00 s00))))
 (let ((?x292 (- (+ (- (- (- ?x285 ?x284) ?x124) ?x126) (* 2 ?x215 ?x212 s00)) (* 36 ?x215 r00 x00))))
 (let ((?x298 (- (+ (- (+ ?x292 (* 54 r00 ?x232)) ?x137) ?x139) (* 54 ?x215 x00))))
 (let ((?x305 (+ (- (+ ?x298 ?x299 (* 24 ?x215 s00)) (* 24 r00 ?x212)) (* 36 r00 r00 ?x232))))
 (let ((?x227 (* 3 ?x212)))
 (let ((?x82 (* 6 r00 r00 s00)))
 (let ((?x44 (* 3 s00)))
 (let ((?x76 (* 4 s00 s00)))
 (let ((?x70 (* 9 r00 s00)))
 (let ((?x244 (+ (- (* (- 9) ?x215 ?x212) (* 18 r00 x00)) ?x70 (* 2 ?x212 ?x212) (* 18 ?x215 ?x232) (* 6 ?x215 r00 ?x212))))
 (let ((?x249 (+ (- (- ?x244 (* 6 r00 r00 ?x212)) ?x76) (* 18 r00 ?x232))))
 (let ((?x256 (+ (- (+ (- ?x249 ?x44) ?x82) (* 18 ?x215 x00)) ?x227 (* 9 ?x215 s00) (* 2 ?x212 s00))))
 (let (($x261 (= (- (- ?x256 (* 9 r00 ?x212)) (* 6 ?x215 r00 s00)) 0)))
 (let ((?x61 (* 12 r00 r00 r00)))
 (let ((?x59 (* 6 x00)))
 (let ((?x54 (* 6 r00 s00)))
 (let ((?x48 (* 3 r00)))
 (let ((?x225 (- (+ (* (- 2) ?x215 ?x212) (* 12 ?x215 r00 r00)) (* 3 ?x215))))
 (let ((?x234 (- (+ (- (+ (- ?x225 ?x44) ?x227 ?x48) (* 4 ?x215 s00)) ?x54) (* 6 ?x232))))
 (let (($x360 (or (not (= ?x218 0)) (not (= (- (+ ?x234 ?x59) ?x61) 0)) (not $x261) (not (= ?x305 0)) (not (= (+ ?x346 ?x208) 0)) (not (= (* ?x218 (- ?x355 (* 3 ?x215 ?x212 ?x212 ?x232))) 0)))))
 (let ((?x143 (* 9 s)))
 (let ((?x123 (* 36 r00 r00 s)))
 (let ((?x164 (- (- (+ ?x157 (* 15 s s)) (* 216 r00 r00 r00 s)) ?x161)))
 (let ((?x172 (- (- (+ (- ?x164 (* 4 s s s)) (* 108 x x)) ?x169) (* 12 s s s00))))
 (let ((?x180 (+ (- (+ ?x172 (* 108 s00 x)) ?x175) ?x177 (* 108 s x00) (* 432 r00 r00 r00 x))))
 (let ((?x188 (- (+ (- ?x180 (* 66 s s00)) (* 108 r00 s s00)) ?x186)))
 (let ((?x193 (+ (- ?x188 (* 216 r00 s00 x)) (* 36 r00 r00 s s) ?x192)))
 (let ((?x200 (- (+ (- ?x193 (* 108 s x)) ?x123 ?x197) (* 108 r00 x))))
 (let ((?x207 (- (+ (- (- (+ ?x200 ?x137) ?x139) ?x143) (* 54 r00 s)) (* 216 x x00))))
 (let ((?x105 (+ (- (* (- 24) r s) (* 54 r00 x00)) (* 36 r r00 x) ?x102 (* 3 s s) (* 54 r x))))
 (let ((?x112 (- (+ (- ?x105 (* 6 s00 x)) (* 4 r00 s s)) ?x110)))
 (let ((?x117 (- (+ (- ?x112 (* 6 s x00)) (* 12 s s00)) (* 2 r00 s s00))))
 (let ((?x127 (- (+ ?x117 ?x118 (* 2 r s s) (* 6 s x)) (* 4 r s00 s00))))
 (let ((?x134 (- (+ (- (- (- ?x127 ?x123) ?x124) ?x126) (* 2 r s s00)) (* 36 r r00 x00))))
 (let ((?x142 (- (+ (- (+ ?x134 (* 54 r00 x)) ?x137) ?x139) (* 54 r x00))))
 (let ((?x149 (+ (- (+ ?x142 ?x143 (* 24 r s00)) (* 24 r00 s)) (* 36 r00 r00 x))))
 (let ((?x47 (* 3 s)))
 (let ((?x74 (+ (- (* (- 9) r s) (* 18 r00 x00)) ?x70 (* 2 s s) (* 18 r x) (* 6 r r00 s))))
 (let ((?x80 (+ (- (- ?x74 (* 6 r00 r00 s)) ?x76) (* 18 r00 x))))
 (let ((?x88 (+ (- (+ (- ?x80 ?x44) ?x82) (* 18 r x00)) ?x47 (* 9 r s00) (* 2 s s00))))
 (let (($x93 (= (- (- ?x88 (* 9 r00 s)) (* 6 r r00 s00)) 0)))
 (let ((?x56 (* 6 x)))
 (let ((?x43 (* 3 r)))
 (let ((?x46 (- (- (+ (* (- 2) r s) (* 12 r r00 r00)) ?x43) ?x44)))
 (let ((?x60 (+ (- (+ (- (+ ?x46 ?x47 ?x48) (* 4 r s00)) ?x54) ?x56) ?x59)))
 (and (= (- (+ (- s00 s) (* 3 r r)) ?x33) 0) (= (- ?x60 ?x61) 0) $x93 (= ?x149 0) (= (+ ?x207 ?x208) 0) $x360))))))))))))))))))))))))))))))))))))))))))))))))))))))))))))))))))))))))))))))))) :qid k!40))
 ))
 (let ((?x1904 (lambda ((r Int) (s Int) (x Int) )(let ((?x386 (* r00 r00)))
 (let ((?x400 (* (- 3) ?x386)))
 (let ((?x2105 (* 3 (* (+ 1 r) (+ 1 r)))))
 (let ((?x3498 (* (- 6) r)))
 (let ((?x365 (* (- 1) s)))
 (let ((?x211 (* 6 r)))
 (let ((?x2994 (+ 3 s ?x211)))
 (let ((?x3389 (+ x ?x365)))
 (let ((?x2893 (+ 1 r)))
 (let ((?x1679 (+ 10 (* (- 9) (* ?x2893 ?x3389 ?x2994)) (* (- 3) (* ?x2893 ?x2893 ?x3389 ?x3389)) (* (- 3) (* ?x2893 ?x3389 ?x2994 ?x2994)))))
 (let (($x2151 (not (= (* ?x1679 (+ (- 3) s00 ?x365 ?x3498 ?x2105 ?x400)) 0))))
 (let ((?x1457 (* x00 x00)))
 (let ((?x790 (* 108 ?x1457)))
 (let ((?x687 (* (- 54) r)))
 (let ((?x3344 (* (- 9) s)))
 (let ((?x3078 (* r00 r00 s00)))
 (let ((?x2444 (* (- 36) ?x3078)))
 (let ((?x137 (* 9 s00)))
 (let ((?x678 (* s00 s00)))
 (let ((?x3416 (* 51 ?x678)))
 (let ((?x1514 (* r00 r00 ?x2994)))
 (let ((?x1891 (* 36 ?x1514)))
 (let ((?x1295 (* s00 s00 s00)))
 (let ((?x1979 (* 16 ?x1295)))
 (let ((?x902 (* s00 x00)))
 (let ((?x2191 (* (- 108) ?x902)))
 (let ((?x2510 (* 216 (* r00 r00 r00 s00))))
 (let ((?x2451 (* r00 s00 s00)))
 (let ((?x1166 (* (- 108) ?x2451)))
 (let ((?x1009 (* r00 r00 r00 x00)))
 (let ((?x1687 (* (- 432) ?x1009)))
 (let ((?x1188 (* (- 36) (* r00 r00 s00 s00))))
 (let ((?x2912 (* r00 s00)))
 (let ((?x2521 (* (- 54) ?x2912)))
 (let ((?x609 (* r00 x00)))
 (let ((?x1910 (* 108 ?x609)))
 (let ((?x676 (* 216 (* r00 s00 x00))))
 (let ((?x3287 (+ ?x676 ?x1910 ?x2521 (* 15 (* ?x2994 ?x2994)) (* (- 216) (* r00 r00 r00 ?x2994)) ?x1188 (* (- 4) (* ?x2994 ?x2994 ?x2994)) (* 108 (* ?x3389 ?x3389)) ?x1687 (* (- 12) (* s00 ?x2994 ?x2994)) (* 108 (* s00 ?x3389)) ?x1166 ?x2510 (* 108 (* x00 ?x2994)) (* 432 (* r00 r00 r00 ?x3389)) (* (- 66) (* s00 ?x2994)) (* 108 (* r00 s00 ?x2994)) ?x2191 (* (- 216) (* r00 s00 ?x3389)) (* 36 (* r00 r00 ?x2994 ?x2994)) ?x1979 (* (- 108) (* ?x3389 ?x2994)) ?x1891 ?x3416 (* (- 108) (* r00 ?x3389)) ?x137 ?x2444 ?x3344 ?x687 (* 54 (* r00 ?x2994)) (* (- 216) (* x00 ?x3389)) ?x790)))
 (let (($x3296 (not (= ?x3287 27))))
 (let ((?x143 (* 9 s)))
 (let ((?x2011 (* 36 ?x3078)))
 (let ((?x1084 (* (- 9) s00)))
 (let ((?x1013 (* (- 15) ?x678)))
 (let ((?x974 (* r00 r00 x00)))
 (let ((?x987 (* (- 36) ?x974)))
 (let ((?x903 (* 6 ?x902)))
 (let ((?x2090 (* (- 2) ?x2451)))
 (let ((?x926 (* 24 ?x2912)))
 (let ((?x646 (* (- 54) ?x609)))
 (let ((?x1054 (+ (* (- 24) (* ?x2893 ?x2994)) ?x646 (* 36 (* r00 ?x2893 ?x3389)) ?x926 (* 3 (* ?x2994 ?x2994)) (* 54 (* ?x2893 ?x3389)) (* (- 6) (* s00 ?x3389)) (* 4 (* r00 ?x2994 ?x2994)) ?x2090 (* (- 6) (* x00 ?x2994)) (* 12 (* s00 ?x2994)) (* (- 2) (* r00 s00 ?x2994)) ?x903 (* 2 (* ?x2893 ?x2994 ?x2994)) (* 6 (* ?x3389 ?x2994)) (* (- 4) (* s00 s00 ?x2893)) (* (- 36) ?x1514) ?x987 ?x1013 (* 2 (* s00 ?x2893 ?x2994)) (* (- 36) (* r00 x00 ?x2893)) (* 54 (* r00 ?x3389)) ?x1084 ?x2011 (* (- 54) (* x00 ?x2893)) ?x143 (* 54 r) (* 24 (* s00 ?x2893)) (* (- 24) (* r00 ?x2994)) (* 36 (* r00 r00 ?x3389)))))
 (let ((?x47 (* 3 s)))
 (let ((?x3079 (* 6 ?x3078)))
 (let ((?x465 (* (- 3) s00)))
 (let ((?x691 (* (- 4) ?x678)))
 (let ((?x1814 (* 9 ?x2912)))
 (let ((?x623 (* (- 18) ?x609)))
 (let ((?x1568 (+ (* (- 9) (* ?x2893 ?x2994)) ?x623 ?x1814 (* 2 (* ?x2994 ?x2994)) (* 18 (* ?x2893 ?x3389)) (* 6 (* r00 ?x2893 ?x2994)) (* (- 6) ?x1514) ?x691 (* 18 (* r00 ?x3389)) ?x465 ?x3079 (* (- 18) (* x00 ?x2893)) ?x47 (* 18 r) (* 9 (* s00 ?x2893)) (* 2 (* s00 ?x2994)) (* (- 9) (* r00 ?x2994)) (* (- 6) (* r00 s00 ?x2893)))))
 (let ((?x556 (* r00 r00 r00)))
 (let ((?x570 (* (- 12) ?x556)))
 (let ((?x59 (* 6 x00)))
 (let ((?x535 (* (- 6) x)))
 (let ((?x2830 (* 6 ?x2912)))
 (let ((?x48 (* 3 r00)))
 (let ((?x841 (+ (* (- 2) (* ?x2893 ?x2994)) (* 12 (* r00 r00 ?x2893)) (* 15 r) ?x465 ?x143 ?x48 (* (- 4) (* s00 ?x2893)) ?x2830 ?x535 ?x59 ?x570)))
 (let (($x1151 (not (= (+ s00 ?x365 ?x3498 ?x2105 ?x400) 3))))
 (let (($x2734 (or $x1151 (not (= ?x841 (- 6))) (not (= ?x1568 (- 9))) (not (= ?x1054 (- 27))) $x3296 $x2151)))
 (let ((?x1909 (* r00 r00 s)))
 (let ((?x1296 (* 36 ?x1909)))
 (let ((?x818 (+ ?x676 ?x1910 ?x2521 (* 15 (* s s)) (* (- 216) (* r00 r00 r00 s)) ?x1188 (* (- 4) (* s s s)) (* 108 (* x x)) ?x1687 (* (- 12) (* s00 s s)) (* 108 (* s00 x)) ?x1166 ?x2510 (* 108 (* x00 s)) (* 432 (* r00 r00 r00 x)) (* (- 66) (* s00 s)) (* 108 (* r00 s00 s)) ?x2191 (* (- 216) (* r00 s00 x)) (* 36 (* r00 r00 s s)) ?x1979 (* (- 108) (* x s)) ?x1296 ?x3416 (* (- 108) (* r00 x)) ?x137 ?x2444 ?x3344 (* 54 (* r00 s)) (* (- 216) (* x00 x)) ?x790)))
 (let (($x1941 (= ?x818 0)))
 (let ((?x2659 (* (- 36) ?x1909)))
 (let ((?x632 (* s s)))
 (let ((?x664 (* 3 ?x632)))
 (let ((?x2516 (+ (* (- 24) (* s r)) ?x646 (* 36 (* r00 x r)) ?x926 ?x664 (* 54 (* x r)) (* (- 6) (* s00 x)) (* 4 (* r00 s s)) ?x2090 (* (- 6) (* x00 s)) (* 12 (* s00 s)) (* (- 2) (* r00 s00 s)) ?x903 (* 2 (* s s r)) (* 6 (* x s)) (* (- 4) (* s00 s00 r)) ?x2659 ?x987 ?x1013 (* 2 (* s00 s r)) (* (- 36) (* r00 x00 r)) (* 54 (* r00 x)) ?x1084 ?x2011 (* (- 54) (* x00 r)) ?x143 (* 24 (* s00 r)) (* (- 24) (* r00 s)) (* 36 (* r00 r00 x)))))
 (let ((?x633 (* 2 ?x632)))
 (let ((?x2626 (+ (* (- 9) (* s r)) ?x623 ?x1814 ?x633 (* 18 (* x r)) (* 6 (* r00 s r)) (* (- 6) ?x1909) ?x691 (* 18 (* r00 x)) ?x465 ?x3079 (* (- 18) (* x00 r)) ?x47 (* 9 (* s00 r)) (* 2 (* s00 s)) (* (- 9) (* r00 s)) (* (- 6) (* r00 s00 r)))))
 (let ((?x442 (* (- 3) r)))
 (let ((?x2548 (+ (* (- 2) (* s r)) (* 12 (* r00 r00 r)) ?x442 ?x465 ?x47 ?x48 (* (- 4) (* s00 r)) ?x2830 ?x535 ?x59 ?x570)))
 (let (($x3163 (= (+ s00 ?x365 (* 3 (* r r)) ?x400) 0)))
 (let (($x2159 (and $x3163 (= ?x2548 0) (= ?x2626 0) (= ?x2516 0) $x1941 $x2734)))
 (let ((?x232 (- x s)))
 (let ((?x212 (+ s ?x211 3)))
 (let ((?x215 (+ r 1)))
 (let ((?x355 (- (- 10 (* 9 ?x215 ?x212 ?x232)) (* 3 ?x215 ?x215 ?x232 ?x232))))
 (let ((?x33 (* 3 r00 r00)))
 (let ((?x218 (- (+ (- s00 ?x212) (* 3 ?x215 ?x215)) ?x33)))
 (let ((?x208 (* 108 x00 x00)))
 (let ((?x299 (* 9 ?x212)))
 (let ((?x139 (* 36 r00 r00 s00)))
 (let ((?x197 (* 51 s00 s00)))
 (let ((?x284 (* 36 r00 r00 ?x212)))
 (let ((?x192 (* 16 s00 s00 s00)))
 (let ((?x186 (* 108 s00 x00)))
 (let ((?x177 (* 216 r00 r00 r00 s00)))
 (let ((?x175 (* 108 r00 s00 s00)))
 (let ((?x169 (* 432 r00 r00 r00 x00)))
 (let ((?x161 (* 36 r00 r00 s00 s00)))
 (let ((?x157 (- (+ (* 216 r00 s00 x00) (* 108 r00 x00)) (* 54 r00 s00))))
 (let ((?x313 (- (- (+ ?x157 (* 15 ?x212 ?x212)) (* 216 r00 r00 r00 ?x212)) ?x161)))
 (let ((?x319 (- (- (+ (- ?x313 (* 4 ?x212 ?x212 ?x212)) (* 108 ?x232 ?x232)) ?x169) (* 12 ?x212 ?x212 s00))))
 (let ((?x325 (+ (- (+ ?x319 (* 108 s00 ?x232)) ?x175) ?x177 (* 108 ?x212 x00) (* 432 r00 r00 r00 ?x232))))
 (let ((?x331 (- (+ (- ?x325 (* 66 ?x212 s00)) (* 108 r00 ?x212 s00)) ?x186)))
 (let ((?x334 (+ (- ?x331 (* 216 r00 s00 ?x232)) (* 36 r00 r00 ?x212 ?x212) ?x192)))
 (let ((?x339 (- (+ (- ?x334 (* 108 ?x212 ?x232)) ?x284 ?x197) (* 108 r00 ?x232))))
 (let ((?x346 (- (+ (- (- (+ ?x339 ?x137) ?x139) ?x299) (* 54 r00 ?x212)) (* 216 ?x232 x00))))
 (let ((?x126 (* 15 s00 s00)))
 (let ((?x124 (* 36 r00 r00 x00)))
 (let ((?x118 (* 6 s00 x00)))
 (let ((?x110 (* 2 r00 s00 s00)))
 (let ((?x102 (* 24 r00 s00)))
 (let ((?x268 (+ (- (* (- 24) ?x215 ?x212) (* 54 r00 x00)) (* 36 ?x215 r00 ?x232) ?x102 (* 3 ?x212 ?x212) (* 54 ?x215 ?x232))))
 (let ((?x274 (- (+ (- ?x268 (* 6 s00 ?x232)) (* 4 r00 ?x212 ?x212)) ?x110)))
 (let ((?x279 (- (+ (- ?x274 (* 6 ?x212 x00)) (* 12 ?x212 s00)) (* 2 r00 ?x212 s00))))
 (let ((?x285 (- (+ ?x279 ?x118 (* 2 ?x215 ?x212 ?x212) (* 6 ?x212 ?x232)) (* 4 ?x215 s00 s00))))
 (let ((?x292 (- (+ (- (- (- ?x285 ?x284) ?x124) ?x126) (* 2 ?x215 ?x212 s00)) (* 36 ?x215 r00 x00))))
 (let ((?x298 (- (+ (- (+ ?x292 (* 54 r00 ?x232)) ?x137) ?x139) (* 54 ?x215 x00))))
 (let ((?x305 (+ (- (+ ?x298 ?x299 (* 24 ?x215 s00)) (* 24 r00 ?x212)) (* 36 r00 r00 ?x232))))
 (let ((?x227 (* 3 ?x212)))
 (let ((?x82 (* 6 r00 r00 s00)))
 (let ((?x44 (* 3 s00)))
 (let ((?x76 (* 4 s00 s00)))
 (let ((?x70 (* 9 r00 s00)))
 (let ((?x244 (+ (- (* (- 9) ?x215 ?x212) (* 18 r00 x00)) ?x70 (* 2 ?x212 ?x212) (* 18 ?x215 ?x232) (* 6 ?x215 r00 ?x212))))
 (let ((?x249 (+ (- (- ?x244 (* 6 r00 r00 ?x212)) ?x76) (* 18 r00 ?x232))))
 (let ((?x256 (+ (- (+ (- ?x249 ?x44) ?x82) (* 18 ?x215 x00)) ?x227 (* 9 ?x215 s00) (* 2 ?x212 s00))))
 (let (($x261 (= (- (- ?x256 (* 9 r00 ?x212)) (* 6 ?x215 r00 s00)) 0)))
 (let ((?x61 (* 12 r00 r00 r00)))
 (let ((?x54 (* 6 r00 s00)))
 (let ((?x225 (- (+ (* (- 2) ?x215 ?x212) (* 12 ?x215 r00 r00)) (* 3 ?x215))))
 (let ((?x234 (- (+ (- (+ (- ?x225 ?x44) ?x227 ?x48) (* 4 ?x215 s00)) ?x54) (* 6 ?x232))))
 (let (($x360 (or (not (= ?x218 0)) (not (= (- (+ ?x234 ?x59) ?x61) 0)) (not $x261) (not (= ?x305 0)) (not (= (+ ?x346 ?x208) 0)) (not (= (* ?x218 (- ?x355 (* 3 ?x215 ?x212 ?x212 ?x232))) 0)))))
 (let ((?x123 (* 36 r00 r00 s)))
 (let ((?x164 (- (- (+ ?x157 (* 15 s s)) (* 216 r00 r00 r00 s)) ?x161)))
 (let ((?x172 (- (- (+ (- ?x164 (* 4 s s s)) (* 108 x x)) ?x169) (* 12 s s s00))))
 (let ((?x180 (+ (- (+ ?x172 (* 108 s00 x)) ?x175) ?x177 (* 108 s x00) (* 432 r00 r00 r00 x))))
 (let ((?x188 (- (+ (- ?x180 (* 66 s s00)) (* 108 r00 s s00)) ?x186)))
 (let ((?x193 (+ (- ?x188 (* 216 r00 s00 x)) (* 36 r00 r00 s s) ?x192)))
 (let ((?x200 (- (+ (- ?x193 (* 108 s x)) ?x123 ?x197) (* 108 r00 x))))
 (let ((?x207 (- (+ (- (- (+ ?x200 ?x137) ?x139) ?x143) (* 54 r00 s)) (* 216 x x00))))
 (let ((?x105 (+ (- (* (- 24) r s) (* 54 r00 x00)) (* 36 r r00 x) ?x102 (* 3 s s) (* 54 r x))))
 (let ((?x112 (- (+ (- ?x105 (* 6 s00 x)) (* 4 r00 s s)) ?x110)))
 (let ((?x117 (- (+ (- ?x112 (* 6 s x00)) (* 12 s s00)) (* 2 r00 s s00))))
 (let ((?x127 (- (+ ?x117 ?x118 (* 2 r s s) (* 6 s x)) (* 4 r s00 s00))))
 (let ((?x134 (- (+ (- (- (- ?x127 ?x123) ?x124) ?x126) (* 2 r s s00)) (* 36 r r00 x00))))
 (let ((?x142 (- (+ (- (+ ?x134 (* 54 r00 x)) ?x137) ?x139) (* 54 r x00))))
 (let ((?x149 (+ (- (+ ?x142 ?x143 (* 24 r s00)) (* 24 r00 s)) (* 36 r00 r00 x))))
 (let ((?x74 (+ (- (* (- 9) r s) (* 18 r00 x00)) ?x70 (* 2 s s) (* 18 r x) (* 6 r r00 s))))
 (let ((?x80 (+ (- (- ?x74 (* 6 r00 r00 s)) ?x76) (* 18 r00 x))))
 (let ((?x88 (+ (- (+ (- ?x80 ?x44) ?x82) (* 18 r x00)) ?x47 (* 9 r s00) (* 2 s s00))))
 (let (($x93 (= (- (- ?x88 (* 9 r00 s)) (* 6 r r00 s00)) 0)))
 (let ((?x56 (* 6 x)))
 (let ((?x43 (* 3 r)))
 (let ((?x46 (- (- (+ (* (- 2) r s) (* 12 r r00 r00)) ?x43) ?x44)))
 (let ((?x60 (+ (- (+ (- (+ ?x46 ?x47 ?x48) (* 4 r s00)) ?x54) ?x56) ?x59)))
 (let (($x361 (and (= (- (+ (- s00 s) (* 3 r r)) ?x33) 0) (= (- ?x60 ?x61) 0) $x93 (= ?x149 0) (= (+ ?x207 ?x208) 0) $x360)))
 (rewrite (= $x361 $x2159))))))))))))))))))))))))))))))))))))))))))))))))))))))))))))))))))))))))))))))))))))))))))))))))))))))))))))))))))))))))))))))))))))))))))))))))))))))))))))))
 ))
 (let ((@x363 (asserted $x362)))
 (let ((@x2798 (mp (mp @x363 (quant-intro (proof-bind ?x1904) (= $x362 $x1900)) $x1900) (rewrite (= $x1900 $x1900)) $x1900)))
 (let ((@x3273 (mp (mp @x2798 (quant-intro (proof-bind ?x1801) (= $x1900 $x3430)) $x3430) (quant-intro (proof-bind ?x2727) (= $x3430 $x2524)) $x2524)))
 (let ((@x1836 (mp (mp~ @x3273 (sk (~ $x2524 $x1862)) $x1862) (rewrite (= $x1862 $x3591)) $x3591)))
 (let ((@x754 (and-elim @x1836 $x4055)))
 (let ((@x3631 (unit-resolution ((_ th-lemma arith triangle-eq) (or $x2341 $x3587)) @x754 $x3587)))
 (let (($x2971 (>= ?x2036 0)))
 (let ((@x1328 (unit-resolution ((_ th-lemma arith triangle-eq) (or $x2341 $x2971)) @x754 $x2971)))
 (let (($x2512 (<= ?x1583 0)))
 (let (($x2970 (<= ?x626 0)))
 (let ((@x2557 (and-elim @x1836 $x1868)))
 (let ((@x3624 (unit-resolution ((_ th-lemma arith triangle-eq) (or (not $x1868) $x2970)) @x2557 $x2970)))
 (let (($x3630 (>= ?x626 0)))
 (let ((@x2786 (unit-resolution ((_ th-lemma arith triangle-eq) (or (not $x1868) $x3630)) @x2557 $x3630)))
 (let (($x1853 (<= ?x730 0)))
 (let ((@x2560 (and-elim @x1836 $x958)))
 (let ((@x1050 (unit-resolution ((_ th-lemma arith triangle-eq) (or (not $x958) $x1853)) @x2560 $x1853)))
 (let (($x2979 (>= ?x730 0)))
 (let ((@x3608 (unit-resolution ((_ th-lemma arith triangle-eq) (or (not $x958) $x2979)) @x2560 $x2979)))
 (let (($x3627 (<= ?x2717 0)))
 (let ((@x2558 (and-elim @x1836 $x1889)))
 (let ((@x3517 (unit-resolution ((_ th-lemma arith triangle-eq) (or (not $x1889) $x3627)) @x2558 $x3627)))
 (let (($x1150 (>= ?x2717 0)))
 (let ((@x3643 (unit-resolution ((_ th-lemma arith triangle-eq) (or (not $x1889) $x1150)) @x2558 $x1150)))
 (let (($x1962 (<= ?x3582 0)))
 (let ((@x2559 (and-elim @x1836 $x1782)))
 (let ((@x2120 (unit-resolution ((_ th-lemma arith triangle-eq) (or (not $x1782) $x1962)) @x2559 $x1962)))
 (let (($x1359 (>= ?x3582 0)))
 (let ((@x3612 (unit-resolution ((_ th-lemma arith triangle-eq) (or (not $x1782) $x1359)) @x2559 $x1359)))
 (let ((@x3584 ((_ th-lemma arith) (hypothesis (not $x2512)) @x1328 @x3631 @x3608 @x1050 @x3643 @x3517 @x1328 @x3631 @x3643 @x3517 @x3612 @x2120 @x3612 @x2120 @x1328 @x3631 @x3643 @x3517 @x3608 @x1050 @x3612 @x2120 @x3643 @x3517 @x3608 @x1050 @x1328 @x3631 @x1328 @x3631 @x2786 @x3624 false)))
 (let ((@x3826 (lemma @x3584 $x2512)))
 (let (($x701 (>= ?x1583 0)))
 (let ((@x2379 ((_ th-lemma arith) (hypothesis (not $x701)) @x1328 @x3631 @x3608 @x1050 @x3643 @x3517 @x1328 @x3631 @x3643 @x3517 @x3612 @x2120 @x3612 @x2120 @x1328 @x3631 @x3643 @x3517 @x3608 @x1050 @x3612 @x2120 @x3643 @x3517 @x3608 @x1050 @x1328 @x3631 @x1328 @x3631 @x2786 @x3624 false)))
 (let ((@x3607 (lemma @x2379 $x701)))
 (let (($x2096 (not (<= ?x2982 0))))
 (let (($x504 (>= ?x2982 0)))
 (let ((@x1641 ((_ th-lemma arith) (hypothesis (not $x504)) @x1328 @x3631 @x3608 @x1050 @x3643 @x3517 @x1328 @x3631 @x3612 @x2120 @x3612 @x2120 @x1328 @x3631 @x3643 @x3517 @x3608 @x1050 @x3643 @x3517 @x3607 @x3826 @x1328 @x3631 false)))
 (let (($x3327 (>= ?x3453 0)))
 (let ((@x1608 ((_ th-lemma arith eq-propagate 0 0 0) (lemma ((_ th-lemma arith farkas 1 1 1) (hypothesis (not $x3327)) @x1328 @x3631 false) $x3327) @x1328 @x3631 $x3486)))
 (let ((@x1890 (unit-resolution ((_ th-lemma arith triangle-eq) (or $x2321 (not $x2512) (not $x701))) @x3607 @x3826 $x2321)))
 (let ((@x1360 (unit-resolution (hypothesis $x1102) ((_ th-lemma arith eq-propagate -4 -4 -1 -1) @x1328 @x3631 @x2786 @x3624 $x2479) false)))
 (let (($x1350 (>= ?x4035 0)))
 (let ((@x2964 ((_ th-lemma arith) (hypothesis (not $x1350)) @x1328 @x3631 @x3643 @x3517 @x3643 @x3517 @x1328 @x3631 @x3612 @x2120 @x3612 @x2120 @x1328 @x3631 @x3643 @x3517 @x3608 @x1050 @x3608 @x1050 @x3608 @x1050 @x3608 @x1050 @x1328 @x3631 @x3643 @x3517 @x3612 @x2120 @x1328 @x3631 @x2786 @x3624 @x3643 @x3517 @x2786 @x3624 @x1328 @x3631 false)))
 (let (($x2682 (<= ?x4035 0)))
 (let ((@x3204 ((_ th-lemma arith) (hypothesis (not $x2682)) @x1328 @x3631 @x3643 @x3517 @x3643 @x3517 @x1328 @x3631 @x3612 @x2120 @x3612 @x2120 @x1328 @x3631 @x3643 @x3517 @x3608 @x1050 @x3612 @x2120 @x3608 @x1050 @x3608 @x1050 @x1328 @x3631 @x3607 @x3826 @x3612 @x2120 @x3608 @x1050 @x3643 @x3517 @x3643 @x3517 @x2786 @x3624 @x1328 @x3631 @x1328 @x3631 @x2786 @x3624 false)))
 (let ((@x2404 (unit-resolution ((_ th-lemma arith triangle-eq) (or $x4047 (not $x2682) (not $x1350))) (lemma @x3204 $x2682) (lemma @x2964 $x1350) $x4047)))
 (let ((@x3635 (unit-resolution (and-elim @x1836 $x3489) @x754 (or $x1102 $x681 $x1850 $x2418 $x3493))))
 (let ((@x1338 (unit-resolution ((_ th-lemma arith triangle-eq) (or $x1109 $x2096 (not $x504))) (unit-resolution @x3635 @x2404 (lemma @x1360 $x2479) @x1890 @x1608 $x681) (or $x2096 (not $x504)))))
 ((_ th-lemma arith) (unit-resolution @x1338 (lemma @x1641 $x504) $x2096) @x1328 @x3631 @x3608 @x1050 @x3643 @x3517 @x1328 @x3631 @x3612 @x2120 @x3612 @x2120 @x1328 @x3631 @x3643 @x3517 @x3608 @x1050 @x3643 @x3517 @x3607 @x3826 @x1328 @x3631 false))))))))))))))))))))))))))))))))))))))))))))))))))))))))))))))))))))))))))))))))))))))))))))))))))))))))))))))))))))))))))))))))))))))))))))))))))))))))))))))))))))))))))))))))))))))))))))))))))))))))))))))))))))))))))))))))))))))))))))))))))))))))))))))))))))))))))))))))

(:added-eqs                 11
 :arith-assert-diseq        9
 :arith-assert-lower        95
 :arith-assert-upper        19
 :arith-conflicts           7
 :arith-eq-adapter          10
 :arith-fixed-eqs           2
 :arith-gcd-tests           25
 :arith-grobner             6
 :arith-max-min             1832
 :arith-nonlinear-bounds    77
 :arith-nonlinear-horner    49
 :arith-num-rows            10
 :arith-patches             13
 :arith-patches_succ        13
 :arith-pivots              8
 :arith-pseudo-nonlinear    2
 :arith-row-summations      30
 :arith-tableau-max-columns 154
 :arith-tableau-max-rows    10
 :conflicts                 8
 :decisions                 19
 :del-clause                36
 :final-checks              13
 :max-memory                6.99
 :memory                    3.58
 :mk-bool-var               36
 :mk-clause                 36
 :num-allocs                36982512868.00
 :num-checks                1
 :propagations              44
 :rlimit-count              12677406
 :time                      9.12
 :total-time                8.92)
