unsat
((set-logic NIA)
(declare-fun s!1 () Int)
(declare-fun r!2 () Int)
(declare-fun x!0 () Int)
(proof
(let ((?x3459 (* (- 3) s!1)))
 (let ((?x732 (* s00 r00 r00)))
 (let ((?x2212 (* (- 6) ?x732)))
 (let ((?x676 (* s00 s00)))
 (let ((?x677 (* 4 ?x676)))
 (let ((?x607 (* r00 x00)))
 (let ((?x608 (* 18 ?x607)))
 (let ((?x44 (* 3 s00)))
 (let ((?x1558 (+ ?x44 (* (- 9) (* s00 r00)) ?x608 ?x677 ?x2212 (* 9 (* r00 s!1)) ?x3459 (* (- 2) (* s!1 s!1)) (* 6 (* s00 r00 r!2)) (* (- 18) (* r!2 x!0)) (* 18 (* x00 r!2)) (* (- 2) (* s00 s!1)) (* (- 9) (* s00 r!2)) (* 9 (* r!2 s!1)) (* 6 (* r00 r00 s!1)) (* (- 18) (* r00 x!0)) (* (- 6) (* r00 r!2 s!1)))))
 (let (($x448 (<= ?x1558 0)))
 (let (($x1562 (= ?x1558 0)))
 (let ((?x3809 (* r00 x!0)))
 (let ((?x3573 (* (- 108) ?x3809)))
 (let ((?x3723 (* r!2 r!2)))
 (let ((?x2829 (* (- 756) ?x3723)))
 (let ((?x3375 (* s!1 x!0)))
 (let ((?x2252 (* (- 324) ?x3375)))
 (let ((?x3366 (* r!2 r!2 s!1)))
 (let ((?x615 (* (- 432) ?x3366)))
 (let ((?x3364 (* r!2 r!2 r!2)))
 (let ((?x617 (* (- 864) ?x3364)))
 (let ((?x3246 (* r!2 s!1)))
 (let ((?x2831 (* 396 ?x3246)))
 (let ((?x2788 (* s!1 s!1 s!1)))
 (let ((?x2253 (* (- 4) ?x2788)))
 (let ((?x2747 (* s00 x!0)))
 (let ((?x3570 (* 108 ?x2747)))
 (let ((?x2067 (* x!0 x!0)))
 (let ((?x2254 (* 108 ?x2067)))
 (let ((?x2031 (* x00 x!0)))
 (let ((?x3556 (* (- 216) ?x2031)))
 (let ((?x1993 (* r00 r00 s!1 s!1)))
 (let ((?x1941 (* 36 ?x1993)))
 (let ((?x1991 (* s00 r00 x!0)))
 (let ((?x1940 (* (- 216) ?x1991)))
 (let ((?x1887 (* r!2 x!0)))
 (let ((?x2187 (* (- 648) ?x1887)))
 (let ((?x1806 (* r!2 s!1 s!1)))
 (let ((?x2250 (* (- 72) ?x1806)))
 (let ((?x1455 (* x00 x00)))
 (let ((?x1456 (* 108 ?x1455)))
 (let ((?x1293 (* s00 s00 s00)))
 (let ((?x1294 (* 16 ?x1293)))
 (let ((?x1181 (* s00 r00 r00 r00)))
 (let ((?x1183 (* 216 ?x1181)))
 (let ((?x1055 (* s!1 s!1)))
 (let ((?x2185 (* 195 ?x1055)))
 (let ((?x927 (* (- 324) x!0)))
 (let ((?x2578 (* 297 s!1)))
 (let ((?x2573 (* (- 162) r!2)))
 (let ((?x1007 (* r00 r00 r00 x00)))
 (let ((?x1038 (* (- 432) ?x1007)))
 (let ((?x900 (* s00 x00)))
 (let ((?x1250 (* (- 108) ?x900)))
 (let ((?x864 (* s00 s00 r00 r00)))
 (let ((?x880 (* (- 36) ?x864)))
 (let ((?x777 (* s00 s00 r00)))
 (let ((?x1152 (* (- 108) ?x777)))
 (let ((?x1383 (* (- 36) ?x732)))
 (let ((?x1330 (* 51 ?x676)))
 (let ((?x612 (* 108 ?x607)))
 (let ((?x603 (* s00 r00 x00)))
 (let ((?x604 (* 216 ?x603)))
 (let ((?x554 (* r00 r00 r00)))
 (let ((?x2289 (* (- 648) ?x554)))
 (let ((?x511 (* s00 r00)))
 (let ((?x1020 (* 270 ?x511)))
 (let ((?x447 (* r00 r00 r00 x!0)))
 (let ((?x2014 (* 432 ?x447)))
 (let ((?x427 (* s00 s!1 s!1)))
 (let ((?x3255 (* (- 12) ?x427)))
 (let ((?x384 (* r00 r00)))
 (let ((?x1086 (* 432 ?x384)))
 (let ((?x3297 (* 324 x00)))
 (let ((?x2190 (* 162 r00)))
 (let ((?x3685 (* (- 297) s00)))
 (let ((?x3201 (+ ?x3685 ?x2190 ?x3297 ?x1086 ?x3255 ?x2014 ?x1020 ?x2289 ?x604 ?x612 ?x1330 (* 1512 (* r00 r00 r!2)) ?x1383 ?x1152 ?x880 ?x1250 (* 162 (* r00 s!1)) ?x1038 ?x2573 (* (- 1296) (* r00 r00 r00 r!2)) ?x2578 ?x927 ?x2185 ?x1183 ?x1294 ?x1456 (* 648 (* s00 r00 r!2)) (* (- 648) (* r00 r00 r00 s!1)) (* (- 144) (* s00 r!2 s!1)) ?x2250 ?x2187 (* 648 (* x00 r!2)) ?x1940 ?x1941 ?x3556 ?x2254 (* 324 (* r00 r!2)) (* 324 (* s00 r00 s!1)) ?x3570 (* (- 246) (* s00 s!1)) ?x2253 (* (- 828) (* s00 r!2)) ?x2831 ?x617 ?x615 ?x2252 (* 324 (* x00 s!1)) (* (- 432) (* s00 r!2 r!2)) ?x2829 (* 432 (* r00 r00 r!2 s!1)) (* 252 (* r00 r00 s!1)) ?x3573 (* 1296 (* r00 r00 r!2 r!2)))))
 (let ((?x4069 (+ 3 (* 6 r!2) s!1)))
 (let ((?x4062 (* (- 1) s!1)))
 (let ((?x4066 (+ ?x4062 x!0)))
 (let ((?x3933 (* (- 6) (* (+ 1 r!2) ?x4066 ?x4066 ?x4069 ?x4069))))
 (let ((?x2234 (* 6 (* r!2 s!1 s!1 x!0))))
 (let ((?x3934 (* 18 ?x3375)))
 (let ((?x1378 (* (- 6) ?x3366)))
 (let ((?x1753 (* (- 12) ?x3246)))
 (let ((?x3072 (* (- 3) (* r!2 s!1 x!0 x!0))))
 (let ((?x2153 (* (- 18) (* r!2 r!2 s!1 s!1))))
 (let ((?x2545 (* 54 (* r!2 s!1 x!0))))
 (let ((?x804 (* (- 3) ?x2788)))
 (let ((?x2549 (* 36 (* r!2 r!2 s!1 x!0))))
 (let ((?x2882 (* (- 3) (* r!2 s!1 s!1 s!1))))
 (let ((?x2576 (* (- 3) (* s!1 x!0 x!0))))
 (let ((?x1760 (* (- 9) ?x2067)))
 (let ((?x2461 (* 12 ?x1887)))
 (let ((?x3127 (* 6 (* s!1 s!1 x!0))))
 (let ((?x4065 (* (- 27) ?x1806)))
 (let ((?x1388 (* 6 (* r!2 r!2 x!0))))
 (let ((?x3563 (* (- 27) (* r!2 x!0 x!0))))
 (let ((?x3101 (* (- 9) ?x1055)))
 (let ((?x3262 (* 6 x!0)))
 (let ((?x2707 (* (- 6) s!1)))
 (let ((?x2371 (* (- 18) (* r!2 r!2 x!0 x!0))))
 (let ((?x3161 (+ ?x2371 ?x2707 ?x3262 ?x3101 ?x3563 ?x1388 ?x4065 ?x3127 ?x2461 ?x1760 ?x2576 ?x2882 ?x2549 ?x804 ?x2545 ?x2153 ?x3072 ?x1753 ?x1378 ?x3934 ?x2234 ?x3933)))
 (let ((?x3377 (* ?x3161 ?x3201)))
 (let (($x3154 (= ?x3377 0)))
 (let (($x3400 (not $x3154)))
 (let ((?x1745 (* 756 ?x3723)))
 (let ((?x934 (* 324 ?x3375)))
 (let ((?x3421 (* 432 ?x3366)))
 (let ((?x1239 (* 864 ?x3364)))
 (let ((?x391 (* (- 396) ?x3246)))
 (let ((?x2248 (* 4 ?x2788)))
 (let ((?x2096 (* (- 108) ?x2067)))
 (let ((?x1124 (* 648 ?x1887)))
 (let ((?x4123 (* 72 ?x1806)))
 (let ((?x1485 (* (- 108) ?x1455)))
 (let ((?x1484 (* (- 16) ?x1293)))
 (let ((?x1480 (* (- 216) ?x1181)))
 (let ((?x1123 (* (- 195) ?x1055)))
 (let ((?x3324 (* 324 x!0)))
 (let ((?x3319 (* (- 297) s!1)))
 (let ((?x3312 (* 162 r!2)))
 (let ((?x1008 (* 432 ?x1007)))
 (let ((?x1238 (* 108 ?x900)))
 (let ((?x865 (* 36 ?x864)))
 (let ((?x1135 (* 108 ?x777)))
 (let ((?x1095 (* 36 ?x732)))
 (let ((?x1474 (* (- 51) ?x676)))
 (let ((?x1471 (* (- 108) ?x607)))
 (let ((?x1470 (* (- 216) ?x603)))
 (let ((?x3832 (* 648 ?x554)))
 (let ((?x4264 (* (- 270) ?x511)))
 (let ((?x513 (* (- 432) ?x384)))
 (let ((?x3826 (* (- 324) x00)))
 (let ((?x974 (* (- 162) r00)))
 (let ((?x3825 (* 297 s00)))
 (let ((?x1786 (+ ?x3825 ?x974 ?x3826 ?x513 (* 12 ?x427) (* (- 432) ?x447) ?x4264 ?x3832 ?x1470 ?x1471 ?x1474 (* (- 1512) (* r00 r00 r!2)) ?x1095 ?x1135 ?x865 ?x1238 (* (- 162) (* r00 s!1)) ?x1008 ?x3312 (* 1296 (* r00 r00 r00 r!2)) ?x3319 ?x3324 ?x1123 ?x1480 ?x1484 ?x1485 (* (- 648) (* s00 r00 r!2)) (* 648 (* r00 r00 r00 s!1)) (* 144 (* s00 r!2 s!1)) ?x4123 ?x1124 (* (- 648) (* x00 r!2)) (* 216 ?x1991) (* (- 36) ?x1993) (* 216 ?x2031) ?x2096 (* (- 324) (* r00 r!2)) (* (- 324) (* s00 r00 s!1)) (* (- 108) ?x2747) (* 246 (* s00 s!1)) ?x2248 (* 828 (* s00 r!2)) ?x391 ?x1239 ?x3421 ?x934 (* (- 324) (* x00 s!1)) (* 432 (* s00 r!2 r!2)) ?x1745 (* (- 432) (* r00 r00 r!2 s!1)) (* (- 252) (* r00 r00 s!1)) (* 108 ?x3809) (* (- 1296) (* r00 r00 r!2 r!2)))))
 (let (($x3322 (= ?x1786 0)))
 (let (($x2500 (not $x3322)))
 (let ((?x2962 (* 108 ?x3723)))
 (let ((?x3231 (* 6 ?x3375)))
 (let ((?x853 (* 24 ?x3366)))
 (let ((?x2561 (* 72 ?x3364)))
 (let ((?x3134 (* (- 42) ?x3246)))
 (let ((?x3139 (* 90 ?x1887)))
 (let ((?x3092 (* 2 ?x1806)))
 (let ((?x3138 (* (- 1) ?x1055)))
 (let ((?x2529 (* 72 x!0)))
 (let ((?x3125 (* (- 57) s!1)))
 (let ((?x2960 (* 36 r!2)))
 (let ((?x972 (* r00 r00 x00)))
 (let ((?x985 (* (- 36) ?x972)))
 (let ((?x901 (* 6 ?x900)))
 (let ((?x795 (* (- 2) ?x777)))
 (let ((?x2959 (* (- 19) ?x676)))
 (let ((?x1750 (* (- 90) ?x607)))
 (let ((?x3468 (* 18 ?x511)))
 (let ((?x991 (* (- 108) ?x384)))
 (let ((?x990 (* (- 72) x00)))
 (let ((?x2383 (* (- 36) r00)))
 (let ((?x2281 (* 57 s00)))
 (let ((?x2842 (+ ?x2281 ?x2383 ?x990 ?x991 ?x3468 ?x1750 ?x2959 (* (- 216) (* r00 r00 r!2)) ?x1095 ?x795 (* (- 4) (* s00 s00 r!2)) (* (- 36) (* r00 x00 r!2)) ?x901 (* (- 90) (* r00 s!1)) ?x985 ?x2960 ?x3125 ?x2529 ?x3138 (* 144 (* r00 r!2 r!2)) (* (- 12) (* s00 r00 r!2)) (* 2 (* s00 r!2 s!1)) (* 4 (* r00 s!1 s!1)) (* 36 (* r00 r00 x!0)) ?x3092 ?x3139 (* (- 90) (* x00 r!2)) (* (- 2) (* s00 r00 s!1)) (* (- 6) ?x2747) (* 20 (* s00 s!1)) (* 114 (* s00 r!2)) (* 36 (* r00 r!2 x!0)) ?x3134 ?x2561 ?x853 ?x3231 (* (- 6) (* x00 s!1)) (* 12 (* s00 r!2 r!2)) ?x2962 (* (- 72) (* r00 r00 s!1)) (* 90 ?x3809) (* 12 (* r00 r!2 s!1)))))
 (let (($x2757 (= ?x2842 0)))
 (let (($x886 (not $x2757)))
 (let ((?x2396 (* 18 ?x3723)))
 (let ((?x1884 (* (- 3) ?x3246)))
 (let ((?x1922 (* 18 ?x1887)))
 (let ((?x1300 (* 2 ?x1055)))
 (let ((?x2395 (* 18 x!0)))
 (let ((?x2394 (* (- 12) s!1)))
 (let ((?x2393 (* 9 r!2)))
 (let ((?x733 (* 6 ?x732)))
 (let ((?x689 (* (- 4) ?x676)))
 (let ((?x621 (* (- 18) ?x607)))
 (let ((?x2439 (* 3 ?x511)))
 (let ((?x2459 (* (- 18) ?x384)))
 (let ((?x2460 (* (- 18) x00)))
 (let ((?x3348 (* (- 9) r00)))
 (let ((?x3347 (* 12 s00)))
 (let ((?x1600 (+ ?x3347 ?x3348 ?x2460 ?x2459 ?x2439 ?x621 ?x689 (* (- 36) (* r00 r00 r!2)) ?x733 (* (- 21) (* r00 s!1)) ?x2393 ?x2394 ?x2395 ?x1300 (* 36 (* r00 r!2 r!2)) (* (- 6) (* s00 r00 r!2)) ?x1922 (* (- 18) (* x00 r!2)) (* 2 (* s00 s!1)) (* 21 (* s00 r!2)) ?x1884 ?x2396 (* (- 6) (* r00 r00 s!1)) (* 18 ?x3809) (* 6 (* r00 r!2 s!1)))))
 (let (($x1509 (= ?x1600 0)))
 (let (($x1244 (not $x1509)))
 (let ((?x2337 (* 12 ?x3723)))
 (let ((?x3175 (* 2 ?x3246)))
 (let ((?x2890 (* s00 r!2)))
 (let ((?x4097 (* 4 ?x2890)))
 (let ((?x3596 (* (- 7) s!1)))
 (let ((?x3491 (* 3 r!2)))
 (let ((?x708 (* r00 r00 r!2)))
 (let ((?x2442 (* (- 12) ?x708)))
 (let ((?x555 (* 12 ?x554)))
 (let ((?x589 (* (- 6) ?x511)))
 (let ((?x2566 (* (- 12) ?x384)))
 (let ((?x586 (* (- 6) x00)))
 (let ((?x585 (* (- 3) r00)))
 (let ((?x3974 (* 7 s00)))
 (let ((?x1937 (+ ?x3974 ?x585 ?x586 ?x2566 ?x589 ?x555 ?x2442 ?x3491 ?x3596 ?x3262 ?x4097 ?x3175 ?x2337)))
 (let (($x1957 (= ?x1937 0)))
 (let (($x2819 (not $x1957)))
 (let ((?x1872 (* (- 3) ?x384)))
 (let ((?x3339 (+ s00 ?x1872 ?x4062 (* 3 ?x3723))))
 (let (($x1836 (= ?x3339 0)))
 (let (($x3091 (not $x1836)))
 (let (($x3337 (or $x3091 $x2819 $x1244 $x886 $x2500 $x3400)))
 (let ((?x3763 (* r00 r00 s!1)))
 (let ((?x666 (* 36 ?x3763)))
 (let ((?x2062 (* (- 9) s!1)))
 (let ((?x674 (* (- 54) ?x511)))
 (let ((?x137 (* 9 s00)))
 (let ((?x3575 (+ ?x137 ?x3255 ?x2014 ?x674 ?x604 ?x612 ?x1330 ?x1383 ?x1152 ?x880 ?x1250 (* 54 (* r00 s!1)) ?x1038 ?x2062 (* 15 ?x1055) ?x1183 ?x1294 ?x1456 (* (- 216) (* r00 r00 r00 s!1)) ?x1940 ?x1941 ?x3556 ?x2254 (* 108 (* s00 r00 s!1)) ?x3570 (* (- 66) (* s00 s!1)) ?x2253 (* (- 108) ?x3375) (* 108 (* x00 s!1)) ?x666 ?x3573)))
 (let (($x1318 (= ?x3575 0)))
 (let ((?x973 (* 36 ?x972)))
 (let ((?x2994 (* (- 6) ?x900)))
 (let ((?x778 (* 2 ?x777)))
 (let ((?x2051 (* 15 ?x676)))
 (let ((?x623 (* 54 ?x607)))
 (let ((?x855 (+ ?x137 (* (- 24) ?x511) ?x623 ?x2051 ?x1383 ?x778 (* 4 (* s00 s00 r!2)) (* 36 (* r00 x00 r!2)) ?x2994 (* 24 (* r00 s!1)) ?x973 ?x2062 (* (- 3) ?x1055) (* (- 2) (* s00 r!2 s!1)) (* (- 4) (* r00 s!1 s!1)) (* (- 36) (* r00 r00 x!0)) (* (- 2) ?x1806) (* (- 54) ?x1887) (* 54 (* x00 r!2)) (* 2 (* s00 r00 s!1)) (* 6 ?x2747) (* (- 12) (* s00 s!1)) (* (- 24) ?x2890) (* (- 36) (* r00 r!2 x!0)) (* 24 ?x3246) (* (- 6) ?x3375) (* 6 (* x00 s!1)) ?x666 (* (- 54) ?x3809))))
 (let (($x858 (= ?x855 0)))
 (let ((?x4104 (+ ?x44 ?x585 ?x586 ?x589 ?x555 ?x2442 ?x3491 ?x3459 ?x3262 ?x4097 ?x3175)))
 (let (($x3445 (= ?x4104 0)))
 (let (($x675 (and $x1836 $x3445 $x1562 $x858 $x1318 $x3337)))
 (let ((?x625 (+ ?x2573 ?x2578 ?x927 ?x3685 ?x2190 ?x3297 ?x2829 ?x1086 ?x2831 (* 1512 (* r!2 r00 r00)) (* (- 828) (* r!2 s00)) ?x1020 ?x2289 (* 432 (* r!2 s!1 r00 r00)) ?x604 ?x612 ?x2185 ?x2187 (* 252 (* s!1 r00 r00)) ?x1330 (* (- 108) (* x!0 r00)) (* 108 (* x!0 s00)) ?x1383 (* 648 (* r!2 x00)) (* (- 648) (* s!1 r00 r00 r00)) (* (- 246) (* s!1 s00)) ?x1152 (* 162 (* s!1 r00)) (* 648 (* r!2 s00 r00)) (* 324 (* s!1 x00)) ?x880 (* 324 (* s!1 s00 r00)) ?x1250 ?x2250 ?x2252 ?x2253 ?x2254 ?x1038 (* (- 144) (* r!2 s!1 s00)) (* (- 12) (* s!1 s!1 s00)) ?x1183 (* 432 (* x!0 r00 r00 r00)) (* (- 216) (* x!0 s00 r00)) (* 36 (* s!1 s!1 r00 r00)) ?x1294 (* (- 216) (* x!0 x00)) ?x1456 (* 1296 (* r!2 r!2 r00 r00)) (* 324 (* r!2 r00)) (* (- 1296) (* r!2 r00 r00 r00)) ?x617 ?x615 (* (- 432) (* r!2 r!2 s00)))))
 (let ((?x2373 (+ ?x2707 ?x3262 ?x1753 ?x3101 ?x2461 ?x3933 ?x4065 ?x3934 ?x804 ?x1760 ?x1378 ?x1388 ?x2576 ?x3072 ?x2153 ?x2882 ?x2545 ?x2549 ?x3127 ?x2234 ?x3563 ?x2371)))
 (let ((?x2555 (* x!0 x00)))
 (let ((?x3587 (* 216 ?x2555)))
 (let ((?x3775 (* s!1 s!1 r00 r00)))
 (let ((?x2963 (* (- 36) ?x3775)))
 (let ((?x3773 (* x!0 s00 r00)))
 (let ((?x3774 (* 216 ?x3773)))
 (let ((?x3769 (* x!0 r00 r00 r00)))
 (let ((?x3772 (* (- 432) ?x3769)))
 (let ((?x2143 (* s!1 s!1 s00)))
 (let ((?x2144 (* 12 ?x2143)))
 (let ((?x3273 (* x!0 s00)))
 (let ((?x4021 (* (- 108) ?x3273)))
 (let ((?x2694 (* x!0 r00)))
 (let ((?x3946 (* 108 ?x2694)))
 (let ((?x2398 (+ ?x3312 ?x3319 ?x3324 ?x3825 ?x974 ?x3826 ?x1745 ?x513 ?x391 (* (- 1512) (* r!2 r00 r00)) (* 828 (* r!2 s00)) ?x4264 ?x3832 (* (- 432) (* r!2 s!1 r00 r00)) ?x1470 ?x1471 ?x1123 ?x1124 (* (- 252) (* s!1 r00 r00)) ?x1474 ?x3946 ?x4021 ?x1095 (* (- 648) (* r!2 x00)) (* 648 (* s!1 r00 r00 r00)) (* 246 (* s!1 s00)) ?x1135 (* (- 162) (* s!1 r00)) (* (- 648) (* r!2 s00 r00)) (* (- 324) (* s!1 x00)) ?x865 (* (- 324) (* s!1 s00 r00)) ?x1238 ?x4123 ?x934 ?x2248 ?x2096 ?x1008 (* 144 (* r!2 s!1 s00)) ?x2144 ?x1480 ?x3772 ?x3774 ?x2963 ?x1484 ?x3587 ?x1485 (* (- 1296) (* r!2 r!2 r00 r00)) (* (- 324) (* r!2 r00)) (* 1296 (* r!2 r00 r00 r00)) ?x1239 ?x3421 (* 432 (* r!2 r!2 s00)))))
 (let ((?x4108 (* 36 (* x!0 r00 r00))))
 (let ((?x3943 (* (- 36) (* r!2 r00 x00))))
 (let ((?x3372 (* r!2 s!1 s00)))
 (let ((?x4100 (* 2 ?x3372)))
 (let ((?x1216 (* (- 4) (* r!2 s00 s00))))
 (let ((?x3287 (* s!1 s00 r00)))
 (let ((?x2797 (* (- 2) ?x3287)))
 (let ((?x1165 (* s!1 x00)))
 (let ((?x1185 (* (- 6) ?x1165)))
 (let ((?x3562 (* 4 (* s!1 s!1 r00))))
 (let ((?x3717 (* (- 6) ?x3273)))
 (let ((?x3280 (* 36 (* r!2 x!0 r00))))
 (let ((?x859 (+ ?x2960 ?x3125 ?x2529 ?x2281 ?x2383 ?x990 ?x2962 ?x991 ?x3134 (* (- 216) (* r!2 r00 r00)) (* 114 (* r!2 s00)) ?x3468 ?x1750 ?x3138 ?x3139 (* 12 (* r!2 s!1 r00)) (* (- 72) (* s!1 r00 r00)) ?x3280 ?x2959 (* 90 ?x2694) ?x3717 ?x1095 (* (- 90) (* r!2 x00)) ?x3562 (* 20 (* s!1 s00)) ?x795 (* (- 90) (* s!1 r00)) (* (- 12) (* r!2 s00 r00)) ?x1185 (* 144 (* r!2 r!2 r00)) ?x2797 ?x901 ?x3092 ?x3231 ?x1216 ?x985 ?x4100 ?x3943 ?x4108 ?x2561 ?x853 (* 12 (* r!2 r!2 s00)))))
 (let ((?x2264 (* r!2 s00 r00)))
 (let ((?x2073 (* (- 6) ?x2264)))
 (let ((?x1913 (* s!1 s00)))
 (let ((?x1843 (* 2 ?x1913)))
 (let ((?x1554 (* r!2 x00)))
 (let ((?x1915 (* (- 18) ?x1554)))
 (let ((?x1845 (* 18 ?x2694)))
 (let ((?x2672 (* s!1 r00 r00)))
 (let ((?x2674 (* (- 6) ?x2672)))
 (let ((?x1510 (* r!2 s!1 r00)))
 (let ((?x1516 (* 6 ?x1510)))
 (let ((?x2630 (+ ?x2393 ?x2394 ?x2395 ?x3347 ?x3348 ?x2460 ?x2396 ?x2459 ?x1884 (* (- 36) (* r!2 r00 r00)) (* 21 (* r!2 s00)) ?x2439 ?x621 ?x1300 ?x1922 ?x1516 ?x2674 ?x689 ?x1845 ?x733 ?x1915 ?x1843 (* (- 21) (* s!1 r00)) ?x2073 (* 36 (* r!2 r!2 r00)))))
 (let ((?x3711 (* r!2 s00)))
 (let ((?x1687 (* 4 ?x3711)))
 (let ((?x3173 (* r!2 r00 r00)))
 (let ((?x3714 (* (- 12) ?x3173)))
 (let ((?x2345 (+ ?x3491 ?x3596 ?x3262 ?x3974 ?x585 ?x586 ?x2337 ?x2566 ?x3175 ?x3714 ?x1687 ?x589 ?x555)))
 (let (($x3284 (= (+ s!1 (* (- 1) s00) (* (- 3) ?x3723) (* 3 ?x384)) 0)))
 (let (($x1669 (or (not $x3284) (not (= ?x2345 0)) (not (= ?x2630 0)) (not (= ?x859 0)) (not (= ?x2398 0)) (not (= (* ?x2373 ?x625) 0)))))
 (let ((?x3283 (* (- 36) ?x2672)))
 (let ((?x613 (* 54 ?x511)))
 (let ((?x1082 (* (- 9) s00)))
 (let ((?x2580 (* 9 s!1)))
 (let ((?x3595 (+ ?x2580 ?x1082 ?x613 ?x1470 ?x1471 (* (- 15) ?x1055) ?x3283 ?x1474 ?x3946 ?x4021 ?x1095 (* 216 (* s!1 r00 r00 r00)) (* 66 ?x1913) ?x1135 (* (- 54) (* s!1 r00)) (* (- 108) ?x1165) ?x865 (* (- 108) ?x3287) ?x1238 (* 108 ?x3375) ?x2248 ?x2096 ?x1008 ?x2144 ?x1480 ?x3772 ?x3774 ?x2963 ?x1484 ?x3587 ?x1485)))
 (let ((?x1011 (* (- 15) ?x676)))
 (let ((?x644 (* (- 54) ?x607)))
 (let ((?x659 (* 24 ?x511)))
 (let ((?x3645 (+ ?x2580 ?x1082 (* (- 24) ?x3246) (* 24 ?x3711) ?x659 ?x644 (* 3 ?x1055) (* 54 ?x1887) ?x3283 ?x3280 ?x1011 (* 54 ?x2694) ?x3717 ?x1095 (* (- 54) ?x1554) ?x3562 (* 12 ?x1913) ?x795 (* (- 24) (* s!1 r00)) ?x1185 ?x2797 ?x901 ?x3092 ?x3231 ?x1216 ?x985 ?x4100 ?x3943 ?x4108)))
 (let ((?x626 (* 9 ?x511)))
 (let ((?x463 (* (- 3) s00)))
 (let ((?x3729 (+ (* 3 s!1) ?x463 (* (- 9) ?x3246) (* 9 ?x3711) ?x626 ?x621 ?x1300 ?x1922 ?x1516 ?x2674 ?x689 ?x1845 ?x733 ?x1915 ?x1843 (* (- 9) (* s!1 r00)) ?x2073)))
 (let (($x2312 (= (+ ?x3491 ?x3459 ?x3262 ?x44 ?x585 ?x586 ?x3175 ?x3714 ?x1687 ?x589 ?x555) 0)))
 (let (($x813 (and $x3284 $x2312 (= ?x3729 0) (= ?x3645 0) (= ?x3595 0) $x1669)))
 (let (($x832 (exists ((r Int) (s Int) (x Int) )(! (let ((?x3212 (* r r s00)))
 (let ((?x3213 (* (- 432) ?x3212)))
 (let ((?x2901 (* r r s)))
 (let ((?x3067 (* (- 432) ?x2901)))
 (let ((?x2886 (* r r r)))
 (let ((?x2892 (* (- 864) ?x2886)))
 (let ((?x2298 (* r r00 r00 r00)))
 (let ((?x2302 (* (- 1296) ?x2298)))
 (let ((?x1455 (* x00 x00)))
 (let ((?x1456 (* 108 ?x1455)))
 (let ((?x1429 (* x x00)))
 (let ((?x1442 (* (- 216) ?x1429)))
 (let ((?x1293 (* s00 s00 s00)))
 (let ((?x1294 (* 16 ?x1293)))
 (let ((?x1263 (* x s00 r00)))
 (let ((?x1276 (* (- 216) ?x1263)))
 (let ((?x1181 (* s00 r00 r00 r00)))
 (let ((?x1183 (* 216 ?x1181)))
 (let ((?x1065 (* s s s00)))
 (let ((?x1081 (* (- 12) ?x1065)))
 (let ((?x1024 (* r s s00)))
 (let ((?x3232 (* (- 144) ?x1024)))
 (let ((?x1007 (* r00 r00 r00 x00)))
 (let ((?x1038 (* (- 432) ?x1007)))
 (let ((?x977 (* x x)))
 (let ((?x978 (* 108 ?x977)))
 (let ((?x914 (* s s s)))
 (let ((?x932 (* (- 4) ?x914)))
 (let ((?x904 (* r s s)))
 (let ((?x3068 (* (- 72) ?x904)))
 (let ((?x900 (* s00 x00)))
 (let ((?x1250 (* (- 108) ?x900)))
 (let ((?x864 (* s00 s00 r00 r00)))
 (let ((?x880 (* (- 36) ?x864)))
 (let ((?x823 (* s x00)))
 (let ((?x3803 (* 324 ?x823)))
 (let ((?x777 (* s00 s00 r00)))
 (let ((?x1152 (* (- 108) ?x777)))
 (let ((?x732 (* s00 r00 r00)))
 (let ((?x1383 (* (- 36) ?x732)))
 (let ((?x702 (* x r00)))
 (let ((?x1353 (* (- 108) ?x702)))
 (let ((?x676 (* s00 s00)))
 (let ((?x1330 (* 51 ?x676)))
 (let ((?x634 (* r x)))
 (let ((?x3584 (* (- 648) ?x634)))
 (let ((?x607 (* r00 x00)))
 (let ((?x612 (* 108 ?x607)))
 (let ((?x603 (* s00 r00 x00)))
 (let ((?x604 (* 216 ?x603)))
 (let ((?x554 (* r00 r00 r00)))
 (let ((?x2289 (* (- 648) ?x554)))
 (let ((?x511 (* s00 r00)))
 (let ((?x1020 (* 270 ?x511)))
 (let ((?x484 (* r s00)))
 (let ((?x3392 (* (- 828) ?x484)))
 (let ((?x384 (* r00 r00)))
 (let ((?x1086 (* 432 ?x384)))
 (let ((?x3297 (* 324 x00)))
 (let ((?x2190 (* 162 r00)))
 (let ((?x3685 (* (- 297) s00)))
 (let ((?x3574 (* (- 324) x)))
 (let ((?x834 (+ (* (- 162) r) (* 297 s) ?x3574 ?x3685 ?x2190 ?x3297 (* (- 756) (* r r)) ?x1086 (* 396 (* r s)) (* 1512 (* r r00 r00)) ?x3392 ?x1020 ?x2289 (* 432 (* r s r00 r00)) ?x604 ?x612 (* 195 (* s s)) ?x3584 (* 252 (* s r00 r00)) ?x1330 ?x1353 (* 108 (* x s00)) ?x1383 (* 648 (* r x00)) (* (- 648) (* s r00 r00 r00)) (* (- 246) (* s s00)) ?x1152 (* 162 (* s r00)) (* 648 (* r s00 r00)) ?x3803 ?x880 (* 324 (* s s00 r00)) ?x1250 ?x3068 (* (- 324) (* s x)) ?x932 ?x978 ?x1038 ?x3232 ?x1081 ?x1183 (* 432 (* x r00 r00 r00)) ?x1276 (* 36 (* s s r00 r00)) ?x1294 ?x1442 ?x1456 (* 1296 (* r r r00 r00)) (* 324 (* r r00)) ?x2302 ?x2892 ?x3067 ?x3213)))
 (let ((?x4127 (* (- 18) (* r r x x))))
 (let ((?x4144 (* (- 27) (* r x x))))
 (let ((?x4143 (* 6 (* r s s x))))
 (let ((?x4142 (* 6 (* s s x))))
 (let ((?x4141 (* 36 (* r r s x))))
 (let ((?x4140 (* 54 (* r s x))))
 (let ((?x4056 (* (- 3) (* r s s s))))
 (let ((?x4049 (* (- 18) (* r r s s))))
 (let ((?x4133 (* (- 3) (* r s x x))))
 (let ((?x4130 (* (- 3) (* s x x))))
 (let ((?x3894 (* 6 (* r r x))))
 (let ((?x4039 (* (- 9) ?x977)))
 (let ((?x4052 (* (- 3) ?x914)))
 (let ((?x908 (* s x)))
 (let ((?x4036 (* 18 ?x908)))
 (let ((?x4139 (* (- 27) ?x904)))
 (let ((?x211 (* 6 r)))
 (let ((?x1492 (+ 3 ?x211 s)))
 (let ((?x363 (* (- 1) s)))
 (let ((?x1751 (+ ?x363 x)))
 (let ((?x1525 (+ 1 r)))
 (let ((?x630 (* s s)))
 (let ((?x4033 (* (- 9) ?x630)))
 (let ((?x56 (* 6 x)))
 (let ((?x1765 (* (- 6) s)))
 (let ((?x1640 (+ ?x1765 ?x56 (* (- 12) (* r s)) ?x4033 (* 12 ?x634) (* (- 6) (* ?x1525 ?x1751 ?x1751 ?x1492 ?x1492)) ?x4139 ?x4036 ?x4052 ?x4039 (* (- 6) ?x2901) ?x3894 ?x4130 ?x4133 ?x4049 ?x4056 ?x4140 ?x4141 ?x4142 ?x4143 ?x4144 ?x4127)))
 (let ((?x3866 (* 432 ?x3212)))
 (let ((?x3862 (* 432 ?x2901)))
 (let ((?x3861 (* 864 ?x2886)))
 (let ((?x3855 (* 1296 ?x2298)))
 (let ((?x1485 (* (- 108) ?x1455)))
 (let ((?x1430 (* 216 ?x1429)))
 (let ((?x1484 (* (- 16) ?x1293)))
 (let ((?x1289 (* s s r00 r00)))
 (let ((?x1482 (* (- 36) ?x1289)))
 (let ((?x1264 (* 216 ?x1263)))
 (let ((?x1189 (* x r00 r00 r00)))
 (let ((?x1481 (* (- 432) ?x1189)))
 (let ((?x1480 (* (- 216) ?x1181)))
 (let ((?x1066 (* 12 ?x1065)))
 (let ((?x3842 (* 144 ?x1024)))
 (let ((?x1008 (* 432 ?x1007)))
 (let ((?x1479 (* (- 108) ?x977)))
 (let ((?x916 (* 4 ?x914)))
 (let ((?x3841 (* 72 ?x904)))
 (let ((?x1238 (* 108 ?x900)))
 (let ((?x865 (* 36 ?x864)))
 (let ((?x3839 (* (- 324) ?x823)))
 (let ((?x1135 (* 108 ?x777)))
 (let ((?x1095 (* 36 ?x732)))
 (let ((?x706 (* x s00)))
 (let ((?x1475 (* (- 108) ?x706)))
 (let ((?x1341 (* 108 ?x702)))
 (let ((?x1474 (* (- 51) ?x676)))
 (let ((?x3835 (* 648 ?x634)))
 (let ((?x1471 (* (- 108) ?x607)))
 (let ((?x1470 (* (- 216) ?x603)))
 (let ((?x3832 (* 648 ?x554)))
 (let ((?x4264 (* (- 270) ?x511)))
 (let ((?x3831 (* 828 ?x484)))
 (let ((?x513 (* (- 432) ?x384)))
 (let ((?x3826 (* (- 324) x00)))
 (let ((?x974 (* (- 162) r00)))
 (let ((?x3825 (* 297 s00)))
 (let ((?x3541 (* 324 x)))
 (let ((?x2366 (+ (* 162 r) (* (- 297) s) ?x3541 ?x3825 ?x974 ?x3826 (* 756 (* r r)) ?x513 (* (- 396) (* r s)) (* (- 1512) (* r r00 r00)) ?x3831 ?x4264 ?x3832 (* (- 432) (* r s r00 r00)) ?x1470 ?x1471 (* (- 195) ?x630) ?x3835 (* (- 252) (* s r00 r00)) ?x1474 ?x1341 ?x1475 ?x1095 (* (- 648) (* r x00)) (* 648 (* s r00 r00 r00)) (* 246 (* s s00)) ?x1135 (* (- 162) (* s r00)) (* (- 648) (* r s00 r00)) ?x3839 ?x865 (* (- 324) (* s s00 r00)) ?x1238 ?x3841 (* 324 ?x908) ?x916 ?x1479 ?x1008 ?x3842 ?x1066 ?x1480 ?x1481 ?x1264 ?x1482 ?x1484 ?x1430 ?x1485 (* (- 1296) (* r r r00 r00)) (* (- 324) (* r r00)) ?x3855 ?x3861 ?x3862 ?x3866)))
 (let ((?x1168 (* 36 (* x r00 r00))))
 (let ((?x1036 (* r r00 x00)))
 (let ((?x1049 (* (- 36) ?x1036)))
 (let ((?x1025 (* 2 ?x1024)))
 (let ((?x972 (* r00 r00 x00)))
 (let ((?x985 (* (- 36) ?x972)))
 (let ((?x920 (* r s00 s00)))
 (let ((?x933 (* (- 4) ?x920)))
 (let ((?x909 (* 6 ?x908)))
 (let ((?x905 (* 2 ?x904)))
 (let ((?x901 (* 6 ?x900)))
 (let ((?x874 (* s s00 r00)))
 (let ((?x887 (* (- 2) ?x874)))
 (let ((?x850 (* (- 6) ?x823)))
 (let ((?x795 (* (- 2) ?x777)))
 (let ((?x750 (* 4 (* s s r00))))
 (let ((?x721 (* (- 6) ?x706)))
 (let ((?x2959 (* (- 19) ?x676)))
 (let ((?x654 (* 36 (* r x r00))))
 (let ((?x1750 (* (- 90) ?x607)))
 (let ((?x3468 (* 18 ?x511)))
 (let ((?x991 (* (- 108) ?x384)))
 (let ((?x990 (* (- 72) x00)))
 (let ((?x2383 (* (- 36) r00)))
 (let ((?x2281 (* 57 s00)))
 (let ((?x2654 (+ (* 36 r) (* (- 57) s) (* 72 x) ?x2281 ?x2383 ?x990 (* 108 (* r r)) ?x991 (* (- 42) (* r s)) (* (- 216) (* r r00 r00)) (* 114 ?x484) ?x3468 ?x1750 (* (- 1) ?x630) (* 90 ?x634) (* 12 (* r s r00)) (* (- 72) (* s r00 r00)) ?x654 ?x2959 (* 90 ?x702) ?x721 ?x1095 (* (- 90) (* r x00)) ?x750 (* 20 (* s s00)) ?x795 (* (- 90) (* s r00)) (* (- 12) (* r s00 r00)) ?x850 (* 144 (* r r r00)) ?x887 ?x901 ?x905 ?x909 ?x933 ?x985 ?x1025 ?x1049 ?x1168 (* 72 ?x2886) (* 24 ?x2901) (* 12 ?x3212))))
 (let ((?x811 (* r s00 r00)))
 (let ((?x824 (* (- 6) ?x811)))
 (let ((?x773 (* s s00)))
 (let ((?x774 (* 2 ?x773)))
 (let ((?x744 (* r x00)))
 (let ((?x757 (* (- 18) ?x744)))
 (let ((?x733 (* 6 ?x732)))
 (let ((?x703 (* 18 ?x702)))
 (let ((?x689 (* (- 4) ?x676)))
 (let ((?x650 (* s r00 r00)))
 (let ((?x663 (* (- 6) ?x650)))
 (let ((?x638 (* r s r00)))
 (let ((?x639 (* 6 ?x638)))
 (let ((?x635 (* 18 ?x634)))
 (let ((?x631 (* 2 ?x630)))
 (let ((?x621 (* (- 18) ?x607)))
 (let ((?x2439 (* 3 ?x511)))
 (let ((?x2459 (* (- 18) ?x384)))
 (let ((?x2460 (* (- 18) x00)))
 (let ((?x3348 (* (- 9) r00)))
 (let ((?x3347 (* 12 s00)))
 (let ((?x980 (+ (* 9 r) (* (- 12) s) (* 18 x) ?x3347 ?x3348 ?x2460 (* 18 (* r r)) ?x2459 (* (- 3) (* r s)) (* (- 36) (* r r00 r00)) (* 21 ?x484) ?x2439 ?x621 ?x631 ?x635 ?x639 ?x663 ?x689 ?x703 ?x733 ?x757 ?x774 (* (- 21) (* s r00)) ?x824 (* 36 (* r r r00)))))
 (let ((?x555 (* 12 ?x554)))
 (let ((?x589 (* (- 6) ?x511)))
 (let ((?x485 (* 4 ?x484)))
 (let ((?x434 (* r r00 r00)))
 (let ((?x588 (* (- 12) ?x434)))
 (let ((?x428 (* r s)))
 (let ((?x587 (* 2 ?x428)))
 (let ((?x2566 (* (- 12) ?x384)))
 (let ((?x586 (* (- 6) x00)))
 (let ((?x585 (* (- 3) r00)))
 (let ((?x3974 (* 7 s00)))
 (let ((?x43 (* 3 r)))
 (let ((?x2078 (+ ?x43 (* (- 7) s) ?x56 ?x3974 ?x585 ?x586 (* 12 (* r r)) ?x2566 ?x587 ?x588 ?x485 ?x589 ?x555)))
 (let (($x417 (= (+ s (* (- 1) s00) (* (- 3) (* r r)) (* 3 ?x384)) 0)))
 (let (($x1624 (or (not $x417) (not (= ?x2078 0)) (not (= ?x980 0)) (not (= ?x2654 0)) (not (= ?x2366 0)) (not (= (* ?x1640 ?x834) 0)))))
 (let ((?x1305 (* 108 ?x908)))
 (let ((?x755 (* s r00 r00 r00)))
 (let ((?x756 (* 216 ?x755)))
 (let ((?x959 (* (- 36) ?x650)))
 (let ((?x613 (* 54 ?x511)))
 (let ((?x1082 (* (- 9) s00)))
 (let ((?x143 (* 9 s)))
 (let ((?x1486 (+ ?x143 ?x1082 ?x613 ?x1470 ?x1471 (* (- 15) ?x630) ?x959 ?x1474 ?x1341 ?x1475 ?x1095 ?x756 (* 66 ?x773) ?x1135 (* (- 54) (* s r00)) (* (- 108) ?x823) ?x865 (* (- 108) ?x874) ?x1238 ?x1305 ?x916 ?x1479 ?x1008 ?x1066 ?x1480 ?x1481 ?x1264 ?x1482 ?x1484 ?x1430 ?x1485)))
 (let (($x1487 (= ?x1486 0)))
 (let ((?x1011 (* (- 15) ?x676)))
 (let ((?x662 (* 3 ?x630)))
 (let ((?x644 (* (- 54) ?x607)))
 (let ((?x659 (* 24 ?x511)))
 (let ((?x1174 (+ ?x143 ?x1082 (* (- 24) ?x428) (* 24 ?x484) ?x659 ?x644 ?x662 (* 54 ?x634) ?x959 ?x654 ?x1011 (* 54 ?x702) ?x721 ?x1095 (* (- 54) ?x744) ?x750 (* 12 ?x773) ?x795 (* (- 24) (* s r00)) ?x850 ?x887 ?x901 ?x905 ?x909 ?x933 ?x985 ?x1025 ?x1049 ?x1168)))
 (let (($x1179 (= ?x1174 0)))
 (let ((?x626 (* 9 ?x511)))
 (let ((?x463 (* (- 3) s00)))
 (let ((?x47 (* 3 s)))
 (let ((?x830 (+ ?x47 ?x463 (* (- 9) ?x428) (* 9 ?x484) ?x626 ?x621 ?x631 ?x635 ?x639 ?x663 ?x689 ?x703 ?x733 ?x757 ?x774 (* (- 9) (* s r00)) ?x824)))
 (let (($x837 (= ?x830 0)))
 (let ((?x44 (* 3 s00)))
 (let ((?x584 (* (- 3) s)))
 (let (($x591 (= (+ ?x43 ?x584 ?x56 ?x44 ?x585 ?x586 ?x587 ?x588 ?x485 ?x589 ?x555) 0)))
 (and $x417 $x591 $x837 $x1179 $x1487 $x1624)))))))))))))))))))))))))))))))))))))))))))))))))))))))))))))))))))))))))))))))))))))))))))))))))))))))))))))))))))))))))))))))))))))))))))))))))))))))))))))))))))))))))))))))))))))))))))))))))))))))))))))))))))))))) :qid k!40))
 ))
 (let (($x3464 (exists ((r Int) (s Int) (x Int) )(! (let ((?x1455 (* x00 x00)))
 (let ((?x1456 (* 108 ?x1455)))
 (let ((?x1127 (* (- 216) (* x00 (+ x (* (- 1) s))))))
 (let ((?x211 (* 6 r)))
 (let ((?x2559 (+ 3 s ?x211)))
 (let ((?x3555 (* r00 ?x2559)))
 (let ((?x1770 (* 54 ?x3555)))
 (let ((?x1588 (* (- 54) r)))
 (let ((?x3298 (* (- 9) s)))
 (let ((?x3066 (* r00 r00 s00)))
 (let ((?x3276 (* (- 36) ?x3066)))
 (let ((?x137 (* 9 s00)))
 (let ((?x363 (* (- 1) s)))
 (let ((?x3263 (+ x ?x363)))
 (let ((?x3409 (* r00 ?x3263)))
 (let ((?x1790 (* (- 108) ?x3409)))
 (let ((?x676 (* s00 s00)))
 (let ((?x1330 (* 51 ?x676)))
 (let ((?x1138 (* r00 r00 ?x2559)))
 (let ((?x3708 (* 36 ?x1138)))
 (let ((?x3662 (* ?x3263 ?x2559)))
 (let ((?x1499 (* (- 108) ?x3662)))
 (let ((?x1293 (* s00 s00 s00)))
 (let ((?x1294 (* 16 ?x1293)))
 (let ((?x2610 (* 36 (* r00 r00 ?x2559 ?x2559))))
 (let ((?x2244 (* (- 216) (* r00 s00 ?x3263))))
 (let ((?x900 (* s00 x00)))
 (let ((?x1250 (* (- 108) ?x900)))
 (let ((?x3616 (* r00 s00 ?x2559)))
 (let ((?x2175 (* 108 ?x3616)))
 (let ((?x3536 (* s00 ?x2559)))
 (let ((?x1975 (* (- 66) ?x3536)))
 (let ((?x1458 (* 432 (* r00 r00 r00 ?x3263))))
 (let ((?x3539 (* x00 ?x2559)))
 (let ((?x3801 (* 108 ?x3539)))
 (let ((?x2709 (* 216 (* r00 r00 r00 s00))))
 (let ((?x1948 (* r00 s00 s00)))
 (let ((?x2660 (* (- 108) ?x1948)))
 (let ((?x3369 (* s00 ?x3263)))
 (let ((?x3704 (* 108 ?x3369)))
 (let ((?x3675 (* (- 12) (* s00 ?x2559 ?x2559))))
 (let ((?x1007 (* r00 r00 r00 x00)))
 (let ((?x1038 (* (- 432) ?x1007)))
 (let ((?x3585 (* 108 (* ?x3263 ?x3263))))
 (let ((?x3533 (* (- 4) (* ?x2559 ?x2559 ?x2559))))
 (let ((?x3725 (* (- 36) (* r00 r00 s00 s00))))
 (let ((?x3266 (* (- 216) (* r00 r00 r00 ?x2559))))
 (let ((?x3093 (* ?x2559 ?x2559)))
 (let ((?x616 (* 15 ?x3093)))
 (let ((?x2466 (* r00 s00)))
 (let ((?x2864 (* (- 54) ?x2466)))
 (let ((?x607 (* r00 x00)))
 (let ((?x612 (* 108 ?x607)))
 (let ((?x3126 (* 216 (* r00 s00 x00))))
 (let ((?x873 (+ (- 27) ?x3126 ?x612 ?x2864 ?x616 ?x3266 ?x3725 ?x3533 ?x3585 ?x1038 ?x3675 ?x3704 ?x2660 ?x2709 ?x3801 ?x1458 ?x1975 ?x2175 ?x1250 ?x2244 ?x2610 ?x1294 ?x1499 ?x3708 ?x1330 ?x1790 ?x137 ?x3276 ?x3298 ?x1588 ?x1770 ?x1127 ?x1456)))
 (let ((?x999 (+ (* 6 (* (+ 1 r) (+ 1 r) ?x3263)) (* (- 3) (* (+ 1 r) ?x3263 ?x3263 ?x2559)) (* (- 6) (* (+ 1 r) ?x3263 ?x3263 ?x2559 ?x2559)))))
 (let (($x906 (not (= (* ?x999 ?x873) 0))))
 (let ((?x911 (+ ?x3126 ?x612 ?x2864 ?x616 ?x3266 ?x3725 ?x3533 ?x3585 ?x1038 ?x3675 ?x3704 ?x2660 ?x2709 ?x3801 ?x1458 ?x1975 ?x2175 ?x1250 ?x2244 ?x2610 ?x1294 ?x1499 ?x3708 ?x1330 ?x1790 ?x137 ?x3276 ?x3298 ?x1588 ?x1770 ?x1127 ?x1456)))
 (let (($x2728 (not (= ?x911 27))))
 (let ((?x2051 (* 15 ?x676)))
 (let ((?x972 (* r00 r00 x00)))
 (let ((?x973 (* 36 ?x972)))
 (let ((?x2994 (* (- 6) ?x900)))
 (let ((?x3530 (* 2 ?x1948)))
 (let ((?x633 (* (- 24) ?x2466)))
 (let ((?x623 (* 54 ?x607)))
 (let ((?x1155 (+ (* 24 (* (+ 1 r) ?x2559)) ?x623 (* (- 36) (* r00 (+ 1 r) ?x3263)) ?x633 (* (- 3) ?x3093) (* (- 54) (* (+ 1 r) ?x3263)) (* 6 ?x3369) (* (- 4) (* r00 ?x2559 ?x2559)) ?x3530 (* 6 ?x3539) (* (- 12) ?x3536) (* 2 ?x3616) ?x2994 (* (- 2) (* (+ 1 r) ?x2559 ?x2559)) (* (- 6) ?x3662) (* 4 (* s00 s00 (+ 1 r))) ?x3708 ?x973 ?x2051 (* (- 2) (* s00 (+ 1 r) ?x2559)) (* 36 (* r00 x00 (+ 1 r))) (* (- 54) ?x3409) ?x137 ?x3276 (* 54 (* x00 (+ 1 r))) ?x3298 ?x1588 (* (- 24) (* s00 (+ 1 r))) (* 24 ?x3555) (* (- 36) (* r00 r00 ?x3263)))))
 (let ((?x584 (* (- 3) s)))
 (let ((?x1961 (* (- 6) ?x3066)))
 (let ((?x44 (* 3 s00)))
 (let ((?x677 (* 4 ?x676)))
 (let ((?x685 (* (- 9) ?x2466)))
 (let ((?x608 (* 18 ?x607)))
 (let ((?x3719 (+ (* 9 (* (+ 1 r) ?x2559)) ?x608 ?x685 (* (- 2) ?x3093) (* (- 18) (* (+ 1 r) ?x3263)) (* (- 6) (* r00 (+ 1 r) ?x2559)) (* 6 ?x1138) ?x677 (* (- 18) ?x3409) ?x44 ?x1961 (* 18 (* x00 (+ 1 r))) ?x584 (* (- 18) r) (* (- 9) (* s00 (+ 1 r))) (* (- 2) ?x3536) (* 9 ?x3555) (* 6 (* r00 s00 (+ 1 r))))))
 (let ((?x554 (* r00 r00 r00)))
 (let ((?x555 (* 12 ?x554)))
 (let ((?x586 (* (- 6) x00)))
 (let ((?x56 (* 6 x)))
 (let ((?x1031 (* (- 6) ?x2466)))
 (let ((?x585 (* (- 3) r00)))
 (let ((?x947 (+ (* 2 (* (+ 1 r) ?x2559)) (* (- 12) (* r00 r00 (+ 1 r))) (* (- 15) r) ?x44 ?x3298 ?x585 (* 4 (* s00 (+ 1 r))) ?x1031 ?x56 ?x586 ?x555)))
 (let ((?x384 (* r00 r00)))
 (let ((?x1872 (* (- 3) ?x384)))
 (let ((?x2431 (+ s00 ?x363 (* (- 6) r) (* 3 (* (+ 1 r) (+ 1 r))) ?x1872)))
 (let (($x2595 (not (= ?x2431 3))))
 (let (($x2406 (or $x2595 (not (= ?x947 6)) (not (= ?x3719 9)) (not (= ?x1155 27)) $x2728 $x906)))
 (let ((?x1846 (* r00 s)))
 (let ((?x3745 (* 54 ?x1846)))
 (let ((?x1873 (* r00 r00 s)))
 (let ((?x2589 (* 36 ?x1873)))
 (let ((?x3509 (* r00 r00 s s)))
 (let ((?x3510 (* 36 ?x3509)))
 (let ((?x3315 (* r00 r00 r00 x)))
 (let ((?x3316 (* 432 ?x3315)))
 (let ((?x2079 (* s00 x)))
 (let ((?x3254 (* 108 ?x2079)))
 (let ((?x977 (* x x)))
 (let ((?x978 (* 108 ?x977)))
 (let ((?x914 (* s s s)))
 (let ((?x932 (* (- 4) ?x914)))
 (let ((?x3356 (+ ?x3126 ?x612 ?x2864 (* 15 (* s s)) (* (- 216) (* r00 r00 r00 s)) ?x3725 ?x932 ?x978 ?x1038 (* (- 12) (* s00 s s)) ?x3254 ?x2660 ?x2709 (* 108 (* x00 s)) ?x3316 (* (- 66) (* s00 s)) (* 108 (* r00 s00 s)) ?x1250 (* (- 216) (* r00 s00 x)) ?x3510 ?x1294 (* (- 108) (* x s)) ?x2589 ?x1330 (* (- 108) (* r00 x)) ?x137 ?x3276 ?x3298 ?x3745 (* (- 216) (* x00 x)) ?x1456)))
 (let (($x3361 (= ?x3356 0)))
 (let ((?x2955 (* r00 r00 x)))
 (let ((?x3037 (* (- 36) ?x2955)))
 (let ((?x2282 (* r00 s s)))
 (let ((?x3022 (* (- 4) ?x2282)))
 (let ((?x3355 (+ (* 24 (* s r)) ?x623 (* (- 36) (* r00 x r)) ?x633 (* (- 3) (* s s)) (* (- 54) (* x r)) (* 6 ?x2079) ?x3022 ?x3530 (* 6 (* x00 s)) (* (- 12) (* s00 s)) (* 2 (* r00 s00 s)) ?x2994 (* (- 2) (* s s r)) (* (- 6) (* x s)) (* 4 (* s00 s00 r)) ?x2589 ?x973 ?x2051 (* (- 2) (* s00 s r)) (* 36 (* r00 x00 r)) (* (- 54) (* r00 x)) ?x137 ?x3276 (* 54 (* x00 r)) ?x3298 (* (- 24) (* s00 r)) (* 24 ?x1846) ?x3037)))
 (let ((?x1944 (* r00 x)))
 (let ((?x2229 (* (- 18) ?x1944)))
 (let ((?x630 (* s s)))
 (let ((?x2210 (* (- 2) ?x630)))
 (let ((?x2427 (+ (* 9 (* s r)) ?x608 ?x685 ?x2210 (* (- 18) (* x r)) (* (- 6) (* r00 s r)) (* 6 ?x1873) ?x677 ?x2229 ?x44 ?x1961 (* 18 (* x00 r)) ?x584 (* (- 9) (* s00 r)) (* (- 2) (* s00 s)) (* 9 ?x1846) (* 6 (* r00 s00 r)))))
 (let ((?x43 (* 3 r)))
 (let ((?x3527 (+ (* 2 (* s r)) (* (- 12) (* r00 r00 r)) ?x43 ?x44 ?x584 ?x585 (* 4 (* s00 r)) ?x1031 ?x56 ?x586 ?x555)))
 (let (($x1917 (= (+ s00 ?x363 (* 3 (* r r)) ?x1872) 0)))
 (and $x1917 (= ?x3527 0) (= ?x2427 0) (= ?x3355 0) $x3361 $x2406)))))))))))))))))))))))))))))))))))))))))))))))))))))))))))))))))))))))))))))))))))))))))))))))))))))))))))))))))))) :qid k!40))
 ))
 (let ((?x2686 (lambda ((r Int) (s Int) (x Int) )(let ((?x3212 (* r r s00)))
 (let ((?x3213 (* (- 432) ?x3212)))
 (let ((?x2901 (* r r s)))
 (let ((?x3067 (* (- 432) ?x2901)))
 (let ((?x2886 (* r r r)))
 (let ((?x2892 (* (- 864) ?x2886)))
 (let ((?x2298 (* r r00 r00 r00)))
 (let ((?x2302 (* (- 1296) ?x2298)))
 (let ((?x1455 (* x00 x00)))
 (let ((?x1456 (* 108 ?x1455)))
 (let ((?x1429 (* x x00)))
 (let ((?x1442 (* (- 216) ?x1429)))
 (let ((?x1293 (* s00 s00 s00)))
 (let ((?x1294 (* 16 ?x1293)))
 (let ((?x1263 (* x s00 r00)))
 (let ((?x1276 (* (- 216) ?x1263)))
 (let ((?x1181 (* s00 r00 r00 r00)))
 (let ((?x1183 (* 216 ?x1181)))
 (let ((?x1065 (* s s s00)))
 (let ((?x1081 (* (- 12) ?x1065)))
 (let ((?x1024 (* r s s00)))
 (let ((?x3232 (* (- 144) ?x1024)))
 (let ((?x1007 (* r00 r00 r00 x00)))
 (let ((?x1038 (* (- 432) ?x1007)))
 (let ((?x977 (* x x)))
 (let ((?x978 (* 108 ?x977)))
 (let ((?x914 (* s s s)))
 (let ((?x932 (* (- 4) ?x914)))
 (let ((?x904 (* r s s)))
 (let ((?x3068 (* (- 72) ?x904)))
 (let ((?x900 (* s00 x00)))
 (let ((?x1250 (* (- 108) ?x900)))
 (let ((?x864 (* s00 s00 r00 r00)))
 (let ((?x880 (* (- 36) ?x864)))
 (let ((?x823 (* s x00)))
 (let ((?x3803 (* 324 ?x823)))
 (let ((?x777 (* s00 s00 r00)))
 (let ((?x1152 (* (- 108) ?x777)))
 (let ((?x732 (* s00 r00 r00)))
 (let ((?x1383 (* (- 36) ?x732)))
 (let ((?x702 (* x r00)))
 (let ((?x1353 (* (- 108) ?x702)))
 (let ((?x676 (* s00 s00)))
 (let ((?x1330 (* 51 ?x676)))
 (let ((?x634 (* r x)))
 (let ((?x3584 (* (- 648) ?x634)))
 (let ((?x607 (* r00 x00)))
 (let ((?x612 (* 108 ?x607)))
 (let ((?x603 (* s00 r00 x00)))
 (let ((?x604 (* 216 ?x603)))
 (let ((?x554 (* r00 r00 r00)))
 (let ((?x2289 (* (- 648) ?x554)))
 (let ((?x511 (* s00 r00)))
 (let ((?x1020 (* 270 ?x511)))
 (let ((?x484 (* r s00)))
 (let ((?x3392 (* (- 828) ?x484)))
 (let ((?x384 (* r00 r00)))
 (let ((?x1086 (* 432 ?x384)))
 (let ((?x3297 (* 324 x00)))
 (let ((?x2190 (* 162 r00)))
 (let ((?x3685 (* (- 297) s00)))
 (let ((?x3574 (* (- 324) x)))
 (let ((?x834 (+ (* (- 162) r) (* 297 s) ?x3574 ?x3685 ?x2190 ?x3297 (* (- 756) (* r r)) ?x1086 (* 396 (* r s)) (* 1512 (* r r00 r00)) ?x3392 ?x1020 ?x2289 (* 432 (* r s r00 r00)) ?x604 ?x612 (* 195 (* s s)) ?x3584 (* 252 (* s r00 r00)) ?x1330 ?x1353 (* 108 (* x s00)) ?x1383 (* 648 (* r x00)) (* (- 648) (* s r00 r00 r00)) (* (- 246) (* s s00)) ?x1152 (* 162 (* s r00)) (* 648 (* r s00 r00)) ?x3803 ?x880 (* 324 (* s s00 r00)) ?x1250 ?x3068 (* (- 324) (* s x)) ?x932 ?x978 ?x1038 ?x3232 ?x1081 ?x1183 (* 432 (* x r00 r00 r00)) ?x1276 (* 36 (* s s r00 r00)) ?x1294 ?x1442 ?x1456 (* 1296 (* r r r00 r00)) (* 324 (* r r00)) ?x2302 ?x2892 ?x3067 ?x3213)))
 (let ((?x4127 (* (- 18) (* r r x x))))
 (let ((?x4144 (* (- 27) (* r x x))))
 (let ((?x4143 (* 6 (* r s s x))))
 (let ((?x4142 (* 6 (* s s x))))
 (let ((?x4141 (* 36 (* r r s x))))
 (let ((?x4140 (* 54 (* r s x))))
 (let ((?x4056 (* (- 3) (* r s s s))))
 (let ((?x4049 (* (- 18) (* r r s s))))
 (let ((?x4133 (* (- 3) (* r s x x))))
 (let ((?x4130 (* (- 3) (* s x x))))
 (let ((?x3894 (* 6 (* r r x))))
 (let ((?x4039 (* (- 9) ?x977)))
 (let ((?x4052 (* (- 3) ?x914)))
 (let ((?x908 (* s x)))
 (let ((?x4036 (* 18 ?x908)))
 (let ((?x4139 (* (- 27) ?x904)))
 (let ((?x211 (* 6 r)))
 (let ((?x1492 (+ 3 ?x211 s)))
 (let ((?x363 (* (- 1) s)))
 (let ((?x1751 (+ ?x363 x)))
 (let ((?x1525 (+ 1 r)))
 (let ((?x630 (* s s)))
 (let ((?x4033 (* (- 9) ?x630)))
 (let ((?x56 (* 6 x)))
 (let ((?x1765 (* (- 6) s)))
 (let ((?x1640 (+ ?x1765 ?x56 (* (- 12) (* r s)) ?x4033 (* 12 ?x634) (* (- 6) (* ?x1525 ?x1751 ?x1751 ?x1492 ?x1492)) ?x4139 ?x4036 ?x4052 ?x4039 (* (- 6) ?x2901) ?x3894 ?x4130 ?x4133 ?x4049 ?x4056 ?x4140 ?x4141 ?x4142 ?x4143 ?x4144 ?x4127)))
 (let ((?x3866 (* 432 ?x3212)))
 (let ((?x3862 (* 432 ?x2901)))
 (let ((?x3861 (* 864 ?x2886)))
 (let ((?x3855 (* 1296 ?x2298)))
 (let ((?x1485 (* (- 108) ?x1455)))
 (let ((?x1430 (* 216 ?x1429)))
 (let ((?x1484 (* (- 16) ?x1293)))
 (let ((?x1289 (* s s r00 r00)))
 (let ((?x1482 (* (- 36) ?x1289)))
 (let ((?x1264 (* 216 ?x1263)))
 (let ((?x1189 (* x r00 r00 r00)))
 (let ((?x1481 (* (- 432) ?x1189)))
 (let ((?x1480 (* (- 216) ?x1181)))
 (let ((?x1066 (* 12 ?x1065)))
 (let ((?x3842 (* 144 ?x1024)))
 (let ((?x1008 (* 432 ?x1007)))
 (let ((?x1479 (* (- 108) ?x977)))
 (let ((?x916 (* 4 ?x914)))
 (let ((?x3841 (* 72 ?x904)))
 (let ((?x1238 (* 108 ?x900)))
 (let ((?x865 (* 36 ?x864)))
 (let ((?x3839 (* (- 324) ?x823)))
 (let ((?x1135 (* 108 ?x777)))
 (let ((?x1095 (* 36 ?x732)))
 (let ((?x706 (* x s00)))
 (let ((?x1475 (* (- 108) ?x706)))
 (let ((?x1341 (* 108 ?x702)))
 (let ((?x1474 (* (- 51) ?x676)))
 (let ((?x3835 (* 648 ?x634)))
 (let ((?x1471 (* (- 108) ?x607)))
 (let ((?x1470 (* (- 216) ?x603)))
 (let ((?x3832 (* 648 ?x554)))
 (let ((?x4264 (* (- 270) ?x511)))
 (let ((?x3831 (* 828 ?x484)))
 (let ((?x513 (* (- 432) ?x384)))
 (let ((?x3826 (* (- 324) x00)))
 (let ((?x974 (* (- 162) r00)))
 (let ((?x3825 (* 297 s00)))
 (let ((?x3541 (* 324 x)))
 (let ((?x2366 (+ (* 162 r) (* (- 297) s) ?x3541 ?x3825 ?x974 ?x3826 (* 756 (* r r)) ?x513 (* (- 396) (* r s)) (* (- 1512) (* r r00 r00)) ?x3831 ?x4264 ?x3832 (* (- 432) (* r s r00 r00)) ?x1470 ?x1471 (* (- 195) ?x630) ?x3835 (* (- 252) (* s r00 r00)) ?x1474 ?x1341 ?x1475 ?x1095 (* (- 648) (* r x00)) (* 648 (* s r00 r00 r00)) (* 246 (* s s00)) ?x1135 (* (- 162) (* s r00)) (* (- 648) (* r s00 r00)) ?x3839 ?x865 (* (- 324) (* s s00 r00)) ?x1238 ?x3841 (* 324 ?x908) ?x916 ?x1479 ?x1008 ?x3842 ?x1066 ?x1480 ?x1481 ?x1264 ?x1482 ?x1484 ?x1430 ?x1485 (* (- 1296) (* r r r00 r00)) (* (- 324) (* r r00)) ?x3855 ?x3861 ?x3862 ?x3866)))
 (let ((?x1168 (* 36 (* x r00 r00))))
 (let ((?x1036 (* r r00 x00)))
 (let ((?x1049 (* (- 36) ?x1036)))
 (let ((?x1025 (* 2 ?x1024)))
 (let ((?x972 (* r00 r00 x00)))
 (let ((?x985 (* (- 36) ?x972)))
 (let ((?x920 (* r s00 s00)))
 (let ((?x933 (* (- 4) ?x920)))
 (let ((?x909 (* 6 ?x908)))
 (let ((?x905 (* 2 ?x904)))
 (let ((?x901 (* 6 ?x900)))
 (let ((?x874 (* s s00 r00)))
 (let ((?x887 (* (- 2) ?x874)))
 (let ((?x850 (* (- 6) ?x823)))
 (let ((?x795 (* (- 2) ?x777)))
 (let ((?x750 (* 4 (* s s r00))))
 (let ((?x721 (* (- 6) ?x706)))
 (let ((?x2959 (* (- 19) ?x676)))
 (let ((?x654 (* 36 (* r x r00))))
 (let ((?x1750 (* (- 90) ?x607)))
 (let ((?x3468 (* 18 ?x511)))
 (let ((?x991 (* (- 108) ?x384)))
 (let ((?x990 (* (- 72) x00)))
 (let ((?x2383 (* (- 36) r00)))
 (let ((?x2281 (* 57 s00)))
 (let ((?x2654 (+ (* 36 r) (* (- 57) s) (* 72 x) ?x2281 ?x2383 ?x990 (* 108 (* r r)) ?x991 (* (- 42) (* r s)) (* (- 216) (* r r00 r00)) (* 114 ?x484) ?x3468 ?x1750 (* (- 1) ?x630) (* 90 ?x634) (* 12 (* r s r00)) (* (- 72) (* s r00 r00)) ?x654 ?x2959 (* 90 ?x702) ?x721 ?x1095 (* (- 90) (* r x00)) ?x750 (* 20 (* s s00)) ?x795 (* (- 90) (* s r00)) (* (- 12) (* r s00 r00)) ?x850 (* 144 (* r r r00)) ?x887 ?x901 ?x905 ?x909 ?x933 ?x985 ?x1025 ?x1049 ?x1168 (* 72 ?x2886) (* 24 ?x2901) (* 12 ?x3212))))
 (let ((?x811 (* r s00 r00)))
 (let ((?x824 (* (- 6) ?x811)))
 (let ((?x773 (* s s00)))
 (let ((?x774 (* 2 ?x773)))
 (let ((?x744 (* r x00)))
 (let ((?x757 (* (- 18) ?x744)))
 (let ((?x733 (* 6 ?x732)))
 (let ((?x703 (* 18 ?x702)))
 (let ((?x689 (* (- 4) ?x676)))
 (let ((?x650 (* s r00 r00)))
 (let ((?x663 (* (- 6) ?x650)))
 (let ((?x638 (* r s r00)))
 (let ((?x639 (* 6 ?x638)))
 (let ((?x635 (* 18 ?x634)))
 (let ((?x631 (* 2 ?x630)))
 (let ((?x621 (* (- 18) ?x607)))
 (let ((?x2439 (* 3 ?x511)))
 (let ((?x2459 (* (- 18) ?x384)))
 (let ((?x2460 (* (- 18) x00)))
 (let ((?x3348 (* (- 9) r00)))
 (let ((?x3347 (* 12 s00)))
 (let ((?x980 (+ (* 9 r) (* (- 12) s) (* 18 x) ?x3347 ?x3348 ?x2460 (* 18 (* r r)) ?x2459 (* (- 3) (* r s)) (* (- 36) (* r r00 r00)) (* 21 ?x484) ?x2439 ?x621 ?x631 ?x635 ?x639 ?x663 ?x689 ?x703 ?x733 ?x757 ?x774 (* (- 21) (* s r00)) ?x824 (* 36 (* r r r00)))))
 (let ((?x555 (* 12 ?x554)))
 (let ((?x589 (* (- 6) ?x511)))
 (let ((?x485 (* 4 ?x484)))
 (let ((?x434 (* r r00 r00)))
 (let ((?x588 (* (- 12) ?x434)))
 (let ((?x428 (* r s)))
 (let ((?x587 (* 2 ?x428)))
 (let ((?x2566 (* (- 12) ?x384)))
 (let ((?x586 (* (- 6) x00)))
 (let ((?x585 (* (- 3) r00)))
 (let ((?x3974 (* 7 s00)))
 (let ((?x43 (* 3 r)))
 (let ((?x2078 (+ ?x43 (* (- 7) s) ?x56 ?x3974 ?x585 ?x586 (* 12 (* r r)) ?x2566 ?x587 ?x588 ?x485 ?x589 ?x555)))
 (let (($x417 (= (+ s (* (- 1) s00) (* (- 3) (* r r)) (* 3 ?x384)) 0)))
 (let (($x1624 (or (not $x417) (not (= ?x2078 0)) (not (= ?x980 0)) (not (= ?x2654 0)) (not (= ?x2366 0)) (not (= (* ?x1640 ?x834) 0)))))
 (let ((?x1305 (* 108 ?x908)))
 (let ((?x755 (* s r00 r00 r00)))
 (let ((?x756 (* 216 ?x755)))
 (let ((?x959 (* (- 36) ?x650)))
 (let ((?x613 (* 54 ?x511)))
 (let ((?x1082 (* (- 9) s00)))
 (let ((?x143 (* 9 s)))
 (let ((?x1486 (+ ?x143 ?x1082 ?x613 ?x1470 ?x1471 (* (- 15) ?x630) ?x959 ?x1474 ?x1341 ?x1475 ?x1095 ?x756 (* 66 ?x773) ?x1135 (* (- 54) (* s r00)) (* (- 108) ?x823) ?x865 (* (- 108) ?x874) ?x1238 ?x1305 ?x916 ?x1479 ?x1008 ?x1066 ?x1480 ?x1481 ?x1264 ?x1482 ?x1484 ?x1430 ?x1485)))
 (let (($x1487 (= ?x1486 0)))
 (let ((?x1011 (* (- 15) ?x676)))
 (let ((?x662 (* 3 ?x630)))
 (let ((?x644 (* (- 54) ?x607)))
 (let ((?x659 (* 24 ?x511)))
 (let ((?x1174 (+ ?x143 ?x1082 (* (- 24) ?x428) (* 24 ?x484) ?x659 ?x644 ?x662 (* 54 ?x634) ?x959 ?x654 ?x1011 (* 54 ?x702) ?x721 ?x1095 (* (- 54) ?x744) ?x750 (* 12 ?x773) ?x795 (* (- 24) (* s r00)) ?x850 ?x887 ?x901 ?x905 ?x909 ?x933 ?x985 ?x1025 ?x1049 ?x1168)))
 (let (($x1179 (= ?x1174 0)))
 (let ((?x626 (* 9 ?x511)))
 (let ((?x463 (* (- 3) s00)))
 (let ((?x47 (* 3 s)))
 (let ((?x830 (+ ?x47 ?x463 (* (- 9) ?x428) (* 9 ?x484) ?x626 ?x621 ?x631 ?x635 ?x639 ?x663 ?x689 ?x703 ?x733 ?x757 ?x774 (* (- 9) (* s r00)) ?x824)))
 (let (($x837 (= ?x830 0)))
 (let ((?x44 (* 3 s00)))
 (let ((?x584 (* (- 3) s)))
 (let (($x591 (= (+ ?x43 ?x584 ?x56 ?x44 ?x585 ?x586 ?x587 ?x588 ?x485 ?x589 ?x555) 0)))
 (let (($x500 (and $x417 $x591 $x837 $x1179 $x1487 $x1624)))
 (let ((?x1127 (* (- 216) (* x00 (+ x ?x363)))))
 (let ((?x2559 (+ 3 s ?x211)))
 (let ((?x3555 (* r00 ?x2559)))
 (let ((?x1770 (* 54 ?x3555)))
 (let ((?x1588 (* (- 54) r)))
 (let ((?x3298 (* (- 9) s)))
 (let ((?x3066 (* r00 r00 s00)))
 (let ((?x3276 (* (- 36) ?x3066)))
 (let ((?x137 (* 9 s00)))
 (let ((?x3263 (+ x ?x363)))
 (let ((?x3409 (* r00 ?x3263)))
 (let ((?x1790 (* (- 108) ?x3409)))
 (let ((?x1138 (* r00 r00 ?x2559)))
 (let ((?x3708 (* 36 ?x1138)))
 (let ((?x3662 (* ?x3263 ?x2559)))
 (let ((?x1499 (* (- 108) ?x3662)))
 (let ((?x2610 (* 36 (* r00 r00 ?x2559 ?x2559))))
 (let ((?x2244 (* (- 216) (* r00 s00 ?x3263))))
 (let ((?x3616 (* r00 s00 ?x2559)))
 (let ((?x2175 (* 108 ?x3616)))
 (let ((?x3536 (* s00 ?x2559)))
 (let ((?x1975 (* (- 66) ?x3536)))
 (let ((?x1458 (* 432 (* r00 r00 r00 ?x3263))))
 (let ((?x3539 (* x00 ?x2559)))
 (let ((?x3801 (* 108 ?x3539)))
 (let ((?x2709 (* 216 (* r00 r00 r00 s00))))
 (let ((?x1948 (* r00 s00 s00)))
 (let ((?x2660 (* (- 108) ?x1948)))
 (let ((?x3369 (* s00 ?x3263)))
 (let ((?x3704 (* 108 ?x3369)))
 (let ((?x3675 (* (- 12) (* s00 ?x2559 ?x2559))))
 (let ((?x3585 (* 108 (* ?x3263 ?x3263))))
 (let ((?x3533 (* (- 4) (* ?x2559 ?x2559 ?x2559))))
 (let ((?x3725 (* (- 36) (* r00 r00 s00 s00))))
 (let ((?x3266 (* (- 216) (* r00 r00 r00 ?x2559))))
 (let ((?x3093 (* ?x2559 ?x2559)))
 (let ((?x616 (* 15 ?x3093)))
 (let ((?x2466 (* r00 s00)))
 (let ((?x2864 (* (- 54) ?x2466)))
 (let ((?x3126 (* 216 (* r00 s00 x00))))
 (let ((?x873 (+ (- 27) ?x3126 ?x612 ?x2864 ?x616 ?x3266 ?x3725 ?x3533 ?x3585 ?x1038 ?x3675 ?x3704 ?x2660 ?x2709 ?x3801 ?x1458 ?x1975 ?x2175 ?x1250 ?x2244 ?x2610 ?x1294 ?x1499 ?x3708 ?x1330 ?x1790 ?x137 ?x3276 ?x3298 ?x1588 ?x1770 ?x1127 ?x1456)))
 (let ((?x999 (+ (* 6 (* ?x1525 ?x1525 ?x3263)) (* (- 3) (* ?x1525 ?x3263 ?x3263 ?x2559)) (* (- 6) (* ?x1525 ?x3263 ?x3263 ?x2559 ?x2559)))))
 (let (($x906 (not (= (* ?x999 ?x873) 0))))
 (let ((?x911 (+ ?x3126 ?x612 ?x2864 ?x616 ?x3266 ?x3725 ?x3533 ?x3585 ?x1038 ?x3675 ?x3704 ?x2660 ?x2709 ?x3801 ?x1458 ?x1975 ?x2175 ?x1250 ?x2244 ?x2610 ?x1294 ?x1499 ?x3708 ?x1330 ?x1790 ?x137 ?x3276 ?x3298 ?x1588 ?x1770 ?x1127 ?x1456)))
 (let (($x2728 (not (= ?x911 27))))
 (let ((?x2051 (* 15 ?x676)))
 (let ((?x973 (* 36 ?x972)))
 (let ((?x2994 (* (- 6) ?x900)))
 (let ((?x3530 (* 2 ?x1948)))
 (let ((?x633 (* (- 24) ?x2466)))
 (let ((?x623 (* 54 ?x607)))
 (let ((?x1155 (+ (* 24 (* ?x1525 ?x2559)) ?x623 (* (- 36) (* r00 ?x1525 ?x3263)) ?x633 (* (- 3) ?x3093) (* (- 54) (* ?x1525 ?x3263)) (* 6 ?x3369) (* (- 4) (* r00 ?x2559 ?x2559)) ?x3530 (* 6 ?x3539) (* (- 12) ?x3536) (* 2 ?x3616) ?x2994 (* (- 2) (* ?x1525 ?x2559 ?x2559)) (* (- 6) ?x3662) (* 4 (* s00 s00 ?x1525)) ?x3708 ?x973 ?x2051 (* (- 2) (* s00 ?x1525 ?x2559)) (* 36 (* r00 x00 ?x1525)) (* (- 54) ?x3409) ?x137 ?x3276 (* 54 (* x00 ?x1525)) ?x3298 ?x1588 (* (- 24) (* s00 ?x1525)) (* 24 ?x3555) (* (- 36) (* r00 r00 ?x3263)))))
 (let ((?x1961 (* (- 6) ?x3066)))
 (let ((?x677 (* 4 ?x676)))
 (let ((?x685 (* (- 9) ?x2466)))
 (let ((?x608 (* 18 ?x607)))
 (let ((?x3719 (+ (* 9 (* ?x1525 ?x2559)) ?x608 ?x685 (* (- 2) ?x3093) (* (- 18) (* ?x1525 ?x3263)) (* (- 6) (* r00 ?x1525 ?x2559)) (* 6 ?x1138) ?x677 (* (- 18) ?x3409) ?x44 ?x1961 (* 18 (* x00 ?x1525)) ?x584 (* (- 18) r) (* (- 9) (* s00 ?x1525)) (* (- 2) ?x3536) (* 9 ?x3555) (* 6 (* r00 s00 ?x1525)))))
 (let ((?x1031 (* (- 6) ?x2466)))
 (let ((?x947 (+ (* 2 (* ?x1525 ?x2559)) (* (- 12) (* r00 r00 ?x1525)) (* (- 15) r) ?x44 ?x3298 ?x585 (* 4 (* s00 ?x1525)) ?x1031 ?x56 ?x586 ?x555)))
 (let ((?x1872 (* (- 3) ?x384)))
 (let (($x2441 (= (+ s00 ?x363 (* (- 6) r) (* 3 (* ?x1525 ?x1525)) ?x1872) 3)))
 (let (($x2595 (not $x2441)))
 (let (($x2406 (or $x2595 (not (= ?x947 6)) (not (= ?x3719 9)) (not (= ?x1155 27)) $x2728 $x906)))
 (let ((?x1846 (* r00 s)))
 (let ((?x3745 (* 54 ?x1846)))
 (let ((?x1873 (* r00 r00 s)))
 (let ((?x2589 (* 36 ?x1873)))
 (let ((?x3509 (* r00 r00 s s)))
 (let ((?x3510 (* 36 ?x3509)))
 (let ((?x3315 (* r00 r00 r00 x)))
 (let ((?x3316 (* 432 ?x3315)))
 (let ((?x2079 (* s00 x)))
 (let ((?x3254 (* 108 ?x2079)))
 (let ((?x3356 (+ ?x3126 ?x612 ?x2864 (* 15 ?x630) (* (- 216) (* r00 r00 r00 s)) ?x3725 ?x932 ?x978 ?x1038 (* (- 12) (* s00 s s)) ?x3254 ?x2660 ?x2709 (* 108 (* x00 s)) ?x3316 (* (- 66) (* s00 s)) (* 108 (* r00 s00 s)) ?x1250 (* (- 216) (* r00 s00 x)) ?x3510 ?x1294 (* (- 108) (* x s)) ?x2589 ?x1330 (* (- 108) (* r00 x)) ?x137 ?x3276 ?x3298 ?x3745 (* (- 216) (* x00 x)) ?x1456)))
 (let (($x3361 (= ?x3356 0)))
 (let ((?x2955 (* r00 r00 x)))
 (let ((?x3037 (* (- 36) ?x2955)))
 (let ((?x2282 (* r00 s s)))
 (let ((?x3022 (* (- 4) ?x2282)))
 (let ((?x3355 (+ (* 24 (* s r)) ?x623 (* (- 36) (* r00 x r)) ?x633 (* (- 3) ?x630) (* (- 54) (* x r)) (* 6 ?x2079) ?x3022 ?x3530 (* 6 (* x00 s)) (* (- 12) (* s00 s)) (* 2 (* r00 s00 s)) ?x2994 (* (- 2) (* s s r)) (* (- 6) (* x s)) (* 4 (* s00 s00 r)) ?x2589 ?x973 ?x2051 (* (- 2) (* s00 s r)) (* 36 (* r00 x00 r)) (* (- 54) (* r00 x)) ?x137 ?x3276 (* 54 (* x00 r)) ?x3298 (* (- 24) (* s00 r)) (* 24 ?x1846) ?x3037)))
 (let ((?x1944 (* r00 x)))
 (let ((?x2229 (* (- 18) ?x1944)))
 (let ((?x2210 (* (- 2) ?x630)))
 (let ((?x2427 (+ (* 9 (* s r)) ?x608 ?x685 ?x2210 (* (- 18) (* x r)) (* (- 6) (* r00 s r)) (* 6 ?x1873) ?x677 ?x2229 ?x44 ?x1961 (* 18 (* x00 r)) ?x584 (* (- 9) (* s00 r)) (* (- 2) (* s00 s)) (* 9 ?x1846) (* 6 (* r00 s00 r)))))
 (let ((?x3527 (+ (* 2 (* s r)) (* (- 12) (* r00 r00 r)) ?x43 ?x44 ?x584 ?x585 (* 4 (* s00 r)) ?x1031 ?x56 ?x586 ?x555)))
 (let (($x1917 (= (+ s00 ?x363 (* 3 (* r r)) ?x1872) 0)))
 (let (($x2080 (and $x1917 (= ?x3527 0) (= ?x2427 0) (= ?x3355 0) $x3361 $x2406)))
 (rewrite (= $x2080 $x500))))))))))))))))))))))))))))))))))))))))))))))))))))))))))))))))))))))))))))))))))))))))))))))))))))))))))))))))))))))))))))))))))))))))))))))))))))))))))))))))))))))))))))))))))))))))))))))))))))))))))))))))))))))))))))))))))))))))))))))))))))))))))))))))))))))))))))))))))))))))))))))))))))))))))))))))))
 ))
 (let (($x1400 (exists ((r Int) (s Int) (x Int) )(! (let ((?x1455 (* x00 x00)))
 (let ((?x1456 (* 108 ?x1455)))
 (let ((?x1127 (* (- 216) (* x00 (+ x (* (- 1) s))))))
 (let ((?x211 (* 6 r)))
 (let ((?x2559 (+ 3 s ?x211)))
 (let ((?x3555 (* r00 ?x2559)))
 (let ((?x1770 (* 54 ?x3555)))
 (let ((?x1588 (* (- 54) r)))
 (let ((?x3298 (* (- 9) s)))
 (let ((?x3066 (* r00 r00 s00)))
 (let ((?x3276 (* (- 36) ?x3066)))
 (let ((?x137 (* 9 s00)))
 (let ((?x363 (* (- 1) s)))
 (let ((?x3263 (+ x ?x363)))
 (let ((?x3409 (* r00 ?x3263)))
 (let ((?x1790 (* (- 108) ?x3409)))
 (let ((?x676 (* s00 s00)))
 (let ((?x1330 (* 51 ?x676)))
 (let ((?x1138 (* r00 r00 ?x2559)))
 (let ((?x3708 (* 36 ?x1138)))
 (let ((?x3662 (* ?x3263 ?x2559)))
 (let ((?x1499 (* (- 108) ?x3662)))
 (let ((?x1293 (* s00 s00 s00)))
 (let ((?x1294 (* 16 ?x1293)))
 (let ((?x2610 (* 36 (* r00 r00 ?x2559 ?x2559))))
 (let ((?x2244 (* (- 216) (* r00 s00 ?x3263))))
 (let ((?x900 (* s00 x00)))
 (let ((?x1250 (* (- 108) ?x900)))
 (let ((?x3616 (* r00 s00 ?x2559)))
 (let ((?x2175 (* 108 ?x3616)))
 (let ((?x3536 (* s00 ?x2559)))
 (let ((?x1975 (* (- 66) ?x3536)))
 (let ((?x1458 (* 432 (* r00 r00 r00 ?x3263))))
 (let ((?x3539 (* x00 ?x2559)))
 (let ((?x3801 (* 108 ?x3539)))
 (let ((?x2709 (* 216 (* r00 r00 r00 s00))))
 (let ((?x1948 (* r00 s00 s00)))
 (let ((?x2660 (* (- 108) ?x1948)))
 (let ((?x3369 (* s00 ?x3263)))
 (let ((?x3704 (* 108 ?x3369)))
 (let ((?x3675 (* (- 12) (* s00 ?x2559 ?x2559))))
 (let ((?x1007 (* r00 r00 r00 x00)))
 (let ((?x1038 (* (- 432) ?x1007)))
 (let ((?x3585 (* 108 (* ?x3263 ?x3263))))
 (let ((?x3533 (* (- 4) (* ?x2559 ?x2559 ?x2559))))
 (let ((?x3725 (* (- 36) (* r00 r00 s00 s00))))
 (let ((?x3266 (* (- 216) (* r00 r00 r00 ?x2559))))
 (let ((?x3093 (* ?x2559 ?x2559)))
 (let ((?x616 (* 15 ?x3093)))
 (let ((?x2466 (* r00 s00)))
 (let ((?x2864 (* (- 54) ?x2466)))
 (let ((?x607 (* r00 x00)))
 (let ((?x612 (* 108 ?x607)))
 (let ((?x3126 (* 216 (* r00 s00 x00))))
 (let ((?x873 (+ (- 27) ?x3126 ?x612 ?x2864 ?x616 ?x3266 ?x3725 ?x3533 ?x3585 ?x1038 ?x3675 ?x3704 ?x2660 ?x2709 ?x3801 ?x1458 ?x1975 ?x2175 ?x1250 ?x2244 ?x2610 ?x1294 ?x1499 ?x3708 ?x1330 ?x1790 ?x137 ?x3276 ?x3298 ?x1588 ?x1770 ?x1127 ?x1456)))
 (let ((?x999 (+ (* 6 (* (+ 1 r) (+ 1 r) ?x3263)) (* (- 3) (* (+ 1 r) ?x3263 ?x3263 ?x2559)) (* (- 6) (* (+ 1 r) ?x3263 ?x3263 ?x2559 ?x2559)))))
 (let (($x906 (not (= (* ?x999 ?x873) 0))))
 (let ((?x911 (+ ?x3126 ?x612 ?x2864 ?x616 ?x3266 ?x3725 ?x3533 ?x3585 ?x1038 ?x3675 ?x3704 ?x2660 ?x2709 ?x3801 ?x1458 ?x1975 ?x2175 ?x1250 ?x2244 ?x2610 ?x1294 ?x1499 ?x3708 ?x1330 ?x1790 ?x137 ?x3276 ?x3298 ?x1588 ?x1770 ?x1127 ?x1456)))
 (let (($x2728 (not (= ?x911 27))))
 (let ((?x143 (* 9 s)))
 (let ((?x2422 (* 36 ?x3066)))
 (let ((?x1082 (* (- 9) s00)))
 (let ((?x1011 (* (- 15) ?x676)))
 (let ((?x972 (* r00 r00 x00)))
 (let ((?x985 (* (- 36) ?x972)))
 (let ((?x901 (* 6 ?x900)))
 (let ((?x2404 (* (- 2) ?x1948)))
 (let ((?x2866 (* 24 ?x2466)))
 (let ((?x644 (* (- 54) ?x607)))
 (let ((?x2256 (+ (* (- 24) (* (+ 1 r) ?x2559)) ?x644 (* 36 (* r00 (+ 1 r) ?x3263)) ?x2866 (* 3 ?x3093) (* 54 (* (+ 1 r) ?x3263)) (* (- 6) ?x3369) (* 4 (* r00 ?x2559 ?x2559)) ?x2404 (* (- 6) ?x3539) (* 12 ?x3536) (* (- 2) ?x3616) ?x901 (* 2 (* (+ 1 r) ?x2559 ?x2559)) (* 6 ?x3662) (* (- 4) (* s00 s00 (+ 1 r))) (* (- 36) ?x1138) ?x985 ?x1011 (* 2 (* s00 (+ 1 r) ?x2559)) (* (- 36) (* r00 x00 (+ 1 r))) (* 54 ?x3409) ?x1082 ?x2422 (* (- 54) (* x00 (+ 1 r))) ?x143 (* 54 r) (* 24 (* s00 (+ 1 r))) (* (- 24) ?x3555) (* 36 (* r00 r00 ?x3263)))))
 (let ((?x47 (* 3 s)))
 (let ((?x3069 (* 6 ?x3066)))
 (let ((?x463 (* (- 3) s00)))
 (let ((?x689 (* (- 4) ?x676)))
 (let ((?x2876 (* 9 ?x2466)))
 (let ((?x621 (* (- 18) ?x607)))
 (let ((?x3613 (+ (* (- 9) (* (+ 1 r) ?x2559)) ?x621 ?x2876 (* 2 ?x3093) (* 18 (* (+ 1 r) ?x3263)) (* 6 (* r00 (+ 1 r) ?x2559)) (* (- 6) ?x1138) ?x689 (* 18 ?x3409) ?x463 ?x3069 (* (- 18) (* x00 (+ 1 r))) ?x47 (* 18 r) (* 9 (* s00 (+ 1 r))) (* 2 ?x3536) (* (- 9) ?x3555) (* (- 6) (* r00 s00 (+ 1 r))))))
 (let ((?x554 (* r00 r00 r00)))
 (let ((?x568 (* (- 12) ?x554)))
 (let ((?x59 (* 6 x00)))
 (let ((?x533 (* (- 6) x)))
 (let ((?x2754 (* 6 ?x2466)))
 (let ((?x48 (* 3 r00)))
 (let ((?x3381 (+ (* (- 2) (* (+ 1 r) ?x2559)) (* 12 (* r00 r00 (+ 1 r))) (* 15 r) ?x463 ?x143 ?x48 (* (- 4) (* s00 (+ 1 r))) ?x2754 ?x533 ?x59 ?x568)))
 (let ((?x384 (* r00 r00)))
 (let ((?x1872 (* (- 3) ?x384)))
 (let ((?x2431 (+ s00 ?x363 (* (- 6) r) (* 3 (* (+ 1 r) (+ 1 r))) ?x1872)))
 (let (($x2595 (not (= ?x2431 3))))
 (let (($x1407 (or $x2595 (not (= ?x3381 (- 6))) (not (= ?x3613 (- 9))) (not (= ?x2256 (- 27))) $x2728 $x906)))
 (let ((?x1846 (* r00 s)))
 (let ((?x3745 (* 54 ?x1846)))
 (let ((?x1873 (* r00 r00 s)))
 (let ((?x2589 (* 36 ?x1873)))
 (let ((?x3509 (* r00 r00 s s)))
 (let ((?x3510 (* 36 ?x3509)))
 (let ((?x3315 (* r00 r00 r00 x)))
 (let ((?x3316 (* 432 ?x3315)))
 (let ((?x2079 (* s00 x)))
 (let ((?x3254 (* 108 ?x2079)))
 (let ((?x977 (* x x)))
 (let ((?x978 (* 108 ?x977)))
 (let ((?x914 (* s s s)))
 (let ((?x932 (* (- 4) ?x914)))
 (let ((?x3356 (+ ?x3126 ?x612 ?x2864 (* 15 (* s s)) (* (- 216) (* r00 r00 r00 s)) ?x3725 ?x932 ?x978 ?x1038 (* (- 12) (* s00 s s)) ?x3254 ?x2660 ?x2709 (* 108 (* x00 s)) ?x3316 (* (- 66) (* s00 s)) (* 108 (* r00 s00 s)) ?x1250 (* (- 216) (* r00 s00 x)) ?x3510 ?x1294 (* (- 108) (* x s)) ?x2589 ?x1330 (* (- 108) (* r00 x)) ?x137 ?x3276 ?x3298 ?x3745 (* (- 216) (* x00 x)) ?x1456)))
 (let (($x3361 (= ?x3356 0)))
 (let ((?x2623 (* (- 36) ?x1873)))
 (let ((?x630 (* s s)))
 (let ((?x662 (* 3 ?x630)))
 (let ((?x3085 (+ (* (- 24) (* s r)) ?x644 (* 36 (* r00 x r)) ?x2866 ?x662 (* 54 (* x r)) (* (- 6) ?x2079) (* 4 (* r00 s s)) ?x2404 (* (- 6) (* x00 s)) (* 12 (* s00 s)) (* (- 2) (* r00 s00 s)) ?x901 (* 2 (* s s r)) (* 6 (* x s)) (* (- 4) (* s00 s00 r)) ?x2623 ?x985 ?x1011 (* 2 (* s00 s r)) (* (- 36) (* r00 x00 r)) (* 54 (* r00 x)) ?x1082 ?x2422 (* (- 54) (* x00 r)) ?x143 (* 24 (* s00 r)) (* (- 24) ?x1846) (* 36 (* r00 r00 x)))))
 (let ((?x631 (* 2 ?x630)))
 (let ((?x3486 (+ (* (- 9) (* s r)) ?x621 ?x2876 ?x631 (* 18 (* x r)) (* 6 (* r00 s r)) (* (- 6) ?x1873) ?x689 (* 18 (* r00 x)) ?x463 ?x3069 (* (- 18) (* x00 r)) ?x47 (* 9 (* s00 r)) (* 2 (* s00 s)) (* (- 9) ?x1846) (* (- 6) (* r00 s00 r)))))
 (let ((?x2949 (+ (* (- 2) (* s r)) (* 12 (* r00 r00 r)) (* (- 3) r) ?x463 ?x47 ?x48 (* (- 4) (* s00 r)) ?x2754 ?x533 ?x59 ?x568)))
 (let (($x1917 (= (+ s00 ?x363 (* 3 (* r r)) ?x1872) 0)))
 (and $x1917 (= ?x2949 0) (= ?x3486 0) (= ?x3085 0) $x3361 $x1407)))))))))))))))))))))))))))))))))))))))))))))))))))))))))))))))))))))))))))))))))))))))))))))))))))))))))))))))))) :qid k!40))
 ))
 (let ((?x3423 (lambda ((r Int) (s Int) (x Int) )(let ((?x1455 (* x00 x00)))
 (let ((?x1456 (* 108 ?x1455)))
 (let ((?x1127 (* (- 216) (* x00 (+ x (* (- 1) s))))))
 (let ((?x211 (* 6 r)))
 (let ((?x2559 (+ 3 s ?x211)))
 (let ((?x3555 (* r00 ?x2559)))
 (let ((?x1770 (* 54 ?x3555)))
 (let ((?x1588 (* (- 54) r)))
 (let ((?x3298 (* (- 9) s)))
 (let ((?x3066 (* r00 r00 s00)))
 (let ((?x3276 (* (- 36) ?x3066)))
 (let ((?x137 (* 9 s00)))
 (let ((?x363 (* (- 1) s)))
 (let ((?x3263 (+ x ?x363)))
 (let ((?x3409 (* r00 ?x3263)))
 (let ((?x1790 (* (- 108) ?x3409)))
 (let ((?x676 (* s00 s00)))
 (let ((?x1330 (* 51 ?x676)))
 (let ((?x1138 (* r00 r00 ?x2559)))
 (let ((?x3708 (* 36 ?x1138)))
 (let ((?x3662 (* ?x3263 ?x2559)))
 (let ((?x1499 (* (- 108) ?x3662)))
 (let ((?x1293 (* s00 s00 s00)))
 (let ((?x1294 (* 16 ?x1293)))
 (let ((?x2610 (* 36 (* r00 r00 ?x2559 ?x2559))))
 (let ((?x2244 (* (- 216) (* r00 s00 ?x3263))))
 (let ((?x900 (* s00 x00)))
 (let ((?x1250 (* (- 108) ?x900)))
 (let ((?x3616 (* r00 s00 ?x2559)))
 (let ((?x2175 (* 108 ?x3616)))
 (let ((?x3536 (* s00 ?x2559)))
 (let ((?x1975 (* (- 66) ?x3536)))
 (let ((?x1458 (* 432 (* r00 r00 r00 ?x3263))))
 (let ((?x3539 (* x00 ?x2559)))
 (let ((?x3801 (* 108 ?x3539)))
 (let ((?x2709 (* 216 (* r00 r00 r00 s00))))
 (let ((?x1948 (* r00 s00 s00)))
 (let ((?x2660 (* (- 108) ?x1948)))
 (let ((?x3369 (* s00 ?x3263)))
 (let ((?x3704 (* 108 ?x3369)))
 (let ((?x3675 (* (- 12) (* s00 ?x2559 ?x2559))))
 (let ((?x1007 (* r00 r00 r00 x00)))
 (let ((?x1038 (* (- 432) ?x1007)))
 (let ((?x3585 (* 108 (* ?x3263 ?x3263))))
 (let ((?x3533 (* (- 4) (* ?x2559 ?x2559 ?x2559))))
 (let ((?x3725 (* (- 36) (* r00 r00 s00 s00))))
 (let ((?x3266 (* (- 216) (* r00 r00 r00 ?x2559))))
 (let ((?x3093 (* ?x2559 ?x2559)))
 (let ((?x616 (* 15 ?x3093)))
 (let ((?x2466 (* r00 s00)))
 (let ((?x2864 (* (- 54) ?x2466)))
 (let ((?x607 (* r00 x00)))
 (let ((?x612 (* 108 ?x607)))
 (let ((?x3126 (* 216 (* r00 s00 x00))))
 (let ((?x873 (+ (- 27) ?x3126 ?x612 ?x2864 ?x616 ?x3266 ?x3725 ?x3533 ?x3585 ?x1038 ?x3675 ?x3704 ?x2660 ?x2709 ?x3801 ?x1458 ?x1975 ?x2175 ?x1250 ?x2244 ?x2610 ?x1294 ?x1499 ?x3708 ?x1330 ?x1790 ?x137 ?x3276 ?x3298 ?x1588 ?x1770 ?x1127 ?x1456)))
 (let ((?x999 (+ (* 6 (* (+ 1 r) (+ 1 r) ?x3263)) (* (- 3) (* (+ 1 r) ?x3263 ?x3263 ?x2559)) (* (- 6) (* (+ 1 r) ?x3263 ?x3263 ?x2559 ?x2559)))))
 (let (($x906 (not (= (* ?x999 ?x873) 0))))
 (let ((?x911 (+ ?x3126 ?x612 ?x2864 ?x616 ?x3266 ?x3725 ?x3533 ?x3585 ?x1038 ?x3675 ?x3704 ?x2660 ?x2709 ?x3801 ?x1458 ?x1975 ?x2175 ?x1250 ?x2244 ?x2610 ?x1294 ?x1499 ?x3708 ?x1330 ?x1790 ?x137 ?x3276 ?x3298 ?x1588 ?x1770 ?x1127 ?x1456)))
 (let (($x2728 (not (= ?x911 27))))
 (let ((?x2051 (* 15 ?x676)))
 (let ((?x972 (* r00 r00 x00)))
 (let ((?x973 (* 36 ?x972)))
 (let ((?x2994 (* (- 6) ?x900)))
 (let ((?x3530 (* 2 ?x1948)))
 (let ((?x633 (* (- 24) ?x2466)))
 (let ((?x623 (* 54 ?x607)))
 (let ((?x1155 (+ (* 24 (* (+ 1 r) ?x2559)) ?x623 (* (- 36) (* r00 (+ 1 r) ?x3263)) ?x633 (* (- 3) ?x3093) (* (- 54) (* (+ 1 r) ?x3263)) (* 6 ?x3369) (* (- 4) (* r00 ?x2559 ?x2559)) ?x3530 (* 6 ?x3539) (* (- 12) ?x3536) (* 2 ?x3616) ?x2994 (* (- 2) (* (+ 1 r) ?x2559 ?x2559)) (* (- 6) ?x3662) (* 4 (* s00 s00 (+ 1 r))) ?x3708 ?x973 ?x2051 (* (- 2) (* s00 (+ 1 r) ?x2559)) (* 36 (* r00 x00 (+ 1 r))) (* (- 54) ?x3409) ?x137 ?x3276 (* 54 (* x00 (+ 1 r))) ?x3298 ?x1588 (* (- 24) (* s00 (+ 1 r))) (* 24 ?x3555) (* (- 36) (* r00 r00 ?x3263)))))
 (let ((?x584 (* (- 3) s)))
 (let ((?x1961 (* (- 6) ?x3066)))
 (let ((?x44 (* 3 s00)))
 (let ((?x677 (* 4 ?x676)))
 (let ((?x685 (* (- 9) ?x2466)))
 (let ((?x608 (* 18 ?x607)))
 (let ((?x3719 (+ (* 9 (* (+ 1 r) ?x2559)) ?x608 ?x685 (* (- 2) ?x3093) (* (- 18) (* (+ 1 r) ?x3263)) (* (- 6) (* r00 (+ 1 r) ?x2559)) (* 6 ?x1138) ?x677 (* (- 18) ?x3409) ?x44 ?x1961 (* 18 (* x00 (+ 1 r))) ?x584 (* (- 18) r) (* (- 9) (* s00 (+ 1 r))) (* (- 2) ?x3536) (* 9 ?x3555) (* 6 (* r00 s00 (+ 1 r))))))
 (let ((?x554 (* r00 r00 r00)))
 (let ((?x555 (* 12 ?x554)))
 (let ((?x586 (* (- 6) x00)))
 (let ((?x56 (* 6 x)))
 (let ((?x1031 (* (- 6) ?x2466)))
 (let ((?x585 (* (- 3) r00)))
 (let ((?x947 (+ (* 2 (* (+ 1 r) ?x2559)) (* (- 12) (* r00 r00 (+ 1 r))) (* (- 15) r) ?x44 ?x3298 ?x585 (* 4 (* s00 (+ 1 r))) ?x1031 ?x56 ?x586 ?x555)))
 (let ((?x384 (* r00 r00)))
 (let ((?x1872 (* (- 3) ?x384)))
 (let ((?x2431 (+ s00 ?x363 (* (- 6) r) (* 3 (* (+ 1 r) (+ 1 r))) ?x1872)))
 (let (($x2595 (not (= ?x2431 3))))
 (let (($x2406 (or $x2595 (not (= ?x947 6)) (not (= ?x3719 9)) (not (= ?x1155 27)) $x2728 $x906)))
 (let ((?x1846 (* r00 s)))
 (let ((?x3745 (* 54 ?x1846)))
 (let ((?x1873 (* r00 r00 s)))
 (let ((?x2589 (* 36 ?x1873)))
 (let ((?x3509 (* r00 r00 s s)))
 (let ((?x3510 (* 36 ?x3509)))
 (let ((?x3315 (* r00 r00 r00 x)))
 (let ((?x3316 (* 432 ?x3315)))
 (let ((?x2079 (* s00 x)))
 (let ((?x3254 (* 108 ?x2079)))
 (let ((?x977 (* x x)))
 (let ((?x978 (* 108 ?x977)))
 (let ((?x914 (* s s s)))
 (let ((?x932 (* (- 4) ?x914)))
 (let ((?x3356 (+ ?x3126 ?x612 ?x2864 (* 15 (* s s)) (* (- 216) (* r00 r00 r00 s)) ?x3725 ?x932 ?x978 ?x1038 (* (- 12) (* s00 s s)) ?x3254 ?x2660 ?x2709 (* 108 (* x00 s)) ?x3316 (* (- 66) (* s00 s)) (* 108 (* r00 s00 s)) ?x1250 (* (- 216) (* r00 s00 x)) ?x3510 ?x1294 (* (- 108) (* x s)) ?x2589 ?x1330 (* (- 108) (* r00 x)) ?x137 ?x3276 ?x3298 ?x3745 (* (- 216) (* x00 x)) ?x1456)))
 (let (($x3361 (= ?x3356 0)))
 (let ((?x2955 (* r00 r00 x)))
 (let ((?x3037 (* (- 36) ?x2955)))
 (let ((?x2282 (* r00 s s)))
 (let ((?x3022 (* (- 4) ?x2282)))
 (let ((?x3355 (+ (* 24 (* s r)) ?x623 (* (- 36) (* r00 x r)) ?x633 (* (- 3) (* s s)) (* (- 54) (* x r)) (* 6 ?x2079) ?x3022 ?x3530 (* 6 (* x00 s)) (* (- 12) (* s00 s)) (* 2 (* r00 s00 s)) ?x2994 (* (- 2) (* s s r)) (* (- 6) (* x s)) (* 4 (* s00 s00 r)) ?x2589 ?x973 ?x2051 (* (- 2) (* s00 s r)) (* 36 (* r00 x00 r)) (* (- 54) (* r00 x)) ?x137 ?x3276 (* 54 (* x00 r)) ?x3298 (* (- 24) (* s00 r)) (* 24 ?x1846) ?x3037)))
 (let ((?x1944 (* r00 x)))
 (let ((?x2229 (* (- 18) ?x1944)))
 (let ((?x630 (* s s)))
 (let ((?x2210 (* (- 2) ?x630)))
 (let ((?x2427 (+ (* 9 (* s r)) ?x608 ?x685 ?x2210 (* (- 18) (* x r)) (* (- 6) (* r00 s r)) (* 6 ?x1873) ?x677 ?x2229 ?x44 ?x1961 (* 18 (* x00 r)) ?x584 (* (- 9) (* s00 r)) (* (- 2) (* s00 s)) (* 9 ?x1846) (* 6 (* r00 s00 r)))))
 (let ((?x43 (* 3 r)))
 (let ((?x3527 (+ (* 2 (* s r)) (* (- 12) (* r00 r00 r)) ?x43 ?x44 ?x584 ?x585 (* 4 (* s00 r)) ?x1031 ?x56 ?x586 ?x555)))
 (let (($x1917 (= (+ s00 ?x363 (* 3 (* r r)) ?x1872) 0)))
 (let (($x2080 (and $x1917 (= ?x3527 0) (= ?x2427 0) (= ?x3355 0) $x3361 $x2406)))
 (let ((?x143 (* 9 s)))
 (let ((?x2422 (* 36 ?x3066)))
 (let ((?x1082 (* (- 9) s00)))
 (let ((?x1011 (* (- 15) ?x676)))
 (let ((?x985 (* (- 36) ?x972)))
 (let ((?x901 (* 6 ?x900)))
 (let ((?x2404 (* (- 2) ?x1948)))
 (let ((?x2866 (* 24 ?x2466)))
 (let ((?x644 (* (- 54) ?x607)))
 (let ((?x2256 (+ (* (- 24) (* (+ 1 r) ?x2559)) ?x644 (* 36 (* r00 (+ 1 r) ?x3263)) ?x2866 (* 3 ?x3093) (* 54 (* (+ 1 r) ?x3263)) (* (- 6) ?x3369) (* 4 (* r00 ?x2559 ?x2559)) ?x2404 (* (- 6) ?x3539) (* 12 ?x3536) (* (- 2) ?x3616) ?x901 (* 2 (* (+ 1 r) ?x2559 ?x2559)) (* 6 ?x3662) (* (- 4) (* s00 s00 (+ 1 r))) (* (- 36) ?x1138) ?x985 ?x1011 (* 2 (* s00 (+ 1 r) ?x2559)) (* (- 36) (* r00 x00 (+ 1 r))) (* 54 ?x3409) ?x1082 ?x2422 (* (- 54) (* x00 (+ 1 r))) ?x143 (* 54 r) (* 24 (* s00 (+ 1 r))) (* (- 24) ?x3555) (* 36 (* r00 r00 ?x3263)))))
 (let ((?x47 (* 3 s)))
 (let ((?x3069 (* 6 ?x3066)))
 (let ((?x463 (* (- 3) s00)))
 (let ((?x689 (* (- 4) ?x676)))
 (let ((?x2876 (* 9 ?x2466)))
 (let ((?x621 (* (- 18) ?x607)))
 (let ((?x3613 (+ (* (- 9) (* (+ 1 r) ?x2559)) ?x621 ?x2876 (* 2 ?x3093) (* 18 (* (+ 1 r) ?x3263)) (* 6 (* r00 (+ 1 r) ?x2559)) (* (- 6) ?x1138) ?x689 (* 18 ?x3409) ?x463 ?x3069 (* (- 18) (* x00 (+ 1 r))) ?x47 (* 18 r) (* 9 (* s00 (+ 1 r))) (* 2 ?x3536) (* (- 9) ?x3555) (* (- 6) (* r00 s00 (+ 1 r))))))
 (let ((?x568 (* (- 12) ?x554)))
 (let ((?x59 (* 6 x00)))
 (let ((?x533 (* (- 6) x)))
 (let ((?x2754 (* 6 ?x2466)))
 (let ((?x48 (* 3 r00)))
 (let ((?x3381 (+ (* (- 2) (* (+ 1 r) ?x2559)) (* 12 (* r00 r00 (+ 1 r))) (* 15 r) ?x463 ?x143 ?x48 (* (- 4) (* s00 (+ 1 r))) ?x2754 ?x533 ?x59 ?x568)))
 (let (($x1407 (or $x2595 (not (= ?x3381 (- 6))) (not (= ?x3613 (- 9))) (not (= ?x2256 (- 27))) $x2728 $x906)))
 (let ((?x2623 (* (- 36) ?x1873)))
 (let ((?x662 (* 3 ?x630)))
 (let ((?x3085 (+ (* (- 24) (* s r)) ?x644 (* 36 (* r00 x r)) ?x2866 ?x662 (* 54 (* x r)) (* (- 6) ?x2079) (* 4 ?x2282) ?x2404 (* (- 6) (* x00 s)) (* 12 (* s00 s)) (* (- 2) (* r00 s00 s)) ?x901 (* 2 (* s s r)) (* 6 (* x s)) (* (- 4) (* s00 s00 r)) ?x2623 ?x985 ?x1011 (* 2 (* s00 s r)) (* (- 36) (* r00 x00 r)) (* 54 ?x1944) ?x1082 ?x2422 (* (- 54) (* x00 r)) ?x143 (* 24 (* s00 r)) (* (- 24) ?x1846) (* 36 ?x2955))))
 (let ((?x631 (* 2 ?x630)))
 (let ((?x3486 (+ (* (- 9) (* s r)) ?x621 ?x2876 ?x631 (* 18 (* x r)) (* 6 (* r00 s r)) (* (- 6) ?x1873) ?x689 (* 18 ?x1944) ?x463 ?x3069 (* (- 18) (* x00 r)) ?x47 (* 9 (* s00 r)) (* 2 (* s00 s)) (* (- 9) ?x1846) (* (- 6) (* r00 s00 r)))))
 (let ((?x2949 (+ (* (- 2) (* s r)) (* 12 (* r00 r00 r)) (* (- 3) r) ?x463 ?x47 ?x48 (* (- 4) (* s00 r)) ?x2754 ?x533 ?x59 ?x568)))
 (let (($x907 (and $x1917 (= ?x2949 0) (= ?x3486 0) (= ?x3085 0) $x3361 $x1407)))
 (rewrite (= $x907 $x2080))))))))))))))))))))))))))))))))))))))))))))))))))))))))))))))))))))))))))))))))))))))))))))))))))))))))))))))))))))))))))))))))))))))))))))))))))))))
 ))
 (let (($x360 (exists ((r Int) (s Int) (x Int) )(! (let ((?x232 (- x s)))
 (let ((?x211 (* 6 r)))
 (let ((?x212 (+ s ?x211 3)))
 (let ((?x215 (+ r 1)))
 (let ((?x354 (- (- (* 6 ?x215 ?x215 ?x232) (* 3 ?x215 ?x212 ?x232 ?x232)) (* 6 ?x215 ?x212 ?x212 ?x232 ?x232))))
 (let ((?x208 (* 108 x00 x00)))
 (let ((?x299 (* 9 ?x212)))
 (let ((?x139 (* 36 r00 r00 s00)))
 (let ((?x137 (* 9 s00)))
 (let ((?x197 (* 51 s00 s00)))
 (let ((?x284 (* 36 r00 r00 ?x212)))
 (let ((?x192 (* 16 s00 s00 s00)))
 (let ((?x186 (* 108 s00 x00)))
 (let ((?x177 (* 216 r00 r00 r00 s00)))
 (let ((?x175 (* 108 r00 s00 s00)))
 (let ((?x169 (* 432 r00 r00 r00 x00)))
 (let ((?x161 (* 36 r00 r00 s00 s00)))
 (let ((?x157 (- (+ (* 216 r00 s00 x00) (* 108 r00 x00)) (* 54 r00 s00))))
 (let ((?x313 (- (- (+ ?x157 (* 15 ?x212 ?x212)) (* 216 r00 r00 r00 ?x212)) ?x161)))
 (let ((?x319 (- (- (+ (- ?x313 (* 4 ?x212 ?x212 ?x212)) (* 108 ?x232 ?x232)) ?x169) (* 12 ?x212 ?x212 s00))))
 (let ((?x325 (+ (- (+ ?x319 (* 108 s00 ?x232)) ?x175) ?x177 (* 108 ?x212 x00) (* 432 r00 r00 r00 ?x232))))
 (let ((?x331 (- (+ (- ?x325 (* 66 ?x212 s00)) (* 108 r00 ?x212 s00)) ?x186)))
 (let ((?x334 (+ (- ?x331 (* 216 r00 s00 ?x232)) (* 36 r00 r00 ?x212 ?x212) ?x192)))
 (let ((?x339 (- (+ (- ?x334 (* 108 ?x212 ?x232)) ?x284 ?x197) (* 108 r00 ?x232))))
 (let ((?x346 (- (+ (- (- (+ ?x339 ?x137) ?x139) ?x299) (* 54 r00 ?x212)) (* 216 ?x232 x00))))
 (let ((?x347 (+ ?x346 ?x208)))
 (let ((?x126 (* 15 s00 s00)))
 (let ((?x124 (* 36 r00 r00 x00)))
 (let ((?x118 (* 6 s00 x00)))
 (let ((?x110 (* 2 r00 s00 s00)))
 (let ((?x102 (* 24 r00 s00)))
 (let ((?x268 (+ (- (* (- 24) ?x215 ?x212) (* 54 r00 x00)) (* 36 ?x215 r00 ?x232) ?x102 (* 3 ?x212 ?x212) (* 54 ?x215 ?x232))))
 (let ((?x274 (- (+ (- ?x268 (* 6 s00 ?x232)) (* 4 r00 ?x212 ?x212)) ?x110)))
 (let ((?x279 (- (+ (- ?x274 (* 6 ?x212 x00)) (* 12 ?x212 s00)) (* 2 r00 ?x212 s00))))
 (let ((?x285 (- (+ ?x279 ?x118 (* 2 ?x215 ?x212 ?x212) (* 6 ?x212 ?x232)) (* 4 ?x215 s00 s00))))
 (let ((?x292 (- (+ (- (- (- ?x285 ?x284) ?x124) ?x126) (* 2 ?x215 ?x212 s00)) (* 36 ?x215 r00 x00))))
 (let ((?x298 (- (+ (- (+ ?x292 (* 54 r00 ?x232)) ?x137) ?x139) (* 54 ?x215 x00))))
 (let ((?x305 (+ (- (+ ?x298 ?x299 (* 24 ?x215 s00)) (* 24 r00 ?x212)) (* 36 r00 r00 ?x232))))
 (let ((?x227 (* 3 ?x212)))
 (let ((?x82 (* 6 r00 r00 s00)))
 (let ((?x44 (* 3 s00)))
 (let ((?x76 (* 4 s00 s00)))
 (let ((?x70 (* 9 r00 s00)))
 (let ((?x244 (+ (- (* (- 9) ?x215 ?x212) (* 18 r00 x00)) ?x70 (* 2 ?x212 ?x212) (* 18 ?x215 ?x232) (* 6 ?x215 r00 ?x212))))
 (let ((?x249 (+ (- (- ?x244 (* 6 r00 r00 ?x212)) ?x76) (* 18 r00 ?x232))))
 (let ((?x256 (+ (- (+ (- ?x249 ?x44) ?x82) (* 18 ?x215 x00)) ?x227 (* 9 ?x215 s00) (* 2 ?x212 s00))))
 (let (($x261 (= (- (- ?x256 (* 9 r00 ?x212)) (* 6 ?x215 r00 s00)) 0)))
 (let ((?x61 (* 12 r00 r00 r00)))
 (let ((?x59 (* 6 x00)))
 (let ((?x54 (* 6 r00 s00)))
 (let ((?x48 (* 3 r00)))
 (let ((?x225 (- (+ (* (- 2) ?x215 ?x212) (* 12 ?x215 r00 r00)) (* 3 ?x215))))
 (let ((?x234 (- (+ (- (+ (- ?x225 ?x44) ?x227 ?x48) (* 4 ?x215 s00)) ?x54) (* 6 ?x232))))
 (let (($x219 (= (- (+ (- s00 ?x212) (* 3 ?x215 ?x215)) (* 3 r00 r00)) 0)))
 (let (($x358 (or (not $x219) (not (= (- (+ ?x234 ?x59) ?x61) 0)) (not $x261) (not (= ?x305 0)) (not (= ?x347 0)) (not (= (* ?x347 ?x354) 0)))))
 (let ((?x143 (* 9 s)))
 (let ((?x123 (* 36 r00 r00 s)))
 (let ((?x164 (- (- (+ ?x157 (* 15 s s)) (* 216 r00 r00 r00 s)) ?x161)))
 (let ((?x172 (- (- (+ (- ?x164 (* 4 s s s)) (* 108 x x)) ?x169) (* 12 s s s00))))
 (let ((?x180 (+ (- (+ ?x172 (* 108 s00 x)) ?x175) ?x177 (* 108 s x00) (* 432 r00 r00 r00 x))))
 (let ((?x188 (- (+ (- ?x180 (* 66 s s00)) (* 108 r00 s s00)) ?x186)))
 (let ((?x193 (+ (- ?x188 (* 216 r00 s00 x)) (* 36 r00 r00 s s) ?x192)))
 (let ((?x200 (- (+ (- ?x193 (* 108 s x)) ?x123 ?x197) (* 108 r00 x))))
 (let ((?x207 (- (+ (- (- (+ ?x200 ?x137) ?x139) ?x143) (* 54 r00 s)) (* 216 x x00))))
 (let ((?x105 (+ (- (* (- 24) r s) (* 54 r00 x00)) (* 36 r r00 x) ?x102 (* 3 s s) (* 54 r x))))
 (let ((?x112 (- (+ (- ?x105 (* 6 s00 x)) (* 4 r00 s s)) ?x110)))
 (let ((?x117 (- (+ (- ?x112 (* 6 s x00)) (* 12 s s00)) (* 2 r00 s s00))))
 (let ((?x127 (- (+ ?x117 ?x118 (* 2 r s s) (* 6 s x)) (* 4 r s00 s00))))
 (let ((?x134 (- (+ (- (- (- ?x127 ?x123) ?x124) ?x126) (* 2 r s s00)) (* 36 r r00 x00))))
 (let ((?x142 (- (+ (- (+ ?x134 (* 54 r00 x)) ?x137) ?x139) (* 54 r x00))))
 (let ((?x149 (+ (- (+ ?x142 ?x143 (* 24 r s00)) (* 24 r00 s)) (* 36 r00 r00 x))))
 (let ((?x47 (* 3 s)))
 (let ((?x74 (+ (- (* (- 9) r s) (* 18 r00 x00)) ?x70 (* 2 s s) (* 18 r x) (* 6 r r00 s))))
 (let ((?x80 (+ (- (- ?x74 (* 6 r00 r00 s)) ?x76) (* 18 r00 x))))
 (let ((?x88 (+ (- (+ (- ?x80 ?x44) ?x82) (* 18 r x00)) ?x47 (* 9 r s00) (* 2 s s00))))
 (let (($x93 (= (- (- ?x88 (* 9 r00 s)) (* 6 r r00 s00)) 0)))
 (let ((?x56 (* 6 x)))
 (let ((?x43 (* 3 r)))
 (let ((?x46 (- (- (+ (* (- 2) r s) (* 12 r r00 r00)) ?x43) ?x44)))
 (let ((?x60 (+ (- (+ (- (+ ?x46 ?x47 ?x48) (* 4 r s00)) ?x54) ?x56) ?x59)))
 (let (($x36 (= (- (+ (- s00 s) (* 3 r r)) (* 3 r00 r00)) 0)))
 (and $x36 (= (- ?x60 ?x61) 0) $x93 (= ?x149 0) (= (+ ?x207 ?x208) 0) $x358)))))))))))))))))))))))))))))))))))))))))))))))))))))))))))))))))))))))))))))))))) :qid k!40))
 ))
 (let ((?x1043 (lambda ((r Int) (s Int) (x Int) )(let ((?x1455 (* x00 x00)))
 (let ((?x1456 (* 108 ?x1455)))
 (let ((?x1127 (* (- 216) (* x00 (+ x (* (- 1) s))))))
 (let ((?x211 (* 6 r)))
 (let ((?x2559 (+ 3 s ?x211)))
 (let ((?x3555 (* r00 ?x2559)))
 (let ((?x1770 (* 54 ?x3555)))
 (let ((?x1588 (* (- 54) r)))
 (let ((?x3298 (* (- 9) s)))
 (let ((?x3066 (* r00 r00 s00)))
 (let ((?x3276 (* (- 36) ?x3066)))
 (let ((?x137 (* 9 s00)))
 (let ((?x363 (* (- 1) s)))
 (let ((?x3263 (+ x ?x363)))
 (let ((?x3409 (* r00 ?x3263)))
 (let ((?x1790 (* (- 108) ?x3409)))
 (let ((?x676 (* s00 s00)))
 (let ((?x1330 (* 51 ?x676)))
 (let ((?x1138 (* r00 r00 ?x2559)))
 (let ((?x3708 (* 36 ?x1138)))
 (let ((?x3662 (* ?x3263 ?x2559)))
 (let ((?x1499 (* (- 108) ?x3662)))
 (let ((?x1293 (* s00 s00 s00)))
 (let ((?x1294 (* 16 ?x1293)))
 (let ((?x2610 (* 36 (* r00 r00 ?x2559 ?x2559))))
 (let ((?x2244 (* (- 216) (* r00 s00 ?x3263))))
 (let ((?x900 (* s00 x00)))
 (let ((?x1250 (* (- 108) ?x900)))
 (let ((?x3616 (* r00 s00 ?x2559)))
 (let ((?x2175 (* 108 ?x3616)))
 (let ((?x3536 (* s00 ?x2559)))
 (let ((?x1975 (* (- 66) ?x3536)))
 (let ((?x1458 (* 432 (* r00 r00 r00 ?x3263))))
 (let ((?x3539 (* x00 ?x2559)))
 (let ((?x3801 (* 108 ?x3539)))
 (let ((?x2709 (* 216 (* r00 r00 r00 s00))))
 (let ((?x1948 (* r00 s00 s00)))
 (let ((?x2660 (* (- 108) ?x1948)))
 (let ((?x3369 (* s00 ?x3263)))
 (let ((?x3704 (* 108 ?x3369)))
 (let ((?x3675 (* (- 12) (* s00 ?x2559 ?x2559))))
 (let ((?x1007 (* r00 r00 r00 x00)))
 (let ((?x1038 (* (- 432) ?x1007)))
 (let ((?x3585 (* 108 (* ?x3263 ?x3263))))
 (let ((?x3533 (* (- 4) (* ?x2559 ?x2559 ?x2559))))
 (let ((?x3725 (* (- 36) (* r00 r00 s00 s00))))
 (let ((?x3266 (* (- 216) (* r00 r00 r00 ?x2559))))
 (let ((?x3093 (* ?x2559 ?x2559)))
 (let ((?x616 (* 15 ?x3093)))
 (let ((?x2466 (* r00 s00)))
 (let ((?x2864 (* (- 54) ?x2466)))
 (let ((?x607 (* r00 x00)))
 (let ((?x612 (* 108 ?x607)))
 (let ((?x3126 (* 216 (* r00 s00 x00))))
 (let ((?x873 (+ (- 27) ?x3126 ?x612 ?x2864 ?x616 ?x3266 ?x3725 ?x3533 ?x3585 ?x1038 ?x3675 ?x3704 ?x2660 ?x2709 ?x3801 ?x1458 ?x1975 ?x2175 ?x1250 ?x2244 ?x2610 ?x1294 ?x1499 ?x3708 ?x1330 ?x1790 ?x137 ?x3276 ?x3298 ?x1588 ?x1770 ?x1127 ?x1456)))
 (let ((?x999 (+ (* 6 (* (+ 1 r) (+ 1 r) ?x3263)) (* (- 3) (* (+ 1 r) ?x3263 ?x3263 ?x2559)) (* (- 6) (* (+ 1 r) ?x3263 ?x3263 ?x2559 ?x2559)))))
 (let (($x906 (not (= (* ?x999 ?x873) 0))))
 (let ((?x911 (+ ?x3126 ?x612 ?x2864 ?x616 ?x3266 ?x3725 ?x3533 ?x3585 ?x1038 ?x3675 ?x3704 ?x2660 ?x2709 ?x3801 ?x1458 ?x1975 ?x2175 ?x1250 ?x2244 ?x2610 ?x1294 ?x1499 ?x3708 ?x1330 ?x1790 ?x137 ?x3276 ?x3298 ?x1588 ?x1770 ?x1127 ?x1456)))
 (let (($x2728 (not (= ?x911 27))))
 (let ((?x143 (* 9 s)))
 (let ((?x2422 (* 36 ?x3066)))
 (let ((?x1082 (* (- 9) s00)))
 (let ((?x1011 (* (- 15) ?x676)))
 (let ((?x972 (* r00 r00 x00)))
 (let ((?x985 (* (- 36) ?x972)))
 (let ((?x901 (* 6 ?x900)))
 (let ((?x2404 (* (- 2) ?x1948)))
 (let ((?x2866 (* 24 ?x2466)))
 (let ((?x644 (* (- 54) ?x607)))
 (let ((?x2256 (+ (* (- 24) (* (+ 1 r) ?x2559)) ?x644 (* 36 (* r00 (+ 1 r) ?x3263)) ?x2866 (* 3 ?x3093) (* 54 (* (+ 1 r) ?x3263)) (* (- 6) ?x3369) (* 4 (* r00 ?x2559 ?x2559)) ?x2404 (* (- 6) ?x3539) (* 12 ?x3536) (* (- 2) ?x3616) ?x901 (* 2 (* (+ 1 r) ?x2559 ?x2559)) (* 6 ?x3662) (* (- 4) (* s00 s00 (+ 1 r))) (* (- 36) ?x1138) ?x985 ?x1011 (* 2 (* s00 (+ 1 r) ?x2559)) (* (- 36) (* r00 x00 (+ 1 r))) (* 54 ?x3409) ?x1082 ?x2422 (* (- 54) (* x00 (+ 1 r))) ?x143 (* 54 r) (* 24 (* s00 (+ 1 r))) (* (- 24) ?x3555) (* 36 (* r00 r00 ?x3263)))))
 (let ((?x47 (* 3 s)))
 (let ((?x3069 (* 6 ?x3066)))
 (let ((?x463 (* (- 3) s00)))
 (let ((?x689 (* (- 4) ?x676)))
 (let ((?x2876 (* 9 ?x2466)))
 (let ((?x621 (* (- 18) ?x607)))
 (let ((?x3613 (+ (* (- 9) (* (+ 1 r) ?x2559)) ?x621 ?x2876 (* 2 ?x3093) (* 18 (* (+ 1 r) ?x3263)) (* 6 (* r00 (+ 1 r) ?x2559)) (* (- 6) ?x1138) ?x689 (* 18 ?x3409) ?x463 ?x3069 (* (- 18) (* x00 (+ 1 r))) ?x47 (* 18 r) (* 9 (* s00 (+ 1 r))) (* 2 ?x3536) (* (- 9) ?x3555) (* (- 6) (* r00 s00 (+ 1 r))))))
 (let ((?x554 (* r00 r00 r00)))
 (let ((?x568 (* (- 12) ?x554)))
 (let ((?x59 (* 6 x00)))
 (let ((?x533 (* (- 6) x)))
 (let ((?x2754 (* 6 ?x2466)))
 (let ((?x48 (* 3 r00)))
 (let ((?x3381 (+ (* (- 2) (* (+ 1 r) ?x2559)) (* 12 (* r00 r00 (+ 1 r))) (* 15 r) ?x463 ?x143 ?x48 (* (- 4) (* s00 (+ 1 r))) ?x2754 ?x533 ?x59 ?x568)))
 (let ((?x384 (* r00 r00)))
 (let ((?x1872 (* (- 3) ?x384)))
 (let ((?x2431 (+ s00 ?x363 (* (- 6) r) (* 3 (* (+ 1 r) (+ 1 r))) ?x1872)))
 (let (($x2595 (not (= ?x2431 3))))
 (let (($x1407 (or $x2595 (not (= ?x3381 (- 6))) (not (= ?x3613 (- 9))) (not (= ?x2256 (- 27))) $x2728 $x906)))
 (let ((?x1846 (* r00 s)))
 (let ((?x3745 (* 54 ?x1846)))
 (let ((?x1873 (* r00 r00 s)))
 (let ((?x2589 (* 36 ?x1873)))
 (let ((?x3509 (* r00 r00 s s)))
 (let ((?x3510 (* 36 ?x3509)))
 (let ((?x3315 (* r00 r00 r00 x)))
 (let ((?x3316 (* 432 ?x3315)))
 (let ((?x2079 (* s00 x)))
 (let ((?x3254 (* 108 ?x2079)))
 (let ((?x977 (* x x)))
 (let ((?x978 (* 108 ?x977)))
 (let ((?x914 (* s s s)))
 (let ((?x932 (* (- 4) ?x914)))
 (let ((?x3356 (+ ?x3126 ?x612 ?x2864 (* 15 (* s s)) (* (- 216) (* r00 r00 r00 s)) ?x3725 ?x932 ?x978 ?x1038 (* (- 12) (* s00 s s)) ?x3254 ?x2660 ?x2709 (* 108 (* x00 s)) ?x3316 (* (- 66) (* s00 s)) (* 108 (* r00 s00 s)) ?x1250 (* (- 216) (* r00 s00 x)) ?x3510 ?x1294 (* (- 108) (* x s)) ?x2589 ?x1330 (* (- 108) (* r00 x)) ?x137 ?x3276 ?x3298 ?x3745 (* (- 216) (* x00 x)) ?x1456)))
 (let (($x3361 (= ?x3356 0)))
 (let ((?x2623 (* (- 36) ?x1873)))
 (let ((?x630 (* s s)))
 (let ((?x662 (* 3 ?x630)))
 (let ((?x3085 (+ (* (- 24) (* s r)) ?x644 (* 36 (* r00 x r)) ?x2866 ?x662 (* 54 (* x r)) (* (- 6) ?x2079) (* 4 (* r00 s s)) ?x2404 (* (- 6) (* x00 s)) (* 12 (* s00 s)) (* (- 2) (* r00 s00 s)) ?x901 (* 2 (* s s r)) (* 6 (* x s)) (* (- 4) (* s00 s00 r)) ?x2623 ?x985 ?x1011 (* 2 (* s00 s r)) (* (- 36) (* r00 x00 r)) (* 54 (* r00 x)) ?x1082 ?x2422 (* (- 54) (* x00 r)) ?x143 (* 24 (* s00 r)) (* (- 24) ?x1846) (* 36 (* r00 r00 x)))))
 (let ((?x631 (* 2 ?x630)))
 (let ((?x3486 (+ (* (- 9) (* s r)) ?x621 ?x2876 ?x631 (* 18 (* x r)) (* 6 (* r00 s r)) (* (- 6) ?x1873) ?x689 (* 18 (* r00 x)) ?x463 ?x3069 (* (- 18) (* x00 r)) ?x47 (* 9 (* s00 r)) (* 2 (* s00 s)) (* (- 9) ?x1846) (* (- 6) (* r00 s00 r)))))
 (let ((?x2949 (+ (* (- 2) (* s r)) (* 12 (* r00 r00 r)) (* (- 3) r) ?x463 ?x47 ?x48 (* (- 4) (* s00 r)) ?x2754 ?x533 ?x59 ?x568)))
 (let (($x1917 (= (+ s00 ?x363 (* 3 (* r r)) ?x1872) 0)))
 (let (($x907 (and $x1917 (= ?x2949 0) (= ?x3486 0) (= ?x3085 0) $x3361 $x1407)))
 (let ((?x232 (- x s)))
 (let ((?x212 (+ s ?x211 3)))
 (let ((?x215 (+ r 1)))
 (let ((?x354 (- (- (* 6 ?x215 ?x215 ?x232) (* 3 ?x215 ?x212 ?x232 ?x232)) (* 6 ?x215 ?x212 ?x212 ?x232 ?x232))))
 (let ((?x208 (* 108 x00 x00)))
 (let ((?x299 (* 9 ?x212)))
 (let ((?x139 (* 36 r00 r00 s00)))
 (let ((?x197 (* 51 s00 s00)))
 (let ((?x284 (* 36 r00 r00 ?x212)))
 (let ((?x192 (* 16 s00 s00 s00)))
 (let ((?x186 (* 108 s00 x00)))
 (let ((?x177 (* 216 r00 r00 r00 s00)))
 (let ((?x175 (* 108 r00 s00 s00)))
 (let ((?x169 (* 432 r00 r00 r00 x00)))
 (let ((?x161 (* 36 r00 r00 s00 s00)))
 (let ((?x157 (- (+ (* 216 r00 s00 x00) (* 108 r00 x00)) (* 54 r00 s00))))
 (let ((?x313 (- (- (+ ?x157 (* 15 ?x212 ?x212)) (* 216 r00 r00 r00 ?x212)) ?x161)))
 (let ((?x319 (- (- (+ (- ?x313 (* 4 ?x212 ?x212 ?x212)) (* 108 ?x232 ?x232)) ?x169) (* 12 ?x212 ?x212 s00))))
 (let ((?x325 (+ (- (+ ?x319 (* 108 s00 ?x232)) ?x175) ?x177 (* 108 ?x212 x00) (* 432 r00 r00 r00 ?x232))))
 (let ((?x331 (- (+ (- ?x325 (* 66 ?x212 s00)) (* 108 r00 ?x212 s00)) ?x186)))
 (let ((?x334 (+ (- ?x331 (* 216 r00 s00 ?x232)) (* 36 r00 r00 ?x212 ?x212) ?x192)))
 (let ((?x339 (- (+ (- ?x334 (* 108 ?x212 ?x232)) ?x284 ?x197) (* 108 r00 ?x232))))
 (let ((?x346 (- (+ (- (- (+ ?x339 ?x137) ?x139) ?x299) (* 54 r00 ?x212)) (* 216 ?x232 x00))))
 (let ((?x347 (+ ?x346 ?x208)))
 (let ((?x126 (* 15 s00 s00)))
 (let ((?x124 (* 36 r00 r00 x00)))
 (let ((?x118 (* 6 s00 x00)))
 (let ((?x110 (* 2 r00 s00 s00)))
 (let ((?x102 (* 24 r00 s00)))
 (let ((?x268 (+ (- (* (- 24) ?x215 ?x212) (* 54 r00 x00)) (* 36 ?x215 r00 ?x232) ?x102 (* 3 ?x212 ?x212) (* 54 ?x215 ?x232))))
 (let ((?x274 (- (+ (- ?x268 (* 6 s00 ?x232)) (* 4 r00 ?x212 ?x212)) ?x110)))
 (let ((?x279 (- (+ (- ?x274 (* 6 ?x212 x00)) (* 12 ?x212 s00)) (* 2 r00 ?x212 s00))))
 (let ((?x285 (- (+ ?x279 ?x118 (* 2 ?x215 ?x212 ?x212) (* 6 ?x212 ?x232)) (* 4 ?x215 s00 s00))))
 (let ((?x292 (- (+ (- (- (- ?x285 ?x284) ?x124) ?x126) (* 2 ?x215 ?x212 s00)) (* 36 ?x215 r00 x00))))
 (let ((?x298 (- (+ (- (+ ?x292 (* 54 r00 ?x232)) ?x137) ?x139) (* 54 ?x215 x00))))
 (let ((?x305 (+ (- (+ ?x298 ?x299 (* 24 ?x215 s00)) (* 24 r00 ?x212)) (* 36 r00 r00 ?x232))))
 (let ((?x227 (* 3 ?x212)))
 (let ((?x82 (* 6 r00 r00 s00)))
 (let ((?x44 (* 3 s00)))
 (let ((?x76 (* 4 s00 s00)))
 (let ((?x70 (* 9 r00 s00)))
 (let ((?x244 (+ (- (* (- 9) ?x215 ?x212) (* 18 r00 x00)) ?x70 (* 2 ?x212 ?x212) (* 18 ?x215 ?x232) (* 6 ?x215 r00 ?x212))))
 (let ((?x249 (+ (- (- ?x244 (* 6 r00 r00 ?x212)) ?x76) (* 18 r00 ?x232))))
 (let ((?x256 (+ (- (+ (- ?x249 ?x44) ?x82) (* 18 ?x215 x00)) ?x227 (* 9 ?x215 s00) (* 2 ?x212 s00))))
 (let (($x261 (= (- (- ?x256 (* 9 r00 ?x212)) (* 6 ?x215 r00 s00)) 0)))
 (let ((?x61 (* 12 r00 r00 r00)))
 (let ((?x54 (* 6 r00 s00)))
 (let ((?x225 (- (+ (* (- 2) ?x215 ?x212) (* 12 ?x215 r00 r00)) (* 3 ?x215))))
 (let ((?x234 (- (+ (- (+ (- ?x225 ?x44) ?x227 ?x48) (* 4 ?x215 s00)) ?x54) (* 6 ?x232))))
 (let (($x219 (= (- (+ (- s00 ?x212) (* 3 ?x215 ?x215)) (* 3 r00 r00)) 0)))
 (let (($x358 (or (not $x219) (not (= (- (+ ?x234 ?x59) ?x61) 0)) (not $x261) (not (= ?x305 0)) (not (= ?x347 0)) (not (= (* ?x347 ?x354) 0)))))
 (let ((?x123 (* 36 r00 r00 s)))
 (let ((?x164 (- (- (+ ?x157 (* 15 s s)) (* 216 r00 r00 r00 s)) ?x161)))
 (let ((?x172 (- (- (+ (- ?x164 (* 4 s s s)) (* 108 x x)) ?x169) (* 12 s s s00))))
 (let ((?x180 (+ (- (+ ?x172 (* 108 s00 x)) ?x175) ?x177 (* 108 s x00) (* 432 r00 r00 r00 x))))
 (let ((?x188 (- (+ (- ?x180 (* 66 s s00)) (* 108 r00 s s00)) ?x186)))
 (let ((?x193 (+ (- ?x188 (* 216 r00 s00 x)) (* 36 r00 r00 s s) ?x192)))
 (let ((?x200 (- (+ (- ?x193 (* 108 s x)) ?x123 ?x197) (* 108 r00 x))))
 (let ((?x207 (- (+ (- (- (+ ?x200 ?x137) ?x139) ?x143) (* 54 r00 s)) (* 216 x x00))))
 (let ((?x105 (+ (- (* (- 24) r s) (* 54 r00 x00)) (* 36 r r00 x) ?x102 (* 3 s s) (* 54 r x))))
 (let ((?x112 (- (+ (- ?x105 (* 6 s00 x)) (* 4 r00 s s)) ?x110)))
 (let ((?x117 (- (+ (- ?x112 (* 6 s x00)) (* 12 s s00)) (* 2 r00 s s00))))
 (let ((?x127 (- (+ ?x117 ?x118 (* 2 r s s) (* 6 s x)) (* 4 r s00 s00))))
 (let ((?x134 (- (+ (- (- (- ?x127 ?x123) ?x124) ?x126) (* 2 r s s00)) (* 36 r r00 x00))))
 (let ((?x142 (- (+ (- (+ ?x134 (* 54 r00 x)) ?x137) ?x139) (* 54 r x00))))
 (let ((?x149 (+ (- (+ ?x142 ?x143 (* 24 r s00)) (* 24 r00 s)) (* 36 r00 r00 x))))
 (let ((?x74 (+ (- (* (- 9) r s) (* 18 r00 x00)) ?x70 (* 2 s s) (* 18 r x) (* 6 r r00 s))))
 (let ((?x80 (+ (- (- ?x74 (* 6 r00 r00 s)) ?x76) (* 18 r00 x))))
 (let ((?x88 (+ (- (+ (- ?x80 ?x44) ?x82) (* 18 r x00)) ?x47 (* 9 r s00) (* 2 s s00))))
 (let (($x93 (= (- (- ?x88 (* 9 r00 s)) (* 6 r r00 s00)) 0)))
 (let ((?x56 (* 6 x)))
 (let ((?x43 (* 3 r)))
 (let ((?x46 (- (- (+ (* (- 2) r s) (* 12 r r00 r00)) ?x43) ?x44)))
 (let ((?x60 (+ (- (+ (- (+ ?x46 ?x47 ?x48) (* 4 r s00)) ?x54) ?x56) ?x59)))
 (let (($x36 (= (- (+ (- s00 s) (* 3 r r)) (* 3 r00 r00)) 0)))
 (let (($x359 (and $x36 (= (- ?x60 ?x61) 0) $x93 (= ?x149 0) (= (+ ?x207 ?x208) 0) $x358)))
 (rewrite (= $x359 $x907)))))))))))))))))))))))))))))))))))))))))))))))))))))))))))))))))))))))))))))))))))))))))))))))))))))))))))))))))))))))))))))))))))))))))))))))))))))))))))))))))))))))))))))))))))))))))))))))))
 ))
 (let ((@x361 (asserted $x360)))
 (let ((@x1384 (mp (mp @x361 (quant-intro (proof-bind ?x1043) (= $x360 $x1400)) $x1400) (rewrite (= $x1400 $x1400)) $x1400)))
 (let ((@x956 (mp (mp @x1384 (quant-intro (proof-bind ?x3423) (= $x1400 $x3464)) $x3464) (quant-intro (proof-bind ?x2686) (= $x3464 $x832)) $x832)))
 (let ((@x3334 (mp (mp~ @x956 (sk (~ $x832 $x813)) $x813) (rewrite (= $x813 $x675)) $x675)))
 (let ((@x1547 (and-elim @x3334 $x1562)))
 (let ((@x3790 (unit-resolution ((_ th-lemma arith triangle-eq) (or (not $x1562) $x448)) @x1547 $x448)))
 (let (($x446 (>= ?x1558 0)))
 (let ((@x720 (unit-resolution ((_ th-lemma arith triangle-eq) (or (not $x1562) $x446)) @x1547 $x446)))
 (let (($x846 (<= ?x3339 0)))
 (let ((@x3327 (and-elim @x3334 $x1836)))
 (let ((@x1617 (unit-resolution ((_ th-lemma arith triangle-eq) (or $x3091 $x846)) @x3327 $x846)))
 (let (($x839 (>= ?x3339 0)))
 (let ((@x2088 (unit-resolution ((_ th-lemma arith triangle-eq) (or $x3091 $x839)) @x3327 $x839)))
 (let (($x3442 (<= ?x855 0)))
 (let ((@x669 (and-elim @x3334 $x858)))
 (let ((@x442 (unit-resolution ((_ th-lemma arith triangle-eq) (or (not $x858) $x3442)) @x669 $x3442)))
 (let (($x2550 (>= ?x855 0)))
 (let ((@x670 (unit-resolution ((_ th-lemma arith triangle-eq) (or (not $x858) $x2550)) @x669 $x2550)))
 (let (($x815 (<= ?x1600 0)))
 (let (($x2908 (<= ?x4104 0)))
 (let ((@x1548 (and-elim @x3334 $x3445)))
 (let ((@x3641 (unit-resolution ((_ th-lemma arith triangle-eq) (or (not $x3445) $x2908)) @x1548 $x2908)))
 (let (($x679 (>= ?x4104 0)))
 (let ((@x1717 (unit-resolution ((_ th-lemma arith triangle-eq) (or (not $x3445) $x679)) @x1548 $x679)))
 (let ((@x3343 ((_ th-lemma arith) (hypothesis (not $x815)) @x2088 @x1617 @x670 @x442 @x720 @x3790 @x670 @x442 @x720 @x3790 @x2088 @x1617 @x1717 @x3641 false)))
 (let ((@x3920 (lemma @x3343 $x815)))
 (let (($x4010 (>= ?x1600 0)))
 (let ((@x849 ((_ th-lemma arith) (hypothesis (not $x4010)) @x2088 @x1617 @x670 @x442 @x720 @x3790 @x670 @x442 @x720 @x3790 @x2088 @x1617 @x1717 @x3641 false)))
 (let ((@x3229 (lemma @x849 $x4010)))
 (let (($x1319 (not (>= ?x2842 0))))
 (let ((@x400 (unit-resolution ((_ th-lemma arith triangle-eq) (or $x1509 (not $x815) (not $x4010))) @x3920 @x3229 $x1509)))
 (let (($x3168 (<= ?x3201 0)))
 (let (($x3171 (<= ?x3575 0)))
 (let ((@x1549 (and-elim @x3334 $x1318)))
 (let ((@x2714 (unit-resolution ((_ th-lemma arith triangle-eq) (or (not $x1318) $x3171)) @x1549 $x3171)))
 (let (($x1546 (>= ?x3575 0)))
 (let ((@x2675 (unit-resolution ((_ th-lemma arith triangle-eq) (or (not $x1318) $x1546)) @x1549 $x1546)))
 (let ((@x1599 ((_ th-lemma arith) (hypothesis (not $x3168)) @x2088 @x1617 @x2675 @x2714 @x2088 @x1617 @x1717 @x3641 @x670 @x442 @x720 @x3790 @x670 @x442 @x720 @x3790 @x1717 @x3641 @x2088 @x1617 false)))
 (let ((@x1681 (lemma @x1599 $x3168)))
 (let (($x3333 (>= ?x3201 0)))
 (let ((@x860 ((_ th-lemma arith) (hypothesis (not $x3333)) @x2088 @x1617 @x2675 @x2714 @x2088 @x1617 @x1717 @x3641 @x670 @x442 @x720 @x3790 @x670 @x442 @x720 @x3790 @x1717 @x3641 @x2088 @x1617 false)))
 (let ((@x1054 (lemma @x860 $x3333)))
 (let (($x1767 (>= ?x3377 0)))
 (let (($x3718 (>= ?x3161 0)))
 (let (($x3579 (not $x3718)))
 (let ((@x3418 (hypothesis (not $x1767))))
 (let (($x1543 (<= ?x3161 0)))
 (let ((@x3259 ((_ th-lemma arith) @x3418 (hypothesis (not $x1543)) @x2088 @x1617 @x2675 @x2714 @x2088 @x1617 @x1717 @x3641 @x670 @x442 @x720 @x3790 @x670 @x442 @x720 @x3790 @x1717 @x3641 @x2088 @x1617 false)))
 (let ((@x1614 ((_ th-lemma arith farkas 1 1 1) @x3418 (hypothesis $x3718) (unit-resolution (lemma @x3259 (or $x1543 $x1767)) @x3418 $x1543) false)))
 (let ((@x3599 ((_ th-lemma arith) @x3418 (unit-resolution (lemma @x1614 (or $x3579 $x1767)) @x3418 $x3579) @x2088 @x1617 @x2675 @x2714 @x2088 @x1617 @x1717 @x3641 @x670 @x442 @x720 @x3790 @x670 @x442 @x720 @x3790 @x1717 @x3641 @x2088 @x1617 false)))
 (let ((@x4084 (unit-resolution (hypothesis $x2500) ((_ th-lemma arith eq-propagate 1 1) (hypothesis $x3333) @x1681 $x3322) false)))
 (let ((@x1680 (unit-resolution (hypothesis $x2819) ((_ th-lemma arith eq-propagate -4 -4 -1 -1) @x2088 @x1617 @x1717 @x3641 $x1957) false)))
 (let ((@x1605 (unit-resolution (and-elim @x3334 $x3337) @x3327 (or $x2819 $x1244 $x886 $x2500 $x3400))))
 (let ((@x1819 (unit-resolution (unit-resolution @x1605 (lemma @x1680 $x1957) (or $x1244 $x886 $x2500 $x3400)) (unit-resolution (lemma @x4084 (or (not $x3333) $x3322)) @x1054 $x3322) ((_ th-lemma arith eq-propagate 0 0 0) (lemma @x3599 $x1767) @x1054 @x1681 $x3154) (or $x1244 $x886))))
 (let (($x4011 (<= ?x2842 0)))
 (let ((@x3701 ((_ th-lemma arith) (hypothesis (not $x4011)) @x2088 @x1617 @x3229 @x3920 @x670 @x442 @x2088 @x1617 @x720 @x3790 false)))
 (let ((@x1119 (unit-resolution ((_ th-lemma arith triangle-eq) (or $x2757 (not $x4011) $x1319)) (lemma @x3701 $x4011) (unit-resolution @x1819 @x400 $x886) $x1319)))
 ((_ th-lemma arith) @x1119 @x2088 @x1617 @x3229 @x3920 @x670 @x442 @x2088 @x1617 @x720 @x3790 false)))))))))))))))))))))))))))))))))))))))))))))))))))))))))))))))))))))))))))))))))))))))))))))))))))))))))))))))))))))))))))))))))))))))))))))))))))))))))))))))))))))))))))))))))))))))))))))))))))))))))))))))))))))))))))))))))))))))))))))))))))))))))))))))))))))))))))))))))))))))))))))))))))))))))))))))))))))))))))))))))))))))))))))))))))))))))))))))

(:added-eqs                 16
 :arith-assert-diseq        12
 :arith-assert-lower        162
 :arith-assert-upper        29
 :arith-bound-prop          1
 :arith-conflicts           11
 :arith-eq-adapter          14
 :arith-fixed-eqs           7
 :arith-gcd-tests           34
 :arith-grobner             15
 :arith-max-min             4751
 :arith-nonlinear-bounds    138
 :arith-nonlinear-horner    157
 :arith-num-rows            14
 :arith-patches             23
 :arith-patches_succ        23
 :arith-pivots              9
 :arith-pseudo-nonlinear    2
 :arith-row-summations      30
 :arith-tableau-max-columns 167
 :arith-tableau-max-rows    14
 :conflicts                 13
 :decisions                 53
 :del-clause                50
 :final-checks              32
 :max-memory                4.72
 :memory                    3.58
 :minimized-lits            1
 :mk-bool-var               52
 :mk-clause                 51
 :num-allocs                34463833
 :num-checks                1
 :propagations              82
 :rlimit-count              561664
 :time                      0.33
 :total-time                0.35)
