unsat
((set-logic NIA)
(declare-fun x!0 () Int)
(declare-fun s!1 () Int)
(declare-fun r!2 () Int)
(proof
(let ((?x753 (* (- 9) s!1)))
 (let ((?x1562 (* r00 r00 s!1)))
 (let ((?x2645 (* 36 ?x1562)))
 (let ((?x1457 (* x00 x00)))
 (let ((?x771 (* 108 ?x1457)))
 (let ((?x1295 (* s00 s00 s00)))
 (let ((?x2733 (* 16 ?x1295)))
 (let ((?x1009 (* r00 r00 r00 x00)))
 (let ((?x3584 (* (- 432) ?x1009)))
 (let ((?x902 (* s00 x00)))
 (let ((?x2272 (* (- 108) ?x902)))
 (let ((?x734 (* s00 r00 r00)))
 (let ((?x1385 (* (- 36) ?x734)))
 (let ((?x678 (* s00 s00)))
 (let ((?x3497 (* 51 ?x678)))
 (let ((?x609 (* r00 x00)))
 (let ((?x2007 (* 108 ?x609)))
 (let ((?x137 (* 9 s00)))
 (let ((?x1938 (+ ?x137 (* (- 54) (* s00 r00)) (* 216 (* s00 r00 x00)) ?x2007 ?x3497 ?x1385 (* (- 108) (* s00 s00 r00)) (* (- 36) (* s00 s00 r00 r00)) ?x2272 (* (- 216) (* x00 x!0)) (* (- 12) (* s00 s!1 s!1)) (* 432 (* r00 r00 r00 x!0)) (* (- 216) (* s00 r00 x!0)) (* 36 (* r00 r00 s!1 s!1)) (* (- 108) (* r00 x!0)) ?x3584 (* 54 (* r00 s!1)) (* 216 (* s00 r00 r00 r00)) ?x2733 ?x771 (* 108 (* x!0 x!0)) ?x2645 (* 15 (* s!1 s!1)) (* (- 4) (* s!1 s!1 s!1)) (* (- 108) (* x!0 s!1)) (* 108 (* x00 s!1)) (* 108 (* s00 r00 s!1)) (* (- 66) (* s00 s!1)) (* (- 216) (* r00 r00 r00 s!1)) ?x753 (* 108 (* s00 x!0)))))
 (let (($x2810 (<= ?x1938 0)))
 (let (($x1939 (= ?x1938 0)))
 (let ((?x4181 (* 7 s!1)))
 (let ((?x4049 (* (- 3) r!2)))
 (let ((?x2163 (* (- 6) x!0)))
 (let ((?x1056 (* r!2 r!2)))
 (let ((?x4182 (* (- 12) ?x1056)))
 (let ((?x830 (* r!2 s!1)))
 (let ((?x3552 (* (- 2) ?x830)))
 (let ((?x556 (* r00 r00 r00)))
 (let ((?x570 (* (- 12) ?x556)))
 (let ((?x513 (* s00 r00)))
 (let ((?x514 (* 6 ?x513)))
 (let ((?x386 (* r00 r00)))
 (let ((?x1592 (* 12 ?x386)))
 (let ((?x59 (* 6 x00)))
 (let ((?x48 (* 3 r00)))
 (let ((?x1734 (* (- 7) s00)))
 (let ((?x4193 (+ ?x1734 ?x48 ?x59 ?x1592 ?x514 ?x570 ?x3552 ?x4182 ?x2163 ?x4049 (* 12 (* r00 r00 r!2)) (* (- 4) (* s00 r!2)) ?x4181)))
 (let ((?x4042 (* r!2 r!2 s!1)))
 (let ((?x2552 (* 270 ?x4042)))
 (let ((?x4144 (* 54 s!1)))
 (let ((?x2687 (* 108 (* r!2 r!2 r!2 s!1))))
 (let ((?x3622 (* 3 (* r!2 s!1 s!1 s!1))))
 (let ((?x2928 (* 33 (* r!2 r!2 s!1 s!1))))
 (let ((?x2127 (* s!1 s!1 s!1)))
 (let ((?x2270 (* 3 ?x2127)))
 (let ((?x1936 (* r!2 s!1 s!1)))
 (let ((?x2254 (* 57 ?x1936)))
 (let ((?x1922 (* s!1 s!1)))
 (let ((?x4148 (* 24 ?x1922)))
 (let ((?x4145 (* (- 54) x!0)))
 (let ((?x1494 (* x!0 x!0)))
 (let ((?x2278 (* (- 3) ?x1494)))
 (let ((?x4150 (* 216 ?x830)))
 (let ((?x3308 (+ 10 (* (- 3) (* x!0 r!2 s!1 s!1)) (* (- 270) (* x!0 r!2 r!2)) (* (- 6) (* x!0 x!0 r!2)) ?x4150 (* (- 51) (* x!0 r!2 s!1)) ?x2278 (* (- 3) (* x!0 x!0 r!2 r!2)) (* (- 216) (* x!0 r!2)) (* (- 3) (* x!0 s!1 s!1)) ?x4145 ?x4148 ?x2254 ?x2270 ?x2928 (* (- 30) (* x!0 r!2 r!2 s!1)) (* (- 108) (* x!0 r!2 r!2 r!2)) ?x3622 ?x2687 (* (- 21) (* x!0 s!1)) ?x4144 ?x2552)))
 (let ((?x1175 (* ?x3308 ?x4193)))
 (let (($x4164 (= ?x1175 0)))
 (let (($x1897 (not $x4164)))
 (let ((?x3895 (* 432 ?x4042)))
 (let ((?x3164 (* (- 297) s!1)))
 (let ((?x2158 (* r!2 r!2 r!2)))
 (let ((?x2440 (* 864 ?x2158)))
 (let ((?x1929 (* 4 ?x2127)))
 (let ((?x3676 (* 72 ?x1936)))
 (let ((?x2834 (* (- 195) ?x1922)))
 (let ((?x3166 (* 162 r!2)))
 (let ((?x2421 (* 324 x!0)))
 (let ((?x2570 (* (- 108) ?x1494)))
 (let ((?x1487 (* (- 108) ?x1457)))
 (let ((?x1486 (* (- 16) ?x1295)))
 (let ((?x1183 (* s00 r00 r00 r00)))
 (let ((?x1482 (* (- 216) ?x1183)))
 (let ((?x1770 (* 756 ?x1056)))
 (let ((?x1010 (* 432 ?x1009)))
 (let ((?x1240 (* 108 ?x902)))
 (let ((?x866 (* s00 s00 r00 r00)))
 (let ((?x867 (* 36 ?x866)))
 (let ((?x1776 (* (- 396) ?x830)))
 (let ((?x779 (* s00 s00 r00)))
 (let ((?x1137 (* 108 ?x779)))
 (let ((?x1097 (* 36 ?x734)))
 (let ((?x1476 (* (- 51) ?x678)))
 (let ((?x1473 (* (- 108) ?x609)))
 (let ((?x605 (* s00 r00 x00)))
 (let ((?x1472 (* (- 216) ?x605)))
 (let ((?x3950 (* 648 ?x556)))
 (let ((?x2176 (* (- 270) ?x513)))
 (let ((?x3054 (* (- 432) ?x386)))
 (let ((?x3944 (* (- 324) x00)))
 (let ((?x3051 (* (- 162) r00)))
 (let ((?x3943 (* 297 s00)))
 (let ((?x3265 (+ ?x3943 ?x3051 ?x3944 ?x3054 ?x2176 ?x3950 ?x1472 ?x1473 ?x1476 ?x1097 ?x1137 ?x1776 ?x867 ?x1240 (* 216 (* x00 x!0)) (* 12 (* s00 s!1 s!1)) (* (- 432) (* r00 r00 r00 x!0)) (* 216 (* s00 r00 x!0)) (* (- 36) (* r00 r00 s!1 s!1)) (* 108 (* r00 x!0)) ?x1010 (* (- 162) (* r00 s!1)) ?x1770 (* 1296 (* r00 r00 r00 r!2)) ?x1482 ?x1486 ?x1487 ?x2570 (* (- 432) (* r00 r00 r!2 s!1)) (* 648 (* x!0 r!2)) (* (- 252) ?x1562) (* 432 (* s00 r!2 r!2)) (* (- 324) (* r00 r!2)) ?x2421 ?x3166 ?x2834 ?x3676 ?x1929 ?x2440 (* (- 648) (* x00 r!2)) (* (- 1296) (* r00 r00 r!2 r!2)) (* (- 1512) (* r00 r00 r!2)) (* (- 648) (* s00 r00 r!2)) (* 324 (* x!0 s!1)) (* (- 324) (* x00 s!1)) (* 144 (* s00 r!2 s!1)) (* (- 324) (* s00 r00 s!1)) (* 246 (* s00 s!1)) (* 828 (* s00 r!2)) (* 648 (* r00 r00 r00 s!1)) ?x3164 (* (- 108) (* s00 x!0)) ?x3895)))
 (let (($x1075 (= ?x3265 0)))
 (let (($x1821 (not $x1075)))
 (let ((?x3935 (* 24 ?x4042)))
 (let ((?x2871 (* (- 57) s!1)))
 (let ((?x2161 (* 72 ?x2158)))
 (let ((?x2055 (* 2 ?x1936)))
 (let ((?x3737 (* (- 1) ?x1922)))
 (let ((?x1866 (* 36 r!2)))
 (let ((?x564 (* 72 x!0)))
 (let ((?x1845 (* 108 ?x1056)))
 (let ((?x974 (* r00 r00 x00)))
 (let ((?x987 (* (- 36) ?x974)))
 (let ((?x903 (* 6 ?x902)))
 (let ((?x563 (* (- 42) ?x830)))
 (let ((?x797 (* (- 2) ?x779)))
 (let ((?x3303 (* (- 19) ?x678)))
 (let ((?x3243 (* (- 90) ?x609)))
 (let ((?x3242 (* 18 ?x513)))
 (let ((?x3233 (* (- 108) ?x386)))
 (let ((?x3227 (* (- 72) x00)))
 (let ((?x2908 (* (- 36) r00)))
 (let ((?x3226 (* 57 s00)))
 (let ((?x2510 (+ ?x3226 ?x2908 ?x3227 ?x3233 ?x3242 ?x3243 ?x3303 (* 144 (* r00 r!2 r!2)) ?x1097 ?x797 ?x563 ?x903 (* 90 (* r00 x!0)) ?x987 (* (- 90) (* r00 s!1)) ?x1845 (* 12 (* r00 r!2 s!1)) (* 90 (* x!0 r!2)) (* (- 72) ?x1562) (* 12 (* s00 r!2 r!2)) ?x564 ?x1866 ?x3737 ?x2055 ?x2161 (* (- 90) (* x00 r!2)) (* (- 216) (* r00 r00 r!2)) (* (- 12) (* s00 r00 r!2)) (* 6 (* x!0 s!1)) (* (- 6) (* x00 s!1)) (* (- 4) (* s00 s00 r!2)) (* 2 (* s00 r!2 s!1)) (* 4 (* r00 s!1 s!1)) (* (- 2) (* s00 r00 s!1)) (* 20 (* s00 s!1)) (* (- 36) (* r00 x00 r!2)) (* 36 (* r00 r00 x!0)) (* 114 (* s00 r!2)) ?x2871 (* 36 (* r00 x!0 r!2)) (* (- 6) (* s00 x!0)) ?x3935)))
 (let (($x1755 (= ?x2510 0)))
 (let (($x2135 (not $x1755)))
 (let ((?x3601 (* (- 12) s!1)))
 (let ((?x2417 (* 2 ?x1922)))
 (let ((?x1782 (* 9 r!2)))
 (let ((?x1083 (* 18 x!0)))
 (let ((?x528 (* 18 ?x1056)))
 (let ((?x1783 (* (- 3) ?x830)))
 (let ((?x735 (* 6 ?x734)))
 (let ((?x691 (* (- 4) ?x678)))
 (let ((?x623 (* (- 18) ?x609)))
 (let ((?x3783 (* 3 ?x513)))
 (let ((?x3780 (* (- 18) ?x386)))
 (let ((?x3766 (* (- 18) x00)))
 (let ((?x3742 (* (- 9) r00)))
 (let ((?x2769 (* 12 s00)))
 (let ((?x1360 (+ ?x2769 ?x3742 ?x3766 ?x3780 ?x3783 ?x623 ?x691 (* 36 (* r00 r!2 r!2)) ?x735 ?x1783 (* 18 (* r00 x!0)) (* (- 21) (* r00 s!1)) ?x528 (* 6 (* r00 r!2 s!1)) (* 18 (* x!0 r!2)) (* (- 6) ?x1562) ?x1083 ?x1782 ?x2417 (* (- 18) (* x00 r!2)) (* (- 36) (* r00 r00 r!2)) (* (- 6) (* s00 r00 r!2)) (* 2 (* s00 s!1)) (* 21 (* s00 r!2)) ?x3601)))
 (let (($x1364 (= ?x1360 0)))
 (let (($x695 (not $x1364)))
 (let ((?x2016 (* (- 7) s!1)))
 (let ((?x3696 (* s00 r!2)))
 (let ((?x3287 (* 4 ?x3696)))
 (let ((?x2742 (* r00 r00 r!2)))
 (let ((?x3279 (* (- 12) ?x2742)))
 (let ((?x2454 (* 3 r!2)))
 (let ((?x1158 (* 6 x!0)))
 (let ((?x3456 (* 12 ?x1056)))
 (let ((?x2024 (* 2 ?x830)))
 (let ((?x557 (* 12 ?x556)))
 (let ((?x591 (* (- 6) ?x513)))
 (let ((?x2442 (* (- 12) ?x386)))
 (let ((?x588 (* (- 6) x00)))
 (let ((?x587 (* (- 3) r00)))
 (let ((?x3587 (* 7 s00)))
 (let ((?x1946 (+ ?x3587 ?x587 ?x588 ?x2442 ?x591 ?x557 ?x2024 ?x3456 ?x1158 ?x2454 ?x3279 ?x3287 ?x2016)))
 (let (($x686 (= ?x1946 0)))
 (let (($x1944 (not $x686)))
 (let ((?x1951 (* (- 3) ?x386)))
 (let ((?x2631 (+ s00 ?x1951 (* 3 ?x1056) (* (- 1) s!1))))
 (let (($x2441 (= ?x2631 0)))
 (let (($x1932 (not $x2441)))
 (let (($x4172 (or $x1932 $x1944 $x695 $x2135 $x1821 $x1897)))
 (let ((?x975 (* 36 ?x974)))
 (let ((?x3112 (* (- 6) ?x902)))
 (let ((?x780 (* 2 ?x779)))
 (let ((?x3785 (* 15 ?x678)))
 (let ((?x2106 (* 54 ?x609)))
 (let ((?x3694 (+ ?x137 (* (- 24) ?x513) ?x2106 ?x3785 ?x1385 ?x780 (* 24 ?x830) ?x3112 (* (- 54) (* r00 x!0)) ?x975 (* 24 (* r00 s!1)) (* (- 54) (* x!0 r!2)) ?x2645 (* (- 3) ?x1922) (* (- 2) ?x1936) (* 54 (* x00 r!2)) (* (- 6) (* x!0 s!1)) (* 6 (* x00 s!1)) (* 4 (* s00 s00 r!2)) (* (- 2) (* s00 r!2 s!1)) (* (- 4) (* r00 s!1 s!1)) (* 2 (* s00 r00 s!1)) (* (- 12) (* s00 s!1)) (* 36 (* r00 x00 r!2)) (* (- 36) (* r00 r00 x!0)) (* (- 24) ?x3696) ?x753 (* (- 36) (* r00 x!0 r!2)) (* 6 (* s00 x!0)))))
 (let (($x3697 (= ?x3694 0)))
 (let ((?x2201 (* (- 3) s!1)))
 (let ((?x2330 (* (- 6) ?x734)))
 (let ((?x679 (* 4 ?x678)))
 (let ((?x610 (* 18 ?x609)))
 (let ((?x44 (* 3 s00)))
 (let ((?x1108 (+ ?x44 (* (- 9) ?x513) ?x610 ?x679 ?x2330 (* 9 ?x830) (* (- 18) (* r00 x!0)) (* 9 (* r00 s!1)) (* (- 6) (* r00 r!2 s!1)) (* (- 18) (* x!0 r!2)) (* 6 ?x1562) (* (- 2) ?x1922) (* 18 (* x00 r!2)) (* 6 (* s00 r00 r!2)) (* (- 2) (* s00 s!1)) (* (- 9) ?x3696) ?x2201)))
 (let (($x2303 (= ?x1108 0)))
 (let ((?x1637 (+ ?x44 ?x587 ?x588 ?x591 ?x557 ?x2024 ?x1158 ?x2454 ?x3279 ?x3287 ?x2201)))
 (let (($x1640 (= ?x1637 0)))
 (let (($x3745 (and $x2441 $x1640 $x2303 $x3697 $x1939 $x4172)))
 (let ((?x4192 (+ ?x4049 ?x4181 ?x2163 ?x1734 ?x48 ?x59 ?x4182 ?x1592 ?x3552 (* 12 (* r!2 r00 r00)) (* (- 4) (* r!2 s00)) ?x514 ?x570)))
 (let ((?x3666 (+ 10 ?x4144 ?x4145 ?x4150 ?x4148 (* (- 216) (* r!2 x!0)) ?x2254 (* (- 21) (* s!1 x!0)) ?x2270 ?x2278 (* (- 51) (* r!2 s!1 x!0)) ?x2552 (* (- 270) (* r!2 r!2 x!0)) (* (- 6) (* r!2 x!0 x!0)) (* (- 3) (* r!2 r!2 x!0 x!0)) ?x2928 (* (- 30) (* r!2 r!2 s!1 x!0)) (* (- 3) (* s!1 s!1 x!0)) (* (- 3) (* r!2 s!1 s!1 x!0)) ?x2687 ?x3622 (* (- 108) (* r!2 r!2 r!2 x!0)))))
 (let ((?x818 (* 216 (* x!0 x00))))
 (let ((?x815 (* (- 36) (* s!1 s!1 r00 r00))))
 (let ((?x799 (* 216 (* x!0 s00 r00))))
 (let ((?x1520 (* (- 432) (* x!0 r00 r00 r00))))
 (let ((?x3454 (* 12 (* s!1 s!1 s00))))
 (let ((?x2186 (* x!0 s00)))
 (let ((?x858 (* (- 108) ?x2186)))
 (let ((?x3583 (* x!0 r00)))
 (let ((?x857 (* 108 ?x3583)))
 (let ((?x4139 (+ ?x3166 ?x3164 ?x2421 ?x3943 ?x3051 ?x3944 ?x1770 ?x3054 ?x1776 (* (- 1512) (* r!2 r00 r00)) (* 828 (* r!2 s00)) ?x2176 ?x3950 ?x1472 ?x1473 ?x2834 (* 648 (* r!2 x!0)) (* (- 252) (* s!1 r00 r00)) ?x1476 ?x857 ?x858 ?x1097 (* (- 648) (* r!2 x00)) (* 648 (* s!1 r00 r00 r00)) (* 246 (* s!1 s00)) ?x1137 (* (- 162) (* s!1 r00)) (* (- 648) (* r!2 s00 r00)) (* (- 324) (* s!1 x00)) ?x867 (* (- 324) (* s!1 s00 r00)) ?x1240 ?x3676 (* 324 (* s!1 x!0)) ?x1929 ?x2570 ?x1010 (* 144 (* r!2 s!1 s00)) ?x3454 ?x1482 ?x1520 ?x799 ?x815 ?x1486 ?x818 ?x1487 (* (- 324) (* r!2 r00)) (* (- 1296) (* r!2 r!2 r00 r00)) (* (- 432) (* r!2 s!1 r00 r00)) (* 1296 (* r!2 r00 r00 r00)) ?x2440 ?x3895 (* 432 (* r!2 r!2 s00)))))
 (let ((?x3230 (* 36 (* x!0 r00 r00))))
 (let ((?x3277 (* (- 36) (* r!2 r00 x00))))
 (let ((?x2678 (* r!2 s!1 s00)))
 (let ((?x3254 (* 2 ?x2678)))
 (let ((?x4004 (* (- 4) (* r!2 s00 s00))))
 (let ((?x2073 (* s!1 x!0)))
 (let ((?x2101 (* 6 ?x2073)))
 (let ((?x2864 (* s!1 s00 r00)))
 (let ((?x2994 (* (- 2) ?x2864)))
 (let ((?x1604 (* s!1 x00)))
 (let ((?x2843 (* (- 6) ?x1604)))
 (let ((?x1967 (* 4 (* s!1 s!1 r00))))
 (let ((?x2187 (* (- 6) ?x2186)))
 (let ((?x1906 (* 36 (* r!2 x!0 r00))))
 (let ((?x1525 (+ ?x1866 ?x2871 ?x564 ?x3226 ?x2908 ?x3227 ?x1845 ?x3233 ?x563 (* (- 216) (* r!2 r00 r00)) (* 114 (* r!2 s00)) ?x3242 ?x3243 ?x3737 (* 90 (* r!2 x!0)) (* 12 (* r!2 s!1 r00)) (* (- 72) (* s!1 r00 r00)) ?x1906 ?x3303 (* 90 ?x3583) ?x2187 ?x1097 (* (- 90) (* r!2 x00)) ?x1967 (* 20 (* s!1 s00)) ?x797 (* (- 90) (* s!1 r00)) (* (- 12) (* r!2 s00 r00)) ?x2843 ?x2994 ?x903 ?x2055 ?x2101 ?x4004 ?x987 ?x3254 ?x3277 ?x3230 (* 144 (* r!2 r!2 r00)) ?x2161 ?x3935 (* 12 (* r!2 r!2 s00)))))
 (let ((?x2586 (* r!2 s00 r00)))
 (let ((?x2590 (* (- 6) ?x2586)))
 (let ((?x1164 (* s!1 s00)))
 (let ((?x672 (* 2 ?x1164)))
 (let ((?x2453 (* r!2 x00)))
 (let ((?x1865 (* (- 18) ?x2453)))
 (let ((?x2436 (* 18 ?x3583)))
 (let ((?x2515 (* s!1 r00 r00)))
 (let ((?x1874 (* (- 6) ?x2515)))
 (let ((?x3830 (* r!2 s!1 r00)))
 (let ((?x2514 (* 6 ?x3830)))
 (let ((?x3081 (* r!2 x!0)))
 (let ((?x3168 (* 18 ?x3081)))
 (let ((?x1848 (+ ?x1782 ?x3601 ?x1083 ?x2769 ?x3742 ?x3766 ?x528 ?x3780 ?x1783 (* (- 36) (* r!2 r00 r00)) (* 21 (* r!2 s00)) ?x3783 ?x623 ?x2417 ?x3168 ?x2514 ?x1874 ?x691 ?x2436 ?x735 ?x1865 ?x672 (* (- 21) (* s!1 r00)) ?x2590 (* 36 (* r!2 r!2 r00)))))
 (let ((?x2997 (* r!2 s00)))
 (let ((?x2216 (* 4 ?x2997)))
 (let ((?x2996 (* r!2 r00 r00)))
 (let ((?x2952 (* (- 12) ?x2996)))
 (let ((?x3480 (+ ?x2454 ?x2016 ?x1158 ?x3587 ?x587 ?x588 ?x3456 ?x2442 ?x2024 ?x2952 ?x2216 ?x591 ?x557)))
 (let (($x2978 (= (+ s!1 (* (- 1) s00) (* (- 3) ?x1056) (* 3 ?x386)) 0)))
 (let (($x4206 (or (not $x2978) (not (= ?x3480 0)) (not (= ?x1848 0)) (not (= ?x1525 0)) (not (= ?x4139 0)) (not (= (* ?x3666 ?x4192) 0)))))
 (let ((?x1721 (* (- 36) ?x2515)))
 (let ((?x615 (* 54 ?x513)))
 (let ((?x1084 (* (- 9) s00)))
 (let ((?x2695 (* 9 s!1)))
 (let ((?x1822 (+ ?x2695 ?x1084 ?x615 ?x1472 ?x1473 (* (- 15) ?x1922) ?x1721 ?x1476 ?x857 ?x858 ?x1097 (* 216 (* s!1 r00 r00 r00)) (* 66 ?x1164) ?x1137 (* (- 54) (* s!1 r00)) (* (- 108) ?x1604) ?x867 (* (- 108) ?x2864) ?x1240 (* 108 ?x2073) ?x1929 ?x2570 ?x1010 ?x3454 ?x1482 ?x1520 ?x799 ?x815 ?x1486 ?x818 ?x1487)))
 (let ((?x1013 (* (- 15) ?x678)))
 (let ((?x646 (* (- 54) ?x609)))
 (let ((?x661 (* 24 ?x513)))
 (let ((?x2085 (+ ?x2695 ?x1084 (* (- 24) ?x830) (* 24 ?x2997) ?x661 ?x646 (* 3 ?x1922) (* 54 ?x3081) ?x1721 ?x1906 ?x1013 (* 54 ?x3583) ?x2187 ?x1097 (* (- 54) ?x2453) ?x1967 (* 12 ?x1164) ?x797 (* (- 24) (* s!1 r00)) ?x2843 ?x2994 ?x903 ?x2055 ?x2101 ?x4004 ?x987 ?x3254 ?x3277 ?x3230)))
 (let ((?x628 (* 9 ?x513)))
 (let ((?x465 (* (- 3) s00)))
 (let ((?x2628 (+ (* 3 s!1) ?x465 (* (- 9) ?x830) (* 9 ?x2997) ?x628 ?x623 ?x2417 ?x3168 ?x2514 ?x1874 ?x691 ?x2436 ?x735 ?x1865 ?x672 (* (- 9) (* s!1 r00)) ?x2590)))
 (let (($x2218 (= (+ ?x2454 ?x2201 ?x1158 ?x44 ?x587 ?x588 ?x2024 ?x2952 ?x2216 ?x591 ?x557) 0)))
 (let (($x3500 (and $x2978 $x2218 (= ?x2628 0) (= ?x2085 0) (= ?x1822 0) $x4206)))
 (let (($x1647 (exists ((r Int) (s Int) (x Int) )(! (let ((?x556 (* r00 r00 r00)))
 (let ((?x570 (* (- 12) ?x556)))
 (let ((?x513 (* s00 r00)))
 (let ((?x514 (* 6 ?x513)))
 (let ((?x486 (* r s00)))
 (let ((?x500 (* (- 4) ?x486)))
 (let ((?x436 (* r r00 r00)))
 (let ((?x437 (* 12 ?x436)))
 (let ((?x430 (* r s)))
 (let ((?x431 (* (- 2) ?x430)))
 (let ((?x386 (* r00 r00)))
 (let ((?x1592 (* 12 ?x386)))
 (let ((?x59 (* 6 x00)))
 (let ((?x48 (* 3 r00)))
 (let ((?x1734 (* (- 7) s00)))
 (let ((?x535 (* (- 6) x)))
 (let ((?x1796 (* 7 s)))
 (let ((?x1935 (* (- 3) r)))
 (let ((?x1644 (+ ?x1935 ?x1796 ?x535 ?x1734 ?x48 ?x59 (* (- 12) (* r r)) ?x1592 ?x431 ?x437 ?x500 ?x514 ?x570)))
 (let ((?x4248 (+ 10 (* 54 s) (* (- 54) x) (* 216 ?x430) (* 24 (* s s)) (* (- 216) (* r x)) (* 57 (* r s s)) (* (- 21) (* s x)) (* 3 (* s s s)) (* (- 3) (* x x)) (* (- 51) (* r s x)) (* 270 (* r r s)) (* (- 270) (* r r x)) (* (- 6) (* r x x)) (* (- 3) (* r r x x)) (* 33 (* r r s s)) (* (- 30) (* r r s x)) (* (- 3) (* s s x)) (* (- 3) (* r s s x)) (* 108 (* r r r s)) (* 3 (* r s s s)) (* (- 108) (* r r r x)))))
 (let ((?x3330 (* r r s00)))
 (let ((?x3984 (* 432 ?x3330)))
 (let ((?x3019 (* r r s)))
 (let ((?x3980 (* 432 ?x3019)))
 (let ((?x3004 (* r r r)))
 (let ((?x3979 (* 864 ?x3004)))
 (let ((?x3973 (* 1296 (* r r00 r00 r00))))
 (let ((?x1457 (* x00 x00)))
 (let ((?x1487 (* (- 108) ?x1457)))
 (let ((?x1432 (* 216 (* x x00))))
 (let ((?x1295 (* s00 s00 s00)))
 (let ((?x1486 (* (- 16) ?x1295)))
 (let ((?x1484 (* (- 36) (* s s r00 r00))))
 (let ((?x1266 (* 216 (* x s00 r00))))
 (let ((?x1483 (* (- 432) (* x r00 r00 r00))))
 (let ((?x1183 (* s00 r00 r00 r00)))
 (let ((?x1482 (* (- 216) ?x1183)))
 (let ((?x1068 (* 12 (* s s s00))))
 (let ((?x1026 (* r s s00)))
 (let ((?x3960 (* 144 ?x1026)))
 (let ((?x1009 (* r00 r00 r00 x00)))
 (let ((?x1010 (* 432 ?x1009)))
 (let ((?x979 (* x x)))
 (let ((?x1481 (* (- 108) ?x979)))
 (let ((?x916 (* s s s)))
 (let ((?x918 (* 4 ?x916)))
 (let ((?x906 (* r s s)))
 (let ((?x3959 (* 72 ?x906)))
 (let ((?x902 (* s00 x00)))
 (let ((?x1240 (* 108 ?x902)))
 (let ((?x866 (* s00 s00 r00 r00)))
 (let ((?x867 (* 36 ?x866)))
 (let ((?x825 (* s x00)))
 (let ((?x3957 (* (- 324) ?x825)))
 (let ((?x779 (* s00 s00 r00)))
 (let ((?x1137 (* 108 ?x779)))
 (let ((?x734 (* s00 r00 r00)))
 (let ((?x1097 (* 36 ?x734)))
 (let ((?x708 (* x s00)))
 (let ((?x1477 (* (- 108) ?x708)))
 (let ((?x704 (* x r00)))
 (let ((?x1343 (* 108 ?x704)))
 (let ((?x678 (* s00 s00)))
 (let ((?x1476 (* (- 51) ?x678)))
 (let ((?x636 (* r x)))
 (let ((?x3953 (* 648 ?x636)))
 (let ((?x609 (* r00 x00)))
 (let ((?x1473 (* (- 108) ?x609)))
 (let ((?x605 (* s00 r00 x00)))
 (let ((?x1472 (* (- 216) ?x605)))
 (let ((?x3950 (* 648 ?x556)))
 (let ((?x2176 (* (- 270) ?x513)))
 (let ((?x3949 (* 828 ?x486)))
 (let ((?x3054 (* (- 432) ?x386)))
 (let ((?x3944 (* (- 324) x00)))
 (let ((?x3051 (* (- 162) r00)))
 (let ((?x3943 (* 297 s00)))
 (let ((?x3659 (* 324 x)))
 (let ((?x3646 (+ (* 162 r) (* (- 297) s) ?x3659 ?x3943 ?x3051 ?x3944 (* 756 (* r r)) ?x3054 (* (- 396) ?x430) (* (- 1512) ?x436) ?x3949 ?x2176 ?x3950 ?x1472 ?x1473 (* (- 195) (* s s)) ?x3953 (* (- 252) (* s r00 r00)) ?x1476 ?x1343 ?x1477 ?x1097 (* (- 648) (* r x00)) (* 648 (* s r00 r00 r00)) (* 246 (* s s00)) ?x1137 (* (- 162) (* s r00)) (* (- 648) (* r s00 r00)) ?x3957 ?x867 (* (- 324) (* s s00 r00)) ?x1240 ?x3959 (* 324 (* s x)) ?x918 ?x1481 ?x1010 ?x3960 ?x1068 ?x1482 ?x1483 ?x1266 ?x1484 ?x1486 ?x1432 ?x1487 (* (- 324) (* r r00)) (* (- 1296) (* r r r00 r00)) (* (- 432) (* r s r00 r00)) ?x3973 ?x3979 ?x3980 ?x3984)))
 (let ((?x1170 (* 36 (* x r00 r00))))
 (let ((?x1038 (* r r00 x00)))
 (let ((?x1051 (* (- 36) ?x1038)))
 (let ((?x1027 (* 2 ?x1026)))
 (let ((?x974 (* r00 r00 x00)))
 (let ((?x987 (* (- 36) ?x974)))
 (let ((?x922 (* r s00 s00)))
 (let ((?x935 (* (- 4) ?x922)))
 (let ((?x910 (* s x)))
 (let ((?x911 (* 6 ?x910)))
 (let ((?x907 (* 2 ?x906)))
 (let ((?x903 (* 6 ?x902)))
 (let ((?x876 (* s s00 r00)))
 (let ((?x889 (* (- 2) ?x876)))
 (let ((?x852 (* (- 6) ?x825)))
 (let ((?x797 (* (- 2) ?x779)))
 (let ((?x752 (* 4 (* s s r00))))
 (let ((?x723 (* (- 6) ?x708)))
 (let ((?x3303 (* (- 19) ?x678)))
 (let ((?x656 (* 36 (* r x r00))))
 (let ((?x3243 (* (- 90) ?x609)))
 (let ((?x3242 (* 18 ?x513)))
 (let ((?x3233 (* (- 108) ?x386)))
 (let ((?x3227 (* (- 72) x00)))
 (let ((?x2908 (* (- 36) r00)))
 (let ((?x3226 (* 57 s00)))
 (let ((?x3379 (+ (* 36 r) (* (- 57) s) (* 72 x) ?x3226 ?x2908 ?x3227 (* 108 (* r r)) ?x3233 (* (- 42) ?x430) (* (- 216) ?x436) (* 114 ?x486) ?x3242 ?x3243 (* (- 1) (* s s)) (* 90 ?x636) (* 12 (* r s r00)) (* (- 72) (* s r00 r00)) ?x656 ?x3303 (* 90 ?x704) ?x723 ?x1097 (* (- 90) (* r x00)) ?x752 (* 20 (* s s00)) ?x797 (* (- 90) (* s r00)) (* (- 12) (* r s00 r00)) ?x852 ?x889 ?x903 ?x907 ?x911 ?x935 ?x987 ?x1027 ?x1051 ?x1170 (* 144 (* r r r00)) (* 72 ?x3004) (* 24 ?x3019) (* 12 ?x3330))))
 (let ((?x813 (* r s00 r00)))
 (let ((?x826 (* (- 6) ?x813)))
 (let ((?x775 (* s s00)))
 (let ((?x776 (* 2 ?x775)))
 (let ((?x746 (* r x00)))
 (let ((?x759 (* (- 18) ?x746)))
 (let ((?x735 (* 6 ?x734)))
 (let ((?x705 (* 18 ?x704)))
 (let ((?x691 (* (- 4) ?x678)))
 (let ((?x652 (* s r00 r00)))
 (let ((?x665 (* (- 6) ?x652)))
 (let ((?x640 (* r s r00)))
 (let ((?x641 (* 6 ?x640)))
 (let ((?x637 (* 18 ?x636)))
 (let ((?x632 (* s s)))
 (let ((?x633 (* 2 ?x632)))
 (let ((?x623 (* (- 18) ?x609)))
 (let ((?x3783 (* 3 ?x513)))
 (let ((?x3780 (* (- 18) ?x386)))
 (let ((?x3766 (* (- 18) x00)))
 (let ((?x3742 (* (- 9) r00)))
 (let ((?x2769 (* 12 s00)))
 (let ((?x3752 (+ (* 9 r) (* (- 12) s) (* 18 x) ?x2769 ?x3742 ?x3766 (* 18 (* r r)) ?x3780 (* (- 3) ?x430) (* (- 36) ?x436) (* 21 ?x486) ?x3783 ?x623 ?x633 ?x637 ?x641 ?x665 ?x691 ?x705 ?x735 ?x759 ?x776 (* (- 21) (* s r00)) ?x826 (* 36 (* r r r00)))))
 (let ((?x557 (* 12 ?x556)))
 (let ((?x591 (* (- 6) ?x513)))
 (let ((?x487 (* 4 ?x486)))
 (let ((?x590 (* (- 12) ?x436)))
 (let ((?x589 (* 2 ?x430)))
 (let ((?x2442 (* (- 12) ?x386)))
 (let ((?x588 (* (- 6) x00)))
 (let ((?x587 (* (- 3) r00)))
 (let ((?x3587 (* 7 s00)))
 (let ((?x56 (* 6 x)))
 (let ((?x43 (* 3 r)))
 (let ((?x2099 (+ ?x43 (* (- 7) s) ?x56 ?x3587 ?x587 ?x588 (* 12 (* r r)) ?x2442 ?x589 ?x590 ?x487 ?x591 ?x557)))
 (let (($x419 (= (+ s (* (- 1) s00) (* (- 3) (* r r)) (* 3 ?x386)) 0)))
 (let (($x1642 (or (not $x419) (not (= ?x2099 0)) (not (= ?x3752 0)) (not (= ?x3379 0)) (not (= ?x3646 0)) (not (= (* ?x4248 ?x1644) 0)))))
 (let ((?x1307 (* 108 ?x910)))
 (let ((?x757 (* s r00 r00 r00)))
 (let ((?x758 (* 216 ?x757)))
 (let ((?x961 (* (- 36) ?x652)))
 (let ((?x615 (* 54 ?x513)))
 (let ((?x1084 (* (- 9) s00)))
 (let ((?x143 (* 9 s)))
 (let ((?x1488 (+ ?x143 ?x1084 ?x615 ?x1472 ?x1473 (* (- 15) ?x632) ?x961 ?x1476 ?x1343 ?x1477 ?x1097 ?x758 (* 66 ?x775) ?x1137 (* (- 54) (* s r00)) (* (- 108) ?x825) ?x867 (* (- 108) ?x876) ?x1240 ?x1307 ?x918 ?x1481 ?x1010 ?x1068 ?x1482 ?x1483 ?x1266 ?x1484 ?x1486 ?x1432 ?x1487)))
 (let (($x1489 (= ?x1488 0)))
 (let ((?x1013 (* (- 15) ?x678)))
 (let ((?x664 (* 3 ?x632)))
 (let ((?x646 (* (- 54) ?x609)))
 (let ((?x661 (* 24 ?x513)))
 (let ((?x1176 (+ ?x143 ?x1084 (* (- 24) ?x430) (* 24 ?x486) ?x661 ?x646 ?x664 (* 54 ?x636) ?x961 ?x656 ?x1013 (* 54 ?x704) ?x723 ?x1097 (* (- 54) ?x746) ?x752 (* 12 ?x775) ?x797 (* (- 24) (* s r00)) ?x852 ?x889 ?x903 ?x907 ?x911 ?x935 ?x987 ?x1027 ?x1051 ?x1170)))
 (let (($x1181 (= ?x1176 0)))
 (let ((?x628 (* 9 ?x513)))
 (let ((?x465 (* (- 3) s00)))
 (let ((?x47 (* 3 s)))
 (let ((?x832 (+ ?x47 ?x465 (* (- 9) ?x430) (* 9 ?x486) ?x628 ?x623 ?x633 ?x637 ?x641 ?x665 ?x691 ?x705 ?x735 ?x759 ?x776 (* (- 9) (* s r00)) ?x826)))
 (let (($x839 (= ?x832 0)))
 (let ((?x44 (* 3 s00)))
 (let ((?x586 (* (- 3) s)))
 (let (($x593 (= (+ ?x43 ?x586 ?x56 ?x44 ?x587 ?x588 ?x589 ?x590 ?x487 ?x591 ?x557) 0)))
 (and $x419 $x593 $x839 $x1181 $x1489 $x1642))))))))))))))))))))))))))))))))))))))))))))))))))))))))))))))))))))))))))))))))))))))))))))))))))))))))))))))))))))))))))))))))))))))))))))))))))))))))))))))))))))))) :qid k!40))
 ))
 (let (($x1188 (exists ((r Int) (s Int) (x Int) )(! (let ((?x556 (* r00 r00 r00)))
 (let ((?x570 (* (- 12) ?x556)))
 (let ((?x59 (* 6 x00)))
 (let ((?x535 (* (- 6) x)))
 (let ((?x2760 (* r00 s00)))
 (let ((?x2865 (* 6 ?x2760)))
 (let ((?x3836 (+ 1 r)))
 (let ((?x2098 (* s00 ?x3836)))
 (let ((?x3487 (* (- 4) ?x2098)))
 (let ((?x48 (* 3 r00)))
 (let ((?x143 (* 9 s)))
 (let ((?x465 (* (- 3) s00)))
 (let ((?x2361 (* 15 r)))
 (let ((?x2191 (* r00 r00 ?x3836)))
 (let ((?x2382 (* 12 ?x2191)))
 (let ((?x211 (* 6 r)))
 (let ((?x3082 (+ 3 s ?x211)))
 (let ((?x3172 (* ?x3836 ?x3082)))
 (let ((?x2892 (* (- 2) ?x3172)))
 (let ((?x1754 (* (- 3) (* ?x3836 ?x3836 (+ x (* (- 1) s)) (+ x (* (- 1) s))))))
 (let ((?x3916 (+ 10 (* (- 9) (* ?x3836 (+ x (* (- 1) s)) ?x3082)) ?x1754 (* (- 3) (* ?x3836 (+ x (* (- 1) s)) ?x3082 ?x3082)))))
 (let ((?x937 (* ?x3916 (+ 6 ?x2892 ?x2382 ?x2361 ?x465 ?x143 ?x48 ?x3487 ?x2865 ?x535 ?x59 ?x570))))
 (let (($x1855 (not (= ?x937 0))))
 (let ((?x1457 (* x00 x00)))
 (let ((?x771 (* 108 ?x1457)))
 (let ((?x3300 (* (- 54) r)))
 (let ((?x3413 (* (- 9) s)))
 (let ((?x2680 (* r00 r00 s00)))
 (let ((?x2525 (* (- 36) ?x2680)))
 (let ((?x137 (* 9 s00)))
 (let ((?x678 (* s00 s00)))
 (let ((?x3497 (* 51 ?x678)))
 (let ((?x3778 (* r00 r00 ?x3082)))
 (let ((?x3936 (* 36 ?x3778)))
 (let ((?x1295 (* s00 s00 s00)))
 (let ((?x2733 (* 16 ?x1295)))
 (let ((?x902 (* s00 x00)))
 (let ((?x2272 (* (- 108) ?x902)))
 (let ((?x2594 (* 216 (* r00 r00 r00 s00))))
 (let ((?x2544 (* r00 s00 s00)))
 (let ((?x2266 (* (- 108) ?x2544)))
 (let ((?x1009 (* r00 r00 r00 x00)))
 (let ((?x3584 (* (- 432) ?x1009)))
 (let ((?x3350 (* (- 36) (* r00 r00 s00 s00))))
 (let ((?x2937 (* (- 54) ?x2760)))
 (let ((?x609 (* r00 x00)))
 (let ((?x2007 (* 108 ?x609)))
 (let ((?x2406 (* 216 (* r00 s00 x00))))
 (let ((?x662 (+ ?x2406 ?x2007 ?x2937 (* 15 (* ?x3082 ?x3082)) (* (- 216) (* r00 r00 r00 ?x3082)) ?x3350 (* (- 4) (* ?x3082 ?x3082 ?x3082)) (* 108 (* (+ x (* (- 1) s)) (+ x (* (- 1) s)))) ?x3584 (* (- 12) (* s00 ?x3082 ?x3082)) (* 108 (* s00 (+ x (* (- 1) s)))) ?x2266 ?x2594 (* 108 (* x00 ?x3082)) (* 432 (* r00 r00 r00 (+ x (* (- 1) s)))) (* (- 66) (* s00 ?x3082)) (* 108 (* r00 s00 ?x3082)) ?x2272 (* (- 216) (* r00 s00 (+ x (* (- 1) s)))) (* 36 (* r00 r00 ?x3082 ?x3082)) ?x2733 (* (- 108) (* (+ x (* (- 1) s)) ?x3082)) ?x3936 ?x3497 (* (- 108) (* r00 (+ x (* (- 1) s)))) ?x137 ?x2525 ?x3413 ?x3300 (* 54 (* r00 ?x3082)) (* (- 216) (* x00 (+ x (* (- 1) s)))) ?x771)))
 (let (($x1220 (not (= ?x662 27))))
 (let ((?x3785 (* 15 ?x678)))
 (let ((?x974 (* r00 r00 x00)))
 (let ((?x975 (* 36 ?x974)))
 (let ((?x3112 (* (- 6) ?x902)))
 (let ((?x2401 (* 2 ?x2544)))
 (let ((?x2409 (* (- 24) ?x2760)))
 (let ((?x2106 (* 54 ?x609)))
 (let ((?x2579 (+ (* 24 ?x3172) ?x2106 (* (- 36) (* r00 ?x3836 (+ x (* (- 1) s)))) ?x2409 (* (- 3) (* ?x3082 ?x3082)) (* (- 54) (* ?x3836 (+ x (* (- 1) s)))) (* 6 (* s00 (+ x (* (- 1) s)))) (* (- 4) (* r00 ?x3082 ?x3082)) ?x2401 (* 6 (* x00 ?x3082)) (* (- 12) (* s00 ?x3082)) (* 2 (* r00 s00 ?x3082)) ?x3112 (* (- 2) (* ?x3836 ?x3082 ?x3082)) (* (- 6) (* (+ x (* (- 1) s)) ?x3082)) (* 4 (* s00 s00 ?x3836)) ?x3936 ?x975 ?x3785 (* (- 2) (* s00 ?x3836 ?x3082)) (* 36 (* r00 x00 ?x3836)) (* (- 54) (* r00 (+ x (* (- 1) s)))) ?x137 ?x2525 (* 54 (* x00 ?x3836)) ?x3413 ?x3300 (* (- 24) ?x2098) (* 24 (* r00 ?x3082)) (* (- 36) (* r00 r00 (+ x (* (- 1) s)))))))
 (let ((?x586 (* (- 3) s)))
 (let ((?x2571 (* (- 6) ?x2680)))
 (let ((?x44 (* 3 s00)))
 (let ((?x679 (* 4 ?x678)))
 (let ((?x3873 (* (- 9) ?x2760)))
 (let ((?x610 (* 18 ?x609)))
 (let ((?x3376 (+ (* 9 ?x3172) ?x610 ?x3873 (* (- 2) (* ?x3082 ?x3082)) (* (- 18) (* ?x3836 (+ x (* (- 1) s)))) (* (- 6) (* r00 ?x3836 ?x3082)) (* 6 ?x3778) ?x679 (* (- 18) (* r00 (+ x (* (- 1) s)))) ?x44 ?x2571 (* 18 (* x00 ?x3836)) ?x586 (* (- 18) r) (* (- 9) ?x2098) (* (- 2) (* s00 ?x3082)) (* 9 (* r00 ?x3082)) (* 6 (* r00 s00 ?x3836)))))
 (let ((?x557 (* 12 ?x556)))
 (let ((?x588 (* (- 6) x00)))
 (let ((?x56 (* 6 x)))
 (let ((?x1753 (* (- 6) ?x2760)))
 (let ((?x587 (* (- 3) r00)))
 (let ((?x2063 (+ (* 2 ?x3172) (* (- 12) ?x2191) (* (- 15) r) ?x44 ?x3413 ?x587 (* 4 ?x2098) ?x1753 ?x56 ?x588 ?x557)))
 (let ((?x386 (* r00 r00)))
 (let ((?x1951 (* (- 3) ?x386)))
 (let ((?x365 (* (- 1) s)))
 (let (($x2006 (= (+ s00 ?x365 (* (- 6) r) (* 3 (* ?x3836 ?x3836)) ?x1951) 3)))
 (let (($x1159 (not $x2006)))
 (let (($x3510 (or $x1159 (not (= ?x2063 6)) (not (= ?x3376 9)) (not (= ?x2579 27)) $x1220 $x1855)))
 (let ((?x1991 (* r00 r00 s)))
 (let ((?x3614 (* 36 ?x1991)))
 (let ((?x817 (+ ?x2406 ?x2007 ?x2937 (* 15 (* s s)) (* (- 216) (* r00 r00 r00 s)) ?x3350 (* (- 4) (* s s s)) (* 108 (* x x)) ?x3584 (* (- 12) (* s00 s s)) (* 108 (* s00 x)) ?x2266 ?x2594 (* 108 (* x00 s)) (* 432 (* r00 r00 r00 x)) (* (- 66) (* s00 s)) (* 108 (* r00 s00 s)) ?x2272 (* (- 216) (* r00 s00 x)) (* 36 (* r00 r00 s s)) ?x2733 (* (- 108) (* x s)) ?x3614 ?x3497 (* (- 108) (* r00 x)) ?x137 ?x2525 ?x3413 (* 54 (* r00 s)) (* (- 216) (* x00 x)) ?x771)))
 (let (($x2017 (= ?x817 0)))
 (let ((?x3073 (* r00 r00 x)))
 (let ((?x3155 (* (- 36) ?x3073)))
 (let ((?x2400 (* r00 s s)))
 (let ((?x3140 (* (- 4) ?x2400)))
 (let ((?x3879 (+ (* 24 (* s r)) ?x2106 (* (- 36) (* r00 x r)) ?x2409 (* (- 3) (* s s)) (* (- 54) (* x r)) (* 6 (* s00 x)) ?x3140 ?x2401 (* 6 (* x00 s)) (* (- 12) (* s00 s)) (* 2 (* r00 s00 s)) ?x3112 (* (- 2) (* s s r)) (* (- 6) (* x s)) (* 4 (* s00 s00 r)) ?x3614 ?x975 ?x3785 (* (- 2) (* s00 s r)) (* 36 (* r00 x00 r)) (* (- 54) (* r00 x)) ?x137 ?x2525 (* 54 (* x00 r)) ?x3413 (* (- 24) (* s00 r)) (* 24 (* r00 s)) ?x3155)))
 (let ((?x2062 (* r00 x)))
 (let ((?x2347 (* (- 18) ?x2062)))
 (let ((?x632 (* s s)))
 (let ((?x2328 (* (- 2) ?x632)))
 (let ((?x3386 (+ (* 9 (* s r)) ?x610 ?x3873 ?x2328 (* (- 18) (* x r)) (* (- 6) (* r00 s r)) (* 6 ?x1991) ?x679 ?x2347 ?x44 ?x2571 (* 18 (* x00 r)) ?x586 (* (- 9) (* s00 r)) (* (- 2) (* s00 s)) (* 9 (* r00 s)) (* 6 (* r00 s00 r)))))
 (let ((?x43 (* 3 r)))
 (let ((?x981 (+ (* 2 (* s r)) (* (- 12) (* r00 r00 r)) ?x43 ?x44 ?x586 ?x587 (* 4 (* s00 r)) ?x1753 ?x56 ?x588 ?x557)))
 (let (($x3247 (= (+ s00 ?x365 (* 3 (* r r)) ?x1951) 0)))
 (and $x3247 (= ?x981 0) (= ?x3386 0) (= ?x3879 0) $x2017 $x3510))))))))))))))))))))))))))))))))))))))))))))))))))))))))))))))))))))))))))))))))))))))))))))))) :qid k!40))
 ))
 (let ((?x1649 (lambda ((r Int) (s Int) (x Int) )(let ((?x556 (* r00 r00 r00)))
 (let ((?x570 (* (- 12) ?x556)))
 (let ((?x513 (* s00 r00)))
 (let ((?x514 (* 6 ?x513)))
 (let ((?x486 (* r s00)))
 (let ((?x500 (* (- 4) ?x486)))
 (let ((?x436 (* r r00 r00)))
 (let ((?x437 (* 12 ?x436)))
 (let ((?x430 (* r s)))
 (let ((?x431 (* (- 2) ?x430)))
 (let ((?x386 (* r00 r00)))
 (let ((?x1592 (* 12 ?x386)))
 (let ((?x59 (* 6 x00)))
 (let ((?x48 (* 3 r00)))
 (let ((?x1734 (* (- 7) s00)))
 (let ((?x535 (* (- 6) x)))
 (let ((?x1796 (* 7 s)))
 (let ((?x1935 (* (- 3) r)))
 (let ((?x1644 (+ ?x1935 ?x1796 ?x535 ?x1734 ?x48 ?x59 (* (- 12) (* r r)) ?x1592 ?x431 ?x437 ?x500 ?x514 ?x570)))
 (let ((?x4248 (+ 10 (* 54 s) (* (- 54) x) (* 216 ?x430) (* 24 (* s s)) (* (- 216) (* r x)) (* 57 (* r s s)) (* (- 21) (* s x)) (* 3 (* s s s)) (* (- 3) (* x x)) (* (- 51) (* r s x)) (* 270 (* r r s)) (* (- 270) (* r r x)) (* (- 6) (* r x x)) (* (- 3) (* r r x x)) (* 33 (* r r s s)) (* (- 30) (* r r s x)) (* (- 3) (* s s x)) (* (- 3) (* r s s x)) (* 108 (* r r r s)) (* 3 (* r s s s)) (* (- 108) (* r r r x)))))
 (let ((?x3330 (* r r s00)))
 (let ((?x3984 (* 432 ?x3330)))
 (let ((?x3019 (* r r s)))
 (let ((?x3980 (* 432 ?x3019)))
 (let ((?x3004 (* r r r)))
 (let ((?x3979 (* 864 ?x3004)))
 (let ((?x3973 (* 1296 (* r r00 r00 r00))))
 (let ((?x1457 (* x00 x00)))
 (let ((?x1487 (* (- 108) ?x1457)))
 (let ((?x1432 (* 216 (* x x00))))
 (let ((?x1295 (* s00 s00 s00)))
 (let ((?x1486 (* (- 16) ?x1295)))
 (let ((?x1484 (* (- 36) (* s s r00 r00))))
 (let ((?x1266 (* 216 (* x s00 r00))))
 (let ((?x1483 (* (- 432) (* x r00 r00 r00))))
 (let ((?x1183 (* s00 r00 r00 r00)))
 (let ((?x1482 (* (- 216) ?x1183)))
 (let ((?x1068 (* 12 (* s s s00))))
 (let ((?x1026 (* r s s00)))
 (let ((?x3960 (* 144 ?x1026)))
 (let ((?x1009 (* r00 r00 r00 x00)))
 (let ((?x1010 (* 432 ?x1009)))
 (let ((?x979 (* x x)))
 (let ((?x1481 (* (- 108) ?x979)))
 (let ((?x916 (* s s s)))
 (let ((?x918 (* 4 ?x916)))
 (let ((?x906 (* r s s)))
 (let ((?x3959 (* 72 ?x906)))
 (let ((?x902 (* s00 x00)))
 (let ((?x1240 (* 108 ?x902)))
 (let ((?x866 (* s00 s00 r00 r00)))
 (let ((?x867 (* 36 ?x866)))
 (let ((?x825 (* s x00)))
 (let ((?x3957 (* (- 324) ?x825)))
 (let ((?x779 (* s00 s00 r00)))
 (let ((?x1137 (* 108 ?x779)))
 (let ((?x734 (* s00 r00 r00)))
 (let ((?x1097 (* 36 ?x734)))
 (let ((?x708 (* x s00)))
 (let ((?x1477 (* (- 108) ?x708)))
 (let ((?x704 (* x r00)))
 (let ((?x1343 (* 108 ?x704)))
 (let ((?x678 (* s00 s00)))
 (let ((?x1476 (* (- 51) ?x678)))
 (let ((?x636 (* r x)))
 (let ((?x3953 (* 648 ?x636)))
 (let ((?x609 (* r00 x00)))
 (let ((?x1473 (* (- 108) ?x609)))
 (let ((?x605 (* s00 r00 x00)))
 (let ((?x1472 (* (- 216) ?x605)))
 (let ((?x3950 (* 648 ?x556)))
 (let ((?x2176 (* (- 270) ?x513)))
 (let ((?x3949 (* 828 ?x486)))
 (let ((?x3054 (* (- 432) ?x386)))
 (let ((?x3944 (* (- 324) x00)))
 (let ((?x3051 (* (- 162) r00)))
 (let ((?x3943 (* 297 s00)))
 (let ((?x3659 (* 324 x)))
 (let ((?x3646 (+ (* 162 r) (* (- 297) s) ?x3659 ?x3943 ?x3051 ?x3944 (* 756 (* r r)) ?x3054 (* (- 396) ?x430) (* (- 1512) ?x436) ?x3949 ?x2176 ?x3950 ?x1472 ?x1473 (* (- 195) (* s s)) ?x3953 (* (- 252) (* s r00 r00)) ?x1476 ?x1343 ?x1477 ?x1097 (* (- 648) (* r x00)) (* 648 (* s r00 r00 r00)) (* 246 (* s s00)) ?x1137 (* (- 162) (* s r00)) (* (- 648) (* r s00 r00)) ?x3957 ?x867 (* (- 324) (* s s00 r00)) ?x1240 ?x3959 (* 324 (* s x)) ?x918 ?x1481 ?x1010 ?x3960 ?x1068 ?x1482 ?x1483 ?x1266 ?x1484 ?x1486 ?x1432 ?x1487 (* (- 324) (* r r00)) (* (- 1296) (* r r r00 r00)) (* (- 432) (* r s r00 r00)) ?x3973 ?x3979 ?x3980 ?x3984)))
 (let ((?x1170 (* 36 (* x r00 r00))))
 (let ((?x1038 (* r r00 x00)))
 (let ((?x1051 (* (- 36) ?x1038)))
 (let ((?x1027 (* 2 ?x1026)))
 (let ((?x974 (* r00 r00 x00)))
 (let ((?x987 (* (- 36) ?x974)))
 (let ((?x922 (* r s00 s00)))
 (let ((?x935 (* (- 4) ?x922)))
 (let ((?x910 (* s x)))
 (let ((?x911 (* 6 ?x910)))
 (let ((?x907 (* 2 ?x906)))
 (let ((?x903 (* 6 ?x902)))
 (let ((?x876 (* s s00 r00)))
 (let ((?x889 (* (- 2) ?x876)))
 (let ((?x852 (* (- 6) ?x825)))
 (let ((?x797 (* (- 2) ?x779)))
 (let ((?x752 (* 4 (* s s r00))))
 (let ((?x723 (* (- 6) ?x708)))
 (let ((?x3303 (* (- 19) ?x678)))
 (let ((?x656 (* 36 (* r x r00))))
 (let ((?x3243 (* (- 90) ?x609)))
 (let ((?x3242 (* 18 ?x513)))
 (let ((?x3233 (* (- 108) ?x386)))
 (let ((?x3227 (* (- 72) x00)))
 (let ((?x2908 (* (- 36) r00)))
 (let ((?x3226 (* 57 s00)))
 (let ((?x3379 (+ (* 36 r) (* (- 57) s) (* 72 x) ?x3226 ?x2908 ?x3227 (* 108 (* r r)) ?x3233 (* (- 42) ?x430) (* (- 216) ?x436) (* 114 ?x486) ?x3242 ?x3243 (* (- 1) (* s s)) (* 90 ?x636) (* 12 (* r s r00)) (* (- 72) (* s r00 r00)) ?x656 ?x3303 (* 90 ?x704) ?x723 ?x1097 (* (- 90) (* r x00)) ?x752 (* 20 (* s s00)) ?x797 (* (- 90) (* s r00)) (* (- 12) (* r s00 r00)) ?x852 ?x889 ?x903 ?x907 ?x911 ?x935 ?x987 ?x1027 ?x1051 ?x1170 (* 144 (* r r r00)) (* 72 ?x3004) (* 24 ?x3019) (* 12 ?x3330))))
 (let ((?x813 (* r s00 r00)))
 (let ((?x826 (* (- 6) ?x813)))
 (let ((?x775 (* s s00)))
 (let ((?x776 (* 2 ?x775)))
 (let ((?x746 (* r x00)))
 (let ((?x759 (* (- 18) ?x746)))
 (let ((?x735 (* 6 ?x734)))
 (let ((?x705 (* 18 ?x704)))
 (let ((?x691 (* (- 4) ?x678)))
 (let ((?x652 (* s r00 r00)))
 (let ((?x665 (* (- 6) ?x652)))
 (let ((?x640 (* r s r00)))
 (let ((?x641 (* 6 ?x640)))
 (let ((?x637 (* 18 ?x636)))
 (let ((?x632 (* s s)))
 (let ((?x633 (* 2 ?x632)))
 (let ((?x623 (* (- 18) ?x609)))
 (let ((?x3783 (* 3 ?x513)))
 (let ((?x3780 (* (- 18) ?x386)))
 (let ((?x3766 (* (- 18) x00)))
 (let ((?x3742 (* (- 9) r00)))
 (let ((?x2769 (* 12 s00)))
 (let ((?x3752 (+ (* 9 r) (* (- 12) s) (* 18 x) ?x2769 ?x3742 ?x3766 (* 18 (* r r)) ?x3780 (* (- 3) ?x430) (* (- 36) ?x436) (* 21 ?x486) ?x3783 ?x623 ?x633 ?x637 ?x641 ?x665 ?x691 ?x705 ?x735 ?x759 ?x776 (* (- 21) (* s r00)) ?x826 (* 36 (* r r r00)))))
 (let ((?x557 (* 12 ?x556)))
 (let ((?x591 (* (- 6) ?x513)))
 (let ((?x487 (* 4 ?x486)))
 (let ((?x590 (* (- 12) ?x436)))
 (let ((?x589 (* 2 ?x430)))
 (let ((?x2442 (* (- 12) ?x386)))
 (let ((?x588 (* (- 6) x00)))
 (let ((?x587 (* (- 3) r00)))
 (let ((?x3587 (* 7 s00)))
 (let ((?x56 (* 6 x)))
 (let ((?x43 (* 3 r)))
 (let ((?x2099 (+ ?x43 (* (- 7) s) ?x56 ?x3587 ?x587 ?x588 (* 12 (* r r)) ?x2442 ?x589 ?x590 ?x487 ?x591 ?x557)))
 (let (($x419 (= (+ s (* (- 1) s00) (* (- 3) (* r r)) (* 3 ?x386)) 0)))
 (let (($x1642 (or (not $x419) (not (= ?x2099 0)) (not (= ?x3752 0)) (not (= ?x3379 0)) (not (= ?x3646 0)) (not (= (* ?x4248 ?x1644) 0)))))
 (let ((?x1307 (* 108 ?x910)))
 (let ((?x757 (* s r00 r00 r00)))
 (let ((?x758 (* 216 ?x757)))
 (let ((?x961 (* (- 36) ?x652)))
 (let ((?x615 (* 54 ?x513)))
 (let ((?x1084 (* (- 9) s00)))
 (let ((?x143 (* 9 s)))
 (let ((?x1488 (+ ?x143 ?x1084 ?x615 ?x1472 ?x1473 (* (- 15) ?x632) ?x961 ?x1476 ?x1343 ?x1477 ?x1097 ?x758 (* 66 ?x775) ?x1137 (* (- 54) (* s r00)) (* (- 108) ?x825) ?x867 (* (- 108) ?x876) ?x1240 ?x1307 ?x918 ?x1481 ?x1010 ?x1068 ?x1482 ?x1483 ?x1266 ?x1484 ?x1486 ?x1432 ?x1487)))
 (let (($x1489 (= ?x1488 0)))
 (let ((?x1013 (* (- 15) ?x678)))
 (let ((?x664 (* 3 ?x632)))
 (let ((?x646 (* (- 54) ?x609)))
 (let ((?x661 (* 24 ?x513)))
 (let ((?x1176 (+ ?x143 ?x1084 (* (- 24) ?x430) (* 24 ?x486) ?x661 ?x646 ?x664 (* 54 ?x636) ?x961 ?x656 ?x1013 (* 54 ?x704) ?x723 ?x1097 (* (- 54) ?x746) ?x752 (* 12 ?x775) ?x797 (* (- 24) (* s r00)) ?x852 ?x889 ?x903 ?x907 ?x911 ?x935 ?x987 ?x1027 ?x1051 ?x1170)))
 (let (($x1181 (= ?x1176 0)))
 (let ((?x628 (* 9 ?x513)))
 (let ((?x465 (* (- 3) s00)))
 (let ((?x47 (* 3 s)))
 (let ((?x832 (+ ?x47 ?x465 (* (- 9) ?x430) (* 9 ?x486) ?x628 ?x623 ?x633 ?x637 ?x641 ?x665 ?x691 ?x705 ?x735 ?x759 ?x776 (* (- 9) (* s r00)) ?x826)))
 (let (($x839 (= ?x832 0)))
 (let ((?x44 (* 3 s00)))
 (let ((?x586 (* (- 3) s)))
 (let (($x593 (= (+ ?x43 ?x586 ?x56 ?x44 ?x587 ?x588 ?x589 ?x590 ?x487 ?x591 ?x557) 0)))
 (let (($x3278 (and $x419 $x593 $x839 $x1181 $x1489 $x1642)))
 (let ((?x2760 (* r00 s00)))
 (let ((?x2865 (* 6 ?x2760)))
 (let ((?x3836 (+ 1 r)))
 (let ((?x2098 (* s00 ?x3836)))
 (let ((?x3487 (* (- 4) ?x2098)))
 (let ((?x2361 (* 15 r)))
 (let ((?x2191 (* r00 r00 ?x3836)))
 (let ((?x2382 (* 12 ?x2191)))
 (let ((?x211 (* 6 r)))
 (let ((?x3082 (+ 3 s ?x211)))
 (let ((?x3172 (* ?x3836 ?x3082)))
 (let ((?x2892 (* (- 2) ?x3172)))
 (let ((?x1754 (* (- 3) (* ?x3836 ?x3836 (+ x (* (- 1) s)) (+ x (* (- 1) s))))))
 (let ((?x3916 (+ 10 (* (- 9) (* ?x3836 (+ x (* (- 1) s)) ?x3082)) ?x1754 (* (- 3) (* ?x3836 (+ x (* (- 1) s)) ?x3082 ?x3082)))))
 (let ((?x937 (* ?x3916 (+ 6 ?x2892 ?x2382 ?x2361 ?x465 ?x143 ?x48 ?x3487 ?x2865 ?x535 ?x59 ?x570))))
 (let (($x1855 (not (= ?x937 0))))
 (let ((?x771 (* 108 ?x1457)))
 (let ((?x3300 (* (- 54) r)))
 (let ((?x3413 (* (- 9) s)))
 (let ((?x2680 (* r00 r00 s00)))
 (let ((?x2525 (* (- 36) ?x2680)))
 (let ((?x137 (* 9 s00)))
 (let ((?x3497 (* 51 ?x678)))
 (let ((?x3778 (* r00 r00 ?x3082)))
 (let ((?x3936 (* 36 ?x3778)))
 (let ((?x2733 (* 16 ?x1295)))
 (let ((?x2272 (* (- 108) ?x902)))
 (let ((?x2594 (* 216 (* r00 r00 r00 s00))))
 (let ((?x2544 (* r00 s00 s00)))
 (let ((?x2266 (* (- 108) ?x2544)))
 (let ((?x3584 (* (- 432) ?x1009)))
 (let ((?x3350 (* (- 36) (* r00 r00 s00 s00))))
 (let ((?x2937 (* (- 54) ?x2760)))
 (let ((?x2007 (* 108 ?x609)))
 (let ((?x2406 (* 216 (* r00 s00 x00))))
 (let ((?x662 (+ ?x2406 ?x2007 ?x2937 (* 15 (* ?x3082 ?x3082)) (* (- 216) (* r00 r00 r00 ?x3082)) ?x3350 (* (- 4) (* ?x3082 ?x3082 ?x3082)) (* 108 (* (+ x (* (- 1) s)) (+ x (* (- 1) s)))) ?x3584 (* (- 12) (* s00 ?x3082 ?x3082)) (* 108 (* s00 (+ x (* (- 1) s)))) ?x2266 ?x2594 (* 108 (* x00 ?x3082)) (* 432 (* r00 r00 r00 (+ x (* (- 1) s)))) (* (- 66) (* s00 ?x3082)) (* 108 (* r00 s00 ?x3082)) ?x2272 (* (- 216) (* r00 s00 (+ x (* (- 1) s)))) (* 36 (* r00 r00 ?x3082 ?x3082)) ?x2733 (* (- 108) (* (+ x (* (- 1) s)) ?x3082)) ?x3936 ?x3497 (* (- 108) (* r00 (+ x (* (- 1) s)))) ?x137 ?x2525 ?x3413 ?x3300 (* 54 (* r00 ?x3082)) (* (- 216) (* x00 (+ x (* (- 1) s)))) ?x771)))
 (let (($x1220 (not (= ?x662 27))))
 (let ((?x3785 (* 15 ?x678)))
 (let ((?x975 (* 36 ?x974)))
 (let ((?x3112 (* (- 6) ?x902)))
 (let ((?x2401 (* 2 ?x2544)))
 (let ((?x2409 (* (- 24) ?x2760)))
 (let ((?x2106 (* 54 ?x609)))
 (let ((?x2579 (+ (* 24 ?x3172) ?x2106 (* (- 36) (* r00 ?x3836 (+ x (* (- 1) s)))) ?x2409 (* (- 3) (* ?x3082 ?x3082)) (* (- 54) (* ?x3836 (+ x (* (- 1) s)))) (* 6 (* s00 (+ x (* (- 1) s)))) (* (- 4) (* r00 ?x3082 ?x3082)) ?x2401 (* 6 (* x00 ?x3082)) (* (- 12) (* s00 ?x3082)) (* 2 (* r00 s00 ?x3082)) ?x3112 (* (- 2) (* ?x3836 ?x3082 ?x3082)) (* (- 6) (* (+ x (* (- 1) s)) ?x3082)) (* 4 (* s00 s00 ?x3836)) ?x3936 ?x975 ?x3785 (* (- 2) (* s00 ?x3836 ?x3082)) (* 36 (* r00 x00 ?x3836)) (* (- 54) (* r00 (+ x (* (- 1) s)))) ?x137 ?x2525 (* 54 (* x00 ?x3836)) ?x3413 ?x3300 (* (- 24) ?x2098) (* 24 (* r00 ?x3082)) (* (- 36) (* r00 r00 (+ x (* (- 1) s)))))))
 (let ((?x2571 (* (- 6) ?x2680)))
 (let ((?x679 (* 4 ?x678)))
 (let ((?x3873 (* (- 9) ?x2760)))
 (let ((?x610 (* 18 ?x609)))
 (let ((?x3376 (+ (* 9 ?x3172) ?x610 ?x3873 (* (- 2) (* ?x3082 ?x3082)) (* (- 18) (* ?x3836 (+ x (* (- 1) s)))) (* (- 6) (* r00 ?x3836 ?x3082)) (* 6 ?x3778) ?x679 (* (- 18) (* r00 (+ x (* (- 1) s)))) ?x44 ?x2571 (* 18 (* x00 ?x3836)) ?x586 (* (- 18) r) (* (- 9) ?x2098) (* (- 2) (* s00 ?x3082)) (* 9 (* r00 ?x3082)) (* 6 (* r00 s00 ?x3836)))))
 (let ((?x1753 (* (- 6) ?x2760)))
 (let ((?x2063 (+ (* 2 ?x3172) (* (- 12) ?x2191) (* (- 15) r) ?x44 ?x3413 ?x587 (* 4 ?x2098) ?x1753 ?x56 ?x588 ?x557)))
 (let ((?x1951 (* (- 3) ?x386)))
 (let ((?x365 (* (- 1) s)))
 (let (($x2006 (= (+ s00 ?x365 (* (- 6) r) (* 3 (* ?x3836 ?x3836)) ?x1951) 3)))
 (let (($x1159 (not $x2006)))
 (let (($x3510 (or $x1159 (not (= ?x2063 6)) (not (= ?x3376 9)) (not (= ?x2579 27)) $x1220 $x1855)))
 (let ((?x1991 (* r00 r00 s)))
 (let ((?x3614 (* 36 ?x1991)))
 (let ((?x817 (+ ?x2406 ?x2007 ?x2937 (* 15 ?x632) (* (- 216) (* r00 r00 r00 s)) ?x3350 (* (- 4) ?x916) (* 108 ?x979) ?x3584 (* (- 12) (* s00 s s)) (* 108 (* s00 x)) ?x2266 ?x2594 (* 108 (* x00 s)) (* 432 (* r00 r00 r00 x)) (* (- 66) (* s00 s)) (* 108 (* r00 s00 s)) ?x2272 (* (- 216) (* r00 s00 x)) (* 36 (* r00 r00 s s)) ?x2733 (* (- 108) (* x s)) ?x3614 ?x3497 (* (- 108) (* r00 x)) ?x137 ?x2525 ?x3413 (* 54 (* r00 s)) (* (- 216) (* x00 x)) ?x771)))
 (let (($x2017 (= ?x817 0)))
 (let ((?x3073 (* r00 r00 x)))
 (let ((?x3155 (* (- 36) ?x3073)))
 (let ((?x2400 (* r00 s s)))
 (let ((?x3140 (* (- 4) ?x2400)))
 (let ((?x3879 (+ (* 24 (* s r)) ?x2106 (* (- 36) (* r00 x r)) ?x2409 (* (- 3) ?x632) (* (- 54) (* x r)) (* 6 (* s00 x)) ?x3140 ?x2401 (* 6 (* x00 s)) (* (- 12) (* s00 s)) (* 2 (* r00 s00 s)) ?x3112 (* (- 2) (* s s r)) (* (- 6) (* x s)) (* 4 (* s00 s00 r)) ?x3614 ?x975 ?x3785 (* (- 2) (* s00 s r)) (* 36 (* r00 x00 r)) (* (- 54) (* r00 x)) ?x137 ?x2525 (* 54 (* x00 r)) ?x3413 (* (- 24) (* s00 r)) (* 24 (* r00 s)) ?x3155)))
 (let ((?x2062 (* r00 x)))
 (let ((?x2347 (* (- 18) ?x2062)))
 (let ((?x2328 (* (- 2) ?x632)))
 (let ((?x3386 (+ (* 9 (* s r)) ?x610 ?x3873 ?x2328 (* (- 18) (* x r)) (* (- 6) (* r00 s r)) (* 6 ?x1991) ?x679 ?x2347 ?x44 ?x2571 (* 18 (* x00 r)) ?x586 (* (- 9) (* s00 r)) (* (- 2) (* s00 s)) (* 9 (* r00 s)) (* 6 (* r00 s00 r)))))
 (let ((?x981 (+ (* 2 (* s r)) (* (- 12) (* r00 r00 r)) ?x43 ?x44 ?x586 ?x587 (* 4 (* s00 r)) ?x1753 ?x56 ?x588 ?x557)))
 (let (($x3247 (= (+ s00 ?x365 (* 3 (* r r)) ?x1951) 0)))
 (let (($x2990 (and $x3247 (= ?x981 0) (= ?x3386 0) (= ?x3879 0) $x2017 $x3510)))
 (rewrite (= $x2990 $x3278))))))))))))))))))))))))))))))))))))))))))))))))))))))))))))))))))))))))))))))))))))))))))))))))))))))))))))))))))))))))))))))))))))))))))))))))))))))))))))))))))))))))))))))))))))))))))))))))))))))))))))))))))))))))))))))))))))))))))))))))))
 ))
 (let (($x4046 (exists ((r Int) (s Int) (x Int) )(! (let ((?x556 (* r00 r00 r00)))
 (let ((?x570 (* (- 12) ?x556)))
 (let ((?x59 (* 6 x00)))
 (let ((?x535 (* (- 6) x)))
 (let ((?x2760 (* r00 s00)))
 (let ((?x2865 (* 6 ?x2760)))
 (let ((?x3836 (+ 1 r)))
 (let ((?x2098 (* s00 ?x3836)))
 (let ((?x3487 (* (- 4) ?x2098)))
 (let ((?x48 (* 3 r00)))
 (let ((?x143 (* 9 s)))
 (let ((?x465 (* (- 3) s00)))
 (let ((?x2361 (* 15 r)))
 (let ((?x2191 (* r00 r00 ?x3836)))
 (let ((?x2382 (* 12 ?x2191)))
 (let ((?x211 (* 6 r)))
 (let ((?x3082 (+ 3 s ?x211)))
 (let ((?x3172 (* ?x3836 ?x3082)))
 (let ((?x2892 (* (- 2) ?x3172)))
 (let ((?x1754 (* (- 3) (* ?x3836 ?x3836 (+ x (* (- 1) s)) (+ x (* (- 1) s))))))
 (let ((?x3916 (+ 10 (* (- 9) (* ?x3836 (+ x (* (- 1) s)) ?x3082)) ?x1754 (* (- 3) (* ?x3836 (+ x (* (- 1) s)) ?x3082 ?x3082)))))
 (let ((?x937 (* ?x3916 (+ 6 ?x2892 ?x2382 ?x2361 ?x465 ?x143 ?x48 ?x3487 ?x2865 ?x535 ?x59 ?x570))))
 (let (($x1855 (not (= ?x937 0))))
 (let ((?x1457 (* x00 x00)))
 (let ((?x771 (* 108 ?x1457)))
 (let ((?x3300 (* (- 54) r)))
 (let ((?x3413 (* (- 9) s)))
 (let ((?x2680 (* r00 r00 s00)))
 (let ((?x2525 (* (- 36) ?x2680)))
 (let ((?x137 (* 9 s00)))
 (let ((?x678 (* s00 s00)))
 (let ((?x3497 (* 51 ?x678)))
 (let ((?x3778 (* r00 r00 ?x3082)))
 (let ((?x3936 (* 36 ?x3778)))
 (let ((?x1295 (* s00 s00 s00)))
 (let ((?x2733 (* 16 ?x1295)))
 (let ((?x902 (* s00 x00)))
 (let ((?x2272 (* (- 108) ?x902)))
 (let ((?x2594 (* 216 (* r00 r00 r00 s00))))
 (let ((?x2544 (* r00 s00 s00)))
 (let ((?x2266 (* (- 108) ?x2544)))
 (let ((?x1009 (* r00 r00 r00 x00)))
 (let ((?x3584 (* (- 432) ?x1009)))
 (let ((?x3350 (* (- 36) (* r00 r00 s00 s00))))
 (let ((?x2937 (* (- 54) ?x2760)))
 (let ((?x609 (* r00 x00)))
 (let ((?x2007 (* 108 ?x609)))
 (let ((?x2406 (* 216 (* r00 s00 x00))))
 (let ((?x662 (+ ?x2406 ?x2007 ?x2937 (* 15 (* ?x3082 ?x3082)) (* (- 216) (* r00 r00 r00 ?x3082)) ?x3350 (* (- 4) (* ?x3082 ?x3082 ?x3082)) (* 108 (* (+ x (* (- 1) s)) (+ x (* (- 1) s)))) ?x3584 (* (- 12) (* s00 ?x3082 ?x3082)) (* 108 (* s00 (+ x (* (- 1) s)))) ?x2266 ?x2594 (* 108 (* x00 ?x3082)) (* 432 (* r00 r00 r00 (+ x (* (- 1) s)))) (* (- 66) (* s00 ?x3082)) (* 108 (* r00 s00 ?x3082)) ?x2272 (* (- 216) (* r00 s00 (+ x (* (- 1) s)))) (* 36 (* r00 r00 ?x3082 ?x3082)) ?x2733 (* (- 108) (* (+ x (* (- 1) s)) ?x3082)) ?x3936 ?x3497 (* (- 108) (* r00 (+ x (* (- 1) s)))) ?x137 ?x2525 ?x3413 ?x3300 (* 54 (* r00 ?x3082)) (* (- 216) (* x00 (+ x (* (- 1) s)))) ?x771)))
 (let (($x1220 (not (= ?x662 27))))
 (let ((?x2094 (* 36 ?x2680)))
 (let ((?x1084 (* (- 9) s00)))
 (let ((?x1013 (* (- 15) ?x678)))
 (let ((?x974 (* r00 r00 x00)))
 (let ((?x987 (* (- 36) ?x974)))
 (let ((?x903 (* 6 ?x902)))
 (let ((?x2505 (* (- 2) ?x2544)))
 (let ((?x2580 (* 24 ?x2760)))
 (let ((?x646 (* (- 54) ?x609)))
 (let ((?x2147 (+ (* (- 24) ?x3172) ?x646 (* 36 (* r00 ?x3836 (+ x (* (- 1) s)))) ?x2580 (* 3 (* ?x3082 ?x3082)) (* 54 (* ?x3836 (+ x (* (- 1) s)))) (* (- 6) (* s00 (+ x (* (- 1) s)))) (* 4 (* r00 ?x3082 ?x3082)) ?x2505 (* (- 6) (* x00 ?x3082)) (* 12 (* s00 ?x3082)) (* (- 2) (* r00 s00 ?x3082)) ?x903 (* 2 (* ?x3836 ?x3082 ?x3082)) (* 6 (* (+ x (* (- 1) s)) ?x3082)) (* (- 4) (* s00 s00 ?x3836)) (* (- 36) ?x3778) ?x987 ?x1013 (* 2 (* s00 ?x3836 ?x3082)) (* (- 36) (* r00 x00 ?x3836)) (* 54 (* r00 (+ x (* (- 1) s)))) ?x1084 ?x2094 (* (- 54) (* x00 ?x3836)) ?x143 (* 54 r) (* 24 ?x2098) (* (- 24) (* r00 ?x3082)) (* 36 (* r00 r00 (+ x (* (- 1) s)))))))
 (let ((?x47 (* 3 s)))
 (let ((?x2889 (* 6 ?x2680)))
 (let ((?x691 (* (- 4) ?x678)))
 (let ((?x1961 (* 9 ?x2760)))
 (let ((?x623 (* (- 18) ?x609)))
 (let ((?x1138 (+ (* (- 9) ?x3172) ?x623 ?x1961 (* 2 (* ?x3082 ?x3082)) (* 18 (* ?x3836 (+ x (* (- 1) s)))) (* 6 (* r00 ?x3836 ?x3082)) (* (- 6) ?x3778) ?x691 (* 18 (* r00 (+ x (* (- 1) s)))) ?x465 ?x2889 (* (- 18) (* x00 ?x3836)) ?x47 (* 18 r) (* 9 ?x2098) (* 2 (* s00 ?x3082)) (* (- 9) (* r00 ?x3082)) (* (- 6) (* r00 s00 ?x3836)))))
 (let (($x1859 (= (+ ?x2892 ?x2382 ?x2361 ?x465 ?x143 ?x48 ?x3487 ?x2865 ?x535 ?x59 ?x570) (- 6))))
 (let ((?x386 (* r00 r00)))
 (let ((?x1951 (* (- 3) ?x386)))
 (let ((?x365 (* (- 1) s)))
 (let (($x2006 (= (+ s00 ?x365 (* (- 6) r) (* 3 (* ?x3836 ?x3836)) ?x1951) 3)))
 (let (($x1159 (not $x2006)))
 (let (($x1416 (or $x1159 (not $x1859) (not (= ?x1138 (- 9))) (not (= ?x2147 (- 27))) $x1220 $x1855)))
 (let ((?x1991 (* r00 r00 s)))
 (let ((?x3614 (* 36 ?x1991)))
 (let ((?x817 (+ ?x2406 ?x2007 ?x2937 (* 15 (* s s)) (* (- 216) (* r00 r00 r00 s)) ?x3350 (* (- 4) (* s s s)) (* 108 (* x x)) ?x3584 (* (- 12) (* s00 s s)) (* 108 (* s00 x)) ?x2266 ?x2594 (* 108 (* x00 s)) (* 432 (* r00 r00 r00 x)) (* (- 66) (* s00 s)) (* 108 (* r00 s00 s)) ?x2272 (* (- 216) (* r00 s00 x)) (* 36 (* r00 r00 s s)) ?x2733 (* (- 108) (* x s)) ?x3614 ?x3497 (* (- 108) (* r00 x)) ?x137 ?x2525 ?x3413 (* 54 (* r00 s)) (* (- 216) (* x00 x)) ?x771)))
 (let (($x2017 (= ?x817 0)))
 (let ((?x2741 (* (- 36) ?x1991)))
 (let ((?x632 (* s s)))
 (let ((?x664 (* 3 ?x632)))
 (let ((?x2600 (+ (* (- 24) (* s r)) ?x646 (* 36 (* r00 x r)) ?x2580 ?x664 (* 54 (* x r)) (* (- 6) (* s00 x)) (* 4 (* r00 s s)) ?x2505 (* (- 6) (* x00 s)) (* 12 (* s00 s)) (* (- 2) (* r00 s00 s)) ?x903 (* 2 (* s s r)) (* 6 (* x s)) (* (- 4) (* s00 s00 r)) ?x2741 ?x987 ?x1013 (* 2 (* s00 s r)) (* (- 36) (* r00 x00 r)) (* 54 (* r00 x)) ?x1084 ?x2094 (* (- 54) (* x00 r)) ?x143 (* 24 (* s00 r)) (* (- 24) (* r00 s)) (* 36 (* r00 r00 x)))))
 (let ((?x633 (* 2 ?x632)))
 (let ((?x2108 (+ (* (- 9) (* s r)) ?x623 ?x1961 ?x633 (* 18 (* x r)) (* 6 (* r00 s r)) (* (- 6) ?x1991) ?x691 (* 18 (* r00 x)) ?x465 ?x2889 (* (- 18) (* x00 r)) ?x47 (* 9 (* s00 r)) (* 2 (* s00 s)) (* (- 9) (* r00 s)) (* (- 6) (* r00 s00 r)))))
 (let ((?x1935 (* (- 3) r)))
 (let ((?x2993 (+ (* (- 2) (* s r)) (* 12 (* r00 r00 r)) ?x1935 ?x465 ?x47 ?x48 (* (- 4) (* s00 r)) ?x2865 ?x535 ?x59 ?x570)))
 (let (($x3247 (= (+ s00 ?x365 (* 3 (* r r)) ?x1951) 0)))
 (and $x3247 (= ?x2993 0) (= ?x2108 0) (= ?x2600 0) $x2017 $x1416))))))))))))))))))))))))))))))))))))))))))))))))))))))))))))))))))))))))))))))))))))))) :qid k!40))
 ))
 (let ((?x3787 (lambda ((r Int) (s Int) (x Int) )(let ((?x556 (* r00 r00 r00)))
 (let ((?x570 (* (- 12) ?x556)))
 (let ((?x59 (* 6 x00)))
 (let ((?x535 (* (- 6) x)))
 (let ((?x2760 (* r00 s00)))
 (let ((?x2865 (* 6 ?x2760)))
 (let ((?x3836 (+ 1 r)))
 (let ((?x2098 (* s00 ?x3836)))
 (let ((?x3487 (* (- 4) ?x2098)))
 (let ((?x48 (* 3 r00)))
 (let ((?x143 (* 9 s)))
 (let ((?x465 (* (- 3) s00)))
 (let ((?x2361 (* 15 r)))
 (let ((?x2191 (* r00 r00 ?x3836)))
 (let ((?x2382 (* 12 ?x2191)))
 (let ((?x211 (* 6 r)))
 (let ((?x3082 (+ 3 s ?x211)))
 (let ((?x3172 (* ?x3836 ?x3082)))
 (let ((?x2892 (* (- 2) ?x3172)))
 (let ((?x1754 (* (- 3) (* ?x3836 ?x3836 (+ x (* (- 1) s)) (+ x (* (- 1) s))))))
 (let ((?x3916 (+ 10 (* (- 9) (* ?x3836 (+ x (* (- 1) s)) ?x3082)) ?x1754 (* (- 3) (* ?x3836 (+ x (* (- 1) s)) ?x3082 ?x3082)))))
 (let ((?x937 (* ?x3916 (+ 6 ?x2892 ?x2382 ?x2361 ?x465 ?x143 ?x48 ?x3487 ?x2865 ?x535 ?x59 ?x570))))
 (let (($x1855 (not (= ?x937 0))))
 (let ((?x1457 (* x00 x00)))
 (let ((?x771 (* 108 ?x1457)))
 (let ((?x3300 (* (- 54) r)))
 (let ((?x3413 (* (- 9) s)))
 (let ((?x2680 (* r00 r00 s00)))
 (let ((?x2525 (* (- 36) ?x2680)))
 (let ((?x137 (* 9 s00)))
 (let ((?x678 (* s00 s00)))
 (let ((?x3497 (* 51 ?x678)))
 (let ((?x3778 (* r00 r00 ?x3082)))
 (let ((?x3936 (* 36 ?x3778)))
 (let ((?x1295 (* s00 s00 s00)))
 (let ((?x2733 (* 16 ?x1295)))
 (let ((?x902 (* s00 x00)))
 (let ((?x2272 (* (- 108) ?x902)))
 (let ((?x2594 (* 216 (* r00 r00 r00 s00))))
 (let ((?x2544 (* r00 s00 s00)))
 (let ((?x2266 (* (- 108) ?x2544)))
 (let ((?x1009 (* r00 r00 r00 x00)))
 (let ((?x3584 (* (- 432) ?x1009)))
 (let ((?x3350 (* (- 36) (* r00 r00 s00 s00))))
 (let ((?x2937 (* (- 54) ?x2760)))
 (let ((?x609 (* r00 x00)))
 (let ((?x2007 (* 108 ?x609)))
 (let ((?x2406 (* 216 (* r00 s00 x00))))
 (let ((?x662 (+ ?x2406 ?x2007 ?x2937 (* 15 (* ?x3082 ?x3082)) (* (- 216) (* r00 r00 r00 ?x3082)) ?x3350 (* (- 4) (* ?x3082 ?x3082 ?x3082)) (* 108 (* (+ x (* (- 1) s)) (+ x (* (- 1) s)))) ?x3584 (* (- 12) (* s00 ?x3082 ?x3082)) (* 108 (* s00 (+ x (* (- 1) s)))) ?x2266 ?x2594 (* 108 (* x00 ?x3082)) (* 432 (* r00 r00 r00 (+ x (* (- 1) s)))) (* (- 66) (* s00 ?x3082)) (* 108 (* r00 s00 ?x3082)) ?x2272 (* (- 216) (* r00 s00 (+ x (* (- 1) s)))) (* 36 (* r00 r00 ?x3082 ?x3082)) ?x2733 (* (- 108) (* (+ x (* (- 1) s)) ?x3082)) ?x3936 ?x3497 (* (- 108) (* r00 (+ x (* (- 1) s)))) ?x137 ?x2525 ?x3413 ?x3300 (* 54 (* r00 ?x3082)) (* (- 216) (* x00 (+ x (* (- 1) s)))) ?x771)))
 (let (($x1220 (not (= ?x662 27))))
 (let ((?x3785 (* 15 ?x678)))
 (let ((?x974 (* r00 r00 x00)))
 (let ((?x975 (* 36 ?x974)))
 (let ((?x3112 (* (- 6) ?x902)))
 (let ((?x2401 (* 2 ?x2544)))
 (let ((?x2409 (* (- 24) ?x2760)))
 (let ((?x2106 (* 54 ?x609)))
 (let ((?x2579 (+ (* 24 ?x3172) ?x2106 (* (- 36) (* r00 ?x3836 (+ x (* (- 1) s)))) ?x2409 (* (- 3) (* ?x3082 ?x3082)) (* (- 54) (* ?x3836 (+ x (* (- 1) s)))) (* 6 (* s00 (+ x (* (- 1) s)))) (* (- 4) (* r00 ?x3082 ?x3082)) ?x2401 (* 6 (* x00 ?x3082)) (* (- 12) (* s00 ?x3082)) (* 2 (* r00 s00 ?x3082)) ?x3112 (* (- 2) (* ?x3836 ?x3082 ?x3082)) (* (- 6) (* (+ x (* (- 1) s)) ?x3082)) (* 4 (* s00 s00 ?x3836)) ?x3936 ?x975 ?x3785 (* (- 2) (* s00 ?x3836 ?x3082)) (* 36 (* r00 x00 ?x3836)) (* (- 54) (* r00 (+ x (* (- 1) s)))) ?x137 ?x2525 (* 54 (* x00 ?x3836)) ?x3413 ?x3300 (* (- 24) ?x2098) (* 24 (* r00 ?x3082)) (* (- 36) (* r00 r00 (+ x (* (- 1) s)))))))
 (let ((?x586 (* (- 3) s)))
 (let ((?x2571 (* (- 6) ?x2680)))
 (let ((?x44 (* 3 s00)))
 (let ((?x679 (* 4 ?x678)))
 (let ((?x3873 (* (- 9) ?x2760)))
 (let ((?x610 (* 18 ?x609)))
 (let ((?x3376 (+ (* 9 ?x3172) ?x610 ?x3873 (* (- 2) (* ?x3082 ?x3082)) (* (- 18) (* ?x3836 (+ x (* (- 1) s)))) (* (- 6) (* r00 ?x3836 ?x3082)) (* 6 ?x3778) ?x679 (* (- 18) (* r00 (+ x (* (- 1) s)))) ?x44 ?x2571 (* 18 (* x00 ?x3836)) ?x586 (* (- 18) r) (* (- 9) ?x2098) (* (- 2) (* s00 ?x3082)) (* 9 (* r00 ?x3082)) (* 6 (* r00 s00 ?x3836)))))
 (let ((?x557 (* 12 ?x556)))
 (let ((?x588 (* (- 6) x00)))
 (let ((?x56 (* 6 x)))
 (let ((?x1753 (* (- 6) ?x2760)))
 (let ((?x587 (* (- 3) r00)))
 (let ((?x2063 (+ (* 2 ?x3172) (* (- 12) ?x2191) (* (- 15) r) ?x44 ?x3413 ?x587 (* 4 ?x2098) ?x1753 ?x56 ?x588 ?x557)))
 (let ((?x386 (* r00 r00)))
 (let ((?x1951 (* (- 3) ?x386)))
 (let ((?x365 (* (- 1) s)))
 (let (($x2006 (= (+ s00 ?x365 (* (- 6) r) (* 3 (* ?x3836 ?x3836)) ?x1951) 3)))
 (let (($x1159 (not $x2006)))
 (let (($x3510 (or $x1159 (not (= ?x2063 6)) (not (= ?x3376 9)) (not (= ?x2579 27)) $x1220 $x1855)))
 (let ((?x1991 (* r00 r00 s)))
 (let ((?x3614 (* 36 ?x1991)))
 (let ((?x817 (+ ?x2406 ?x2007 ?x2937 (* 15 (* s s)) (* (- 216) (* r00 r00 r00 s)) ?x3350 (* (- 4) (* s s s)) (* 108 (* x x)) ?x3584 (* (- 12) (* s00 s s)) (* 108 (* s00 x)) ?x2266 ?x2594 (* 108 (* x00 s)) (* 432 (* r00 r00 r00 x)) (* (- 66) (* s00 s)) (* 108 (* r00 s00 s)) ?x2272 (* (- 216) (* r00 s00 x)) (* 36 (* r00 r00 s s)) ?x2733 (* (- 108) (* x s)) ?x3614 ?x3497 (* (- 108) (* r00 x)) ?x137 ?x2525 ?x3413 (* 54 (* r00 s)) (* (- 216) (* x00 x)) ?x771)))
 (let (($x2017 (= ?x817 0)))
 (let ((?x3073 (* r00 r00 x)))
 (let ((?x3155 (* (- 36) ?x3073)))
 (let ((?x2400 (* r00 s s)))
 (let ((?x3140 (* (- 4) ?x2400)))
 (let ((?x3879 (+ (* 24 (* s r)) ?x2106 (* (- 36) (* r00 x r)) ?x2409 (* (- 3) (* s s)) (* (- 54) (* x r)) (* 6 (* s00 x)) ?x3140 ?x2401 (* 6 (* x00 s)) (* (- 12) (* s00 s)) (* 2 (* r00 s00 s)) ?x3112 (* (- 2) (* s s r)) (* (- 6) (* x s)) (* 4 (* s00 s00 r)) ?x3614 ?x975 ?x3785 (* (- 2) (* s00 s r)) (* 36 (* r00 x00 r)) (* (- 54) (* r00 x)) ?x137 ?x2525 (* 54 (* x00 r)) ?x3413 (* (- 24) (* s00 r)) (* 24 (* r00 s)) ?x3155)))
 (let ((?x2062 (* r00 x)))
 (let ((?x2347 (* (- 18) ?x2062)))
 (let ((?x632 (* s s)))
 (let ((?x2328 (* (- 2) ?x632)))
 (let ((?x3386 (+ (* 9 (* s r)) ?x610 ?x3873 ?x2328 (* (- 18) (* x r)) (* (- 6) (* r00 s r)) (* 6 ?x1991) ?x679 ?x2347 ?x44 ?x2571 (* 18 (* x00 r)) ?x586 (* (- 9) (* s00 r)) (* (- 2) (* s00 s)) (* 9 (* r00 s)) (* 6 (* r00 s00 r)))))
 (let ((?x43 (* 3 r)))
 (let ((?x981 (+ (* 2 (* s r)) (* (- 12) (* r00 r00 r)) ?x43 ?x44 ?x586 ?x587 (* 4 (* s00 r)) ?x1753 ?x56 ?x588 ?x557)))
 (let (($x3247 (= (+ s00 ?x365 (* 3 (* r r)) ?x1951) 0)))
 (let (($x2990 (and $x3247 (= ?x981 0) (= ?x3386 0) (= ?x3879 0) $x2017 $x3510)))
 (let ((?x2094 (* 36 ?x2680)))
 (let ((?x1084 (* (- 9) s00)))
 (let ((?x1013 (* (- 15) ?x678)))
 (let ((?x987 (* (- 36) ?x974)))
 (let ((?x903 (* 6 ?x902)))
 (let ((?x2505 (* (- 2) ?x2544)))
 (let ((?x2580 (* 24 ?x2760)))
 (let ((?x646 (* (- 54) ?x609)))
 (let ((?x2147 (+ (* (- 24) ?x3172) ?x646 (* 36 (* r00 ?x3836 (+ x ?x365))) ?x2580 (* 3 (* ?x3082 ?x3082)) (* 54 (* ?x3836 (+ x ?x365))) (* (- 6) (* s00 (+ x ?x365))) (* 4 (* r00 ?x3082 ?x3082)) ?x2505 (* (- 6) (* x00 ?x3082)) (* 12 (* s00 ?x3082)) (* (- 2) (* r00 s00 ?x3082)) ?x903 (* 2 (* ?x3836 ?x3082 ?x3082)) (* 6 (* (+ x ?x365) ?x3082)) (* (- 4) (* s00 s00 ?x3836)) (* (- 36) ?x3778) ?x987 ?x1013 (* 2 (* s00 ?x3836 ?x3082)) (* (- 36) (* r00 x00 ?x3836)) (* 54 (* r00 (+ x ?x365))) ?x1084 ?x2094 (* (- 54) (* x00 ?x3836)) ?x143 (* 54 r) (* 24 ?x2098) (* (- 24) (* r00 ?x3082)) (* 36 (* r00 r00 (+ x ?x365))))))
 (let ((?x47 (* 3 s)))
 (let ((?x2889 (* 6 ?x2680)))
 (let ((?x691 (* (- 4) ?x678)))
 (let ((?x1961 (* 9 ?x2760)))
 (let ((?x623 (* (- 18) ?x609)))
 (let ((?x1138 (+ (* (- 9) ?x3172) ?x623 ?x1961 (* 2 (* ?x3082 ?x3082)) (* 18 (* ?x3836 (+ x ?x365))) (* 6 (* r00 ?x3836 ?x3082)) (* (- 6) ?x3778) ?x691 (* 18 (* r00 (+ x ?x365))) ?x465 ?x2889 (* (- 18) (* x00 ?x3836)) ?x47 (* 18 r) (* 9 ?x2098) (* 2 (* s00 ?x3082)) (* (- 9) (* r00 ?x3082)) (* (- 6) (* r00 s00 ?x3836)))))
 (let (($x1859 (= (+ ?x2892 ?x2382 ?x2361 ?x465 ?x143 ?x48 ?x3487 ?x2865 ?x535 ?x59 ?x570) (- 6))))
 (let (($x1416 (or $x1159 (not $x1859) (not (= ?x1138 (- 9))) (not (= ?x2147 (- 27))) $x1220 $x1855)))
 (let ((?x2741 (* (- 36) ?x1991)))
 (let ((?x664 (* 3 ?x632)))
 (let ((?x2600 (+ (* (- 24) (* s r)) ?x646 (* 36 (* r00 x r)) ?x2580 ?x664 (* 54 (* x r)) (* (- 6) (* s00 x)) (* 4 ?x2400) ?x2505 (* (- 6) (* x00 s)) (* 12 (* s00 s)) (* (- 2) (* r00 s00 s)) ?x903 (* 2 (* s s r)) (* 6 (* x s)) (* (- 4) (* s00 s00 r)) ?x2741 ?x987 ?x1013 (* 2 (* s00 s r)) (* (- 36) (* r00 x00 r)) (* 54 ?x2062) ?x1084 ?x2094 (* (- 54) (* x00 r)) ?x143 (* 24 (* s00 r)) (* (- 24) (* r00 s)) (* 36 ?x3073))))
 (let ((?x633 (* 2 ?x632)))
 (let ((?x2108 (+ (* (- 9) (* s r)) ?x623 ?x1961 ?x633 (* 18 (* x r)) (* 6 (* r00 s r)) (* (- 6) ?x1991) ?x691 (* 18 ?x2062) ?x465 ?x2889 (* (- 18) (* x00 r)) ?x47 (* 9 (* s00 r)) (* 2 (* s00 s)) (* (- 9) (* r00 s)) (* (- 6) (* r00 s00 r)))))
 (let ((?x1935 (* (- 3) r)))
 (let ((?x2993 (+ (* (- 2) (* s r)) (* 12 (* r00 r00 r)) ?x1935 ?x465 ?x47 ?x48 (* (- 4) (* s00 r)) ?x2865 ?x535 ?x59 ?x570)))
 (let (($x1856 (and $x3247 (= ?x2993 0) (= ?x2108 0) (= ?x2600 0) $x2017 $x1416)))
 (rewrite (= $x1856 $x2990)))))))))))))))))))))))))))))))))))))))))))))))))))))))))))))))))))))))))))))))))))))))))))))))))))))))))))))))))))))))))))
 ))
 (let (($x362 (exists ((r Int) (s Int) (x Int) )(! (let ((?x232 (- x s)))
 (let ((?x211 (* 6 r)))
 (let ((?x212 (+ s ?x211 3)))
 (let ((?x215 (+ r 1)))
 (let ((?x355 (- (- 10 (* 9 ?x215 ?x212 ?x232)) (* 3 ?x215 ?x215 ?x232 ?x232))))
 (let ((?x61 (* 12 r00 r00 r00)))
 (let ((?x59 (* 6 x00)))
 (let ((?x54 (* 6 r00 s00)))
 (let ((?x48 (* 3 r00)))
 (let ((?x227 (* 3 ?x212)))
 (let ((?x44 (* 3 s00)))
 (let ((?x225 (- (+ (* (- 2) ?x215 ?x212) (* 12 ?x215 r00 r00)) (* 3 ?x215))))
 (let ((?x234 (- (+ (- (+ (- ?x225 ?x44) ?x227 ?x48) (* 4 ?x215 s00)) ?x54) (* 6 ?x232))))
 (let ((?x236 (- (+ ?x234 ?x59) ?x61)))
 (let ((?x208 (* 108 x00 x00)))
 (let ((?x299 (* 9 ?x212)))
 (let ((?x139 (* 36 r00 r00 s00)))
 (let ((?x137 (* 9 s00)))
 (let ((?x197 (* 51 s00 s00)))
 (let ((?x284 (* 36 r00 r00 ?x212)))
 (let ((?x192 (* 16 s00 s00 s00)))
 (let ((?x186 (* 108 s00 x00)))
 (let ((?x177 (* 216 r00 r00 r00 s00)))
 (let ((?x175 (* 108 r00 s00 s00)))
 (let ((?x169 (* 432 r00 r00 r00 x00)))
 (let ((?x161 (* 36 r00 r00 s00 s00)))
 (let ((?x157 (- (+ (* 216 r00 s00 x00) (* 108 r00 x00)) (* 54 r00 s00))))
 (let ((?x313 (- (- (+ ?x157 (* 15 ?x212 ?x212)) (* 216 r00 r00 r00 ?x212)) ?x161)))
 (let ((?x319 (- (- (+ (- ?x313 (* 4 ?x212 ?x212 ?x212)) (* 108 ?x232 ?x232)) ?x169) (* 12 ?x212 ?x212 s00))))
 (let ((?x325 (+ (- (+ ?x319 (* 108 s00 ?x232)) ?x175) ?x177 (* 108 ?x212 x00) (* 432 r00 r00 r00 ?x232))))
 (let ((?x331 (- (+ (- ?x325 (* 66 ?x212 s00)) (* 108 r00 ?x212 s00)) ?x186)))
 (let ((?x334 (+ (- ?x331 (* 216 r00 s00 ?x232)) (* 36 r00 r00 ?x212 ?x212) ?x192)))
 (let ((?x339 (- (+ (- ?x334 (* 108 ?x212 ?x232)) ?x284 ?x197) (* 108 r00 ?x232))))
 (let ((?x346 (- (+ (- (- (+ ?x339 ?x137) ?x139) ?x299) (* 54 r00 ?x212)) (* 216 ?x232 x00))))
 (let ((?x126 (* 15 s00 s00)))
 (let ((?x124 (* 36 r00 r00 x00)))
 (let ((?x118 (* 6 s00 x00)))
 (let ((?x110 (* 2 r00 s00 s00)))
 (let ((?x102 (* 24 r00 s00)))
 (let ((?x268 (+ (- (* (- 24) ?x215 ?x212) (* 54 r00 x00)) (* 36 ?x215 r00 ?x232) ?x102 (* 3 ?x212 ?x212) (* 54 ?x215 ?x232))))
 (let ((?x274 (- (+ (- ?x268 (* 6 s00 ?x232)) (* 4 r00 ?x212 ?x212)) ?x110)))
 (let ((?x279 (- (+ (- ?x274 (* 6 ?x212 x00)) (* 12 ?x212 s00)) (* 2 r00 ?x212 s00))))
 (let ((?x285 (- (+ ?x279 ?x118 (* 2 ?x215 ?x212 ?x212) (* 6 ?x212 ?x232)) (* 4 ?x215 s00 s00))))
 (let ((?x292 (- (+ (- (- (- ?x285 ?x284) ?x124) ?x126) (* 2 ?x215 ?x212 s00)) (* 36 ?x215 r00 x00))))
 (let ((?x298 (- (+ (- (+ ?x292 (* 54 r00 ?x232)) ?x137) ?x139) (* 54 ?x215 x00))))
 (let ((?x305 (+ (- (+ ?x298 ?x299 (* 24 ?x215 s00)) (* 24 r00 ?x212)) (* 36 r00 r00 ?x232))))
 (let ((?x82 (* 6 r00 r00 s00)))
 (let ((?x76 (* 4 s00 s00)))
 (let ((?x70 (* 9 r00 s00)))
 (let ((?x244 (+ (- (* (- 9) ?x215 ?x212) (* 18 r00 x00)) ?x70 (* 2 ?x212 ?x212) (* 18 ?x215 ?x232) (* 6 ?x215 r00 ?x212))))
 (let ((?x249 (+ (- (- ?x244 (* 6 r00 r00 ?x212)) ?x76) (* 18 r00 ?x232))))
 (let ((?x256 (+ (- (+ (- ?x249 ?x44) ?x82) (* 18 ?x215 x00)) ?x227 (* 9 ?x215 s00) (* 2 ?x212 s00))))
 (let (($x261 (= (- (- ?x256 (* 9 r00 ?x212)) (* 6 ?x215 r00 s00)) 0)))
 (let (($x219 (= (- (+ (- s00 ?x212) (* 3 ?x215 ?x215)) (* 3 r00 r00)) 0)))
 (let (($x360 (or (not $x219) (not (= ?x236 0)) (not $x261) (not (= ?x305 0)) (not (= (+ ?x346 ?x208) 0)) (not (= (* ?x236 (- ?x355 (* 3 ?x215 ?x212 ?x212 ?x232))) 0)))))
 (let ((?x143 (* 9 s)))
 (let ((?x123 (* 36 r00 r00 s)))
 (let ((?x164 (- (- (+ ?x157 (* 15 s s)) (* 216 r00 r00 r00 s)) ?x161)))
 (let ((?x172 (- (- (+ (- ?x164 (* 4 s s s)) (* 108 x x)) ?x169) (* 12 s s s00))))
 (let ((?x180 (+ (- (+ ?x172 (* 108 s00 x)) ?x175) ?x177 (* 108 s x00) (* 432 r00 r00 r00 x))))
 (let ((?x188 (- (+ (- ?x180 (* 66 s s00)) (* 108 r00 s s00)) ?x186)))
 (let ((?x193 (+ (- ?x188 (* 216 r00 s00 x)) (* 36 r00 r00 s s) ?x192)))
 (let ((?x200 (- (+ (- ?x193 (* 108 s x)) ?x123 ?x197) (* 108 r00 x))))
 (let ((?x207 (- (+ (- (- (+ ?x200 ?x137) ?x139) ?x143) (* 54 r00 s)) (* 216 x x00))))
 (let ((?x105 (+ (- (* (- 24) r s) (* 54 r00 x00)) (* 36 r r00 x) ?x102 (* 3 s s) (* 54 r x))))
 (let ((?x112 (- (+ (- ?x105 (* 6 s00 x)) (* 4 r00 s s)) ?x110)))
 (let ((?x117 (- (+ (- ?x112 (* 6 s x00)) (* 12 s s00)) (* 2 r00 s s00))))
 (let ((?x127 (- (+ ?x117 ?x118 (* 2 r s s) (* 6 s x)) (* 4 r s00 s00))))
 (let ((?x134 (- (+ (- (- (- ?x127 ?x123) ?x124) ?x126) (* 2 r s s00)) (* 36 r r00 x00))))
 (let ((?x142 (- (+ (- (+ ?x134 (* 54 r00 x)) ?x137) ?x139) (* 54 r x00))))
 (let ((?x149 (+ (- (+ ?x142 ?x143 (* 24 r s00)) (* 24 r00 s)) (* 36 r00 r00 x))))
 (let ((?x47 (* 3 s)))
 (let ((?x74 (+ (- (* (- 9) r s) (* 18 r00 x00)) ?x70 (* 2 s s) (* 18 r x) (* 6 r r00 s))))
 (let ((?x80 (+ (- (- ?x74 (* 6 r00 r00 s)) ?x76) (* 18 r00 x))))
 (let ((?x88 (+ (- (+ (- ?x80 ?x44) ?x82) (* 18 r x00)) ?x47 (* 9 r s00) (* 2 s s00))))
 (let (($x93 (= (- (- ?x88 (* 9 r00 s)) (* 6 r r00 s00)) 0)))
 (let ((?x56 (* 6 x)))
 (let ((?x43 (* 3 r)))
 (let ((?x46 (- (- (+ (* (- 2) r s) (* 12 r r00 r00)) ?x43) ?x44)))
 (let ((?x60 (+ (- (+ (- (+ ?x46 ?x47 ?x48) (* 4 r s00)) ?x54) ?x56) ?x59)))
 (let (($x36 (= (- (+ (- s00 s) (* 3 r r)) (* 3 r00 r00)) 0)))
 (and $x36 (= (- ?x60 ?x61) 0) $x93 (= ?x149 0) (= (+ ?x207 ?x208) 0) $x360)))))))))))))))))))))))))))))))))))))))))))))))))))))))))))))))))))))))))))))))))) :qid k!40))
 ))
 (let ((?x2175 (lambda ((r Int) (s Int) (x Int) )(let ((?x556 (* r00 r00 r00)))
 (let ((?x570 (* (- 12) ?x556)))
 (let ((?x59 (* 6 x00)))
 (let ((?x535 (* (- 6) x)))
 (let ((?x2760 (* r00 s00)))
 (let ((?x2865 (* 6 ?x2760)))
 (let ((?x3836 (+ 1 r)))
 (let ((?x2098 (* s00 ?x3836)))
 (let ((?x3487 (* (- 4) ?x2098)))
 (let ((?x48 (* 3 r00)))
 (let ((?x143 (* 9 s)))
 (let ((?x465 (* (- 3) s00)))
 (let ((?x2361 (* 15 r)))
 (let ((?x2191 (* r00 r00 ?x3836)))
 (let ((?x2382 (* 12 ?x2191)))
 (let ((?x211 (* 6 r)))
 (let ((?x3082 (+ 3 s ?x211)))
 (let ((?x3172 (* ?x3836 ?x3082)))
 (let ((?x2892 (* (- 2) ?x3172)))
 (let ((?x1754 (* (- 3) (* ?x3836 ?x3836 (+ x (* (- 1) s)) (+ x (* (- 1) s))))))
 (let ((?x3916 (+ 10 (* (- 9) (* ?x3836 (+ x (* (- 1) s)) ?x3082)) ?x1754 (* (- 3) (* ?x3836 (+ x (* (- 1) s)) ?x3082 ?x3082)))))
 (let ((?x937 (* ?x3916 (+ 6 ?x2892 ?x2382 ?x2361 ?x465 ?x143 ?x48 ?x3487 ?x2865 ?x535 ?x59 ?x570))))
 (let (($x1855 (not (= ?x937 0))))
 (let ((?x1457 (* x00 x00)))
 (let ((?x771 (* 108 ?x1457)))
 (let ((?x3300 (* (- 54) r)))
 (let ((?x3413 (* (- 9) s)))
 (let ((?x2680 (* r00 r00 s00)))
 (let ((?x2525 (* (- 36) ?x2680)))
 (let ((?x137 (* 9 s00)))
 (let ((?x678 (* s00 s00)))
 (let ((?x3497 (* 51 ?x678)))
 (let ((?x3778 (* r00 r00 ?x3082)))
 (let ((?x3936 (* 36 ?x3778)))
 (let ((?x1295 (* s00 s00 s00)))
 (let ((?x2733 (* 16 ?x1295)))
 (let ((?x902 (* s00 x00)))
 (let ((?x2272 (* (- 108) ?x902)))
 (let ((?x2594 (* 216 (* r00 r00 r00 s00))))
 (let ((?x2544 (* r00 s00 s00)))
 (let ((?x2266 (* (- 108) ?x2544)))
 (let ((?x1009 (* r00 r00 r00 x00)))
 (let ((?x3584 (* (- 432) ?x1009)))
 (let ((?x3350 (* (- 36) (* r00 r00 s00 s00))))
 (let ((?x2937 (* (- 54) ?x2760)))
 (let ((?x609 (* r00 x00)))
 (let ((?x2007 (* 108 ?x609)))
 (let ((?x2406 (* 216 (* r00 s00 x00))))
 (let ((?x662 (+ ?x2406 ?x2007 ?x2937 (* 15 (* ?x3082 ?x3082)) (* (- 216) (* r00 r00 r00 ?x3082)) ?x3350 (* (- 4) (* ?x3082 ?x3082 ?x3082)) (* 108 (* (+ x (* (- 1) s)) (+ x (* (- 1) s)))) ?x3584 (* (- 12) (* s00 ?x3082 ?x3082)) (* 108 (* s00 (+ x (* (- 1) s)))) ?x2266 ?x2594 (* 108 (* x00 ?x3082)) (* 432 (* r00 r00 r00 (+ x (* (- 1) s)))) (* (- 66) (* s00 ?x3082)) (* 108 (* r00 s00 ?x3082)) ?x2272 (* (- 216) (* r00 s00 (+ x (* (- 1) s)))) (* 36 (* r00 r00 ?x3082 ?x3082)) ?x2733 (* (- 108) (* (+ x (* (- 1) s)) ?x3082)) ?x3936 ?x3497 (* (- 108) (* r00 (+ x (* (- 1) s)))) ?x137 ?x2525 ?x3413 ?x3300 (* 54 (* r00 ?x3082)) (* (- 216) (* x00 (+ x (* (- 1) s)))) ?x771)))
 (let (($x1220 (not (= ?x662 27))))
 (let ((?x2094 (* 36 ?x2680)))
 (let ((?x1084 (* (- 9) s00)))
 (let ((?x1013 (* (- 15) ?x678)))
 (let ((?x974 (* r00 r00 x00)))
 (let ((?x987 (* (- 36) ?x974)))
 (let ((?x903 (* 6 ?x902)))
 (let ((?x2505 (* (- 2) ?x2544)))
 (let ((?x2580 (* 24 ?x2760)))
 (let ((?x646 (* (- 54) ?x609)))
 (let ((?x2147 (+ (* (- 24) ?x3172) ?x646 (* 36 (* r00 ?x3836 (+ x (* (- 1) s)))) ?x2580 (* 3 (* ?x3082 ?x3082)) (* 54 (* ?x3836 (+ x (* (- 1) s)))) (* (- 6) (* s00 (+ x (* (- 1) s)))) (* 4 (* r00 ?x3082 ?x3082)) ?x2505 (* (- 6) (* x00 ?x3082)) (* 12 (* s00 ?x3082)) (* (- 2) (* r00 s00 ?x3082)) ?x903 (* 2 (* ?x3836 ?x3082 ?x3082)) (* 6 (* (+ x (* (- 1) s)) ?x3082)) (* (- 4) (* s00 s00 ?x3836)) (* (- 36) ?x3778) ?x987 ?x1013 (* 2 (* s00 ?x3836 ?x3082)) (* (- 36) (* r00 x00 ?x3836)) (* 54 (* r00 (+ x (* (- 1) s)))) ?x1084 ?x2094 (* (- 54) (* x00 ?x3836)) ?x143 (* 54 r) (* 24 ?x2098) (* (- 24) (* r00 ?x3082)) (* 36 (* r00 r00 (+ x (* (- 1) s)))))))
 (let ((?x47 (* 3 s)))
 (let ((?x2889 (* 6 ?x2680)))
 (let ((?x691 (* (- 4) ?x678)))
 (let ((?x1961 (* 9 ?x2760)))
 (let ((?x623 (* (- 18) ?x609)))
 (let ((?x1138 (+ (* (- 9) ?x3172) ?x623 ?x1961 (* 2 (* ?x3082 ?x3082)) (* 18 (* ?x3836 (+ x (* (- 1) s)))) (* 6 (* r00 ?x3836 ?x3082)) (* (- 6) ?x3778) ?x691 (* 18 (* r00 (+ x (* (- 1) s)))) ?x465 ?x2889 (* (- 18) (* x00 ?x3836)) ?x47 (* 18 r) (* 9 ?x2098) (* 2 (* s00 ?x3082)) (* (- 9) (* r00 ?x3082)) (* (- 6) (* r00 s00 ?x3836)))))
 (let (($x1859 (= (+ ?x2892 ?x2382 ?x2361 ?x465 ?x143 ?x48 ?x3487 ?x2865 ?x535 ?x59 ?x570) (- 6))))
 (let ((?x386 (* r00 r00)))
 (let ((?x1951 (* (- 3) ?x386)))
 (let ((?x365 (* (- 1) s)))
 (let (($x2006 (= (+ s00 ?x365 (* (- 6) r) (* 3 (* ?x3836 ?x3836)) ?x1951) 3)))
 (let (($x1159 (not $x2006)))
 (let (($x1416 (or $x1159 (not $x1859) (not (= ?x1138 (- 9))) (not (= ?x2147 (- 27))) $x1220 $x1855)))
 (let ((?x1991 (* r00 r00 s)))
 (let ((?x3614 (* 36 ?x1991)))
 (let ((?x817 (+ ?x2406 ?x2007 ?x2937 (* 15 (* s s)) (* (- 216) (* r00 r00 r00 s)) ?x3350 (* (- 4) (* s s s)) (* 108 (* x x)) ?x3584 (* (- 12) (* s00 s s)) (* 108 (* s00 x)) ?x2266 ?x2594 (* 108 (* x00 s)) (* 432 (* r00 r00 r00 x)) (* (- 66) (* s00 s)) (* 108 (* r00 s00 s)) ?x2272 (* (- 216) (* r00 s00 x)) (* 36 (* r00 r00 s s)) ?x2733 (* (- 108) (* x s)) ?x3614 ?x3497 (* (- 108) (* r00 x)) ?x137 ?x2525 ?x3413 (* 54 (* r00 s)) (* (- 216) (* x00 x)) ?x771)))
 (let (($x2017 (= ?x817 0)))
 (let ((?x2741 (* (- 36) ?x1991)))
 (let ((?x632 (* s s)))
 (let ((?x664 (* 3 ?x632)))
 (let ((?x2600 (+ (* (- 24) (* s r)) ?x646 (* 36 (* r00 x r)) ?x2580 ?x664 (* 54 (* x r)) (* (- 6) (* s00 x)) (* 4 (* r00 s s)) ?x2505 (* (- 6) (* x00 s)) (* 12 (* s00 s)) (* (- 2) (* r00 s00 s)) ?x903 (* 2 (* s s r)) (* 6 (* x s)) (* (- 4) (* s00 s00 r)) ?x2741 ?x987 ?x1013 (* 2 (* s00 s r)) (* (- 36) (* r00 x00 r)) (* 54 (* r00 x)) ?x1084 ?x2094 (* (- 54) (* x00 r)) ?x143 (* 24 (* s00 r)) (* (- 24) (* r00 s)) (* 36 (* r00 r00 x)))))
 (let ((?x633 (* 2 ?x632)))
 (let ((?x2108 (+ (* (- 9) (* s r)) ?x623 ?x1961 ?x633 (* 18 (* x r)) (* 6 (* r00 s r)) (* (- 6) ?x1991) ?x691 (* 18 (* r00 x)) ?x465 ?x2889 (* (- 18) (* x00 r)) ?x47 (* 9 (* s00 r)) (* 2 (* s00 s)) (* (- 9) (* r00 s)) (* (- 6) (* r00 s00 r)))))
 (let ((?x1935 (* (- 3) r)))
 (let ((?x2993 (+ (* (- 2) (* s r)) (* 12 (* r00 r00 r)) ?x1935 ?x465 ?x47 ?x48 (* (- 4) (* s00 r)) ?x2865 ?x535 ?x59 ?x570)))
 (let (($x3247 (= (+ s00 ?x365 (* 3 (* r r)) ?x1951) 0)))
 (let (($x1856 (and $x3247 (= ?x2993 0) (= ?x2108 0) (= ?x2600 0) $x2017 $x1416)))
 (let ((?x232 (- x s)))
 (let ((?x212 (+ s ?x211 3)))
 (let ((?x215 (+ r 1)))
 (let ((?x355 (- (- 10 (* 9 ?x215 ?x212 ?x232)) (* 3 ?x215 ?x215 ?x232 ?x232))))
 (let ((?x61 (* 12 r00 r00 r00)))
 (let ((?x54 (* 6 r00 s00)))
 (let ((?x227 (* 3 ?x212)))
 (let ((?x44 (* 3 s00)))
 (let ((?x225 (- (+ (* (- 2) ?x215 ?x212) (* 12 ?x215 r00 r00)) (* 3 ?x215))))
 (let ((?x234 (- (+ (- (+ (- ?x225 ?x44) ?x227 ?x48) (* 4 ?x215 s00)) ?x54) (* 6 ?x232))))
 (let ((?x236 (- (+ ?x234 ?x59) ?x61)))
 (let ((?x208 (* 108 x00 x00)))
 (let ((?x299 (* 9 ?x212)))
 (let ((?x139 (* 36 r00 r00 s00)))
 (let ((?x197 (* 51 s00 s00)))
 (let ((?x284 (* 36 r00 r00 ?x212)))
 (let ((?x192 (* 16 s00 s00 s00)))
 (let ((?x186 (* 108 s00 x00)))
 (let ((?x177 (* 216 r00 r00 r00 s00)))
 (let ((?x175 (* 108 r00 s00 s00)))
 (let ((?x169 (* 432 r00 r00 r00 x00)))
 (let ((?x161 (* 36 r00 r00 s00 s00)))
 (let ((?x157 (- (+ (* 216 r00 s00 x00) (* 108 r00 x00)) (* 54 r00 s00))))
 (let ((?x313 (- (- (+ ?x157 (* 15 ?x212 ?x212)) (* 216 r00 r00 r00 ?x212)) ?x161)))
 (let ((?x319 (- (- (+ (- ?x313 (* 4 ?x212 ?x212 ?x212)) (* 108 ?x232 ?x232)) ?x169) (* 12 ?x212 ?x212 s00))))
 (let ((?x325 (+ (- (+ ?x319 (* 108 s00 ?x232)) ?x175) ?x177 (* 108 ?x212 x00) (* 432 r00 r00 r00 ?x232))))
 (let ((?x331 (- (+ (- ?x325 (* 66 ?x212 s00)) (* 108 r00 ?x212 s00)) ?x186)))
 (let ((?x334 (+ (- ?x331 (* 216 r00 s00 ?x232)) (* 36 r00 r00 ?x212 ?x212) ?x192)))
 (let ((?x339 (- (+ (- ?x334 (* 108 ?x212 ?x232)) ?x284 ?x197) (* 108 r00 ?x232))))
 (let ((?x346 (- (+ (- (- (+ ?x339 ?x137) ?x139) ?x299) (* 54 r00 ?x212)) (* 216 ?x232 x00))))
 (let ((?x126 (* 15 s00 s00)))
 (let ((?x124 (* 36 r00 r00 x00)))
 (let ((?x118 (* 6 s00 x00)))
 (let ((?x110 (* 2 r00 s00 s00)))
 (let ((?x102 (* 24 r00 s00)))
 (let ((?x268 (+ (- (* (- 24) ?x215 ?x212) (* 54 r00 x00)) (* 36 ?x215 r00 ?x232) ?x102 (* 3 ?x212 ?x212) (* 54 ?x215 ?x232))))
 (let ((?x274 (- (+ (- ?x268 (* 6 s00 ?x232)) (* 4 r00 ?x212 ?x212)) ?x110)))
 (let ((?x279 (- (+ (- ?x274 (* 6 ?x212 x00)) (* 12 ?x212 s00)) (* 2 r00 ?x212 s00))))
 (let ((?x285 (- (+ ?x279 ?x118 (* 2 ?x215 ?x212 ?x212) (* 6 ?x212 ?x232)) (* 4 ?x215 s00 s00))))
 (let ((?x292 (- (+ (- (- (- ?x285 ?x284) ?x124) ?x126) (* 2 ?x215 ?x212 s00)) (* 36 ?x215 r00 x00))))
 (let ((?x298 (- (+ (- (+ ?x292 (* 54 r00 ?x232)) ?x137) ?x139) (* 54 ?x215 x00))))
 (let ((?x305 (+ (- (+ ?x298 ?x299 (* 24 ?x215 s00)) (* 24 r00 ?x212)) (* 36 r00 r00 ?x232))))
 (let ((?x82 (* 6 r00 r00 s00)))
 (let ((?x76 (* 4 s00 s00)))
 (let ((?x70 (* 9 r00 s00)))
 (let ((?x244 (+ (- (* (- 9) ?x215 ?x212) (* 18 r00 x00)) ?x70 (* 2 ?x212 ?x212) (* 18 ?x215 ?x232) (* 6 ?x215 r00 ?x212))))
 (let ((?x249 (+ (- (- ?x244 (* 6 r00 r00 ?x212)) ?x76) (* 18 r00 ?x232))))
 (let ((?x256 (+ (- (+ (- ?x249 ?x44) ?x82) (* 18 ?x215 x00)) ?x227 (* 9 ?x215 s00) (* 2 ?x212 s00))))
 (let (($x261 (= (- (- ?x256 (* 9 r00 ?x212)) (* 6 ?x215 r00 s00)) 0)))
 (let (($x219 (= (- (+ (- s00 ?x212) (* 3 ?x215 ?x215)) (* 3 r00 r00)) 0)))
 (let (($x360 (or (not $x219) (not (= ?x236 0)) (not $x261) (not (= ?x305 0)) (not (= (+ ?x346 ?x208) 0)) (not (= (* ?x236 (- ?x355 (* 3 ?x215 ?x212 ?x212 ?x232))) 0)))))
 (let ((?x123 (* 36 r00 r00 s)))
 (let ((?x164 (- (- (+ ?x157 (* 15 s s)) (* 216 r00 r00 r00 s)) ?x161)))
 (let ((?x172 (- (- (+ (- ?x164 (* 4 s s s)) (* 108 x x)) ?x169) (* 12 s s s00))))
 (let ((?x180 (+ (- (+ ?x172 (* 108 s00 x)) ?x175) ?x177 (* 108 s x00) (* 432 r00 r00 r00 x))))
 (let ((?x188 (- (+ (- ?x180 (* 66 s s00)) (* 108 r00 s s00)) ?x186)))
 (let ((?x193 (+ (- ?x188 (* 216 r00 s00 x)) (* 36 r00 r00 s s) ?x192)))
 (let ((?x200 (- (+ (- ?x193 (* 108 s x)) ?x123 ?x197) (* 108 r00 x))))
 (let ((?x207 (- (+ (- (- (+ ?x200 ?x137) ?x139) ?x143) (* 54 r00 s)) (* 216 x x00))))
 (let ((?x105 (+ (- (* (- 24) r s) (* 54 r00 x00)) (* 36 r r00 x) ?x102 (* 3 s s) (* 54 r x))))
 (let ((?x112 (- (+ (- ?x105 (* 6 s00 x)) (* 4 r00 s s)) ?x110)))
 (let ((?x117 (- (+ (- ?x112 (* 6 s x00)) (* 12 s s00)) (* 2 r00 s s00))))
 (let ((?x127 (- (+ ?x117 ?x118 (* 2 r s s) (* 6 s x)) (* 4 r s00 s00))))
 (let ((?x134 (- (+ (- (- (- ?x127 ?x123) ?x124) ?x126) (* 2 r s s00)) (* 36 r r00 x00))))
 (let ((?x142 (- (+ (- (+ ?x134 (* 54 r00 x)) ?x137) ?x139) (* 54 r x00))))
 (let ((?x149 (+ (- (+ ?x142 ?x143 (* 24 r s00)) (* 24 r00 s)) (* 36 r00 r00 x))))
 (let ((?x74 (+ (- (* (- 9) r s) (* 18 r00 x00)) ?x70 (* 2 s s) (* 18 r x) (* 6 r r00 s))))
 (let ((?x80 (+ (- (- ?x74 (* 6 r00 r00 s)) ?x76) (* 18 r00 x))))
 (let ((?x88 (+ (- (+ (- ?x80 ?x44) ?x82) (* 18 r x00)) ?x47 (* 9 r s00) (* 2 s s00))))
 (let (($x93 (= (- (- ?x88 (* 9 r00 s)) (* 6 r r00 s00)) 0)))
 (let ((?x56 (* 6 x)))
 (let ((?x43 (* 3 r)))
 (let ((?x46 (- (- (+ (* (- 2) r s) (* 12 r r00 r00)) ?x43) ?x44)))
 (let ((?x60 (+ (- (+ (- (+ ?x46 ?x47 ?x48) (* 4 r s00)) ?x54) ?x56) ?x59)))
 (let (($x36 (= (- (+ (- s00 s) (* 3 r r)) (* 3 r00 r00)) 0)))
 (let (($x361 (and $x36 (= (- ?x60 ?x61) 0) $x93 (= ?x149 0) (= (+ ?x207 ?x208) 0) $x360)))
 (rewrite (= $x361 $x1856))))))))))))))))))))))))))))))))))))))))))))))))))))))))))))))))))))))))))))))))))))))))))))))))))))))))))))))))))))))))))))))))))))))))))))))))))))))))))))))))))))))
 ))
 (let ((@x363 (asserted $x362)))
 (let ((@x3878 (mp (mp @x363 (quant-intro (proof-bind ?x2175) (= $x362 $x4046)) $x4046) (rewrite (= $x4046 $x4046)) $x4046)))
 (let ((@x1219 (mp (mp @x3878 (quant-intro (proof-bind ?x3787) (= $x4046 $x1188)) $x1188) (quant-intro (proof-bind ?x1649) (= $x1188 $x1647)) $x1647)))
 (let ((@x4180 (mp (mp~ @x1219 (sk (~ $x1647 $x3500)) $x3500) (rewrite (= $x3500 $x3745)) $x3745)))
 (let ((@x3715 (and-elim @x4180 $x1939)))
 (let ((@x3037 (unit-resolution ((_ th-lemma arith triangle-eq) (or (not $x1939) $x2810)) @x3715 $x2810)))
 (let (($x698 (>= ?x1938 0)))
 (let ((@x2070 (unit-resolution ((_ th-lemma arith triangle-eq) (or (not $x1939) $x698)) @x3715 $x698)))
 (let (($x2634 (<= ?x1637 0)))
 (let ((@x3713 (and-elim @x4180 $x1640)))
 (let ((@x956 (unit-resolution ((_ th-lemma arith triangle-eq) (or (not $x1640) $x2634)) @x3713 $x2634)))
 (let (($x958 (>= ?x1637 0)))
 (let ((@x3041 (unit-resolution ((_ th-lemma arith triangle-eq) (or (not $x1640) $x958)) @x3713 $x958)))
 (let (($x763 (<= ?x2631 0)))
 (let ((@x4184 (and-elim @x4180 $x2441)))
 (let ((@x3348 (unit-resolution ((_ th-lemma arith triangle-eq) (or $x1932 $x763)) @x4184 $x763)))
 (let (($x2635 (>= ?x2631 0)))
 (let ((@x3880 (unit-resolution ((_ th-lemma arith triangle-eq) (or $x1932 $x2635)) @x4184 $x2635)))
 (let (($x2806 (<= ?x2510 0)))
 (let (($x957 (<= ?x1108 0)))
 (let ((@x764 (and-elim @x4180 $x2303)))
 (let ((@x959 (unit-resolution ((_ th-lemma arith triangle-eq) (or (not $x2303) $x957)) @x764 $x957)))
 (let (($x1567 (>= ?x1108 0)))
 (let ((@x3723 (unit-resolution ((_ th-lemma arith triangle-eq) (or (not $x2303) $x1567)) @x764 $x1567)))
 (let (($x1541 (<= ?x3694 0)))
 (let ((@x3716 (and-elim @x4180 $x3697)))
 (let ((@x3409 (unit-resolution ((_ th-lemma arith triangle-eq) (or (not $x3697) $x1541)) @x3716 $x1541)))
 (let (($x2601 (>= ?x3694 0)))
 (let ((@x1752 (unit-resolution ((_ th-lemma arith triangle-eq) (or (not $x3697) $x2601)) @x3716 $x2601)))
 (let ((@x1794 ((_ th-lemma arith) (hypothesis (not $x2806)) @x3880 @x3348 @x1752 @x3409 @x3723 @x959 @x1752 @x3409 @x3723 @x959 @x3880 @x3348 @x3041 @x956 false)))
 (let ((@x2428 (lemma @x1794 $x2806)))
 (let (($x2804 (>= ?x2510 0)))
 (let ((@x3006 ((_ th-lemma arith) (hypothesis (not $x2804)) @x3880 @x3348 @x1752 @x3409 @x3723 @x959 @x1752 @x3409 @x3723 @x959 @x3880 @x3348 @x3041 @x956 false)))
 (let ((@x954 (lemma @x3006 $x2804)))
 (let (($x2296 (<= ?x1360 0)))
 (let ((@x3760 ((_ th-lemma arith) (hypothesis (not $x2296)) @x3880 @x3348 @x1752 @x3409 @x3723 @x959 @x954 @x2428 @x3880 @x3348 false)))
 (let ((@x3286 (lemma @x3760 $x2296)))
 (let (($x2807 (>= ?x1360 0)))
 (let ((@x3032 ((_ th-lemma arith) (hypothesis (not $x2807)) @x3880 @x3348 @x1752 @x3409 @x3723 @x959 @x954 @x2428 @x3880 @x3348 false)))
 (let ((@x3909 (lemma @x3032 $x2807)))
 (let (($x3263 (not (>= ?x3265 0))))
 (let (($x2138 (<= ?x3265 0)))
 (let ((@x3604 ((_ th-lemma arith) (hypothesis (not $x2138)) @x3880 @x3348 @x1752 @x3409 @x3723 @x959 @x1752 @x3409 @x1752 @x3409 @x3723 @x959 @x3723 @x959 @x954 @x2428 @x3041 @x956 @x3880 @x3348 @x2070 @x3037 @x3880 @x3348 @x3041 @x956 false)))
 (let (($x3046 (>= ?x1946 0)))
 (let (($x1349 (<= ?x1946 0)))
 (let ((@x3285 (unit-resolution ((_ th-lemma arith assign-bounds -4 -1) (or $x1349 (not $x763) (not $x2634))) @x956 @x3348 $x1349)))
 (let ((@x965 (unit-resolution ((_ th-lemma arith triangle-eq) (or $x686 (not $x1349) (not $x3046))) @x3285 (lemma ((_ th-lemma arith farkas -4 -1 1) @x3880 @x3041 (hypothesis (not $x3046)) false) $x3046) $x686)))
 (let ((@x1757 (unit-resolution ((_ th-lemma arith triangle-eq) (or $x1364 (not $x2296) (not $x2807))) @x3286 @x3909 $x1364)))
 (let (($x3669 (>= ?x1175 0)))
 (let ((@x2557 (lemma ((_ th-lemma arith farkas 1 1 1 1 1) (hypothesis (not $x3669)) @x3348 @x956 @x3880 @x3041 false) $x3669)))
 (let (($x1099 (<= ?x1175 0)))
 (let ((@x970 (lemma ((_ th-lemma arith farkas 1 1 1 1 1) (hypothesis (not $x1099)) @x3348 @x956 @x3880 @x3041 false) $x1099)))
 (let ((@x1563 (unit-resolution ((_ th-lemma arith triangle-eq) (or $x4164 (not $x1099) (not $x3669))) @x970 @x2557 $x4164)))
 (let ((@x2764 (unit-resolution ((_ th-lemma arith triangle-eq) (or $x1755 (not $x2806) (not $x2804))) @x954 @x2428 $x1755)))
 (let ((@x1047 (unit-resolution (and-elim @x4180 $x4172) @x4184 (or $x1944 $x695 $x2135 $x1821 $x1897))))
 (let ((@x2629 (unit-resolution (unit-resolution @x1047 @x2764 @x1563 (or $x1944 $x695 $x1821)) @x1757 @x965 $x1821)))
 (let ((@x3465 (unit-resolution ((_ th-lemma arith triangle-eq) (or $x1075 (not $x2138) $x3263)) @x2629 (lemma @x3604 $x2138) $x3263)))
 ((_ th-lemma arith) @x3465 @x3880 @x3348 @x3909 @x3286 @x1752 @x3409 @x1752 @x3409 @x3723 @x959 @x1752 @x3409 @x3723 @x959 @x3723 @x959 @x954 @x2428 @x3041 @x956 @x3880 @x3348 @x3041 @x956 @x2070 @x3037 false)))))))))))))))))))))))))))))))))))))))))))))))))))))))))))))))))))))))))))))))))))))))))))))))))))))))))))))))))))))))))))))))))))))))))))))))))))))))))))))))))))))))))))))))))))))))))))))))))))))))))))))))))))))))))))))))))))))))))))))))))))))))))))))))))))))))))))))))))))))))))))))))))))))))))))))))

(:added-eqs                 16
 :arith-assert-diseq        13
 :arith-assert-lower        120
 :arith-assert-upper        35
 :arith-bound-prop          1
 :arith-conflicts           9
 :arith-eq-adapter          10
 :arith-fixed-eqs           10
 :arith-gcd-tests           23
 :arith-grobner             6
 :arith-max-min             1997
 :arith-nonlinear-bounds    85
 :arith-nonlinear-horner    56
 :arith-num-rows            11
 :arith-patches             13
 :arith-patches_succ        13
 :arith-pivots              8
 :arith-pseudo-nonlinear    8
 :arith-row-summations      28
 :arith-tableau-max-columns 155
 :arith-tableau-max-rows    11
 :conflicts                 9
 :decisions                 31
 :del-clause                37
 :final-checks              14
 :max-memory                7.12
 :memory                    3.58
 :mk-bool-var               36
 :mk-clause                 37
 :num-allocs                41335417767.00
 :num-checks                1
 :propagations              58
 :rlimit-count              13283881
 :time                      10.91
 :total-time                10.04)
