unsat
((set-logic NIA)
(declare-fun r!2 () Int)
(declare-fun s!1 () Int)
(declare-fun x!0 () Int)
(proof
(let ((?x2540 (* r00 r00 r!2)))
 (let ((?x1694 (* (- 12) ?x2540)))
 (let ((?x2372 (* s!1 r!2)))
 (let ((?x2395 (* 2 ?x2372)))
 (let ((?x1861 (* 6 x!0)))
 (let ((?x1327 (* s00 r!2)))
 (let ((?x1887 (* 4 ?x1327)))
 (let ((?x1852 (* 3 r!2)))
 (let ((?x1857 (* (- 3) s!1)))
 (let ((?x549 (* r00 r00 r00)))
 (let ((?x550 (* 12 ?x549)))
 (let ((?x506 (* s00 r00)))
 (let ((?x584 (* (- 6) ?x506)))
 (let ((?x581 (* (- 6) x00)))
 (let ((?x580 (* (- 3) r00)))
 (let ((?x44 (* 3 s00)))
 (let ((?x2090 (+ ?x44 ?x580 ?x581 ?x584 ?x550 ?x1857 ?x1852 ?x1887 ?x1861 ?x2395 ?x1694)))
 (let (($x1795 (<= ?x2090 0)))
 (let (($x1160 (= ?x2090 0)))
 (let ((?x3470 (* r!2 r!2)))
 (let ((?x1975 (* 108 ?x3470)))
 (let ((?x3224 (* r!2 x!0)))
 (let ((?x3233 (* 90 ?x3224)))
 (let ((?x2759 (* s!1 s!1)))
 (let ((?x664 (* (- 1) ?x2759)))
 (let ((?x2707 (* s!1 x!0)))
 (let ((?x1038 (* 6 ?x2707)))
 (let ((?x662 (* 72 x!0)))
 (let ((?x3835 (* 36 r!2)))
 (let ((?x1043 (* r!2 r!2 r!2)))
 (let ((?x1055 (* 72 ?x1043)))
 (let ((?x967 (* r00 r00 x00)))
 (let ((?x980 (* (- 36) ?x967)))
 (let ((?x895 (* s00 x00)))
 (let ((?x896 (* 6 ?x895)))
 (let ((?x772 (* s00 s00 r00)))
 (let ((?x790 (* (- 2) ?x772)))
 (let ((?x727 (* s00 r00 r00)))
 (let ((?x1090 (* 36 ?x727)))
 (let ((?x671 (* s00 s00)))
 (let ((?x2660 (* (- 19) ?x671)))
 (let ((?x661 (* (- 57) s!1)))
 (let ((?x602 (* r00 x00)))
 (let ((?x2735 (* (- 90) ?x602)))
 (let ((?x2440 (* 18 ?x506)))
 (let ((?x379 (* r00 r00)))
 (let ((?x2605 (* (- 108) ?x379)))
 (let ((?x2829 (* (- 72) x00)))
 (let ((?x1386 (* (- 36) r00)))
 (let ((?x2873 (* 57 s00)))
 (let ((?x2413 (+ ?x2873 ?x1386 ?x2829 ?x2605 ?x2440 ?x2735 ?x661 (* (- 90) (* r00 s!1)) ?x2660 ?x1090 ?x790 ?x896 ?x980 (* 4 (* r00 s!1 s!1)) ?x1055 (* 12 (* r00 s!1 r!2)) (* 36 (* r00 r00 x!0)) ?x3835 (* 114 ?x1327) (* 2 (* s!1 s!1 r!2)) (* 144 (* r00 r!2 r!2)) (* 90 (* r00 x!0)) (* (- 12) (* s00 r00 r!2)) ?x662 (* (- 90) (* x00 r!2)) (* 2 (* s00 s!1 r!2)) (* (- 4) (* s00 s00 r!2)) (* (- 42) ?x2372) (* 12 (* s00 r!2 r!2)) (* (- 216) ?x2540) ?x1038 ?x664 (* (- 72) (* r00 r00 s!1)) (* 20 (* s00 s!1)) (* (- 36) (* r00 x00 r!2)) (* (- 6) (* s00 x!0)) ?x3233 (* (- 2) (* s00 r00 s!1)) (* 24 (* s!1 r!2 r!2)) ?x1975 (* 36 (* r00 r!2 x!0)) (* (- 6) (* x00 s!1)))))
 (let ((?x677 (* 6 r!2)))
 (let ((?x2511 (+ 3 s!1 ?x677)))
 (let ((?x670 (* (- 1) s!1)))
 (let ((?x676 (+ ?x670 x!0)))
 (let ((?x651 (+ 1 r!2)))
 (let ((?x984 (* ?x651 ?x676 ?x2511 ?x2511 ?x2413)))
 (let (($x3248 (= ?x984 0)))
 (let (($x3309 (not $x3248)))
 (let ((?x3876 (* 756 ?x3470)))
 (let ((?x3990 (* 648 ?x3224)))
 (let ((?x2848 (* x!0 x!0)))
 (let ((?x1691 (* (- 108) ?x2848)))
 (let ((?x2833 (* s!1 s!1 s!1)))
 (let ((?x2836 (* 4 ?x2833)))
 (let ((?x1747 (* (- 195) ?x2759)))
 (let ((?x3061 (* 324 ?x2707)))
 (let ((?x3860 (* 324 x!0)))
 (let ((?x1450 (* x00 x00)))
 (let ((?x1480 (* (- 108) ?x1450)))
 (let ((?x2056 (* 162 r!2)))
 (let ((?x1288 (* s00 s00 s00)))
 (let ((?x1479 (* (- 16) ?x1288)))
 (let ((?x1176 (* s00 r00 r00 r00)))
 (let ((?x1475 (* (- 216) ?x1176)))
 (let ((?x777 (* 864 ?x1043)))
 (let ((?x1002 (* r00 r00 r00 x00)))
 (let ((?x1003 (* 432 ?x1002)))
 (let ((?x1233 (* 108 ?x895)))
 (let ((?x859 (* s00 s00 r00 r00)))
 (let ((?x860 (* 36 ?x859)))
 (let ((?x1130 (* 108 ?x772)))
 (let ((?x1469 (* (- 51) ?x671)))
 (let ((?x3859 (* (- 297) s!1)))
 (let ((?x1466 (* (- 108) ?x602)))
 (let ((?x598 (* s00 r00 x00)))
 (let ((?x1465 (* (- 216) ?x598)))
 (let ((?x4163 (* 648 ?x549)))
 (let ((?x2803 (* (- 270) ?x506)))
 (let ((?x2797 (* (- 432) ?x379)))
 (let ((?x4157 (* (- 324) x00)))
 (let ((?x2792 (* (- 162) r00)))
 (let ((?x4156 (* 297 s00)))
 (let ((?x3878 (+ ?x4156 ?x2792 ?x4157 ?x2797 ?x2803 ?x4163 ?x1465 ?x1466 ?x3859 (* (- 162) (* r00 s!1)) ?x1469 ?x1090 ?x1130 ?x860 ?x1233 ?x1003 (* 648 (* r00 r00 r00 s!1)) ?x777 ?x1475 ?x1479 ?x2056 (* 828 ?x1327) ?x1480 (* 72 (* s!1 s!1 r!2)) (* 108 (* r00 x!0)) (* (- 648) (* s00 r00 r!2)) ?x3860 (* (- 648) (* x00 r!2)) (* 144 (* s00 s!1 r!2)) (* (- 432) (* r00 r00 s!1 r!2)) (* (- 396) ?x2372) (* 432 (* s00 r!2 r!2)) (* 12 (* s00 s!1 s!1)) (* (- 1512) ?x2540) (* (- 324) (* r00 r!2)) ?x3061 (* (- 432) (* r00 r00 r00 x!0)) (* 216 (* x00 x!0)) (* 216 (* s00 r00 x!0)) ?x1747 (* (- 36) (* r00 r00 s!1 s!1)) ?x2836 (* (- 252) (* r00 r00 s!1)) ?x1691 (* 246 (* s00 s!1)) (* (- 108) (* s00 x!0)) ?x3990 (* (- 324) (* s00 r00 s!1)) (* 432 (* s!1 r!2 r!2)) ?x3876 (* 1296 (* r00 r00 r00 r!2)) (* (- 324) (* x00 s!1)) (* (- 1296) (* r00 r00 r!2 r!2)))))
 (let (($x3882 (= ?x3878 0)))
 (let (($x1662 (not $x3882)))
 (let (($x1168 (= ?x2413 0)))
 (let (($x2588 (not $x1168)))
 (let ((?x4032 (* 18 ?x3470)))
 (let ((?x3259 (* 18 ?x3224)))
 (let ((?x3223 (* 2 ?x2759)))
 (let ((?x4031 (* 18 x!0)))
 (let ((?x1159 (* 9 r!2)))
 (let ((?x728 (* 6 ?x727)))
 (let ((?x684 (* (- 4) ?x671)))
 (let ((?x1813 (* (- 12) s!1)))
 (let ((?x616 (* (- 18) ?x602)))
 (let ((?x1988 (* 3 ?x506)))
 (let ((?x1998 (* (- 18) ?x379)))
 (let ((?x1768 (* (- 18) x00)))
 (let ((?x3089 (* (- 9) r00)))
 (let ((?x446 (* 12 s00)))
 (let ((?x1086 (+ ?x446 ?x3089 ?x1768 ?x1998 ?x1988 ?x616 ?x1813 (* (- 21) (* r00 s!1)) ?x684 ?x728 (* 6 (* r00 s!1 r!2)) ?x1159 (* 21 ?x1327) (* 36 (* r00 r!2 r!2)) (* 18 (* r00 x!0)) (* (- 6) (* s00 r00 r!2)) ?x4031 (* (- 18) (* x00 r!2)) (* (- 3) ?x2372) (* (- 36) ?x2540) ?x3223 (* (- 6) (* r00 r00 s!1)) (* 2 (* s00 s!1)) ?x3259 ?x4032)))
 (let (($x1685 (= ?x1086 0)))
 (let (($x1161 (not $x1685)))
 (let ((?x2184 (* 12 ?x3470)))
 (let ((?x2147 (* (- 7) s!1)))
 (let ((?x3052 (* (- 12) ?x379)))
 (let ((?x2387 (* 7 s00)))
 (let ((?x498 (+ ?x2387 ?x580 ?x581 ?x3052 ?x584 ?x550 ?x2147 ?x1852 ?x1887 ?x1861 ?x2395 ?x1694 ?x2184)))
 (let (($x1139 (= ?x498 0)))
 (let (($x2015 (not $x1139)))
 (let ((?x3043 (* (- 3) ?x379)))
 (let ((?x3586 (+ s00 ?x3043 ?x670 (* 3 ?x3470))))
 (let (($x821 (= ?x3586 0)))
 (let (($x2012 (not $x821)))
 (let (($x947 (or $x2012 $x2015 $x1161 $x2588 $x1662 $x3309)))
 (let ((?x2835 (* r00 r00 s!1)))
 (let ((?x503 (* 36 ?x2835)))
 (let ((?x1122 (* 108 ?x1450)))
 (let ((?x1779 (* 16 ?x1288)))
 (let ((?x1156 (* (- 432) ?x1002)))
 (let ((?x3739 (* (- 108) ?x895)))
 (let ((?x1378 (* (- 36) ?x727)))
 (let ((?x1372 (* 51 ?x671)))
 (let ((?x2151 (* (- 9) s!1)))
 (let ((?x1878 (* 108 ?x602)))
 (let ((?x137 (* 9 s00)))
 (let ((?x3368 (+ ?x137 (* (- 54) ?x506) (* 216 ?x598) ?x1878 ?x2151 (* 54 (* r00 s!1)) ?x1372 ?x1378 (* (- 108) ?x772) (* (- 36) ?x859) ?x3739 ?x1156 (* (- 216) (* r00 r00 r00 s!1)) (* 216 ?x1176) ?x1779 ?x1122 (* (- 108) (* r00 x!0)) (* (- 12) (* s00 s!1 s!1)) (* (- 108) ?x2707) (* 432 (* r00 r00 r00 x!0)) (* (- 216) (* x00 x!0)) (* (- 216) (* s00 r00 x!0)) (* 15 ?x2759) (* 36 (* r00 r00 s!1 s!1)) (* (- 4) ?x2833) ?x503 (* 108 ?x2848) (* (- 66) (* s00 s!1)) (* 108 (* s00 x!0)) (* 108 (* s00 r00 s!1)) (* 108 (* x00 s!1)))))
 (let (($x3185 (= ?x3368 0)))
 (let ((?x968 (* 36 ?x967)))
 (let ((?x2989 (* (- 6) ?x895)))
 (let ((?x773 (* 2 ?x772)))
 (let ((?x715 (* 15 ?x671)))
 (let ((?x2398 (* 54 ?x602)))
 (let ((?x1780 (+ ?x137 (* (- 24) ?x506) ?x2398 ?x2151 (* 24 (* r00 s!1)) ?x715 ?x1378 ?x773 ?x2989 ?x968 (* (- 4) (* r00 s!1 s!1)) (* (- 36) (* r00 r00 x!0)) (* (- 24) ?x1327) (* (- 2) (* s!1 s!1 r!2)) (* (- 54) (* r00 x!0)) (* 54 (* x00 r!2)) (* (- 2) (* s00 s!1 r!2)) (* 4 (* s00 s00 r!2)) (* 24 ?x2372) (* (- 6) ?x2707) (* (- 3) ?x2759) ?x503 (* (- 12) (* s00 s!1)) (* 36 (* r00 x00 r!2)) (* 6 (* s00 x!0)) (* (- 54) ?x3224) (* 2 (* s00 r00 s!1)) (* (- 36) (* r00 r!2 x!0)) (* 6 (* x00 s!1)))))
 (let (($x1738 (= ?x1780 0)))
 (let ((?x2207 (* (- 6) ?x727)))
 (let ((?x672 (* 4 ?x671)))
 (let ((?x603 (* 18 ?x602)))
 (let ((?x1165 (+ ?x44 (* (- 9) ?x506) ?x603 ?x1857 (* 9 (* r00 s!1)) ?x672 ?x2207 (* (- 6) (* r00 s!1 r!2)) (* (- 9) ?x1327) (* (- 18) (* r00 x!0)) (* 6 (* s00 r00 r!2)) (* 18 (* x00 r!2)) (* 9 ?x2372) (* (- 2) ?x2759) (* 6 ?x2835) (* (- 2) (* s00 s!1)) (* (- 18) ?x3224))))
 (let (($x1166 (= ?x1165 0)))
 (let (($x1750 (and $x821 $x1160 $x1166 $x1738 $x3185 $x947)))
 (let ((?x2924 (* 36 (* x!0 r00 r00))))
 (let ((?x3715 (* (- 36) (* r!2 r00 x00))))
 (let ((?x2367 (* r!2 s!1 s00)))
 (let ((?x878 (* 2 ?x2367)))
 (let ((?x1313 (* (- 4) (* r!2 s00 s00))))
 (let ((?x893 (* r!2 s!1 s!1)))
 (let ((?x3326 (* 2 ?x893)))
 (let ((?x3909 (* s!1 s00 r00)))
 (let ((?x513 (* (- 2) ?x3909)))
 (let ((?x592 (* s!1 x00)))
 (let ((?x593 (* (- 6) ?x592)))
 (let ((?x1764 (* 4 (* s!1 s!1 r00))))
 (let ((?x1754 (* x!0 s00)))
 (let ((?x1755 (* (- 6) ?x1754)))
 (let ((?x746 (* 36 (* r!2 x!0 r00))))
 (let ((?x1494 (+ ?x3835 ?x661 ?x662 ?x2873 ?x1386 ?x2829 ?x1975 ?x2605 (* (- 42) (* r!2 s!1)) (* (- 216) (* r!2 r00 r00)) (* 114 (* r!2 s00)) ?x2440 ?x2735 ?x664 ?x3233 (* 12 (* r!2 s!1 r00)) (* (- 72) (* s!1 r00 r00)) ?x746 ?x2660 (* 90 (* x!0 r00)) ?x1755 ?x1090 (* (- 90) (* r!2 x00)) ?x1764 (* 20 (* s!1 s00)) ?x790 (* (- 90) (* s!1 r00)) (* (- 12) (* r!2 s00 r00)) ?x593 ?x513 ?x896 ?x3326 ?x1038 ?x1313 ?x980 ?x878 ?x3715 ?x2924 (* 144 (* r!2 r!2 r00)) ?x1055 (* 24 (* r!2 r!2 s!1)) (* 12 (* r!2 r!2 s00)))))
 (let ((?x680 (+ 3 ?x677 s!1)))
 (let ((?x1395 (* 216 (* x!0 x00))))
 (let ((?x934 (* (- 36) (* s!1 s!1 r00 r00))))
 (let ((?x3058 (* 216 (* x!0 s00 r00))))
 (let ((?x2854 (* (- 432) (* x!0 r00 r00 r00))))
 (let ((?x2858 (* 12 (* s!1 s!1 s00))))
 (let ((?x2941 (* (- 108) ?x1754)))
 (let ((?x486 (* x!0 r00)))
 (let ((?x2937 (* 108 ?x486)))
 (let ((?x3979 (+ ?x2056 ?x3859 ?x3860 ?x4156 ?x2792 ?x4157 ?x3876 ?x2797 (* (- 396) (* r!2 s!1)) (* (- 1512) (* r!2 r00 r00)) (* 828 (* r!2 s00)) ?x2803 ?x4163 ?x1465 ?x1466 ?x1747 ?x3990 (* (- 252) (* s!1 r00 r00)) ?x1469 ?x2937 ?x2941 ?x1090 (* (- 648) (* r!2 x00)) (* 648 (* s!1 r00 r00 r00)) (* 246 (* s!1 s00)) ?x1130 (* (- 162) (* s!1 r00)) (* (- 648) (* r!2 s00 r00)) (* (- 324) ?x592) ?x860 (* (- 324) ?x3909) ?x1233 (* 72 ?x893) ?x3061 ?x2836 ?x1691 ?x1003 (* 144 ?x2367) ?x2858 ?x1475 ?x2854 ?x3058 ?x934 ?x1479 ?x1395 ?x1480 (* (- 324) (* r!2 r00)) (* (- 1296) (* r!2 r!2 r00 r00)) (* (- 432) (* r!2 s!1 r00 r00)) (* 1296 (* r!2 r00 r00 r00)) ?x777 (* 432 (* r!2 r!2 s!1)) (* 432 (* r!2 r!2 s00)))))
 (let ((?x3680 (* r!2 s00 r00)))
 (let ((?x3681 (* (- 6) ?x3680)))
 (let ((?x3677 (* s!1 s00)))
 (let ((?x1721 (* 2 ?x3677)))
 (let ((?x1830 (* r!2 x00)))
 (let ((?x1860 (* (- 18) ?x1830)))
 (let ((?x1208 (* 18 ?x486)))
 (let ((?x2729 (* s!1 r00 r00)))
 (let ((?x2732 (* (- 6) ?x2729)))
 (let ((?x894 (* r!2 s!1 r00)))
 (let ((?x905 (* 6 ?x894)))
 (let ((?x660 (+ ?x1159 ?x1813 ?x4031 ?x446 ?x3089 ?x1768 ?x4032 ?x1998 (* (- 3) (* r!2 s!1)) (* (- 36) (* r!2 r00 r00)) (* 21 (* r!2 s00)) ?x1988 ?x616 ?x3223 ?x3259 ?x905 ?x2732 ?x684 ?x1208 ?x728 ?x1860 ?x1721 (* (- 21) (* s!1 r00)) ?x3681 (* 36 (* r!2 r!2 r00)))))
 (let ((?x2778 (* r!2 s00)))
 (let ((?x2763 (* 4 ?x2778)))
 (let ((?x3729 (* r!2 r00 r00)))
 (let ((?x3956 (* (- 12) ?x3729)))
 (let ((?x3719 (* r!2 s!1)))
 (let ((?x3728 (* 2 ?x3719)))
 (let ((?x2155 (+ ?x1852 ?x2147 ?x1861 ?x2387 ?x580 ?x581 ?x2184 ?x3052 ?x3728 ?x3956 ?x2763 ?x584 ?x550)))
 (let (($x494 (= (+ s!1 (* (- 1) s00) (* (- 3) ?x3470) (* 3 ?x379)) 0)))
 (let (($x534 (or (not $x494) (not (= ?x2155 0)) (not (= ?x660 0)) (not (= ?x1494 0)) (not (= ?x3979 0)) (not (= (* ?x651 ?x676 ?x680 ?x680 ?x1494) 0)))))
 (let ((?x2931 (* (- 36) ?x2729)))
 (let ((?x608 (* 54 ?x506)))
 (let ((?x1077 (* (- 9) s00)))
 (let ((?x2619 (* 9 s!1)))
 (let ((?x935 (+ ?x2619 ?x1077 ?x608 ?x1465 ?x1466 (* (- 15) ?x2759) ?x2931 ?x1469 ?x2937 ?x2941 ?x1090 (* 216 (* s!1 r00 r00 r00)) (* 66 ?x3677) ?x1130 (* (- 54) (* s!1 r00)) (* (- 108) ?x592) ?x860 (* (- 108) ?x3909) ?x1233 (* 108 ?x2707) ?x2836 ?x1691 ?x1003 ?x2858 ?x1475 ?x2854 ?x3058 ?x934 ?x1479 ?x1395 ?x1480)))
 (let ((?x1006 (* (- 15) ?x671)))
 (let ((?x639 (* (- 54) ?x602)))
 (let ((?x654 (* 24 ?x506)))
 (let ((?x1807 (+ ?x2619 ?x1077 (* (- 24) ?x3719) (* 24 ?x2778) ?x654 ?x639 (* 3 ?x2759) (* 54 ?x3224) ?x2931 ?x746 ?x1006 (* 54 ?x486) ?x1755 ?x1090 (* (- 54) ?x1830) ?x1764 (* 12 ?x3677) ?x790 (* (- 24) (* s!1 r00)) ?x593 ?x513 ?x896 ?x3326 ?x1038 ?x1313 ?x980 ?x878 ?x3715 ?x2924)))
 (let ((?x621 (* 9 ?x506)))
 (let ((?x458 (* (- 3) s00)))
 (let ((?x3682 (+ (* 3 s!1) ?x458 (* (- 9) ?x3719) (* 9 ?x2778) ?x621 ?x616 ?x3223 ?x3259 ?x905 ?x2732 ?x684 ?x1208 ?x728 ?x1860 ?x1721 (* (- 9) (* s!1 r00)) ?x3681)))
 (let (($x2288 (= (+ ?x1852 ?x1857 ?x1861 ?x44 ?x580 ?x581 ?x3728 ?x3956 ?x2763 ?x584 ?x550) 0)))
 (let (($x522 (and $x494 $x2288 (= ?x3682 0) (= ?x1807 0) (= ?x935 0) $x534)))
 (let (($x1013 (exists ((r Int) (s Int) (x Int) )(! (let ((?x1163 (* 36 (* x r00 r00))))
 (let ((?x1031 (* r r00 x00)))
 (let ((?x1044 (* (- 36) ?x1031)))
 (let ((?x1019 (* r s s00)))
 (let ((?x1020 (* 2 ?x1019)))
 (let ((?x967 (* r00 r00 x00)))
 (let ((?x980 (* (- 36) ?x967)))
 (let ((?x915 (* r s00 s00)))
 (let ((?x928 (* (- 4) ?x915)))
 (let ((?x903 (* s x)))
 (let ((?x904 (* 6 ?x903)))
 (let ((?x899 (* r s s)))
 (let ((?x900 (* 2 ?x899)))
 (let ((?x895 (* s00 x00)))
 (let ((?x896 (* 6 ?x895)))
 (let ((?x869 (* s s00 r00)))
 (let ((?x882 (* (- 2) ?x869)))
 (let ((?x818 (* s x00)))
 (let ((?x845 (* (- 6) ?x818)))
 (let ((?x806 (* r s00 r00)))
 (let ((?x2443 (* (- 12) ?x806)))
 (let ((?x772 (* s00 s00 r00)))
 (let ((?x790 (* (- 2) ?x772)))
 (let ((?x768 (* s s00)))
 (let ((?x2696 (* 20 ?x768)))
 (let ((?x745 (* 4 (* s s r00))))
 (let ((?x739 (* r x00)))
 (let ((?x2830 (* (- 90) ?x739)))
 (let ((?x727 (* s00 r00 r00)))
 (let ((?x1090 (* 36 ?x727)))
 (let ((?x701 (* x s00)))
 (let ((?x716 (* (- 6) ?x701)))
 (let ((?x671 (* s00 s00)))
 (let ((?x2660 (* (- 19) ?x671)))
 (let ((?x649 (* 36 (* r x r00))))
 (let ((?x602 (* r00 x00)))
 (let ((?x2735 (* (- 90) ?x602)))
 (let ((?x506 (* s00 r00)))
 (let ((?x2440 (* 18 ?x506)))
 (let ((?x429 (* r r00 r00)))
 (let ((?x2613 (* (- 216) ?x429)))
 (let ((?x379 (* r00 r00)))
 (let ((?x2605 (* (- 108) ?x379)))
 (let ((?x2829 (* (- 72) x00)))
 (let ((?x1386 (* (- 36) r00)))
 (let ((?x2873 (* 57 s00)))
 (let ((?x2531 (* 72 x)))
 (let ((?x3613 (+ (* 36 r) (* (- 57) s) ?x2531 ?x2873 ?x1386 ?x2829 (* 108 (* r r)) ?x2605 (* (- 42) (* r s)) ?x2613 (* 114 (* r s00)) ?x2440 ?x2735 (* (- 1) (* s s)) (* 90 (* r x)) (* 12 (* r s r00)) (* (- 72) (* s r00 r00)) ?x649 ?x2660 (* 90 (* x r00)) ?x716 ?x1090 ?x2830 ?x745 ?x2696 ?x790 (* (- 90) (* s r00)) ?x2443 ?x845 ?x882 ?x896 ?x900 ?x904 ?x928 ?x980 ?x1020 ?x1044 ?x1163 (* 144 (* r r r00)) (* 72 (* r r r)) (* 24 (* r r s)) (* 12 (* r r s00)))))
 (let ((?x211 (* 6 r)))
 (let ((?x1487 (+ 3 ?x211 s)))
 (let ((?x358 (* (- 1) s)))
 (let ((?x1746 (+ ?x358 x)))
 (let ((?x1520 (+ 1 r)))
 (let ((?x3543 (* r r s00)))
 (let ((?x4197 (* 432 ?x3543)))
 (let ((?x3351 (* r r s)))
 (let ((?x4193 (* 432 ?x3351)))
 (let ((?x3342 (* r r r)))
 (let ((?x4192 (* 864 ?x3342)))
 (let ((?x4190 (* 1296 (* r r00 r00 r00))))
 (let ((?x1450 (* x00 x00)))
 (let ((?x1480 (* (- 108) ?x1450)))
 (let ((?x1425 (* 216 (* x x00))))
 (let ((?x1288 (* s00 s00 s00)))
 (let ((?x1479 (* (- 16) ?x1288)))
 (let ((?x1477 (* (- 36) (* s s r00 r00))))
 (let ((?x1259 (* 216 (* x s00 r00))))
 (let ((?x1476 (* (- 432) (* x r00 r00 r00))))
 (let ((?x1176 (* s00 r00 r00 r00)))
 (let ((?x1475 (* (- 216) ?x1176)))
 (let ((?x1061 (* 12 (* s s s00))))
 (let ((?x4173 (* 144 ?x1019)))
 (let ((?x1002 (* r00 r00 r00 x00)))
 (let ((?x1003 (* 432 ?x1002)))
 (let ((?x972 (* x x)))
 (let ((?x1474 (* (- 108) ?x972)))
 (let ((?x909 (* s s s)))
 (let ((?x911 (* 4 ?x909)))
 (let ((?x4172 (* 72 ?x899)))
 (let ((?x1233 (* 108 ?x895)))
 (let ((?x859 (* s00 s00 r00 r00)))
 (let ((?x860 (* 36 ?x859)))
 (let ((?x4170 (* (- 324) ?x818)))
 (let ((?x1130 (* 108 ?x772)))
 (let ((?x1470 (* (- 108) ?x701)))
 (let ((?x697 (* x r00)))
 (let ((?x1336 (* 108 ?x697)))
 (let ((?x1469 (* (- 51) ?x671)))
 (let ((?x629 (* r x)))
 (let ((?x4166 (* 648 ?x629)))
 (let ((?x1466 (* (- 108) ?x602)))
 (let ((?x598 (* s00 r00 x00)))
 (let ((?x1465 (* (- 216) ?x598)))
 (let ((?x549 (* r00 r00 r00)))
 (let ((?x4163 (* 648 ?x549)))
 (let ((?x2803 (* (- 270) ?x506)))
 (let ((?x479 (* r s00)))
 (let ((?x4162 (* 828 ?x479)))
 (let ((?x2797 (* (- 432) ?x379)))
 (let ((?x4157 (* (- 324) x00)))
 (let ((?x2792 (* (- 162) r00)))
 (let ((?x4156 (* 297 s00)))
 (let ((?x3872 (* 324 x)))
 (let ((?x2827 (+ (* 162 r) (* (- 297) s) ?x3872 ?x4156 ?x2792 ?x4157 (* 756 (* r r)) ?x2797 (* (- 396) (* r s)) (* (- 1512) ?x429) ?x4162 ?x2803 ?x4163 ?x1465 ?x1466 (* (- 195) (* s s)) ?x4166 (* (- 252) (* s r00 r00)) ?x1469 ?x1336 ?x1470 ?x1090 (* (- 648) ?x739) (* 648 (* s r00 r00 r00)) (* 246 ?x768) ?x1130 (* (- 162) (* s r00)) (* (- 648) ?x806) ?x4170 ?x860 (* (- 324) ?x869) ?x1233 ?x4172 (* 324 ?x903) ?x911 ?x1474 ?x1003 ?x4173 ?x1061 ?x1475 ?x1476 ?x1259 ?x1477 ?x1479 ?x1425 ?x1480 (* (- 324) (* r r00)) (* (- 1296) (* r r r00 r00)) (* (- 432) (* r s r00 r00)) ?x4190 ?x4192 ?x4193 ?x4197)))
 (let ((?x819 (* (- 6) ?x806)))
 (let ((?x769 (* 2 ?x768)))
 (let ((?x752 (* (- 18) ?x739)))
 (let ((?x728 (* 6 ?x727)))
 (let ((?x698 (* 18 ?x697)))
 (let ((?x684 (* (- 4) ?x671)))
 (let ((?x645 (* s r00 r00)))
 (let ((?x658 (* (- 6) ?x645)))
 (let ((?x633 (* r s r00)))
 (let ((?x634 (* 6 ?x633)))
 (let ((?x630 (* 18 ?x629)))
 (let ((?x625 (* s s)))
 (let ((?x626 (* 2 ?x625)))
 (let ((?x616 (* (- 18) ?x602)))
 (let ((?x1988 (* 3 ?x506)))
 (let ((?x1998 (* (- 18) ?x379)))
 (let ((?x1768 (* (- 18) x00)))
 (let ((?x3089 (* (- 9) r00)))
 (let ((?x446 (* 12 s00)))
 (let ((?x2025 (+ (* 9 r) (* (- 12) s) (* 18 x) ?x446 ?x3089 ?x1768 (* 18 (* r r)) ?x1998 (* (- 3) (* r s)) (* (- 36) ?x429) (* 21 ?x479) ?x1988 ?x616 ?x626 ?x630 ?x634 ?x658 ?x684 ?x698 ?x728 ?x752 ?x769 (* (- 21) (* s r00)) ?x819 (* 36 (* r r r00)))))
 (let ((?x550 (* 12 ?x549)))
 (let ((?x584 (* (- 6) ?x506)))
 (let ((?x480 (* 4 ?x479)))
 (let ((?x583 (* (- 12) ?x429)))
 (let ((?x423 (* r s)))
 (let ((?x582 (* 2 ?x423)))
 (let ((?x3052 (* (- 12) ?x379)))
 (let ((?x581 (* (- 6) x00)))
 (let ((?x580 (* (- 3) r00)))
 (let ((?x2387 (* 7 s00)))
 (let ((?x56 (* 6 x)))
 (let ((?x43 (* 3 r)))
 (let ((?x1107 (+ ?x43 (* (- 7) s) ?x56 ?x2387 ?x580 ?x581 (* 12 (* r r)) ?x3052 ?x582 ?x583 ?x480 ?x584 ?x550)))
 (let (($x412 (= (+ s (* (- 1) s00) (* (- 3) (* r r)) (* 3 ?x379)) 0)))
 (let (($x1011 (or (not $x412) (not (= ?x1107 0)) (not (= ?x2025 0)) (not (= ?x3613 0)) (not (= ?x2827 0)) (not (= (* ?x1520 ?x1746 ?x1487 ?x1487 ?x3613) 0)))))
 (let ((?x1300 (* 108 ?x903)))
 (let ((?x750 (* s r00 r00 r00)))
 (let ((?x751 (* 216 ?x750)))
 (let ((?x954 (* (- 36) ?x645)))
 (let ((?x608 (* 54 ?x506)))
 (let ((?x1077 (* (- 9) s00)))
 (let ((?x143 (* 9 s)))
 (let ((?x1481 (+ ?x143 ?x1077 ?x608 ?x1465 ?x1466 (* (- 15) ?x625) ?x954 ?x1469 ?x1336 ?x1470 ?x1090 ?x751 (* 66 ?x768) ?x1130 (* (- 54) (* s r00)) (* (- 108) ?x818) ?x860 (* (- 108) ?x869) ?x1233 ?x1300 ?x911 ?x1474 ?x1003 ?x1061 ?x1475 ?x1476 ?x1259 ?x1477 ?x1479 ?x1425 ?x1480)))
 (let (($x1482 (= ?x1481 0)))
 (let ((?x780 (* s r00)))
 (let ((?x1149 (* (- 24) ?x780)))
 (let ((?x1006 (* (- 15) ?x671)))
 (let ((?x675 (* 54 ?x629)))
 (let ((?x657 (* 3 ?x625)))
 (let ((?x639 (* (- 54) ?x602)))
 (let ((?x654 (* 24 ?x506)))
 (let ((?x1126 (* 24 ?x479)))
 (let ((?x601 (* (- 24) ?x423)))
 (let ((?x1169 (+ ?x143 ?x1077 ?x601 ?x1126 ?x654 ?x639 ?x657 ?x675 ?x954 ?x649 ?x1006 (* 54 ?x697) ?x716 ?x1090 (* (- 54) ?x739) ?x745 (* 12 ?x768) ?x790 ?x1149 ?x845 ?x882 ?x896 ?x900 ?x904 ?x928 ?x980 ?x1020 ?x1044 ?x1163)))
 (let (($x1174 (= ?x1169 0)))
 (let ((?x621 (* 9 ?x506)))
 (let ((?x458 (* (- 3) s00)))
 (let ((?x47 (* 3 s)))
 (let ((?x825 (+ ?x47 ?x458 (* (- 9) ?x423) (* 9 ?x479) ?x621 ?x616 ?x626 ?x630 ?x634 ?x658 ?x684 ?x698 ?x728 ?x752 ?x769 (* (- 9) ?x780) ?x819)))
 (let (($x832 (= ?x825 0)))
 (let ((?x44 (* 3 s00)))
 (let ((?x579 (* (- 3) s)))
 (let (($x586 (= (+ ?x43 ?x579 ?x56 ?x44 ?x580 ?x581 ?x582 ?x583 ?x480 ?x584 ?x550) 0)))
 (and $x412 $x586 $x832 $x1174 $x1482 $x1011)))))))))))))))))))))))))))))))))))))))))))))))))))))))))))))))))))))))))))))))))))))))))))))))))))))))))))))))))))))))))))))))))))))))))))))))))))))))))))))))))))))))) :qid k!40))
 ))
 (let (($x3526 (exists ((r Int) (s Int) (x Int) )(! (let ((?x358 (* (- 1) s)))
 (let ((?x1710 (+ x ?x358)))
 (let ((?x1382 (* r00 r00 ?x1710)))
 (let ((?x1383 (* 36 ?x1382)))
 (let ((?x211 (* 6 r)))
 (let ((?x3361 (+ 3 s ?x211)))
 (let ((?x1167 (* r00 ?x3361)))
 (let ((?x1802 (* (- 24) ?x1167)))
 (let ((?x1520 (+ 1 r)))
 (let ((?x1776 (* s00 ?x1520)))
 (let ((?x1723 (* 24 ?x1776)))
 (let ((?x1920 (* 54 r)))
 (let ((?x143 (* 9 s)))
 (let ((?x994 (* x00 ?x1520)))
 (let ((?x3558 (* (- 54) ?x994)))
 (let ((?x3292 (* r00 r00 s00)))
 (let ((?x2180 (* 36 ?x3292)))
 (let ((?x1077 (* (- 9) s00)))
 (let ((?x1858 (* r00 ?x1710)))
 (let ((?x2740 (* 54 ?x1858)))
 (let ((?x637 (* r00 x00 ?x1520)))
 (let ((?x703 (* (- 36) ?x637)))
 (let ((?x1989 (* s00 ?x1520 ?x3361)))
 (let ((?x2024 (* 2 ?x1989)))
 (let ((?x671 (* s00 s00)))
 (let ((?x1006 (* (- 15) ?x671)))
 (let ((?x967 (* r00 r00 x00)))
 (let ((?x980 (* (- 36) ?x967)))
 (let ((?x1762 (* r00 r00 ?x3361)))
 (let ((?x4109 (* (- 36) ?x1762)))
 (let ((?x1040 (* s00 s00 ?x1520)))
 (let ((?x854 (* (- 4) ?x1040)))
 (let ((?x1969 (* ?x1710 ?x3361)))
 (let ((?x652 (* 6 ?x1969)))
 (let ((?x1949 (* ?x1520 ?x3361 ?x3361)))
 (let ((?x1957 (* 2 ?x1949)))
 (let ((?x895 (* s00 x00)))
 (let ((?x896 (* 6 ?x895)))
 (let ((?x3972 (* r00 s00 ?x3361)))
 (let ((?x1786 (* (- 2) ?x3972)))
 (let ((?x3048 (* s00 ?x3361)))
 (let ((?x3720 (* 12 ?x3048)))
 (let ((?x1419 (* x00 ?x3361)))
 (let ((?x1171 (* (- 6) ?x1419)))
 (let ((?x3394 (* r00 s00 s00)))
 (let ((?x2382 (* (- 2) ?x3394)))
 (let ((?x2593 (* r00 ?x3361 ?x3361)))
 (let ((?x2603 (* 4 ?x2593)))
 (let ((?x901 (* s00 ?x1710)))
 (let ((?x1326 (* (- 6) ?x901)))
 (let ((?x783 (* ?x1520 ?x1710)))
 (let ((?x842 (* 54 ?x783)))
 (let ((?x3833 (* ?x3361 ?x3361)))
 (let ((?x1603 (* 3 ?x3833)))
 (let ((?x3232 (* r00 s00)))
 (let ((?x3176 (* 24 ?x3232)))
 (let ((?x1760 (* r00 ?x1520 ?x1710)))
 (let ((?x521 (* 36 ?x1760)))
 (let ((?x602 (* r00 x00)))
 (let ((?x639 (* (- 54) ?x602)))
 (let ((?x3388 (* ?x1520 ?x3361)))
 (let ((?x2852 (* (- 24) ?x3388)))
 (let ((?x531 (+ 27 ?x2852 ?x639 ?x521 ?x3176 ?x1603 ?x842 ?x1326 ?x2603 ?x2382 ?x1171 ?x3720 ?x1786 ?x896 ?x1957 ?x652 ?x854 ?x4109 ?x980 ?x1006 ?x2024 ?x703 ?x2740 ?x1077 ?x2180 ?x3558 ?x143 ?x1920 ?x1723 ?x1802 ?x1383)))
 (let (($x2356 (not (= (* ?x1520 ?x1710 ?x3361 ?x3361 ?x531) 0))))
 (let ((?x1450 (* x00 x00)))
 (let ((?x1122 (* 108 ?x1450)))
 (let ((?x487 (* (- 54) r)))
 (let ((?x3245 (* (- 9) s)))
 (let ((?x3226 (* (- 36) ?x3292)))
 (let ((?x137 (* 9 s00)))
 (let ((?x1372 (* 51 ?x671)))
 (let ((?x4121 (* 36 ?x1762)))
 (let ((?x1288 (* s00 s00 s00)))
 (let ((?x1779 (* 16 ?x1288)))
 (let ((?x3739 (* (- 108) ?x895)))
 (let ((?x3724 (* 216 (* r00 r00 r00 s00))))
 (let ((?x2255 (* (- 108) ?x3394)))
 (let ((?x1002 (* r00 r00 r00 x00)))
 (let ((?x1156 (* (- 432) ?x1002)))
 (let ((?x3133 (* (- 36) (* r00 r00 s00 s00))))
 (let ((?x3321 (* (- 54) ?x3232)))
 (let ((?x1878 (* 108 ?x602)))
 (let ((?x3109 (* 216 (* r00 s00 x00))))
 (let ((?x813 (+ ?x3109 ?x1878 ?x3321 (* 15 ?x3833) (* (- 216) (* r00 r00 r00 ?x3361)) ?x3133 (* (- 4) (* ?x3361 ?x3361 ?x3361)) (* 108 (* ?x1710 ?x1710)) ?x1156 (* (- 12) (* s00 ?x3361 ?x3361)) (* 108 ?x901) ?x2255 ?x3724 (* 108 ?x1419) (* 432 (* r00 r00 r00 ?x1710)) (* (- 66) ?x3048) (* 108 ?x3972) ?x3739 (* (- 216) (* r00 s00 ?x1710)) (* 36 (* r00 r00 ?x3361 ?x3361)) ?x1779 (* (- 108) ?x1969) ?x4121 ?x1372 (* (- 108) ?x1858) ?x137 ?x3226 ?x3245 ?x487 (* 54 ?x1167) (* (- 216) (* x00 ?x1710)) ?x1122)))
 (let (($x824 (not (= ?x813 27))))
 (let ((?x715 (* 15 ?x671)))
 (let ((?x968 (* 36 ?x967)))
 (let ((?x2989 (* (- 6) ?x895)))
 (let ((?x3132 (* 2 ?x3394)))
 (let ((?x3184 (* (- 24) ?x3232)))
 (let ((?x2398 (* 54 ?x602)))
 (let ((?x1782 (+ (* 24 ?x3388) ?x2398 (* (- 36) ?x1760) ?x3184 (* (- 3) ?x3833) (* (- 54) ?x783) (* 6 ?x901) (* (- 4) ?x2593) ?x3132 (* 6 ?x1419) (* (- 12) ?x3048) (* 2 ?x3972) ?x2989 (* (- 2) ?x1949) (* (- 6) ?x1969) (* 4 ?x1040) ?x4121 ?x968 ?x715 (* (- 2) ?x1989) (* 36 ?x637) (* (- 54) ?x1858) ?x137 ?x3226 (* 54 ?x994) ?x3245 ?x487 (* (- 24) ?x1776) (* 24 ?x1167) (* (- 36) ?x1382))))
 (let ((?x579 (* (- 3) s)))
 (let ((?x691 (* (- 6) ?x3292)))
 (let ((?x44 (* 3 s00)))
 (let ((?x672 (* 4 ?x671)))
 (let ((?x693 (* (- 9) ?x3232)))
 (let ((?x603 (* 18 ?x602)))
 (let ((?x2142 (+ (* 9 ?x3388) ?x603 ?x693 (* (- 2) ?x3833) (* (- 18) ?x783) (* (- 6) (* r00 ?x1520 ?x3361)) (* 6 ?x1762) ?x672 (* (- 18) ?x1858) ?x44 ?x691 (* 18 ?x994) ?x579 (* (- 18) r) (* (- 9) ?x1776) (* (- 2) ?x3048) (* 9 ?x1167) (* 6 (* r00 s00 ?x1520)))))
 (let ((?x549 (* r00 r00 r00)))
 (let ((?x550 (* 12 ?x549)))
 (let ((?x581 (* (- 6) x00)))
 (let ((?x56 (* 6 x)))
 (let ((?x2193 (* (- 6) ?x3232)))
 (let ((?x580 (* (- 3) r00)))
 (let ((?x1810 (+ (* 2 ?x3388) (* (- 12) (* r00 r00 ?x1520)) (* (- 15) r) ?x44 ?x3245 ?x580 (* 4 ?x1776) ?x2193 ?x56 ?x581 ?x550)))
 (let ((?x379 (* r00 r00)))
 (let ((?x3043 (* (- 3) ?x379)))
 (let (($x2160 (= (+ s00 ?x358 (* (- 6) r) (* 3 (* ?x1520 ?x1520)) ?x3043) 3)))
 (let (($x2062 (not $x2160)))
 (let (($x2826 (or $x2062 (not (= ?x1810 6)) (not (= ?x2142 9)) (not (= ?x1782 27)) $x824 $x2356)))
 (let ((?x1868 (* r00 r00 s)))
 (let ((?x2746 (* 36 ?x1868)))
 (let ((?x1639 (+ ?x3109 ?x1878 ?x3321 (* 15 (* s s)) (* (- 216) (* r00 r00 r00 s)) ?x3133 (* (- 4) (* s s s)) (* 108 (* x x)) ?x1156 (* (- 12) (* s00 s s)) (* 108 (* s00 x)) ?x2255 ?x3724 (* 108 (* x00 s)) (* 432 (* r00 r00 r00 x)) (* (- 66) (* s00 s)) (* 108 (* r00 s00 s)) ?x3739 (* (- 216) (* r00 s00 x)) (* 36 (* r00 r00 s s)) ?x1779 (* (- 108) (* x s)) ?x2746 ?x1372 (* (- 108) (* r00 x)) ?x137 ?x3226 ?x3245 (* 54 (* r00 s)) (* (- 216) (* x00 x)) ?x1122)))
 (let (($x1657 (= ?x1639 0)))
 (let ((?x2950 (* r00 r00 x)))
 (let ((?x3032 (* (- 36) ?x2950)))
 (let ((?x2277 (* r00 s s)))
 (let ((?x3017 (* (- 4) ?x2277)))
 (let ((?x3519 (+ (* 24 (* s r)) ?x2398 (* (- 36) (* r00 x r)) ?x3184 (* (- 3) (* s s)) (* (- 54) (* x r)) (* 6 (* s00 x)) ?x3017 ?x3132 (* 6 (* x00 s)) (* (- 12) (* s00 s)) (* 2 (* r00 s00 s)) ?x2989 (* (- 2) (* s s r)) (* (- 6) (* x s)) (* 4 (* s00 s00 r)) ?x2746 ?x968 ?x715 (* (- 2) (* s00 s r)) (* 36 (* r00 x00 r)) (* (- 54) (* r00 x)) ?x137 ?x3226 (* 54 (* x00 r)) ?x3245 (* (- 24) (* s00 r)) (* 24 (* r00 s)) ?x3032)))
 (let ((?x1939 (* r00 x)))
 (let ((?x2224 (* (- 18) ?x1939)))
 (let ((?x625 (* s s)))
 (let ((?x2205 (* (- 2) ?x625)))
 (let ((?x2048 (+ (* 9 (* s r)) ?x603 ?x693 ?x2205 (* (- 18) (* x r)) (* (- 6) (* r00 s r)) (* 6 ?x1868) ?x672 ?x2224 ?x44 ?x691 (* 18 (* x00 r)) ?x579 (* (- 9) (* s00 r)) (* (- 2) (* s00 s)) (* 9 (* r00 s)) (* 6 (* r00 s00 r)))))
 (let ((?x43 (* 3 r)))
 (let ((?x2248 (+ (* 2 (* s r)) (* (- 12) (* r00 r00 r)) ?x43 ?x44 ?x579 ?x580 (* 4 (* s00 r)) ?x2193 ?x56 ?x581 ?x550)))
 (let (($x3459 (= (+ s00 ?x358 (* 3 (* r r)) ?x3043) 0)))
 (and $x3459 (= ?x2248 0) (= ?x2048 0) (= ?x3519 0) $x1657 $x2826))))))))))))))))))))))))))))))))))))))))))))))))))))))))))))))))))))))))))))))))))))))))))))))))))))))))))))))))))))))))))))))))) :qid k!40))
 ))
 (let ((?x1015 (lambda ((r Int) (s Int) (x Int) )(let ((?x1163 (* 36 (* x r00 r00))))
 (let ((?x1031 (* r r00 x00)))
 (let ((?x1044 (* (- 36) ?x1031)))
 (let ((?x1019 (* r s s00)))
 (let ((?x1020 (* 2 ?x1019)))
 (let ((?x967 (* r00 r00 x00)))
 (let ((?x980 (* (- 36) ?x967)))
 (let ((?x915 (* r s00 s00)))
 (let ((?x928 (* (- 4) ?x915)))
 (let ((?x903 (* s x)))
 (let ((?x904 (* 6 ?x903)))
 (let ((?x899 (* r s s)))
 (let ((?x900 (* 2 ?x899)))
 (let ((?x895 (* s00 x00)))
 (let ((?x896 (* 6 ?x895)))
 (let ((?x869 (* s s00 r00)))
 (let ((?x882 (* (- 2) ?x869)))
 (let ((?x818 (* s x00)))
 (let ((?x845 (* (- 6) ?x818)))
 (let ((?x806 (* r s00 r00)))
 (let ((?x2443 (* (- 12) ?x806)))
 (let ((?x772 (* s00 s00 r00)))
 (let ((?x790 (* (- 2) ?x772)))
 (let ((?x768 (* s s00)))
 (let ((?x2696 (* 20 ?x768)))
 (let ((?x745 (* 4 (* s s r00))))
 (let ((?x739 (* r x00)))
 (let ((?x2830 (* (- 90) ?x739)))
 (let ((?x727 (* s00 r00 r00)))
 (let ((?x1090 (* 36 ?x727)))
 (let ((?x701 (* x s00)))
 (let ((?x716 (* (- 6) ?x701)))
 (let ((?x671 (* s00 s00)))
 (let ((?x2660 (* (- 19) ?x671)))
 (let ((?x649 (* 36 (* r x r00))))
 (let ((?x602 (* r00 x00)))
 (let ((?x2735 (* (- 90) ?x602)))
 (let ((?x506 (* s00 r00)))
 (let ((?x2440 (* 18 ?x506)))
 (let ((?x429 (* r r00 r00)))
 (let ((?x2613 (* (- 216) ?x429)))
 (let ((?x379 (* r00 r00)))
 (let ((?x2605 (* (- 108) ?x379)))
 (let ((?x2829 (* (- 72) x00)))
 (let ((?x1386 (* (- 36) r00)))
 (let ((?x2873 (* 57 s00)))
 (let ((?x2531 (* 72 x)))
 (let ((?x3613 (+ (* 36 r) (* (- 57) s) ?x2531 ?x2873 ?x1386 ?x2829 (* 108 (* r r)) ?x2605 (* (- 42) (* r s)) ?x2613 (* 114 (* r s00)) ?x2440 ?x2735 (* (- 1) (* s s)) (* 90 (* r x)) (* 12 (* r s r00)) (* (- 72) (* s r00 r00)) ?x649 ?x2660 (* 90 (* x r00)) ?x716 ?x1090 ?x2830 ?x745 ?x2696 ?x790 (* (- 90) (* s r00)) ?x2443 ?x845 ?x882 ?x896 ?x900 ?x904 ?x928 ?x980 ?x1020 ?x1044 ?x1163 (* 144 (* r r r00)) (* 72 (* r r r)) (* 24 (* r r s)) (* 12 (* r r s00)))))
 (let ((?x211 (* 6 r)))
 (let ((?x1487 (+ 3 ?x211 s)))
 (let ((?x358 (* (- 1) s)))
 (let ((?x1746 (+ ?x358 x)))
 (let ((?x1520 (+ 1 r)))
 (let ((?x3543 (* r r s00)))
 (let ((?x4197 (* 432 ?x3543)))
 (let ((?x3351 (* r r s)))
 (let ((?x4193 (* 432 ?x3351)))
 (let ((?x3342 (* r r r)))
 (let ((?x4192 (* 864 ?x3342)))
 (let ((?x4190 (* 1296 (* r r00 r00 r00))))
 (let ((?x1450 (* x00 x00)))
 (let ((?x1480 (* (- 108) ?x1450)))
 (let ((?x1425 (* 216 (* x x00))))
 (let ((?x1288 (* s00 s00 s00)))
 (let ((?x1479 (* (- 16) ?x1288)))
 (let ((?x1477 (* (- 36) (* s s r00 r00))))
 (let ((?x1259 (* 216 (* x s00 r00))))
 (let ((?x1476 (* (- 432) (* x r00 r00 r00))))
 (let ((?x1176 (* s00 r00 r00 r00)))
 (let ((?x1475 (* (- 216) ?x1176)))
 (let ((?x1061 (* 12 (* s s s00))))
 (let ((?x4173 (* 144 ?x1019)))
 (let ((?x1002 (* r00 r00 r00 x00)))
 (let ((?x1003 (* 432 ?x1002)))
 (let ((?x972 (* x x)))
 (let ((?x1474 (* (- 108) ?x972)))
 (let ((?x909 (* s s s)))
 (let ((?x911 (* 4 ?x909)))
 (let ((?x4172 (* 72 ?x899)))
 (let ((?x1233 (* 108 ?x895)))
 (let ((?x859 (* s00 s00 r00 r00)))
 (let ((?x860 (* 36 ?x859)))
 (let ((?x4170 (* (- 324) ?x818)))
 (let ((?x1130 (* 108 ?x772)))
 (let ((?x1470 (* (- 108) ?x701)))
 (let ((?x697 (* x r00)))
 (let ((?x1336 (* 108 ?x697)))
 (let ((?x1469 (* (- 51) ?x671)))
 (let ((?x629 (* r x)))
 (let ((?x4166 (* 648 ?x629)))
 (let ((?x1466 (* (- 108) ?x602)))
 (let ((?x598 (* s00 r00 x00)))
 (let ((?x1465 (* (- 216) ?x598)))
 (let ((?x549 (* r00 r00 r00)))
 (let ((?x4163 (* 648 ?x549)))
 (let ((?x2803 (* (- 270) ?x506)))
 (let ((?x479 (* r s00)))
 (let ((?x4162 (* 828 ?x479)))
 (let ((?x2797 (* (- 432) ?x379)))
 (let ((?x4157 (* (- 324) x00)))
 (let ((?x2792 (* (- 162) r00)))
 (let ((?x4156 (* 297 s00)))
 (let ((?x3872 (* 324 x)))
 (let ((?x2827 (+ (* 162 r) (* (- 297) s) ?x3872 ?x4156 ?x2792 ?x4157 (* 756 (* r r)) ?x2797 (* (- 396) (* r s)) (* (- 1512) ?x429) ?x4162 ?x2803 ?x4163 ?x1465 ?x1466 (* (- 195) (* s s)) ?x4166 (* (- 252) (* s r00 r00)) ?x1469 ?x1336 ?x1470 ?x1090 (* (- 648) ?x739) (* 648 (* s r00 r00 r00)) (* 246 ?x768) ?x1130 (* (- 162) (* s r00)) (* (- 648) ?x806) ?x4170 ?x860 (* (- 324) ?x869) ?x1233 ?x4172 (* 324 ?x903) ?x911 ?x1474 ?x1003 ?x4173 ?x1061 ?x1475 ?x1476 ?x1259 ?x1477 ?x1479 ?x1425 ?x1480 (* (- 324) (* r r00)) (* (- 1296) (* r r r00 r00)) (* (- 432) (* r s r00 r00)) ?x4190 ?x4192 ?x4193 ?x4197)))
 (let ((?x819 (* (- 6) ?x806)))
 (let ((?x769 (* 2 ?x768)))
 (let ((?x752 (* (- 18) ?x739)))
 (let ((?x728 (* 6 ?x727)))
 (let ((?x698 (* 18 ?x697)))
 (let ((?x684 (* (- 4) ?x671)))
 (let ((?x645 (* s r00 r00)))
 (let ((?x658 (* (- 6) ?x645)))
 (let ((?x633 (* r s r00)))
 (let ((?x634 (* 6 ?x633)))
 (let ((?x630 (* 18 ?x629)))
 (let ((?x625 (* s s)))
 (let ((?x626 (* 2 ?x625)))
 (let ((?x616 (* (- 18) ?x602)))
 (let ((?x1988 (* 3 ?x506)))
 (let ((?x1998 (* (- 18) ?x379)))
 (let ((?x1768 (* (- 18) x00)))
 (let ((?x3089 (* (- 9) r00)))
 (let ((?x446 (* 12 s00)))
 (let ((?x2025 (+ (* 9 r) (* (- 12) s) (* 18 x) ?x446 ?x3089 ?x1768 (* 18 (* r r)) ?x1998 (* (- 3) (* r s)) (* (- 36) ?x429) (* 21 ?x479) ?x1988 ?x616 ?x626 ?x630 ?x634 ?x658 ?x684 ?x698 ?x728 ?x752 ?x769 (* (- 21) (* s r00)) ?x819 (* 36 (* r r r00)))))
 (let ((?x550 (* 12 ?x549)))
 (let ((?x584 (* (- 6) ?x506)))
 (let ((?x480 (* 4 ?x479)))
 (let ((?x583 (* (- 12) ?x429)))
 (let ((?x423 (* r s)))
 (let ((?x582 (* 2 ?x423)))
 (let ((?x3052 (* (- 12) ?x379)))
 (let ((?x581 (* (- 6) x00)))
 (let ((?x580 (* (- 3) r00)))
 (let ((?x2387 (* 7 s00)))
 (let ((?x56 (* 6 x)))
 (let ((?x43 (* 3 r)))
 (let ((?x1107 (+ ?x43 (* (- 7) s) ?x56 ?x2387 ?x580 ?x581 (* 12 (* r r)) ?x3052 ?x582 ?x583 ?x480 ?x584 ?x550)))
 (let (($x412 (= (+ s (* (- 1) s00) (* (- 3) (* r r)) (* 3 ?x379)) 0)))
 (let (($x1011 (or (not $x412) (not (= ?x1107 0)) (not (= ?x2025 0)) (not (= ?x3613 0)) (not (= ?x2827 0)) (not (= (* ?x1520 ?x1746 ?x1487 ?x1487 ?x3613) 0)))))
 (let ((?x1300 (* 108 ?x903)))
 (let ((?x750 (* s r00 r00 r00)))
 (let ((?x751 (* 216 ?x750)))
 (let ((?x954 (* (- 36) ?x645)))
 (let ((?x608 (* 54 ?x506)))
 (let ((?x1077 (* (- 9) s00)))
 (let ((?x143 (* 9 s)))
 (let ((?x1481 (+ ?x143 ?x1077 ?x608 ?x1465 ?x1466 (* (- 15) ?x625) ?x954 ?x1469 ?x1336 ?x1470 ?x1090 ?x751 (* 66 ?x768) ?x1130 (* (- 54) (* s r00)) (* (- 108) ?x818) ?x860 (* (- 108) ?x869) ?x1233 ?x1300 ?x911 ?x1474 ?x1003 ?x1061 ?x1475 ?x1476 ?x1259 ?x1477 ?x1479 ?x1425 ?x1480)))
 (let (($x1482 (= ?x1481 0)))
 (let ((?x780 (* s r00)))
 (let ((?x1149 (* (- 24) ?x780)))
 (let ((?x1006 (* (- 15) ?x671)))
 (let ((?x675 (* 54 ?x629)))
 (let ((?x657 (* 3 ?x625)))
 (let ((?x639 (* (- 54) ?x602)))
 (let ((?x654 (* 24 ?x506)))
 (let ((?x1126 (* 24 ?x479)))
 (let ((?x601 (* (- 24) ?x423)))
 (let ((?x1169 (+ ?x143 ?x1077 ?x601 ?x1126 ?x654 ?x639 ?x657 ?x675 ?x954 ?x649 ?x1006 (* 54 ?x697) ?x716 ?x1090 (* (- 54) ?x739) ?x745 (* 12 ?x768) ?x790 ?x1149 ?x845 ?x882 ?x896 ?x900 ?x904 ?x928 ?x980 ?x1020 ?x1044 ?x1163)))
 (let (($x1174 (= ?x1169 0)))
 (let ((?x621 (* 9 ?x506)))
 (let ((?x458 (* (- 3) s00)))
 (let ((?x47 (* 3 s)))
 (let ((?x825 (+ ?x47 ?x458 (* (- 9) ?x423) (* 9 ?x479) ?x621 ?x616 ?x626 ?x630 ?x634 ?x658 ?x684 ?x698 ?x728 ?x752 ?x769 (* (- 9) ?x780) ?x819)))
 (let (($x832 (= ?x825 0)))
 (let ((?x44 (* 3 s00)))
 (let ((?x579 (* (- 3) s)))
 (let (($x586 (= (+ ?x43 ?x579 ?x56 ?x44 ?x580 ?x581 ?x582 ?x583 ?x480 ?x584 ?x550) 0)))
 (let (($x2352 (and $x412 $x586 $x832 $x1174 $x1482 $x1011)))
 (let ((?x1710 (+ x ?x358)))
 (let ((?x1382 (* r00 r00 ?x1710)))
 (let ((?x1383 (* 36 ?x1382)))
 (let ((?x3361 (+ 3 s ?x211)))
 (let ((?x1167 (* r00 ?x3361)))
 (let ((?x1802 (* (- 24) ?x1167)))
 (let ((?x1776 (* s00 ?x1520)))
 (let ((?x1723 (* 24 ?x1776)))
 (let ((?x1920 (* 54 r)))
 (let ((?x994 (* x00 ?x1520)))
 (let ((?x3558 (* (- 54) ?x994)))
 (let ((?x3292 (* r00 r00 s00)))
 (let ((?x2180 (* 36 ?x3292)))
 (let ((?x1858 (* r00 ?x1710)))
 (let ((?x2740 (* 54 ?x1858)))
 (let ((?x637 (* r00 x00 ?x1520)))
 (let ((?x703 (* (- 36) ?x637)))
 (let ((?x1989 (* s00 ?x1520 ?x3361)))
 (let ((?x2024 (* 2 ?x1989)))
 (let ((?x1762 (* r00 r00 ?x3361)))
 (let ((?x4109 (* (- 36) ?x1762)))
 (let ((?x1040 (* s00 s00 ?x1520)))
 (let ((?x854 (* (- 4) ?x1040)))
 (let ((?x1969 (* ?x1710 ?x3361)))
 (let ((?x652 (* 6 ?x1969)))
 (let ((?x1949 (* ?x1520 ?x3361 ?x3361)))
 (let ((?x1957 (* 2 ?x1949)))
 (let ((?x3972 (* r00 s00 ?x3361)))
 (let ((?x1786 (* (- 2) ?x3972)))
 (let ((?x3048 (* s00 ?x3361)))
 (let ((?x3720 (* 12 ?x3048)))
 (let ((?x1419 (* x00 ?x3361)))
 (let ((?x1171 (* (- 6) ?x1419)))
 (let ((?x3394 (* r00 s00 s00)))
 (let ((?x2382 (* (- 2) ?x3394)))
 (let ((?x2593 (* r00 ?x3361 ?x3361)))
 (let ((?x2603 (* 4 ?x2593)))
 (let ((?x901 (* s00 ?x1710)))
 (let ((?x1326 (* (- 6) ?x901)))
 (let ((?x783 (* ?x1520 ?x1710)))
 (let ((?x842 (* 54 ?x783)))
 (let ((?x3833 (* ?x3361 ?x3361)))
 (let ((?x1603 (* 3 ?x3833)))
 (let ((?x3232 (* r00 s00)))
 (let ((?x3176 (* 24 ?x3232)))
 (let ((?x1760 (* r00 ?x1520 ?x1710)))
 (let ((?x521 (* 36 ?x1760)))
 (let ((?x3388 (* ?x1520 ?x3361)))
 (let ((?x2852 (* (- 24) ?x3388)))
 (let ((?x531 (+ 27 ?x2852 ?x639 ?x521 ?x3176 ?x1603 ?x842 ?x1326 ?x2603 ?x2382 ?x1171 ?x3720 ?x1786 ?x896 ?x1957 ?x652 ?x854 ?x4109 ?x980 ?x1006 ?x2024 ?x703 ?x2740 ?x1077 ?x2180 ?x3558 ?x143 ?x1920 ?x1723 ?x1802 ?x1383)))
 (let (($x2356 (not (= (* ?x1520 ?x1710 ?x3361 ?x3361 ?x531) 0))))
 (let ((?x1122 (* 108 ?x1450)))
 (let ((?x487 (* (- 54) r)))
 (let ((?x3245 (* (- 9) s)))
 (let ((?x3226 (* (- 36) ?x3292)))
 (let ((?x137 (* 9 s00)))
 (let ((?x1372 (* 51 ?x671)))
 (let ((?x4121 (* 36 ?x1762)))
 (let ((?x1779 (* 16 ?x1288)))
 (let ((?x3739 (* (- 108) ?x895)))
 (let ((?x3724 (* 216 (* r00 r00 r00 s00))))
 (let ((?x2255 (* (- 108) ?x3394)))
 (let ((?x1156 (* (- 432) ?x1002)))
 (let ((?x3133 (* (- 36) (* r00 r00 s00 s00))))
 (let ((?x3321 (* (- 54) ?x3232)))
 (let ((?x1878 (* 108 ?x602)))
 (let ((?x3109 (* 216 (* r00 s00 x00))))
 (let ((?x813 (+ ?x3109 ?x1878 ?x3321 (* 15 ?x3833) (* (- 216) (* r00 r00 r00 ?x3361)) ?x3133 (* (- 4) (* ?x3361 ?x3361 ?x3361)) (* 108 (* ?x1710 ?x1710)) ?x1156 (* (- 12) (* s00 ?x3361 ?x3361)) (* 108 ?x901) ?x2255 ?x3724 (* 108 ?x1419) (* 432 (* r00 r00 r00 ?x1710)) (* (- 66) ?x3048) (* 108 ?x3972) ?x3739 (* (- 216) (* r00 s00 ?x1710)) (* 36 (* r00 r00 ?x3361 ?x3361)) ?x1779 (* (- 108) ?x1969) ?x4121 ?x1372 (* (- 108) ?x1858) ?x137 ?x3226 ?x3245 ?x487 (* 54 ?x1167) (* (- 216) (* x00 ?x1710)) ?x1122)))
 (let (($x824 (not (= ?x813 27))))
 (let ((?x715 (* 15 ?x671)))
 (let ((?x968 (* 36 ?x967)))
 (let ((?x2989 (* (- 6) ?x895)))
 (let ((?x3132 (* 2 ?x3394)))
 (let ((?x3184 (* (- 24) ?x3232)))
 (let ((?x2398 (* 54 ?x602)))
 (let ((?x1782 (+ (* 24 ?x3388) ?x2398 (* (- 36) ?x1760) ?x3184 (* (- 3) ?x3833) (* (- 54) ?x783) (* 6 ?x901) (* (- 4) ?x2593) ?x3132 (* 6 ?x1419) (* (- 12) ?x3048) (* 2 ?x3972) ?x2989 (* (- 2) ?x1949) (* (- 6) ?x1969) (* 4 ?x1040) ?x4121 ?x968 ?x715 (* (- 2) ?x1989) (* 36 ?x637) (* (- 54) ?x1858) ?x137 ?x3226 (* 54 ?x994) ?x3245 ?x487 (* (- 24) ?x1776) (* 24 ?x1167) (* (- 36) ?x1382))))
 (let ((?x691 (* (- 6) ?x3292)))
 (let ((?x672 (* 4 ?x671)))
 (let ((?x693 (* (- 9) ?x3232)))
 (let ((?x603 (* 18 ?x602)))
 (let ((?x2142 (+ (* 9 ?x3388) ?x603 ?x693 (* (- 2) ?x3833) (* (- 18) ?x783) (* (- 6) (* r00 ?x1520 ?x3361)) (* 6 ?x1762) ?x672 (* (- 18) ?x1858) ?x44 ?x691 (* 18 ?x994) ?x579 (* (- 18) r) (* (- 9) ?x1776) (* (- 2) ?x3048) (* 9 ?x1167) (* 6 (* r00 s00 ?x1520)))))
 (let ((?x2193 (* (- 6) ?x3232)))
 (let ((?x1810 (+ (* 2 ?x3388) (* (- 12) (* r00 r00 ?x1520)) (* (- 15) r) ?x44 ?x3245 ?x580 (* 4 ?x1776) ?x2193 ?x56 ?x581 ?x550)))
 (let ((?x3043 (* (- 3) ?x379)))
 (let (($x2160 (= (+ s00 ?x358 (* (- 6) r) (* 3 (* ?x1520 ?x1520)) ?x3043) 3)))
 (let (($x2062 (not $x2160)))
 (let (($x2826 (or $x2062 (not (= ?x1810 6)) (not (= ?x2142 9)) (not (= ?x1782 27)) $x824 $x2356)))
 (let ((?x1868 (* r00 r00 s)))
 (let ((?x2746 (* 36 ?x1868)))
 (let ((?x1639 (+ ?x3109 ?x1878 ?x3321 (* 15 ?x625) (* (- 216) (* r00 r00 r00 s)) ?x3133 (* (- 4) ?x909) (* 108 ?x972) ?x1156 (* (- 12) (* s00 s s)) (* 108 (* s00 x)) ?x2255 ?x3724 (* 108 (* x00 s)) (* 432 (* r00 r00 r00 x)) (* (- 66) (* s00 s)) (* 108 (* r00 s00 s)) ?x3739 (* (- 216) (* r00 s00 x)) (* 36 (* r00 r00 s s)) ?x1779 (* (- 108) (* x s)) ?x2746 ?x1372 (* (- 108) (* r00 x)) ?x137 ?x3226 ?x3245 (* 54 (* r00 s)) (* (- 216) (* x00 x)) ?x1122)))
 (let (($x1657 (= ?x1639 0)))
 (let ((?x2950 (* r00 r00 x)))
 (let ((?x3032 (* (- 36) ?x2950)))
 (let ((?x2277 (* r00 s s)))
 (let ((?x3017 (* (- 4) ?x2277)))
 (let ((?x3519 (+ (* 24 (* s r)) ?x2398 (* (- 36) (* r00 x r)) ?x3184 (* (- 3) ?x625) (* (- 54) (* x r)) (* 6 (* s00 x)) ?x3017 ?x3132 (* 6 (* x00 s)) (* (- 12) (* s00 s)) (* 2 (* r00 s00 s)) ?x2989 (* (- 2) (* s s r)) (* (- 6) (* x s)) (* 4 (* s00 s00 r)) ?x2746 ?x968 ?x715 (* (- 2) (* s00 s r)) (* 36 (* r00 x00 r)) (* (- 54) (* r00 x)) ?x137 ?x3226 (* 54 (* x00 r)) ?x3245 (* (- 24) (* s00 r)) (* 24 (* r00 s)) ?x3032)))
 (let ((?x1939 (* r00 x)))
 (let ((?x2224 (* (- 18) ?x1939)))
 (let ((?x2205 (* (- 2) ?x625)))
 (let ((?x2048 (+ (* 9 (* s r)) ?x603 ?x693 ?x2205 (* (- 18) (* x r)) (* (- 6) (* r00 s r)) (* 6 ?x1868) ?x672 ?x2224 ?x44 ?x691 (* 18 (* x00 r)) ?x579 (* (- 9) (* s00 r)) (* (- 2) (* s00 s)) (* 9 (* r00 s)) (* 6 (* r00 s00 r)))))
 (let ((?x2248 (+ (* 2 (* s r)) (* (- 12) (* r00 r00 r)) ?x43 ?x44 ?x579 ?x580 (* 4 (* s00 r)) ?x2193 ?x56 ?x581 ?x550)))
 (let (($x3459 (= (+ s00 ?x358 (* 3 (* r r)) ?x3043) 0)))
 (let (($x1783 (and $x3459 (= ?x2248 0) (= ?x2048 0) (= ?x3519 0) $x1657 $x2826)))
 (rewrite (= $x1783 $x2352))))))))))))))))))))))))))))))))))))))))))))))))))))))))))))))))))))))))))))))))))))))))))))))))))))))))))))))))))))))))))))))))))))))))))))))))))))))))))))))))))))))))))))))))))))))))))))))))))))))))))))))))))))))))))))))))))))))))))))))))))))))))))))))))))))))))))))))))))
 ))
 (let (($x537 (exists ((r Int) (s Int) (x Int) )(! (let ((?x358 (* (- 1) s)))
 (let ((?x1710 (+ x ?x358)))
 (let ((?x1382 (* r00 r00 ?x1710)))
 (let ((?x1383 (* 36 ?x1382)))
 (let ((?x211 (* 6 r)))
 (let ((?x3361 (+ 3 s ?x211)))
 (let ((?x1167 (* r00 ?x3361)))
 (let ((?x1802 (* (- 24) ?x1167)))
 (let ((?x1520 (+ 1 r)))
 (let ((?x1776 (* s00 ?x1520)))
 (let ((?x1723 (* 24 ?x1776)))
 (let ((?x1920 (* 54 r)))
 (let ((?x143 (* 9 s)))
 (let ((?x994 (* x00 ?x1520)))
 (let ((?x3558 (* (- 54) ?x994)))
 (let ((?x3292 (* r00 r00 s00)))
 (let ((?x2180 (* 36 ?x3292)))
 (let ((?x1077 (* (- 9) s00)))
 (let ((?x1858 (* r00 ?x1710)))
 (let ((?x2740 (* 54 ?x1858)))
 (let ((?x637 (* r00 x00 ?x1520)))
 (let ((?x703 (* (- 36) ?x637)))
 (let ((?x1989 (* s00 ?x1520 ?x3361)))
 (let ((?x2024 (* 2 ?x1989)))
 (let ((?x671 (* s00 s00)))
 (let ((?x1006 (* (- 15) ?x671)))
 (let ((?x967 (* r00 r00 x00)))
 (let ((?x980 (* (- 36) ?x967)))
 (let ((?x1762 (* r00 r00 ?x3361)))
 (let ((?x4109 (* (- 36) ?x1762)))
 (let ((?x1040 (* s00 s00 ?x1520)))
 (let ((?x854 (* (- 4) ?x1040)))
 (let ((?x1969 (* ?x1710 ?x3361)))
 (let ((?x652 (* 6 ?x1969)))
 (let ((?x1949 (* ?x1520 ?x3361 ?x3361)))
 (let ((?x1957 (* 2 ?x1949)))
 (let ((?x895 (* s00 x00)))
 (let ((?x896 (* 6 ?x895)))
 (let ((?x3972 (* r00 s00 ?x3361)))
 (let ((?x1786 (* (- 2) ?x3972)))
 (let ((?x3048 (* s00 ?x3361)))
 (let ((?x3720 (* 12 ?x3048)))
 (let ((?x1419 (* x00 ?x3361)))
 (let ((?x1171 (* (- 6) ?x1419)))
 (let ((?x3394 (* r00 s00 s00)))
 (let ((?x2382 (* (- 2) ?x3394)))
 (let ((?x2593 (* r00 ?x3361 ?x3361)))
 (let ((?x2603 (* 4 ?x2593)))
 (let ((?x901 (* s00 ?x1710)))
 (let ((?x1326 (* (- 6) ?x901)))
 (let ((?x783 (* ?x1520 ?x1710)))
 (let ((?x842 (* 54 ?x783)))
 (let ((?x3833 (* ?x3361 ?x3361)))
 (let ((?x1603 (* 3 ?x3833)))
 (let ((?x3232 (* r00 s00)))
 (let ((?x3176 (* 24 ?x3232)))
 (let ((?x1760 (* r00 ?x1520 ?x1710)))
 (let ((?x521 (* 36 ?x1760)))
 (let ((?x602 (* r00 x00)))
 (let ((?x639 (* (- 54) ?x602)))
 (let ((?x3388 (* ?x1520 ?x3361)))
 (let ((?x2852 (* (- 24) ?x3388)))
 (let ((?x531 (+ 27 ?x2852 ?x639 ?x521 ?x3176 ?x1603 ?x842 ?x1326 ?x2603 ?x2382 ?x1171 ?x3720 ?x1786 ?x896 ?x1957 ?x652 ?x854 ?x4109 ?x980 ?x1006 ?x2024 ?x703 ?x2740 ?x1077 ?x2180 ?x3558 ?x143 ?x1920 ?x1723 ?x1802 ?x1383)))
 (let (($x2356 (not (= (* ?x1520 ?x1710 ?x3361 ?x3361 ?x531) 0))))
 (let ((?x1450 (* x00 x00)))
 (let ((?x1122 (* 108 ?x1450)))
 (let ((?x487 (* (- 54) r)))
 (let ((?x3245 (* (- 9) s)))
 (let ((?x3226 (* (- 36) ?x3292)))
 (let ((?x137 (* 9 s00)))
 (let ((?x1372 (* 51 ?x671)))
 (let ((?x4121 (* 36 ?x1762)))
 (let ((?x1288 (* s00 s00 s00)))
 (let ((?x1779 (* 16 ?x1288)))
 (let ((?x3739 (* (- 108) ?x895)))
 (let ((?x3724 (* 216 (* r00 r00 r00 s00))))
 (let ((?x2255 (* (- 108) ?x3394)))
 (let ((?x1002 (* r00 r00 r00 x00)))
 (let ((?x1156 (* (- 432) ?x1002)))
 (let ((?x3133 (* (- 36) (* r00 r00 s00 s00))))
 (let ((?x3321 (* (- 54) ?x3232)))
 (let ((?x1878 (* 108 ?x602)))
 (let ((?x3109 (* 216 (* r00 s00 x00))))
 (let ((?x813 (+ ?x3109 ?x1878 ?x3321 (* 15 ?x3833) (* (- 216) (* r00 r00 r00 ?x3361)) ?x3133 (* (- 4) (* ?x3361 ?x3361 ?x3361)) (* 108 (* ?x1710 ?x1710)) ?x1156 (* (- 12) (* s00 ?x3361 ?x3361)) (* 108 ?x901) ?x2255 ?x3724 (* 108 ?x1419) (* 432 (* r00 r00 r00 ?x1710)) (* (- 66) ?x3048) (* 108 ?x3972) ?x3739 (* (- 216) (* r00 s00 ?x1710)) (* 36 (* r00 r00 ?x3361 ?x3361)) ?x1779 (* (- 108) ?x1969) ?x4121 ?x1372 (* (- 108) ?x1858) ?x137 ?x3226 ?x3245 ?x487 (* 54 ?x1167) (* (- 216) (* x00 ?x1710)) ?x1122)))
 (let (($x824 (not (= ?x813 27))))
 (let ((?x1907 (+ ?x2852 ?x639 ?x521 ?x3176 ?x1603 ?x842 ?x1326 ?x2603 ?x2382 ?x1171 ?x3720 ?x1786 ?x896 ?x1957 ?x652 ?x854 ?x4109 ?x980 ?x1006 ?x2024 ?x703 ?x2740 ?x1077 ?x2180 ?x3558 ?x143 ?x1920 ?x1723 ?x1802 ?x1383)))
 (let ((?x47 (* 3 s)))
 (let ((?x3378 (* 6 ?x3292)))
 (let ((?x458 (* (- 3) s00)))
 (let ((?x684 (* (- 4) ?x671)))
 (let ((?x1836 (* 9 ?x3232)))
 (let ((?x616 (* (- 18) ?x602)))
 (let ((?x3985 (+ (* (- 9) ?x3388) ?x616 ?x1836 (* 2 ?x3833) (* 18 ?x783) (* 6 (* r00 ?x1520 ?x3361)) (* (- 6) ?x1762) ?x684 (* 18 ?x1858) ?x458 ?x3378 (* (- 18) ?x994) ?x47 (* 18 r) (* 9 ?x1776) (* 2 ?x3048) (* (- 9) ?x1167) (* (- 6) (* r00 s00 ?x1520)))))
 (let ((?x549 (* r00 r00 r00)))
 (let ((?x563 (* (- 12) ?x549)))
 (let ((?x59 (* 6 x00)))
 (let ((?x528 (* (- 6) x)))
 (let ((?x3275 (* 6 ?x3232)))
 (let ((?x48 (* 3 r00)))
 (let ((?x495 (+ (* (- 2) ?x3388) (* 12 (* r00 r00 ?x1520)) (* 15 r) ?x458 ?x143 ?x48 (* (- 4) ?x1776) ?x3275 ?x528 ?x59 ?x563)))
 (let ((?x379 (* r00 r00)))
 (let ((?x3043 (* (- 3) ?x379)))
 (let (($x2160 (= (+ s00 ?x358 (* (- 6) r) (* 3 (* ?x1520 ?x1520)) ?x3043) 3)))
 (let (($x2062 (not $x2160)))
 (let (($x536 (or $x2062 (not (= ?x495 (- 6))) (not (= ?x3985 (- 9))) (not (= ?x1907 (- 27))) $x824 $x2356)))
 (let ((?x1868 (* r00 r00 s)))
 (let ((?x2746 (* 36 ?x1868)))
 (let ((?x1639 (+ ?x3109 ?x1878 ?x3321 (* 15 (* s s)) (* (- 216) (* r00 r00 r00 s)) ?x3133 (* (- 4) (* s s s)) (* 108 (* x x)) ?x1156 (* (- 12) (* s00 s s)) (* 108 (* s00 x)) ?x2255 ?x3724 (* 108 (* x00 s)) (* 432 (* r00 r00 r00 x)) (* (- 66) (* s00 s)) (* 108 (* r00 s00 s)) ?x3739 (* (- 216) (* r00 s00 x)) (* 36 (* r00 r00 s s)) ?x1779 (* (- 108) (* x s)) ?x2746 ?x1372 (* (- 108) (* r00 x)) ?x137 ?x3226 ?x3245 (* 54 (* r00 s)) (* (- 216) (* x00 x)) ?x1122)))
 (let (($x1657 (= ?x1639 0)))
 (let ((?x2950 (* r00 r00 x)))
 (let ((?x2951 (* 36 ?x2950)))
 (let ((?x2618 (* (- 36) ?x1868)))
 (let ((?x2277 (* r00 s s)))
 (let ((?x2278 (* 4 ?x2277)))
 (let ((?x625 (* s s)))
 (let ((?x657 (* 3 ?x625)))
 (let ((?x3978 (+ (* (- 24) (* s r)) ?x639 (* 36 (* r00 x r)) ?x3176 ?x657 (* 54 (* x r)) (* (- 6) (* s00 x)) ?x2278 ?x2382 (* (- 6) (* x00 s)) (* 12 (* s00 s)) (* (- 2) (* r00 s00 s)) ?x896 (* 2 (* s s r)) (* 6 (* x s)) (* (- 4) (* s00 s00 r)) ?x2618 ?x980 ?x1006 (* 2 (* s00 s r)) (* (- 36) (* r00 x00 r)) (* 54 (* r00 x)) ?x1077 ?x2180 (* (- 54) (* x00 r)) ?x143 (* 24 (* s00 r)) (* (- 24) (* r00 s)) ?x2951)))
 (let ((?x626 (* 2 ?x625)))
 (let ((?x942 (+ (* (- 9) (* s r)) ?x616 ?x1836 ?x626 (* 18 (* x r)) (* 6 (* r00 s r)) (* (- 6) ?x1868) ?x684 (* 18 (* r00 x)) ?x458 ?x3378 (* (- 18) (* x00 r)) ?x47 (* 9 (* s00 r)) (* 2 (* s00 s)) (* (- 9) (* r00 s)) (* (- 6) (* r00 s00 r)))))
 (let ((?x3190 (+ (* (- 2) (* s r)) (* 12 (* r00 r00 r)) (* (- 3) r) ?x458 ?x47 ?x48 (* (- 4) (* s00 r)) ?x3275 ?x528 ?x59 ?x563)))
 (let (($x3459 (= (+ s00 ?x358 (* 3 (* r r)) ?x3043) 0)))
 (and $x3459 (= ?x3190 0) (= ?x942 0) (= ?x3978 0) $x1657 $x536)))))))))))))))))))))))))))))))))))))))))))))))))))))))))))))))))))))))))))))))))))))))))))))))))))))))))))))))))))))))))) :qid k!40))
 ))
 (let ((?x990 (lambda ((r Int) (s Int) (x Int) )(let ((?x358 (* (- 1) s)))
 (let ((?x1710 (+ x ?x358)))
 (let ((?x1382 (* r00 r00 ?x1710)))
 (let ((?x1383 (* 36 ?x1382)))
 (let ((?x211 (* 6 r)))
 (let ((?x3361 (+ 3 s ?x211)))
 (let ((?x1167 (* r00 ?x3361)))
 (let ((?x1802 (* (- 24) ?x1167)))
 (let ((?x1520 (+ 1 r)))
 (let ((?x1776 (* s00 ?x1520)))
 (let ((?x1723 (* 24 ?x1776)))
 (let ((?x1920 (* 54 r)))
 (let ((?x143 (* 9 s)))
 (let ((?x994 (* x00 ?x1520)))
 (let ((?x3558 (* (- 54) ?x994)))
 (let ((?x3292 (* r00 r00 s00)))
 (let ((?x2180 (* 36 ?x3292)))
 (let ((?x1077 (* (- 9) s00)))
 (let ((?x1858 (* r00 ?x1710)))
 (let ((?x2740 (* 54 ?x1858)))
 (let ((?x637 (* r00 x00 ?x1520)))
 (let ((?x703 (* (- 36) ?x637)))
 (let ((?x1989 (* s00 ?x1520 ?x3361)))
 (let ((?x2024 (* 2 ?x1989)))
 (let ((?x671 (* s00 s00)))
 (let ((?x1006 (* (- 15) ?x671)))
 (let ((?x967 (* r00 r00 x00)))
 (let ((?x980 (* (- 36) ?x967)))
 (let ((?x1762 (* r00 r00 ?x3361)))
 (let ((?x4109 (* (- 36) ?x1762)))
 (let ((?x1040 (* s00 s00 ?x1520)))
 (let ((?x854 (* (- 4) ?x1040)))
 (let ((?x1969 (* ?x1710 ?x3361)))
 (let ((?x652 (* 6 ?x1969)))
 (let ((?x1949 (* ?x1520 ?x3361 ?x3361)))
 (let ((?x1957 (* 2 ?x1949)))
 (let ((?x895 (* s00 x00)))
 (let ((?x896 (* 6 ?x895)))
 (let ((?x3972 (* r00 s00 ?x3361)))
 (let ((?x1786 (* (- 2) ?x3972)))
 (let ((?x3048 (* s00 ?x3361)))
 (let ((?x3720 (* 12 ?x3048)))
 (let ((?x1419 (* x00 ?x3361)))
 (let ((?x1171 (* (- 6) ?x1419)))
 (let ((?x3394 (* r00 s00 s00)))
 (let ((?x2382 (* (- 2) ?x3394)))
 (let ((?x2593 (* r00 ?x3361 ?x3361)))
 (let ((?x2603 (* 4 ?x2593)))
 (let ((?x901 (* s00 ?x1710)))
 (let ((?x1326 (* (- 6) ?x901)))
 (let ((?x783 (* ?x1520 ?x1710)))
 (let ((?x842 (* 54 ?x783)))
 (let ((?x3833 (* ?x3361 ?x3361)))
 (let ((?x1603 (* 3 ?x3833)))
 (let ((?x3232 (* r00 s00)))
 (let ((?x3176 (* 24 ?x3232)))
 (let ((?x1760 (* r00 ?x1520 ?x1710)))
 (let ((?x521 (* 36 ?x1760)))
 (let ((?x602 (* r00 x00)))
 (let ((?x639 (* (- 54) ?x602)))
 (let ((?x3388 (* ?x1520 ?x3361)))
 (let ((?x2852 (* (- 24) ?x3388)))
 (let ((?x531 (+ 27 ?x2852 ?x639 ?x521 ?x3176 ?x1603 ?x842 ?x1326 ?x2603 ?x2382 ?x1171 ?x3720 ?x1786 ?x896 ?x1957 ?x652 ?x854 ?x4109 ?x980 ?x1006 ?x2024 ?x703 ?x2740 ?x1077 ?x2180 ?x3558 ?x143 ?x1920 ?x1723 ?x1802 ?x1383)))
 (let (($x2356 (not (= (* ?x1520 ?x1710 ?x3361 ?x3361 ?x531) 0))))
 (let ((?x1450 (* x00 x00)))
 (let ((?x1122 (* 108 ?x1450)))
 (let ((?x487 (* (- 54) r)))
 (let ((?x3245 (* (- 9) s)))
 (let ((?x3226 (* (- 36) ?x3292)))
 (let ((?x137 (* 9 s00)))
 (let ((?x1372 (* 51 ?x671)))
 (let ((?x4121 (* 36 ?x1762)))
 (let ((?x1288 (* s00 s00 s00)))
 (let ((?x1779 (* 16 ?x1288)))
 (let ((?x3739 (* (- 108) ?x895)))
 (let ((?x3724 (* 216 (* r00 r00 r00 s00))))
 (let ((?x2255 (* (- 108) ?x3394)))
 (let ((?x1002 (* r00 r00 r00 x00)))
 (let ((?x1156 (* (- 432) ?x1002)))
 (let ((?x3133 (* (- 36) (* r00 r00 s00 s00))))
 (let ((?x3321 (* (- 54) ?x3232)))
 (let ((?x1878 (* 108 ?x602)))
 (let ((?x3109 (* 216 (* r00 s00 x00))))
 (let ((?x813 (+ ?x3109 ?x1878 ?x3321 (* 15 ?x3833) (* (- 216) (* r00 r00 r00 ?x3361)) ?x3133 (* (- 4) (* ?x3361 ?x3361 ?x3361)) (* 108 (* ?x1710 ?x1710)) ?x1156 (* (- 12) (* s00 ?x3361 ?x3361)) (* 108 ?x901) ?x2255 ?x3724 (* 108 ?x1419) (* 432 (* r00 r00 r00 ?x1710)) (* (- 66) ?x3048) (* 108 ?x3972) ?x3739 (* (- 216) (* r00 s00 ?x1710)) (* 36 (* r00 r00 ?x3361 ?x3361)) ?x1779 (* (- 108) ?x1969) ?x4121 ?x1372 (* (- 108) ?x1858) ?x137 ?x3226 ?x3245 ?x487 (* 54 ?x1167) (* (- 216) (* x00 ?x1710)) ?x1122)))
 (let (($x824 (not (= ?x813 27))))
 (let ((?x715 (* 15 ?x671)))
 (let ((?x968 (* 36 ?x967)))
 (let ((?x2989 (* (- 6) ?x895)))
 (let ((?x3132 (* 2 ?x3394)))
 (let ((?x3184 (* (- 24) ?x3232)))
 (let ((?x2398 (* 54 ?x602)))
 (let ((?x1782 (+ (* 24 ?x3388) ?x2398 (* (- 36) ?x1760) ?x3184 (* (- 3) ?x3833) (* (- 54) ?x783) (* 6 ?x901) (* (- 4) ?x2593) ?x3132 (* 6 ?x1419) (* (- 12) ?x3048) (* 2 ?x3972) ?x2989 (* (- 2) ?x1949) (* (- 6) ?x1969) (* 4 ?x1040) ?x4121 ?x968 ?x715 (* (- 2) ?x1989) (* 36 ?x637) (* (- 54) ?x1858) ?x137 ?x3226 (* 54 ?x994) ?x3245 ?x487 (* (- 24) ?x1776) (* 24 ?x1167) (* (- 36) ?x1382))))
 (let ((?x579 (* (- 3) s)))
 (let ((?x691 (* (- 6) ?x3292)))
 (let ((?x44 (* 3 s00)))
 (let ((?x672 (* 4 ?x671)))
 (let ((?x693 (* (- 9) ?x3232)))
 (let ((?x603 (* 18 ?x602)))
 (let ((?x2142 (+ (* 9 ?x3388) ?x603 ?x693 (* (- 2) ?x3833) (* (- 18) ?x783) (* (- 6) (* r00 ?x1520 ?x3361)) (* 6 ?x1762) ?x672 (* (- 18) ?x1858) ?x44 ?x691 (* 18 ?x994) ?x579 (* (- 18) r) (* (- 9) ?x1776) (* (- 2) ?x3048) (* 9 ?x1167) (* 6 (* r00 s00 ?x1520)))))
 (let ((?x549 (* r00 r00 r00)))
 (let ((?x550 (* 12 ?x549)))
 (let ((?x581 (* (- 6) x00)))
 (let ((?x56 (* 6 x)))
 (let ((?x2193 (* (- 6) ?x3232)))
 (let ((?x580 (* (- 3) r00)))
 (let ((?x1810 (+ (* 2 ?x3388) (* (- 12) (* r00 r00 ?x1520)) (* (- 15) r) ?x44 ?x3245 ?x580 (* 4 ?x1776) ?x2193 ?x56 ?x581 ?x550)))
 (let ((?x379 (* r00 r00)))
 (let ((?x3043 (* (- 3) ?x379)))
 (let (($x2160 (= (+ s00 ?x358 (* (- 6) r) (* 3 (* ?x1520 ?x1520)) ?x3043) 3)))
 (let (($x2062 (not $x2160)))
 (let (($x2826 (or $x2062 (not (= ?x1810 6)) (not (= ?x2142 9)) (not (= ?x1782 27)) $x824 $x2356)))
 (let ((?x1868 (* r00 r00 s)))
 (let ((?x2746 (* 36 ?x1868)))
 (let ((?x1639 (+ ?x3109 ?x1878 ?x3321 (* 15 (* s s)) (* (- 216) (* r00 r00 r00 s)) ?x3133 (* (- 4) (* s s s)) (* 108 (* x x)) ?x1156 (* (- 12) (* s00 s s)) (* 108 (* s00 x)) ?x2255 ?x3724 (* 108 (* x00 s)) (* 432 (* r00 r00 r00 x)) (* (- 66) (* s00 s)) (* 108 (* r00 s00 s)) ?x3739 (* (- 216) (* r00 s00 x)) (* 36 (* r00 r00 s s)) ?x1779 (* (- 108) (* x s)) ?x2746 ?x1372 (* (- 108) (* r00 x)) ?x137 ?x3226 ?x3245 (* 54 (* r00 s)) (* (- 216) (* x00 x)) ?x1122)))
 (let (($x1657 (= ?x1639 0)))
 (let ((?x2950 (* r00 r00 x)))
 (let ((?x3032 (* (- 36) ?x2950)))
 (let ((?x2277 (* r00 s s)))
 (let ((?x3017 (* (- 4) ?x2277)))
 (let ((?x3519 (+ (* 24 (* s r)) ?x2398 (* (- 36) (* r00 x r)) ?x3184 (* (- 3) (* s s)) (* (- 54) (* x r)) (* 6 (* s00 x)) ?x3017 ?x3132 (* 6 (* x00 s)) (* (- 12) (* s00 s)) (* 2 (* r00 s00 s)) ?x2989 (* (- 2) (* s s r)) (* (- 6) (* x s)) (* 4 (* s00 s00 r)) ?x2746 ?x968 ?x715 (* (- 2) (* s00 s r)) (* 36 (* r00 x00 r)) (* (- 54) (* r00 x)) ?x137 ?x3226 (* 54 (* x00 r)) ?x3245 (* (- 24) (* s00 r)) (* 24 (* r00 s)) ?x3032)))
 (let ((?x1939 (* r00 x)))
 (let ((?x2224 (* (- 18) ?x1939)))
 (let ((?x625 (* s s)))
 (let ((?x2205 (* (- 2) ?x625)))
 (let ((?x2048 (+ (* 9 (* s r)) ?x603 ?x693 ?x2205 (* (- 18) (* x r)) (* (- 6) (* r00 s r)) (* 6 ?x1868) ?x672 ?x2224 ?x44 ?x691 (* 18 (* x00 r)) ?x579 (* (- 9) (* s00 r)) (* (- 2) (* s00 s)) (* 9 (* r00 s)) (* 6 (* r00 s00 r)))))
 (let ((?x43 (* 3 r)))
 (let ((?x2248 (+ (* 2 (* s r)) (* (- 12) (* r00 r00 r)) ?x43 ?x44 ?x579 ?x580 (* 4 (* s00 r)) ?x2193 ?x56 ?x581 ?x550)))
 (let (($x3459 (= (+ s00 ?x358 (* 3 (* r r)) ?x3043) 0)))
 (let (($x1783 (and $x3459 (= ?x2248 0) (= ?x2048 0) (= ?x3519 0) $x1657 $x2826)))
 (let ((?x1907 (+ ?x2852 ?x639 ?x521 ?x3176 ?x1603 ?x842 ?x1326 ?x2603 ?x2382 ?x1171 ?x3720 ?x1786 ?x896 ?x1957 ?x652 ?x854 ?x4109 ?x980 ?x1006 ?x2024 ?x703 ?x2740 ?x1077 ?x2180 ?x3558 ?x143 ?x1920 ?x1723 ?x1802 ?x1383)))
 (let ((?x47 (* 3 s)))
 (let ((?x3378 (* 6 ?x3292)))
 (let ((?x458 (* (- 3) s00)))
 (let ((?x684 (* (- 4) ?x671)))
 (let ((?x1836 (* 9 ?x3232)))
 (let ((?x616 (* (- 18) ?x602)))
 (let ((?x3985 (+ (* (- 9) ?x3388) ?x616 ?x1836 (* 2 ?x3833) (* 18 ?x783) (* 6 (* r00 ?x1520 ?x3361)) (* (- 6) ?x1762) ?x684 (* 18 ?x1858) ?x458 ?x3378 (* (- 18) ?x994) ?x47 (* 18 r) (* 9 ?x1776) (* 2 ?x3048) (* (- 9) ?x1167) (* (- 6) (* r00 s00 ?x1520)))))
 (let ((?x563 (* (- 12) ?x549)))
 (let ((?x59 (* 6 x00)))
 (let ((?x528 (* (- 6) x)))
 (let ((?x3275 (* 6 ?x3232)))
 (let ((?x48 (* 3 r00)))
 (let ((?x495 (+ (* (- 2) ?x3388) (* 12 (* r00 r00 ?x1520)) (* 15 r) ?x458 ?x143 ?x48 (* (- 4) ?x1776) ?x3275 ?x528 ?x59 ?x563)))
 (let (($x536 (or $x2062 (not (= ?x495 (- 6))) (not (= ?x3985 (- 9))) (not (= ?x1907 (- 27))) $x824 $x2356)))
 (let ((?x2951 (* 36 ?x2950)))
 (let ((?x2618 (* (- 36) ?x1868)))
 (let ((?x2278 (* 4 ?x2277)))
 (let ((?x657 (* 3 ?x625)))
 (let ((?x3978 (+ (* (- 24) (* s r)) ?x639 (* 36 (* r00 x r)) ?x3176 ?x657 (* 54 (* x r)) (* (- 6) (* s00 x)) ?x2278 ?x2382 (* (- 6) (* x00 s)) (* 12 (* s00 s)) (* (- 2) (* r00 s00 s)) ?x896 (* 2 (* s s r)) (* 6 (* x s)) (* (- 4) (* s00 s00 r)) ?x2618 ?x980 ?x1006 (* 2 (* s00 s r)) (* (- 36) (* r00 x00 r)) (* 54 ?x1939) ?x1077 ?x2180 (* (- 54) (* x00 r)) ?x143 (* 24 (* s00 r)) (* (- 24) (* r00 s)) ?x2951)))
 (let ((?x626 (* 2 ?x625)))
 (let ((?x942 (+ (* (- 9) (* s r)) ?x616 ?x1836 ?x626 (* 18 (* x r)) (* 6 (* r00 s r)) (* (- 6) ?x1868) ?x684 (* 18 ?x1939) ?x458 ?x3378 (* (- 18) (* x00 r)) ?x47 (* 9 (* s00 r)) (* 2 (* s00 s)) (* (- 9) (* r00 s)) (* (- 6) (* r00 s00 r)))))
 (let ((?x3190 (+ (* (- 2) (* s r)) (* 12 (* r00 r00 r)) (* (- 3) r) ?x458 ?x47 ?x48 (* (- 4) (* s00 r)) ?x3275 ?x528 ?x59 ?x563)))
 (let (($x2359 (and $x3459 (= ?x3190 0) (= ?x942 0) (= ?x3978 0) $x1657 $x536)))
 (rewrite (= $x2359 $x1783))))))))))))))))))))))))))))))))))))))))))))))))))))))))))))))))))))))))))))))))))))))))))))))))))))))))))))))))))))))))))))))))))))))))))))))))))))))))))))
 ))
 (let (($x355 (exists ((r Int) (s Int) (x Int) )(! (let ((?x232 (- x s)))
 (let ((?x211 (* 6 r)))
 (let ((?x212 (+ s ?x211 3)))
 (let ((?x215 (+ r 1)))
 (let ((?x299 (* 9 ?x212)))
 (let ((?x139 (* 36 r00 r00 s00)))
 (let ((?x137 (* 9 s00)))
 (let ((?x126 (* 15 s00 s00)))
 (let ((?x124 (* 36 r00 r00 x00)))
 (let ((?x284 (* 36 r00 r00 ?x212)))
 (let ((?x118 (* 6 s00 x00)))
 (let ((?x110 (* 2 r00 s00 s00)))
 (let ((?x102 (* 24 r00 s00)))
 (let ((?x268 (+ (- (* (- 24) ?x215 ?x212) (* 54 r00 x00)) (* 36 ?x215 r00 ?x232) ?x102 (* 3 ?x212 ?x212) (* 54 ?x215 ?x232))))
 (let ((?x274 (- (+ (- ?x268 (* 6 s00 ?x232)) (* 4 r00 ?x212 ?x212)) ?x110)))
 (let ((?x279 (- (+ (- ?x274 (* 6 ?x212 x00)) (* 12 ?x212 s00)) (* 2 r00 ?x212 s00))))
 (let ((?x285 (- (+ ?x279 ?x118 (* 2 ?x215 ?x212 ?x212) (* 6 ?x212 ?x232)) (* 4 ?x215 s00 s00))))
 (let ((?x292 (- (+ (- (- (- ?x285 ?x284) ?x124) ?x126) (* 2 ?x215 ?x212 s00)) (* 36 ?x215 r00 x00))))
 (let ((?x298 (- (+ (- (+ ?x292 (* 54 r00 ?x232)) ?x137) ?x139) (* 54 ?x215 x00))))
 (let ((?x305 (+ (- (+ ?x298 ?x299 (* 24 ?x215 s00)) (* 24 r00 ?x212)) (* 36 r00 r00 ?x232))))
 (let ((?x208 (* 108 x00 x00)))
 (let ((?x197 (* 51 s00 s00)))
 (let ((?x192 (* 16 s00 s00 s00)))
 (let ((?x186 (* 108 s00 x00)))
 (let ((?x177 (* 216 r00 r00 r00 s00)))
 (let ((?x175 (* 108 r00 s00 s00)))
 (let ((?x169 (* 432 r00 r00 r00 x00)))
 (let ((?x161 (* 36 r00 r00 s00 s00)))
 (let ((?x157 (- (+ (* 216 r00 s00 x00) (* 108 r00 x00)) (* 54 r00 s00))))
 (let ((?x313 (- (- (+ ?x157 (* 15 ?x212 ?x212)) (* 216 r00 r00 r00 ?x212)) ?x161)))
 (let ((?x319 (- (- (+ (- ?x313 (* 4 ?x212 ?x212 ?x212)) (* 108 ?x232 ?x232)) ?x169) (* 12 ?x212 ?x212 s00))))
 (let ((?x325 (+ (- (+ ?x319 (* 108 s00 ?x232)) ?x175) ?x177 (* 108 ?x212 x00) (* 432 r00 r00 r00 ?x232))))
 (let ((?x331 (- (+ (- ?x325 (* 66 ?x212 s00)) (* 108 r00 ?x212 s00)) ?x186)))
 (let ((?x334 (+ (- ?x331 (* 216 r00 s00 ?x232)) (* 36 r00 r00 ?x212 ?x212) ?x192)))
 (let ((?x339 (- (+ (- ?x334 (* 108 ?x212 ?x232)) ?x284 ?x197) (* 108 r00 ?x232))))
 (let ((?x346 (- (+ (- (- (+ ?x339 ?x137) ?x139) ?x299) (* 54 r00 ?x212)) (* 216 ?x232 x00))))
 (let ((?x227 (* 3 ?x212)))
 (let ((?x82 (* 6 r00 r00 s00)))
 (let ((?x44 (* 3 s00)))
 (let ((?x76 (* 4 s00 s00)))
 (let ((?x70 (* 9 r00 s00)))
 (let ((?x244 (+ (- (* (- 9) ?x215 ?x212) (* 18 r00 x00)) ?x70 (* 2 ?x212 ?x212) (* 18 ?x215 ?x232) (* 6 ?x215 r00 ?x212))))
 (let ((?x249 (+ (- (- ?x244 (* 6 r00 r00 ?x212)) ?x76) (* 18 r00 ?x232))))
 (let ((?x256 (+ (- (+ (- ?x249 ?x44) ?x82) (* 18 ?x215 x00)) ?x227 (* 9 ?x215 s00) (* 2 ?x212 s00))))
 (let (($x261 (= (- (- ?x256 (* 9 r00 ?x212)) (* 6 ?x215 r00 s00)) 0)))
 (let ((?x61 (* 12 r00 r00 r00)))
 (let ((?x59 (* 6 x00)))
 (let ((?x54 (* 6 r00 s00)))
 (let ((?x48 (* 3 r00)))
 (let ((?x225 (- (+ (* (- 2) ?x215 ?x212) (* 12 ?x215 r00 r00)) (* 3 ?x215))))
 (let ((?x234 (- (+ (- (+ (- ?x225 ?x44) ?x227 ?x48) (* 4 ?x215 s00)) ?x54) (* 6 ?x232))))
 (let (($x219 (= (- (+ (- s00 ?x212) (* 3 ?x215 ?x215)) (* 3 r00 r00)) 0)))
 (let (($x353 (or (not $x219) (not (= (- (+ ?x234 ?x59) ?x61) 0)) (not $x261) (not (= ?x305 0)) (not (= (+ ?x346 ?x208) 0)) (not (= (* ?x305 3 ?x215 ?x212 ?x212 ?x232) 0)))))
 (let ((?x143 (* 9 s)))
 (let ((?x123 (* 36 r00 r00 s)))
 (let ((?x164 (- (- (+ ?x157 (* 15 s s)) (* 216 r00 r00 r00 s)) ?x161)))
 (let ((?x172 (- (- (+ (- ?x164 (* 4 s s s)) (* 108 x x)) ?x169) (* 12 s s s00))))
 (let ((?x180 (+ (- (+ ?x172 (* 108 s00 x)) ?x175) ?x177 (* 108 s x00) (* 432 r00 r00 r00 x))))
 (let ((?x188 (- (+ (- ?x180 (* 66 s s00)) (* 108 r00 s s00)) ?x186)))
 (let ((?x193 (+ (- ?x188 (* 216 r00 s00 x)) (* 36 r00 r00 s s) ?x192)))
 (let ((?x200 (- (+ (- ?x193 (* 108 s x)) ?x123 ?x197) (* 108 r00 x))))
 (let ((?x207 (- (+ (- (- (+ ?x200 ?x137) ?x139) ?x143) (* 54 r00 s)) (* 216 x x00))))
 (let ((?x105 (+ (- (* (- 24) r s) (* 54 r00 x00)) (* 36 r r00 x) ?x102 (* 3 s s) (* 54 r x))))
 (let ((?x112 (- (+ (- ?x105 (* 6 s00 x)) (* 4 r00 s s)) ?x110)))
 (let ((?x117 (- (+ (- ?x112 (* 6 s x00)) (* 12 s s00)) (* 2 r00 s s00))))
 (let ((?x127 (- (+ ?x117 ?x118 (* 2 r s s) (* 6 s x)) (* 4 r s00 s00))))
 (let ((?x134 (- (+ (- (- (- ?x127 ?x123) ?x124) ?x126) (* 2 r s s00)) (* 36 r r00 x00))))
 (let ((?x142 (- (+ (- (+ ?x134 (* 54 r00 x)) ?x137) ?x139) (* 54 r x00))))
 (let ((?x149 (+ (- (+ ?x142 ?x143 (* 24 r s00)) (* 24 r00 s)) (* 36 r00 r00 x))))
 (let ((?x47 (* 3 s)))
 (let ((?x74 (+ (- (* (- 9) r s) (* 18 r00 x00)) ?x70 (* 2 s s) (* 18 r x) (* 6 r r00 s))))
 (let ((?x80 (+ (- (- ?x74 (* 6 r00 r00 s)) ?x76) (* 18 r00 x))))
 (let ((?x88 (+ (- (+ (- ?x80 ?x44) ?x82) (* 18 r x00)) ?x47 (* 9 r s00) (* 2 s s00))))
 (let (($x93 (= (- (- ?x88 (* 9 r00 s)) (* 6 r r00 s00)) 0)))
 (let ((?x56 (* 6 x)))
 (let ((?x43 (* 3 r)))
 (let ((?x46 (- (- (+ (* (- 2) r s) (* 12 r r00 r00)) ?x43) ?x44)))
 (let ((?x60 (+ (- (+ (- (+ ?x46 ?x47 ?x48) (* 4 r s00)) ?x54) ?x56) ?x59)))
 (let (($x36 (= (- (+ (- s00 s) (* 3 r r)) (* 3 r00 r00)) 0)))
 (and $x36 (= (- ?x60 ?x61) 0) $x93 (= ?x149 0) (= (+ ?x207 ?x208) 0) $x353)))))))))))))))))))))))))))))))))))))))))))))))))))))))))))))))))))))))))))))))) :qid k!40))
 ))
 (let ((?x3607 (lambda ((r Int) (s Int) (x Int) )(let ((?x358 (* (- 1) s)))
 (let ((?x1710 (+ x ?x358)))
 (let ((?x1382 (* r00 r00 ?x1710)))
 (let ((?x1383 (* 36 ?x1382)))
 (let ((?x211 (* 6 r)))
 (let ((?x3361 (+ 3 s ?x211)))
 (let ((?x1167 (* r00 ?x3361)))
 (let ((?x1802 (* (- 24) ?x1167)))
 (let ((?x1520 (+ 1 r)))
 (let ((?x1776 (* s00 ?x1520)))
 (let ((?x1723 (* 24 ?x1776)))
 (let ((?x1920 (* 54 r)))
 (let ((?x143 (* 9 s)))
 (let ((?x994 (* x00 ?x1520)))
 (let ((?x3558 (* (- 54) ?x994)))
 (let ((?x3292 (* r00 r00 s00)))
 (let ((?x2180 (* 36 ?x3292)))
 (let ((?x1077 (* (- 9) s00)))
 (let ((?x1858 (* r00 ?x1710)))
 (let ((?x2740 (* 54 ?x1858)))
 (let ((?x637 (* r00 x00 ?x1520)))
 (let ((?x703 (* (- 36) ?x637)))
 (let ((?x1989 (* s00 ?x1520 ?x3361)))
 (let ((?x2024 (* 2 ?x1989)))
 (let ((?x671 (* s00 s00)))
 (let ((?x1006 (* (- 15) ?x671)))
 (let ((?x967 (* r00 r00 x00)))
 (let ((?x980 (* (- 36) ?x967)))
 (let ((?x1762 (* r00 r00 ?x3361)))
 (let ((?x4109 (* (- 36) ?x1762)))
 (let ((?x1040 (* s00 s00 ?x1520)))
 (let ((?x854 (* (- 4) ?x1040)))
 (let ((?x1969 (* ?x1710 ?x3361)))
 (let ((?x652 (* 6 ?x1969)))
 (let ((?x1949 (* ?x1520 ?x3361 ?x3361)))
 (let ((?x1957 (* 2 ?x1949)))
 (let ((?x895 (* s00 x00)))
 (let ((?x896 (* 6 ?x895)))
 (let ((?x3972 (* r00 s00 ?x3361)))
 (let ((?x1786 (* (- 2) ?x3972)))
 (let ((?x3048 (* s00 ?x3361)))
 (let ((?x3720 (* 12 ?x3048)))
 (let ((?x1419 (* x00 ?x3361)))
 (let ((?x1171 (* (- 6) ?x1419)))
 (let ((?x3394 (* r00 s00 s00)))
 (let ((?x2382 (* (- 2) ?x3394)))
 (let ((?x2593 (* r00 ?x3361 ?x3361)))
 (let ((?x2603 (* 4 ?x2593)))
 (let ((?x901 (* s00 ?x1710)))
 (let ((?x1326 (* (- 6) ?x901)))
 (let ((?x783 (* ?x1520 ?x1710)))
 (let ((?x842 (* 54 ?x783)))
 (let ((?x3833 (* ?x3361 ?x3361)))
 (let ((?x1603 (* 3 ?x3833)))
 (let ((?x3232 (* r00 s00)))
 (let ((?x3176 (* 24 ?x3232)))
 (let ((?x1760 (* r00 ?x1520 ?x1710)))
 (let ((?x521 (* 36 ?x1760)))
 (let ((?x602 (* r00 x00)))
 (let ((?x639 (* (- 54) ?x602)))
 (let ((?x3388 (* ?x1520 ?x3361)))
 (let ((?x2852 (* (- 24) ?x3388)))
 (let ((?x531 (+ 27 ?x2852 ?x639 ?x521 ?x3176 ?x1603 ?x842 ?x1326 ?x2603 ?x2382 ?x1171 ?x3720 ?x1786 ?x896 ?x1957 ?x652 ?x854 ?x4109 ?x980 ?x1006 ?x2024 ?x703 ?x2740 ?x1077 ?x2180 ?x3558 ?x143 ?x1920 ?x1723 ?x1802 ?x1383)))
 (let (($x2356 (not (= (* ?x1520 ?x1710 ?x3361 ?x3361 ?x531) 0))))
 (let ((?x1450 (* x00 x00)))
 (let ((?x1122 (* 108 ?x1450)))
 (let ((?x487 (* (- 54) r)))
 (let ((?x3245 (* (- 9) s)))
 (let ((?x3226 (* (- 36) ?x3292)))
 (let ((?x137 (* 9 s00)))
 (let ((?x1372 (* 51 ?x671)))
 (let ((?x4121 (* 36 ?x1762)))
 (let ((?x1288 (* s00 s00 s00)))
 (let ((?x1779 (* 16 ?x1288)))
 (let ((?x3739 (* (- 108) ?x895)))
 (let ((?x3724 (* 216 (* r00 r00 r00 s00))))
 (let ((?x2255 (* (- 108) ?x3394)))
 (let ((?x1002 (* r00 r00 r00 x00)))
 (let ((?x1156 (* (- 432) ?x1002)))
 (let ((?x3133 (* (- 36) (* r00 r00 s00 s00))))
 (let ((?x3321 (* (- 54) ?x3232)))
 (let ((?x1878 (* 108 ?x602)))
 (let ((?x3109 (* 216 (* r00 s00 x00))))
 (let ((?x813 (+ ?x3109 ?x1878 ?x3321 (* 15 ?x3833) (* (- 216) (* r00 r00 r00 ?x3361)) ?x3133 (* (- 4) (* ?x3361 ?x3361 ?x3361)) (* 108 (* ?x1710 ?x1710)) ?x1156 (* (- 12) (* s00 ?x3361 ?x3361)) (* 108 ?x901) ?x2255 ?x3724 (* 108 ?x1419) (* 432 (* r00 r00 r00 ?x1710)) (* (- 66) ?x3048) (* 108 ?x3972) ?x3739 (* (- 216) (* r00 s00 ?x1710)) (* 36 (* r00 r00 ?x3361 ?x3361)) ?x1779 (* (- 108) ?x1969) ?x4121 ?x1372 (* (- 108) ?x1858) ?x137 ?x3226 ?x3245 ?x487 (* 54 ?x1167) (* (- 216) (* x00 ?x1710)) ?x1122)))
 (let (($x824 (not (= ?x813 27))))
 (let ((?x1907 (+ ?x2852 ?x639 ?x521 ?x3176 ?x1603 ?x842 ?x1326 ?x2603 ?x2382 ?x1171 ?x3720 ?x1786 ?x896 ?x1957 ?x652 ?x854 ?x4109 ?x980 ?x1006 ?x2024 ?x703 ?x2740 ?x1077 ?x2180 ?x3558 ?x143 ?x1920 ?x1723 ?x1802 ?x1383)))
 (let ((?x47 (* 3 s)))
 (let ((?x3378 (* 6 ?x3292)))
 (let ((?x458 (* (- 3) s00)))
 (let ((?x684 (* (- 4) ?x671)))
 (let ((?x1836 (* 9 ?x3232)))
 (let ((?x616 (* (- 18) ?x602)))
 (let ((?x3985 (+ (* (- 9) ?x3388) ?x616 ?x1836 (* 2 ?x3833) (* 18 ?x783) (* 6 (* r00 ?x1520 ?x3361)) (* (- 6) ?x1762) ?x684 (* 18 ?x1858) ?x458 ?x3378 (* (- 18) ?x994) ?x47 (* 18 r) (* 9 ?x1776) (* 2 ?x3048) (* (- 9) ?x1167) (* (- 6) (* r00 s00 ?x1520)))))
 (let ((?x549 (* r00 r00 r00)))
 (let ((?x563 (* (- 12) ?x549)))
 (let ((?x59 (* 6 x00)))
 (let ((?x528 (* (- 6) x)))
 (let ((?x3275 (* 6 ?x3232)))
 (let ((?x48 (* 3 r00)))
 (let ((?x495 (+ (* (- 2) ?x3388) (* 12 (* r00 r00 ?x1520)) (* 15 r) ?x458 ?x143 ?x48 (* (- 4) ?x1776) ?x3275 ?x528 ?x59 ?x563)))
 (let ((?x379 (* r00 r00)))
 (let ((?x3043 (* (- 3) ?x379)))
 (let (($x2160 (= (+ s00 ?x358 (* (- 6) r) (* 3 (* ?x1520 ?x1520)) ?x3043) 3)))
 (let (($x2062 (not $x2160)))
 (let (($x536 (or $x2062 (not (= ?x495 (- 6))) (not (= ?x3985 (- 9))) (not (= ?x1907 (- 27))) $x824 $x2356)))
 (let ((?x1868 (* r00 r00 s)))
 (let ((?x2746 (* 36 ?x1868)))
 (let ((?x1639 (+ ?x3109 ?x1878 ?x3321 (* 15 (* s s)) (* (- 216) (* r00 r00 r00 s)) ?x3133 (* (- 4) (* s s s)) (* 108 (* x x)) ?x1156 (* (- 12) (* s00 s s)) (* 108 (* s00 x)) ?x2255 ?x3724 (* 108 (* x00 s)) (* 432 (* r00 r00 r00 x)) (* (- 66) (* s00 s)) (* 108 (* r00 s00 s)) ?x3739 (* (- 216) (* r00 s00 x)) (* 36 (* r00 r00 s s)) ?x1779 (* (- 108) (* x s)) ?x2746 ?x1372 (* (- 108) (* r00 x)) ?x137 ?x3226 ?x3245 (* 54 (* r00 s)) (* (- 216) (* x00 x)) ?x1122)))
 (let (($x1657 (= ?x1639 0)))
 (let ((?x2950 (* r00 r00 x)))
 (let ((?x2951 (* 36 ?x2950)))
 (let ((?x2618 (* (- 36) ?x1868)))
 (let ((?x2277 (* r00 s s)))
 (let ((?x2278 (* 4 ?x2277)))
 (let ((?x625 (* s s)))
 (let ((?x657 (* 3 ?x625)))
 (let ((?x3978 (+ (* (- 24) (* s r)) ?x639 (* 36 (* r00 x r)) ?x3176 ?x657 (* 54 (* x r)) (* (- 6) (* s00 x)) ?x2278 ?x2382 (* (- 6) (* x00 s)) (* 12 (* s00 s)) (* (- 2) (* r00 s00 s)) ?x896 (* 2 (* s s r)) (* 6 (* x s)) (* (- 4) (* s00 s00 r)) ?x2618 ?x980 ?x1006 (* 2 (* s00 s r)) (* (- 36) (* r00 x00 r)) (* 54 (* r00 x)) ?x1077 ?x2180 (* (- 54) (* x00 r)) ?x143 (* 24 (* s00 r)) (* (- 24) (* r00 s)) ?x2951)))
 (let ((?x626 (* 2 ?x625)))
 (let ((?x942 (+ (* (- 9) (* s r)) ?x616 ?x1836 ?x626 (* 18 (* x r)) (* 6 (* r00 s r)) (* (- 6) ?x1868) ?x684 (* 18 (* r00 x)) ?x458 ?x3378 (* (- 18) (* x00 r)) ?x47 (* 9 (* s00 r)) (* 2 (* s00 s)) (* (- 9) (* r00 s)) (* (- 6) (* r00 s00 r)))))
 (let ((?x3190 (+ (* (- 2) (* s r)) (* 12 (* r00 r00 r)) (* (- 3) r) ?x458 ?x47 ?x48 (* (- 4) (* s00 r)) ?x3275 ?x528 ?x59 ?x563)))
 (let (($x3459 (= (+ s00 ?x358 (* 3 (* r r)) ?x3043) 0)))
 (let (($x2359 (and $x3459 (= ?x3190 0) (= ?x942 0) (= ?x3978 0) $x1657 $x536)))
 (let ((?x232 (- x s)))
 (let ((?x212 (+ s ?x211 3)))
 (let ((?x215 (+ r 1)))
 (let ((?x299 (* 9 ?x212)))
 (let ((?x139 (* 36 r00 r00 s00)))
 (let ((?x126 (* 15 s00 s00)))
 (let ((?x124 (* 36 r00 r00 x00)))
 (let ((?x284 (* 36 r00 r00 ?x212)))
 (let ((?x118 (* 6 s00 x00)))
 (let ((?x110 (* 2 r00 s00 s00)))
 (let ((?x102 (* 24 r00 s00)))
 (let ((?x268 (+ (- (* (- 24) ?x215 ?x212) (* 54 r00 x00)) (* 36 ?x215 r00 ?x232) ?x102 (* 3 ?x212 ?x212) (* 54 ?x215 ?x232))))
 (let ((?x274 (- (+ (- ?x268 (* 6 s00 ?x232)) (* 4 r00 ?x212 ?x212)) ?x110)))
 (let ((?x279 (- (+ (- ?x274 (* 6 ?x212 x00)) (* 12 ?x212 s00)) (* 2 r00 ?x212 s00))))
 (let ((?x285 (- (+ ?x279 ?x118 (* 2 ?x215 ?x212 ?x212) (* 6 ?x212 ?x232)) (* 4 ?x215 s00 s00))))
 (let ((?x292 (- (+ (- (- (- ?x285 ?x284) ?x124) ?x126) (* 2 ?x215 ?x212 s00)) (* 36 ?x215 r00 x00))))
 (let ((?x298 (- (+ (- (+ ?x292 (* 54 r00 ?x232)) ?x137) ?x139) (* 54 ?x215 x00))))
 (let ((?x305 (+ (- (+ ?x298 ?x299 (* 24 ?x215 s00)) (* 24 r00 ?x212)) (* 36 r00 r00 ?x232))))
 (let ((?x208 (* 108 x00 x00)))
 (let ((?x197 (* 51 s00 s00)))
 (let ((?x192 (* 16 s00 s00 s00)))
 (let ((?x186 (* 108 s00 x00)))
 (let ((?x177 (* 216 r00 r00 r00 s00)))
 (let ((?x175 (* 108 r00 s00 s00)))
 (let ((?x169 (* 432 r00 r00 r00 x00)))
 (let ((?x161 (* 36 r00 r00 s00 s00)))
 (let ((?x157 (- (+ (* 216 r00 s00 x00) (* 108 r00 x00)) (* 54 r00 s00))))
 (let ((?x313 (- (- (+ ?x157 (* 15 ?x212 ?x212)) (* 216 r00 r00 r00 ?x212)) ?x161)))
 (let ((?x319 (- (- (+ (- ?x313 (* 4 ?x212 ?x212 ?x212)) (* 108 ?x232 ?x232)) ?x169) (* 12 ?x212 ?x212 s00))))
 (let ((?x325 (+ (- (+ ?x319 (* 108 s00 ?x232)) ?x175) ?x177 (* 108 ?x212 x00) (* 432 r00 r00 r00 ?x232))))
 (let ((?x331 (- (+ (- ?x325 (* 66 ?x212 s00)) (* 108 r00 ?x212 s00)) ?x186)))
 (let ((?x334 (+ (- ?x331 (* 216 r00 s00 ?x232)) (* 36 r00 r00 ?x212 ?x212) ?x192)))
 (let ((?x339 (- (+ (- ?x334 (* 108 ?x212 ?x232)) ?x284 ?x197) (* 108 r00 ?x232))))
 (let ((?x346 (- (+ (- (- (+ ?x339 ?x137) ?x139) ?x299) (* 54 r00 ?x212)) (* 216 ?x232 x00))))
 (let ((?x227 (* 3 ?x212)))
 (let ((?x82 (* 6 r00 r00 s00)))
 (let ((?x44 (* 3 s00)))
 (let ((?x76 (* 4 s00 s00)))
 (let ((?x70 (* 9 r00 s00)))
 (let ((?x244 (+ (- (* (- 9) ?x215 ?x212) (* 18 r00 x00)) ?x70 (* 2 ?x212 ?x212) (* 18 ?x215 ?x232) (* 6 ?x215 r00 ?x212))))
 (let ((?x249 (+ (- (- ?x244 (* 6 r00 r00 ?x212)) ?x76) (* 18 r00 ?x232))))
 (let ((?x256 (+ (- (+ (- ?x249 ?x44) ?x82) (* 18 ?x215 x00)) ?x227 (* 9 ?x215 s00) (* 2 ?x212 s00))))
 (let (($x261 (= (- (- ?x256 (* 9 r00 ?x212)) (* 6 ?x215 r00 s00)) 0)))
 (let ((?x61 (* 12 r00 r00 r00)))
 (let ((?x54 (* 6 r00 s00)))
 (let ((?x225 (- (+ (* (- 2) ?x215 ?x212) (* 12 ?x215 r00 r00)) (* 3 ?x215))))
 (let ((?x234 (- (+ (- (+ (- ?x225 ?x44) ?x227 ?x48) (* 4 ?x215 s00)) ?x54) (* 6 ?x232))))
 (let (($x219 (= (- (+ (- s00 ?x212) (* 3 ?x215 ?x215)) (* 3 r00 r00)) 0)))
 (let (($x353 (or (not $x219) (not (= (- (+ ?x234 ?x59) ?x61) 0)) (not $x261) (not (= ?x305 0)) (not (= (+ ?x346 ?x208) 0)) (not (= (* ?x305 3 ?x215 ?x212 ?x212 ?x232) 0)))))
 (let ((?x123 (* 36 r00 r00 s)))
 (let ((?x164 (- (- (+ ?x157 (* 15 s s)) (* 216 r00 r00 r00 s)) ?x161)))
 (let ((?x172 (- (- (+ (- ?x164 (* 4 s s s)) (* 108 x x)) ?x169) (* 12 s s s00))))
 (let ((?x180 (+ (- (+ ?x172 (* 108 s00 x)) ?x175) ?x177 (* 108 s x00) (* 432 r00 r00 r00 x))))
 (let ((?x188 (- (+ (- ?x180 (* 66 s s00)) (* 108 r00 s s00)) ?x186)))
 (let ((?x193 (+ (- ?x188 (* 216 r00 s00 x)) (* 36 r00 r00 s s) ?x192)))
 (let ((?x200 (- (+ (- ?x193 (* 108 s x)) ?x123 ?x197) (* 108 r00 x))))
 (let ((?x207 (- (+ (- (- (+ ?x200 ?x137) ?x139) ?x143) (* 54 r00 s)) (* 216 x x00))))
 (let ((?x105 (+ (- (* (- 24) r s) (* 54 r00 x00)) (* 36 r r00 x) ?x102 (* 3 s s) (* 54 r x))))
 (let ((?x112 (- (+ (- ?x105 (* 6 s00 x)) (* 4 r00 s s)) ?x110)))
 (let ((?x117 (- (+ (- ?x112 (* 6 s x00)) (* 12 s s00)) (* 2 r00 s s00))))
 (let ((?x127 (- (+ ?x117 ?x118 (* 2 r s s) (* 6 s x)) (* 4 r s00 s00))))
 (let ((?x134 (- (+ (- (- (- ?x127 ?x123) ?x124) ?x126) (* 2 r s s00)) (* 36 r r00 x00))))
 (let ((?x142 (- (+ (- (+ ?x134 (* 54 r00 x)) ?x137) ?x139) (* 54 r x00))))
 (let ((?x149 (+ (- (+ ?x142 ?x143 (* 24 r s00)) (* 24 r00 s)) (* 36 r00 r00 x))))
 (let ((?x74 (+ (- (* (- 9) r s) (* 18 r00 x00)) ?x70 (* 2 s s) (* 18 r x) (* 6 r r00 s))))
 (let ((?x80 (+ (- (- ?x74 (* 6 r00 r00 s)) ?x76) (* 18 r00 x))))
 (let ((?x88 (+ (- (+ (- ?x80 ?x44) ?x82) (* 18 r x00)) ?x47 (* 9 r s00) (* 2 s s00))))
 (let (($x93 (= (- (- ?x88 (* 9 r00 s)) (* 6 r r00 s00)) 0)))
 (let ((?x56 (* 6 x)))
 (let ((?x43 (* 3 r)))
 (let ((?x46 (- (- (+ (* (- 2) r s) (* 12 r r00 r00)) ?x43) ?x44)))
 (let ((?x60 (+ (- (+ (- (+ ?x46 ?x47 ?x48) (* 4 r s00)) ?x54) ?x56) ?x59)))
 (let (($x36 (= (- (+ (- s00 s) (* 3 r r)) (* 3 r00 r00)) 0)))
 (let (($x354 (and $x36 (= (- ?x60 ?x61) 0) $x93 (= ?x149 0) (= (+ ?x207 ?x208) 0) $x353)))
 (rewrite (= $x354 $x2359)))))))))))))))))))))))))))))))))))))))))))))))))))))))))))))))))))))))))))))))))))))))))))))))))))))))))))))))))))))))))))))))))))))))))))))))))))))))))))))))))))))))))))))))))))))))))))))))))))))))
 ))
 (let ((@x356 (asserted $x355)))
 (let ((@x1431 (mp (mp @x356 (quant-intro (proof-bind ?x3607) (= $x355 $x537)) $x537) (rewrite (= $x537 $x537)) $x537)))
 (let ((@x3634 (mp (mp @x1431 (quant-intro (proof-bind ?x990) (= $x537 $x3526)) $x3526) (quant-intro (proof-bind ?x1015) (= $x3526 $x1013)) $x1013)))
 (let ((@x2522 (mp (mp~ @x3634 (sk (~ $x1013 $x522)) $x522) (rewrite (= $x522 $x1750)) $x1750)))
 (let ((@x3229 (and-elim @x2522 $x1160)))
 (let ((@x2097 (unit-resolution ((_ th-lemma arith triangle-eq) (or (not $x1160) $x1795)) @x3229 $x1795)))
 (let (($x3044 (>= ?x2090 0)))
 (let ((@x2117 (unit-resolution ((_ th-lemma arith triangle-eq) (or (not $x1160) $x3044)) @x3229 $x3044)))
 (let (($x3295 (<= ?x2413 0)))
 (let (($x3390 (<= ?x3586 0)))
 (let ((@x2520 (and-elim @x2522 $x821)))
 (let ((@x1521 (unit-resolution ((_ th-lemma arith triangle-eq) (or $x2012 $x3390)) @x2520 $x3390)))
 (let (($x3575 (>= ?x3586 0)))
 (let ((@x3767 (unit-resolution ((_ th-lemma arith triangle-eq) (or $x2012 $x3575)) @x2520 $x3575)))
 (let (($x2126 (<= ?x1165 0)))
 (let ((@x3231 (and-elim @x2522 $x1166)))
 (let ((@x2771 (unit-resolution ((_ th-lemma arith triangle-eq) (or (not $x1166) $x2126)) @x3231 $x2126)))
 (let (($x2124 (>= ?x1165 0)))
 (let ((@x1765 (unit-resolution ((_ th-lemma arith triangle-eq) (or (not $x1166) $x2124)) @x3231 $x2124)))
 (let (($x2121 (<= ?x1780 0)))
 (let ((@x2625 (and-elim @x2522 $x1738)))
 (let ((@x2887 (unit-resolution ((_ th-lemma arith triangle-eq) (or (not $x1738) $x2121)) @x2625 $x2121)))
 (let (($x2079 (>= ?x1780 0)))
 (let ((@x2714 (unit-resolution ((_ th-lemma arith triangle-eq) (or (not $x1738) $x2079)) @x2625 $x2079)))
 (let ((@x1826 ((_ th-lemma arith) (hypothesis (not $x3295)) @x3767 @x1521 @x2714 @x2887 @x1765 @x2771 @x2714 @x2887 @x1765 @x2771 @x3767 @x1521 @x2117 @x2097 false)))
 (let ((@x4051 (lemma @x1826 $x3295)))
 (let (($x3412 (>= ?x2413 0)))
 (let ((@x814 ((_ th-lemma arith) (hypothesis (not $x3412)) @x3767 @x1521 @x2714 @x2887 @x1765 @x2771 @x2714 @x2887 @x1765 @x2771 @x3767 @x1521 @x2117 @x2097 false)))
 (let ((@x3437 (lemma @x814 $x3412)))
 (let (($x2145 (<= ?x3368 0)))
 (let ((@x2602 (and-elim @x2522 $x3185)))
 (let ((@x2159 (unit-resolution ((_ th-lemma arith triangle-eq) (or (not $x3185) $x2145)) @x2602 $x2145)))
 (let (($x2824 (>= ?x3368 0)))
 (let ((@x2745 (unit-resolution ((_ th-lemma arith triangle-eq) (or (not $x3185) $x2824)) @x2602 $x2824)))
 (let (($x1222 (<= ?x1086 0)))
 (let ((@x1706 ((_ th-lemma arith) (hypothesis (not $x1222)) @x3767 @x1521 @x2714 @x2887 @x1765 @x2771 @x3437 @x4051 @x3767 @x1521 false)))
 (let ((@x2123 (lemma @x1706 $x1222)))
 (let (($x3401 (>= ?x1086 0)))
 (let ((@x1547 ((_ th-lemma arith) (hypothesis (not $x3401)) @x3767 @x1521 @x2714 @x2887 @x1765 @x2771 @x3437 @x4051 @x3767 @x1521 false)))
 (let ((@x2841 (lemma @x1547 $x3401)))
 (let (($x1734 (not (<= ?x3878 0))))
 (let ((@x2412 (unit-resolution ((_ th-lemma arith triangle-eq) (or $x1685 (not $x1222) (not $x3401))) @x2123 @x2841 $x1685)))
 (let (($x1848 (>= ?x984 0)))
 (let ((@x3474 ((_ th-lemma arith eq-propagate 0 0 0) (lemma ((_ th-lemma arith farkas 1 1 1) (hypothesis (not $x1848)) @x3437 @x4051 false) $x1848) @x3437 @x4051 $x3248)))
 (let ((@x3473 (unit-resolution ((_ th-lemma arith triangle-eq) (or $x1168 (not $x3295) (not $x3412))) @x4051 @x3437 $x1168)))
 (let ((@x2580 (unit-resolution (hypothesis $x2015) ((_ th-lemma arith eq-propagate -4 -4 -1 -1) @x3767 @x1521 @x2117 @x2097 $x1139) false)))
 (let ((@x2434 (unit-resolution (and-elim @x2522 $x947) @x2520 (or $x2015 $x1161 $x2588 $x1662 $x3309))))
 (let ((@x1733 (unit-resolution (unit-resolution @x2434 (lemma @x2580 $x1139) @x3473 @x3474 (or $x1161 $x1662)) @x2412 $x1662)))
 (let (($x3203 (>= ?x3878 0)))
 (let ((@x1767 ((_ th-lemma arith) (hypothesis (not $x3203)) @x3767 @x1521 @x2841 @x2123 @x2745 @x2159 @x2714 @x2887 @x1765 @x2771 @x2714 @x2887 @x2714 @x2887 @x1765 @x2771 @x1765 @x2771 @x2117 @x2097 @x3767 @x1521 @x3437 @x4051 @x2117 @x2097 false)))
 (let ((@x3283 (unit-resolution ((_ th-lemma arith triangle-eq) (or $x3882 $x1734 (not $x3203))) (lemma @x1767 $x3203) @x1733 $x1734)))
 ((_ th-lemma arith) @x3283 @x3767 @x1521 @x2841 @x2123 @x2745 @x2159 @x2714 @x2887 @x1765 @x2771 @x2714 @x2887 @x2714 @x2887 @x1765 @x2771 @x1765 @x2771 @x2117 @x2097 @x3767 @x1521 @x3437 @x4051 @x2117 @x2097 false)))))))))))))))))))))))))))))))))))))))))))))))))))))))))))))))))))))))))))))))))))))))))))))))))))))))))))))))))))))))))))))))))))))))))))))))))))))))))))))))))))))))))))))))))))))))))))))))))))))))))))))))))))))))))))))))))))))))))))))))))))))))))))))))))))))))))))))))))))

(:added-eqs                 11
 :arith-assert-diseq        11
 :arith-assert-lower        74
 :arith-assert-upper        28
 :arith-conflicts           7
 :arith-eq-adapter          10
 :arith-fixed-eqs           2
 :arith-gcd-tests           19
 :arith-grobner             6
 :arith-max-min             1623
 :arith-nonlinear-bounds    59
 :arith-nonlinear-horner    61
 :arith-num-rows            12
 :arith-patches             13
 :arith-patches_succ        13
 :arith-pivots              9
 :arith-pseudo-nonlinear    2
 :arith-row-summations      27
 :arith-tableau-max-columns 142
 :arith-tableau-max-rows    12
 :conflicts                 8
 :decisions                 19
 :del-clause                27
 :final-checks              13
 :max-memory                4.49
 :memory                    3.57
 :mk-bool-var               36
 :mk-clause                 36
 :num-allocs                4847891
 :num-checks                1
 :propagations              52
 :rlimit-count              106237
 :time                      0.06
 :total-time                0.07)
