unsat
((set-logic NIA)
(declare-fun s!1 () Int)
(declare-fun x!0 () Int)
(declare-fun r!2 () Int)
(proof
(let ((?x987 (* (- 3) s!1)))
 (let ((?x965 (* 6 x!0)))
 (let ((?x2130 (* r00 r00 r!2)))
 (let ((?x1643 (* (- 12) ?x2130)))
 (let ((?x1294 (* s00 r!2)))
 (let ((?x501 (* 4 ?x1294)))
 (let ((?x986 (* 3 r!2)))
 (let ((?x980 (* r!2 s!1)))
 (let ((?x988 (* 2 ?x980)))
 (let ((?x554 (* r00 r00 r00)))
 (let ((?x555 (* 12 ?x554)))
 (let ((?x511 (* s00 r00)))
 (let ((?x589 (* (- 6) ?x511)))
 (let ((?x586 (* (- 6) x00)))
 (let ((?x585 (* (- 3) r00)))
 (let ((?x44 (* 3 s00)))
 (let ((?x2612 (+ ?x44 ?x585 ?x586 ?x589 ?x555 ?x988 ?x986 ?x501 ?x1643 ?x965 ?x987)))
 (let (($x1563 (<= ?x2612 0)))
 (let (($x995 (= ?x2612 0)))
 (let ((?x2855 (* (- 12) s!1)))
 (let ((?x2861 (* 18 x!0)))
 (let ((?x2848 (* r!2 x!0)))
 (let ((?x1623 (* 18 ?x2848)))
 (let ((?x2769 (* r!2 r!2)))
 (let ((?x2745 (* 18 ?x2769)))
 (let ((?x2738 (* 9 r!2)))
 (let ((?x2863 (* (- 3) ?x980)))
 (let ((?x732 (* s00 r00 r00)))
 (let ((?x733 (* 6 ?x732)))
 (let ((?x676 (* s00 s00)))
 (let ((?x689 (* (- 4) ?x676)))
 (let ((?x607 (* r00 x00)))
 (let ((?x621 (* (- 18) ?x607)))
 (let ((?x2173 (* 3 ?x511)))
 (let ((?x471 (* s!1 s!1)))
 (let ((?x2847 (* 2 ?x471)))
 (let ((?x384 (* r00 r00)))
 (let ((?x1895 (* (- 18) ?x384)))
 (let ((?x2014 (* (- 18) x00)))
 (let ((?x2929 (* (- 9) r00)))
 (let ((?x2071 (* 12 s00)))
 (let ((?x1190 (+ ?x2071 ?x2929 ?x2014 (* 2 (* s00 s!1)) ?x1895 ?x2847 ?x2173 ?x621 ?x689 ?x733 (* 6 (* r00 r!2 s!1)) ?x2863 (* 36 (* r00 r!2 r!2)) ?x2738 (* 21 ?x1294) (* (- 6) (* r00 r00 s!1)) (* (- 21) (* r00 s!1)) (* (- 36) ?x2130) (* 18 (* r00 x!0)) (* (- 18) (* x00 r!2)) ?x2745 ?x1623 (* (- 6) (* s00 r00 r!2)) ?x2861 ?x2855)))
 (let ((?x3648 (* x!0 x!0)))
 (let ((?x2480 (* 6 ?x3648)))
 (let ((?x3557 (* r!2 s!1 s!1)))
 (let ((?x3458 (* 12 ?x3557)))
 (let ((?x668 (* 12 (* r!2 x!0 x!0))))
 (let ((?x3661 (* 6 (* r!2 r!2 s!1 s!1))))
 (let ((?x1781 (* (- 10) ?x2769)))
 (let ((?x3855 (* (- 20) r!2)))
 (let ((?x1045 (* 6 (* r!2 r!2 x!0 x!0))))
 (let ((?x3758 (* 6 ?x471)))
 (let ((?x2574 (+ (- 10) ?x3758 ?x1045 (* (- 24) (* r!2 x!0 s!1)) ?x3855 (* (- 12) (* r!2 r!2 x!0 s!1)) ?x1781 ?x3661 ?x668 ?x3458 ?x2480 (* (- 12) (* x!0 s!1)))))
 (let (($x1175 (= (* ?x2574 ?x1190) 0)))
 (let (($x3819 (not $x1175)))
 (let ((?x3848 (* r!2 r!2 r!2)))
 (let ((?x2126 (* 864 ?x3848)))
 (let ((?x3892 (* (- 108) ?x3648)))
 (let ((?x3666 (* (- 297) s!1)))
 (let ((?x3571 (* 324 x!0)))
 (let ((?x3137 (* 72 ?x3557)))
 (let ((?x3264 (* s!1 s!1 s!1)))
 (let ((?x2194 (* 4 ?x3264)))
 (let ((?x3572 (* 648 ?x2848)))
 (let ((?x2301 (* 756 ?x2769)))
 (let ((?x1455 (* x00 x00)))
 (let ((?x1485 (* (- 108) ?x1455)))
 (let ((?x1293 (* s00 s00 s00)))
 (let ((?x1484 (* (- 16) ?x1293)))
 (let ((?x1181 (* s00 r00 r00 r00)))
 (let ((?x1480 (* (- 216) ?x1181)))
 (let ((?x2010 (* 162 r!2)))
 (let ((?x1007 (* r00 r00 r00 x00)))
 (let ((?x1008 (* 432 ?x1007)))
 (let ((?x1521 (* (- 396) ?x980)))
 (let ((?x947 (* r!2 r!2 s!1)))
 (let ((?x2128 (* 432 ?x947)))
 (let ((?x900 (* s00 x00)))
 (let ((?x1238 (* 108 ?x900)))
 (let ((?x864 (* s00 s00 r00 r00)))
 (let ((?x865 (* 36 ?x864)))
 (let ((?x777 (* s00 s00 r00)))
 (let ((?x1135 (* 108 ?x777)))
 (let ((?x1095 (* 36 ?x732)))
 (let ((?x1474 (* (- 51) ?x676)))
 (let ((?x1471 (* (- 108) ?x607)))
 (let ((?x603 (* s00 r00 x00)))
 (let ((?x1470 (* (- 216) ?x603)))
 (let ((?x4012 (* 648 ?x554)))
 (let ((?x1806 (* (- 270) ?x511)))
 (let ((?x1081 (* (- 195) ?x471)))
 (let ((?x1770 (* (- 432) ?x384)))
 (let ((?x4006 (* (- 324) x00)))
 (let ((?x1764 (* (- 162) r00)))
 (let ((?x4005 (* 297 s00)))
 (let ((?x1886 (+ ?x4005 ?x1764 ?x4006 (* 246 (* s00 s!1)) ?x1770 ?x1081 ?x1806 ?x4012 ?x1470 ?x1471 ?x1474 ?x1095 ?x1135 (* 144 (* s00 r!2 s!1)) (* (- 324) (* x00 s!1)) (* 648 (* r00 r00 r00 s!1)) (* 432 (* s00 r!2 r!2)) ?x865 ?x1238 ?x2128 ?x1521 ?x1008 ?x2010 ?x1480 ?x1484 (* 828 ?x1294) (* (- 252) (* r00 r00 s!1)) ?x1485 (* (- 162) (* r00 s!1)) (* (- 1296) (* r00 r00 r!2 r!2)) (* (- 1512) ?x2130) (* 108 (* r00 x!0)) (* (- 648) (* x00 r!2)) (* (- 324) (* s00 r00 s!1)) (* (- 432) (* r00 r00 r!2 s!1)) ?x2301 ?x3572 (* (- 648) (* s00 r00 r!2)) ?x2194 ?x3137 ?x3571 ?x3666 ?x3892 (* (- 36) (* r00 r00 s!1 s!1)) (* 12 (* s00 s!1 s!1)) (* (- 432) (* r00 r00 r00 x!0)) (* 216 (* s00 r00 x!0)) (* 216 (* x00 x!0)) (* (- 324) (* r00 r!2)) (* 1296 (* r00 r00 r00 r!2)) ?x2126 (* 324 (* x!0 s!1)) (* (- 108) (* s00 x!0)))))
 (let (($x1405 (= ?x1886 0)))
 (let (($x836 (not $x1405)))
 (let ((?x2235 (* 72 ?x3848)))
 (let ((?x2590 (* (- 57) s!1)))
 (let ((?x1330 (* 72 x!0)))
 (let ((?x3560 (* 2 ?x3557)))
 (let ((?x3381 (* 90 ?x2848)))
 (let ((?x3903 (* 108 ?x2769)))
 (let ((?x2449 (* 36 r!2)))
 (let ((?x2591 (* (- 42) ?x980)))
 (let ((?x972 (* r00 r00 x00)))
 (let ((?x985 (* (- 36) ?x972)))
 (let ((?x2701 (* 24 ?x947)))
 (let ((?x901 (* 6 ?x900)))
 (let ((?x795 (* (- 2) ?x777)))
 (let ((?x1222 (* (- 19) ?x676)))
 (let ((?x2922 (* (- 90) ?x607)))
 (let ((?x2921 (* 18 ?x511)))
 (let ((?x3373 (* (- 1) ?x471)))
 (let ((?x2901 (* (- 108) ?x384)))
 (let ((?x1725 (* (- 72) x00)))
 (let ((?x3586 (* (- 36) r00)))
 (let ((?x1722 (* 57 s00)))
 (let ((?x1446 (+ ?x1722 ?x3586 ?x1725 (* 20 (* s00 s!1)) ?x2901 ?x3373 ?x2921 ?x2922 ?x1222 ?x1095 ?x795 (* 2 (* s00 r!2 s!1)) (* 12 (* r00 r!2 s!1)) (* (- 6) (* x00 s!1)) (* 12 (* s00 r!2 r!2)) ?x901 ?x2701 ?x985 ?x2591 (* 144 (* r00 r!2 r!2)) ?x2449 (* 114 ?x1294) (* (- 72) (* r00 r00 s!1)) (* (- 90) (* r00 s!1)) (* 4 (* r00 s!1 s!1)) (* (- 216) ?x2130) (* 90 (* r00 x!0)) (* (- 4) (* s00 s00 r!2)) (* (- 90) (* x00 r!2)) (* (- 2) (* s00 r00 s!1)) ?x3903 (* (- 36) (* r00 x00 r!2)) (* 36 (* r00 r00 x!0)) ?x3381 (* (- 12) (* s00 r00 r!2)) (* 36 (* r00 r!2 x!0)) ?x3560 ?x1330 ?x2590 ?x2235 (* 6 (* x!0 s!1)) (* (- 6) (* s00 x!0)))))
 (let (($x2244 (= ?x1446 0)))
 (let (($x2917 (not $x2244)))
 (let (($x2907 (= ?x1190 0)))
 (let (($x2914 (not $x2907)))
 (let ((?x2400 (* (- 7) s!1)))
 (let ((?x2572 (* 12 ?x2769)))
 (let ((?x681 (* (- 12) ?x384)))
 (let ((?x2932 (* 7 s00)))
 (let ((?x1128 (+ ?x2932 ?x585 ?x586 ?x681 ?x589 ?x555 ?x988 ?x986 ?x501 ?x1643 ?x2572 ?x965 ?x2400)))
 (let (($x1661 (= ?x1128 0)))
 (let (($x2692 (not $x1661)))
 (let ((?x2266 (* (- 3) ?x384)))
 (let ((?x3257 (+ s00 ?x2266 (* 3 ?x2769) (* (- 1) s!1))))
 (let (($x597 (= ?x3257 0)))
 (let (($x3139 (not $x597)))
 (let (($x2644 (or $x3139 $x2692 $x2914 $x2917 $x836 $x3819)))
 (let ((?x2548 (* (- 9) s!1)))
 (let ((?x3829 (* 108 ?x1455)))
 (let ((?x1443 (* r00 r00 s!1)))
 (let ((?x1782 (* 36 ?x1443)))
 (let ((?x1683 (* 16 ?x1293)))
 (let ((?x3024 (* (- 432) ?x1007)))
 (let ((?x3553 (* (- 108) ?x900)))
 (let ((?x1383 (* (- 36) ?x732)))
 (let ((?x1899 (* 51 ?x676)))
 (let ((?x1883 (* 108 ?x607)))
 (let ((?x137 (* 9 s00)))
 (let ((?x1872 (+ ?x137 (* (- 66) (* s00 s!1)) (* 15 ?x471) (* (- 54) ?x511) (* 216 ?x603) ?x1883 ?x1899 ?x1383 (* (- 108) ?x777) (* 108 (* x00 s!1)) (* (- 216) (* r00 r00 r00 s!1)) (* (- 36) ?x864) ?x3553 ?x3024 (* 216 ?x1181) ?x1683 ?x1782 ?x3829 (* 54 (* r00 s!1)) (* (- 108) (* r00 x!0)) (* 108 (* s00 r00 s!1)) (* (- 4) ?x3264) ?x2548 (* 108 ?x3648) (* 36 (* r00 r00 s!1 s!1)) (* (- 12) (* s00 s!1 s!1)) (* 432 (* r00 r00 r00 x!0)) (* (- 216) (* s00 r00 x!0)) (* (- 216) (* x00 x!0)) (* (- 108) (* x!0 s!1)) (* 108 (* s00 x!0)))))
 (let (($x1896 (= ?x1872 0)))
 (let ((?x973 (* 36 ?x972)))
 (let ((?x3174 (* (- 6) ?x900)))
 (let ((?x778 (* 2 ?x777)))
 (let ((?x1255 (* 15 ?x676)))
 (let ((?x1859 (* 54 ?x607)))
 (let ((?x1609 (+ ?x137 (* (- 12) (* s00 s!1)) (* (- 3) ?x471) (* (- 24) ?x511) ?x1859 ?x1255 ?x1383 ?x778 (* (- 2) (* s00 r!2 s!1)) (* 6 (* x00 s!1)) ?x3174 ?x973 (* 24 ?x980) (* (- 24) ?x1294) ?x1782 (* 24 (* r00 s!1)) (* (- 4) (* r00 s!1 s!1)) (* (- 54) (* r00 x!0)) (* 4 (* s00 s00 r!2)) (* 54 (* x00 r!2)) (* 2 (* s00 r00 s!1)) (* 36 (* r00 x00 r!2)) (* (- 36) (* r00 r00 x!0)) (* (- 54) ?x2848) (* (- 36) (* r00 r!2 x!0)) (* (- 2) ?x3557) ?x2548 (* (- 6) (* x!0 s!1)) (* 6 (* s00 x!0)))))
 (let (($x1613 (= ?x1609 0)))
 (let ((?x2212 (* (- 6) ?x732)))
 (let ((?x677 (* 4 ?x676)))
 (let ((?x608 (* 18 ?x607)))
 (let ((?x2064 (+ ?x44 (* (- 2) (* s00 s!1)) (* (- 2) ?x471) (* (- 9) ?x511) ?x608 ?x677 ?x2212 (* (- 6) (* r00 r!2 s!1)) (* 9 ?x980) (* (- 9) ?x1294) (* 6 ?x1443) (* 9 (* r00 s!1)) (* (- 18) (* r00 x!0)) (* 18 (* x00 r!2)) (* (- 18) ?x2848) (* 6 (* s00 r00 r!2)) ?x987)))
 (let (($x2065 (= ?x2064 0)))
 (let (($x1735 (and $x597 $x995 $x2065 $x1613 $x1896 $x2644)))
 (let ((?x2465 (* r!2 s00 r00)))
 (let ((?x3427 (* (- 6) ?x2465)))
 (let ((?x1689 (* s!1 s00)))
 (let ((?x1629 (* 2 ?x1689)))
 (let ((?x1679 (* r!2 x00)))
 (let ((?x1680 (* (- 18) ?x1679)))
 (let ((?x1628 (* x!0 r00)))
 (let ((?x2850 (* 18 ?x1628)))
 (let ((?x1589 (* s!1 r00 r00)))
 (let ((?x1594 (* (- 6) ?x1589)))
 (let ((?x1627 (* r!2 s!1 r00)))
 (let ((?x2849 (* 6 ?x1627)))
 (let ((?x2712 (+ ?x2738 ?x2855 ?x2861 ?x2071 ?x2929 ?x2014 ?x2745 ?x1895 ?x2863 (* (- 36) (* r!2 r00 r00)) (* 21 (* r!2 s00)) ?x2173 ?x621 ?x2847 ?x1623 ?x2849 ?x1594 ?x689 ?x2850 (* 36 (* r!2 r!2 r00)) ?x733 ?x1680 ?x1629 (* (- 21) (* s!1 r00)) ?x3427)))
 (let ((?x1524 (+ (- 10) ?x3855 ?x1781 (* (- 12) (* r!2 r!2 s!1 x!0)) ?x3758 ?x3458 (* (- 12) (* s!1 x!0)) ?x2480 ?x3661 (* (- 24) (* r!2 s!1 x!0)) ?x668 ?x1045)))
 (let ((?x656 (* 216 (* x!0 x00))))
 (let ((?x2355 (* (- 36) (* s!1 s!1 r00 r00))))
 (let ((?x2352 (* 216 (* x!0 s00 r00))))
 (let ((?x446 (* (- 432) (* x!0 r00 r00 r00))))
 (let ((?x853 (* 12 (* s!1 s!1 s00))))
 (let ((?x1624 (* x!0 s00)))
 (let ((?x2585 (* (- 108) ?x1624)))
 (let ((?x2559 (* 108 ?x1628)))
 (let ((?x3857 (+ ?x2010 ?x3666 ?x3571 ?x4005 ?x1764 ?x4006 ?x2301 ?x1770 ?x1521 (* (- 1512) (* r!2 r00 r00)) (* 828 (* r!2 s00)) ?x1806 ?x4012 ?x1470 ?x1471 ?x1081 ?x3572 (* (- 252) ?x1589) ?x1474 ?x2559 ?x2585 ?x1095 (* (- 648) ?x1679) (* 648 (* s!1 r00 r00 r00)) (* 246 ?x1689) ?x1135 (* (- 162) (* s!1 r00)) (* (- 1296) (* r!2 r!2 r00 r00)) (* (- 648) ?x2465) (* (- 324) (* s!1 x00)) ?x865 (* (- 324) (* s!1 s00 r00)) ?x1238 ?x3137 (* 324 (* s!1 x!0)) ?x2194 ?x3892 ?x1008 (* 144 (* r!2 s!1 s00)) ?x853 ?x1480 ?x446 ?x2352 ?x2355 ?x1484 ?x656 ?x1485 (* (- 324) (* r!2 r00)) (* 1296 (* r!2 r00 r00 r00)) (* (- 432) (* r!2 s!1 r00 r00)) ?x2126 ?x2128 (* 432 (* r!2 r!2 s00)))))
 (let ((?x2138 (* 36 (* x!0 r00 r00))))
 (let ((?x2857 (* (- 36) (* r!2 r00 x00))))
 (let ((?x2285 (* r!2 s!1 s00)))
 (let ((?x2286 (* 2 ?x2285)))
 (let ((?x1989 (* (- 4) (* r!2 s00 s00))))
 (let ((?x3561 (* s!1 x!0)))
 (let ((?x3562 (* 6 ?x3561)))
 (let ((?x3830 (* s!1 s00 r00)))
 (let ((?x3551 (* (- 2) ?x3830)))
 (let ((?x578 (* s!1 x00)))
 (let ((?x600 (* (- 6) ?x578)))
 (let ((?x1500 (* 4 (* s!1 s!1 r00))))
 (let ((?x1631 (* (- 6) ?x1624)))
 (let ((?x1325 (* 36 (* r!2 x!0 r00))))
 (let ((?x2707 (+ ?x2449 ?x2590 ?x1330 ?x1722 ?x3586 ?x1725 ?x3903 ?x2901 ?x2591 (* (- 216) (* r!2 r00 r00)) (* 114 (* r!2 s00)) ?x2921 ?x2922 ?x3373 ?x3381 (* 12 ?x1627) (* (- 72) ?x1589) ?x1325 ?x1222 (* 90 ?x1628) ?x1631 (* 144 (* r!2 r!2 r00)) ?x1095 (* (- 90) ?x1679) ?x1500 (* 20 ?x1689) ?x795 (* (- 90) (* s!1 r00)) (* (- 12) ?x2465) ?x600 ?x3551 ?x901 ?x3560 ?x3562 ?x1989 ?x985 ?x2286 ?x2857 ?x2138 ?x2235 ?x2701 (* 12 (* r!2 r!2 s00)))))
 (let ((?x2280 (* r!2 s00)))
 (let ((?x2281 (* 4 ?x2280)))
 (let ((?x989 (* r!2 r00 r00)))
 (let ((?x2276 (* (- 12) ?x989)))
 (let ((?x3028 (+ ?x986 ?x2400 ?x965 ?x2932 ?x585 ?x586 ?x2572 ?x681 ?x988 ?x2276 ?x2281 ?x589 ?x555)))
 (let (($x2770 (= (+ s!1 (* (- 1) s00) (* (- 3) ?x2769) (* 3 ?x384)) 0)))
 (let (($x1538 (or (not $x2770) (not (= ?x3028 0)) (not (= ?x2712 0)) (not (= ?x2707 0)) (not (= ?x3857 0)) (not (= (* ?x1524 ?x2712) 0)))))
 (let ((?x1312 (* (- 36) ?x1589)))
 (let ((?x613 (* 54 ?x511)))
 (let ((?x1082 (* (- 9) s00)))
 (let ((?x1218 (* 9 s!1)))
 (let ((?x675 (+ ?x1218 ?x1082 ?x613 ?x1470 ?x1471 (* (- 15) ?x471) ?x1312 ?x1474 ?x2559 ?x2585 ?x1095 (* 216 (* s!1 r00 r00 r00)) (* 66 ?x1689) ?x1135 (* (- 54) (* s!1 r00)) (* (- 108) ?x578) ?x865 (* (- 108) ?x3830) ?x1238 (* 108 ?x3561) ?x2194 ?x3892 ?x1008 ?x853 ?x1480 ?x446 ?x2352 ?x2355 ?x1484 ?x656 ?x1485)))
 (let ((?x1011 (* (- 15) ?x676)))
 (let ((?x644 (* (- 54) ?x607)))
 (let ((?x659 (* 24 ?x511)))
 (let ((?x2884 (+ ?x1218 ?x1082 (* (- 24) ?x980) (* 24 ?x2280) ?x659 ?x644 (* 3 ?x471) (* 54 ?x2848) ?x1312 ?x1325 ?x1011 (* 54 ?x1628) ?x1631 ?x1095 (* (- 54) ?x1679) ?x1500 (* 12 ?x1689) ?x795 (* (- 24) (* s!1 r00)) ?x600 ?x3551 ?x901 ?x3560 ?x3562 ?x1989 ?x985 ?x2286 ?x2857 ?x2138)))
 (let ((?x626 (* 9 ?x511)))
 (let ((?x463 (* (- 3) s00)))
 (let ((?x2296 (+ (* 3 s!1) ?x463 (* (- 9) ?x980) (* 9 ?x2280) ?x626 ?x621 ?x2847 ?x1623 ?x2849 ?x1594 ?x689 ?x2850 ?x733 ?x1680 ?x1629 (* (- 9) (* s!1 r00)) ?x3427)))
 (let (($x1043 (= (+ ?x986 ?x987 ?x965 ?x44 ?x585 ?x586 ?x988 ?x2276 ?x2281 ?x589 ?x555) 0)))
 (let (($x1636 (and $x2770 $x1043 (= ?x2296 0) (= ?x2884 0) (= ?x675 0) $x1538)))
 (let (($x1937 (exists ((r Int) (s Int) (x Int) )(! (let ((?x811 (* r s00 r00)))
 (let ((?x824 (* (- 6) ?x811)))
 (let ((?x773 (* s s00)))
 (let ((?x774 (* 2 ?x773)))
 (let ((?x744 (* r x00)))
 (let ((?x757 (* (- 18) ?x744)))
 (let ((?x732 (* s00 r00 r00)))
 (let ((?x733 (* 6 ?x732)))
 (let ((?x702 (* x r00)))
 (let ((?x703 (* 18 ?x702)))
 (let ((?x676 (* s00 s00)))
 (let ((?x689 (* (- 4) ?x676)))
 (let ((?x650 (* s r00 r00)))
 (let ((?x663 (* (- 6) ?x650)))
 (let ((?x638 (* r s r00)))
 (let ((?x639 (* 6 ?x638)))
 (let ((?x634 (* r x)))
 (let ((?x635 (* 18 ?x634)))
 (let ((?x630 (* s s)))
 (let ((?x631 (* 2 ?x630)))
 (let ((?x607 (* r00 x00)))
 (let ((?x621 (* (- 18) ?x607)))
 (let ((?x511 (* s00 r00)))
 (let ((?x2173 (* 3 ?x511)))
 (let ((?x434 (* r r00 r00)))
 (let ((?x1904 (* (- 36) ?x434)))
 (let ((?x384 (* r00 r00)))
 (let ((?x1895 (* (- 18) ?x384)))
 (let ((?x2014 (* (- 18) x00)))
 (let ((?x2929 (* (- 9) r00)))
 (let ((?x2071 (* 12 s00)))
 (let ((?x1810 (* 18 x)))
 (let ((?x2299 (+ (* 9 r) (* (- 12) s) ?x1810 ?x2071 ?x2929 ?x2014 (* 18 (* r r)) ?x1895 (* (- 3) (* r s)) ?x1904 (* 21 (* r s00)) ?x2173 ?x621 ?x631 ?x635 ?x639 ?x663 ?x689 ?x703 (* 36 (* r r r00)) ?x733 ?x757 ?x774 (* (- 21) (* s r00)) ?x824)))
 (let ((?x3272 (* 6 (* r r x x))))
 (let ((?x977 (* x x)))
 (let ((?x2900 (* 6 ?x977)))
 (let ((?x372 (* r r)))
 (let ((?x2340 (* (- 10) ?x372)))
 (let ((?x1359 (+ (- 10) (* (- 20) r) ?x2340 (* (- 12) (* r r s x)) (* 6 ?x630) (* 12 (* r s s)) (* (- 12) (* s x)) ?x2900 (* 6 (* r r s s)) (* (- 24) (* r s x)) (* 12 (* r x x)) ?x3272)))
 (let ((?x3392 (* r r s00)))
 (let ((?x4046 (* 432 ?x3392)))
 (let ((?x3081 (* r r s)))
 (let ((?x4042 (* 432 ?x3081)))
 (let ((?x3066 (* r r r)))
 (let ((?x4041 (* 864 ?x3066)))
 (let ((?x4035 (* 1296 (* r r00 r00 r00))))
 (let ((?x1455 (* x00 x00)))
 (let ((?x1485 (* (- 108) ?x1455)))
 (let ((?x1430 (* 216 (* x x00))))
 (let ((?x1293 (* s00 s00 s00)))
 (let ((?x1484 (* (- 16) ?x1293)))
 (let ((?x1482 (* (- 36) (* s s r00 r00))))
 (let ((?x1264 (* 216 (* x s00 r00))))
 (let ((?x1481 (* (- 432) (* x r00 r00 r00))))
 (let ((?x1181 (* s00 r00 r00 r00)))
 (let ((?x1480 (* (- 216) ?x1181)))
 (let ((?x1066 (* 12 (* s s s00))))
 (let ((?x1024 (* r s s00)))
 (let ((?x4022 (* 144 ?x1024)))
 (let ((?x1007 (* r00 r00 r00 x00)))
 (let ((?x1008 (* 432 ?x1007)))
 (let ((?x1479 (* (- 108) ?x977)))
 (let ((?x914 (* s s s)))
 (let ((?x916 (* 4 ?x914)))
 (let ((?x904 (* r s s)))
 (let ((?x4021 (* 72 ?x904)))
 (let ((?x900 (* s00 x00)))
 (let ((?x1238 (* 108 ?x900)))
 (let ((?x864 (* s00 s00 r00 r00)))
 (let ((?x865 (* 36 ?x864)))
 (let ((?x823 (* s x00)))
 (let ((?x4019 (* (- 324) ?x823)))
 (let ((?x777 (* s00 s00 r00)))
 (let ((?x1135 (* 108 ?x777)))
 (let ((?x1095 (* 36 ?x732)))
 (let ((?x706 (* x s00)))
 (let ((?x1475 (* (- 108) ?x706)))
 (let ((?x1341 (* 108 ?x702)))
 (let ((?x1474 (* (- 51) ?x676)))
 (let ((?x4015 (* 648 ?x634)))
 (let ((?x1471 (* (- 108) ?x607)))
 (let ((?x603 (* s00 r00 x00)))
 (let ((?x1470 (* (- 216) ?x603)))
 (let ((?x554 (* r00 r00 r00)))
 (let ((?x4012 (* 648 ?x554)))
 (let ((?x1806 (* (- 270) ?x511)))
 (let ((?x484 (* r s00)))
 (let ((?x4011 (* 828 ?x484)))
 (let ((?x1770 (* (- 432) ?x384)))
 (let ((?x4006 (* (- 324) x00)))
 (let ((?x1764 (* (- 162) r00)))
 (let ((?x4005 (* 297 s00)))
 (let ((?x3721 (* 324 x)))
 (let ((?x1864 (+ (* 162 r) (* (- 297) s) ?x3721 ?x4005 ?x1764 ?x4006 (* 756 ?x372) ?x1770 (* (- 396) (* r s)) (* (- 1512) ?x434) ?x4011 ?x1806 ?x4012 ?x1470 ?x1471 (* (- 195) ?x630) ?x4015 (* (- 252) ?x650) ?x1474 ?x1341 ?x1475 ?x1095 (* (- 648) ?x744) (* 648 (* s r00 r00 r00)) (* 246 ?x773) ?x1135 (* (- 162) (* s r00)) (* (- 1296) (* r r r00 r00)) (* (- 648) ?x811) ?x4019 ?x865 (* (- 324) (* s s00 r00)) ?x1238 ?x4021 (* 324 (* s x)) ?x916 ?x1479 ?x1008 ?x4022 ?x1066 ?x1480 ?x1481 ?x1264 ?x1482 ?x1484 ?x1430 ?x1485 (* (- 324) (* r r00)) ?x4035 (* (- 432) (* r s r00 r00)) ?x4041 ?x4042 ?x4046)))
 (let ((?x1168 (* 36 (* x r00 r00))))
 (let ((?x1036 (* r r00 x00)))
 (let ((?x1049 (* (- 36) ?x1036)))
 (let ((?x1025 (* 2 ?x1024)))
 (let ((?x972 (* r00 r00 x00)))
 (let ((?x985 (* (- 36) ?x972)))
 (let ((?x920 (* r s00 s00)))
 (let ((?x933 (* (- 4) ?x920)))
 (let ((?x908 (* s x)))
 (let ((?x909 (* 6 ?x908)))
 (let ((?x905 (* 2 ?x904)))
 (let ((?x901 (* 6 ?x900)))
 (let ((?x874 (* s s00 r00)))
 (let ((?x887 (* (- 2) ?x874)))
 (let ((?x850 (* (- 6) ?x823)))
 (let ((?x795 (* (- 2) ?x777)))
 (let ((?x750 (* 4 (* s s r00))))
 (let ((?x721 (* (- 6) ?x706)))
 (let ((?x1222 (* (- 19) ?x676)))
 (let ((?x654 (* 36 (* r x r00))))
 (let ((?x2922 (* (- 90) ?x607)))
 (let ((?x2921 (* 18 ?x511)))
 (let ((?x2901 (* (- 108) ?x384)))
 (let ((?x1725 (* (- 72) x00)))
 (let ((?x3586 (* (- 36) r00)))
 (let ((?x1722 (* 57 s00)))
 (let ((?x538 (+ (* 36 r) (* (- 57) s) (* 72 x) ?x1722 ?x3586 ?x1725 (* 108 ?x372) ?x2901 (* (- 42) (* r s)) (* (- 216) ?x434) (* 114 ?x484) ?x2921 ?x2922 (* (- 1) ?x630) (* 90 ?x634) (* 12 ?x638) (* (- 72) ?x650) ?x654 ?x1222 (* 90 ?x702) ?x721 (* 144 (* r r r00)) ?x1095 (* (- 90) ?x744) ?x750 (* 20 ?x773) ?x795 (* (- 90) (* s r00)) (* (- 12) ?x811) ?x850 ?x887 ?x901 ?x905 ?x909 ?x933 ?x985 ?x1025 ?x1049 ?x1168 (* 72 ?x3066) (* 24 ?x3081) (* 12 ?x3392))))
 (let ((?x555 (* 12 ?x554)))
 (let ((?x589 (* (- 6) ?x511)))
 (let ((?x485 (* 4 ?x484)))
 (let ((?x588 (* (- 12) ?x434)))
 (let ((?x428 (* r s)))
 (let ((?x587 (* 2 ?x428)))
 (let ((?x681 (* (- 12) ?x384)))
 (let ((?x586 (* (- 6) x00)))
 (let ((?x585 (* (- 3) r00)))
 (let ((?x2932 (* 7 s00)))
 (let ((?x56 (* 6 x)))
 (let ((?x43 (* 3 r)))
 (let ((?x2304 (+ ?x43 (* (- 7) s) ?x56 ?x2932 ?x585 ?x586 (* 12 ?x372) ?x681 ?x587 ?x588 ?x485 ?x589 ?x555)))
 (let (($x417 (= (+ s (* (- 1) s00) (* (- 3) ?x372) (* 3 ?x384)) 0)))
 (let (($x1927 (or (not $x417) (not (= ?x2304 0)) (not (= ?x2299 0)) (not (= ?x538 0)) (not (= ?x1864 0)) (not (= (* ?x1359 ?x2299) 0)))))
 (let ((?x1305 (* 108 ?x908)))
 (let ((?x755 (* s r00 r00 r00)))
 (let ((?x756 (* 216 ?x755)))
 (let ((?x959 (* (- 36) ?x650)))
 (let ((?x613 (* 54 ?x511)))
 (let ((?x1082 (* (- 9) s00)))
 (let ((?x143 (* 9 s)))
 (let ((?x1486 (+ ?x143 ?x1082 ?x613 ?x1470 ?x1471 (* (- 15) ?x630) ?x959 ?x1474 ?x1341 ?x1475 ?x1095 ?x756 (* 66 ?x773) ?x1135 (* (- 54) (* s r00)) (* (- 108) ?x823) ?x865 (* (- 108) ?x874) ?x1238 ?x1305 ?x916 ?x1479 ?x1008 ?x1066 ?x1480 ?x1481 ?x1264 ?x1482 ?x1484 ?x1430 ?x1485)))
 (let (($x1487 (= ?x1486 0)))
 (let ((?x1011 (* (- 15) ?x676)))
 (let ((?x662 (* 3 ?x630)))
 (let ((?x644 (* (- 54) ?x607)))
 (let ((?x659 (* 24 ?x511)))
 (let ((?x1174 (+ ?x143 ?x1082 (* (- 24) ?x428) (* 24 ?x484) ?x659 ?x644 ?x662 (* 54 ?x634) ?x959 ?x654 ?x1011 (* 54 ?x702) ?x721 ?x1095 (* (- 54) ?x744) ?x750 (* 12 ?x773) ?x795 (* (- 24) (* s r00)) ?x850 ?x887 ?x901 ?x905 ?x909 ?x933 ?x985 ?x1025 ?x1049 ?x1168)))
 (let (($x1179 (= ?x1174 0)))
 (let ((?x785 (* s r00)))
 (let ((?x798 (* (- 9) ?x785)))
 (let ((?x626 (* 9 ?x511)))
 (let ((?x770 (* 9 ?x484)))
 (let ((?x602 (* (- 9) ?x428)))
 (let ((?x463 (* (- 3) s00)))
 (let ((?x47 (* 3 s)))
 (let ((?x830 (+ ?x47 ?x463 ?x602 ?x770 ?x626 ?x621 ?x631 ?x635 ?x639 ?x663 ?x689 ?x703 ?x733 ?x757 ?x774 ?x798 ?x824)))
 (let (($x837 (= ?x830 0)))
 (let ((?x44 (* 3 s00)))
 (let ((?x584 (* (- 3) s)))
 (let (($x591 (= (+ ?x43 ?x584 ?x56 ?x44 ?x585 ?x586 ?x587 ?x588 ?x485 ?x589 ?x555) 0)))
 (and $x417 $x591 $x837 $x1179 $x1487 $x1927)))))))))))))))))))))))))))))))))))))))))))))))))))))))))))))))))))))))))))))))))))))))))))))))))))))))))))))))))))))))))))))))))))))))))))))))))))))))))))))))))))) :qid k!40))
 ))
 (let (($x2476 (exists ((r Int) (s Int) (x Int) )(! (let ((?x2451 (+ 1 r)))
 (let ((?x3522 (* r00 s00 ?x2451)))
 (let ((?x1138 (* (- 6) ?x3522)))
 (let ((?x211 (* 6 r)))
 (let ((?x2734 (+ 3 s ?x211)))
 (let ((?x499 (* r00 ?x2734)))
 (let ((?x633 (* (- 9) ?x499)))
 (let ((?x1662 (* s00 ?x2734)))
 (let ((?x1663 (* 2 ?x1662)))
 (let ((?x1507 (* s00 ?x2451)))
 (let ((?x464 (* 9 ?x1507)))
 (let ((?x3552 (* 18 r)))
 (let ((?x47 (* 3 s)))
 (let ((?x1805 (* x00 ?x2451)))
 (let ((?x1239 (* (- 18) ?x1805)))
 (let ((?x2762 (* r00 r00 s00)))
 (let ((?x2763 (* 6 ?x2762)))
 (let ((?x463 (* (- 3) s00)))
 (let ((?x363 (* (- 1) s)))
 (let ((?x2372 (+ x ?x363)))
 (let ((?x2815 (* r00 ?x2372)))
 (let ((?x2677 (* 18 ?x2815)))
 (let ((?x676 (* s00 s00)))
 (let ((?x689 (* (- 4) ?x676)))
 (let ((?x2547 (* r00 r00 ?x2734)))
 (let ((?x3834 (* (- 6) ?x2547)))
 (let ((?x1519 (* r00 ?x2451 ?x2734)))
 (let ((?x1520 (* 6 ?x1519)))
 (let ((?x1681 (* ?x2451 ?x2372)))
 (let ((?x1684 (* 18 ?x1681)))
 (let ((?x2187 (* ?x2734 ?x2734)))
 (let ((?x3520 (* 2 ?x2187)))
 (let ((?x924 (* r00 s00)))
 (let ((?x1602 (* 9 ?x924)))
 (let ((?x607 (* r00 x00)))
 (let ((?x621 (* (- 18) ?x607)))
 (let ((?x3251 (* ?x2451 ?x2734)))
 (let ((?x2650 (* (- 9) ?x3251)))
 (let ((?x3957 (+ 9 ?x2650 ?x621 ?x1602 ?x3520 ?x1684 ?x1520 ?x3834 ?x689 ?x2677 ?x463 ?x2763 ?x1239 ?x47 ?x3552 ?x464 ?x1663 ?x633 ?x1138)))
 (let ((?x934 (* (+ (* (- 10) (* ?x2451 ?x2451)) (* 6 (* ?x2451 ?x2451 ?x2372 ?x2372))) ?x3957)))
 (let (($x941 (not (= ?x934 0))))
 (let ((?x1455 (* x00 x00)))
 (let ((?x3829 (* 108 ?x1455)))
 (let ((?x2418 (* (- 54) r)))
 (let ((?x2055 (* (- 9) s)))
 (let ((?x1599 (* (- 36) ?x2762)))
 (let ((?x137 (* 9 s00)))
 (let ((?x1899 (* 51 ?x676)))
 (let ((?x451 (* 36 ?x2547)))
 (let ((?x1293 (* s00 s00 s00)))
 (let ((?x1683 (* 16 ?x1293)))
 (let ((?x900 (* s00 x00)))
 (let ((?x3553 (* (- 108) ?x900)))
 (let ((?x3058 (* 216 (* r00 r00 r00 s00))))
 (let ((?x992 (* r00 s00 s00)))
 (let ((?x2174 (* (- 108) ?x992)))
 (let ((?x1007 (* r00 r00 r00 x00)))
 (let ((?x3024 (* (- 432) ?x1007)))
 (let ((?x3893 (* (- 36) (* r00 r00 s00 s00))))
 (let ((?x2937 (* (- 54) ?x924)))
 (let ((?x1883 (* 108 ?x607)))
 (let ((?x2468 (* 216 (* r00 s00 x00))))
 (let ((?x1688 (+ ?x2468 ?x1883 ?x2937 (* 15 ?x2187) (* (- 216) (* r00 r00 r00 ?x2734)) ?x3893 (* (- 4) (* ?x2734 ?x2734 ?x2734)) (* 108 (* ?x2372 ?x2372)) ?x3024 (* (- 12) (* s00 ?x2734 ?x2734)) (* 108 (* s00 ?x2372)) ?x2174 ?x3058 (* 108 (* x00 ?x2734)) (* 432 (* r00 r00 r00 ?x2372)) (* (- 66) ?x1662) (* 108 (* r00 s00 ?x2734)) ?x3553 (* (- 216) (* r00 s00 ?x2372)) (* 36 (* r00 r00 ?x2734 ?x2734)) ?x1683 (* (- 108) (* ?x2372 ?x2734)) ?x451 ?x1899 (* (- 108) ?x2815) ?x137 ?x1599 ?x2055 ?x2418 (* 54 ?x499) (* (- 216) (* x00 ?x2372)) ?x3829)))
 (let (($x2963 (not (= ?x1688 27))))
 (let ((?x1255 (* 15 ?x676)))
 (let ((?x972 (* r00 r00 x00)))
 (let ((?x973 (* 36 ?x972)))
 (let ((?x3174 (* (- 6) ?x900)))
 (let ((?x3420 (* 2 ?x992)))
 (let ((?x407 (* (- 24) ?x924)))
 (let ((?x1859 (* 54 ?x607)))
 (let ((?x3682 (+ (* 24 ?x3251) ?x1859 (* (- 36) (* r00 ?x2451 ?x2372)) ?x407 (* (- 3) ?x2187) (* (- 54) ?x1681) (* 6 (* s00 ?x2372)) (* (- 4) (* r00 ?x2734 ?x2734)) ?x3420 (* 6 (* x00 ?x2734)) (* (- 12) ?x1662) (* 2 (* r00 s00 ?x2734)) ?x3174 (* (- 2) (* ?x2451 ?x2734 ?x2734)) (* (- 6) (* ?x2372 ?x2734)) (* 4 (* s00 s00 ?x2451)) ?x451 ?x973 ?x1255 (* (- 2) (* s00 ?x2451 ?x2734)) (* 36 (* r00 x00 ?x2451)) (* (- 54) ?x2815) ?x137 ?x1599 (* 54 ?x1805) ?x2055 ?x2418 (* (- 24) ?x1507) (* 24 ?x499) (* (- 36) (* r00 r00 ?x2372)))))
 (let ((?x584 (* (- 3) s)))
 (let ((?x1739 (* (- 6) ?x2762)))
 (let ((?x44 (* 3 s00)))
 (let ((?x677 (* 4 ?x676)))
 (let ((?x993 (* (- 9) ?x924)))
 (let ((?x608 (* 18 ?x607)))
 (let ((?x2323 (+ (* 9 ?x3251) ?x608 ?x993 (* (- 2) ?x2187) (* (- 18) ?x1681) (* (- 6) ?x1519) (* 6 ?x2547) ?x677 (* (- 18) ?x2815) ?x44 ?x1739 (* 18 ?x1805) ?x584 (* (- 18) r) (* (- 9) ?x1507) (* (- 2) ?x1662) (* 9 ?x499) (* 6 ?x3522))))
 (let ((?x554 (* r00 r00 r00)))
 (let ((?x555 (* 12 ?x554)))
 (let ((?x586 (* (- 6) x00)))
 (let ((?x56 (* 6 x)))
 (let ((?x3656 (* (- 6) ?x924)))
 (let ((?x585 (* (- 3) r00)))
 (let ((?x3037 (+ (* 2 ?x3251) (* (- 12) (* r00 r00 ?x2451)) (* (- 15) r) ?x44 ?x2055 ?x585 (* 4 ?x1507) ?x3656 ?x56 ?x586 ?x555)))
 (let ((?x384 (* r00 r00)))
 (let ((?x2266 (* (- 3) ?x384)))
 (let (($x2298 (= (+ s00 ?x363 (* (- 6) r) (* 3 (* ?x2451 ?x2451)) ?x2266) 3)))
 (let (($x1158 (not $x2298)))
 (let (($x3065 (or $x1158 (not (= ?x3037 6)) (not (= ?x2323 9)) (not (= ?x3682 27)) $x2963 $x941)))
 (let ((?x1873 (* r00 r00 s)))
 (let ((?x2475 (* 36 ?x1873)))
 (let ((?x3839 (+ ?x2468 ?x1883 ?x2937 (* 15 (* s s)) (* (- 216) (* r00 r00 r00 s)) ?x3893 (* (- 4) (* s s s)) (* 108 (* x x)) ?x3024 (* (- 12) (* s00 s s)) (* 108 (* s00 x)) ?x2174 ?x3058 (* 108 (* x00 s)) (* 432 (* r00 r00 r00 x)) (* (- 66) (* s00 s)) (* 108 (* r00 s00 s)) ?x3553 (* (- 216) (* r00 s00 x)) (* 36 (* r00 r00 s s)) ?x1683 (* (- 108) (* x s)) ?x2475 ?x1899 (* (- 108) (* r00 x)) ?x137 ?x1599 ?x2055 (* 54 (* r00 s)) (* (- 216) (* x00 x)) ?x3829)))
 (let (($x3843 (= ?x3839 0)))
 (let ((?x3135 (* r00 r00 x)))
 (let ((?x3217 (* (- 36) ?x3135)))
 (let ((?x2462 (* r00 s s)))
 (let ((?x3202 (* (- 4) ?x2462)))
 (let ((?x2825 (+ (* 24 (* s r)) ?x1859 (* (- 36) (* r00 x r)) ?x407 (* (- 3) (* s s)) (* (- 54) (* x r)) (* 6 (* s00 x)) ?x3202 ?x3420 (* 6 (* x00 s)) (* (- 12) (* s00 s)) (* 2 (* r00 s00 s)) ?x3174 (* (- 2) (* s s r)) (* (- 6) (* x s)) (* 4 (* s00 s00 r)) ?x2475 ?x973 ?x1255 (* (- 2) (* s00 s r)) (* 36 (* r00 x00 r)) (* (- 54) (* r00 x)) ?x137 ?x1599 (* 54 (* x00 r)) ?x2055 (* (- 24) (* s00 r)) (* 24 (* r00 s)) ?x3217)))
 (let ((?x1944 (* r00 x)))
 (let ((?x2229 (* (- 18) ?x1944)))
 (let ((?x630 (* s s)))
 (let ((?x2210 (* (- 2) ?x630)))
 (let ((?x3061 (+ (* 9 (* s r)) ?x608 ?x993 ?x2210 (* (- 18) (* x r)) (* (- 6) (* r00 s r)) (* 6 ?x1873) ?x677 ?x2229 ?x44 ?x1739 (* 18 (* x00 r)) ?x584 (* (- 9) (* s00 r)) (* (- 2) (* s00 s)) (* 9 (* r00 s)) (* 6 (* r00 s00 r)))))
 (let ((?x43 (* 3 r)))
 (let ((?x3569 (+ (* 2 (* s r)) (* (- 12) (* r00 r00 r)) ?x43 ?x44 ?x584 ?x585 (* 4 (* s00 r)) ?x3656 ?x56 ?x586 ?x555)))
 (let (($x3308 (= (+ s00 ?x363 (* 3 (* r r)) ?x2266) 0)))
 (and $x3308 (= ?x3569 0) (= ?x3061 0) (= ?x2825 0) $x3843 $x3065))))))))))))))))))))))))))))))))))))))))))))))))))))))))))))))))))))))))))))))))))))))))))))))))))))))))))))) :qid k!40))
 ))
 (let ((?x1939 (lambda ((r Int) (s Int) (x Int) )(let ((?x811 (* r s00 r00)))
 (let ((?x824 (* (- 6) ?x811)))
 (let ((?x773 (* s s00)))
 (let ((?x774 (* 2 ?x773)))
 (let ((?x744 (* r x00)))
 (let ((?x757 (* (- 18) ?x744)))
 (let ((?x732 (* s00 r00 r00)))
 (let ((?x733 (* 6 ?x732)))
 (let ((?x702 (* x r00)))
 (let ((?x703 (* 18 ?x702)))
 (let ((?x676 (* s00 s00)))
 (let ((?x689 (* (- 4) ?x676)))
 (let ((?x650 (* s r00 r00)))
 (let ((?x663 (* (- 6) ?x650)))
 (let ((?x638 (* r s r00)))
 (let ((?x639 (* 6 ?x638)))
 (let ((?x634 (* r x)))
 (let ((?x635 (* 18 ?x634)))
 (let ((?x630 (* s s)))
 (let ((?x631 (* 2 ?x630)))
 (let ((?x607 (* r00 x00)))
 (let ((?x621 (* (- 18) ?x607)))
 (let ((?x511 (* s00 r00)))
 (let ((?x2173 (* 3 ?x511)))
 (let ((?x434 (* r r00 r00)))
 (let ((?x1904 (* (- 36) ?x434)))
 (let ((?x384 (* r00 r00)))
 (let ((?x1895 (* (- 18) ?x384)))
 (let ((?x2014 (* (- 18) x00)))
 (let ((?x2929 (* (- 9) r00)))
 (let ((?x2071 (* 12 s00)))
 (let ((?x1810 (* 18 x)))
 (let ((?x2299 (+ (* 9 r) (* (- 12) s) ?x1810 ?x2071 ?x2929 ?x2014 (* 18 (* r r)) ?x1895 (* (- 3) (* r s)) ?x1904 (* 21 (* r s00)) ?x2173 ?x621 ?x631 ?x635 ?x639 ?x663 ?x689 ?x703 (* 36 (* r r r00)) ?x733 ?x757 ?x774 (* (- 21) (* s r00)) ?x824)))
 (let ((?x3272 (* 6 (* r r x x))))
 (let ((?x977 (* x x)))
 (let ((?x2900 (* 6 ?x977)))
 (let ((?x372 (* r r)))
 (let ((?x2340 (* (- 10) ?x372)))
 (let ((?x1359 (+ (- 10) (* (- 20) r) ?x2340 (* (- 12) (* r r s x)) (* 6 ?x630) (* 12 (* r s s)) (* (- 12) (* s x)) ?x2900 (* 6 (* r r s s)) (* (- 24) (* r s x)) (* 12 (* r x x)) ?x3272)))
 (let ((?x3392 (* r r s00)))
 (let ((?x4046 (* 432 ?x3392)))
 (let ((?x3081 (* r r s)))
 (let ((?x4042 (* 432 ?x3081)))
 (let ((?x3066 (* r r r)))
 (let ((?x4041 (* 864 ?x3066)))
 (let ((?x4035 (* 1296 (* r r00 r00 r00))))
 (let ((?x1455 (* x00 x00)))
 (let ((?x1485 (* (- 108) ?x1455)))
 (let ((?x1430 (* 216 (* x x00))))
 (let ((?x1293 (* s00 s00 s00)))
 (let ((?x1484 (* (- 16) ?x1293)))
 (let ((?x1482 (* (- 36) (* s s r00 r00))))
 (let ((?x1264 (* 216 (* x s00 r00))))
 (let ((?x1481 (* (- 432) (* x r00 r00 r00))))
 (let ((?x1181 (* s00 r00 r00 r00)))
 (let ((?x1480 (* (- 216) ?x1181)))
 (let ((?x1066 (* 12 (* s s s00))))
 (let ((?x1024 (* r s s00)))
 (let ((?x4022 (* 144 ?x1024)))
 (let ((?x1007 (* r00 r00 r00 x00)))
 (let ((?x1008 (* 432 ?x1007)))
 (let ((?x1479 (* (- 108) ?x977)))
 (let ((?x914 (* s s s)))
 (let ((?x916 (* 4 ?x914)))
 (let ((?x904 (* r s s)))
 (let ((?x4021 (* 72 ?x904)))
 (let ((?x900 (* s00 x00)))
 (let ((?x1238 (* 108 ?x900)))
 (let ((?x864 (* s00 s00 r00 r00)))
 (let ((?x865 (* 36 ?x864)))
 (let ((?x823 (* s x00)))
 (let ((?x4019 (* (- 324) ?x823)))
 (let ((?x777 (* s00 s00 r00)))
 (let ((?x1135 (* 108 ?x777)))
 (let ((?x1095 (* 36 ?x732)))
 (let ((?x706 (* x s00)))
 (let ((?x1475 (* (- 108) ?x706)))
 (let ((?x1341 (* 108 ?x702)))
 (let ((?x1474 (* (- 51) ?x676)))
 (let ((?x4015 (* 648 ?x634)))
 (let ((?x1471 (* (- 108) ?x607)))
 (let ((?x603 (* s00 r00 x00)))
 (let ((?x1470 (* (- 216) ?x603)))
 (let ((?x554 (* r00 r00 r00)))
 (let ((?x4012 (* 648 ?x554)))
 (let ((?x1806 (* (- 270) ?x511)))
 (let ((?x484 (* r s00)))
 (let ((?x4011 (* 828 ?x484)))
 (let ((?x1770 (* (- 432) ?x384)))
 (let ((?x4006 (* (- 324) x00)))
 (let ((?x1764 (* (- 162) r00)))
 (let ((?x4005 (* 297 s00)))
 (let ((?x3721 (* 324 x)))
 (let ((?x1864 (+ (* 162 r) (* (- 297) s) ?x3721 ?x4005 ?x1764 ?x4006 (* 756 ?x372) ?x1770 (* (- 396) (* r s)) (* (- 1512) ?x434) ?x4011 ?x1806 ?x4012 ?x1470 ?x1471 (* (- 195) ?x630) ?x4015 (* (- 252) ?x650) ?x1474 ?x1341 ?x1475 ?x1095 (* (- 648) ?x744) (* 648 (* s r00 r00 r00)) (* 246 ?x773) ?x1135 (* (- 162) (* s r00)) (* (- 1296) (* r r r00 r00)) (* (- 648) ?x811) ?x4019 ?x865 (* (- 324) (* s s00 r00)) ?x1238 ?x4021 (* 324 (* s x)) ?x916 ?x1479 ?x1008 ?x4022 ?x1066 ?x1480 ?x1481 ?x1264 ?x1482 ?x1484 ?x1430 ?x1485 (* (- 324) (* r r00)) ?x4035 (* (- 432) (* r s r00 r00)) ?x4041 ?x4042 ?x4046)))
 (let ((?x1168 (* 36 (* x r00 r00))))
 (let ((?x1036 (* r r00 x00)))
 (let ((?x1049 (* (- 36) ?x1036)))
 (let ((?x1025 (* 2 ?x1024)))
 (let ((?x972 (* r00 r00 x00)))
 (let ((?x985 (* (- 36) ?x972)))
 (let ((?x920 (* r s00 s00)))
 (let ((?x933 (* (- 4) ?x920)))
 (let ((?x908 (* s x)))
 (let ((?x909 (* 6 ?x908)))
 (let ((?x905 (* 2 ?x904)))
 (let ((?x901 (* 6 ?x900)))
 (let ((?x874 (* s s00 r00)))
 (let ((?x887 (* (- 2) ?x874)))
 (let ((?x850 (* (- 6) ?x823)))
 (let ((?x795 (* (- 2) ?x777)))
 (let ((?x750 (* 4 (* s s r00))))
 (let ((?x721 (* (- 6) ?x706)))
 (let ((?x1222 (* (- 19) ?x676)))
 (let ((?x654 (* 36 (* r x r00))))
 (let ((?x2922 (* (- 90) ?x607)))
 (let ((?x2921 (* 18 ?x511)))
 (let ((?x2901 (* (- 108) ?x384)))
 (let ((?x1725 (* (- 72) x00)))
 (let ((?x3586 (* (- 36) r00)))
 (let ((?x1722 (* 57 s00)))
 (let ((?x538 (+ (* 36 r) (* (- 57) s) (* 72 x) ?x1722 ?x3586 ?x1725 (* 108 ?x372) ?x2901 (* (- 42) (* r s)) (* (- 216) ?x434) (* 114 ?x484) ?x2921 ?x2922 (* (- 1) ?x630) (* 90 ?x634) (* 12 ?x638) (* (- 72) ?x650) ?x654 ?x1222 (* 90 ?x702) ?x721 (* 144 (* r r r00)) ?x1095 (* (- 90) ?x744) ?x750 (* 20 ?x773) ?x795 (* (- 90) (* s r00)) (* (- 12) ?x811) ?x850 ?x887 ?x901 ?x905 ?x909 ?x933 ?x985 ?x1025 ?x1049 ?x1168 (* 72 ?x3066) (* 24 ?x3081) (* 12 ?x3392))))
 (let ((?x555 (* 12 ?x554)))
 (let ((?x589 (* (- 6) ?x511)))
 (let ((?x485 (* 4 ?x484)))
 (let ((?x588 (* (- 12) ?x434)))
 (let ((?x428 (* r s)))
 (let ((?x587 (* 2 ?x428)))
 (let ((?x681 (* (- 12) ?x384)))
 (let ((?x586 (* (- 6) x00)))
 (let ((?x585 (* (- 3) r00)))
 (let ((?x2932 (* 7 s00)))
 (let ((?x56 (* 6 x)))
 (let ((?x43 (* 3 r)))
 (let ((?x2304 (+ ?x43 (* (- 7) s) ?x56 ?x2932 ?x585 ?x586 (* 12 ?x372) ?x681 ?x587 ?x588 ?x485 ?x589 ?x555)))
 (let (($x417 (= (+ s (* (- 1) s00) (* (- 3) ?x372) (* 3 ?x384)) 0)))
 (let (($x1927 (or (not $x417) (not (= ?x2304 0)) (not (= ?x2299 0)) (not (= ?x538 0)) (not (= ?x1864 0)) (not (= (* ?x1359 ?x2299) 0)))))
 (let ((?x1305 (* 108 ?x908)))
 (let ((?x755 (* s r00 r00 r00)))
 (let ((?x756 (* 216 ?x755)))
 (let ((?x959 (* (- 36) ?x650)))
 (let ((?x613 (* 54 ?x511)))
 (let ((?x1082 (* (- 9) s00)))
 (let ((?x143 (* 9 s)))
 (let ((?x1486 (+ ?x143 ?x1082 ?x613 ?x1470 ?x1471 (* (- 15) ?x630) ?x959 ?x1474 ?x1341 ?x1475 ?x1095 ?x756 (* 66 ?x773) ?x1135 (* (- 54) (* s r00)) (* (- 108) ?x823) ?x865 (* (- 108) ?x874) ?x1238 ?x1305 ?x916 ?x1479 ?x1008 ?x1066 ?x1480 ?x1481 ?x1264 ?x1482 ?x1484 ?x1430 ?x1485)))
 (let (($x1487 (= ?x1486 0)))
 (let ((?x1011 (* (- 15) ?x676)))
 (let ((?x662 (* 3 ?x630)))
 (let ((?x644 (* (- 54) ?x607)))
 (let ((?x659 (* 24 ?x511)))
 (let ((?x1174 (+ ?x143 ?x1082 (* (- 24) ?x428) (* 24 ?x484) ?x659 ?x644 ?x662 (* 54 ?x634) ?x959 ?x654 ?x1011 (* 54 ?x702) ?x721 ?x1095 (* (- 54) ?x744) ?x750 (* 12 ?x773) ?x795 (* (- 24) (* s r00)) ?x850 ?x887 ?x901 ?x905 ?x909 ?x933 ?x985 ?x1025 ?x1049 ?x1168)))
 (let (($x1179 (= ?x1174 0)))
 (let ((?x785 (* s r00)))
 (let ((?x798 (* (- 9) ?x785)))
 (let ((?x626 (* 9 ?x511)))
 (let ((?x770 (* 9 ?x484)))
 (let ((?x602 (* (- 9) ?x428)))
 (let ((?x463 (* (- 3) s00)))
 (let ((?x47 (* 3 s)))
 (let ((?x830 (+ ?x47 ?x463 ?x602 ?x770 ?x626 ?x621 ?x631 ?x635 ?x639 ?x663 ?x689 ?x703 ?x733 ?x757 ?x774 ?x798 ?x824)))
 (let (($x837 (= ?x830 0)))
 (let ((?x44 (* 3 s00)))
 (let ((?x584 (* (- 3) s)))
 (let (($x591 (= (+ ?x43 ?x584 ?x56 ?x44 ?x585 ?x586 ?x587 ?x588 ?x485 ?x589 ?x555) 0)))
 (let (($x1914 (and $x417 $x591 $x837 $x1179 $x1487 $x1927)))
 (let ((?x2451 (+ 1 r)))
 (let ((?x3522 (* r00 s00 ?x2451)))
 (let ((?x1138 (* (- 6) ?x3522)))
 (let ((?x211 (* 6 r)))
 (let ((?x2734 (+ 3 s ?x211)))
 (let ((?x499 (* r00 ?x2734)))
 (let ((?x633 (* (- 9) ?x499)))
 (let ((?x1662 (* s00 ?x2734)))
 (let ((?x1663 (* 2 ?x1662)))
 (let ((?x1507 (* s00 ?x2451)))
 (let ((?x464 (* 9 ?x1507)))
 (let ((?x3552 (* 18 r)))
 (let ((?x1805 (* x00 ?x2451)))
 (let ((?x1239 (* (- 18) ?x1805)))
 (let ((?x2762 (* r00 r00 s00)))
 (let ((?x2763 (* 6 ?x2762)))
 (let ((?x363 (* (- 1) s)))
 (let ((?x2372 (+ x ?x363)))
 (let ((?x2815 (* r00 ?x2372)))
 (let ((?x2677 (* 18 ?x2815)))
 (let ((?x2547 (* r00 r00 ?x2734)))
 (let ((?x3834 (* (- 6) ?x2547)))
 (let ((?x1519 (* r00 ?x2451 ?x2734)))
 (let ((?x1520 (* 6 ?x1519)))
 (let ((?x1681 (* ?x2451 ?x2372)))
 (let ((?x1684 (* 18 ?x1681)))
 (let ((?x2187 (* ?x2734 ?x2734)))
 (let ((?x3520 (* 2 ?x2187)))
 (let ((?x924 (* r00 s00)))
 (let ((?x1602 (* 9 ?x924)))
 (let ((?x3251 (* ?x2451 ?x2734)))
 (let ((?x2650 (* (- 9) ?x3251)))
 (let ((?x3957 (+ 9 ?x2650 ?x621 ?x1602 ?x3520 ?x1684 ?x1520 ?x3834 ?x689 ?x2677 ?x463 ?x2763 ?x1239 ?x47 ?x3552 ?x464 ?x1663 ?x633 ?x1138)))
 (let ((?x934 (* (+ (* (- 10) (* ?x2451 ?x2451)) (* 6 (* ?x2451 ?x2451 ?x2372 ?x2372))) ?x3957)))
 (let (($x941 (not (= ?x934 0))))
 (let ((?x3829 (* 108 ?x1455)))
 (let ((?x2418 (* (- 54) r)))
 (let ((?x2055 (* (- 9) s)))
 (let ((?x1599 (* (- 36) ?x2762)))
 (let ((?x137 (* 9 s00)))
 (let ((?x1899 (* 51 ?x676)))
 (let ((?x451 (* 36 ?x2547)))
 (let ((?x1683 (* 16 ?x1293)))
 (let ((?x3553 (* (- 108) ?x900)))
 (let ((?x3058 (* 216 (* r00 r00 r00 s00))))
 (let ((?x992 (* r00 s00 s00)))
 (let ((?x2174 (* (- 108) ?x992)))
 (let ((?x3024 (* (- 432) ?x1007)))
 (let ((?x3893 (* (- 36) (* r00 r00 s00 s00))))
 (let ((?x2937 (* (- 54) ?x924)))
 (let ((?x1883 (* 108 ?x607)))
 (let ((?x2468 (* 216 (* r00 s00 x00))))
 (let ((?x1688 (+ ?x2468 ?x1883 ?x2937 (* 15 ?x2187) (* (- 216) (* r00 r00 r00 ?x2734)) ?x3893 (* (- 4) (* ?x2734 ?x2734 ?x2734)) (* 108 (* ?x2372 ?x2372)) ?x3024 (* (- 12) (* s00 ?x2734 ?x2734)) (* 108 (* s00 ?x2372)) ?x2174 ?x3058 (* 108 (* x00 ?x2734)) (* 432 (* r00 r00 r00 ?x2372)) (* (- 66) ?x1662) (* 108 (* r00 s00 ?x2734)) ?x3553 (* (- 216) (* r00 s00 ?x2372)) (* 36 (* r00 r00 ?x2734 ?x2734)) ?x1683 (* (- 108) (* ?x2372 ?x2734)) ?x451 ?x1899 (* (- 108) ?x2815) ?x137 ?x1599 ?x2055 ?x2418 (* 54 ?x499) (* (- 216) (* x00 ?x2372)) ?x3829)))
 (let (($x2963 (not (= ?x1688 27))))
 (let ((?x1255 (* 15 ?x676)))
 (let ((?x973 (* 36 ?x972)))
 (let ((?x3174 (* (- 6) ?x900)))
 (let ((?x3420 (* 2 ?x992)))
 (let ((?x407 (* (- 24) ?x924)))
 (let ((?x1859 (* 54 ?x607)))
 (let ((?x3682 (+ (* 24 ?x3251) ?x1859 (* (- 36) (* r00 ?x2451 ?x2372)) ?x407 (* (- 3) ?x2187) (* (- 54) ?x1681) (* 6 (* s00 ?x2372)) (* (- 4) (* r00 ?x2734 ?x2734)) ?x3420 (* 6 (* x00 ?x2734)) (* (- 12) ?x1662) (* 2 (* r00 s00 ?x2734)) ?x3174 (* (- 2) (* ?x2451 ?x2734 ?x2734)) (* (- 6) (* ?x2372 ?x2734)) (* 4 (* s00 s00 ?x2451)) ?x451 ?x973 ?x1255 (* (- 2) (* s00 ?x2451 ?x2734)) (* 36 (* r00 x00 ?x2451)) (* (- 54) ?x2815) ?x137 ?x1599 (* 54 ?x1805) ?x2055 ?x2418 (* (- 24) ?x1507) (* 24 ?x499) (* (- 36) (* r00 r00 ?x2372)))))
 (let ((?x1739 (* (- 6) ?x2762)))
 (let ((?x677 (* 4 ?x676)))
 (let ((?x993 (* (- 9) ?x924)))
 (let ((?x608 (* 18 ?x607)))
 (let ((?x2323 (+ (* 9 ?x3251) ?x608 ?x993 (* (- 2) ?x2187) (* (- 18) ?x1681) (* (- 6) ?x1519) (* 6 ?x2547) ?x677 (* (- 18) ?x2815) ?x44 ?x1739 (* 18 ?x1805) ?x584 (* (- 18) r) (* (- 9) ?x1507) (* (- 2) ?x1662) (* 9 ?x499) (* 6 ?x3522))))
 (let ((?x3656 (* (- 6) ?x924)))
 (let ((?x3037 (+ (* 2 ?x3251) (* (- 12) (* r00 r00 ?x2451)) (* (- 15) r) ?x44 ?x2055 ?x585 (* 4 ?x1507) ?x3656 ?x56 ?x586 ?x555)))
 (let ((?x2266 (* (- 3) ?x384)))
 (let (($x2298 (= (+ s00 ?x363 (* (- 6) r) (* 3 (* ?x2451 ?x2451)) ?x2266) 3)))
 (let (($x1158 (not $x2298)))
 (let (($x3065 (or $x1158 (not (= ?x3037 6)) (not (= ?x2323 9)) (not (= ?x3682 27)) $x2963 $x941)))
 (let ((?x1873 (* r00 r00 s)))
 (let ((?x2475 (* 36 ?x1873)))
 (let ((?x3839 (+ ?x2468 ?x1883 ?x2937 (* 15 ?x630) (* (- 216) (* r00 r00 r00 s)) ?x3893 (* (- 4) ?x914) (* 108 ?x977) ?x3024 (* (- 12) (* s00 s s)) (* 108 (* s00 x)) ?x2174 ?x3058 (* 108 (* x00 s)) (* 432 (* r00 r00 r00 x)) (* (- 66) (* s00 s)) (* 108 (* r00 s00 s)) ?x3553 (* (- 216) (* r00 s00 x)) (* 36 (* r00 r00 s s)) ?x1683 (* (- 108) (* x s)) ?x2475 ?x1899 (* (- 108) (* r00 x)) ?x137 ?x1599 ?x2055 (* 54 (* r00 s)) (* (- 216) (* x00 x)) ?x3829)))
 (let (($x3843 (= ?x3839 0)))
 (let ((?x3135 (* r00 r00 x)))
 (let ((?x3217 (* (- 36) ?x3135)))
 (let ((?x2462 (* r00 s s)))
 (let ((?x3202 (* (- 4) ?x2462)))
 (let ((?x2825 (+ (* 24 (* s r)) ?x1859 (* (- 36) (* r00 x r)) ?x407 (* (- 3) ?x630) (* (- 54) (* x r)) (* 6 (* s00 x)) ?x3202 ?x3420 (* 6 (* x00 s)) (* (- 12) (* s00 s)) (* 2 (* r00 s00 s)) ?x3174 (* (- 2) (* s s r)) (* (- 6) (* x s)) (* 4 (* s00 s00 r)) ?x2475 ?x973 ?x1255 (* (- 2) (* s00 s r)) (* 36 (* r00 x00 r)) (* (- 54) (* r00 x)) ?x137 ?x1599 (* 54 (* x00 r)) ?x2055 (* (- 24) (* s00 r)) (* 24 (* r00 s)) ?x3217)))
 (let ((?x1944 (* r00 x)))
 (let ((?x2229 (* (- 18) ?x1944)))
 (let ((?x2210 (* (- 2) ?x630)))
 (let ((?x3061 (+ (* 9 (* s r)) ?x608 ?x993 ?x2210 (* (- 18) (* x r)) (* (- 6) (* r00 s r)) (* 6 ?x1873) ?x677 ?x2229 ?x44 ?x1739 (* 18 (* x00 r)) ?x584 (* (- 9) (* s00 r)) (* (- 2) (* s00 s)) (* 9 (* r00 s)) (* 6 (* r00 s00 r)))))
 (let ((?x3569 (+ (* 2 (* s r)) (* (- 12) (* r00 r00 r)) ?x43 ?x44 ?x584 ?x585 (* 4 (* s00 r)) ?x3656 ?x56 ?x586 ?x555)))
 (let (($x3308 (= (+ s00 ?x363 (* 3 ?x372) ?x2266) 0)))
 (let (($x945 (and $x3308 (= ?x3569 0) (= ?x3061 0) (= ?x2825 0) $x3843 $x3065)))
 (rewrite (= $x945 $x1914)))))))))))))))))))))))))))))))))))))))))))))))))))))))))))))))))))))))))))))))))))))))))))))))))))))))))))))))))))))))))))))))))))))))))))))))))))))))))))))))))))))))))))))))))))))))))))))))))))))))))))))))))))))))))))))))))))))))))))))))))))))))))))))))
 ))
 (let (($x3974 (exists ((r Int) (s Int) (x Int) )(! (let ((?x2451 (+ 1 r)))
 (let ((?x3522 (* r00 s00 ?x2451)))
 (let ((?x1138 (* (- 6) ?x3522)))
 (let ((?x211 (* 6 r)))
 (let ((?x2734 (+ 3 s ?x211)))
 (let ((?x499 (* r00 ?x2734)))
 (let ((?x633 (* (- 9) ?x499)))
 (let ((?x1662 (* s00 ?x2734)))
 (let ((?x1663 (* 2 ?x1662)))
 (let ((?x1507 (* s00 ?x2451)))
 (let ((?x464 (* 9 ?x1507)))
 (let ((?x3552 (* 18 r)))
 (let ((?x47 (* 3 s)))
 (let ((?x1805 (* x00 ?x2451)))
 (let ((?x1239 (* (- 18) ?x1805)))
 (let ((?x2762 (* r00 r00 s00)))
 (let ((?x2763 (* 6 ?x2762)))
 (let ((?x463 (* (- 3) s00)))
 (let ((?x363 (* (- 1) s)))
 (let ((?x2372 (+ x ?x363)))
 (let ((?x2815 (* r00 ?x2372)))
 (let ((?x2677 (* 18 ?x2815)))
 (let ((?x676 (* s00 s00)))
 (let ((?x689 (* (- 4) ?x676)))
 (let ((?x2547 (* r00 r00 ?x2734)))
 (let ((?x3834 (* (- 6) ?x2547)))
 (let ((?x1519 (* r00 ?x2451 ?x2734)))
 (let ((?x1520 (* 6 ?x1519)))
 (let ((?x1681 (* ?x2451 ?x2372)))
 (let ((?x1684 (* 18 ?x1681)))
 (let ((?x2187 (* ?x2734 ?x2734)))
 (let ((?x3520 (* 2 ?x2187)))
 (let ((?x924 (* r00 s00)))
 (let ((?x1602 (* 9 ?x924)))
 (let ((?x607 (* r00 x00)))
 (let ((?x621 (* (- 18) ?x607)))
 (let ((?x3251 (* ?x2451 ?x2734)))
 (let ((?x2650 (* (- 9) ?x3251)))
 (let ((?x3957 (+ 9 ?x2650 ?x621 ?x1602 ?x3520 ?x1684 ?x1520 ?x3834 ?x689 ?x2677 ?x463 ?x2763 ?x1239 ?x47 ?x3552 ?x464 ?x1663 ?x633 ?x1138)))
 (let ((?x934 (* (+ (* (- 10) (* ?x2451 ?x2451)) (* 6 (* ?x2451 ?x2451 ?x2372 ?x2372))) ?x3957)))
 (let (($x941 (not (= ?x934 0))))
 (let ((?x1455 (* x00 x00)))
 (let ((?x3829 (* 108 ?x1455)))
 (let ((?x2418 (* (- 54) r)))
 (let ((?x2055 (* (- 9) s)))
 (let ((?x1599 (* (- 36) ?x2762)))
 (let ((?x137 (* 9 s00)))
 (let ((?x1899 (* 51 ?x676)))
 (let ((?x451 (* 36 ?x2547)))
 (let ((?x1293 (* s00 s00 s00)))
 (let ((?x1683 (* 16 ?x1293)))
 (let ((?x900 (* s00 x00)))
 (let ((?x3553 (* (- 108) ?x900)))
 (let ((?x3058 (* 216 (* r00 r00 r00 s00))))
 (let ((?x992 (* r00 s00 s00)))
 (let ((?x2174 (* (- 108) ?x992)))
 (let ((?x1007 (* r00 r00 r00 x00)))
 (let ((?x3024 (* (- 432) ?x1007)))
 (let ((?x3893 (* (- 36) (* r00 r00 s00 s00))))
 (let ((?x2937 (* (- 54) ?x924)))
 (let ((?x1883 (* 108 ?x607)))
 (let ((?x2468 (* 216 (* r00 s00 x00))))
 (let ((?x1688 (+ ?x2468 ?x1883 ?x2937 (* 15 ?x2187) (* (- 216) (* r00 r00 r00 ?x2734)) ?x3893 (* (- 4) (* ?x2734 ?x2734 ?x2734)) (* 108 (* ?x2372 ?x2372)) ?x3024 (* (- 12) (* s00 ?x2734 ?x2734)) (* 108 (* s00 ?x2372)) ?x2174 ?x3058 (* 108 (* x00 ?x2734)) (* 432 (* r00 r00 r00 ?x2372)) (* (- 66) ?x1662) (* 108 (* r00 s00 ?x2734)) ?x3553 (* (- 216) (* r00 s00 ?x2372)) (* 36 (* r00 r00 ?x2734 ?x2734)) ?x1683 (* (- 108) (* ?x2372 ?x2734)) ?x451 ?x1899 (* (- 108) ?x2815) ?x137 ?x1599 ?x2055 ?x2418 (* 54 ?x499) (* (- 216) (* x00 ?x2372)) ?x3829)))
 (let (($x2963 (not (= ?x1688 27))))
 (let ((?x143 (* 9 s)))
 (let ((?x2333 (* 36 ?x2762)))
 (let ((?x1082 (* (- 9) s00)))
 (let ((?x1011 (* (- 15) ?x676)))
 (let ((?x972 (* r00 r00 x00)))
 (let ((?x985 (* (- 36) ?x972)))
 (let ((?x901 (* 6 ?x900)))
 (let ((?x3655 (* (- 2) ?x992)))
 (let ((?x3000 (* 24 ?x924)))
 (let ((?x644 (* (- 54) ?x607)))
 (let ((?x3019 (+ (* (- 24) ?x3251) ?x644 (* 36 (* r00 ?x2451 ?x2372)) ?x3000 (* 3 ?x2187) (* 54 ?x1681) (* (- 6) (* s00 ?x2372)) (* 4 (* r00 ?x2734 ?x2734)) ?x3655 (* (- 6) (* x00 ?x2734)) (* 12 ?x1662) (* (- 2) (* r00 s00 ?x2734)) ?x901 (* 2 (* ?x2451 ?x2734 ?x2734)) (* 6 (* ?x2372 ?x2734)) (* (- 4) (* s00 s00 ?x2451)) (* (- 36) ?x2547) ?x985 ?x1011 (* 2 (* s00 ?x2451 ?x2734)) (* (- 36) (* r00 x00 ?x2451)) (* 54 ?x2815) ?x1082 ?x2333 (* (- 54) ?x1805) ?x143 (* 54 r) (* 24 ?x1507) (* (- 24) ?x499) (* 36 (* r00 r00 ?x2372)))))
 (let ((?x3969 (+ ?x2650 ?x621 ?x1602 ?x3520 ?x1684 ?x1520 ?x3834 ?x689 ?x2677 ?x463 ?x2763 ?x1239 ?x47 ?x3552 ?x464 ?x1663 ?x633 ?x1138)))
 (let ((?x554 (* r00 r00 r00)))
 (let ((?x568 (* (- 12) ?x554)))
 (let ((?x59 (* 6 x00)))
 (let ((?x533 (* (- 6) x)))
 (let ((?x944 (* 6 ?x924)))
 (let ((?x48 (* 3 r00)))
 (let ((?x2255 (+ (* (- 2) ?x3251) (* 12 (* r00 r00 ?x2451)) (* 15 r) ?x463 ?x143 ?x48 (* (- 4) ?x1507) ?x944 ?x533 ?x59 ?x568)))
 (let ((?x384 (* r00 r00)))
 (let ((?x2266 (* (- 3) ?x384)))
 (let (($x2298 (= (+ s00 ?x363 (* (- 6) r) (* 3 (* ?x2451 ?x2451)) ?x2266) 3)))
 (let (($x1158 (not $x2298)))
 (let (($x3968 (or $x1158 (not (= ?x2255 (- 6))) (not (= ?x3969 (- 9))) (not (= ?x3019 (- 27))) $x2963 $x941)))
 (let ((?x1873 (* r00 r00 s)))
 (let ((?x2475 (* 36 ?x1873)))
 (let ((?x3839 (+ ?x2468 ?x1883 ?x2937 (* 15 (* s s)) (* (- 216) (* r00 r00 r00 s)) ?x3893 (* (- 4) (* s s s)) (* 108 (* x x)) ?x3024 (* (- 12) (* s00 s s)) (* 108 (* s00 x)) ?x2174 ?x3058 (* 108 (* x00 s)) (* 432 (* r00 r00 r00 x)) (* (- 66) (* s00 s)) (* 108 (* r00 s00 s)) ?x3553 (* (- 216) (* r00 s00 x)) (* 36 (* r00 r00 s s)) ?x1683 (* (- 108) (* x s)) ?x2475 ?x1899 (* (- 108) (* r00 x)) ?x137 ?x1599 ?x2055 (* 54 (* r00 s)) (* (- 216) (* x00 x)) ?x3829)))
 (let (($x3843 (= ?x3839 0)))
 (let ((?x2803 (* (- 36) ?x1873)))
 (let ((?x630 (* s s)))
 (let ((?x662 (* 3 ?x630)))
 (let ((?x3015 (+ (* (- 24) (* s r)) ?x644 (* 36 (* r00 x r)) ?x3000 ?x662 (* 54 (* x r)) (* (- 6) (* s00 x)) (* 4 (* r00 s s)) ?x3655 (* (- 6) (* x00 s)) (* 12 (* s00 s)) (* (- 2) (* r00 s00 s)) ?x901 (* 2 (* s s r)) (* 6 (* x s)) (* (- 4) (* s00 s00 r)) ?x2803 ?x985 ?x1011 (* 2 (* s00 s r)) (* (- 36) (* r00 x00 r)) (* 54 (* r00 x)) ?x1082 ?x2333 (* (- 54) (* x00 r)) ?x143 (* 24 (* s00 r)) (* (- 24) (* r00 s)) (* 36 (* r00 r00 x)))))
 (let ((?x1944 (* r00 x)))
 (let ((?x1945 (* 18 ?x1944)))
 (let ((?x631 (* 2 ?x630)))
 (let ((?x1517 (+ (* (- 9) (* s r)) ?x621 ?x1602 ?x631 (* 18 (* x r)) (* 6 (* r00 s r)) (* (- 6) ?x1873) ?x689 ?x1945 ?x463 ?x2763 (* (- 18) (* x00 r)) ?x47 (* 9 (* s00 r)) (* 2 (* s00 s)) (* (- 9) (* r00 s)) (* (- 6) (* r00 s00 r)))))
 (let ((?x3073 (+ (* (- 2) (* s r)) (* 12 (* r00 r00 r)) (* (- 3) r) ?x463 ?x47 ?x48 (* (- 4) (* s00 r)) ?x944 ?x533 ?x59 ?x568)))
 (let (($x3308 (= (+ s00 ?x363 (* 3 (* r r)) ?x2266) 0)))
 (and $x3308 (= ?x3073 0) (= ?x1517 0) (= ?x3015 0) $x3843 $x3968))))))))))))))))))))))))))))))))))))))))))))))))))))))))))))))))))))))))))))))))))))))))))))))))))))))) :qid k!40))
 ))
 (let ((?x2305 (lambda ((r Int) (s Int) (x Int) )(let ((?x2451 (+ 1 r)))
 (let ((?x3522 (* r00 s00 ?x2451)))
 (let ((?x1138 (* (- 6) ?x3522)))
 (let ((?x211 (* 6 r)))
 (let ((?x2734 (+ 3 s ?x211)))
 (let ((?x499 (* r00 ?x2734)))
 (let ((?x633 (* (- 9) ?x499)))
 (let ((?x1662 (* s00 ?x2734)))
 (let ((?x1663 (* 2 ?x1662)))
 (let ((?x1507 (* s00 ?x2451)))
 (let ((?x464 (* 9 ?x1507)))
 (let ((?x3552 (* 18 r)))
 (let ((?x47 (* 3 s)))
 (let ((?x1805 (* x00 ?x2451)))
 (let ((?x1239 (* (- 18) ?x1805)))
 (let ((?x2762 (* r00 r00 s00)))
 (let ((?x2763 (* 6 ?x2762)))
 (let ((?x463 (* (- 3) s00)))
 (let ((?x363 (* (- 1) s)))
 (let ((?x2372 (+ x ?x363)))
 (let ((?x2815 (* r00 ?x2372)))
 (let ((?x2677 (* 18 ?x2815)))
 (let ((?x676 (* s00 s00)))
 (let ((?x689 (* (- 4) ?x676)))
 (let ((?x2547 (* r00 r00 ?x2734)))
 (let ((?x3834 (* (- 6) ?x2547)))
 (let ((?x1519 (* r00 ?x2451 ?x2734)))
 (let ((?x1520 (* 6 ?x1519)))
 (let ((?x1681 (* ?x2451 ?x2372)))
 (let ((?x1684 (* 18 ?x1681)))
 (let ((?x2187 (* ?x2734 ?x2734)))
 (let ((?x3520 (* 2 ?x2187)))
 (let ((?x924 (* r00 s00)))
 (let ((?x1602 (* 9 ?x924)))
 (let ((?x607 (* r00 x00)))
 (let ((?x621 (* (- 18) ?x607)))
 (let ((?x3251 (* ?x2451 ?x2734)))
 (let ((?x2650 (* (- 9) ?x3251)))
 (let ((?x3957 (+ 9 ?x2650 ?x621 ?x1602 ?x3520 ?x1684 ?x1520 ?x3834 ?x689 ?x2677 ?x463 ?x2763 ?x1239 ?x47 ?x3552 ?x464 ?x1663 ?x633 ?x1138)))
 (let ((?x934 (* (+ (* (- 10) (* ?x2451 ?x2451)) (* 6 (* ?x2451 ?x2451 ?x2372 ?x2372))) ?x3957)))
 (let (($x941 (not (= ?x934 0))))
 (let ((?x1455 (* x00 x00)))
 (let ((?x3829 (* 108 ?x1455)))
 (let ((?x2418 (* (- 54) r)))
 (let ((?x2055 (* (- 9) s)))
 (let ((?x1599 (* (- 36) ?x2762)))
 (let ((?x137 (* 9 s00)))
 (let ((?x1899 (* 51 ?x676)))
 (let ((?x451 (* 36 ?x2547)))
 (let ((?x1293 (* s00 s00 s00)))
 (let ((?x1683 (* 16 ?x1293)))
 (let ((?x900 (* s00 x00)))
 (let ((?x3553 (* (- 108) ?x900)))
 (let ((?x3058 (* 216 (* r00 r00 r00 s00))))
 (let ((?x992 (* r00 s00 s00)))
 (let ((?x2174 (* (- 108) ?x992)))
 (let ((?x1007 (* r00 r00 r00 x00)))
 (let ((?x3024 (* (- 432) ?x1007)))
 (let ((?x3893 (* (- 36) (* r00 r00 s00 s00))))
 (let ((?x2937 (* (- 54) ?x924)))
 (let ((?x1883 (* 108 ?x607)))
 (let ((?x2468 (* 216 (* r00 s00 x00))))
 (let ((?x1688 (+ ?x2468 ?x1883 ?x2937 (* 15 ?x2187) (* (- 216) (* r00 r00 r00 ?x2734)) ?x3893 (* (- 4) (* ?x2734 ?x2734 ?x2734)) (* 108 (* ?x2372 ?x2372)) ?x3024 (* (- 12) (* s00 ?x2734 ?x2734)) (* 108 (* s00 ?x2372)) ?x2174 ?x3058 (* 108 (* x00 ?x2734)) (* 432 (* r00 r00 r00 ?x2372)) (* (- 66) ?x1662) (* 108 (* r00 s00 ?x2734)) ?x3553 (* (- 216) (* r00 s00 ?x2372)) (* 36 (* r00 r00 ?x2734 ?x2734)) ?x1683 (* (- 108) (* ?x2372 ?x2734)) ?x451 ?x1899 (* (- 108) ?x2815) ?x137 ?x1599 ?x2055 ?x2418 (* 54 ?x499) (* (- 216) (* x00 ?x2372)) ?x3829)))
 (let (($x2963 (not (= ?x1688 27))))
 (let ((?x1255 (* 15 ?x676)))
 (let ((?x972 (* r00 r00 x00)))
 (let ((?x973 (* 36 ?x972)))
 (let ((?x3174 (* (- 6) ?x900)))
 (let ((?x3420 (* 2 ?x992)))
 (let ((?x407 (* (- 24) ?x924)))
 (let ((?x1859 (* 54 ?x607)))
 (let ((?x3682 (+ (* 24 ?x3251) ?x1859 (* (- 36) (* r00 ?x2451 ?x2372)) ?x407 (* (- 3) ?x2187) (* (- 54) ?x1681) (* 6 (* s00 ?x2372)) (* (- 4) (* r00 ?x2734 ?x2734)) ?x3420 (* 6 (* x00 ?x2734)) (* (- 12) ?x1662) (* 2 (* r00 s00 ?x2734)) ?x3174 (* (- 2) (* ?x2451 ?x2734 ?x2734)) (* (- 6) (* ?x2372 ?x2734)) (* 4 (* s00 s00 ?x2451)) ?x451 ?x973 ?x1255 (* (- 2) (* s00 ?x2451 ?x2734)) (* 36 (* r00 x00 ?x2451)) (* (- 54) ?x2815) ?x137 ?x1599 (* 54 ?x1805) ?x2055 ?x2418 (* (- 24) ?x1507) (* 24 ?x499) (* (- 36) (* r00 r00 ?x2372)))))
 (let ((?x584 (* (- 3) s)))
 (let ((?x1739 (* (- 6) ?x2762)))
 (let ((?x44 (* 3 s00)))
 (let ((?x677 (* 4 ?x676)))
 (let ((?x993 (* (- 9) ?x924)))
 (let ((?x608 (* 18 ?x607)))
 (let ((?x2323 (+ (* 9 ?x3251) ?x608 ?x993 (* (- 2) ?x2187) (* (- 18) ?x1681) (* (- 6) ?x1519) (* 6 ?x2547) ?x677 (* (- 18) ?x2815) ?x44 ?x1739 (* 18 ?x1805) ?x584 (* (- 18) r) (* (- 9) ?x1507) (* (- 2) ?x1662) (* 9 ?x499) (* 6 ?x3522))))
 (let ((?x554 (* r00 r00 r00)))
 (let ((?x555 (* 12 ?x554)))
 (let ((?x586 (* (- 6) x00)))
 (let ((?x56 (* 6 x)))
 (let ((?x3656 (* (- 6) ?x924)))
 (let ((?x585 (* (- 3) r00)))
 (let ((?x3037 (+ (* 2 ?x3251) (* (- 12) (* r00 r00 ?x2451)) (* (- 15) r) ?x44 ?x2055 ?x585 (* 4 ?x1507) ?x3656 ?x56 ?x586 ?x555)))
 (let ((?x384 (* r00 r00)))
 (let ((?x2266 (* (- 3) ?x384)))
 (let (($x2298 (= (+ s00 ?x363 (* (- 6) r) (* 3 (* ?x2451 ?x2451)) ?x2266) 3)))
 (let (($x1158 (not $x2298)))
 (let (($x3065 (or $x1158 (not (= ?x3037 6)) (not (= ?x2323 9)) (not (= ?x3682 27)) $x2963 $x941)))
 (let ((?x1873 (* r00 r00 s)))
 (let ((?x2475 (* 36 ?x1873)))
 (let ((?x3839 (+ ?x2468 ?x1883 ?x2937 (* 15 (* s s)) (* (- 216) (* r00 r00 r00 s)) ?x3893 (* (- 4) (* s s s)) (* 108 (* x x)) ?x3024 (* (- 12) (* s00 s s)) (* 108 (* s00 x)) ?x2174 ?x3058 (* 108 (* x00 s)) (* 432 (* r00 r00 r00 x)) (* (- 66) (* s00 s)) (* 108 (* r00 s00 s)) ?x3553 (* (- 216) (* r00 s00 x)) (* 36 (* r00 r00 s s)) ?x1683 (* (- 108) (* x s)) ?x2475 ?x1899 (* (- 108) (* r00 x)) ?x137 ?x1599 ?x2055 (* 54 (* r00 s)) (* (- 216) (* x00 x)) ?x3829)))
 (let (($x3843 (= ?x3839 0)))
 (let ((?x3135 (* r00 r00 x)))
 (let ((?x3217 (* (- 36) ?x3135)))
 (let ((?x2462 (* r00 s s)))
 (let ((?x3202 (* (- 4) ?x2462)))
 (let ((?x2825 (+ (* 24 (* s r)) ?x1859 (* (- 36) (* r00 x r)) ?x407 (* (- 3) (* s s)) (* (- 54) (* x r)) (* 6 (* s00 x)) ?x3202 ?x3420 (* 6 (* x00 s)) (* (- 12) (* s00 s)) (* 2 (* r00 s00 s)) ?x3174 (* (- 2) (* s s r)) (* (- 6) (* x s)) (* 4 (* s00 s00 r)) ?x2475 ?x973 ?x1255 (* (- 2) (* s00 s r)) (* 36 (* r00 x00 r)) (* (- 54) (* r00 x)) ?x137 ?x1599 (* 54 (* x00 r)) ?x2055 (* (- 24) (* s00 r)) (* 24 (* r00 s)) ?x3217)))
 (let ((?x1944 (* r00 x)))
 (let ((?x2229 (* (- 18) ?x1944)))
 (let ((?x630 (* s s)))
 (let ((?x2210 (* (- 2) ?x630)))
 (let ((?x3061 (+ (* 9 (* s r)) ?x608 ?x993 ?x2210 (* (- 18) (* x r)) (* (- 6) (* r00 s r)) (* 6 ?x1873) ?x677 ?x2229 ?x44 ?x1739 (* 18 (* x00 r)) ?x584 (* (- 9) (* s00 r)) (* (- 2) (* s00 s)) (* 9 (* r00 s)) (* 6 (* r00 s00 r)))))
 (let ((?x43 (* 3 r)))
 (let ((?x3569 (+ (* 2 (* s r)) (* (- 12) (* r00 r00 r)) ?x43 ?x44 ?x584 ?x585 (* 4 (* s00 r)) ?x3656 ?x56 ?x586 ?x555)))
 (let (($x3308 (= (+ s00 ?x363 (* 3 (* r r)) ?x2266) 0)))
 (let (($x945 (and $x3308 (= ?x3569 0) (= ?x3061 0) (= ?x2825 0) $x3843 $x3065)))
 (let ((?x143 (* 9 s)))
 (let ((?x2333 (* 36 ?x2762)))
 (let ((?x1082 (* (- 9) s00)))
 (let ((?x1011 (* (- 15) ?x676)))
 (let ((?x985 (* (- 36) ?x972)))
 (let ((?x901 (* 6 ?x900)))
 (let ((?x3655 (* (- 2) ?x992)))
 (let ((?x3000 (* 24 ?x924)))
 (let ((?x644 (* (- 54) ?x607)))
 (let ((?x3019 (+ (* (- 24) ?x3251) ?x644 (* 36 (* r00 ?x2451 ?x2372)) ?x3000 (* 3 ?x2187) (* 54 ?x1681) (* (- 6) (* s00 ?x2372)) (* 4 (* r00 ?x2734 ?x2734)) ?x3655 (* (- 6) (* x00 ?x2734)) (* 12 ?x1662) (* (- 2) (* r00 s00 ?x2734)) ?x901 (* 2 (* ?x2451 ?x2734 ?x2734)) (* 6 (* ?x2372 ?x2734)) (* (- 4) (* s00 s00 ?x2451)) (* (- 36) ?x2547) ?x985 ?x1011 (* 2 (* s00 ?x2451 ?x2734)) (* (- 36) (* r00 x00 ?x2451)) (* 54 ?x2815) ?x1082 ?x2333 (* (- 54) ?x1805) ?x143 (* 54 r) (* 24 ?x1507) (* (- 24) ?x499) (* 36 (* r00 r00 ?x2372)))))
 (let ((?x3969 (+ ?x2650 ?x621 ?x1602 ?x3520 ?x1684 ?x1520 ?x3834 ?x689 ?x2677 ?x463 ?x2763 ?x1239 ?x47 ?x3552 ?x464 ?x1663 ?x633 ?x1138)))
 (let ((?x568 (* (- 12) ?x554)))
 (let ((?x59 (* 6 x00)))
 (let ((?x533 (* (- 6) x)))
 (let ((?x944 (* 6 ?x924)))
 (let ((?x48 (* 3 r00)))
 (let ((?x2255 (+ (* (- 2) ?x3251) (* 12 (* r00 r00 ?x2451)) (* 15 r) ?x463 ?x143 ?x48 (* (- 4) ?x1507) ?x944 ?x533 ?x59 ?x568)))
 (let (($x3968 (or $x1158 (not (= ?x2255 (- 6))) (not (= ?x3969 (- 9))) (not (= ?x3019 (- 27))) $x2963 $x941)))
 (let ((?x2803 (* (- 36) ?x1873)))
 (let ((?x662 (* 3 ?x630)))
 (let ((?x3015 (+ (* (- 24) (* s r)) ?x644 (* 36 (* r00 x r)) ?x3000 ?x662 (* 54 (* x r)) (* (- 6) (* s00 x)) (* 4 ?x2462) ?x3655 (* (- 6) (* x00 s)) (* 12 (* s00 s)) (* (- 2) (* r00 s00 s)) ?x901 (* 2 (* s s r)) (* 6 (* x s)) (* (- 4) (* s00 s00 r)) ?x2803 ?x985 ?x1011 (* 2 (* s00 s r)) (* (- 36) (* r00 x00 r)) (* 54 ?x1944) ?x1082 ?x2333 (* (- 54) (* x00 r)) ?x143 (* 24 (* s00 r)) (* (- 24) (* r00 s)) (* 36 ?x3135))))
 (let ((?x1945 (* 18 ?x1944)))
 (let ((?x631 (* 2 ?x630)))
 (let ((?x1517 (+ (* (- 9) (* s r)) ?x621 ?x1602 ?x631 (* 18 (* x r)) (* 6 (* r00 s r)) (* (- 6) ?x1873) ?x689 ?x1945 ?x463 ?x2763 (* (- 18) (* x00 r)) ?x47 (* 9 (* s00 r)) (* 2 (* s00 s)) (* (- 9) (* r00 s)) (* (- 6) (* r00 s00 r)))))
 (let ((?x3073 (+ (* (- 2) (* s r)) (* 12 (* r00 r00 r)) (* (- 3) r) ?x463 ?x47 ?x48 (* (- 4) (* s00 r)) ?x944 ?x533 ?x59 ?x568)))
 (let (($x1406 (and $x3308 (= ?x3073 0) (= ?x1517 0) (= ?x3015 0) $x3843 $x3968)))
 (rewrite (= $x1406 $x945))))))))))))))))))))))))))))))))))))))))))))))))))))))))))))))))))))))))))))))))))))))))))))))))))))))))))))))))))))))))))))))))))))))))))
 ))
 (let (($x360 (exists ((r Int) (s Int) (x Int) )(! (let ((?x232 (- x s)))
 (let ((?x215 (+ r 1)))
 (let ((?x211 (* 6 r)))
 (let ((?x212 (+ s ?x211 3)))
 (let ((?x227 (* 3 ?x212)))
 (let ((?x82 (* 6 r00 r00 s00)))
 (let ((?x44 (* 3 s00)))
 (let ((?x76 (* 4 s00 s00)))
 (let ((?x70 (* 9 r00 s00)))
 (let ((?x244 (+ (- (* (- 9) ?x215 ?x212) (* 18 r00 x00)) ?x70 (* 2 ?x212 ?x212) (* 18 ?x215 ?x232) (* 6 ?x215 r00 ?x212))))
 (let ((?x249 (+ (- (- ?x244 (* 6 r00 r00 ?x212)) ?x76) (* 18 r00 ?x232))))
 (let ((?x256 (+ (- (+ (- ?x249 ?x44) ?x82) (* 18 ?x215 x00)) ?x227 (* 9 ?x215 s00) (* 2 ?x212 s00))))
 (let ((?x260 (- (- ?x256 (* 9 r00 ?x212)) (* 6 ?x215 r00 s00))))
 (let (($x356 (= (* ?x260 (+ (* (- 10) ?x215 ?x215) (* 6 ?x215 ?x215 ?x232 ?x232))) 0)))
 (let ((?x208 (* 108 x00 x00)))
 (let ((?x299 (* 9 ?x212)))
 (let ((?x139 (* 36 r00 r00 s00)))
 (let ((?x137 (* 9 s00)))
 (let ((?x197 (* 51 s00 s00)))
 (let ((?x284 (* 36 r00 r00 ?x212)))
 (let ((?x192 (* 16 s00 s00 s00)))
 (let ((?x186 (* 108 s00 x00)))
 (let ((?x177 (* 216 r00 r00 r00 s00)))
 (let ((?x175 (* 108 r00 s00 s00)))
 (let ((?x169 (* 432 r00 r00 r00 x00)))
 (let ((?x161 (* 36 r00 r00 s00 s00)))
 (let ((?x157 (- (+ (* 216 r00 s00 x00) (* 108 r00 x00)) (* 54 r00 s00))))
 (let ((?x313 (- (- (+ ?x157 (* 15 ?x212 ?x212)) (* 216 r00 r00 r00 ?x212)) ?x161)))
 (let ((?x319 (- (- (+ (- ?x313 (* 4 ?x212 ?x212 ?x212)) (* 108 ?x232 ?x232)) ?x169) (* 12 ?x212 ?x212 s00))))
 (let ((?x325 (+ (- (+ ?x319 (* 108 s00 ?x232)) ?x175) ?x177 (* 108 ?x212 x00) (* 432 r00 r00 r00 ?x232))))
 (let ((?x331 (- (+ (- ?x325 (* 66 ?x212 s00)) (* 108 r00 ?x212 s00)) ?x186)))
 (let ((?x334 (+ (- ?x331 (* 216 r00 s00 ?x232)) (* 36 r00 r00 ?x212 ?x212) ?x192)))
 (let ((?x339 (- (+ (- ?x334 (* 108 ?x212 ?x232)) ?x284 ?x197) (* 108 r00 ?x232))))
 (let ((?x346 (- (+ (- (- (+ ?x339 ?x137) ?x139) ?x299) (* 54 r00 ?x212)) (* 216 ?x232 x00))))
 (let ((?x126 (* 15 s00 s00)))
 (let ((?x124 (* 36 r00 r00 x00)))
 (let ((?x118 (* 6 s00 x00)))
 (let ((?x110 (* 2 r00 s00 s00)))
 (let ((?x102 (* 24 r00 s00)))
 (let ((?x268 (+ (- (* (- 24) ?x215 ?x212) (* 54 r00 x00)) (* 36 ?x215 r00 ?x232) ?x102 (* 3 ?x212 ?x212) (* 54 ?x215 ?x232))))
 (let ((?x274 (- (+ (- ?x268 (* 6 s00 ?x232)) (* 4 r00 ?x212 ?x212)) ?x110)))
 (let ((?x279 (- (+ (- ?x274 (* 6 ?x212 x00)) (* 12 ?x212 s00)) (* 2 r00 ?x212 s00))))
 (let ((?x285 (- (+ ?x279 ?x118 (* 2 ?x215 ?x212 ?x212) (* 6 ?x212 ?x232)) (* 4 ?x215 s00 s00))))
 (let ((?x292 (- (+ (- (- (- ?x285 ?x284) ?x124) ?x126) (* 2 ?x215 ?x212 s00)) (* 36 ?x215 r00 x00))))
 (let ((?x298 (- (+ (- (+ ?x292 (* 54 r00 ?x232)) ?x137) ?x139) (* 54 ?x215 x00))))
 (let ((?x305 (+ (- (+ ?x298 ?x299 (* 24 ?x215 s00)) (* 24 r00 ?x212)) (* 36 r00 r00 ?x232))))
 (let ((?x61 (* 12 r00 r00 r00)))
 (let ((?x59 (* 6 x00)))
 (let ((?x54 (* 6 r00 s00)))
 (let ((?x48 (* 3 r00)))
 (let ((?x225 (- (+ (* (- 2) ?x215 ?x212) (* 12 ?x215 r00 r00)) (* 3 ?x215))))
 (let ((?x234 (- (+ (- (+ (- ?x225 ?x44) ?x227 ?x48) (* 4 ?x215 s00)) ?x54) (* 6 ?x232))))
 (let (($x219 (= (- (+ (- s00 ?x212) (* 3 ?x215 ?x215)) (* 3 r00 r00)) 0)))
 (let (($x358 (or (not $x219) (not (= (- (+ ?x234 ?x59) ?x61) 0)) (not (= ?x260 0)) (not (= ?x305 0)) (not (= (+ ?x346 ?x208) 0)) (not $x356))))
 (let ((?x143 (* 9 s)))
 (let ((?x123 (* 36 r00 r00 s)))
 (let ((?x164 (- (- (+ ?x157 (* 15 s s)) (* 216 r00 r00 r00 s)) ?x161)))
 (let ((?x172 (- (- (+ (- ?x164 (* 4 s s s)) (* 108 x x)) ?x169) (* 12 s s s00))))
 (let ((?x180 (+ (- (+ ?x172 (* 108 s00 x)) ?x175) ?x177 (* 108 s x00) (* 432 r00 r00 r00 x))))
 (let ((?x188 (- (+ (- ?x180 (* 66 s s00)) (* 108 r00 s s00)) ?x186)))
 (let ((?x193 (+ (- ?x188 (* 216 r00 s00 x)) (* 36 r00 r00 s s) ?x192)))
 (let ((?x200 (- (+ (- ?x193 (* 108 s x)) ?x123 ?x197) (* 108 r00 x))))
 (let ((?x207 (- (+ (- (- (+ ?x200 ?x137) ?x139) ?x143) (* 54 r00 s)) (* 216 x x00))))
 (let ((?x105 (+ (- (* (- 24) r s) (* 54 r00 x00)) (* 36 r r00 x) ?x102 (* 3 s s) (* 54 r x))))
 (let ((?x112 (- (+ (- ?x105 (* 6 s00 x)) (* 4 r00 s s)) ?x110)))
 (let ((?x117 (- (+ (- ?x112 (* 6 s x00)) (* 12 s s00)) (* 2 r00 s s00))))
 (let ((?x127 (- (+ ?x117 ?x118 (* 2 r s s) (* 6 s x)) (* 4 r s00 s00))))
 (let ((?x134 (- (+ (- (- (- ?x127 ?x123) ?x124) ?x126) (* 2 r s s00)) (* 36 r r00 x00))))
 (let ((?x142 (- (+ (- (+ ?x134 (* 54 r00 x)) ?x137) ?x139) (* 54 r x00))))
 (let ((?x149 (+ (- (+ ?x142 ?x143 (* 24 r s00)) (* 24 r00 s)) (* 36 r00 r00 x))))
 (let ((?x47 (* 3 s)))
 (let ((?x74 (+ (- (* (- 9) r s) (* 18 r00 x00)) ?x70 (* 2 s s) (* 18 r x) (* 6 r r00 s))))
 (let ((?x80 (+ (- (- ?x74 (* 6 r00 r00 s)) ?x76) (* 18 r00 x))))
 (let ((?x88 (+ (- (+ (- ?x80 ?x44) ?x82) (* 18 r x00)) ?x47 (* 9 r s00) (* 2 s s00))))
 (let (($x93 (= (- (- ?x88 (* 9 r00 s)) (* 6 r r00 s00)) 0)))
 (let ((?x56 (* 6 x)))
 (let ((?x43 (* 3 r)))
 (let ((?x46 (- (- (+ (* (- 2) r s) (* 12 r r00 r00)) ?x43) ?x44)))
 (let ((?x60 (+ (- (+ (- (+ ?x46 ?x47 ?x48) (* 4 r s00)) ?x54) ?x56) ?x59)))
 (let (($x36 (= (- (+ (- s00 s) (* 3 r r)) (* 3 r00 r00)) 0)))
 (and $x36 (= (- ?x60 ?x61) 0) $x93 (= ?x149 0) (= (+ ?x207 ?x208) 0) $x358))))))))))))))))))))))))))))))))))))))))))))))))))))))))))))))))))))))))))))))))) :qid k!40))
 ))
 (let ((?x3986 (lambda ((r Int) (s Int) (x Int) )(let ((?x2451 (+ 1 r)))
 (let ((?x3522 (* r00 s00 ?x2451)))
 (let ((?x1138 (* (- 6) ?x3522)))
 (let ((?x211 (* 6 r)))
 (let ((?x2734 (+ 3 s ?x211)))
 (let ((?x499 (* r00 ?x2734)))
 (let ((?x633 (* (- 9) ?x499)))
 (let ((?x1662 (* s00 ?x2734)))
 (let ((?x1663 (* 2 ?x1662)))
 (let ((?x1507 (* s00 ?x2451)))
 (let ((?x464 (* 9 ?x1507)))
 (let ((?x3552 (* 18 r)))
 (let ((?x47 (* 3 s)))
 (let ((?x1805 (* x00 ?x2451)))
 (let ((?x1239 (* (- 18) ?x1805)))
 (let ((?x2762 (* r00 r00 s00)))
 (let ((?x2763 (* 6 ?x2762)))
 (let ((?x463 (* (- 3) s00)))
 (let ((?x363 (* (- 1) s)))
 (let ((?x2372 (+ x ?x363)))
 (let ((?x2815 (* r00 ?x2372)))
 (let ((?x2677 (* 18 ?x2815)))
 (let ((?x676 (* s00 s00)))
 (let ((?x689 (* (- 4) ?x676)))
 (let ((?x2547 (* r00 r00 ?x2734)))
 (let ((?x3834 (* (- 6) ?x2547)))
 (let ((?x1519 (* r00 ?x2451 ?x2734)))
 (let ((?x1520 (* 6 ?x1519)))
 (let ((?x1681 (* ?x2451 ?x2372)))
 (let ((?x1684 (* 18 ?x1681)))
 (let ((?x2187 (* ?x2734 ?x2734)))
 (let ((?x3520 (* 2 ?x2187)))
 (let ((?x924 (* r00 s00)))
 (let ((?x1602 (* 9 ?x924)))
 (let ((?x607 (* r00 x00)))
 (let ((?x621 (* (- 18) ?x607)))
 (let ((?x3251 (* ?x2451 ?x2734)))
 (let ((?x2650 (* (- 9) ?x3251)))
 (let ((?x3957 (+ 9 ?x2650 ?x621 ?x1602 ?x3520 ?x1684 ?x1520 ?x3834 ?x689 ?x2677 ?x463 ?x2763 ?x1239 ?x47 ?x3552 ?x464 ?x1663 ?x633 ?x1138)))
 (let ((?x934 (* (+ (* (- 10) (* ?x2451 ?x2451)) (* 6 (* ?x2451 ?x2451 ?x2372 ?x2372))) ?x3957)))
 (let (($x941 (not (= ?x934 0))))
 (let ((?x1455 (* x00 x00)))
 (let ((?x3829 (* 108 ?x1455)))
 (let ((?x2418 (* (- 54) r)))
 (let ((?x2055 (* (- 9) s)))
 (let ((?x1599 (* (- 36) ?x2762)))
 (let ((?x137 (* 9 s00)))
 (let ((?x1899 (* 51 ?x676)))
 (let ((?x451 (* 36 ?x2547)))
 (let ((?x1293 (* s00 s00 s00)))
 (let ((?x1683 (* 16 ?x1293)))
 (let ((?x900 (* s00 x00)))
 (let ((?x3553 (* (- 108) ?x900)))
 (let ((?x3058 (* 216 (* r00 r00 r00 s00))))
 (let ((?x992 (* r00 s00 s00)))
 (let ((?x2174 (* (- 108) ?x992)))
 (let ((?x1007 (* r00 r00 r00 x00)))
 (let ((?x3024 (* (- 432) ?x1007)))
 (let ((?x3893 (* (- 36) (* r00 r00 s00 s00))))
 (let ((?x2937 (* (- 54) ?x924)))
 (let ((?x1883 (* 108 ?x607)))
 (let ((?x2468 (* 216 (* r00 s00 x00))))
 (let ((?x1688 (+ ?x2468 ?x1883 ?x2937 (* 15 ?x2187) (* (- 216) (* r00 r00 r00 ?x2734)) ?x3893 (* (- 4) (* ?x2734 ?x2734 ?x2734)) (* 108 (* ?x2372 ?x2372)) ?x3024 (* (- 12) (* s00 ?x2734 ?x2734)) (* 108 (* s00 ?x2372)) ?x2174 ?x3058 (* 108 (* x00 ?x2734)) (* 432 (* r00 r00 r00 ?x2372)) (* (- 66) ?x1662) (* 108 (* r00 s00 ?x2734)) ?x3553 (* (- 216) (* r00 s00 ?x2372)) (* 36 (* r00 r00 ?x2734 ?x2734)) ?x1683 (* (- 108) (* ?x2372 ?x2734)) ?x451 ?x1899 (* (- 108) ?x2815) ?x137 ?x1599 ?x2055 ?x2418 (* 54 ?x499) (* (- 216) (* x00 ?x2372)) ?x3829)))
 (let (($x2963 (not (= ?x1688 27))))
 (let ((?x143 (* 9 s)))
 (let ((?x2333 (* 36 ?x2762)))
 (let ((?x1082 (* (- 9) s00)))
 (let ((?x1011 (* (- 15) ?x676)))
 (let ((?x972 (* r00 r00 x00)))
 (let ((?x985 (* (- 36) ?x972)))
 (let ((?x901 (* 6 ?x900)))
 (let ((?x3655 (* (- 2) ?x992)))
 (let ((?x3000 (* 24 ?x924)))
 (let ((?x644 (* (- 54) ?x607)))
 (let ((?x3019 (+ (* (- 24) ?x3251) ?x644 (* 36 (* r00 ?x2451 ?x2372)) ?x3000 (* 3 ?x2187) (* 54 ?x1681) (* (- 6) (* s00 ?x2372)) (* 4 (* r00 ?x2734 ?x2734)) ?x3655 (* (- 6) (* x00 ?x2734)) (* 12 ?x1662) (* (- 2) (* r00 s00 ?x2734)) ?x901 (* 2 (* ?x2451 ?x2734 ?x2734)) (* 6 (* ?x2372 ?x2734)) (* (- 4) (* s00 s00 ?x2451)) (* (- 36) ?x2547) ?x985 ?x1011 (* 2 (* s00 ?x2451 ?x2734)) (* (- 36) (* r00 x00 ?x2451)) (* 54 ?x2815) ?x1082 ?x2333 (* (- 54) ?x1805) ?x143 (* 54 r) (* 24 ?x1507) (* (- 24) ?x499) (* 36 (* r00 r00 ?x2372)))))
 (let ((?x3969 (+ ?x2650 ?x621 ?x1602 ?x3520 ?x1684 ?x1520 ?x3834 ?x689 ?x2677 ?x463 ?x2763 ?x1239 ?x47 ?x3552 ?x464 ?x1663 ?x633 ?x1138)))
 (let ((?x554 (* r00 r00 r00)))
 (let ((?x568 (* (- 12) ?x554)))
 (let ((?x59 (* 6 x00)))
 (let ((?x533 (* (- 6) x)))
 (let ((?x944 (* 6 ?x924)))
 (let ((?x48 (* 3 r00)))
 (let ((?x2255 (+ (* (- 2) ?x3251) (* 12 (* r00 r00 ?x2451)) (* 15 r) ?x463 ?x143 ?x48 (* (- 4) ?x1507) ?x944 ?x533 ?x59 ?x568)))
 (let ((?x384 (* r00 r00)))
 (let ((?x2266 (* (- 3) ?x384)))
 (let (($x2298 (= (+ s00 ?x363 (* (- 6) r) (* 3 (* ?x2451 ?x2451)) ?x2266) 3)))
 (let (($x1158 (not $x2298)))
 (let (($x3968 (or $x1158 (not (= ?x2255 (- 6))) (not (= ?x3969 (- 9))) (not (= ?x3019 (- 27))) $x2963 $x941)))
 (let ((?x1873 (* r00 r00 s)))
 (let ((?x2475 (* 36 ?x1873)))
 (let ((?x3839 (+ ?x2468 ?x1883 ?x2937 (* 15 (* s s)) (* (- 216) (* r00 r00 r00 s)) ?x3893 (* (- 4) (* s s s)) (* 108 (* x x)) ?x3024 (* (- 12) (* s00 s s)) (* 108 (* s00 x)) ?x2174 ?x3058 (* 108 (* x00 s)) (* 432 (* r00 r00 r00 x)) (* (- 66) (* s00 s)) (* 108 (* r00 s00 s)) ?x3553 (* (- 216) (* r00 s00 x)) (* 36 (* r00 r00 s s)) ?x1683 (* (- 108) (* x s)) ?x2475 ?x1899 (* (- 108) (* r00 x)) ?x137 ?x1599 ?x2055 (* 54 (* r00 s)) (* (- 216) (* x00 x)) ?x3829)))
 (let (($x3843 (= ?x3839 0)))
 (let ((?x2803 (* (- 36) ?x1873)))
 (let ((?x630 (* s s)))
 (let ((?x662 (* 3 ?x630)))
 (let ((?x3015 (+ (* (- 24) (* s r)) ?x644 (* 36 (* r00 x r)) ?x3000 ?x662 (* 54 (* x r)) (* (- 6) (* s00 x)) (* 4 (* r00 s s)) ?x3655 (* (- 6) (* x00 s)) (* 12 (* s00 s)) (* (- 2) (* r00 s00 s)) ?x901 (* 2 (* s s r)) (* 6 (* x s)) (* (- 4) (* s00 s00 r)) ?x2803 ?x985 ?x1011 (* 2 (* s00 s r)) (* (- 36) (* r00 x00 r)) (* 54 (* r00 x)) ?x1082 ?x2333 (* (- 54) (* x00 r)) ?x143 (* 24 (* s00 r)) (* (- 24) (* r00 s)) (* 36 (* r00 r00 x)))))
 (let ((?x1944 (* r00 x)))
 (let ((?x1945 (* 18 ?x1944)))
 (let ((?x631 (* 2 ?x630)))
 (let ((?x1517 (+ (* (- 9) (* s r)) ?x621 ?x1602 ?x631 (* 18 (* x r)) (* 6 (* r00 s r)) (* (- 6) ?x1873) ?x689 ?x1945 ?x463 ?x2763 (* (- 18) (* x00 r)) ?x47 (* 9 (* s00 r)) (* 2 (* s00 s)) (* (- 9) (* r00 s)) (* (- 6) (* r00 s00 r)))))
 (let ((?x3073 (+ (* (- 2) (* s r)) (* 12 (* r00 r00 r)) (* (- 3) r) ?x463 ?x47 ?x48 (* (- 4) (* s00 r)) ?x944 ?x533 ?x59 ?x568)))
 (let (($x3308 (= (+ s00 ?x363 (* 3 (* r r)) ?x2266) 0)))
 (let (($x1406 (and $x3308 (= ?x3073 0) (= ?x1517 0) (= ?x3015 0) $x3843 $x3968)))
 (let ((?x232 (- x s)))
 (let ((?x215 (+ r 1)))
 (let ((?x212 (+ s ?x211 3)))
 (let ((?x227 (* 3 ?x212)))
 (let ((?x82 (* 6 r00 r00 s00)))
 (let ((?x44 (* 3 s00)))
 (let ((?x76 (* 4 s00 s00)))
 (let ((?x70 (* 9 r00 s00)))
 (let ((?x244 (+ (- (* (- 9) ?x215 ?x212) (* 18 r00 x00)) ?x70 (* 2 ?x212 ?x212) (* 18 ?x215 ?x232) (* 6 ?x215 r00 ?x212))))
 (let ((?x249 (+ (- (- ?x244 (* 6 r00 r00 ?x212)) ?x76) (* 18 r00 ?x232))))
 (let ((?x256 (+ (- (+ (- ?x249 ?x44) ?x82) (* 18 ?x215 x00)) ?x227 (* 9 ?x215 s00) (* 2 ?x212 s00))))
 (let ((?x260 (- (- ?x256 (* 9 r00 ?x212)) (* 6 ?x215 r00 s00))))
 (let (($x356 (= (* ?x260 (+ (* (- 10) ?x215 ?x215) (* 6 ?x215 ?x215 ?x232 ?x232))) 0)))
 (let ((?x208 (* 108 x00 x00)))
 (let ((?x299 (* 9 ?x212)))
 (let ((?x139 (* 36 r00 r00 s00)))
 (let ((?x197 (* 51 s00 s00)))
 (let ((?x284 (* 36 r00 r00 ?x212)))
 (let ((?x192 (* 16 s00 s00 s00)))
 (let ((?x186 (* 108 s00 x00)))
 (let ((?x177 (* 216 r00 r00 r00 s00)))
 (let ((?x175 (* 108 r00 s00 s00)))
 (let ((?x169 (* 432 r00 r00 r00 x00)))
 (let ((?x161 (* 36 r00 r00 s00 s00)))
 (let ((?x157 (- (+ (* 216 r00 s00 x00) (* 108 r00 x00)) (* 54 r00 s00))))
 (let ((?x313 (- (- (+ ?x157 (* 15 ?x212 ?x212)) (* 216 r00 r00 r00 ?x212)) ?x161)))
 (let ((?x319 (- (- (+ (- ?x313 (* 4 ?x212 ?x212 ?x212)) (* 108 ?x232 ?x232)) ?x169) (* 12 ?x212 ?x212 s00))))
 (let ((?x325 (+ (- (+ ?x319 (* 108 s00 ?x232)) ?x175) ?x177 (* 108 ?x212 x00) (* 432 r00 r00 r00 ?x232))))
 (let ((?x331 (- (+ (- ?x325 (* 66 ?x212 s00)) (* 108 r00 ?x212 s00)) ?x186)))
 (let ((?x334 (+ (- ?x331 (* 216 r00 s00 ?x232)) (* 36 r00 r00 ?x212 ?x212) ?x192)))
 (let ((?x339 (- (+ (- ?x334 (* 108 ?x212 ?x232)) ?x284 ?x197) (* 108 r00 ?x232))))
 (let ((?x346 (- (+ (- (- (+ ?x339 ?x137) ?x139) ?x299) (* 54 r00 ?x212)) (* 216 ?x232 x00))))
 (let ((?x126 (* 15 s00 s00)))
 (let ((?x124 (* 36 r00 r00 x00)))
 (let ((?x118 (* 6 s00 x00)))
 (let ((?x110 (* 2 r00 s00 s00)))
 (let ((?x102 (* 24 r00 s00)))
 (let ((?x268 (+ (- (* (- 24) ?x215 ?x212) (* 54 r00 x00)) (* 36 ?x215 r00 ?x232) ?x102 (* 3 ?x212 ?x212) (* 54 ?x215 ?x232))))
 (let ((?x274 (- (+ (- ?x268 (* 6 s00 ?x232)) (* 4 r00 ?x212 ?x212)) ?x110)))
 (let ((?x279 (- (+ (- ?x274 (* 6 ?x212 x00)) (* 12 ?x212 s00)) (* 2 r00 ?x212 s00))))
 (let ((?x285 (- (+ ?x279 ?x118 (* 2 ?x215 ?x212 ?x212) (* 6 ?x212 ?x232)) (* 4 ?x215 s00 s00))))
 (let ((?x292 (- (+ (- (- (- ?x285 ?x284) ?x124) ?x126) (* 2 ?x215 ?x212 s00)) (* 36 ?x215 r00 x00))))
 (let ((?x298 (- (+ (- (+ ?x292 (* 54 r00 ?x232)) ?x137) ?x139) (* 54 ?x215 x00))))
 (let ((?x305 (+ (- (+ ?x298 ?x299 (* 24 ?x215 s00)) (* 24 r00 ?x212)) (* 36 r00 r00 ?x232))))
 (let ((?x61 (* 12 r00 r00 r00)))
 (let ((?x54 (* 6 r00 s00)))
 (let ((?x225 (- (+ (* (- 2) ?x215 ?x212) (* 12 ?x215 r00 r00)) (* 3 ?x215))))
 (let ((?x234 (- (+ (- (+ (- ?x225 ?x44) ?x227 ?x48) (* 4 ?x215 s00)) ?x54) (* 6 ?x232))))
 (let (($x219 (= (- (+ (- s00 ?x212) (* 3 ?x215 ?x215)) (* 3 r00 r00)) 0)))
 (let (($x358 (or (not $x219) (not (= (- (+ ?x234 ?x59) ?x61) 0)) (not (= ?x260 0)) (not (= ?x305 0)) (not (= (+ ?x346 ?x208) 0)) (not $x356))))
 (let ((?x123 (* 36 r00 r00 s)))
 (let ((?x164 (- (- (+ ?x157 (* 15 s s)) (* 216 r00 r00 r00 s)) ?x161)))
 (let ((?x172 (- (- (+ (- ?x164 (* 4 s s s)) (* 108 x x)) ?x169) (* 12 s s s00))))
 (let ((?x180 (+ (- (+ ?x172 (* 108 s00 x)) ?x175) ?x177 (* 108 s x00) (* 432 r00 r00 r00 x))))
 (let ((?x188 (- (+ (- ?x180 (* 66 s s00)) (* 108 r00 s s00)) ?x186)))
 (let ((?x193 (+ (- ?x188 (* 216 r00 s00 x)) (* 36 r00 r00 s s) ?x192)))
 (let ((?x200 (- (+ (- ?x193 (* 108 s x)) ?x123 ?x197) (* 108 r00 x))))
 (let ((?x207 (- (+ (- (- (+ ?x200 ?x137) ?x139) ?x143) (* 54 r00 s)) (* 216 x x00))))
 (let ((?x105 (+ (- (* (- 24) r s) (* 54 r00 x00)) (* 36 r r00 x) ?x102 (* 3 s s) (* 54 r x))))
 (let ((?x112 (- (+ (- ?x105 (* 6 s00 x)) (* 4 r00 s s)) ?x110)))
 (let ((?x117 (- (+ (- ?x112 (* 6 s x00)) (* 12 s s00)) (* 2 r00 s s00))))
 (let ((?x127 (- (+ ?x117 ?x118 (* 2 r s s) (* 6 s x)) (* 4 r s00 s00))))
 (let ((?x134 (- (+ (- (- (- ?x127 ?x123) ?x124) ?x126) (* 2 r s s00)) (* 36 r r00 x00))))
 (let ((?x142 (- (+ (- (+ ?x134 (* 54 r00 x)) ?x137) ?x139) (* 54 r x00))))
 (let ((?x149 (+ (- (+ ?x142 ?x143 (* 24 r s00)) (* 24 r00 s)) (* 36 r00 r00 x))))
 (let ((?x74 (+ (- (* (- 9) r s) (* 18 r00 x00)) ?x70 (* 2 s s) (* 18 r x) (* 6 r r00 s))))
 (let ((?x80 (+ (- (- ?x74 (* 6 r00 r00 s)) ?x76) (* 18 r00 x))))
 (let ((?x88 (+ (- (+ (- ?x80 ?x44) ?x82) (* 18 r x00)) ?x47 (* 9 r s00) (* 2 s s00))))
 (let (($x93 (= (- (- ?x88 (* 9 r00 s)) (* 6 r r00 s00)) 0)))
 (let ((?x56 (* 6 x)))
 (let ((?x43 (* 3 r)))
 (let ((?x46 (- (- (+ (* (- 2) r s) (* 12 r r00 r00)) ?x43) ?x44)))
 (let ((?x60 (+ (- (+ (- (+ ?x46 ?x47 ?x48) (* 4 r s00)) ?x54) ?x56) ?x59)))
 (let (($x36 (= (- (+ (- s00 s) (* 3 r r)) (* 3 r00 r00)) 0)))
 (let (($x359 (and $x36 (= (- ?x60 ?x61) 0) $x93 (= ?x149 0) (= (+ ?x207 ?x208) 0) $x358)))
 (rewrite (= $x359 $x1406)))))))))))))))))))))))))))))))))))))))))))))))))))))))))))))))))))))))))))))))))))))))))))))))))))))))))))))))))))))))))))))))))))))))))))))))))))))))))))))))))))))))))))))))))))))
 ))
 (let ((@x361 (asserted $x360)))
 (let ((@x443 (mp (mp @x361 (quant-intro (proof-bind ?x3986) (= $x360 $x3974)) $x3974) (rewrite (= $x3974 $x3974)) $x3974)))
 (let ((@x2168 (mp (mp @x443 (quant-intro (proof-bind ?x2305) (= $x3974 $x2476)) $x2476) (quant-intro (proof-bind ?x1939) (= $x2476 $x1937)) $x1937)))
 (let ((@x2930 (mp (mp~ @x2168 (sk (~ $x1937 $x1636)) $x1636) (rewrite (= $x1636 $x1735)) $x1735)))
 (let ((@x727 (and-elim @x2930 $x995)))
 (let ((@x937 (unit-resolution ((_ th-lemma arith triangle-eq) (or (not $x995) $x1563)) @x727 $x1563)))
 (let (($x3967 (>= ?x2612 0)))
 (let ((@x3748 (unit-resolution ((_ th-lemma arith triangle-eq) (or (not $x995) $x3967)) @x727 $x3967)))
 (let (($x3760 (<= ?x3257 0)))
 (let ((@x1447 (and-elim @x2930 $x597)))
 (let ((@x503 (unit-resolution ((_ th-lemma arith triangle-eq) (or $x3139 $x3760)) @x1447 $x3760)))
 (let (($x1566 (>= ?x3257 0)))
 (let ((@x3332 (unit-resolution ((_ th-lemma arith triangle-eq) (or $x3139 $x1566)) @x1447 $x1566)))
 (let (($x3610 (<= ?x2064 0)))
 (let ((@x3710 (and-elim @x2930 $x2065)))
 (let ((@x1548 (unit-resolution ((_ th-lemma arith triangle-eq) (or (not $x2065) $x3610)) @x3710 $x3610)))
 (let (($x3759 (>= ?x2064 0)))
 (let ((@x2746 (unit-resolution ((_ th-lemma arith triangle-eq) (or (not $x2065) $x3759)) @x3710 $x3759)))
 (let (($x3756 (<= ?x1609 0)))
 (let ((@x3731 (and-elim @x2930 $x1613)))
 (let ((@x3614 (unit-resolution ((_ th-lemma arith triangle-eq) (or (not $x1613) $x3756)) @x3731 $x3756)))
 (let (($x1213 (>= ?x1609 0)))
 (let ((@x3289 (unit-resolution ((_ th-lemma arith triangle-eq) (or (not $x1613) $x1213)) @x3731 $x1213)))
 (let (($x847 (<= ?x1872 0)))
 (let ((@x3730 (and-elim @x2930 $x1896)))
 (let ((@x3554 (unit-resolution ((_ th-lemma arith triangle-eq) (or (not $x1896) $x847)) @x3730 $x847)))
 (let (($x2993 (>= ?x1872 0)))
 (let ((@x2504 (unit-resolution ((_ th-lemma arith triangle-eq) (or (not $x1896) $x2993)) @x3730 $x2993)))
 (let (($x1650 (<= ?x1446 0)))
 (let (($x885 (<= ?x1190 0)))
 (let ((@x1332 ((_ th-lemma arith) (hypothesis (not $x885)) @x3332 @x503 @x3289 @x3614 @x3289 @x3614 @x2504 @x3554 @x2746 @x1548 @x2746 @x1548 @x2504 @x3554 @x3332 @x503 @x3332 @x503 @x3748 @x937 false)))
 (let ((@x848 (lemma @x1332 $x885)))
 (let (($x3240 (>= ?x1190 0)))
 (let ((@x3523 ((_ th-lemma arith) (hypothesis (not $x3240)) @x3332 @x503 @x3289 @x3614 @x3289 @x3614 @x2504 @x3554 @x2746 @x1548 @x2746 @x1548 @x2504 @x3554 @x3332 @x503 @x3332 @x503 @x3748 @x937 false)))
 (let ((@x622 (lemma @x3523 $x3240)))
 (let ((@x3813 ((_ th-lemma arith) (hypothesis (not $x1650)) @x3332 @x503 @x2504 @x3554 @x3289 @x3614 @x2504 @x3554 @x3289 @x3614 @x2746 @x1548 @x3289 @x3614 @x2746 @x1548 @x2504 @x3554 @x3332 @x503 @x3289 @x3614 @x2746 @x1548 @x3332 @x503 @x622 @x848 @x3332 @x503 @x2746 @x1548 @x2504 @x3554 @x3748 @x937 @x3332 @x503 false)))
 (let ((@x817 (lemma @x3813 $x1650)))
 (let (($x2404 (>= ?x1446 0)))
 (let ((@x1647 ((_ th-lemma arith) (hypothesis (not $x2404)) @x3332 @x503 @x2504 @x3554 @x3289 @x3614 @x2504 @x3554 @x3289 @x3614 @x2746 @x1548 @x3289 @x3614 @x2746 @x1548 @x2504 @x3554 @x3332 @x503 @x3289 @x3614 @x2746 @x1548 @x3332 @x503 @x622 @x848 @x3332 @x503 @x2746 @x1548 @x2504 @x3554 @x3748 @x937 @x3332 @x503 false)))
 (let ((@x2320 (lemma @x1647 $x2404)))
 (let (($x3570 (not (<= ?x1886 0))))
 (let ((@x1786 (unit-resolution ((_ th-lemma arith triangle-eq) (or $x2244 (not $x1650) (not $x2404))) @x2320 (or $x2244 (not $x1650)))))
 (let ((@x3049 (unit-resolution (hypothesis $x3819) ((_ th-lemma arith eq-propagate 0 0 0 0) @x622 @x848 @x622 @x848 $x1175) false)))
 (let ((@x1714 (unit-resolution ((_ th-lemma arith triangle-eq) (or $x2907 (not $x885) (not $x3240))) @x848 @x622 $x2907)))
 (let ((@x3130 (unit-resolution (hypothesis $x2692) ((_ th-lemma arith eq-propagate -4 -4 -1 -1) @x3332 @x503 @x3748 @x937 $x1661) false)))
 (let ((@x1867 (unit-resolution (and-elim @x2930 $x2644) @x1447 (or $x2692 $x2914 $x2917 $x836 $x3819))))
 (let ((@x1596 (unit-resolution @x1867 (lemma @x3130 $x1661) @x1714 (lemma @x3049 $x1175) (or $x2917 $x836))))
 (let (($x2632 (>= ?x1886 0)))
 (let ((@x1885 ((_ th-lemma arith) (hypothesis (not $x2632)) @x3332 @x503 @x2504 @x3554 @x3289 @x3614 @x622 @x848 @x3289 @x3614 @x3289 @x3614 @x2746 @x1548 @x2320 @x817 @x2746 @x1548 @x2746 @x1548 @x3332 @x503 @x2504 @x3554 @x3332 @x503 @x2504 @x3554 @x2504 @x3554 @x3289 @x3614 @x3748 @x937 @x3332 @x503 @x2746 @x1548 @x3332 @x503 @x3748 @x937 false)))
 (let ((@x3822 (unit-resolution ((_ th-lemma arith triangle-eq) (or $x1405 $x3570 (not $x2632))) (lemma @x1885 $x2632) (unit-resolution @x1596 (unit-resolution @x1786 @x817 $x2244) $x836) $x3570)))
 ((_ th-lemma arith) @x3822 @x3332 @x503 @x2504 @x3554 @x3289 @x3614 @x622 @x848 @x3289 @x3614 @x3289 @x3614 @x2746 @x1548 @x2320 @x817 @x2746 @x1548 @x2746 @x1548 @x3332 @x503 @x2504 @x3554 @x3332 @x503 @x2504 @x3554 @x2504 @x3554 @x3289 @x3614 @x3748 @x937 @x3332 @x503 @x2746 @x1548 @x3332 @x503 @x3748 @x937 false)))))))))))))))))))))))))))))))))))))))))))))))))))))))))))))))))))))))))))))))))))))))))))))))))))))))))))))))))))))))))))))))))))))))))))))))))))))))))))))))))))))))))))))))))))))))))))))))))))))))))))))))))))))))))))))))))))))))))))))))))))))))))))))))))))))))))))))))))))))))))

(:added-eqs                 11
 :arith-assert-diseq        11
 :arith-assert-lower        93
 :arith-assert-upper        26
 :arith-branch-var          1
 :arith-conflicts           6
 :arith-eq-adapter          10
 :arith-fixed-eqs           2
 :arith-gcd-tests           16
 :arith-grobner             6
 :arith-ineq-splits         1
 :arith-max-min             1687
 :arith-nonlinear-bounds    76
 :arith-nonlinear-horner    49
 :arith-num-rows            10
 :arith-patches             13
 :arith-patches_succ        12
 :arith-pivots              10
 :arith-pseudo-nonlinear    2
 :arith-row-summations      30
 :arith-tableau-max-columns 146
 :arith-tableau-max-rows    10
 :conflicts                 8
 :decisions                 21
 :del-clause                29
 :final-checks              14
 :max-memory                5.44
 :memory                    3.58
 :mk-bool-var               37
 :mk-clause                 36
 :num-allocs                205225825
 :num-checks                1
 :propagations              50
 :rlimit-count              1374893
 :time                      0.70
 :total-time                0.71)
