unsat
((set-logic NIA)
(declare-fun r!2 () Int)
(declare-fun s!1 () Int)
(declare-fun x!0 () Int)
(proof
(let ((?x3761 (* r!2 r!2)))
 (let ((?x1855 (* 3 ?x3761)))
 (let ((?x1498 (* (- 1) s!1)))
 (let ((?x380 (* r00 r00)))
 (let ((?x394 (* (- 3) ?x380)))
 (let ((?x2478 (+ s00 ?x394 ?x1498 ?x1855)))
 (let (($x2194 (<= ?x2478 0)))
 (let (($x3099 (= ?x2478 0)))
 (let ((?x3792 (* 108 ?x3761)))
 (let ((?x2410 (* r!2 r!2 r!2)))
 (let ((?x2419 (* 72 ?x2410)))
 (let ((?x1546 (* 36 r!2)))
 (let ((?x1712 (* s!1 s!1)))
 (let ((?x2315 (* (- 1) ?x1712)))
 (let ((?x968 (* r00 r00 x00)))
 (let ((?x981 (* (- 36) ?x968)))
 (let ((?x896 (* s00 x00)))
 (let ((?x897 (* 6 ?x896)))
 (let ((?x893 (* s!1 x!0)))
 (let ((?x2063 (* 6 ?x893)))
 (let ((?x773 (* s00 s00 r00)))
 (let ((?x791 (* (- 2) ?x773)))
 (let ((?x728 (* s00 r00 r00)))
 (let ((?x1091 (* 36 ?x728)))
 (let ((?x672 (* s00 s00)))
 (let ((?x3736 (* (- 19) ?x672)))
 (let ((?x1018 (* 72 x!0)))
 (let ((?x603 (* r00 x00)))
 (let ((?x3731 (* (- 90) ?x603)))
 (let ((?x507 (* s00 r00)))
 (let ((?x3730 (* 18 ?x507)))
 (let ((?x2871 (* (- 57) s!1)))
 (let ((?x1965 (* (- 108) ?x380)))
 (let ((?x1964 (* (- 72) x00)))
 (let ((?x2956 (* (- 36) r00)))
 (let ((?x1963 (* 57 s00)))
 (let ((?x2105 (+ ?x1963 ?x2956 ?x1964 ?x1965 ?x2871 ?x3730 ?x3731 ?x1018 ?x3736 ?x1091 ?x791 ?x2063 ?x897 (* (- 6) (* x00 s!1)) (* 24 (* s!1 r!2 r!2)) ?x981 (* 36 (* r00 r00 x!0)) (* (- 42) (* s!1 r!2)) (* (- 12) (* s00 r00 r!2)) (* (- 90) (* x00 r!2)) (* 4 (* r00 s!1 s!1)) (* (- 2) (* s00 r00 s!1)) (* 2 (* s!1 s!1 r!2)) ?x2315 (* 12 (* r00 s!1 r!2)) (* 114 (* s00 r!2)) (* 144 (* r00 r!2 r!2)) ?x1546 (* (- 4) (* s00 s00 r!2)) (* 12 (* s00 r!2 r!2)) ?x2419 (* (- 36) (* r00 x00 r!2)) (* 2 (* s00 s!1 r!2)) (* (- 216) (* r00 r00 r!2)) (* 36 (* r00 x!0 r!2)) (* 20 (* s00 s!1)) (* (- 90) (* r00 s!1)) (* 90 (* r00 x!0)) (* (- 72) (* r00 r00 s!1)) (* (- 6) (* s00 x!0)) (* 90 (* x!0 r!2)) ?x3792)))
 (let (($x2920 (= ?x2105 0)))
 (let (($x2359 (not $x2920)))
 (let ((?x3500 (* 12 ?x3761)))
 (let ((?x2691 (* r00 r00 r!2)))
 (let ((?x2954 (* (- 12) ?x2691)))
 (let ((?x2640 (* 3 r!2)))
 (let ((?x1803 (* s00 r!2)))
 (let ((?x1615 (* 4 ?x1803)))
 (let ((?x1048 (* s!1 r!2)))
 (let ((?x799 (* 2 ?x1048)))
 (let ((?x2581 (* 6 x!0)))
 (let ((?x550 (* r00 r00 r00)))
 (let ((?x551 (* 12 ?x550)))
 (let ((?x585 (* (- 6) ?x507)))
 (let ((?x3664 (* (- 7) s!1)))
 (let ((?x2007 (* (- 12) ?x380)))
 (let ((?x582 (* (- 6) x00)))
 (let ((?x581 (* (- 3) r00)))
 (let ((?x1550 (* 7 s00)))
 (let ((?x3272 (+ ?x1550 ?x581 ?x582 ?x2007 ?x3664 ?x585 ?x551 ?x2581 ?x799 ?x1615 ?x2640 ?x2954 ?x3500)))
 (let (($x2361 (= ?x3272 0)))
 (let (($x2349 (not $x2361)))
 (let ((?x1852 (+ 1 r!2)))
 (let (($x2038 (= (* ?x1852 ?x1852 (+ 3 s!1 (* 6 r!2)) ?x2478) 0)))
 (let (($x1833 (not $x2038)))
 (let ((?x3831 (* 18 ?x3761)))
 (let ((?x3379 (* 9 r!2)))
 (let ((?x2387 (* 2 ?x1712)))
 (let ((?x729 (* 6 ?x728)))
 (let ((?x685 (* (- 4) ?x672)))
 (let ((?x3775 (* 18 x!0)))
 (let ((?x617 (* (- 18) ?x603)))
 (let ((?x2270 (* 3 ?x507)))
 (let ((?x3774 (* (- 12) s!1)))
 (let ((?x1115 (* (- 18) ?x380)))
 (let ((?x1775 (* (- 18) x00)))
 (let ((?x1774 (* (- 9) r00)))
 (let ((?x1570 (* 12 s00)))
 (let ((?x2473 (+ ?x1570 ?x1774 ?x1775 ?x1115 ?x3774 ?x2270 ?x617 ?x3775 ?x685 ?x729 (* (- 3) ?x1048) (* (- 6) (* s00 r00 r!2)) (* (- 18) (* x00 r!2)) ?x2387 (* 6 (* r00 s!1 r!2)) (* 21 ?x1803) (* 36 (* r00 r!2 r!2)) ?x3379 (* (- 36) ?x2691) (* 2 (* s00 s!1)) (* (- 21) (* r00 s!1)) (* 18 (* r00 x!0)) (* (- 6) (* r00 r00 s!1)) (* 18 (* x!0 r!2)) ?x3831)))
 (let (($x2336 (= ?x2473 0)))
 (let (($x1407 (not $x2336)))
 (let (($x1402 (not $x3099)))
 (let ((?x2207 (* 756 ?x3761)))
 (let ((?x3464 (* s!1 s!1 s!1)))
 (let ((?x3494 (* 4 ?x3464)))
 (let ((?x669 (* 864 ?x2410)))
 (let ((?x1683 (* 162 r!2)))
 (let ((?x2394 (* (- 195) ?x1712)))
 (let ((?x1451 (* x00 x00)))
 (let ((?x1481 (* (- 108) ?x1451)))
 (let ((?x1289 (* s00 s00 s00)))
 (let ((?x1480 (* (- 16) ?x1289)))
 (let ((?x1182 (* x!0 x!0)))
 (let ((?x3465 (* (- 108) ?x1182)))
 (let ((?x1177 (* s00 r00 r00 r00)))
 (let ((?x1476 (* (- 216) ?x1177)))
 (let ((?x1003 (* r00 r00 r00 x00)))
 (let ((?x1004 (* 432 ?x1003)))
 (let ((?x1234 (* 108 ?x896)))
 (let ((?x716 (* 324 ?x893)))
 (let ((?x860 (* s00 s00 r00 r00)))
 (let ((?x861 (* 36 ?x860)))
 (let ((?x1131 (* 108 ?x773)))
 (let ((?x1470 (* (- 51) ?x672)))
 (let ((?x1687 (* 324 x!0)))
 (let ((?x1467 (* (- 108) ?x603)))
 (let ((?x599 (* s00 r00 x00)))
 (let ((?x1466 (* (- 216) ?x599)))
 (let ((?x3862 (* 648 ?x550)))
 (let ((?x2552 (* (- 270) ?x507)))
 (let ((?x2624 (* (- 297) s!1)))
 (let ((?x2548 (* (- 432) ?x380)))
 (let ((?x3856 (* (- 324) x00)))
 (let ((?x2546 (* (- 162) r00)))
 (let ((?x3855 (* 297 s00)))
 (let ((?x1192 (+ ?x3855 ?x2546 ?x3856 ?x2548 ?x2624 ?x2552 ?x3862 ?x1466 ?x1467 ?x1687 ?x1470 (* 216 (* x00 x!0)) ?x1091 ?x1131 ?x861 ?x716 ?x1234 (* (- 324) (* x00 s!1)) (* 432 (* s!1 r!2 r!2)) ?x1004 (* (- 396) ?x1048) ?x1476 ?x3465 (* (- 648) (* s00 r00 r!2)) ?x1480 (* (- 648) (* x00 r!2)) ?x1481 (* (- 324) (* s00 r00 s!1)) (* 72 (* s!1 s!1 r!2)) ?x2394 (* 12 (* s00 s!1 s!1)) (* (- 432) (* r00 r00 r00 x!0)) (* 216 (* s00 r00 x!0)) (* 828 ?x1803) ?x1683 (* (- 324) (* r00 r!2)) (* (- 36) (* r00 r00 s!1 s!1)) (* 432 (* s00 r!2 r!2)) (* (- 1296) (* r00 r00 r!2 r!2)) ?x669 (* 144 (* s00 s!1 r!2)) (* (- 1512) ?x2691) (* 246 (* s00 s!1)) (* 1296 (* r00 r00 r00 r!2)) (* (- 162) (* r00 s!1)) (* (- 432) (* r00 r00 s!1 r!2)) (* 108 (* r00 x!0)) (* (- 252) (* r00 r00 s!1)) (* 648 (* r00 r00 r00 s!1)) (* (- 108) (* s00 x!0)) ?x3494 (* 648 (* x!0 r!2)) ?x2207)))
 (let (($x3108 (= ?x1192 0)))
 (let (($x945 (not $x3108)))
 (let (($x2938 (or $x945 $x1402 $x1407 $x1833 $x2349 $x2359)))
 (let ((?x3310 (* r00 r00 s!1)))
 (let ((?x1711 (* 36 ?x3310)))
 (let ((?x2661 (* 108 ?x1451)))
 (let ((?x2645 (* 16 ?x1289)))
 (let ((?x610 (* (- 432) ?x1003)))
 (let ((?x2183 (* (- 108) ?x896)))
 (let ((?x1379 (* (- 36) ?x728)))
 (let ((?x3409 (* 51 ?x672)))
 (let ((?x1902 (* 108 ?x603)))
 (let ((?x2182 (* (- 9) s!1)))
 (let ((?x137 (* 9 s00)))
 (let ((?x3412 (+ ?x137 ?x2182 (* (- 54) ?x507) (* 216 ?x599) ?x1902 ?x3409 (* (- 216) (* x00 x!0)) ?x1379 (* (- 108) ?x773) (* (- 36) ?x860) (* (- 108) ?x893) ?x2183 (* 108 (* x00 s!1)) ?x610 (* 216 ?x1177) (* 108 ?x1182) ?x2645 ?x2661 (* 108 (* s00 r00 s!1)) (* 15 ?x1712) (* (- 12) (* s00 s!1 s!1)) (* 432 (* r00 r00 r00 x!0)) (* (- 216) (* s00 r00 x!0)) (* 36 (* r00 r00 s!1 s!1)) (* (- 66) (* s00 s!1)) (* 54 (* r00 s!1)) (* (- 108) (* r00 x!0)) ?x1711 (* (- 216) (* r00 r00 r00 s!1)) (* 108 (* s00 x!0)) (* (- 4) ?x3464))))
 (let (($x1734 (= ?x3412 0)))
 (let ((?x969 (* 36 ?x968)))
 (let ((?x3024 (* (- 6) ?x896)))
 (let ((?x774 (* 2 ?x773)))
 (let ((?x2084 (* 15 ?x672)))
 (let ((?x835 (* 54 ?x603)))
 (let ((?x1624 (+ ?x137 ?x2182 (* (- 24) ?x507) ?x835 ?x2084 ?x1379 ?x774 (* (- 6) ?x893) ?x3024 (* 6 (* x00 s!1)) ?x969 (* (- 36) (* r00 r00 x!0)) (* 24 ?x1048) (* 54 (* x00 r!2)) (* (- 4) (* r00 s!1 s!1)) (* 2 (* s00 r00 s!1)) (* (- 2) (* s!1 s!1 r!2)) (* (- 3) ?x1712) (* (- 24) ?x1803) (* 4 (* s00 s00 r!2)) (* 36 (* r00 x00 r!2)) (* (- 2) (* s00 s!1 r!2)) (* (- 36) (* r00 x!0 r!2)) (* (- 12) (* s00 s!1)) (* 24 (* r00 s!1)) (* (- 54) (* r00 x!0)) ?x1711 (* 6 (* s00 x!0)) (* (- 54) (* x!0 r!2)))))
 (let (($x2209 (= ?x1624 0)))
 (let ((?x2242 (* (- 6) ?x728)))
 (let ((?x673 (* 4 ?x672)))
 (let ((?x604 (* 18 ?x603)))
 (let ((?x2648 (* (- 3) s!1)))
 (let ((?x44 (* 3 s00)))
 (let ((?x3411 (+ ?x44 ?x2648 (* (- 9) ?x507) ?x604 ?x673 ?x2242 (* 9 ?x1048) (* 6 (* s00 r00 r!2)) (* 18 (* x00 r!2)) (* (- 2) ?x1712) (* (- 6) (* r00 s!1 r!2)) (* (- 9) ?x1803) (* (- 2) (* s00 s!1)) (* 9 (* r00 s!1)) (* (- 18) (* r00 x!0)) (* 6 ?x3310) (* (- 18) (* x!0 r!2)))))
 (let (($x1993 (= ?x3411 0)))
 (let ((?x1049 (+ ?x44 ?x581 ?x582 ?x2648 ?x585 ?x551 ?x2581 ?x799 ?x1615 ?x2640 ?x2954)))
 (let (($x1930 (= ?x1049 0)))
 (let (($x2340 (and $x3099 $x1930 $x1993 $x2209 $x1734 $x2938)))
 (let ((?x2682 (* 216 (* x!0 x00))))
 (let ((?x3395 (* (- 36) (* s!1 s!1 r00 r00))))
 (let ((?x1209 (* 216 (* x!0 s00 r00))))
 (let ((?x3394 (* (- 432) (* x!0 r00 r00 r00))))
 (let ((?x2115 (* 12 (* s!1 s!1 s00))))
 (let ((?x2333 (* x!0 s00)))
 (let ((?x3104 (* (- 108) ?x2333)))
 (let ((?x2010 (* x!0 r00)))
 (let ((?x2836 (* 108 ?x2010)))
 (let ((?x3393 (+ ?x1683 ?x2624 ?x1687 ?x3855 ?x2546 ?x3856 ?x2207 ?x2548 (* (- 396) (* r!2 s!1)) (* (- 1512) (* r!2 r00 r00)) (* 828 (* r!2 s00)) ?x2552 ?x3862 ?x1466 ?x1467 ?x2394 (* 648 (* r!2 x!0)) (* (- 252) (* s!1 r00 r00)) ?x1470 ?x2836 ?x3104 ?x1091 (* (- 648) (* r!2 x00)) (* 648 (* s!1 r00 r00 r00)) (* 246 (* s!1 s00)) ?x1131 (* (- 162) (* s!1 r00)) (* (- 648) (* r!2 s00 r00)) (* (- 324) (* s!1 x00)) ?x861 (* (- 324) (* s!1 s00 r00)) ?x1234 (* 72 (* r!2 s!1 s!1)) ?x716 ?x3494 ?x3465 ?x1004 (* 144 (* r!2 s!1 s00)) ?x2115 ?x1476 (* (- 1296) (* r!2 r!2 r00 r00)) ?x3394 ?x1209 ?x3395 ?x1480 ?x2682 ?x1481 (* (- 324) (* r!2 r00)) (* 1296 (* r!2 r00 r00 r00)) (* (- 432) (* r!2 s!1 r00 r00)) ?x669 (* 432 (* r!2 r!2 s!1)) (* 432 (* r!2 r!2 s00)))))
 (let ((?x2899 (* r!2 s00 r00)))
 (let ((?x2902 (* (- 6) ?x2899)))
 (let ((?x2059 (* s!1 s00)))
 (let ((?x2204 (* 2 ?x2059)))
 (let ((?x2277 (* r!2 x00)))
 (let ((?x2289 (* (- 18) ?x2277)))
 (let ((?x2516 (* 18 ?x2010)))
 (let ((?x2276 (* s!1 r00 r00)))
 (let ((?x2288 (* (- 6) ?x2276)))
 (let ((?x3463 (* r!2 s!1 r00)))
 (let ((?x2266 (* 6 ?x3463)))
 (let ((?x3678 (* r!2 x!0)))
 (let ((?x3681 (* 18 ?x3678)))
 (let ((?x2621 (+ ?x3379 ?x3774 ?x3775 ?x1570 ?x1774 ?x1775 ?x3831 ?x1115 (* (- 3) (* r!2 s!1)) (* (- 36) (* r!2 r00 r00)) (* 21 (* r!2 s00)) ?x2270 ?x617 ?x2387 ?x3681 ?x2266 ?x2288 ?x685 ?x2516 ?x729 ?x2289 ?x2204 (* (- 21) (* s!1 r00)) ?x2902 (* 36 (* r!2 r!2 r00)))))
 (let ((?x1327 (* ?x1852 ?x1852 (+ 3 (* 6 r!2) s!1) (+ ?x1498 s00 ?x1855 ?x394))))
 (let ((?x2861 (* 36 (* x!0 r00 r00))))
 (let ((?x2013 (* (- 36) (* r!2 r00 x00))))
 (let ((?x2185 (* r!2 s!1 s00)))
 (let ((?x2108 (* 2 ?x2185)))
 (let ((?x974 (* (- 4) (* r!2 s00 s00))))
 (let ((?x892 (* r!2 s!1 s!1)))
 (let ((?x1726 (* 2 ?x892)))
 (let ((?x886 (* s!1 s00 r00)))
 (let ((?x891 (* (- 2) ?x886)))
 (let ((?x2700 (* s!1 x00)))
 (let ((?x877 (* (- 6) ?x2700)))
 (let ((?x2697 (* 4 (* s!1 s!1 r00))))
 (let ((?x2486 (* (- 6) ?x2333)))
 (let ((?x3501 (* 36 (* r!2 x!0 r00))))
 (let ((?x638 (+ ?x1546 ?x2871 ?x1018 ?x1963 ?x2956 ?x1964 ?x3792 ?x1965 (* (- 42) (* r!2 s!1)) (* (- 216) (* r!2 r00 r00)) (* 114 (* r!2 s00)) ?x3730 ?x3731 ?x2315 (* 90 ?x3678) (* 12 ?x3463) (* (- 72) ?x2276) ?x3501 ?x3736 (* 90 ?x2010) ?x2486 ?x1091 (* (- 90) ?x2277) ?x2697 (* 20 ?x2059) ?x791 (* (- 90) (* s!1 r00)) (* (- 12) ?x2899) ?x877 ?x891 ?x897 ?x1726 ?x2063 ?x974 ?x981 ?x2108 ?x2013 ?x2861 (* 144 (* r!2 r!2 r00)) ?x2419 (* 24 (* r!2 r!2 s!1)) (* 12 (* r!2 r!2 s00)))))
 (let (($x2278 (= (+ s!1 (* (- 1) s00) (* (- 3) ?x3761) (* 3 ?x380)) 0)))
 (let ((?x3115 (* r!2 s00)))
 (let ((?x3116 (* 4 ?x3115)))
 (let ((?x2886 (* r!2 r00 r00)))
 (let ((?x2880 (* (- 12) ?x2886)))
 (let ((?x1652 (* r!2 s!1)))
 (let ((?x2879 (* 2 ?x1652)))
 (let ((?x2456 (+ ?x2640 ?x3664 ?x2581 ?x1550 ?x581 ?x582 ?x3500 ?x2007 ?x2879 ?x2880 ?x3116 ?x585 ?x551)))
 (let (($x840 (or (not (= ?x2456 0)) (not $x2278) (not (= ?x638 0)) (not (= ?x1327 0)) (not (= ?x2621 0)) (not (= ?x3393 0)))))
 (let ((?x2585 (* (- 36) ?x2276)))
 (let ((?x609 (* 54 ?x507)))
 (let ((?x1078 (* (- 9) s00)))
 (let ((?x2904 (* 9 s!1)))
 (let ((?x2495 (+ ?x2904 ?x1078 ?x609 ?x1466 ?x1467 (* (- 15) ?x1712) ?x2585 ?x1470 ?x2836 ?x3104 ?x1091 (* 216 (* s!1 r00 r00 r00)) (* 66 ?x2059) ?x1131 (* (- 54) (* s!1 r00)) (* (- 108) ?x2700) ?x861 (* (- 108) ?x886) ?x1234 (* 108 ?x893) ?x3494 ?x3465 ?x1004 ?x2115 ?x1476 ?x3394 ?x1209 ?x3395 ?x1480 ?x2682 ?x1481)))
 (let ((?x1007 (* (- 15) ?x672)))
 (let ((?x640 (* (- 54) ?x603)))
 (let ((?x655 (* 24 ?x507)))
 (let ((?x2452 (+ ?x2904 ?x1078 (* (- 24) ?x1652) (* 24 ?x3115) ?x655 ?x640 (* 3 ?x1712) (* 54 ?x3678) ?x2585 ?x3501 ?x1007 (* 54 ?x2010) ?x2486 ?x1091 (* (- 54) ?x2277) ?x2697 (* 12 ?x2059) ?x791 (* (- 24) (* s!1 r00)) ?x877 ?x891 ?x897 ?x1726 ?x2063 ?x974 ?x981 ?x2108 ?x2013 ?x2861)))
 (let ((?x622 (* 9 ?x507)))
 (let ((?x459 (* (- 3) s00)))
 (let ((?x2542 (+ (* 3 s!1) ?x459 (* (- 9) ?x1652) (* 9 ?x3115) ?x622 ?x617 ?x2387 ?x3681 ?x2266 ?x2288 ?x685 ?x2516 ?x729 ?x2289 ?x2204 (* (- 9) (* s!1 r00)) ?x2902)))
 (let (($x2491 (= (+ ?x2640 ?x2648 ?x2581 ?x44 ?x581 ?x582 ?x2879 ?x2880 ?x3116 ?x585 ?x551) 0)))
 (let (($x852 (and $x2278 $x2491 (= ?x2542 0) (= ?x2452 0) (= ?x2495 0) $x840)))
 (let (($x3504 (exists ((r Int) (s Int) (x Int) )(! (let ((?x3242 (* r r s00)))
 (let ((?x3896 (* 432 ?x3242)))
 (let ((?x2931 (* r r s)))
 (let ((?x3892 (* 432 ?x2931)))
 (let ((?x2916 (* r r r)))
 (let ((?x3891 (* 864 ?x2916)))
 (let ((?x3885 (* 1296 (* r r00 r00 r00))))
 (let ((?x1451 (* x00 x00)))
 (let ((?x1481 (* (- 108) ?x1451)))
 (let ((?x1426 (* 216 (* x x00))))
 (let ((?x1289 (* s00 s00 s00)))
 (let ((?x1480 (* (- 16) ?x1289)))
 (let ((?x1478 (* (- 36) (* s s r00 r00))))
 (let ((?x1260 (* 216 (* x s00 r00))))
 (let ((?x1477 (* (- 432) (* x r00 r00 r00))))
 (let ((?x1177 (* s00 r00 r00 r00)))
 (let ((?x1476 (* (- 216) ?x1177)))
 (let ((?x1062 (* 12 (* s s s00))))
 (let ((?x1020 (* r s s00)))
 (let ((?x3872 (* 144 ?x1020)))
 (let ((?x1003 (* r00 r00 r00 x00)))
 (let ((?x1004 (* 432 ?x1003)))
 (let ((?x973 (* x x)))
 (let ((?x1475 (* (- 108) ?x973)))
 (let ((?x910 (* s s s)))
 (let ((?x912 (* 4 ?x910)))
 (let ((?x900 (* r s s)))
 (let ((?x3871 (* 72 ?x900)))
 (let ((?x896 (* s00 x00)))
 (let ((?x1234 (* 108 ?x896)))
 (let ((?x860 (* s00 s00 r00 r00)))
 (let ((?x861 (* 36 ?x860)))
 (let ((?x819 (* s x00)))
 (let ((?x3869 (* (- 324) ?x819)))
 (let ((?x773 (* s00 s00 r00)))
 (let ((?x1131 (* 108 ?x773)))
 (let ((?x728 (* s00 r00 r00)))
 (let ((?x1091 (* 36 ?x728)))
 (let ((?x702 (* x s00)))
 (let ((?x1471 (* (- 108) ?x702)))
 (let ((?x698 (* x r00)))
 (let ((?x1337 (* 108 ?x698)))
 (let ((?x672 (* s00 s00)))
 (let ((?x1470 (* (- 51) ?x672)))
 (let ((?x630 (* r x)))
 (let ((?x3865 (* 648 ?x630)))
 (let ((?x603 (* r00 x00)))
 (let ((?x1467 (* (- 108) ?x603)))
 (let ((?x599 (* s00 r00 x00)))
 (let ((?x1466 (* (- 216) ?x599)))
 (let ((?x550 (* r00 r00 r00)))
 (let ((?x3862 (* 648 ?x550)))
 (let ((?x507 (* s00 r00)))
 (let ((?x2552 (* (- 270) ?x507)))
 (let ((?x480 (* r s00)))
 (let ((?x3861 (* 828 ?x480)))
 (let ((?x380 (* r00 r00)))
 (let ((?x2548 (* (- 432) ?x380)))
 (let ((?x3856 (* (- 324) x00)))
 (let ((?x2546 (* (- 162) r00)))
 (let ((?x3855 (* 297 s00)))
 (let ((?x3571 (* 324 x)))
 (let ((?x3601 (+ (* 162 r) (* (- 297) s) ?x3571 ?x3855 ?x2546 ?x3856 (* 756 (* r r)) ?x2548 (* (- 396) (* r s)) (* (- 1512) (* r r00 r00)) ?x3861 ?x2552 ?x3862 ?x1466 ?x1467 (* (- 195) (* s s)) ?x3865 (* (- 252) (* s r00 r00)) ?x1470 ?x1337 ?x1471 ?x1091 (* (- 648) (* r x00)) (* 648 (* s r00 r00 r00)) (* 246 (* s s00)) ?x1131 (* (- 162) (* s r00)) (* (- 648) (* r s00 r00)) ?x3869 ?x861 (* (- 324) (* s s00 r00)) ?x1234 ?x3871 (* 324 (* s x)) ?x912 ?x1475 ?x1004 ?x3872 ?x1062 ?x1476 (* (- 1296) (* r r r00 r00)) ?x1477 ?x1260 ?x1478 ?x1480 ?x1426 ?x1481 (* (- 324) (* r r00)) ?x3885 (* (- 432) (* r s r00 r00)) ?x3891 ?x3892 ?x3896)))
 (let ((?x807 (* r s00 r00)))
 (let ((?x820 (* (- 6) ?x807)))
 (let ((?x769 (* s s00)))
 (let ((?x770 (* 2 ?x769)))
 (let ((?x740 (* r x00)))
 (let ((?x753 (* (- 18) ?x740)))
 (let ((?x729 (* 6 ?x728)))
 (let ((?x699 (* 18 ?x698)))
 (let ((?x685 (* (- 4) ?x672)))
 (let ((?x646 (* s r00 r00)))
 (let ((?x659 (* (- 6) ?x646)))
 (let ((?x634 (* r s r00)))
 (let ((?x635 (* 6 ?x634)))
 (let ((?x631 (* 18 ?x630)))
 (let ((?x626 (* s s)))
 (let ((?x627 (* 2 ?x626)))
 (let ((?x617 (* (- 18) ?x603)))
 (let ((?x2270 (* 3 ?x507)))
 (let ((?x1115 (* (- 18) ?x380)))
 (let ((?x1775 (* (- 18) x00)))
 (let ((?x1774 (* (- 9) r00)))
 (let ((?x1570 (* 12 s00)))
 (let ((?x2828 (+ (* 9 r) (* (- 12) s) (* 18 x) ?x1570 ?x1774 ?x1775 (* 18 (* r r)) ?x1115 (* (- 3) (* r s)) (* (- 36) (* r r00 r00)) (* 21 ?x480) ?x2270 ?x617 ?x627 ?x631 ?x635 ?x659 ?x685 ?x699 ?x729 ?x753 ?x770 (* (- 21) (* s r00)) ?x820 (* 36 (* r r r00)))))
 (let ((?x211 (* 6 r)))
 (let ((?x1488 (+ 3 ?x211 s)))
 (let ((?x1521 (+ 1 r)))
 (let ((?x3690 (* ?x1521 ?x1521 ?x1488 (+ (* (- 1) s) s00 (* 3 (* r r)) (* (- 3) ?x380)))))
 (let ((?x1164 (* 36 (* x r00 r00))))
 (let ((?x1032 (* r r00 x00)))
 (let ((?x1045 (* (- 36) ?x1032)))
 (let ((?x1021 (* 2 ?x1020)))
 (let ((?x968 (* r00 r00 x00)))
 (let ((?x981 (* (- 36) ?x968)))
 (let ((?x916 (* r s00 s00)))
 (let ((?x929 (* (- 4) ?x916)))
 (let ((?x904 (* s x)))
 (let ((?x905 (* 6 ?x904)))
 (let ((?x901 (* 2 ?x900)))
 (let ((?x897 (* 6 ?x896)))
 (let ((?x870 (* s s00 r00)))
 (let ((?x883 (* (- 2) ?x870)))
 (let ((?x846 (* (- 6) ?x819)))
 (let ((?x791 (* (- 2) ?x773)))
 (let ((?x746 (* 4 (* s s r00))))
 (let ((?x717 (* (- 6) ?x702)))
 (let ((?x3736 (* (- 19) ?x672)))
 (let ((?x650 (* 36 (* r x r00))))
 (let ((?x3731 (* (- 90) ?x603)))
 (let ((?x3730 (* 18 ?x507)))
 (let ((?x1965 (* (- 108) ?x380)))
 (let ((?x1964 (* (- 72) x00)))
 (let ((?x2956 (* (- 36) r00)))
 (let ((?x1963 (* 57 s00)))
 (let ((?x2678 (+ (* 36 r) (* (- 57) s) (* 72 x) ?x1963 ?x2956 ?x1964 (* 108 (* r r)) ?x1965 (* (- 42) (* r s)) (* (- 216) (* r r00 r00)) (* 114 ?x480) ?x3730 ?x3731 (* (- 1) ?x626) (* 90 ?x630) (* 12 ?x634) (* (- 72) ?x646) ?x650 ?x3736 (* 90 ?x698) ?x717 ?x1091 (* (- 90) ?x740) ?x746 (* 20 ?x769) ?x791 (* (- 90) (* s r00)) (* (- 12) ?x807) ?x846 ?x883 ?x897 ?x901 ?x905 ?x929 ?x981 ?x1021 ?x1045 ?x1164 (* 144 (* r r r00)) (* 72 ?x2916) (* 24 ?x2931) (* 12 ?x3242))))
 (let (($x413 (= (+ s (* (- 1) s00) (* (- 3) (* r r)) (* 3 ?x380)) 0)))
 (let ((?x551 (* 12 ?x550)))
 (let ((?x585 (* (- 6) ?x507)))
 (let ((?x481 (* 4 ?x480)))
 (let ((?x430 (* r r00 r00)))
 (let ((?x584 (* (- 12) ?x430)))
 (let ((?x424 (* r s)))
 (let ((?x583 (* 2 ?x424)))
 (let ((?x2007 (* (- 12) ?x380)))
 (let ((?x582 (* (- 6) x00)))
 (let ((?x581 (* (- 3) r00)))
 (let ((?x1550 (* 7 s00)))
 (let ((?x56 (* 6 x)))
 (let ((?x43 (* 3 r)))
 (let ((?x3823 (+ ?x43 (* (- 7) s) ?x56 ?x1550 ?x581 ?x582 (* 12 (* r r)) ?x2007 ?x583 ?x584 ?x481 ?x585 ?x551)))
 (let (($x2577 (or (not (= ?x3823 0)) (not $x413) (not (= ?x2678 0)) (not (= ?x3690 0)) (not (= ?x2828 0)) (not (= ?x3601 0)))))
 (let ((?x1301 (* 108 ?x904)))
 (let ((?x751 (* s r00 r00 r00)))
 (let ((?x752 (* 216 ?x751)))
 (let ((?x955 (* (- 36) ?x646)))
 (let ((?x609 (* 54 ?x507)))
 (let ((?x1078 (* (- 9) s00)))
 (let ((?x143 (* 9 s)))
 (let ((?x1482 (+ ?x143 ?x1078 ?x609 ?x1466 ?x1467 (* (- 15) ?x626) ?x955 ?x1470 ?x1337 ?x1471 ?x1091 ?x752 (* 66 ?x769) ?x1131 (* (- 54) (* s r00)) (* (- 108) ?x819) ?x861 (* (- 108) ?x870) ?x1234 ?x1301 ?x912 ?x1475 ?x1004 ?x1062 ?x1476 ?x1477 ?x1260 ?x1478 ?x1480 ?x1426 ?x1481)))
 (let (($x1483 (= ?x1482 0)))
 (let ((?x1007 (* (- 15) ?x672)))
 (let ((?x658 (* 3 ?x626)))
 (let ((?x640 (* (- 54) ?x603)))
 (let ((?x655 (* 24 ?x507)))
 (let ((?x1170 (+ ?x143 ?x1078 (* (- 24) ?x424) (* 24 ?x480) ?x655 ?x640 ?x658 (* 54 ?x630) ?x955 ?x650 ?x1007 (* 54 ?x698) ?x717 ?x1091 (* (- 54) ?x740) ?x746 (* 12 ?x769) ?x791 (* (- 24) (* s r00)) ?x846 ?x883 ?x897 ?x901 ?x905 ?x929 ?x981 ?x1021 ?x1045 ?x1164)))
 (let (($x1175 (= ?x1170 0)))
 (let ((?x622 (* 9 ?x507)))
 (let ((?x459 (* (- 3) s00)))
 (let ((?x47 (* 3 s)))
 (let ((?x826 (+ ?x47 ?x459 (* (- 9) ?x424) (* 9 ?x480) ?x622 ?x617 ?x627 ?x631 ?x635 ?x659 ?x685 ?x699 ?x729 ?x753 ?x770 (* (- 9) (* s r00)) ?x820)))
 (let (($x833 (= ?x826 0)))
 (let ((?x44 (* 3 s00)))
 (let ((?x580 (* (- 3) s)))
 (let (($x587 (= (+ ?x43 ?x580 ?x56 ?x44 ?x581 ?x582 ?x583 ?x584 ?x481 ?x585 ?x551) 0)))
 (and $x413 $x587 $x833 $x1175 $x1483 $x2577))))))))))))))))))))))))))))))))))))))))))))))))))))))))))))))))))))))))))))))))))))))))))))))))))))))))))))))))))))))))))))))))))))))))))))))))))))))))))))) :qid k!40))
 ))
 (let (($x1590 (exists ((r Int) (s Int) (x Int) )(! (let ((?x2864 (* (- 54) r)))
 (let ((?x1795 (* (- 9) s)))
 (let ((?x2800 (* r00 r00 s00)))
 (let ((?x420 (* (- 36) ?x2800)))
 (let ((?x137 (* 9 s00)))
 (let ((?x672 (* s00 s00)))
 (let ((?x2084 (* 15 ?x672)))
 (let ((?x968 (* r00 r00 x00)))
 (let ((?x969 (* 36 ?x968)))
 (let ((?x211 (* 6 r)))
 (let ((?x2982 (+ 3 s ?x211)))
 (let ((?x1645 (* r00 r00 ?x2982)))
 (let ((?x3826 (* 36 ?x1645)))
 (let ((?x896 (* s00 x00)))
 (let ((?x3024 (* (- 6) ?x896)))
 (let ((?x2443 (* r00 s00 s00)))
 (let ((?x3654 (* 2 ?x2443)))
 (let ((?x2776 (* r00 s00)))
 (let ((?x2805 (* (- 24) ?x2776)))
 (let ((?x603 (* r00 x00)))
 (let ((?x835 (* 54 ?x603)))
 (let ((?x1160 (+ (* 24 (* (+ 1 r) ?x2982)) ?x835 (* (- 36) (* r00 (+ 1 r) (+ x (* (- 1) s)))) ?x2805 (* (- 3) (* ?x2982 ?x2982)) (* (- 54) (* (+ 1 r) (+ x (* (- 1) s)))) (* 6 (* s00 (+ x (* (- 1) s)))) (* (- 4) (* r00 ?x2982 ?x2982)) ?x3654 (* 6 (* x00 ?x2982)) (* (- 12) (* s00 ?x2982)) (* 2 (* r00 s00 ?x2982)) ?x3024 (* (- 2) (* (+ 1 r) ?x2982 ?x2982)) (* (- 6) (* (+ x (* (- 1) s)) ?x2982)) (* 4 (* s00 s00 (+ 1 r))) ?x3826 ?x969 ?x2084 (* (- 2) (* s00 (+ 1 r) ?x2982)) (* 36 (* r00 x00 (+ 1 r))) (* (- 54) (* r00 (+ x (* (- 1) s)))) ?x137 ?x420 (* 54 (* x00 (+ 1 r))) ?x1795 ?x2864 (* (- 24) (* s00 (+ 1 r))) (* 24 (* r00 ?x2982)) (* (- 36) (* r00 r00 (+ x (* (- 1) s)))))))
 (let ((?x1451 (* x00 x00)))
 (let ((?x2661 (* 108 ?x1451)))
 (let ((?x3409 (* 51 ?x672)))
 (let ((?x1289 (* s00 s00 s00)))
 (let ((?x2645 (* 16 ?x1289)))
 (let ((?x2183 (* (- 108) ?x896)))
 (let ((?x2500 (* 216 (* r00 r00 r00 s00))))
 (let ((?x1158 (* (- 108) ?x2443)))
 (let ((?x1003 (* r00 r00 r00 x00)))
 (let ((?x610 (* (- 432) ?x1003)))
 (let ((?x1148 (* (- 36) (* r00 r00 s00 s00))))
 (let ((?x2848 (* (- 54) ?x2776)))
 (let ((?x1902 (* 108 ?x603)))
 (let ((?x670 (* 216 (* r00 s00 x00))))
 (let ((?x2167 (+ ?x670 ?x1902 ?x2848 (* 15 (* ?x2982 ?x2982)) (* (- 216) (* r00 r00 r00 ?x2982)) ?x1148 (* (- 4) (* ?x2982 ?x2982 ?x2982)) (* 108 (* (+ x (* (- 1) s)) (+ x (* (- 1) s)))) ?x610 (* (- 12) (* s00 ?x2982 ?x2982)) (* 108 (* s00 (+ x (* (- 1) s)))) ?x1158 ?x2500 (* 108 (* x00 ?x2982)) (* 432 (* r00 r00 r00 (+ x (* (- 1) s)))) (* (- 66) (* s00 ?x2982)) (* 108 (* r00 s00 ?x2982)) ?x2183 (* (- 216) (* r00 s00 (+ x (* (- 1) s)))) (* 36 (* r00 r00 ?x2982 ?x2982)) ?x2645 (* (- 108) (* (+ x (* (- 1) s)) ?x2982)) ?x3826 ?x3409 (* (- 108) (* r00 (+ x (* (- 1) s)))) ?x137 ?x420 ?x1795 ?x2864 (* 54 (* r00 ?x2982)) (* (- 216) (* x00 (+ x (* (- 1) s)))) ?x2661)))
 (let (($x2181 (not (= ?x2167 27))))
 (let ((?x380 (* r00 r00)))
 (let ((?x394 (* (- 3) ?x380)))
 (let ((?x3540 (* 3 (* (+ 1 r) (+ 1 r)))))
 (let ((?x3491 (* (- 6) r)))
 (let ((?x359 (* (- 1) s)))
 (let ((?x1521 (+ 1 r)))
 (let (($x1595 (not (= (* ?x1521 ?x1521 ?x2982 (+ (- 3) s00 ?x359 ?x3491 ?x3540 ?x394)) 0))))
 (let (($x1151 (not (= (+ s00 ?x359 ?x3491 ?x3540 ?x394) 3))))
 (let ((?x550 (* r00 r00 r00)))
 (let ((?x551 (* 12 ?x550)))
 (let ((?x582 (* (- 6) x00)))
 (let ((?x56 (* 6 x)))
 (let ((?x1382 (* (- 6) ?x2776)))
 (let ((?x581 (* (- 3) r00)))
 (let ((?x44 (* 3 s00)))
 (let ((?x573 (+ (* 2 (* ?x1521 ?x2982)) (* (- 12) (* r00 r00 ?x1521)) (* (- 15) r) ?x44 ?x1795 ?x581 (* 4 (* s00 ?x1521)) ?x1382 ?x56 ?x582 ?x551)))
 (let ((?x580 (* (- 3) s)))
 (let ((?x1789 (* (- 6) ?x2800)))
 (let ((?x673 (* 4 ?x672)))
 (let ((?x3830 (* (- 9) ?x2776)))
 (let ((?x604 (* 18 ?x603)))
 (let ((?x2021 (+ (* 9 (* ?x1521 ?x2982)) ?x604 ?x3830 (* (- 2) (* ?x2982 ?x2982)) (* (- 18) (* ?x1521 (+ x ?x359))) (* (- 6) (* r00 ?x1521 ?x2982)) (* 6 ?x1645) ?x673 (* (- 18) (* r00 (+ x ?x359))) ?x44 ?x1789 (* 18 (* x00 ?x1521)) ?x580 (* (- 18) r) (* (- 9) (* s00 ?x1521)) (* (- 2) (* s00 ?x2982)) (* 9 (* r00 ?x2982)) (* 6 (* r00 s00 ?x1521)))))
 (let (($x2529 (or (not (= ?x2021 9)) (not (= ?x573 6)) $x1151 $x1595 $x2181 (not (= ?x1160 27)))))
 (let ((?x1903 (* r00 r00 s)))
 (let ((?x3677 (* 36 ?x1903)))
 (let ((?x779 (+ ?x670 ?x1902 ?x2848 (* 15 (* s s)) (* (- 216) (* r00 r00 r00 s)) ?x1148 (* (- 4) (* s s s)) (* 108 (* x x)) ?x610 (* (- 12) (* s00 s s)) (* 108 (* s00 x)) ?x1158 ?x2500 (* 108 (* x00 s)) (* 432 (* r00 r00 r00 x)) (* (- 66) (* s00 s)) (* 108 (* r00 s00 s)) ?x2183 (* (- 216) (* r00 s00 x)) (* 36 (* r00 r00 s s)) ?x2645 (* (- 108) (* x s)) ?x3677 ?x3409 (* (- 108) (* r00 x)) ?x137 ?x420 ?x1795 (* 54 (* r00 s)) (* (- 216) (* x00 x)) ?x2661)))
 (let (($x842 (= ?x779 0)))
 (let ((?x2985 (* r00 r00 x)))
 (let ((?x3067 (* (- 36) ?x2985)))
 (let ((?x2312 (* r00 s s)))
 (let ((?x3052 (* (- 4) ?x2312)))
 (let ((?x2305 (+ (* 24 (* s r)) ?x835 (* (- 36) (* r00 x r)) ?x2805 (* (- 3) (* s s)) (* (- 54) (* x r)) (* 6 (* s00 x)) ?x3052 ?x3654 (* 6 (* x00 s)) (* (- 12) (* s00 s)) (* 2 (* r00 s00 s)) ?x3024 (* (- 2) (* s s r)) (* (- 6) (* x s)) (* 4 (* s00 s00 r)) ?x3677 ?x969 ?x2084 (* (- 2) (* s00 s r)) (* 36 (* r00 x00 r)) (* (- 54) (* r00 x)) ?x137 ?x420 (* 54 (* x00 r)) ?x1795 (* (- 24) (* s00 r)) (* 24 (* r00 s)) ?x3067)))
 (let ((?x1974 (* r00 x)))
 (let ((?x2259 (* (- 18) ?x1974)))
 (let ((?x626 (* s s)))
 (let ((?x2240 (* (- 2) ?x626)))
 (let ((?x2487 (+ (* 9 (* s r)) ?x604 ?x3830 ?x2240 (* (- 18) (* x r)) (* (- 6) (* r00 s r)) (* 6 ?x1903) ?x673 ?x2259 ?x44 ?x1789 (* 18 (* x00 r)) ?x580 (* (- 9) (* s00 r)) (* (- 2) (* s00 s)) (* 9 (* r00 s)) (* 6 (* r00 s00 r)))))
 (let ((?x43 (* 3 r)))
 (let ((?x661 (+ (* 2 (* s r)) (* (- 12) (* r00 r00 r)) ?x43 ?x44 ?x580 ?x581 (* 4 (* s00 r)) ?x1382 ?x56 ?x582 ?x551)))
 (let (($x3156 (= (+ s00 ?x359 (* 3 (* r r)) ?x394) 0)))
 (and $x3156 (= ?x661 0) (= ?x2487 0) (= ?x2305 0) $x842 $x2529))))))))))))))))))))))))))))))))))))))))))))))))))))))))))))))))))))))))))))))) :qid k!40))
 ))
 (let ((?x2875 (lambda ((r Int) (s Int) (x Int) )(let ((?x3242 (* r r s00)))
 (let ((?x3896 (* 432 ?x3242)))
 (let ((?x2931 (* r r s)))
 (let ((?x3892 (* 432 ?x2931)))
 (let ((?x2916 (* r r r)))
 (let ((?x3891 (* 864 ?x2916)))
 (let ((?x3885 (* 1296 (* r r00 r00 r00))))
 (let ((?x1451 (* x00 x00)))
 (let ((?x1481 (* (- 108) ?x1451)))
 (let ((?x1426 (* 216 (* x x00))))
 (let ((?x1289 (* s00 s00 s00)))
 (let ((?x1480 (* (- 16) ?x1289)))
 (let ((?x1478 (* (- 36) (* s s r00 r00))))
 (let ((?x1260 (* 216 (* x s00 r00))))
 (let ((?x1477 (* (- 432) (* x r00 r00 r00))))
 (let ((?x1177 (* s00 r00 r00 r00)))
 (let ((?x1476 (* (- 216) ?x1177)))
 (let ((?x1062 (* 12 (* s s s00))))
 (let ((?x1020 (* r s s00)))
 (let ((?x3872 (* 144 ?x1020)))
 (let ((?x1003 (* r00 r00 r00 x00)))
 (let ((?x1004 (* 432 ?x1003)))
 (let ((?x973 (* x x)))
 (let ((?x1475 (* (- 108) ?x973)))
 (let ((?x910 (* s s s)))
 (let ((?x912 (* 4 ?x910)))
 (let ((?x900 (* r s s)))
 (let ((?x3871 (* 72 ?x900)))
 (let ((?x896 (* s00 x00)))
 (let ((?x1234 (* 108 ?x896)))
 (let ((?x860 (* s00 s00 r00 r00)))
 (let ((?x861 (* 36 ?x860)))
 (let ((?x819 (* s x00)))
 (let ((?x3869 (* (- 324) ?x819)))
 (let ((?x773 (* s00 s00 r00)))
 (let ((?x1131 (* 108 ?x773)))
 (let ((?x728 (* s00 r00 r00)))
 (let ((?x1091 (* 36 ?x728)))
 (let ((?x702 (* x s00)))
 (let ((?x1471 (* (- 108) ?x702)))
 (let ((?x698 (* x r00)))
 (let ((?x1337 (* 108 ?x698)))
 (let ((?x672 (* s00 s00)))
 (let ((?x1470 (* (- 51) ?x672)))
 (let ((?x630 (* r x)))
 (let ((?x3865 (* 648 ?x630)))
 (let ((?x603 (* r00 x00)))
 (let ((?x1467 (* (- 108) ?x603)))
 (let ((?x599 (* s00 r00 x00)))
 (let ((?x1466 (* (- 216) ?x599)))
 (let ((?x550 (* r00 r00 r00)))
 (let ((?x3862 (* 648 ?x550)))
 (let ((?x507 (* s00 r00)))
 (let ((?x2552 (* (- 270) ?x507)))
 (let ((?x480 (* r s00)))
 (let ((?x3861 (* 828 ?x480)))
 (let ((?x380 (* r00 r00)))
 (let ((?x2548 (* (- 432) ?x380)))
 (let ((?x3856 (* (- 324) x00)))
 (let ((?x2546 (* (- 162) r00)))
 (let ((?x3855 (* 297 s00)))
 (let ((?x3571 (* 324 x)))
 (let ((?x3601 (+ (* 162 r) (* (- 297) s) ?x3571 ?x3855 ?x2546 ?x3856 (* 756 (* r r)) ?x2548 (* (- 396) (* r s)) (* (- 1512) (* r r00 r00)) ?x3861 ?x2552 ?x3862 ?x1466 ?x1467 (* (- 195) (* s s)) ?x3865 (* (- 252) (* s r00 r00)) ?x1470 ?x1337 ?x1471 ?x1091 (* (- 648) (* r x00)) (* 648 (* s r00 r00 r00)) (* 246 (* s s00)) ?x1131 (* (- 162) (* s r00)) (* (- 648) (* r s00 r00)) ?x3869 ?x861 (* (- 324) (* s s00 r00)) ?x1234 ?x3871 (* 324 (* s x)) ?x912 ?x1475 ?x1004 ?x3872 ?x1062 ?x1476 (* (- 1296) (* r r r00 r00)) ?x1477 ?x1260 ?x1478 ?x1480 ?x1426 ?x1481 (* (- 324) (* r r00)) ?x3885 (* (- 432) (* r s r00 r00)) ?x3891 ?x3892 ?x3896)))
 (let ((?x807 (* r s00 r00)))
 (let ((?x820 (* (- 6) ?x807)))
 (let ((?x769 (* s s00)))
 (let ((?x770 (* 2 ?x769)))
 (let ((?x740 (* r x00)))
 (let ((?x753 (* (- 18) ?x740)))
 (let ((?x729 (* 6 ?x728)))
 (let ((?x699 (* 18 ?x698)))
 (let ((?x685 (* (- 4) ?x672)))
 (let ((?x646 (* s r00 r00)))
 (let ((?x659 (* (- 6) ?x646)))
 (let ((?x634 (* r s r00)))
 (let ((?x635 (* 6 ?x634)))
 (let ((?x631 (* 18 ?x630)))
 (let ((?x626 (* s s)))
 (let ((?x627 (* 2 ?x626)))
 (let ((?x617 (* (- 18) ?x603)))
 (let ((?x2270 (* 3 ?x507)))
 (let ((?x1115 (* (- 18) ?x380)))
 (let ((?x1775 (* (- 18) x00)))
 (let ((?x1774 (* (- 9) r00)))
 (let ((?x1570 (* 12 s00)))
 (let ((?x2828 (+ (* 9 r) (* (- 12) s) (* 18 x) ?x1570 ?x1774 ?x1775 (* 18 (* r r)) ?x1115 (* (- 3) (* r s)) (* (- 36) (* r r00 r00)) (* 21 ?x480) ?x2270 ?x617 ?x627 ?x631 ?x635 ?x659 ?x685 ?x699 ?x729 ?x753 ?x770 (* (- 21) (* s r00)) ?x820 (* 36 (* r r r00)))))
 (let ((?x211 (* 6 r)))
 (let ((?x1488 (+ 3 ?x211 s)))
 (let ((?x1521 (+ 1 r)))
 (let ((?x3690 (* ?x1521 ?x1521 ?x1488 (+ (* (- 1) s) s00 (* 3 (* r r)) (* (- 3) ?x380)))))
 (let ((?x1164 (* 36 (* x r00 r00))))
 (let ((?x1032 (* r r00 x00)))
 (let ((?x1045 (* (- 36) ?x1032)))
 (let ((?x1021 (* 2 ?x1020)))
 (let ((?x968 (* r00 r00 x00)))
 (let ((?x981 (* (- 36) ?x968)))
 (let ((?x916 (* r s00 s00)))
 (let ((?x929 (* (- 4) ?x916)))
 (let ((?x904 (* s x)))
 (let ((?x905 (* 6 ?x904)))
 (let ((?x901 (* 2 ?x900)))
 (let ((?x897 (* 6 ?x896)))
 (let ((?x870 (* s s00 r00)))
 (let ((?x883 (* (- 2) ?x870)))
 (let ((?x846 (* (- 6) ?x819)))
 (let ((?x791 (* (- 2) ?x773)))
 (let ((?x746 (* 4 (* s s r00))))
 (let ((?x717 (* (- 6) ?x702)))
 (let ((?x3736 (* (- 19) ?x672)))
 (let ((?x650 (* 36 (* r x r00))))
 (let ((?x3731 (* (- 90) ?x603)))
 (let ((?x3730 (* 18 ?x507)))
 (let ((?x1965 (* (- 108) ?x380)))
 (let ((?x1964 (* (- 72) x00)))
 (let ((?x2956 (* (- 36) r00)))
 (let ((?x1963 (* 57 s00)))
 (let ((?x2678 (+ (* 36 r) (* (- 57) s) (* 72 x) ?x1963 ?x2956 ?x1964 (* 108 (* r r)) ?x1965 (* (- 42) (* r s)) (* (- 216) (* r r00 r00)) (* 114 ?x480) ?x3730 ?x3731 (* (- 1) ?x626) (* 90 ?x630) (* 12 ?x634) (* (- 72) ?x646) ?x650 ?x3736 (* 90 ?x698) ?x717 ?x1091 (* (- 90) ?x740) ?x746 (* 20 ?x769) ?x791 (* (- 90) (* s r00)) (* (- 12) ?x807) ?x846 ?x883 ?x897 ?x901 ?x905 ?x929 ?x981 ?x1021 ?x1045 ?x1164 (* 144 (* r r r00)) (* 72 ?x2916) (* 24 ?x2931) (* 12 ?x3242))))
 (let (($x413 (= (+ s (* (- 1) s00) (* (- 3) (* r r)) (* 3 ?x380)) 0)))
 (let ((?x551 (* 12 ?x550)))
 (let ((?x585 (* (- 6) ?x507)))
 (let ((?x481 (* 4 ?x480)))
 (let ((?x430 (* r r00 r00)))
 (let ((?x584 (* (- 12) ?x430)))
 (let ((?x424 (* r s)))
 (let ((?x583 (* 2 ?x424)))
 (let ((?x2007 (* (- 12) ?x380)))
 (let ((?x582 (* (- 6) x00)))
 (let ((?x581 (* (- 3) r00)))
 (let ((?x1550 (* 7 s00)))
 (let ((?x56 (* 6 x)))
 (let ((?x43 (* 3 r)))
 (let ((?x3823 (+ ?x43 (* (- 7) s) ?x56 ?x1550 ?x581 ?x582 (* 12 (* r r)) ?x2007 ?x583 ?x584 ?x481 ?x585 ?x551)))
 (let (($x2577 (or (not (= ?x3823 0)) (not $x413) (not (= ?x2678 0)) (not (= ?x3690 0)) (not (= ?x2828 0)) (not (= ?x3601 0)))))
 (let ((?x1301 (* 108 ?x904)))
 (let ((?x751 (* s r00 r00 r00)))
 (let ((?x752 (* 216 ?x751)))
 (let ((?x955 (* (- 36) ?x646)))
 (let ((?x609 (* 54 ?x507)))
 (let ((?x1078 (* (- 9) s00)))
 (let ((?x143 (* 9 s)))
 (let ((?x1482 (+ ?x143 ?x1078 ?x609 ?x1466 ?x1467 (* (- 15) ?x626) ?x955 ?x1470 ?x1337 ?x1471 ?x1091 ?x752 (* 66 ?x769) ?x1131 (* (- 54) (* s r00)) (* (- 108) ?x819) ?x861 (* (- 108) ?x870) ?x1234 ?x1301 ?x912 ?x1475 ?x1004 ?x1062 ?x1476 ?x1477 ?x1260 ?x1478 ?x1480 ?x1426 ?x1481)))
 (let (($x1483 (= ?x1482 0)))
 (let ((?x1007 (* (- 15) ?x672)))
 (let ((?x658 (* 3 ?x626)))
 (let ((?x640 (* (- 54) ?x603)))
 (let ((?x655 (* 24 ?x507)))
 (let ((?x1170 (+ ?x143 ?x1078 (* (- 24) ?x424) (* 24 ?x480) ?x655 ?x640 ?x658 (* 54 ?x630) ?x955 ?x650 ?x1007 (* 54 ?x698) ?x717 ?x1091 (* (- 54) ?x740) ?x746 (* 12 ?x769) ?x791 (* (- 24) (* s r00)) ?x846 ?x883 ?x897 ?x901 ?x905 ?x929 ?x981 ?x1021 ?x1045 ?x1164)))
 (let (($x1175 (= ?x1170 0)))
 (let ((?x622 (* 9 ?x507)))
 (let ((?x459 (* (- 3) s00)))
 (let ((?x47 (* 3 s)))
 (let ((?x826 (+ ?x47 ?x459 (* (- 9) ?x424) (* 9 ?x480) ?x622 ?x617 ?x627 ?x631 ?x635 ?x659 ?x685 ?x699 ?x729 ?x753 ?x770 (* (- 9) (* s r00)) ?x820)))
 (let (($x833 (= ?x826 0)))
 (let ((?x44 (* 3 s00)))
 (let ((?x580 (* (- 3) s)))
 (let (($x587 (= (+ ?x43 ?x580 ?x56 ?x44 ?x581 ?x582 ?x583 ?x584 ?x481 ?x585 ?x551) 0)))
 (let (($x2314 (and $x413 $x587 $x833 $x1175 $x1483 $x2577)))
 (let ((?x2864 (* (- 54) r)))
 (let ((?x1795 (* (- 9) s)))
 (let ((?x2800 (* r00 r00 s00)))
 (let ((?x420 (* (- 36) ?x2800)))
 (let ((?x137 (* 9 s00)))
 (let ((?x2084 (* 15 ?x672)))
 (let ((?x969 (* 36 ?x968)))
 (let ((?x2982 (+ 3 s ?x211)))
 (let ((?x1645 (* r00 r00 ?x2982)))
 (let ((?x3826 (* 36 ?x1645)))
 (let ((?x3024 (* (- 6) ?x896)))
 (let ((?x2443 (* r00 s00 s00)))
 (let ((?x3654 (* 2 ?x2443)))
 (let ((?x2776 (* r00 s00)))
 (let ((?x2805 (* (- 24) ?x2776)))
 (let ((?x835 (* 54 ?x603)))
 (let ((?x1160 (+ (* 24 (* ?x1521 ?x2982)) ?x835 (* (- 36) (* r00 ?x1521 (+ x (* (- 1) s)))) ?x2805 (* (- 3) (* ?x2982 ?x2982)) (* (- 54) (* ?x1521 (+ x (* (- 1) s)))) (* 6 (* s00 (+ x (* (- 1) s)))) (* (- 4) (* r00 ?x2982 ?x2982)) ?x3654 (* 6 (* x00 ?x2982)) (* (- 12) (* s00 ?x2982)) (* 2 (* r00 s00 ?x2982)) ?x3024 (* (- 2) (* ?x1521 ?x2982 ?x2982)) (* (- 6) (* (+ x (* (- 1) s)) ?x2982)) (* 4 (* s00 s00 ?x1521)) ?x3826 ?x969 ?x2084 (* (- 2) (* s00 ?x1521 ?x2982)) (* 36 (* r00 x00 ?x1521)) (* (- 54) (* r00 (+ x (* (- 1) s)))) ?x137 ?x420 (* 54 (* x00 ?x1521)) ?x1795 ?x2864 (* (- 24) (* s00 ?x1521)) (* 24 (* r00 ?x2982)) (* (- 36) (* r00 r00 (+ x (* (- 1) s)))))))
 (let ((?x2661 (* 108 ?x1451)))
 (let ((?x3409 (* 51 ?x672)))
 (let ((?x2645 (* 16 ?x1289)))
 (let ((?x2183 (* (- 108) ?x896)))
 (let ((?x2500 (* 216 (* r00 r00 r00 s00))))
 (let ((?x1158 (* (- 108) ?x2443)))
 (let ((?x610 (* (- 432) ?x1003)))
 (let ((?x1148 (* (- 36) (* r00 r00 s00 s00))))
 (let ((?x2848 (* (- 54) ?x2776)))
 (let ((?x1902 (* 108 ?x603)))
 (let ((?x670 (* 216 (* r00 s00 x00))))
 (let ((?x2167 (+ ?x670 ?x1902 ?x2848 (* 15 (* ?x2982 ?x2982)) (* (- 216) (* r00 r00 r00 ?x2982)) ?x1148 (* (- 4) (* ?x2982 ?x2982 ?x2982)) (* 108 (* (+ x (* (- 1) s)) (+ x (* (- 1) s)))) ?x610 (* (- 12) (* s00 ?x2982 ?x2982)) (* 108 (* s00 (+ x (* (- 1) s)))) ?x1158 ?x2500 (* 108 (* x00 ?x2982)) (* 432 (* r00 r00 r00 (+ x (* (- 1) s)))) (* (- 66) (* s00 ?x2982)) (* 108 (* r00 s00 ?x2982)) ?x2183 (* (- 216) (* r00 s00 (+ x (* (- 1) s)))) (* 36 (* r00 r00 ?x2982 ?x2982)) ?x2645 (* (- 108) (* (+ x (* (- 1) s)) ?x2982)) ?x3826 ?x3409 (* (- 108) (* r00 (+ x (* (- 1) s)))) ?x137 ?x420 ?x1795 ?x2864 (* 54 (* r00 ?x2982)) (* (- 216) (* x00 (+ x (* (- 1) s)))) ?x2661)))
 (let (($x2181 (not (= ?x2167 27))))
 (let ((?x394 (* (- 3) ?x380)))
 (let ((?x3540 (* 3 (* ?x1521 ?x1521))))
 (let ((?x3491 (* (- 6) r)))
 (let ((?x359 (* (- 1) s)))
 (let (($x1595 (not (= (* ?x1521 ?x1521 ?x2982 (+ (- 3) s00 ?x359 ?x3491 ?x3540 ?x394)) 0))))
 (let (($x1151 (not (= (+ s00 ?x359 ?x3491 ?x3540 ?x394) 3))))
 (let ((?x1382 (* (- 6) ?x2776)))
 (let ((?x573 (+ (* 2 (* ?x1521 ?x2982)) (* (- 12) (* r00 r00 ?x1521)) (* (- 15) r) ?x44 ?x1795 ?x581 (* 4 (* s00 ?x1521)) ?x1382 ?x56 ?x582 ?x551)))
 (let ((?x1789 (* (- 6) ?x2800)))
 (let ((?x673 (* 4 ?x672)))
 (let ((?x3830 (* (- 9) ?x2776)))
 (let ((?x604 (* 18 ?x603)))
 (let ((?x2021 (+ (* 9 (* ?x1521 ?x2982)) ?x604 ?x3830 (* (- 2) (* ?x2982 ?x2982)) (* (- 18) (* ?x1521 (+ x ?x359))) (* (- 6) (* r00 ?x1521 ?x2982)) (* 6 ?x1645) ?x673 (* (- 18) (* r00 (+ x ?x359))) ?x44 ?x1789 (* 18 (* x00 ?x1521)) ?x580 (* (- 18) r) (* (- 9) (* s00 ?x1521)) (* (- 2) (* s00 ?x2982)) (* 9 (* r00 ?x2982)) (* 6 (* r00 s00 ?x1521)))))
 (let (($x2529 (or (not (= ?x2021 9)) (not (= ?x573 6)) $x1151 $x1595 $x2181 (not (= ?x1160 27)))))
 (let ((?x1903 (* r00 r00 s)))
 (let ((?x3677 (* 36 ?x1903)))
 (let ((?x779 (+ ?x670 ?x1902 ?x2848 (* 15 ?x626) (* (- 216) (* r00 r00 r00 s)) ?x1148 (* (- 4) ?x910) (* 108 ?x973) ?x610 (* (- 12) (* s00 s s)) (* 108 (* s00 x)) ?x1158 ?x2500 (* 108 (* x00 s)) (* 432 (* r00 r00 r00 x)) (* (- 66) (* s00 s)) (* 108 (* r00 s00 s)) ?x2183 (* (- 216) (* r00 s00 x)) (* 36 (* r00 r00 s s)) ?x2645 (* (- 108) (* x s)) ?x3677 ?x3409 (* (- 108) (* r00 x)) ?x137 ?x420 ?x1795 (* 54 (* r00 s)) (* (- 216) (* x00 x)) ?x2661)))
 (let (($x842 (= ?x779 0)))
 (let ((?x2985 (* r00 r00 x)))
 (let ((?x3067 (* (- 36) ?x2985)))
 (let ((?x2312 (* r00 s s)))
 (let ((?x3052 (* (- 4) ?x2312)))
 (let ((?x2305 (+ (* 24 (* s r)) ?x835 (* (- 36) (* r00 x r)) ?x2805 (* (- 3) ?x626) (* (- 54) (* x r)) (* 6 (* s00 x)) ?x3052 ?x3654 (* 6 (* x00 s)) (* (- 12) (* s00 s)) (* 2 (* r00 s00 s)) ?x3024 (* (- 2) (* s s r)) (* (- 6) (* x s)) (* 4 (* s00 s00 r)) ?x3677 ?x969 ?x2084 (* (- 2) (* s00 s r)) (* 36 (* r00 x00 r)) (* (- 54) (* r00 x)) ?x137 ?x420 (* 54 (* x00 r)) ?x1795 (* (- 24) (* s00 r)) (* 24 (* r00 s)) ?x3067)))
 (let ((?x1974 (* r00 x)))
 (let ((?x2259 (* (- 18) ?x1974)))
 (let ((?x2240 (* (- 2) ?x626)))
 (let ((?x2487 (+ (* 9 (* s r)) ?x604 ?x3830 ?x2240 (* (- 18) (* x r)) (* (- 6) (* r00 s r)) (* 6 ?x1903) ?x673 ?x2259 ?x44 ?x1789 (* 18 (* x00 r)) ?x580 (* (- 9) (* s00 r)) (* (- 2) (* s00 s)) (* 9 (* r00 s)) (* 6 (* r00 s00 r)))))
 (let ((?x661 (+ (* 2 (* s r)) (* (- 12) (* r00 r00 r)) ?x43 ?x44 ?x580 ?x581 (* 4 (* s00 r)) ?x1382 ?x56 ?x582 ?x551)))
 (let (($x3156 (= (+ s00 ?x359 (* 3 (* r r)) ?x394) 0)))
 (let (($x3697 (and $x3156 (= ?x661 0) (= ?x2487 0) (= ?x2305 0) $x842 $x2529)))
 (rewrite (= $x3697 $x2314))))))))))))))))))))))))))))))))))))))))))))))))))))))))))))))))))))))))))))))))))))))))))))))))))))))))))))))))))))))))))))))))))))))))))))))))))))))))))))))))))))))))))))))))))))))))))))))))))))))))))))))))))))))))))))
 ))
 (let (($x1152 (exists ((r Int) (s Int) (x Int) )(! (let ((?x143 (* 9 s)))
 (let ((?x2800 (* r00 r00 s00)))
 (let ((?x1996 (* 36 ?x2800)))
 (let ((?x1078 (* (- 9) s00)))
 (let ((?x672 (* s00 s00)))
 (let ((?x1007 (* (- 15) ?x672)))
 (let ((?x968 (* r00 r00 x00)))
 (let ((?x981 (* (- 36) ?x968)))
 (let ((?x211 (* 6 r)))
 (let ((?x2982 (+ 3 s ?x211)))
 (let ((?x359 (* (- 1) s)))
 (let ((?x1636 (+ x ?x359)))
 (let ((?x3374 (* ?x1636 ?x2982)))
 (let ((?x896 (* s00 x00)))
 (let ((?x897 (* 6 ?x896)))
 (let ((?x2443 (* r00 s00 s00)))
 (let ((?x2083 (* (- 2) ?x2443)))
 (let ((?x2776 (* r00 s00)))
 (let ((?x2837 (* 24 ?x2776)))
 (let ((?x603 (* r00 x00)))
 (let ((?x640 (* (- 54) ?x603)))
 (let ((?x3223 (+ (* (- 24) (* (+ 1 r) ?x2982)) ?x640 (* 36 (* r00 (+ 1 r) ?x1636)) ?x2837 (* 3 (* ?x2982 ?x2982)) (* 54 (* (+ 1 r) ?x1636)) (* (- 6) (* s00 ?x1636)) (* 4 (* r00 ?x2982 ?x2982)) ?x2083 (* (- 6) (* x00 ?x2982)) (* 12 (* s00 ?x2982)) (* (- 2) (* r00 s00 ?x2982)) ?x897 (* 2 (* (+ 1 r) ?x2982 ?x2982)) (* 6 ?x3374) (* (- 4) (* s00 s00 (+ 1 r))) (* (- 36) (* r00 r00 ?x2982)) ?x981 ?x1007 (* 2 (* s00 (+ 1 r) ?x2982)) (* (- 36) (* r00 x00 (+ 1 r))) (* 54 (* r00 ?x1636)) ?x1078 ?x1996 (* (- 54) (* x00 (+ 1 r))) ?x143 (* 54 r) (* 24 (* s00 (+ 1 r))) (* (- 24) (* r00 ?x2982)) (* 36 (* r00 r00 ?x1636)))))
 (let ((?x1451 (* x00 x00)))
 (let ((?x2661 (* 108 ?x1451)))
 (let ((?x2864 (* (- 54) r)))
 (let ((?x1795 (* (- 9) s)))
 (let ((?x420 (* (- 36) ?x2800)))
 (let ((?x137 (* 9 s00)))
 (let ((?x3409 (* 51 ?x672)))
 (let ((?x1645 (* r00 r00 ?x2982)))
 (let ((?x3826 (* 36 ?x1645)))
 (let ((?x1289 (* s00 s00 s00)))
 (let ((?x2645 (* 16 ?x1289)))
 (let ((?x2183 (* (- 108) ?x896)))
 (let ((?x2500 (* 216 (* r00 r00 r00 s00))))
 (let ((?x1158 (* (- 108) ?x2443)))
 (let ((?x1003 (* r00 r00 r00 x00)))
 (let ((?x610 (* (- 432) ?x1003)))
 (let ((?x1148 (* (- 36) (* r00 r00 s00 s00))))
 (let ((?x2848 (* (- 54) ?x2776)))
 (let ((?x1902 (* 108 ?x603)))
 (let ((?x670 (* 216 (* r00 s00 x00))))
 (let ((?x2167 (+ ?x670 ?x1902 ?x2848 (* 15 (* ?x2982 ?x2982)) (* (- 216) (* r00 r00 r00 ?x2982)) ?x1148 (* (- 4) (* ?x2982 ?x2982 ?x2982)) (* 108 (* ?x1636 ?x1636)) ?x610 (* (- 12) (* s00 ?x2982 ?x2982)) (* 108 (* s00 ?x1636)) ?x1158 ?x2500 (* 108 (* x00 ?x2982)) (* 432 (* r00 r00 r00 ?x1636)) (* (- 66) (* s00 ?x2982)) (* 108 (* r00 s00 ?x2982)) ?x2183 (* (- 216) (* r00 s00 ?x1636)) (* 36 (* r00 r00 ?x2982 ?x2982)) ?x2645 (* (- 108) ?x3374) ?x3826 ?x3409 (* (- 108) (* r00 ?x1636)) ?x137 ?x420 ?x1795 ?x2864 (* 54 (* r00 ?x2982)) (* (- 216) (* x00 ?x1636)) ?x2661)))
 (let (($x2181 (not (= ?x2167 27))))
 (let ((?x550 (* r00 r00 r00)))
 (let ((?x564 (* (- 12) ?x550)))
 (let ((?x59 (* 6 x00)))
 (let ((?x529 (* (- 6) x)))
 (let ((?x2906 (* 6 ?x2776)))
 (let ((?x48 (* 3 r00)))
 (let ((?x459 (* (- 3) s00)))
 (let ((?x1647 (+ (* (- 2) (* (+ 1 r) ?x2982)) (* 12 (* r00 r00 (+ 1 r))) (* 15 r) ?x459 ?x143 ?x48 (* (- 4) (* s00 (+ 1 r))) ?x2906 ?x529 ?x59 ?x564)))
 (let ((?x380 (* r00 r00)))
 (let ((?x394 (* (- 3) ?x380)))
 (let ((?x3540 (* 3 (* (+ 1 r) (+ 1 r)))))
 (let ((?x3491 (* (- 6) r)))
 (let ((?x1521 (+ 1 r)))
 (let (($x1595 (not (= (* ?x1521 ?x1521 ?x2982 (+ (- 3) s00 ?x359 ?x3491 ?x3540 ?x394)) 0))))
 (let (($x1151 (not (= (+ s00 ?x359 ?x3491 ?x3540 ?x394) 3))))
 (let ((?x47 (* 3 s)))
 (let ((?x3072 (* 6 ?x2800)))
 (let ((?x685 (* (- 4) ?x672)))
 (let ((?x1740 (* 9 ?x2776)))
 (let ((?x617 (* (- 18) ?x603)))
 (let ((?x1039 (+ (* (- 9) (* ?x1521 ?x2982)) ?x617 ?x1740 (* 2 (* ?x2982 ?x2982)) (* 18 (* ?x1521 ?x1636)) (* 6 (* r00 ?x1521 ?x2982)) (* (- 6) ?x1645) ?x685 (* 18 (* r00 ?x1636)) ?x459 ?x3072 (* (- 18) (* x00 ?x1521)) ?x47 (* 18 r) (* 9 (* s00 ?x1521)) (* 2 (* s00 ?x2982)) (* (- 9) (* r00 ?x2982)) (* (- 6) (* r00 s00 ?x1521)))))
 (let (($x2606 (or (not (= ?x1039 (- 9))) $x1151 $x1595 (not (= ?x1647 (- 6))) $x2181 (not (= ?x3223 (- 27))))))
 (let ((?x1903 (* r00 r00 s)))
 (let ((?x3677 (* 36 ?x1903)))
 (let ((?x779 (+ ?x670 ?x1902 ?x2848 (* 15 (* s s)) (* (- 216) (* r00 r00 r00 s)) ?x1148 (* (- 4) (* s s s)) (* 108 (* x x)) ?x610 (* (- 12) (* s00 s s)) (* 108 (* s00 x)) ?x1158 ?x2500 (* 108 (* x00 s)) (* 432 (* r00 r00 r00 x)) (* (- 66) (* s00 s)) (* 108 (* r00 s00 s)) ?x2183 (* (- 216) (* r00 s00 x)) (* 36 (* r00 r00 s s)) ?x2645 (* (- 108) (* x s)) ?x3677 ?x3409 (* (- 108) (* r00 x)) ?x137 ?x420 ?x1795 (* 54 (* r00 s)) (* (- 216) (* x00 x)) ?x2661)))
 (let (($x842 (= ?x779 0)))
 (let ((?x2653 (* (- 36) ?x1903)))
 (let ((?x626 (* s s)))
 (let ((?x658 (* 3 ?x626)))
 (let ((?x2506 (+ (* (- 24) (* s r)) ?x640 (* 36 (* r00 x r)) ?x2837 ?x658 (* 54 (* x r)) (* (- 6) (* s00 x)) (* 4 (* r00 s s)) ?x2083 (* (- 6) (* x00 s)) (* 12 (* s00 s)) (* (- 2) (* r00 s00 s)) ?x897 (* 2 (* s s r)) (* 6 (* x s)) (* (- 4) (* s00 s00 r)) ?x2653 ?x981 ?x1007 (* 2 (* s00 s r)) (* (- 36) (* r00 x00 r)) (* 54 (* r00 x)) ?x1078 ?x1996 (* (- 54) (* x00 r)) ?x143 (* 24 (* s00 r)) (* (- 24) (* r00 s)) (* 36 (* r00 r00 x)))))
 (let ((?x627 (* 2 ?x626)))
 (let ((?x2619 (+ (* (- 9) (* s r)) ?x617 ?x1740 ?x627 (* 18 (* x r)) (* 6 (* r00 s r)) (* (- 6) ?x1903) ?x685 (* 18 (* r00 x)) ?x459 ?x3072 (* (- 18) (* x00 r)) ?x47 (* 9 (* s00 r)) (* 2 (* s00 s)) (* (- 9) (* r00 s)) (* (- 6) (* r00 s00 r)))))
 (let ((?x436 (* (- 3) r)))
 (let ((?x2530 (+ (* (- 2) (* s r)) (* 12 (* r00 r00 r)) ?x436 ?x459 ?x47 ?x48 (* (- 4) (* s00 r)) ?x2906 ?x529 ?x59 ?x564)))
 (let (($x3156 (= (+ s00 ?x359 (* 3 (* r r)) ?x394) 0)))
 (and $x3156 (= ?x2530 0) (= ?x2619 0) (= ?x2506 0) $x842 $x2606)))))))))))))))))))))))))))))))))))))))))))))))))))))))))))))))))))))))))))))))) :qid k!40))
 ))
 (let ((?x2104 (lambda ((r Int) (s Int) (x Int) )(let ((?x2864 (* (- 54) r)))
 (let ((?x1795 (* (- 9) s)))
 (let ((?x2800 (* r00 r00 s00)))
 (let ((?x420 (* (- 36) ?x2800)))
 (let ((?x137 (* 9 s00)))
 (let ((?x672 (* s00 s00)))
 (let ((?x2084 (* 15 ?x672)))
 (let ((?x968 (* r00 r00 x00)))
 (let ((?x969 (* 36 ?x968)))
 (let ((?x211 (* 6 r)))
 (let ((?x2982 (+ 3 s ?x211)))
 (let ((?x1645 (* r00 r00 ?x2982)))
 (let ((?x3826 (* 36 ?x1645)))
 (let ((?x896 (* s00 x00)))
 (let ((?x3024 (* (- 6) ?x896)))
 (let ((?x2443 (* r00 s00 s00)))
 (let ((?x3654 (* 2 ?x2443)))
 (let ((?x2776 (* r00 s00)))
 (let ((?x2805 (* (- 24) ?x2776)))
 (let ((?x603 (* r00 x00)))
 (let ((?x835 (* 54 ?x603)))
 (let ((?x1160 (+ (* 24 (* (+ 1 r) ?x2982)) ?x835 (* (- 36) (* r00 (+ 1 r) (+ x (* (- 1) s)))) ?x2805 (* (- 3) (* ?x2982 ?x2982)) (* (- 54) (* (+ 1 r) (+ x (* (- 1) s)))) (* 6 (* s00 (+ x (* (- 1) s)))) (* (- 4) (* r00 ?x2982 ?x2982)) ?x3654 (* 6 (* x00 ?x2982)) (* (- 12) (* s00 ?x2982)) (* 2 (* r00 s00 ?x2982)) ?x3024 (* (- 2) (* (+ 1 r) ?x2982 ?x2982)) (* (- 6) (* (+ x (* (- 1) s)) ?x2982)) (* 4 (* s00 s00 (+ 1 r))) ?x3826 ?x969 ?x2084 (* (- 2) (* s00 (+ 1 r) ?x2982)) (* 36 (* r00 x00 (+ 1 r))) (* (- 54) (* r00 (+ x (* (- 1) s)))) ?x137 ?x420 (* 54 (* x00 (+ 1 r))) ?x1795 ?x2864 (* (- 24) (* s00 (+ 1 r))) (* 24 (* r00 ?x2982)) (* (- 36) (* r00 r00 (+ x (* (- 1) s)))))))
 (let ((?x1451 (* x00 x00)))
 (let ((?x2661 (* 108 ?x1451)))
 (let ((?x3409 (* 51 ?x672)))
 (let ((?x1289 (* s00 s00 s00)))
 (let ((?x2645 (* 16 ?x1289)))
 (let ((?x2183 (* (- 108) ?x896)))
 (let ((?x2500 (* 216 (* r00 r00 r00 s00))))
 (let ((?x1158 (* (- 108) ?x2443)))
 (let ((?x1003 (* r00 r00 r00 x00)))
 (let ((?x610 (* (- 432) ?x1003)))
 (let ((?x1148 (* (- 36) (* r00 r00 s00 s00))))
 (let ((?x2848 (* (- 54) ?x2776)))
 (let ((?x1902 (* 108 ?x603)))
 (let ((?x670 (* 216 (* r00 s00 x00))))
 (let ((?x2167 (+ ?x670 ?x1902 ?x2848 (* 15 (* ?x2982 ?x2982)) (* (- 216) (* r00 r00 r00 ?x2982)) ?x1148 (* (- 4) (* ?x2982 ?x2982 ?x2982)) (* 108 (* (+ x (* (- 1) s)) (+ x (* (- 1) s)))) ?x610 (* (- 12) (* s00 ?x2982 ?x2982)) (* 108 (* s00 (+ x (* (- 1) s)))) ?x1158 ?x2500 (* 108 (* x00 ?x2982)) (* 432 (* r00 r00 r00 (+ x (* (- 1) s)))) (* (- 66) (* s00 ?x2982)) (* 108 (* r00 s00 ?x2982)) ?x2183 (* (- 216) (* r00 s00 (+ x (* (- 1) s)))) (* 36 (* r00 r00 ?x2982 ?x2982)) ?x2645 (* (- 108) (* (+ x (* (- 1) s)) ?x2982)) ?x3826 ?x3409 (* (- 108) (* r00 (+ x (* (- 1) s)))) ?x137 ?x420 ?x1795 ?x2864 (* 54 (* r00 ?x2982)) (* (- 216) (* x00 (+ x (* (- 1) s)))) ?x2661)))
 (let (($x2181 (not (= ?x2167 27))))
 (let ((?x380 (* r00 r00)))
 (let ((?x394 (* (- 3) ?x380)))
 (let ((?x3540 (* 3 (* (+ 1 r) (+ 1 r)))))
 (let ((?x3491 (* (- 6) r)))
 (let ((?x359 (* (- 1) s)))
 (let ((?x1521 (+ 1 r)))
 (let (($x1595 (not (= (* ?x1521 ?x1521 ?x2982 (+ (- 3) s00 ?x359 ?x3491 ?x3540 ?x394)) 0))))
 (let (($x1151 (not (= (+ s00 ?x359 ?x3491 ?x3540 ?x394) 3))))
 (let ((?x550 (* r00 r00 r00)))
 (let ((?x551 (* 12 ?x550)))
 (let ((?x582 (* (- 6) x00)))
 (let ((?x56 (* 6 x)))
 (let ((?x1382 (* (- 6) ?x2776)))
 (let ((?x581 (* (- 3) r00)))
 (let ((?x44 (* 3 s00)))
 (let ((?x573 (+ (* 2 (* ?x1521 ?x2982)) (* (- 12) (* r00 r00 ?x1521)) (* (- 15) r) ?x44 ?x1795 ?x581 (* 4 (* s00 ?x1521)) ?x1382 ?x56 ?x582 ?x551)))
 (let ((?x580 (* (- 3) s)))
 (let ((?x1789 (* (- 6) ?x2800)))
 (let ((?x673 (* 4 ?x672)))
 (let ((?x3830 (* (- 9) ?x2776)))
 (let ((?x604 (* 18 ?x603)))
 (let ((?x2021 (+ (* 9 (* ?x1521 ?x2982)) ?x604 ?x3830 (* (- 2) (* ?x2982 ?x2982)) (* (- 18) (* ?x1521 (+ x ?x359))) (* (- 6) (* r00 ?x1521 ?x2982)) (* 6 ?x1645) ?x673 (* (- 18) (* r00 (+ x ?x359))) ?x44 ?x1789 (* 18 (* x00 ?x1521)) ?x580 (* (- 18) r) (* (- 9) (* s00 ?x1521)) (* (- 2) (* s00 ?x2982)) (* 9 (* r00 ?x2982)) (* 6 (* r00 s00 ?x1521)))))
 (let (($x2529 (or (not (= ?x2021 9)) (not (= ?x573 6)) $x1151 $x1595 $x2181 (not (= ?x1160 27)))))
 (let ((?x1903 (* r00 r00 s)))
 (let ((?x3677 (* 36 ?x1903)))
 (let ((?x779 (+ ?x670 ?x1902 ?x2848 (* 15 (* s s)) (* (- 216) (* r00 r00 r00 s)) ?x1148 (* (- 4) (* s s s)) (* 108 (* x x)) ?x610 (* (- 12) (* s00 s s)) (* 108 (* s00 x)) ?x1158 ?x2500 (* 108 (* x00 s)) (* 432 (* r00 r00 r00 x)) (* (- 66) (* s00 s)) (* 108 (* r00 s00 s)) ?x2183 (* (- 216) (* r00 s00 x)) (* 36 (* r00 r00 s s)) ?x2645 (* (- 108) (* x s)) ?x3677 ?x3409 (* (- 108) (* r00 x)) ?x137 ?x420 ?x1795 (* 54 (* r00 s)) (* (- 216) (* x00 x)) ?x2661)))
 (let (($x842 (= ?x779 0)))
 (let ((?x2985 (* r00 r00 x)))
 (let ((?x3067 (* (- 36) ?x2985)))
 (let ((?x2312 (* r00 s s)))
 (let ((?x3052 (* (- 4) ?x2312)))
 (let ((?x2305 (+ (* 24 (* s r)) ?x835 (* (- 36) (* r00 x r)) ?x2805 (* (- 3) (* s s)) (* (- 54) (* x r)) (* 6 (* s00 x)) ?x3052 ?x3654 (* 6 (* x00 s)) (* (- 12) (* s00 s)) (* 2 (* r00 s00 s)) ?x3024 (* (- 2) (* s s r)) (* (- 6) (* x s)) (* 4 (* s00 s00 r)) ?x3677 ?x969 ?x2084 (* (- 2) (* s00 s r)) (* 36 (* r00 x00 r)) (* (- 54) (* r00 x)) ?x137 ?x420 (* 54 (* x00 r)) ?x1795 (* (- 24) (* s00 r)) (* 24 (* r00 s)) ?x3067)))
 (let ((?x1974 (* r00 x)))
 (let ((?x2259 (* (- 18) ?x1974)))
 (let ((?x626 (* s s)))
 (let ((?x2240 (* (- 2) ?x626)))
 (let ((?x2487 (+ (* 9 (* s r)) ?x604 ?x3830 ?x2240 (* (- 18) (* x r)) (* (- 6) (* r00 s r)) (* 6 ?x1903) ?x673 ?x2259 ?x44 ?x1789 (* 18 (* x00 r)) ?x580 (* (- 9) (* s00 r)) (* (- 2) (* s00 s)) (* 9 (* r00 s)) (* 6 (* r00 s00 r)))))
 (let ((?x43 (* 3 r)))
 (let ((?x661 (+ (* 2 (* s r)) (* (- 12) (* r00 r00 r)) ?x43 ?x44 ?x580 ?x581 (* 4 (* s00 r)) ?x1382 ?x56 ?x582 ?x551)))
 (let (($x3156 (= (+ s00 ?x359 (* 3 (* r r)) ?x394) 0)))
 (let (($x3697 (and $x3156 (= ?x661 0) (= ?x2487 0) (= ?x2305 0) $x842 $x2529)))
 (let ((?x143 (* 9 s)))
 (let ((?x1996 (* 36 ?x2800)))
 (let ((?x1078 (* (- 9) s00)))
 (let ((?x1007 (* (- 15) ?x672)))
 (let ((?x981 (* (- 36) ?x968)))
 (let ((?x897 (* 6 ?x896)))
 (let ((?x2083 (* (- 2) ?x2443)))
 (let ((?x2837 (* 24 ?x2776)))
 (let ((?x640 (* (- 54) ?x603)))
 (let ((?x3223 (+ (* (- 24) (* ?x1521 ?x2982)) ?x640 (* 36 (* r00 ?x1521 (+ x ?x359))) ?x2837 (* 3 (* ?x2982 ?x2982)) (* 54 (* ?x1521 (+ x ?x359))) (* (- 6) (* s00 (+ x ?x359))) (* 4 (* r00 ?x2982 ?x2982)) ?x2083 (* (- 6) (* x00 ?x2982)) (* 12 (* s00 ?x2982)) (* (- 2) (* r00 s00 ?x2982)) ?x897 (* 2 (* ?x1521 ?x2982 ?x2982)) (* 6 (* (+ x ?x359) ?x2982)) (* (- 4) (* s00 s00 ?x1521)) (* (- 36) ?x1645) ?x981 ?x1007 (* 2 (* s00 ?x1521 ?x2982)) (* (- 36) (* r00 x00 ?x1521)) (* 54 (* r00 (+ x ?x359))) ?x1078 ?x1996 (* (- 54) (* x00 ?x1521)) ?x143 (* 54 r) (* 24 (* s00 ?x1521)) (* (- 24) (* r00 ?x2982)) (* 36 (* r00 r00 (+ x ?x359))))))
 (let ((?x564 (* (- 12) ?x550)))
 (let ((?x59 (* 6 x00)))
 (let ((?x529 (* (- 6) x)))
 (let ((?x2906 (* 6 ?x2776)))
 (let ((?x48 (* 3 r00)))
 (let ((?x459 (* (- 3) s00)))
 (let ((?x1647 (+ (* (- 2) (* ?x1521 ?x2982)) (* 12 (* r00 r00 ?x1521)) (* 15 r) ?x459 ?x143 ?x48 (* (- 4) (* s00 ?x1521)) ?x2906 ?x529 ?x59 ?x564)))
 (let ((?x47 (* 3 s)))
 (let ((?x3072 (* 6 ?x2800)))
 (let ((?x685 (* (- 4) ?x672)))
 (let ((?x1740 (* 9 ?x2776)))
 (let ((?x617 (* (- 18) ?x603)))
 (let ((?x1039 (+ (* (- 9) (* ?x1521 ?x2982)) ?x617 ?x1740 (* 2 (* ?x2982 ?x2982)) (* 18 (* ?x1521 (+ x ?x359))) (* 6 (* r00 ?x1521 ?x2982)) (* (- 6) ?x1645) ?x685 (* 18 (* r00 (+ x ?x359))) ?x459 ?x3072 (* (- 18) (* x00 ?x1521)) ?x47 (* 18 r) (* 9 (* s00 ?x1521)) (* 2 (* s00 ?x2982)) (* (- 9) (* r00 ?x2982)) (* (- 6) (* r00 s00 ?x1521)))))
 (let (($x2606 (or (not (= ?x1039 (- 9))) $x1151 $x1595 (not (= ?x1647 (- 6))) $x2181 (not (= ?x3223 (- 27))))))
 (let ((?x2653 (* (- 36) ?x1903)))
 (let ((?x658 (* 3 ?x626)))
 (let ((?x2506 (+ (* (- 24) (* s r)) ?x640 (* 36 (* r00 x r)) ?x2837 ?x658 (* 54 (* x r)) (* (- 6) (* s00 x)) (* 4 ?x2312) ?x2083 (* (- 6) (* x00 s)) (* 12 (* s00 s)) (* (- 2) (* r00 s00 s)) ?x897 (* 2 (* s s r)) (* 6 (* x s)) (* (- 4) (* s00 s00 r)) ?x2653 ?x981 ?x1007 (* 2 (* s00 s r)) (* (- 36) (* r00 x00 r)) (* 54 ?x1974) ?x1078 ?x1996 (* (- 54) (* x00 r)) ?x143 (* 24 (* s00 r)) (* (- 24) (* r00 s)) (* 36 ?x2985))))
 (let ((?x627 (* 2 ?x626)))
 (let ((?x2619 (+ (* (- 9) (* s r)) ?x617 ?x1740 ?x627 (* 18 (* x r)) (* 6 (* r00 s r)) (* (- 6) ?x1903) ?x685 (* 18 ?x1974) ?x459 ?x3072 (* (- 18) (* x00 r)) ?x47 (* 9 (* s00 r)) (* 2 (* s00 s)) (* (- 9) (* r00 s)) (* (- 6) (* r00 s00 r)))))
 (let ((?x436 (* (- 3) r)))
 (let ((?x2530 (+ (* (- 2) (* s r)) (* 12 (* r00 r00 r)) ?x436 ?x459 ?x47 ?x48 (* (- 4) (* s00 r)) ?x2906 ?x529 ?x59 ?x564)))
 (let (($x2193 (and $x3156 (= ?x2530 0) (= ?x2619 0) (= ?x2506 0) $x842 $x2606)))
 (rewrite (= $x2193 $x3697))))))))))))))))))))))))))))))))))))))))))))))))))))))))))))))))))))))))))))))))))))))))))))))))))))))))))))))))))
 ))
 (let (($x356 (exists ((r Int) (s Int) (x Int) )(! (let ((?x211 (* 6 r)))
 (let ((?x212 (+ s ?x211 3)))
 (let ((?x215 (+ r 1)))
 (let ((?x33 (* 3 r00 r00)))
 (let ((?x218 (- (+ (- s00 ?x212) (* 3 ?x215 ?x215)) ?x33)))
 (let ((?x208 (* 108 x00 x00)))
 (let ((?x299 (* 9 ?x212)))
 (let ((?x139 (* 36 r00 r00 s00)))
 (let ((?x137 (* 9 s00)))
 (let ((?x197 (* 51 s00 s00)))
 (let ((?x284 (* 36 r00 r00 ?x212)))
 (let ((?x192 (* 16 s00 s00 s00)))
 (let ((?x186 (* 108 s00 x00)))
 (let ((?x177 (* 216 r00 r00 r00 s00)))
 (let ((?x175 (* 108 r00 s00 s00)))
 (let ((?x169 (* 432 r00 r00 r00 x00)))
 (let ((?x161 (* 36 r00 r00 s00 s00)))
 (let ((?x157 (- (+ (* 216 r00 s00 x00) (* 108 r00 x00)) (* 54 r00 s00))))
 (let ((?x313 (- (- (+ ?x157 (* 15 ?x212 ?x212)) (* 216 r00 r00 r00 ?x212)) ?x161)))
 (let ((?x316 (+ (- ?x313 (* 4 ?x212 ?x212 ?x212)) (* 108 (- x s) (- x s)))))
 (let ((?x321 (+ (- (- ?x316 ?x169) (* 12 ?x212 ?x212 s00)) (* 108 s00 (- x s)))))
 (let ((?x325 (+ (- ?x321 ?x175) ?x177 (* 108 ?x212 x00) (* 432 r00 r00 r00 (- x s)))))
 (let ((?x331 (- (+ (- ?x325 (* 66 ?x212 s00)) (* 108 r00 ?x212 s00)) ?x186)))
 (let ((?x334 (+ (- ?x331 (* 216 r00 s00 (- x s))) (* 36 r00 r00 ?x212 ?x212) ?x192)))
 (let ((?x339 (- (+ (- ?x334 (* 108 ?x212 (- x s))) ?x284 ?x197) (* 108 r00 (- x s)))))
 (let ((?x346 (- (+ (- (- (+ ?x339 ?x137) ?x139) ?x299) (* 54 r00 ?x212)) (* 216 (- x s) x00))))
 (let ((?x126 (* 15 s00 s00)))
 (let ((?x124 (* 36 r00 r00 x00)))
 (let ((?x118 (* 6 s00 x00)))
 (let ((?x110 (* 2 r00 s00 s00)))
 (let ((?x102 (* 24 r00 s00)))
 (let ((?x268 (+ (- (* (- 24) ?x215 ?x212) (* 54 r00 x00)) (* 36 ?x215 r00 (- x s)) ?x102 (* 3 ?x212 ?x212) (* 54 ?x215 (- x s)))))
 (let ((?x272 (+ (- ?x268 (* 6 s00 (- x s))) (* 4 r00 ?x212 ?x212))))
 (let ((?x279 (- (+ (- (- ?x272 ?x110) (* 6 ?x212 x00)) (* 12 ?x212 s00)) (* 2 r00 ?x212 s00))))
 (let ((?x282 (+ ?x279 ?x118 (* 2 ?x215 ?x212 ?x212) (* 6 ?x212 (- x s)))))
 (let ((?x290 (+ (- (- (- (- ?x282 (* 4 ?x215 s00 s00)) ?x284) ?x124) ?x126) (* 2 ?x215 ?x212 s00))))
 (let ((?x294 (+ (- ?x290 (* 36 ?x215 r00 x00)) (* 54 r00 (- x s)))))
 (let ((?x301 (+ (- (+ (- ?x294 ?x137) ?x139) (* 54 ?x215 x00)) ?x299 (* 24 ?x215 s00))))
 (let ((?x305 (+ (- ?x301 (* 24 r00 ?x212)) (* 36 r00 r00 (- x s)))))
 (let ((?x227 (* 3 ?x212)))
 (let ((?x82 (* 6 r00 r00 s00)))
 (let ((?x44 (* 3 s00)))
 (let ((?x76 (* 4 s00 s00)))
 (let ((?x70 (* 9 r00 s00)))
 (let ((?x244 (+ (- (* (- 9) ?x215 ?x212) (* 18 r00 x00)) ?x70 (* 2 ?x212 ?x212) (* 18 ?x215 (- x s)) (* 6 ?x215 r00 ?x212))))
 (let ((?x249 (+ (- (- ?x244 (* 6 r00 r00 ?x212)) ?x76) (* 18 r00 (- x s)))))
 (let ((?x256 (+ (- (+ (- ?x249 ?x44) ?x82) (* 18 ?x215 x00)) ?x227 (* 9 ?x215 s00) (* 2 ?x212 s00))))
 (let (($x261 (= (- (- ?x256 (* 9 r00 ?x212)) (* 6 ?x215 r00 s00)) 0)))
 (let ((?x61 (* 12 r00 r00 r00)))
 (let ((?x59 (* 6 x00)))
 (let ((?x54 (* 6 r00 s00)))
 (let ((?x48 (* 3 r00)))
 (let ((?x225 (- (+ (* (- 2) ?x215 ?x212) (* 12 ?x215 r00 r00)) (* 3 ?x215))))
 (let ((?x234 (- (+ (- (+ (- ?x225 ?x44) ?x227 ?x48) (* 4 ?x215 s00)) ?x54) (* 6 (- x s)))))
 (let (($x354 (or (not (= ?x218 0)) (not (= (- (+ ?x234 ?x59) ?x61) 0)) (not $x261) (not (= ?x305 0)) (not (= (+ ?x346 ?x208) 0)) (not (= (* ?x218 (- 1) ?x215 ?x215 ?x212) 0)))))
 (let ((?x143 (* 9 s)))
 (let ((?x123 (* 36 r00 r00 s)))
 (let ((?x164 (- (- (+ ?x157 (* 15 s s)) (* 216 r00 r00 r00 s)) ?x161)))
 (let ((?x172 (- (- (+ (- ?x164 (* 4 s s s)) (* 108 x x)) ?x169) (* 12 s s s00))))
 (let ((?x180 (+ (- (+ ?x172 (* 108 s00 x)) ?x175) ?x177 (* 108 s x00) (* 432 r00 r00 r00 x))))
 (let ((?x188 (- (+ (- ?x180 (* 66 s s00)) (* 108 r00 s s00)) ?x186)))
 (let ((?x193 (+ (- ?x188 (* 216 r00 s00 x)) (* 36 r00 r00 s s) ?x192)))
 (let ((?x200 (- (+ (- ?x193 (* 108 s x)) ?x123 ?x197) (* 108 r00 x))))
 (let ((?x207 (- (+ (- (- (+ ?x200 ?x137) ?x139) ?x143) (* 54 r00 s)) (* 216 x x00))))
 (let ((?x105 (+ (- (* (- 24) r s) (* 54 r00 x00)) (* 36 r r00 x) ?x102 (* 3 s s) (* 54 r x))))
 (let ((?x112 (- (+ (- ?x105 (* 6 s00 x)) (* 4 r00 s s)) ?x110)))
 (let ((?x117 (- (+ (- ?x112 (* 6 s x00)) (* 12 s s00)) (* 2 r00 s s00))))
 (let ((?x127 (- (+ ?x117 ?x118 (* 2 r s s) (* 6 s x)) (* 4 r s00 s00))))
 (let ((?x134 (- (+ (- (- (- ?x127 ?x123) ?x124) ?x126) (* 2 r s s00)) (* 36 r r00 x00))))
 (let ((?x142 (- (+ (- (+ ?x134 (* 54 r00 x)) ?x137) ?x139) (* 54 r x00))))
 (let ((?x149 (+ (- (+ ?x142 ?x143 (* 24 r s00)) (* 24 r00 s)) (* 36 r00 r00 x))))
 (let ((?x47 (* 3 s)))
 (let ((?x74 (+ (- (* (- 9) r s) (* 18 r00 x00)) ?x70 (* 2 s s) (* 18 r x) (* 6 r r00 s))))
 (let ((?x80 (+ (- (- ?x74 (* 6 r00 r00 s)) ?x76) (* 18 r00 x))))
 (let ((?x88 (+ (- (+ (- ?x80 ?x44) ?x82) (* 18 r x00)) ?x47 (* 9 r s00) (* 2 s s00))))
 (let (($x93 (= (- (- ?x88 (* 9 r00 s)) (* 6 r r00 s00)) 0)))
 (let ((?x56 (* 6 x)))
 (let ((?x43 (* 3 r)))
 (let ((?x46 (- (- (+ (* (- 2) r s) (* 12 r r00 r00)) ?x43) ?x44)))
 (let ((?x60 (+ (- (+ (- (+ ?x46 ?x47 ?x48) (* 4 r s00)) ?x54) ?x56) ?x59)))
 (and (= (- (+ (- s00 s) (* 3 r r)) ?x33) 0) (= (- ?x60 ?x61) 0) $x93 (= ?x149 0) (= (+ ?x207 ?x208) 0) $x354))))))))))))))))))))))))))))))))))))))))))))))))))))))))))))))))))))))))))))))))) :qid k!40))
 ))
 (let ((?x1155 (lambda ((r Int) (s Int) (x Int) )(let ((?x143 (* 9 s)))
 (let ((?x2800 (* r00 r00 s00)))
 (let ((?x1996 (* 36 ?x2800)))
 (let ((?x1078 (* (- 9) s00)))
 (let ((?x672 (* s00 s00)))
 (let ((?x1007 (* (- 15) ?x672)))
 (let ((?x968 (* r00 r00 x00)))
 (let ((?x981 (* (- 36) ?x968)))
 (let ((?x211 (* 6 r)))
 (let ((?x2982 (+ 3 s ?x211)))
 (let ((?x359 (* (- 1) s)))
 (let ((?x1636 (+ x ?x359)))
 (let ((?x3374 (* ?x1636 ?x2982)))
 (let ((?x896 (* s00 x00)))
 (let ((?x897 (* 6 ?x896)))
 (let ((?x2443 (* r00 s00 s00)))
 (let ((?x2083 (* (- 2) ?x2443)))
 (let ((?x2776 (* r00 s00)))
 (let ((?x2837 (* 24 ?x2776)))
 (let ((?x603 (* r00 x00)))
 (let ((?x640 (* (- 54) ?x603)))
 (let ((?x3223 (+ (* (- 24) (* (+ 1 r) ?x2982)) ?x640 (* 36 (* r00 (+ 1 r) ?x1636)) ?x2837 (* 3 (* ?x2982 ?x2982)) (* 54 (* (+ 1 r) ?x1636)) (* (- 6) (* s00 ?x1636)) (* 4 (* r00 ?x2982 ?x2982)) ?x2083 (* (- 6) (* x00 ?x2982)) (* 12 (* s00 ?x2982)) (* (- 2) (* r00 s00 ?x2982)) ?x897 (* 2 (* (+ 1 r) ?x2982 ?x2982)) (* 6 ?x3374) (* (- 4) (* s00 s00 (+ 1 r))) (* (- 36) (* r00 r00 ?x2982)) ?x981 ?x1007 (* 2 (* s00 (+ 1 r) ?x2982)) (* (- 36) (* r00 x00 (+ 1 r))) (* 54 (* r00 ?x1636)) ?x1078 ?x1996 (* (- 54) (* x00 (+ 1 r))) ?x143 (* 54 r) (* 24 (* s00 (+ 1 r))) (* (- 24) (* r00 ?x2982)) (* 36 (* r00 r00 ?x1636)))))
 (let ((?x1451 (* x00 x00)))
 (let ((?x2661 (* 108 ?x1451)))
 (let ((?x2864 (* (- 54) r)))
 (let ((?x1795 (* (- 9) s)))
 (let ((?x420 (* (- 36) ?x2800)))
 (let ((?x137 (* 9 s00)))
 (let ((?x3409 (* 51 ?x672)))
 (let ((?x1645 (* r00 r00 ?x2982)))
 (let ((?x3826 (* 36 ?x1645)))
 (let ((?x1289 (* s00 s00 s00)))
 (let ((?x2645 (* 16 ?x1289)))
 (let ((?x2183 (* (- 108) ?x896)))
 (let ((?x2500 (* 216 (* r00 r00 r00 s00))))
 (let ((?x1158 (* (- 108) ?x2443)))
 (let ((?x1003 (* r00 r00 r00 x00)))
 (let ((?x610 (* (- 432) ?x1003)))
 (let ((?x1148 (* (- 36) (* r00 r00 s00 s00))))
 (let ((?x2848 (* (- 54) ?x2776)))
 (let ((?x1902 (* 108 ?x603)))
 (let ((?x670 (* 216 (* r00 s00 x00))))
 (let ((?x2167 (+ ?x670 ?x1902 ?x2848 (* 15 (* ?x2982 ?x2982)) (* (- 216) (* r00 r00 r00 ?x2982)) ?x1148 (* (- 4) (* ?x2982 ?x2982 ?x2982)) (* 108 (* ?x1636 ?x1636)) ?x610 (* (- 12) (* s00 ?x2982 ?x2982)) (* 108 (* s00 ?x1636)) ?x1158 ?x2500 (* 108 (* x00 ?x2982)) (* 432 (* r00 r00 r00 ?x1636)) (* (- 66) (* s00 ?x2982)) (* 108 (* r00 s00 ?x2982)) ?x2183 (* (- 216) (* r00 s00 ?x1636)) (* 36 (* r00 r00 ?x2982 ?x2982)) ?x2645 (* (- 108) ?x3374) ?x3826 ?x3409 (* (- 108) (* r00 ?x1636)) ?x137 ?x420 ?x1795 ?x2864 (* 54 (* r00 ?x2982)) (* (- 216) (* x00 ?x1636)) ?x2661)))
 (let (($x2181 (not (= ?x2167 27))))
 (let ((?x550 (* r00 r00 r00)))
 (let ((?x564 (* (- 12) ?x550)))
 (let ((?x59 (* 6 x00)))
 (let ((?x529 (* (- 6) x)))
 (let ((?x2906 (* 6 ?x2776)))
 (let ((?x48 (* 3 r00)))
 (let ((?x459 (* (- 3) s00)))
 (let ((?x1647 (+ (* (- 2) (* (+ 1 r) ?x2982)) (* 12 (* r00 r00 (+ 1 r))) (* 15 r) ?x459 ?x143 ?x48 (* (- 4) (* s00 (+ 1 r))) ?x2906 ?x529 ?x59 ?x564)))
 (let ((?x380 (* r00 r00)))
 (let ((?x394 (* (- 3) ?x380)))
 (let ((?x3540 (* 3 (* (+ 1 r) (+ 1 r)))))
 (let ((?x3491 (* (- 6) r)))
 (let ((?x1521 (+ 1 r)))
 (let (($x1595 (not (= (* ?x1521 ?x1521 ?x2982 (+ (- 3) s00 ?x359 ?x3491 ?x3540 ?x394)) 0))))
 (let (($x1151 (not (= (+ s00 ?x359 ?x3491 ?x3540 ?x394) 3))))
 (let ((?x47 (* 3 s)))
 (let ((?x3072 (* 6 ?x2800)))
 (let ((?x685 (* (- 4) ?x672)))
 (let ((?x1740 (* 9 ?x2776)))
 (let ((?x617 (* (- 18) ?x603)))
 (let ((?x1039 (+ (* (- 9) (* ?x1521 ?x2982)) ?x617 ?x1740 (* 2 (* ?x2982 ?x2982)) (* 18 (* ?x1521 ?x1636)) (* 6 (* r00 ?x1521 ?x2982)) (* (- 6) ?x1645) ?x685 (* 18 (* r00 ?x1636)) ?x459 ?x3072 (* (- 18) (* x00 ?x1521)) ?x47 (* 18 r) (* 9 (* s00 ?x1521)) (* 2 (* s00 ?x2982)) (* (- 9) (* r00 ?x2982)) (* (- 6) (* r00 s00 ?x1521)))))
 (let (($x2606 (or (not (= ?x1039 (- 9))) $x1151 $x1595 (not (= ?x1647 (- 6))) $x2181 (not (= ?x3223 (- 27))))))
 (let ((?x1903 (* r00 r00 s)))
 (let ((?x3677 (* 36 ?x1903)))
 (let ((?x779 (+ ?x670 ?x1902 ?x2848 (* 15 (* s s)) (* (- 216) (* r00 r00 r00 s)) ?x1148 (* (- 4) (* s s s)) (* 108 (* x x)) ?x610 (* (- 12) (* s00 s s)) (* 108 (* s00 x)) ?x1158 ?x2500 (* 108 (* x00 s)) (* 432 (* r00 r00 r00 x)) (* (- 66) (* s00 s)) (* 108 (* r00 s00 s)) ?x2183 (* (- 216) (* r00 s00 x)) (* 36 (* r00 r00 s s)) ?x2645 (* (- 108) (* x s)) ?x3677 ?x3409 (* (- 108) (* r00 x)) ?x137 ?x420 ?x1795 (* 54 (* r00 s)) (* (- 216) (* x00 x)) ?x2661)))
 (let (($x842 (= ?x779 0)))
 (let ((?x2653 (* (- 36) ?x1903)))
 (let ((?x626 (* s s)))
 (let ((?x658 (* 3 ?x626)))
 (let ((?x2506 (+ (* (- 24) (* s r)) ?x640 (* 36 (* r00 x r)) ?x2837 ?x658 (* 54 (* x r)) (* (- 6) (* s00 x)) (* 4 (* r00 s s)) ?x2083 (* (- 6) (* x00 s)) (* 12 (* s00 s)) (* (- 2) (* r00 s00 s)) ?x897 (* 2 (* s s r)) (* 6 (* x s)) (* (- 4) (* s00 s00 r)) ?x2653 ?x981 ?x1007 (* 2 (* s00 s r)) (* (- 36) (* r00 x00 r)) (* 54 (* r00 x)) ?x1078 ?x1996 (* (- 54) (* x00 r)) ?x143 (* 24 (* s00 r)) (* (- 24) (* r00 s)) (* 36 (* r00 r00 x)))))
 (let ((?x627 (* 2 ?x626)))
 (let ((?x2619 (+ (* (- 9) (* s r)) ?x617 ?x1740 ?x627 (* 18 (* x r)) (* 6 (* r00 s r)) (* (- 6) ?x1903) ?x685 (* 18 (* r00 x)) ?x459 ?x3072 (* (- 18) (* x00 r)) ?x47 (* 9 (* s00 r)) (* 2 (* s00 s)) (* (- 9) (* r00 s)) (* (- 6) (* r00 s00 r)))))
 (let ((?x436 (* (- 3) r)))
 (let ((?x2530 (+ (* (- 2) (* s r)) (* 12 (* r00 r00 r)) ?x436 ?x459 ?x47 ?x48 (* (- 4) (* s00 r)) ?x2906 ?x529 ?x59 ?x564)))
 (let (($x3156 (= (+ s00 ?x359 (* 3 (* r r)) ?x394) 0)))
 (let (($x2193 (and $x3156 (= ?x2530 0) (= ?x2619 0) (= ?x2506 0) $x842 $x2606)))
 (let ((?x212 (+ s ?x211 3)))
 (let ((?x215 (+ r 1)))
 (let ((?x33 (* 3 r00 r00)))
 (let ((?x218 (- (+ (- s00 ?x212) (* 3 ?x215 ?x215)) ?x33)))
 (let ((?x208 (* 108 x00 x00)))
 (let ((?x299 (* 9 ?x212)))
 (let ((?x139 (* 36 r00 r00 s00)))
 (let ((?x197 (* 51 s00 s00)))
 (let ((?x284 (* 36 r00 r00 ?x212)))
 (let ((?x192 (* 16 s00 s00 s00)))
 (let ((?x186 (* 108 s00 x00)))
 (let ((?x177 (* 216 r00 r00 r00 s00)))
 (let ((?x175 (* 108 r00 s00 s00)))
 (let ((?x169 (* 432 r00 r00 r00 x00)))
 (let ((?x161 (* 36 r00 r00 s00 s00)))
 (let ((?x157 (- (+ (* 216 r00 s00 x00) (* 108 r00 x00)) (* 54 r00 s00))))
 (let ((?x313 (- (- (+ ?x157 (* 15 ?x212 ?x212)) (* 216 r00 r00 r00 ?x212)) ?x161)))
 (let ((?x316 (+ (- ?x313 (* 4 ?x212 ?x212 ?x212)) (* 108 (- x s) (- x s)))))
 (let ((?x321 (+ (- (- ?x316 ?x169) (* 12 ?x212 ?x212 s00)) (* 108 s00 (- x s)))))
 (let ((?x325 (+ (- ?x321 ?x175) ?x177 (* 108 ?x212 x00) (* 432 r00 r00 r00 (- x s)))))
 (let ((?x331 (- (+ (- ?x325 (* 66 ?x212 s00)) (* 108 r00 ?x212 s00)) ?x186)))
 (let ((?x334 (+ (- ?x331 (* 216 r00 s00 (- x s))) (* 36 r00 r00 ?x212 ?x212) ?x192)))
 (let ((?x339 (- (+ (- ?x334 (* 108 ?x212 (- x s))) ?x284 ?x197) (* 108 r00 (- x s)))))
 (let ((?x346 (- (+ (- (- (+ ?x339 ?x137) ?x139) ?x299) (* 54 r00 ?x212)) (* 216 (- x s) x00))))
 (let ((?x126 (* 15 s00 s00)))
 (let ((?x124 (* 36 r00 r00 x00)))
 (let ((?x118 (* 6 s00 x00)))
 (let ((?x110 (* 2 r00 s00 s00)))
 (let ((?x102 (* 24 r00 s00)))
 (let ((?x268 (+ (- (* (- 24) ?x215 ?x212) (* 54 r00 x00)) (* 36 ?x215 r00 (- x s)) ?x102 (* 3 ?x212 ?x212) (* 54 ?x215 (- x s)))))
 (let ((?x272 (+ (- ?x268 (* 6 s00 (- x s))) (* 4 r00 ?x212 ?x212))))
 (let ((?x279 (- (+ (- (- ?x272 ?x110) (* 6 ?x212 x00)) (* 12 ?x212 s00)) (* 2 r00 ?x212 s00))))
 (let ((?x282 (+ ?x279 ?x118 (* 2 ?x215 ?x212 ?x212) (* 6 ?x212 (- x s)))))
 (let ((?x290 (+ (- (- (- (- ?x282 (* 4 ?x215 s00 s00)) ?x284) ?x124) ?x126) (* 2 ?x215 ?x212 s00))))
 (let ((?x294 (+ (- ?x290 (* 36 ?x215 r00 x00)) (* 54 r00 (- x s)))))
 (let ((?x301 (+ (- (+ (- ?x294 ?x137) ?x139) (* 54 ?x215 x00)) ?x299 (* 24 ?x215 s00))))
 (let ((?x305 (+ (- ?x301 (* 24 r00 ?x212)) (* 36 r00 r00 (- x s)))))
 (let ((?x227 (* 3 ?x212)))
 (let ((?x82 (* 6 r00 r00 s00)))
 (let ((?x44 (* 3 s00)))
 (let ((?x76 (* 4 s00 s00)))
 (let ((?x70 (* 9 r00 s00)))
 (let ((?x244 (+ (- (* (- 9) ?x215 ?x212) (* 18 r00 x00)) ?x70 (* 2 ?x212 ?x212) (* 18 ?x215 (- x s)) (* 6 ?x215 r00 ?x212))))
 (let ((?x249 (+ (- (- ?x244 (* 6 r00 r00 ?x212)) ?x76) (* 18 r00 (- x s)))))
 (let ((?x256 (+ (- (+ (- ?x249 ?x44) ?x82) (* 18 ?x215 x00)) ?x227 (* 9 ?x215 s00) (* 2 ?x212 s00))))
 (let (($x261 (= (- (- ?x256 (* 9 r00 ?x212)) (* 6 ?x215 r00 s00)) 0)))
 (let ((?x61 (* 12 r00 r00 r00)))
 (let ((?x54 (* 6 r00 s00)))
 (let ((?x225 (- (+ (* (- 2) ?x215 ?x212) (* 12 ?x215 r00 r00)) (* 3 ?x215))))
 (let ((?x234 (- (+ (- (+ (- ?x225 ?x44) ?x227 ?x48) (* 4 ?x215 s00)) ?x54) (* 6 (- x s)))))
 (let (($x354 (or (not (= ?x218 0)) (not (= (- (+ ?x234 ?x59) ?x61) 0)) (not $x261) (not (= ?x305 0)) (not (= (+ ?x346 ?x208) 0)) (not (= (* ?x218 (- 1) ?x215 ?x215 ?x212) 0)))))
 (let ((?x123 (* 36 r00 r00 s)))
 (let ((?x164 (- (- (+ ?x157 (* 15 s s)) (* 216 r00 r00 r00 s)) ?x161)))
 (let ((?x172 (- (- (+ (- ?x164 (* 4 s s s)) (* 108 x x)) ?x169) (* 12 s s s00))))
 (let ((?x180 (+ (- (+ ?x172 (* 108 s00 x)) ?x175) ?x177 (* 108 s x00) (* 432 r00 r00 r00 x))))
 (let ((?x188 (- (+ (- ?x180 (* 66 s s00)) (* 108 r00 s s00)) ?x186)))
 (let ((?x193 (+ (- ?x188 (* 216 r00 s00 x)) (* 36 r00 r00 s s) ?x192)))
 (let ((?x200 (- (+ (- ?x193 (* 108 s x)) ?x123 ?x197) (* 108 r00 x))))
 (let ((?x207 (- (+ (- (- (+ ?x200 ?x137) ?x139) ?x143) (* 54 r00 s)) (* 216 x x00))))
 (let ((?x105 (+ (- (* (- 24) r s) (* 54 r00 x00)) (* 36 r r00 x) ?x102 (* 3 s s) (* 54 r x))))
 (let ((?x112 (- (+ (- ?x105 (* 6 s00 x)) (* 4 r00 s s)) ?x110)))
 (let ((?x117 (- (+ (- ?x112 (* 6 s x00)) (* 12 s s00)) (* 2 r00 s s00))))
 (let ((?x127 (- (+ ?x117 ?x118 (* 2 r s s) (* 6 s x)) (* 4 r s00 s00))))
 (let ((?x134 (- (+ (- (- (- ?x127 ?x123) ?x124) ?x126) (* 2 r s s00)) (* 36 r r00 x00))))
 (let ((?x142 (- (+ (- (+ ?x134 (* 54 r00 x)) ?x137) ?x139) (* 54 r x00))))
 (let ((?x149 (+ (- (+ ?x142 ?x143 (* 24 r s00)) (* 24 r00 s)) (* 36 r00 r00 x))))
 (let ((?x74 (+ (- (* (- 9) r s) (* 18 r00 x00)) ?x70 (* 2 s s) (* 18 r x) (* 6 r r00 s))))
 (let ((?x80 (+ (- (- ?x74 (* 6 r00 r00 s)) ?x76) (* 18 r00 x))))
 (let ((?x88 (+ (- (+ (- ?x80 ?x44) ?x82) (* 18 r x00)) ?x47 (* 9 r s00) (* 2 s s00))))
 (let (($x93 (= (- (- ?x88 (* 9 r00 s)) (* 6 r r00 s00)) 0)))
 (let ((?x56 (* 6 x)))
 (let ((?x43 (* 3 r)))
 (let ((?x46 (- (- (+ (* (- 2) r s) (* 12 r r00 r00)) ?x43) ?x44)))
 (let ((?x60 (+ (- (+ (- (+ ?x46 ?x47 ?x48) (* 4 r s00)) ?x54) ?x56) ?x59)))
 (let (($x355 (and (= (- (+ (- s00 s) (* 3 r r)) ?x33) 0) (= (- ?x60 ?x61) 0) $x93 (= ?x149 0) (= (+ ?x207 ?x208) 0) $x354)))
 (rewrite (= $x355 $x2193))))))))))))))))))))))))))))))))))))))))))))))))))))))))))))))))))))))))))))))))))))))))))))))))))))))))))))))))))))))))))))))))))))))))))))))))))))))))))))))
 ))
 (let ((@x357 (asserted $x356)))
 (let ((@x3836 (mp (mp @x357 (quant-intro (proof-bind ?x1155) (= $x356 $x1152)) $x1152) (rewrite (= $x1152 $x1152)) $x1152)))
 (let ((@x419 (mp (mp @x3836 (quant-intro (proof-bind ?x2104) (= $x1152 $x1590)) $x1590) (quant-intro (proof-bind ?x2875) (= $x1590 $x3504)) $x3504)))
 (let ((@x2357 (mp (mp~ @x419 (sk (~ $x3504 $x852)) $x852) (rewrite (= $x852 $x2340)) $x2340)))
 (let ((@x2351 (and-elim @x2357 $x3099)))
 (let ((@x3308 (unit-resolution ((_ th-lemma arith triangle-eq) (or $x1402 $x2194)) @x2351 $x2194)))
 (let (($x1502 (>= ?x2478 0)))
 (let ((@x2148 (unit-resolution ((_ th-lemma arith triangle-eq) (or $x1402 $x1502)) @x2351 $x1502)))
 (let (($x982 (<= ?x2105 0)))
 (let (($x966 (<= ?x1049 0)))
 (let ((@x1406 (and-elim @x2357 $x1930)))
 (let ((@x3213 (unit-resolution ((_ th-lemma arith triangle-eq) (or (not $x1930) $x966)) @x1406 $x966)))
 (let (($x952 (>= ?x1049 0)))
 (let ((@x2440 (unit-resolution ((_ th-lemma arith triangle-eq) (or (not $x1930) $x952)) @x1406 $x952)))
 (let (($x719 (<= ?x3411 0)))
 (let ((@x2352 (and-elim @x2357 $x1993)))
 (let ((@x2344 (unit-resolution ((_ th-lemma arith triangle-eq) (or (not $x1993) $x719)) @x2352 $x719)))
 (let (($x713 (>= ?x3411 0)))
 (let ((@x1411 (unit-resolution ((_ th-lemma arith triangle-eq) (or (not $x1993) $x713)) @x2352 $x713)))
 (let (($x1664 (<= ?x1624 0)))
 (let ((@x1405 (and-elim @x2357 $x2209)))
 (let ((@x3102 (unit-resolution ((_ th-lemma arith triangle-eq) (or (not $x2209) $x1664)) @x1405 $x1664)))
 (let (($x1214 (>= ?x1624 0)))
 (let ((@x3268 (unit-resolution ((_ th-lemma arith triangle-eq) (or (not $x2209) $x1214)) @x1405 $x1214)))
 (let ((@x1559 ((_ th-lemma arith) (hypothesis (not $x982)) @x2148 @x3308 @x3268 @x3102 @x2148 @x3308 @x1411 @x2344 @x3268 @x3102 @x1411 @x2344 @x3268 @x3102 @x1411 @x2344 @x2148 @x3308 @x2440 @x3213 false)))
 (let ((@x2472 (lemma @x1559 $x982)))
 (let (($x2434 (>= ?x2105 0)))
 (let ((@x1612 ((_ th-lemma arith) (hypothesis (not $x2434)) @x2148 @x3308 @x3268 @x3102 @x1411 @x2344 @x3268 @x3102 @x1411 @x2344 @x2148 @x3308 @x2440 @x3213 false)))
 (let ((@x3333 (lemma @x1612 $x2434)))
 (let (($x868 (<= ?x3412 0)))
 (let ((@x2769 (and-elim @x2357 $x1734)))
 (let ((@x570 (unit-resolution ((_ th-lemma arith triangle-eq) (or (not $x1734) $x868)) @x2769 $x868)))
 (let (($x1560 (>= ?x3412 0)))
 (let ((@x1788 (unit-resolution ((_ th-lemma arith triangle-eq) (or (not $x1734) $x1560)) @x2769 $x1560)))
 (let (($x2634 (<= ?x2473 0)))
 (let ((@x801 ((_ th-lemma arith) (hypothesis (not $x2634)) @x2148 @x3308 @x3268 @x3102 @x1411 @x2344 @x3333 @x2472 @x2148 @x3308 false)))
 (let ((@x1524 (lemma @x801 $x2634)))
 (let (($x725 (>= ?x2473 0)))
 (let ((@x1527 ((_ th-lemma arith) (hypothesis (not $x725)) @x2148 @x3308 @x3268 @x3102 @x1411 @x2344 @x3333 @x2472 @x2148 @x3308 false)))
 (let ((@x1613 (lemma @x1527 $x725)))
 (let (($x653 (not (<= ?x1192 0))))
 (let (($x903 (>= ?x1192 0)))
 (let ((@x1705 ((_ th-lemma arith) (hypothesis (not $x903)) @x2148 @x3308 @x1613 @x1524 @x1788 @x570 @x3268 @x3102 @x1411 @x2344 @x3268 @x3102 @x3268 @x3102 @x1411 @x2344 @x1411 @x2344 @x2440 @x3213 @x2148 @x3308 @x2440 @x3213 @x3333 @x2472 @x2148 @x3308 false)))
 (let ((@x1796 (unit-resolution ((_ th-lemma arith triangle-eq) (or $x2920 (not $x982) (not $x2434))) @x2472 @x3333 $x2920)))
 (let ((@x2307 (unit-resolution (hypothesis $x2349) ((_ th-lemma arith eq-propagate -4 -4 -1 -1) @x2148 @x3308 @x2440 @x3213 $x2361) false)))
 (let ((@x2873 (unit-resolution ((_ th-lemma arith triangle-eq) (or $x2336 (not $x2634) (not $x725))) @x1524 @x1613 $x2336)))
 (let ((@x3510 (unit-resolution (and-elim @x2357 $x2938) @x2351 (or $x945 $x1407 $x1833 $x2349 $x2359))))
 (let ((@x1794 (unit-resolution @x3510 @x2873 ((_ th-lemma arith eq-propagate 0 0 0 0) @x2148 @x3308 @x2148 @x3308 $x2038) (lemma @x2307 $x2361) @x1796 $x945)))
 (let ((@x597 (unit-resolution ((_ th-lemma arith triangle-eq) (or $x3108 $x653 (not $x903))) @x1794 (or $x653 (not $x903)))))
 ((_ th-lemma arith) (unit-resolution @x597 (lemma @x1705 $x903) $x653) @x2148 @x3308 @x1613 @x1524 @x1788 @x570 @x3268 @x3102 @x1411 @x2344 @x3268 @x3102 @x3268 @x3102 @x1411 @x2344 @x1411 @x2344 @x2440 @x3213 @x2148 @x3308 @x2440 @x3213 @x3333 @x2472 @x2148 @x3308 false))))))))))))))))))))))))))))))))))))))))))))))))))))))))))))))))))))))))))))))))))))))))))))))))))))))))))))))))))))))))))))))))))))))))))))))))))))))))))))))))))))))))))))))))))))))))))))))))))))))))))))))))))))))))))))))))))))))))))))))))))))))))))))))))))))))))))))

(:added-eqs                 13
 :arith-assert-diseq        8
 :arith-assert-lower        77
 :arith-assert-upper        22
 :arith-conflicts           6
 :arith-eq-adapter          10
 :arith-fixed-eqs           3
 :arith-gcd-tests           21
 :arith-grobner             6
 :arith-max-min             1587
 :arith-nonlinear-bounds    59
 :arith-nonlinear-horner    56
 :arith-num-rows            11
 :arith-patches             13
 :arith-patches_succ        13
 :arith-pivots              9
 :arith-pseudo-nonlinear    2
 :arith-row-summations      27
 :arith-tableau-max-columns 142
 :arith-tableau-max-rows    11
 :conflicts                 7
 :decisions                 18
 :del-clause                36
 :final-checks              13
 :max-memory                4.48
 :memory                    3.56
 :mk-bool-var               36
 :mk-clause                 36
 :num-allocs                4646583
 :num-checks                1
 :propagations              44
 :rlimit-count              100457
 :time                      0.06
 :total-time                0.07)
