unsat
((set-logic NIA)
(declare-fun s!1 () Int)
(declare-fun r!2 () Int)
(declare-fun x!0 () Int)
(proof
(let ((?x616 (* (- 1) s!1)))
 (let ((?x384 (* r00 r00)))
 (let ((?x3048 (* (- 3) ?x384)))
 (let ((?x1087 (+ s00 ?x3048 (* 3 (* r!2 r!2)) ?x616)))
 (let (($x3448 (<= ?x1087 0)))
 (let (($x3579 (= ?x1087 0)))
 (let ((?x3223 (* r!2 s!1 s!1)))
 (let ((?x3270 (* 2 ?x3223)))
 (let ((?x3194 (* r!2 r!2 r!2)))
 (let ((?x1973 (* 72 ?x3194)))
 (let ((?x3178 (* s!1 x!0)))
 (let ((?x3647 (* 6 ?x3178)))
 (let ((?x2169 (* r!2 s!1)))
 (let ((?x1954 (* (- 42) ?x2169)))
 (let ((?x2131 (* s!1 s!1)))
 (let ((?x3257 (* (- 1) ?x2131)))
 (let ((?x4039 (* 72 x!0)))
 (let ((?x4037 (* (- 57) s!1)))
 (let ((?x4036 (* 36 r!2)))
 (let ((?x1974 (* r!2 r!2 s!1)))
 (let ((?x657 (* 24 ?x1974)))
 (let ((?x1856 (* r!2 r!2)))
 (let ((?x4040 (* 108 ?x1856)))
 (let ((?x1639 (* r!2 x!0)))
 (let ((?x3652 (* 90 ?x1639)))
 (let ((?x972 (* r00 r00 x00)))
 (let ((?x985 (* (- 36) ?x972)))
 (let ((?x900 (* s00 x00)))
 (let ((?x901 (* 6 ?x900)))
 (let ((?x777 (* s00 s00 r00)))
 (let ((?x795 (* (- 2) ?x777)))
 (let ((?x732 (* s00 r00 r00)))
 (let ((?x1095 (* 36 ?x732)))
 (let ((?x676 (* s00 s00)))
 (let ((?x2665 (* (- 19) ?x676)))
 (let ((?x607 (* r00 x00)))
 (let ((?x2740 (* (- 90) ?x607)))
 (let ((?x511 (* s00 r00)))
 (let ((?x2445 (* 18 ?x511)))
 (let ((?x2610 (* (- 108) ?x384)))
 (let ((?x2834 (* (- 72) x00)))
 (let ((?x3273 (* (- 36) r00)))
 (let ((?x2878 (* 57 s00)))
 (let ((?x1559 (+ ?x2878 ?x3273 ?x2834 ?x2610 ?x2445 ?x2740 ?x2665 (* 90 (* r00 x!0)) ?x1095 ?x795 ?x901 ?x985 (* 12 (* r00 r!2 s!1)) (* (- 4) (* s00 s00 r!2)) (* 12 (* s00 r!2 r!2)) ?x3652 (* 20 (* s00 s!1)) ?x4040 ?x657 (* (- 90) (* r00 s!1)) ?x4036 ?x4037 ?x4039 ?x3257 ?x1954 (* (- 2) (* s00 r00 s!1)) (* (- 6) (* s00 x!0)) (* (- 72) (* r00 r00 s!1)) (* 114 (* s00 r!2)) (* 36 (* r00 r!2 x!0)) (* (- 216) (* r00 r00 r!2)) (* 2 (* s00 r!2 s!1)) (* (- 36) (* r00 x00 r!2)) (* (- 90) (* x00 r!2)) (* (- 6) (* x00 s!1)) (* (- 12) (* s00 r00 r!2)) ?x3647 ?x1973 (* 144 (* r00 r!2 r!2)) ?x3270 (* 36 (* r00 r00 x!0)) (* 4 (* r00 s!1 s!1)))))
 (let ((?x4238 (* s!1 s!1 s!1)))
 (let ((?x3206 (* (- 3) ?x4238)))
 (let ((?x4047 (* (- 27) (* r!2 x!0 x!0))))
 (let ((?x1805 (* (- 3) (* r!2 s!1 x!0 x!0))))
 (let ((?x3124 (* (- 3) (* r!2 s!1 s!1 s!1))))
 (let ((?x3330 (* (- 3) (* s!1 x!0 x!0))))
 (let ((?x2577 (* (- 27) ?x3223)))
 (let ((?x3362 (* 18 ?x3178)))
 (let ((?x2689 (* (- 18) (* r!2 r!2 x!0 x!0))))
 (let ((?x1603 (* (- 12) ?x2169)))
 (let ((?x2606 (* (- 9) ?x2131)))
 (let ((?x2189 (* 6 x!0)))
 (let ((?x1605 (* (- 6) s!1)))
 (let ((?x3787 (* (- 6) ?x1974)))
 (let ((?x3281 (* (- 18) (* r!2 r!2 s!1 s!1))))
 (let ((?x1646 (* x!0 x!0)))
 (let ((?x3361 (* (- 9) ?x1646)))
 (let ((?x2576 (* 12 ?x1639)))
 (let ((?x968 (* 6 (* r!2 s!1 s!1 x!0))))
 (let ((?x967 (* 6 (* s!1 s!1 x!0))))
 (let ((?x963 (* 36 (* r!2 r!2 s!1 x!0))))
 (let ((?x953 (* 54 (* r!2 s!1 x!0))))
 (let ((?x3654 (* 6 (* r!2 r!2 x!0))))
 (let ((?x632 (+ 3 (* 6 r!2) s!1)))
 (let ((?x605 (+ ?x616 x!0)))
 (let ((?x640 (* (- 6) (* (+ 1 r!2) ?x605 ?x605 ?x632 ?x632))))
 (let ((?x3822 (+ ?x640 ?x3654 ?x953 ?x963 ?x967 ?x968 ?x2576 ?x3361 ?x3281 ?x3787 ?x1605 ?x2189 ?x2606 ?x1603 ?x2689 ?x3362 ?x2577 ?x3330 ?x3124 ?x1805 ?x4047 ?x3206)))
 (let ((?x3582 (* ?x3822 ?x1559)))
 (let (($x3820 (= ?x3582 0)))
 (let (($x3519 (not $x3820)))
 (let ((?x2342 (* 4 ?x4238)))
 (let ((?x896 (* 72 ?x3223)))
 (let ((?x3065 (* 864 ?x3194)))
 (let ((?x897 (* 324 ?x3178)))
 (let ((?x2121 (* (- 396) ?x2169)))
 (let ((?x3574 (* (- 195) ?x2131)))
 (let ((?x880 (* 324 x!0)))
 (let ((?x671 (* (- 297) s!1)))
 (let ((?x670 (* 162 r!2)))
 (let ((?x2567 (* 432 ?x1974)))
 (let ((?x2581 (* 756 ?x1856)))
 (let ((?x1647 (* (- 108) ?x1646)))
 (let ((?x1102 (* 648 ?x1639)))
 (let ((?x1455 (* x00 x00)))
 (let ((?x1485 (* (- 108) ?x1455)))
 (let ((?x1293 (* s00 s00 s00)))
 (let ((?x1484 (* (- 16) ?x1293)))
 (let ((?x1181 (* s00 r00 r00 r00)))
 (let ((?x1480 (* (- 216) ?x1181)))
 (let ((?x1007 (* r00 r00 r00 x00)))
 (let ((?x1008 (* 432 ?x1007)))
 (let ((?x1238 (* 108 ?x900)))
 (let ((?x864 (* s00 s00 r00 r00)))
 (let ((?x865 (* 36 ?x864)))
 (let ((?x1135 (* 108 ?x777)))
 (let ((?x1474 (* (- 51) ?x676)))
 (let ((?x1471 (* (- 108) ?x607)))
 (let ((?x603 (* s00 r00 x00)))
 (let ((?x1470 (* (- 216) ?x603)))
 (let ((?x554 (* r00 r00 r00)))
 (let ((?x4168 (* 648 ?x554)))
 (let ((?x2407 (* (- 270) ?x511)))
 (let ((?x2400 (* (- 432) ?x384)))
 (let ((?x4162 (* (- 324) x00)))
 (let ((?x2386 (* (- 162) r00)))
 (let ((?x4161 (* 297 s00)))
 (let ((?x2838 (+ ?x4161 ?x2386 ?x4162 ?x2400 ?x2407 ?x4168 ?x1470 ?x1471 ?x1474 (* 108 (* r00 x!0)) ?x1095 ?x1135 ?x865 ?x1238 ?x1008 ?x1480 ?x1484 (* 12 (* s00 s!1 s!1)) (* 216 (* s00 r00 x!0)) ?x1485 (* 432 (* s00 r!2 r!2)) ?x1102 ?x1647 (* 246 (* s00 s!1)) ?x2581 ?x2567 (* (- 324) (* r00 r!2)) (* (- 162) (* r00 s!1)) ?x670 ?x671 ?x880 ?x3574 ?x2121 (* (- 324) (* s00 r00 s!1)) (* (- 108) (* s00 x!0)) (* 216 (* x00 x!0)) (* (- 252) (* r00 r00 s!1)) (* 828 (* s00 r!2)) (* (- 36) (* r00 r00 s!1 s!1)) (* (- 1512) (* r00 r00 r!2)) (* 144 (* s00 r!2 s!1)) (* (- 1296) (* r00 r00 r!2 r!2)) (* (- 648) (* x00 r!2)) (* (- 324) (* x00 s!1)) (* (- 648) (* s00 r00 r!2)) ?x897 ?x3065 ?x896 (* (- 432) (* r00 r00 r00 x!0)) (* 648 (* r00 r00 r00 s!1)) (* 1296 (* r00 r00 r00 r!2)) (* (- 432) (* r00 r00 r!2 s!1)) ?x2342)))
 (let (($x2873 (= ?x2838 0)))
 (let (($x3395 (not $x2873)))
 (let (($x3300 (= ?x1559 0)))
 (let (($x3406 (not $x3300)))
 (let ((?x939 (* (- 3) ?x2169)))
 (let ((?x1020 (* 2 ?x2131)))
 (let ((?x1950 (* 18 x!0)))
 (let ((?x1123 (* (- 12) s!1)))
 (let ((?x1056 (* 9 r!2)))
 (let ((?x934 (* 18 ?x1856)))
 (let ((?x1501 (* 18 ?x1639)))
 (let ((?x733 (* 6 ?x732)))
 (let ((?x689 (* (- 4) ?x676)))
 (let ((?x621 (* (- 18) ?x607)))
 (let ((?x448 (* 3 ?x511)))
 (let ((?x444 (* (- 18) ?x384)))
 (let ((?x438 (* (- 18) x00)))
 (let ((?x443 (* (- 9) r00)))
 (let ((?x442 (* 12 s00)))
 (let ((?x1083 (+ ?x442 ?x443 ?x438 ?x444 ?x448 ?x621 ?x689 (* 18 (* r00 x!0)) ?x733 (* 6 (* r00 r!2 s!1)) ?x1501 (* 2 (* s00 s!1)) ?x934 (* (- 21) (* r00 s!1)) ?x1056 ?x1123 ?x1950 ?x1020 ?x939 (* (- 6) (* r00 r00 s!1)) (* 21 (* s00 r!2)) (* (- 36) (* r00 r00 r!2)) (* (- 18) (* x00 r!2)) (* (- 6) (* s00 r00 r!2)) (* 36 (* r00 r!2 r!2)))))
 (let (($x1173 (= ?x1083 0)))
 (let (($x3196 (not $x1173)))
 (let ((?x2699 (* r00 r00 r!2)))
 (let ((?x1386 (* (- 12) ?x2699)))
 (let ((?x2550 (* s00 r!2)))
 (let ((?x2628 (* 4 ?x2550)))
 (let ((?x1554 (* 2 ?x2169)))
 (let ((?x3951 (* (- 7) s!1)))
 (let ((?x3556 (* 3 r!2)))
 (let ((?x1044 (* 12 ?x1856)))
 (let ((?x555 (* 12 ?x554)))
 (let ((?x589 (* (- 6) ?x511)))
 (let ((?x3040 (* (- 12) ?x384)))
 (let ((?x586 (* (- 6) x00)))
 (let ((?x585 (* (- 3) r00)))
 (let ((?x2390 (* 7 s00)))
 (let ((?x3995 (+ ?x2390 ?x585 ?x586 ?x3040 ?x589 ?x555 ?x1044 ?x3556 ?x3951 ?x2189 ?x1554 ?x2628 ?x1386)))
 (let (($x3288 (= ?x3995 0)))
 (let (($x3938 (not $x3288)))
 (let (($x3263 (not $x3579)))
 (let (($x3627 (or $x3263 $x3938 $x3196 $x3406 $x3395 $x3519)))
 (let ((?x2484 (* r00 r00 s!1)))
 (let ((?x2909 (* 36 ?x2484)))
 (let ((?x3241 (* (- 9) s!1)))
 (let ((?x1122 (* 108 ?x1455)))
 (let ((?x1905 (* 16 ?x1293)))
 (let ((?x1160 (* (- 432) ?x1007)))
 (let ((?x1681 (* (- 108) ?x900)))
 (let ((?x1383 (* (- 36) ?x732)))
 (let ((?x2057 (* 51 ?x676)))
 (let ((?x1883 (* 108 ?x607)))
 (let ((?x137 (* 9 s00)))
 (let ((?x1155 (+ ?x137 (* (- 54) ?x511) (* 216 ?x603) ?x1883 ?x2057 (* (- 108) (* r00 x!0)) ?x1383 (* (- 108) ?x777) (* (- 36) ?x864) ?x1681 ?x1160 (* 216 ?x1181) ?x1905 (* (- 12) (* s00 s!1 s!1)) (* (- 216) (* s00 r00 x!0)) ?x1122 (* 108 ?x1646) (* (- 66) (* s00 s!1)) (* 54 (* r00 s!1)) ?x3241 (* 15 ?x2131) (* 108 (* s00 r00 s!1)) (* 108 (* s00 x!0)) (* (- 216) (* x00 x!0)) ?x2909 (* 36 (* r00 r00 s!1 s!1)) (* 108 (* x00 s!1)) (* (- 108) ?x3178) (* 432 (* r00 r00 r00 x!0)) (* (- 216) (* r00 r00 r00 s!1)) (* (- 4) ?x4238))))
 (let (($x3386 (= ?x1155 0)))
 (let ((?x973 (* 36 ?x972)))
 (let ((?x2994 (* (- 6) ?x900)))
 (let ((?x778 (* 2 ?x777)))
 (let ((?x2631 (* 15 ?x676)))
 (let ((?x2403 (* 54 ?x607)))
 (let ((?x3512 (+ ?x137 (* (- 24) ?x511) ?x2403 ?x2631 (* (- 54) (* r00 x!0)) ?x1383 ?x778 ?x2994 ?x973 (* 4 (* s00 s00 r!2)) (* (- 54) ?x1639) (* (- 12) (* s00 s!1)) (* 24 (* r00 s!1)) ?x3241 (* (- 3) ?x2131) (* 24 ?x2169) (* 2 (* s00 r00 s!1)) (* 6 (* s00 x!0)) ?x2909 (* (- 24) ?x2550) (* (- 36) (* r00 r!2 x!0)) (* (- 2) (* s00 r!2 s!1)) (* 36 (* r00 x00 r!2)) (* 54 (* x00 r!2)) (* 6 (* x00 s!1)) (* (- 6) ?x3178) (* (- 2) ?x3223) (* (- 36) (* r00 r00 x!0)) (* (- 4) (* r00 s!1 s!1)))))
 (let (($x2912 (= ?x3512 0)))
 (let ((?x3558 (* (- 3) s!1)))
 (let ((?x2212 (* (- 6) ?x732)))
 (let ((?x677 (* 4 ?x676)))
 (let ((?x608 (* 18 ?x607)))
 (let ((?x44 (* 3 s00)))
 (let ((?x999 (+ ?x44 (* (- 9) ?x511) ?x608 ?x677 (* (- 18) (* r00 x!0)) ?x2212 (* (- 6) (* r00 r!2 s!1)) (* (- 18) ?x1639) (* (- 2) (* s00 s!1)) (* 9 (* r00 s!1)) ?x3558 (* (- 2) ?x2131) (* 9 ?x2169) (* 6 ?x2484) (* (- 9) ?x2550) (* 18 (* x00 r!2)) (* 6 (* s00 r00 r!2)))))
 (let (($x3955 (= ?x999 0)))
 (let ((?x3133 (+ ?x44 ?x585 ?x586 ?x589 ?x555 ?x3556 ?x3558 ?x2189 ?x1554 ?x2628 ?x1386)))
 (let (($x4001 (= ?x3133 0)))
 (let (($x2813 (and $x3579 $x4001 $x3955 $x2912 $x3386 $x3627)))
 (let ((?x910 (* 36 (* x!0 r00 r00))))
 (let ((?x899 (* (- 36) (* r!2 r00 x00))))
 (let ((?x3776 (* r!2 s!1 s00)))
 (let ((?x3777 (* 2 ?x3776)))
 (let ((?x3758 (* (- 4) (* r!2 s00 s00))))
 (let ((?x3269 (* s!1 s00 r00)))
 (let ((?x2190 (* (- 2) ?x3269)))
 (let ((?x3480 (* s!1 x00)))
 (let ((?x3755 (* (- 6) ?x3480)))
 (let ((?x2171 (* 4 (* s!1 s!1 r00))))
 (let ((?x1802 (* x!0 s00)))
 (let ((?x2598 (* (- 6) ?x1802)))
 (let ((?x3222 (* 36 (* r!2 x!0 r00))))
 (let ((?x658 (+ ?x4036 ?x4037 ?x4039 ?x2878 ?x3273 ?x2834 ?x4040 ?x2610 ?x1954 (* (- 216) (* r!2 r00 r00)) (* 114 (* r!2 s00)) ?x2445 ?x2740 ?x3257 ?x3652 (* 12 (* r!2 s!1 r00)) (* (- 72) (* s!1 r00 r00)) ?x3222 ?x2665 (* 90 (* x!0 r00)) ?x2598 ?x1095 (* (- 90) (* r!2 x00)) ?x2171 (* 20 (* s!1 s00)) ?x795 (* (- 90) (* s!1 r00)) (* (- 12) (* r!2 s00 r00)) ?x3755 ?x2190 ?x901 ?x3270 ?x3647 ?x3758 ?x985 ?x3777 ?x899 ?x910 (* 144 (* r!2 r!2 r00)) ?x1973 ?x657 (* 12 (* r!2 r!2 s00)))))
 (let ((?x2691 (+ ?x1605 ?x2189 ?x1603 ?x2606 ?x2576 ?x2577 ?x3362 ?x3206 ?x3361 ?x640 ?x3654 ?x3787 ?x3330 ?x1805 ?x3281 ?x3124 ?x953 ?x963 ?x967 ?x968 ?x4047 ?x2689)))
 (let ((?x800 (* 216 (* x!0 x00))))
 (let ((?x1452 (* (- 36) (* s!1 s!1 r00 r00))))
 (let ((?x1448 (* 216 (* x!0 s00 r00))))
 (let ((?x1446 (* (- 432) (* x!0 r00 r00 r00))))
 (let ((?x1437 (* 12 (* s!1 s!1 s00))))
 (let ((?x2651 (* (- 108) ?x1802)))
 (let ((?x1213 (* x!0 r00)))
 (let ((?x3523 (* 108 ?x1213)))
 (let ((?x1784 (+ ?x670 ?x671 ?x880 ?x4161 ?x2386 ?x4162 ?x2581 ?x2400 ?x2121 (* (- 1512) (* r!2 r00 r00)) (* 828 (* r!2 s00)) ?x2407 ?x4168 ?x1470 ?x1471 ?x3574 ?x1102 (* (- 252) (* s!1 r00 r00)) ?x1474 ?x3523 ?x2651 ?x1095 (* (- 648) (* r!2 x00)) (* 648 (* s!1 r00 r00 r00)) (* 246 (* s!1 s00)) ?x1135 (* (- 162) (* s!1 r00)) (* (- 648) (* r!2 s00 r00)) (* (- 324) ?x3480) ?x865 (* (- 324) ?x3269) ?x1238 ?x896 ?x897 ?x2342 ?x1647 ?x1008 (* 144 ?x3776) ?x1437 ?x1480 ?x1446 ?x1448 ?x1452 ?x1484 ?x800 ?x1485 (* (- 324) (* r!2 r00)) (* (- 432) (* r!2 s!1 r00 r00)) (* 1296 (* r!2 r00 r00 r00)) ?x3065 ?x2567 (* 432 (* r!2 r!2 s00)) (* (- 1296) (* r!2 r!2 r00 r00)))))
 (let ((?x3573 (* r!2 s00 r00)))
 (let ((?x3571 (* (- 6) ?x3573)))
 (let ((?x3681 (* s!1 s00)))
 (let ((?x3680 (* 2 ?x3681)))
 (let ((?x1138 (* r!2 x00)))
 (let ((?x1136 (* (- 18) ?x1138)))
 (let ((?x3708 (* 18 ?x1213)))
 (let ((?x3388 (* s!1 r00 r00)))
 (let ((?x499 (* (- 6) ?x3388)))
 (let ((?x1556 (* r!2 s!1 r00)))
 (let ((?x1557 (* 6 ?x1556)))
 (let ((?x1789 (+ ?x1056 ?x1123 ?x1950 ?x442 ?x443 ?x438 ?x934 ?x444 ?x939 (* (- 36) (* r!2 r00 r00)) (* 21 (* r!2 s00)) ?x448 ?x621 ?x1020 ?x1501 ?x1557 ?x499 ?x689 ?x3708 ?x733 ?x1136 ?x3680 (* (- 21) (* s!1 r00)) ?x3571 (* 36 (* r!2 r!2 r00)))))
 (let ((?x3169 (* r!2 s00)))
 (let ((?x3709 (* 4 ?x3169)))
 (let ((?x1860 (* r!2 r00 r00)))
 (let ((?x3170 (* (- 12) ?x1860)))
 (let ((?x1053 (+ ?x3556 ?x3951 ?x2189 ?x2390 ?x585 ?x586 ?x1044 ?x3040 ?x1554 ?x3170 ?x3709 ?x589 ?x555)))
 (let (($x2728 (= (+ s!1 (* (- 1) s00) (* (- 3) ?x1856) (* 3 ?x384)) 0)))
 (let (($x3443 (or (not $x2728) (not (= ?x1053 0)) (not (= ?x1789 0)) (not (= ?x658 0)) (not (= ?x1784 0)) (not (= (* ?x2691 ?x658) 0)))))
 (let ((?x885 (* (- 36) ?x3388)))
 (let ((?x613 (* 54 ?x511)))
 (let ((?x1082 (* (- 9) s00)))
 (let ((?x2698 (* 9 s!1)))
 (let ((?x1450 (+ ?x2698 ?x1082 ?x613 ?x1470 ?x1471 (* (- 15) ?x2131) ?x885 ?x1474 ?x3523 ?x2651 ?x1095 (* 216 (* s!1 r00 r00 r00)) (* 66 ?x3681) ?x1135 (* (- 54) (* s!1 r00)) (* (- 108) ?x3480) ?x865 (* (- 108) ?x3269) ?x1238 (* 108 ?x3178) ?x2342 ?x1647 ?x1008 ?x1437 ?x1480 ?x1446 ?x1448 ?x1452 ?x1484 ?x800 ?x1485)))
 (let ((?x1011 (* (- 15) ?x676)))
 (let ((?x644 (* (- 54) ?x607)))
 (let ((?x659 (* 24 ?x511)))
 (let ((?x3578 (+ ?x2698 ?x1082 (* (- 24) ?x2169) (* 24 ?x3169) ?x659 ?x644 (* 3 ?x2131) (* 54 ?x1639) ?x885 ?x3222 ?x1011 (* 54 ?x1213) ?x2598 ?x1095 (* (- 54) ?x1138) ?x2171 (* 12 ?x3681) ?x795 (* (- 24) (* s!1 r00)) ?x3755 ?x2190 ?x901 ?x3270 ?x3647 ?x3758 ?x985 ?x3777 ?x899 ?x910)))
 (let ((?x626 (* 9 ?x511)))
 (let ((?x463 (* (- 3) s00)))
 (let ((?x3678 (+ (* 3 s!1) ?x463 (* (- 9) ?x2169) (* 9 ?x3169) ?x626 ?x621 ?x1020 ?x1501 ?x1557 ?x499 ?x689 ?x3708 ?x733 ?x1136 ?x3680 (* (- 9) (* s!1 r00)) ?x3571)))
 (let (($x1816 (= (+ ?x3556 ?x3558 ?x2189 ?x44 ?x585 ?x586 ?x1554 ?x3170 ?x3709 ?x589 ?x555) 0)))
 (let (($x3147 (and $x2728 $x1816 (= ?x3678 0) (= ?x3578 0) (= ?x1450 0) $x3443)))
 (let (($x1712 (exists ((r Int) (s Int) (x Int) )(! (let ((?x1168 (* 36 (* x r00 r00))))
 (let ((?x1036 (* r r00 x00)))
 (let ((?x1049 (* (- 36) ?x1036)))
 (let ((?x1024 (* r s s00)))
 (let ((?x1025 (* 2 ?x1024)))
 (let ((?x972 (* r00 r00 x00)))
 (let ((?x985 (* (- 36) ?x972)))
 (let ((?x920 (* r s00 s00)))
 (let ((?x933 (* (- 4) ?x920)))
 (let ((?x908 (* s x)))
 (let ((?x909 (* 6 ?x908)))
 (let ((?x904 (* r s s)))
 (let ((?x905 (* 2 ?x904)))
 (let ((?x900 (* s00 x00)))
 (let ((?x901 (* 6 ?x900)))
 (let ((?x874 (* s s00 r00)))
 (let ((?x887 (* (- 2) ?x874)))
 (let ((?x823 (* s x00)))
 (let ((?x850 (* (- 6) ?x823)))
 (let ((?x811 (* r s00 r00)))
 (let ((?x2448 (* (- 12) ?x811)))
 (let ((?x777 (* s00 s00 r00)))
 (let ((?x795 (* (- 2) ?x777)))
 (let ((?x773 (* s s00)))
 (let ((?x2701 (* 20 ?x773)))
 (let ((?x750 (* 4 (* s s r00))))
 (let ((?x744 (* r x00)))
 (let ((?x2835 (* (- 90) ?x744)))
 (let ((?x732 (* s00 r00 r00)))
 (let ((?x1095 (* 36 ?x732)))
 (let ((?x706 (* x s00)))
 (let ((?x721 (* (- 6) ?x706)))
 (let ((?x676 (* s00 s00)))
 (let ((?x2665 (* (- 19) ?x676)))
 (let ((?x654 (* 36 (* r x r00))))
 (let ((?x607 (* r00 x00)))
 (let ((?x2740 (* (- 90) ?x607)))
 (let ((?x511 (* s00 r00)))
 (let ((?x2445 (* 18 ?x511)))
 (let ((?x434 (* r r00 r00)))
 (let ((?x2618 (* (- 216) ?x434)))
 (let ((?x384 (* r00 r00)))
 (let ((?x2610 (* (- 108) ?x384)))
 (let ((?x2834 (* (- 72) x00)))
 (let ((?x3273 (* (- 36) r00)))
 (let ((?x2878 (* 57 s00)))
 (let ((?x2536 (* 72 x)))
 (let ((?x3467 (+ (* 36 r) (* (- 57) s) ?x2536 ?x2878 ?x3273 ?x2834 (* 108 (* r r)) ?x2610 (* (- 42) (* r s)) ?x2618 (* 114 (* r s00)) ?x2445 ?x2740 (* (- 1) (* s s)) (* 90 (* r x)) (* 12 (* r s r00)) (* (- 72) (* s r00 r00)) ?x654 ?x2665 (* 90 (* x r00)) ?x721 ?x1095 ?x2835 ?x750 ?x2701 ?x795 (* (- 90) (* s r00)) ?x2448 ?x850 ?x887 ?x901 ?x905 ?x909 ?x933 ?x985 ?x1025 ?x1049 ?x1168 (* 144 (* r r r00)) (* 72 (* r r r)) (* 24 (* r r s)) (* 12 (* r r s00)))))
 (let ((?x3962 (* (- 18) (* r r x x))))
 (let ((?x4024 (* (- 27) (* r x x))))
 (let ((?x4023 (* 6 (* r s s x))))
 (let ((?x4019 (* 6 (* s s x))))
 (let ((?x4018 (* 36 (* r r s x))))
 (let ((?x4017 (* 54 (* r s x))))
 (let ((?x3753 (* (- 3) (* r s s s))))
 (let ((?x3745 (* (- 18) (* r r s s))))
 (let ((?x3968 (* (- 3) (* r s x x))))
 (let ((?x3965 (* (- 3) (* s x x))))
 (let ((?x3083 (* 6 (* r r x))))
 (let ((?x211 (* 6 r)))
 (let ((?x1492 (+ 3 ?x211 s)))
 (let ((?x363 (* (- 1) s)))
 (let ((?x1751 (+ ?x363 x)))
 (let ((?x1525 (+ 1 r)))
 (let ((?x977 (* x x)))
 (let ((?x3692 (* (- 9) ?x977)))
 (let ((?x914 (* s s s)))
 (let ((?x3748 (* (- 3) ?x914)))
 (let ((?x3689 (* 18 ?x908)))
 (let ((?x4016 (* (- 27) ?x904)))
 (let ((?x630 (* s s)))
 (let ((?x3674 (* (- 9) ?x630)))
 (let ((?x56 (* 6 x)))
 (let ((?x1765 (* (- 6) s)))
 (let ((?x2634 (+ ?x1765 ?x56 (* (- 12) (* r s)) ?x3674 (* 12 (* r x)) ?x4016 ?x3689 ?x3748 ?x3692 (* (- 6) (* ?x1525 ?x1751 ?x1751 ?x1492 ?x1492)) ?x3083 (* (- 6) (* r r s)) ?x3965 ?x3968 ?x3745 ?x3753 ?x4017 ?x4018 ?x4019 ?x4023 ?x4024 ?x3962)))
 (let ((?x3548 (* r r s00)))
 (let ((?x4202 (* 432 ?x3548)))
 (let ((?x3356 (* r r s)))
 (let ((?x4198 (* 432 ?x3356)))
 (let ((?x3347 (* r r r)))
 (let ((?x4197 (* 864 ?x3347)))
 (let ((?x4195 (* 1296 (* r r00 r00 r00))))
 (let ((?x1455 (* x00 x00)))
 (let ((?x1485 (* (- 108) ?x1455)))
 (let ((?x1430 (* 216 (* x x00))))
 (let ((?x1293 (* s00 s00 s00)))
 (let ((?x1484 (* (- 16) ?x1293)))
 (let ((?x1482 (* (- 36) (* s s r00 r00))))
 (let ((?x1264 (* 216 (* x s00 r00))))
 (let ((?x1481 (* (- 432) (* x r00 r00 r00))))
 (let ((?x1181 (* s00 r00 r00 r00)))
 (let ((?x1480 (* (- 216) ?x1181)))
 (let ((?x1066 (* 12 (* s s s00))))
 (let ((?x4178 (* 144 ?x1024)))
 (let ((?x1007 (* r00 r00 r00 x00)))
 (let ((?x1008 (* 432 ?x1007)))
 (let ((?x1479 (* (- 108) ?x977)))
 (let ((?x916 (* 4 ?x914)))
 (let ((?x4177 (* 72 ?x904)))
 (let ((?x1238 (* 108 ?x900)))
 (let ((?x864 (* s00 s00 r00 r00)))
 (let ((?x865 (* 36 ?x864)))
 (let ((?x4175 (* (- 324) ?x823)))
 (let ((?x1135 (* 108 ?x777)))
 (let ((?x1475 (* (- 108) ?x706)))
 (let ((?x702 (* x r00)))
 (let ((?x1341 (* 108 ?x702)))
 (let ((?x1474 (* (- 51) ?x676)))
 (let ((?x634 (* r x)))
 (let ((?x4171 (* 648 ?x634)))
 (let ((?x1471 (* (- 108) ?x607)))
 (let ((?x603 (* s00 r00 x00)))
 (let ((?x1470 (* (- 216) ?x603)))
 (let ((?x554 (* r00 r00 r00)))
 (let ((?x4168 (* 648 ?x554)))
 (let ((?x2407 (* (- 270) ?x511)))
 (let ((?x484 (* r s00)))
 (let ((?x4167 (* 828 ?x484)))
 (let ((?x2400 (* (- 432) ?x384)))
 (let ((?x4162 (* (- 324) x00)))
 (let ((?x2386 (* (- 162) r00)))
 (let ((?x4161 (* 297 s00)))
 (let ((?x3877 (* 324 x)))
 (let ((?x2431 (+ (* 162 r) (* (- 297) s) ?x3877 ?x4161 ?x2386 ?x4162 (* 756 (* r r)) ?x2400 (* (- 396) (* r s)) (* (- 1512) ?x434) ?x4167 ?x2407 ?x4168 ?x1470 ?x1471 (* (- 195) ?x630) ?x4171 (* (- 252) (* s r00 r00)) ?x1474 ?x1341 ?x1475 ?x1095 (* (- 648) ?x744) (* 648 (* s r00 r00 r00)) (* 246 ?x773) ?x1135 (* (- 162) (* s r00)) (* (- 648) ?x811) ?x4175 ?x865 (* (- 324) ?x874) ?x1238 ?x4177 (* 324 ?x908) ?x916 ?x1479 ?x1008 ?x4178 ?x1066 ?x1480 ?x1481 ?x1264 ?x1482 ?x1484 ?x1430 ?x1485 (* (- 324) (* r r00)) (* (- 432) (* r s r00 r00)) ?x4195 ?x4197 ?x4198 ?x4202 (* (- 1296) (* r r r00 r00)))))
 (let ((?x824 (* (- 6) ?x811)))
 (let ((?x774 (* 2 ?x773)))
 (let ((?x757 (* (- 18) ?x744)))
 (let ((?x733 (* 6 ?x732)))
 (let ((?x703 (* 18 ?x702)))
 (let ((?x689 (* (- 4) ?x676)))
 (let ((?x650 (* s r00 r00)))
 (let ((?x663 (* (- 6) ?x650)))
 (let ((?x638 (* r s r00)))
 (let ((?x639 (* 6 ?x638)))
 (let ((?x635 (* 18 ?x634)))
 (let ((?x631 (* 2 ?x630)))
 (let ((?x621 (* (- 18) ?x607)))
 (let ((?x448 (* 3 ?x511)))
 (let ((?x444 (* (- 18) ?x384)))
 (let ((?x438 (* (- 18) x00)))
 (let ((?x443 (* (- 9) r00)))
 (let ((?x442 (* 12 s00)))
 (let ((?x1773 (+ (* 9 r) (* (- 12) s) (* 18 x) ?x442 ?x443 ?x438 (* 18 (* r r)) ?x444 (* (- 3) (* r s)) (* (- 36) ?x434) (* 21 ?x484) ?x448 ?x621 ?x631 ?x635 ?x639 ?x663 ?x689 ?x703 ?x733 ?x757 ?x774 (* (- 21) (* s r00)) ?x824 (* 36 (* r r r00)))))
 (let ((?x555 (* 12 ?x554)))
 (let ((?x589 (* (- 6) ?x511)))
 (let ((?x485 (* 4 ?x484)))
 (let ((?x588 (* (- 12) ?x434)))
 (let ((?x428 (* r s)))
 (let ((?x587 (* 2 ?x428)))
 (let ((?x3040 (* (- 12) ?x384)))
 (let ((?x586 (* (- 6) x00)))
 (let ((?x585 (* (- 3) r00)))
 (let ((?x2390 (* 7 s00)))
 (let ((?x43 (* 3 r)))
 (let ((?x1106 (+ ?x43 (* (- 7) s) ?x56 ?x2390 ?x585 ?x586 (* 12 (* r r)) ?x3040 ?x587 ?x588 ?x485 ?x589 ?x555)))
 (let (($x417 (= (+ s (* (- 1) s00) (* (- 3) (* r r)) (* 3 ?x384)) 0)))
 (let (($x1286 (or (not $x417) (not (= ?x1106 0)) (not (= ?x1773 0)) (not (= ?x3467 0)) (not (= ?x2431 0)) (not (= (* ?x2634 ?x3467) 0)))))
 (let ((?x1305 (* 108 ?x908)))
 (let ((?x755 (* s r00 r00 r00)))
 (let ((?x756 (* 216 ?x755)))
 (let ((?x959 (* (- 36) ?x650)))
 (let ((?x613 (* 54 ?x511)))
 (let ((?x1082 (* (- 9) s00)))
 (let ((?x143 (* 9 s)))
 (let ((?x1486 (+ ?x143 ?x1082 ?x613 ?x1470 ?x1471 (* (- 15) ?x630) ?x959 ?x1474 ?x1341 ?x1475 ?x1095 ?x756 (* 66 ?x773) ?x1135 (* (- 54) (* s r00)) (* (- 108) ?x823) ?x865 (* (- 108) ?x874) ?x1238 ?x1305 ?x916 ?x1479 ?x1008 ?x1066 ?x1480 ?x1481 ?x1264 ?x1482 ?x1484 ?x1430 ?x1485)))
 (let (($x1487 (= ?x1486 0)))
 (let ((?x785 (* s r00)))
 (let ((?x1154 (* (- 24) ?x785)))
 (let ((?x1011 (* (- 15) ?x676)))
 (let ((?x680 (* 54 ?x634)))
 (let ((?x662 (* 3 ?x630)))
 (let ((?x644 (* (- 54) ?x607)))
 (let ((?x659 (* 24 ?x511)))
 (let ((?x1131 (* 24 ?x484)))
 (let ((?x606 (* (- 24) ?x428)))
 (let ((?x1174 (+ ?x143 ?x1082 ?x606 ?x1131 ?x659 ?x644 ?x662 ?x680 ?x959 ?x654 ?x1011 (* 54 ?x702) ?x721 ?x1095 (* (- 54) ?x744) ?x750 (* 12 ?x773) ?x795 ?x1154 ?x850 ?x887 ?x901 ?x905 ?x909 ?x933 ?x985 ?x1025 ?x1049 ?x1168)))
 (let (($x1179 (= ?x1174 0)))
 (let ((?x626 (* 9 ?x511)))
 (let ((?x463 (* (- 3) s00)))
 (let ((?x47 (* 3 s)))
 (let ((?x830 (+ ?x47 ?x463 (* (- 9) ?x428) (* 9 ?x484) ?x626 ?x621 ?x631 ?x635 ?x639 ?x663 ?x689 ?x703 ?x733 ?x757 ?x774 (* (- 9) ?x785) ?x824)))
 (let (($x837 (= ?x830 0)))
 (let ((?x44 (* 3 s00)))
 (let ((?x584 (* (- 3) s)))
 (let (($x591 (= (+ ?x43 ?x584 ?x56 ?x44 ?x585 ?x586 ?x587 ?x588 ?x485 ?x589 ?x555) 0)))
 (and $x417 $x591 $x837 $x1179 $x1487 $x1286)))))))))))))))))))))))))))))))))))))))))))))))))))))))))))))))))))))))))))))))))))))))))))))))))))))))))))))))))))))))))))))))))))))))))))))))))))))))))))))))))))))))))))))))))))))))))) :qid k!40))
 ))
 (let (($x3490 (exists ((r Int) (s Int) (x Int) )(! (let ((?x363 (* (- 1) s)))
 (let ((?x1686 (+ x ?x363)))
 (let ((?x3775 (* r00 r00 ?x1686)))
 (let ((?x3762 (* 36 ?x3775)))
 (let ((?x211 (* 6 r)))
 (let ((?x3366 (+ 3 s ?x211)))
 (let ((?x1129 (* r00 ?x3366)))
 (let ((?x3645 (* (- 24) ?x1129)))
 (let ((?x1525 (+ 1 r)))
 (let ((?x1899 (* s00 ?x1525)))
 (let ((?x3495 (* 24 ?x1899)))
 (let ((?x3577 (* 54 r)))
 (let ((?x143 (* 9 s)))
 (let ((?x2629 (* x00 ?x1525)))
 (let ((?x3552 (* (- 54) ?x2629)))
 (let ((?x3297 (* r00 r00 s00)))
 (let ((?x3171 (* 36 ?x3297)))
 (let ((?x1082 (* (- 9) s00)))
 (let ((?x1854 (* r00 ?x1686)))
 (let ((?x2730 (* 54 ?x1854)))
 (let ((?x2036 (* r00 x00 ?x1525)))
 (let ((?x656 (* (- 36) ?x2036)))
 (let ((?x451 (* s00 ?x1525 ?x3366)))
 (let ((?x3094 (* 2 ?x451)))
 (let ((?x676 (* s00 s00)))
 (let ((?x1011 (* (- 15) ?x676)))
 (let ((?x972 (* r00 r00 x00)))
 (let ((?x985 (* (- 36) ?x972)))
 (let ((?x1617 (* r00 r00 ?x3366)))
 (let ((?x4129 (* (- 36) ?x1617)))
 (let ((?x667 (* s00 s00 ?x1525)))
 (let ((?x1061 (* (- 4) ?x667)))
 (let ((?x4041 (* ?x1686 ?x3366)))
 (let ((?x4042 (* 6 ?x4041)))
 (let ((?x1798 (* ?x1525 ?x3366 ?x3366)))
 (let ((?x1799 (* 2 ?x1798)))
 (let ((?x900 (* s00 x00)))
 (let ((?x901 (* 6 ?x900)))
 (let ((?x3982 (* r00 s00 ?x3366)))
 (let ((?x4003 (* (- 2) ?x3982)))
 (let ((?x1254 (* s00 ?x3366)))
 (let ((?x4098 (* 12 ?x1254)))
 (let ((?x1256 (* x00 ?x3366)))
 (let ((?x1169 (* (- 6) ?x1256)))
 (let ((?x3399 (* r00 s00 s00)))
 (let ((?x2387 (* (- 2) ?x3399)))
 (let ((?x1009 (* r00 ?x3366 ?x3366)))
 (let ((?x1022 (* 4 ?x1009)))
 (let ((?x1666 (* s00 ?x1686)))
 (let ((?x1857 (* (- 6) ?x1666)))
 (let ((?x1012 (* ?x1525 ?x1686)))
 (let ((?x839 (* 54 ?x1012)))
 (let ((?x3650 (* ?x3366 ?x3366)))
 (let ((?x1604 (* 3 ?x3650)))
 (let ((?x3237 (* r00 s00)))
 (let ((?x3181 (* 24 ?x3237)))
 (let ((?x817 (* r00 ?x1525 ?x1686)))
 (let ((?x1898 (* 36 ?x817)))
 (let ((?x607 (* r00 x00)))
 (let ((?x644 (* (- 54) ?x607)))
 (let ((?x3393 (* ?x1525 ?x3366)))
 (let ((?x1960 (* (- 24) ?x3393)))
 (let ((?x3789 (+ 27 ?x1960 ?x644 ?x1898 ?x3181 ?x1604 ?x839 ?x1857 ?x1022 ?x2387 ?x1169 ?x4098 ?x4003 ?x901 ?x1799 ?x4042 ?x1061 ?x4129 ?x985 ?x1011 ?x3094 ?x656 ?x2730 ?x1082 ?x3171 ?x3552 ?x143 ?x3577 ?x3495 ?x3645 ?x3762)))
 (let ((?x3917 (+ (* 6 (* ?x1525 ?x1525 ?x1686)) (* (- 3) (* ?x1525 ?x1686 ?x1686 ?x3366)) (* (- 6) (* ?x1525 ?x1686 ?x1686 ?x3366 ?x3366)))))
 (let (($x3793 (not (= (* ?x3917 ?x3789) 0))))
 (let ((?x1455 (* x00 x00)))
 (let ((?x1122 (* 108 ?x1455)))
 (let ((?x2911 (* (- 54) r)))
 (let ((?x3249 (* (- 9) s)))
 (let ((?x3227 (* (- 36) ?x3297)))
 (let ((?x137 (* 9 s00)))
 (let ((?x2057 (* 51 ?x676)))
 (let ((?x4113 (* 36 ?x1617)))
 (let ((?x1293 (* s00 s00 s00)))
 (let ((?x1905 (* 16 ?x1293)))
 (let ((?x1681 (* (- 108) ?x900)))
 (let ((?x3728 (* 216 (* r00 r00 r00 s00))))
 (let ((?x2254 (* (- 108) ?x3399)))
 (let ((?x1007 (* r00 r00 r00 x00)))
 (let ((?x1160 (* (- 432) ?x1007)))
 (let ((?x3111 (* (- 36) (* r00 r00 s00 s00))))
 (let ((?x3326 (* (- 54) ?x3237)))
 (let ((?x1883 (* 108 ?x607)))
 (let ((?x3114 (* 216 (* r00 s00 x00))))
 (let ((?x2525 (+ ?x3114 ?x1883 ?x3326 (* 15 ?x3650) (* (- 216) (* r00 r00 r00 ?x3366)) ?x3111 (* (- 4) (* ?x3366 ?x3366 ?x3366)) (* 108 (* ?x1686 ?x1686)) ?x1160 (* (- 12) (* s00 ?x3366 ?x3366)) (* 108 ?x1666) ?x2254 ?x3728 (* 108 ?x1256) (* 432 (* r00 r00 r00 ?x1686)) (* (- 66) ?x1254) (* 108 ?x3982) ?x1681 (* (- 216) (* r00 s00 ?x1686)) (* 36 (* r00 r00 ?x3366 ?x3366)) ?x1905 (* (- 108) ?x4041) ?x4113 ?x2057 (* (- 108) ?x1854) ?x137 ?x3227 ?x3249 ?x2911 (* 54 ?x1129) (* (- 216) (* x00 ?x1686)) ?x1122)))
 (let (($x1755 (not (= ?x2525 27))))
 (let ((?x2631 (* 15 ?x676)))
 (let ((?x973 (* 36 ?x972)))
 (let ((?x2994 (* (- 6) ?x900)))
 (let ((?x3130 (* 2 ?x3399)))
 (let ((?x3228 (* (- 24) ?x3237)))
 (let ((?x2403 (* 54 ?x607)))
 (let ((?x1907 (+ (* 24 ?x3393) ?x2403 (* (- 36) ?x817) ?x3228 (* (- 3) ?x3650) (* (- 54) ?x1012) (* 6 ?x1666) (* (- 4) ?x1009) ?x3130 (* 6 ?x1256) (* (- 12) ?x1254) (* 2 ?x3982) ?x2994 (* (- 2) ?x1798) (* (- 6) ?x4041) (* 4 ?x667) ?x4113 ?x973 ?x2631 (* (- 2) ?x451) (* 36 ?x2036) (* (- 54) ?x1854) ?x137 ?x3227 (* 54 ?x2629) ?x3249 ?x2911 (* (- 24) ?x1899) (* 24 ?x1129) (* (- 36) ?x3775))))
 (let ((?x584 (* (- 3) s)))
 (let ((?x1325 (* (- 6) ?x3297)))
 (let ((?x44 (* 3 s00)))
 (let ((?x677 (* 4 ?x676)))
 (let ((?x1327 (* (- 9) ?x3237)))
 (let ((?x608 (* 18 ?x607)))
 (let ((?x2187 (+ (* 9 ?x3393) ?x608 ?x1327 (* (- 2) ?x3650) (* (- 18) ?x1012) (* (- 6) (* r00 ?x1525 ?x3366)) (* 6 ?x1617) ?x677 (* (- 18) ?x1854) ?x44 ?x1325 (* 18 ?x2629) ?x584 (* (- 18) r) (* (- 9) ?x1899) (* (- 2) ?x1254) (* 9 ?x1129) (* 6 (* r00 s00 ?x1525)))))
 (let ((?x554 (* r00 r00 r00)))
 (let ((?x555 (* 12 ?x554)))
 (let ((?x586 (* (- 6) x00)))
 (let ((?x56 (* 6 x)))
 (let ((?x2154 (* (- 6) ?x3237)))
 (let ((?x585 (* (- 3) r00)))
 (let ((?x2371 (+ (* 2 ?x3393) (* (- 12) (* r00 r00 ?x1525)) (* (- 15) r) ?x44 ?x3249 ?x585 (* 4 ?x1899) ?x2154 ?x56 ?x586 ?x555)))
 (let ((?x384 (* r00 r00)))
 (let ((?x3048 (* (- 3) ?x384)))
 (let (($x2155 (= (+ s00 ?x363 (* (- 6) r) (* 3 (* ?x1525 ?x1525)) ?x3048) 3)))
 (let (($x2247 (not $x2155)))
 (let (($x2831 (or $x2247 (not (= ?x2371 6)) (not (= ?x2187 9)) (not (= ?x1907 27)) $x1755 $x3793)))
 (let ((?x1873 (* r00 r00 s)))
 (let ((?x1317 (* 36 ?x1873)))
 (let ((?x1128 (+ ?x3114 ?x1883 ?x3326 (* 15 (* s s)) (* (- 216) (* r00 r00 r00 s)) ?x3111 (* (- 4) (* s s s)) (* 108 (* x x)) ?x1160 (* (- 12) (* s00 s s)) (* 108 (* s00 x)) ?x2254 ?x3728 (* 108 (* x00 s)) (* 432 (* r00 r00 r00 x)) (* (- 66) (* s00 s)) (* 108 (* r00 s00 s)) ?x1681 (* (- 216) (* r00 s00 x)) (* 36 (* r00 r00 s s)) ?x1905 (* (- 108) (* x s)) ?x1317 ?x2057 (* (- 108) (* r00 x)) ?x137 ?x3227 ?x3249 (* 54 (* r00 s)) (* (- 216) (* x00 x)) ?x1122)))
 (let (($x1644 (= ?x1128 0)))
 (let ((?x2955 (* r00 r00 x)))
 (let ((?x3037 (* (- 36) ?x2955)))
 (let ((?x2282 (* r00 s s)))
 (let ((?x3022 (* (- 4) ?x2282)))
 (let ((?x3478 (+ (* 24 (* s r)) ?x2403 (* (- 36) (* r00 x r)) ?x3228 (* (- 3) (* s s)) (* (- 54) (* x r)) (* 6 (* s00 x)) ?x3022 ?x3130 (* 6 (* x00 s)) (* (- 12) (* s00 s)) (* 2 (* r00 s00 s)) ?x2994 (* (- 2) (* s s r)) (* (- 6) (* x s)) (* 4 (* s00 s00 r)) ?x1317 ?x973 ?x2631 (* (- 2) (* s00 s r)) (* 36 (* r00 x00 r)) (* (- 54) (* r00 x)) ?x137 ?x3227 (* 54 (* x00 r)) ?x3249 (* (- 24) (* s00 r)) (* 24 (* r00 s)) ?x3037)))
 (let ((?x1944 (* r00 x)))
 (let ((?x2229 (* (- 18) ?x1944)))
 (let ((?x630 (* s s)))
 (let ((?x2210 (* (- 2) ?x630)))
 (let ((?x2053 (+ (* 9 (* s r)) ?x608 ?x1327 ?x2210 (* (- 18) (* x r)) (* (- 6) (* r00 s r)) (* 6 ?x1873) ?x677 ?x2229 ?x44 ?x1325 (* 18 (* x00 r)) ?x584 (* (- 9) (* s00 r)) (* (- 2) (* s00 s)) (* 9 (* r00 s)) (* 6 (* r00 s00 r)))))
 (let ((?x43 (* 3 r)))
 (let ((?x2165 (+ (* 2 (* s r)) (* (- 12) (* r00 r00 r)) ?x43 ?x44 ?x584 ?x585 (* 4 (* s00 r)) ?x2154 ?x56 ?x586 ?x555)))
 (let (($x3464 (= (+ s00 ?x363 (* 3 (* r r)) ?x3048) 0)))
 (and $x3464 (= ?x2165 0) (= ?x2053 0) (= ?x3478 0) $x1644 $x2831)))))))))))))))))))))))))))))))))))))))))))))))))))))))))))))))))))))))))))))))))))))))))))))))))))))))))))))))))))))))))))))))))) :qid k!40))
 ))
 (let ((?x1721 (lambda ((r Int) (s Int) (x Int) )(let ((?x1168 (* 36 (* x r00 r00))))
 (let ((?x1036 (* r r00 x00)))
 (let ((?x1049 (* (- 36) ?x1036)))
 (let ((?x1024 (* r s s00)))
 (let ((?x1025 (* 2 ?x1024)))
 (let ((?x972 (* r00 r00 x00)))
 (let ((?x985 (* (- 36) ?x972)))
 (let ((?x920 (* r s00 s00)))
 (let ((?x933 (* (- 4) ?x920)))
 (let ((?x908 (* s x)))
 (let ((?x909 (* 6 ?x908)))
 (let ((?x904 (* r s s)))
 (let ((?x905 (* 2 ?x904)))
 (let ((?x900 (* s00 x00)))
 (let ((?x901 (* 6 ?x900)))
 (let ((?x874 (* s s00 r00)))
 (let ((?x887 (* (- 2) ?x874)))
 (let ((?x823 (* s x00)))
 (let ((?x850 (* (- 6) ?x823)))
 (let ((?x811 (* r s00 r00)))
 (let ((?x2448 (* (- 12) ?x811)))
 (let ((?x777 (* s00 s00 r00)))
 (let ((?x795 (* (- 2) ?x777)))
 (let ((?x773 (* s s00)))
 (let ((?x2701 (* 20 ?x773)))
 (let ((?x750 (* 4 (* s s r00))))
 (let ((?x744 (* r x00)))
 (let ((?x2835 (* (- 90) ?x744)))
 (let ((?x732 (* s00 r00 r00)))
 (let ((?x1095 (* 36 ?x732)))
 (let ((?x706 (* x s00)))
 (let ((?x721 (* (- 6) ?x706)))
 (let ((?x676 (* s00 s00)))
 (let ((?x2665 (* (- 19) ?x676)))
 (let ((?x654 (* 36 (* r x r00))))
 (let ((?x607 (* r00 x00)))
 (let ((?x2740 (* (- 90) ?x607)))
 (let ((?x511 (* s00 r00)))
 (let ((?x2445 (* 18 ?x511)))
 (let ((?x434 (* r r00 r00)))
 (let ((?x2618 (* (- 216) ?x434)))
 (let ((?x384 (* r00 r00)))
 (let ((?x2610 (* (- 108) ?x384)))
 (let ((?x2834 (* (- 72) x00)))
 (let ((?x3273 (* (- 36) r00)))
 (let ((?x2878 (* 57 s00)))
 (let ((?x2536 (* 72 x)))
 (let ((?x3467 (+ (* 36 r) (* (- 57) s) ?x2536 ?x2878 ?x3273 ?x2834 (* 108 (* r r)) ?x2610 (* (- 42) (* r s)) ?x2618 (* 114 (* r s00)) ?x2445 ?x2740 (* (- 1) (* s s)) (* 90 (* r x)) (* 12 (* r s r00)) (* (- 72) (* s r00 r00)) ?x654 ?x2665 (* 90 (* x r00)) ?x721 ?x1095 ?x2835 ?x750 ?x2701 ?x795 (* (- 90) (* s r00)) ?x2448 ?x850 ?x887 ?x901 ?x905 ?x909 ?x933 ?x985 ?x1025 ?x1049 ?x1168 (* 144 (* r r r00)) (* 72 (* r r r)) (* 24 (* r r s)) (* 12 (* r r s00)))))
 (let ((?x3962 (* (- 18) (* r r x x))))
 (let ((?x4024 (* (- 27) (* r x x))))
 (let ((?x4023 (* 6 (* r s s x))))
 (let ((?x4019 (* 6 (* s s x))))
 (let ((?x4018 (* 36 (* r r s x))))
 (let ((?x4017 (* 54 (* r s x))))
 (let ((?x3753 (* (- 3) (* r s s s))))
 (let ((?x3745 (* (- 18) (* r r s s))))
 (let ((?x3968 (* (- 3) (* r s x x))))
 (let ((?x3965 (* (- 3) (* s x x))))
 (let ((?x3083 (* 6 (* r r x))))
 (let ((?x211 (* 6 r)))
 (let ((?x1492 (+ 3 ?x211 s)))
 (let ((?x363 (* (- 1) s)))
 (let ((?x1751 (+ ?x363 x)))
 (let ((?x1525 (+ 1 r)))
 (let ((?x977 (* x x)))
 (let ((?x3692 (* (- 9) ?x977)))
 (let ((?x914 (* s s s)))
 (let ((?x3748 (* (- 3) ?x914)))
 (let ((?x3689 (* 18 ?x908)))
 (let ((?x4016 (* (- 27) ?x904)))
 (let ((?x630 (* s s)))
 (let ((?x3674 (* (- 9) ?x630)))
 (let ((?x56 (* 6 x)))
 (let ((?x1765 (* (- 6) s)))
 (let ((?x2634 (+ ?x1765 ?x56 (* (- 12) (* r s)) ?x3674 (* 12 (* r x)) ?x4016 ?x3689 ?x3748 ?x3692 (* (- 6) (* ?x1525 ?x1751 ?x1751 ?x1492 ?x1492)) ?x3083 (* (- 6) (* r r s)) ?x3965 ?x3968 ?x3745 ?x3753 ?x4017 ?x4018 ?x4019 ?x4023 ?x4024 ?x3962)))
 (let ((?x3548 (* r r s00)))
 (let ((?x4202 (* 432 ?x3548)))
 (let ((?x3356 (* r r s)))
 (let ((?x4198 (* 432 ?x3356)))
 (let ((?x3347 (* r r r)))
 (let ((?x4197 (* 864 ?x3347)))
 (let ((?x4195 (* 1296 (* r r00 r00 r00))))
 (let ((?x1455 (* x00 x00)))
 (let ((?x1485 (* (- 108) ?x1455)))
 (let ((?x1430 (* 216 (* x x00))))
 (let ((?x1293 (* s00 s00 s00)))
 (let ((?x1484 (* (- 16) ?x1293)))
 (let ((?x1482 (* (- 36) (* s s r00 r00))))
 (let ((?x1264 (* 216 (* x s00 r00))))
 (let ((?x1481 (* (- 432) (* x r00 r00 r00))))
 (let ((?x1181 (* s00 r00 r00 r00)))
 (let ((?x1480 (* (- 216) ?x1181)))
 (let ((?x1066 (* 12 (* s s s00))))
 (let ((?x4178 (* 144 ?x1024)))
 (let ((?x1007 (* r00 r00 r00 x00)))
 (let ((?x1008 (* 432 ?x1007)))
 (let ((?x1479 (* (- 108) ?x977)))
 (let ((?x916 (* 4 ?x914)))
 (let ((?x4177 (* 72 ?x904)))
 (let ((?x1238 (* 108 ?x900)))
 (let ((?x864 (* s00 s00 r00 r00)))
 (let ((?x865 (* 36 ?x864)))
 (let ((?x4175 (* (- 324) ?x823)))
 (let ((?x1135 (* 108 ?x777)))
 (let ((?x1475 (* (- 108) ?x706)))
 (let ((?x702 (* x r00)))
 (let ((?x1341 (* 108 ?x702)))
 (let ((?x1474 (* (- 51) ?x676)))
 (let ((?x634 (* r x)))
 (let ((?x4171 (* 648 ?x634)))
 (let ((?x1471 (* (- 108) ?x607)))
 (let ((?x603 (* s00 r00 x00)))
 (let ((?x1470 (* (- 216) ?x603)))
 (let ((?x554 (* r00 r00 r00)))
 (let ((?x4168 (* 648 ?x554)))
 (let ((?x2407 (* (- 270) ?x511)))
 (let ((?x484 (* r s00)))
 (let ((?x4167 (* 828 ?x484)))
 (let ((?x2400 (* (- 432) ?x384)))
 (let ((?x4162 (* (- 324) x00)))
 (let ((?x2386 (* (- 162) r00)))
 (let ((?x4161 (* 297 s00)))
 (let ((?x3877 (* 324 x)))
 (let ((?x2431 (+ (* 162 r) (* (- 297) s) ?x3877 ?x4161 ?x2386 ?x4162 (* 756 (* r r)) ?x2400 (* (- 396) (* r s)) (* (- 1512) ?x434) ?x4167 ?x2407 ?x4168 ?x1470 ?x1471 (* (- 195) ?x630) ?x4171 (* (- 252) (* s r00 r00)) ?x1474 ?x1341 ?x1475 ?x1095 (* (- 648) ?x744) (* 648 (* s r00 r00 r00)) (* 246 ?x773) ?x1135 (* (- 162) (* s r00)) (* (- 648) ?x811) ?x4175 ?x865 (* (- 324) ?x874) ?x1238 ?x4177 (* 324 ?x908) ?x916 ?x1479 ?x1008 ?x4178 ?x1066 ?x1480 ?x1481 ?x1264 ?x1482 ?x1484 ?x1430 ?x1485 (* (- 324) (* r r00)) (* (- 432) (* r s r00 r00)) ?x4195 ?x4197 ?x4198 ?x4202 (* (- 1296) (* r r r00 r00)))))
 (let ((?x824 (* (- 6) ?x811)))
 (let ((?x774 (* 2 ?x773)))
 (let ((?x757 (* (- 18) ?x744)))
 (let ((?x733 (* 6 ?x732)))
 (let ((?x703 (* 18 ?x702)))
 (let ((?x689 (* (- 4) ?x676)))
 (let ((?x650 (* s r00 r00)))
 (let ((?x663 (* (- 6) ?x650)))
 (let ((?x638 (* r s r00)))
 (let ((?x639 (* 6 ?x638)))
 (let ((?x635 (* 18 ?x634)))
 (let ((?x631 (* 2 ?x630)))
 (let ((?x621 (* (- 18) ?x607)))
 (let ((?x448 (* 3 ?x511)))
 (let ((?x444 (* (- 18) ?x384)))
 (let ((?x438 (* (- 18) x00)))
 (let ((?x443 (* (- 9) r00)))
 (let ((?x442 (* 12 s00)))
 (let ((?x1773 (+ (* 9 r) (* (- 12) s) (* 18 x) ?x442 ?x443 ?x438 (* 18 (* r r)) ?x444 (* (- 3) (* r s)) (* (- 36) ?x434) (* 21 ?x484) ?x448 ?x621 ?x631 ?x635 ?x639 ?x663 ?x689 ?x703 ?x733 ?x757 ?x774 (* (- 21) (* s r00)) ?x824 (* 36 (* r r r00)))))
 (let ((?x555 (* 12 ?x554)))
 (let ((?x589 (* (- 6) ?x511)))
 (let ((?x485 (* 4 ?x484)))
 (let ((?x588 (* (- 12) ?x434)))
 (let ((?x428 (* r s)))
 (let ((?x587 (* 2 ?x428)))
 (let ((?x3040 (* (- 12) ?x384)))
 (let ((?x586 (* (- 6) x00)))
 (let ((?x585 (* (- 3) r00)))
 (let ((?x2390 (* 7 s00)))
 (let ((?x43 (* 3 r)))
 (let ((?x1106 (+ ?x43 (* (- 7) s) ?x56 ?x2390 ?x585 ?x586 (* 12 (* r r)) ?x3040 ?x587 ?x588 ?x485 ?x589 ?x555)))
 (let (($x417 (= (+ s (* (- 1) s00) (* (- 3) (* r r)) (* 3 ?x384)) 0)))
 (let (($x1286 (or (not $x417) (not (= ?x1106 0)) (not (= ?x1773 0)) (not (= ?x3467 0)) (not (= ?x2431 0)) (not (= (* ?x2634 ?x3467) 0)))))
 (let ((?x1305 (* 108 ?x908)))
 (let ((?x755 (* s r00 r00 r00)))
 (let ((?x756 (* 216 ?x755)))
 (let ((?x959 (* (- 36) ?x650)))
 (let ((?x613 (* 54 ?x511)))
 (let ((?x1082 (* (- 9) s00)))
 (let ((?x143 (* 9 s)))
 (let ((?x1486 (+ ?x143 ?x1082 ?x613 ?x1470 ?x1471 (* (- 15) ?x630) ?x959 ?x1474 ?x1341 ?x1475 ?x1095 ?x756 (* 66 ?x773) ?x1135 (* (- 54) (* s r00)) (* (- 108) ?x823) ?x865 (* (- 108) ?x874) ?x1238 ?x1305 ?x916 ?x1479 ?x1008 ?x1066 ?x1480 ?x1481 ?x1264 ?x1482 ?x1484 ?x1430 ?x1485)))
 (let (($x1487 (= ?x1486 0)))
 (let ((?x785 (* s r00)))
 (let ((?x1154 (* (- 24) ?x785)))
 (let ((?x1011 (* (- 15) ?x676)))
 (let ((?x680 (* 54 ?x634)))
 (let ((?x662 (* 3 ?x630)))
 (let ((?x644 (* (- 54) ?x607)))
 (let ((?x659 (* 24 ?x511)))
 (let ((?x1131 (* 24 ?x484)))
 (let ((?x606 (* (- 24) ?x428)))
 (let ((?x1174 (+ ?x143 ?x1082 ?x606 ?x1131 ?x659 ?x644 ?x662 ?x680 ?x959 ?x654 ?x1011 (* 54 ?x702) ?x721 ?x1095 (* (- 54) ?x744) ?x750 (* 12 ?x773) ?x795 ?x1154 ?x850 ?x887 ?x901 ?x905 ?x909 ?x933 ?x985 ?x1025 ?x1049 ?x1168)))
 (let (($x1179 (= ?x1174 0)))
 (let ((?x626 (* 9 ?x511)))
 (let ((?x463 (* (- 3) s00)))
 (let ((?x47 (* 3 s)))
 (let ((?x830 (+ ?x47 ?x463 (* (- 9) ?x428) (* 9 ?x484) ?x626 ?x621 ?x631 ?x635 ?x639 ?x663 ?x689 ?x703 ?x733 ?x757 ?x774 (* (- 9) ?x785) ?x824)))
 (let (($x837 (= ?x830 0)))
 (let ((?x44 (* 3 s00)))
 (let ((?x584 (* (- 3) s)))
 (let (($x591 (= (+ ?x43 ?x584 ?x56 ?x44 ?x585 ?x586 ?x587 ?x588 ?x485 ?x589 ?x555) 0)))
 (let (($x1110 (and $x417 $x591 $x837 $x1179 $x1487 $x1286)))
 (let ((?x1686 (+ x ?x363)))
 (let ((?x3775 (* r00 r00 ?x1686)))
 (let ((?x3762 (* 36 ?x3775)))
 (let ((?x3366 (+ 3 s ?x211)))
 (let ((?x1129 (* r00 ?x3366)))
 (let ((?x3645 (* (- 24) ?x1129)))
 (let ((?x1899 (* s00 ?x1525)))
 (let ((?x3495 (* 24 ?x1899)))
 (let ((?x3577 (* 54 r)))
 (let ((?x2629 (* x00 ?x1525)))
 (let ((?x3552 (* (- 54) ?x2629)))
 (let ((?x3297 (* r00 r00 s00)))
 (let ((?x3171 (* 36 ?x3297)))
 (let ((?x1854 (* r00 ?x1686)))
 (let ((?x2730 (* 54 ?x1854)))
 (let ((?x2036 (* r00 x00 ?x1525)))
 (let ((?x656 (* (- 36) ?x2036)))
 (let ((?x451 (* s00 ?x1525 ?x3366)))
 (let ((?x3094 (* 2 ?x451)))
 (let ((?x1617 (* r00 r00 ?x3366)))
 (let ((?x4129 (* (- 36) ?x1617)))
 (let ((?x667 (* s00 s00 ?x1525)))
 (let ((?x1061 (* (- 4) ?x667)))
 (let ((?x4041 (* ?x1686 ?x3366)))
 (let ((?x4042 (* 6 ?x4041)))
 (let ((?x1798 (* ?x1525 ?x3366 ?x3366)))
 (let ((?x1799 (* 2 ?x1798)))
 (let ((?x3982 (* r00 s00 ?x3366)))
 (let ((?x4003 (* (- 2) ?x3982)))
 (let ((?x1254 (* s00 ?x3366)))
 (let ((?x4098 (* 12 ?x1254)))
 (let ((?x1256 (* x00 ?x3366)))
 (let ((?x1169 (* (- 6) ?x1256)))
 (let ((?x3399 (* r00 s00 s00)))
 (let ((?x2387 (* (- 2) ?x3399)))
 (let ((?x1009 (* r00 ?x3366 ?x3366)))
 (let ((?x1022 (* 4 ?x1009)))
 (let ((?x1666 (* s00 ?x1686)))
 (let ((?x1857 (* (- 6) ?x1666)))
 (let ((?x1012 (* ?x1525 ?x1686)))
 (let ((?x839 (* 54 ?x1012)))
 (let ((?x3650 (* ?x3366 ?x3366)))
 (let ((?x1604 (* 3 ?x3650)))
 (let ((?x3237 (* r00 s00)))
 (let ((?x3181 (* 24 ?x3237)))
 (let ((?x817 (* r00 ?x1525 ?x1686)))
 (let ((?x1898 (* 36 ?x817)))
 (let ((?x3393 (* ?x1525 ?x3366)))
 (let ((?x1960 (* (- 24) ?x3393)))
 (let ((?x3789 (+ 27 ?x1960 ?x644 ?x1898 ?x3181 ?x1604 ?x839 ?x1857 ?x1022 ?x2387 ?x1169 ?x4098 ?x4003 ?x901 ?x1799 ?x4042 ?x1061 ?x4129 ?x985 ?x1011 ?x3094 ?x656 ?x2730 ?x1082 ?x3171 ?x3552 ?x143 ?x3577 ?x3495 ?x3645 ?x3762)))
 (let ((?x3917 (+ (* 6 (* ?x1525 ?x1525 ?x1686)) (* (- 3) (* ?x1525 ?x1686 ?x1686 ?x3366)) (* (- 6) (* ?x1525 ?x1686 ?x1686 ?x3366 ?x3366)))))
 (let (($x3793 (not (= (* ?x3917 ?x3789) 0))))
 (let ((?x1122 (* 108 ?x1455)))
 (let ((?x2911 (* (- 54) r)))
 (let ((?x3249 (* (- 9) s)))
 (let ((?x3227 (* (- 36) ?x3297)))
 (let ((?x137 (* 9 s00)))
 (let ((?x2057 (* 51 ?x676)))
 (let ((?x4113 (* 36 ?x1617)))
 (let ((?x1905 (* 16 ?x1293)))
 (let ((?x1681 (* (- 108) ?x900)))
 (let ((?x3728 (* 216 (* r00 r00 r00 s00))))
 (let ((?x2254 (* (- 108) ?x3399)))
 (let ((?x1160 (* (- 432) ?x1007)))
 (let ((?x3111 (* (- 36) (* r00 r00 s00 s00))))
 (let ((?x3326 (* (- 54) ?x3237)))
 (let ((?x1883 (* 108 ?x607)))
 (let ((?x3114 (* 216 (* r00 s00 x00))))
 (let ((?x2525 (+ ?x3114 ?x1883 ?x3326 (* 15 ?x3650) (* (- 216) (* r00 r00 r00 ?x3366)) ?x3111 (* (- 4) (* ?x3366 ?x3366 ?x3366)) (* 108 (* ?x1686 ?x1686)) ?x1160 (* (- 12) (* s00 ?x3366 ?x3366)) (* 108 ?x1666) ?x2254 ?x3728 (* 108 ?x1256) (* 432 (* r00 r00 r00 ?x1686)) (* (- 66) ?x1254) (* 108 ?x3982) ?x1681 (* (- 216) (* r00 s00 ?x1686)) (* 36 (* r00 r00 ?x3366 ?x3366)) ?x1905 (* (- 108) ?x4041) ?x4113 ?x2057 (* (- 108) ?x1854) ?x137 ?x3227 ?x3249 ?x2911 (* 54 ?x1129) (* (- 216) (* x00 ?x1686)) ?x1122)))
 (let (($x1755 (not (= ?x2525 27))))
 (let ((?x2631 (* 15 ?x676)))
 (let ((?x973 (* 36 ?x972)))
 (let ((?x2994 (* (- 6) ?x900)))
 (let ((?x3130 (* 2 ?x3399)))
 (let ((?x3228 (* (- 24) ?x3237)))
 (let ((?x2403 (* 54 ?x607)))
 (let ((?x1907 (+ (* 24 ?x3393) ?x2403 (* (- 36) ?x817) ?x3228 (* (- 3) ?x3650) (* (- 54) ?x1012) (* 6 ?x1666) (* (- 4) ?x1009) ?x3130 (* 6 ?x1256) (* (- 12) ?x1254) (* 2 ?x3982) ?x2994 (* (- 2) ?x1798) (* (- 6) ?x4041) (* 4 ?x667) ?x4113 ?x973 ?x2631 (* (- 2) ?x451) (* 36 ?x2036) (* (- 54) ?x1854) ?x137 ?x3227 (* 54 ?x2629) ?x3249 ?x2911 (* (- 24) ?x1899) (* 24 ?x1129) (* (- 36) ?x3775))))
 (let ((?x1325 (* (- 6) ?x3297)))
 (let ((?x677 (* 4 ?x676)))
 (let ((?x1327 (* (- 9) ?x3237)))
 (let ((?x608 (* 18 ?x607)))
 (let ((?x2187 (+ (* 9 ?x3393) ?x608 ?x1327 (* (- 2) ?x3650) (* (- 18) ?x1012) (* (- 6) (* r00 ?x1525 ?x3366)) (* 6 ?x1617) ?x677 (* (- 18) ?x1854) ?x44 ?x1325 (* 18 ?x2629) ?x584 (* (- 18) r) (* (- 9) ?x1899) (* (- 2) ?x1254) (* 9 ?x1129) (* 6 (* r00 s00 ?x1525)))))
 (let ((?x2154 (* (- 6) ?x3237)))
 (let ((?x2371 (+ (* 2 ?x3393) (* (- 12) (* r00 r00 ?x1525)) (* (- 15) r) ?x44 ?x3249 ?x585 (* 4 ?x1899) ?x2154 ?x56 ?x586 ?x555)))
 (let ((?x3048 (* (- 3) ?x384)))
 (let (($x2155 (= (+ s00 ?x363 (* (- 6) r) (* 3 (* ?x1525 ?x1525)) ?x3048) 3)))
 (let (($x2247 (not $x2155)))
 (let (($x2831 (or $x2247 (not (= ?x2371 6)) (not (= ?x2187 9)) (not (= ?x1907 27)) $x1755 $x3793)))
 (let ((?x1873 (* r00 r00 s)))
 (let ((?x1317 (* 36 ?x1873)))
 (let ((?x1128 (+ ?x3114 ?x1883 ?x3326 (* 15 ?x630) (* (- 216) (* r00 r00 r00 s)) ?x3111 (* (- 4) ?x914) (* 108 ?x977) ?x1160 (* (- 12) (* s00 s s)) (* 108 (* s00 x)) ?x2254 ?x3728 (* 108 (* x00 s)) (* 432 (* r00 r00 r00 x)) (* (- 66) (* s00 s)) (* 108 (* r00 s00 s)) ?x1681 (* (- 216) (* r00 s00 x)) (* 36 (* r00 r00 s s)) ?x1905 (* (- 108) (* x s)) ?x1317 ?x2057 (* (- 108) (* r00 x)) ?x137 ?x3227 ?x3249 (* 54 (* r00 s)) (* (- 216) (* x00 x)) ?x1122)))
 (let (($x1644 (= ?x1128 0)))
 (let ((?x2955 (* r00 r00 x)))
 (let ((?x3037 (* (- 36) ?x2955)))
 (let ((?x2282 (* r00 s s)))
 (let ((?x3022 (* (- 4) ?x2282)))
 (let ((?x3478 (+ (* 24 (* s r)) ?x2403 (* (- 36) (* r00 x r)) ?x3228 (* (- 3) ?x630) (* (- 54) (* x r)) (* 6 (* s00 x)) ?x3022 ?x3130 (* 6 (* x00 s)) (* (- 12) (* s00 s)) (* 2 (* r00 s00 s)) ?x2994 (* (- 2) (* s s r)) (* (- 6) (* x s)) (* 4 (* s00 s00 r)) ?x1317 ?x973 ?x2631 (* (- 2) (* s00 s r)) (* 36 (* r00 x00 r)) (* (- 54) (* r00 x)) ?x137 ?x3227 (* 54 (* x00 r)) ?x3249 (* (- 24) (* s00 r)) (* 24 (* r00 s)) ?x3037)))
 (let ((?x1944 (* r00 x)))
 (let ((?x2229 (* (- 18) ?x1944)))
 (let ((?x2210 (* (- 2) ?x630)))
 (let ((?x2053 (+ (* 9 (* s r)) ?x608 ?x1327 ?x2210 (* (- 18) (* x r)) (* (- 6) (* r00 s r)) (* 6 ?x1873) ?x677 ?x2229 ?x44 ?x1325 (* 18 (* x00 r)) ?x584 (* (- 9) (* s00 r)) (* (- 2) (* s00 s)) (* 9 (* r00 s)) (* 6 (* r00 s00 r)))))
 (let ((?x2165 (+ (* 2 (* s r)) (* (- 12) (* r00 r00 r)) ?x43 ?x44 ?x584 ?x585 (* 4 (* s00 r)) ?x2154 ?x56 ?x586 ?x555)))
 (let (($x3464 (= (+ s00 ?x363 (* 3 (* r r)) ?x3048) 0)))
 (let (($x1780 (and $x3464 (= ?x2165 0) (= ?x2053 0) (= ?x3478 0) $x1644 $x2831)))
 (rewrite (= $x1780 $x1110)))))))))))))))))))))))))))))))))))))))))))))))))))))))))))))))))))))))))))))))))))))))))))))))))))))))))))))))))))))))))))))))))))))))))))))))))))))))))))))))))))))))))))))))))))))))))))))))))))))))))))))))))))))))))))))))))))))))))))))))))))))))))))))))))))))))))))))))))))))))))))))))))))))
 ))
 (let (($x3420 (exists ((r Int) (s Int) (x Int) )(! (let ((?x363 (* (- 1) s)))
 (let ((?x1686 (+ x ?x363)))
 (let ((?x3775 (* r00 r00 ?x1686)))
 (let ((?x3762 (* 36 ?x3775)))
 (let ((?x211 (* 6 r)))
 (let ((?x3366 (+ 3 s ?x211)))
 (let ((?x1129 (* r00 ?x3366)))
 (let ((?x3645 (* (- 24) ?x1129)))
 (let ((?x1525 (+ 1 r)))
 (let ((?x1899 (* s00 ?x1525)))
 (let ((?x3495 (* 24 ?x1899)))
 (let ((?x3577 (* 54 r)))
 (let ((?x143 (* 9 s)))
 (let ((?x2629 (* x00 ?x1525)))
 (let ((?x3552 (* (- 54) ?x2629)))
 (let ((?x3297 (* r00 r00 s00)))
 (let ((?x3171 (* 36 ?x3297)))
 (let ((?x1082 (* (- 9) s00)))
 (let ((?x1854 (* r00 ?x1686)))
 (let ((?x2730 (* 54 ?x1854)))
 (let ((?x2036 (* r00 x00 ?x1525)))
 (let ((?x656 (* (- 36) ?x2036)))
 (let ((?x451 (* s00 ?x1525 ?x3366)))
 (let ((?x3094 (* 2 ?x451)))
 (let ((?x676 (* s00 s00)))
 (let ((?x1011 (* (- 15) ?x676)))
 (let ((?x972 (* r00 r00 x00)))
 (let ((?x985 (* (- 36) ?x972)))
 (let ((?x1617 (* r00 r00 ?x3366)))
 (let ((?x4129 (* (- 36) ?x1617)))
 (let ((?x667 (* s00 s00 ?x1525)))
 (let ((?x1061 (* (- 4) ?x667)))
 (let ((?x4041 (* ?x1686 ?x3366)))
 (let ((?x4042 (* 6 ?x4041)))
 (let ((?x1798 (* ?x1525 ?x3366 ?x3366)))
 (let ((?x1799 (* 2 ?x1798)))
 (let ((?x900 (* s00 x00)))
 (let ((?x901 (* 6 ?x900)))
 (let ((?x3982 (* r00 s00 ?x3366)))
 (let ((?x4003 (* (- 2) ?x3982)))
 (let ((?x1254 (* s00 ?x3366)))
 (let ((?x4098 (* 12 ?x1254)))
 (let ((?x1256 (* x00 ?x3366)))
 (let ((?x1169 (* (- 6) ?x1256)))
 (let ((?x3399 (* r00 s00 s00)))
 (let ((?x2387 (* (- 2) ?x3399)))
 (let ((?x1009 (* r00 ?x3366 ?x3366)))
 (let ((?x1022 (* 4 ?x1009)))
 (let ((?x1666 (* s00 ?x1686)))
 (let ((?x1857 (* (- 6) ?x1666)))
 (let ((?x1012 (* ?x1525 ?x1686)))
 (let ((?x839 (* 54 ?x1012)))
 (let ((?x3650 (* ?x3366 ?x3366)))
 (let ((?x1604 (* 3 ?x3650)))
 (let ((?x3237 (* r00 s00)))
 (let ((?x3181 (* 24 ?x3237)))
 (let ((?x817 (* r00 ?x1525 ?x1686)))
 (let ((?x1898 (* 36 ?x817)))
 (let ((?x607 (* r00 x00)))
 (let ((?x644 (* (- 54) ?x607)))
 (let ((?x3393 (* ?x1525 ?x3366)))
 (let ((?x1960 (* (- 24) ?x3393)))
 (let ((?x3789 (+ 27 ?x1960 ?x644 ?x1898 ?x3181 ?x1604 ?x839 ?x1857 ?x1022 ?x2387 ?x1169 ?x4098 ?x4003 ?x901 ?x1799 ?x4042 ?x1061 ?x4129 ?x985 ?x1011 ?x3094 ?x656 ?x2730 ?x1082 ?x3171 ?x3552 ?x143 ?x3577 ?x3495 ?x3645 ?x3762)))
 (let ((?x3917 (+ (* 6 (* ?x1525 ?x1525 ?x1686)) (* (- 3) (* ?x1525 ?x1686 ?x1686 ?x3366)) (* (- 6) (* ?x1525 ?x1686 ?x1686 ?x3366 ?x3366)))))
 (let (($x3793 (not (= (* ?x3917 ?x3789) 0))))
 (let ((?x1455 (* x00 x00)))
 (let ((?x1122 (* 108 ?x1455)))
 (let ((?x2911 (* (- 54) r)))
 (let ((?x3249 (* (- 9) s)))
 (let ((?x3227 (* (- 36) ?x3297)))
 (let ((?x137 (* 9 s00)))
 (let ((?x2057 (* 51 ?x676)))
 (let ((?x4113 (* 36 ?x1617)))
 (let ((?x1293 (* s00 s00 s00)))
 (let ((?x1905 (* 16 ?x1293)))
 (let ((?x1681 (* (- 108) ?x900)))
 (let ((?x3728 (* 216 (* r00 r00 r00 s00))))
 (let ((?x2254 (* (- 108) ?x3399)))
 (let ((?x1007 (* r00 r00 r00 x00)))
 (let ((?x1160 (* (- 432) ?x1007)))
 (let ((?x3111 (* (- 36) (* r00 r00 s00 s00))))
 (let ((?x3326 (* (- 54) ?x3237)))
 (let ((?x1883 (* 108 ?x607)))
 (let ((?x3114 (* 216 (* r00 s00 x00))))
 (let ((?x2525 (+ ?x3114 ?x1883 ?x3326 (* 15 ?x3650) (* (- 216) (* r00 r00 r00 ?x3366)) ?x3111 (* (- 4) (* ?x3366 ?x3366 ?x3366)) (* 108 (* ?x1686 ?x1686)) ?x1160 (* (- 12) (* s00 ?x3366 ?x3366)) (* 108 ?x1666) ?x2254 ?x3728 (* 108 ?x1256) (* 432 (* r00 r00 r00 ?x1686)) (* (- 66) ?x1254) (* 108 ?x3982) ?x1681 (* (- 216) (* r00 s00 ?x1686)) (* 36 (* r00 r00 ?x3366 ?x3366)) ?x1905 (* (- 108) ?x4041) ?x4113 ?x2057 (* (- 108) ?x1854) ?x137 ?x3227 ?x3249 ?x2911 (* 54 ?x1129) (* (- 216) (* x00 ?x1686)) ?x1122)))
 (let (($x1755 (not (= ?x2525 27))))
 (let ((?x3828 (+ ?x1960 ?x644 ?x1898 ?x3181 ?x1604 ?x839 ?x1857 ?x1022 ?x2387 ?x1169 ?x4098 ?x4003 ?x901 ?x1799 ?x4042 ?x1061 ?x4129 ?x985 ?x1011 ?x3094 ?x656 ?x2730 ?x1082 ?x3171 ?x3552 ?x143 ?x3577 ?x3495 ?x3645 ?x3762)))
 (let ((?x47 (* 3 s)))
 (let ((?x3383 (* 6 ?x3297)))
 (let ((?x463 (* (- 3) s00)))
 (let ((?x689 (* (- 4) ?x676)))
 (let ((?x1841 (* 9 ?x3237)))
 (let ((?x621 (* (- 18) ?x607)))
 (let ((?x3975 (+ (* (- 9) ?x3393) ?x621 ?x1841 (* 2 ?x3650) (* 18 ?x1012) (* 6 (* r00 ?x1525 ?x3366)) (* (- 6) ?x1617) ?x689 (* 18 ?x1854) ?x463 ?x3383 (* (- 18) ?x2629) ?x47 (* 18 r) (* 9 ?x1899) (* 2 ?x1254) (* (- 9) ?x1129) (* (- 6) (* r00 s00 ?x1525)))))
 (let ((?x554 (* r00 r00 r00)))
 (let ((?x568 (* (- 12) ?x554)))
 (let ((?x59 (* 6 x00)))
 (let ((?x533 (* (- 6) x)))
 (let ((?x3280 (* 6 ?x3237)))
 (let ((?x48 (* 3 r00)))
 (let ((?x2731 (+ (* (- 2) ?x3393) (* 12 (* r00 r00 ?x1525)) (* 15 r) ?x463 ?x143 ?x48 (* (- 4) ?x1899) ?x3280 ?x533 ?x59 ?x568)))
 (let ((?x384 (* r00 r00)))
 (let ((?x3048 (* (- 3) ?x384)))
 (let (($x2155 (= (+ s00 ?x363 (* (- 6) r) (* 3 (* ?x1525 ?x1525)) ?x3048) 3)))
 (let (($x2247 (not $x2155)))
 (let (($x3413 (or $x2247 (not (= ?x2731 (- 6))) (not (= ?x3975 (- 9))) (not (= ?x3828 (- 27))) $x1755 $x3793)))
 (let ((?x1873 (* r00 r00 s)))
 (let ((?x1317 (* 36 ?x1873)))
 (let ((?x1128 (+ ?x3114 ?x1883 ?x3326 (* 15 (* s s)) (* (- 216) (* r00 r00 r00 s)) ?x3111 (* (- 4) (* s s s)) (* 108 (* x x)) ?x1160 (* (- 12) (* s00 s s)) (* 108 (* s00 x)) ?x2254 ?x3728 (* 108 (* x00 s)) (* 432 (* r00 r00 r00 x)) (* (- 66) (* s00 s)) (* 108 (* r00 s00 s)) ?x1681 (* (- 216) (* r00 s00 x)) (* 36 (* r00 r00 s s)) ?x1905 (* (- 108) (* x s)) ?x1317 ?x2057 (* (- 108) (* r00 x)) ?x137 ?x3227 ?x3249 (* 54 (* r00 s)) (* (- 216) (* x00 x)) ?x1122)))
 (let (($x1644 (= ?x1128 0)))
 (let ((?x2955 (* r00 r00 x)))
 (let ((?x2956 (* 36 ?x2955)))
 (let ((?x2623 (* (- 36) ?x1873)))
 (let ((?x2282 (* r00 s s)))
 (let ((?x2283 (* 4 ?x2282)))
 (let ((?x630 (* s s)))
 (let ((?x662 (* 3 ?x630)))
 (let ((?x3920 (+ (* (- 24) (* s r)) ?x644 (* 36 (* r00 x r)) ?x3181 ?x662 (* 54 (* x r)) (* (- 6) (* s00 x)) ?x2283 ?x2387 (* (- 6) (* x00 s)) (* 12 (* s00 s)) (* (- 2) (* r00 s00 s)) ?x901 (* 2 (* s s r)) (* 6 (* x s)) (* (- 4) (* s00 s00 r)) ?x2623 ?x985 ?x1011 (* 2 (* s00 s r)) (* (- 36) (* r00 x00 r)) (* 54 (* r00 x)) ?x1082 ?x3171 (* (- 54) (* x00 r)) ?x143 (* 24 (* s00 r)) (* (- 24) (* r00 s)) ?x2956)))
 (let ((?x631 (* 2 ?x630)))
 (let ((?x995 (+ (* (- 9) (* s r)) ?x621 ?x1841 ?x631 (* 18 (* x r)) (* 6 (* r00 s r)) (* (- 6) ?x1873) ?x689 (* 18 (* r00 x)) ?x463 ?x3383 (* (- 18) (* x00 r)) ?x47 (* 9 (* s00 r)) (* 2 (* s00 s)) (* (- 9) (* r00 s)) (* (- 6) (* r00 s00 r)))))
 (let ((?x3195 (+ (* (- 2) (* s r)) (* 12 (* r00 r00 r)) (* (- 3) r) ?x463 ?x47 ?x48 (* (- 4) (* s00 r)) ?x3280 ?x533 ?x59 ?x568)))
 (let (($x3464 (= (+ s00 ?x363 (* 3 (* r r)) ?x3048) 0)))
 (and $x3464 (= ?x3195 0) (= ?x995 0) (= ?x3920 0) $x1644 $x3413))))))))))))))))))))))))))))))))))))))))))))))))))))))))))))))))))))))))))))))))))))))))))))))))))))))))))))))))))))))))))) :qid k!40))
 ))
 (let ((?x994 (lambda ((r Int) (s Int) (x Int) )(let ((?x363 (* (- 1) s)))
 (let ((?x1686 (+ x ?x363)))
 (let ((?x3775 (* r00 r00 ?x1686)))
 (let ((?x3762 (* 36 ?x3775)))
 (let ((?x211 (* 6 r)))
 (let ((?x3366 (+ 3 s ?x211)))
 (let ((?x1129 (* r00 ?x3366)))
 (let ((?x3645 (* (- 24) ?x1129)))
 (let ((?x1525 (+ 1 r)))
 (let ((?x1899 (* s00 ?x1525)))
 (let ((?x3495 (* 24 ?x1899)))
 (let ((?x3577 (* 54 r)))
 (let ((?x143 (* 9 s)))
 (let ((?x2629 (* x00 ?x1525)))
 (let ((?x3552 (* (- 54) ?x2629)))
 (let ((?x3297 (* r00 r00 s00)))
 (let ((?x3171 (* 36 ?x3297)))
 (let ((?x1082 (* (- 9) s00)))
 (let ((?x1854 (* r00 ?x1686)))
 (let ((?x2730 (* 54 ?x1854)))
 (let ((?x2036 (* r00 x00 ?x1525)))
 (let ((?x656 (* (- 36) ?x2036)))
 (let ((?x451 (* s00 ?x1525 ?x3366)))
 (let ((?x3094 (* 2 ?x451)))
 (let ((?x676 (* s00 s00)))
 (let ((?x1011 (* (- 15) ?x676)))
 (let ((?x972 (* r00 r00 x00)))
 (let ((?x985 (* (- 36) ?x972)))
 (let ((?x1617 (* r00 r00 ?x3366)))
 (let ((?x4129 (* (- 36) ?x1617)))
 (let ((?x667 (* s00 s00 ?x1525)))
 (let ((?x1061 (* (- 4) ?x667)))
 (let ((?x4041 (* ?x1686 ?x3366)))
 (let ((?x4042 (* 6 ?x4041)))
 (let ((?x1798 (* ?x1525 ?x3366 ?x3366)))
 (let ((?x1799 (* 2 ?x1798)))
 (let ((?x900 (* s00 x00)))
 (let ((?x901 (* 6 ?x900)))
 (let ((?x3982 (* r00 s00 ?x3366)))
 (let ((?x4003 (* (- 2) ?x3982)))
 (let ((?x1254 (* s00 ?x3366)))
 (let ((?x4098 (* 12 ?x1254)))
 (let ((?x1256 (* x00 ?x3366)))
 (let ((?x1169 (* (- 6) ?x1256)))
 (let ((?x3399 (* r00 s00 s00)))
 (let ((?x2387 (* (- 2) ?x3399)))
 (let ((?x1009 (* r00 ?x3366 ?x3366)))
 (let ((?x1022 (* 4 ?x1009)))
 (let ((?x1666 (* s00 ?x1686)))
 (let ((?x1857 (* (- 6) ?x1666)))
 (let ((?x1012 (* ?x1525 ?x1686)))
 (let ((?x839 (* 54 ?x1012)))
 (let ((?x3650 (* ?x3366 ?x3366)))
 (let ((?x1604 (* 3 ?x3650)))
 (let ((?x3237 (* r00 s00)))
 (let ((?x3181 (* 24 ?x3237)))
 (let ((?x817 (* r00 ?x1525 ?x1686)))
 (let ((?x1898 (* 36 ?x817)))
 (let ((?x607 (* r00 x00)))
 (let ((?x644 (* (- 54) ?x607)))
 (let ((?x3393 (* ?x1525 ?x3366)))
 (let ((?x1960 (* (- 24) ?x3393)))
 (let ((?x3789 (+ 27 ?x1960 ?x644 ?x1898 ?x3181 ?x1604 ?x839 ?x1857 ?x1022 ?x2387 ?x1169 ?x4098 ?x4003 ?x901 ?x1799 ?x4042 ?x1061 ?x4129 ?x985 ?x1011 ?x3094 ?x656 ?x2730 ?x1082 ?x3171 ?x3552 ?x143 ?x3577 ?x3495 ?x3645 ?x3762)))
 (let ((?x3917 (+ (* 6 (* ?x1525 ?x1525 ?x1686)) (* (- 3) (* ?x1525 ?x1686 ?x1686 ?x3366)) (* (- 6) (* ?x1525 ?x1686 ?x1686 ?x3366 ?x3366)))))
 (let (($x3793 (not (= (* ?x3917 ?x3789) 0))))
 (let ((?x1455 (* x00 x00)))
 (let ((?x1122 (* 108 ?x1455)))
 (let ((?x2911 (* (- 54) r)))
 (let ((?x3249 (* (- 9) s)))
 (let ((?x3227 (* (- 36) ?x3297)))
 (let ((?x137 (* 9 s00)))
 (let ((?x2057 (* 51 ?x676)))
 (let ((?x4113 (* 36 ?x1617)))
 (let ((?x1293 (* s00 s00 s00)))
 (let ((?x1905 (* 16 ?x1293)))
 (let ((?x1681 (* (- 108) ?x900)))
 (let ((?x3728 (* 216 (* r00 r00 r00 s00))))
 (let ((?x2254 (* (- 108) ?x3399)))
 (let ((?x1007 (* r00 r00 r00 x00)))
 (let ((?x1160 (* (- 432) ?x1007)))
 (let ((?x3111 (* (- 36) (* r00 r00 s00 s00))))
 (let ((?x3326 (* (- 54) ?x3237)))
 (let ((?x1883 (* 108 ?x607)))
 (let ((?x3114 (* 216 (* r00 s00 x00))))
 (let ((?x2525 (+ ?x3114 ?x1883 ?x3326 (* 15 ?x3650) (* (- 216) (* r00 r00 r00 ?x3366)) ?x3111 (* (- 4) (* ?x3366 ?x3366 ?x3366)) (* 108 (* ?x1686 ?x1686)) ?x1160 (* (- 12) (* s00 ?x3366 ?x3366)) (* 108 ?x1666) ?x2254 ?x3728 (* 108 ?x1256) (* 432 (* r00 r00 r00 ?x1686)) (* (- 66) ?x1254) (* 108 ?x3982) ?x1681 (* (- 216) (* r00 s00 ?x1686)) (* 36 (* r00 r00 ?x3366 ?x3366)) ?x1905 (* (- 108) ?x4041) ?x4113 ?x2057 (* (- 108) ?x1854) ?x137 ?x3227 ?x3249 ?x2911 (* 54 ?x1129) (* (- 216) (* x00 ?x1686)) ?x1122)))
 (let (($x1755 (not (= ?x2525 27))))
 (let ((?x2631 (* 15 ?x676)))
 (let ((?x973 (* 36 ?x972)))
 (let ((?x2994 (* (- 6) ?x900)))
 (let ((?x3130 (* 2 ?x3399)))
 (let ((?x3228 (* (- 24) ?x3237)))
 (let ((?x2403 (* 54 ?x607)))
 (let ((?x1907 (+ (* 24 ?x3393) ?x2403 (* (- 36) ?x817) ?x3228 (* (- 3) ?x3650) (* (- 54) ?x1012) (* 6 ?x1666) (* (- 4) ?x1009) ?x3130 (* 6 ?x1256) (* (- 12) ?x1254) (* 2 ?x3982) ?x2994 (* (- 2) ?x1798) (* (- 6) ?x4041) (* 4 ?x667) ?x4113 ?x973 ?x2631 (* (- 2) ?x451) (* 36 ?x2036) (* (- 54) ?x1854) ?x137 ?x3227 (* 54 ?x2629) ?x3249 ?x2911 (* (- 24) ?x1899) (* 24 ?x1129) (* (- 36) ?x3775))))
 (let ((?x584 (* (- 3) s)))
 (let ((?x1325 (* (- 6) ?x3297)))
 (let ((?x44 (* 3 s00)))
 (let ((?x677 (* 4 ?x676)))
 (let ((?x1327 (* (- 9) ?x3237)))
 (let ((?x608 (* 18 ?x607)))
 (let ((?x2187 (+ (* 9 ?x3393) ?x608 ?x1327 (* (- 2) ?x3650) (* (- 18) ?x1012) (* (- 6) (* r00 ?x1525 ?x3366)) (* 6 ?x1617) ?x677 (* (- 18) ?x1854) ?x44 ?x1325 (* 18 ?x2629) ?x584 (* (- 18) r) (* (- 9) ?x1899) (* (- 2) ?x1254) (* 9 ?x1129) (* 6 (* r00 s00 ?x1525)))))
 (let ((?x554 (* r00 r00 r00)))
 (let ((?x555 (* 12 ?x554)))
 (let ((?x586 (* (- 6) x00)))
 (let ((?x56 (* 6 x)))
 (let ((?x2154 (* (- 6) ?x3237)))
 (let ((?x585 (* (- 3) r00)))
 (let ((?x2371 (+ (* 2 ?x3393) (* (- 12) (* r00 r00 ?x1525)) (* (- 15) r) ?x44 ?x3249 ?x585 (* 4 ?x1899) ?x2154 ?x56 ?x586 ?x555)))
 (let ((?x384 (* r00 r00)))
 (let ((?x3048 (* (- 3) ?x384)))
 (let (($x2155 (= (+ s00 ?x363 (* (- 6) r) (* 3 (* ?x1525 ?x1525)) ?x3048) 3)))
 (let (($x2247 (not $x2155)))
 (let (($x2831 (or $x2247 (not (= ?x2371 6)) (not (= ?x2187 9)) (not (= ?x1907 27)) $x1755 $x3793)))
 (let ((?x1873 (* r00 r00 s)))
 (let ((?x1317 (* 36 ?x1873)))
 (let ((?x1128 (+ ?x3114 ?x1883 ?x3326 (* 15 (* s s)) (* (- 216) (* r00 r00 r00 s)) ?x3111 (* (- 4) (* s s s)) (* 108 (* x x)) ?x1160 (* (- 12) (* s00 s s)) (* 108 (* s00 x)) ?x2254 ?x3728 (* 108 (* x00 s)) (* 432 (* r00 r00 r00 x)) (* (- 66) (* s00 s)) (* 108 (* r00 s00 s)) ?x1681 (* (- 216) (* r00 s00 x)) (* 36 (* r00 r00 s s)) ?x1905 (* (- 108) (* x s)) ?x1317 ?x2057 (* (- 108) (* r00 x)) ?x137 ?x3227 ?x3249 (* 54 (* r00 s)) (* (- 216) (* x00 x)) ?x1122)))
 (let (($x1644 (= ?x1128 0)))
 (let ((?x2955 (* r00 r00 x)))
 (let ((?x3037 (* (- 36) ?x2955)))
 (let ((?x2282 (* r00 s s)))
 (let ((?x3022 (* (- 4) ?x2282)))
 (let ((?x3478 (+ (* 24 (* s r)) ?x2403 (* (- 36) (* r00 x r)) ?x3228 (* (- 3) (* s s)) (* (- 54) (* x r)) (* 6 (* s00 x)) ?x3022 ?x3130 (* 6 (* x00 s)) (* (- 12) (* s00 s)) (* 2 (* r00 s00 s)) ?x2994 (* (- 2) (* s s r)) (* (- 6) (* x s)) (* 4 (* s00 s00 r)) ?x1317 ?x973 ?x2631 (* (- 2) (* s00 s r)) (* 36 (* r00 x00 r)) (* (- 54) (* r00 x)) ?x137 ?x3227 (* 54 (* x00 r)) ?x3249 (* (- 24) (* s00 r)) (* 24 (* r00 s)) ?x3037)))
 (let ((?x1944 (* r00 x)))
 (let ((?x2229 (* (- 18) ?x1944)))
 (let ((?x630 (* s s)))
 (let ((?x2210 (* (- 2) ?x630)))
 (let ((?x2053 (+ (* 9 (* s r)) ?x608 ?x1327 ?x2210 (* (- 18) (* x r)) (* (- 6) (* r00 s r)) (* 6 ?x1873) ?x677 ?x2229 ?x44 ?x1325 (* 18 (* x00 r)) ?x584 (* (- 9) (* s00 r)) (* (- 2) (* s00 s)) (* 9 (* r00 s)) (* 6 (* r00 s00 r)))))
 (let ((?x43 (* 3 r)))
 (let ((?x2165 (+ (* 2 (* s r)) (* (- 12) (* r00 r00 r)) ?x43 ?x44 ?x584 ?x585 (* 4 (* s00 r)) ?x2154 ?x56 ?x586 ?x555)))
 (let (($x3464 (= (+ s00 ?x363 (* 3 (* r r)) ?x3048) 0)))
 (let (($x1780 (and $x3464 (= ?x2165 0) (= ?x2053 0) (= ?x3478 0) $x1644 $x2831)))
 (let ((?x3828 (+ ?x1960 ?x644 ?x1898 ?x3181 ?x1604 ?x839 ?x1857 ?x1022 ?x2387 ?x1169 ?x4098 ?x4003 ?x901 ?x1799 ?x4042 ?x1061 ?x4129 ?x985 ?x1011 ?x3094 ?x656 ?x2730 ?x1082 ?x3171 ?x3552 ?x143 ?x3577 ?x3495 ?x3645 ?x3762)))
 (let ((?x47 (* 3 s)))
 (let ((?x3383 (* 6 ?x3297)))
 (let ((?x463 (* (- 3) s00)))
 (let ((?x689 (* (- 4) ?x676)))
 (let ((?x1841 (* 9 ?x3237)))
 (let ((?x621 (* (- 18) ?x607)))
 (let ((?x3975 (+ (* (- 9) ?x3393) ?x621 ?x1841 (* 2 ?x3650) (* 18 ?x1012) (* 6 (* r00 ?x1525 ?x3366)) (* (- 6) ?x1617) ?x689 (* 18 ?x1854) ?x463 ?x3383 (* (- 18) ?x2629) ?x47 (* 18 r) (* 9 ?x1899) (* 2 ?x1254) (* (- 9) ?x1129) (* (- 6) (* r00 s00 ?x1525)))))
 (let ((?x568 (* (- 12) ?x554)))
 (let ((?x59 (* 6 x00)))
 (let ((?x533 (* (- 6) x)))
 (let ((?x3280 (* 6 ?x3237)))
 (let ((?x48 (* 3 r00)))
 (let ((?x2731 (+ (* (- 2) ?x3393) (* 12 (* r00 r00 ?x1525)) (* 15 r) ?x463 ?x143 ?x48 (* (- 4) ?x1899) ?x3280 ?x533 ?x59 ?x568)))
 (let (($x3413 (or $x2247 (not (= ?x2731 (- 6))) (not (= ?x3975 (- 9))) (not (= ?x3828 (- 27))) $x1755 $x3793)))
 (let ((?x2956 (* 36 ?x2955)))
 (let ((?x2623 (* (- 36) ?x1873)))
 (let ((?x2283 (* 4 ?x2282)))
 (let ((?x662 (* 3 ?x630)))
 (let ((?x3920 (+ (* (- 24) (* s r)) ?x644 (* 36 (* r00 x r)) ?x3181 ?x662 (* 54 (* x r)) (* (- 6) (* s00 x)) ?x2283 ?x2387 (* (- 6) (* x00 s)) (* 12 (* s00 s)) (* (- 2) (* r00 s00 s)) ?x901 (* 2 (* s s r)) (* 6 (* x s)) (* (- 4) (* s00 s00 r)) ?x2623 ?x985 ?x1011 (* 2 (* s00 s r)) (* (- 36) (* r00 x00 r)) (* 54 ?x1944) ?x1082 ?x3171 (* (- 54) (* x00 r)) ?x143 (* 24 (* s00 r)) (* (- 24) (* r00 s)) ?x2956)))
 (let ((?x631 (* 2 ?x630)))
 (let ((?x995 (+ (* (- 9) (* s r)) ?x621 ?x1841 ?x631 (* 18 (* x r)) (* 6 (* r00 s r)) (* (- 6) ?x1873) ?x689 (* 18 ?x1944) ?x463 ?x3383 (* (- 18) (* x00 r)) ?x47 (* 9 (* s00 r)) (* 2 (* s00 s)) (* (- 9) (* r00 s)) (* (- 6) (* r00 s00 r)))))
 (let ((?x3195 (+ (* (- 2) (* s r)) (* 12 (* r00 r00 r)) (* (- 3) r) ?x463 ?x47 ?x48 (* (- 4) (* s00 r)) ?x3280 ?x533 ?x59 ?x568)))
 (let (($x3794 (and $x3464 (= ?x3195 0) (= ?x995 0) (= ?x3920 0) $x1644 $x3413)))
 (rewrite (= $x3794 $x1780)))))))))))))))))))))))))))))))))))))))))))))))))))))))))))))))))))))))))))))))))))))))))))))))))))))))))))))))))))))))))))))))))))))))))))))))))))))))))))))
 ))
 (let (($x360 (exists ((r Int) (s Int) (x Int) )(! (let ((?x232 (- x s)))
 (let ((?x211 (* 6 r)))
 (let ((?x212 (+ s ?x211 3)))
 (let ((?x215 (+ r 1)))
 (let ((?x354 (- (- (* 6 ?x215 ?x215 ?x232) (* 3 ?x215 ?x212 ?x232 ?x232)) (* 6 ?x215 ?x212 ?x212 ?x232 ?x232))))
 (let ((?x299 (* 9 ?x212)))
 (let ((?x139 (* 36 r00 r00 s00)))
 (let ((?x137 (* 9 s00)))
 (let ((?x126 (* 15 s00 s00)))
 (let ((?x124 (* 36 r00 r00 x00)))
 (let ((?x284 (* 36 r00 r00 ?x212)))
 (let ((?x118 (* 6 s00 x00)))
 (let ((?x110 (* 2 r00 s00 s00)))
 (let ((?x102 (* 24 r00 s00)))
 (let ((?x268 (+ (- (* (- 24) ?x215 ?x212) (* 54 r00 x00)) (* 36 ?x215 r00 ?x232) ?x102 (* 3 ?x212 ?x212) (* 54 ?x215 ?x232))))
 (let ((?x274 (- (+ (- ?x268 (* 6 s00 ?x232)) (* 4 r00 ?x212 ?x212)) ?x110)))
 (let ((?x279 (- (+ (- ?x274 (* 6 ?x212 x00)) (* 12 ?x212 s00)) (* 2 r00 ?x212 s00))))
 (let ((?x285 (- (+ ?x279 ?x118 (* 2 ?x215 ?x212 ?x212) (* 6 ?x212 ?x232)) (* 4 ?x215 s00 s00))))
 (let ((?x292 (- (+ (- (- (- ?x285 ?x284) ?x124) ?x126) (* 2 ?x215 ?x212 s00)) (* 36 ?x215 r00 x00))))
 (let ((?x298 (- (+ (- (+ ?x292 (* 54 r00 ?x232)) ?x137) ?x139) (* 54 ?x215 x00))))
 (let ((?x305 (+ (- (+ ?x298 ?x299 (* 24 ?x215 s00)) (* 24 r00 ?x212)) (* 36 r00 r00 ?x232))))
 (let ((?x208 (* 108 x00 x00)))
 (let ((?x197 (* 51 s00 s00)))
 (let ((?x192 (* 16 s00 s00 s00)))
 (let ((?x186 (* 108 s00 x00)))
 (let ((?x177 (* 216 r00 r00 r00 s00)))
 (let ((?x175 (* 108 r00 s00 s00)))
 (let ((?x169 (* 432 r00 r00 r00 x00)))
 (let ((?x161 (* 36 r00 r00 s00 s00)))
 (let ((?x157 (- (+ (* 216 r00 s00 x00) (* 108 r00 x00)) (* 54 r00 s00))))
 (let ((?x313 (- (- (+ ?x157 (* 15 ?x212 ?x212)) (* 216 r00 r00 r00 ?x212)) ?x161)))
 (let ((?x319 (- (- (+ (- ?x313 (* 4 ?x212 ?x212 ?x212)) (* 108 ?x232 ?x232)) ?x169) (* 12 ?x212 ?x212 s00))))
 (let ((?x325 (+ (- (+ ?x319 (* 108 s00 ?x232)) ?x175) ?x177 (* 108 ?x212 x00) (* 432 r00 r00 r00 ?x232))))
 (let ((?x331 (- (+ (- ?x325 (* 66 ?x212 s00)) (* 108 r00 ?x212 s00)) ?x186)))
 (let ((?x334 (+ (- ?x331 (* 216 r00 s00 ?x232)) (* 36 r00 r00 ?x212 ?x212) ?x192)))
 (let ((?x339 (- (+ (- ?x334 (* 108 ?x212 ?x232)) ?x284 ?x197) (* 108 r00 ?x232))))
 (let ((?x346 (- (+ (- (- (+ ?x339 ?x137) ?x139) ?x299) (* 54 r00 ?x212)) (* 216 ?x232 x00))))
 (let ((?x227 (* 3 ?x212)))
 (let ((?x82 (* 6 r00 r00 s00)))
 (let ((?x44 (* 3 s00)))
 (let ((?x76 (* 4 s00 s00)))
 (let ((?x70 (* 9 r00 s00)))
 (let ((?x244 (+ (- (* (- 9) ?x215 ?x212) (* 18 r00 x00)) ?x70 (* 2 ?x212 ?x212) (* 18 ?x215 ?x232) (* 6 ?x215 r00 ?x212))))
 (let ((?x249 (+ (- (- ?x244 (* 6 r00 r00 ?x212)) ?x76) (* 18 r00 ?x232))))
 (let ((?x256 (+ (- (+ (- ?x249 ?x44) ?x82) (* 18 ?x215 x00)) ?x227 (* 9 ?x215 s00) (* 2 ?x212 s00))))
 (let (($x261 (= (- (- ?x256 (* 9 r00 ?x212)) (* 6 ?x215 r00 s00)) 0)))
 (let ((?x61 (* 12 r00 r00 r00)))
 (let ((?x59 (* 6 x00)))
 (let ((?x54 (* 6 r00 s00)))
 (let ((?x48 (* 3 r00)))
 (let ((?x225 (- (+ (* (- 2) ?x215 ?x212) (* 12 ?x215 r00 r00)) (* 3 ?x215))))
 (let ((?x234 (- (+ (- (+ (- ?x225 ?x44) ?x227 ?x48) (* 4 ?x215 s00)) ?x54) (* 6 ?x232))))
 (let (($x219 (= (- (+ (- s00 ?x212) (* 3 ?x215 ?x215)) (* 3 r00 r00)) 0)))
 (let (($x358 (or (not $x219) (not (= (- (+ ?x234 ?x59) ?x61) 0)) (not $x261) (not (= ?x305 0)) (not (= (+ ?x346 ?x208) 0)) (not (= (* ?x305 ?x354) 0)))))
 (let ((?x143 (* 9 s)))
 (let ((?x123 (* 36 r00 r00 s)))
 (let ((?x164 (- (- (+ ?x157 (* 15 s s)) (* 216 r00 r00 r00 s)) ?x161)))
 (let ((?x172 (- (- (+ (- ?x164 (* 4 s s s)) (* 108 x x)) ?x169) (* 12 s s s00))))
 (let ((?x180 (+ (- (+ ?x172 (* 108 s00 x)) ?x175) ?x177 (* 108 s x00) (* 432 r00 r00 r00 x))))
 (let ((?x188 (- (+ (- ?x180 (* 66 s s00)) (* 108 r00 s s00)) ?x186)))
 (let ((?x193 (+ (- ?x188 (* 216 r00 s00 x)) (* 36 r00 r00 s s) ?x192)))
 (let ((?x200 (- (+ (- ?x193 (* 108 s x)) ?x123 ?x197) (* 108 r00 x))))
 (let ((?x207 (- (+ (- (- (+ ?x200 ?x137) ?x139) ?x143) (* 54 r00 s)) (* 216 x x00))))
 (let ((?x105 (+ (- (* (- 24) r s) (* 54 r00 x00)) (* 36 r r00 x) ?x102 (* 3 s s) (* 54 r x))))
 (let ((?x112 (- (+ (- ?x105 (* 6 s00 x)) (* 4 r00 s s)) ?x110)))
 (let ((?x117 (- (+ (- ?x112 (* 6 s x00)) (* 12 s s00)) (* 2 r00 s s00))))
 (let ((?x127 (- (+ ?x117 ?x118 (* 2 r s s) (* 6 s x)) (* 4 r s00 s00))))
 (let ((?x134 (- (+ (- (- (- ?x127 ?x123) ?x124) ?x126) (* 2 r s s00)) (* 36 r r00 x00))))
 (let ((?x142 (- (+ (- (+ ?x134 (* 54 r00 x)) ?x137) ?x139) (* 54 r x00))))
 (let ((?x149 (+ (- (+ ?x142 ?x143 (* 24 r s00)) (* 24 r00 s)) (* 36 r00 r00 x))))
 (let ((?x47 (* 3 s)))
 (let ((?x74 (+ (- (* (- 9) r s) (* 18 r00 x00)) ?x70 (* 2 s s) (* 18 r x) (* 6 r r00 s))))
 (let ((?x80 (+ (- (- ?x74 (* 6 r00 r00 s)) ?x76) (* 18 r00 x))))
 (let ((?x88 (+ (- (+ (- ?x80 ?x44) ?x82) (* 18 r x00)) ?x47 (* 9 r s00) (* 2 s s00))))
 (let (($x93 (= (- (- ?x88 (* 9 r00 s)) (* 6 r r00 s00)) 0)))
 (let ((?x56 (* 6 x)))
 (let ((?x43 (* 3 r)))
 (let ((?x46 (- (- (+ (* (- 2) r s) (* 12 r r00 r00)) ?x43) ?x44)))
 (let ((?x60 (+ (- (+ (- (+ ?x46 ?x47 ?x48) (* 4 r s00)) ?x54) ?x56) ?x59)))
 (let (($x36 (= (- (+ (- s00 s) (* 3 r r)) (* 3 r00 r00)) 0)))
 (and $x36 (= (- ?x60 ?x61) 0) $x93 (= ?x149 0) (= (+ ?x207 ?x208) 0) $x358))))))))))))))))))))))))))))))))))))))))))))))))))))))))))))))))))))))))))))))))) :qid k!40))
 ))
 (let ((?x3850 (lambda ((r Int) (s Int) (x Int) )(let ((?x363 (* (- 1) s)))
 (let ((?x1686 (+ x ?x363)))
 (let ((?x3775 (* r00 r00 ?x1686)))
 (let ((?x3762 (* 36 ?x3775)))
 (let ((?x211 (* 6 r)))
 (let ((?x3366 (+ 3 s ?x211)))
 (let ((?x1129 (* r00 ?x3366)))
 (let ((?x3645 (* (- 24) ?x1129)))
 (let ((?x1525 (+ 1 r)))
 (let ((?x1899 (* s00 ?x1525)))
 (let ((?x3495 (* 24 ?x1899)))
 (let ((?x3577 (* 54 r)))
 (let ((?x143 (* 9 s)))
 (let ((?x2629 (* x00 ?x1525)))
 (let ((?x3552 (* (- 54) ?x2629)))
 (let ((?x3297 (* r00 r00 s00)))
 (let ((?x3171 (* 36 ?x3297)))
 (let ((?x1082 (* (- 9) s00)))
 (let ((?x1854 (* r00 ?x1686)))
 (let ((?x2730 (* 54 ?x1854)))
 (let ((?x2036 (* r00 x00 ?x1525)))
 (let ((?x656 (* (- 36) ?x2036)))
 (let ((?x451 (* s00 ?x1525 ?x3366)))
 (let ((?x3094 (* 2 ?x451)))
 (let ((?x676 (* s00 s00)))
 (let ((?x1011 (* (- 15) ?x676)))
 (let ((?x972 (* r00 r00 x00)))
 (let ((?x985 (* (- 36) ?x972)))
 (let ((?x1617 (* r00 r00 ?x3366)))
 (let ((?x4129 (* (- 36) ?x1617)))
 (let ((?x667 (* s00 s00 ?x1525)))
 (let ((?x1061 (* (- 4) ?x667)))
 (let ((?x4041 (* ?x1686 ?x3366)))
 (let ((?x4042 (* 6 ?x4041)))
 (let ((?x1798 (* ?x1525 ?x3366 ?x3366)))
 (let ((?x1799 (* 2 ?x1798)))
 (let ((?x900 (* s00 x00)))
 (let ((?x901 (* 6 ?x900)))
 (let ((?x3982 (* r00 s00 ?x3366)))
 (let ((?x4003 (* (- 2) ?x3982)))
 (let ((?x1254 (* s00 ?x3366)))
 (let ((?x4098 (* 12 ?x1254)))
 (let ((?x1256 (* x00 ?x3366)))
 (let ((?x1169 (* (- 6) ?x1256)))
 (let ((?x3399 (* r00 s00 s00)))
 (let ((?x2387 (* (- 2) ?x3399)))
 (let ((?x1009 (* r00 ?x3366 ?x3366)))
 (let ((?x1022 (* 4 ?x1009)))
 (let ((?x1666 (* s00 ?x1686)))
 (let ((?x1857 (* (- 6) ?x1666)))
 (let ((?x1012 (* ?x1525 ?x1686)))
 (let ((?x839 (* 54 ?x1012)))
 (let ((?x3650 (* ?x3366 ?x3366)))
 (let ((?x1604 (* 3 ?x3650)))
 (let ((?x3237 (* r00 s00)))
 (let ((?x3181 (* 24 ?x3237)))
 (let ((?x817 (* r00 ?x1525 ?x1686)))
 (let ((?x1898 (* 36 ?x817)))
 (let ((?x607 (* r00 x00)))
 (let ((?x644 (* (- 54) ?x607)))
 (let ((?x3393 (* ?x1525 ?x3366)))
 (let ((?x1960 (* (- 24) ?x3393)))
 (let ((?x3789 (+ 27 ?x1960 ?x644 ?x1898 ?x3181 ?x1604 ?x839 ?x1857 ?x1022 ?x2387 ?x1169 ?x4098 ?x4003 ?x901 ?x1799 ?x4042 ?x1061 ?x4129 ?x985 ?x1011 ?x3094 ?x656 ?x2730 ?x1082 ?x3171 ?x3552 ?x143 ?x3577 ?x3495 ?x3645 ?x3762)))
 (let ((?x3917 (+ (* 6 (* ?x1525 ?x1525 ?x1686)) (* (- 3) (* ?x1525 ?x1686 ?x1686 ?x3366)) (* (- 6) (* ?x1525 ?x1686 ?x1686 ?x3366 ?x3366)))))
 (let (($x3793 (not (= (* ?x3917 ?x3789) 0))))
 (let ((?x1455 (* x00 x00)))
 (let ((?x1122 (* 108 ?x1455)))
 (let ((?x2911 (* (- 54) r)))
 (let ((?x3249 (* (- 9) s)))
 (let ((?x3227 (* (- 36) ?x3297)))
 (let ((?x137 (* 9 s00)))
 (let ((?x2057 (* 51 ?x676)))
 (let ((?x4113 (* 36 ?x1617)))
 (let ((?x1293 (* s00 s00 s00)))
 (let ((?x1905 (* 16 ?x1293)))
 (let ((?x1681 (* (- 108) ?x900)))
 (let ((?x3728 (* 216 (* r00 r00 r00 s00))))
 (let ((?x2254 (* (- 108) ?x3399)))
 (let ((?x1007 (* r00 r00 r00 x00)))
 (let ((?x1160 (* (- 432) ?x1007)))
 (let ((?x3111 (* (- 36) (* r00 r00 s00 s00))))
 (let ((?x3326 (* (- 54) ?x3237)))
 (let ((?x1883 (* 108 ?x607)))
 (let ((?x3114 (* 216 (* r00 s00 x00))))
 (let ((?x2525 (+ ?x3114 ?x1883 ?x3326 (* 15 ?x3650) (* (- 216) (* r00 r00 r00 ?x3366)) ?x3111 (* (- 4) (* ?x3366 ?x3366 ?x3366)) (* 108 (* ?x1686 ?x1686)) ?x1160 (* (- 12) (* s00 ?x3366 ?x3366)) (* 108 ?x1666) ?x2254 ?x3728 (* 108 ?x1256) (* 432 (* r00 r00 r00 ?x1686)) (* (- 66) ?x1254) (* 108 ?x3982) ?x1681 (* (- 216) (* r00 s00 ?x1686)) (* 36 (* r00 r00 ?x3366 ?x3366)) ?x1905 (* (- 108) ?x4041) ?x4113 ?x2057 (* (- 108) ?x1854) ?x137 ?x3227 ?x3249 ?x2911 (* 54 ?x1129) (* (- 216) (* x00 ?x1686)) ?x1122)))
 (let (($x1755 (not (= ?x2525 27))))
 (let ((?x3828 (+ ?x1960 ?x644 ?x1898 ?x3181 ?x1604 ?x839 ?x1857 ?x1022 ?x2387 ?x1169 ?x4098 ?x4003 ?x901 ?x1799 ?x4042 ?x1061 ?x4129 ?x985 ?x1011 ?x3094 ?x656 ?x2730 ?x1082 ?x3171 ?x3552 ?x143 ?x3577 ?x3495 ?x3645 ?x3762)))
 (let ((?x47 (* 3 s)))
 (let ((?x3383 (* 6 ?x3297)))
 (let ((?x463 (* (- 3) s00)))
 (let ((?x689 (* (- 4) ?x676)))
 (let ((?x1841 (* 9 ?x3237)))
 (let ((?x621 (* (- 18) ?x607)))
 (let ((?x3975 (+ (* (- 9) ?x3393) ?x621 ?x1841 (* 2 ?x3650) (* 18 ?x1012) (* 6 (* r00 ?x1525 ?x3366)) (* (- 6) ?x1617) ?x689 (* 18 ?x1854) ?x463 ?x3383 (* (- 18) ?x2629) ?x47 (* 18 r) (* 9 ?x1899) (* 2 ?x1254) (* (- 9) ?x1129) (* (- 6) (* r00 s00 ?x1525)))))
 (let ((?x554 (* r00 r00 r00)))
 (let ((?x568 (* (- 12) ?x554)))
 (let ((?x59 (* 6 x00)))
 (let ((?x533 (* (- 6) x)))
 (let ((?x3280 (* 6 ?x3237)))
 (let ((?x48 (* 3 r00)))
 (let ((?x2731 (+ (* (- 2) ?x3393) (* 12 (* r00 r00 ?x1525)) (* 15 r) ?x463 ?x143 ?x48 (* (- 4) ?x1899) ?x3280 ?x533 ?x59 ?x568)))
 (let ((?x384 (* r00 r00)))
 (let ((?x3048 (* (- 3) ?x384)))
 (let (($x2155 (= (+ s00 ?x363 (* (- 6) r) (* 3 (* ?x1525 ?x1525)) ?x3048) 3)))
 (let (($x2247 (not $x2155)))
 (let (($x3413 (or $x2247 (not (= ?x2731 (- 6))) (not (= ?x3975 (- 9))) (not (= ?x3828 (- 27))) $x1755 $x3793)))
 (let ((?x1873 (* r00 r00 s)))
 (let ((?x1317 (* 36 ?x1873)))
 (let ((?x1128 (+ ?x3114 ?x1883 ?x3326 (* 15 (* s s)) (* (- 216) (* r00 r00 r00 s)) ?x3111 (* (- 4) (* s s s)) (* 108 (* x x)) ?x1160 (* (- 12) (* s00 s s)) (* 108 (* s00 x)) ?x2254 ?x3728 (* 108 (* x00 s)) (* 432 (* r00 r00 r00 x)) (* (- 66) (* s00 s)) (* 108 (* r00 s00 s)) ?x1681 (* (- 216) (* r00 s00 x)) (* 36 (* r00 r00 s s)) ?x1905 (* (- 108) (* x s)) ?x1317 ?x2057 (* (- 108) (* r00 x)) ?x137 ?x3227 ?x3249 (* 54 (* r00 s)) (* (- 216) (* x00 x)) ?x1122)))
 (let (($x1644 (= ?x1128 0)))
 (let ((?x2955 (* r00 r00 x)))
 (let ((?x2956 (* 36 ?x2955)))
 (let ((?x2623 (* (- 36) ?x1873)))
 (let ((?x2282 (* r00 s s)))
 (let ((?x2283 (* 4 ?x2282)))
 (let ((?x630 (* s s)))
 (let ((?x662 (* 3 ?x630)))
 (let ((?x3920 (+ (* (- 24) (* s r)) ?x644 (* 36 (* r00 x r)) ?x3181 ?x662 (* 54 (* x r)) (* (- 6) (* s00 x)) ?x2283 ?x2387 (* (- 6) (* x00 s)) (* 12 (* s00 s)) (* (- 2) (* r00 s00 s)) ?x901 (* 2 (* s s r)) (* 6 (* x s)) (* (- 4) (* s00 s00 r)) ?x2623 ?x985 ?x1011 (* 2 (* s00 s r)) (* (- 36) (* r00 x00 r)) (* 54 (* r00 x)) ?x1082 ?x3171 (* (- 54) (* x00 r)) ?x143 (* 24 (* s00 r)) (* (- 24) (* r00 s)) ?x2956)))
 (let ((?x631 (* 2 ?x630)))
 (let ((?x995 (+ (* (- 9) (* s r)) ?x621 ?x1841 ?x631 (* 18 (* x r)) (* 6 (* r00 s r)) (* (- 6) ?x1873) ?x689 (* 18 (* r00 x)) ?x463 ?x3383 (* (- 18) (* x00 r)) ?x47 (* 9 (* s00 r)) (* 2 (* s00 s)) (* (- 9) (* r00 s)) (* (- 6) (* r00 s00 r)))))
 (let ((?x3195 (+ (* (- 2) (* s r)) (* 12 (* r00 r00 r)) (* (- 3) r) ?x463 ?x47 ?x48 (* (- 4) (* s00 r)) ?x3280 ?x533 ?x59 ?x568)))
 (let (($x3464 (= (+ s00 ?x363 (* 3 (* r r)) ?x3048) 0)))
 (let (($x3794 (and $x3464 (= ?x3195 0) (= ?x995 0) (= ?x3920 0) $x1644 $x3413)))
 (let ((?x232 (- x s)))
 (let ((?x212 (+ s ?x211 3)))
 (let ((?x215 (+ r 1)))
 (let ((?x354 (- (- (* 6 ?x215 ?x215 ?x232) (* 3 ?x215 ?x212 ?x232 ?x232)) (* 6 ?x215 ?x212 ?x212 ?x232 ?x232))))
 (let ((?x299 (* 9 ?x212)))
 (let ((?x139 (* 36 r00 r00 s00)))
 (let ((?x126 (* 15 s00 s00)))
 (let ((?x124 (* 36 r00 r00 x00)))
 (let ((?x284 (* 36 r00 r00 ?x212)))
 (let ((?x118 (* 6 s00 x00)))
 (let ((?x110 (* 2 r00 s00 s00)))
 (let ((?x102 (* 24 r00 s00)))
 (let ((?x268 (+ (- (* (- 24) ?x215 ?x212) (* 54 r00 x00)) (* 36 ?x215 r00 ?x232) ?x102 (* 3 ?x212 ?x212) (* 54 ?x215 ?x232))))
 (let ((?x274 (- (+ (- ?x268 (* 6 s00 ?x232)) (* 4 r00 ?x212 ?x212)) ?x110)))
 (let ((?x279 (- (+ (- ?x274 (* 6 ?x212 x00)) (* 12 ?x212 s00)) (* 2 r00 ?x212 s00))))
 (let ((?x285 (- (+ ?x279 ?x118 (* 2 ?x215 ?x212 ?x212) (* 6 ?x212 ?x232)) (* 4 ?x215 s00 s00))))
 (let ((?x292 (- (+ (- (- (- ?x285 ?x284) ?x124) ?x126) (* 2 ?x215 ?x212 s00)) (* 36 ?x215 r00 x00))))
 (let ((?x298 (- (+ (- (+ ?x292 (* 54 r00 ?x232)) ?x137) ?x139) (* 54 ?x215 x00))))
 (let ((?x305 (+ (- (+ ?x298 ?x299 (* 24 ?x215 s00)) (* 24 r00 ?x212)) (* 36 r00 r00 ?x232))))
 (let ((?x208 (* 108 x00 x00)))
 (let ((?x197 (* 51 s00 s00)))
 (let ((?x192 (* 16 s00 s00 s00)))
 (let ((?x186 (* 108 s00 x00)))
 (let ((?x177 (* 216 r00 r00 r00 s00)))
 (let ((?x175 (* 108 r00 s00 s00)))
 (let ((?x169 (* 432 r00 r00 r00 x00)))
 (let ((?x161 (* 36 r00 r00 s00 s00)))
 (let ((?x157 (- (+ (* 216 r00 s00 x00) (* 108 r00 x00)) (* 54 r00 s00))))
 (let ((?x313 (- (- (+ ?x157 (* 15 ?x212 ?x212)) (* 216 r00 r00 r00 ?x212)) ?x161)))
 (let ((?x319 (- (- (+ (- ?x313 (* 4 ?x212 ?x212 ?x212)) (* 108 ?x232 ?x232)) ?x169) (* 12 ?x212 ?x212 s00))))
 (let ((?x325 (+ (- (+ ?x319 (* 108 s00 ?x232)) ?x175) ?x177 (* 108 ?x212 x00) (* 432 r00 r00 r00 ?x232))))
 (let ((?x331 (- (+ (- ?x325 (* 66 ?x212 s00)) (* 108 r00 ?x212 s00)) ?x186)))
 (let ((?x334 (+ (- ?x331 (* 216 r00 s00 ?x232)) (* 36 r00 r00 ?x212 ?x212) ?x192)))
 (let ((?x339 (- (+ (- ?x334 (* 108 ?x212 ?x232)) ?x284 ?x197) (* 108 r00 ?x232))))
 (let ((?x346 (- (+ (- (- (+ ?x339 ?x137) ?x139) ?x299) (* 54 r00 ?x212)) (* 216 ?x232 x00))))
 (let ((?x227 (* 3 ?x212)))
 (let ((?x82 (* 6 r00 r00 s00)))
 (let ((?x44 (* 3 s00)))
 (let ((?x76 (* 4 s00 s00)))
 (let ((?x70 (* 9 r00 s00)))
 (let ((?x244 (+ (- (* (- 9) ?x215 ?x212) (* 18 r00 x00)) ?x70 (* 2 ?x212 ?x212) (* 18 ?x215 ?x232) (* 6 ?x215 r00 ?x212))))
 (let ((?x249 (+ (- (- ?x244 (* 6 r00 r00 ?x212)) ?x76) (* 18 r00 ?x232))))
 (let ((?x256 (+ (- (+ (- ?x249 ?x44) ?x82) (* 18 ?x215 x00)) ?x227 (* 9 ?x215 s00) (* 2 ?x212 s00))))
 (let (($x261 (= (- (- ?x256 (* 9 r00 ?x212)) (* 6 ?x215 r00 s00)) 0)))
 (let ((?x61 (* 12 r00 r00 r00)))
 (let ((?x54 (* 6 r00 s00)))
 (let ((?x225 (- (+ (* (- 2) ?x215 ?x212) (* 12 ?x215 r00 r00)) (* 3 ?x215))))
 (let ((?x234 (- (+ (- (+ (- ?x225 ?x44) ?x227 ?x48) (* 4 ?x215 s00)) ?x54) (* 6 ?x232))))
 (let (($x219 (= (- (+ (- s00 ?x212) (* 3 ?x215 ?x215)) (* 3 r00 r00)) 0)))
 (let (($x358 (or (not $x219) (not (= (- (+ ?x234 ?x59) ?x61) 0)) (not $x261) (not (= ?x305 0)) (not (= (+ ?x346 ?x208) 0)) (not (= (* ?x305 ?x354) 0)))))
 (let ((?x123 (* 36 r00 r00 s)))
 (let ((?x164 (- (- (+ ?x157 (* 15 s s)) (* 216 r00 r00 r00 s)) ?x161)))
 (let ((?x172 (- (- (+ (- ?x164 (* 4 s s s)) (* 108 x x)) ?x169) (* 12 s s s00))))
 (let ((?x180 (+ (- (+ ?x172 (* 108 s00 x)) ?x175) ?x177 (* 108 s x00) (* 432 r00 r00 r00 x))))
 (let ((?x188 (- (+ (- ?x180 (* 66 s s00)) (* 108 r00 s s00)) ?x186)))
 (let ((?x193 (+ (- ?x188 (* 216 r00 s00 x)) (* 36 r00 r00 s s) ?x192)))
 (let ((?x200 (- (+ (- ?x193 (* 108 s x)) ?x123 ?x197) (* 108 r00 x))))
 (let ((?x207 (- (+ (- (- (+ ?x200 ?x137) ?x139) ?x143) (* 54 r00 s)) (* 216 x x00))))
 (let ((?x105 (+ (- (* (- 24) r s) (* 54 r00 x00)) (* 36 r r00 x) ?x102 (* 3 s s) (* 54 r x))))
 (let ((?x112 (- (+ (- ?x105 (* 6 s00 x)) (* 4 r00 s s)) ?x110)))
 (let ((?x117 (- (+ (- ?x112 (* 6 s x00)) (* 12 s s00)) (* 2 r00 s s00))))
 (let ((?x127 (- (+ ?x117 ?x118 (* 2 r s s) (* 6 s x)) (* 4 r s00 s00))))
 (let ((?x134 (- (+ (- (- (- ?x127 ?x123) ?x124) ?x126) (* 2 r s s00)) (* 36 r r00 x00))))
 (let ((?x142 (- (+ (- (+ ?x134 (* 54 r00 x)) ?x137) ?x139) (* 54 r x00))))
 (let ((?x149 (+ (- (+ ?x142 ?x143 (* 24 r s00)) (* 24 r00 s)) (* 36 r00 r00 x))))
 (let ((?x74 (+ (- (* (- 9) r s) (* 18 r00 x00)) ?x70 (* 2 s s) (* 18 r x) (* 6 r r00 s))))
 (let ((?x80 (+ (- (- ?x74 (* 6 r00 r00 s)) ?x76) (* 18 r00 x))))
 (let ((?x88 (+ (- (+ (- ?x80 ?x44) ?x82) (* 18 r x00)) ?x47 (* 9 r s00) (* 2 s s00))))
 (let (($x93 (= (- (- ?x88 (* 9 r00 s)) (* 6 r r00 s00)) 0)))
 (let ((?x56 (* 6 x)))
 (let ((?x43 (* 3 r)))
 (let ((?x46 (- (- (+ (* (- 2) r s) (* 12 r r00 r00)) ?x43) ?x44)))
 (let ((?x60 (+ (- (+ (- (+ ?x46 ?x47 ?x48) (* 4 r s00)) ?x54) ?x56) ?x59)))
 (let (($x36 (= (- (+ (- s00 s) (* 3 r r)) (* 3 r00 r00)) 0)))
 (let (($x359 (and $x36 (= (- ?x60 ?x61) 0) $x93 (= ?x149 0) (= (+ ?x207 ?x208) 0) $x358)))
 (rewrite (= $x359 $x3794)))))))))))))))))))))))))))))))))))))))))))))))))))))))))))))))))))))))))))))))))))))))))))))))))))))))))))))))))))))))))))))))))))))))))))))))))))))))))))))))))))))))))))))))))))))))))))))))))))))))))
 ))
 (let ((@x361 (asserted $x360)))
 (let ((@x854 (mp (mp @x361 (quant-intro (proof-bind ?x3850) (= $x360 $x3420)) $x3420) (rewrite (= $x3420 $x3420)) $x3420)))
 (let ((@x2938 (mp (mp @x854 (quant-intro (proof-bind ?x994) (= $x3420 $x3490)) $x3490) (quant-intro (proof-bind ?x1721) (= $x3490 $x1712)) $x1712)))
 (let ((@x2820 (mp (mp~ @x2938 (sk (~ $x1712 $x3147)) $x3147) (rewrite (= $x3147 $x2813)) $x2813)))
 (let ((@x2811 (and-elim @x2820 $x3579)))
 (let ((@x3954 (unit-resolution ((_ th-lemma arith triangle-eq) (or $x3263 $x3448)) @x2811 $x3448)))
 (let (($x3660 (>= ?x1087 0)))
 (let ((@x3633 (unit-resolution ((_ th-lemma arith triangle-eq) (or $x3263 $x3660)) @x2811 $x3660)))
 (let (($x1190 (<= ?x1559 0)))
 (let (($x3447 (<= ?x3133 0)))
 (let ((@x3998 (and-elim @x2820 $x4001)))
 (let ((@x2441 (unit-resolution ((_ th-lemma arith triangle-eq) (or (not $x4001) $x3447)) @x3998 $x3447)))
 (let (($x3445 (>= ?x3133 0)))
 (let ((@x1172 (unit-resolution ((_ th-lemma arith triangle-eq) (or (not $x4001) $x3445)) @x3998 $x3445)))
 (let (($x1649 (<= ?x999 0)))
 (let ((@x4000 (and-elim @x2820 $x3955)))
 (let ((@x1224 (unit-resolution ((_ th-lemma arith triangle-eq) (or (not $x3955) $x1649)) @x4000 $x1649)))
 (let (($x3957 (>= ?x999 0)))
 (let ((@x894 (unit-resolution ((_ th-lemma arith triangle-eq) (or (not $x3955) $x3957)) @x4000 $x3957)))
 (let (($x3664 (<= ?x3512 0)))
 (let ((@x3219 (and-elim @x2820 $x2912)))
 (let ((@x1574 (unit-resolution ((_ th-lemma arith triangle-eq) (or (not $x2912) $x3664)) @x3219 $x3664)))
 (let (($x3516 (>= ?x3512 0)))
 (let ((@x1606 (unit-resolution ((_ th-lemma arith triangle-eq) (or (not $x2912) $x3516)) @x3219 $x3516)))
 (let ((@x2055 ((_ th-lemma arith) (hypothesis (not $x1190)) @x3633 @x3954 @x1606 @x1574 @x894 @x1224 @x1606 @x1574 @x894 @x1224 @x3633 @x3954 @x1172 @x2441 false)))
 (let ((@x893 (lemma @x2055 $x1190)))
 (let (($x1361 (>= ?x1559 0)))
 (let ((@x3272 ((_ th-lemma arith) (hypothesis (not $x1361)) @x3633 @x3954 @x1606 @x1574 @x894 @x1224 @x1606 @x1574 @x894 @x1224 @x3633 @x3954 @x1172 @x2441 false)))
 (let ((@x1005 (lemma @x3272 $x1361)))
 (let (($x1534 (<= ?x1155 0)))
 (let ((@x3252 (and-elim @x2820 $x3386)))
 (let ((@x2531 (unit-resolution ((_ th-lemma arith triangle-eq) (or (not $x3386) $x1534)) @x3252 $x1534)))
 (let (($x2825 (>= ?x1155 0)))
 (let ((@x1017 (unit-resolution ((_ th-lemma arith triangle-eq) (or (not $x3386) $x2825)) @x3252 $x2825)))
 (let (($x3614 (<= ?x1083 0)))
 (let ((@x2554 ((_ th-lemma arith) (hypothesis (not $x3614)) @x3633 @x3954 @x1606 @x1574 @x894 @x1224 @x1005 @x893 @x3633 @x3954 false)))
 (let ((@x2044 (lemma @x2554 $x3614)))
 (let (($x1162 (>= ?x1083 0)))
 (let ((@x2944 ((_ th-lemma arith) (hypothesis (not $x1162)) @x3633 @x3954 @x1606 @x1574 @x894 @x1224 @x1005 @x893 @x3633 @x3954 false)))
 (let ((@x833 (lemma @x2944 $x1162)))
 (let (($x1535 (not (<= ?x2838 0))))
 (let ((@x2821 (unit-resolution ((_ th-lemma arith triangle-eq) (or $x1173 (not $x3614) (not $x1162))) @x2044 @x833 $x1173)))
 (let (($x970 (>= ?x3582 0)))
 (let ((@x2377 ((_ th-lemma arith eq-propagate 0 0 0) (lemma ((_ th-lemma arith farkas 1 1 1) (hypothesis (not $x970)) @x1005 @x893 false) $x970) @x1005 @x893 $x3820)))
 (let ((@x2546 (unit-resolution ((_ th-lemma arith triangle-eq) (or $x3300 (not $x1190) (not $x1361))) @x893 @x1005 $x3300)))
 (let ((@x2571 (unit-resolution (hypothesis $x3938) ((_ th-lemma arith eq-propagate -4 -4 -1 -1) @x3633 @x3954 @x1172 @x2441 $x3288) false)))
 (let ((@x3417 (unit-resolution (and-elim @x2820 $x3627) @x2811 (or $x3938 $x3196 $x3406 $x3395 $x3519))))
 (let ((@x4138 (unit-resolution (unit-resolution @x3417 (lemma @x2571 $x3288) @x2546 @x2377 (or $x3196 $x3395)) @x2821 $x3395)))
 (let (($x2442 (>= ?x2838 0)))
 (let ((@x2180 ((_ th-lemma arith) (hypothesis (not $x2442)) @x3633 @x3954 @x833 @x2044 @x1017 @x2531 @x1606 @x1574 @x894 @x1224 @x1606 @x1574 @x1606 @x1574 @x894 @x1224 @x894 @x1224 @x1172 @x2441 @x3633 @x3954 @x1172 @x2441 @x1005 @x893 @x3633 @x3954 false)))
 (let ((@x1050 (unit-resolution ((_ th-lemma arith triangle-eq) (or $x2873 $x1535 (not $x2442))) (lemma @x2180 $x2442) @x4138 $x1535)))
 ((_ th-lemma arith) @x1050 @x3633 @x3954 @x833 @x2044 @x1017 @x2531 @x1606 @x1574 @x894 @x1224 @x1606 @x1574 @x1606 @x1574 @x894 @x1224 @x894 @x1224 @x1172 @x2441 @x3633 @x3954 @x1172 @x2441 @x1005 @x893 @x3633 @x3954 false))))))))))))))))))))))))))))))))))))))))))))))))))))))))))))))))))))))))))))))))))))))))))))))))))))))))))))))))))))))))))))))))))))))))))))))))))))))))))))))))))))))))))))))))))))))))))))))))))))))))))))))))))))))))))))))))))))))))))))))))))))))))))))))))))))))))))))))))))))))))))))))))))))))))))))

(:added-eqs                 11
 :arith-assert-diseq        11
 :arith-assert-lower        90
 :arith-assert-upper        29
 :arith-conflicts           7
 :arith-eq-adapter          10
 :arith-fixed-eqs           2
 :arith-gcd-tests           24
 :arith-grobner             6
 :arith-max-min             1947
 :arith-nonlinear-bounds    76
 :arith-nonlinear-horner    67
 :arith-num-rows            13
 :arith-patches             13
 :arith-patches_succ        13
 :arith-pivots              9
 :arith-pseudo-nonlinear    2
 :arith-row-summations      27
 :arith-tableau-max-columns 156
 :arith-tableau-max-rows    13
 :conflicts                 8
 :decisions                 19
 :del-clause                27
 :final-checks              13
 :max-memory                7.88
 :memory                    3.58
 :mk-bool-var               36
 :mk-clause                 36
 :num-allocs                53904199926.00
 :num-checks                1
 :propagations              52
 :rlimit-count              12022370
 :time                      10.77
 :total-time                10.07)
