unsat
((set-logic NIA)
(declare-fun s!1 () Int)
(declare-fun r!2 () Int)
(declare-fun x!0 () Int)
(proof
(let ((?x1828 (* (- 3) s!1)))
 (let ((?x734 (* s00 r00 r00)))
 (let ((?x2248 (* (- 6) ?x734)))
 (let ((?x678 (* s00 s00)))
 (let ((?x679 (* 4 ?x678)))
 (let ((?x609 (* r00 x00)))
 (let ((?x610 (* 18 ?x609)))
 (let ((?x44 (* 3 s00)))
 (let ((?x2381 (+ ?x44 (* (- 9) (* s00 r00)) ?x610 ?x679 ?x2248 (* 9 (* s!1 r!2)) (* (- 2) (* s00 s!1)) ?x1828 (* 9 (* r00 s!1)) (* 6 (* r00 r00 s!1)) (* (- 6) (* r00 s!1 r!2)) (* (- 18) (* r00 x!0)) (* (- 18) (* x!0 r!2)) (* 6 (* s00 r00 r!2)) (* 18 (* x00 r!2)) (* (- 9) (* s00 r!2)) (* (- 2) (* s!1 s!1)))))
 (let (($x2841 (<= ?x2381 0)))
 (let (($x1686 (= ?x2381 0)))
 (let ((?x2724 (* r!2 r!2)))
 (let ((?x3407 (* 3 ?x2724)))
 (let ((?x1218 (* (- 1) s!1)))
 (let ((?x386 (* r00 r00)))
 (let ((?x400 (* (- 3) ?x386)))
 (let ((?x2668 (+ s00 ?x400 ?x1218 ?x3407)))
 (let ((?x3673 (* s!1 s!1)))
 (let ((?x3615 (* 17 ?x3673)))
 (let ((?x2752 (* x!0 x!0)))
 (let ((?x3620 (* 12 ?x2752)))
 (let ((?x3518 (* 180 ?x2724)))
 (let ((?x989 (* 180 r!2)))
 (let ((?x2686 (* 30 s!1)))
 (let ((?x1223 (* s!1 s!1 s!1)))
 (let ((?x1224 (* 4 ?x1223)))
 (let ((?x1563 (+ 51 (* (- 168) (* x!0 s!1 r!2)) (* (- 300) (* x!0 s!1 r!2 r!2)) (* 60 (* x!0 x!0 r!2 r!2 r!2)) (* 4 (* x!0 x!0 s!1)) (* 20 (* x!0 x!0 s!1 r!2)) (* 60 (* s!1 r!2)) (* 150 (* x!0 x!0 r!2 r!2)) ?x1224 (* (- 8) (* x!0 s!1 s!1)) (* 84 (* x!0 x!0 r!2)) ?x2686 ?x989 (* (- 24) (* x!0 s!1)) (* (- 20) (* x!0 s!1 s!1 r!2 r!2)) (* (- 120) (* x!0 s!1 r!2 r!2 r!2)) (* 10 (* x!0 x!0 s!1 r!2 r!2)) (* 60 (* s!1 s!1 r!2 r!2 r!2)) (* 150 (* s!1 s!1 r!2 r!2)) ?x3518 ?x3620 (* 10 (* s!1 s!1 s!1 r!2 r!2)) (* 20 (* s!1 s!1 s!1 r!2)) (* 84 (* s!1 s!1 r!2)) ?x3615 (* (- 40) (* x!0 s!1 s!1 r!2)))))
 (let ((?x2116 (* ?x1563 ?x2668)))
 (let (($x2843 (= ?x2116 0)))
 (let (($x3115 (not $x2843)))
 (let ((?x2285 (* (- 195) ?x3673)))
 (let ((?x3181 (* r!2 r!2 r!2)))
 (let ((?x2761 (* 864 ?x3181)))
 (let ((?x3123 (* (- 108) ?x2752)))
 (let ((?x1578 (* 756 ?x2724)))
 (let ((?x1582 (* 162 r!2)))
 (let ((?x1583 (* (- 297) s!1)))
 (let ((?x1576 (* 324 x!0)))
 (let ((?x1457 (* x00 x00)))
 (let ((?x1487 (* (- 108) ?x1457)))
 (let ((?x1295 (* s00 s00 s00)))
 (let ((?x1486 (* (- 16) ?x1295)))
 (let ((?x1183 (* s00 r00 r00 r00)))
 (let ((?x1482 (* (- 216) ?x1183)))
 (let ((?x1009 (* r00 r00 r00 x00)))
 (let ((?x1010 (* 432 ?x1009)))
 (let ((?x902 (* s00 x00)))
 (let ((?x1240 (* 108 ?x902)))
 (let ((?x866 (* s00 s00 r00 r00)))
 (let ((?x867 (* 36 ?x866)))
 (let ((?x779 (* s00 s00 r00)))
 (let ((?x1137 (* 108 ?x779)))
 (let ((?x1097 (* 36 ?x734)))
 (let ((?x1476 (* (- 51) ?x678)))
 (let ((?x1473 (* (- 108) ?x609)))
 (let ((?x605 (* s00 r00 x00)))
 (let ((?x1472 (* (- 216) ?x605)))
 (let ((?x556 (* r00 r00 r00)))
 (let ((?x3867 (* 648 ?x556)))
 (let ((?x513 (* s00 r00)))
 (let ((?x883 (* (- 270) ?x513)))
 (let ((?x2701 (* (- 432) ?x386)))
 (let ((?x3861 (* (- 324) x00)))
 (let ((?x2696 (* (- 162) r00)))
 (let ((?x3860 (* 297 s00)))
 (let ((?x2429 (+ ?x3860 ?x2696 ?x3861 ?x2701 (* 216 (* s00 r00 x!0)) ?x883 ?x3867 ?x1472 ?x1473 ?x1476 ?x1097 ?x1137 ?x867 (* (- 1296) (* r00 r00 r!2 r!2)) ?x1240 (* (- 396) (* s!1 r!2)) ?x1010 (* (- 324) (* r00 r!2)) (* 1296 (* r00 r00 r00 r!2)) ?x1482 ?x1224 ?x1486 ?x1487 (* 246 (* s00 s!1)) ?x1576 ?x1583 ?x1582 (* (- 162) (* r00 s!1)) (* (- 252) (* r00 r00 s!1)) (* 324 (* x!0 s!1)) (* 108 (* r00 x!0)) (* 648 (* x!0 r!2)) (* (- 648) (* s00 r00 r!2)) (* (- 1512) (* r00 r00 r!2)) (* 12 (* s00 s!1 s!1)) (* (- 432) (* r00 r00 s!1 r!2)) (* 144 (* s00 s!1 r!2)) (* (- 324) (* s00 r00 s!1)) (* (- 36) (* r00 r00 s!1 s!1)) (* (- 648) (* x00 r!2)) ?x1578 ?x3123 (* (- 324) (* x00 s!1)) (* 432 (* s!1 r!2 r!2)) (* 648 (* r00 r00 r00 s!1)) (* (- 432) (* r00 r00 r00 x!0)) ?x2761 (* 216 (* x00 x!0)) (* 72 (* s!1 s!1 r!2)) (* 432 (* s00 r!2 r!2)) (* 828 (* s00 r!2)) ?x2285 (* (- 108) (* s00 x!0)))))
 (let (($x1160 (= ?x2429 0)))
 (let (($x2524 (not $x1160)))
 (let ((?x2011 (* (- 1) ?x3673)))
 (let ((?x2852 (* 72 ?x3181)))
 (let ((?x3700 (* 108 ?x2724)))
 (let ((?x1643 (* 36 r!2)))
 (let ((?x1993 (* (- 57) s!1)))
 (let ((?x1648 (* 72 x!0)))
 (let ((?x974 (* r00 r00 x00)))
 (let ((?x987 (* (- 36) ?x974)))
 (let ((?x903 (* 6 ?x902)))
 (let ((?x797 (* (- 2) ?x779)))
 (let ((?x2154 (* (- 19) ?x678)))
 (let ((?x2152 (* (- 90) ?x609)))
 (let ((?x2150 (* 18 ?x513)))
 (let ((?x2136 (* (- 108) ?x386)))
 (let ((?x2127 (* (- 72) x00)))
 (let ((?x1635 (* (- 36) r00)))
 (let ((?x3781 (* 57 s00)))
 (let ((?x3744 (+ ?x3781 ?x1635 ?x2127 ?x2136 ?x2150 ?x2152 ?x2154 ?x1097 ?x797 ?x903 (* (- 42) (* s!1 r!2)) ?x987 (* (- 4) (* s00 s00 r!2)) (* (- 36) (* r00 x00 r!2)) (* 20 (* s00 s!1)) ?x1648 ?x1993 ?x1643 (* (- 90) (* r00 s!1)) (* (- 72) (* r00 r00 s!1)) (* 144 (* r00 r!2 r!2)) (* 6 (* x!0 s!1)) (* 12 (* r00 s!1 r!2)) (* 90 (* r00 x!0)) (* 90 (* x!0 r!2)) (* 4 (* r00 s!1 s!1)) (* (- 12) (* s00 r00 r!2)) (* (- 216) (* r00 r00 r!2)) (* 2 (* s00 s!1 r!2)) (* (- 2) (* s00 r00 s!1)) (* 36 (* r00 x!0 r!2)) (* (- 90) (* x00 r!2)) ?x3700 (* (- 6) (* x00 s!1)) (* 24 (* s!1 r!2 r!2)) (* 36 (* r00 r00 x!0)) ?x2852 (* 2 (* s!1 s!1 r!2)) (* 12 (* s00 r!2 r!2)) (* 114 (* s00 r!2)) ?x2011 (* (- 6) (* s00 x!0)))))
 (let (($x2488 (= ?x3744 0)))
 (let (($x2057 (not $x2488)))
 (let ((?x2599 (* 2 ?x3673)))
 (let ((?x3083 (* 18 ?x2724)))
 (let ((?x2416 (* 9 r!2)))
 (let ((?x1103 (* (- 12) s!1)))
 (let ((?x1115 (* 18 x!0)))
 (let ((?x735 (* 6 ?x734)))
 (let ((?x691 (* (- 4) ?x678)))
 (let ((?x623 (* (- 18) ?x609)))
 (let ((?x2928 (* 3 ?x513)))
 (let ((?x2565 (* (- 18) ?x386)))
 (let ((?x2854 (* (- 18) x00)))
 (let ((?x2521 (* (- 9) r00)))
 (let ((?x2840 (* 12 s00)))
 (let ((?x1734 (+ ?x2840 ?x2521 ?x2854 ?x2565 ?x2928 ?x623 ?x691 ?x735 (* (- 3) (* s!1 r!2)) (* 2 (* s00 s!1)) ?x1115 ?x1103 ?x2416 (* (- 21) (* r00 s!1)) (* (- 6) (* r00 r00 s!1)) (* 36 (* r00 r!2 r!2)) (* 6 (* r00 s!1 r!2)) (* 18 (* r00 x!0)) (* 18 (* x!0 r!2)) (* (- 6) (* s00 r00 r!2)) (* (- 36) (* r00 r00 r!2)) (* (- 18) (* x00 r!2)) ?x3083 (* 21 (* s00 r!2)) ?x2599)))
 (let (($x2873 (= ?x1734 0)))
 (let (($x1667 (not $x2873)))
 (let ((?x3663 (* s00 r!2)))
 (let ((?x823 (* 4 ?x3663)))
 (let ((?x1241 (* 12 ?x2724)))
 (let ((?x2278 (* r00 r00 r!2)))
 (let ((?x3218 (* (- 12) ?x2278)))
 (let ((?x1804 (* 3 r!2)))
 (let ((?x1781 (* (- 7) s!1)))
 (let ((?x999 (* 6 x!0)))
 (let ((?x953 (* s!1 r!2)))
 (let ((?x2336 (* 2 ?x953)))
 (let ((?x557 (* 12 ?x556)))
 (let ((?x591 (* (- 6) ?x513)))
 (let ((?x1167 (* (- 12) ?x386)))
 (let ((?x588 (* (- 6) x00)))
 (let ((?x587 (* (- 3) r00)))
 (let ((?x3757 (* 7 s00)))
 (let ((?x829 (+ ?x3757 ?x587 ?x588 ?x1167 ?x591 ?x557 ?x2336 ?x999 ?x1781 ?x1804 ?x3218 ?x1241 ?x823)))
 (let (($x765 (= ?x829 0)))
 (let (($x754 (not $x765)))
 (let (($x955 (= ?x2668 0)))
 (let (($x1616 (not $x955)))
 (let (($x1401 (or $x1616 $x754 $x1667 $x2057 $x2524 $x3115)))
 (let ((?x1661 (* r00 r00 s!1)))
 (let ((?x2948 (* 36 ?x1661)))
 (let ((?x2947 (* (- 9) s!1)))
 (let ((?x824 (* 108 ?x1457)))
 (let ((?x2835 (* 16 ?x1295)))
 (let ((?x616 (* (- 432) ?x1009)))
 (let ((?x2193 (* (- 108) ?x902)))
 (let ((?x1385 (* (- 36) ?x734)))
 (let ((?x3418 (* 51 ?x678)))
 (let ((?x1908 (* 108 ?x609)))
 (let ((?x137 (* 9 s00)))
 (let ((?x2347 (+ ?x137 (* (- 216) (* s00 r00 x!0)) (* (- 54) ?x513) (* 216 ?x605) ?x1908 ?x3418 ?x1385 (* (- 108) ?x779) (* (- 36) ?x866) ?x2193 ?x616 (* 216 ?x1183) (* (- 4) ?x1223) ?x2835 ?x824 (* (- 66) (* s00 s!1)) ?x2947 (* 54 (* r00 s!1)) ?x2948 (* (- 108) (* x!0 s!1)) (* (- 108) (* r00 x!0)) (* (- 12) (* s00 s!1 s!1)) (* 108 (* s00 r00 s!1)) (* 36 (* r00 r00 s!1 s!1)) (* 108 ?x2752) (* 108 (* x00 s!1)) (* (- 216) (* r00 r00 r00 s!1)) (* 432 (* r00 r00 r00 x!0)) (* (- 216) (* x00 x!0)) (* 15 ?x3673) (* 108 (* s00 x!0)))))
 (let (($x2348 (= ?x2347 0)))
 (let ((?x975 (* 36 ?x974)))
 (let ((?x3029 (* (- 6) ?x902)))
 (let ((?x780 (* 2 ?x779)))
 (let ((?x937 (* 15 ?x678)))
 (let ((?x578 (* 54 ?x609)))
 (let ((?x2958 (+ ?x137 (* (- 24) ?x513) ?x578 ?x937 ?x1385 ?x780 ?x3029 (* 24 ?x953) ?x975 (* 4 (* s00 s00 r!2)) (* 36 (* r00 x00 r!2)) (* (- 12) (* s00 s!1)) ?x2947 (* 24 (* r00 s!1)) ?x2948 (* (- 6) (* x!0 s!1)) (* (- 54) (* r00 x!0)) (* (- 54) (* x!0 r!2)) (* (- 4) (* r00 s!1 s!1)) (* (- 2) (* s00 s!1 r!2)) (* 2 (* s00 r00 s!1)) (* (- 36) (* r00 x!0 r!2)) (* 54 (* x00 r!2)) (* 6 (* x00 s!1)) (* (- 36) (* r00 r00 x!0)) (* (- 2) (* s!1 s!1 r!2)) (* (- 24) ?x3663) (* (- 3) ?x3673) (* 6 (* s00 x!0)))))
 (let (($x2960 (= ?x2958 0)))
 (let ((?x1994 (+ ?x44 ?x587 ?x588 ?x591 ?x557 ?x2336 ?x999 ?x1828 ?x1804 ?x3218 ?x823)))
 (let (($x1016 (= ?x1994 0)))
 (let (($x3782 (and $x955 $x1016 $x1686 $x2960 $x2348 $x1401)))
 (let ((?x2189 (+ 51 ?x989 ?x2686 ?x3518 (* 60 (* r!2 s!1)) ?x3615 (* 84 (* r!2 s!1 s!1)) (* (- 24) (* s!1 x!0)) ?x1224 ?x3620 (* 60 (* r!2 r!2 r!2 x!0 x!0)) (* 20 (* r!2 s!1 s!1 s!1)) (* 10 (* r!2 r!2 s!1 s!1 s!1)) (* (- 300) (* r!2 r!2 s!1 x!0)) (* (- 40) (* r!2 s!1 s!1 x!0)) (* 60 (* r!2 r!2 r!2 s!1 s!1)) (* (- 120) (* r!2 r!2 r!2 s!1 x!0)) (* 150 (* r!2 r!2 x!0 x!0)) (* 4 (* s!1 x!0 x!0)) (* 20 (* r!2 s!1 x!0 x!0)) (* 10 (* r!2 r!2 s!1 x!0 x!0)) (* 150 (* r!2 r!2 s!1 s!1)) (* (- 168) (* r!2 s!1 x!0)) (* (- 20) (* r!2 r!2 s!1 s!1 x!0)) (* (- 8) (* s!1 s!1 x!0)) (* 84 (* r!2 x!0 x!0)))))
 (let ((?x1579 (* 216 (* x!0 x00))))
 (let ((?x3101 (* (- 36) (* s!1 s!1 r00 r00))))
 (let ((?x1011 (* 216 (* x!0 s00 r00))))
 (let ((?x2174 (* (- 432) (* x!0 r00 r00 r00))))
 (let ((?x2149 (* 12 (* s!1 s!1 s00))))
 (let ((?x3159 (* x!0 s00)))
 (let ((?x3564 (* (- 108) ?x3159)))
 (let ((?x657 (* x!0 r00)))
 (let ((?x3244 (* 108 ?x657)))
 (let ((?x3003 (+ ?x1582 ?x1583 ?x1576 ?x3860 ?x2696 ?x3861 ?x1578 ?x2701 (* (- 396) (* r!2 s!1)) (* (- 1512) (* r!2 r00 r00)) (* 828 (* r!2 s00)) ?x883 ?x3867 ?x1472 ?x1473 ?x2285 (* 648 (* r!2 x!0)) (* (- 252) (* s!1 r00 r00)) ?x1476 ?x3244 ?x3564 ?x1097 (* (- 648) (* r!2 x00)) (* 648 (* s!1 r00 r00 r00)) (* 246 (* s!1 s00)) ?x1137 (* (- 162) (* s!1 r00)) (* (- 648) (* r!2 s00 r00)) (* (- 324) (* s!1 x00)) ?x867 (* (- 324) (* s!1 s00 r00)) ?x1240 (* 72 (* r!2 s!1 s!1)) (* 324 (* s!1 x!0)) ?x1224 ?x3123 ?x1010 (* 144 (* r!2 s!1 s00)) ?x2149 ?x1482 ?x2174 ?x1011 ?x3101 ?x1486 ?x1579 ?x1487 (* (- 324) (* r!2 r00)) (* 1296 (* r!2 r00 r00 r00)) ?x2761 (* 432 (* r!2 r!2 s!1)) (* 432 (* r!2 r!2 s00)) (* (- 1296) (* r!2 r!2 r00 r00)) (* (- 432) (* r!2 s!1 r00 r00)))))
 (let ((?x2184 (* 36 (* x!0 r00 r00))))
 (let ((?x733 (* (- 36) (* r!2 r00 x00))))
 (let ((?x1816 (* r!2 s!1 s00)))
 (let ((?x528 (* 2 ?x1816)))
 (let ((?x1934 (* (- 4) (* r!2 s00 s00))))
 (let ((?x1710 (* s!1 x!0)))
 (let ((?x1520 (* 6 ?x1710)))
 (let ((?x1943 (* r!2 s!1 s!1)))
 (let ((?x1637 (* 2 ?x1943)))
 (let ((?x1392 (* s!1 s00 r00)))
 (let ((?x1393 (* (- 2) ?x1392)))
 (let ((?x1390 (* s!1 x00)))
 (let ((?x1246 (* (- 6) ?x1390)))
 (let ((?x1389 (* 4 (* s!1 s!1 r00))))
 (let ((?x3326 (* (- 6) ?x3159)))
 (let ((?x2198 (* 36 (* r!2 x!0 r00))))
 (let ((?x1918 (+ ?x1643 ?x1993 ?x1648 ?x3781 ?x1635 ?x2127 ?x3700 ?x2136 (* (- 42) (* r!2 s!1)) (* (- 216) (* r!2 r00 r00)) (* 114 (* r!2 s00)) ?x2150 ?x2152 ?x2011 (* 90 (* r!2 x!0)) (* 12 (* r!2 s!1 r00)) (* (- 72) (* s!1 r00 r00)) ?x2198 ?x2154 (* 90 ?x657) ?x3326 ?x1097 (* (- 90) (* r!2 x00)) ?x1389 (* 20 (* s!1 s00)) ?x797 (* (- 90) (* s!1 r00)) (* (- 12) (* r!2 s00 r00)) ?x1246 ?x1393 ?x903 ?x1637 ?x1520 ?x1934 ?x987 ?x528 ?x733 ?x2184 ?x2852 (* 24 (* r!2 r!2 s!1)) (* 12 (* r!2 r!2 s00)) (* 144 (* r!2 r!2 r00)))))
 (let ((?x3695 (* r!2 s00 r00)))
 (let ((?x782 (* (- 6) ?x3695)))
 (let ((?x3681 (* s!1 s00)))
 (let ((?x3684 (* 2 ?x3681)))
 (let ((?x677 (* r!2 x00)))
 (let ((?x3668 (* (- 18) ?x677)))
 (let ((?x658 (* 18 ?x657)))
 (let ((?x634 (* s!1 r00 r00)))
 (let ((?x648 (* (- 6) ?x634)))
 (let ((?x949 (* r!2 s!1 r00)))
 (let ((?x613 (* 6 ?x949)))
 (let ((?x3495 (* r!2 x!0)))
 (let ((?x579 (* 18 ?x3495)))
 (let ((?x3431 (+ ?x2416 ?x1103 ?x1115 ?x2840 ?x2521 ?x2854 ?x3083 ?x2565 (* (- 3) (* r!2 s!1)) (* (- 36) (* r!2 r00 r00)) (* 21 (* r!2 s00)) ?x2928 ?x623 ?x2599 ?x579 ?x613 ?x648 ?x691 ?x658 ?x735 ?x3668 ?x3684 (* (- 21) (* s!1 r00)) ?x782 (* 36 (* r!2 r!2 r00)))))
 (let ((?x3693 (* r!2 s00)))
 (let ((?x730 (* 4 ?x3693)))
 (let ((?x3674 (* r!2 r00 r00)))
 (let ((?x3689 (* (- 12) ?x3674)))
 (let ((?x1044 (* r!2 s!1)))
 (let ((?x3683 (* 2 ?x1044)))
 (let ((?x1121 (+ ?x1804 ?x1781 ?x999 ?x3757 ?x587 ?x588 ?x1241 ?x1167 ?x3683 ?x3689 ?x730 ?x591 ?x557)))
 (let (($x1894 (= (+ s!1 (* (- 1) s00) (* (- 3) ?x2724) (* 3 ?x386)) 0)))
 (let (($x3253 (or (not $x1894) (not (= ?x1121 0)) (not (= ?x3431 0)) (not (= ?x1918 0)) (not (= ?x3003 0)) (not (= (* ?x2189 (+ ?x1218 s00 ?x3407 ?x400)) 0)))))
 (let ((?x2195 (* (- 36) ?x634)))
 (let ((?x615 (* 54 ?x513)))
 (let ((?x1084 (* (- 9) s00)))
 (let ((?x3697 (* 9 s!1)))
 (let ((?x1741 (+ ?x3697 ?x1084 ?x615 ?x1472 ?x1473 (* (- 15) ?x3673) ?x2195 ?x1476 ?x3244 ?x3564 ?x1097 (* 216 (* s!1 r00 r00 r00)) (* 66 ?x3681) ?x1137 (* (- 54) (* s!1 r00)) (* (- 108) ?x1390) ?x867 (* (- 108) ?x1392) ?x1240 (* 108 ?x1710) ?x1224 ?x3123 ?x1010 ?x2149 ?x1482 ?x2174 ?x1011 ?x3101 ?x1486 ?x1579 ?x1487)))
 (let ((?x1013 (* (- 15) ?x678)))
 (let ((?x646 (* (- 54) ?x609)))
 (let ((?x661 (* 24 ?x513)))
 (let ((?x2371 (+ ?x3697 ?x1084 (* (- 24) ?x1044) (* 24 ?x3693) ?x661 ?x646 (* 3 ?x3673) (* 54 ?x3495) ?x2195 ?x2198 ?x1013 (* 54 ?x657) ?x3326 ?x1097 (* (- 54) ?x677) ?x1389 (* 12 ?x3681) ?x797 (* (- 24) (* s!1 r00)) ?x1246 ?x1393 ?x903 ?x1637 ?x1520 ?x1934 ?x987 ?x528 ?x733 ?x2184)))
 (let ((?x628 (* 9 ?x513)))
 (let ((?x465 (* (- 3) s00)))
 (let ((?x1139 (+ (* 3 s!1) ?x465 (* (- 9) ?x1044) (* 9 ?x3693) ?x628 ?x623 ?x2599 ?x579 ?x613 ?x648 ?x691 ?x658 ?x735 ?x3668 ?x3684 (* (- 9) (* s!1 r00)) ?x782)))
 (let (($x2207 (= (+ ?x1804 ?x1828 ?x999 ?x44 ?x587 ?x588 ?x3683 ?x3689 ?x730 ?x591 ?x557) 0)))
 (let (($x1581 (and $x1894 $x2207 (= ?x1139 0) (= ?x2371 0) (= ?x1741 0) $x3253)))
 (let (($x986 (exists ((r Int) (s Int) (x Int) )(! (let ((?x386 (* r00 r00)))
 (let ((?x400 (* (- 3) ?x386)))
 (let ((?x374 (* r r)))
 (let ((?x375 (* 3 ?x374)))
 (let ((?x365 (* (- 1) s)))
 (let ((?x3323 (* 10 (* r r s x x))))
 (let ((?x3814 (* 4 (* s x x))))
 (let ((?x979 (* x x)))
 (let ((?x3811 (* 12 ?x979)))
 (let ((?x916 (* s s s)))
 (let ((?x918 (* 4 ?x916)))
 (let ((?x910 (* s x)))
 (let ((?x3810 (* (- 24) ?x910)))
 (let ((?x632 (* s s)))
 (let ((?x3809 (* 17 ?x632)))
 (let ((?x863 (+ 51 (* 180 r) (* 30 s) (* 180 ?x374) (* 60 (* r s)) ?x3809 (* 84 (* r s s)) ?x3810 ?x918 ?x3811 (* 60 (* r r r x x)) (* 20 (* r s s s)) (* 10 (* r r s s s)) (* (- 300) (* r r s x)) (* (- 40) (* r s s x)) (* 60 (* r r r s s)) (* (- 120) (* r r r s x)) (* 150 (* r r x x)) ?x3814 (* 20 (* r s x x)) ?x3323 (* 150 (* r r s s)) (* (- 168) (* r s x)) (* (- 20) (* r r s s x)) (* (- 8) (* s s x)) (* 84 (* r x x)))))
 (let ((?x3247 (* r r s00)))
 (let ((?x3901 (* 432 ?x3247)))
 (let ((?x2936 (* r r s)))
 (let ((?x3897 (* 432 ?x2936)))
 (let ((?x2921 (* r r r)))
 (let ((?x3896 (* 864 ?x2921)))
 (let ((?x3890 (* 1296 (* r r00 r00 r00))))
 (let ((?x1457 (* x00 x00)))
 (let ((?x1487 (* (- 108) ?x1457)))
 (let ((?x1432 (* 216 (* x x00))))
 (let ((?x1295 (* s00 s00 s00)))
 (let ((?x1486 (* (- 16) ?x1295)))
 (let ((?x1484 (* (- 36) (* s s r00 r00))))
 (let ((?x1266 (* 216 (* x s00 r00))))
 (let ((?x1483 (* (- 432) (* x r00 r00 r00))))
 (let ((?x1183 (* s00 r00 r00 r00)))
 (let ((?x1482 (* (- 216) ?x1183)))
 (let ((?x1068 (* 12 (* s s s00))))
 (let ((?x1026 (* r s s00)))
 (let ((?x3877 (* 144 ?x1026)))
 (let ((?x1009 (* r00 r00 r00 x00)))
 (let ((?x1010 (* 432 ?x1009)))
 (let ((?x1481 (* (- 108) ?x979)))
 (let ((?x906 (* r s s)))
 (let ((?x3876 (* 72 ?x906)))
 (let ((?x902 (* s00 x00)))
 (let ((?x1240 (* 108 ?x902)))
 (let ((?x866 (* s00 s00 r00 r00)))
 (let ((?x867 (* 36 ?x866)))
 (let ((?x825 (* s x00)))
 (let ((?x3874 (* (- 324) ?x825)))
 (let ((?x779 (* s00 s00 r00)))
 (let ((?x1137 (* 108 ?x779)))
 (let ((?x734 (* s00 r00 r00)))
 (let ((?x1097 (* 36 ?x734)))
 (let ((?x708 (* x s00)))
 (let ((?x1477 (* (- 108) ?x708)))
 (let ((?x704 (* x r00)))
 (let ((?x1343 (* 108 ?x704)))
 (let ((?x678 (* s00 s00)))
 (let ((?x1476 (* (- 51) ?x678)))
 (let ((?x636 (* r x)))
 (let ((?x3870 (* 648 ?x636)))
 (let ((?x609 (* r00 x00)))
 (let ((?x1473 (* (- 108) ?x609)))
 (let ((?x605 (* s00 r00 x00)))
 (let ((?x1472 (* (- 216) ?x605)))
 (let ((?x556 (* r00 r00 r00)))
 (let ((?x3867 (* 648 ?x556)))
 (let ((?x513 (* s00 r00)))
 (let ((?x883 (* (- 270) ?x513)))
 (let ((?x486 (* r s00)))
 (let ((?x3866 (* 828 ?x486)))
 (let ((?x2701 (* (- 432) ?x386)))
 (let ((?x3861 (* (- 324) x00)))
 (let ((?x2696 (* (- 162) r00)))
 (let ((?x3860 (* 297 s00)))
 (let ((?x3576 (* 324 x)))
 (let ((?x2077 (+ (* 162 r) (* (- 297) s) ?x3576 ?x3860 ?x2696 ?x3861 (* 756 ?x374) ?x2701 (* (- 396) (* r s)) (* (- 1512) (* r r00 r00)) ?x3866 ?x883 ?x3867 ?x1472 ?x1473 (* (- 195) ?x632) ?x3870 (* (- 252) (* s r00 r00)) ?x1476 ?x1343 ?x1477 ?x1097 (* (- 648) (* r x00)) (* 648 (* s r00 r00 r00)) (* 246 (* s s00)) ?x1137 (* (- 162) (* s r00)) (* (- 648) (* r s00 r00)) ?x3874 ?x867 (* (- 324) (* s s00 r00)) ?x1240 ?x3876 (* 324 ?x910) ?x918 ?x1481 ?x1010 ?x3877 ?x1068 ?x1482 ?x1483 ?x1266 ?x1484 ?x1486 ?x1432 ?x1487 (* (- 324) (* r r00)) ?x3890 ?x3896 ?x3897 ?x3901 (* (- 1296) (* r r r00 r00)) (* (- 432) (* r s r00 r00)))))
 (let ((?x1170 (* 36 (* x r00 r00))))
 (let ((?x1038 (* r r00 x00)))
 (let ((?x1051 (* (- 36) ?x1038)))
 (let ((?x1027 (* 2 ?x1026)))
 (let ((?x974 (* r00 r00 x00)))
 (let ((?x987 (* (- 36) ?x974)))
 (let ((?x922 (* r s00 s00)))
 (let ((?x935 (* (- 4) ?x922)))
 (let ((?x911 (* 6 ?x910)))
 (let ((?x907 (* 2 ?x906)))
 (let ((?x903 (* 6 ?x902)))
 (let ((?x876 (* s s00 r00)))
 (let ((?x889 (* (- 2) ?x876)))
 (let ((?x852 (* (- 6) ?x825)))
 (let ((?x797 (* (- 2) ?x779)))
 (let ((?x752 (* 4 (* s s r00))))
 (let ((?x723 (* (- 6) ?x708)))
 (let ((?x2154 (* (- 19) ?x678)))
 (let ((?x656 (* 36 (* r x r00))))
 (let ((?x2152 (* (- 90) ?x609)))
 (let ((?x2150 (* 18 ?x513)))
 (let ((?x2136 (* (- 108) ?x386)))
 (let ((?x2127 (* (- 72) x00)))
 (let ((?x1635 (* (- 36) r00)))
 (let ((?x3781 (* 57 s00)))
 (let ((?x2169 (+ (* 36 r) (* (- 57) s) (* 72 x) ?x3781 ?x1635 ?x2127 (* 108 ?x374) ?x2136 (* (- 42) (* r s)) (* (- 216) (* r r00 r00)) (* 114 ?x486) ?x2150 ?x2152 (* (- 1) ?x632) (* 90 ?x636) (* 12 (* r s r00)) (* (- 72) (* s r00 r00)) ?x656 ?x2154 (* 90 ?x704) ?x723 ?x1097 (* (- 90) (* r x00)) ?x752 (* 20 (* s s00)) ?x797 (* (- 90) (* s r00)) (* (- 12) (* r s00 r00)) ?x852 ?x889 ?x903 ?x907 ?x911 ?x935 ?x987 ?x1027 ?x1051 ?x1170 (* 72 ?x2921) (* 24 ?x2936) (* 12 ?x3247) (* 144 (* r r r00)))))
 (let ((?x813 (* r s00 r00)))
 (let ((?x826 (* (- 6) ?x813)))
 (let ((?x775 (* s s00)))
 (let ((?x776 (* 2 ?x775)))
 (let ((?x746 (* r x00)))
 (let ((?x759 (* (- 18) ?x746)))
 (let ((?x735 (* 6 ?x734)))
 (let ((?x705 (* 18 ?x704)))
 (let ((?x691 (* (- 4) ?x678)))
 (let ((?x652 (* s r00 r00)))
 (let ((?x665 (* (- 6) ?x652)))
 (let ((?x640 (* r s r00)))
 (let ((?x641 (* 6 ?x640)))
 (let ((?x637 (* 18 ?x636)))
 (let ((?x633 (* 2 ?x632)))
 (let ((?x623 (* (- 18) ?x609)))
 (let ((?x2928 (* 3 ?x513)))
 (let ((?x2565 (* (- 18) ?x386)))
 (let ((?x2854 (* (- 18) x00)))
 (let ((?x2521 (* (- 9) r00)))
 (let ((?x2840 (* 12 s00)))
 (let ((?x2583 (+ (* 9 r) (* (- 12) s) (* 18 x) ?x2840 ?x2521 ?x2854 (* 18 ?x374) ?x2565 (* (- 3) (* r s)) (* (- 36) (* r r00 r00)) (* 21 ?x486) ?x2928 ?x623 ?x633 ?x637 ?x641 ?x665 ?x691 ?x705 ?x735 ?x759 ?x776 (* (- 21) (* s r00)) ?x826 (* 36 (* r r r00)))))
 (let ((?x557 (* 12 ?x556)))
 (let ((?x591 (* (- 6) ?x513)))
 (let ((?x487 (* 4 ?x486)))
 (let ((?x436 (* r r00 r00)))
 (let ((?x590 (* (- 12) ?x436)))
 (let ((?x430 (* r s)))
 (let ((?x589 (* 2 ?x430)))
 (let ((?x1167 (* (- 12) ?x386)))
 (let ((?x588 (* (- 6) x00)))
 (let ((?x587 (* (- 3) r00)))
 (let ((?x3757 (* 7 s00)))
 (let ((?x56 (* 6 x)))
 (let ((?x43 (* 3 r)))
 (let ((?x2359 (+ ?x43 (* (- 7) s) ?x56 ?x3757 ?x587 ?x588 (* 12 ?x374) ?x1167 ?x589 ?x590 ?x487 ?x591 ?x557)))
 (let (($x419 (= (+ s (* (- 1) s00) (* (- 3) ?x374) (* 3 ?x386)) 0)))
 (let (($x984 (or (not $x419) (not (= ?x2359 0)) (not (= ?x2583 0)) (not (= ?x2169 0)) (not (= ?x2077 0)) (not (= (* ?x863 (+ ?x365 s00 ?x375 ?x400)) 0)))))
 (let ((?x1307 (* 108 ?x910)))
 (let ((?x757 (* s r00 r00 r00)))
 (let ((?x758 (* 216 ?x757)))
 (let ((?x961 (* (- 36) ?x652)))
 (let ((?x615 (* 54 ?x513)))
 (let ((?x1084 (* (- 9) s00)))
 (let ((?x143 (* 9 s)))
 (let ((?x1488 (+ ?x143 ?x1084 ?x615 ?x1472 ?x1473 (* (- 15) ?x632) ?x961 ?x1476 ?x1343 ?x1477 ?x1097 ?x758 (* 66 ?x775) ?x1137 (* (- 54) (* s r00)) (* (- 108) ?x825) ?x867 (* (- 108) ?x876) ?x1240 ?x1307 ?x918 ?x1481 ?x1010 ?x1068 ?x1482 ?x1483 ?x1266 ?x1484 ?x1486 ?x1432 ?x1487)))
 (let (($x1489 (= ?x1488 0)))
 (let ((?x1013 (* (- 15) ?x678)))
 (let ((?x664 (* 3 ?x632)))
 (let ((?x646 (* (- 54) ?x609)))
 (let ((?x661 (* 24 ?x513)))
 (let ((?x1176 (+ ?x143 ?x1084 (* (- 24) ?x430) (* 24 ?x486) ?x661 ?x646 ?x664 (* 54 ?x636) ?x961 ?x656 ?x1013 (* 54 ?x704) ?x723 ?x1097 (* (- 54) ?x746) ?x752 (* 12 ?x775) ?x797 (* (- 24) (* s r00)) ?x852 ?x889 ?x903 ?x907 ?x911 ?x935 ?x987 ?x1027 ?x1051 ?x1170)))
 (let (($x1181 (= ?x1176 0)))
 (let ((?x628 (* 9 ?x513)))
 (let ((?x465 (* (- 3) s00)))
 (let ((?x47 (* 3 s)))
 (let ((?x832 (+ ?x47 ?x465 (* (- 9) ?x430) (* 9 ?x486) ?x628 ?x623 ?x633 ?x637 ?x641 ?x665 ?x691 ?x705 ?x735 ?x759 ?x776 (* (- 9) (* s r00)) ?x826)))
 (let (($x839 (= ?x832 0)))
 (let ((?x44 (* 3 s00)))
 (let ((?x586 (* (- 3) s)))
 (let (($x593 (= (+ ?x43 ?x586 ?x56 ?x44 ?x587 ?x588 ?x589 ?x590 ?x487 ?x591 ?x557) 0)))
 (and $x419 $x593 $x839 $x1181 $x1489 $x984))))))))))))))))))))))))))))))))))))))))))))))))))))))))))))))))))))))))))))))))))))))))))))))))))))))))))))))))))))))))))))))))))))))))))))))))))))))))))))))))))) :qid k!40))
 ))
 (let (($x3425 (exists ((r Int) (s Int) (x Int) )(! (let ((?x386 (* r00 r00)))
 (let ((?x400 (* (- 3) ?x386)))
 (let ((?x3772 (* 3 (* (+ 1 r) (+ 1 r)))))
 (let ((?x3496 (* (- 6) r)))
 (let ((?x365 (* (- 1) s)))
 (let ((?x1641 (* (- 6) (* (+ x ?x365) (+ x ?x365) (+ 3 s (* 6 r))))))
 (let ((?x211 (* 6 r)))
 (let ((?x2987 (+ 3 s ?x211)))
 (let ((?x1649 (+ x ?x365)))
 (let ((?x1996 (+ 1 r)))
 (let ((?x1665 (+ 6 (* 5 (* ?x2987 ?x2987)) (* 10 (* ?x1996 ?x1996 ?x1649 ?x1649 ?x2987)) ?x1641)))
 (let (($x1514 (not (= (* ?x1665 (+ (- 3) s00 ?x365 ?x3496 ?x3772 ?x400)) 0))))
 (let ((?x1457 (* x00 x00)))
 (let ((?x824 (* 108 ?x1457)))
 (let ((?x1070 (* (- 54) r)))
 (let ((?x1820 (* (- 9) s)))
 (let ((?x2805 (* r00 r00 s00)))
 (let ((?x1015 (* (- 36) ?x2805)))
 (let ((?x137 (* 9 s00)))
 (let ((?x678 (* s00 s00)))
 (let ((?x3418 (* 51 ?x678)))
 (let ((?x2091 (* r00 r00 ?x2987)))
 (let ((?x3831 (* 36 ?x2091)))
 (let ((?x1295 (* s00 s00 s00)))
 (let ((?x2835 (* 16 ?x1295)))
 (let ((?x902 (* s00 x00)))
 (let ((?x2193 (* (- 108) ?x902)))
 (let ((?x2514 (* 216 (* r00 r00 r00 s00))))
 (let ((?x2449 (* r00 s00 s00)))
 (let ((?x1163 (* (- 108) ?x2449)))
 (let ((?x1009 (* r00 r00 r00 x00)))
 (let ((?x616 (* (- 432) ?x1009)))
 (let ((?x1154 (* (- 36) (* r00 r00 s00 s00))))
 (let ((?x2781 (* r00 s00)))
 (let ((?x2853 (* (- 54) ?x2781)))
 (let ((?x609 (* r00 x00)))
 (let ((?x1908 (* 108 ?x609)))
 (let ((?x676 (* 216 (* r00 s00 x00))))
 (let ((?x2133 (+ ?x676 ?x1908 ?x2853 (* 15 (* ?x2987 ?x2987)) (* (- 216) (* r00 r00 r00 ?x2987)) ?x1154 (* (- 4) (* ?x2987 ?x2987 ?x2987)) (* 108 (* ?x1649 ?x1649)) ?x616 (* (- 12) (* s00 ?x2987 ?x2987)) (* 108 (* s00 ?x1649)) ?x1163 ?x2514 (* 108 (* x00 ?x2987)) (* 432 (* r00 r00 r00 ?x1649)) (* (- 66) (* s00 ?x2987)) (* 108 (* r00 s00 ?x2987)) ?x2193 (* (- 216) (* r00 s00 ?x1649)) (* 36 (* r00 r00 ?x2987 ?x2987)) ?x2835 (* (- 108) (* ?x1649 ?x2987)) ?x3831 ?x3418 (* (- 108) (* r00 ?x1649)) ?x137 ?x1015 ?x1820 ?x1070 (* 54 (* r00 ?x2987)) (* (- 216) (* x00 ?x1649)) ?x824)))
 (let (($x2140 (not (= ?x2133 27))))
 (let ((?x937 (* 15 ?x678)))
 (let ((?x974 (* r00 r00 x00)))
 (let ((?x975 (* 36 ?x974)))
 (let ((?x3029 (* (- 6) ?x902)))
 (let ((?x2830 (* 2 ?x2449)))
 (let ((?x1547 (* (- 24) ?x2781)))
 (let ((?x578 (* 54 ?x609)))
 (let ((?x2810 (+ (* 24 (* ?x1996 ?x2987)) ?x578 (* (- 36) (* r00 ?x1996 ?x1649)) ?x1547 (* (- 3) (* ?x2987 ?x2987)) (* (- 54) (* ?x1996 ?x1649)) (* 6 (* s00 ?x1649)) (* (- 4) (* r00 ?x2987 ?x2987)) ?x2830 (* 6 (* x00 ?x2987)) (* (- 12) (* s00 ?x2987)) (* 2 (* r00 s00 ?x2987)) ?x3029 (* (- 2) (* ?x1996 ?x2987 ?x2987)) (* (- 6) (* ?x1649 ?x2987)) (* 4 (* s00 s00 ?x1996)) ?x3831 ?x975 ?x937 (* (- 2) (* s00 ?x1996 ?x2987)) (* 36 (* r00 x00 ?x1996)) (* (- 54) (* r00 ?x1649)) ?x137 ?x1015 (* 54 (* x00 ?x1996)) ?x1820 ?x1070 (* (- 24) (* s00 ?x1996)) (* 24 (* r00 ?x2987)) (* (- 36) (* r00 r00 ?x1649)))))
 (let ((?x586 (* (- 3) s)))
 (let ((?x2474 (* (- 6) ?x2805)))
 (let ((?x44 (* 3 s00)))
 (let ((?x679 (* 4 ?x678)))
 (let ((?x3835 (* (- 9) ?x2781)))
 (let ((?x610 (* 18 ?x609)))
 (let ((?x1546 (+ (* 9 (* ?x1996 ?x2987)) ?x610 ?x3835 (* (- 2) (* ?x2987 ?x2987)) (* (- 18) (* ?x1996 ?x1649)) (* (- 6) (* r00 ?x1996 ?x2987)) (* 6 ?x2091) ?x679 (* (- 18) (* r00 ?x1649)) ?x44 ?x2474 (* 18 (* x00 ?x1996)) ?x586 (* (- 18) r) (* (- 9) (* s00 ?x1996)) (* (- 2) (* s00 ?x2987)) (* 9 (* r00 ?x2987)) (* 6 (* r00 s00 ?x1996)))))
 (let ((?x556 (* r00 r00 r00)))
 (let ((?x557 (* 12 ?x556)))
 (let ((?x588 (* (- 6) x00)))
 (let ((?x56 (* 6 x)))
 (let ((?x2832 (* (- 6) ?x2781)))
 (let ((?x587 (* (- 3) r00)))
 (let ((?x1779 (+ (* 2 (* ?x1996 ?x2987)) (* (- 12) (* r00 r00 ?x1996)) (* (- 15) r) ?x44 ?x1820 ?x587 (* 4 (* s00 ?x1996)) ?x2832 ?x56 ?x588 ?x557)))
 (let (($x1157 (not (= (+ s00 ?x365 ?x3496 ?x3772 ?x400) 3))))
 (let (($x3510 (or $x1157 (not (= ?x1779 6)) (not (= ?x1546 9)) (not (= ?x2810 27)) $x2140 $x1514)))
 (let ((?x1909 (* r00 r00 s)))
 (let ((?x3682 (* 36 ?x1909)))
 (let ((?x844 (+ ?x676 ?x1908 ?x2853 (* 15 (* s s)) (* (- 216) (* r00 r00 r00 s)) ?x1154 (* (- 4) (* s s s)) (* 108 (* x x)) ?x616 (* (- 12) (* s00 s s)) (* 108 (* s00 x)) ?x1163 ?x2514 (* 108 (* x00 s)) (* 432 (* r00 r00 r00 x)) (* (- 66) (* s00 s)) (* 108 (* r00 s00 s)) ?x2193 (* (- 216) (* r00 s00 x)) (* 36 (* r00 r00 s s)) ?x2835 (* (- 108) (* x s)) ?x3682 ?x3418 (* (- 108) (* r00 x)) ?x137 ?x1015 ?x1820 (* 54 (* r00 s)) (* (- 216) (* x00 x)) ?x824)))
 (let (($x851 (= ?x844 0)))
 (let ((?x2990 (* r00 r00 x)))
 (let ((?x3072 (* (- 36) ?x2990)))
 (let ((?x2318 (* r00 s s)))
 (let ((?x3057 (* (- 4) ?x2318)))
 (let ((?x940 (+ (* 24 (* s r)) ?x578 (* (- 36) (* r00 x r)) ?x1547 (* (- 3) (* s s)) (* (- 54) (* x r)) (* 6 (* s00 x)) ?x3057 ?x2830 (* 6 (* x00 s)) (* (- 12) (* s00 s)) (* 2 (* r00 s00 s)) ?x3029 (* (- 2) (* s s r)) (* (- 6) (* x s)) (* 4 (* s00 s00 r)) ?x3682 ?x975 ?x937 (* (- 2) (* s00 s r)) (* 36 (* r00 x00 r)) (* (- 54) (* r00 x)) ?x137 ?x1015 (* 54 (* x00 r)) ?x1820 (* (- 24) (* s00 r)) (* 24 (* r00 s)) ?x3072)))
 (let ((?x1980 (* r00 x)))
 (let ((?x2265 (* (- 18) ?x1980)))
 (let ((?x632 (* s s)))
 (let ((?x2246 (* (- 2) ?x632)))
 (let ((?x2811 (+ (* 9 (* s r)) ?x610 ?x3835 ?x2246 (* (- 18) (* x r)) (* (- 6) (* r00 s r)) (* 6 ?x1909) ?x679 ?x2265 ?x44 ?x2474 (* 18 (* x00 r)) ?x586 (* (- 9) (* s00 r)) (* (- 2) (* s00 s)) (* 9 (* r00 s)) (* 6 (* r00 s00 r)))))
 (let ((?x43 (* 3 r)))
 (let ((?x2493 (+ (* 2 (* s r)) (* (- 12) (* r00 r00 r)) ?x43 ?x44 ?x586 ?x587 (* 4 (* s00 r)) ?x2832 ?x56 ?x588 ?x557)))
 (let (($x3161 (= (+ s00 ?x365 (* 3 (* r r)) ?x400) 0)))
 (and $x3161 (= ?x2493 0) (= ?x2811 0) (= ?x940 0) $x851 $x3510)))))))))))))))))))))))))))))))))))))))))))))))))))))))))))))))))))))))))))))))))) :qid k!40))
 ))
 (let ((?x1003 (lambda ((r Int) (s Int) (x Int) )(let ((?x386 (* r00 r00)))
 (let ((?x400 (* (- 3) ?x386)))
 (let ((?x374 (* r r)))
 (let ((?x375 (* 3 ?x374)))
 (let ((?x365 (* (- 1) s)))
 (let ((?x3323 (* 10 (* r r s x x))))
 (let ((?x3814 (* 4 (* s x x))))
 (let ((?x979 (* x x)))
 (let ((?x3811 (* 12 ?x979)))
 (let ((?x916 (* s s s)))
 (let ((?x918 (* 4 ?x916)))
 (let ((?x910 (* s x)))
 (let ((?x3810 (* (- 24) ?x910)))
 (let ((?x632 (* s s)))
 (let ((?x3809 (* 17 ?x632)))
 (let ((?x863 (+ 51 (* 180 r) (* 30 s) (* 180 ?x374) (* 60 (* r s)) ?x3809 (* 84 (* r s s)) ?x3810 ?x918 ?x3811 (* 60 (* r r r x x)) (* 20 (* r s s s)) (* 10 (* r r s s s)) (* (- 300) (* r r s x)) (* (- 40) (* r s s x)) (* 60 (* r r r s s)) (* (- 120) (* r r r s x)) (* 150 (* r r x x)) ?x3814 (* 20 (* r s x x)) ?x3323 (* 150 (* r r s s)) (* (- 168) (* r s x)) (* (- 20) (* r r s s x)) (* (- 8) (* s s x)) (* 84 (* r x x)))))
 (let ((?x3247 (* r r s00)))
 (let ((?x3901 (* 432 ?x3247)))
 (let ((?x2936 (* r r s)))
 (let ((?x3897 (* 432 ?x2936)))
 (let ((?x2921 (* r r r)))
 (let ((?x3896 (* 864 ?x2921)))
 (let ((?x3890 (* 1296 (* r r00 r00 r00))))
 (let ((?x1457 (* x00 x00)))
 (let ((?x1487 (* (- 108) ?x1457)))
 (let ((?x1432 (* 216 (* x x00))))
 (let ((?x1295 (* s00 s00 s00)))
 (let ((?x1486 (* (- 16) ?x1295)))
 (let ((?x1484 (* (- 36) (* s s r00 r00))))
 (let ((?x1266 (* 216 (* x s00 r00))))
 (let ((?x1483 (* (- 432) (* x r00 r00 r00))))
 (let ((?x1183 (* s00 r00 r00 r00)))
 (let ((?x1482 (* (- 216) ?x1183)))
 (let ((?x1068 (* 12 (* s s s00))))
 (let ((?x1026 (* r s s00)))
 (let ((?x3877 (* 144 ?x1026)))
 (let ((?x1009 (* r00 r00 r00 x00)))
 (let ((?x1010 (* 432 ?x1009)))
 (let ((?x1481 (* (- 108) ?x979)))
 (let ((?x906 (* r s s)))
 (let ((?x3876 (* 72 ?x906)))
 (let ((?x902 (* s00 x00)))
 (let ((?x1240 (* 108 ?x902)))
 (let ((?x866 (* s00 s00 r00 r00)))
 (let ((?x867 (* 36 ?x866)))
 (let ((?x825 (* s x00)))
 (let ((?x3874 (* (- 324) ?x825)))
 (let ((?x779 (* s00 s00 r00)))
 (let ((?x1137 (* 108 ?x779)))
 (let ((?x734 (* s00 r00 r00)))
 (let ((?x1097 (* 36 ?x734)))
 (let ((?x708 (* x s00)))
 (let ((?x1477 (* (- 108) ?x708)))
 (let ((?x704 (* x r00)))
 (let ((?x1343 (* 108 ?x704)))
 (let ((?x678 (* s00 s00)))
 (let ((?x1476 (* (- 51) ?x678)))
 (let ((?x636 (* r x)))
 (let ((?x3870 (* 648 ?x636)))
 (let ((?x609 (* r00 x00)))
 (let ((?x1473 (* (- 108) ?x609)))
 (let ((?x605 (* s00 r00 x00)))
 (let ((?x1472 (* (- 216) ?x605)))
 (let ((?x556 (* r00 r00 r00)))
 (let ((?x3867 (* 648 ?x556)))
 (let ((?x513 (* s00 r00)))
 (let ((?x883 (* (- 270) ?x513)))
 (let ((?x486 (* r s00)))
 (let ((?x3866 (* 828 ?x486)))
 (let ((?x2701 (* (- 432) ?x386)))
 (let ((?x3861 (* (- 324) x00)))
 (let ((?x2696 (* (- 162) r00)))
 (let ((?x3860 (* 297 s00)))
 (let ((?x3576 (* 324 x)))
 (let ((?x2077 (+ (* 162 r) (* (- 297) s) ?x3576 ?x3860 ?x2696 ?x3861 (* 756 ?x374) ?x2701 (* (- 396) (* r s)) (* (- 1512) (* r r00 r00)) ?x3866 ?x883 ?x3867 ?x1472 ?x1473 (* (- 195) ?x632) ?x3870 (* (- 252) (* s r00 r00)) ?x1476 ?x1343 ?x1477 ?x1097 (* (- 648) (* r x00)) (* 648 (* s r00 r00 r00)) (* 246 (* s s00)) ?x1137 (* (- 162) (* s r00)) (* (- 648) (* r s00 r00)) ?x3874 ?x867 (* (- 324) (* s s00 r00)) ?x1240 ?x3876 (* 324 ?x910) ?x918 ?x1481 ?x1010 ?x3877 ?x1068 ?x1482 ?x1483 ?x1266 ?x1484 ?x1486 ?x1432 ?x1487 (* (- 324) (* r r00)) ?x3890 ?x3896 ?x3897 ?x3901 (* (- 1296) (* r r r00 r00)) (* (- 432) (* r s r00 r00)))))
 (let ((?x1170 (* 36 (* x r00 r00))))
 (let ((?x1038 (* r r00 x00)))
 (let ((?x1051 (* (- 36) ?x1038)))
 (let ((?x1027 (* 2 ?x1026)))
 (let ((?x974 (* r00 r00 x00)))
 (let ((?x987 (* (- 36) ?x974)))
 (let ((?x922 (* r s00 s00)))
 (let ((?x935 (* (- 4) ?x922)))
 (let ((?x911 (* 6 ?x910)))
 (let ((?x907 (* 2 ?x906)))
 (let ((?x903 (* 6 ?x902)))
 (let ((?x876 (* s s00 r00)))
 (let ((?x889 (* (- 2) ?x876)))
 (let ((?x852 (* (- 6) ?x825)))
 (let ((?x797 (* (- 2) ?x779)))
 (let ((?x752 (* 4 (* s s r00))))
 (let ((?x723 (* (- 6) ?x708)))
 (let ((?x2154 (* (- 19) ?x678)))
 (let ((?x656 (* 36 (* r x r00))))
 (let ((?x2152 (* (- 90) ?x609)))
 (let ((?x2150 (* 18 ?x513)))
 (let ((?x2136 (* (- 108) ?x386)))
 (let ((?x2127 (* (- 72) x00)))
 (let ((?x1635 (* (- 36) r00)))
 (let ((?x3781 (* 57 s00)))
 (let ((?x2169 (+ (* 36 r) (* (- 57) s) (* 72 x) ?x3781 ?x1635 ?x2127 (* 108 ?x374) ?x2136 (* (- 42) (* r s)) (* (- 216) (* r r00 r00)) (* 114 ?x486) ?x2150 ?x2152 (* (- 1) ?x632) (* 90 ?x636) (* 12 (* r s r00)) (* (- 72) (* s r00 r00)) ?x656 ?x2154 (* 90 ?x704) ?x723 ?x1097 (* (- 90) (* r x00)) ?x752 (* 20 (* s s00)) ?x797 (* (- 90) (* s r00)) (* (- 12) (* r s00 r00)) ?x852 ?x889 ?x903 ?x907 ?x911 ?x935 ?x987 ?x1027 ?x1051 ?x1170 (* 72 ?x2921) (* 24 ?x2936) (* 12 ?x3247) (* 144 (* r r r00)))))
 (let ((?x813 (* r s00 r00)))
 (let ((?x826 (* (- 6) ?x813)))
 (let ((?x775 (* s s00)))
 (let ((?x776 (* 2 ?x775)))
 (let ((?x746 (* r x00)))
 (let ((?x759 (* (- 18) ?x746)))
 (let ((?x735 (* 6 ?x734)))
 (let ((?x705 (* 18 ?x704)))
 (let ((?x691 (* (- 4) ?x678)))
 (let ((?x652 (* s r00 r00)))
 (let ((?x665 (* (- 6) ?x652)))
 (let ((?x640 (* r s r00)))
 (let ((?x641 (* 6 ?x640)))
 (let ((?x637 (* 18 ?x636)))
 (let ((?x633 (* 2 ?x632)))
 (let ((?x623 (* (- 18) ?x609)))
 (let ((?x2928 (* 3 ?x513)))
 (let ((?x2565 (* (- 18) ?x386)))
 (let ((?x2854 (* (- 18) x00)))
 (let ((?x2521 (* (- 9) r00)))
 (let ((?x2840 (* 12 s00)))
 (let ((?x2583 (+ (* 9 r) (* (- 12) s) (* 18 x) ?x2840 ?x2521 ?x2854 (* 18 ?x374) ?x2565 (* (- 3) (* r s)) (* (- 36) (* r r00 r00)) (* 21 ?x486) ?x2928 ?x623 ?x633 ?x637 ?x641 ?x665 ?x691 ?x705 ?x735 ?x759 ?x776 (* (- 21) (* s r00)) ?x826 (* 36 (* r r r00)))))
 (let ((?x557 (* 12 ?x556)))
 (let ((?x591 (* (- 6) ?x513)))
 (let ((?x487 (* 4 ?x486)))
 (let ((?x436 (* r r00 r00)))
 (let ((?x590 (* (- 12) ?x436)))
 (let ((?x430 (* r s)))
 (let ((?x589 (* 2 ?x430)))
 (let ((?x1167 (* (- 12) ?x386)))
 (let ((?x588 (* (- 6) x00)))
 (let ((?x587 (* (- 3) r00)))
 (let ((?x3757 (* 7 s00)))
 (let ((?x56 (* 6 x)))
 (let ((?x43 (* 3 r)))
 (let ((?x2359 (+ ?x43 (* (- 7) s) ?x56 ?x3757 ?x587 ?x588 (* 12 ?x374) ?x1167 ?x589 ?x590 ?x487 ?x591 ?x557)))
 (let (($x419 (= (+ s (* (- 1) s00) (* (- 3) ?x374) (* 3 ?x386)) 0)))
 (let (($x984 (or (not $x419) (not (= ?x2359 0)) (not (= ?x2583 0)) (not (= ?x2169 0)) (not (= ?x2077 0)) (not (= (* ?x863 (+ ?x365 s00 ?x375 ?x400)) 0)))))
 (let ((?x1307 (* 108 ?x910)))
 (let ((?x757 (* s r00 r00 r00)))
 (let ((?x758 (* 216 ?x757)))
 (let ((?x961 (* (- 36) ?x652)))
 (let ((?x615 (* 54 ?x513)))
 (let ((?x1084 (* (- 9) s00)))
 (let ((?x143 (* 9 s)))
 (let ((?x1488 (+ ?x143 ?x1084 ?x615 ?x1472 ?x1473 (* (- 15) ?x632) ?x961 ?x1476 ?x1343 ?x1477 ?x1097 ?x758 (* 66 ?x775) ?x1137 (* (- 54) (* s r00)) (* (- 108) ?x825) ?x867 (* (- 108) ?x876) ?x1240 ?x1307 ?x918 ?x1481 ?x1010 ?x1068 ?x1482 ?x1483 ?x1266 ?x1484 ?x1486 ?x1432 ?x1487)))
 (let (($x1489 (= ?x1488 0)))
 (let ((?x1013 (* (- 15) ?x678)))
 (let ((?x664 (* 3 ?x632)))
 (let ((?x646 (* (- 54) ?x609)))
 (let ((?x661 (* 24 ?x513)))
 (let ((?x1176 (+ ?x143 ?x1084 (* (- 24) ?x430) (* 24 ?x486) ?x661 ?x646 ?x664 (* 54 ?x636) ?x961 ?x656 ?x1013 (* 54 ?x704) ?x723 ?x1097 (* (- 54) ?x746) ?x752 (* 12 ?x775) ?x797 (* (- 24) (* s r00)) ?x852 ?x889 ?x903 ?x907 ?x911 ?x935 ?x987 ?x1027 ?x1051 ?x1170)))
 (let (($x1181 (= ?x1176 0)))
 (let ((?x628 (* 9 ?x513)))
 (let ((?x465 (* (- 3) s00)))
 (let ((?x47 (* 3 s)))
 (let ((?x832 (+ ?x47 ?x465 (* (- 9) ?x430) (* 9 ?x486) ?x628 ?x623 ?x633 ?x637 ?x641 ?x665 ?x691 ?x705 ?x735 ?x759 ?x776 (* (- 9) (* s r00)) ?x826)))
 (let (($x839 (= ?x832 0)))
 (let ((?x44 (* 3 s00)))
 (let ((?x586 (* (- 3) s)))
 (let (($x593 (= (+ ?x43 ?x586 ?x56 ?x44 ?x587 ?x588 ?x589 ?x590 ?x487 ?x591 ?x557) 0)))
 (let (($x2173 (and $x419 $x593 $x839 $x1181 $x1489 $x984)))
 (let ((?x3772 (* 3 (* (+ 1 r) (+ 1 r)))))
 (let ((?x3496 (* (- 6) r)))
 (let ((?x1641 (* (- 6) (* (+ x ?x365) (+ x ?x365) (+ 3 s (* 6 r))))))
 (let ((?x211 (* 6 r)))
 (let ((?x2987 (+ 3 s ?x211)))
 (let ((?x1649 (+ x ?x365)))
 (let ((?x1996 (+ 1 r)))
 (let ((?x1665 (+ 6 (* 5 (* ?x2987 ?x2987)) (* 10 (* ?x1996 ?x1996 ?x1649 ?x1649 ?x2987)) ?x1641)))
 (let (($x1514 (not (= (* ?x1665 (+ (- 3) s00 ?x365 ?x3496 ?x3772 ?x400)) 0))))
 (let ((?x824 (* 108 ?x1457)))
 (let ((?x1070 (* (- 54) r)))
 (let ((?x1820 (* (- 9) s)))
 (let ((?x2805 (* r00 r00 s00)))
 (let ((?x1015 (* (- 36) ?x2805)))
 (let ((?x137 (* 9 s00)))
 (let ((?x3418 (* 51 ?x678)))
 (let ((?x2091 (* r00 r00 ?x2987)))
 (let ((?x3831 (* 36 ?x2091)))
 (let ((?x2835 (* 16 ?x1295)))
 (let ((?x2193 (* (- 108) ?x902)))
 (let ((?x2514 (* 216 (* r00 r00 r00 s00))))
 (let ((?x2449 (* r00 s00 s00)))
 (let ((?x1163 (* (- 108) ?x2449)))
 (let ((?x616 (* (- 432) ?x1009)))
 (let ((?x1154 (* (- 36) (* r00 r00 s00 s00))))
 (let ((?x2781 (* r00 s00)))
 (let ((?x2853 (* (- 54) ?x2781)))
 (let ((?x1908 (* 108 ?x609)))
 (let ((?x676 (* 216 (* r00 s00 x00))))
 (let ((?x2133 (+ ?x676 ?x1908 ?x2853 (* 15 (* ?x2987 ?x2987)) (* (- 216) (* r00 r00 r00 ?x2987)) ?x1154 (* (- 4) (* ?x2987 ?x2987 ?x2987)) (* 108 (* ?x1649 ?x1649)) ?x616 (* (- 12) (* s00 ?x2987 ?x2987)) (* 108 (* s00 ?x1649)) ?x1163 ?x2514 (* 108 (* x00 ?x2987)) (* 432 (* r00 r00 r00 ?x1649)) (* (- 66) (* s00 ?x2987)) (* 108 (* r00 s00 ?x2987)) ?x2193 (* (- 216) (* r00 s00 ?x1649)) (* 36 (* r00 r00 ?x2987 ?x2987)) ?x2835 (* (- 108) (* ?x1649 ?x2987)) ?x3831 ?x3418 (* (- 108) (* r00 ?x1649)) ?x137 ?x1015 ?x1820 ?x1070 (* 54 (* r00 ?x2987)) (* (- 216) (* x00 ?x1649)) ?x824)))
 (let (($x2140 (not (= ?x2133 27))))
 (let ((?x937 (* 15 ?x678)))
 (let ((?x975 (* 36 ?x974)))
 (let ((?x3029 (* (- 6) ?x902)))
 (let ((?x2830 (* 2 ?x2449)))
 (let ((?x1547 (* (- 24) ?x2781)))
 (let ((?x578 (* 54 ?x609)))
 (let ((?x2810 (+ (* 24 (* ?x1996 ?x2987)) ?x578 (* (- 36) (* r00 ?x1996 ?x1649)) ?x1547 (* (- 3) (* ?x2987 ?x2987)) (* (- 54) (* ?x1996 ?x1649)) (* 6 (* s00 ?x1649)) (* (- 4) (* r00 ?x2987 ?x2987)) ?x2830 (* 6 (* x00 ?x2987)) (* (- 12) (* s00 ?x2987)) (* 2 (* r00 s00 ?x2987)) ?x3029 (* (- 2) (* ?x1996 ?x2987 ?x2987)) (* (- 6) (* ?x1649 ?x2987)) (* 4 (* s00 s00 ?x1996)) ?x3831 ?x975 ?x937 (* (- 2) (* s00 ?x1996 ?x2987)) (* 36 (* r00 x00 ?x1996)) (* (- 54) (* r00 ?x1649)) ?x137 ?x1015 (* 54 (* x00 ?x1996)) ?x1820 ?x1070 (* (- 24) (* s00 ?x1996)) (* 24 (* r00 ?x2987)) (* (- 36) (* r00 r00 ?x1649)))))
 (let ((?x2474 (* (- 6) ?x2805)))
 (let ((?x679 (* 4 ?x678)))
 (let ((?x3835 (* (- 9) ?x2781)))
 (let ((?x610 (* 18 ?x609)))
 (let ((?x1546 (+ (* 9 (* ?x1996 ?x2987)) ?x610 ?x3835 (* (- 2) (* ?x2987 ?x2987)) (* (- 18) (* ?x1996 ?x1649)) (* (- 6) (* r00 ?x1996 ?x2987)) (* 6 ?x2091) ?x679 (* (- 18) (* r00 ?x1649)) ?x44 ?x2474 (* 18 (* x00 ?x1996)) ?x586 (* (- 18) r) (* (- 9) (* s00 ?x1996)) (* (- 2) (* s00 ?x2987)) (* 9 (* r00 ?x2987)) (* 6 (* r00 s00 ?x1996)))))
 (let ((?x2832 (* (- 6) ?x2781)))
 (let ((?x1779 (+ (* 2 (* ?x1996 ?x2987)) (* (- 12) (* r00 r00 ?x1996)) (* (- 15) r) ?x44 ?x1820 ?x587 (* 4 (* s00 ?x1996)) ?x2832 ?x56 ?x588 ?x557)))
 (let (($x1157 (not (= (+ s00 ?x365 ?x3496 ?x3772 ?x400) 3))))
 (let (($x3510 (or $x1157 (not (= ?x1779 6)) (not (= ?x1546 9)) (not (= ?x2810 27)) $x2140 $x1514)))
 (let ((?x1909 (* r00 r00 s)))
 (let ((?x3682 (* 36 ?x1909)))
 (let ((?x844 (+ ?x676 ?x1908 ?x2853 (* 15 ?x632) (* (- 216) (* r00 r00 r00 s)) ?x1154 (* (- 4) ?x916) (* 108 ?x979) ?x616 (* (- 12) (* s00 s s)) (* 108 (* s00 x)) ?x1163 ?x2514 (* 108 (* x00 s)) (* 432 (* r00 r00 r00 x)) (* (- 66) (* s00 s)) (* 108 (* r00 s00 s)) ?x2193 (* (- 216) (* r00 s00 x)) (* 36 (* r00 r00 s s)) ?x2835 (* (- 108) (* x s)) ?x3682 ?x3418 (* (- 108) (* r00 x)) ?x137 ?x1015 ?x1820 (* 54 (* r00 s)) (* (- 216) (* x00 x)) ?x824)))
 (let (($x851 (= ?x844 0)))
 (let ((?x2990 (* r00 r00 x)))
 (let ((?x3072 (* (- 36) ?x2990)))
 (let ((?x2318 (* r00 s s)))
 (let ((?x3057 (* (- 4) ?x2318)))
 (let ((?x940 (+ (* 24 (* s r)) ?x578 (* (- 36) (* r00 x r)) ?x1547 (* (- 3) ?x632) (* (- 54) (* x r)) (* 6 (* s00 x)) ?x3057 ?x2830 (* 6 (* x00 s)) (* (- 12) (* s00 s)) (* 2 (* r00 s00 s)) ?x3029 (* (- 2) (* s s r)) (* (- 6) (* x s)) (* 4 (* s00 s00 r)) ?x3682 ?x975 ?x937 (* (- 2) (* s00 s r)) (* 36 (* r00 x00 r)) (* (- 54) (* r00 x)) ?x137 ?x1015 (* 54 (* x00 r)) ?x1820 (* (- 24) (* s00 r)) (* 24 (* r00 s)) ?x3072)))
 (let ((?x1980 (* r00 x)))
 (let ((?x2265 (* (- 18) ?x1980)))
 (let ((?x2246 (* (- 2) ?x632)))
 (let ((?x2811 (+ (* 9 (* s r)) ?x610 ?x3835 ?x2246 (* (- 18) (* x r)) (* (- 6) (* r00 s r)) (* 6 ?x1909) ?x679 ?x2265 ?x44 ?x2474 (* 18 (* x00 r)) ?x586 (* (- 9) (* s00 r)) (* (- 2) (* s00 s)) (* 9 (* r00 s)) (* 6 (* r00 s00 r)))))
 (let ((?x2493 (+ (* 2 (* s r)) (* (- 12) (* r00 r00 r)) ?x43 ?x44 ?x586 ?x587 (* 4 (* s00 r)) ?x2832 ?x56 ?x588 ?x557)))
 (let (($x3161 (= (+ s00 ?x365 ?x375 ?x400) 0)))
 (let (($x2888 (and $x3161 (= ?x2493 0) (= ?x2811 0) (= ?x940 0) $x851 $x3510)))
 (rewrite (= $x2888 $x2173)))))))))))))))))))))))))))))))))))))))))))))))))))))))))))))))))))))))))))))))))))))))))))))))))))))))))))))))))))))))))))))))))))))))))))))))))))))))))))))))))))))))))))))))))))))))))))))))))))))))))))))))))))))))))))))))))))))
 ))
 (let (($x1502 (exists ((r Int) (s Int) (x Int) )(! (let ((?x386 (* r00 r00)))
 (let ((?x400 (* (- 3) ?x386)))
 (let ((?x3772 (* 3 (* (+ 1 r) (+ 1 r)))))
 (let ((?x3496 (* (- 6) r)))
 (let ((?x365 (* (- 1) s)))
 (let ((?x1641 (* (- 6) (* (+ x ?x365) (+ x ?x365) (+ 3 s (* 6 r))))))
 (let ((?x211 (* 6 r)))
 (let ((?x2987 (+ 3 s ?x211)))
 (let ((?x1649 (+ x ?x365)))
 (let ((?x1996 (+ 1 r)))
 (let ((?x1665 (+ 6 (* 5 (* ?x2987 ?x2987)) (* 10 (* ?x1996 ?x1996 ?x1649 ?x1649 ?x2987)) ?x1641)))
 (let (($x1514 (not (= (* ?x1665 (+ (- 3) s00 ?x365 ?x3496 ?x3772 ?x400)) 0))))
 (let ((?x1457 (* x00 x00)))
 (let ((?x824 (* 108 ?x1457)))
 (let ((?x1070 (* (- 54) r)))
 (let ((?x1820 (* (- 9) s)))
 (let ((?x2805 (* r00 r00 s00)))
 (let ((?x1015 (* (- 36) ?x2805)))
 (let ((?x137 (* 9 s00)))
 (let ((?x678 (* s00 s00)))
 (let ((?x3418 (* 51 ?x678)))
 (let ((?x2091 (* r00 r00 ?x2987)))
 (let ((?x3831 (* 36 ?x2091)))
 (let ((?x1295 (* s00 s00 s00)))
 (let ((?x2835 (* 16 ?x1295)))
 (let ((?x902 (* s00 x00)))
 (let ((?x2193 (* (- 108) ?x902)))
 (let ((?x2514 (* 216 (* r00 r00 r00 s00))))
 (let ((?x2449 (* r00 s00 s00)))
 (let ((?x1163 (* (- 108) ?x2449)))
 (let ((?x1009 (* r00 r00 r00 x00)))
 (let ((?x616 (* (- 432) ?x1009)))
 (let ((?x1154 (* (- 36) (* r00 r00 s00 s00))))
 (let ((?x2781 (* r00 s00)))
 (let ((?x2853 (* (- 54) ?x2781)))
 (let ((?x609 (* r00 x00)))
 (let ((?x1908 (* 108 ?x609)))
 (let ((?x676 (* 216 (* r00 s00 x00))))
 (let ((?x2133 (+ ?x676 ?x1908 ?x2853 (* 15 (* ?x2987 ?x2987)) (* (- 216) (* r00 r00 r00 ?x2987)) ?x1154 (* (- 4) (* ?x2987 ?x2987 ?x2987)) (* 108 (* ?x1649 ?x1649)) ?x616 (* (- 12) (* s00 ?x2987 ?x2987)) (* 108 (* s00 ?x1649)) ?x1163 ?x2514 (* 108 (* x00 ?x2987)) (* 432 (* r00 r00 r00 ?x1649)) (* (- 66) (* s00 ?x2987)) (* 108 (* r00 s00 ?x2987)) ?x2193 (* (- 216) (* r00 s00 ?x1649)) (* 36 (* r00 r00 ?x2987 ?x2987)) ?x2835 (* (- 108) (* ?x1649 ?x2987)) ?x3831 ?x3418 (* (- 108) (* r00 ?x1649)) ?x137 ?x1015 ?x1820 ?x1070 (* 54 (* r00 ?x2987)) (* (- 216) (* x00 ?x1649)) ?x824)))
 (let (($x2140 (not (= ?x2133 27))))
 (let ((?x143 (* 9 s)))
 (let ((?x1988 (* 36 ?x2805)))
 (let ((?x1084 (* (- 9) s00)))
 (let ((?x1013 (* (- 15) ?x678)))
 (let ((?x974 (* r00 r00 x00)))
 (let ((?x987 (* (- 36) ?x974)))
 (let ((?x903 (* 6 ?x902)))
 (let ((?x2089 (* (- 2) ?x2449)))
 (let ((?x2842 (* 24 ?x2781)))
 (let ((?x646 (* (- 54) ?x609)))
 (let ((?x2778 (+ (* (- 24) (* ?x1996 ?x2987)) ?x646 (* 36 (* r00 ?x1996 ?x1649)) ?x2842 (* 3 (* ?x2987 ?x2987)) (* 54 (* ?x1996 ?x1649)) (* (- 6) (* s00 ?x1649)) (* 4 (* r00 ?x2987 ?x2987)) ?x2089 (* (- 6) (* x00 ?x2987)) (* 12 (* s00 ?x2987)) (* (- 2) (* r00 s00 ?x2987)) ?x903 (* 2 (* ?x1996 ?x2987 ?x2987)) (* 6 (* ?x1649 ?x2987)) (* (- 4) (* s00 s00 ?x1996)) (* (- 36) ?x2091) ?x987 ?x1013 (* 2 (* s00 ?x1996 ?x2987)) (* (- 36) (* r00 x00 ?x1996)) (* 54 (* r00 ?x1649)) ?x1084 ?x1988 (* (- 54) (* x00 ?x1996)) ?x143 (* 54 r) (* 24 (* s00 ?x1996)) (* (- 24) (* r00 ?x2987)) (* 36 (* r00 r00 ?x1649)))))
 (let ((?x47 (* 3 s)))
 (let ((?x3077 (* 6 ?x2805)))
 (let ((?x465 (* (- 3) s00)))
 (let ((?x691 (* (- 4) ?x678)))
 (let ((?x1746 (* 9 ?x2781)))
 (let ((?x623 (* (- 18) ?x609)))
 (let ((?x1045 (+ (* (- 9) (* ?x1996 ?x2987)) ?x623 ?x1746 (* 2 (* ?x2987 ?x2987)) (* 18 (* ?x1996 ?x1649)) (* 6 (* r00 ?x1996 ?x2987)) (* (- 6) ?x2091) ?x691 (* 18 (* r00 ?x1649)) ?x465 ?x3077 (* (- 18) (* x00 ?x1996)) ?x47 (* 18 r) (* 9 (* s00 ?x1996)) (* 2 (* s00 ?x2987)) (* (- 9) (* r00 ?x2987)) (* (- 6) (* r00 s00 ?x1996)))))
 (let ((?x556 (* r00 r00 r00)))
 (let ((?x570 (* (- 12) ?x556)))
 (let ((?x59 (* 6 x00)))
 (let ((?x535 (* (- 6) x)))
 (let ((?x2911 (* 6 ?x2781)))
 (let ((?x48 (* 3 r00)))
 (let ((?x1802 (+ (* (- 2) (* ?x1996 ?x2987)) (* 12 (* r00 r00 ?x1996)) (* 15 r) ?x465 ?x143 ?x48 (* (- 4) (* s00 ?x1996)) ?x2911 ?x535 ?x59 ?x570)))
 (let (($x1157 (not (= (+ s00 ?x365 ?x3496 ?x3772 ?x400) 3))))
 (let (($x1498 (or $x1157 (not (= ?x1802 (- 6))) (not (= ?x1045 (- 9))) (not (= ?x2778 (- 27))) $x2140 $x1514)))
 (let ((?x1909 (* r00 r00 s)))
 (let ((?x3682 (* 36 ?x1909)))
 (let ((?x844 (+ ?x676 ?x1908 ?x2853 (* 15 (* s s)) (* (- 216) (* r00 r00 r00 s)) ?x1154 (* (- 4) (* s s s)) (* 108 (* x x)) ?x616 (* (- 12) (* s00 s s)) (* 108 (* s00 x)) ?x1163 ?x2514 (* 108 (* x00 s)) (* 432 (* r00 r00 r00 x)) (* (- 66) (* s00 s)) (* 108 (* r00 s00 s)) ?x2193 (* (- 216) (* r00 s00 x)) (* 36 (* r00 r00 s s)) ?x2835 (* (- 108) (* x s)) ?x3682 ?x3418 (* (- 108) (* r00 x)) ?x137 ?x1015 ?x1820 (* 54 (* r00 s)) (* (- 216) (* x00 x)) ?x824)))
 (let (($x851 (= ?x844 0)))
 (let ((?x2658 (* (- 36) ?x1909)))
 (let ((?x632 (* s s)))
 (let ((?x664 (* 3 ?x632)))
 (let ((?x2540 (+ (* (- 24) (* s r)) ?x646 (* 36 (* r00 x r)) ?x2842 ?x664 (* 54 (* x r)) (* (- 6) (* s00 x)) (* 4 (* r00 s s)) ?x2089 (* (- 6) (* x00 s)) (* 12 (* s00 s)) (* (- 2) (* r00 s00 s)) ?x903 (* 2 (* s s r)) (* 6 (* x s)) (* (- 4) (* s00 s00 r)) ?x2658 ?x987 ?x1013 (* 2 (* s00 s r)) (* (- 36) (* r00 x00 r)) (* 54 (* r00 x)) ?x1084 ?x1988 (* (- 54) (* x00 r)) ?x143 (* 24 (* s00 r)) (* (- 24) (* r00 s)) (* 36 (* r00 r00 x)))))
 (let ((?x633 (* 2 ?x632)))
 (let ((?x2624 (+ (* (- 9) (* s r)) ?x623 ?x1746 ?x633 (* 18 (* x r)) (* 6 (* r00 s r)) (* (- 6) ?x1909) ?x691 (* 18 (* r00 x)) ?x465 ?x3077 (* (- 18) (* x00 r)) ?x47 (* 9 (* s00 r)) (* 2 (* s00 s)) (* (- 9) (* r00 s)) (* (- 6) (* r00 s00 r)))))
 (let ((?x442 (* (- 3) r)))
 (let ((?x2536 (+ (* (- 2) (* s r)) (* 12 (* r00 r00 r)) ?x442 ?x465 ?x47 ?x48 (* (- 4) (* s00 r)) ?x2911 ?x535 ?x59 ?x570)))
 (let (($x3161 (= (+ s00 ?x365 (* 3 (* r r)) ?x400) 0)))
 (and $x3161 (= ?x2536 0) (= ?x2624 0) (= ?x2540 0) $x851 $x1498))))))))))))))))))))))))))))))))))))))))))))))))))))))))))))))))))))))))))))))))) :qid k!40))
 ))
 (let ((?x711 (lambda ((r Int) (s Int) (x Int) )(let ((?x386 (* r00 r00)))
 (let ((?x400 (* (- 3) ?x386)))
 (let ((?x3772 (* 3 (* (+ 1 r) (+ 1 r)))))
 (let ((?x3496 (* (- 6) r)))
 (let ((?x365 (* (- 1) s)))
 (let ((?x1641 (* (- 6) (* (+ x ?x365) (+ x ?x365) (+ 3 s (* 6 r))))))
 (let ((?x211 (* 6 r)))
 (let ((?x2987 (+ 3 s ?x211)))
 (let ((?x1649 (+ x ?x365)))
 (let ((?x1996 (+ 1 r)))
 (let ((?x1665 (+ 6 (* 5 (* ?x2987 ?x2987)) (* 10 (* ?x1996 ?x1996 ?x1649 ?x1649 ?x2987)) ?x1641)))
 (let (($x1514 (not (= (* ?x1665 (+ (- 3) s00 ?x365 ?x3496 ?x3772 ?x400)) 0))))
 (let ((?x1457 (* x00 x00)))
 (let ((?x824 (* 108 ?x1457)))
 (let ((?x1070 (* (- 54) r)))
 (let ((?x1820 (* (- 9) s)))
 (let ((?x2805 (* r00 r00 s00)))
 (let ((?x1015 (* (- 36) ?x2805)))
 (let ((?x137 (* 9 s00)))
 (let ((?x678 (* s00 s00)))
 (let ((?x3418 (* 51 ?x678)))
 (let ((?x2091 (* r00 r00 ?x2987)))
 (let ((?x3831 (* 36 ?x2091)))
 (let ((?x1295 (* s00 s00 s00)))
 (let ((?x2835 (* 16 ?x1295)))
 (let ((?x902 (* s00 x00)))
 (let ((?x2193 (* (- 108) ?x902)))
 (let ((?x2514 (* 216 (* r00 r00 r00 s00))))
 (let ((?x2449 (* r00 s00 s00)))
 (let ((?x1163 (* (- 108) ?x2449)))
 (let ((?x1009 (* r00 r00 r00 x00)))
 (let ((?x616 (* (- 432) ?x1009)))
 (let ((?x1154 (* (- 36) (* r00 r00 s00 s00))))
 (let ((?x2781 (* r00 s00)))
 (let ((?x2853 (* (- 54) ?x2781)))
 (let ((?x609 (* r00 x00)))
 (let ((?x1908 (* 108 ?x609)))
 (let ((?x676 (* 216 (* r00 s00 x00))))
 (let ((?x2133 (+ ?x676 ?x1908 ?x2853 (* 15 (* ?x2987 ?x2987)) (* (- 216) (* r00 r00 r00 ?x2987)) ?x1154 (* (- 4) (* ?x2987 ?x2987 ?x2987)) (* 108 (* ?x1649 ?x1649)) ?x616 (* (- 12) (* s00 ?x2987 ?x2987)) (* 108 (* s00 ?x1649)) ?x1163 ?x2514 (* 108 (* x00 ?x2987)) (* 432 (* r00 r00 r00 ?x1649)) (* (- 66) (* s00 ?x2987)) (* 108 (* r00 s00 ?x2987)) ?x2193 (* (- 216) (* r00 s00 ?x1649)) (* 36 (* r00 r00 ?x2987 ?x2987)) ?x2835 (* (- 108) (* ?x1649 ?x2987)) ?x3831 ?x3418 (* (- 108) (* r00 ?x1649)) ?x137 ?x1015 ?x1820 ?x1070 (* 54 (* r00 ?x2987)) (* (- 216) (* x00 ?x1649)) ?x824)))
 (let (($x2140 (not (= ?x2133 27))))
 (let ((?x937 (* 15 ?x678)))
 (let ((?x974 (* r00 r00 x00)))
 (let ((?x975 (* 36 ?x974)))
 (let ((?x3029 (* (- 6) ?x902)))
 (let ((?x2830 (* 2 ?x2449)))
 (let ((?x1547 (* (- 24) ?x2781)))
 (let ((?x578 (* 54 ?x609)))
 (let ((?x2810 (+ (* 24 (* ?x1996 ?x2987)) ?x578 (* (- 36) (* r00 ?x1996 ?x1649)) ?x1547 (* (- 3) (* ?x2987 ?x2987)) (* (- 54) (* ?x1996 ?x1649)) (* 6 (* s00 ?x1649)) (* (- 4) (* r00 ?x2987 ?x2987)) ?x2830 (* 6 (* x00 ?x2987)) (* (- 12) (* s00 ?x2987)) (* 2 (* r00 s00 ?x2987)) ?x3029 (* (- 2) (* ?x1996 ?x2987 ?x2987)) (* (- 6) (* ?x1649 ?x2987)) (* 4 (* s00 s00 ?x1996)) ?x3831 ?x975 ?x937 (* (- 2) (* s00 ?x1996 ?x2987)) (* 36 (* r00 x00 ?x1996)) (* (- 54) (* r00 ?x1649)) ?x137 ?x1015 (* 54 (* x00 ?x1996)) ?x1820 ?x1070 (* (- 24) (* s00 ?x1996)) (* 24 (* r00 ?x2987)) (* (- 36) (* r00 r00 ?x1649)))))
 (let ((?x586 (* (- 3) s)))
 (let ((?x2474 (* (- 6) ?x2805)))
 (let ((?x44 (* 3 s00)))
 (let ((?x679 (* 4 ?x678)))
 (let ((?x3835 (* (- 9) ?x2781)))
 (let ((?x610 (* 18 ?x609)))
 (let ((?x1546 (+ (* 9 (* ?x1996 ?x2987)) ?x610 ?x3835 (* (- 2) (* ?x2987 ?x2987)) (* (- 18) (* ?x1996 ?x1649)) (* (- 6) (* r00 ?x1996 ?x2987)) (* 6 ?x2091) ?x679 (* (- 18) (* r00 ?x1649)) ?x44 ?x2474 (* 18 (* x00 ?x1996)) ?x586 (* (- 18) r) (* (- 9) (* s00 ?x1996)) (* (- 2) (* s00 ?x2987)) (* 9 (* r00 ?x2987)) (* 6 (* r00 s00 ?x1996)))))
 (let ((?x556 (* r00 r00 r00)))
 (let ((?x557 (* 12 ?x556)))
 (let ((?x588 (* (- 6) x00)))
 (let ((?x56 (* 6 x)))
 (let ((?x2832 (* (- 6) ?x2781)))
 (let ((?x587 (* (- 3) r00)))
 (let ((?x1779 (+ (* 2 (* ?x1996 ?x2987)) (* (- 12) (* r00 r00 ?x1996)) (* (- 15) r) ?x44 ?x1820 ?x587 (* 4 (* s00 ?x1996)) ?x2832 ?x56 ?x588 ?x557)))
 (let (($x1157 (not (= (+ s00 ?x365 ?x3496 ?x3772 ?x400) 3))))
 (let (($x3510 (or $x1157 (not (= ?x1779 6)) (not (= ?x1546 9)) (not (= ?x2810 27)) $x2140 $x1514)))
 (let ((?x1909 (* r00 r00 s)))
 (let ((?x3682 (* 36 ?x1909)))
 (let ((?x844 (+ ?x676 ?x1908 ?x2853 (* 15 (* s s)) (* (- 216) (* r00 r00 r00 s)) ?x1154 (* (- 4) (* s s s)) (* 108 (* x x)) ?x616 (* (- 12) (* s00 s s)) (* 108 (* s00 x)) ?x1163 ?x2514 (* 108 (* x00 s)) (* 432 (* r00 r00 r00 x)) (* (- 66) (* s00 s)) (* 108 (* r00 s00 s)) ?x2193 (* (- 216) (* r00 s00 x)) (* 36 (* r00 r00 s s)) ?x2835 (* (- 108) (* x s)) ?x3682 ?x3418 (* (- 108) (* r00 x)) ?x137 ?x1015 ?x1820 (* 54 (* r00 s)) (* (- 216) (* x00 x)) ?x824)))
 (let (($x851 (= ?x844 0)))
 (let ((?x2990 (* r00 r00 x)))
 (let ((?x3072 (* (- 36) ?x2990)))
 (let ((?x2318 (* r00 s s)))
 (let ((?x3057 (* (- 4) ?x2318)))
 (let ((?x940 (+ (* 24 (* s r)) ?x578 (* (- 36) (* r00 x r)) ?x1547 (* (- 3) (* s s)) (* (- 54) (* x r)) (* 6 (* s00 x)) ?x3057 ?x2830 (* 6 (* x00 s)) (* (- 12) (* s00 s)) (* 2 (* r00 s00 s)) ?x3029 (* (- 2) (* s s r)) (* (- 6) (* x s)) (* 4 (* s00 s00 r)) ?x3682 ?x975 ?x937 (* (- 2) (* s00 s r)) (* 36 (* r00 x00 r)) (* (- 54) (* r00 x)) ?x137 ?x1015 (* 54 (* x00 r)) ?x1820 (* (- 24) (* s00 r)) (* 24 (* r00 s)) ?x3072)))
 (let ((?x1980 (* r00 x)))
 (let ((?x2265 (* (- 18) ?x1980)))
 (let ((?x632 (* s s)))
 (let ((?x2246 (* (- 2) ?x632)))
 (let ((?x2811 (+ (* 9 (* s r)) ?x610 ?x3835 ?x2246 (* (- 18) (* x r)) (* (- 6) (* r00 s r)) (* 6 ?x1909) ?x679 ?x2265 ?x44 ?x2474 (* 18 (* x00 r)) ?x586 (* (- 9) (* s00 r)) (* (- 2) (* s00 s)) (* 9 (* r00 s)) (* 6 (* r00 s00 r)))))
 (let ((?x43 (* 3 r)))
 (let ((?x2493 (+ (* 2 (* s r)) (* (- 12) (* r00 r00 r)) ?x43 ?x44 ?x586 ?x587 (* 4 (* s00 r)) ?x2832 ?x56 ?x588 ?x557)))
 (let (($x3161 (= (+ s00 ?x365 (* 3 (* r r)) ?x400) 0)))
 (let (($x2888 (and $x3161 (= ?x2493 0) (= ?x2811 0) (= ?x940 0) $x851 $x3510)))
 (let ((?x143 (* 9 s)))
 (let ((?x1988 (* 36 ?x2805)))
 (let ((?x1084 (* (- 9) s00)))
 (let ((?x1013 (* (- 15) ?x678)))
 (let ((?x987 (* (- 36) ?x974)))
 (let ((?x903 (* 6 ?x902)))
 (let ((?x2089 (* (- 2) ?x2449)))
 (let ((?x2842 (* 24 ?x2781)))
 (let ((?x646 (* (- 54) ?x609)))
 (let ((?x2778 (+ (* (- 24) (* ?x1996 ?x2987)) ?x646 (* 36 (* r00 ?x1996 ?x1649)) ?x2842 (* 3 (* ?x2987 ?x2987)) (* 54 (* ?x1996 ?x1649)) (* (- 6) (* s00 ?x1649)) (* 4 (* r00 ?x2987 ?x2987)) ?x2089 (* (- 6) (* x00 ?x2987)) (* 12 (* s00 ?x2987)) (* (- 2) (* r00 s00 ?x2987)) ?x903 (* 2 (* ?x1996 ?x2987 ?x2987)) (* 6 (* ?x1649 ?x2987)) (* (- 4) (* s00 s00 ?x1996)) (* (- 36) ?x2091) ?x987 ?x1013 (* 2 (* s00 ?x1996 ?x2987)) (* (- 36) (* r00 x00 ?x1996)) (* 54 (* r00 ?x1649)) ?x1084 ?x1988 (* (- 54) (* x00 ?x1996)) ?x143 (* 54 r) (* 24 (* s00 ?x1996)) (* (- 24) (* r00 ?x2987)) (* 36 (* r00 r00 ?x1649)))))
 (let ((?x47 (* 3 s)))
 (let ((?x3077 (* 6 ?x2805)))
 (let ((?x465 (* (- 3) s00)))
 (let ((?x691 (* (- 4) ?x678)))
 (let ((?x1746 (* 9 ?x2781)))
 (let ((?x623 (* (- 18) ?x609)))
 (let ((?x1045 (+ (* (- 9) (* ?x1996 ?x2987)) ?x623 ?x1746 (* 2 (* ?x2987 ?x2987)) (* 18 (* ?x1996 ?x1649)) (* 6 (* r00 ?x1996 ?x2987)) (* (- 6) ?x2091) ?x691 (* 18 (* r00 ?x1649)) ?x465 ?x3077 (* (- 18) (* x00 ?x1996)) ?x47 (* 18 r) (* 9 (* s00 ?x1996)) (* 2 (* s00 ?x2987)) (* (- 9) (* r00 ?x2987)) (* (- 6) (* r00 s00 ?x1996)))))
 (let ((?x570 (* (- 12) ?x556)))
 (let ((?x59 (* 6 x00)))
 (let ((?x535 (* (- 6) x)))
 (let ((?x2911 (* 6 ?x2781)))
 (let ((?x48 (* 3 r00)))
 (let ((?x1802 (+ (* (- 2) (* ?x1996 ?x2987)) (* 12 (* r00 r00 ?x1996)) (* 15 r) ?x465 ?x143 ?x48 (* (- 4) (* s00 ?x1996)) ?x2911 ?x535 ?x59 ?x570)))
 (let (($x1498 (or $x1157 (not (= ?x1802 (- 6))) (not (= ?x1045 (- 9))) (not (= ?x2778 (- 27))) $x2140 $x1514)))
 (let ((?x2658 (* (- 36) ?x1909)))
 (let ((?x664 (* 3 ?x632)))
 (let ((?x2540 (+ (* (- 24) (* s r)) ?x646 (* 36 (* r00 x r)) ?x2842 ?x664 (* 54 (* x r)) (* (- 6) (* s00 x)) (* 4 ?x2318) ?x2089 (* (- 6) (* x00 s)) (* 12 (* s00 s)) (* (- 2) (* r00 s00 s)) ?x903 (* 2 (* s s r)) (* 6 (* x s)) (* (- 4) (* s00 s00 r)) ?x2658 ?x987 ?x1013 (* 2 (* s00 s r)) (* (- 36) (* r00 x00 r)) (* 54 ?x1980) ?x1084 ?x1988 (* (- 54) (* x00 r)) ?x143 (* 24 (* s00 r)) (* (- 24) (* r00 s)) (* 36 ?x2990))))
 (let ((?x633 (* 2 ?x632)))
 (let ((?x2624 (+ (* (- 9) (* s r)) ?x623 ?x1746 ?x633 (* 18 (* x r)) (* 6 (* r00 s r)) (* (- 6) ?x1909) ?x691 (* 18 ?x1980) ?x465 ?x3077 (* (- 18) (* x00 r)) ?x47 (* 9 (* s00 r)) (* 2 (* s00 s)) (* (- 9) (* r00 s)) (* (- 6) (* r00 s00 r)))))
 (let ((?x442 (* (- 3) r)))
 (let ((?x2536 (+ (* (- 2) (* s r)) (* 12 (* r00 r00 r)) ?x442 ?x465 ?x47 ?x48 (* (- 4) (* s00 r)) ?x2911 ?x535 ?x59 ?x570)))
 (let (($x1521 (and $x3161 (= ?x2536 0) (= ?x2624 0) (= ?x2540 0) $x851 $x1498)))
 (rewrite (= $x1521 $x2888)))))))))))))))))))))))))))))))))))))))))))))))))))))))))))))))))))))))))))))))))))))))))))))))))))))))))))))))))))))
 ))
 (let (($x362 (exists ((r Int) (s Int) (x Int) )(! (let ((?x232 (- x s)))
 (let ((?x211 (* 6 r)))
 (let ((?x212 (+ s ?x211 3)))
 (let ((?x354 (+ 6 (* 5 ?x212 ?x212) (* 10 (+ r 1) (+ r 1) ?x212 ?x232 ?x232))))
 (let ((?x33 (* 3 r00 r00)))
 (let ((?x218 (- (+ (- s00 ?x212) (* 3 (+ r 1) (+ r 1))) ?x33)))
 (let ((?x208 (* 108 x00 x00)))
 (let ((?x299 (* 9 ?x212)))
 (let ((?x139 (* 36 r00 r00 s00)))
 (let ((?x137 (* 9 s00)))
 (let ((?x197 (* 51 s00 s00)))
 (let ((?x284 (* 36 r00 r00 ?x212)))
 (let ((?x192 (* 16 s00 s00 s00)))
 (let ((?x186 (* 108 s00 x00)))
 (let ((?x177 (* 216 r00 r00 r00 s00)))
 (let ((?x175 (* 108 r00 s00 s00)))
 (let ((?x169 (* 432 r00 r00 r00 x00)))
 (let ((?x161 (* 36 r00 r00 s00 s00)))
 (let ((?x157 (- (+ (* 216 r00 s00 x00) (* 108 r00 x00)) (* 54 r00 s00))))
 (let ((?x313 (- (- (+ ?x157 (* 15 ?x212 ?x212)) (* 216 r00 r00 r00 ?x212)) ?x161)))
 (let ((?x319 (- (- (+ (- ?x313 (* 4 ?x212 ?x212 ?x212)) (* 108 ?x232 ?x232)) ?x169) (* 12 ?x212 ?x212 s00))))
 (let ((?x325 (+ (- (+ ?x319 (* 108 s00 ?x232)) ?x175) ?x177 (* 108 ?x212 x00) (* 432 r00 r00 r00 ?x232))))
 (let ((?x331 (- (+ (- ?x325 (* 66 ?x212 s00)) (* 108 r00 ?x212 s00)) ?x186)))
 (let ((?x334 (+ (- ?x331 (* 216 r00 s00 ?x232)) (* 36 r00 r00 ?x212 ?x212) ?x192)))
 (let ((?x339 (- (+ (- ?x334 (* 108 ?x212 ?x232)) ?x284 ?x197) (* 108 r00 ?x232))))
 (let ((?x346 (- (+ (- (- (+ ?x339 ?x137) ?x139) ?x299) (* 54 r00 ?x212)) (* 216 ?x232 x00))))
 (let ((?x126 (* 15 s00 s00)))
 (let ((?x124 (* 36 r00 r00 x00)))
 (let ((?x118 (* 6 s00 x00)))
 (let ((?x110 (* 2 r00 s00 s00)))
 (let ((?x102 (* 24 r00 s00)))
 (let ((?x268 (+ (- (* (- 24) (+ r 1) ?x212) (* 54 r00 x00)) (* 36 (+ r 1) r00 ?x232) ?x102 (* 3 ?x212 ?x212) (* 54 (+ r 1) ?x232))))
 (let ((?x274 (- (+ (- ?x268 (* 6 s00 ?x232)) (* 4 r00 ?x212 ?x212)) ?x110)))
 (let ((?x279 (- (+ (- ?x274 (* 6 ?x212 x00)) (* 12 ?x212 s00)) (* 2 r00 ?x212 s00))))
 (let ((?x282 (+ ?x279 ?x118 (* 2 (+ r 1) ?x212 ?x212) (* 6 ?x212 ?x232))))
 (let ((?x288 (- (- (- (- ?x282 (* 4 (+ r 1) s00 s00)) ?x284) ?x124) ?x126)))
 (let ((?x292 (- (+ ?x288 (* 2 (+ r 1) ?x212 s00)) (* 36 (+ r 1) r00 x00))))
 (let ((?x298 (- (+ (- (+ ?x292 (* 54 r00 ?x232)) ?x137) ?x139) (* 54 (+ r 1) x00))))
 (let ((?x303 (- (+ ?x298 ?x299 (* 24 (+ r 1) s00)) (* 24 r00 ?x212))))
 (let ((?x227 (* 3 ?x212)))
 (let ((?x82 (* 6 r00 r00 s00)))
 (let ((?x44 (* 3 s00)))
 (let ((?x76 (* 4 s00 s00)))
 (let ((?x70 (* 9 r00 s00)))
 (let ((?x244 (+ (- (* (- 9) (+ r 1) ?x212) (* 18 r00 x00)) ?x70 (* 2 ?x212 ?x212) (* 18 (+ r 1) ?x232) (* 6 (+ r 1) r00 ?x212))))
 (let ((?x249 (+ (- (- ?x244 (* 6 r00 r00 ?x212)) ?x76) (* 18 r00 ?x232))))
 (let ((?x256 (+ (- (+ (- ?x249 ?x44) ?x82) (* 18 (+ r 1) x00)) ?x227 (* 9 (+ r 1) s00) (* 2 ?x212 s00))))
 (let ((?x260 (- (- ?x256 (* 9 r00 ?x212)) (* 6 (+ r 1) r00 s00))))
 (let ((?x61 (* 12 r00 r00 r00)))
 (let ((?x59 (* 6 x00)))
 (let ((?x54 (* 6 r00 s00)))
 (let ((?x48 (* 3 r00)))
 (let ((?x223 (+ (* (- 2) (+ r 1) ?x212) (* 12 (+ r 1) r00 r00))))
 (let ((?x230 (- (+ (- (- ?x223 (* 3 (+ r 1))) ?x44) ?x227 ?x48) (* 4 (+ r 1) s00))))
 (let (($x360 (or (not (= ?x218 0)) (not (= (- (+ (- (+ ?x230 ?x54) (* 6 ?x232)) ?x59) ?x61) 0)) (not (= ?x260 0)) (not (= (+ ?x303 (* 36 r00 r00 ?x232)) 0)) (not (= (+ ?x346 ?x208) 0)) (not (= (* ?x218 (- ?x354 (* 6 ?x212 ?x232 ?x232))) 0)))))
 (let ((?x143 (* 9 s)))
 (let ((?x123 (* 36 r00 r00 s)))
 (let ((?x164 (- (- (+ ?x157 (* 15 s s)) (* 216 r00 r00 r00 s)) ?x161)))
 (let ((?x172 (- (- (+ (- ?x164 (* 4 s s s)) (* 108 x x)) ?x169) (* 12 s s s00))))
 (let ((?x180 (+ (- (+ ?x172 (* 108 s00 x)) ?x175) ?x177 (* 108 s x00) (* 432 r00 r00 r00 x))))
 (let ((?x188 (- (+ (- ?x180 (* 66 s s00)) (* 108 r00 s s00)) ?x186)))
 (let ((?x193 (+ (- ?x188 (* 216 r00 s00 x)) (* 36 r00 r00 s s) ?x192)))
 (let ((?x200 (- (+ (- ?x193 (* 108 s x)) ?x123 ?x197) (* 108 r00 x))))
 (let ((?x207 (- (+ (- (- (+ ?x200 ?x137) ?x139) ?x143) (* 54 r00 s)) (* 216 x x00))))
 (let ((?x105 (+ (- (* (- 24) r s) (* 54 r00 x00)) (* 36 r r00 x) ?x102 (* 3 s s) (* 54 r x))))
 (let ((?x112 (- (+ (- ?x105 (* 6 s00 x)) (* 4 r00 s s)) ?x110)))
 (let ((?x117 (- (+ (- ?x112 (* 6 s x00)) (* 12 s s00)) (* 2 r00 s s00))))
 (let ((?x127 (- (+ ?x117 ?x118 (* 2 r s s) (* 6 s x)) (* 4 r s00 s00))))
 (let ((?x134 (- (+ (- (- (- ?x127 ?x123) ?x124) ?x126) (* 2 r s s00)) (* 36 r r00 x00))))
 (let ((?x142 (- (+ (- (+ ?x134 (* 54 r00 x)) ?x137) ?x139) (* 54 r x00))))
 (let ((?x149 (+ (- (+ ?x142 ?x143 (* 24 r s00)) (* 24 r00 s)) (* 36 r00 r00 x))))
 (let ((?x47 (* 3 s)))
 (let ((?x74 (+ (- (* (- 9) r s) (* 18 r00 x00)) ?x70 (* 2 s s) (* 18 r x) (* 6 r r00 s))))
 (let ((?x80 (+ (- (- ?x74 (* 6 r00 r00 s)) ?x76) (* 18 r00 x))))
 (let ((?x88 (+ (- (+ (- ?x80 ?x44) ?x82) (* 18 r x00)) ?x47 (* 9 r s00) (* 2 s s00))))
 (let (($x93 (= (- (- ?x88 (* 9 r00 s)) (* 6 r r00 s00)) 0)))
 (let ((?x56 (* 6 x)))
 (let ((?x43 (* 3 r)))
 (let ((?x46 (- (- (+ (* (- 2) r s) (* 12 r r00 r00)) ?x43) ?x44)))
 (let ((?x60 (+ (- (+ (- (+ ?x46 ?x47 ?x48) (* 4 r s00)) ?x54) ?x56) ?x59)))
 (and (= (- (+ (- s00 s) (* 3 r r)) ?x33) 0) (= (- ?x60 ?x61) 0) $x93 (= ?x149 0) (= (+ ?x207 ?x208) 0) $x360))))))))))))))))))))))))))))))))))))))))))))))))))))))))))))))))))))))))))))))))) :qid k!40))
 ))
 (let ((?x2272 (lambda ((r Int) (s Int) (x Int) )(let ((?x386 (* r00 r00)))
 (let ((?x400 (* (- 3) ?x386)))
 (let ((?x3772 (* 3 (* (+ 1 r) (+ 1 r)))))
 (let ((?x3496 (* (- 6) r)))
 (let ((?x365 (* (- 1) s)))
 (let ((?x1641 (* (- 6) (* (+ x ?x365) (+ x ?x365) (+ 3 s (* 6 r))))))
 (let ((?x211 (* 6 r)))
 (let ((?x2987 (+ 3 s ?x211)))
 (let ((?x1649 (+ x ?x365)))
 (let ((?x1996 (+ 1 r)))
 (let ((?x1665 (+ 6 (* 5 (* ?x2987 ?x2987)) (* 10 (* ?x1996 ?x1996 ?x1649 ?x1649 ?x2987)) ?x1641)))
 (let (($x1514 (not (= (* ?x1665 (+ (- 3) s00 ?x365 ?x3496 ?x3772 ?x400)) 0))))
 (let ((?x1457 (* x00 x00)))
 (let ((?x824 (* 108 ?x1457)))
 (let ((?x1070 (* (- 54) r)))
 (let ((?x1820 (* (- 9) s)))
 (let ((?x2805 (* r00 r00 s00)))
 (let ((?x1015 (* (- 36) ?x2805)))
 (let ((?x137 (* 9 s00)))
 (let ((?x678 (* s00 s00)))
 (let ((?x3418 (* 51 ?x678)))
 (let ((?x2091 (* r00 r00 ?x2987)))
 (let ((?x3831 (* 36 ?x2091)))
 (let ((?x1295 (* s00 s00 s00)))
 (let ((?x2835 (* 16 ?x1295)))
 (let ((?x902 (* s00 x00)))
 (let ((?x2193 (* (- 108) ?x902)))
 (let ((?x2514 (* 216 (* r00 r00 r00 s00))))
 (let ((?x2449 (* r00 s00 s00)))
 (let ((?x1163 (* (- 108) ?x2449)))
 (let ((?x1009 (* r00 r00 r00 x00)))
 (let ((?x616 (* (- 432) ?x1009)))
 (let ((?x1154 (* (- 36) (* r00 r00 s00 s00))))
 (let ((?x2781 (* r00 s00)))
 (let ((?x2853 (* (- 54) ?x2781)))
 (let ((?x609 (* r00 x00)))
 (let ((?x1908 (* 108 ?x609)))
 (let ((?x676 (* 216 (* r00 s00 x00))))
 (let ((?x2133 (+ ?x676 ?x1908 ?x2853 (* 15 (* ?x2987 ?x2987)) (* (- 216) (* r00 r00 r00 ?x2987)) ?x1154 (* (- 4) (* ?x2987 ?x2987 ?x2987)) (* 108 (* ?x1649 ?x1649)) ?x616 (* (- 12) (* s00 ?x2987 ?x2987)) (* 108 (* s00 ?x1649)) ?x1163 ?x2514 (* 108 (* x00 ?x2987)) (* 432 (* r00 r00 r00 ?x1649)) (* (- 66) (* s00 ?x2987)) (* 108 (* r00 s00 ?x2987)) ?x2193 (* (- 216) (* r00 s00 ?x1649)) (* 36 (* r00 r00 ?x2987 ?x2987)) ?x2835 (* (- 108) (* ?x1649 ?x2987)) ?x3831 ?x3418 (* (- 108) (* r00 ?x1649)) ?x137 ?x1015 ?x1820 ?x1070 (* 54 (* r00 ?x2987)) (* (- 216) (* x00 ?x1649)) ?x824)))
 (let (($x2140 (not (= ?x2133 27))))
 (let ((?x143 (* 9 s)))
 (let ((?x1988 (* 36 ?x2805)))
 (let ((?x1084 (* (- 9) s00)))
 (let ((?x1013 (* (- 15) ?x678)))
 (let ((?x974 (* r00 r00 x00)))
 (let ((?x987 (* (- 36) ?x974)))
 (let ((?x903 (* 6 ?x902)))
 (let ((?x2089 (* (- 2) ?x2449)))
 (let ((?x2842 (* 24 ?x2781)))
 (let ((?x646 (* (- 54) ?x609)))
 (let ((?x2778 (+ (* (- 24) (* ?x1996 ?x2987)) ?x646 (* 36 (* r00 ?x1996 ?x1649)) ?x2842 (* 3 (* ?x2987 ?x2987)) (* 54 (* ?x1996 ?x1649)) (* (- 6) (* s00 ?x1649)) (* 4 (* r00 ?x2987 ?x2987)) ?x2089 (* (- 6) (* x00 ?x2987)) (* 12 (* s00 ?x2987)) (* (- 2) (* r00 s00 ?x2987)) ?x903 (* 2 (* ?x1996 ?x2987 ?x2987)) (* 6 (* ?x1649 ?x2987)) (* (- 4) (* s00 s00 ?x1996)) (* (- 36) ?x2091) ?x987 ?x1013 (* 2 (* s00 ?x1996 ?x2987)) (* (- 36) (* r00 x00 ?x1996)) (* 54 (* r00 ?x1649)) ?x1084 ?x1988 (* (- 54) (* x00 ?x1996)) ?x143 (* 54 r) (* 24 (* s00 ?x1996)) (* (- 24) (* r00 ?x2987)) (* 36 (* r00 r00 ?x1649)))))
 (let ((?x47 (* 3 s)))
 (let ((?x3077 (* 6 ?x2805)))
 (let ((?x465 (* (- 3) s00)))
 (let ((?x691 (* (- 4) ?x678)))
 (let ((?x1746 (* 9 ?x2781)))
 (let ((?x623 (* (- 18) ?x609)))
 (let ((?x1045 (+ (* (- 9) (* ?x1996 ?x2987)) ?x623 ?x1746 (* 2 (* ?x2987 ?x2987)) (* 18 (* ?x1996 ?x1649)) (* 6 (* r00 ?x1996 ?x2987)) (* (- 6) ?x2091) ?x691 (* 18 (* r00 ?x1649)) ?x465 ?x3077 (* (- 18) (* x00 ?x1996)) ?x47 (* 18 r) (* 9 (* s00 ?x1996)) (* 2 (* s00 ?x2987)) (* (- 9) (* r00 ?x2987)) (* (- 6) (* r00 s00 ?x1996)))))
 (let ((?x556 (* r00 r00 r00)))
 (let ((?x570 (* (- 12) ?x556)))
 (let ((?x59 (* 6 x00)))
 (let ((?x535 (* (- 6) x)))
 (let ((?x2911 (* 6 ?x2781)))
 (let ((?x48 (* 3 r00)))
 (let ((?x1802 (+ (* (- 2) (* ?x1996 ?x2987)) (* 12 (* r00 r00 ?x1996)) (* 15 r) ?x465 ?x143 ?x48 (* (- 4) (* s00 ?x1996)) ?x2911 ?x535 ?x59 ?x570)))
 (let (($x1157 (not (= (+ s00 ?x365 ?x3496 ?x3772 ?x400) 3))))
 (let (($x1498 (or $x1157 (not (= ?x1802 (- 6))) (not (= ?x1045 (- 9))) (not (= ?x2778 (- 27))) $x2140 $x1514)))
 (let ((?x1909 (* r00 r00 s)))
 (let ((?x3682 (* 36 ?x1909)))
 (let ((?x844 (+ ?x676 ?x1908 ?x2853 (* 15 (* s s)) (* (- 216) (* r00 r00 r00 s)) ?x1154 (* (- 4) (* s s s)) (* 108 (* x x)) ?x616 (* (- 12) (* s00 s s)) (* 108 (* s00 x)) ?x1163 ?x2514 (* 108 (* x00 s)) (* 432 (* r00 r00 r00 x)) (* (- 66) (* s00 s)) (* 108 (* r00 s00 s)) ?x2193 (* (- 216) (* r00 s00 x)) (* 36 (* r00 r00 s s)) ?x2835 (* (- 108) (* x s)) ?x3682 ?x3418 (* (- 108) (* r00 x)) ?x137 ?x1015 ?x1820 (* 54 (* r00 s)) (* (- 216) (* x00 x)) ?x824)))
 (let (($x851 (= ?x844 0)))
 (let ((?x2658 (* (- 36) ?x1909)))
 (let ((?x632 (* s s)))
 (let ((?x664 (* 3 ?x632)))
 (let ((?x2540 (+ (* (- 24) (* s r)) ?x646 (* 36 (* r00 x r)) ?x2842 ?x664 (* 54 (* x r)) (* (- 6) (* s00 x)) (* 4 (* r00 s s)) ?x2089 (* (- 6) (* x00 s)) (* 12 (* s00 s)) (* (- 2) (* r00 s00 s)) ?x903 (* 2 (* s s r)) (* 6 (* x s)) (* (- 4) (* s00 s00 r)) ?x2658 ?x987 ?x1013 (* 2 (* s00 s r)) (* (- 36) (* r00 x00 r)) (* 54 (* r00 x)) ?x1084 ?x1988 (* (- 54) (* x00 r)) ?x143 (* 24 (* s00 r)) (* (- 24) (* r00 s)) (* 36 (* r00 r00 x)))))
 (let ((?x633 (* 2 ?x632)))
 (let ((?x2624 (+ (* (- 9) (* s r)) ?x623 ?x1746 ?x633 (* 18 (* x r)) (* 6 (* r00 s r)) (* (- 6) ?x1909) ?x691 (* 18 (* r00 x)) ?x465 ?x3077 (* (- 18) (* x00 r)) ?x47 (* 9 (* s00 r)) (* 2 (* s00 s)) (* (- 9) (* r00 s)) (* (- 6) (* r00 s00 r)))))
 (let ((?x442 (* (- 3) r)))
 (let ((?x2536 (+ (* (- 2) (* s r)) (* 12 (* r00 r00 r)) ?x442 ?x465 ?x47 ?x48 (* (- 4) (* s00 r)) ?x2911 ?x535 ?x59 ?x570)))
 (let (($x3161 (= (+ s00 ?x365 (* 3 (* r r)) ?x400) 0)))
 (let (($x1521 (and $x3161 (= ?x2536 0) (= ?x2624 0) (= ?x2540 0) $x851 $x1498)))
 (let ((?x232 (- x s)))
 (let ((?x212 (+ s ?x211 3)))
 (let ((?x215 (+ r 1)))
 (let ((?x356 (- (+ 6 (* 5 ?x212 ?x212) (* 10 ?x215 ?x215 ?x212 ?x232 ?x232)) (* 6 ?x212 ?x232 ?x232))))
 (let ((?x33 (* 3 r00 r00)))
 (let ((?x218 (- (+ (- s00 ?x212) (* 3 ?x215 ?x215)) ?x33)))
 (let ((?x208 (* 108 x00 x00)))
 (let ((?x299 (* 9 ?x212)))
 (let ((?x139 (* 36 r00 r00 s00)))
 (let ((?x197 (* 51 s00 s00)))
 (let ((?x284 (* 36 r00 r00 ?x212)))
 (let ((?x192 (* 16 s00 s00 s00)))
 (let ((?x186 (* 108 s00 x00)))
 (let ((?x177 (* 216 r00 r00 r00 s00)))
 (let ((?x175 (* 108 r00 s00 s00)))
 (let ((?x169 (* 432 r00 r00 r00 x00)))
 (let ((?x161 (* 36 r00 r00 s00 s00)))
 (let ((?x157 (- (+ (* 216 r00 s00 x00) (* 108 r00 x00)) (* 54 r00 s00))))
 (let ((?x313 (- (- (+ ?x157 (* 15 ?x212 ?x212)) (* 216 r00 r00 r00 ?x212)) ?x161)))
 (let ((?x319 (- (- (+ (- ?x313 (* 4 ?x212 ?x212 ?x212)) (* 108 ?x232 ?x232)) ?x169) (* 12 ?x212 ?x212 s00))))
 (let ((?x325 (+ (- (+ ?x319 (* 108 s00 ?x232)) ?x175) ?x177 (* 108 ?x212 x00) (* 432 r00 r00 r00 ?x232))))
 (let ((?x331 (- (+ (- ?x325 (* 66 ?x212 s00)) (* 108 r00 ?x212 s00)) ?x186)))
 (let ((?x334 (+ (- ?x331 (* 216 r00 s00 ?x232)) (* 36 r00 r00 ?x212 ?x212) ?x192)))
 (let ((?x339 (- (+ (- ?x334 (* 108 ?x212 ?x232)) ?x284 ?x197) (* 108 r00 ?x232))))
 (let ((?x346 (- (+ (- (- (+ ?x339 ?x137) ?x139) ?x299) (* 54 r00 ?x212)) (* 216 ?x232 x00))))
 (let ((?x126 (* 15 s00 s00)))
 (let ((?x124 (* 36 r00 r00 x00)))
 (let ((?x118 (* 6 s00 x00)))
 (let ((?x110 (* 2 r00 s00 s00)))
 (let ((?x102 (* 24 r00 s00)))
 (let ((?x268 (+ (- (* (- 24) ?x215 ?x212) (* 54 r00 x00)) (* 36 ?x215 r00 ?x232) ?x102 (* 3 ?x212 ?x212) (* 54 ?x215 ?x232))))
 (let ((?x274 (- (+ (- ?x268 (* 6 s00 ?x232)) (* 4 r00 ?x212 ?x212)) ?x110)))
 (let ((?x279 (- (+ (- ?x274 (* 6 ?x212 x00)) (* 12 ?x212 s00)) (* 2 r00 ?x212 s00))))
 (let ((?x285 (- (+ ?x279 ?x118 (* 2 ?x215 ?x212 ?x212) (* 6 ?x212 ?x232)) (* 4 ?x215 s00 s00))))
 (let ((?x292 (- (+ (- (- (- ?x285 ?x284) ?x124) ?x126) (* 2 ?x215 ?x212 s00)) (* 36 ?x215 r00 x00))))
 (let ((?x298 (- (+ (- (+ ?x292 (* 54 r00 ?x232)) ?x137) ?x139) (* 54 ?x215 x00))))
 (let ((?x305 (+ (- (+ ?x298 ?x299 (* 24 ?x215 s00)) (* 24 r00 ?x212)) (* 36 r00 r00 ?x232))))
 (let ((?x227 (* 3 ?x212)))
 (let ((?x82 (* 6 r00 r00 s00)))
 (let ((?x44 (* 3 s00)))
 (let ((?x76 (* 4 s00 s00)))
 (let ((?x70 (* 9 r00 s00)))
 (let ((?x244 (+ (- (* (- 9) ?x215 ?x212) (* 18 r00 x00)) ?x70 (* 2 ?x212 ?x212) (* 18 ?x215 ?x232) (* 6 ?x215 r00 ?x212))))
 (let ((?x249 (+ (- (- ?x244 (* 6 r00 r00 ?x212)) ?x76) (* 18 r00 ?x232))))
 (let ((?x256 (+ (- (+ (- ?x249 ?x44) ?x82) (* 18 ?x215 x00)) ?x227 (* 9 ?x215 s00) (* 2 ?x212 s00))))
 (let (($x261 (= (- (- ?x256 (* 9 r00 ?x212)) (* 6 ?x215 r00 s00)) 0)))
 (let ((?x61 (* 12 r00 r00 r00)))
 (let ((?x54 (* 6 r00 s00)))
 (let ((?x225 (- (+ (* (- 2) ?x215 ?x212) (* 12 ?x215 r00 r00)) (* 3 ?x215))))
 (let ((?x234 (- (+ (- (+ (- ?x225 ?x44) ?x227 ?x48) (* 4 ?x215 s00)) ?x54) (* 6 ?x232))))
 (let (($x360 (or (not (= ?x218 0)) (not (= (- (+ ?x234 ?x59) ?x61) 0)) (not $x261) (not (= ?x305 0)) (not (= (+ ?x346 ?x208) 0)) (not (= (* ?x218 ?x356) 0)))))
 (let ((?x123 (* 36 r00 r00 s)))
 (let ((?x164 (- (- (+ ?x157 (* 15 s s)) (* 216 r00 r00 r00 s)) ?x161)))
 (let ((?x172 (- (- (+ (- ?x164 (* 4 s s s)) (* 108 x x)) ?x169) (* 12 s s s00))))
 (let ((?x180 (+ (- (+ ?x172 (* 108 s00 x)) ?x175) ?x177 (* 108 s x00) (* 432 r00 r00 r00 x))))
 (let ((?x188 (- (+ (- ?x180 (* 66 s s00)) (* 108 r00 s s00)) ?x186)))
 (let ((?x193 (+ (- ?x188 (* 216 r00 s00 x)) (* 36 r00 r00 s s) ?x192)))
 (let ((?x200 (- (+ (- ?x193 (* 108 s x)) ?x123 ?x197) (* 108 r00 x))))
 (let ((?x207 (- (+ (- (- (+ ?x200 ?x137) ?x139) ?x143) (* 54 r00 s)) (* 216 x x00))))
 (let ((?x105 (+ (- (* (- 24) r s) (* 54 r00 x00)) (* 36 r r00 x) ?x102 (* 3 s s) (* 54 r x))))
 (let ((?x112 (- (+ (- ?x105 (* 6 s00 x)) (* 4 r00 s s)) ?x110)))
 (let ((?x117 (- (+ (- ?x112 (* 6 s x00)) (* 12 s s00)) (* 2 r00 s s00))))
 (let ((?x127 (- (+ ?x117 ?x118 (* 2 r s s) (* 6 s x)) (* 4 r s00 s00))))
 (let ((?x134 (- (+ (- (- (- ?x127 ?x123) ?x124) ?x126) (* 2 r s s00)) (* 36 r r00 x00))))
 (let ((?x142 (- (+ (- (+ ?x134 (* 54 r00 x)) ?x137) ?x139) (* 54 r x00))))
 (let ((?x149 (+ (- (+ ?x142 ?x143 (* 24 r s00)) (* 24 r00 s)) (* 36 r00 r00 x))))
 (let ((?x74 (+ (- (* (- 9) r s) (* 18 r00 x00)) ?x70 (* 2 s s) (* 18 r x) (* 6 r r00 s))))
 (let ((?x80 (+ (- (- ?x74 (* 6 r00 r00 s)) ?x76) (* 18 r00 x))))
 (let ((?x88 (+ (- (+ (- ?x80 ?x44) ?x82) (* 18 r x00)) ?x47 (* 9 r s00) (* 2 s s00))))
 (let (($x93 (= (- (- ?x88 (* 9 r00 s)) (* 6 r r00 s00)) 0)))
 (let ((?x56 (* 6 x)))
 (let ((?x43 (* 3 r)))
 (let ((?x46 (- (- (+ (* (- 2) r s) (* 12 r r00 r00)) ?x43) ?x44)))
 (let ((?x60 (+ (- (+ (- (+ ?x46 ?x47 ?x48) (* 4 r s00)) ?x54) ?x56) ?x59)))
 (let (($x361 (and (= (- (+ (- s00 s) (* 3 r r)) ?x33) 0) (= (- ?x60 ?x61) 0) $x93 (= ?x149 0) (= (+ ?x207 ?x208) 0) $x360)))
 (rewrite (= $x361 $x1521)))))))))))))))))))))))))))))))))))))))))))))))))))))))))))))))))))))))))))))))))))))))))))))))))))))))))))))))))))))))))))))))))))))))))))))))))))))))))))))))
 ))
 (let ((@x363 (asserted $x362)))
 (let ((@x3842 (mp (mp @x363 (quant-intro (proof-bind ?x2272) (= $x362 $x1502)) $x1502) (rewrite (= $x1502 $x1502)) $x1502)))
 (let ((@x1611 (mp (mp @x3842 (quant-intro (proof-bind ?x711) (= $x1502 $x3425)) $x3425) (quant-intro (proof-bind ?x1003) (= $x3425 $x986)) $x986)))
 (let ((@x1772 (mp (mp~ @x1611 (sk (~ $x986 $x1581)) $x1581) (rewrite (= $x1581 $x3782)) $x3782)))
 (let ((@x2878 (and-elim @x1772 $x1686)))
 (let ((@x1162 (unit-resolution ((_ th-lemma arith triangle-eq) (or (not $x1686) $x2841)) @x2878 $x2841)))
 (let (($x3360 (>= ?x2381 0)))
 (let ((@x2740 (unit-resolution ((_ th-lemma arith triangle-eq) (or (not $x1686) $x3360)) @x2878 $x3360)))
 (let (($x2942 (<= ?x2668 0)))
 (let ((@x2040 (and-elim @x1772 $x955)))
 (let ((@x2119 (unit-resolution ((_ th-lemma arith triangle-eq) (or $x1616 $x2942)) @x2040 $x2942)))
 (let (($x2404 (>= ?x2668 0)))
 (let ((@x1321 (unit-resolution ((_ th-lemma arith triangle-eq) (or $x1616 $x2404)) @x2040 $x2404)))
 (let (($x1750 (<= ?x2958 0)))
 (let ((@x2630 (and-elim @x1772 $x2960)))
 (let ((@x981 (unit-resolution ((_ th-lemma arith triangle-eq) (or (not $x2960) $x1750)) @x2630 $x1750)))
 (let (($x1762 (>= ?x2958 0)))
 (let ((@x2480 (unit-resolution ((_ th-lemma arith triangle-eq) (or (not $x2960) $x1762)) @x2630 $x1762)))
 (let (($x3429 (<= ?x3744 0)))
 (let (($x3187 (<= ?x1994 0)))
 (let ((@x2972 (and-elim @x1772 $x1016)))
 (let ((@x3433 (unit-resolution ((_ th-lemma arith triangle-eq) (or (not $x1016) $x3187)) @x2972 $x3187)))
 (let (($x2117 (>= ?x1994 0)))
 (let ((@x1261 (unit-resolution ((_ th-lemma arith triangle-eq) (or (not $x1016) $x2117)) @x2972 $x2117)))
 (let ((@x1892 ((_ th-lemma arith) (hypothesis (not $x3429)) @x1321 @x2119 @x2480 @x981 @x2740 @x1162 @x2480 @x981 @x2740 @x1162 @x1321 @x2119 @x1261 @x3433 false)))
 (let ((@x1046 (lemma @x1892 $x3429)))
 (let (($x1863 (>= ?x3744 0)))
 (let ((@x2280 ((_ th-lemma arith) (hypothesis (not $x1863)) @x1321 @x2119 @x2480 @x981 @x2740 @x1162 @x2480 @x981 @x2740 @x1162 @x1321 @x2119 @x1261 @x3433 false)))
 (let ((@x1725 (lemma @x2280 $x1863)))
 (let (($x2477 (not (<= ?x1734 0))))
 (let (($x1676 (>= ?x1734 0)))
 (let ((@x2904 ((_ th-lemma arith) (hypothesis (not $x1676)) @x1321 @x2119 @x1725 @x1046 @x2480 @x981 @x1321 @x2119 @x2740 @x1162 false)))
 (let (($x3200 (>= ?x2116 0)))
 (let ((@x2586 ((_ th-lemma arith eq-propagate 0 0 0) (lemma ((_ th-lemma arith farkas 1 1 1) (hypothesis (not $x3200)) @x1321 @x2119 false) $x3200) @x1321 @x2119 $x2843)))
 (let ((@x2594 (unit-resolution ((_ th-lemma arith triangle-eq) (or $x2488 (not $x3429) (not $x1863))) @x1725 @x1046 $x2488)))
 (let ((@x1941 (unit-resolution (hypothesis $x754) ((_ th-lemma arith eq-propagate -4 -4 -1 -1) @x1321 @x2119 @x1261 @x3433 $x765) false)))
 (let (($x3596 (>= ?x2429 0)))
 (let (($x992 (<= ?x2347 0)))
 (let ((@x2879 (and-elim @x1772 $x2348)))
 (let ((@x1522 (unit-resolution ((_ th-lemma arith triangle-eq) (or (not $x2348) $x992)) @x2879 $x992)))
 (let (($x1287 (>= ?x2347 0)))
 (let ((@x1784 (unit-resolution ((_ th-lemma arith triangle-eq) (or (not $x2348) $x1287)) @x2879 $x1287)))
 (let ((@x1861 ((_ th-lemma arith) (hypothesis (not $x3596)) @x1321 @x2119 @x1784 @x1522 @x1321 @x2119 @x1261 @x3433 @x2480 @x981 @x2740 @x1162 @x2480 @x981 @x2740 @x1162 @x1261 @x3433 @x1321 @x2119 false)))
 (let (($x1694 (<= ?x2429 0)))
 (let ((@x2898 ((_ th-lemma arith) (hypothesis (not $x1694)) @x1321 @x2119 @x1784 @x1522 @x1321 @x2119 @x1261 @x3433 @x2480 @x981 @x2740 @x1162 @x2480 @x981 @x2740 @x1162 @x1261 @x3433 @x1321 @x2119 false)))
 (let ((@x3175 (unit-resolution ((_ th-lemma arith triangle-eq) (or $x1160 (not $x1694) (not $x3596))) (lemma @x2898 $x1694) (lemma @x1861 $x3596) $x1160)))
 (let ((@x2910 (unit-resolution (and-elim @x1772 $x1401) @x2040 (or $x754 $x1667 $x2057 $x2524 $x3115))))
 (let ((@x1056 (unit-resolution ((_ th-lemma arith triangle-eq) (or $x2873 $x2477 (not $x1676))) (unit-resolution @x2910 @x3175 (lemma @x1941 $x765) @x2594 @x2586 $x1667) (or $x2477 (not $x1676)))))
 ((_ th-lemma arith) (unit-resolution @x1056 (lemma @x2904 $x1676) $x2477) @x1321 @x2119 @x1725 @x1046 @x2480 @x981 @x1321 @x2119 @x2740 @x1162 false))))))))))))))))))))))))))))))))))))))))))))))))))))))))))))))))))))))))))))))))))))))))))))))))))))))))))))))))))))))))))))))))))))))))))))))))))))))))))))))))))))))))))))))))))))))))))))))))))))))))))))))))))))))))))))))))))))))))))))))))))))))))))))))))))))))))))))))))

(:added-eqs                 11
 :arith-assert-diseq        9
 :arith-assert-lower        95
 :arith-assert-upper        19
 :arith-conflicts           7
 :arith-eq-adapter          10
 :arith-fixed-eqs           2
 :arith-gcd-tests           29
 :arith-grobner             6
 :arith-max-min             1963
 :arith-nonlinear-bounds    77
 :arith-nonlinear-horner    49
 :arith-num-rows            10
 :arith-patches             13
 :arith-patches_succ        13
 :arith-pivots              9
 :arith-pseudo-nonlinear    2
 :arith-row-summations      26
 :arith-tableau-max-columns 168
 :arith-tableau-max-rows    10
 :conflicts                 8
 :decisions                 19
 :del-clause                36
 :final-checks              13
 :max-memory                6.46
 :memory                    3.56
 :mk-bool-var               36
 :mk-clause                 36
 :num-allocs                2651526416
 :num-checks                1
 :propagations              44
 :rlimit-count              4426953
 :time                      2.75
 :total-time                2.75)
