unsat
((set-logic NIA)
(declare-fun r!2 () Int)
(declare-fun x!0 () Int)
(declare-fun s!1 () Int)
(proof
(let ((?x2396 (* r00 r00 r!2)))
 (let ((?x1555 (* (- 12) ?x2396)))
 (let ((?x3676 (* 6 x!0)))
 (let ((?x1737 (* s00 r!2)))
 (let ((?x1547 (* 4 ?x1737)))
 (let ((?x1852 (* 3 r!2)))
 (let ((?x823 (* s!1 r!2)))
 (let ((?x2375 (* 2 ?x823)))
 (let ((?x1859 (* (- 3) s!1)))
 (let ((?x550 (* r00 r00 r00)))
 (let ((?x551 (* 12 ?x550)))
 (let ((?x507 (* s00 r00)))
 (let ((?x585 (* (- 6) ?x507)))
 (let ((?x582 (* (- 6) x00)))
 (let ((?x581 (* (- 3) r00)))
 (let ((?x44 (* 3 s00)))
 (let ((?x641 (+ ?x44 ?x581 ?x582 ?x585 ?x551 ?x1859 ?x2375 ?x1852 ?x1547 ?x3676 ?x1555)))
 (let (($x721 (<= ?x641 0)))
 (let (($x3128 (= ?x641 0)))
 (let ((?x3326 (* s!1 x!0)))
 (let ((?x3327 (* 6 ?x3326)))
 (let ((?x3180 (* r!2 x!0)))
 (let ((?x666 (* 90 ?x3180)))
 (let ((?x2694 (* s!1 s!1)))
 (let ((?x664 (* (- 1) ?x2694)))
 (let ((?x662 (* 72 x!0)))
 (let ((?x1323 (* r!2 r!2)))
 (let ((?x663 (* 108 ?x1323)))
 (let ((?x3261 (* 36 r!2)))
 (let ((?x1043 (* r!2 r!2 r!2)))
 (let ((?x1044 (* 72 ?x1043)))
 (let ((?x968 (* r00 r00 x00)))
 (let ((?x981 (* (- 36) ?x968)))
 (let ((?x896 (* s00 x00)))
 (let ((?x897 (* 6 ?x896)))
 (let ((?x773 (* s00 s00 r00)))
 (let ((?x791 (* (- 2) ?x773)))
 (let ((?x728 (* s00 r00 r00)))
 (let ((?x1091 (* 36 ?x728)))
 (let ((?x672 (* s00 s00)))
 (let ((?x2661 (* (- 19) ?x672)))
 (let ((?x3836 (* (- 57) s!1)))
 (let ((?x603 (* r00 x00)))
 (let ((?x2736 (* (- 90) ?x603)))
 (let ((?x2441 (* 18 ?x507)))
 (let ((?x380 (* r00 r00)))
 (let ((?x2606 (* (- 108) ?x380)))
 (let ((?x2830 (* (- 72) x00)))
 (let ((?x1387 (* (- 36) r00)))
 (let ((?x2874 (* 57 s00)))
 (let ((?x3405 (+ ?x2874 ?x1387 ?x2830 ?x2606 ?x2441 ?x2736 ?x3836 ?x2661 (* (- 6) (* x00 s!1)) ?x1091 ?x791 (* (- 42) ?x823) (* 36 (* r00 r!2 x!0)) ?x897 ?x981 ?x1044 (* (- 72) (* r00 r00 s!1)) (* (- 2) (* s00 r00 s!1)) ?x3261 ?x663 (* 144 (* r00 r!2 r!2)) (* (- 12) (* s00 r00 r!2)) (* 114 ?x1737) (* 90 (* r00 x!0)) ?x662 (* (- 90) (* x00 r!2)) (* 2 (* s00 s!1 r!2)) (* (- 6) (* s00 x!0)) (* (- 36) (* r00 x00 r!2)) (* 12 (* r00 s!1 r!2)) (* (- 216) ?x2396) ?x664 (* 2 (* s!1 s!1 r!2)) (* 4 (* r00 s!1 s!1)) (* 20 (* s00 s!1)) (* (- 90) (* r00 s!1)) (* 36 (* r00 r00 x!0)) (* (- 4) (* s00 s00 r!2)) ?x666 (* 24 (* s!1 r!2 r!2)) ?x3327 (* 12 (* s00 r!2 r!2)))))
 (let ((?x1122 (+ 1 r!2)))
 (let ((?x985 (* ?x1122 ?x1122 (+ 3 s!1 (* 6 r!2)) ?x3405)))
 (let (($x2515 (= ?x985 0)))
 (let (($x4095 (not $x2515)))
 (let ((?x3061 (* 324 ?x3326)))
 (let ((?x1749 (* 648 ?x3180)))
 (let ((?x2837 (* x!0 x!0)))
 (let ((?x2849 (* (- 108) ?x2837)))
 (let ((?x2833 (* s!1 s!1 s!1)))
 (let ((?x2834 (* 4 ?x2833)))
 (let ((?x1744 (* (- 195) ?x2694)))
 (let ((?x3860 (* 324 x!0)))
 (let ((?x1451 (* x00 x00)))
 (let ((?x1481 (* (- 108) ?x1451)))
 (let ((?x3861 (* 756 ?x1323)))
 (let ((?x2429 (* 162 r!2)))
 (let ((?x1289 (* s00 s00 s00)))
 (let ((?x1480 (* (- 16) ?x1289)))
 (let ((?x1177 (* s00 r00 r00 r00)))
 (let ((?x1476 (* (- 216) ?x1177)))
 (let ((?x1604 (* 864 ?x1043)))
 (let ((?x1003 (* r00 r00 r00 x00)))
 (let ((?x1004 (* 432 ?x1003)))
 (let ((?x1234 (* 108 ?x896)))
 (let ((?x860 (* s00 s00 r00 r00)))
 (let ((?x861 (* 36 ?x860)))
 (let ((?x1131 (* 108 ?x773)))
 (let ((?x1470 (* (- 51) ?x672)))
 (let ((?x3862 (* (- 297) s!1)))
 (let ((?x1467 (* (- 108) ?x603)))
 (let ((?x599 (* s00 r00 x00)))
 (let ((?x1466 (* (- 216) ?x599)))
 (let ((?x4164 (* 648 ?x550)))
 (let ((?x2804 (* (- 270) ?x507)))
 (let ((?x2798 (* (- 432) ?x380)))
 (let ((?x4158 (* (- 324) x00)))
 (let ((?x2793 (* (- 162) r00)))
 (let ((?x4157 (* 297 s00)))
 (let ((?x3879 (+ ?x4157 ?x2793 ?x4158 ?x2798 ?x2804 ?x4164 ?x1466 ?x1467 ?x3862 ?x1470 (* (- 324) (* x00 s!1)) ?x1091 ?x1131 (* (- 396) ?x823) ?x861 ?x1234 ?x1004 ?x1604 ?x1476 (* (- 252) (* r00 r00 s!1)) (* (- 324) (* s00 r00 s!1)) ?x1480 ?x2429 ?x3861 ?x1481 (* (- 1296) (* r00 r00 r!2 r!2)) (* (- 648) (* s00 r00 r!2)) (* 828 ?x1737) (* 108 (* r00 x!0)) (* 648 (* r00 r00 r00 s!1)) ?x3860 (* (- 648) (* x00 r!2)) (* 144 (* s00 s!1 r!2)) (* (- 108) (* s00 x!0)) (* (- 432) (* r00 r00 s!1 r!2)) (* (- 1512) ?x2396) (* 12 (* s00 s!1 s!1)) (* (- 324) (* r00 r!2)) ?x1744 (* (- 432) (* r00 r00 r00 x!0)) (* 216 (* x00 x!0)) (* 216 (* s00 r00 x!0)) (* (- 36) (* r00 r00 s!1 s!1)) (* 72 (* s!1 s!1 r!2)) ?x2834 ?x2849 (* 246 (* s00 s!1)) (* (- 162) (* r00 s!1)) ?x1749 (* 432 (* s!1 r!2 r!2)) ?x3061 (* 432 (* s00 r!2 r!2)) (* 1296 (* r00 r00 r00 r!2)))))
 (let (($x2498 (= ?x3879 0)))
 (let (($x1651 (not $x2498)))
 (let (($x2411 (= ?x3405 0)))
 (let (($x1168 (not $x2411)))
 (let ((?x3237 (* 18 ?x3180)))
 (let ((?x1106 (* 2 ?x2694)))
 (let ((?x1801 (* 18 x!0)))
 (let ((?x4032 (* 18 ?x1323)))
 (let ((?x2188 (* 9 r!2)))
 (let ((?x729 (* 6 ?x728)))
 (let ((?x685 (* (- 4) ?x672)))
 (let ((?x1159 (* (- 12) s!1)))
 (let ((?x617 (* (- 18) ?x603)))
 (let ((?x1989 (* 3 ?x507)))
 (let ((?x1999 (* (- 18) ?x380)))
 (let ((?x1769 (* (- 18) x00)))
 (let ((?x3090 (* (- 9) r00)))
 (let ((?x447 (* 12 s00)))
 (let ((?x1087 (+ ?x447 ?x3090 ?x1769 ?x1999 ?x1989 ?x617 ?x1159 ?x685 ?x729 (* (- 3) ?x823) (* (- 6) (* r00 r00 s!1)) ?x2188 ?x4032 (* 36 (* r00 r!2 r!2)) (* (- 6) (* s00 r00 r!2)) (* 21 ?x1737) (* 18 (* r00 x!0)) ?x1801 (* (- 18) (* x00 r!2)) (* 6 (* r00 s!1 r!2)) (* (- 36) ?x2396) ?x1106 (* 2 (* s00 s!1)) (* (- 21) (* r00 s!1)) ?x3237)))
 (let (($x1590 (= ?x1087 0)))
 (let (($x2580 (not $x1590)))
 (let ((?x2166 (* 12 ?x1323)))
 (let ((?x1407 (* (- 7) s!1)))
 (let ((?x3052 (* (- 12) ?x380)))
 (let ((?x2387 (* 7 s00)))
 (let ((?x499 (+ ?x2387 ?x581 ?x582 ?x3052 ?x585 ?x551 ?x1407 ?x2375 ?x1852 ?x2166 ?x1547 ?x3676 ?x1555)))
 (let (($x1172 (= ?x499 0)))
 (let (($x498 (not $x1172)))
 (let ((?x3044 (* (- 3) ?x380)))
 (let ((?x3438 (+ s00 ?x3044 (* (- 1) s!1) (* 3 ?x1323))))
 (let (($x3439 (= ?x3438 0)))
 (let (($x3242 (not $x3439)))
 (let (($x1663 (or $x3242 $x498 $x2580 $x1168 $x1651 $x4095)))
 (let ((?x1121 (* 108 ?x1451)))
 (let ((?x1777 (* 16 ?x1289)))
 (let ((?x1182 (* r00 r00 s!1)))
 (let ((?x2153 (* 36 ?x1182)))
 (let ((?x1156 (* (- 432) ?x1003)))
 (let ((?x1679 (* (- 108) ?x896)))
 (let ((?x1379 (* (- 36) ?x728)))
 (let ((?x1027 (* 51 ?x672)))
 (let ((?x3108 (* (- 9) s!1)))
 (let ((?x1879 (* 108 ?x603)))
 (let ((?x137 (* 9 s00)))
 (let ((?x3184 (+ ?x137 (* (- 54) ?x507) (* 216 ?x599) ?x1879 ?x3108 ?x1027 (* 108 (* x00 s!1)) ?x1379 (* (- 108) ?x773) (* (- 36) ?x860) ?x1679 ?x1156 (* 216 ?x1177) ?x2153 (* 108 (* s00 r00 s!1)) ?x1777 ?x1121 (* (- 108) (* r00 x!0)) (* (- 216) (* r00 r00 r00 s!1)) (* 108 (* s00 x!0)) (* (- 12) (* s00 s!1 s!1)) (* 15 ?x2694) (* 432 (* r00 r00 r00 x!0)) (* (- 216) (* x00 x!0)) (* (- 216) (* s00 r00 x!0)) (* 36 (* r00 r00 s!1 s!1)) (* (- 4) ?x2833) (* 108 ?x2837) (* (- 66) (* s00 s!1)) (* 54 (* r00 s!1)) (* (- 108) ?x3326))))
 (let (($x3284 (= ?x3184 0)))
 (let ((?x969 (* 36 ?x968)))
 (let ((?x2990 (* (- 6) ?x896)))
 (let ((?x774 (* 2 ?x773)))
 (let ((?x832 (* 15 ?x672)))
 (let ((?x2399 (* 54 ?x603)))
 (let ((?x1781 (+ ?x137 (* (- 24) ?x507) ?x2399 ?x3108 ?x832 (* 6 (* x00 s!1)) ?x1379 ?x774 (* 24 ?x823) (* (- 36) (* r00 r!2 x!0)) ?x2990 ?x969 ?x2153 (* 2 (* s00 r00 s!1)) (* (- 24) ?x1737) (* (- 54) (* r00 x!0)) (* 54 (* x00 r!2)) (* (- 2) (* s00 s!1 r!2)) (* 6 (* s00 x!0)) (* 36 (* r00 x00 r!2)) (* (- 3) ?x2694) (* (- 2) (* s!1 s!1 r!2)) (* (- 4) (* r00 s!1 s!1)) (* (- 12) (* s00 s!1)) (* 24 (* r00 s!1)) (* (- 36) (* r00 r00 x!0)) (* 4 (* s00 s00 r!2)) (* (- 54) ?x3180) (* (- 6) ?x3326))))
 (let (($x1739 (= ?x1781 0)))
 (let ((?x2208 (* (- 6) ?x728)))
 (let ((?x673 (* 4 ?x672)))
 (let ((?x604 (* 18 ?x603)))
 (let ((?x1250 (+ ?x44 (* (- 9) ?x507) ?x604 ?x1859 ?x673 ?x2208 (* 9 ?x823) (* 6 ?x1182) (* 6 (* s00 r00 r!2)) (* (- 9) ?x1737) (* (- 18) (* r00 x!0)) (* 18 (* x00 r!2)) (* (- 6) (* r00 s!1 r!2)) (* (- 2) ?x2694) (* (- 2) (* s00 s!1)) (* 9 (* r00 s!1)) (* (- 18) ?x3180))))
 (let (($x1162 (= ?x1250 0)))
 (let (($x2518 (and $x3439 $x3128 $x1162 $x1739 $x3284 $x1663)))
 (let ((?x2922 (* 36 (* x!0 r00 r00))))
 (let ((?x1332 (* (- 36) (* r!2 r00 x00))))
 (let ((?x1314 (* r!2 s!1 s00)))
 (let ((?x2368 (* 2 ?x1314)))
 (let ((?x2249 (* (- 4) (* r!2 s00 s00))))
 (let ((?x514 (* r!2 s!1 s!1)))
 (let ((?x903 (* 2 ?x514)))
 (let ((?x594 (* s!1 s00 r00)))
 (let ((?x3910 (* (- 2) ?x594)))
 (let ((?x1767 (* s!1 x00)))
 (let ((?x593 (* (- 6) ?x1767)))
 (let ((?x3410 (* 4 (* s!1 s!1 r00))))
 (let ((?x3522 (* x!0 s00)))
 (let ((?x1755 (* (- 6) ?x3522)))
 (let ((?x403 (* 36 (* r!2 x!0 r00))))
 (let ((?x2117 (+ ?x3261 ?x3836 ?x662 ?x2874 ?x1387 ?x2830 ?x663 ?x2606 (* (- 42) (* r!2 s!1)) (* (- 216) (* r!2 r00 r00)) (* 114 (* r!2 s00)) ?x2441 ?x2736 ?x664 ?x666 (* 12 (* r!2 s!1 r00)) (* (- 72) (* s!1 r00 r00)) ?x403 ?x2661 (* 90 (* x!0 r00)) ?x1755 ?x1091 (* (- 90) (* r!2 x00)) ?x3410 (* 20 (* s!1 s00)) ?x791 (* (- 90) (* s!1 r00)) (* (- 12) (* r!2 s00 r00)) ?x593 ?x3910 ?x897 ?x903 ?x3327 ?x2249 ?x981 ?x2368 ?x1332 ?x2922 (* 144 (* r!2 r!2 r00)) ?x1044 (* 24 (* r!2 r!2 s!1)) (* 12 (* r!2 r!2 s00)))))
 (let ((?x1403 (* 216 (* x!0 x00))))
 (let ((?x2608 (* (- 36) (* s!1 s!1 r00 r00))))
 (let ((?x3725 (* 216 (* x!0 s00 r00))))
 (let ((?x2850 (* (- 432) (* x!0 r00 r00 r00))))
 (let ((?x2857 (* 12 (* s!1 s!1 s00))))
 (let ((?x2937 (* (- 108) ?x3522)))
 (let ((?x2731 (* x!0 r00)))
 (let ((?x687 (* 108 ?x2731)))
 (let ((?x1053 (+ ?x2429 ?x3862 ?x3860 ?x4157 ?x2793 ?x4158 ?x3861 ?x2798 (* (- 396) (* r!2 s!1)) (* (- 1512) (* r!2 r00 r00)) (* 828 (* r!2 s00)) ?x2804 ?x4164 ?x1466 ?x1467 ?x1744 ?x1749 (* (- 252) (* s!1 r00 r00)) ?x1470 ?x687 ?x2937 ?x1091 (* (- 648) (* r!2 x00)) (* 648 (* s!1 r00 r00 r00)) (* 246 (* s!1 s00)) ?x1131 (* (- 162) (* s!1 r00)) (* (- 648) (* r!2 s00 r00)) (* (- 324) ?x1767) ?x861 (* (- 324) ?x594) ?x1234 (* 72 ?x514) ?x3061 ?x2834 ?x2849 ?x1004 (* 144 ?x1314) ?x2857 ?x1476 ?x2850 ?x3725 ?x2608 ?x1480 ?x1403 ?x1481 (* (- 324) (* r!2 r00)) (* (- 1296) (* r!2 r!2 r00 r00)) (* (- 432) (* r!2 s!1 r00 r00)) (* 1296 (* r!2 r00 r00 r00)) ?x1604 (* 432 (* r!2 r!2 s!1)) (* 432 (* r!2 r!2 s00)))))
 (let ((?x3679 (* r!2 s00 r00)))
 (let ((?x3680 (* (- 6) ?x3679)))
 (let ((?x1860 (* s!1 s00)))
 (let ((?x3678 (* 2 ?x1860)))
 (let ((?x1849 (* r!2 x00)))
 (let ((?x1851 (* (- 18) ?x1849)))
 (let ((?x2733 (* 18 ?x2731)))
 (let ((?x2724 (* s!1 r00 r00)))
 (let ((?x2730 (* (- 6) ?x2724)))
 (let ((?x1120 (* r!2 s!1 r00)))
 (let ((?x902 (* 6 ?x1120)))
 (let ((?x660 (+ ?x2188 ?x1159 ?x1801 ?x447 ?x3090 ?x1769 ?x4032 ?x1999 (* (- 3) (* r!2 s!1)) (* (- 36) (* r!2 r00 r00)) (* 21 (* r!2 s00)) ?x1989 ?x617 ?x1106 ?x3237 ?x902 ?x2730 ?x685 ?x2733 ?x729 ?x1851 ?x3678 (* (- 21) (* s!1 r00)) ?x3680 (* 36 (* r!2 r!2 r00)))))
 (let ((?x2779 (* r!2 s00)))
 (let ((?x2764 (* 4 ?x2779)))
 (let ((?x3730 (* r!2 r00 r00)))
 (let ((?x509 (* (- 12) ?x3730)))
 (let ((?x3720 (* r!2 s!1)))
 (let ((?x3729 (* 2 ?x3720)))
 (let ((?x2185 (+ ?x1852 ?x1407 ?x3676 ?x2387 ?x581 ?x582 ?x2166 ?x3052 ?x3729 ?x509 ?x2764 ?x585 ?x551)))
 (let (($x496 (= (+ s!1 (* (- 1) s00) (* (- 3) ?x1323) (* 3 ?x380)) 0)))
 (let (($x683 (or (not $x496) (not (= ?x2185 0)) (not (= ?x660 0)) (not (= ?x2117 0)) (not (= ?x1053 0)) (not (= (* ?x1122 ?x1122 (+ 3 (* 6 r!2) s!1) ?x2117) 0)))))
 (let ((?x2625 (* (- 36) ?x2724)))
 (let ((?x609 (* 54 ?x507)))
 (let ((?x1078 (* (- 9) s00)))
 (let ((?x2604 (* 9 s!1)))
 (let ((?x934 (+ ?x2604 ?x1078 ?x609 ?x1466 ?x1467 (* (- 15) ?x2694) ?x2625 ?x1470 ?x687 ?x2937 ?x1091 (* 216 (* s!1 r00 r00 r00)) (* 66 ?x1860) ?x1131 (* (- 54) (* s!1 r00)) (* (- 108) ?x1767) ?x861 (* (- 108) ?x594) ?x1234 (* 108 ?x3326) ?x2834 ?x2849 ?x1004 ?x2857 ?x1476 ?x2850 ?x3725 ?x2608 ?x1480 ?x1403 ?x1481)))
 (let ((?x1007 (* (- 15) ?x672)))
 (let ((?x640 (* (- 54) ?x603)))
 (let ((?x655 (* 24 ?x507)))
 (let ((?x2926 (+ ?x2604 ?x1078 (* (- 24) ?x3720) (* 24 ?x2779) ?x655 ?x640 (* 3 ?x2694) (* 54 ?x3180) ?x2625 ?x403 ?x1007 (* 54 ?x2731) ?x1755 ?x1091 (* (- 54) ?x1849) ?x3410 (* 12 ?x1860) ?x791 (* (- 24) (* s!1 r00)) ?x593 ?x3910 ?x897 ?x903 ?x3327 ?x2249 ?x981 ?x2368 ?x1332 ?x2922)))
 (let ((?x622 (* 9 ?x507)))
 (let ((?x459 (* (- 3) s00)))
 (let ((?x3681 (+ (* 3 s!1) ?x459 (* (- 9) ?x3720) (* 9 ?x2779) ?x622 ?x617 ?x1106 ?x3237 ?x902 ?x2730 ?x685 ?x2733 ?x729 ?x1851 ?x3678 (* (- 9) (* s!1 r00)) ?x3680)))
 (let (($x2289 (= (+ ?x1852 ?x1859 ?x3676 ?x44 ?x581 ?x582 ?x3729 ?x509 ?x2764 ?x585 ?x551) 0)))
 (let (($x682 (and $x496 $x2289 (= ?x3681 0) (= ?x2926 0) (= ?x934 0) $x683)))
 (let (($x1014 (exists ((r Int) (s Int) (x Int) )(! (let ((?x1164 (* 36 (* x r00 r00))))
 (let ((?x1032 (* r r00 x00)))
 (let ((?x1045 (* (- 36) ?x1032)))
 (let ((?x1020 (* r s s00)))
 (let ((?x1021 (* 2 ?x1020)))
 (let ((?x968 (* r00 r00 x00)))
 (let ((?x981 (* (- 36) ?x968)))
 (let ((?x916 (* r s00 s00)))
 (let ((?x929 (* (- 4) ?x916)))
 (let ((?x904 (* s x)))
 (let ((?x905 (* 6 ?x904)))
 (let ((?x900 (* r s s)))
 (let ((?x901 (* 2 ?x900)))
 (let ((?x896 (* s00 x00)))
 (let ((?x897 (* 6 ?x896)))
 (let ((?x870 (* s s00 r00)))
 (let ((?x883 (* (- 2) ?x870)))
 (let ((?x819 (* s x00)))
 (let ((?x846 (* (- 6) ?x819)))
 (let ((?x807 (* r s00 r00)))
 (let ((?x2444 (* (- 12) ?x807)))
 (let ((?x773 (* s00 s00 r00)))
 (let ((?x791 (* (- 2) ?x773)))
 (let ((?x769 (* s s00)))
 (let ((?x2697 (* 20 ?x769)))
 (let ((?x746 (* 4 (* s s r00))))
 (let ((?x740 (* r x00)))
 (let ((?x2831 (* (- 90) ?x740)))
 (let ((?x728 (* s00 r00 r00)))
 (let ((?x1091 (* 36 ?x728)))
 (let ((?x702 (* x s00)))
 (let ((?x717 (* (- 6) ?x702)))
 (let ((?x672 (* s00 s00)))
 (let ((?x2661 (* (- 19) ?x672)))
 (let ((?x650 (* 36 (* r x r00))))
 (let ((?x603 (* r00 x00)))
 (let ((?x2736 (* (- 90) ?x603)))
 (let ((?x507 (* s00 r00)))
 (let ((?x2441 (* 18 ?x507)))
 (let ((?x430 (* r r00 r00)))
 (let ((?x2614 (* (- 216) ?x430)))
 (let ((?x380 (* r00 r00)))
 (let ((?x2606 (* (- 108) ?x380)))
 (let ((?x2830 (* (- 72) x00)))
 (let ((?x1387 (* (- 36) r00)))
 (let ((?x2874 (* 57 s00)))
 (let ((?x2532 (* 72 x)))
 (let ((?x3614 (+ (* 36 r) (* (- 57) s) ?x2532 ?x2874 ?x1387 ?x2830 (* 108 (* r r)) ?x2606 (* (- 42) (* r s)) ?x2614 (* 114 (* r s00)) ?x2441 ?x2736 (* (- 1) (* s s)) (* 90 (* r x)) (* 12 (* r s r00)) (* (- 72) (* s r00 r00)) ?x650 ?x2661 (* 90 (* x r00)) ?x717 ?x1091 ?x2831 ?x746 ?x2697 ?x791 (* (- 90) (* s r00)) ?x2444 ?x846 ?x883 ?x897 ?x901 ?x905 ?x929 ?x981 ?x1021 ?x1045 ?x1164 (* 144 (* r r r00)) (* 72 (* r r r)) (* 24 (* r r s)) (* 12 (* r r s00)))))
 (let ((?x211 (* 6 r)))
 (let ((?x1488 (+ 3 ?x211 s)))
 (let ((?x1521 (+ 1 r)))
 (let ((?x3544 (* r r s00)))
 (let ((?x4198 (* 432 ?x3544)))
 (let ((?x3352 (* r r s)))
 (let ((?x4194 (* 432 ?x3352)))
 (let ((?x3343 (* r r r)))
 (let ((?x4193 (* 864 ?x3343)))
 (let ((?x4191 (* 1296 (* r r00 r00 r00))))
 (let ((?x1451 (* x00 x00)))
 (let ((?x1481 (* (- 108) ?x1451)))
 (let ((?x1426 (* 216 (* x x00))))
 (let ((?x1289 (* s00 s00 s00)))
 (let ((?x1480 (* (- 16) ?x1289)))
 (let ((?x1478 (* (- 36) (* s s r00 r00))))
 (let ((?x1260 (* 216 (* x s00 r00))))
 (let ((?x1477 (* (- 432) (* x r00 r00 r00))))
 (let ((?x1177 (* s00 r00 r00 r00)))
 (let ((?x1476 (* (- 216) ?x1177)))
 (let ((?x1062 (* 12 (* s s s00))))
 (let ((?x4174 (* 144 ?x1020)))
 (let ((?x1003 (* r00 r00 r00 x00)))
 (let ((?x1004 (* 432 ?x1003)))
 (let ((?x973 (* x x)))
 (let ((?x1475 (* (- 108) ?x973)))
 (let ((?x910 (* s s s)))
 (let ((?x912 (* 4 ?x910)))
 (let ((?x4173 (* 72 ?x900)))
 (let ((?x1234 (* 108 ?x896)))
 (let ((?x860 (* s00 s00 r00 r00)))
 (let ((?x861 (* 36 ?x860)))
 (let ((?x4171 (* (- 324) ?x819)))
 (let ((?x1131 (* 108 ?x773)))
 (let ((?x1471 (* (- 108) ?x702)))
 (let ((?x698 (* x r00)))
 (let ((?x1337 (* 108 ?x698)))
 (let ((?x1470 (* (- 51) ?x672)))
 (let ((?x630 (* r x)))
 (let ((?x4167 (* 648 ?x630)))
 (let ((?x1467 (* (- 108) ?x603)))
 (let ((?x599 (* s00 r00 x00)))
 (let ((?x1466 (* (- 216) ?x599)))
 (let ((?x550 (* r00 r00 r00)))
 (let ((?x4164 (* 648 ?x550)))
 (let ((?x2804 (* (- 270) ?x507)))
 (let ((?x480 (* r s00)))
 (let ((?x4163 (* 828 ?x480)))
 (let ((?x2798 (* (- 432) ?x380)))
 (let ((?x4158 (* (- 324) x00)))
 (let ((?x2793 (* (- 162) r00)))
 (let ((?x4157 (* 297 s00)))
 (let ((?x3873 (* 324 x)))
 (let ((?x2828 (+ (* 162 r) (* (- 297) s) ?x3873 ?x4157 ?x2793 ?x4158 (* 756 (* r r)) ?x2798 (* (- 396) (* r s)) (* (- 1512) ?x430) ?x4163 ?x2804 ?x4164 ?x1466 ?x1467 (* (- 195) (* s s)) ?x4167 (* (- 252) (* s r00 r00)) ?x1470 ?x1337 ?x1471 ?x1091 (* (- 648) ?x740) (* 648 (* s r00 r00 r00)) (* 246 ?x769) ?x1131 (* (- 162) (* s r00)) (* (- 648) ?x807) ?x4171 ?x861 (* (- 324) ?x870) ?x1234 ?x4173 (* 324 ?x904) ?x912 ?x1475 ?x1004 ?x4174 ?x1062 ?x1476 ?x1477 ?x1260 ?x1478 ?x1480 ?x1426 ?x1481 (* (- 324) (* r r00)) (* (- 1296) (* r r r00 r00)) (* (- 432) (* r s r00 r00)) ?x4191 ?x4193 ?x4194 ?x4198)))
 (let ((?x820 (* (- 6) ?x807)))
 (let ((?x770 (* 2 ?x769)))
 (let ((?x753 (* (- 18) ?x740)))
 (let ((?x729 (* 6 ?x728)))
 (let ((?x699 (* 18 ?x698)))
 (let ((?x685 (* (- 4) ?x672)))
 (let ((?x646 (* s r00 r00)))
 (let ((?x659 (* (- 6) ?x646)))
 (let ((?x634 (* r s r00)))
 (let ((?x635 (* 6 ?x634)))
 (let ((?x631 (* 18 ?x630)))
 (let ((?x626 (* s s)))
 (let ((?x627 (* 2 ?x626)))
 (let ((?x617 (* (- 18) ?x603)))
 (let ((?x1989 (* 3 ?x507)))
 (let ((?x1999 (* (- 18) ?x380)))
 (let ((?x1769 (* (- 18) x00)))
 (let ((?x3090 (* (- 9) r00)))
 (let ((?x447 (* 12 s00)))
 (let ((?x2026 (+ (* 9 r) (* (- 12) s) (* 18 x) ?x447 ?x3090 ?x1769 (* 18 (* r r)) ?x1999 (* (- 3) (* r s)) (* (- 36) ?x430) (* 21 ?x480) ?x1989 ?x617 ?x627 ?x631 ?x635 ?x659 ?x685 ?x699 ?x729 ?x753 ?x770 (* (- 21) (* s r00)) ?x820 (* 36 (* r r r00)))))
 (let ((?x551 (* 12 ?x550)))
 (let ((?x585 (* (- 6) ?x507)))
 (let ((?x481 (* 4 ?x480)))
 (let ((?x584 (* (- 12) ?x430)))
 (let ((?x424 (* r s)))
 (let ((?x583 (* 2 ?x424)))
 (let ((?x3052 (* (- 12) ?x380)))
 (let ((?x582 (* (- 6) x00)))
 (let ((?x581 (* (- 3) r00)))
 (let ((?x2387 (* 7 s00)))
 (let ((?x56 (* 6 x)))
 (let ((?x43 (* 3 r)))
 (let ((?x1102 (+ ?x43 (* (- 7) s) ?x56 ?x2387 ?x581 ?x582 (* 12 (* r r)) ?x3052 ?x583 ?x584 ?x481 ?x585 ?x551)))
 (let (($x413 (= (+ s (* (- 1) s00) (* (- 3) (* r r)) (* 3 ?x380)) 0)))
 (let (($x1012 (or (not $x413) (not (= ?x1102 0)) (not (= ?x2026 0)) (not (= ?x3614 0)) (not (= ?x2828 0)) (not (= (* ?x1521 ?x1521 ?x1488 ?x3614) 0)))))
 (let ((?x1301 (* 108 ?x904)))
 (let ((?x751 (* s r00 r00 r00)))
 (let ((?x752 (* 216 ?x751)))
 (let ((?x955 (* (- 36) ?x646)))
 (let ((?x609 (* 54 ?x507)))
 (let ((?x1078 (* (- 9) s00)))
 (let ((?x143 (* 9 s)))
 (let ((?x1482 (+ ?x143 ?x1078 ?x609 ?x1466 ?x1467 (* (- 15) ?x626) ?x955 ?x1470 ?x1337 ?x1471 ?x1091 ?x752 (* 66 ?x769) ?x1131 (* (- 54) (* s r00)) (* (- 108) ?x819) ?x861 (* (- 108) ?x870) ?x1234 ?x1301 ?x912 ?x1475 ?x1004 ?x1062 ?x1476 ?x1477 ?x1260 ?x1478 ?x1480 ?x1426 ?x1481)))
 (let (($x1483 (= ?x1482 0)))
 (let ((?x781 (* s r00)))
 (let ((?x1150 (* (- 24) ?x781)))
 (let ((?x1007 (* (- 15) ?x672)))
 (let ((?x676 (* 54 ?x630)))
 (let ((?x658 (* 3 ?x626)))
 (let ((?x640 (* (- 54) ?x603)))
 (let ((?x655 (* 24 ?x507)))
 (let ((?x1127 (* 24 ?x480)))
 (let ((?x602 (* (- 24) ?x424)))
 (let ((?x1170 (+ ?x143 ?x1078 ?x602 ?x1127 ?x655 ?x640 ?x658 ?x676 ?x955 ?x650 ?x1007 (* 54 ?x698) ?x717 ?x1091 (* (- 54) ?x740) ?x746 (* 12 ?x769) ?x791 ?x1150 ?x846 ?x883 ?x897 ?x901 ?x905 ?x929 ?x981 ?x1021 ?x1045 ?x1164)))
 (let (($x1175 (= ?x1170 0)))
 (let ((?x622 (* 9 ?x507)))
 (let ((?x459 (* (- 3) s00)))
 (let ((?x47 (* 3 s)))
 (let ((?x826 (+ ?x47 ?x459 (* (- 9) ?x424) (* 9 ?x480) ?x622 ?x617 ?x627 ?x631 ?x635 ?x659 ?x685 ?x699 ?x729 ?x753 ?x770 (* (- 9) ?x781) ?x820)))
 (let (($x833 (= ?x826 0)))
 (let ((?x44 (* 3 s00)))
 (let ((?x580 (* (- 3) s)))
 (let (($x587 (= (+ ?x43 ?x580 ?x56 ?x44 ?x581 ?x582 ?x583 ?x584 ?x481 ?x585 ?x551) 0)))
 (and $x413 $x587 $x833 $x1175 $x1483 $x1012)))))))))))))))))))))))))))))))))))))))))))))))))))))))))))))))))))))))))))))))))))))))))))))))))))))))))))))))))))))))))))))))))))))))))))))))))))))))))))))))))))))) :qid k!40))
 ))
 (let (($x3526 (exists ((r Int) (s Int) (x Int) )(! (let ((?x359 (* (- 1) s)))
 (let ((?x1710 (+ x ?x359)))
 (let ((?x1382 (* r00 r00 ?x1710)))
 (let ((?x1383 (* 36 ?x1382)))
 (let ((?x211 (* 6 r)))
 (let ((?x3362 (+ 3 s ?x211)))
 (let ((?x1167 (* r00 ?x3362)))
 (let ((?x3420 (* (- 24) ?x1167)))
 (let ((?x1521 (+ 1 r)))
 (let ((?x522 (* s00 ?x1521)))
 (let ((?x1722 (* 24 ?x522)))
 (let ((?x1919 (* 54 r)))
 (let ((?x143 (* 9 s)))
 (let ((?x2607 (* x00 ?x1521)))
 (let ((?x3558 (* (- 54) ?x2607)))
 (let ((?x3293 (* r00 r00 s00)))
 (let ((?x2176 (* 36 ?x3293)))
 (let ((?x1078 (* (- 9) s00)))
 (let ((?x1853 (* r00 ?x1710)))
 (let ((?x2740 (* 54 ?x1853)))
 (let ((?x637 (* r00 x00 ?x1521)))
 (let ((?x701 (* (- 36) ?x637)))
 (let ((?x2024 (* s00 ?x1521 ?x3362)))
 (let ((?x1990 (* 2 ?x2024)))
 (let ((?x672 (* s00 s00)))
 (let ((?x1007 (* (- 15) ?x672)))
 (let ((?x968 (* r00 r00 x00)))
 (let ((?x981 (* (- 36) ?x968)))
 (let ((?x1762 (* r00 r00 ?x3362)))
 (let ((?x4086 (* (- 36) ?x1762)))
 (let ((?x1038 (* s00 s00 ?x1521)))
 (let ((?x854 (* (- 4) ?x1038)))
 (let ((?x1969 (* ?x1710 ?x3362)))
 (let ((?x1970 (* 6 ?x1969)))
 (let ((?x4038 (* ?x1521 ?x3362 ?x3362)))
 (let ((?x1950 (* 2 ?x4038)))
 (let ((?x896 (* s00 x00)))
 (let ((?x897 (* 6 ?x896)))
 (let ((?x3992 (* r00 s00 ?x3362)))
 (let ((?x1785 (* (- 2) ?x3992)))
 (let ((?x1255 (* s00 ?x3362)))
 (let ((?x1738 (* 12 ?x1255)))
 (let ((?x1414 (* x00 ?x3362)))
 (let ((?x1171 (* (- 6) ?x1414)))
 (let ((?x3395 (* r00 s00 s00)))
 (let ((?x2383 (* (- 2) ?x3395)))
 (let ((?x3704 (* r00 ?x3362 ?x3362)))
 (let ((?x3705 (* 4 ?x3704)))
 (let ((?x894 (* s00 ?x1710)))
 (let ((?x1861 (* (- 6) ?x894)))
 (let ((?x765 (* ?x1521 ?x1710)))
 (let ((?x842 (* 54 ?x765)))
 (let ((?x3832 (* ?x3362 ?x3362)))
 (let ((?x1603 (* 3 ?x3832)))
 (let ((?x3233 (* r00 s00)))
 (let ((?x3177 (* 24 ?x3233)))
 (let ((?x1903 (* r00 ?x1521 ?x1710)))
 (let ((?x1776 (* 36 ?x1903)))
 (let ((?x603 (* r00 x00)))
 (let ((?x640 (* (- 54) ?x603)))
 (let ((?x3389 (* ?x1521 ?x3362)))
 (let ((?x1956 (* (- 24) ?x3389)))
 (let ((?x523 (+ 27 ?x1956 ?x640 ?x1776 ?x3177 ?x1603 ?x842 ?x1861 ?x3705 ?x2383 ?x1171 ?x1738 ?x1785 ?x897 ?x1950 ?x1970 ?x854 ?x4086 ?x981 ?x1007 ?x1990 ?x701 ?x2740 ?x1078 ?x2176 ?x3558 ?x143 ?x1919 ?x1722 ?x3420 ?x1383)))
 (let (($x2360 (not (= (* ?x1521 ?x1521 ?x3362 ?x523) 0))))
 (let ((?x1451 (* x00 x00)))
 (let ((?x1121 (* 108 ?x1451)))
 (let ((?x2642 (* (- 54) r)))
 (let ((?x3244 (* (- 9) s)))
 (let ((?x3226 (* (- 36) ?x3293)))
 (let ((?x137 (* 9 s00)))
 (let ((?x1027 (* 51 ?x672)))
 (let ((?x4121 (* 36 ?x1762)))
 (let ((?x1289 (* s00 s00 s00)))
 (let ((?x1777 (* 16 ?x1289)))
 (let ((?x1679 (* (- 108) ?x896)))
 (let ((?x1349 (* 216 (* r00 r00 r00 s00))))
 (let ((?x2255 (* (- 108) ?x3395)))
 (let ((?x1003 (* r00 r00 r00 x00)))
 (let ((?x1156 (* (- 432) ?x1003)))
 (let ((?x3107 (* (- 36) (* r00 r00 s00 s00))))
 (let ((?x3322 (* (- 54) ?x3233)))
 (let ((?x1879 (* 108 ?x603)))
 (let ((?x3110 (* 216 (* r00 s00 x00))))
 (let ((?x3587 (+ ?x3110 ?x1879 ?x3322 (* 15 ?x3832) (* (- 216) (* r00 r00 r00 ?x3362)) ?x3107 (* (- 4) (* ?x3362 ?x3362 ?x3362)) (* 108 (* ?x1710 ?x1710)) ?x1156 (* (- 12) (* s00 ?x3362 ?x3362)) (* 108 ?x894) ?x2255 ?x1349 (* 108 ?x1414) (* 432 (* r00 r00 r00 ?x1710)) (* (- 66) ?x1255) (* 108 ?x3992) ?x1679 (* (- 216) (* r00 s00 ?x1710)) (* 36 (* r00 r00 ?x3362 ?x3362)) ?x1777 (* (- 108) ?x1969) ?x4121 ?x1027 (* (- 108) ?x1853) ?x137 ?x3226 ?x3244 ?x2642 (* 54 ?x1167) (* (- 216) (* x00 ?x1710)) ?x1121)))
 (let (($x824 (not (= ?x3587 27))))
 (let ((?x832 (* 15 ?x672)))
 (let ((?x969 (* 36 ?x968)))
 (let ((?x2990 (* (- 6) ?x896)))
 (let ((?x3131 (* 2 ?x3395)))
 (let ((?x3227 (* (- 24) ?x3233)))
 (let ((?x2399 (* 54 ?x603)))
 (let ((?x1780 (+ (* 24 ?x3389) ?x2399 (* (- 36) ?x1903) ?x3227 (* (- 3) ?x3832) (* (- 54) ?x765) (* 6 ?x894) (* (- 4) ?x3704) ?x3131 (* 6 ?x1414) (* (- 12) ?x1255) (* 2 ?x3992) ?x2990 (* (- 2) ?x4038) (* (- 6) ?x1969) (* 4 ?x1038) ?x4121 ?x969 ?x832 (* (- 2) ?x2024) (* 36 ?x637) (* (- 54) ?x1853) ?x137 ?x3226 (* 54 ?x2607) ?x3244 ?x2642 (* (- 24) ?x522) (* 24 ?x1167) (* (- 36) ?x1382))))
 (let ((?x580 (* (- 3) s)))
 (let ((?x691 (* (- 6) ?x3293)))
 (let ((?x44 (* 3 s00)))
 (let ((?x673 (* 4 ?x672)))
 (let ((?x693 (* (- 9) ?x3233)))
 (let ((?x604 (* 18 ?x603)))
 (let ((?x2091 (+ (* 9 ?x3389) ?x604 ?x693 (* (- 2) ?x3832) (* (- 18) ?x765) (* (- 6) (* r00 ?x1521 ?x3362)) (* 6 ?x1762) ?x673 (* (- 18) ?x1853) ?x44 ?x691 (* 18 ?x2607) ?x580 (* (- 18) r) (* (- 9) ?x522) (* (- 2) ?x1255) (* 9 ?x1167) (* 6 (* r00 s00 ?x1521)))))
 (let ((?x550 (* r00 r00 r00)))
 (let ((?x551 (* 12 ?x550)))
 (let ((?x582 (* (- 6) x00)))
 (let ((?x56 (* 6 x)))
 (let ((?x2192 (* (- 6) ?x3233)))
 (let ((?x581 (* (- 3) r00)))
 (let ((?x1810 (+ (* 2 ?x3389) (* (- 12) (* r00 r00 ?x1521)) (* (- 15) r) ?x44 ?x3244 ?x581 (* 4 ?x522) ?x2192 ?x56 ?x582 ?x551)))
 (let ((?x380 (* r00 r00)))
 (let ((?x3044 (* (- 3) ?x380)))
 (let (($x2158 (= (+ s00 ?x359 (* (- 6) r) (* 3 (* ?x1521 ?x1521)) ?x3044) 3)))
 (let (($x2248 (not $x2158)))
 (let (($x2825 (or $x2248 (not (= ?x1810 6)) (not (= ?x2091 9)) (not (= ?x1780 27)) $x824 $x2360)))
 (let ((?x1869 (* r00 r00 s)))
 (let ((?x1313 (* 36 ?x1869)))
 (let ((?x461 (+ ?x3110 ?x1879 ?x3322 (* 15 (* s s)) (* (- 216) (* r00 r00 r00 s)) ?x3107 (* (- 4) (* s s s)) (* 108 (* x x)) ?x1156 (* (- 12) (* s00 s s)) (* 108 (* s00 x)) ?x2255 ?x1349 (* 108 (* x00 s)) (* 432 (* r00 r00 r00 x)) (* (- 66) (* s00 s)) (* 108 (* r00 s00 s)) ?x1679 (* (- 216) (* r00 s00 x)) (* 36 (* r00 r00 s s)) ?x1777 (* (- 108) (* x s)) ?x1313 ?x1027 (* (- 108) (* r00 x)) ?x137 ?x3226 ?x3244 (* 54 (* r00 s)) (* (- 216) (* x00 x)) ?x1121)))
 (let (($x1656 (= ?x461 0)))
 (let ((?x2951 (* r00 r00 x)))
 (let ((?x3033 (* (- 36) ?x2951)))
 (let ((?x2278 (* r00 s s)))
 (let ((?x3018 (* (- 4) ?x2278)))
 (let ((?x3514 (+ (* 24 (* s r)) ?x2399 (* (- 36) (* r00 x r)) ?x3227 (* (- 3) (* s s)) (* (- 54) (* x r)) (* 6 (* s00 x)) ?x3018 ?x3131 (* 6 (* x00 s)) (* (- 12) (* s00 s)) (* 2 (* r00 s00 s)) ?x2990 (* (- 2) (* s s r)) (* (- 6) (* x s)) (* 4 (* s00 s00 r)) ?x1313 ?x969 ?x832 (* (- 2) (* s00 s r)) (* 36 (* r00 x00 r)) (* (- 54) (* r00 x)) ?x137 ?x3226 (* 54 (* x00 r)) ?x3244 (* (- 24) (* s00 r)) (* 24 (* r00 s)) ?x3033)))
 (let ((?x1940 (* r00 x)))
 (let ((?x2225 (* (- 18) ?x1940)))
 (let ((?x626 (* s s)))
 (let ((?x2206 (* (- 2) ?x626)))
 (let ((?x2049 (+ (* 9 (* s r)) ?x604 ?x693 ?x2206 (* (- 18) (* x r)) (* (- 6) (* r00 s r)) (* 6 ?x1869) ?x673 ?x2225 ?x44 ?x691 (* 18 (* x00 r)) ?x580 (* (- 9) (* s00 r)) (* (- 2) (* s00 s)) (* 9 (* r00 s)) (* 6 (* r00 s00 r)))))
 (let ((?x43 (* 3 r)))
 (let ((?x2092 (+ (* 2 (* s r)) (* (- 12) (* r00 r00 r)) ?x43 ?x44 ?x580 ?x581 (* 4 (* s00 r)) ?x2192 ?x56 ?x582 ?x551)))
 (let (($x3460 (= (+ s00 ?x359 (* 3 (* r r)) ?x3044) 0)))
 (and $x3460 (= ?x2092 0) (= ?x2049 0) (= ?x3514 0) $x1656 $x2825))))))))))))))))))))))))))))))))))))))))))))))))))))))))))))))))))))))))))))))))))))))))))))))))))))))))))))))))))))))))))))))))) :qid k!40))
 ))
 (let ((?x1016 (lambda ((r Int) (s Int) (x Int) )(let ((?x1164 (* 36 (* x r00 r00))))
 (let ((?x1032 (* r r00 x00)))
 (let ((?x1045 (* (- 36) ?x1032)))
 (let ((?x1020 (* r s s00)))
 (let ((?x1021 (* 2 ?x1020)))
 (let ((?x968 (* r00 r00 x00)))
 (let ((?x981 (* (- 36) ?x968)))
 (let ((?x916 (* r s00 s00)))
 (let ((?x929 (* (- 4) ?x916)))
 (let ((?x904 (* s x)))
 (let ((?x905 (* 6 ?x904)))
 (let ((?x900 (* r s s)))
 (let ((?x901 (* 2 ?x900)))
 (let ((?x896 (* s00 x00)))
 (let ((?x897 (* 6 ?x896)))
 (let ((?x870 (* s s00 r00)))
 (let ((?x883 (* (- 2) ?x870)))
 (let ((?x819 (* s x00)))
 (let ((?x846 (* (- 6) ?x819)))
 (let ((?x807 (* r s00 r00)))
 (let ((?x2444 (* (- 12) ?x807)))
 (let ((?x773 (* s00 s00 r00)))
 (let ((?x791 (* (- 2) ?x773)))
 (let ((?x769 (* s s00)))
 (let ((?x2697 (* 20 ?x769)))
 (let ((?x746 (* 4 (* s s r00))))
 (let ((?x740 (* r x00)))
 (let ((?x2831 (* (- 90) ?x740)))
 (let ((?x728 (* s00 r00 r00)))
 (let ((?x1091 (* 36 ?x728)))
 (let ((?x702 (* x s00)))
 (let ((?x717 (* (- 6) ?x702)))
 (let ((?x672 (* s00 s00)))
 (let ((?x2661 (* (- 19) ?x672)))
 (let ((?x650 (* 36 (* r x r00))))
 (let ((?x603 (* r00 x00)))
 (let ((?x2736 (* (- 90) ?x603)))
 (let ((?x507 (* s00 r00)))
 (let ((?x2441 (* 18 ?x507)))
 (let ((?x430 (* r r00 r00)))
 (let ((?x2614 (* (- 216) ?x430)))
 (let ((?x380 (* r00 r00)))
 (let ((?x2606 (* (- 108) ?x380)))
 (let ((?x2830 (* (- 72) x00)))
 (let ((?x1387 (* (- 36) r00)))
 (let ((?x2874 (* 57 s00)))
 (let ((?x2532 (* 72 x)))
 (let ((?x3614 (+ (* 36 r) (* (- 57) s) ?x2532 ?x2874 ?x1387 ?x2830 (* 108 (* r r)) ?x2606 (* (- 42) (* r s)) ?x2614 (* 114 (* r s00)) ?x2441 ?x2736 (* (- 1) (* s s)) (* 90 (* r x)) (* 12 (* r s r00)) (* (- 72) (* s r00 r00)) ?x650 ?x2661 (* 90 (* x r00)) ?x717 ?x1091 ?x2831 ?x746 ?x2697 ?x791 (* (- 90) (* s r00)) ?x2444 ?x846 ?x883 ?x897 ?x901 ?x905 ?x929 ?x981 ?x1021 ?x1045 ?x1164 (* 144 (* r r r00)) (* 72 (* r r r)) (* 24 (* r r s)) (* 12 (* r r s00)))))
 (let ((?x211 (* 6 r)))
 (let ((?x1488 (+ 3 ?x211 s)))
 (let ((?x1521 (+ 1 r)))
 (let ((?x3544 (* r r s00)))
 (let ((?x4198 (* 432 ?x3544)))
 (let ((?x3352 (* r r s)))
 (let ((?x4194 (* 432 ?x3352)))
 (let ((?x3343 (* r r r)))
 (let ((?x4193 (* 864 ?x3343)))
 (let ((?x4191 (* 1296 (* r r00 r00 r00))))
 (let ((?x1451 (* x00 x00)))
 (let ((?x1481 (* (- 108) ?x1451)))
 (let ((?x1426 (* 216 (* x x00))))
 (let ((?x1289 (* s00 s00 s00)))
 (let ((?x1480 (* (- 16) ?x1289)))
 (let ((?x1478 (* (- 36) (* s s r00 r00))))
 (let ((?x1260 (* 216 (* x s00 r00))))
 (let ((?x1477 (* (- 432) (* x r00 r00 r00))))
 (let ((?x1177 (* s00 r00 r00 r00)))
 (let ((?x1476 (* (- 216) ?x1177)))
 (let ((?x1062 (* 12 (* s s s00))))
 (let ((?x4174 (* 144 ?x1020)))
 (let ((?x1003 (* r00 r00 r00 x00)))
 (let ((?x1004 (* 432 ?x1003)))
 (let ((?x973 (* x x)))
 (let ((?x1475 (* (- 108) ?x973)))
 (let ((?x910 (* s s s)))
 (let ((?x912 (* 4 ?x910)))
 (let ((?x4173 (* 72 ?x900)))
 (let ((?x1234 (* 108 ?x896)))
 (let ((?x860 (* s00 s00 r00 r00)))
 (let ((?x861 (* 36 ?x860)))
 (let ((?x4171 (* (- 324) ?x819)))
 (let ((?x1131 (* 108 ?x773)))
 (let ((?x1471 (* (- 108) ?x702)))
 (let ((?x698 (* x r00)))
 (let ((?x1337 (* 108 ?x698)))
 (let ((?x1470 (* (- 51) ?x672)))
 (let ((?x630 (* r x)))
 (let ((?x4167 (* 648 ?x630)))
 (let ((?x1467 (* (- 108) ?x603)))
 (let ((?x599 (* s00 r00 x00)))
 (let ((?x1466 (* (- 216) ?x599)))
 (let ((?x550 (* r00 r00 r00)))
 (let ((?x4164 (* 648 ?x550)))
 (let ((?x2804 (* (- 270) ?x507)))
 (let ((?x480 (* r s00)))
 (let ((?x4163 (* 828 ?x480)))
 (let ((?x2798 (* (- 432) ?x380)))
 (let ((?x4158 (* (- 324) x00)))
 (let ((?x2793 (* (- 162) r00)))
 (let ((?x4157 (* 297 s00)))
 (let ((?x3873 (* 324 x)))
 (let ((?x2828 (+ (* 162 r) (* (- 297) s) ?x3873 ?x4157 ?x2793 ?x4158 (* 756 (* r r)) ?x2798 (* (- 396) (* r s)) (* (- 1512) ?x430) ?x4163 ?x2804 ?x4164 ?x1466 ?x1467 (* (- 195) (* s s)) ?x4167 (* (- 252) (* s r00 r00)) ?x1470 ?x1337 ?x1471 ?x1091 (* (- 648) ?x740) (* 648 (* s r00 r00 r00)) (* 246 ?x769) ?x1131 (* (- 162) (* s r00)) (* (- 648) ?x807) ?x4171 ?x861 (* (- 324) ?x870) ?x1234 ?x4173 (* 324 ?x904) ?x912 ?x1475 ?x1004 ?x4174 ?x1062 ?x1476 ?x1477 ?x1260 ?x1478 ?x1480 ?x1426 ?x1481 (* (- 324) (* r r00)) (* (- 1296) (* r r r00 r00)) (* (- 432) (* r s r00 r00)) ?x4191 ?x4193 ?x4194 ?x4198)))
 (let ((?x820 (* (- 6) ?x807)))
 (let ((?x770 (* 2 ?x769)))
 (let ((?x753 (* (- 18) ?x740)))
 (let ((?x729 (* 6 ?x728)))
 (let ((?x699 (* 18 ?x698)))
 (let ((?x685 (* (- 4) ?x672)))
 (let ((?x646 (* s r00 r00)))
 (let ((?x659 (* (- 6) ?x646)))
 (let ((?x634 (* r s r00)))
 (let ((?x635 (* 6 ?x634)))
 (let ((?x631 (* 18 ?x630)))
 (let ((?x626 (* s s)))
 (let ((?x627 (* 2 ?x626)))
 (let ((?x617 (* (- 18) ?x603)))
 (let ((?x1989 (* 3 ?x507)))
 (let ((?x1999 (* (- 18) ?x380)))
 (let ((?x1769 (* (- 18) x00)))
 (let ((?x3090 (* (- 9) r00)))
 (let ((?x447 (* 12 s00)))
 (let ((?x2026 (+ (* 9 r) (* (- 12) s) (* 18 x) ?x447 ?x3090 ?x1769 (* 18 (* r r)) ?x1999 (* (- 3) (* r s)) (* (- 36) ?x430) (* 21 ?x480) ?x1989 ?x617 ?x627 ?x631 ?x635 ?x659 ?x685 ?x699 ?x729 ?x753 ?x770 (* (- 21) (* s r00)) ?x820 (* 36 (* r r r00)))))
 (let ((?x551 (* 12 ?x550)))
 (let ((?x585 (* (- 6) ?x507)))
 (let ((?x481 (* 4 ?x480)))
 (let ((?x584 (* (- 12) ?x430)))
 (let ((?x424 (* r s)))
 (let ((?x583 (* 2 ?x424)))
 (let ((?x3052 (* (- 12) ?x380)))
 (let ((?x582 (* (- 6) x00)))
 (let ((?x581 (* (- 3) r00)))
 (let ((?x2387 (* 7 s00)))
 (let ((?x56 (* 6 x)))
 (let ((?x43 (* 3 r)))
 (let ((?x1102 (+ ?x43 (* (- 7) s) ?x56 ?x2387 ?x581 ?x582 (* 12 (* r r)) ?x3052 ?x583 ?x584 ?x481 ?x585 ?x551)))
 (let (($x413 (= (+ s (* (- 1) s00) (* (- 3) (* r r)) (* 3 ?x380)) 0)))
 (let (($x1012 (or (not $x413) (not (= ?x1102 0)) (not (= ?x2026 0)) (not (= ?x3614 0)) (not (= ?x2828 0)) (not (= (* ?x1521 ?x1521 ?x1488 ?x3614) 0)))))
 (let ((?x1301 (* 108 ?x904)))
 (let ((?x751 (* s r00 r00 r00)))
 (let ((?x752 (* 216 ?x751)))
 (let ((?x955 (* (- 36) ?x646)))
 (let ((?x609 (* 54 ?x507)))
 (let ((?x1078 (* (- 9) s00)))
 (let ((?x143 (* 9 s)))
 (let ((?x1482 (+ ?x143 ?x1078 ?x609 ?x1466 ?x1467 (* (- 15) ?x626) ?x955 ?x1470 ?x1337 ?x1471 ?x1091 ?x752 (* 66 ?x769) ?x1131 (* (- 54) (* s r00)) (* (- 108) ?x819) ?x861 (* (- 108) ?x870) ?x1234 ?x1301 ?x912 ?x1475 ?x1004 ?x1062 ?x1476 ?x1477 ?x1260 ?x1478 ?x1480 ?x1426 ?x1481)))
 (let (($x1483 (= ?x1482 0)))
 (let ((?x781 (* s r00)))
 (let ((?x1150 (* (- 24) ?x781)))
 (let ((?x1007 (* (- 15) ?x672)))
 (let ((?x676 (* 54 ?x630)))
 (let ((?x658 (* 3 ?x626)))
 (let ((?x640 (* (- 54) ?x603)))
 (let ((?x655 (* 24 ?x507)))
 (let ((?x1127 (* 24 ?x480)))
 (let ((?x602 (* (- 24) ?x424)))
 (let ((?x1170 (+ ?x143 ?x1078 ?x602 ?x1127 ?x655 ?x640 ?x658 ?x676 ?x955 ?x650 ?x1007 (* 54 ?x698) ?x717 ?x1091 (* (- 54) ?x740) ?x746 (* 12 ?x769) ?x791 ?x1150 ?x846 ?x883 ?x897 ?x901 ?x905 ?x929 ?x981 ?x1021 ?x1045 ?x1164)))
 (let (($x1175 (= ?x1170 0)))
 (let ((?x622 (* 9 ?x507)))
 (let ((?x459 (* (- 3) s00)))
 (let ((?x47 (* 3 s)))
 (let ((?x826 (+ ?x47 ?x459 (* (- 9) ?x424) (* 9 ?x480) ?x622 ?x617 ?x627 ?x631 ?x635 ?x659 ?x685 ?x699 ?x729 ?x753 ?x770 (* (- 9) ?x781) ?x820)))
 (let (($x833 (= ?x826 0)))
 (let ((?x44 (* 3 s00)))
 (let ((?x580 (* (- 3) s)))
 (let (($x587 (= (+ ?x43 ?x580 ?x56 ?x44 ?x581 ?x582 ?x583 ?x584 ?x481 ?x585 ?x551) 0)))
 (let (($x2345 (and $x413 $x587 $x833 $x1175 $x1483 $x1012)))
 (let ((?x359 (* (- 1) s)))
 (let ((?x1710 (+ x ?x359)))
 (let ((?x1382 (* r00 r00 ?x1710)))
 (let ((?x1383 (* 36 ?x1382)))
 (let ((?x3362 (+ 3 s ?x211)))
 (let ((?x1167 (* r00 ?x3362)))
 (let ((?x3420 (* (- 24) ?x1167)))
 (let ((?x522 (* s00 ?x1521)))
 (let ((?x1722 (* 24 ?x522)))
 (let ((?x1919 (* 54 r)))
 (let ((?x2607 (* x00 ?x1521)))
 (let ((?x3558 (* (- 54) ?x2607)))
 (let ((?x3293 (* r00 r00 s00)))
 (let ((?x2176 (* 36 ?x3293)))
 (let ((?x1853 (* r00 ?x1710)))
 (let ((?x2740 (* 54 ?x1853)))
 (let ((?x637 (* r00 x00 ?x1521)))
 (let ((?x701 (* (- 36) ?x637)))
 (let ((?x2024 (* s00 ?x1521 ?x3362)))
 (let ((?x1990 (* 2 ?x2024)))
 (let ((?x1762 (* r00 r00 ?x3362)))
 (let ((?x4086 (* (- 36) ?x1762)))
 (let ((?x1038 (* s00 s00 ?x1521)))
 (let ((?x854 (* (- 4) ?x1038)))
 (let ((?x1969 (* ?x1710 ?x3362)))
 (let ((?x1970 (* 6 ?x1969)))
 (let ((?x4038 (* ?x1521 ?x3362 ?x3362)))
 (let ((?x1950 (* 2 ?x4038)))
 (let ((?x3992 (* r00 s00 ?x3362)))
 (let ((?x1785 (* (- 2) ?x3992)))
 (let ((?x1255 (* s00 ?x3362)))
 (let ((?x1738 (* 12 ?x1255)))
 (let ((?x1414 (* x00 ?x3362)))
 (let ((?x1171 (* (- 6) ?x1414)))
 (let ((?x3395 (* r00 s00 s00)))
 (let ((?x2383 (* (- 2) ?x3395)))
 (let ((?x3704 (* r00 ?x3362 ?x3362)))
 (let ((?x3705 (* 4 ?x3704)))
 (let ((?x894 (* s00 ?x1710)))
 (let ((?x1861 (* (- 6) ?x894)))
 (let ((?x765 (* ?x1521 ?x1710)))
 (let ((?x842 (* 54 ?x765)))
 (let ((?x3832 (* ?x3362 ?x3362)))
 (let ((?x1603 (* 3 ?x3832)))
 (let ((?x3233 (* r00 s00)))
 (let ((?x3177 (* 24 ?x3233)))
 (let ((?x1903 (* r00 ?x1521 ?x1710)))
 (let ((?x1776 (* 36 ?x1903)))
 (let ((?x3389 (* ?x1521 ?x3362)))
 (let ((?x1956 (* (- 24) ?x3389)))
 (let ((?x523 (+ 27 ?x1956 ?x640 ?x1776 ?x3177 ?x1603 ?x842 ?x1861 ?x3705 ?x2383 ?x1171 ?x1738 ?x1785 ?x897 ?x1950 ?x1970 ?x854 ?x4086 ?x981 ?x1007 ?x1990 ?x701 ?x2740 ?x1078 ?x2176 ?x3558 ?x143 ?x1919 ?x1722 ?x3420 ?x1383)))
 (let (($x2360 (not (= (* ?x1521 ?x1521 ?x3362 ?x523) 0))))
 (let ((?x1121 (* 108 ?x1451)))
 (let ((?x2642 (* (- 54) r)))
 (let ((?x3244 (* (- 9) s)))
 (let ((?x3226 (* (- 36) ?x3293)))
 (let ((?x137 (* 9 s00)))
 (let ((?x1027 (* 51 ?x672)))
 (let ((?x4121 (* 36 ?x1762)))
 (let ((?x1777 (* 16 ?x1289)))
 (let ((?x1679 (* (- 108) ?x896)))
 (let ((?x1349 (* 216 (* r00 r00 r00 s00))))
 (let ((?x2255 (* (- 108) ?x3395)))
 (let ((?x1156 (* (- 432) ?x1003)))
 (let ((?x3107 (* (- 36) (* r00 r00 s00 s00))))
 (let ((?x3322 (* (- 54) ?x3233)))
 (let ((?x1879 (* 108 ?x603)))
 (let ((?x3110 (* 216 (* r00 s00 x00))))
 (let ((?x3587 (+ ?x3110 ?x1879 ?x3322 (* 15 ?x3832) (* (- 216) (* r00 r00 r00 ?x3362)) ?x3107 (* (- 4) (* ?x3362 ?x3362 ?x3362)) (* 108 (* ?x1710 ?x1710)) ?x1156 (* (- 12) (* s00 ?x3362 ?x3362)) (* 108 ?x894) ?x2255 ?x1349 (* 108 ?x1414) (* 432 (* r00 r00 r00 ?x1710)) (* (- 66) ?x1255) (* 108 ?x3992) ?x1679 (* (- 216) (* r00 s00 ?x1710)) (* 36 (* r00 r00 ?x3362 ?x3362)) ?x1777 (* (- 108) ?x1969) ?x4121 ?x1027 (* (- 108) ?x1853) ?x137 ?x3226 ?x3244 ?x2642 (* 54 ?x1167) (* (- 216) (* x00 ?x1710)) ?x1121)))
 (let (($x824 (not (= ?x3587 27))))
 (let ((?x832 (* 15 ?x672)))
 (let ((?x969 (* 36 ?x968)))
 (let ((?x2990 (* (- 6) ?x896)))
 (let ((?x3131 (* 2 ?x3395)))
 (let ((?x3227 (* (- 24) ?x3233)))
 (let ((?x2399 (* 54 ?x603)))
 (let ((?x1780 (+ (* 24 ?x3389) ?x2399 (* (- 36) ?x1903) ?x3227 (* (- 3) ?x3832) (* (- 54) ?x765) (* 6 ?x894) (* (- 4) ?x3704) ?x3131 (* 6 ?x1414) (* (- 12) ?x1255) (* 2 ?x3992) ?x2990 (* (- 2) ?x4038) (* (- 6) ?x1969) (* 4 ?x1038) ?x4121 ?x969 ?x832 (* (- 2) ?x2024) (* 36 ?x637) (* (- 54) ?x1853) ?x137 ?x3226 (* 54 ?x2607) ?x3244 ?x2642 (* (- 24) ?x522) (* 24 ?x1167) (* (- 36) ?x1382))))
 (let ((?x691 (* (- 6) ?x3293)))
 (let ((?x673 (* 4 ?x672)))
 (let ((?x693 (* (- 9) ?x3233)))
 (let ((?x604 (* 18 ?x603)))
 (let ((?x2091 (+ (* 9 ?x3389) ?x604 ?x693 (* (- 2) ?x3832) (* (- 18) ?x765) (* (- 6) (* r00 ?x1521 ?x3362)) (* 6 ?x1762) ?x673 (* (- 18) ?x1853) ?x44 ?x691 (* 18 ?x2607) ?x580 (* (- 18) r) (* (- 9) ?x522) (* (- 2) ?x1255) (* 9 ?x1167) (* 6 (* r00 s00 ?x1521)))))
 (let ((?x2192 (* (- 6) ?x3233)))
 (let ((?x1810 (+ (* 2 ?x3389) (* (- 12) (* r00 r00 ?x1521)) (* (- 15) r) ?x44 ?x3244 ?x581 (* 4 ?x522) ?x2192 ?x56 ?x582 ?x551)))
 (let ((?x3044 (* (- 3) ?x380)))
 (let (($x2158 (= (+ s00 ?x359 (* (- 6) r) (* 3 (* ?x1521 ?x1521)) ?x3044) 3)))
 (let (($x2248 (not $x2158)))
 (let (($x2825 (or $x2248 (not (= ?x1810 6)) (not (= ?x2091 9)) (not (= ?x1780 27)) $x824 $x2360)))
 (let ((?x1869 (* r00 r00 s)))
 (let ((?x1313 (* 36 ?x1869)))
 (let ((?x461 (+ ?x3110 ?x1879 ?x3322 (* 15 ?x626) (* (- 216) (* r00 r00 r00 s)) ?x3107 (* (- 4) ?x910) (* 108 ?x973) ?x1156 (* (- 12) (* s00 s s)) (* 108 (* s00 x)) ?x2255 ?x1349 (* 108 (* x00 s)) (* 432 (* r00 r00 r00 x)) (* (- 66) (* s00 s)) (* 108 (* r00 s00 s)) ?x1679 (* (- 216) (* r00 s00 x)) (* 36 (* r00 r00 s s)) ?x1777 (* (- 108) (* x s)) ?x1313 ?x1027 (* (- 108) (* r00 x)) ?x137 ?x3226 ?x3244 (* 54 (* r00 s)) (* (- 216) (* x00 x)) ?x1121)))
 (let (($x1656 (= ?x461 0)))
 (let ((?x2951 (* r00 r00 x)))
 (let ((?x3033 (* (- 36) ?x2951)))
 (let ((?x2278 (* r00 s s)))
 (let ((?x3018 (* (- 4) ?x2278)))
 (let ((?x3514 (+ (* 24 (* s r)) ?x2399 (* (- 36) (* r00 x r)) ?x3227 (* (- 3) ?x626) (* (- 54) (* x r)) (* 6 (* s00 x)) ?x3018 ?x3131 (* 6 (* x00 s)) (* (- 12) (* s00 s)) (* 2 (* r00 s00 s)) ?x2990 (* (- 2) (* s s r)) (* (- 6) (* x s)) (* 4 (* s00 s00 r)) ?x1313 ?x969 ?x832 (* (- 2) (* s00 s r)) (* 36 (* r00 x00 r)) (* (- 54) (* r00 x)) ?x137 ?x3226 (* 54 (* x00 r)) ?x3244 (* (- 24) (* s00 r)) (* 24 (* r00 s)) ?x3033)))
 (let ((?x1940 (* r00 x)))
 (let ((?x2225 (* (- 18) ?x1940)))
 (let ((?x2206 (* (- 2) ?x626)))
 (let ((?x2049 (+ (* 9 (* s r)) ?x604 ?x693 ?x2206 (* (- 18) (* x r)) (* (- 6) (* r00 s r)) (* 6 ?x1869) ?x673 ?x2225 ?x44 ?x691 (* 18 (* x00 r)) ?x580 (* (- 9) (* s00 r)) (* (- 2) (* s00 s)) (* 9 (* r00 s)) (* 6 (* r00 s00 r)))))
 (let ((?x2092 (+ (* 2 (* s r)) (* (- 12) (* r00 r00 r)) ?x43 ?x44 ?x580 ?x581 (* 4 (* s00 r)) ?x2192 ?x56 ?x582 ?x551)))
 (let (($x3460 (= (+ s00 ?x359 (* 3 (* r r)) ?x3044) 0)))
 (let (($x1783 (and $x3460 (= ?x2092 0) (= ?x2049 0) (= ?x3514 0) $x1656 $x2825)))
 (rewrite (= $x1783 $x2345)))))))))))))))))))))))))))))))))))))))))))))))))))))))))))))))))))))))))))))))))))))))))))))))))))))))))))))))))))))))))))))))))))))))))))))))))))))))))))))))))))))))))))))))))))))))))))))))))))))))))))))))))))))))))))))))))))))))))))))))))))))))))))))))))))))))))))))))))
 ))
 (let (($x537 (exists ((r Int) (s Int) (x Int) )(! (let ((?x359 (* (- 1) s)))
 (let ((?x1710 (+ x ?x359)))
 (let ((?x1382 (* r00 r00 ?x1710)))
 (let ((?x1383 (* 36 ?x1382)))
 (let ((?x211 (* 6 r)))
 (let ((?x3362 (+ 3 s ?x211)))
 (let ((?x1167 (* r00 ?x3362)))
 (let ((?x3420 (* (- 24) ?x1167)))
 (let ((?x1521 (+ 1 r)))
 (let ((?x522 (* s00 ?x1521)))
 (let ((?x1722 (* 24 ?x522)))
 (let ((?x1919 (* 54 r)))
 (let ((?x143 (* 9 s)))
 (let ((?x2607 (* x00 ?x1521)))
 (let ((?x3558 (* (- 54) ?x2607)))
 (let ((?x3293 (* r00 r00 s00)))
 (let ((?x2176 (* 36 ?x3293)))
 (let ((?x1078 (* (- 9) s00)))
 (let ((?x1853 (* r00 ?x1710)))
 (let ((?x2740 (* 54 ?x1853)))
 (let ((?x637 (* r00 x00 ?x1521)))
 (let ((?x701 (* (- 36) ?x637)))
 (let ((?x2024 (* s00 ?x1521 ?x3362)))
 (let ((?x1990 (* 2 ?x2024)))
 (let ((?x672 (* s00 s00)))
 (let ((?x1007 (* (- 15) ?x672)))
 (let ((?x968 (* r00 r00 x00)))
 (let ((?x981 (* (- 36) ?x968)))
 (let ((?x1762 (* r00 r00 ?x3362)))
 (let ((?x4086 (* (- 36) ?x1762)))
 (let ((?x1038 (* s00 s00 ?x1521)))
 (let ((?x854 (* (- 4) ?x1038)))
 (let ((?x1969 (* ?x1710 ?x3362)))
 (let ((?x1970 (* 6 ?x1969)))
 (let ((?x4038 (* ?x1521 ?x3362 ?x3362)))
 (let ((?x1950 (* 2 ?x4038)))
 (let ((?x896 (* s00 x00)))
 (let ((?x897 (* 6 ?x896)))
 (let ((?x3992 (* r00 s00 ?x3362)))
 (let ((?x1785 (* (- 2) ?x3992)))
 (let ((?x1255 (* s00 ?x3362)))
 (let ((?x1738 (* 12 ?x1255)))
 (let ((?x1414 (* x00 ?x3362)))
 (let ((?x1171 (* (- 6) ?x1414)))
 (let ((?x3395 (* r00 s00 s00)))
 (let ((?x2383 (* (- 2) ?x3395)))
 (let ((?x3704 (* r00 ?x3362 ?x3362)))
 (let ((?x3705 (* 4 ?x3704)))
 (let ((?x894 (* s00 ?x1710)))
 (let ((?x1861 (* (- 6) ?x894)))
 (let ((?x765 (* ?x1521 ?x1710)))
 (let ((?x842 (* 54 ?x765)))
 (let ((?x3832 (* ?x3362 ?x3362)))
 (let ((?x1603 (* 3 ?x3832)))
 (let ((?x3233 (* r00 s00)))
 (let ((?x3177 (* 24 ?x3233)))
 (let ((?x1903 (* r00 ?x1521 ?x1710)))
 (let ((?x1776 (* 36 ?x1903)))
 (let ((?x603 (* r00 x00)))
 (let ((?x640 (* (- 54) ?x603)))
 (let ((?x3389 (* ?x1521 ?x3362)))
 (let ((?x1956 (* (- 24) ?x3389)))
 (let ((?x523 (+ 27 ?x1956 ?x640 ?x1776 ?x3177 ?x1603 ?x842 ?x1861 ?x3705 ?x2383 ?x1171 ?x1738 ?x1785 ?x897 ?x1950 ?x1970 ?x854 ?x4086 ?x981 ?x1007 ?x1990 ?x701 ?x2740 ?x1078 ?x2176 ?x3558 ?x143 ?x1919 ?x1722 ?x3420 ?x1383)))
 (let (($x2360 (not (= (* ?x1521 ?x1521 ?x3362 ?x523) 0))))
 (let ((?x1451 (* x00 x00)))
 (let ((?x1121 (* 108 ?x1451)))
 (let ((?x2642 (* (- 54) r)))
 (let ((?x3244 (* (- 9) s)))
 (let ((?x3226 (* (- 36) ?x3293)))
 (let ((?x137 (* 9 s00)))
 (let ((?x1027 (* 51 ?x672)))
 (let ((?x4121 (* 36 ?x1762)))
 (let ((?x1289 (* s00 s00 s00)))
 (let ((?x1777 (* 16 ?x1289)))
 (let ((?x1679 (* (- 108) ?x896)))
 (let ((?x1349 (* 216 (* r00 r00 r00 s00))))
 (let ((?x2255 (* (- 108) ?x3395)))
 (let ((?x1003 (* r00 r00 r00 x00)))
 (let ((?x1156 (* (- 432) ?x1003)))
 (let ((?x3107 (* (- 36) (* r00 r00 s00 s00))))
 (let ((?x3322 (* (- 54) ?x3233)))
 (let ((?x1879 (* 108 ?x603)))
 (let ((?x3110 (* 216 (* r00 s00 x00))))
 (let ((?x3587 (+ ?x3110 ?x1879 ?x3322 (* 15 ?x3832) (* (- 216) (* r00 r00 r00 ?x3362)) ?x3107 (* (- 4) (* ?x3362 ?x3362 ?x3362)) (* 108 (* ?x1710 ?x1710)) ?x1156 (* (- 12) (* s00 ?x3362 ?x3362)) (* 108 ?x894) ?x2255 ?x1349 (* 108 ?x1414) (* 432 (* r00 r00 r00 ?x1710)) (* (- 66) ?x1255) (* 108 ?x3992) ?x1679 (* (- 216) (* r00 s00 ?x1710)) (* 36 (* r00 r00 ?x3362 ?x3362)) ?x1777 (* (- 108) ?x1969) ?x4121 ?x1027 (* (- 108) ?x1853) ?x137 ?x3226 ?x3244 ?x2642 (* 54 ?x1167) (* (- 216) (* x00 ?x1710)) ?x1121)))
 (let (($x824 (not (= ?x3587 27))))
 (let ((?x1902 (+ ?x1956 ?x640 ?x1776 ?x3177 ?x1603 ?x842 ?x1861 ?x3705 ?x2383 ?x1171 ?x1738 ?x1785 ?x897 ?x1950 ?x1970 ?x854 ?x4086 ?x981 ?x1007 ?x1990 ?x701 ?x2740 ?x1078 ?x2176 ?x3558 ?x143 ?x1919 ?x1722 ?x3420 ?x1383)))
 (let ((?x47 (* 3 s)))
 (let ((?x3379 (* 6 ?x3293)))
 (let ((?x459 (* (- 3) s00)))
 (let ((?x685 (* (- 4) ?x672)))
 (let ((?x1837 (* 9 ?x3233)))
 (let ((?x617 (* (- 18) ?x603)))
 (let ((?x3985 (+ (* (- 9) ?x3389) ?x617 ?x1837 (* 2 ?x3832) (* 18 ?x765) (* 6 (* r00 ?x1521 ?x3362)) (* (- 6) ?x1762) ?x685 (* 18 ?x1853) ?x459 ?x3379 (* (- 18) ?x2607) ?x47 (* 18 r) (* 9 ?x522) (* 2 ?x1255) (* (- 9) ?x1167) (* (- 6) (* r00 s00 ?x1521)))))
 (let ((?x550 (* r00 r00 r00)))
 (let ((?x564 (* (- 12) ?x550)))
 (let ((?x59 (* 6 x00)))
 (let ((?x529 (* (- 6) x)))
 (let ((?x3276 (* 6 ?x3233)))
 (let ((?x48 (* 3 r00)))
 (let ((?x487 (+ (* (- 2) ?x3389) (* 12 (* r00 r00 ?x1521)) (* 15 r) ?x459 ?x143 ?x48 (* (- 4) ?x522) ?x3276 ?x529 ?x59 ?x564)))
 (let ((?x380 (* r00 r00)))
 (let ((?x3044 (* (- 3) ?x380)))
 (let (($x2158 (= (+ s00 ?x359 (* (- 6) r) (* 3 (* ?x1521 ?x1521)) ?x3044) 3)))
 (let (($x2248 (not $x2158)))
 (let (($x536 (or $x2248 (not (= ?x487 (- 6))) (not (= ?x3985 (- 9))) (not (= ?x1902 (- 27))) $x824 $x2360)))
 (let ((?x1869 (* r00 r00 s)))
 (let ((?x1313 (* 36 ?x1869)))
 (let ((?x461 (+ ?x3110 ?x1879 ?x3322 (* 15 (* s s)) (* (- 216) (* r00 r00 r00 s)) ?x3107 (* (- 4) (* s s s)) (* 108 (* x x)) ?x1156 (* (- 12) (* s00 s s)) (* 108 (* s00 x)) ?x2255 ?x1349 (* 108 (* x00 s)) (* 432 (* r00 r00 r00 x)) (* (- 66) (* s00 s)) (* 108 (* r00 s00 s)) ?x1679 (* (- 216) (* r00 s00 x)) (* 36 (* r00 r00 s s)) ?x1777 (* (- 108) (* x s)) ?x1313 ?x1027 (* (- 108) (* r00 x)) ?x137 ?x3226 ?x3244 (* 54 (* r00 s)) (* (- 216) (* x00 x)) ?x1121)))
 (let (($x1656 (= ?x461 0)))
 (let ((?x2951 (* r00 r00 x)))
 (let ((?x2952 (* 36 ?x2951)))
 (let ((?x2619 (* (- 36) ?x1869)))
 (let ((?x2278 (* r00 s s)))
 (let ((?x2279 (* 4 ?x2278)))
 (let ((?x626 (* s s)))
 (let ((?x658 (* 3 ?x626)))
 (let ((?x1148 (+ (* (- 24) (* s r)) ?x640 (* 36 (* r00 x r)) ?x3177 ?x658 (* 54 (* x r)) (* (- 6) (* s00 x)) ?x2279 ?x2383 (* (- 6) (* x00 s)) (* 12 (* s00 s)) (* (- 2) (* r00 s00 s)) ?x897 (* 2 (* s s r)) (* 6 (* x s)) (* (- 4) (* s00 s00 r)) ?x2619 ?x981 ?x1007 (* 2 (* s00 s r)) (* (- 36) (* r00 x00 r)) (* 54 (* r00 x)) ?x1078 ?x2176 (* (- 54) (* x00 r)) ?x143 (* 24 (* s00 r)) (* (- 24) (* r00 s)) ?x2952)))
 (let ((?x627 (* 2 ?x626)))
 (let ((?x943 (+ (* (- 9) (* s r)) ?x617 ?x1837 ?x627 (* 18 (* x r)) (* 6 (* r00 s r)) (* (- 6) ?x1869) ?x685 (* 18 (* r00 x)) ?x459 ?x3379 (* (- 18) (* x00 r)) ?x47 (* 9 (* s00 r)) (* 2 (* s00 s)) (* (- 9) (* r00 s)) (* (- 6) (* r00 s00 r)))))
 (let ((?x3191 (+ (* (- 2) (* s r)) (* 12 (* r00 r00 r)) (* (- 3) r) ?x459 ?x47 ?x48 (* (- 4) (* s00 r)) ?x3276 ?x529 ?x59 ?x564)))
 (let (($x3460 (= (+ s00 ?x359 (* 3 (* r r)) ?x3044) 0)))
 (and $x3460 (= ?x3191 0) (= ?x943 0) (= ?x1148 0) $x1656 $x536)))))))))))))))))))))))))))))))))))))))))))))))))))))))))))))))))))))))))))))))))))))))))))))))))))))))))))))))))))))))))) :qid k!40))
 ))
 (let ((?x991 (lambda ((r Int) (s Int) (x Int) )(let ((?x359 (* (- 1) s)))
 (let ((?x1710 (+ x ?x359)))
 (let ((?x1382 (* r00 r00 ?x1710)))
 (let ((?x1383 (* 36 ?x1382)))
 (let ((?x211 (* 6 r)))
 (let ((?x3362 (+ 3 s ?x211)))
 (let ((?x1167 (* r00 ?x3362)))
 (let ((?x3420 (* (- 24) ?x1167)))
 (let ((?x1521 (+ 1 r)))
 (let ((?x522 (* s00 ?x1521)))
 (let ((?x1722 (* 24 ?x522)))
 (let ((?x1919 (* 54 r)))
 (let ((?x143 (* 9 s)))
 (let ((?x2607 (* x00 ?x1521)))
 (let ((?x3558 (* (- 54) ?x2607)))
 (let ((?x3293 (* r00 r00 s00)))
 (let ((?x2176 (* 36 ?x3293)))
 (let ((?x1078 (* (- 9) s00)))
 (let ((?x1853 (* r00 ?x1710)))
 (let ((?x2740 (* 54 ?x1853)))
 (let ((?x637 (* r00 x00 ?x1521)))
 (let ((?x701 (* (- 36) ?x637)))
 (let ((?x2024 (* s00 ?x1521 ?x3362)))
 (let ((?x1990 (* 2 ?x2024)))
 (let ((?x672 (* s00 s00)))
 (let ((?x1007 (* (- 15) ?x672)))
 (let ((?x968 (* r00 r00 x00)))
 (let ((?x981 (* (- 36) ?x968)))
 (let ((?x1762 (* r00 r00 ?x3362)))
 (let ((?x4086 (* (- 36) ?x1762)))
 (let ((?x1038 (* s00 s00 ?x1521)))
 (let ((?x854 (* (- 4) ?x1038)))
 (let ((?x1969 (* ?x1710 ?x3362)))
 (let ((?x1970 (* 6 ?x1969)))
 (let ((?x4038 (* ?x1521 ?x3362 ?x3362)))
 (let ((?x1950 (* 2 ?x4038)))
 (let ((?x896 (* s00 x00)))
 (let ((?x897 (* 6 ?x896)))
 (let ((?x3992 (* r00 s00 ?x3362)))
 (let ((?x1785 (* (- 2) ?x3992)))
 (let ((?x1255 (* s00 ?x3362)))
 (let ((?x1738 (* 12 ?x1255)))
 (let ((?x1414 (* x00 ?x3362)))
 (let ((?x1171 (* (- 6) ?x1414)))
 (let ((?x3395 (* r00 s00 s00)))
 (let ((?x2383 (* (- 2) ?x3395)))
 (let ((?x3704 (* r00 ?x3362 ?x3362)))
 (let ((?x3705 (* 4 ?x3704)))
 (let ((?x894 (* s00 ?x1710)))
 (let ((?x1861 (* (- 6) ?x894)))
 (let ((?x765 (* ?x1521 ?x1710)))
 (let ((?x842 (* 54 ?x765)))
 (let ((?x3832 (* ?x3362 ?x3362)))
 (let ((?x1603 (* 3 ?x3832)))
 (let ((?x3233 (* r00 s00)))
 (let ((?x3177 (* 24 ?x3233)))
 (let ((?x1903 (* r00 ?x1521 ?x1710)))
 (let ((?x1776 (* 36 ?x1903)))
 (let ((?x603 (* r00 x00)))
 (let ((?x640 (* (- 54) ?x603)))
 (let ((?x3389 (* ?x1521 ?x3362)))
 (let ((?x1956 (* (- 24) ?x3389)))
 (let ((?x523 (+ 27 ?x1956 ?x640 ?x1776 ?x3177 ?x1603 ?x842 ?x1861 ?x3705 ?x2383 ?x1171 ?x1738 ?x1785 ?x897 ?x1950 ?x1970 ?x854 ?x4086 ?x981 ?x1007 ?x1990 ?x701 ?x2740 ?x1078 ?x2176 ?x3558 ?x143 ?x1919 ?x1722 ?x3420 ?x1383)))
 (let (($x2360 (not (= (* ?x1521 ?x1521 ?x3362 ?x523) 0))))
 (let ((?x1451 (* x00 x00)))
 (let ((?x1121 (* 108 ?x1451)))
 (let ((?x2642 (* (- 54) r)))
 (let ((?x3244 (* (- 9) s)))
 (let ((?x3226 (* (- 36) ?x3293)))
 (let ((?x137 (* 9 s00)))
 (let ((?x1027 (* 51 ?x672)))
 (let ((?x4121 (* 36 ?x1762)))
 (let ((?x1289 (* s00 s00 s00)))
 (let ((?x1777 (* 16 ?x1289)))
 (let ((?x1679 (* (- 108) ?x896)))
 (let ((?x1349 (* 216 (* r00 r00 r00 s00))))
 (let ((?x2255 (* (- 108) ?x3395)))
 (let ((?x1003 (* r00 r00 r00 x00)))
 (let ((?x1156 (* (- 432) ?x1003)))
 (let ((?x3107 (* (- 36) (* r00 r00 s00 s00))))
 (let ((?x3322 (* (- 54) ?x3233)))
 (let ((?x1879 (* 108 ?x603)))
 (let ((?x3110 (* 216 (* r00 s00 x00))))
 (let ((?x3587 (+ ?x3110 ?x1879 ?x3322 (* 15 ?x3832) (* (- 216) (* r00 r00 r00 ?x3362)) ?x3107 (* (- 4) (* ?x3362 ?x3362 ?x3362)) (* 108 (* ?x1710 ?x1710)) ?x1156 (* (- 12) (* s00 ?x3362 ?x3362)) (* 108 ?x894) ?x2255 ?x1349 (* 108 ?x1414) (* 432 (* r00 r00 r00 ?x1710)) (* (- 66) ?x1255) (* 108 ?x3992) ?x1679 (* (- 216) (* r00 s00 ?x1710)) (* 36 (* r00 r00 ?x3362 ?x3362)) ?x1777 (* (- 108) ?x1969) ?x4121 ?x1027 (* (- 108) ?x1853) ?x137 ?x3226 ?x3244 ?x2642 (* 54 ?x1167) (* (- 216) (* x00 ?x1710)) ?x1121)))
 (let (($x824 (not (= ?x3587 27))))
 (let ((?x832 (* 15 ?x672)))
 (let ((?x969 (* 36 ?x968)))
 (let ((?x2990 (* (- 6) ?x896)))
 (let ((?x3131 (* 2 ?x3395)))
 (let ((?x3227 (* (- 24) ?x3233)))
 (let ((?x2399 (* 54 ?x603)))
 (let ((?x1780 (+ (* 24 ?x3389) ?x2399 (* (- 36) ?x1903) ?x3227 (* (- 3) ?x3832) (* (- 54) ?x765) (* 6 ?x894) (* (- 4) ?x3704) ?x3131 (* 6 ?x1414) (* (- 12) ?x1255) (* 2 ?x3992) ?x2990 (* (- 2) ?x4038) (* (- 6) ?x1969) (* 4 ?x1038) ?x4121 ?x969 ?x832 (* (- 2) ?x2024) (* 36 ?x637) (* (- 54) ?x1853) ?x137 ?x3226 (* 54 ?x2607) ?x3244 ?x2642 (* (- 24) ?x522) (* 24 ?x1167) (* (- 36) ?x1382))))
 (let ((?x580 (* (- 3) s)))
 (let ((?x691 (* (- 6) ?x3293)))
 (let ((?x44 (* 3 s00)))
 (let ((?x673 (* 4 ?x672)))
 (let ((?x693 (* (- 9) ?x3233)))
 (let ((?x604 (* 18 ?x603)))
 (let ((?x2091 (+ (* 9 ?x3389) ?x604 ?x693 (* (- 2) ?x3832) (* (- 18) ?x765) (* (- 6) (* r00 ?x1521 ?x3362)) (* 6 ?x1762) ?x673 (* (- 18) ?x1853) ?x44 ?x691 (* 18 ?x2607) ?x580 (* (- 18) r) (* (- 9) ?x522) (* (- 2) ?x1255) (* 9 ?x1167) (* 6 (* r00 s00 ?x1521)))))
 (let ((?x550 (* r00 r00 r00)))
 (let ((?x551 (* 12 ?x550)))
 (let ((?x582 (* (- 6) x00)))
 (let ((?x56 (* 6 x)))
 (let ((?x2192 (* (- 6) ?x3233)))
 (let ((?x581 (* (- 3) r00)))
 (let ((?x1810 (+ (* 2 ?x3389) (* (- 12) (* r00 r00 ?x1521)) (* (- 15) r) ?x44 ?x3244 ?x581 (* 4 ?x522) ?x2192 ?x56 ?x582 ?x551)))
 (let ((?x380 (* r00 r00)))
 (let ((?x3044 (* (- 3) ?x380)))
 (let (($x2158 (= (+ s00 ?x359 (* (- 6) r) (* 3 (* ?x1521 ?x1521)) ?x3044) 3)))
 (let (($x2248 (not $x2158)))
 (let (($x2825 (or $x2248 (not (= ?x1810 6)) (not (= ?x2091 9)) (not (= ?x1780 27)) $x824 $x2360)))
 (let ((?x1869 (* r00 r00 s)))
 (let ((?x1313 (* 36 ?x1869)))
 (let ((?x461 (+ ?x3110 ?x1879 ?x3322 (* 15 (* s s)) (* (- 216) (* r00 r00 r00 s)) ?x3107 (* (- 4) (* s s s)) (* 108 (* x x)) ?x1156 (* (- 12) (* s00 s s)) (* 108 (* s00 x)) ?x2255 ?x1349 (* 108 (* x00 s)) (* 432 (* r00 r00 r00 x)) (* (- 66) (* s00 s)) (* 108 (* r00 s00 s)) ?x1679 (* (- 216) (* r00 s00 x)) (* 36 (* r00 r00 s s)) ?x1777 (* (- 108) (* x s)) ?x1313 ?x1027 (* (- 108) (* r00 x)) ?x137 ?x3226 ?x3244 (* 54 (* r00 s)) (* (- 216) (* x00 x)) ?x1121)))
 (let (($x1656 (= ?x461 0)))
 (let ((?x2951 (* r00 r00 x)))
 (let ((?x3033 (* (- 36) ?x2951)))
 (let ((?x2278 (* r00 s s)))
 (let ((?x3018 (* (- 4) ?x2278)))
 (let ((?x3514 (+ (* 24 (* s r)) ?x2399 (* (- 36) (* r00 x r)) ?x3227 (* (- 3) (* s s)) (* (- 54) (* x r)) (* 6 (* s00 x)) ?x3018 ?x3131 (* 6 (* x00 s)) (* (- 12) (* s00 s)) (* 2 (* r00 s00 s)) ?x2990 (* (- 2) (* s s r)) (* (- 6) (* x s)) (* 4 (* s00 s00 r)) ?x1313 ?x969 ?x832 (* (- 2) (* s00 s r)) (* 36 (* r00 x00 r)) (* (- 54) (* r00 x)) ?x137 ?x3226 (* 54 (* x00 r)) ?x3244 (* (- 24) (* s00 r)) (* 24 (* r00 s)) ?x3033)))
 (let ((?x1940 (* r00 x)))
 (let ((?x2225 (* (- 18) ?x1940)))
 (let ((?x626 (* s s)))
 (let ((?x2206 (* (- 2) ?x626)))
 (let ((?x2049 (+ (* 9 (* s r)) ?x604 ?x693 ?x2206 (* (- 18) (* x r)) (* (- 6) (* r00 s r)) (* 6 ?x1869) ?x673 ?x2225 ?x44 ?x691 (* 18 (* x00 r)) ?x580 (* (- 9) (* s00 r)) (* (- 2) (* s00 s)) (* 9 (* r00 s)) (* 6 (* r00 s00 r)))))
 (let ((?x43 (* 3 r)))
 (let ((?x2092 (+ (* 2 (* s r)) (* (- 12) (* r00 r00 r)) ?x43 ?x44 ?x580 ?x581 (* 4 (* s00 r)) ?x2192 ?x56 ?x582 ?x551)))
 (let (($x3460 (= (+ s00 ?x359 (* 3 (* r r)) ?x3044) 0)))
 (let (($x1783 (and $x3460 (= ?x2092 0) (= ?x2049 0) (= ?x3514 0) $x1656 $x2825)))
 (let ((?x1902 (+ ?x1956 ?x640 ?x1776 ?x3177 ?x1603 ?x842 ?x1861 ?x3705 ?x2383 ?x1171 ?x1738 ?x1785 ?x897 ?x1950 ?x1970 ?x854 ?x4086 ?x981 ?x1007 ?x1990 ?x701 ?x2740 ?x1078 ?x2176 ?x3558 ?x143 ?x1919 ?x1722 ?x3420 ?x1383)))
 (let ((?x47 (* 3 s)))
 (let ((?x3379 (* 6 ?x3293)))
 (let ((?x459 (* (- 3) s00)))
 (let ((?x685 (* (- 4) ?x672)))
 (let ((?x1837 (* 9 ?x3233)))
 (let ((?x617 (* (- 18) ?x603)))
 (let ((?x3985 (+ (* (- 9) ?x3389) ?x617 ?x1837 (* 2 ?x3832) (* 18 ?x765) (* 6 (* r00 ?x1521 ?x3362)) (* (- 6) ?x1762) ?x685 (* 18 ?x1853) ?x459 ?x3379 (* (- 18) ?x2607) ?x47 (* 18 r) (* 9 ?x522) (* 2 ?x1255) (* (- 9) ?x1167) (* (- 6) (* r00 s00 ?x1521)))))
 (let ((?x564 (* (- 12) ?x550)))
 (let ((?x59 (* 6 x00)))
 (let ((?x529 (* (- 6) x)))
 (let ((?x3276 (* 6 ?x3233)))
 (let ((?x48 (* 3 r00)))
 (let ((?x487 (+ (* (- 2) ?x3389) (* 12 (* r00 r00 ?x1521)) (* 15 r) ?x459 ?x143 ?x48 (* (- 4) ?x522) ?x3276 ?x529 ?x59 ?x564)))
 (let (($x536 (or $x2248 (not (= ?x487 (- 6))) (not (= ?x3985 (- 9))) (not (= ?x1902 (- 27))) $x824 $x2360)))
 (let ((?x2952 (* 36 ?x2951)))
 (let ((?x2619 (* (- 36) ?x1869)))
 (let ((?x2279 (* 4 ?x2278)))
 (let ((?x658 (* 3 ?x626)))
 (let ((?x1148 (+ (* (- 24) (* s r)) ?x640 (* 36 (* r00 x r)) ?x3177 ?x658 (* 54 (* x r)) (* (- 6) (* s00 x)) ?x2279 ?x2383 (* (- 6) (* x00 s)) (* 12 (* s00 s)) (* (- 2) (* r00 s00 s)) ?x897 (* 2 (* s s r)) (* 6 (* x s)) (* (- 4) (* s00 s00 r)) ?x2619 ?x981 ?x1007 (* 2 (* s00 s r)) (* (- 36) (* r00 x00 r)) (* 54 ?x1940) ?x1078 ?x2176 (* (- 54) (* x00 r)) ?x143 (* 24 (* s00 r)) (* (- 24) (* r00 s)) ?x2952)))
 (let ((?x627 (* 2 ?x626)))
 (let ((?x943 (+ (* (- 9) (* s r)) ?x617 ?x1837 ?x627 (* 18 (* x r)) (* 6 (* r00 s r)) (* (- 6) ?x1869) ?x685 (* 18 ?x1940) ?x459 ?x3379 (* (- 18) (* x00 r)) ?x47 (* 9 (* s00 r)) (* 2 (* s00 s)) (* (- 9) (* r00 s)) (* (- 6) (* r00 s00 r)))))
 (let ((?x3191 (+ (* (- 2) (* s r)) (* 12 (* r00 r00 r)) (* (- 3) r) ?x459 ?x47 ?x48 (* (- 4) (* s00 r)) ?x3276 ?x529 ?x59 ?x564)))
 (let (($x2776 (and $x3460 (= ?x3191 0) (= ?x943 0) (= ?x1148 0) $x1656 $x536)))
 (rewrite (= $x2776 $x1783))))))))))))))))))))))))))))))))))))))))))))))))))))))))))))))))))))))))))))))))))))))))))))))))))))))))))))))))))))))))))))))))))))))))))))))))))))))))))))
 ))
 (let (($x356 (exists ((r Int) (s Int) (x Int) )(! (let ((?x211 (* 6 r)))
 (let ((?x212 (+ s ?x211 3)))
 (let ((?x215 (+ r 1)))
 (let ((?x299 (* 9 ?x212)))
 (let ((?x139 (* 36 r00 r00 s00)))
 (let ((?x137 (* 9 s00)))
 (let ((?x126 (* 15 s00 s00)))
 (let ((?x124 (* 36 r00 r00 x00)))
 (let ((?x284 (* 36 r00 r00 ?x212)))
 (let ((?x118 (* 6 s00 x00)))
 (let ((?x110 (* 2 r00 s00 s00)))
 (let ((?x102 (* 24 r00 s00)))
 (let ((?x268 (+ (- (* (- 24) ?x215 ?x212) (* 54 r00 x00)) (* 36 ?x215 r00 (- x s)) ?x102 (* 3 ?x212 ?x212) (* 54 ?x215 (- x s)))))
 (let ((?x272 (+ (- ?x268 (* 6 s00 (- x s))) (* 4 r00 ?x212 ?x212))))
 (let ((?x279 (- (+ (- (- ?x272 ?x110) (* 6 ?x212 x00)) (* 12 ?x212 s00)) (* 2 r00 ?x212 s00))))
 (let ((?x282 (+ ?x279 ?x118 (* 2 ?x215 ?x212 ?x212) (* 6 ?x212 (- x s)))))
 (let ((?x290 (+ (- (- (- (- ?x282 (* 4 ?x215 s00 s00)) ?x284) ?x124) ?x126) (* 2 ?x215 ?x212 s00))))
 (let ((?x294 (+ (- ?x290 (* 36 ?x215 r00 x00)) (* 54 r00 (- x s)))))
 (let ((?x301 (+ (- (+ (- ?x294 ?x137) ?x139) (* 54 ?x215 x00)) ?x299 (* 24 ?x215 s00))))
 (let ((?x305 (+ (- ?x301 (* 24 r00 ?x212)) (* 36 r00 r00 (- x s)))))
 (let ((?x208 (* 108 x00 x00)))
 (let ((?x197 (* 51 s00 s00)))
 (let ((?x192 (* 16 s00 s00 s00)))
 (let ((?x186 (* 108 s00 x00)))
 (let ((?x177 (* 216 r00 r00 r00 s00)))
 (let ((?x175 (* 108 r00 s00 s00)))
 (let ((?x169 (* 432 r00 r00 r00 x00)))
 (let ((?x161 (* 36 r00 r00 s00 s00)))
 (let ((?x157 (- (+ (* 216 r00 s00 x00) (* 108 r00 x00)) (* 54 r00 s00))))
 (let ((?x313 (- (- (+ ?x157 (* 15 ?x212 ?x212)) (* 216 r00 r00 r00 ?x212)) ?x161)))
 (let ((?x316 (+ (- ?x313 (* 4 ?x212 ?x212 ?x212)) (* 108 (- x s) (- x s)))))
 (let ((?x321 (+ (- (- ?x316 ?x169) (* 12 ?x212 ?x212 s00)) (* 108 s00 (- x s)))))
 (let ((?x325 (+ (- ?x321 ?x175) ?x177 (* 108 ?x212 x00) (* 432 r00 r00 r00 (- x s)))))
 (let ((?x331 (- (+ (- ?x325 (* 66 ?x212 s00)) (* 108 r00 ?x212 s00)) ?x186)))
 (let ((?x334 (+ (- ?x331 (* 216 r00 s00 (- x s))) (* 36 r00 r00 ?x212 ?x212) ?x192)))
 (let ((?x339 (- (+ (- ?x334 (* 108 ?x212 (- x s))) ?x284 ?x197) (* 108 r00 (- x s)))))
 (let ((?x346 (- (+ (- (- (+ ?x339 ?x137) ?x139) ?x299) (* 54 r00 ?x212)) (* 216 (- x s) x00))))
 (let ((?x227 (* 3 ?x212)))
 (let ((?x82 (* 6 r00 r00 s00)))
 (let ((?x44 (* 3 s00)))
 (let ((?x76 (* 4 s00 s00)))
 (let ((?x70 (* 9 r00 s00)))
 (let ((?x244 (+ (- (* (- 9) ?x215 ?x212) (* 18 r00 x00)) ?x70 (* 2 ?x212 ?x212) (* 18 ?x215 (- x s)) (* 6 ?x215 r00 ?x212))))
 (let ((?x249 (+ (- (- ?x244 (* 6 r00 r00 ?x212)) ?x76) (* 18 r00 (- x s)))))
 (let ((?x256 (+ (- (+ (- ?x249 ?x44) ?x82) (* 18 ?x215 x00)) ?x227 (* 9 ?x215 s00) (* 2 ?x212 s00))))
 (let (($x261 (= (- (- ?x256 (* 9 r00 ?x212)) (* 6 ?x215 r00 s00)) 0)))
 (let ((?x61 (* 12 r00 r00 r00)))
 (let ((?x59 (* 6 x00)))
 (let ((?x54 (* 6 r00 s00)))
 (let ((?x48 (* 3 r00)))
 (let ((?x225 (- (+ (* (- 2) ?x215 ?x212) (* 12 ?x215 r00 r00)) (* 3 ?x215))))
 (let ((?x234 (- (+ (- (+ (- ?x225 ?x44) ?x227 ?x48) (* 4 ?x215 s00)) ?x54) (* 6 (- x s)))))
 (let (($x219 (= (- (+ (- s00 ?x212) (* 3 ?x215 ?x215)) (* 3 r00 r00)) 0)))
 (let (($x354 (or (not $x219) (not (= (- (+ ?x234 ?x59) ?x61) 0)) (not $x261) (not (= ?x305 0)) (not (= (+ ?x346 ?x208) 0)) (not (= (* ?x305 (- 1) ?x215 ?x215 ?x212) 0)))))
 (let ((?x143 (* 9 s)))
 (let ((?x123 (* 36 r00 r00 s)))
 (let ((?x164 (- (- (+ ?x157 (* 15 s s)) (* 216 r00 r00 r00 s)) ?x161)))
 (let ((?x172 (- (- (+ (- ?x164 (* 4 s s s)) (* 108 x x)) ?x169) (* 12 s s s00))))
 (let ((?x180 (+ (- (+ ?x172 (* 108 s00 x)) ?x175) ?x177 (* 108 s x00) (* 432 r00 r00 r00 x))))
 (let ((?x188 (- (+ (- ?x180 (* 66 s s00)) (* 108 r00 s s00)) ?x186)))
 (let ((?x193 (+ (- ?x188 (* 216 r00 s00 x)) (* 36 r00 r00 s s) ?x192)))
 (let ((?x200 (- (+ (- ?x193 (* 108 s x)) ?x123 ?x197) (* 108 r00 x))))
 (let ((?x207 (- (+ (- (- (+ ?x200 ?x137) ?x139) ?x143) (* 54 r00 s)) (* 216 x x00))))
 (let ((?x105 (+ (- (* (- 24) r s) (* 54 r00 x00)) (* 36 r r00 x) ?x102 (* 3 s s) (* 54 r x))))
 (let ((?x112 (- (+ (- ?x105 (* 6 s00 x)) (* 4 r00 s s)) ?x110)))
 (let ((?x117 (- (+ (- ?x112 (* 6 s x00)) (* 12 s s00)) (* 2 r00 s s00))))
 (let ((?x127 (- (+ ?x117 ?x118 (* 2 r s s) (* 6 s x)) (* 4 r s00 s00))))
 (let ((?x134 (- (+ (- (- (- ?x127 ?x123) ?x124) ?x126) (* 2 r s s00)) (* 36 r r00 x00))))
 (let ((?x142 (- (+ (- (+ ?x134 (* 54 r00 x)) ?x137) ?x139) (* 54 r x00))))
 (let ((?x149 (+ (- (+ ?x142 ?x143 (* 24 r s00)) (* 24 r00 s)) (* 36 r00 r00 x))))
 (let ((?x47 (* 3 s)))
 (let ((?x74 (+ (- (* (- 9) r s) (* 18 r00 x00)) ?x70 (* 2 s s) (* 18 r x) (* 6 r r00 s))))
 (let ((?x80 (+ (- (- ?x74 (* 6 r00 r00 s)) ?x76) (* 18 r00 x))))
 (let ((?x88 (+ (- (+ (- ?x80 ?x44) ?x82) (* 18 r x00)) ?x47 (* 9 r s00) (* 2 s s00))))
 (let (($x93 (= (- (- ?x88 (* 9 r00 s)) (* 6 r r00 s00)) 0)))
 (let ((?x56 (* 6 x)))
 (let ((?x43 (* 3 r)))
 (let ((?x46 (- (- (+ (* (- 2) r s) (* 12 r r00 r00)) ?x43) ?x44)))
 (let ((?x60 (+ (- (+ (- (+ ?x46 ?x47 ?x48) (* 4 r s00)) ?x54) ?x56) ?x59)))
 (let (($x36 (= (- (+ (- s00 s) (* 3 r r)) (* 3 r00 r00)) 0)))
 (and $x36 (= (- ?x60 ?x61) 0) $x93 (= ?x149 0) (= (+ ?x207 ?x208) 0) $x354))))))))))))))))))))))))))))))))))))))))))))))))))))))))))))))))))))))))))))))))) :qid k!40))
 ))
 (let ((?x2875 (lambda ((r Int) (s Int) (x Int) )(let ((?x359 (* (- 1) s)))
 (let ((?x1710 (+ x ?x359)))
 (let ((?x1382 (* r00 r00 ?x1710)))
 (let ((?x1383 (* 36 ?x1382)))
 (let ((?x211 (* 6 r)))
 (let ((?x3362 (+ 3 s ?x211)))
 (let ((?x1167 (* r00 ?x3362)))
 (let ((?x3420 (* (- 24) ?x1167)))
 (let ((?x1521 (+ 1 r)))
 (let ((?x522 (* s00 ?x1521)))
 (let ((?x1722 (* 24 ?x522)))
 (let ((?x1919 (* 54 r)))
 (let ((?x143 (* 9 s)))
 (let ((?x2607 (* x00 ?x1521)))
 (let ((?x3558 (* (- 54) ?x2607)))
 (let ((?x3293 (* r00 r00 s00)))
 (let ((?x2176 (* 36 ?x3293)))
 (let ((?x1078 (* (- 9) s00)))
 (let ((?x1853 (* r00 ?x1710)))
 (let ((?x2740 (* 54 ?x1853)))
 (let ((?x637 (* r00 x00 ?x1521)))
 (let ((?x701 (* (- 36) ?x637)))
 (let ((?x2024 (* s00 ?x1521 ?x3362)))
 (let ((?x1990 (* 2 ?x2024)))
 (let ((?x672 (* s00 s00)))
 (let ((?x1007 (* (- 15) ?x672)))
 (let ((?x968 (* r00 r00 x00)))
 (let ((?x981 (* (- 36) ?x968)))
 (let ((?x1762 (* r00 r00 ?x3362)))
 (let ((?x4086 (* (- 36) ?x1762)))
 (let ((?x1038 (* s00 s00 ?x1521)))
 (let ((?x854 (* (- 4) ?x1038)))
 (let ((?x1969 (* ?x1710 ?x3362)))
 (let ((?x1970 (* 6 ?x1969)))
 (let ((?x4038 (* ?x1521 ?x3362 ?x3362)))
 (let ((?x1950 (* 2 ?x4038)))
 (let ((?x896 (* s00 x00)))
 (let ((?x897 (* 6 ?x896)))
 (let ((?x3992 (* r00 s00 ?x3362)))
 (let ((?x1785 (* (- 2) ?x3992)))
 (let ((?x1255 (* s00 ?x3362)))
 (let ((?x1738 (* 12 ?x1255)))
 (let ((?x1414 (* x00 ?x3362)))
 (let ((?x1171 (* (- 6) ?x1414)))
 (let ((?x3395 (* r00 s00 s00)))
 (let ((?x2383 (* (- 2) ?x3395)))
 (let ((?x3704 (* r00 ?x3362 ?x3362)))
 (let ((?x3705 (* 4 ?x3704)))
 (let ((?x894 (* s00 ?x1710)))
 (let ((?x1861 (* (- 6) ?x894)))
 (let ((?x765 (* ?x1521 ?x1710)))
 (let ((?x842 (* 54 ?x765)))
 (let ((?x3832 (* ?x3362 ?x3362)))
 (let ((?x1603 (* 3 ?x3832)))
 (let ((?x3233 (* r00 s00)))
 (let ((?x3177 (* 24 ?x3233)))
 (let ((?x1903 (* r00 ?x1521 ?x1710)))
 (let ((?x1776 (* 36 ?x1903)))
 (let ((?x603 (* r00 x00)))
 (let ((?x640 (* (- 54) ?x603)))
 (let ((?x3389 (* ?x1521 ?x3362)))
 (let ((?x1956 (* (- 24) ?x3389)))
 (let ((?x523 (+ 27 ?x1956 ?x640 ?x1776 ?x3177 ?x1603 ?x842 ?x1861 ?x3705 ?x2383 ?x1171 ?x1738 ?x1785 ?x897 ?x1950 ?x1970 ?x854 ?x4086 ?x981 ?x1007 ?x1990 ?x701 ?x2740 ?x1078 ?x2176 ?x3558 ?x143 ?x1919 ?x1722 ?x3420 ?x1383)))
 (let (($x2360 (not (= (* ?x1521 ?x1521 ?x3362 ?x523) 0))))
 (let ((?x1451 (* x00 x00)))
 (let ((?x1121 (* 108 ?x1451)))
 (let ((?x2642 (* (- 54) r)))
 (let ((?x3244 (* (- 9) s)))
 (let ((?x3226 (* (- 36) ?x3293)))
 (let ((?x137 (* 9 s00)))
 (let ((?x1027 (* 51 ?x672)))
 (let ((?x4121 (* 36 ?x1762)))
 (let ((?x1289 (* s00 s00 s00)))
 (let ((?x1777 (* 16 ?x1289)))
 (let ((?x1679 (* (- 108) ?x896)))
 (let ((?x1349 (* 216 (* r00 r00 r00 s00))))
 (let ((?x2255 (* (- 108) ?x3395)))
 (let ((?x1003 (* r00 r00 r00 x00)))
 (let ((?x1156 (* (- 432) ?x1003)))
 (let ((?x3107 (* (- 36) (* r00 r00 s00 s00))))
 (let ((?x3322 (* (- 54) ?x3233)))
 (let ((?x1879 (* 108 ?x603)))
 (let ((?x3110 (* 216 (* r00 s00 x00))))
 (let ((?x3587 (+ ?x3110 ?x1879 ?x3322 (* 15 ?x3832) (* (- 216) (* r00 r00 r00 ?x3362)) ?x3107 (* (- 4) (* ?x3362 ?x3362 ?x3362)) (* 108 (* ?x1710 ?x1710)) ?x1156 (* (- 12) (* s00 ?x3362 ?x3362)) (* 108 ?x894) ?x2255 ?x1349 (* 108 ?x1414) (* 432 (* r00 r00 r00 ?x1710)) (* (- 66) ?x1255) (* 108 ?x3992) ?x1679 (* (- 216) (* r00 s00 ?x1710)) (* 36 (* r00 r00 ?x3362 ?x3362)) ?x1777 (* (- 108) ?x1969) ?x4121 ?x1027 (* (- 108) ?x1853) ?x137 ?x3226 ?x3244 ?x2642 (* 54 ?x1167) (* (- 216) (* x00 ?x1710)) ?x1121)))
 (let (($x824 (not (= ?x3587 27))))
 (let ((?x1902 (+ ?x1956 ?x640 ?x1776 ?x3177 ?x1603 ?x842 ?x1861 ?x3705 ?x2383 ?x1171 ?x1738 ?x1785 ?x897 ?x1950 ?x1970 ?x854 ?x4086 ?x981 ?x1007 ?x1990 ?x701 ?x2740 ?x1078 ?x2176 ?x3558 ?x143 ?x1919 ?x1722 ?x3420 ?x1383)))
 (let ((?x47 (* 3 s)))
 (let ((?x3379 (* 6 ?x3293)))
 (let ((?x459 (* (- 3) s00)))
 (let ((?x685 (* (- 4) ?x672)))
 (let ((?x1837 (* 9 ?x3233)))
 (let ((?x617 (* (- 18) ?x603)))
 (let ((?x3985 (+ (* (- 9) ?x3389) ?x617 ?x1837 (* 2 ?x3832) (* 18 ?x765) (* 6 (* r00 ?x1521 ?x3362)) (* (- 6) ?x1762) ?x685 (* 18 ?x1853) ?x459 ?x3379 (* (- 18) ?x2607) ?x47 (* 18 r) (* 9 ?x522) (* 2 ?x1255) (* (- 9) ?x1167) (* (- 6) (* r00 s00 ?x1521)))))
 (let ((?x550 (* r00 r00 r00)))
 (let ((?x564 (* (- 12) ?x550)))
 (let ((?x59 (* 6 x00)))
 (let ((?x529 (* (- 6) x)))
 (let ((?x3276 (* 6 ?x3233)))
 (let ((?x48 (* 3 r00)))
 (let ((?x487 (+ (* (- 2) ?x3389) (* 12 (* r00 r00 ?x1521)) (* 15 r) ?x459 ?x143 ?x48 (* (- 4) ?x522) ?x3276 ?x529 ?x59 ?x564)))
 (let ((?x380 (* r00 r00)))
 (let ((?x3044 (* (- 3) ?x380)))
 (let (($x2158 (= (+ s00 ?x359 (* (- 6) r) (* 3 (* ?x1521 ?x1521)) ?x3044) 3)))
 (let (($x2248 (not $x2158)))
 (let (($x536 (or $x2248 (not (= ?x487 (- 6))) (not (= ?x3985 (- 9))) (not (= ?x1902 (- 27))) $x824 $x2360)))
 (let ((?x1869 (* r00 r00 s)))
 (let ((?x1313 (* 36 ?x1869)))
 (let ((?x461 (+ ?x3110 ?x1879 ?x3322 (* 15 (* s s)) (* (- 216) (* r00 r00 r00 s)) ?x3107 (* (- 4) (* s s s)) (* 108 (* x x)) ?x1156 (* (- 12) (* s00 s s)) (* 108 (* s00 x)) ?x2255 ?x1349 (* 108 (* x00 s)) (* 432 (* r00 r00 r00 x)) (* (- 66) (* s00 s)) (* 108 (* r00 s00 s)) ?x1679 (* (- 216) (* r00 s00 x)) (* 36 (* r00 r00 s s)) ?x1777 (* (- 108) (* x s)) ?x1313 ?x1027 (* (- 108) (* r00 x)) ?x137 ?x3226 ?x3244 (* 54 (* r00 s)) (* (- 216) (* x00 x)) ?x1121)))
 (let (($x1656 (= ?x461 0)))
 (let ((?x2951 (* r00 r00 x)))
 (let ((?x2952 (* 36 ?x2951)))
 (let ((?x2619 (* (- 36) ?x1869)))
 (let ((?x2278 (* r00 s s)))
 (let ((?x2279 (* 4 ?x2278)))
 (let ((?x626 (* s s)))
 (let ((?x658 (* 3 ?x626)))
 (let ((?x1148 (+ (* (- 24) (* s r)) ?x640 (* 36 (* r00 x r)) ?x3177 ?x658 (* 54 (* x r)) (* (- 6) (* s00 x)) ?x2279 ?x2383 (* (- 6) (* x00 s)) (* 12 (* s00 s)) (* (- 2) (* r00 s00 s)) ?x897 (* 2 (* s s r)) (* 6 (* x s)) (* (- 4) (* s00 s00 r)) ?x2619 ?x981 ?x1007 (* 2 (* s00 s r)) (* (- 36) (* r00 x00 r)) (* 54 (* r00 x)) ?x1078 ?x2176 (* (- 54) (* x00 r)) ?x143 (* 24 (* s00 r)) (* (- 24) (* r00 s)) ?x2952)))
 (let ((?x627 (* 2 ?x626)))
 (let ((?x943 (+ (* (- 9) (* s r)) ?x617 ?x1837 ?x627 (* 18 (* x r)) (* 6 (* r00 s r)) (* (- 6) ?x1869) ?x685 (* 18 (* r00 x)) ?x459 ?x3379 (* (- 18) (* x00 r)) ?x47 (* 9 (* s00 r)) (* 2 (* s00 s)) (* (- 9) (* r00 s)) (* (- 6) (* r00 s00 r)))))
 (let ((?x3191 (+ (* (- 2) (* s r)) (* 12 (* r00 r00 r)) (* (- 3) r) ?x459 ?x47 ?x48 (* (- 4) (* s00 r)) ?x3276 ?x529 ?x59 ?x564)))
 (let (($x3460 (= (+ s00 ?x359 (* 3 (* r r)) ?x3044) 0)))
 (let (($x2776 (and $x3460 (= ?x3191 0) (= ?x943 0) (= ?x1148 0) $x1656 $x536)))
 (let ((?x212 (+ s ?x211 3)))
 (let ((?x215 (+ r 1)))
 (let ((?x299 (* 9 ?x212)))
 (let ((?x139 (* 36 r00 r00 s00)))
 (let ((?x126 (* 15 s00 s00)))
 (let ((?x124 (* 36 r00 r00 x00)))
 (let ((?x284 (* 36 r00 r00 ?x212)))
 (let ((?x118 (* 6 s00 x00)))
 (let ((?x110 (* 2 r00 s00 s00)))
 (let ((?x102 (* 24 r00 s00)))
 (let ((?x268 (+ (- (* (- 24) ?x215 ?x212) (* 54 r00 x00)) (* 36 ?x215 r00 (- x s)) ?x102 (* 3 ?x212 ?x212) (* 54 ?x215 (- x s)))))
 (let ((?x272 (+ (- ?x268 (* 6 s00 (- x s))) (* 4 r00 ?x212 ?x212))))
 (let ((?x279 (- (+ (- (- ?x272 ?x110) (* 6 ?x212 x00)) (* 12 ?x212 s00)) (* 2 r00 ?x212 s00))))
 (let ((?x282 (+ ?x279 ?x118 (* 2 ?x215 ?x212 ?x212) (* 6 ?x212 (- x s)))))
 (let ((?x290 (+ (- (- (- (- ?x282 (* 4 ?x215 s00 s00)) ?x284) ?x124) ?x126) (* 2 ?x215 ?x212 s00))))
 (let ((?x294 (+ (- ?x290 (* 36 ?x215 r00 x00)) (* 54 r00 (- x s)))))
 (let ((?x301 (+ (- (+ (- ?x294 ?x137) ?x139) (* 54 ?x215 x00)) ?x299 (* 24 ?x215 s00))))
 (let ((?x305 (+ (- ?x301 (* 24 r00 ?x212)) (* 36 r00 r00 (- x s)))))
 (let ((?x208 (* 108 x00 x00)))
 (let ((?x197 (* 51 s00 s00)))
 (let ((?x192 (* 16 s00 s00 s00)))
 (let ((?x186 (* 108 s00 x00)))
 (let ((?x177 (* 216 r00 r00 r00 s00)))
 (let ((?x175 (* 108 r00 s00 s00)))
 (let ((?x169 (* 432 r00 r00 r00 x00)))
 (let ((?x161 (* 36 r00 r00 s00 s00)))
 (let ((?x157 (- (+ (* 216 r00 s00 x00) (* 108 r00 x00)) (* 54 r00 s00))))
 (let ((?x313 (- (- (+ ?x157 (* 15 ?x212 ?x212)) (* 216 r00 r00 r00 ?x212)) ?x161)))
 (let ((?x316 (+ (- ?x313 (* 4 ?x212 ?x212 ?x212)) (* 108 (- x s) (- x s)))))
 (let ((?x321 (+ (- (- ?x316 ?x169) (* 12 ?x212 ?x212 s00)) (* 108 s00 (- x s)))))
 (let ((?x325 (+ (- ?x321 ?x175) ?x177 (* 108 ?x212 x00) (* 432 r00 r00 r00 (- x s)))))
 (let ((?x331 (- (+ (- ?x325 (* 66 ?x212 s00)) (* 108 r00 ?x212 s00)) ?x186)))
 (let ((?x334 (+ (- ?x331 (* 216 r00 s00 (- x s))) (* 36 r00 r00 ?x212 ?x212) ?x192)))
 (let ((?x339 (- (+ (- ?x334 (* 108 ?x212 (- x s))) ?x284 ?x197) (* 108 r00 (- x s)))))
 (let ((?x346 (- (+ (- (- (+ ?x339 ?x137) ?x139) ?x299) (* 54 r00 ?x212)) (* 216 (- x s) x00))))
 (let ((?x227 (* 3 ?x212)))
 (let ((?x82 (* 6 r00 r00 s00)))
 (let ((?x44 (* 3 s00)))
 (let ((?x76 (* 4 s00 s00)))
 (let ((?x70 (* 9 r00 s00)))
 (let ((?x244 (+ (- (* (- 9) ?x215 ?x212) (* 18 r00 x00)) ?x70 (* 2 ?x212 ?x212) (* 18 ?x215 (- x s)) (* 6 ?x215 r00 ?x212))))
 (let ((?x249 (+ (- (- ?x244 (* 6 r00 r00 ?x212)) ?x76) (* 18 r00 (- x s)))))
 (let ((?x256 (+ (- (+ (- ?x249 ?x44) ?x82) (* 18 ?x215 x00)) ?x227 (* 9 ?x215 s00) (* 2 ?x212 s00))))
 (let (($x261 (= (- (- ?x256 (* 9 r00 ?x212)) (* 6 ?x215 r00 s00)) 0)))
 (let ((?x61 (* 12 r00 r00 r00)))
 (let ((?x54 (* 6 r00 s00)))
 (let ((?x225 (- (+ (* (- 2) ?x215 ?x212) (* 12 ?x215 r00 r00)) (* 3 ?x215))))
 (let ((?x234 (- (+ (- (+ (- ?x225 ?x44) ?x227 ?x48) (* 4 ?x215 s00)) ?x54) (* 6 (- x s)))))
 (let (($x219 (= (- (+ (- s00 ?x212) (* 3 ?x215 ?x215)) (* 3 r00 r00)) 0)))
 (let (($x354 (or (not $x219) (not (= (- (+ ?x234 ?x59) ?x61) 0)) (not $x261) (not (= ?x305 0)) (not (= (+ ?x346 ?x208) 0)) (not (= (* ?x305 (- 1) ?x215 ?x215 ?x212) 0)))))
 (let ((?x123 (* 36 r00 r00 s)))
 (let ((?x164 (- (- (+ ?x157 (* 15 s s)) (* 216 r00 r00 r00 s)) ?x161)))
 (let ((?x172 (- (- (+ (- ?x164 (* 4 s s s)) (* 108 x x)) ?x169) (* 12 s s s00))))
 (let ((?x180 (+ (- (+ ?x172 (* 108 s00 x)) ?x175) ?x177 (* 108 s x00) (* 432 r00 r00 r00 x))))
 (let ((?x188 (- (+ (- ?x180 (* 66 s s00)) (* 108 r00 s s00)) ?x186)))
 (let ((?x193 (+ (- ?x188 (* 216 r00 s00 x)) (* 36 r00 r00 s s) ?x192)))
 (let ((?x200 (- (+ (- ?x193 (* 108 s x)) ?x123 ?x197) (* 108 r00 x))))
 (let ((?x207 (- (+ (- (- (+ ?x200 ?x137) ?x139) ?x143) (* 54 r00 s)) (* 216 x x00))))
 (let ((?x105 (+ (- (* (- 24) r s) (* 54 r00 x00)) (* 36 r r00 x) ?x102 (* 3 s s) (* 54 r x))))
 (let ((?x112 (- (+ (- ?x105 (* 6 s00 x)) (* 4 r00 s s)) ?x110)))
 (let ((?x117 (- (+ (- ?x112 (* 6 s x00)) (* 12 s s00)) (* 2 r00 s s00))))
 (let ((?x127 (- (+ ?x117 ?x118 (* 2 r s s) (* 6 s x)) (* 4 r s00 s00))))
 (let ((?x134 (- (+ (- (- (- ?x127 ?x123) ?x124) ?x126) (* 2 r s s00)) (* 36 r r00 x00))))
 (let ((?x142 (- (+ (- (+ ?x134 (* 54 r00 x)) ?x137) ?x139) (* 54 r x00))))
 (let ((?x149 (+ (- (+ ?x142 ?x143 (* 24 r s00)) (* 24 r00 s)) (* 36 r00 r00 x))))
 (let ((?x74 (+ (- (* (- 9) r s) (* 18 r00 x00)) ?x70 (* 2 s s) (* 18 r x) (* 6 r r00 s))))
 (let ((?x80 (+ (- (- ?x74 (* 6 r00 r00 s)) ?x76) (* 18 r00 x))))
 (let ((?x88 (+ (- (+ (- ?x80 ?x44) ?x82) (* 18 r x00)) ?x47 (* 9 r s00) (* 2 s s00))))
 (let (($x93 (= (- (- ?x88 (* 9 r00 s)) (* 6 r r00 s00)) 0)))
 (let ((?x56 (* 6 x)))
 (let ((?x43 (* 3 r)))
 (let ((?x46 (- (- (+ (* (- 2) r s) (* 12 r r00 r00)) ?x43) ?x44)))
 (let ((?x60 (+ (- (+ (- (+ ?x46 ?x47 ?x48) (* 4 r s00)) ?x54) ?x56) ?x59)))
 (let (($x36 (= (- (+ (- s00 s) (* 3 r r)) (* 3 r00 r00)) 0)))
 (let (($x355 (and $x36 (= (- ?x60 ?x61) 0) $x93 (= ?x149 0) (= (+ ?x207 ?x208) 0) $x354)))
 (rewrite (= $x355 $x2776))))))))))))))))))))))))))))))))))))))))))))))))))))))))))))))))))))))))))))))))))))))))))))))))))))))))))))))))))))))))))))))))))))))))))))))))))))))))))))))))))))))))))))))))))))))))))))))))))))))))
 ))
 (let ((@x357 (asserted $x356)))
 (let ((@x4109 (mp (mp @x357 (quant-intro (proof-bind ?x2875) (= $x356 $x537)) $x537) (rewrite (= $x537 $x537)) $x537)))
 (let ((@x3635 (mp (mp @x4109 (quant-intro (proof-bind ?x991) (= $x537 $x3526)) $x3526) (quant-intro (proof-bind ?x1016) (= $x3526 $x1014)) $x1014)))
 (let ((@x2507 (mp (mp~ @x3635 (sk (~ $x1014 $x682)) $x682) (rewrite (= $x682 $x2518)) $x2518)))
 (let ((@x3229 (and-elim @x2507 $x3128)))
 (let ((@x1648 (unit-resolution ((_ th-lemma arith triangle-eq) (or (not $x3128) $x721)) @x3229 $x721)))
 (let (($x3204 (>= ?x641 0)))
 (let ((@x4078 (unit-resolution ((_ th-lemma arith triangle-eq) (or (not $x3128) $x3204)) @x3229 $x3204)))
 (let (($x1548 (<= ?x3405 0)))
 (let (($x2119 (<= ?x3438 0)))
 (let ((@x2901 (and-elim @x2507 $x3439)))
 (let ((@x3283 (unit-resolution ((_ th-lemma arith triangle-eq) (or $x3242 $x2119)) @x2901 $x2119)))
 (let (($x3351 (>= ?x3438 0)))
 (let ((@x2112 (unit-resolution ((_ th-lemma arith triangle-eq) (or $x3242 $x3351)) @x2901 $x3351)))
 (let (($x2100 (<= ?x1250 0)))
 (let ((@x3231 (and-elim @x2507 $x1162)))
 (let ((@x1049 (unit-resolution ((_ th-lemma arith triangle-eq) (or (not $x1162) $x2100)) @x3231 $x2100)))
 (let (($x3413 (>= ?x1250 0)))
 (let ((@x533 (unit-resolution ((_ th-lemma arith triangle-eq) (or (not $x1162) $x3413)) @x3231 $x3413)))
 (let (($x2098 (<= ?x1781 0)))
 (let ((@x3809 (and-elim @x2507 $x1739)))
 (let ((@x2893 (unit-resolution ((_ th-lemma arith triangle-eq) (or (not $x1739) $x2098)) @x3809 $x2098)))
 (let (($x2097 (>= ?x1781 0)))
 (let ((@x2896 (unit-resolution ((_ th-lemma arith triangle-eq) (or (not $x1739) $x2097)) @x3809 $x2097)))
 (let ((@x1526 ((_ th-lemma arith) (hypothesis (not $x1548)) @x2112 @x3283 @x2896 @x2893 @x533 @x1049 @x2896 @x2893 @x533 @x1049 @x2112 @x3283 @x4078 @x1648 false)))
 (let ((@x2695 (lemma @x1526 $x1548)))
 (let (($x2358 (>= ?x3405 0)))
 (let ((@x815 ((_ th-lemma arith) (hypothesis (not $x2358)) @x2112 @x3283 @x2896 @x2893 @x533 @x1049 @x2896 @x2893 @x533 @x1049 @x2112 @x3283 @x4078 @x1648 false)))
 (let ((@x822 (lemma @x815 $x2358)))
 (let (($x1530 (<= ?x3184 0)))
 (let ((@x1381 (and-elim @x2507 $x3284)))
 (let ((@x1667 (unit-resolution ((_ th-lemma arith triangle-eq) (or (not $x3284) $x1530)) @x1381 $x1530)))
 (let (($x3135 (>= ?x3184 0)))
 (let ((@x2123 (unit-resolution ((_ th-lemma arith triangle-eq) (or (not $x3284) $x3135)) @x1381 $x3135)))
 (let (($x2093 (<= ?x1087 0)))
 (let ((@x821 ((_ th-lemma arith) (hypothesis (not $x2093)) @x2112 @x3283 @x2896 @x2893 @x533 @x1049 @x822 @x2695 @x2112 @x3283 false)))
 (let ((@x3615 (lemma @x821 $x2093)))
 (let (($x3976 (>= ?x1087 0)))
 (let ((@x552 ((_ th-lemma arith) (hypothesis (not $x3976)) @x2112 @x3283 @x2896 @x2893 @x533 @x1049 @x822 @x2695 @x2112 @x3283 false)))
 (let ((@x1818 (lemma @x552 $x3976)))
 (let (($x3066 (not (<= ?x3879 0))))
 (let ((@x2940 (unit-resolution ((_ th-lemma arith triangle-eq) (or $x1590 (not $x2093) (not $x3976))) @x3615 @x1818 $x1590)))
 (let (($x1645 (>= ?x985 0)))
 (let ((@x674 ((_ th-lemma arith eq-propagate 0 0 0) (lemma ((_ th-lemma arith farkas 1 1 1) (hypothesis (not $x1645)) @x822 @x2695 false) $x1645) @x822 @x2695 $x2515)))
 (let ((@x3480 (unit-resolution ((_ th-lemma arith triangle-eq) (or $x2411 (not $x1548) (not $x2358))) @x2695 @x822 $x2411)))
 (let ((@x1395 (unit-resolution (hypothesis $x498) ((_ th-lemma arith eq-propagate -4 -4 -1 -1) @x2112 @x3283 @x4078 @x1648 $x1172) false)))
 (let ((@x2771 (unit-resolution (and-elim @x2507 $x1663) @x2901 (or $x498 $x2580 $x1168 $x1651 $x4095))))
 (let ((@x3060 (unit-resolution (unit-resolution @x2771 (lemma @x1395 $x1172) @x3480 @x674 (or $x2580 $x1651)) @x2940 $x1651)))
 (let (($x2127 (>= ?x3879 0)))
 (let ((@x2700 ((_ th-lemma arith) (hypothesis (not $x2127)) @x2112 @x3283 @x1818 @x3615 @x2123 @x1667 @x2896 @x2893 @x533 @x1049 @x2896 @x2893 @x2896 @x2893 @x533 @x1049 @x533 @x1049 @x4078 @x1648 @x2112 @x3283 @x822 @x2695 @x4078 @x1648 false)))
 (let ((@x3192 (unit-resolution ((_ th-lemma arith triangle-eq) (or $x2498 $x3066 (not $x2127))) (lemma @x2700 $x2127) @x3060 $x3066)))
 ((_ th-lemma arith) @x3192 @x2112 @x3283 @x1818 @x3615 @x2123 @x1667 @x2896 @x2893 @x533 @x1049 @x2896 @x2893 @x2896 @x2893 @x533 @x1049 @x533 @x1049 @x4078 @x1648 @x2112 @x3283 @x822 @x2695 @x4078 @x1648 false))))))))))))))))))))))))))))))))))))))))))))))))))))))))))))))))))))))))))))))))))))))))))))))))))))))))))))))))))))))))))))))))))))))))))))))))))))))))))))))))))))))))))))))))))))))))))))))))))))))))))))))))))))))))))))))))))))))))))))))))))))))))))))))))))))))))))))))

(:added-eqs                 11
 :arith-assert-diseq        11
 :arith-assert-lower        74
 :arith-assert-upper        28
 :arith-conflicts           7
 :arith-eq-adapter          10
 :arith-fixed-eqs           2
 :arith-gcd-tests           19
 :arith-grobner             6
 :arith-max-min             1597
 :arith-nonlinear-bounds    59
 :arith-nonlinear-horner    55
 :arith-num-rows            11
 :arith-patches             13
 :arith-patches_succ        13
 :arith-pivots              8
 :arith-pseudo-nonlinear    2
 :arith-row-summations      27
 :arith-tableau-max-columns 141
 :arith-tableau-max-rows    11
 :conflicts                 8
 :decisions                 19
 :del-clause                27
 :final-checks              13
 :max-memory                4.49
 :memory                    3.57
 :mk-bool-var               36
 :mk-clause                 36
 :num-allocs                4657072
 :num-checks                1
 :propagations              52
 :rlimit-count              100517
 :time                      0.08
 :total-time                0.09)
