unsat
((set-logic NIA)
(declare-fun x!0 () Int)
(declare-fun r!2 () Int)
(declare-fun s!1 () Int)
(proof
(let ((?x3324 (* 6 x!0)))
 (let ((?x2014 (* s00 r!2)))
 (let ((?x863 (* 4 ?x2014)))
 (let ((?x1420 (* 3 r!2)))
 (let ((?x1179 (* s!1 r!2)))
 (let ((?x2123 (* 2 ?x1179)))
 (let ((?x1122 (* r00 r00 r!2)))
 (let ((?x2007 (* (- 12) ?x1122)))
 (let ((?x2492 (* (- 3) s!1)))
 (let ((?x550 (* r00 r00 r00)))
 (let ((?x551 (* 12 ?x550)))
 (let ((?x507 (* s00 r00)))
 (let ((?x585 (* (- 6) ?x507)))
 (let ((?x582 (* (- 6) x00)))
 (let ((?x581 (* (- 3) r00)))
 (let ((?x44 (* 3 s00)))
 (let ((?x1570 (+ ?x44 ?x581 ?x582 ?x585 ?x551 ?x2492 ?x2007 ?x2123 ?x1420 ?x863 ?x3324)))
 (let (($x2702 (<= ?x1570 0)))
 (let (($x2712 (= ?x1570 0)))
 (let ((?x853 (* 18 x!0)))
 (let ((?x2862 (* s!1 s!1)))
 (let ((?x1631 (* 2 ?x2862)))
 (let ((?x1632 (* r!2 x!0)))
 (let ((?x2865 (* 18 ?x1632)))
 (let ((?x1252 (* r!2 r!2)))
 (let ((?x854 (* 18 ?x1252)))
 (let ((?x841 (* 9 r!2)))
 (let ((?x851 (* (- 12) s!1)))
 (let ((?x728 (* s00 r00 r00)))
 (let ((?x729 (* 6 ?x728)))
 (let ((?x672 (* s00 s00)))
 (let ((?x685 (* (- 4) ?x672)))
 (let ((?x603 (* r00 x00)))
 (let ((?x617 (* (- 18) ?x603)))
 (let ((?x2169 (* 3 ?x507)))
 (let ((?x380 (* r00 r00)))
 (let ((?x1891 (* (- 18) ?x380)))
 (let ((?x2010 (* (- 18) x00)))
 (let ((?x3052 (* (- 9) r00)))
 (let ((?x2067 (* 12 s00)))
 (let ((?x3519 (+ ?x2067 ?x3052 ?x2010 ?x1891 ?x2169 ?x617 ?x685 ?x729 ?x851 (* 2 (* s00 s!1)) (* (- 21) (* r00 s!1)) (* (- 36) ?x1122) (* (- 3) ?x1179) ?x841 ?x854 (* (- 18) (* x00 r!2)) ?x2865 (* 36 (* r00 r!2 r!2)) (* 18 (* r00 x!0)) (* 21 ?x2014) (* 6 (* r00 s!1 r!2)) (* (- 6) (* r00 r00 s!1)) (* (- 6) (* s00 r00 r!2)) ?x1631 ?x853)))
 (let ((?x3105 (+ 1 r!2)))
 (let ((?x1621 (* ?x3105 ?x3105 (+ 3 s!1 (* 6 r!2)) ?x3519)))
 (let (($x2828 (= ?x1621 0)))
 (let (($x1638 (not $x2828)))
 (let ((?x3555 (* s!1 x!0)))
 (let ((?x1769 (* 324 ?x3555)))
 (let ((?x2586 (* 324 x!0)))
 (let ((?x2231 (* (- 195) ?x2862)))
 (let ((?x1714 (* s!1 s!1 s!1)))
 (let ((?x2051 (* 4 ?x1714)))
 (let ((?x943 (* 648 ?x1632)))
 (let ((?x1451 (* x00 x00)))
 (let ((?x1481 (* (- 108) ?x1451)))
 (let ((?x1326 (* r!2 r!2 r!2)))
 (let ((?x1908 (* 864 ?x1326)))
 (let ((?x1289 (* s00 s00 s00)))
 (let ((?x1480 (* (- 16) ?x1289)))
 (let ((?x974 (* 756 ?x1252)))
 (let ((?x2596 (* 162 r!2)))
 (let ((?x1177 (* s00 r00 r00 r00)))
 (let ((?x1476 (* (- 216) ?x1177)))
 (let ((?x1003 (* r00 r00 r00 x00)))
 (let ((?x1004 (* 432 ?x1003)))
 (let ((?x1000 (* x!0 x!0)))
 (let ((?x755 (* (- 108) ?x1000)))
 (let ((?x896 (* s00 x00)))
 (let ((?x1234 (* 108 ?x896)))
 (let ((?x860 (* s00 s00 r00 r00)))
 (let ((?x861 (* 36 ?x860)))
 (let ((?x2445 (* (- 297) s!1)))
 (let ((?x773 (* s00 s00 r00)))
 (let ((?x1131 (* 108 ?x773)))
 (let ((?x1091 (* 36 ?x728)))
 (let ((?x1470 (* (- 51) ?x672)))
 (let ((?x1467 (* (- 108) ?x603)))
 (let ((?x599 (* s00 r00 x00)))
 (let ((?x1466 (* (- 216) ?x599)))
 (let ((?x4008 (* 648 ?x550)))
 (let ((?x1851 (* (- 270) ?x507)))
 (let ((?x1833 (* (- 432) ?x380)))
 (let ((?x4002 (* (- 324) x00)))
 (let ((?x1830 (* (- 162) r00)))
 (let ((?x4001 (* 297 s00)))
 (let ((?x1587 (+ ?x4001 ?x1830 ?x4002 ?x1833 ?x1851 ?x4008 ?x1466 ?x1467 ?x1470 ?x1091 ?x1131 (* (- 108) (* s00 x!0)) (* 432 (* s!1 r!2 r!2)) ?x2445 ?x861 ?x1234 (* 246 (* s00 s!1)) ?x755 ?x1004 (* (- 162) (* r00 s!1)) (* (- 1512) ?x1122) ?x1476 (* (- 396) ?x1179) ?x2596 ?x974 ?x1480 ?x1908 (* 432 (* s00 r!2 r!2)) ?x1481 (* (- 648) (* x00 r!2)) ?x943 ?x2051 (* 108 (* r00 x!0)) (* (- 432) (* r00 r00 s!1 r!2)) (* 828 ?x2014) (* (- 252) (* r00 r00 s!1)) (* (- 324) (* x00 s!1)) (* 144 (* s00 s!1 r!2)) (* 648 (* r00 r00 r00 s!1)) (* (- 648) (* s00 r00 r!2)) ?x2231 (* (- 1296) (* r00 r00 r!2 r!2)) ?x2586 (* 72 (* s!1 s!1 r!2)) ?x1769 (* 216 (* x00 x!0)) (* 12 (* s00 s!1 s!1)) (* 216 (* s00 r00 x!0)) (* (- 432) (* r00 r00 r00 x!0)) (* (- 36) (* r00 r00 s!1 s!1)) (* (- 324) (* r00 r!2)) (* 1296 (* r00 r00 r00 r!2)) (* (- 324) (* s00 r00 s!1)))))
 (let (($x2812 (= ?x1587 0)))
 (let (($x1321 (not $x2812)))
 (let ((?x3549 (* 6 ?x3555)))
 (let ((?x2568 (* 72 x!0)))
 (let ((?x3032 (* (- 1) ?x2862)))
 (let ((?x1870 (* 90 ?x1632)))
 (let ((?x3899 (* 72 ?x1326)))
 (let ((?x3025 (* 108 ?x1252)))
 (let ((?x2989 (* 36 r!2)))
 (let ((?x968 (* r00 r00 x00)))
 (let ((?x981 (* (- 36) ?x968)))
 (let ((?x897 (* 6 ?x896)))
 (let ((?x2990 (* (- 57) s!1)))
 (let ((?x791 (* (- 2) ?x773)))
 (let ((?x2912 (* (- 19) ?x672)))
 (let ((?x2897 (* (- 90) ?x603)))
 (let ((?x2889 (* 18 ?x507)))
 (let ((?x3410 (* (- 108) ?x380)))
 (let ((?x3402 (* (- 72) x00)))
 (let ((?x2525 (* (- 36) r00)))
 (let ((?x3400 (* 57 s00)))
 (let ((?x510 (+ ?x3400 ?x2525 ?x3402 ?x3410 ?x2889 ?x2897 ?x2912 ?x1091 ?x791 (* (- 6) (* s00 x!0)) (* 24 (* s!1 r!2 r!2)) ?x2990 ?x897 (* 20 (* s00 s!1)) ?x981 (* (- 90) (* r00 s!1)) (* (- 216) ?x1122) (* (- 42) ?x1179) ?x2989 ?x3025 ?x3899 (* 4 (* r00 s!1 s!1)) (* 12 (* s00 r!2 r!2)) (* (- 90) (* x00 r!2)) ?x1870 (* 144 (* r00 r!2 r!2)) (* 90 (* r00 x!0)) (* 114 ?x2014) (* 12 (* r00 s!1 r!2)) (* (- 72) (* r00 r00 s!1)) (* (- 6) (* x00 s!1)) (* 2 (* s00 s!1 r!2)) (* 36 (* r00 r00 x!0)) (* (- 36) (* r00 x00 r!2)) (* (- 12) (* s00 r00 r!2)) (* (- 4) (* s00 s00 r!2)) (* 36 (* r00 r!2 x!0)) ?x3032 ?x2568 (* 2 (* s!1 s!1 r!2)) ?x3549 (* (- 2) (* s00 r00 s!1)))))
 (let (($x1319 (= ?x510 0)))
 (let (($x3390 (not $x1319)))
 (let (($x3373 (= ?x3519 0)))
 (let (($x3382 (not $x3373)))
 (let ((?x398 (* 12 ?x1252)))
 (let ((?x397 (* (- 7) s!1)))
 (let ((?x2754 (* (- 12) ?x380)))
 (let ((?x2714 (* 7 s00)))
 (let ((?x906 (+ ?x2714 ?x581 ?x582 ?x2754 ?x585 ?x551 ?x397 ?x2007 ?x2123 ?x1420 ?x398 ?x863 ?x3324)))
 (let (($x495 (= ?x906 0)))
 (let (($x882 (not $x495)))
 (let ((?x2262 (* (- 3) ?x380)))
 (let ((?x701 (+ s00 ?x2262 (* (- 1) s!1) (* 3 ?x1252))))
 (let (($x2412 (= ?x701 0)))
 (let (($x1661 (not $x2412)))
 (let (($x2483 (or $x1661 $x882 $x3382 $x3390 $x1321 $x1638)))
 (let ((?x2539 (* r00 r00 s!1)))
 (let ((?x821 (* 36 ?x2539)))
 (let ((?x3833 (* 108 ?x1451)))
 (let ((?x1508 (* 16 ?x1289)))
 (let ((?x3021 (* (- 432) ?x1003)))
 (let ((?x3554 (* (- 108) ?x896)))
 (let ((?x3059 (* (- 9) s!1)))
 (let ((?x1379 (* (- 36) ?x728)))
 (let ((?x522 (* 51 ?x672)))
 (let ((?x1879 (* 108 ?x603)))
 (let ((?x137 (* 9 s00)))
 (let ((?x1655 (+ ?x137 (* (- 54) ?x507) (* 216 ?x599) ?x1879 ?x522 ?x1379 (* (- 108) ?x773) (* 108 (* s00 x!0)) ?x3059 (* (- 36) ?x860) ?x3554 (* (- 66) (* s00 s!1)) (* 108 ?x1000) ?x3021 (* 54 (* r00 s!1)) (* 216 ?x1177) ?x1508 ?x3833 (* (- 4) ?x1714) (* (- 108) (* r00 x!0)) ?x821 (* 108 (* x00 s!1)) (* (- 216) (* r00 r00 r00 s!1)) (* 15 ?x2862) (* (- 108) ?x3555) (* (- 216) (* x00 x!0)) (* (- 12) (* s00 s!1 s!1)) (* (- 216) (* s00 r00 x!0)) (* 432 (* r00 r00 r00 x!0)) (* 36 (* r00 r00 s!1 s!1)) (* 108 (* s00 r00 s!1)))))
 (let (($x1656 (= ?x1655 0)))
 (let ((?x969 (* 36 ?x968)))
 (let ((?x3170 (* (- 6) ?x896)))
 (let ((?x774 (* 2 ?x773)))
 (let ((?x2292 (* 15 ?x672)))
 (let ((?x1386 (* 54 ?x603)))
 (let ((?x3726 (+ ?x137 (* (- 24) ?x507) ?x1386 ?x2292 ?x1379 ?x774 (* 6 (* s00 x!0)) ?x3059 ?x3170 (* (- 12) (* s00 s!1)) ?x969 (* 24 (* r00 s!1)) (* 24 ?x1179) (* (- 4) (* r00 s!1 s!1)) (* 54 (* x00 r!2)) (* (- 54) ?x1632) (* (- 54) (* r00 x!0)) (* (- 24) ?x2014) ?x821 (* 6 (* x00 s!1)) (* (- 2) (* s00 s!1 r!2)) (* (- 36) (* r00 r00 x!0)) (* 36 (* r00 x00 r!2)) (* 4 (* s00 s00 r!2)) (* (- 36) (* r00 r!2 x!0)) (* (- 3) ?x2862) (* (- 2) (* s!1 s!1 r!2)) (* (- 6) ?x3555) (* 2 (* s00 r00 s!1)))))
 (let (($x3727 (= ?x3726 0)))
 (let ((?x2208 (* (- 6) ?x728)))
 (let ((?x673 (* 4 ?x672)))
 (let ((?x604 (* 18 ?x603)))
 (let ((?x2967 (+ ?x44 (* (- 9) ?x507) ?x604 ?x673 ?x2208 ?x2492 (* (- 2) (* s00 s!1)) (* 9 (* r00 s!1)) (* 9 ?x1179) (* 18 (* x00 r!2)) (* (- 18) ?x1632) (* (- 18) (* r00 x!0)) (* (- 9) ?x2014) (* (- 6) (* r00 s!1 r!2)) (* 6 ?x2539) (* 6 (* s00 r00 r!2)) (* (- 2) ?x2862))))
 (let (($x3977 (= ?x2967 0)))
 (let (($x2816 (and $x2412 $x2712 $x3977 $x3727 $x1656 $x2483)))
 (let ((?x2298 (* r!2 s00 r00)))
 (let ((?x1699 (* (- 6) ?x2298)))
 (let ((?x2670 (* s!1 s00)))
 (let ((?x2551 (* 2 ?x2670)))
 (let ((?x2554 (* r!2 x00)))
 (let ((?x2560 (* (- 18) ?x2554)))
 (let ((?x2669 (* x!0 r00)))
 (let ((?x2553 (* 18 ?x2669)))
 (let ((?x2666 (* s!1 r00 r00)))
 (let ((?x2667 (* (- 6) ?x2666)))
 (let ((?x2664 (* r!2 s!1 r00)))
 (let ((?x2665 (* 6 ?x2664)))
 (let ((?x643 (+ ?x841 ?x851 ?x853 ?x2067 ?x3052 ?x2010 ?x854 ?x1891 (* (- 3) (* r!2 s!1)) (* (- 36) (* r!2 r00 r00)) (* 21 (* r!2 s00)) ?x2169 ?x617 ?x1631 ?x2865 ?x2665 ?x2667 ?x685 ?x2553 ?x729 ?x2560 ?x2551 (* (- 21) (* s!1 r00)) ?x1699 (* 36 (* r!2 r!2 r00)))))
 (let ((?x3226 (* 216 (* x!0 x00))))
 (let ((?x2738 (* (- 36) (* s!1 s!1 r00 r00))))
 (let ((?x3581 (* 216 (* x!0 s00 r00))))
 (let ((?x3408 (* (- 432) (* x!0 r00 r00 r00))))
 (let ((?x1783 (* 12 (* s!1 s!1 s00))))
 (let ((?x1014 (* x!0 s00)))
 (let ((?x3019 (* (- 108) ?x1014)))
 (let ((?x1158 (* 108 ?x2669)))
 (let ((?x3456 (+ ?x2596 ?x2445 ?x2586 ?x4001 ?x1830 ?x4002 ?x974 ?x1833 (* (- 396) (* r!2 s!1)) (* (- 1512) (* r!2 r00 r00)) (* 828 (* r!2 s00)) ?x1851 ?x4008 ?x1466 ?x1467 ?x2231 ?x943 (* (- 252) ?x2666) ?x1470 ?x1158 ?x3019 ?x1091 (* (- 648) ?x2554) (* 648 (* s!1 r00 r00 r00)) (* 246 ?x2670) ?x1131 (* (- 162) (* s!1 r00)) (* (- 432) (* r!2 s!1 r00 r00)) (* (- 648) ?x2298) (* (- 324) (* s!1 x00)) ?x861 (* (- 324) (* s!1 s00 r00)) ?x1234 (* 72 (* r!2 s!1 s!1)) ?x1769 ?x2051 ?x755 ?x1004 (* 144 (* r!2 s!1 s00)) ?x1783 ?x1476 ?x3408 ?x3581 ?x2738 ?x1480 ?x3226 (* (- 1296) (* r!2 r!2 r00 r00)) ?x1481 (* (- 324) (* r!2 r00)) (* 1296 (* r!2 r00 r00 r00)) ?x1908 (* 432 (* r!2 r!2 s!1)) (* 432 (* r!2 r!2 s00)))))
 (let ((?x3650 (* 36 (* x!0 r00 r00))))
 (let ((?x3407 (* (- 36) (* r!2 r00 x00))))
 (let ((?x3406 (* r!2 s!1 s00)))
 (let ((?x800 (* 2 ?x3406)))
 (let ((?x3561 (* (- 4) (* r!2 s00 s00))))
 (let ((?x3829 (* r!2 s!1 s!1)))
 (let ((?x3548 (* 2 ?x3829)))
 (let ((?x3815 (* s!1 s00 r00)))
 (let ((?x3816 (* (- 2) ?x3815)))
 (let ((?x779 (* s!1 x00)))
 (let ((?x3801 (* (- 6) ?x779)))
 (let ((?x2778 (* 4 (* s!1 s!1 r00))))
 (let ((?x1015 (* (- 6) ?x1014)))
 (let ((?x1316 (* 36 (* r!2 x!0 r00))))
 (let ((?x2870 (+ ?x2989 ?x2990 ?x2568 ?x3400 ?x2525 ?x3402 ?x3025 ?x3410 (* (- 42) (* r!2 s!1)) (* (- 216) (* r!2 r00 r00)) (* 114 (* r!2 s00)) ?x2889 ?x2897 ?x3032 ?x1870 (* 12 ?x2664) (* (- 72) ?x2666) ?x1316 ?x2912 (* 90 ?x2669) ?x1015 ?x1091 (* (- 90) ?x2554) ?x2778 (* 20 ?x2670) ?x791 (* (- 90) (* s!1 r00)) (* (- 12) ?x2298) ?x3801 ?x3816 ?x897 ?x3548 ?x3549 ?x3561 ?x981 ?x800 ?x3407 ?x3650 (* 144 (* r!2 r!2 r00)) ?x3899 (* 24 (* r!2 r!2 s!1)) (* 12 (* r!2 r!2 s00)))))
 (let ((?x987 (* r!2 s00)))
 (let ((?x2911 (* 4 ?x987)))
 (let ((?x983 (* r!2 r00 r00)))
 (let ((?x986 (* (- 12) ?x983)))
 (let ((?x3148 (* r!2 s!1)))
 (let ((?x3246 (* 2 ?x3148)))
 (let ((?x667 (+ ?x1420 ?x397 ?x3324 ?x2714 ?x581 ?x582 ?x398 ?x2754 ?x3246 ?x986 ?x2911 ?x585 ?x551)))
 (let (($x1414 (= (+ s!1 (* (- 1) s00) (* (- 3) ?x1252) (* 3 ?x380)) 0)))
 (let (($x2760 (or (not $x1414) (not (= ?x667 0)) (not (= ?x643 0)) (not (= ?x2870 0)) (not (= ?x3456 0)) (not (= (* ?x3105 ?x3105 (+ 3 (* 6 r!2) s!1) ?x643) 0)))))
 (let ((?x1332 (* (- 36) ?x2666)))
 (let ((?x609 (* 54 ?x507)))
 (let ((?x1078 (* (- 9) s00)))
 (let ((?x3556 (* 9 s!1)))
 (let ((?x3228 (+ ?x3556 ?x1078 ?x609 ?x1466 ?x1467 (* (- 15) ?x2862) ?x1332 ?x1470 ?x1158 ?x3019 ?x1091 (* 216 (* s!1 r00 r00 r00)) (* 66 ?x2670) ?x1131 (* (- 54) (* s!1 r00)) (* (- 108) ?x779) ?x861 (* (- 108) ?x3815) ?x1234 (* 108 ?x3555) ?x2051 ?x755 ?x1004 ?x1783 ?x1476 ?x3408 ?x3581 ?x2738 ?x1480 ?x3226 ?x1481)))
 (let ((?x1007 (* (- 15) ?x672)))
 (let ((?x640 (* (- 54) ?x603)))
 (let ((?x655 (* 24 ?x507)))
 (let ((?x2281 (+ ?x3556 ?x1078 (* (- 24) ?x3148) (* 24 ?x987) ?x655 ?x640 (* 3 ?x2862) (* 54 ?x1632) ?x1332 ?x1316 ?x1007 (* 54 ?x2669) ?x1015 ?x1091 (* (- 54) ?x2554) ?x2778 (* 12 ?x2670) ?x791 (* (- 24) (* s!1 r00)) ?x3801 ?x3816 ?x897 ?x3548 ?x3549 ?x3561 ?x981 ?x800 ?x3407 ?x3650)))
 (let ((?x622 (* 9 ?x507)))
 (let ((?x459 (* (- 3) s00)))
 (let ((?x1215 (+ (* 3 s!1) ?x459 (* (- 9) ?x3148) (* 9 ?x987) ?x622 ?x617 ?x1631 ?x2865 ?x2665 ?x2667 ?x685 ?x2553 ?x729 ?x2560 ?x2551 (* (- 9) (* s!1 r00)) ?x1699)))
 (let (($x982 (= (+ ?x1420 ?x2492 ?x3324 ?x44 ?x581 ?x582 ?x3246 ?x986 ?x2911 ?x585 ?x551) 0)))
 (let (($x2369 (and $x1414 $x982 (= ?x1215 0) (= ?x2281 0) (= ?x3228 0) $x2760)))
 (let (($x893 (exists ((r Int) (s Int) (x Int) )(! (let ((?x807 (* r s00 r00)))
 (let ((?x820 (* (- 6) ?x807)))
 (let ((?x769 (* s s00)))
 (let ((?x770 (* 2 ?x769)))
 (let ((?x740 (* r x00)))
 (let ((?x753 (* (- 18) ?x740)))
 (let ((?x728 (* s00 r00 r00)))
 (let ((?x729 (* 6 ?x728)))
 (let ((?x698 (* x r00)))
 (let ((?x699 (* 18 ?x698)))
 (let ((?x672 (* s00 s00)))
 (let ((?x685 (* (- 4) ?x672)))
 (let ((?x646 (* s r00 r00)))
 (let ((?x659 (* (- 6) ?x646)))
 (let ((?x634 (* r s r00)))
 (let ((?x635 (* 6 ?x634)))
 (let ((?x630 (* r x)))
 (let ((?x631 (* 18 ?x630)))
 (let ((?x626 (* s s)))
 (let ((?x627 (* 2 ?x626)))
 (let ((?x603 (* r00 x00)))
 (let ((?x617 (* (- 18) ?x603)))
 (let ((?x507 (* s00 r00)))
 (let ((?x2169 (* 3 ?x507)))
 (let ((?x430 (* r r00 r00)))
 (let ((?x1900 (* (- 36) ?x430)))
 (let ((?x380 (* r00 r00)))
 (let ((?x1891 (* (- 18) ?x380)))
 (let ((?x2010 (* (- 18) x00)))
 (let ((?x3052 (* (- 9) r00)))
 (let ((?x2067 (* 12 s00)))
 (let ((?x1806 (* 18 x)))
 (let ((?x2975 (+ (* 9 r) (* (- 12) s) ?x1806 ?x2067 ?x3052 ?x2010 (* 18 (* r r)) ?x1891 (* (- 3) (* r s)) ?x1900 (* 21 (* r s00)) ?x2169 ?x617 ?x627 ?x631 ?x635 ?x659 ?x685 ?x699 ?x729 ?x753 ?x770 (* (- 21) (* s r00)) ?x820 (* 36 (* r r r00)))))
 (let ((?x211 (* 6 r)))
 (let ((?x1488 (+ 3 ?x211 s)))
 (let ((?x1521 (+ 1 r)))
 (let ((?x3388 (* r r s00)))
 (let ((?x4042 (* 432 ?x3388)))
 (let ((?x3077 (* r r s)))
 (let ((?x4038 (* 432 ?x3077)))
 (let ((?x3062 (* r r r)))
 (let ((?x4037 (* 864 ?x3062)))
 (let ((?x4031 (* 1296 (* r r00 r00 r00))))
 (let ((?x1451 (* x00 x00)))
 (let ((?x1481 (* (- 108) ?x1451)))
 (let ((?x1426 (* 216 (* x x00))))
 (let ((?x1289 (* s00 s00 s00)))
 (let ((?x1480 (* (- 16) ?x1289)))
 (let ((?x1478 (* (- 36) (* s s r00 r00))))
 (let ((?x1260 (* 216 (* x s00 r00))))
 (let ((?x1477 (* (- 432) (* x r00 r00 r00))))
 (let ((?x1177 (* s00 r00 r00 r00)))
 (let ((?x1476 (* (- 216) ?x1177)))
 (let ((?x1062 (* 12 (* s s s00))))
 (let ((?x1020 (* r s s00)))
 (let ((?x4018 (* 144 ?x1020)))
 (let ((?x1003 (* r00 r00 r00 x00)))
 (let ((?x1004 (* 432 ?x1003)))
 (let ((?x973 (* x x)))
 (let ((?x1475 (* (- 108) ?x973)))
 (let ((?x910 (* s s s)))
 (let ((?x912 (* 4 ?x910)))
 (let ((?x900 (* r s s)))
 (let ((?x4017 (* 72 ?x900)))
 (let ((?x896 (* s00 x00)))
 (let ((?x1234 (* 108 ?x896)))
 (let ((?x860 (* s00 s00 r00 r00)))
 (let ((?x861 (* 36 ?x860)))
 (let ((?x819 (* s x00)))
 (let ((?x4015 (* (- 324) ?x819)))
 (let ((?x773 (* s00 s00 r00)))
 (let ((?x1131 (* 108 ?x773)))
 (let ((?x1091 (* 36 ?x728)))
 (let ((?x702 (* x s00)))
 (let ((?x1471 (* (- 108) ?x702)))
 (let ((?x1337 (* 108 ?x698)))
 (let ((?x1470 (* (- 51) ?x672)))
 (let ((?x4011 (* 648 ?x630)))
 (let ((?x1467 (* (- 108) ?x603)))
 (let ((?x599 (* s00 r00 x00)))
 (let ((?x1466 (* (- 216) ?x599)))
 (let ((?x550 (* r00 r00 r00)))
 (let ((?x4008 (* 648 ?x550)))
 (let ((?x1851 (* (- 270) ?x507)))
 (let ((?x480 (* r s00)))
 (let ((?x4007 (* 828 ?x480)))
 (let ((?x1833 (* (- 432) ?x380)))
 (let ((?x4002 (* (- 324) x00)))
 (let ((?x1830 (* (- 162) r00)))
 (let ((?x4001 (* 297 s00)))
 (let ((?x3717 (* 324 x)))
 (let ((?x1877 (+ (* 162 r) (* (- 297) s) ?x3717 ?x4001 ?x1830 ?x4002 (* 756 (* r r)) ?x1833 (* (- 396) (* r s)) (* (- 1512) ?x430) ?x4007 ?x1851 ?x4008 ?x1466 ?x1467 (* (- 195) ?x626) ?x4011 (* (- 252) ?x646) ?x1470 ?x1337 ?x1471 ?x1091 (* (- 648) ?x740) (* 648 (* s r00 r00 r00)) (* 246 ?x769) ?x1131 (* (- 162) (* s r00)) (* (- 432) (* r s r00 r00)) (* (- 648) ?x807) ?x4015 ?x861 (* (- 324) (* s s00 r00)) ?x1234 ?x4017 (* 324 (* s x)) ?x912 ?x1475 ?x1004 ?x4018 ?x1062 ?x1476 ?x1477 ?x1260 ?x1478 ?x1480 ?x1426 (* (- 1296) (* r r r00 r00)) ?x1481 (* (- 324) (* r r00)) ?x4031 ?x4037 ?x4038 ?x4042)))
 (let ((?x1164 (* 36 (* x r00 r00))))
 (let ((?x1032 (* r r00 x00)))
 (let ((?x1045 (* (- 36) ?x1032)))
 (let ((?x1021 (* 2 ?x1020)))
 (let ((?x968 (* r00 r00 x00)))
 (let ((?x981 (* (- 36) ?x968)))
 (let ((?x916 (* r s00 s00)))
 (let ((?x929 (* (- 4) ?x916)))
 (let ((?x904 (* s x)))
 (let ((?x905 (* 6 ?x904)))
 (let ((?x901 (* 2 ?x900)))
 (let ((?x897 (* 6 ?x896)))
 (let ((?x870 (* s s00 r00)))
 (let ((?x883 (* (- 2) ?x870)))
 (let ((?x846 (* (- 6) ?x819)))
 (let ((?x791 (* (- 2) ?x773)))
 (let ((?x746 (* 4 (* s s r00))))
 (let ((?x717 (* (- 6) ?x702)))
 (let ((?x2912 (* (- 19) ?x672)))
 (let ((?x650 (* 36 (* r x r00))))
 (let ((?x2897 (* (- 90) ?x603)))
 (let ((?x2889 (* 18 ?x507)))
 (let ((?x3410 (* (- 108) ?x380)))
 (let ((?x3402 (* (- 72) x00)))
 (let ((?x2525 (* (- 36) r00)))
 (let ((?x3400 (* 57 s00)))
 (let ((?x1756 (+ (* 36 r) (* (- 57) s) (* 72 x) ?x3400 ?x2525 ?x3402 (* 108 (* r r)) ?x3410 (* (- 42) (* r s)) (* (- 216) ?x430) (* 114 ?x480) ?x2889 ?x2897 (* (- 1) ?x626) (* 90 ?x630) (* 12 ?x634) (* (- 72) ?x646) ?x650 ?x2912 (* 90 ?x698) ?x717 ?x1091 (* (- 90) ?x740) ?x746 (* 20 ?x769) ?x791 (* (- 90) (* s r00)) (* (- 12) ?x807) ?x846 ?x883 ?x897 ?x901 ?x905 ?x929 ?x981 ?x1021 ?x1045 ?x1164 (* 144 (* r r r00)) (* 72 ?x3062) (* 24 ?x3077) (* 12 ?x3388))))
 (let ((?x551 (* 12 ?x550)))
 (let ((?x585 (* (- 6) ?x507)))
 (let ((?x481 (* 4 ?x480)))
 (let ((?x584 (* (- 12) ?x430)))
 (let ((?x424 (* r s)))
 (let ((?x583 (* 2 ?x424)))
 (let ((?x2754 (* (- 12) ?x380)))
 (let ((?x582 (* (- 6) x00)))
 (let ((?x581 (* (- 3) r00)))
 (let ((?x2714 (* 7 s00)))
 (let ((?x56 (* 6 x)))
 (let ((?x43 (* 3 r)))
 (let ((?x623 (+ ?x43 (* (- 7) s) ?x56 ?x2714 ?x581 ?x582 (* 12 (* r r)) ?x2754 ?x583 ?x584 ?x481 ?x585 ?x551)))
 (let (($x413 (= (+ s (* (- 1) s00) (* (- 3) (* r r)) (* 3 ?x380)) 0)))
 (let (($x878 (or (not $x413) (not (= ?x623 0)) (not (= ?x2975 0)) (not (= ?x1756 0)) (not (= ?x1877 0)) (not (= (* ?x1521 ?x1521 ?x1488 ?x2975) 0)))))
 (let ((?x1301 (* 108 ?x904)))
 (let ((?x751 (* s r00 r00 r00)))
 (let ((?x752 (* 216 ?x751)))
 (let ((?x955 (* (- 36) ?x646)))
 (let ((?x609 (* 54 ?x507)))
 (let ((?x1078 (* (- 9) s00)))
 (let ((?x143 (* 9 s)))
 (let ((?x1482 (+ ?x143 ?x1078 ?x609 ?x1466 ?x1467 (* (- 15) ?x626) ?x955 ?x1470 ?x1337 ?x1471 ?x1091 ?x752 (* 66 ?x769) ?x1131 (* (- 54) (* s r00)) (* (- 108) ?x819) ?x861 (* (- 108) ?x870) ?x1234 ?x1301 ?x912 ?x1475 ?x1004 ?x1062 ?x1476 ?x1477 ?x1260 ?x1478 ?x1480 ?x1426 ?x1481)))
 (let (($x1483 (= ?x1482 0)))
 (let ((?x1007 (* (- 15) ?x672)))
 (let ((?x658 (* 3 ?x626)))
 (let ((?x640 (* (- 54) ?x603)))
 (let ((?x655 (* 24 ?x507)))
 (let ((?x1170 (+ ?x143 ?x1078 (* (- 24) ?x424) (* 24 ?x480) ?x655 ?x640 ?x658 (* 54 ?x630) ?x955 ?x650 ?x1007 (* 54 ?x698) ?x717 ?x1091 (* (- 54) ?x740) ?x746 (* 12 ?x769) ?x791 (* (- 24) (* s r00)) ?x846 ?x883 ?x897 ?x901 ?x905 ?x929 ?x981 ?x1021 ?x1045 ?x1164)))
 (let (($x1175 (= ?x1170 0)))
 (let ((?x781 (* s r00)))
 (let ((?x794 (* (- 9) ?x781)))
 (let ((?x622 (* 9 ?x507)))
 (let ((?x766 (* 9 ?x480)))
 (let ((?x598 (* (- 9) ?x424)))
 (let ((?x459 (* (- 3) s00)))
 (let ((?x47 (* 3 s)))
 (let ((?x826 (+ ?x47 ?x459 ?x598 ?x766 ?x622 ?x617 ?x627 ?x631 ?x635 ?x659 ?x685 ?x699 ?x729 ?x753 ?x770 ?x794 ?x820)))
 (let (($x833 (= ?x826 0)))
 (let ((?x44 (* 3 s00)))
 (let ((?x580 (* (- 3) s)))
 (let (($x587 (= (+ ?x43 ?x580 ?x56 ?x44 ?x581 ?x582 ?x583 ?x584 ?x481 ?x585 ?x551) 0)))
 (and $x413 $x587 $x833 $x1175 $x1483 $x878)))))))))))))))))))))))))))))))))))))))))))))))))))))))))))))))))))))))))))))))))))))))))))))))))))))))))))))))))))))))))))))))))))))))))))))))))))))))))))))))))) :qid k!40))
 ))
 (let (($x2117 (exists ((r Int) (s Int) (x Int) )(! (let ((?x1521 (+ 1 r)))
 (let ((?x3521 (* r00 s00 ?x1521)))
 (let ((?x3939 (* (- 6) ?x3521)))
 (let ((?x211 (* 6 r)))
 (let ((?x2730 (+ 3 s ?x211)))
 (let ((?x1186 (* r00 ?x2730)))
 (let ((?x2273 (* (- 9) ?x1186)))
 (let ((?x1662 (* s00 ?x2730)))
 (let ((?x869 (* 2 ?x1662)))
 (let ((?x1504 (* s00 ?x1521)))
 (let ((?x1650 (* 9 ?x1504)))
 (let ((?x3552 (* 18 r)))
 (let ((?x47 (* 3 s)))
 (let ((?x1816 (* x00 ?x1521)))
 (let ((?x1097 (* (- 18) ?x1816)))
 (let ((?x2758 (* r00 r00 s00)))
 (let ((?x2759 (* 6 ?x2758)))
 (let ((?x459 (* (- 3) s00)))
 (let ((?x359 (* (- 1) s)))
 (let ((?x2484 (+ x ?x359)))
 (let ((?x2815 (* r00 ?x2484)))
 (let ((?x2689 (* 18 ?x2815)))
 (let ((?x672 (* s00 s00)))
 (let ((?x685 (* (- 4) ?x672)))
 (let ((?x2547 (* r00 r00 ?x2730)))
 (let ((?x3836 (* (- 6) ?x2547)))
 (let ((?x1518 (* r00 ?x1521 ?x2730)))
 (let ((?x420 (* 6 ?x1518)))
 (let ((?x1666 (* ?x1521 ?x2484)))
 (let ((?x1679 (* 18 ?x1666)))
 (let ((?x2183 (* ?x2730 ?x2730)))
 (let ((?x3533 (* 2 ?x2183)))
 (let ((?x920 (* r00 s00)))
 (let ((?x1598 (* 9 ?x920)))
 (let ((?x603 (* r00 x00)))
 (let ((?x617 (* (- 18) ?x603)))
 (let ((?x3247 (* ?x1521 ?x2730)))
 (let ((?x2644 (* (- 9) ?x3247)))
 (let ((?x3961 (+ 9 ?x2644 ?x617 ?x1598 ?x3533 ?x1679 ?x420 ?x3836 ?x685 ?x2689 ?x459 ?x2759 ?x1097 ?x47 ?x3552 ?x1650 ?x869 ?x2273 ?x3939)))
 (let (($x1409 (not (= (* ?x1521 ?x1521 ?x2730 ?x3961) 0))))
 (let ((?x1451 (* x00 x00)))
 (let ((?x3833 (* 108 ?x1451)))
 (let ((?x1070 (* (- 54) r)))
 (let ((?x705 (* (- 9) s)))
 (let ((?x1526 (* (- 36) ?x2758)))
 (let ((?x137 (* 9 s00)))
 (let ((?x522 (* 51 ?x672)))
 (let ((?x2346 (* 36 ?x2547)))
 (let ((?x1289 (* s00 s00 s00)))
 (let ((?x1508 (* 16 ?x1289)))
 (let ((?x896 (* s00 x00)))
 (let ((?x3554 (* (- 108) ?x896)))
 (let ((?x3010 (* 216 (* r00 r00 r00 s00))))
 (let ((?x988 (* r00 s00 s00)))
 (let ((?x2171 (* (- 108) ?x988)))
 (let ((?x1003 (* r00 r00 r00 x00)))
 (let ((?x3021 (* (- 432) ?x1003)))
 (let ((?x3889 (* (- 36) (* r00 r00 s00 s00))))
 (let ((?x2933 (* (- 54) ?x920)))
 (let ((?x1879 (* 108 ?x603)))
 (let ((?x2464 (* 216 (* r00 s00 x00))))
 (let ((?x2955 (+ ?x2464 ?x1879 ?x2933 (* 15 ?x2183) (* (- 216) (* r00 r00 r00 ?x2730)) ?x3889 (* (- 4) (* ?x2730 ?x2730 ?x2730)) (* 108 (* ?x2484 ?x2484)) ?x3021 (* (- 12) (* s00 ?x2730 ?x2730)) (* 108 (* s00 ?x2484)) ?x2171 ?x3010 (* 108 (* x00 ?x2730)) (* 432 (* r00 r00 r00 ?x2484)) (* (- 66) ?x1662) (* 108 (* r00 s00 ?x2730)) ?x3554 (* (- 216) (* r00 s00 ?x2484)) (* 36 (* r00 r00 ?x2730 ?x2730)) ?x1508 (* (- 108) (* ?x2484 ?x2730)) ?x2346 ?x522 (* (- 108) ?x2815) ?x137 ?x1526 ?x705 ?x1070 (* 54 ?x1186) (* (- 216) (* x00 ?x2484)) ?x3833)))
 (let (($x2046 (not (= ?x2955 27))))
 (let ((?x2292 (* 15 ?x672)))
 (let ((?x968 (* r00 r00 x00)))
 (let ((?x969 (* 36 ?x968)))
 (let ((?x3170 (* (- 6) ?x896)))
 (let ((?x3415 (* 2 ?x988)))
 (let ((?x1579 (* (- 24) ?x920)))
 (let ((?x1386 (* 54 ?x603)))
 (let ((?x2473 (+ (* 24 ?x3247) ?x1386 (* (- 36) (* r00 ?x1521 ?x2484)) ?x1579 (* (- 3) ?x2183) (* (- 54) ?x1666) (* 6 (* s00 ?x2484)) (* (- 4) (* r00 ?x2730 ?x2730)) ?x3415 (* 6 (* x00 ?x2730)) (* (- 12) ?x1662) (* 2 (* r00 s00 ?x2730)) ?x3170 (* (- 2) (* ?x1521 ?x2730 ?x2730)) (* (- 6) (* ?x2484 ?x2730)) (* 4 (* s00 s00 ?x1521)) ?x2346 ?x969 ?x2292 (* (- 2) (* s00 ?x1521 ?x2730)) (* 36 (* r00 x00 ?x1521)) (* (- 54) ?x2815) ?x137 ?x1526 (* 54 ?x1816) ?x705 ?x1070 (* (- 24) ?x1504) (* 24 ?x1186) (* (- 36) (* r00 r00 ?x2484)))))
 (let ((?x580 (* (- 3) s)))
 (let ((?x1742 (* (- 6) ?x2758)))
 (let ((?x44 (* 3 s00)))
 (let ((?x673 (* 4 ?x672)))
 (let ((?x2750 (* (- 9) ?x920)))
 (let ((?x604 (* 18 ?x603)))
 (let ((?x1296 (+ (* 9 ?x3247) ?x604 ?x2750 (* (- 2) ?x2183) (* (- 18) ?x1666) (* (- 6) ?x1518) (* 6 ?x2547) ?x673 (* (- 18) ?x2815) ?x44 ?x1742 (* 18 ?x1816) ?x580 (* (- 18) r) (* (- 9) ?x1504) (* (- 2) ?x1662) (* 9 ?x1186) (* 6 ?x3521))))
 (let ((?x550 (* r00 r00 r00)))
 (let ((?x551 (* 12 ?x550)))
 (let ((?x582 (* (- 6) x00)))
 (let ((?x56 (* 6 x)))
 (let ((?x989 (* (- 6) ?x920)))
 (let ((?x581 (* (- 3) r00)))
 (let ((?x899 (+ (* 2 ?x3247) (* (- 12) (* r00 r00 ?x1521)) (* (- 15) r) ?x44 ?x705 ?x581 (* 4 ?x1504) ?x989 ?x56 ?x582 ?x551)))
 (let ((?x380 (* r00 r00)))
 (let ((?x2262 (* (- 3) ?x380)))
 (let (($x2294 (= (+ s00 ?x359 (* (- 6) r) (* 3 (* ?x1521 ?x1521)) ?x2262) 3)))
 (let (($x1154 (not $x2294)))
 (let (($x2111 (or $x1154 (not (= ?x899 6)) (not (= ?x1296 9)) (not (= ?x2473 27)) $x2046 $x1409)))
 (let ((?x1869 (* r00 r00 s)))
 (let ((?x2471 (* 36 ?x1869)))
 (let ((?x3839 (+ ?x2464 ?x1879 ?x2933 (* 15 (* s s)) (* (- 216) (* r00 r00 r00 s)) ?x3889 (* (- 4) (* s s s)) (* 108 (* x x)) ?x3021 (* (- 12) (* s00 s s)) (* 108 (* s00 x)) ?x2171 ?x3010 (* 108 (* x00 s)) (* 432 (* r00 r00 r00 x)) (* (- 66) (* s00 s)) (* 108 (* r00 s00 s)) ?x3554 (* (- 216) (* r00 s00 x)) (* 36 (* r00 r00 s s)) ?x1508 (* (- 108) (* x s)) ?x2471 ?x522 (* (- 108) (* r00 x)) ?x137 ?x1526 ?x705 (* 54 (* r00 s)) (* (- 216) (* x00 x)) ?x3833)))
 (let (($x3844 (= ?x3839 0)))
 (let ((?x3131 (* r00 r00 x)))
 (let ((?x3213 (* (- 36) ?x3131)))
 (let ((?x2458 (* r00 s s)))
 (let ((?x3198 (* (- 4) ?x2458)))
 (let ((?x3565 (+ (* 24 (* s r)) ?x1386 (* (- 36) (* r00 x r)) ?x1579 (* (- 3) (* s s)) (* (- 54) (* x r)) (* 6 (* s00 x)) ?x3198 ?x3415 (* 6 (* x00 s)) (* (- 12) (* s00 s)) (* 2 (* r00 s00 s)) ?x3170 (* (- 2) (* s s r)) (* (- 6) (* x s)) (* 4 (* s00 s00 r)) ?x2471 ?x969 ?x2292 (* (- 2) (* s00 s r)) (* 36 (* r00 x00 r)) (* (- 54) (* r00 x)) ?x137 ?x1526 (* 54 (* x00 r)) ?x705 (* (- 24) (* s00 r)) (* 24 (* r00 s)) ?x3213)))
 (let ((?x1940 (* r00 x)))
 (let ((?x2225 (* (- 18) ?x1940)))
 (let ((?x626 (* s s)))
 (let ((?x2206 (* (- 2) ?x626)))
 (let ((?x3678 (+ (* 9 (* s r)) ?x604 ?x2750 ?x2206 (* (- 18) (* x r)) (* (- 6) (* r00 s r)) (* 6 ?x1869) ?x673 ?x2225 ?x44 ?x1742 (* 18 (* x00 r)) ?x580 (* (- 9) (* s00 r)) (* (- 2) (* s00 s)) (* 9 (* r00 s)) (* 6 (* r00 s00 r)))))
 (let ((?x43 (* 3 r)))
 (let ((?x3638 (+ (* 2 (* s r)) (* (- 12) (* r00 r00 r)) ?x43 ?x44 ?x580 ?x581 (* 4 (* s00 r)) ?x989 ?x56 ?x582 ?x551)))
 (let (($x3304 (= (+ s00 ?x359 (* 3 (* r r)) ?x2262) 0)))
 (and $x3304 (= ?x3638 0) (= ?x3678 0) (= ?x3565 0) $x3844 $x2111)))))))))))))))))))))))))))))))))))))))))))))))))))))))))))))))))))))))))))))))))))))))))))))))))))))))))))) :qid k!40))
 ))
 (let ((?x2029 (lambda ((r Int) (s Int) (x Int) )(let ((?x807 (* r s00 r00)))
 (let ((?x820 (* (- 6) ?x807)))
 (let ((?x769 (* s s00)))
 (let ((?x770 (* 2 ?x769)))
 (let ((?x740 (* r x00)))
 (let ((?x753 (* (- 18) ?x740)))
 (let ((?x728 (* s00 r00 r00)))
 (let ((?x729 (* 6 ?x728)))
 (let ((?x698 (* x r00)))
 (let ((?x699 (* 18 ?x698)))
 (let ((?x672 (* s00 s00)))
 (let ((?x685 (* (- 4) ?x672)))
 (let ((?x646 (* s r00 r00)))
 (let ((?x659 (* (- 6) ?x646)))
 (let ((?x634 (* r s r00)))
 (let ((?x635 (* 6 ?x634)))
 (let ((?x630 (* r x)))
 (let ((?x631 (* 18 ?x630)))
 (let ((?x626 (* s s)))
 (let ((?x627 (* 2 ?x626)))
 (let ((?x603 (* r00 x00)))
 (let ((?x617 (* (- 18) ?x603)))
 (let ((?x507 (* s00 r00)))
 (let ((?x2169 (* 3 ?x507)))
 (let ((?x430 (* r r00 r00)))
 (let ((?x1900 (* (- 36) ?x430)))
 (let ((?x380 (* r00 r00)))
 (let ((?x1891 (* (- 18) ?x380)))
 (let ((?x2010 (* (- 18) x00)))
 (let ((?x3052 (* (- 9) r00)))
 (let ((?x2067 (* 12 s00)))
 (let ((?x1806 (* 18 x)))
 (let ((?x2975 (+ (* 9 r) (* (- 12) s) ?x1806 ?x2067 ?x3052 ?x2010 (* 18 (* r r)) ?x1891 (* (- 3) (* r s)) ?x1900 (* 21 (* r s00)) ?x2169 ?x617 ?x627 ?x631 ?x635 ?x659 ?x685 ?x699 ?x729 ?x753 ?x770 (* (- 21) (* s r00)) ?x820 (* 36 (* r r r00)))))
 (let ((?x211 (* 6 r)))
 (let ((?x1488 (+ 3 ?x211 s)))
 (let ((?x1521 (+ 1 r)))
 (let ((?x3388 (* r r s00)))
 (let ((?x4042 (* 432 ?x3388)))
 (let ((?x3077 (* r r s)))
 (let ((?x4038 (* 432 ?x3077)))
 (let ((?x3062 (* r r r)))
 (let ((?x4037 (* 864 ?x3062)))
 (let ((?x4031 (* 1296 (* r r00 r00 r00))))
 (let ((?x1451 (* x00 x00)))
 (let ((?x1481 (* (- 108) ?x1451)))
 (let ((?x1426 (* 216 (* x x00))))
 (let ((?x1289 (* s00 s00 s00)))
 (let ((?x1480 (* (- 16) ?x1289)))
 (let ((?x1478 (* (- 36) (* s s r00 r00))))
 (let ((?x1260 (* 216 (* x s00 r00))))
 (let ((?x1477 (* (- 432) (* x r00 r00 r00))))
 (let ((?x1177 (* s00 r00 r00 r00)))
 (let ((?x1476 (* (- 216) ?x1177)))
 (let ((?x1062 (* 12 (* s s s00))))
 (let ((?x1020 (* r s s00)))
 (let ((?x4018 (* 144 ?x1020)))
 (let ((?x1003 (* r00 r00 r00 x00)))
 (let ((?x1004 (* 432 ?x1003)))
 (let ((?x973 (* x x)))
 (let ((?x1475 (* (- 108) ?x973)))
 (let ((?x910 (* s s s)))
 (let ((?x912 (* 4 ?x910)))
 (let ((?x900 (* r s s)))
 (let ((?x4017 (* 72 ?x900)))
 (let ((?x896 (* s00 x00)))
 (let ((?x1234 (* 108 ?x896)))
 (let ((?x860 (* s00 s00 r00 r00)))
 (let ((?x861 (* 36 ?x860)))
 (let ((?x819 (* s x00)))
 (let ((?x4015 (* (- 324) ?x819)))
 (let ((?x773 (* s00 s00 r00)))
 (let ((?x1131 (* 108 ?x773)))
 (let ((?x1091 (* 36 ?x728)))
 (let ((?x702 (* x s00)))
 (let ((?x1471 (* (- 108) ?x702)))
 (let ((?x1337 (* 108 ?x698)))
 (let ((?x1470 (* (- 51) ?x672)))
 (let ((?x4011 (* 648 ?x630)))
 (let ((?x1467 (* (- 108) ?x603)))
 (let ((?x599 (* s00 r00 x00)))
 (let ((?x1466 (* (- 216) ?x599)))
 (let ((?x550 (* r00 r00 r00)))
 (let ((?x4008 (* 648 ?x550)))
 (let ((?x1851 (* (- 270) ?x507)))
 (let ((?x480 (* r s00)))
 (let ((?x4007 (* 828 ?x480)))
 (let ((?x1833 (* (- 432) ?x380)))
 (let ((?x4002 (* (- 324) x00)))
 (let ((?x1830 (* (- 162) r00)))
 (let ((?x4001 (* 297 s00)))
 (let ((?x3717 (* 324 x)))
 (let ((?x1877 (+ (* 162 r) (* (- 297) s) ?x3717 ?x4001 ?x1830 ?x4002 (* 756 (* r r)) ?x1833 (* (- 396) (* r s)) (* (- 1512) ?x430) ?x4007 ?x1851 ?x4008 ?x1466 ?x1467 (* (- 195) ?x626) ?x4011 (* (- 252) ?x646) ?x1470 ?x1337 ?x1471 ?x1091 (* (- 648) ?x740) (* 648 (* s r00 r00 r00)) (* 246 ?x769) ?x1131 (* (- 162) (* s r00)) (* (- 432) (* r s r00 r00)) (* (- 648) ?x807) ?x4015 ?x861 (* (- 324) (* s s00 r00)) ?x1234 ?x4017 (* 324 (* s x)) ?x912 ?x1475 ?x1004 ?x4018 ?x1062 ?x1476 ?x1477 ?x1260 ?x1478 ?x1480 ?x1426 (* (- 1296) (* r r r00 r00)) ?x1481 (* (- 324) (* r r00)) ?x4031 ?x4037 ?x4038 ?x4042)))
 (let ((?x1164 (* 36 (* x r00 r00))))
 (let ((?x1032 (* r r00 x00)))
 (let ((?x1045 (* (- 36) ?x1032)))
 (let ((?x1021 (* 2 ?x1020)))
 (let ((?x968 (* r00 r00 x00)))
 (let ((?x981 (* (- 36) ?x968)))
 (let ((?x916 (* r s00 s00)))
 (let ((?x929 (* (- 4) ?x916)))
 (let ((?x904 (* s x)))
 (let ((?x905 (* 6 ?x904)))
 (let ((?x901 (* 2 ?x900)))
 (let ((?x897 (* 6 ?x896)))
 (let ((?x870 (* s s00 r00)))
 (let ((?x883 (* (- 2) ?x870)))
 (let ((?x846 (* (- 6) ?x819)))
 (let ((?x791 (* (- 2) ?x773)))
 (let ((?x746 (* 4 (* s s r00))))
 (let ((?x717 (* (- 6) ?x702)))
 (let ((?x2912 (* (- 19) ?x672)))
 (let ((?x650 (* 36 (* r x r00))))
 (let ((?x2897 (* (- 90) ?x603)))
 (let ((?x2889 (* 18 ?x507)))
 (let ((?x3410 (* (- 108) ?x380)))
 (let ((?x3402 (* (- 72) x00)))
 (let ((?x2525 (* (- 36) r00)))
 (let ((?x3400 (* 57 s00)))
 (let ((?x1756 (+ (* 36 r) (* (- 57) s) (* 72 x) ?x3400 ?x2525 ?x3402 (* 108 (* r r)) ?x3410 (* (- 42) (* r s)) (* (- 216) ?x430) (* 114 ?x480) ?x2889 ?x2897 (* (- 1) ?x626) (* 90 ?x630) (* 12 ?x634) (* (- 72) ?x646) ?x650 ?x2912 (* 90 ?x698) ?x717 ?x1091 (* (- 90) ?x740) ?x746 (* 20 ?x769) ?x791 (* (- 90) (* s r00)) (* (- 12) ?x807) ?x846 ?x883 ?x897 ?x901 ?x905 ?x929 ?x981 ?x1021 ?x1045 ?x1164 (* 144 (* r r r00)) (* 72 ?x3062) (* 24 ?x3077) (* 12 ?x3388))))
 (let ((?x551 (* 12 ?x550)))
 (let ((?x585 (* (- 6) ?x507)))
 (let ((?x481 (* 4 ?x480)))
 (let ((?x584 (* (- 12) ?x430)))
 (let ((?x424 (* r s)))
 (let ((?x583 (* 2 ?x424)))
 (let ((?x2754 (* (- 12) ?x380)))
 (let ((?x582 (* (- 6) x00)))
 (let ((?x581 (* (- 3) r00)))
 (let ((?x2714 (* 7 s00)))
 (let ((?x56 (* 6 x)))
 (let ((?x43 (* 3 r)))
 (let ((?x623 (+ ?x43 (* (- 7) s) ?x56 ?x2714 ?x581 ?x582 (* 12 (* r r)) ?x2754 ?x583 ?x584 ?x481 ?x585 ?x551)))
 (let (($x413 (= (+ s (* (- 1) s00) (* (- 3) (* r r)) (* 3 ?x380)) 0)))
 (let (($x878 (or (not $x413) (not (= ?x623 0)) (not (= ?x2975 0)) (not (= ?x1756 0)) (not (= ?x1877 0)) (not (= (* ?x1521 ?x1521 ?x1488 ?x2975) 0)))))
 (let ((?x1301 (* 108 ?x904)))
 (let ((?x751 (* s r00 r00 r00)))
 (let ((?x752 (* 216 ?x751)))
 (let ((?x955 (* (- 36) ?x646)))
 (let ((?x609 (* 54 ?x507)))
 (let ((?x1078 (* (- 9) s00)))
 (let ((?x143 (* 9 s)))
 (let ((?x1482 (+ ?x143 ?x1078 ?x609 ?x1466 ?x1467 (* (- 15) ?x626) ?x955 ?x1470 ?x1337 ?x1471 ?x1091 ?x752 (* 66 ?x769) ?x1131 (* (- 54) (* s r00)) (* (- 108) ?x819) ?x861 (* (- 108) ?x870) ?x1234 ?x1301 ?x912 ?x1475 ?x1004 ?x1062 ?x1476 ?x1477 ?x1260 ?x1478 ?x1480 ?x1426 ?x1481)))
 (let (($x1483 (= ?x1482 0)))
 (let ((?x1007 (* (- 15) ?x672)))
 (let ((?x658 (* 3 ?x626)))
 (let ((?x640 (* (- 54) ?x603)))
 (let ((?x655 (* 24 ?x507)))
 (let ((?x1170 (+ ?x143 ?x1078 (* (- 24) ?x424) (* 24 ?x480) ?x655 ?x640 ?x658 (* 54 ?x630) ?x955 ?x650 ?x1007 (* 54 ?x698) ?x717 ?x1091 (* (- 54) ?x740) ?x746 (* 12 ?x769) ?x791 (* (- 24) (* s r00)) ?x846 ?x883 ?x897 ?x901 ?x905 ?x929 ?x981 ?x1021 ?x1045 ?x1164)))
 (let (($x1175 (= ?x1170 0)))
 (let ((?x781 (* s r00)))
 (let ((?x794 (* (- 9) ?x781)))
 (let ((?x622 (* 9 ?x507)))
 (let ((?x766 (* 9 ?x480)))
 (let ((?x598 (* (- 9) ?x424)))
 (let ((?x459 (* (- 3) s00)))
 (let ((?x47 (* 3 s)))
 (let ((?x826 (+ ?x47 ?x459 ?x598 ?x766 ?x622 ?x617 ?x627 ?x631 ?x635 ?x659 ?x685 ?x699 ?x729 ?x753 ?x770 ?x794 ?x820)))
 (let (($x833 (= ?x826 0)))
 (let ((?x44 (* 3 s00)))
 (let ((?x580 (* (- 3) s)))
 (let (($x587 (= (+ ?x43 ?x580 ?x56 ?x44 ?x581 ?x582 ?x583 ?x584 ?x481 ?x585 ?x551) 0)))
 (let (($x532 (and $x413 $x587 $x833 $x1175 $x1483 $x878)))
 (let ((?x3521 (* r00 s00 ?x1521)))
 (let ((?x3939 (* (- 6) ?x3521)))
 (let ((?x2730 (+ 3 s ?x211)))
 (let ((?x1186 (* r00 ?x2730)))
 (let ((?x2273 (* (- 9) ?x1186)))
 (let ((?x1662 (* s00 ?x2730)))
 (let ((?x869 (* 2 ?x1662)))
 (let ((?x1504 (* s00 ?x1521)))
 (let ((?x1650 (* 9 ?x1504)))
 (let ((?x3552 (* 18 r)))
 (let ((?x1816 (* x00 ?x1521)))
 (let ((?x1097 (* (- 18) ?x1816)))
 (let ((?x2758 (* r00 r00 s00)))
 (let ((?x2759 (* 6 ?x2758)))
 (let ((?x359 (* (- 1) s)))
 (let ((?x2484 (+ x ?x359)))
 (let ((?x2815 (* r00 ?x2484)))
 (let ((?x2689 (* 18 ?x2815)))
 (let ((?x2547 (* r00 r00 ?x2730)))
 (let ((?x3836 (* (- 6) ?x2547)))
 (let ((?x1518 (* r00 ?x1521 ?x2730)))
 (let ((?x420 (* 6 ?x1518)))
 (let ((?x1666 (* ?x1521 ?x2484)))
 (let ((?x1679 (* 18 ?x1666)))
 (let ((?x2183 (* ?x2730 ?x2730)))
 (let ((?x3533 (* 2 ?x2183)))
 (let ((?x920 (* r00 s00)))
 (let ((?x1598 (* 9 ?x920)))
 (let ((?x3247 (* ?x1521 ?x2730)))
 (let ((?x2644 (* (- 9) ?x3247)))
 (let ((?x3961 (+ 9 ?x2644 ?x617 ?x1598 ?x3533 ?x1679 ?x420 ?x3836 ?x685 ?x2689 ?x459 ?x2759 ?x1097 ?x47 ?x3552 ?x1650 ?x869 ?x2273 ?x3939)))
 (let (($x1409 (not (= (* ?x1521 ?x1521 ?x2730 ?x3961) 0))))
 (let ((?x3833 (* 108 ?x1451)))
 (let ((?x1070 (* (- 54) r)))
 (let ((?x705 (* (- 9) s)))
 (let ((?x1526 (* (- 36) ?x2758)))
 (let ((?x137 (* 9 s00)))
 (let ((?x522 (* 51 ?x672)))
 (let ((?x2346 (* 36 ?x2547)))
 (let ((?x1508 (* 16 ?x1289)))
 (let ((?x3554 (* (- 108) ?x896)))
 (let ((?x3010 (* 216 (* r00 r00 r00 s00))))
 (let ((?x988 (* r00 s00 s00)))
 (let ((?x2171 (* (- 108) ?x988)))
 (let ((?x3021 (* (- 432) ?x1003)))
 (let ((?x3889 (* (- 36) (* r00 r00 s00 s00))))
 (let ((?x2933 (* (- 54) ?x920)))
 (let ((?x1879 (* 108 ?x603)))
 (let ((?x2464 (* 216 (* r00 s00 x00))))
 (let ((?x2955 (+ ?x2464 ?x1879 ?x2933 (* 15 ?x2183) (* (- 216) (* r00 r00 r00 ?x2730)) ?x3889 (* (- 4) (* ?x2730 ?x2730 ?x2730)) (* 108 (* ?x2484 ?x2484)) ?x3021 (* (- 12) (* s00 ?x2730 ?x2730)) (* 108 (* s00 ?x2484)) ?x2171 ?x3010 (* 108 (* x00 ?x2730)) (* 432 (* r00 r00 r00 ?x2484)) (* (- 66) ?x1662) (* 108 (* r00 s00 ?x2730)) ?x3554 (* (- 216) (* r00 s00 ?x2484)) (* 36 (* r00 r00 ?x2730 ?x2730)) ?x1508 (* (- 108) (* ?x2484 ?x2730)) ?x2346 ?x522 (* (- 108) ?x2815) ?x137 ?x1526 ?x705 ?x1070 (* 54 ?x1186) (* (- 216) (* x00 ?x2484)) ?x3833)))
 (let (($x2046 (not (= ?x2955 27))))
 (let ((?x2292 (* 15 ?x672)))
 (let ((?x969 (* 36 ?x968)))
 (let ((?x3170 (* (- 6) ?x896)))
 (let ((?x3415 (* 2 ?x988)))
 (let ((?x1579 (* (- 24) ?x920)))
 (let ((?x1386 (* 54 ?x603)))
 (let ((?x2473 (+ (* 24 ?x3247) ?x1386 (* (- 36) (* r00 ?x1521 ?x2484)) ?x1579 (* (- 3) ?x2183) (* (- 54) ?x1666) (* 6 (* s00 ?x2484)) (* (- 4) (* r00 ?x2730 ?x2730)) ?x3415 (* 6 (* x00 ?x2730)) (* (- 12) ?x1662) (* 2 (* r00 s00 ?x2730)) ?x3170 (* (- 2) (* ?x1521 ?x2730 ?x2730)) (* (- 6) (* ?x2484 ?x2730)) (* 4 (* s00 s00 ?x1521)) ?x2346 ?x969 ?x2292 (* (- 2) (* s00 ?x1521 ?x2730)) (* 36 (* r00 x00 ?x1521)) (* (- 54) ?x2815) ?x137 ?x1526 (* 54 ?x1816) ?x705 ?x1070 (* (- 24) ?x1504) (* 24 ?x1186) (* (- 36) (* r00 r00 ?x2484)))))
 (let ((?x1742 (* (- 6) ?x2758)))
 (let ((?x673 (* 4 ?x672)))
 (let ((?x2750 (* (- 9) ?x920)))
 (let ((?x604 (* 18 ?x603)))
 (let ((?x1296 (+ (* 9 ?x3247) ?x604 ?x2750 (* (- 2) ?x2183) (* (- 18) ?x1666) (* (- 6) ?x1518) (* 6 ?x2547) ?x673 (* (- 18) ?x2815) ?x44 ?x1742 (* 18 ?x1816) ?x580 (* (- 18) r) (* (- 9) ?x1504) (* (- 2) ?x1662) (* 9 ?x1186) (* 6 ?x3521))))
 (let ((?x989 (* (- 6) ?x920)))
 (let ((?x899 (+ (* 2 ?x3247) (* (- 12) (* r00 r00 ?x1521)) (* (- 15) r) ?x44 ?x705 ?x581 (* 4 ?x1504) ?x989 ?x56 ?x582 ?x551)))
 (let ((?x2262 (* (- 3) ?x380)))
 (let (($x2294 (= (+ s00 ?x359 (* (- 6) r) (* 3 (* ?x1521 ?x1521)) ?x2262) 3)))
 (let (($x1154 (not $x2294)))
 (let (($x2111 (or $x1154 (not (= ?x899 6)) (not (= ?x1296 9)) (not (= ?x2473 27)) $x2046 $x1409)))
 (let ((?x1869 (* r00 r00 s)))
 (let ((?x2471 (* 36 ?x1869)))
 (let ((?x3839 (+ ?x2464 ?x1879 ?x2933 (* 15 ?x626) (* (- 216) (* r00 r00 r00 s)) ?x3889 (* (- 4) ?x910) (* 108 ?x973) ?x3021 (* (- 12) (* s00 s s)) (* 108 (* s00 x)) ?x2171 ?x3010 (* 108 (* x00 s)) (* 432 (* r00 r00 r00 x)) (* (- 66) (* s00 s)) (* 108 (* r00 s00 s)) ?x3554 (* (- 216) (* r00 s00 x)) (* 36 (* r00 r00 s s)) ?x1508 (* (- 108) (* x s)) ?x2471 ?x522 (* (- 108) (* r00 x)) ?x137 ?x1526 ?x705 (* 54 (* r00 s)) (* (- 216) (* x00 x)) ?x3833)))
 (let (($x3844 (= ?x3839 0)))
 (let ((?x3131 (* r00 r00 x)))
 (let ((?x3213 (* (- 36) ?x3131)))
 (let ((?x2458 (* r00 s s)))
 (let ((?x3198 (* (- 4) ?x2458)))
 (let ((?x3565 (+ (* 24 (* s r)) ?x1386 (* (- 36) (* r00 x r)) ?x1579 (* (- 3) ?x626) (* (- 54) (* x r)) (* 6 (* s00 x)) ?x3198 ?x3415 (* 6 (* x00 s)) (* (- 12) (* s00 s)) (* 2 (* r00 s00 s)) ?x3170 (* (- 2) (* s s r)) (* (- 6) (* x s)) (* 4 (* s00 s00 r)) ?x2471 ?x969 ?x2292 (* (- 2) (* s00 s r)) (* 36 (* r00 x00 r)) (* (- 54) (* r00 x)) ?x137 ?x1526 (* 54 (* x00 r)) ?x705 (* (- 24) (* s00 r)) (* 24 (* r00 s)) ?x3213)))
 (let ((?x1940 (* r00 x)))
 (let ((?x2225 (* (- 18) ?x1940)))
 (let ((?x2206 (* (- 2) ?x626)))
 (let ((?x3678 (+ (* 9 (* s r)) ?x604 ?x2750 ?x2206 (* (- 18) (* x r)) (* (- 6) (* r00 s r)) (* 6 ?x1869) ?x673 ?x2225 ?x44 ?x1742 (* 18 (* x00 r)) ?x580 (* (- 9) (* s00 r)) (* (- 2) (* s00 s)) (* 9 (* r00 s)) (* 6 (* r00 s00 r)))))
 (let ((?x3638 (+ (* 2 (* s r)) (* (- 12) (* r00 r00 r)) ?x43 ?x44 ?x580 ?x581 (* 4 (* s00 r)) ?x989 ?x56 ?x582 ?x551)))
 (let (($x3304 (= (+ s00 ?x359 (* 3 (* r r)) ?x2262) 0)))
 (let (($x1994 (and $x3304 (= ?x3638 0) (= ?x3678 0) (= ?x3565 0) $x3844 $x2111)))
 (rewrite (= $x1994 $x532))))))))))))))))))))))))))))))))))))))))))))))))))))))))))))))))))))))))))))))))))))))))))))))))))))))))))))))))))))))))))))))))))))))))))))))))))))))))))))))))))))))))))))))))))))))))))))))))))))))))))))))))))))))))))))))))))))))))))))))))))))))))))
 ))
 (let (($x3967 (exists ((r Int) (s Int) (x Int) )(! (let ((?x1521 (+ 1 r)))
 (let ((?x3521 (* r00 s00 ?x1521)))
 (let ((?x3939 (* (- 6) ?x3521)))
 (let ((?x211 (* 6 r)))
 (let ((?x2730 (+ 3 s ?x211)))
 (let ((?x1186 (* r00 ?x2730)))
 (let ((?x2273 (* (- 9) ?x1186)))
 (let ((?x1662 (* s00 ?x2730)))
 (let ((?x869 (* 2 ?x1662)))
 (let ((?x1504 (* s00 ?x1521)))
 (let ((?x1650 (* 9 ?x1504)))
 (let ((?x3552 (* 18 r)))
 (let ((?x47 (* 3 s)))
 (let ((?x1816 (* x00 ?x1521)))
 (let ((?x1097 (* (- 18) ?x1816)))
 (let ((?x2758 (* r00 r00 s00)))
 (let ((?x2759 (* 6 ?x2758)))
 (let ((?x459 (* (- 3) s00)))
 (let ((?x359 (* (- 1) s)))
 (let ((?x2484 (+ x ?x359)))
 (let ((?x2815 (* r00 ?x2484)))
 (let ((?x2689 (* 18 ?x2815)))
 (let ((?x672 (* s00 s00)))
 (let ((?x685 (* (- 4) ?x672)))
 (let ((?x2547 (* r00 r00 ?x2730)))
 (let ((?x3836 (* (- 6) ?x2547)))
 (let ((?x1518 (* r00 ?x1521 ?x2730)))
 (let ((?x420 (* 6 ?x1518)))
 (let ((?x1666 (* ?x1521 ?x2484)))
 (let ((?x1679 (* 18 ?x1666)))
 (let ((?x2183 (* ?x2730 ?x2730)))
 (let ((?x3533 (* 2 ?x2183)))
 (let ((?x920 (* r00 s00)))
 (let ((?x1598 (* 9 ?x920)))
 (let ((?x603 (* r00 x00)))
 (let ((?x617 (* (- 18) ?x603)))
 (let ((?x3247 (* ?x1521 ?x2730)))
 (let ((?x2644 (* (- 9) ?x3247)))
 (let ((?x3961 (+ 9 ?x2644 ?x617 ?x1598 ?x3533 ?x1679 ?x420 ?x3836 ?x685 ?x2689 ?x459 ?x2759 ?x1097 ?x47 ?x3552 ?x1650 ?x869 ?x2273 ?x3939)))
 (let (($x1409 (not (= (* ?x1521 ?x1521 ?x2730 ?x3961) 0))))
 (let ((?x1451 (* x00 x00)))
 (let ((?x3833 (* 108 ?x1451)))
 (let ((?x1070 (* (- 54) r)))
 (let ((?x705 (* (- 9) s)))
 (let ((?x1526 (* (- 36) ?x2758)))
 (let ((?x137 (* 9 s00)))
 (let ((?x522 (* 51 ?x672)))
 (let ((?x2346 (* 36 ?x2547)))
 (let ((?x1289 (* s00 s00 s00)))
 (let ((?x1508 (* 16 ?x1289)))
 (let ((?x896 (* s00 x00)))
 (let ((?x3554 (* (- 108) ?x896)))
 (let ((?x3010 (* 216 (* r00 r00 r00 s00))))
 (let ((?x988 (* r00 s00 s00)))
 (let ((?x2171 (* (- 108) ?x988)))
 (let ((?x1003 (* r00 r00 r00 x00)))
 (let ((?x3021 (* (- 432) ?x1003)))
 (let ((?x3889 (* (- 36) (* r00 r00 s00 s00))))
 (let ((?x2933 (* (- 54) ?x920)))
 (let ((?x1879 (* 108 ?x603)))
 (let ((?x2464 (* 216 (* r00 s00 x00))))
 (let ((?x2955 (+ ?x2464 ?x1879 ?x2933 (* 15 ?x2183) (* (- 216) (* r00 r00 r00 ?x2730)) ?x3889 (* (- 4) (* ?x2730 ?x2730 ?x2730)) (* 108 (* ?x2484 ?x2484)) ?x3021 (* (- 12) (* s00 ?x2730 ?x2730)) (* 108 (* s00 ?x2484)) ?x2171 ?x3010 (* 108 (* x00 ?x2730)) (* 432 (* r00 r00 r00 ?x2484)) (* (- 66) ?x1662) (* 108 (* r00 s00 ?x2730)) ?x3554 (* (- 216) (* r00 s00 ?x2484)) (* 36 (* r00 r00 ?x2730 ?x2730)) ?x1508 (* (- 108) (* ?x2484 ?x2730)) ?x2346 ?x522 (* (- 108) ?x2815) ?x137 ?x1526 ?x705 ?x1070 (* 54 ?x1186) (* (- 216) (* x00 ?x2484)) ?x3833)))
 (let (($x2046 (not (= ?x2955 27))))
 (let ((?x143 (* 9 s)))
 (let ((?x2330 (* 36 ?x2758)))
 (let ((?x1078 (* (- 9) s00)))
 (let ((?x1007 (* (- 15) ?x672)))
 (let ((?x968 (* r00 r00 x00)))
 (let ((?x981 (* (- 36) ?x968)))
 (let ((?x897 (* 6 ?x896)))
 (let ((?x3651 (* (- 2) ?x988)))
 (let ((?x2996 (* 24 ?x920)))
 (let ((?x640 (* (- 54) ?x603)))
 (let ((?x1454 (+ (* (- 24) ?x3247) ?x640 (* 36 (* r00 ?x1521 ?x2484)) ?x2996 (* 3 ?x2183) (* 54 ?x1666) (* (- 6) (* s00 ?x2484)) (* 4 (* r00 ?x2730 ?x2730)) ?x3651 (* (- 6) (* x00 ?x2730)) (* 12 ?x1662) (* (- 2) (* r00 s00 ?x2730)) ?x897 (* 2 (* ?x1521 ?x2730 ?x2730)) (* 6 (* ?x2484 ?x2730)) (* (- 4) (* s00 s00 ?x1521)) (* (- 36) ?x2547) ?x981 ?x1007 (* 2 (* s00 ?x1521 ?x2730)) (* (- 36) (* r00 x00 ?x1521)) (* 54 ?x2815) ?x1078 ?x2330 (* (- 54) ?x1816) ?x143 (* 54 r) (* 24 ?x1504) (* (- 24) ?x1186) (* 36 (* r00 r00 ?x2484)))))
 (let ((?x3969 (+ ?x2644 ?x617 ?x1598 ?x3533 ?x1679 ?x420 ?x3836 ?x685 ?x2689 ?x459 ?x2759 ?x1097 ?x47 ?x3552 ?x1650 ?x869 ?x2273 ?x3939)))
 (let ((?x550 (* r00 r00 r00)))
 (let ((?x564 (* (- 12) ?x550)))
 (let ((?x59 (* 6 x00)))
 (let ((?x529 (* (- 6) x)))
 (let ((?x940 (* 6 ?x920)))
 (let ((?x48 (* 3 r00)))
 (let ((?x2254 (+ (* (- 2) ?x3247) (* 12 (* r00 r00 ?x1521)) (* 15 r) ?x459 ?x143 ?x48 (* (- 4) ?x1504) ?x940 ?x529 ?x59 ?x564)))
 (let ((?x380 (* r00 r00)))
 (let ((?x2262 (* (- 3) ?x380)))
 (let (($x2294 (= (+ s00 ?x359 (* (- 6) r) (* 3 (* ?x1521 ?x1521)) ?x2262) 3)))
 (let (($x1154 (not $x2294)))
 (let (($x3966 (or $x1154 (not (= ?x2254 (- 6))) (not (= ?x3969 (- 9))) (not (= ?x1454 (- 27))) $x2046 $x1409)))
 (let ((?x1869 (* r00 r00 s)))
 (let ((?x2471 (* 36 ?x1869)))
 (let ((?x3839 (+ ?x2464 ?x1879 ?x2933 (* 15 (* s s)) (* (- 216) (* r00 r00 r00 s)) ?x3889 (* (- 4) (* s s s)) (* 108 (* x x)) ?x3021 (* (- 12) (* s00 s s)) (* 108 (* s00 x)) ?x2171 ?x3010 (* 108 (* x00 s)) (* 432 (* r00 r00 r00 x)) (* (- 66) (* s00 s)) (* 108 (* r00 s00 s)) ?x3554 (* (- 216) (* r00 s00 x)) (* 36 (* r00 r00 s s)) ?x1508 (* (- 108) (* x s)) ?x2471 ?x522 (* (- 108) (* r00 x)) ?x137 ?x1526 ?x705 (* 54 (* r00 s)) (* (- 216) (* x00 x)) ?x3833)))
 (let (($x3844 (= ?x3839 0)))
 (let ((?x2799 (* (- 36) ?x1869)))
 (let ((?x626 (* s s)))
 (let ((?x658 (* 3 ?x626)))
 (let ((?x2938 (+ (* (- 24) (* s r)) ?x640 (* 36 (* r00 x r)) ?x2996 ?x658 (* 54 (* x r)) (* (- 6) (* s00 x)) (* 4 (* r00 s s)) ?x3651 (* (- 6) (* x00 s)) (* 12 (* s00 s)) (* (- 2) (* r00 s00 s)) ?x897 (* 2 (* s s r)) (* 6 (* x s)) (* (- 4) (* s00 s00 r)) ?x2799 ?x981 ?x1007 (* 2 (* s00 s r)) (* (- 36) (* r00 x00 r)) (* 54 (* r00 x)) ?x1078 ?x2330 (* (- 54) (* x00 r)) ?x143 (* 24 (* s00 r)) (* (- 24) (* r00 s)) (* 36 (* r00 r00 x)))))
 (let ((?x1940 (* r00 x)))
 (let ((?x1941 (* 18 ?x1940)))
 (let ((?x627 (* 2 ?x626)))
 (let ((?x1513 (+ (* (- 9) (* s r)) ?x617 ?x1598 ?x627 (* 18 (* x r)) (* 6 (* r00 s r)) (* (- 6) ?x1869) ?x685 ?x1941 ?x459 ?x2759 (* (- 18) (* x00 r)) ?x47 (* 9 (* s00 r)) (* 2 (* s00 s)) (* (- 9) (* r00 s)) (* (- 6) (* r00 s00 r)))))
 (let ((?x3069 (+ (* (- 2) (* s r)) (* 12 (* r00 r00 r)) (* (- 3) r) ?x459 ?x47 ?x48 (* (- 4) (* s00 r)) ?x940 ?x529 ?x59 ?x564)))
 (let (($x3304 (= (+ s00 ?x359 (* 3 (* r r)) ?x2262) 0)))
 (and $x3304 (= ?x3069 0) (= ?x1513 0) (= ?x2938 0) $x3844 $x3966)))))))))))))))))))))))))))))))))))))))))))))))))))))))))))))))))))))))))))))))))))))))))))))))))))))) :qid k!40))
 ))
 (let ((?x3057 (lambda ((r Int) (s Int) (x Int) )(let ((?x1521 (+ 1 r)))
 (let ((?x3521 (* r00 s00 ?x1521)))
 (let ((?x3939 (* (- 6) ?x3521)))
 (let ((?x211 (* 6 r)))
 (let ((?x2730 (+ 3 s ?x211)))
 (let ((?x1186 (* r00 ?x2730)))
 (let ((?x2273 (* (- 9) ?x1186)))
 (let ((?x1662 (* s00 ?x2730)))
 (let ((?x869 (* 2 ?x1662)))
 (let ((?x1504 (* s00 ?x1521)))
 (let ((?x1650 (* 9 ?x1504)))
 (let ((?x3552 (* 18 r)))
 (let ((?x47 (* 3 s)))
 (let ((?x1816 (* x00 ?x1521)))
 (let ((?x1097 (* (- 18) ?x1816)))
 (let ((?x2758 (* r00 r00 s00)))
 (let ((?x2759 (* 6 ?x2758)))
 (let ((?x459 (* (- 3) s00)))
 (let ((?x359 (* (- 1) s)))
 (let ((?x2484 (+ x ?x359)))
 (let ((?x2815 (* r00 ?x2484)))
 (let ((?x2689 (* 18 ?x2815)))
 (let ((?x672 (* s00 s00)))
 (let ((?x685 (* (- 4) ?x672)))
 (let ((?x2547 (* r00 r00 ?x2730)))
 (let ((?x3836 (* (- 6) ?x2547)))
 (let ((?x1518 (* r00 ?x1521 ?x2730)))
 (let ((?x420 (* 6 ?x1518)))
 (let ((?x1666 (* ?x1521 ?x2484)))
 (let ((?x1679 (* 18 ?x1666)))
 (let ((?x2183 (* ?x2730 ?x2730)))
 (let ((?x3533 (* 2 ?x2183)))
 (let ((?x920 (* r00 s00)))
 (let ((?x1598 (* 9 ?x920)))
 (let ((?x603 (* r00 x00)))
 (let ((?x617 (* (- 18) ?x603)))
 (let ((?x3247 (* ?x1521 ?x2730)))
 (let ((?x2644 (* (- 9) ?x3247)))
 (let ((?x3961 (+ 9 ?x2644 ?x617 ?x1598 ?x3533 ?x1679 ?x420 ?x3836 ?x685 ?x2689 ?x459 ?x2759 ?x1097 ?x47 ?x3552 ?x1650 ?x869 ?x2273 ?x3939)))
 (let (($x1409 (not (= (* ?x1521 ?x1521 ?x2730 ?x3961) 0))))
 (let ((?x1451 (* x00 x00)))
 (let ((?x3833 (* 108 ?x1451)))
 (let ((?x1070 (* (- 54) r)))
 (let ((?x705 (* (- 9) s)))
 (let ((?x1526 (* (- 36) ?x2758)))
 (let ((?x137 (* 9 s00)))
 (let ((?x522 (* 51 ?x672)))
 (let ((?x2346 (* 36 ?x2547)))
 (let ((?x1289 (* s00 s00 s00)))
 (let ((?x1508 (* 16 ?x1289)))
 (let ((?x896 (* s00 x00)))
 (let ((?x3554 (* (- 108) ?x896)))
 (let ((?x3010 (* 216 (* r00 r00 r00 s00))))
 (let ((?x988 (* r00 s00 s00)))
 (let ((?x2171 (* (- 108) ?x988)))
 (let ((?x1003 (* r00 r00 r00 x00)))
 (let ((?x3021 (* (- 432) ?x1003)))
 (let ((?x3889 (* (- 36) (* r00 r00 s00 s00))))
 (let ((?x2933 (* (- 54) ?x920)))
 (let ((?x1879 (* 108 ?x603)))
 (let ((?x2464 (* 216 (* r00 s00 x00))))
 (let ((?x2955 (+ ?x2464 ?x1879 ?x2933 (* 15 ?x2183) (* (- 216) (* r00 r00 r00 ?x2730)) ?x3889 (* (- 4) (* ?x2730 ?x2730 ?x2730)) (* 108 (* ?x2484 ?x2484)) ?x3021 (* (- 12) (* s00 ?x2730 ?x2730)) (* 108 (* s00 ?x2484)) ?x2171 ?x3010 (* 108 (* x00 ?x2730)) (* 432 (* r00 r00 r00 ?x2484)) (* (- 66) ?x1662) (* 108 (* r00 s00 ?x2730)) ?x3554 (* (- 216) (* r00 s00 ?x2484)) (* 36 (* r00 r00 ?x2730 ?x2730)) ?x1508 (* (- 108) (* ?x2484 ?x2730)) ?x2346 ?x522 (* (- 108) ?x2815) ?x137 ?x1526 ?x705 ?x1070 (* 54 ?x1186) (* (- 216) (* x00 ?x2484)) ?x3833)))
 (let (($x2046 (not (= ?x2955 27))))
 (let ((?x2292 (* 15 ?x672)))
 (let ((?x968 (* r00 r00 x00)))
 (let ((?x969 (* 36 ?x968)))
 (let ((?x3170 (* (- 6) ?x896)))
 (let ((?x3415 (* 2 ?x988)))
 (let ((?x1579 (* (- 24) ?x920)))
 (let ((?x1386 (* 54 ?x603)))
 (let ((?x2473 (+ (* 24 ?x3247) ?x1386 (* (- 36) (* r00 ?x1521 ?x2484)) ?x1579 (* (- 3) ?x2183) (* (- 54) ?x1666) (* 6 (* s00 ?x2484)) (* (- 4) (* r00 ?x2730 ?x2730)) ?x3415 (* 6 (* x00 ?x2730)) (* (- 12) ?x1662) (* 2 (* r00 s00 ?x2730)) ?x3170 (* (- 2) (* ?x1521 ?x2730 ?x2730)) (* (- 6) (* ?x2484 ?x2730)) (* 4 (* s00 s00 ?x1521)) ?x2346 ?x969 ?x2292 (* (- 2) (* s00 ?x1521 ?x2730)) (* 36 (* r00 x00 ?x1521)) (* (- 54) ?x2815) ?x137 ?x1526 (* 54 ?x1816) ?x705 ?x1070 (* (- 24) ?x1504) (* 24 ?x1186) (* (- 36) (* r00 r00 ?x2484)))))
 (let ((?x580 (* (- 3) s)))
 (let ((?x1742 (* (- 6) ?x2758)))
 (let ((?x44 (* 3 s00)))
 (let ((?x673 (* 4 ?x672)))
 (let ((?x2750 (* (- 9) ?x920)))
 (let ((?x604 (* 18 ?x603)))
 (let ((?x1296 (+ (* 9 ?x3247) ?x604 ?x2750 (* (- 2) ?x2183) (* (- 18) ?x1666) (* (- 6) ?x1518) (* 6 ?x2547) ?x673 (* (- 18) ?x2815) ?x44 ?x1742 (* 18 ?x1816) ?x580 (* (- 18) r) (* (- 9) ?x1504) (* (- 2) ?x1662) (* 9 ?x1186) (* 6 ?x3521))))
 (let ((?x550 (* r00 r00 r00)))
 (let ((?x551 (* 12 ?x550)))
 (let ((?x582 (* (- 6) x00)))
 (let ((?x56 (* 6 x)))
 (let ((?x989 (* (- 6) ?x920)))
 (let ((?x581 (* (- 3) r00)))
 (let ((?x899 (+ (* 2 ?x3247) (* (- 12) (* r00 r00 ?x1521)) (* (- 15) r) ?x44 ?x705 ?x581 (* 4 ?x1504) ?x989 ?x56 ?x582 ?x551)))
 (let ((?x380 (* r00 r00)))
 (let ((?x2262 (* (- 3) ?x380)))
 (let (($x2294 (= (+ s00 ?x359 (* (- 6) r) (* 3 (* ?x1521 ?x1521)) ?x2262) 3)))
 (let (($x1154 (not $x2294)))
 (let (($x2111 (or $x1154 (not (= ?x899 6)) (not (= ?x1296 9)) (not (= ?x2473 27)) $x2046 $x1409)))
 (let ((?x1869 (* r00 r00 s)))
 (let ((?x2471 (* 36 ?x1869)))
 (let ((?x3839 (+ ?x2464 ?x1879 ?x2933 (* 15 (* s s)) (* (- 216) (* r00 r00 r00 s)) ?x3889 (* (- 4) (* s s s)) (* 108 (* x x)) ?x3021 (* (- 12) (* s00 s s)) (* 108 (* s00 x)) ?x2171 ?x3010 (* 108 (* x00 s)) (* 432 (* r00 r00 r00 x)) (* (- 66) (* s00 s)) (* 108 (* r00 s00 s)) ?x3554 (* (- 216) (* r00 s00 x)) (* 36 (* r00 r00 s s)) ?x1508 (* (- 108) (* x s)) ?x2471 ?x522 (* (- 108) (* r00 x)) ?x137 ?x1526 ?x705 (* 54 (* r00 s)) (* (- 216) (* x00 x)) ?x3833)))
 (let (($x3844 (= ?x3839 0)))
 (let ((?x3131 (* r00 r00 x)))
 (let ((?x3213 (* (- 36) ?x3131)))
 (let ((?x2458 (* r00 s s)))
 (let ((?x3198 (* (- 4) ?x2458)))
 (let ((?x3565 (+ (* 24 (* s r)) ?x1386 (* (- 36) (* r00 x r)) ?x1579 (* (- 3) (* s s)) (* (- 54) (* x r)) (* 6 (* s00 x)) ?x3198 ?x3415 (* 6 (* x00 s)) (* (- 12) (* s00 s)) (* 2 (* r00 s00 s)) ?x3170 (* (- 2) (* s s r)) (* (- 6) (* x s)) (* 4 (* s00 s00 r)) ?x2471 ?x969 ?x2292 (* (- 2) (* s00 s r)) (* 36 (* r00 x00 r)) (* (- 54) (* r00 x)) ?x137 ?x1526 (* 54 (* x00 r)) ?x705 (* (- 24) (* s00 r)) (* 24 (* r00 s)) ?x3213)))
 (let ((?x1940 (* r00 x)))
 (let ((?x2225 (* (- 18) ?x1940)))
 (let ((?x626 (* s s)))
 (let ((?x2206 (* (- 2) ?x626)))
 (let ((?x3678 (+ (* 9 (* s r)) ?x604 ?x2750 ?x2206 (* (- 18) (* x r)) (* (- 6) (* r00 s r)) (* 6 ?x1869) ?x673 ?x2225 ?x44 ?x1742 (* 18 (* x00 r)) ?x580 (* (- 9) (* s00 r)) (* (- 2) (* s00 s)) (* 9 (* r00 s)) (* 6 (* r00 s00 r)))))
 (let ((?x43 (* 3 r)))
 (let ((?x3638 (+ (* 2 (* s r)) (* (- 12) (* r00 r00 r)) ?x43 ?x44 ?x580 ?x581 (* 4 (* s00 r)) ?x989 ?x56 ?x582 ?x551)))
 (let (($x3304 (= (+ s00 ?x359 (* 3 (* r r)) ?x2262) 0)))
 (let (($x1994 (and $x3304 (= ?x3638 0) (= ?x3678 0) (= ?x3565 0) $x3844 $x2111)))
 (let ((?x143 (* 9 s)))
 (let ((?x2330 (* 36 ?x2758)))
 (let ((?x1078 (* (- 9) s00)))
 (let ((?x1007 (* (- 15) ?x672)))
 (let ((?x981 (* (- 36) ?x968)))
 (let ((?x897 (* 6 ?x896)))
 (let ((?x3651 (* (- 2) ?x988)))
 (let ((?x2996 (* 24 ?x920)))
 (let ((?x640 (* (- 54) ?x603)))
 (let ((?x1454 (+ (* (- 24) ?x3247) ?x640 (* 36 (* r00 ?x1521 ?x2484)) ?x2996 (* 3 ?x2183) (* 54 ?x1666) (* (- 6) (* s00 ?x2484)) (* 4 (* r00 ?x2730 ?x2730)) ?x3651 (* (- 6) (* x00 ?x2730)) (* 12 ?x1662) (* (- 2) (* r00 s00 ?x2730)) ?x897 (* 2 (* ?x1521 ?x2730 ?x2730)) (* 6 (* ?x2484 ?x2730)) (* (- 4) (* s00 s00 ?x1521)) (* (- 36) ?x2547) ?x981 ?x1007 (* 2 (* s00 ?x1521 ?x2730)) (* (- 36) (* r00 x00 ?x1521)) (* 54 ?x2815) ?x1078 ?x2330 (* (- 54) ?x1816) ?x143 (* 54 r) (* 24 ?x1504) (* (- 24) ?x1186) (* 36 (* r00 r00 ?x2484)))))
 (let ((?x3969 (+ ?x2644 ?x617 ?x1598 ?x3533 ?x1679 ?x420 ?x3836 ?x685 ?x2689 ?x459 ?x2759 ?x1097 ?x47 ?x3552 ?x1650 ?x869 ?x2273 ?x3939)))
 (let ((?x564 (* (- 12) ?x550)))
 (let ((?x59 (* 6 x00)))
 (let ((?x529 (* (- 6) x)))
 (let ((?x940 (* 6 ?x920)))
 (let ((?x48 (* 3 r00)))
 (let ((?x2254 (+ (* (- 2) ?x3247) (* 12 (* r00 r00 ?x1521)) (* 15 r) ?x459 ?x143 ?x48 (* (- 4) ?x1504) ?x940 ?x529 ?x59 ?x564)))
 (let (($x3966 (or $x1154 (not (= ?x2254 (- 6))) (not (= ?x3969 (- 9))) (not (= ?x1454 (- 27))) $x2046 $x1409)))
 (let ((?x2799 (* (- 36) ?x1869)))
 (let ((?x658 (* 3 ?x626)))
 (let ((?x2938 (+ (* (- 24) (* s r)) ?x640 (* 36 (* r00 x r)) ?x2996 ?x658 (* 54 (* x r)) (* (- 6) (* s00 x)) (* 4 ?x2458) ?x3651 (* (- 6) (* x00 s)) (* 12 (* s00 s)) (* (- 2) (* r00 s00 s)) ?x897 (* 2 (* s s r)) (* 6 (* x s)) (* (- 4) (* s00 s00 r)) ?x2799 ?x981 ?x1007 (* 2 (* s00 s r)) (* (- 36) (* r00 x00 r)) (* 54 ?x1940) ?x1078 ?x2330 (* (- 54) (* x00 r)) ?x143 (* 24 (* s00 r)) (* (- 24) (* r00 s)) (* 36 ?x3131))))
 (let ((?x1941 (* 18 ?x1940)))
 (let ((?x627 (* 2 ?x626)))
 (let ((?x1513 (+ (* (- 9) (* s r)) ?x617 ?x1598 ?x627 (* 18 (* x r)) (* 6 (* r00 s r)) (* (- 6) ?x1869) ?x685 ?x1941 ?x459 ?x2759 (* (- 18) (* x00 r)) ?x47 (* 9 (* s00 r)) (* 2 (* s00 s)) (* (- 9) (* r00 s)) (* (- 6) (* r00 s00 r)))))
 (let ((?x3069 (+ (* (- 2) (* s r)) (* 12 (* r00 r00 r)) (* (- 3) r) ?x459 ?x47 ?x48 (* (- 4) (* s00 r)) ?x940 ?x529 ?x59 ?x564)))
 (let (($x1410 (and $x3304 (= ?x3069 0) (= ?x1513 0) (= ?x2938 0) $x3844 $x3966)))
 (rewrite (= $x1410 $x1994)))))))))))))))))))))))))))))))))))))))))))))))))))))))))))))))))))))))))))))))))))))))))))))))))))))))))))))))))))))))))))))))))))))))))
 ))
 (let (($x356 (exists ((r Int) (s Int) (x Int) )(! (let ((?x211 (* 6 r)))
 (let ((?x212 (+ s ?x211 3)))
 (let ((?x215 (+ r 1)))
 (let ((?x227 (* 3 ?x212)))
 (let ((?x82 (* 6 r00 r00 s00)))
 (let ((?x44 (* 3 s00)))
 (let ((?x76 (* 4 s00 s00)))
 (let ((?x70 (* 9 r00 s00)))
 (let ((?x244 (+ (- (* (- 9) ?x215 ?x212) (* 18 r00 x00)) ?x70 (* 2 ?x212 ?x212) (* 18 ?x215 (- x s)) (* 6 ?x215 r00 ?x212))))
 (let ((?x249 (+ (- (- ?x244 (* 6 r00 r00 ?x212)) ?x76) (* 18 r00 (- x s)))))
 (let ((?x256 (+ (- (+ (- ?x249 ?x44) ?x82) (* 18 ?x215 x00)) ?x227 (* 9 ?x215 s00) (* 2 ?x212 s00))))
 (let ((?x260 (- (- ?x256 (* 9 r00 ?x212)) (* 6 ?x215 r00 s00))))
 (let ((?x208 (* 108 x00 x00)))
 (let ((?x299 (* 9 ?x212)))
 (let ((?x139 (* 36 r00 r00 s00)))
 (let ((?x137 (* 9 s00)))
 (let ((?x197 (* 51 s00 s00)))
 (let ((?x284 (* 36 r00 r00 ?x212)))
 (let ((?x192 (* 16 s00 s00 s00)))
 (let ((?x186 (* 108 s00 x00)))
 (let ((?x177 (* 216 r00 r00 r00 s00)))
 (let ((?x175 (* 108 r00 s00 s00)))
 (let ((?x169 (* 432 r00 r00 r00 x00)))
 (let ((?x161 (* 36 r00 r00 s00 s00)))
 (let ((?x157 (- (+ (* 216 r00 s00 x00) (* 108 r00 x00)) (* 54 r00 s00))))
 (let ((?x313 (- (- (+ ?x157 (* 15 ?x212 ?x212)) (* 216 r00 r00 r00 ?x212)) ?x161)))
 (let ((?x316 (+ (- ?x313 (* 4 ?x212 ?x212 ?x212)) (* 108 (- x s) (- x s)))))
 (let ((?x321 (+ (- (- ?x316 ?x169) (* 12 ?x212 ?x212 s00)) (* 108 s00 (- x s)))))
 (let ((?x325 (+ (- ?x321 ?x175) ?x177 (* 108 ?x212 x00) (* 432 r00 r00 r00 (- x s)))))
 (let ((?x331 (- (+ (- ?x325 (* 66 ?x212 s00)) (* 108 r00 ?x212 s00)) ?x186)))
 (let ((?x334 (+ (- ?x331 (* 216 r00 s00 (- x s))) (* 36 r00 r00 ?x212 ?x212) ?x192)))
 (let ((?x339 (- (+ (- ?x334 (* 108 ?x212 (- x s))) ?x284 ?x197) (* 108 r00 (- x s)))))
 (let ((?x346 (- (+ (- (- (+ ?x339 ?x137) ?x139) ?x299) (* 54 r00 ?x212)) (* 216 (- x s) x00))))
 (let ((?x126 (* 15 s00 s00)))
 (let ((?x124 (* 36 r00 r00 x00)))
 (let ((?x118 (* 6 s00 x00)))
 (let ((?x110 (* 2 r00 s00 s00)))
 (let ((?x102 (* 24 r00 s00)))
 (let ((?x268 (+ (- (* (- 24) ?x215 ?x212) (* 54 r00 x00)) (* 36 ?x215 r00 (- x s)) ?x102 (* 3 ?x212 ?x212) (* 54 ?x215 (- x s)))))
 (let ((?x272 (+ (- ?x268 (* 6 s00 (- x s))) (* 4 r00 ?x212 ?x212))))
 (let ((?x279 (- (+ (- (- ?x272 ?x110) (* 6 ?x212 x00)) (* 12 ?x212 s00)) (* 2 r00 ?x212 s00))))
 (let ((?x282 (+ ?x279 ?x118 (* 2 ?x215 ?x212 ?x212) (* 6 ?x212 (- x s)))))
 (let ((?x290 (+ (- (- (- (- ?x282 (* 4 ?x215 s00 s00)) ?x284) ?x124) ?x126) (* 2 ?x215 ?x212 s00))))
 (let ((?x294 (+ (- ?x290 (* 36 ?x215 r00 x00)) (* 54 r00 (- x s)))))
 (let ((?x301 (+ (- (+ (- ?x294 ?x137) ?x139) (* 54 ?x215 x00)) ?x299 (* 24 ?x215 s00))))
 (let ((?x305 (+ (- ?x301 (* 24 r00 ?x212)) (* 36 r00 r00 (- x s)))))
 (let ((?x61 (* 12 r00 r00 r00)))
 (let ((?x59 (* 6 x00)))
 (let ((?x54 (* 6 r00 s00)))
 (let ((?x48 (* 3 r00)))
 (let ((?x225 (- (+ (* (- 2) ?x215 ?x212) (* 12 ?x215 r00 r00)) (* 3 ?x215))))
 (let ((?x234 (- (+ (- (+ (- ?x225 ?x44) ?x227 ?x48) (* 4 ?x215 s00)) ?x54) (* 6 (- x s)))))
 (let (($x219 (= (- (+ (- s00 ?x212) (* 3 ?x215 ?x215)) (* 3 r00 r00)) 0)))
 (let (($x354 (or (not $x219) (not (= (- (+ ?x234 ?x59) ?x61) 0)) (not (= ?x260 0)) (not (= ?x305 0)) (not (= (+ ?x346 ?x208) 0)) (not (= (* ?x260 (- 1) ?x215 ?x215 ?x212) 0)))))
 (let ((?x143 (* 9 s)))
 (let ((?x123 (* 36 r00 r00 s)))
 (let ((?x164 (- (- (+ ?x157 (* 15 s s)) (* 216 r00 r00 r00 s)) ?x161)))
 (let ((?x172 (- (- (+ (- ?x164 (* 4 s s s)) (* 108 x x)) ?x169) (* 12 s s s00))))
 (let ((?x180 (+ (- (+ ?x172 (* 108 s00 x)) ?x175) ?x177 (* 108 s x00) (* 432 r00 r00 r00 x))))
 (let ((?x188 (- (+ (- ?x180 (* 66 s s00)) (* 108 r00 s s00)) ?x186)))
 (let ((?x193 (+ (- ?x188 (* 216 r00 s00 x)) (* 36 r00 r00 s s) ?x192)))
 (let ((?x200 (- (+ (- ?x193 (* 108 s x)) ?x123 ?x197) (* 108 r00 x))))
 (let ((?x207 (- (+ (- (- (+ ?x200 ?x137) ?x139) ?x143) (* 54 r00 s)) (* 216 x x00))))
 (let ((?x105 (+ (- (* (- 24) r s) (* 54 r00 x00)) (* 36 r r00 x) ?x102 (* 3 s s) (* 54 r x))))
 (let ((?x112 (- (+ (- ?x105 (* 6 s00 x)) (* 4 r00 s s)) ?x110)))
 (let ((?x117 (- (+ (- ?x112 (* 6 s x00)) (* 12 s s00)) (* 2 r00 s s00))))
 (let ((?x127 (- (+ ?x117 ?x118 (* 2 r s s) (* 6 s x)) (* 4 r s00 s00))))
 (let ((?x134 (- (+ (- (- (- ?x127 ?x123) ?x124) ?x126) (* 2 r s s00)) (* 36 r r00 x00))))
 (let ((?x142 (- (+ (- (+ ?x134 (* 54 r00 x)) ?x137) ?x139) (* 54 r x00))))
 (let ((?x149 (+ (- (+ ?x142 ?x143 (* 24 r s00)) (* 24 r00 s)) (* 36 r00 r00 x))))
 (let ((?x47 (* 3 s)))
 (let ((?x74 (+ (- (* (- 9) r s) (* 18 r00 x00)) ?x70 (* 2 s s) (* 18 r x) (* 6 r r00 s))))
 (let ((?x80 (+ (- (- ?x74 (* 6 r00 r00 s)) ?x76) (* 18 r00 x))))
 (let ((?x88 (+ (- (+ (- ?x80 ?x44) ?x82) (* 18 r x00)) ?x47 (* 9 r s00) (* 2 s s00))))
 (let (($x93 (= (- (- ?x88 (* 9 r00 s)) (* 6 r r00 s00)) 0)))
 (let ((?x56 (* 6 x)))
 (let ((?x43 (* 3 r)))
 (let ((?x46 (- (- (+ (* (- 2) r s) (* 12 r r00 r00)) ?x43) ?x44)))
 (let ((?x60 (+ (- (+ (- (+ ?x46 ?x47 ?x48) (* 4 r s00)) ?x54) ?x56) ?x59)))
 (let (($x36 (= (- (+ (- s00 s) (* 3 r r)) (* 3 r00 r00)) 0)))
 (and $x36 (= (- ?x60 ?x61) 0) $x93 (= ?x149 0) (= (+ ?x207 ?x208) 0) $x354))))))))))))))))))))))))))))))))))))))))))))))))))))))))))))))))))))))))))))))))) :qid k!40))
 ))
 (let ((?x3973 (lambda ((r Int) (s Int) (x Int) )(let ((?x1521 (+ 1 r)))
 (let ((?x3521 (* r00 s00 ?x1521)))
 (let ((?x3939 (* (- 6) ?x3521)))
 (let ((?x211 (* 6 r)))
 (let ((?x2730 (+ 3 s ?x211)))
 (let ((?x1186 (* r00 ?x2730)))
 (let ((?x2273 (* (- 9) ?x1186)))
 (let ((?x1662 (* s00 ?x2730)))
 (let ((?x869 (* 2 ?x1662)))
 (let ((?x1504 (* s00 ?x1521)))
 (let ((?x1650 (* 9 ?x1504)))
 (let ((?x3552 (* 18 r)))
 (let ((?x47 (* 3 s)))
 (let ((?x1816 (* x00 ?x1521)))
 (let ((?x1097 (* (- 18) ?x1816)))
 (let ((?x2758 (* r00 r00 s00)))
 (let ((?x2759 (* 6 ?x2758)))
 (let ((?x459 (* (- 3) s00)))
 (let ((?x359 (* (- 1) s)))
 (let ((?x2484 (+ x ?x359)))
 (let ((?x2815 (* r00 ?x2484)))
 (let ((?x2689 (* 18 ?x2815)))
 (let ((?x672 (* s00 s00)))
 (let ((?x685 (* (- 4) ?x672)))
 (let ((?x2547 (* r00 r00 ?x2730)))
 (let ((?x3836 (* (- 6) ?x2547)))
 (let ((?x1518 (* r00 ?x1521 ?x2730)))
 (let ((?x420 (* 6 ?x1518)))
 (let ((?x1666 (* ?x1521 ?x2484)))
 (let ((?x1679 (* 18 ?x1666)))
 (let ((?x2183 (* ?x2730 ?x2730)))
 (let ((?x3533 (* 2 ?x2183)))
 (let ((?x920 (* r00 s00)))
 (let ((?x1598 (* 9 ?x920)))
 (let ((?x603 (* r00 x00)))
 (let ((?x617 (* (- 18) ?x603)))
 (let ((?x3247 (* ?x1521 ?x2730)))
 (let ((?x2644 (* (- 9) ?x3247)))
 (let ((?x3961 (+ 9 ?x2644 ?x617 ?x1598 ?x3533 ?x1679 ?x420 ?x3836 ?x685 ?x2689 ?x459 ?x2759 ?x1097 ?x47 ?x3552 ?x1650 ?x869 ?x2273 ?x3939)))
 (let (($x1409 (not (= (* ?x1521 ?x1521 ?x2730 ?x3961) 0))))
 (let ((?x1451 (* x00 x00)))
 (let ((?x3833 (* 108 ?x1451)))
 (let ((?x1070 (* (- 54) r)))
 (let ((?x705 (* (- 9) s)))
 (let ((?x1526 (* (- 36) ?x2758)))
 (let ((?x137 (* 9 s00)))
 (let ((?x522 (* 51 ?x672)))
 (let ((?x2346 (* 36 ?x2547)))
 (let ((?x1289 (* s00 s00 s00)))
 (let ((?x1508 (* 16 ?x1289)))
 (let ((?x896 (* s00 x00)))
 (let ((?x3554 (* (- 108) ?x896)))
 (let ((?x3010 (* 216 (* r00 r00 r00 s00))))
 (let ((?x988 (* r00 s00 s00)))
 (let ((?x2171 (* (- 108) ?x988)))
 (let ((?x1003 (* r00 r00 r00 x00)))
 (let ((?x3021 (* (- 432) ?x1003)))
 (let ((?x3889 (* (- 36) (* r00 r00 s00 s00))))
 (let ((?x2933 (* (- 54) ?x920)))
 (let ((?x1879 (* 108 ?x603)))
 (let ((?x2464 (* 216 (* r00 s00 x00))))
 (let ((?x2955 (+ ?x2464 ?x1879 ?x2933 (* 15 ?x2183) (* (- 216) (* r00 r00 r00 ?x2730)) ?x3889 (* (- 4) (* ?x2730 ?x2730 ?x2730)) (* 108 (* ?x2484 ?x2484)) ?x3021 (* (- 12) (* s00 ?x2730 ?x2730)) (* 108 (* s00 ?x2484)) ?x2171 ?x3010 (* 108 (* x00 ?x2730)) (* 432 (* r00 r00 r00 ?x2484)) (* (- 66) ?x1662) (* 108 (* r00 s00 ?x2730)) ?x3554 (* (- 216) (* r00 s00 ?x2484)) (* 36 (* r00 r00 ?x2730 ?x2730)) ?x1508 (* (- 108) (* ?x2484 ?x2730)) ?x2346 ?x522 (* (- 108) ?x2815) ?x137 ?x1526 ?x705 ?x1070 (* 54 ?x1186) (* (- 216) (* x00 ?x2484)) ?x3833)))
 (let (($x2046 (not (= ?x2955 27))))
 (let ((?x143 (* 9 s)))
 (let ((?x2330 (* 36 ?x2758)))
 (let ((?x1078 (* (- 9) s00)))
 (let ((?x1007 (* (- 15) ?x672)))
 (let ((?x968 (* r00 r00 x00)))
 (let ((?x981 (* (- 36) ?x968)))
 (let ((?x897 (* 6 ?x896)))
 (let ((?x3651 (* (- 2) ?x988)))
 (let ((?x2996 (* 24 ?x920)))
 (let ((?x640 (* (- 54) ?x603)))
 (let ((?x1454 (+ (* (- 24) ?x3247) ?x640 (* 36 (* r00 ?x1521 ?x2484)) ?x2996 (* 3 ?x2183) (* 54 ?x1666) (* (- 6) (* s00 ?x2484)) (* 4 (* r00 ?x2730 ?x2730)) ?x3651 (* (- 6) (* x00 ?x2730)) (* 12 ?x1662) (* (- 2) (* r00 s00 ?x2730)) ?x897 (* 2 (* ?x1521 ?x2730 ?x2730)) (* 6 (* ?x2484 ?x2730)) (* (- 4) (* s00 s00 ?x1521)) (* (- 36) ?x2547) ?x981 ?x1007 (* 2 (* s00 ?x1521 ?x2730)) (* (- 36) (* r00 x00 ?x1521)) (* 54 ?x2815) ?x1078 ?x2330 (* (- 54) ?x1816) ?x143 (* 54 r) (* 24 ?x1504) (* (- 24) ?x1186) (* 36 (* r00 r00 ?x2484)))))
 (let ((?x3969 (+ ?x2644 ?x617 ?x1598 ?x3533 ?x1679 ?x420 ?x3836 ?x685 ?x2689 ?x459 ?x2759 ?x1097 ?x47 ?x3552 ?x1650 ?x869 ?x2273 ?x3939)))
 (let ((?x550 (* r00 r00 r00)))
 (let ((?x564 (* (- 12) ?x550)))
 (let ((?x59 (* 6 x00)))
 (let ((?x529 (* (- 6) x)))
 (let ((?x940 (* 6 ?x920)))
 (let ((?x48 (* 3 r00)))
 (let ((?x2254 (+ (* (- 2) ?x3247) (* 12 (* r00 r00 ?x1521)) (* 15 r) ?x459 ?x143 ?x48 (* (- 4) ?x1504) ?x940 ?x529 ?x59 ?x564)))
 (let ((?x380 (* r00 r00)))
 (let ((?x2262 (* (- 3) ?x380)))
 (let (($x2294 (= (+ s00 ?x359 (* (- 6) r) (* 3 (* ?x1521 ?x1521)) ?x2262) 3)))
 (let (($x1154 (not $x2294)))
 (let (($x3966 (or $x1154 (not (= ?x2254 (- 6))) (not (= ?x3969 (- 9))) (not (= ?x1454 (- 27))) $x2046 $x1409)))
 (let ((?x1869 (* r00 r00 s)))
 (let ((?x2471 (* 36 ?x1869)))
 (let ((?x3839 (+ ?x2464 ?x1879 ?x2933 (* 15 (* s s)) (* (- 216) (* r00 r00 r00 s)) ?x3889 (* (- 4) (* s s s)) (* 108 (* x x)) ?x3021 (* (- 12) (* s00 s s)) (* 108 (* s00 x)) ?x2171 ?x3010 (* 108 (* x00 s)) (* 432 (* r00 r00 r00 x)) (* (- 66) (* s00 s)) (* 108 (* r00 s00 s)) ?x3554 (* (- 216) (* r00 s00 x)) (* 36 (* r00 r00 s s)) ?x1508 (* (- 108) (* x s)) ?x2471 ?x522 (* (- 108) (* r00 x)) ?x137 ?x1526 ?x705 (* 54 (* r00 s)) (* (- 216) (* x00 x)) ?x3833)))
 (let (($x3844 (= ?x3839 0)))
 (let ((?x2799 (* (- 36) ?x1869)))
 (let ((?x626 (* s s)))
 (let ((?x658 (* 3 ?x626)))
 (let ((?x2938 (+ (* (- 24) (* s r)) ?x640 (* 36 (* r00 x r)) ?x2996 ?x658 (* 54 (* x r)) (* (- 6) (* s00 x)) (* 4 (* r00 s s)) ?x3651 (* (- 6) (* x00 s)) (* 12 (* s00 s)) (* (- 2) (* r00 s00 s)) ?x897 (* 2 (* s s r)) (* 6 (* x s)) (* (- 4) (* s00 s00 r)) ?x2799 ?x981 ?x1007 (* 2 (* s00 s r)) (* (- 36) (* r00 x00 r)) (* 54 (* r00 x)) ?x1078 ?x2330 (* (- 54) (* x00 r)) ?x143 (* 24 (* s00 r)) (* (- 24) (* r00 s)) (* 36 (* r00 r00 x)))))
 (let ((?x1940 (* r00 x)))
 (let ((?x1941 (* 18 ?x1940)))
 (let ((?x627 (* 2 ?x626)))
 (let ((?x1513 (+ (* (- 9) (* s r)) ?x617 ?x1598 ?x627 (* 18 (* x r)) (* 6 (* r00 s r)) (* (- 6) ?x1869) ?x685 ?x1941 ?x459 ?x2759 (* (- 18) (* x00 r)) ?x47 (* 9 (* s00 r)) (* 2 (* s00 s)) (* (- 9) (* r00 s)) (* (- 6) (* r00 s00 r)))))
 (let ((?x3069 (+ (* (- 2) (* s r)) (* 12 (* r00 r00 r)) (* (- 3) r) ?x459 ?x47 ?x48 (* (- 4) (* s00 r)) ?x940 ?x529 ?x59 ?x564)))
 (let (($x3304 (= (+ s00 ?x359 (* 3 (* r r)) ?x2262) 0)))
 (let (($x1410 (and $x3304 (= ?x3069 0) (= ?x1513 0) (= ?x2938 0) $x3844 $x3966)))
 (let ((?x212 (+ s ?x211 3)))
 (let ((?x215 (+ r 1)))
 (let ((?x227 (* 3 ?x212)))
 (let ((?x82 (* 6 r00 r00 s00)))
 (let ((?x44 (* 3 s00)))
 (let ((?x76 (* 4 s00 s00)))
 (let ((?x70 (* 9 r00 s00)))
 (let ((?x244 (+ (- (* (- 9) ?x215 ?x212) (* 18 r00 x00)) ?x70 (* 2 ?x212 ?x212) (* 18 ?x215 (- x s)) (* 6 ?x215 r00 ?x212))))
 (let ((?x249 (+ (- (- ?x244 (* 6 r00 r00 ?x212)) ?x76) (* 18 r00 (- x s)))))
 (let ((?x256 (+ (- (+ (- ?x249 ?x44) ?x82) (* 18 ?x215 x00)) ?x227 (* 9 ?x215 s00) (* 2 ?x212 s00))))
 (let ((?x260 (- (- ?x256 (* 9 r00 ?x212)) (* 6 ?x215 r00 s00))))
 (let ((?x208 (* 108 x00 x00)))
 (let ((?x299 (* 9 ?x212)))
 (let ((?x139 (* 36 r00 r00 s00)))
 (let ((?x197 (* 51 s00 s00)))
 (let ((?x284 (* 36 r00 r00 ?x212)))
 (let ((?x192 (* 16 s00 s00 s00)))
 (let ((?x186 (* 108 s00 x00)))
 (let ((?x177 (* 216 r00 r00 r00 s00)))
 (let ((?x175 (* 108 r00 s00 s00)))
 (let ((?x169 (* 432 r00 r00 r00 x00)))
 (let ((?x161 (* 36 r00 r00 s00 s00)))
 (let ((?x157 (- (+ (* 216 r00 s00 x00) (* 108 r00 x00)) (* 54 r00 s00))))
 (let ((?x313 (- (- (+ ?x157 (* 15 ?x212 ?x212)) (* 216 r00 r00 r00 ?x212)) ?x161)))
 (let ((?x316 (+ (- ?x313 (* 4 ?x212 ?x212 ?x212)) (* 108 (- x s) (- x s)))))
 (let ((?x321 (+ (- (- ?x316 ?x169) (* 12 ?x212 ?x212 s00)) (* 108 s00 (- x s)))))
 (let ((?x325 (+ (- ?x321 ?x175) ?x177 (* 108 ?x212 x00) (* 432 r00 r00 r00 (- x s)))))
 (let ((?x331 (- (+ (- ?x325 (* 66 ?x212 s00)) (* 108 r00 ?x212 s00)) ?x186)))
 (let ((?x334 (+ (- ?x331 (* 216 r00 s00 (- x s))) (* 36 r00 r00 ?x212 ?x212) ?x192)))
 (let ((?x339 (- (+ (- ?x334 (* 108 ?x212 (- x s))) ?x284 ?x197) (* 108 r00 (- x s)))))
 (let ((?x346 (- (+ (- (- (+ ?x339 ?x137) ?x139) ?x299) (* 54 r00 ?x212)) (* 216 (- x s) x00))))
 (let ((?x126 (* 15 s00 s00)))
 (let ((?x124 (* 36 r00 r00 x00)))
 (let ((?x118 (* 6 s00 x00)))
 (let ((?x110 (* 2 r00 s00 s00)))
 (let ((?x102 (* 24 r00 s00)))
 (let ((?x268 (+ (- (* (- 24) ?x215 ?x212) (* 54 r00 x00)) (* 36 ?x215 r00 (- x s)) ?x102 (* 3 ?x212 ?x212) (* 54 ?x215 (- x s)))))
 (let ((?x272 (+ (- ?x268 (* 6 s00 (- x s))) (* 4 r00 ?x212 ?x212))))
 (let ((?x279 (- (+ (- (- ?x272 ?x110) (* 6 ?x212 x00)) (* 12 ?x212 s00)) (* 2 r00 ?x212 s00))))
 (let ((?x282 (+ ?x279 ?x118 (* 2 ?x215 ?x212 ?x212) (* 6 ?x212 (- x s)))))
 (let ((?x290 (+ (- (- (- (- ?x282 (* 4 ?x215 s00 s00)) ?x284) ?x124) ?x126) (* 2 ?x215 ?x212 s00))))
 (let ((?x294 (+ (- ?x290 (* 36 ?x215 r00 x00)) (* 54 r00 (- x s)))))
 (let ((?x301 (+ (- (+ (- ?x294 ?x137) ?x139) (* 54 ?x215 x00)) ?x299 (* 24 ?x215 s00))))
 (let ((?x305 (+ (- ?x301 (* 24 r00 ?x212)) (* 36 r00 r00 (- x s)))))
 (let ((?x61 (* 12 r00 r00 r00)))
 (let ((?x54 (* 6 r00 s00)))
 (let ((?x225 (- (+ (* (- 2) ?x215 ?x212) (* 12 ?x215 r00 r00)) (* 3 ?x215))))
 (let ((?x234 (- (+ (- (+ (- ?x225 ?x44) ?x227 ?x48) (* 4 ?x215 s00)) ?x54) (* 6 (- x s)))))
 (let (($x219 (= (- (+ (- s00 ?x212) (* 3 ?x215 ?x215)) (* 3 r00 r00)) 0)))
 (let (($x354 (or (not $x219) (not (= (- (+ ?x234 ?x59) ?x61) 0)) (not (= ?x260 0)) (not (= ?x305 0)) (not (= (+ ?x346 ?x208) 0)) (not (= (* ?x260 (- 1) ?x215 ?x215 ?x212) 0)))))
 (let ((?x123 (* 36 r00 r00 s)))
 (let ((?x164 (- (- (+ ?x157 (* 15 s s)) (* 216 r00 r00 r00 s)) ?x161)))
 (let ((?x172 (- (- (+ (- ?x164 (* 4 s s s)) (* 108 x x)) ?x169) (* 12 s s s00))))
 (let ((?x180 (+ (- (+ ?x172 (* 108 s00 x)) ?x175) ?x177 (* 108 s x00) (* 432 r00 r00 r00 x))))
 (let ((?x188 (- (+ (- ?x180 (* 66 s s00)) (* 108 r00 s s00)) ?x186)))
 (let ((?x193 (+ (- ?x188 (* 216 r00 s00 x)) (* 36 r00 r00 s s) ?x192)))
 (let ((?x200 (- (+ (- ?x193 (* 108 s x)) ?x123 ?x197) (* 108 r00 x))))
 (let ((?x207 (- (+ (- (- (+ ?x200 ?x137) ?x139) ?x143) (* 54 r00 s)) (* 216 x x00))))
 (let ((?x105 (+ (- (* (- 24) r s) (* 54 r00 x00)) (* 36 r r00 x) ?x102 (* 3 s s) (* 54 r x))))
 (let ((?x112 (- (+ (- ?x105 (* 6 s00 x)) (* 4 r00 s s)) ?x110)))
 (let ((?x117 (- (+ (- ?x112 (* 6 s x00)) (* 12 s s00)) (* 2 r00 s s00))))
 (let ((?x127 (- (+ ?x117 ?x118 (* 2 r s s) (* 6 s x)) (* 4 r s00 s00))))
 (let ((?x134 (- (+ (- (- (- ?x127 ?x123) ?x124) ?x126) (* 2 r s s00)) (* 36 r r00 x00))))
 (let ((?x142 (- (+ (- (+ ?x134 (* 54 r00 x)) ?x137) ?x139) (* 54 r x00))))
 (let ((?x149 (+ (- (+ ?x142 ?x143 (* 24 r s00)) (* 24 r00 s)) (* 36 r00 r00 x))))
 (let ((?x74 (+ (- (* (- 9) r s) (* 18 r00 x00)) ?x70 (* 2 s s) (* 18 r x) (* 6 r r00 s))))
 (let ((?x80 (+ (- (- ?x74 (* 6 r00 r00 s)) ?x76) (* 18 r00 x))))
 (let ((?x88 (+ (- (+ (- ?x80 ?x44) ?x82) (* 18 r x00)) ?x47 (* 9 r s00) (* 2 s s00))))
 (let (($x93 (= (- (- ?x88 (* 9 r00 s)) (* 6 r r00 s00)) 0)))
 (let ((?x56 (* 6 x)))
 (let ((?x43 (* 3 r)))
 (let ((?x46 (- (- (+ (* (- 2) r s) (* 12 r r00 r00)) ?x43) ?x44)))
 (let ((?x60 (+ (- (+ (- (+ ?x46 ?x47 ?x48) (* 4 r s00)) ?x54) ?x56) ?x59)))
 (let (($x36 (= (- (+ (- s00 s) (* 3 r r)) (* 3 r00 r00)) 0)))
 (let (($x355 (and $x36 (= (- ?x60 ?x61) 0) $x93 (= ?x149 0) (= (+ ?x207 ?x208) 0) $x354)))
 (rewrite (= $x355 $x1410))))))))))))))))))))))))))))))))))))))))))))))))))))))))))))))))))))))))))))))))))))))))))))))))))))))))))))))))))))))))))))))))))))))))))))))))))))))))))))))))))))))))))))))))))))
 ))
 (let ((@x357 (asserted $x356)))
 (let ((@x441 (mp (mp @x357 (quant-intro (proof-bind ?x3973) (= $x356 $x3967)) $x3967) (rewrite (= $x3967 $x3967)) $x3967)))
 (let ((@x2145 (mp (mp @x441 (quant-intro (proof-bind ?x3057) (= $x3967 $x2117)) $x2117) (quant-intro (proof-bind ?x2029) (= $x2117 $x893)) $x893)))
 (let ((@x2813 (mp (mp~ @x2145 (sk (~ $x893 $x2369)) $x2369) (rewrite (= $x2369 $x2816)) $x2816)))
 (let ((@x2683 (and-elim @x2813 $x2712)))
 (let ((@x3768 (unit-resolution ((_ th-lemma arith triangle-eq) (or (not $x2712) $x2702)) @x2683 $x2702)))
 (let (($x1626 (>= ?x1570 0)))
 (let ((@x1717 (unit-resolution ((_ th-lemma arith triangle-eq) (or (not $x2712) $x1626)) @x2683 $x1626)))
 (let (($x778 (<= ?x701 0)))
 (let ((@x2673 (and-elim @x2813 $x2412)))
 (let ((@x2910 (unit-resolution ((_ th-lemma arith triangle-eq) (or $x1661 $x778)) @x2673 $x778)))
 (let (($x2703 (>= ?x701 0)))
 (let ((@x3606 (unit-resolution ((_ th-lemma arith triangle-eq) (or $x1661 $x2703)) @x2673 $x2703)))
 (let (($x1086 (<= ?x1655 0)))
 (let ((@x3733 (and-elim @x2813 $x1656)))
 (let ((@x3762 (unit-resolution ((_ th-lemma arith triangle-eq) (or (not $x1656) $x1086)) @x3733 $x1086)))
 (let (($x679 (>= ?x1655 0)))
 (let ((@x1551 (unit-resolution ((_ th-lemma arith triangle-eq) (or (not $x1656) $x679)) @x3733 $x679)))
 (let (($x832 (<= ?x510 0)))
 (let (($x3113 (<= ?x3519 0)))
 (let (($x1564 (<= ?x2967 0)))
 (let ((@x3592 (and-elim @x2813 $x3977)))
 (let ((@x842 (unit-resolution ((_ th-lemma arith triangle-eq) (or (not $x3977) $x1564)) @x3592 $x1564)))
 (let (($x2608 (>= ?x2967 0)))
 (let ((@x724 (unit-resolution ((_ th-lemma arith triangle-eq) (or (not $x3977) $x2608)) @x3592 $x2608)))
 (let (($x797 (<= ?x3726 0)))
 (let ((@x3739 (and-elim @x2813 $x3727)))
 (let ((@x2271 (unit-resolution ((_ th-lemma arith triangle-eq) (or (not $x3727) $x797)) @x3739 $x797)))
 (let (($x1001 (>= ?x3726 0)))
 (let ((@x3509 (unit-resolution ((_ th-lemma arith triangle-eq) (or (not $x3727) $x1001)) @x3739 $x1001)))
 (let ((@x3123 ((_ th-lemma arith) (hypothesis (not $x3113)) @x3606 @x2910 @x3509 @x2271 @x724 @x842 @x3509 @x2271 @x724 @x842 @x3606 @x2910 @x1717 @x3768 false)))
 (let ((@x2538 (lemma @x3123 $x3113)))
 (let (($x835 (>= ?x3519 0)))
 (let ((@x3962 ((_ th-lemma arith) (hypothesis (not $x835)) @x3606 @x2910 @x3509 @x2271 @x724 @x842 @x3509 @x2271 @x724 @x842 @x3606 @x2910 @x1717 @x3768 false)))
 (let ((@x443 (lemma @x3962 $x835)))
 (let ((@x809 ((_ th-lemma arith) (hypothesis (not $x832)) @x3606 @x2910 @x3509 @x2271 @x724 @x842 @x443 @x2538 @x3606 @x2910 false)))
 (let ((@x1223 (lemma @x809 $x832)))
 (let (($x3930 (>= ?x510 0)))
 (let ((@x3774 ((_ th-lemma arith) (hypothesis (not $x3930)) @x3606 @x2910 @x3509 @x2271 @x724 @x842 @x443 @x2538 @x3606 @x2910 false)))
 (let ((@x1968 (lemma @x3774 $x3930)))
 (let (($x3754 (not (<= ?x1587 0))))
 (let ((@x2856 (unit-resolution ((_ th-lemma arith triangle-eq) (or $x1319 (not $x832) (not $x3930))) @x1223 @x1968 $x1319)))
 (let (($x3053 (>= ?x1621 0)))
 (let ((@x419 ((_ th-lemma arith eq-propagate 0 0 0) (lemma ((_ th-lemma arith farkas 1 1 1) (hypothesis (not $x3053)) @x443 @x2538 false) $x3053) @x443 @x2538 $x2828)))
 (let ((@x552 (unit-resolution ((_ th-lemma arith triangle-eq) (or $x3373 (not $x3113) (not $x835))) @x2538 @x443 $x3373)))
 (let ((@x1895 (unit-resolution (hypothesis $x882) ((_ th-lemma arith eq-propagate -4 -4 -1 -1) @x3606 @x2910 @x1717 @x3768 $x495) false)))
 (let ((@x2405 (unit-resolution (and-elim @x2813 $x2483) @x2673 (or $x882 $x3382 $x3390 $x1321 $x1638))))
 (let ((@x3908 (unit-resolution (unit-resolution @x2405 (lemma @x1895 $x495) @x552 @x419 (or $x3390 $x1321)) @x2856 $x1321)))
 (let (($x3772 (>= ?x1587 0)))
 (let ((@x1658 ((_ th-lemma arith) (hypothesis (not $x3772)) @x3606 @x2910 @x3509 @x2271 @x724 @x842 @x3509 @x2271 @x724 @x842 @x3509 @x2271 @x443 @x2538 @x724 @x842 @x1968 @x1223 @x1717 @x3768 @x3606 @x2910 @x1551 @x3762 @x3606 @x2910 @x1717 @x3768 false)))
 (let ((@x2565 (unit-resolution ((_ th-lemma arith triangle-eq) (or $x2812 $x3754 (not $x3772))) (lemma @x1658 $x3772) @x3908 $x3754)))
 ((_ th-lemma arith) @x2565 @x3606 @x2910 @x3509 @x2271 @x724 @x842 @x3509 @x2271 @x724 @x842 @x3509 @x2271 @x443 @x2538 @x724 @x842 @x1968 @x1223 @x1717 @x3768 @x3606 @x2910 @x1551 @x3762 @x3606 @x2910 @x1717 @x3768 false))))))))))))))))))))))))))))))))))))))))))))))))))))))))))))))))))))))))))))))))))))))))))))))))))))))))))))))))))))))))))))))))))))))))))))))))))))))))))))))))))))))))))))))))))))))))))))))))))))))))))))))))))))))))))))))))))))))))))))))))))))))))))))))))))))))))))))))

(:added-eqs                 11
 :arith-assert-diseq        11
 :arith-assert-lower        74
 :arith-assert-upper        28
 :arith-conflicts           7
 :arith-eq-adapter          10
 :arith-fixed-eqs           2
 :arith-gcd-tests           15
 :arith-grobner             6
 :arith-max-min             1597
 :arith-nonlinear-bounds    59
 :arith-nonlinear-horner    55
 :arith-num-rows            11
 :arith-patches             13
 :arith-patches_succ        13
 :arith-pivots              8
 :arith-pseudo-nonlinear    2
 :arith-row-summations      24
 :arith-tableau-max-columns 141
 :arith-tableau-max-rows    11
 :conflicts                 8
 :decisions                 19
 :del-clause                27
 :final-checks              13
 :max-memory                4.49
 :memory                    3.57
 :mk-bool-var               36
 :mk-clause                 36
 :num-allocs                4146656
 :num-checks                1
 :propagations              52
 :rlimit-count              82962
 :time                      0.05
 :total-time                0.07)
