unsat
((set-logic NIA)
(declare-fun s!1 () Int)
(declare-fun r!2 () Int)
(declare-fun x!0 () Int)
(proof
(let ((?x2616 (* (- 3) s!1)))
 (let ((?x3485 (* r00 r00 r!2)))
 (let ((?x3294 (* (- 12) ?x3485)))
 (let ((?x3314 (* s00 r!2)))
 (let ((?x1961 (* 4 ?x3314)))
 (let ((?x2594 (* 3 r!2)))
 (let ((?x3025 (* r!2 s!1)))
 (let ((?x3030 (* 2 ?x3025)))
 (let ((?x2687 (* 6 x!0)))
 (let ((?x550 (* r00 r00 r00)))
 (let ((?x551 (* 12 ?x550)))
 (let ((?x507 (* s00 r00)))
 (let ((?x585 (* (- 6) ?x507)))
 (let ((?x582 (* (- 6) x00)))
 (let ((?x581 (* (- 3) r00)))
 (let ((?x44 (* 3 s00)))
 (let ((?x387 (+ ?x44 ?x581 ?x582 ?x585 ?x551 ?x2687 ?x3030 ?x2594 ?x1961 ?x3294 ?x2616)))
 (let (($x2580 (<= ?x387 0)))
 (let (($x1797 (= ?x387 0)))
 (let ((?x1856 (* 7 s!1)))
 (let ((?x3256 (* r!2 r!2)))
 (let ((?x2093 (* (- 12) ?x3256)))
 (let ((?x558 (* (- 3) r!2)))
 (let ((?x1989 (* (- 2) ?x3025)))
 (let ((?x3544 (* (- 6) x!0)))
 (let ((?x564 (* (- 12) ?x550)))
 (let ((?x508 (* 6 ?x507)))
 (let ((?x380 (* r00 r00)))
 (let ((?x1586 (* 12 ?x380)))
 (let ((?x59 (* 6 x00)))
 (let ((?x48 (* 3 r00)))
 (let ((?x1728 (* (- 7) s00)))
 (let ((?x2668 (+ ?x1728 ?x48 ?x59 ?x1586 ?x508 ?x564 ?x3544 ?x1989 ?x558 ?x2093 (* (- 4) ?x3314) (* 12 ?x3485) ?x1856)))
 (let ((?x2545 (+ 3 (* 6 r!2) s!1)))
 (let ((?x1444 (+ 1 r!2)))
 (let ((?x3557 (* ?x1444 ?x1444 ?x2545 ?x2668)))
 (let (($x1533 (= ?x3557 0)))
 (let (($x3558 (not $x1533)))
 (let ((?x3266 (* (- 297) s!1)))
 (let ((?x3781 (* r!2 r!2 r!2)))
 (let ((?x693 (* 864 ?x3781)))
 (let ((?x3304 (* 756 ?x3256)))
 (let ((?x2833 (* 162 r!2)))
 (let ((?x3158 (* r!2 r!2 s!1)))
 (let ((?x695 (* 432 ?x3158)))
 (let ((?x1440 (* (- 396) ?x3025)))
 (let ((?x2969 (* s!1 s!1)))
 (let ((?x1878 (* (- 195) ?x2969)))
 (let ((?x2167 (* s!1 s!1 s!1)))
 (let ((?x2168 (* 4 ?x2167)))
 (let ((?x1069 (* 324 x!0)))
 (let ((?x1451 (* x00 x00)))
 (let ((?x1481 (* (- 108) ?x1451)))
 (let ((?x1289 (* s00 s00 s00)))
 (let ((?x1480 (* (- 16) ?x1289)))
 (let ((?x1256 (* r!2 s!1 s!1)))
 (let ((?x3614 (* 72 ?x1256)))
 (let ((?x1177 (* s00 r00 r00 r00)))
 (let ((?x1476 (* (- 216) ?x1177)))
 (let ((?x1003 (* r00 r00 r00 x00)))
 (let ((?x1004 (* 432 ?x1003)))
 (let ((?x896 (* s00 x00)))
 (let ((?x1234 (* 108 ?x896)))
 (let ((?x860 (* s00 s00 r00 r00)))
 (let ((?x861 (* 36 ?x860)))
 (let ((?x832 (* x!0 x!0)))
 (let ((?x837 (* (- 108) ?x832)))
 (let ((?x773 (* s00 s00 r00)))
 (let ((?x1131 (* 108 ?x773)))
 (let ((?x728 (* s00 r00 r00)))
 (let ((?x1091 (* 36 ?x728)))
 (let ((?x672 (* s00 s00)))
 (let ((?x1470 (* (- 51) ?x672)))
 (let ((?x603 (* r00 x00)))
 (let ((?x1467 (* (- 108) ?x603)))
 (let ((?x599 (* s00 r00 x00)))
 (let ((?x1466 (* (- 216) ?x599)))
 (let ((?x3944 (* 648 ?x550)))
 (let ((?x2153 (* (- 270) ?x507)))
 (let ((?x891 (* (- 432) ?x380)))
 (let ((?x3938 (* (- 324) x00)))
 (let ((?x888 (* (- 162) r00)))
 (let ((?x3937 (* 297 s00)))
 (let ((?x2240 (+ ?x3937 ?x888 ?x3938 ?x891 ?x2153 ?x3944 ?x1466 ?x1467 ?x1470 ?x1091 ?x1131 (* (- 108) (* s00 x!0)) ?x837 ?x861 ?x1234 (* 12 (* s00 s!1 s!1)) (* (- 432) (* r00 r00 r00 x!0)) ?x1004 (* 108 (* r00 x!0)) ?x1476 (* (- 1296) (* r00 r00 r!2 r!2)) ?x3614 ?x1480 (* (- 324) (* s00 r00 s!1)) ?x1481 (* 648 (* r00 r00 r00 s!1)) (* (- 648) (* x00 r!2)) ?x1069 (* 648 (* x!0 r!2)) ?x2168 (* 246 (* s00 s!1)) (* (- 648) (* s00 r00 r!2)) (* 324 (* x!0 s!1)) (* (- 324) (* r00 r!2)) (* (- 432) (* r00 r00 r!2 s!1)) (* 1296 (* r00 r00 r00 r!2)) (* (- 36) (* r00 r00 s!1 s!1)) (* 216 (* s00 r00 x!0)) (* 216 (* x00 x!0)) (* (- 162) (* r00 s!1)) ?x1878 (* (- 252) (* r00 r00 s!1)) ?x1440 ?x695 (* 432 (* s00 r!2 r!2)) ?x2833 ?x3304 (* 828 ?x3314) (* (- 1512) ?x3485) (* 144 (* s00 r!2 s!1)) ?x693 ?x3266 (* (- 324) (* x00 s!1)))))
 (let (($x943 (= ?x2240 0)))
 (let (($x2990 (not $x943)))
 (let ((?x2546 (* (- 57) s!1)))
 (let ((?x3782 (* 72 ?x3781)))
 (let ((?x2634 (* 108 ?x3256)))
 (let ((?x3599 (* 36 r!2)))
 (let ((?x3833 (* 24 ?x3158)))
 (let ((?x2635 (* (- 42) ?x3025)))
 (let ((?x3830 (* (- 1) ?x2969)))
 (let ((?x2623 (* 72 x!0)))
 (let ((?x1420 (* 2 ?x1256)))
 (let ((?x968 (* r00 r00 x00)))
 (let ((?x981 (* (- 36) ?x968)))
 (let ((?x897 (* 6 ?x896)))
 (let ((?x791 (* (- 2) ?x773)))
 (let ((?x2226 (* (- 19) ?x672)))
 (let ((?x2216 (* (- 90) ?x603)))
 (let ((?x2214 (* 18 ?x507)))
 (let ((?x3858 (* (- 108) ?x380)))
 (let ((?x2893 (* (- 72) x00)))
 (let ((?x3308 (* (- 36) r00)))
 (let ((?x2892 (* 57 s00)))
 (let ((?x2203 (+ ?x2892 ?x3308 ?x2893 ?x3858 ?x2214 ?x2216 ?x2226 ?x1091 ?x791 (* (- 6) (* s00 x!0)) ?x897 ?x981 (* 4 (* r00 s!1 s!1)) (* 90 (* r00 x!0)) ?x1420 (* (- 2) (* s00 r00 s!1)) (* (- 90) (* x00 r!2)) ?x2623 (* 90 (* x!0 r!2)) (* 20 (* s00 s!1)) (* 12 (* r00 r!2 s!1)) (* (- 12) (* s00 r00 r!2)) (* 6 (* x!0 s!1)) (* 144 (* r00 r!2 r!2)) (* 36 (* r00 r00 x!0)) (* (- 90) (* r00 s!1)) (* 36 (* r00 x!0 r!2)) ?x3830 (* (- 72) (* r00 r00 s!1)) ?x2635 ?x3833 (* 12 (* s00 r!2 r!2)) ?x3599 ?x2634 (* 114 ?x3314) (* (- 216) ?x3485) (* (- 36) (* r00 x00 r!2)) (* (- 4) (* s00 s00 r!2)) (* 2 (* s00 r!2 s!1)) ?x3782 ?x2546 (* (- 6) (* x00 s!1)))))
 (let (($x2229 (= ?x2203 0)))
 (let (($x3035 (not $x2229)))
 (let ((?x1714 (* (- 12) s!1)))
 (let ((?x1217 (* 18 ?x3256)))
 (let ((?x3765 (* 9 r!2)))
 (let ((?x1218 (* (- 3) ?x3025)))
 (let ((?x2458 (* 2 ?x2969)))
 (let ((?x3693 (* 18 x!0)))
 (let ((?x729 (* 6 ?x728)))
 (let ((?x685 (* (- 4) ?x672)))
 (let ((?x617 (* (- 18) ?x603)))
 (let ((?x3175 (* 3 ?x507)))
 (let ((?x443 (* (- 18) ?x380)))
 (let ((?x2793 (* (- 18) x00)))
 (let ((?x2787 (* (- 9) r00)))
 (let ((?x2784 (* 12 s00)))
 (let ((?x3017 (+ ?x2784 ?x2787 ?x2793 ?x443 ?x3175 ?x617 ?x685 ?x729 (* 18 (* r00 x!0)) (* (- 18) (* x00 r!2)) ?x3693 (* 18 (* x!0 r!2)) (* 2 (* s00 s!1)) (* 6 (* r00 r!2 s!1)) (* (- 6) (* s00 r00 r!2)) (* 36 (* r00 r!2 r!2)) (* (- 21) (* r00 s!1)) ?x2458 (* (- 6) (* r00 r00 s!1)) ?x1218 ?x3765 ?x1217 (* 21 ?x3314) (* (- 36) ?x3485) ?x1714)))
 (let (($x3001 (= ?x3017 0)))
 (let (($x1011 (not $x3001)))
 (let ((?x3753 (* (- 7) s!1)))
 (let ((?x3754 (* 12 ?x3256)))
 (let ((?x2435 (* (- 12) ?x380)))
 (let ((?x3580 (* 7 s00)))
 (let ((?x2968 (+ ?x3580 ?x581 ?x582 ?x2435 ?x585 ?x551 ?x2687 ?x3030 ?x2594 ?x3754 ?x1961 ?x3294 ?x3753)))
 (let (($x1088 (= ?x2968 0)))
 (let (($x3075 (not $x1088)))
 (let ((?x1929 (* (- 3) ?x380)))
 (let ((?x1092 (+ s00 ?x1929 (* 3 ?x3256) (* (- 1) s!1))))
 (let (($x1553 (= ?x1092 0)))
 (let (($x1821 (not $x1553)))
 (let (($x3034 (or $x1821 $x3075 $x1011 $x3035 $x2990 $x3558)))
 (let ((?x3670 (* (- 9) s!1)))
 (let ((?x2971 (* r00 r00 s!1)))
 (let ((?x3643 (* 36 ?x2971)))
 (let ((?x2742 (* 108 ?x1451)))
 (let ((?x2730 (* 16 ?x1289)))
 (let ((?x1868 (* (- 432) ?x1003)))
 (let ((?x2259 (* (- 108) ?x896)))
 (let ((?x1379 (* (- 36) ?x728)))
 (let ((?x3490 (* 51 ?x672)))
 (let ((?x1995 (* 108 ?x603)))
 (let ((?x137 (* 9 s00)))
 (let ((?x1670 (+ ?x137 (* (- 54) ?x507) (* 216 ?x599) ?x1995 ?x3490 ?x1379 (* (- 108) ?x773) (* 108 (* s00 x!0)) (* 108 ?x832) (* (- 36) ?x860) ?x2259 (* (- 12) (* s00 s!1 s!1)) (* 432 (* r00 r00 r00 x!0)) ?x1868 (* (- 108) (* r00 x!0)) (* 216 ?x1177) ?x2730 (* 108 (* s00 r00 s!1)) ?x2742 (* (- 216) (* r00 r00 r00 s!1)) (* (- 4) ?x2167) (* (- 66) (* s00 s!1)) (* (- 108) (* x!0 s!1)) (* 36 (* r00 r00 s!1 s!1)) (* (- 216) (* s00 r00 x!0)) (* (- 216) (* x00 x!0)) (* 54 (* r00 s!1)) (* 15 ?x2969) ?x3643 ?x3670 (* 108 (* x00 s!1)))))
 (let (($x1870 (= ?x1670 0)))
 (let ((?x969 (* 36 ?x968)))
 (let ((?x3106 (* (- 6) ?x896)))
 (let ((?x774 (* 2 ?x773)))
 (let ((?x2665 (* 15 ?x672)))
 (let ((?x2702 (* 54 ?x603)))
 (let ((?x3709 (+ ?x137 (* (- 24) ?x507) ?x2702 ?x2665 ?x1379 ?x774 (* 6 (* s00 x!0)) ?x3106 ?x969 (* (- 4) (* r00 s!1 s!1)) (* (- 54) (* r00 x!0)) (* (- 2) ?x1256) (* 2 (* s00 r00 s!1)) (* 54 (* x00 r!2)) (* (- 54) (* x!0 r!2)) (* (- 12) (* s00 s!1)) (* (- 6) (* x!0 s!1)) (* (- 36) (* r00 r00 x!0)) (* 24 (* r00 s!1)) (* (- 36) (* r00 x!0 r!2)) (* (- 3) ?x2969) ?x3643 (* 24 ?x3025) (* (- 24) ?x3314) (* 36 (* r00 x00 r!2)) (* 4 (* s00 s00 r!2)) (* (- 2) (* s00 r!2 s!1)) ?x3670 (* 6 (* x00 s!1)))))
 (let (($x3710 (= ?x3709 0)))
 (let ((?x2324 (* (- 6) ?x728)))
 (let ((?x673 (* 4 ?x672)))
 (let ((?x604 (* 18 ?x603)))
 (let ((?x1987 (+ ?x44 (* (- 9) ?x507) ?x604 ?x673 ?x2324 (* (- 18) (* r00 x!0)) (* 18 (* x00 r!2)) (* (- 18) (* x!0 r!2)) (* (- 2) (* s00 s!1)) (* (- 6) (* r00 r!2 s!1)) (* 6 (* s00 r00 r!2)) (* 9 (* r00 s!1)) (* (- 2) ?x2969) (* 6 ?x2971) (* 9 ?x3025) (* (- 9) ?x3314) ?x2616)))
 (let (($x1910 (= ?x1987 0)))
 (let (($x1628 (and $x1553 $x1797 $x1910 $x3710 $x1870 $x3034)))
 (let ((?x3469 (+ ?x558 ?x1856 ?x3544 ?x1728 ?x48 ?x59 ?x2093 ?x1586 ?x1989 (* 12 (* r!2 r00 r00)) (* (- 4) (* r!2 s00)) ?x508 ?x564)))
 (let ((?x3752 (* 216 (* x!0 x00))))
 (let ((?x2933 (* (- 36) (* s!1 s!1 r00 r00))))
 (let ((?x3737 (* 216 (* x!0 s00 r00))))
 (let ((?x3735 (* (- 432) (* x!0 r00 r00 r00))))
 (let ((?x843 (* 12 (* s!1 s!1 s00))))
 (let ((?x3259 (* x!0 s00)))
 (let ((?x1715 (* (- 108) ?x3259)))
 (let ((?x1158 (* x!0 r00)))
 (let ((?x3353 (* 108 ?x1158)))
 (let ((?x1638 (+ ?x2833 ?x3266 ?x1069 ?x3937 ?x888 ?x3938 ?x3304 ?x891 ?x1440 (* (- 1512) (* r!2 r00 r00)) (* 828 (* r!2 s00)) ?x2153 ?x3944 ?x1466 ?x1467 ?x1878 (* 648 (* r!2 x!0)) (* (- 252) (* s!1 r00 r00)) ?x1470 ?x3353 ?x1715 ?x1091 (* (- 648) (* r!2 x00)) (* 648 (* s!1 r00 r00 r00)) (* 246 (* s!1 s00)) ?x1131 (* (- 162) (* s!1 r00)) (* (- 648) (* r!2 s00 r00)) (* (- 324) (* s!1 x00)) ?x861 (* (- 324) (* s!1 s00 r00)) ?x1234 ?x3614 (* 324 (* s!1 x!0)) ?x2168 ?x837 ?x1004 (* 144 (* r!2 s!1 s00)) ?x843 ?x1476 ?x3735 ?x3737 ?x2933 ?x1480 ?x3752 ?x1481 (* (- 1296) (* r!2 r!2 r00 r00)) (* (- 432) (* r!2 s!1 r00 r00)) (* (- 324) (* r!2 r00)) (* 1296 (* r!2 r00 r00 r00)) ?x693 ?x695 (* 432 (* r!2 r!2 s00)))))
 (let ((?x3339 (* 36 (* x!0 r00 r00))))
 (let ((?x3307 (* (- 36) (* r!2 r00 x00))))
 (let ((?x2236 (* r!2 s!1 s00)))
 (let ((?x2237 (* 2 ?x2236)))
 (let ((?x2224 (* (- 4) (* r!2 s00 s00))))
 (let ((?x2428 (* s!1 x!0)))
 (let ((?x1072 (* 6 ?x2428)))
 (let ((?x2574 (* s!1 s00 r00)))
 (let ((?x2930 (* (- 2) ?x2574)))
 (let ((?x3355 (* s!1 x00)))
 (let ((?x3356 (* (- 6) ?x3355)))
 (let ((?x1532 (* 4 (* s!1 s!1 r00))))
 (let ((?x1990 (* (- 6) ?x3259)))
 (let ((?x848 (* 36 (* r!2 x!0 r00))))
 (let ((?x1841 (+ ?x3599 ?x2546 ?x2623 ?x2892 ?x3308 ?x2893 ?x2634 ?x3858 ?x2635 (* (- 216) (* r!2 r00 r00)) (* 114 (* r!2 s00)) ?x2214 ?x2216 ?x3830 (* 90 (* r!2 x!0)) (* 12 (* r!2 s!1 r00)) (* (- 72) (* s!1 r00 r00)) ?x848 ?x2226 (* 90 ?x1158) ?x1990 ?x1091 (* (- 90) (* r!2 x00)) ?x1532 (* 20 (* s!1 s00)) ?x791 (* (- 90) (* s!1 r00)) (* (- 12) (* r!2 s00 r00)) ?x3356 ?x2930 ?x897 ?x1420 ?x1072 ?x2224 ?x981 ?x2237 ?x3307 ?x3339 (* 144 (* r!2 r!2 r00)) ?x3782 ?x3833 (* 12 (* r!2 r!2 s00)))))
 (let ((?x2692 (* r!2 s00 r00)))
 (let ((?x2693 (* (- 6) ?x2692)))
 (let ((?x3346 (* s!1 s00)))
 (let ((?x2287 (* 2 ?x3346)))
 (let ((?x2673 (* r!2 x00)))
 (let ((?x2688 (* (- 18) ?x2673)))
 (let ((?x2654 (* 18 ?x1158)))
 (let ((?x1930 (* s!1 r00 r00)))
 (let ((?x1154 (* (- 6) ?x1930)))
 (let ((?x2193 (* r!2 s!1 r00)))
 (let ((?x2194 (* 6 ?x2193)))
 (let ((?x2970 (* r!2 x!0)))
 (let ((?x2446 (* 18 ?x2970)))
 (let ((?x2863 (+ ?x3765 ?x1714 ?x3693 ?x2784 ?x2787 ?x2793 ?x1217 ?x443 ?x1218 (* (- 36) (* r!2 r00 r00)) (* 21 (* r!2 s00)) ?x3175 ?x617 ?x2458 ?x2446 ?x2194 ?x1154 ?x685 ?x2654 ?x729 ?x2688 ?x2287 (* (- 21) (* s!1 r00)) ?x2693 (* 36 (* r!2 r!2 r00)))))
 (let ((?x825 (* r!2 s00)))
 (let ((?x827 (* 4 ?x825)))
 (let ((?x3031 (* r!2 r00 r00)))
 (let ((?x3032 (* (- 12) ?x3031)))
 (let ((?x1272 (+ ?x2594 ?x3753 ?x2687 ?x3580 ?x581 ?x582 ?x3754 ?x2435 ?x3030 ?x3032 ?x827 ?x585 ?x551)))
 (let (($x1157 (= (+ s!1 (* (- 1) s00) (* (- 3) ?x3256) (* 3 ?x380)) 0)))
 (let (($x2679 (or (not $x1157) (not (= ?x1272 0)) (not (= ?x2863 0)) (not (= ?x1841 0)) (not (= ?x1638 0)) (not (= (* ?x1444 ?x1444 ?x2545 ?x3469) 0)))))
 (let ((?x1321 (* (- 36) ?x1930)))
 (let ((?x609 (* 54 ?x507)))
 (let ((?x1078 (* (- 9) s00)))
 (let ((?x1530 (* 9 s!1)))
 (let ((?x2534 (+ ?x1530 ?x1078 ?x609 ?x1466 ?x1467 (* (- 15) ?x2969) ?x1321 ?x1470 ?x3353 ?x1715 ?x1091 (* 216 (* s!1 r00 r00 r00)) (* 66 ?x3346) ?x1131 (* (- 54) (* s!1 r00)) (* (- 108) ?x3355) ?x861 (* (- 108) ?x2574) ?x1234 (* 108 ?x2428) ?x2168 ?x837 ?x1004 ?x843 ?x1476 ?x3735 ?x3737 ?x2933 ?x1480 ?x3752 ?x1481)))
 (let ((?x1007 (* (- 15) ?x672)))
 (let ((?x640 (* (- 54) ?x603)))
 (let ((?x655 (* 24 ?x507)))
 (let ((?x3349 (+ ?x1530 ?x1078 (* (- 24) ?x3025) (* 24 ?x825) ?x655 ?x640 (* 3 ?x2969) (* 54 ?x2970) ?x1321 ?x848 ?x1007 (* 54 ?x1158) ?x1990 ?x1091 (* (- 54) ?x2673) ?x1532 (* 12 ?x3346) ?x791 (* (- 24) (* s!1 r00)) ?x3356 ?x2930 ?x897 ?x1420 ?x1072 ?x2224 ?x981 ?x2237 ?x3307 ?x3339)))
 (let ((?x622 (* 9 ?x507)))
 (let ((?x459 (* (- 3) s00)))
 (let ((?x2233 (+ (* 3 s!1) ?x459 (* (- 9) ?x3025) (* 9 ?x825) ?x622 ?x617 ?x2458 ?x2446 ?x2194 ?x1154 ?x685 ?x2654 ?x729 ?x2688 ?x2287 (* (- 9) (* s!1 r00)) ?x2693)))
 (let (($x2565 (= (+ ?x2594 ?x2616 ?x2687 ?x44 ?x581 ?x582 ?x3030 ?x3032 ?x827 ?x585 ?x551) 0)))
 (let (($x2529 (and $x1157 $x2565 (= ?x2233 0) (= ?x3349 0) (= ?x2534 0) $x2679)))
 (let (($x725 (exists ((r Int) (s Int) (x Int) )(! (let ((?x550 (* r00 r00 r00)))
 (let ((?x564 (* (- 12) ?x550)))
 (let ((?x507 (* s00 r00)))
 (let ((?x508 (* 6 ?x507)))
 (let ((?x480 (* r s00)))
 (let ((?x494 (* (- 4) ?x480)))
 (let ((?x430 (* r r00 r00)))
 (let ((?x431 (* 12 ?x430)))
 (let ((?x424 (* r s)))
 (let ((?x425 (* (- 2) ?x424)))
 (let ((?x380 (* r00 r00)))
 (let ((?x1586 (* 12 ?x380)))
 (let ((?x59 (* 6 x00)))
 (let ((?x48 (* 3 r00)))
 (let ((?x1728 (* (- 7) s00)))
 (let ((?x529 (* (- 6) x)))
 (let ((?x1790 (* 7 s)))
 (let ((?x1928 (* (- 3) r)))
 (let ((?x724 (+ ?x1928 ?x1790 ?x529 ?x1728 ?x48 ?x59 (* (- 12) (* r r)) ?x1586 ?x425 ?x431 ?x494 ?x508 ?x564)))
 (let ((?x211 (* 6 r)))
 (let ((?x1488 (+ 3 ?x211 s)))
 (let ((?x1521 (+ 1 r)))
 (let ((?x3324 (* r r s00)))
 (let ((?x3978 (* 432 ?x3324)))
 (let ((?x3013 (* r r s)))
 (let ((?x3974 (* 432 ?x3013)))
 (let ((?x2998 (* r r r)))
 (let ((?x3973 (* 864 ?x2998)))
 (let ((?x3967 (* 1296 (* r r00 r00 r00))))
 (let ((?x1451 (* x00 x00)))
 (let ((?x1481 (* (- 108) ?x1451)))
 (let ((?x1426 (* 216 (* x x00))))
 (let ((?x1289 (* s00 s00 s00)))
 (let ((?x1480 (* (- 16) ?x1289)))
 (let ((?x1478 (* (- 36) (* s s r00 r00))))
 (let ((?x1260 (* 216 (* x s00 r00))))
 (let ((?x1477 (* (- 432) (* x r00 r00 r00))))
 (let ((?x1177 (* s00 r00 r00 r00)))
 (let ((?x1476 (* (- 216) ?x1177)))
 (let ((?x1062 (* 12 (* s s s00))))
 (let ((?x1020 (* r s s00)))
 (let ((?x3954 (* 144 ?x1020)))
 (let ((?x1003 (* r00 r00 r00 x00)))
 (let ((?x1004 (* 432 ?x1003)))
 (let ((?x973 (* x x)))
 (let ((?x1475 (* (- 108) ?x973)))
 (let ((?x910 (* s s s)))
 (let ((?x912 (* 4 ?x910)))
 (let ((?x900 (* r s s)))
 (let ((?x3953 (* 72 ?x900)))
 (let ((?x896 (* s00 x00)))
 (let ((?x1234 (* 108 ?x896)))
 (let ((?x860 (* s00 s00 r00 r00)))
 (let ((?x861 (* 36 ?x860)))
 (let ((?x819 (* s x00)))
 (let ((?x3951 (* (- 324) ?x819)))
 (let ((?x773 (* s00 s00 r00)))
 (let ((?x1131 (* 108 ?x773)))
 (let ((?x728 (* s00 r00 r00)))
 (let ((?x1091 (* 36 ?x728)))
 (let ((?x702 (* x s00)))
 (let ((?x1471 (* (- 108) ?x702)))
 (let ((?x698 (* x r00)))
 (let ((?x1337 (* 108 ?x698)))
 (let ((?x672 (* s00 s00)))
 (let ((?x1470 (* (- 51) ?x672)))
 (let ((?x630 (* r x)))
 (let ((?x3947 (* 648 ?x630)))
 (let ((?x603 (* r00 x00)))
 (let ((?x1467 (* (- 108) ?x603)))
 (let ((?x599 (* s00 r00 x00)))
 (let ((?x1466 (* (- 216) ?x599)))
 (let ((?x3944 (* 648 ?x550)))
 (let ((?x2153 (* (- 270) ?x507)))
 (let ((?x3943 (* 828 ?x480)))
 (let ((?x891 (* (- 432) ?x380)))
 (let ((?x3938 (* (- 324) x00)))
 (let ((?x888 (* (- 162) r00)))
 (let ((?x3937 (* 297 s00)))
 (let ((?x3653 (* 324 x)))
 (let ((?x1267 (+ (* 162 r) (* (- 297) s) ?x3653 ?x3937 ?x888 ?x3938 (* 756 (* r r)) ?x891 (* (- 396) ?x424) (* (- 1512) ?x430) ?x3943 ?x2153 ?x3944 ?x1466 ?x1467 (* (- 195) (* s s)) ?x3947 (* (- 252) (* s r00 r00)) ?x1470 ?x1337 ?x1471 ?x1091 (* (- 648) (* r x00)) (* 648 (* s r00 r00 r00)) (* 246 (* s s00)) ?x1131 (* (- 162) (* s r00)) (* (- 648) (* r s00 r00)) ?x3951 ?x861 (* (- 324) (* s s00 r00)) ?x1234 ?x3953 (* 324 (* s x)) ?x912 ?x1475 ?x1004 ?x3954 ?x1062 ?x1476 ?x1477 ?x1260 ?x1478 ?x1480 ?x1426 ?x1481 (* (- 1296) (* r r r00 r00)) (* (- 432) (* r s r00 r00)) (* (- 324) (* r r00)) ?x3967 ?x3973 ?x3974 ?x3978)))
 (let ((?x1164 (* 36 (* x r00 r00))))
 (let ((?x1032 (* r r00 x00)))
 (let ((?x1045 (* (- 36) ?x1032)))
 (let ((?x1021 (* 2 ?x1020)))
 (let ((?x968 (* r00 r00 x00)))
 (let ((?x981 (* (- 36) ?x968)))
 (let ((?x916 (* r s00 s00)))
 (let ((?x929 (* (- 4) ?x916)))
 (let ((?x904 (* s x)))
 (let ((?x905 (* 6 ?x904)))
 (let ((?x901 (* 2 ?x900)))
 (let ((?x897 (* 6 ?x896)))
 (let ((?x870 (* s s00 r00)))
 (let ((?x883 (* (- 2) ?x870)))
 (let ((?x846 (* (- 6) ?x819)))
 (let ((?x791 (* (- 2) ?x773)))
 (let ((?x746 (* 4 (* s s r00))))
 (let ((?x717 (* (- 6) ?x702)))
 (let ((?x2226 (* (- 19) ?x672)))
 (let ((?x650 (* 36 (* r x r00))))
 (let ((?x2216 (* (- 90) ?x603)))
 (let ((?x2214 (* 18 ?x507)))
 (let ((?x3858 (* (- 108) ?x380)))
 (let ((?x2893 (* (- 72) x00)))
 (let ((?x3308 (* (- 36) r00)))
 (let ((?x2892 (* 57 s00)))
 (let ((?x2251 (+ (* 36 r) (* (- 57) s) (* 72 x) ?x2892 ?x3308 ?x2893 (* 108 (* r r)) ?x3858 (* (- 42) ?x424) (* (- 216) ?x430) (* 114 ?x480) ?x2214 ?x2216 (* (- 1) (* s s)) (* 90 ?x630) (* 12 (* r s r00)) (* (- 72) (* s r00 r00)) ?x650 ?x2226 (* 90 ?x698) ?x717 ?x1091 (* (- 90) (* r x00)) ?x746 (* 20 (* s s00)) ?x791 (* (- 90) (* s r00)) (* (- 12) (* r s00 r00)) ?x846 ?x883 ?x897 ?x901 ?x905 ?x929 ?x981 ?x1021 ?x1045 ?x1164 (* 144 (* r r r00)) (* 72 ?x2998) (* 24 ?x3013) (* 12 ?x3324))))
 (let ((?x807 (* r s00 r00)))
 (let ((?x820 (* (- 6) ?x807)))
 (let ((?x769 (* s s00)))
 (let ((?x770 (* 2 ?x769)))
 (let ((?x740 (* r x00)))
 (let ((?x753 (* (- 18) ?x740)))
 (let ((?x729 (* 6 ?x728)))
 (let ((?x699 (* 18 ?x698)))
 (let ((?x685 (* (- 4) ?x672)))
 (let ((?x646 (* s r00 r00)))
 (let ((?x659 (* (- 6) ?x646)))
 (let ((?x634 (* r s r00)))
 (let ((?x635 (* 6 ?x634)))
 (let ((?x631 (* 18 ?x630)))
 (let ((?x626 (* s s)))
 (let ((?x627 (* 2 ?x626)))
 (let ((?x617 (* (- 18) ?x603)))
 (let ((?x3175 (* 3 ?x507)))
 (let ((?x443 (* (- 18) ?x380)))
 (let ((?x2793 (* (- 18) x00)))
 (let ((?x2787 (* (- 9) r00)))
 (let ((?x2784 (* 12 s00)))
 (let ((?x3181 (+ (* 9 r) (* (- 12) s) (* 18 x) ?x2784 ?x2787 ?x2793 (* 18 (* r r)) ?x443 (* (- 3) ?x424) (* (- 36) ?x430) (* 21 ?x480) ?x3175 ?x617 ?x627 ?x631 ?x635 ?x659 ?x685 ?x699 ?x729 ?x753 ?x770 (* (- 21) (* s r00)) ?x820 (* 36 (* r r r00)))))
 (let ((?x551 (* 12 ?x550)))
 (let ((?x585 (* (- 6) ?x507)))
 (let ((?x481 (* 4 ?x480)))
 (let ((?x584 (* (- 12) ?x430)))
 (let ((?x583 (* 2 ?x424)))
 (let ((?x2435 (* (- 12) ?x380)))
 (let ((?x582 (* (- 6) x00)))
 (let ((?x581 (* (- 3) r00)))
 (let ((?x3580 (* 7 s00)))
 (let ((?x56 (* 6 x)))
 (let ((?x43 (* 3 r)))
 (let ((?x569 (+ ?x43 (* (- 7) s) ?x56 ?x3580 ?x581 ?x582 (* 12 (* r r)) ?x2435 ?x583 ?x584 ?x481 ?x585 ?x551)))
 (let (($x413 (= (+ s (* (- 1) s00) (* (- 3) (* r r)) (* 3 ?x380)) 0)))
 (let (($x1900 (or (not $x413) (not (= ?x569 0)) (not (= ?x3181 0)) (not (= ?x2251 0)) (not (= ?x1267 0)) (not (= (* ?x1521 ?x1521 ?x1488 ?x724) 0)))))
 (let ((?x1301 (* 108 ?x904)))
 (let ((?x751 (* s r00 r00 r00)))
 (let ((?x752 (* 216 ?x751)))
 (let ((?x955 (* (- 36) ?x646)))
 (let ((?x609 (* 54 ?x507)))
 (let ((?x1078 (* (- 9) s00)))
 (let ((?x143 (* 9 s)))
 (let ((?x1482 (+ ?x143 ?x1078 ?x609 ?x1466 ?x1467 (* (- 15) ?x626) ?x955 ?x1470 ?x1337 ?x1471 ?x1091 ?x752 (* 66 ?x769) ?x1131 (* (- 54) (* s r00)) (* (- 108) ?x819) ?x861 (* (- 108) ?x870) ?x1234 ?x1301 ?x912 ?x1475 ?x1004 ?x1062 ?x1476 ?x1477 ?x1260 ?x1478 ?x1480 ?x1426 ?x1481)))
 (let (($x1483 (= ?x1482 0)))
 (let ((?x1007 (* (- 15) ?x672)))
 (let ((?x658 (* 3 ?x626)))
 (let ((?x640 (* (- 54) ?x603)))
 (let ((?x655 (* 24 ?x507)))
 (let ((?x1170 (+ ?x143 ?x1078 (* (- 24) ?x424) (* 24 ?x480) ?x655 ?x640 ?x658 (* 54 ?x630) ?x955 ?x650 ?x1007 (* 54 ?x698) ?x717 ?x1091 (* (- 54) ?x740) ?x746 (* 12 ?x769) ?x791 (* (- 24) (* s r00)) ?x846 ?x883 ?x897 ?x901 ?x905 ?x929 ?x981 ?x1021 ?x1045 ?x1164)))
 (let (($x1175 (= ?x1170 0)))
 (let ((?x622 (* 9 ?x507)))
 (let ((?x459 (* (- 3) s00)))
 (let ((?x47 (* 3 s)))
 (let ((?x826 (+ ?x47 ?x459 (* (- 9) ?x424) (* 9 ?x480) ?x622 ?x617 ?x627 ?x631 ?x635 ?x659 ?x685 ?x699 ?x729 ?x753 ?x770 (* (- 9) (* s r00)) ?x820)))
 (let (($x833 (= ?x826 0)))
 (let ((?x44 (* 3 s00)))
 (let ((?x580 (* (- 3) s)))
 (let (($x587 (= (+ ?x43 ?x580 ?x56 ?x44 ?x581 ?x582 ?x583 ?x584 ?x481 ?x585 ?x551) 0)))
 (and $x413 $x587 $x833 $x1175 $x1483 $x1900))))))))))))))))))))))))))))))))))))))))))))))))))))))))))))))))))))))))))))))))))))))))))))))))))))))))))))))))))))))))))))))))))))))))))))))))))))))))))))))))))))))))) :qid k!40))
 ))
 (let (($x1148 (exists ((r Int) (s Int) (x Int) )(! (let ((?x550 (* r00 r00 r00)))
 (let ((?x564 (* (- 12) ?x550)))
 (let ((?x59 (* 6 x00)))
 (let ((?x529 (* (- 6) x)))
 (let ((?x2907 (* r00 s00)))
 (let ((?x2754 (* 6 ?x2907)))
 (let ((?x1521 (+ 1 r)))
 (let ((?x2722 (* s00 ?x1521)))
 (let ((?x3479 (* (- 4) ?x2722)))
 (let ((?x48 (* 3 r00)))
 (let ((?x143 (* 9 s)))
 (let ((?x459 (* (- 3) s00)))
 (let ((?x2352 (* 15 r)))
 (let ((?x2181 (* r00 r00 ?x1521)))
 (let ((?x2403 (* 12 ?x2181)))
 (let ((?x211 (* 6 r)))
 (let ((?x3074 (+ 3 s ?x211)))
 (let ((?x3165 (* ?x1521 ?x3074)))
 (let ((?x2695 (* (- 2) ?x3165)))
 (let ((?x1866 (* ?x1521 ?x1521 ?x3074 (+ 6 ?x2695 ?x2403 ?x2352 ?x459 ?x143 ?x48 ?x3479 ?x2754 ?x529 ?x59 ?x564))))
 (let (($x2753 (not (= ?x1866 0))))
 (let ((?x1451 (* x00 x00)))
 (let ((?x2742 (* 108 ?x1451)))
 (let ((?x399 (* (- 54) r)))
 (let ((?x2019 (* (- 9) s)))
 (let ((?x2671 (* r00 r00 s00)))
 (let ((?x419 (* (- 36) ?x2671)))
 (let ((?x137 (* 9 s00)))
 (let ((?x672 (* s00 s00)))
 (let ((?x3490 (* 51 ?x672)))
 (let ((?x2767 (* r00 r00 ?x3074)))
 (let ((?x1792 (* 36 ?x2767)))
 (let ((?x1289 (* s00 s00 s00)))
 (let ((?x2730 (* 16 ?x1289)))
 (let ((?x896 (* s00 x00)))
 (let ((?x2259 (* (- 108) ?x896)))
 (let ((?x2584 (* 216 (* r00 r00 r00 s00))))
 (let ((?x2530 (* r00 s00 s00)))
 (let ((?x1159 (* (- 108) ?x2530)))
 (let ((?x1003 (* r00 r00 r00 x00)))
 (let ((?x1868 (* (- 432) ?x1003)))
 (let ((?x1246 (* (- 36) (* r00 r00 s00 s00))))
 (let ((?x2867 (* (- 54) ?x2907)))
 (let ((?x603 (* r00 x00)))
 (let ((?x1995 (* 108 ?x603)))
 (let ((?x2400 (* 216 (* r00 s00 x00))))
 (let ((?x970 (+ ?x2400 ?x1995 ?x2867 (* 15 (* ?x3074 ?x3074)) (* (- 216) (* r00 r00 r00 ?x3074)) ?x1246 (* (- 4) (* ?x3074 ?x3074 ?x3074)) (* 108 (* (+ x (* (- 1) s)) (+ x (* (- 1) s)))) ?x1868 (* (- 12) (* s00 ?x3074 ?x3074)) (* 108 (* s00 (+ x (* (- 1) s)))) ?x1159 ?x2584 (* 108 (* x00 ?x3074)) (* 432 (* r00 r00 r00 (+ x (* (- 1) s)))) (* (- 66) (* s00 ?x3074)) (* 108 (* r00 s00 ?x3074)) ?x2259 (* (- 216) (* r00 s00 (+ x (* (- 1) s)))) (* 36 (* r00 r00 ?x3074 ?x3074)) ?x2730 (* (- 108) (* (+ x (* (- 1) s)) ?x3074)) ?x1792 ?x3490 (* (- 108) (* r00 (+ x (* (- 1) s)))) ?x137 ?x419 ?x2019 ?x399 (* 54 (* r00 ?x3074)) (* (- 216) (* x00 (+ x (* (- 1) s)))) ?x2742)))
 (let (($x2462 (not (= ?x970 27))))
 (let ((?x2665 (* 15 ?x672)))
 (let ((?x968 (* r00 r00 x00)))
 (let ((?x969 (* 36 ?x968)))
 (let ((?x3106 (* (- 6) ?x896)))
 (let ((?x2393 (* 2 ?x2530)))
 (let ((?x2375 (* (- 24) ?x2907)))
 (let ((?x2702 (* 54 ?x603)))
 (let ((?x2572 (+ (* 24 ?x3165) ?x2702 (* (- 36) (* r00 ?x1521 (+ x (* (- 1) s)))) ?x2375 (* (- 3) (* ?x3074 ?x3074)) (* (- 54) (* ?x1521 (+ x (* (- 1) s)))) (* 6 (* s00 (+ x (* (- 1) s)))) (* (- 4) (* r00 ?x3074 ?x3074)) ?x2393 (* 6 (* x00 ?x3074)) (* (- 12) (* s00 ?x3074)) (* 2 (* r00 s00 ?x3074)) ?x3106 (* (- 2) (* ?x1521 ?x3074 ?x3074)) (* (- 6) (* (+ x (* (- 1) s)) ?x3074)) (* 4 (* s00 s00 ?x1521)) ?x1792 ?x969 ?x2665 (* (- 2) (* s00 ?x1521 ?x3074)) (* 36 (* r00 x00 ?x1521)) (* (- 54) (* r00 (+ x (* (- 1) s)))) ?x137 ?x419 (* 54 (* x00 ?x1521)) ?x2019 ?x399 (* (- 24) ?x2722) (* 24 (* r00 ?x3074)) (* (- 36) (* r00 r00 (+ x (* (- 1) s)))))))
 (let ((?x580 (* (- 3) s)))
 (let ((?x2564 (* (- 6) ?x2671)))
 (let ((?x44 (* 3 s00)))
 (let ((?x673 (* 4 ?x672)))
 (let ((?x661 (* (- 9) ?x2907)))
 (let ((?x604 (* 18 ?x603)))
 (let ((?x2253 (+ (* 9 ?x3165) ?x604 ?x661 (* (- 2) (* ?x3074 ?x3074)) (* (- 18) (* ?x1521 (+ x (* (- 1) s)))) (* (- 6) (* r00 ?x1521 ?x3074)) (* 6 ?x2767) ?x673 (* (- 18) (* r00 (+ x (* (- 1) s)))) ?x44 ?x2564 (* 18 (* x00 ?x1521)) ?x580 (* (- 18) r) (* (- 9) ?x2722) (* (- 2) (* s00 ?x3074)) (* 9 (* r00 ?x3074)) (* 6 (* r00 s00 ?x1521)))))
 (let ((?x551 (* 12 ?x550)))
 (let ((?x582 (* (- 6) x00)))
 (let ((?x56 (* 6 x)))
 (let ((?x2843 (* (- 6) ?x2907)))
 (let ((?x581 (* (- 3) r00)))
 (let ((?x2055 (+ (* 2 ?x3165) (* (- 12) ?x2181) (* (- 15) r) ?x44 ?x2019 ?x581 (* 4 ?x2722) ?x2843 ?x56 ?x582 ?x551)))
 (let ((?x380 (* r00 r00)))
 (let ((?x1929 (* (- 3) ?x380)))
 (let ((?x359 (* (- 1) s)))
 (let (($x1863 (= (+ s00 ?x359 (* (- 6) r) (* 3 (* ?x1521 ?x1521)) ?x1929) 3)))
 (let (($x1152 (not $x1863)))
 (let (($x3503 (or $x1152 (not (= ?x2055 6)) (not (= ?x2253 9)) (not (= ?x2572 27)) $x2462 $x2753)))
 (let ((?x1985 (* r00 r00 s)))
 (let ((?x1290 (* 36 ?x1985)))
 (let ((?x716 (+ ?x2400 ?x1995 ?x2867 (* 15 (* s s)) (* (- 216) (* r00 r00 r00 s)) ?x1246 (* (- 4) (* s s s)) (* 108 (* x x)) ?x1868 (* (- 12) (* s00 s s)) (* 108 (* s00 x)) ?x1159 ?x2584 (* 108 (* x00 s)) (* 432 (* r00 r00 r00 x)) (* (- 66) (* s00 s)) (* 108 (* r00 s00 s)) ?x2259 (* (- 216) (* r00 s00 x)) (* 36 (* r00 r00 s s)) ?x2730 (* (- 108) (* x s)) ?x1290 ?x3490 (* (- 108) (* r00 x)) ?x137 ?x419 ?x2019 (* 54 (* r00 s)) (* (- 216) (* x00 x)) ?x2742)))
 (let (($x839 (= ?x716 0)))
 (let ((?x3067 (* r00 r00 x)))
 (let ((?x3149 (* (- 36) ?x3067)))
 (let ((?x2394 (* r00 s s)))
 (let ((?x3134 (* (- 4) ?x2394)))
 (let ((?x664 (+ (* 24 (* s r)) ?x2702 (* (- 36) (* r00 x r)) ?x2375 (* (- 3) (* s s)) (* (- 54) (* x r)) (* 6 (* s00 x)) ?x3134 ?x2393 (* 6 (* x00 s)) (* (- 12) (* s00 s)) (* 2 (* r00 s00 s)) ?x3106 (* (- 2) (* s s r)) (* (- 6) (* x s)) (* 4 (* s00 s00 r)) ?x1290 ?x969 ?x2665 (* (- 2) (* s00 s r)) (* 36 (* r00 x00 r)) (* (- 54) (* r00 x)) ?x137 ?x419 (* 54 (* x00 r)) ?x2019 (* (- 24) (* s00 r)) (* 24 (* r00 s)) ?x3149)))
 (let ((?x2056 (* r00 x)))
 (let ((?x2341 (* (- 18) ?x2056)))
 (let ((?x626 (* s s)))
 (let ((?x2322 (* (- 2) ?x626)))
 (let ((?x2282 (+ (* 9 (* s r)) ?x604 ?x661 ?x2322 (* (- 18) (* x r)) (* (- 6) (* r00 s r)) (* 6 ?x1985) ?x673 ?x2341 ?x44 ?x2564 (* 18 (* x00 r)) ?x580 (* (- 9) (* s00 r)) (* (- 2) (* s00 s)) (* 9 (* r00 s)) (* 6 (* r00 s00 r)))))
 (let ((?x43 (* 3 r)))
 (let ((?x2113 (+ (* 2 (* s r)) (* (- 12) (* r00 r00 r)) ?x43 ?x44 ?x580 ?x581 (* 4 (* s00 r)) ?x2843 ?x56 ?x582 ?x551)))
 (let (($x3240 (= (+ s00 ?x359 (* 3 (* r r)) ?x1929) 0)))
 (and $x3240 (= ?x2113 0) (= ?x2282 0) (= ?x664 0) $x839 $x3503))))))))))))))))))))))))))))))))))))))))))))))))))))))))))))))))))))))))))))))))))))))))))))) :qid k!40))
 ))
 (let ((?x3283 (lambda ((r Int) (s Int) (x Int) )(let ((?x550 (* r00 r00 r00)))
 (let ((?x564 (* (- 12) ?x550)))
 (let ((?x507 (* s00 r00)))
 (let ((?x508 (* 6 ?x507)))
 (let ((?x480 (* r s00)))
 (let ((?x494 (* (- 4) ?x480)))
 (let ((?x430 (* r r00 r00)))
 (let ((?x431 (* 12 ?x430)))
 (let ((?x424 (* r s)))
 (let ((?x425 (* (- 2) ?x424)))
 (let ((?x380 (* r00 r00)))
 (let ((?x1586 (* 12 ?x380)))
 (let ((?x59 (* 6 x00)))
 (let ((?x48 (* 3 r00)))
 (let ((?x1728 (* (- 7) s00)))
 (let ((?x529 (* (- 6) x)))
 (let ((?x1790 (* 7 s)))
 (let ((?x1928 (* (- 3) r)))
 (let ((?x724 (+ ?x1928 ?x1790 ?x529 ?x1728 ?x48 ?x59 (* (- 12) (* r r)) ?x1586 ?x425 ?x431 ?x494 ?x508 ?x564)))
 (let ((?x211 (* 6 r)))
 (let ((?x1488 (+ 3 ?x211 s)))
 (let ((?x1521 (+ 1 r)))
 (let ((?x3324 (* r r s00)))
 (let ((?x3978 (* 432 ?x3324)))
 (let ((?x3013 (* r r s)))
 (let ((?x3974 (* 432 ?x3013)))
 (let ((?x2998 (* r r r)))
 (let ((?x3973 (* 864 ?x2998)))
 (let ((?x3967 (* 1296 (* r r00 r00 r00))))
 (let ((?x1451 (* x00 x00)))
 (let ((?x1481 (* (- 108) ?x1451)))
 (let ((?x1426 (* 216 (* x x00))))
 (let ((?x1289 (* s00 s00 s00)))
 (let ((?x1480 (* (- 16) ?x1289)))
 (let ((?x1478 (* (- 36) (* s s r00 r00))))
 (let ((?x1260 (* 216 (* x s00 r00))))
 (let ((?x1477 (* (- 432) (* x r00 r00 r00))))
 (let ((?x1177 (* s00 r00 r00 r00)))
 (let ((?x1476 (* (- 216) ?x1177)))
 (let ((?x1062 (* 12 (* s s s00))))
 (let ((?x1020 (* r s s00)))
 (let ((?x3954 (* 144 ?x1020)))
 (let ((?x1003 (* r00 r00 r00 x00)))
 (let ((?x1004 (* 432 ?x1003)))
 (let ((?x973 (* x x)))
 (let ((?x1475 (* (- 108) ?x973)))
 (let ((?x910 (* s s s)))
 (let ((?x912 (* 4 ?x910)))
 (let ((?x900 (* r s s)))
 (let ((?x3953 (* 72 ?x900)))
 (let ((?x896 (* s00 x00)))
 (let ((?x1234 (* 108 ?x896)))
 (let ((?x860 (* s00 s00 r00 r00)))
 (let ((?x861 (* 36 ?x860)))
 (let ((?x819 (* s x00)))
 (let ((?x3951 (* (- 324) ?x819)))
 (let ((?x773 (* s00 s00 r00)))
 (let ((?x1131 (* 108 ?x773)))
 (let ((?x728 (* s00 r00 r00)))
 (let ((?x1091 (* 36 ?x728)))
 (let ((?x702 (* x s00)))
 (let ((?x1471 (* (- 108) ?x702)))
 (let ((?x698 (* x r00)))
 (let ((?x1337 (* 108 ?x698)))
 (let ((?x672 (* s00 s00)))
 (let ((?x1470 (* (- 51) ?x672)))
 (let ((?x630 (* r x)))
 (let ((?x3947 (* 648 ?x630)))
 (let ((?x603 (* r00 x00)))
 (let ((?x1467 (* (- 108) ?x603)))
 (let ((?x599 (* s00 r00 x00)))
 (let ((?x1466 (* (- 216) ?x599)))
 (let ((?x3944 (* 648 ?x550)))
 (let ((?x2153 (* (- 270) ?x507)))
 (let ((?x3943 (* 828 ?x480)))
 (let ((?x891 (* (- 432) ?x380)))
 (let ((?x3938 (* (- 324) x00)))
 (let ((?x888 (* (- 162) r00)))
 (let ((?x3937 (* 297 s00)))
 (let ((?x3653 (* 324 x)))
 (let ((?x1267 (+ (* 162 r) (* (- 297) s) ?x3653 ?x3937 ?x888 ?x3938 (* 756 (* r r)) ?x891 (* (- 396) ?x424) (* (- 1512) ?x430) ?x3943 ?x2153 ?x3944 ?x1466 ?x1467 (* (- 195) (* s s)) ?x3947 (* (- 252) (* s r00 r00)) ?x1470 ?x1337 ?x1471 ?x1091 (* (- 648) (* r x00)) (* 648 (* s r00 r00 r00)) (* 246 (* s s00)) ?x1131 (* (- 162) (* s r00)) (* (- 648) (* r s00 r00)) ?x3951 ?x861 (* (- 324) (* s s00 r00)) ?x1234 ?x3953 (* 324 (* s x)) ?x912 ?x1475 ?x1004 ?x3954 ?x1062 ?x1476 ?x1477 ?x1260 ?x1478 ?x1480 ?x1426 ?x1481 (* (- 1296) (* r r r00 r00)) (* (- 432) (* r s r00 r00)) (* (- 324) (* r r00)) ?x3967 ?x3973 ?x3974 ?x3978)))
 (let ((?x1164 (* 36 (* x r00 r00))))
 (let ((?x1032 (* r r00 x00)))
 (let ((?x1045 (* (- 36) ?x1032)))
 (let ((?x1021 (* 2 ?x1020)))
 (let ((?x968 (* r00 r00 x00)))
 (let ((?x981 (* (- 36) ?x968)))
 (let ((?x916 (* r s00 s00)))
 (let ((?x929 (* (- 4) ?x916)))
 (let ((?x904 (* s x)))
 (let ((?x905 (* 6 ?x904)))
 (let ((?x901 (* 2 ?x900)))
 (let ((?x897 (* 6 ?x896)))
 (let ((?x870 (* s s00 r00)))
 (let ((?x883 (* (- 2) ?x870)))
 (let ((?x846 (* (- 6) ?x819)))
 (let ((?x791 (* (- 2) ?x773)))
 (let ((?x746 (* 4 (* s s r00))))
 (let ((?x717 (* (- 6) ?x702)))
 (let ((?x2226 (* (- 19) ?x672)))
 (let ((?x650 (* 36 (* r x r00))))
 (let ((?x2216 (* (- 90) ?x603)))
 (let ((?x2214 (* 18 ?x507)))
 (let ((?x3858 (* (- 108) ?x380)))
 (let ((?x2893 (* (- 72) x00)))
 (let ((?x3308 (* (- 36) r00)))
 (let ((?x2892 (* 57 s00)))
 (let ((?x2251 (+ (* 36 r) (* (- 57) s) (* 72 x) ?x2892 ?x3308 ?x2893 (* 108 (* r r)) ?x3858 (* (- 42) ?x424) (* (- 216) ?x430) (* 114 ?x480) ?x2214 ?x2216 (* (- 1) (* s s)) (* 90 ?x630) (* 12 (* r s r00)) (* (- 72) (* s r00 r00)) ?x650 ?x2226 (* 90 ?x698) ?x717 ?x1091 (* (- 90) (* r x00)) ?x746 (* 20 (* s s00)) ?x791 (* (- 90) (* s r00)) (* (- 12) (* r s00 r00)) ?x846 ?x883 ?x897 ?x901 ?x905 ?x929 ?x981 ?x1021 ?x1045 ?x1164 (* 144 (* r r r00)) (* 72 ?x2998) (* 24 ?x3013) (* 12 ?x3324))))
 (let ((?x807 (* r s00 r00)))
 (let ((?x820 (* (- 6) ?x807)))
 (let ((?x769 (* s s00)))
 (let ((?x770 (* 2 ?x769)))
 (let ((?x740 (* r x00)))
 (let ((?x753 (* (- 18) ?x740)))
 (let ((?x729 (* 6 ?x728)))
 (let ((?x699 (* 18 ?x698)))
 (let ((?x685 (* (- 4) ?x672)))
 (let ((?x646 (* s r00 r00)))
 (let ((?x659 (* (- 6) ?x646)))
 (let ((?x634 (* r s r00)))
 (let ((?x635 (* 6 ?x634)))
 (let ((?x631 (* 18 ?x630)))
 (let ((?x626 (* s s)))
 (let ((?x627 (* 2 ?x626)))
 (let ((?x617 (* (- 18) ?x603)))
 (let ((?x3175 (* 3 ?x507)))
 (let ((?x443 (* (- 18) ?x380)))
 (let ((?x2793 (* (- 18) x00)))
 (let ((?x2787 (* (- 9) r00)))
 (let ((?x2784 (* 12 s00)))
 (let ((?x3181 (+ (* 9 r) (* (- 12) s) (* 18 x) ?x2784 ?x2787 ?x2793 (* 18 (* r r)) ?x443 (* (- 3) ?x424) (* (- 36) ?x430) (* 21 ?x480) ?x3175 ?x617 ?x627 ?x631 ?x635 ?x659 ?x685 ?x699 ?x729 ?x753 ?x770 (* (- 21) (* s r00)) ?x820 (* 36 (* r r r00)))))
 (let ((?x551 (* 12 ?x550)))
 (let ((?x585 (* (- 6) ?x507)))
 (let ((?x481 (* 4 ?x480)))
 (let ((?x584 (* (- 12) ?x430)))
 (let ((?x583 (* 2 ?x424)))
 (let ((?x2435 (* (- 12) ?x380)))
 (let ((?x582 (* (- 6) x00)))
 (let ((?x581 (* (- 3) r00)))
 (let ((?x3580 (* 7 s00)))
 (let ((?x56 (* 6 x)))
 (let ((?x43 (* 3 r)))
 (let ((?x569 (+ ?x43 (* (- 7) s) ?x56 ?x3580 ?x581 ?x582 (* 12 (* r r)) ?x2435 ?x583 ?x584 ?x481 ?x585 ?x551)))
 (let (($x413 (= (+ s (* (- 1) s00) (* (- 3) (* r r)) (* 3 ?x380)) 0)))
 (let (($x1900 (or (not $x413) (not (= ?x569 0)) (not (= ?x3181 0)) (not (= ?x2251 0)) (not (= ?x1267 0)) (not (= (* ?x1521 ?x1521 ?x1488 ?x724) 0)))))
 (let ((?x1301 (* 108 ?x904)))
 (let ((?x751 (* s r00 r00 r00)))
 (let ((?x752 (* 216 ?x751)))
 (let ((?x955 (* (- 36) ?x646)))
 (let ((?x609 (* 54 ?x507)))
 (let ((?x1078 (* (- 9) s00)))
 (let ((?x143 (* 9 s)))
 (let ((?x1482 (+ ?x143 ?x1078 ?x609 ?x1466 ?x1467 (* (- 15) ?x626) ?x955 ?x1470 ?x1337 ?x1471 ?x1091 ?x752 (* 66 ?x769) ?x1131 (* (- 54) (* s r00)) (* (- 108) ?x819) ?x861 (* (- 108) ?x870) ?x1234 ?x1301 ?x912 ?x1475 ?x1004 ?x1062 ?x1476 ?x1477 ?x1260 ?x1478 ?x1480 ?x1426 ?x1481)))
 (let (($x1483 (= ?x1482 0)))
 (let ((?x1007 (* (- 15) ?x672)))
 (let ((?x658 (* 3 ?x626)))
 (let ((?x640 (* (- 54) ?x603)))
 (let ((?x655 (* 24 ?x507)))
 (let ((?x1170 (+ ?x143 ?x1078 (* (- 24) ?x424) (* 24 ?x480) ?x655 ?x640 ?x658 (* 54 ?x630) ?x955 ?x650 ?x1007 (* 54 ?x698) ?x717 ?x1091 (* (- 54) ?x740) ?x746 (* 12 ?x769) ?x791 (* (- 24) (* s r00)) ?x846 ?x883 ?x897 ?x901 ?x905 ?x929 ?x981 ?x1021 ?x1045 ?x1164)))
 (let (($x1175 (= ?x1170 0)))
 (let ((?x622 (* 9 ?x507)))
 (let ((?x459 (* (- 3) s00)))
 (let ((?x47 (* 3 s)))
 (let ((?x826 (+ ?x47 ?x459 (* (- 9) ?x424) (* 9 ?x480) ?x622 ?x617 ?x627 ?x631 ?x635 ?x659 ?x685 ?x699 ?x729 ?x753 ?x770 (* (- 9) (* s r00)) ?x820)))
 (let (($x833 (= ?x826 0)))
 (let ((?x44 (* 3 s00)))
 (let ((?x580 (* (- 3) s)))
 (let (($x587 (= (+ ?x43 ?x580 ?x56 ?x44 ?x581 ?x582 ?x583 ?x584 ?x481 ?x585 ?x551) 0)))
 (let (($x2304 (and $x413 $x587 $x833 $x1175 $x1483 $x1900)))
 (let ((?x2907 (* r00 s00)))
 (let ((?x2754 (* 6 ?x2907)))
 (let ((?x2722 (* s00 ?x1521)))
 (let ((?x3479 (* (- 4) ?x2722)))
 (let ((?x2352 (* 15 r)))
 (let ((?x2181 (* r00 r00 ?x1521)))
 (let ((?x2403 (* 12 ?x2181)))
 (let ((?x3074 (+ 3 s ?x211)))
 (let ((?x3165 (* ?x1521 ?x3074)))
 (let ((?x2695 (* (- 2) ?x3165)))
 (let ((?x1866 (* ?x1521 ?x1521 ?x3074 (+ 6 ?x2695 ?x2403 ?x2352 ?x459 ?x143 ?x48 ?x3479 ?x2754 ?x529 ?x59 ?x564))))
 (let (($x2753 (not (= ?x1866 0))))
 (let ((?x2742 (* 108 ?x1451)))
 (let ((?x399 (* (- 54) r)))
 (let ((?x2019 (* (- 9) s)))
 (let ((?x2671 (* r00 r00 s00)))
 (let ((?x419 (* (- 36) ?x2671)))
 (let ((?x137 (* 9 s00)))
 (let ((?x3490 (* 51 ?x672)))
 (let ((?x2767 (* r00 r00 ?x3074)))
 (let ((?x1792 (* 36 ?x2767)))
 (let ((?x2730 (* 16 ?x1289)))
 (let ((?x2259 (* (- 108) ?x896)))
 (let ((?x2584 (* 216 (* r00 r00 r00 s00))))
 (let ((?x2530 (* r00 s00 s00)))
 (let ((?x1159 (* (- 108) ?x2530)))
 (let ((?x1868 (* (- 432) ?x1003)))
 (let ((?x1246 (* (- 36) (* r00 r00 s00 s00))))
 (let ((?x2867 (* (- 54) ?x2907)))
 (let ((?x1995 (* 108 ?x603)))
 (let ((?x2400 (* 216 (* r00 s00 x00))))
 (let ((?x970 (+ ?x2400 ?x1995 ?x2867 (* 15 (* ?x3074 ?x3074)) (* (- 216) (* r00 r00 r00 ?x3074)) ?x1246 (* (- 4) (* ?x3074 ?x3074 ?x3074)) (* 108 (* (+ x (* (- 1) s)) (+ x (* (- 1) s)))) ?x1868 (* (- 12) (* s00 ?x3074 ?x3074)) (* 108 (* s00 (+ x (* (- 1) s)))) ?x1159 ?x2584 (* 108 (* x00 ?x3074)) (* 432 (* r00 r00 r00 (+ x (* (- 1) s)))) (* (- 66) (* s00 ?x3074)) (* 108 (* r00 s00 ?x3074)) ?x2259 (* (- 216) (* r00 s00 (+ x (* (- 1) s)))) (* 36 (* r00 r00 ?x3074 ?x3074)) ?x2730 (* (- 108) (* (+ x (* (- 1) s)) ?x3074)) ?x1792 ?x3490 (* (- 108) (* r00 (+ x (* (- 1) s)))) ?x137 ?x419 ?x2019 ?x399 (* 54 (* r00 ?x3074)) (* (- 216) (* x00 (+ x (* (- 1) s)))) ?x2742)))
 (let (($x2462 (not (= ?x970 27))))
 (let ((?x2665 (* 15 ?x672)))
 (let ((?x969 (* 36 ?x968)))
 (let ((?x3106 (* (- 6) ?x896)))
 (let ((?x2393 (* 2 ?x2530)))
 (let ((?x2375 (* (- 24) ?x2907)))
 (let ((?x2702 (* 54 ?x603)))
 (let ((?x2572 (+ (* 24 ?x3165) ?x2702 (* (- 36) (* r00 ?x1521 (+ x (* (- 1) s)))) ?x2375 (* (- 3) (* ?x3074 ?x3074)) (* (- 54) (* ?x1521 (+ x (* (- 1) s)))) (* 6 (* s00 (+ x (* (- 1) s)))) (* (- 4) (* r00 ?x3074 ?x3074)) ?x2393 (* 6 (* x00 ?x3074)) (* (- 12) (* s00 ?x3074)) (* 2 (* r00 s00 ?x3074)) ?x3106 (* (- 2) (* ?x1521 ?x3074 ?x3074)) (* (- 6) (* (+ x (* (- 1) s)) ?x3074)) (* 4 (* s00 s00 ?x1521)) ?x1792 ?x969 ?x2665 (* (- 2) (* s00 ?x1521 ?x3074)) (* 36 (* r00 x00 ?x1521)) (* (- 54) (* r00 (+ x (* (- 1) s)))) ?x137 ?x419 (* 54 (* x00 ?x1521)) ?x2019 ?x399 (* (- 24) ?x2722) (* 24 (* r00 ?x3074)) (* (- 36) (* r00 r00 (+ x (* (- 1) s)))))))
 (let ((?x2564 (* (- 6) ?x2671)))
 (let ((?x673 (* 4 ?x672)))
 (let ((?x661 (* (- 9) ?x2907)))
 (let ((?x604 (* 18 ?x603)))
 (let ((?x2253 (+ (* 9 ?x3165) ?x604 ?x661 (* (- 2) (* ?x3074 ?x3074)) (* (- 18) (* ?x1521 (+ x (* (- 1) s)))) (* (- 6) (* r00 ?x1521 ?x3074)) (* 6 ?x2767) ?x673 (* (- 18) (* r00 (+ x (* (- 1) s)))) ?x44 ?x2564 (* 18 (* x00 ?x1521)) ?x580 (* (- 18) r) (* (- 9) ?x2722) (* (- 2) (* s00 ?x3074)) (* 9 (* r00 ?x3074)) (* 6 (* r00 s00 ?x1521)))))
 (let ((?x2843 (* (- 6) ?x2907)))
 (let ((?x2055 (+ (* 2 ?x3165) (* (- 12) ?x2181) (* (- 15) r) ?x44 ?x2019 ?x581 (* 4 ?x2722) ?x2843 ?x56 ?x582 ?x551)))
 (let ((?x1929 (* (- 3) ?x380)))
 (let ((?x359 (* (- 1) s)))
 (let (($x1863 (= (+ s00 ?x359 (* (- 6) r) (* 3 (* ?x1521 ?x1521)) ?x1929) 3)))
 (let (($x1152 (not $x1863)))
 (let (($x3503 (or $x1152 (not (= ?x2055 6)) (not (= ?x2253 9)) (not (= ?x2572 27)) $x2462 $x2753)))
 (let ((?x1985 (* r00 r00 s)))
 (let ((?x1290 (* 36 ?x1985)))
 (let ((?x716 (+ ?x2400 ?x1995 ?x2867 (* 15 ?x626) (* (- 216) (* r00 r00 r00 s)) ?x1246 (* (- 4) ?x910) (* 108 ?x973) ?x1868 (* (- 12) (* s00 s s)) (* 108 (* s00 x)) ?x1159 ?x2584 (* 108 (* x00 s)) (* 432 (* r00 r00 r00 x)) (* (- 66) (* s00 s)) (* 108 (* r00 s00 s)) ?x2259 (* (- 216) (* r00 s00 x)) (* 36 (* r00 r00 s s)) ?x2730 (* (- 108) (* x s)) ?x1290 ?x3490 (* (- 108) (* r00 x)) ?x137 ?x419 ?x2019 (* 54 (* r00 s)) (* (- 216) (* x00 x)) ?x2742)))
 (let (($x839 (= ?x716 0)))
 (let ((?x3067 (* r00 r00 x)))
 (let ((?x3149 (* (- 36) ?x3067)))
 (let ((?x2394 (* r00 s s)))
 (let ((?x3134 (* (- 4) ?x2394)))
 (let ((?x664 (+ (* 24 (* s r)) ?x2702 (* (- 36) (* r00 x r)) ?x2375 (* (- 3) ?x626) (* (- 54) (* x r)) (* 6 (* s00 x)) ?x3134 ?x2393 (* 6 (* x00 s)) (* (- 12) (* s00 s)) (* 2 (* r00 s00 s)) ?x3106 (* (- 2) (* s s r)) (* (- 6) (* x s)) (* 4 (* s00 s00 r)) ?x1290 ?x969 ?x2665 (* (- 2) (* s00 s r)) (* 36 (* r00 x00 r)) (* (- 54) (* r00 x)) ?x137 ?x419 (* 54 (* x00 r)) ?x2019 (* (- 24) (* s00 r)) (* 24 (* r00 s)) ?x3149)))
 (let ((?x2056 (* r00 x)))
 (let ((?x2341 (* (- 18) ?x2056)))
 (let ((?x2322 (* (- 2) ?x626)))
 (let ((?x2282 (+ (* 9 (* s r)) ?x604 ?x661 ?x2322 (* (- 18) (* x r)) (* (- 6) (* r00 s r)) (* 6 ?x1985) ?x673 ?x2341 ?x44 ?x2564 (* 18 (* x00 r)) ?x580 (* (- 9) (* s00 r)) (* (- 2) (* s00 s)) (* 9 (* r00 s)) (* 6 (* r00 s00 r)))))
 (let ((?x2113 (+ (* 2 (* s r)) (* (- 12) (* r00 r00 r)) ?x43 ?x44 ?x580 ?x581 (* 4 (* s00 r)) ?x2843 ?x56 ?x582 ?x551)))
 (let (($x3240 (= (+ s00 ?x359 (* 3 (* r r)) ?x1929) 0)))
 (let (($x2981 (and $x3240 (= ?x2113 0) (= ?x2282 0) (= ?x664 0) $x839 $x3503)))
 (rewrite (= $x2981 $x2304))))))))))))))))))))))))))))))))))))))))))))))))))))))))))))))))))))))))))))))))))))))))))))))))))))))))))))))))))))))))))))))))))))))))))))))))))))))))))))))))))))))))))))))))))))))))))))))))))))))))))))))))))))))))))))))))))))))))))))))))
 ))
 (let (($x3769 (exists ((r Int) (s Int) (x Int) )(! (let ((?x550 (* r00 r00 r00)))
 (let ((?x564 (* (- 12) ?x550)))
 (let ((?x59 (* 6 x00)))
 (let ((?x529 (* (- 6) x)))
 (let ((?x2907 (* r00 s00)))
 (let ((?x2754 (* 6 ?x2907)))
 (let ((?x1521 (+ 1 r)))
 (let ((?x2722 (* s00 ?x1521)))
 (let ((?x3479 (* (- 4) ?x2722)))
 (let ((?x48 (* 3 r00)))
 (let ((?x143 (* 9 s)))
 (let ((?x459 (* (- 3) s00)))
 (let ((?x2352 (* 15 r)))
 (let ((?x2181 (* r00 r00 ?x1521)))
 (let ((?x2403 (* 12 ?x2181)))
 (let ((?x211 (* 6 r)))
 (let ((?x3074 (+ 3 s ?x211)))
 (let ((?x3165 (* ?x1521 ?x3074)))
 (let ((?x2695 (* (- 2) ?x3165)))
 (let ((?x1866 (* ?x1521 ?x1521 ?x3074 (+ 6 ?x2695 ?x2403 ?x2352 ?x459 ?x143 ?x48 ?x3479 ?x2754 ?x529 ?x59 ?x564))))
 (let (($x2753 (not (= ?x1866 0))))
 (let ((?x1451 (* x00 x00)))
 (let ((?x2742 (* 108 ?x1451)))
 (let ((?x399 (* (- 54) r)))
 (let ((?x2019 (* (- 9) s)))
 (let ((?x2671 (* r00 r00 s00)))
 (let ((?x419 (* (- 36) ?x2671)))
 (let ((?x137 (* 9 s00)))
 (let ((?x672 (* s00 s00)))
 (let ((?x3490 (* 51 ?x672)))
 (let ((?x2767 (* r00 r00 ?x3074)))
 (let ((?x1792 (* 36 ?x2767)))
 (let ((?x1289 (* s00 s00 s00)))
 (let ((?x2730 (* 16 ?x1289)))
 (let ((?x896 (* s00 x00)))
 (let ((?x2259 (* (- 108) ?x896)))
 (let ((?x2584 (* 216 (* r00 r00 r00 s00))))
 (let ((?x2530 (* r00 s00 s00)))
 (let ((?x1159 (* (- 108) ?x2530)))
 (let ((?x1003 (* r00 r00 r00 x00)))
 (let ((?x1868 (* (- 432) ?x1003)))
 (let ((?x1246 (* (- 36) (* r00 r00 s00 s00))))
 (let ((?x2867 (* (- 54) ?x2907)))
 (let ((?x603 (* r00 x00)))
 (let ((?x1995 (* 108 ?x603)))
 (let ((?x2400 (* 216 (* r00 s00 x00))))
 (let ((?x970 (+ ?x2400 ?x1995 ?x2867 (* 15 (* ?x3074 ?x3074)) (* (- 216) (* r00 r00 r00 ?x3074)) ?x1246 (* (- 4) (* ?x3074 ?x3074 ?x3074)) (* 108 (* (+ x (* (- 1) s)) (+ x (* (- 1) s)))) ?x1868 (* (- 12) (* s00 ?x3074 ?x3074)) (* 108 (* s00 (+ x (* (- 1) s)))) ?x1159 ?x2584 (* 108 (* x00 ?x3074)) (* 432 (* r00 r00 r00 (+ x (* (- 1) s)))) (* (- 66) (* s00 ?x3074)) (* 108 (* r00 s00 ?x3074)) ?x2259 (* (- 216) (* r00 s00 (+ x (* (- 1) s)))) (* 36 (* r00 r00 ?x3074 ?x3074)) ?x2730 (* (- 108) (* (+ x (* (- 1) s)) ?x3074)) ?x1792 ?x3490 (* (- 108) (* r00 (+ x (* (- 1) s)))) ?x137 ?x419 ?x2019 ?x399 (* 54 (* r00 ?x3074)) (* (- 216) (* x00 (+ x (* (- 1) s)))) ?x2742)))
 (let (($x2462 (not (= ?x970 27))))
 (let ((?x2087 (* 36 ?x2671)))
 (let ((?x1078 (* (- 9) s00)))
 (let ((?x1007 (* (- 15) ?x672)))
 (let ((?x968 (* r00 r00 x00)))
 (let ((?x981 (* (- 36) ?x968)))
 (let ((?x897 (* 6 ?x896)))
 (let ((?x2120 (* (- 2) ?x2530)))
 (let ((?x941 (* 24 ?x2907)))
 (let ((?x640 (* (- 54) ?x603)))
 (let ((?x1064 (+ (* (- 24) ?x3165) ?x640 (* 36 (* r00 ?x1521 (+ x (* (- 1) s)))) ?x941 (* 3 (* ?x3074 ?x3074)) (* 54 (* ?x1521 (+ x (* (- 1) s)))) (* (- 6) (* s00 (+ x (* (- 1) s)))) (* 4 (* r00 ?x3074 ?x3074)) ?x2120 (* (- 6) (* x00 ?x3074)) (* 12 (* s00 ?x3074)) (* (- 2) (* r00 s00 ?x3074)) ?x897 (* 2 (* ?x1521 ?x3074 ?x3074)) (* 6 (* (+ x (* (- 1) s)) ?x3074)) (* (- 4) (* s00 s00 ?x1521)) (* (- 36) ?x2767) ?x981 ?x1007 (* 2 (* s00 ?x1521 ?x3074)) (* (- 36) (* r00 x00 ?x1521)) (* 54 (* r00 (+ x (* (- 1) s)))) ?x1078 ?x2087 (* (- 54) (* x00 ?x1521)) ?x143 (* 54 r) (* 24 ?x2722) (* (- 24) (* r00 ?x3074)) (* 36 (* r00 r00 (+ x (* (- 1) s)))))))
 (let ((?x47 (* 3 s)))
 (let ((?x2674 (* 6 ?x2671)))
 (let ((?x685 (* (- 4) ?x672)))
 (let ((?x1953 (* 9 ?x2907)))
 (let ((?x617 (* (- 18) ?x603)))
 (let ((?x939 (+ (* (- 9) ?x3165) ?x617 ?x1953 (* 2 (* ?x3074 ?x3074)) (* 18 (* ?x1521 (+ x (* (- 1) s)))) (* 6 (* r00 ?x1521 ?x3074)) (* (- 6) ?x2767) ?x685 (* 18 (* r00 (+ x (* (- 1) s)))) ?x459 ?x2674 (* (- 18) (* x00 ?x1521)) ?x47 (* 18 r) (* 9 ?x2722) (* 2 (* s00 ?x3074)) (* (- 9) (* r00 ?x3074)) (* (- 6) (* r00 s00 ?x1521)))))
 (let (($x3772 (= (+ ?x2695 ?x2403 ?x2352 ?x459 ?x143 ?x48 ?x3479 ?x2754 ?x529 ?x59 ?x564) (- 6))))
 (let ((?x380 (* r00 r00)))
 (let ((?x1929 (* (- 3) ?x380)))
 (let ((?x359 (* (- 1) s)))
 (let (($x1863 (= (+ s00 ?x359 (* (- 6) r) (* 3 (* ?x1521 ?x1521)) ?x1929) 3)))
 (let (($x1152 (not $x1863)))
 (let (($x3766 (or $x1152 (not $x3772) (not (= ?x939 (- 9))) (not (= ?x1064 (- 27))) $x2462 $x2753)))
 (let ((?x1985 (* r00 r00 s)))
 (let ((?x1290 (* 36 ?x1985)))
 (let ((?x716 (+ ?x2400 ?x1995 ?x2867 (* 15 (* s s)) (* (- 216) (* r00 r00 r00 s)) ?x1246 (* (- 4) (* s s s)) (* 108 (* x x)) ?x1868 (* (- 12) (* s00 s s)) (* 108 (* s00 x)) ?x1159 ?x2584 (* 108 (* x00 s)) (* 432 (* r00 r00 r00 x)) (* (- 66) (* s00 s)) (* 108 (* r00 s00 s)) ?x2259 (* (- 216) (* r00 s00 x)) (* 36 (* r00 r00 s s)) ?x2730 (* (- 108) (* x s)) ?x1290 ?x3490 (* (- 108) (* r00 x)) ?x137 ?x419 ?x2019 (* 54 (* r00 s)) (* (- 216) (* x00 x)) ?x2742)))
 (let (($x839 (= ?x716 0)))
 (let ((?x2735 (* (- 36) ?x1985)))
 (let ((?x626 (* s s)))
 (let ((?x658 (* 3 ?x626)))
 (let ((?x2590 (+ (* (- 24) (* s r)) ?x640 (* 36 (* r00 x r)) ?x941 ?x658 (* 54 (* x r)) (* (- 6) (* s00 x)) (* 4 (* r00 s s)) ?x2120 (* (- 6) (* x00 s)) (* 12 (* s00 s)) (* (- 2) (* r00 s00 s)) ?x897 (* 2 (* s s r)) (* 6 (* x s)) (* (- 4) (* s00 s00 r)) ?x2735 ?x981 ?x1007 (* 2 (* s00 s r)) (* (- 36) (* r00 x00 r)) (* 54 (* r00 x)) ?x1078 ?x2087 (* (- 54) (* x00 r)) ?x143 (* 24 (* s00 r)) (* (- 24) (* r00 s)) (* 36 (* r00 r00 x)))))
 (let ((?x627 (* 2 ?x626)))
 (let ((?x2101 (+ (* (- 9) (* s r)) ?x617 ?x1953 ?x627 (* 18 (* x r)) (* 6 (* r00 s r)) (* (- 6) ?x1985) ?x685 (* 18 (* r00 x)) ?x459 ?x2674 (* (- 18) (* x00 r)) ?x47 (* 9 (* s00 r)) (* 2 (* s00 s)) (* (- 9) (* r00 s)) (* (- 6) (* r00 s00 r)))))
 (let ((?x1928 (* (- 3) r)))
 (let ((?x2986 (+ (* (- 2) (* s r)) (* 12 (* r00 r00 r)) ?x1928 ?x459 ?x47 ?x48 (* (- 4) (* s00 r)) ?x2754 ?x529 ?x59 ?x564)))
 (let (($x3240 (= (+ s00 ?x359 (* 3 (* r r)) ?x1929) 0)))
 (and $x3240 (= ?x2986 0) (= ?x2101 0) (= ?x2590 0) $x839 $x3766))))))))))))))))))))))))))))))))))))))))))))))))))))))))))))))))))))))))))))))))))))) :qid k!40))
 ))
 (let ((?x2786 (lambda ((r Int) (s Int) (x Int) )(let ((?x550 (* r00 r00 r00)))
 (let ((?x564 (* (- 12) ?x550)))
 (let ((?x59 (* 6 x00)))
 (let ((?x529 (* (- 6) x)))
 (let ((?x2907 (* r00 s00)))
 (let ((?x2754 (* 6 ?x2907)))
 (let ((?x1521 (+ 1 r)))
 (let ((?x2722 (* s00 ?x1521)))
 (let ((?x3479 (* (- 4) ?x2722)))
 (let ((?x48 (* 3 r00)))
 (let ((?x143 (* 9 s)))
 (let ((?x459 (* (- 3) s00)))
 (let ((?x2352 (* 15 r)))
 (let ((?x2181 (* r00 r00 ?x1521)))
 (let ((?x2403 (* 12 ?x2181)))
 (let ((?x211 (* 6 r)))
 (let ((?x3074 (+ 3 s ?x211)))
 (let ((?x3165 (* ?x1521 ?x3074)))
 (let ((?x2695 (* (- 2) ?x3165)))
 (let ((?x1866 (* ?x1521 ?x1521 ?x3074 (+ 6 ?x2695 ?x2403 ?x2352 ?x459 ?x143 ?x48 ?x3479 ?x2754 ?x529 ?x59 ?x564))))
 (let (($x2753 (not (= ?x1866 0))))
 (let ((?x1451 (* x00 x00)))
 (let ((?x2742 (* 108 ?x1451)))
 (let ((?x399 (* (- 54) r)))
 (let ((?x2019 (* (- 9) s)))
 (let ((?x2671 (* r00 r00 s00)))
 (let ((?x419 (* (- 36) ?x2671)))
 (let ((?x137 (* 9 s00)))
 (let ((?x672 (* s00 s00)))
 (let ((?x3490 (* 51 ?x672)))
 (let ((?x2767 (* r00 r00 ?x3074)))
 (let ((?x1792 (* 36 ?x2767)))
 (let ((?x1289 (* s00 s00 s00)))
 (let ((?x2730 (* 16 ?x1289)))
 (let ((?x896 (* s00 x00)))
 (let ((?x2259 (* (- 108) ?x896)))
 (let ((?x2584 (* 216 (* r00 r00 r00 s00))))
 (let ((?x2530 (* r00 s00 s00)))
 (let ((?x1159 (* (- 108) ?x2530)))
 (let ((?x1003 (* r00 r00 r00 x00)))
 (let ((?x1868 (* (- 432) ?x1003)))
 (let ((?x1246 (* (- 36) (* r00 r00 s00 s00))))
 (let ((?x2867 (* (- 54) ?x2907)))
 (let ((?x603 (* r00 x00)))
 (let ((?x1995 (* 108 ?x603)))
 (let ((?x2400 (* 216 (* r00 s00 x00))))
 (let ((?x970 (+ ?x2400 ?x1995 ?x2867 (* 15 (* ?x3074 ?x3074)) (* (- 216) (* r00 r00 r00 ?x3074)) ?x1246 (* (- 4) (* ?x3074 ?x3074 ?x3074)) (* 108 (* (+ x (* (- 1) s)) (+ x (* (- 1) s)))) ?x1868 (* (- 12) (* s00 ?x3074 ?x3074)) (* 108 (* s00 (+ x (* (- 1) s)))) ?x1159 ?x2584 (* 108 (* x00 ?x3074)) (* 432 (* r00 r00 r00 (+ x (* (- 1) s)))) (* (- 66) (* s00 ?x3074)) (* 108 (* r00 s00 ?x3074)) ?x2259 (* (- 216) (* r00 s00 (+ x (* (- 1) s)))) (* 36 (* r00 r00 ?x3074 ?x3074)) ?x2730 (* (- 108) (* (+ x (* (- 1) s)) ?x3074)) ?x1792 ?x3490 (* (- 108) (* r00 (+ x (* (- 1) s)))) ?x137 ?x419 ?x2019 ?x399 (* 54 (* r00 ?x3074)) (* (- 216) (* x00 (+ x (* (- 1) s)))) ?x2742)))
 (let (($x2462 (not (= ?x970 27))))
 (let ((?x2665 (* 15 ?x672)))
 (let ((?x968 (* r00 r00 x00)))
 (let ((?x969 (* 36 ?x968)))
 (let ((?x3106 (* (- 6) ?x896)))
 (let ((?x2393 (* 2 ?x2530)))
 (let ((?x2375 (* (- 24) ?x2907)))
 (let ((?x2702 (* 54 ?x603)))
 (let ((?x2572 (+ (* 24 ?x3165) ?x2702 (* (- 36) (* r00 ?x1521 (+ x (* (- 1) s)))) ?x2375 (* (- 3) (* ?x3074 ?x3074)) (* (- 54) (* ?x1521 (+ x (* (- 1) s)))) (* 6 (* s00 (+ x (* (- 1) s)))) (* (- 4) (* r00 ?x3074 ?x3074)) ?x2393 (* 6 (* x00 ?x3074)) (* (- 12) (* s00 ?x3074)) (* 2 (* r00 s00 ?x3074)) ?x3106 (* (- 2) (* ?x1521 ?x3074 ?x3074)) (* (- 6) (* (+ x (* (- 1) s)) ?x3074)) (* 4 (* s00 s00 ?x1521)) ?x1792 ?x969 ?x2665 (* (- 2) (* s00 ?x1521 ?x3074)) (* 36 (* r00 x00 ?x1521)) (* (- 54) (* r00 (+ x (* (- 1) s)))) ?x137 ?x419 (* 54 (* x00 ?x1521)) ?x2019 ?x399 (* (- 24) ?x2722) (* 24 (* r00 ?x3074)) (* (- 36) (* r00 r00 (+ x (* (- 1) s)))))))
 (let ((?x580 (* (- 3) s)))
 (let ((?x2564 (* (- 6) ?x2671)))
 (let ((?x44 (* 3 s00)))
 (let ((?x673 (* 4 ?x672)))
 (let ((?x661 (* (- 9) ?x2907)))
 (let ((?x604 (* 18 ?x603)))
 (let ((?x2253 (+ (* 9 ?x3165) ?x604 ?x661 (* (- 2) (* ?x3074 ?x3074)) (* (- 18) (* ?x1521 (+ x (* (- 1) s)))) (* (- 6) (* r00 ?x1521 ?x3074)) (* 6 ?x2767) ?x673 (* (- 18) (* r00 (+ x (* (- 1) s)))) ?x44 ?x2564 (* 18 (* x00 ?x1521)) ?x580 (* (- 18) r) (* (- 9) ?x2722) (* (- 2) (* s00 ?x3074)) (* 9 (* r00 ?x3074)) (* 6 (* r00 s00 ?x1521)))))
 (let ((?x551 (* 12 ?x550)))
 (let ((?x582 (* (- 6) x00)))
 (let ((?x56 (* 6 x)))
 (let ((?x2843 (* (- 6) ?x2907)))
 (let ((?x581 (* (- 3) r00)))
 (let ((?x2055 (+ (* 2 ?x3165) (* (- 12) ?x2181) (* (- 15) r) ?x44 ?x2019 ?x581 (* 4 ?x2722) ?x2843 ?x56 ?x582 ?x551)))
 (let ((?x380 (* r00 r00)))
 (let ((?x1929 (* (- 3) ?x380)))
 (let ((?x359 (* (- 1) s)))
 (let (($x1863 (= (+ s00 ?x359 (* (- 6) r) (* 3 (* ?x1521 ?x1521)) ?x1929) 3)))
 (let (($x1152 (not $x1863)))
 (let (($x3503 (or $x1152 (not (= ?x2055 6)) (not (= ?x2253 9)) (not (= ?x2572 27)) $x2462 $x2753)))
 (let ((?x1985 (* r00 r00 s)))
 (let ((?x1290 (* 36 ?x1985)))
 (let ((?x716 (+ ?x2400 ?x1995 ?x2867 (* 15 (* s s)) (* (- 216) (* r00 r00 r00 s)) ?x1246 (* (- 4) (* s s s)) (* 108 (* x x)) ?x1868 (* (- 12) (* s00 s s)) (* 108 (* s00 x)) ?x1159 ?x2584 (* 108 (* x00 s)) (* 432 (* r00 r00 r00 x)) (* (- 66) (* s00 s)) (* 108 (* r00 s00 s)) ?x2259 (* (- 216) (* r00 s00 x)) (* 36 (* r00 r00 s s)) ?x2730 (* (- 108) (* x s)) ?x1290 ?x3490 (* (- 108) (* r00 x)) ?x137 ?x419 ?x2019 (* 54 (* r00 s)) (* (- 216) (* x00 x)) ?x2742)))
 (let (($x839 (= ?x716 0)))
 (let ((?x3067 (* r00 r00 x)))
 (let ((?x3149 (* (- 36) ?x3067)))
 (let ((?x2394 (* r00 s s)))
 (let ((?x3134 (* (- 4) ?x2394)))
 (let ((?x664 (+ (* 24 (* s r)) ?x2702 (* (- 36) (* r00 x r)) ?x2375 (* (- 3) (* s s)) (* (- 54) (* x r)) (* 6 (* s00 x)) ?x3134 ?x2393 (* 6 (* x00 s)) (* (- 12) (* s00 s)) (* 2 (* r00 s00 s)) ?x3106 (* (- 2) (* s s r)) (* (- 6) (* x s)) (* 4 (* s00 s00 r)) ?x1290 ?x969 ?x2665 (* (- 2) (* s00 s r)) (* 36 (* r00 x00 r)) (* (- 54) (* r00 x)) ?x137 ?x419 (* 54 (* x00 r)) ?x2019 (* (- 24) (* s00 r)) (* 24 (* r00 s)) ?x3149)))
 (let ((?x2056 (* r00 x)))
 (let ((?x2341 (* (- 18) ?x2056)))
 (let ((?x626 (* s s)))
 (let ((?x2322 (* (- 2) ?x626)))
 (let ((?x2282 (+ (* 9 (* s r)) ?x604 ?x661 ?x2322 (* (- 18) (* x r)) (* (- 6) (* r00 s r)) (* 6 ?x1985) ?x673 ?x2341 ?x44 ?x2564 (* 18 (* x00 r)) ?x580 (* (- 9) (* s00 r)) (* (- 2) (* s00 s)) (* 9 (* r00 s)) (* 6 (* r00 s00 r)))))
 (let ((?x43 (* 3 r)))
 (let ((?x2113 (+ (* 2 (* s r)) (* (- 12) (* r00 r00 r)) ?x43 ?x44 ?x580 ?x581 (* 4 (* s00 r)) ?x2843 ?x56 ?x582 ?x551)))
 (let (($x3240 (= (+ s00 ?x359 (* 3 (* r r)) ?x1929) 0)))
 (let (($x2981 (and $x3240 (= ?x2113 0) (= ?x2282 0) (= ?x664 0) $x839 $x3503)))
 (let ((?x2087 (* 36 ?x2671)))
 (let ((?x1078 (* (- 9) s00)))
 (let ((?x1007 (* (- 15) ?x672)))
 (let ((?x981 (* (- 36) ?x968)))
 (let ((?x897 (* 6 ?x896)))
 (let ((?x2120 (* (- 2) ?x2530)))
 (let ((?x941 (* 24 ?x2907)))
 (let ((?x640 (* (- 54) ?x603)))
 (let ((?x1064 (+ (* (- 24) ?x3165) ?x640 (* 36 (* r00 ?x1521 (+ x ?x359))) ?x941 (* 3 (* ?x3074 ?x3074)) (* 54 (* ?x1521 (+ x ?x359))) (* (- 6) (* s00 (+ x ?x359))) (* 4 (* r00 ?x3074 ?x3074)) ?x2120 (* (- 6) (* x00 ?x3074)) (* 12 (* s00 ?x3074)) (* (- 2) (* r00 s00 ?x3074)) ?x897 (* 2 (* ?x1521 ?x3074 ?x3074)) (* 6 (* (+ x ?x359) ?x3074)) (* (- 4) (* s00 s00 ?x1521)) (* (- 36) ?x2767) ?x981 ?x1007 (* 2 (* s00 ?x1521 ?x3074)) (* (- 36) (* r00 x00 ?x1521)) (* 54 (* r00 (+ x ?x359))) ?x1078 ?x2087 (* (- 54) (* x00 ?x1521)) ?x143 (* 54 r) (* 24 ?x2722) (* (- 24) (* r00 ?x3074)) (* 36 (* r00 r00 (+ x ?x359))))))
 (let ((?x47 (* 3 s)))
 (let ((?x2674 (* 6 ?x2671)))
 (let ((?x685 (* (- 4) ?x672)))
 (let ((?x1953 (* 9 ?x2907)))
 (let ((?x617 (* (- 18) ?x603)))
 (let ((?x939 (+ (* (- 9) ?x3165) ?x617 ?x1953 (* 2 (* ?x3074 ?x3074)) (* 18 (* ?x1521 (+ x ?x359))) (* 6 (* r00 ?x1521 ?x3074)) (* (- 6) ?x2767) ?x685 (* 18 (* r00 (+ x ?x359))) ?x459 ?x2674 (* (- 18) (* x00 ?x1521)) ?x47 (* 18 r) (* 9 ?x2722) (* 2 (* s00 ?x3074)) (* (- 9) (* r00 ?x3074)) (* (- 6) (* r00 s00 ?x1521)))))
 (let (($x3772 (= (+ ?x2695 ?x2403 ?x2352 ?x459 ?x143 ?x48 ?x3479 ?x2754 ?x529 ?x59 ?x564) (- 6))))
 (let (($x3766 (or $x1152 (not $x3772) (not (= ?x939 (- 9))) (not (= ?x1064 (- 27))) $x2462 $x2753)))
 (let ((?x2735 (* (- 36) ?x1985)))
 (let ((?x658 (* 3 ?x626)))
 (let ((?x2590 (+ (* (- 24) (* s r)) ?x640 (* 36 (* r00 x r)) ?x941 ?x658 (* 54 (* x r)) (* (- 6) (* s00 x)) (* 4 ?x2394) ?x2120 (* (- 6) (* x00 s)) (* 12 (* s00 s)) (* (- 2) (* r00 s00 s)) ?x897 (* 2 (* s s r)) (* 6 (* x s)) (* (- 4) (* s00 s00 r)) ?x2735 ?x981 ?x1007 (* 2 (* s00 s r)) (* (- 36) (* r00 x00 r)) (* 54 ?x2056) ?x1078 ?x2087 (* (- 54) (* x00 r)) ?x143 (* 24 (* s00 r)) (* (- 24) (* r00 s)) (* 36 ?x3067))))
 (let ((?x627 (* 2 ?x626)))
 (let ((?x2101 (+ (* (- 9) (* s r)) ?x617 ?x1953 ?x627 (* 18 (* x r)) (* 6 (* r00 s r)) (* (- 6) ?x1985) ?x685 (* 18 ?x2056) ?x459 ?x2674 (* (- 18) (* x00 r)) ?x47 (* 9 (* s00 r)) (* 2 (* s00 s)) (* (- 9) (* r00 s)) (* (- 6) (* r00 s00 r)))))
 (let ((?x1928 (* (- 3) r)))
 (let ((?x2986 (+ (* (- 2) (* s r)) (* 12 (* r00 r00 r)) ?x1928 ?x459 ?x47 ?x48 (* (- 4) (* s00 r)) ?x2754 ?x529 ?x59 ?x564)))
 (let (($x2642 (and $x3240 (= ?x2986 0) (= ?x2101 0) (= ?x2590 0) $x839 $x3766)))
 (rewrite (= $x2642 $x2981)))))))))))))))))))))))))))))))))))))))))))))))))))))))))))))))))))))))))))))))))))))))))))))))))))))))))))))))))))))))))
 ))
 (let (($x356 (exists ((r Int) (s Int) (x Int) )(! (let ((?x211 (* 6 r)))
 (let ((?x212 (+ s ?x211 3)))
 (let ((?x215 (+ r 1)))
 (let ((?x61 (* 12 r00 r00 r00)))
 (let ((?x59 (* 6 x00)))
 (let ((?x54 (* 6 r00 s00)))
 (let ((?x48 (* 3 r00)))
 (let ((?x227 (* 3 ?x212)))
 (let ((?x44 (* 3 s00)))
 (let ((?x225 (- (+ (* (- 2) ?x215 ?x212) (* 12 ?x215 r00 r00)) (* 3 ?x215))))
 (let ((?x234 (- (+ (- (+ (- ?x225 ?x44) ?x227 ?x48) (* 4 ?x215 s00)) ?x54) (* 6 (- x s)))))
 (let ((?x236 (- (+ ?x234 ?x59) ?x61)))
 (let ((?x208 (* 108 x00 x00)))
 (let ((?x299 (* 9 ?x212)))
 (let ((?x139 (* 36 r00 r00 s00)))
 (let ((?x137 (* 9 s00)))
 (let ((?x197 (* 51 s00 s00)))
 (let ((?x284 (* 36 r00 r00 ?x212)))
 (let ((?x192 (* 16 s00 s00 s00)))
 (let ((?x186 (* 108 s00 x00)))
 (let ((?x177 (* 216 r00 r00 r00 s00)))
 (let ((?x175 (* 108 r00 s00 s00)))
 (let ((?x169 (* 432 r00 r00 r00 x00)))
 (let ((?x161 (* 36 r00 r00 s00 s00)))
 (let ((?x157 (- (+ (* 216 r00 s00 x00) (* 108 r00 x00)) (* 54 r00 s00))))
 (let ((?x313 (- (- (+ ?x157 (* 15 ?x212 ?x212)) (* 216 r00 r00 r00 ?x212)) ?x161)))
 (let ((?x316 (+ (- ?x313 (* 4 ?x212 ?x212 ?x212)) (* 108 (- x s) (- x s)))))
 (let ((?x321 (+ (- (- ?x316 ?x169) (* 12 ?x212 ?x212 s00)) (* 108 s00 (- x s)))))
 (let ((?x325 (+ (- ?x321 ?x175) ?x177 (* 108 ?x212 x00) (* 432 r00 r00 r00 (- x s)))))
 (let ((?x331 (- (+ (- ?x325 (* 66 ?x212 s00)) (* 108 r00 ?x212 s00)) ?x186)))
 (let ((?x334 (+ (- ?x331 (* 216 r00 s00 (- x s))) (* 36 r00 r00 ?x212 ?x212) ?x192)))
 (let ((?x339 (- (+ (- ?x334 (* 108 ?x212 (- x s))) ?x284 ?x197) (* 108 r00 (- x s)))))
 (let ((?x346 (- (+ (- (- (+ ?x339 ?x137) ?x139) ?x299) (* 54 r00 ?x212)) (* 216 (- x s) x00))))
 (let ((?x126 (* 15 s00 s00)))
 (let ((?x124 (* 36 r00 r00 x00)))
 (let ((?x118 (* 6 s00 x00)))
 (let ((?x110 (* 2 r00 s00 s00)))
 (let ((?x102 (* 24 r00 s00)))
 (let ((?x268 (+ (- (* (- 24) ?x215 ?x212) (* 54 r00 x00)) (* 36 ?x215 r00 (- x s)) ?x102 (* 3 ?x212 ?x212) (* 54 ?x215 (- x s)))))
 (let ((?x272 (+ (- ?x268 (* 6 s00 (- x s))) (* 4 r00 ?x212 ?x212))))
 (let ((?x279 (- (+ (- (- ?x272 ?x110) (* 6 ?x212 x00)) (* 12 ?x212 s00)) (* 2 r00 ?x212 s00))))
 (let ((?x282 (+ ?x279 ?x118 (* 2 ?x215 ?x212 ?x212) (* 6 ?x212 (- x s)))))
 (let ((?x290 (+ (- (- (- (- ?x282 (* 4 ?x215 s00 s00)) ?x284) ?x124) ?x126) (* 2 ?x215 ?x212 s00))))
 (let ((?x294 (+ (- ?x290 (* 36 ?x215 r00 x00)) (* 54 r00 (- x s)))))
 (let ((?x301 (+ (- (+ (- ?x294 ?x137) ?x139) (* 54 ?x215 x00)) ?x299 (* 24 ?x215 s00))))
 (let ((?x305 (+ (- ?x301 (* 24 r00 ?x212)) (* 36 r00 r00 (- x s)))))
 (let ((?x82 (* 6 r00 r00 s00)))
 (let ((?x76 (* 4 s00 s00)))
 (let ((?x70 (* 9 r00 s00)))
 (let ((?x244 (+ (- (* (- 9) ?x215 ?x212) (* 18 r00 x00)) ?x70 (* 2 ?x212 ?x212) (* 18 ?x215 (- x s)) (* 6 ?x215 r00 ?x212))))
 (let ((?x249 (+ (- (- ?x244 (* 6 r00 r00 ?x212)) ?x76) (* 18 r00 (- x s)))))
 (let ((?x256 (+ (- (+ (- ?x249 ?x44) ?x82) (* 18 ?x215 x00)) ?x227 (* 9 ?x215 s00) (* 2 ?x212 s00))))
 (let (($x261 (= (- (- ?x256 (* 9 r00 ?x212)) (* 6 ?x215 r00 s00)) 0)))
 (let (($x219 (= (- (+ (- s00 ?x212) (* 3 ?x215 ?x215)) (* 3 r00 r00)) 0)))
 (let (($x354 (or (not $x219) (not (= ?x236 0)) (not $x261) (not (= ?x305 0)) (not (= (+ ?x346 ?x208) 0)) (not (= (* ?x236 (- 1) ?x215 ?x215 ?x212) 0)))))
 (let ((?x143 (* 9 s)))
 (let ((?x123 (* 36 r00 r00 s)))
 (let ((?x164 (- (- (+ ?x157 (* 15 s s)) (* 216 r00 r00 r00 s)) ?x161)))
 (let ((?x172 (- (- (+ (- ?x164 (* 4 s s s)) (* 108 x x)) ?x169) (* 12 s s s00))))
 (let ((?x180 (+ (- (+ ?x172 (* 108 s00 x)) ?x175) ?x177 (* 108 s x00) (* 432 r00 r00 r00 x))))
 (let ((?x188 (- (+ (- ?x180 (* 66 s s00)) (* 108 r00 s s00)) ?x186)))
 (let ((?x193 (+ (- ?x188 (* 216 r00 s00 x)) (* 36 r00 r00 s s) ?x192)))
 (let ((?x200 (- (+ (- ?x193 (* 108 s x)) ?x123 ?x197) (* 108 r00 x))))
 (let ((?x207 (- (+ (- (- (+ ?x200 ?x137) ?x139) ?x143) (* 54 r00 s)) (* 216 x x00))))
 (let ((?x105 (+ (- (* (- 24) r s) (* 54 r00 x00)) (* 36 r r00 x) ?x102 (* 3 s s) (* 54 r x))))
 (let ((?x112 (- (+ (- ?x105 (* 6 s00 x)) (* 4 r00 s s)) ?x110)))
 (let ((?x117 (- (+ (- ?x112 (* 6 s x00)) (* 12 s s00)) (* 2 r00 s s00))))
 (let ((?x127 (- (+ ?x117 ?x118 (* 2 r s s) (* 6 s x)) (* 4 r s00 s00))))
 (let ((?x134 (- (+ (- (- (- ?x127 ?x123) ?x124) ?x126) (* 2 r s s00)) (* 36 r r00 x00))))
 (let ((?x142 (- (+ (- (+ ?x134 (* 54 r00 x)) ?x137) ?x139) (* 54 r x00))))
 (let ((?x149 (+ (- (+ ?x142 ?x143 (* 24 r s00)) (* 24 r00 s)) (* 36 r00 r00 x))))
 (let ((?x47 (* 3 s)))
 (let ((?x74 (+ (- (* (- 9) r s) (* 18 r00 x00)) ?x70 (* 2 s s) (* 18 r x) (* 6 r r00 s))))
 (let ((?x80 (+ (- (- ?x74 (* 6 r00 r00 s)) ?x76) (* 18 r00 x))))
 (let ((?x88 (+ (- (+ (- ?x80 ?x44) ?x82) (* 18 r x00)) ?x47 (* 9 r s00) (* 2 s s00))))
 (let (($x93 (= (- (- ?x88 (* 9 r00 s)) (* 6 r r00 s00)) 0)))
 (let ((?x56 (* 6 x)))
 (let ((?x43 (* 3 r)))
 (let ((?x46 (- (- (+ (* (- 2) r s) (* 12 r r00 r00)) ?x43) ?x44)))
 (let ((?x60 (+ (- (+ (- (+ ?x46 ?x47 ?x48) (* 4 r s00)) ?x54) ?x56) ?x59)))
 (let (($x36 (= (- (+ (- s00 s) (* 3 r r)) (* 3 r00 r00)) 0)))
 (and $x36 (= (- ?x60 ?x61) 0) $x93 (= ?x149 0) (= (+ ?x207 ?x208) 0) $x354)))))))))))))))))))))))))))))))))))))))))))))))))))))))))))))))))))))))))))))))))) :qid k!40))
 ))
 (let ((?x3776 (lambda ((r Int) (s Int) (x Int) )(let ((?x550 (* r00 r00 r00)))
 (let ((?x564 (* (- 12) ?x550)))
 (let ((?x59 (* 6 x00)))
 (let ((?x529 (* (- 6) x)))
 (let ((?x2907 (* r00 s00)))
 (let ((?x2754 (* 6 ?x2907)))
 (let ((?x1521 (+ 1 r)))
 (let ((?x2722 (* s00 ?x1521)))
 (let ((?x3479 (* (- 4) ?x2722)))
 (let ((?x48 (* 3 r00)))
 (let ((?x143 (* 9 s)))
 (let ((?x459 (* (- 3) s00)))
 (let ((?x2352 (* 15 r)))
 (let ((?x2181 (* r00 r00 ?x1521)))
 (let ((?x2403 (* 12 ?x2181)))
 (let ((?x211 (* 6 r)))
 (let ((?x3074 (+ 3 s ?x211)))
 (let ((?x3165 (* ?x1521 ?x3074)))
 (let ((?x2695 (* (- 2) ?x3165)))
 (let ((?x1866 (* ?x1521 ?x1521 ?x3074 (+ 6 ?x2695 ?x2403 ?x2352 ?x459 ?x143 ?x48 ?x3479 ?x2754 ?x529 ?x59 ?x564))))
 (let (($x2753 (not (= ?x1866 0))))
 (let ((?x1451 (* x00 x00)))
 (let ((?x2742 (* 108 ?x1451)))
 (let ((?x399 (* (- 54) r)))
 (let ((?x2019 (* (- 9) s)))
 (let ((?x2671 (* r00 r00 s00)))
 (let ((?x419 (* (- 36) ?x2671)))
 (let ((?x137 (* 9 s00)))
 (let ((?x672 (* s00 s00)))
 (let ((?x3490 (* 51 ?x672)))
 (let ((?x2767 (* r00 r00 ?x3074)))
 (let ((?x1792 (* 36 ?x2767)))
 (let ((?x1289 (* s00 s00 s00)))
 (let ((?x2730 (* 16 ?x1289)))
 (let ((?x896 (* s00 x00)))
 (let ((?x2259 (* (- 108) ?x896)))
 (let ((?x2584 (* 216 (* r00 r00 r00 s00))))
 (let ((?x2530 (* r00 s00 s00)))
 (let ((?x1159 (* (- 108) ?x2530)))
 (let ((?x1003 (* r00 r00 r00 x00)))
 (let ((?x1868 (* (- 432) ?x1003)))
 (let ((?x1246 (* (- 36) (* r00 r00 s00 s00))))
 (let ((?x2867 (* (- 54) ?x2907)))
 (let ((?x603 (* r00 x00)))
 (let ((?x1995 (* 108 ?x603)))
 (let ((?x2400 (* 216 (* r00 s00 x00))))
 (let ((?x970 (+ ?x2400 ?x1995 ?x2867 (* 15 (* ?x3074 ?x3074)) (* (- 216) (* r00 r00 r00 ?x3074)) ?x1246 (* (- 4) (* ?x3074 ?x3074 ?x3074)) (* 108 (* (+ x (* (- 1) s)) (+ x (* (- 1) s)))) ?x1868 (* (- 12) (* s00 ?x3074 ?x3074)) (* 108 (* s00 (+ x (* (- 1) s)))) ?x1159 ?x2584 (* 108 (* x00 ?x3074)) (* 432 (* r00 r00 r00 (+ x (* (- 1) s)))) (* (- 66) (* s00 ?x3074)) (* 108 (* r00 s00 ?x3074)) ?x2259 (* (- 216) (* r00 s00 (+ x (* (- 1) s)))) (* 36 (* r00 r00 ?x3074 ?x3074)) ?x2730 (* (- 108) (* (+ x (* (- 1) s)) ?x3074)) ?x1792 ?x3490 (* (- 108) (* r00 (+ x (* (- 1) s)))) ?x137 ?x419 ?x2019 ?x399 (* 54 (* r00 ?x3074)) (* (- 216) (* x00 (+ x (* (- 1) s)))) ?x2742)))
 (let (($x2462 (not (= ?x970 27))))
 (let ((?x2087 (* 36 ?x2671)))
 (let ((?x1078 (* (- 9) s00)))
 (let ((?x1007 (* (- 15) ?x672)))
 (let ((?x968 (* r00 r00 x00)))
 (let ((?x981 (* (- 36) ?x968)))
 (let ((?x897 (* 6 ?x896)))
 (let ((?x2120 (* (- 2) ?x2530)))
 (let ((?x941 (* 24 ?x2907)))
 (let ((?x640 (* (- 54) ?x603)))
 (let ((?x1064 (+ (* (- 24) ?x3165) ?x640 (* 36 (* r00 ?x1521 (+ x (* (- 1) s)))) ?x941 (* 3 (* ?x3074 ?x3074)) (* 54 (* ?x1521 (+ x (* (- 1) s)))) (* (- 6) (* s00 (+ x (* (- 1) s)))) (* 4 (* r00 ?x3074 ?x3074)) ?x2120 (* (- 6) (* x00 ?x3074)) (* 12 (* s00 ?x3074)) (* (- 2) (* r00 s00 ?x3074)) ?x897 (* 2 (* ?x1521 ?x3074 ?x3074)) (* 6 (* (+ x (* (- 1) s)) ?x3074)) (* (- 4) (* s00 s00 ?x1521)) (* (- 36) ?x2767) ?x981 ?x1007 (* 2 (* s00 ?x1521 ?x3074)) (* (- 36) (* r00 x00 ?x1521)) (* 54 (* r00 (+ x (* (- 1) s)))) ?x1078 ?x2087 (* (- 54) (* x00 ?x1521)) ?x143 (* 54 r) (* 24 ?x2722) (* (- 24) (* r00 ?x3074)) (* 36 (* r00 r00 (+ x (* (- 1) s)))))))
 (let ((?x47 (* 3 s)))
 (let ((?x2674 (* 6 ?x2671)))
 (let ((?x685 (* (- 4) ?x672)))
 (let ((?x1953 (* 9 ?x2907)))
 (let ((?x617 (* (- 18) ?x603)))
 (let ((?x939 (+ (* (- 9) ?x3165) ?x617 ?x1953 (* 2 (* ?x3074 ?x3074)) (* 18 (* ?x1521 (+ x (* (- 1) s)))) (* 6 (* r00 ?x1521 ?x3074)) (* (- 6) ?x2767) ?x685 (* 18 (* r00 (+ x (* (- 1) s)))) ?x459 ?x2674 (* (- 18) (* x00 ?x1521)) ?x47 (* 18 r) (* 9 ?x2722) (* 2 (* s00 ?x3074)) (* (- 9) (* r00 ?x3074)) (* (- 6) (* r00 s00 ?x1521)))))
 (let (($x3772 (= (+ ?x2695 ?x2403 ?x2352 ?x459 ?x143 ?x48 ?x3479 ?x2754 ?x529 ?x59 ?x564) (- 6))))
 (let ((?x380 (* r00 r00)))
 (let ((?x1929 (* (- 3) ?x380)))
 (let ((?x359 (* (- 1) s)))
 (let (($x1863 (= (+ s00 ?x359 (* (- 6) r) (* 3 (* ?x1521 ?x1521)) ?x1929) 3)))
 (let (($x1152 (not $x1863)))
 (let (($x3766 (or $x1152 (not $x3772) (not (= ?x939 (- 9))) (not (= ?x1064 (- 27))) $x2462 $x2753)))
 (let ((?x1985 (* r00 r00 s)))
 (let ((?x1290 (* 36 ?x1985)))
 (let ((?x716 (+ ?x2400 ?x1995 ?x2867 (* 15 (* s s)) (* (- 216) (* r00 r00 r00 s)) ?x1246 (* (- 4) (* s s s)) (* 108 (* x x)) ?x1868 (* (- 12) (* s00 s s)) (* 108 (* s00 x)) ?x1159 ?x2584 (* 108 (* x00 s)) (* 432 (* r00 r00 r00 x)) (* (- 66) (* s00 s)) (* 108 (* r00 s00 s)) ?x2259 (* (- 216) (* r00 s00 x)) (* 36 (* r00 r00 s s)) ?x2730 (* (- 108) (* x s)) ?x1290 ?x3490 (* (- 108) (* r00 x)) ?x137 ?x419 ?x2019 (* 54 (* r00 s)) (* (- 216) (* x00 x)) ?x2742)))
 (let (($x839 (= ?x716 0)))
 (let ((?x2735 (* (- 36) ?x1985)))
 (let ((?x626 (* s s)))
 (let ((?x658 (* 3 ?x626)))
 (let ((?x2590 (+ (* (- 24) (* s r)) ?x640 (* 36 (* r00 x r)) ?x941 ?x658 (* 54 (* x r)) (* (- 6) (* s00 x)) (* 4 (* r00 s s)) ?x2120 (* (- 6) (* x00 s)) (* 12 (* s00 s)) (* (- 2) (* r00 s00 s)) ?x897 (* 2 (* s s r)) (* 6 (* x s)) (* (- 4) (* s00 s00 r)) ?x2735 ?x981 ?x1007 (* 2 (* s00 s r)) (* (- 36) (* r00 x00 r)) (* 54 (* r00 x)) ?x1078 ?x2087 (* (- 54) (* x00 r)) ?x143 (* 24 (* s00 r)) (* (- 24) (* r00 s)) (* 36 (* r00 r00 x)))))
 (let ((?x627 (* 2 ?x626)))
 (let ((?x2101 (+ (* (- 9) (* s r)) ?x617 ?x1953 ?x627 (* 18 (* x r)) (* 6 (* r00 s r)) (* (- 6) ?x1985) ?x685 (* 18 (* r00 x)) ?x459 ?x2674 (* (- 18) (* x00 r)) ?x47 (* 9 (* s00 r)) (* 2 (* s00 s)) (* (- 9) (* r00 s)) (* (- 6) (* r00 s00 r)))))
 (let ((?x1928 (* (- 3) r)))
 (let ((?x2986 (+ (* (- 2) (* s r)) (* 12 (* r00 r00 r)) ?x1928 ?x459 ?x47 ?x48 (* (- 4) (* s00 r)) ?x2754 ?x529 ?x59 ?x564)))
 (let (($x3240 (= (+ s00 ?x359 (* 3 (* r r)) ?x1929) 0)))
 (let (($x2642 (and $x3240 (= ?x2986 0) (= ?x2101 0) (= ?x2590 0) $x839 $x3766)))
 (let ((?x212 (+ s ?x211 3)))
 (let ((?x215 (+ r 1)))
 (let ((?x61 (* 12 r00 r00 r00)))
 (let ((?x54 (* 6 r00 s00)))
 (let ((?x227 (* 3 ?x212)))
 (let ((?x44 (* 3 s00)))
 (let ((?x225 (- (+ (* (- 2) ?x215 ?x212) (* 12 ?x215 r00 r00)) (* 3 ?x215))))
 (let ((?x234 (- (+ (- (+ (- ?x225 ?x44) ?x227 ?x48) (* 4 ?x215 s00)) ?x54) (* 6 (- x s)))))
 (let ((?x236 (- (+ ?x234 ?x59) ?x61)))
 (let ((?x208 (* 108 x00 x00)))
 (let ((?x299 (* 9 ?x212)))
 (let ((?x139 (* 36 r00 r00 s00)))
 (let ((?x197 (* 51 s00 s00)))
 (let ((?x284 (* 36 r00 r00 ?x212)))
 (let ((?x192 (* 16 s00 s00 s00)))
 (let ((?x186 (* 108 s00 x00)))
 (let ((?x177 (* 216 r00 r00 r00 s00)))
 (let ((?x175 (* 108 r00 s00 s00)))
 (let ((?x169 (* 432 r00 r00 r00 x00)))
 (let ((?x161 (* 36 r00 r00 s00 s00)))
 (let ((?x157 (- (+ (* 216 r00 s00 x00) (* 108 r00 x00)) (* 54 r00 s00))))
 (let ((?x313 (- (- (+ ?x157 (* 15 ?x212 ?x212)) (* 216 r00 r00 r00 ?x212)) ?x161)))
 (let ((?x316 (+ (- ?x313 (* 4 ?x212 ?x212 ?x212)) (* 108 (- x s) (- x s)))))
 (let ((?x321 (+ (- (- ?x316 ?x169) (* 12 ?x212 ?x212 s00)) (* 108 s00 (- x s)))))
 (let ((?x325 (+ (- ?x321 ?x175) ?x177 (* 108 ?x212 x00) (* 432 r00 r00 r00 (- x s)))))
 (let ((?x331 (- (+ (- ?x325 (* 66 ?x212 s00)) (* 108 r00 ?x212 s00)) ?x186)))
 (let ((?x334 (+ (- ?x331 (* 216 r00 s00 (- x s))) (* 36 r00 r00 ?x212 ?x212) ?x192)))
 (let ((?x339 (- (+ (- ?x334 (* 108 ?x212 (- x s))) ?x284 ?x197) (* 108 r00 (- x s)))))
 (let ((?x346 (- (+ (- (- (+ ?x339 ?x137) ?x139) ?x299) (* 54 r00 ?x212)) (* 216 (- x s) x00))))
 (let ((?x126 (* 15 s00 s00)))
 (let ((?x124 (* 36 r00 r00 x00)))
 (let ((?x118 (* 6 s00 x00)))
 (let ((?x110 (* 2 r00 s00 s00)))
 (let ((?x102 (* 24 r00 s00)))
 (let ((?x268 (+ (- (* (- 24) ?x215 ?x212) (* 54 r00 x00)) (* 36 ?x215 r00 (- x s)) ?x102 (* 3 ?x212 ?x212) (* 54 ?x215 (- x s)))))
 (let ((?x272 (+ (- ?x268 (* 6 s00 (- x s))) (* 4 r00 ?x212 ?x212))))
 (let ((?x279 (- (+ (- (- ?x272 ?x110) (* 6 ?x212 x00)) (* 12 ?x212 s00)) (* 2 r00 ?x212 s00))))
 (let ((?x282 (+ ?x279 ?x118 (* 2 ?x215 ?x212 ?x212) (* 6 ?x212 (- x s)))))
 (let ((?x290 (+ (- (- (- (- ?x282 (* 4 ?x215 s00 s00)) ?x284) ?x124) ?x126) (* 2 ?x215 ?x212 s00))))
 (let ((?x294 (+ (- ?x290 (* 36 ?x215 r00 x00)) (* 54 r00 (- x s)))))
 (let ((?x301 (+ (- (+ (- ?x294 ?x137) ?x139) (* 54 ?x215 x00)) ?x299 (* 24 ?x215 s00))))
 (let ((?x305 (+ (- ?x301 (* 24 r00 ?x212)) (* 36 r00 r00 (- x s)))))
 (let ((?x82 (* 6 r00 r00 s00)))
 (let ((?x76 (* 4 s00 s00)))
 (let ((?x70 (* 9 r00 s00)))
 (let ((?x244 (+ (- (* (- 9) ?x215 ?x212) (* 18 r00 x00)) ?x70 (* 2 ?x212 ?x212) (* 18 ?x215 (- x s)) (* 6 ?x215 r00 ?x212))))
 (let ((?x249 (+ (- (- ?x244 (* 6 r00 r00 ?x212)) ?x76) (* 18 r00 (- x s)))))
 (let ((?x256 (+ (- (+ (- ?x249 ?x44) ?x82) (* 18 ?x215 x00)) ?x227 (* 9 ?x215 s00) (* 2 ?x212 s00))))
 (let (($x261 (= (- (- ?x256 (* 9 r00 ?x212)) (* 6 ?x215 r00 s00)) 0)))
 (let (($x219 (= (- (+ (- s00 ?x212) (* 3 ?x215 ?x215)) (* 3 r00 r00)) 0)))
 (let (($x354 (or (not $x219) (not (= ?x236 0)) (not $x261) (not (= ?x305 0)) (not (= (+ ?x346 ?x208) 0)) (not (= (* ?x236 (- 1) ?x215 ?x215 ?x212) 0)))))
 (let ((?x123 (* 36 r00 r00 s)))
 (let ((?x164 (- (- (+ ?x157 (* 15 s s)) (* 216 r00 r00 r00 s)) ?x161)))
 (let ((?x172 (- (- (+ (- ?x164 (* 4 s s s)) (* 108 x x)) ?x169) (* 12 s s s00))))
 (let ((?x180 (+ (- (+ ?x172 (* 108 s00 x)) ?x175) ?x177 (* 108 s x00) (* 432 r00 r00 r00 x))))
 (let ((?x188 (- (+ (- ?x180 (* 66 s s00)) (* 108 r00 s s00)) ?x186)))
 (let ((?x193 (+ (- ?x188 (* 216 r00 s00 x)) (* 36 r00 r00 s s) ?x192)))
 (let ((?x200 (- (+ (- ?x193 (* 108 s x)) ?x123 ?x197) (* 108 r00 x))))
 (let ((?x207 (- (+ (- (- (+ ?x200 ?x137) ?x139) ?x143) (* 54 r00 s)) (* 216 x x00))))
 (let ((?x105 (+ (- (* (- 24) r s) (* 54 r00 x00)) (* 36 r r00 x) ?x102 (* 3 s s) (* 54 r x))))
 (let ((?x112 (- (+ (- ?x105 (* 6 s00 x)) (* 4 r00 s s)) ?x110)))
 (let ((?x117 (- (+ (- ?x112 (* 6 s x00)) (* 12 s s00)) (* 2 r00 s s00))))
 (let ((?x127 (- (+ ?x117 ?x118 (* 2 r s s) (* 6 s x)) (* 4 r s00 s00))))
 (let ((?x134 (- (+ (- (- (- ?x127 ?x123) ?x124) ?x126) (* 2 r s s00)) (* 36 r r00 x00))))
 (let ((?x142 (- (+ (- (+ ?x134 (* 54 r00 x)) ?x137) ?x139) (* 54 r x00))))
 (let ((?x149 (+ (- (+ ?x142 ?x143 (* 24 r s00)) (* 24 r00 s)) (* 36 r00 r00 x))))
 (let ((?x74 (+ (- (* (- 9) r s) (* 18 r00 x00)) ?x70 (* 2 s s) (* 18 r x) (* 6 r r00 s))))
 (let ((?x80 (+ (- (- ?x74 (* 6 r00 r00 s)) ?x76) (* 18 r00 x))))
 (let ((?x88 (+ (- (+ (- ?x80 ?x44) ?x82) (* 18 r x00)) ?x47 (* 9 r s00) (* 2 s s00))))
 (let (($x93 (= (- (- ?x88 (* 9 r00 s)) (* 6 r r00 s00)) 0)))
 (let ((?x56 (* 6 x)))
 (let ((?x43 (* 3 r)))
 (let ((?x46 (- (- (+ (* (- 2) r s) (* 12 r r00 r00)) ?x43) ?x44)))
 (let ((?x60 (+ (- (+ (- (+ ?x46 ?x47 ?x48) (* 4 r s00)) ?x54) ?x56) ?x59)))
 (let (($x36 (= (- (+ (- s00 s) (* 3 r r)) (* 3 r00 r00)) 0)))
 (let (($x355 (and $x36 (= (- ?x60 ?x61) 0) $x93 (= ?x149 0) (= (+ ?x207 ?x208) 0) $x354)))
 (rewrite (= $x355 $x2642))))))))))))))))))))))))))))))))))))))))))))))))))))))))))))))))))))))))))))))))))))))))))))))))))))))))))))))))))))))))))))))))))))))))))))))))))))))))))))))))))))
 ))
 (let ((@x357 (asserted $x356)))
 (let ((@x1778 (mp (mp @x357 (quant-intro (proof-bind ?x3776) (= $x356 $x3769)) $x3769) (rewrite (= $x3769 $x3769)) $x3769)))
 (let ((@x3069 (mp (mp @x1778 (quant-intro (proof-bind ?x2786) (= $x3769 $x1148)) $x1148) (quant-intro (proof-bind ?x3283) (= $x1148 $x725)) $x725)))
 (let ((@x3019 (mp (mp~ @x3069 (sk (~ $x725 $x2529)) $x2529) (rewrite (= $x2529 $x1628)) $x1628)))
 (let ((@x2268 (and-elim @x3019 $x1797)))
 (let ((@x2629 (unit-resolution ((_ th-lemma arith triangle-eq) (or (not $x1797) $x2580)) @x2268 $x2580)))
 (let (($x956 (>= ?x387 0)))
 (let ((@x3554 (unit-resolution ((_ th-lemma arith triangle-eq) (or (not $x1797) $x956)) @x2268 $x956)))
 (let (($x2612 (<= ?x1092 0)))
 (let ((@x3042 (and-elim @x3019 $x1553)))
 (let ((@x1510 (unit-resolution ((_ th-lemma arith triangle-eq) (or $x1821 $x2612)) @x3042 $x2612)))
 (let (($x2940 (>= ?x1092 0)))
 (let ((@x1251 (unit-resolution ((_ th-lemma arith triangle-eq) (or $x1821 $x2940)) @x3042 $x2940)))
 (let (($x2187 (<= ?x1670 0)))
 (let ((@x3452 (and-elim @x3019 $x1870)))
 (let ((@x2632 (unit-resolution ((_ th-lemma arith triangle-eq) (or (not $x1870) $x2187)) @x3452 $x2187)))
 (let (($x2811 (>= ?x1670 0)))
 (let ((@x1746 (unit-resolution ((_ th-lemma arith triangle-eq) (or (not $x1870) $x2811)) @x3452 $x2811)))
 (let (($x3528 (<= ?x2203 0)))
 (let (($x948 (<= ?x1987 0)))
 (let ((@x2269 (and-elim @x3019 $x1910)))
 (let ((@x2791 (unit-resolution ((_ th-lemma arith triangle-eq) (or (not $x1910) $x948)) @x2269 $x948)))
 (let (($x1787 (>= ?x1987 0)))
 (let ((@x1365 (unit-resolution ((_ th-lemma arith triangle-eq) (or (not $x1910) $x1787)) @x2269 $x1787)))
 (let (($x1881 (<= ?x3709 0)))
 (let ((@x3482 (and-elim @x3019 $x3710)))
 (let ((@x3470 (unit-resolution ((_ th-lemma arith triangle-eq) (or (not $x3710) $x1881)) @x3482 $x1881)))
 (let (($x2426 (>= ?x3709 0)))
 (let ((@x1051 (unit-resolution ((_ th-lemma arith triangle-eq) (or (not $x3710) $x2426)) @x3482 $x2426)))
 (let ((@x2913 ((_ th-lemma arith) (hypothesis (not $x3528)) @x1251 @x1510 @x1051 @x3470 @x1365 @x2791 @x1051 @x3470 @x1365 @x2791 @x1251 @x1510 @x3554 @x2629 false)))
 (let ((@x1902 (lemma @x2913 $x3528)))
 (let (($x2619 (>= ?x2203 0)))
 (let ((@x3717 ((_ th-lemma arith) (hypothesis (not $x2619)) @x1251 @x1510 @x1051 @x3470 @x1365 @x2791 @x1051 @x3470 @x1365 @x2791 @x1251 @x1510 @x3554 @x2629 false)))
 (let ((@x3616 (lemma @x3717 $x2619)))
 (let (($x2057 (<= ?x3017 0)))
 (let ((@x775 ((_ th-lemma arith) (hypothesis (not $x2057)) @x1251 @x1510 @x1051 @x3470 @x1365 @x2791 @x3616 @x1902 @x1251 @x1510 false)))
 (let ((@x2739 (lemma @x775 $x2057)))
 (let (($x2130 (>= ?x3017 0)))
 (let ((@x1404 ((_ th-lemma arith) (hypothesis (not $x2130)) @x1251 @x1510 @x1051 @x3470 @x1365 @x2791 @x3616 @x1902 @x1251 @x1510 false)))
 (let ((@x3677 (lemma @x1404 $x2130)))
 (let (($x2361 (not (>= ?x2240 0))))
 (let (($x3660 (<= ?x2240 0)))
 (let ((@x3679 ((_ th-lemma arith) (hypothesis (not $x3660)) @x1251 @x1510 @x1051 @x3470 @x1365 @x2791 @x1051 @x3470 @x1051 @x3470 @x1365 @x2791 @x1365 @x2791 @x3616 @x1902 @x3554 @x2629 @x1251 @x1510 @x1746 @x2632 @x1251 @x1510 @x3554 @x2629 false)))
 (let (($x3480 (>= ?x2968 0)))
 (let (($x2874 (<= ?x2968 0)))
 (let ((@x3494 (unit-resolution ((_ th-lemma arith assign-bounds -4 -1) (or $x2874 (not $x2612) (not $x2580))) @x2629 @x1510 $x2874)))
 (let ((@x2550 (unit-resolution ((_ th-lemma arith triangle-eq) (or $x1088 (not $x2874) (not $x3480))) @x3494 (lemma ((_ th-lemma arith farkas -4 -1 1) @x1251 @x3554 (hypothesis (not $x3480)) false) $x3480) $x1088)))
 (let ((@x3901 (unit-resolution ((_ th-lemma arith triangle-eq) (or $x3001 (not $x2057) (not $x2130))) @x2739 @x3677 $x3001)))
 (let (($x1745 (>= ?x3557 0)))
 (let ((@x2776 (lemma ((_ th-lemma arith farkas 1 1 1 1 1) (hypothesis (not $x1745)) @x1510 @x2629 @x1251 @x3554 false) $x1745)))
 (let (($x1965 (<= ?x3557 0)))
 (let ((@x487 (lemma ((_ th-lemma arith farkas 1 1 1 1 1) (hypothesis (not $x1965)) @x1510 @x2629 @x1251 @x3554 false) $x1965)))
 (let ((@x2311 (unit-resolution ((_ th-lemma arith triangle-eq) (or $x1533 (not $x1965) (not $x1745))) @x487 @x2776 $x1533)))
 (let ((@x2283 (unit-resolution ((_ th-lemma arith triangle-eq) (or $x2229 (not $x3528) (not $x2619))) @x3616 @x1902 $x2229)))
 (let ((@x2407 (unit-resolution (and-elim @x3019 $x3034) @x3042 (or $x3075 $x1011 $x3035 $x2990 $x3558))))
 (let ((@x3366 (unit-resolution (unit-resolution @x2407 @x2283 @x2311 (or $x3075 $x1011 $x2990)) @x3901 @x2550 $x2990)))
 (let ((@x881 (unit-resolution ((_ th-lemma arith triangle-eq) (or $x943 (not $x3660) $x2361)) @x3366 (lemma @x3679 $x3660) $x2361)))
 ((_ th-lemma arith) @x881 @x1251 @x1510 @x3677 @x2739 @x1051 @x3470 @x1051 @x3470 @x1365 @x2791 @x1051 @x3470 @x1365 @x2791 @x1365 @x2791 @x3616 @x1902 @x3554 @x2629 @x1251 @x1510 @x1746 @x2632 @x1251 @x1510 @x3554 @x2629 false))))))))))))))))))))))))))))))))))))))))))))))))))))))))))))))))))))))))))))))))))))))))))))))))))))))))))))))))))))))))))))))))))))))))))))))))))))))))))))))))))))))))))))))))))))))))))))))))))))))))))))))))))))))))))))))))))))))))))))))))))))))))))))))))))))))))))))))))))))))))))))))))))))

(:added-eqs                 16
 :arith-assert-diseq        13
 :arith-assert-lower        104
 :arith-assert-upper        35
 :arith-bound-prop          1
 :arith-conflicts           9
 :arith-eq-adapter          10
 :arith-fixed-eqs           10
 :arith-gcd-tests           23
 :arith-grobner             6
 :arith-max-min             1729
 :arith-nonlinear-bounds    69
 :arith-nonlinear-horner    62
 :arith-num-rows            12
 :arith-patches             13
 :arith-patches_succ        13
 :arith-pivots              9
 :arith-pseudo-nonlinear    8
 :arith-row-summations      28
 :arith-tableau-max-columns 142
 :arith-tableau-max-rows    12
 :conflicts                 9
 :decisions                 31
 :del-clause                37
 :final-checks              14
 :max-memory                4.47
 :memory                    3.57
 :mk-bool-var               36
 :mk-clause                 37
 :num-allocs                3606668
 :num-checks                1
 :propagations              58
 :rlimit-count              61581
 :time                      0.05
 :total-time                0.06)
