unsat
((set-logic NIA)
(declare-fun s!1 () Int)
(declare-fun r!2 () Int)
(declare-fun x!0 () Int)
(proof
(let ((?x3530 (* r!2 s!1)))
 (let ((?x3533 (* 2 ?x3530)))
 (let ((?x4008 (* 6 x!0)))
 (let ((?x4013 (* (- 3) s!1)))
 (let ((?x2587 (* 3 r!2)))
 (let ((?x2075 (* s00 r!2)))
 (let ((?x3896 (* 4 ?x2075)))
 (let ((?x1978 (* r00 r00 r!2)))
 (let ((?x2421 (* (- 12) ?x1978)))
 (let ((?x555 (* r00 r00 r00)))
 (let ((?x556 (* 12 ?x555)))
 (let ((?x512 (* s00 r00)))
 (let ((?x590 (* (- 6) ?x512)))
 (let ((?x587 (* (- 6) x00)))
 (let ((?x586 (* (- 3) r00)))
 (let ((?x44 (* 3 s00)))
 (let ((?x2970 (+ ?x44 ?x586 ?x587 ?x590 ?x556 ?x2421 ?x3896 ?x2587 ?x4013 ?x4008 ?x3533)))
 (let (($x3848 (<= ?x2970 0)))
 (let (($x2821 (= ?x2970 0)))
 (let ((?x3208 (* (- 2) ?x3530)))
 (let ((?x1023 (* (- 6) x!0)))
 (let ((?x2291 (* 7 s!1)))
 (let ((?x3353 (* r!2 r!2)))
 (let ((?x2096 (* (- 12) ?x3353)))
 (let ((?x1165 (* (- 3) r!2)))
 (let ((?x569 (* (- 12) ?x555)))
 (let ((?x513 (* 6 ?x512)))
 (let ((?x385 (* r00 r00)))
 (let ((?x1591 (* 12 ?x385)))
 (let ((?x59 (* 6 x00)))
 (let ((?x48 (* 3 r00)))
 (let ((?x1733 (* (- 7) s00)))
 (let ((?x1931 (+ ?x1733 ?x48 ?x59 ?x1591 ?x513 ?x569 (* 12 ?x1978) (* (- 4) ?x2075) ?x1165 ?x2096 ?x2291 ?x1023 ?x3208)))
 (let ((?x3484 (* (- 324) (* r!2 r!2 s!1 s!1))))
 (let ((?x3825 (* r!2 s!1 s!1)))
 (let ((?x2278 (* (- 288) ?x3825)))
 (let ((?x3664 (* 648 (* r!2 r!2 s!1 x!0))))
 (let ((?x3659 (* 96 (* s!1 s!1 x!0))))
 (let ((?x3661 (* (- 288) (* r!2 x!0 x!0))))
 (let ((?x3492 (* (- 108) (* r!2 s!1 x!0 x!0))))
 (let ((?x1689 (* (- 48) (* s!1 x!0 x!0))))
 (let ((?x3028 (* 576 (* r!2 s!1 x!0))))
 (let ((?x2624 (* (- 9) (* s!1 s!1 x!0 x!0))))
 (let ((?x2060 (* (- 108) (* r!2 s!1 s!1 s!1))))
 (let ((?x2700 (* s!1 x!0)))
 (let ((?x2305 (* 126 ?x2700)))
 (let ((?x4007 (* 216 (* r!2 s!1 s!1 x!0))))
 (let ((?x2488 (* s!1 s!1)))
 (let ((?x2303 (* (- 63) ?x2488)))
 (let ((?x2176 (+ 3 (* 6 r!2) s!1)))
 (let ((?x2167 (+ 1 r!2)))
 (let ((?x2182 (* 5 (* ?x2167 ?x2167 (+ (* (- 1) s!1) x!0) ?x2176 ?x2176))))
 (let ((?x2101 (* s!1 s!1 s!1)))
 (let ((?x3287 (* (- 48) ?x2101)))
 (let ((?x2198 (* (- 324) (* r!2 r!2 x!0 x!0))))
 (let ((?x1968 (* x!0 x!0)))
 (let ((?x3290 (* (- 63) ?x1968)))
 (let ((?x1726 (* (- 9) (* s!1 s!1 s!1 s!1))))
 (let ((?x3432 (* 18 (* s!1 s!1 s!1 x!0))))
 (let ((?x1326 (+ ?x3432 ?x1726 ?x3290 ?x2198 ?x3287 ?x2182 ?x2303 ?x4007 ?x2305 ?x2060 ?x2624 ?x3028 ?x1689 ?x3492 ?x3661 ?x3659 ?x3664 ?x2278 ?x3484)))
 (let ((?x1711 (* ?x1326 ?x1931)))
 (let (($x1984 (= ?x1711 0)))
 (let (($x1709 (not $x1984)))
 (let ((?x3581 (* 72 ?x3825)))
 (let ((?x3618 (* r!2 r!2 r!2)))
 (let ((?x1246 (* 864 ?x3618)))
 (let ((?x2410 (* (- 396) ?x3530)))
 (let ((?x2187 (* 324 x!0)))
 (let ((?x2408 (* (- 297) s!1)))
 (let ((?x2413 (* 756 ?x3353)))
 (let ((?x2973 (* 162 r!2)))
 (let ((?x3217 (* r!2 r!2 s!1)))
 (let ((?x929 (* 432 ?x3217)))
 (let ((?x3588 (* 324 ?x2700)))
 (let ((?x2490 (* r!2 x!0)))
 (let ((?x3895 (* 648 ?x2490)))
 (let ((?x3884 (* (- 195) ?x2488)))
 (let ((?x2210 (* 4 ?x2101)))
 (let ((?x1873 (* (- 108) ?x1968)))
 (let ((?x1456 (* x00 x00)))
 (let ((?x1486 (* (- 108) ?x1456)))
 (let ((?x1294 (* s00 s00 s00)))
 (let ((?x1485 (* (- 16) ?x1294)))
 (let ((?x1182 (* s00 r00 r00 r00)))
 (let ((?x1481 (* (- 216) ?x1182)))
 (let ((?x1008 (* r00 r00 r00 x00)))
 (let ((?x1009 (* 432 ?x1008)))
 (let ((?x901 (* s00 x00)))
 (let ((?x1239 (* 108 ?x901)))
 (let ((?x865 (* s00 s00 r00 r00)))
 (let ((?x866 (* 36 ?x865)))
 (let ((?x778 (* s00 s00 r00)))
 (let ((?x1136 (* 108 ?x778)))
 (let ((?x733 (* s00 r00 r00)))
 (let ((?x1096 (* 36 ?x733)))
 (let ((?x677 (* s00 s00)))
 (let ((?x1475 (* (- 51) ?x677)))
 (let ((?x608 (* r00 x00)))
 (let ((?x1472 (* (- 108) ?x608)))
 (let ((?x604 (* s00 r00 x00)))
 (let ((?x1471 (* (- 216) ?x604)))
 (let ((?x3948 (* 648 ?x555)))
 (let ((?x695 (* (- 270) ?x512)))
 (let ((?x691 (* (- 432) ?x385)))
 (let ((?x3942 (* (- 324) x00)))
 (let ((?x1947 (* (- 162) r00)))
 (let ((?x3941 (* 297 s00)))
 (let ((?x1712 (+ ?x3941 ?x1947 ?x3942 ?x691 (* (- 324) (* s00 r00 s!1)) ?x695 ?x3948 ?x1471 ?x1472 ?x1475 ?x1096 ?x1136 (* (- 648) (* x00 r!2)) (* (- 432) (* r00 r00 r00 x!0)) ?x866 ?x1239 ?x1009 ?x1481 ?x1485 ?x1486 (* (- 108) (* s00 x!0)) (* (- 324) (* r00 r!2)) (* 1296 (* r00 r00 r00 r!2)) (* (- 432) (* r00 r00 r!2 s!1)) ?x1873 (* (- 1512) ?x1978) (* 828 ?x2075) ?x2210 (* 432 (* s00 r!2 r!2)) (* (- 162) (* r00 s!1)) (* (- 648) (* s00 r00 r!2)) (* 246 (* s00 s!1)) ?x3884 ?x3895 (* (- 1296) (* r00 r00 r!2 r!2)) (* (- 324) (* x00 s!1)) ?x3588 (* (- 36) (* r00 r00 s!1 s!1)) (* 216 (* x00 x!0)) ?x929 ?x2973 ?x2413 ?x2408 ?x2187 (* 648 (* r00 r00 r00 s!1)) (* 216 (* s00 r00 x!0)) (* 12 (* s00 s!1 s!1)) ?x2410 ?x1246 (* 144 (* s00 r!2 s!1)) (* 108 (* r00 x!0)) ?x3581 (* (- 252) (* r00 r00 s!1)))))
 (let (($x3058 (= ?x1712 0)))
 (let (($x1608 (not $x3058)))
 (let ((?x3826 (* 2 ?x3825)))
 (let ((?x3209 (* 72 ?x3618)))
 (let ((?x2787 (* (- 42) ?x3530)))
 (let ((?x2451 (* 72 x!0)))
 (let ((?x1865 (* (- 57) s!1)))
 (let ((?x2452 (* 108 ?x3353)))
 (let ((?x3389 (* 36 r!2)))
 (let ((?x2840 (* 24 ?x3217)))
 (let ((?x3930 (* 6 ?x2700)))
 (let ((?x598 (* 90 ?x2490)))
 (let ((?x1761 (* (- 1) ?x2488)))
 (let ((?x973 (* r00 r00 x00)))
 (let ((?x986 (* (- 36) ?x973)))
 (let ((?x902 (* 6 ?x901)))
 (let ((?x796 (* (- 2) ?x778)))
 (let ((?x672 (* (- 19) ?x677)))
 (let ((?x668 (* (- 90) ?x608)))
 (let ((?x2085 (* 18 ?x512)))
 (let ((?x1797 (* (- 108) ?x385)))
 (let ((?x1793 (* (- 72) x00)))
 (let ((?x4056 (* (- 36) r00)))
 (let ((?x1792 (* 57 s00)))
 (let ((?x1601 (+ ?x1792 ?x4056 ?x1793 ?x1797 (* (- 2) (* s00 r00 s!1)) ?x2085 ?x668 ?x672 ?x1096 ?x796 (* (- 90) (* x00 r!2)) (* 12 (* r00 r!2 s!1)) ?x902 ?x986 (* (- 6) (* s00 x!0)) (* 36 (* r00 r00 x!0)) (* (- 216) ?x1978) (* 114 ?x2075) (* 12 (* s00 r!2 r!2)) (* (- 90) (* r00 s!1)) (* (- 12) (* s00 r00 r!2)) (* 20 (* s00 s!1)) ?x1761 ?x598 (* (- 6) (* x00 s!1)) (* 36 (* r00 r!2 x!0)) ?x3930 (* (- 36) (* r00 x00 r!2)) ?x2840 ?x3389 ?x2452 ?x1865 ?x2451 (* 144 (* r00 r!2 r!2)) (* 4 (* r00 s!1 s!1)) ?x2787 ?x3209 (* (- 4) (* s00 s00 r!2)) (* 2 (* s00 r!2 s!1)) (* 90 (* r00 x!0)) ?x3826 (* (- 72) (* r00 r00 s!1)))))
 (let (($x820 (= ?x1601 0)))
 (let (($x1450 (not $x820)))
 (let ((?x3887 (* (- 3) ?x3530)))
 (let ((?x3587 (* 18 x!0)))
 (let ((?x1879 (* (- 12) s!1)))
 (let ((?x1251 (* 18 ?x3353)))
 (let ((?x2709 (* 9 r!2)))
 (let ((?x2168 (* 18 ?x2490)))
 (let ((?x2489 (* 2 ?x2488)))
 (let ((?x734 (* 6 ?x733)))
 (let ((?x690 (* (- 4) ?x677)))
 (let ((?x622 (* (- 18) ?x608)))
 (let ((?x3187 (* 3 ?x512)))
 (let ((?x3182 (* (- 18) ?x385)))
 (let ((?x3169 (* (- 18) x00)))
 (let ((?x2666 (* (- 9) r00)))
 (let ((?x3797 (* 12 s00)))
 (let ((?x835 (+ ?x3797 ?x2666 ?x3169 ?x3182 ?x3187 ?x622 ?x690 ?x734 (* (- 18) (* x00 r!2)) (* 6 (* r00 r!2 s!1)) (* (- 36) ?x1978) (* 21 ?x2075) (* (- 21) (* r00 s!1)) (* (- 6) (* s00 r00 r!2)) (* 2 (* s00 s!1)) ?x2489 ?x2168 ?x2709 ?x1251 ?x1879 ?x3587 (* 36 (* r00 r!2 r!2)) ?x3887 (* 18 (* r00 x!0)) (* (- 6) (* r00 r00 s!1)))))
 (let (($x1447 (= ?x835 0)))
 (let (($x1020 (not $x1447)))
 (let ((?x844 (* (- 7) s!1)))
 (let ((?x847 (* 12 ?x3353)))
 (let ((?x2432 (* (- 12) ?x385)))
 (let ((?x3583 (* 7 s00)))
 (let ((?x2495 (+ ?x3583 ?x586 ?x587 ?x2432 ?x590 ?x556 ?x2421 ?x3896 ?x2587 ?x847 ?x844 ?x4008 ?x3533)))
 (let (($x1019 (= ?x2495 0)))
 (let (($x2501 (not $x1019)))
 (let ((?x3044 (* (- 1) s!1)))
 (let ((?x1950 (* (- 3) ?x385)))
 (let ((?x3891 (+ s00 ?x1950 (* 3 ?x3353) ?x3044)))
 (let (($x3892 (= ?x3891 0)))
 (let (($x3802 (not $x3892)))
 (let (($x2448 (or $x3802 $x2501 $x1020 $x1450 $x1608 $x1709)))
 (let ((?x3928 (* r00 r00 s!1)))
 (let ((?x2951 (* 36 ?x3928)))
 (let ((?x2023 (* (- 9) s!1)))
 (let ((?x3597 (* 108 ?x1456)))
 (let ((?x2369 (* 16 ?x1294)))
 (let ((?x2514 (* (- 432) ?x1008)))
 (let ((?x3540 (* (- 108) ?x901)))
 (let ((?x1384 (* (- 36) ?x733)))
 (let ((?x3486 (* 51 ?x677)))
 (let ((?x2006 (* 108 ?x608)))
 (let ((?x137 (* 9 s00)))
 (let ((?x1088 (+ ?x137 (* 108 (* s00 r00 s!1)) (* (- 54) ?x512) (* 216 ?x604) ?x2006 ?x3486 ?x1384 (* (- 108) ?x778) (* 432 (* r00 r00 r00 x!0)) (* (- 36) ?x865) ?x3540 ?x2514 (* 216 ?x1182) ?x2369 ?x3597 (* 108 (* s00 x!0)) (* 108 ?x1968) (* (- 4) ?x2101) (* 54 (* r00 s!1)) (* (- 66) (* s00 s!1)) (* 15 ?x2488) (* 108 (* x00 s!1)) (* (- 108) ?x2700) (* 36 (* r00 r00 s!1 s!1)) (* (- 216) (* x00 x!0)) ?x2023 (* (- 216) (* r00 r00 r00 s!1)) (* (- 216) (* s00 r00 x!0)) (* (- 12) (* s00 s!1 s!1)) (* (- 108) (* r00 x!0)) ?x2951)))
 (let (($x3371 (= ?x1088 0)))
 (let ((?x974 (* 36 ?x973)))
 (let ((?x3110 (* (- 6) ?x901)))
 (let ((?x779 (* 2 ?x778)))
 (let ((?x2750 (* 15 ?x677)))
 (let ((?x2705 (* 54 ?x608)))
 (let ((?x2995 (+ ?x137 (* 2 (* s00 r00 s!1)) (* (- 24) ?x512) ?x2705 ?x2750 ?x1384 ?x779 (* 54 (* x00 r!2)) ?x3110 ?x974 (* 6 (* s00 x!0)) (* (- 36) (* r00 r00 x!0)) (* (- 24) ?x2075) (* 24 (* r00 s!1)) (* (- 12) (* s00 s!1)) (* (- 3) ?x2488) (* (- 54) ?x2490) (* 6 (* x00 s!1)) (* (- 36) (* r00 r!2 x!0)) (* (- 6) ?x2700) (* 36 (* r00 x00 r!2)) ?x2023 (* (- 4) (* r00 s!1 s!1)) (* 24 ?x3530) (* 4 (* s00 s00 r!2)) (* (- 2) (* s00 r!2 s!1)) (* (- 54) (* r00 x!0)) (* (- 2) ?x3825) ?x2951)))
 (let (($x3379 (= ?x2995 0)))
 (let ((?x2329 (* (- 6) ?x733)))
 (let ((?x678 (* 4 ?x677)))
 (let ((?x609 (* 18 ?x608)))
 (let ((?x527 (+ ?x44 (* (- 9) ?x512) ?x609 ?x678 ?x2329 (* 18 (* x00 r!2)) (* (- 6) (* r00 r!2 s!1)) (* (- 9) ?x2075) (* 9 (* r00 s!1)) (* 6 (* s00 r00 r!2)) (* (- 2) (* s00 s!1)) (* (- 2) ?x2488) (* (- 18) ?x2490) ?x4013 (* 9 ?x3530) (* (- 18) (* r00 x!0)) (* 6 ?x3928))))
 (let (($x1788 (= ?x527 0)))
 (let (($x1583 (and $x3892 $x2821 $x1788 $x3379 $x3371 $x2448)))
 (let ((?x3233 (+ ?x1165 ?x2291 ?x1023 ?x1733 ?x48 ?x59 ?x2096 ?x1591 ?x3208 (* 12 (* r!2 r00 r00)) (* (- 4) (* r!2 s00)) ?x513 ?x569)))
 (let ((?x1215 (+ ?x2303 ?x2278 ?x2305 ?x3287 ?x3290 ?x3028 ?x2624 ?x1689 ?x2182 ?x3659 ?x3661 ?x3664 ?x4007 ?x3432 ?x2198 ?x3492 ?x1726 ?x2060 ?x3484)))
 (let ((?x2747 (* 216 (* x!0 x00))))
 (let ((?x2723 (* (- 36) (* s!1 s!1 r00 r00))))
 (let ((?x2720 (* 216 (* x!0 s00 r00))))
 (let ((?x1386 (* (- 432) (* x!0 r00 r00 r00))))
 (let ((?x3595 (* 12 (* s!1 s!1 s00))))
 (let ((?x2074 (* x!0 s00)))
 (let ((?x2702 (* (- 108) ?x2074)))
 (let ((?x2093 (* x!0 r00)))
 (let ((?x4052 (* 108 ?x2093)))
 (let ((?x2309 (+ ?x2973 ?x2408 ?x2187 ?x3941 ?x1947 ?x3942 ?x2413 ?x691 ?x2410 (* (- 1512) (* r!2 r00 r00)) (* 828 (* r!2 s00)) ?x695 ?x3948 ?x1471 ?x1472 ?x3884 ?x3895 (* (- 252) (* s!1 r00 r00)) ?x1475 ?x4052 ?x2702 ?x1096 (* (- 648) (* r!2 x00)) (* 648 (* s!1 r00 r00 r00)) (* 246 (* s!1 s00)) ?x1136 (* (- 162) (* s!1 r00)) (* (- 648) (* r!2 s00 r00)) (* (- 324) (* s!1 x00)) ?x866 (* (- 324) (* s!1 s00 r00)) ?x1239 ?x3581 ?x3588 ?x2210 ?x1873 ?x1009 (* 144 (* r!2 s!1 s00)) ?x3595 ?x1481 ?x1386 ?x2720 ?x2723 ?x1485 ?x2747 ?x1486 (* (- 324) (* r!2 r00)) (* 1296 (* r!2 r00 r00 r00)) ?x1246 (* (- 432) (* r!2 s!1 r00 r00)) ?x929 (* (- 1296) (* r!2 r!2 r00 r00)) (* 432 (* r!2 r!2 s00)))))
 (let ((?x658 (* 36 (* x!0 r00 r00))))
 (let ((?x1161 (* (- 36) (* r!2 r00 x00))))
 (let ((?x944 (* r!2 s!1 s00)))
 (let ((?x1407 (* 2 ?x944)))
 (let ((?x941 (* (- 4) (* r!2 s00 s00))))
 (let ((?x2200 (* s!1 s00 r00)))
 (let ((?x3830 (* (- 2) ?x2200)))
 (let ((?x2005 (* s!1 x00)))
 (let ((?x3827 (* (- 6) ?x2005)))
 (let ((?x3831 (* 4 (* s!1 s!1 r00))))
 (let ((?x2854 (* (- 6) ?x2074)))
 (let ((?x1157 (* 36 (* r!2 x!0 r00))))
 (let ((?x842 (+ ?x3389 ?x1865 ?x2451 ?x1792 ?x4056 ?x1793 ?x2452 ?x1797 ?x2787 (* (- 216) (* r!2 r00 r00)) (* 114 (* r!2 s00)) ?x2085 ?x668 ?x1761 ?x598 (* 12 (* r!2 s!1 r00)) (* (- 72) (* s!1 r00 r00)) ?x1157 ?x672 (* 90 ?x2093) ?x2854 ?x1096 (* (- 90) (* r!2 x00)) ?x3831 (* 20 (* s!1 s00)) ?x796 (* (- 90) (* s!1 r00)) (* (- 12) (* r!2 s00 r00)) ?x3827 ?x3830 ?x902 ?x3826 ?x3930 ?x941 ?x986 ?x1407 ?x1161 ?x658 (* 144 (* r!2 r!2 r00)) ?x3209 ?x2840 (* 12 (* r!2 r!2 s00)))))
 (let ((?x2695 (* r!2 s00 r00)))
 (let ((?x2694 (* (- 6) ?x2695)))
 (let ((?x1245 (* s!1 s00)))
 (let ((?x884 (* 2 ?x1245)))
 (let ((?x2273 (* r!2 x00)))
 (let ((?x1252 (* (- 18) ?x2273)))
 (let ((?x2276 (* 18 ?x2093)))
 (let ((?x2512 (* s!1 r00 r00)))
 (let ((?x2963 (* (- 6) ?x2512)))
 (let ((?x2810 (* r!2 s!1 r00)))
 (let ((?x2811 (* 6 ?x2810)))
 (let ((?x1909 (+ ?x2709 ?x1879 ?x3587 ?x3797 ?x2666 ?x3169 ?x1251 ?x3182 ?x3887 (* (- 36) (* r!2 r00 r00)) (* 21 (* r!2 s00)) ?x3187 ?x622 ?x2489 ?x2168 ?x2811 ?x2963 ?x690 ?x2276 ?x734 ?x1252 ?x884 (* (- 21) (* s!1 r00)) ?x2694 (* 36 (* r!2 r!2 r00)))))
 (let ((?x1767 (* r!2 s00)))
 (let ((?x1828 (* 4 ?x1767)))
 (let ((?x3849 (* r!2 r00 r00)))
 (let ((?x1837 (* (- 12) ?x3849)))
 (let ((?x3873 (+ ?x2587 ?x844 ?x4008 ?x3583 ?x586 ?x587 ?x847 ?x2432 ?x3533 ?x1837 ?x1828 ?x590 ?x556)))
 (let (($x2621 (= (+ s!1 (* (- 1) s00) (* (- 3) ?x3353) (* 3 ?x385)) 0)))
 (let (($x2541 (or (not $x2621) (not (= ?x3873 0)) (not (= ?x1909 0)) (not (= ?x842 0)) (not (= ?x2309 0)) (not (= (* ?x1215 ?x3233) 0)))))
 (let ((?x2585 (* (- 36) ?x2512)))
 (let ((?x614 (* 54 ?x512)))
 (let ((?x1083 (* (- 9) s00)))
 (let ((?x4046 (* 9 s!1)))
 (let ((?x2749 (+ ?x4046 ?x1083 ?x614 ?x1471 ?x1472 (* (- 15) ?x2488) ?x2585 ?x1475 ?x4052 ?x2702 ?x1096 (* 216 (* s!1 r00 r00 r00)) (* 66 ?x1245) ?x1136 (* (- 54) (* s!1 r00)) (* (- 108) ?x2005) ?x866 (* (- 108) ?x2200) ?x1239 (* 108 ?x2700) ?x2210 ?x1873 ?x1009 ?x3595 ?x1481 ?x1386 ?x2720 ?x2723 ?x1485 ?x2747 ?x1486)))
 (let ((?x1012 (* (- 15) ?x677)))
 (let ((?x645 (* (- 54) ?x608)))
 (let ((?x660 (* 24 ?x512)))
 (let ((?x665 (+ ?x4046 ?x1083 (* (- 24) ?x3530) (* 24 ?x1767) ?x660 ?x645 (* 3 ?x2488) (* 54 ?x2490) ?x2585 ?x1157 ?x1012 (* 54 ?x2093) ?x2854 ?x1096 (* (- 54) ?x2273) ?x3831 (* 12 ?x1245) ?x796 (* (- 24) (* s!1 r00)) ?x3827 ?x3830 ?x902 ?x3826 ?x3930 ?x941 ?x986 ?x1407 ?x1161 ?x658)))
 (let ((?x627 (* 9 ?x512)))
 (let ((?x464 (* (- 3) s00)))
 (let ((?x2692 (+ (* 3 s!1) ?x464 (* (- 9) ?x3530) (* 9 ?x1767) ?x627 ?x622 ?x2489 ?x2168 ?x2811 ?x2963 ?x690 ?x2276 ?x734 ?x1252 ?x884 (* (- 9) (* s!1 r00)) ?x2694)))
 (let (($x1643 (= (+ ?x2587 ?x4013 ?x4008 ?x44 ?x586 ?x587 ?x3533 ?x1837 ?x1828 ?x590 ?x556) 0)))
 (let (($x3419 (and $x2621 $x1643 (= ?x2692 0) (= ?x665 0) (= ?x2749 0) $x2541)))
 (let (($x1765 (exists ((r Int) (s Int) (x Int) )(! (let ((?x555 (* r00 r00 r00)))
 (let ((?x569 (* (- 12) ?x555)))
 (let ((?x512 (* s00 r00)))
 (let ((?x513 (* 6 ?x512)))
 (let ((?x485 (* r s00)))
 (let ((?x499 (* (- 4) ?x485)))
 (let ((?x435 (* r r00 r00)))
 (let ((?x436 (* 12 ?x435)))
 (let ((?x429 (* r s)))
 (let ((?x430 (* (- 2) ?x429)))
 (let ((?x385 (* r00 r00)))
 (let ((?x1591 (* 12 ?x385)))
 (let ((?x59 (* 6 x00)))
 (let ((?x48 (* 3 r00)))
 (let ((?x1733 (* (- 7) s00)))
 (let ((?x534 (* (- 6) x)))
 (let ((?x1795 (* 7 s)))
 (let ((?x1934 (* (- 3) r)))
 (let ((?x1764 (+ ?x1934 ?x1795 ?x534 ?x1733 ?x48 ?x59 (* (- 12) (* r r)) ?x1591 ?x430 ?x436 ?x499 ?x513 ?x569)))
 (let ((?x4019 (* (- 324) (* r r s s))))
 (let ((?x4044 (* (- 108) (* r s s s))))
 (let ((?x4002 (* (- 9) (* s s s s))))
 (let ((?x4037 (* (- 108) (* r s x x))))
 (let ((?x3650 (* (- 324) (* r r x x))))
 (let ((?x4040 (* 18 (* s s s x))))
 (let ((?x4041 (* 216 (* r s s x))))
 (let ((?x4042 (* 648 (* r r s x))))
 (let ((?x211 (* 6 r)))
 (let ((?x1493 (+ 3 ?x211 s)))
 (let ((?x364 (* (- 1) s)))
 (let ((?x1752 (+ ?x364 x)))
 (let ((?x1526 (+ 1 r)))
 (let ((?x4119 (* (- 48) (* s x x))))
 (let ((?x3732 (* (- 9) (* s s x x))))
 (let ((?x978 (* x x)))
 (let ((?x4117 (* (- 63) ?x978)))
 (let ((?x909 (* s x)))
 (let ((?x4116 (* 126 ?x909)))
 (let ((?x631 (* s s)))
 (let ((?x4114 (* (- 63) ?x631)))
 (let ((?x1657 (+ ?x4114 (* (- 288) (* r s s)) ?x4116 (* (- 48) (* s s s)) ?x4117 (* 576 (* r s x)) ?x3732 ?x4119 (* 5 (* ?x1526 ?x1526 ?x1752 ?x1493 ?x1493)) (* 96 (* s s x)) (* (- 288) (* r x x)) ?x4042 ?x4041 ?x4040 ?x3650 ?x4037 ?x4002 ?x4044 ?x4019)))
 (let ((?x3328 (* r r s00)))
 (let ((?x3982 (* 432 ?x3328)))
 (let ((?x3017 (* r r s)))
 (let ((?x3978 (* 432 ?x3017)))
 (let ((?x3002 (* r r r)))
 (let ((?x3977 (* 864 ?x3002)))
 (let ((?x3971 (* 1296 (* r r00 r00 r00))))
 (let ((?x1456 (* x00 x00)))
 (let ((?x1486 (* (- 108) ?x1456)))
 (let ((?x1431 (* 216 (* x x00))))
 (let ((?x1294 (* s00 s00 s00)))
 (let ((?x1485 (* (- 16) ?x1294)))
 (let ((?x1483 (* (- 36) (* s s r00 r00))))
 (let ((?x1265 (* 216 (* x s00 r00))))
 (let ((?x1482 (* (- 432) (* x r00 r00 r00))))
 (let ((?x1182 (* s00 r00 r00 r00)))
 (let ((?x1481 (* (- 216) ?x1182)))
 (let ((?x1067 (* 12 (* s s s00))))
 (let ((?x1025 (* r s s00)))
 (let ((?x3958 (* 144 ?x1025)))
 (let ((?x1008 (* r00 r00 r00 x00)))
 (let ((?x1009 (* 432 ?x1008)))
 (let ((?x1480 (* (- 108) ?x978)))
 (let ((?x915 (* s s s)))
 (let ((?x917 (* 4 ?x915)))
 (let ((?x905 (* r s s)))
 (let ((?x3957 (* 72 ?x905)))
 (let ((?x901 (* s00 x00)))
 (let ((?x1239 (* 108 ?x901)))
 (let ((?x865 (* s00 s00 r00 r00)))
 (let ((?x866 (* 36 ?x865)))
 (let ((?x824 (* s x00)))
 (let ((?x3955 (* (- 324) ?x824)))
 (let ((?x778 (* s00 s00 r00)))
 (let ((?x1136 (* 108 ?x778)))
 (let ((?x733 (* s00 r00 r00)))
 (let ((?x1096 (* 36 ?x733)))
 (let ((?x707 (* x s00)))
 (let ((?x1476 (* (- 108) ?x707)))
 (let ((?x703 (* x r00)))
 (let ((?x1342 (* 108 ?x703)))
 (let ((?x677 (* s00 s00)))
 (let ((?x1475 (* (- 51) ?x677)))
 (let ((?x635 (* r x)))
 (let ((?x3951 (* 648 ?x635)))
 (let ((?x608 (* r00 x00)))
 (let ((?x1472 (* (- 108) ?x608)))
 (let ((?x604 (* s00 r00 x00)))
 (let ((?x1471 (* (- 216) ?x604)))
 (let ((?x3948 (* 648 ?x555)))
 (let ((?x695 (* (- 270) ?x512)))
 (let ((?x3947 (* 828 ?x485)))
 (let ((?x691 (* (- 432) ?x385)))
 (let ((?x3942 (* (- 324) x00)))
 (let ((?x1947 (* (- 162) r00)))
 (let ((?x3941 (* 297 s00)))
 (let ((?x3657 (* 324 x)))
 (let ((?x1362 (+ (* 162 r) (* (- 297) s) ?x3657 ?x3941 ?x1947 ?x3942 (* 756 (* r r)) ?x691 (* (- 396) ?x429) (* (- 1512) ?x435) ?x3947 ?x695 ?x3948 ?x1471 ?x1472 (* (- 195) ?x631) ?x3951 (* (- 252) (* s r00 r00)) ?x1475 ?x1342 ?x1476 ?x1096 (* (- 648) (* r x00)) (* 648 (* s r00 r00 r00)) (* 246 (* s s00)) ?x1136 (* (- 162) (* s r00)) (* (- 648) (* r s00 r00)) ?x3955 ?x866 (* (- 324) (* s s00 r00)) ?x1239 ?x3957 (* 324 ?x909) ?x917 ?x1480 ?x1009 ?x3958 ?x1067 ?x1481 ?x1482 ?x1265 ?x1483 ?x1485 ?x1431 ?x1486 (* (- 324) (* r r00)) ?x3971 ?x3977 (* (- 432) (* r s r00 r00)) ?x3978 (* (- 1296) (* r r r00 r00)) ?x3982)))
 (let ((?x1169 (* 36 (* x r00 r00))))
 (let ((?x1037 (* r r00 x00)))
 (let ((?x1050 (* (- 36) ?x1037)))
 (let ((?x1026 (* 2 ?x1025)))
 (let ((?x973 (* r00 r00 x00)))
 (let ((?x986 (* (- 36) ?x973)))
 (let ((?x921 (* r s00 s00)))
 (let ((?x934 (* (- 4) ?x921)))
 (let ((?x910 (* 6 ?x909)))
 (let ((?x906 (* 2 ?x905)))
 (let ((?x902 (* 6 ?x901)))
 (let ((?x875 (* s s00 r00)))
 (let ((?x888 (* (- 2) ?x875)))
 (let ((?x851 (* (- 6) ?x824)))
 (let ((?x796 (* (- 2) ?x778)))
 (let ((?x751 (* 4 (* s s r00))))
 (let ((?x722 (* (- 6) ?x707)))
 (let ((?x672 (* (- 19) ?x677)))
 (let ((?x655 (* 36 (* r x r00))))
 (let ((?x668 (* (- 90) ?x608)))
 (let ((?x2085 (* 18 ?x512)))
 (let ((?x1797 (* (- 108) ?x385)))
 (let ((?x1793 (* (- 72) x00)))
 (let ((?x4056 (* (- 36) r00)))
 (let ((?x1792 (* 57 s00)))
 (let ((?x852 (+ (* 36 r) (* (- 57) s) (* 72 x) ?x1792 ?x4056 ?x1793 (* 108 (* r r)) ?x1797 (* (- 42) ?x429) (* (- 216) ?x435) (* 114 ?x485) ?x2085 ?x668 (* (- 1) ?x631) (* 90 ?x635) (* 12 (* r s r00)) (* (- 72) (* s r00 r00)) ?x655 ?x672 (* 90 ?x703) ?x722 ?x1096 (* (- 90) (* r x00)) ?x751 (* 20 (* s s00)) ?x796 (* (- 90) (* s r00)) (* (- 12) (* r s00 r00)) ?x851 ?x888 ?x902 ?x906 ?x910 ?x934 ?x986 ?x1026 ?x1050 ?x1169 (* 144 (* r r r00)) (* 72 ?x3002) (* 24 ?x3017) (* 12 ?x3328))))
 (let ((?x812 (* r s00 r00)))
 (let ((?x825 (* (- 6) ?x812)))
 (let ((?x774 (* s s00)))
 (let ((?x775 (* 2 ?x774)))
 (let ((?x745 (* r x00)))
 (let ((?x758 (* (- 18) ?x745)))
 (let ((?x734 (* 6 ?x733)))
 (let ((?x704 (* 18 ?x703)))
 (let ((?x690 (* (- 4) ?x677)))
 (let ((?x651 (* s r00 r00)))
 (let ((?x664 (* (- 6) ?x651)))
 (let ((?x639 (* r s r00)))
 (let ((?x640 (* 6 ?x639)))
 (let ((?x636 (* 18 ?x635)))
 (let ((?x632 (* 2 ?x631)))
 (let ((?x622 (* (- 18) ?x608)))
 (let ((?x3187 (* 3 ?x512)))
 (let ((?x3182 (* (- 18) ?x385)))
 (let ((?x3169 (* (- 18) x00)))
 (let ((?x2666 (* (- 9) r00)))
 (let ((?x3797 (* 12 s00)))
 (let ((?x2530 (+ (* 9 r) (* (- 12) s) (* 18 x) ?x3797 ?x2666 ?x3169 (* 18 (* r r)) ?x3182 (* (- 3) ?x429) (* (- 36) ?x435) (* 21 ?x485) ?x3187 ?x622 ?x632 ?x636 ?x640 ?x664 ?x690 ?x704 ?x734 ?x758 ?x775 (* (- 21) (* s r00)) ?x825 (* 36 (* r r r00)))))
 (let ((?x556 (* 12 ?x555)))
 (let ((?x590 (* (- 6) ?x512)))
 (let ((?x486 (* 4 ?x485)))
 (let ((?x589 (* (- 12) ?x435)))
 (let ((?x588 (* 2 ?x429)))
 (let ((?x2432 (* (- 12) ?x385)))
 (let ((?x587 (* (- 6) x00)))
 (let ((?x586 (* (- 3) r00)))
 (let ((?x3583 (* 7 s00)))
 (let ((?x56 (* 6 x)))
 (let ((?x43 (* 3 r)))
 (let ((?x2867 (+ ?x43 (* (- 7) s) ?x56 ?x3583 ?x586 ?x587 (* 12 (* r r)) ?x2432 ?x588 ?x589 ?x486 ?x590 ?x556)))
 (let (($x418 (= (+ s (* (- 1) s00) (* (- 3) (* r r)) (* 3 ?x385)) 0)))
 (let (($x1762 (or (not $x418) (not (= ?x2867 0)) (not (= ?x2530 0)) (not (= ?x852 0)) (not (= ?x1362 0)) (not (= (* ?x1657 ?x1764) 0)))))
 (let ((?x1306 (* 108 ?x909)))
 (let ((?x756 (* s r00 r00 r00)))
 (let ((?x757 (* 216 ?x756)))
 (let ((?x960 (* (- 36) ?x651)))
 (let ((?x614 (* 54 ?x512)))
 (let ((?x1083 (* (- 9) s00)))
 (let ((?x143 (* 9 s)))
 (let ((?x1487 (+ ?x143 ?x1083 ?x614 ?x1471 ?x1472 (* (- 15) ?x631) ?x960 ?x1475 ?x1342 ?x1476 ?x1096 ?x757 (* 66 ?x774) ?x1136 (* (- 54) (* s r00)) (* (- 108) ?x824) ?x866 (* (- 108) ?x875) ?x1239 ?x1306 ?x917 ?x1480 ?x1009 ?x1067 ?x1481 ?x1482 ?x1265 ?x1483 ?x1485 ?x1431 ?x1486)))
 (let (($x1488 (= ?x1487 0)))
 (let ((?x1012 (* (- 15) ?x677)))
 (let ((?x663 (* 3 ?x631)))
 (let ((?x645 (* (- 54) ?x608)))
 (let ((?x660 (* 24 ?x512)))
 (let ((?x1175 (+ ?x143 ?x1083 (* (- 24) ?x429) (* 24 ?x485) ?x660 ?x645 ?x663 (* 54 ?x635) ?x960 ?x655 ?x1012 (* 54 ?x703) ?x722 ?x1096 (* (- 54) ?x745) ?x751 (* 12 ?x774) ?x796 (* (- 24) (* s r00)) ?x851 ?x888 ?x902 ?x906 ?x910 ?x934 ?x986 ?x1026 ?x1050 ?x1169)))
 (let (($x1180 (= ?x1175 0)))
 (let ((?x627 (* 9 ?x512)))
 (let ((?x464 (* (- 3) s00)))
 (let ((?x47 (* 3 s)))
 (let ((?x831 (+ ?x47 ?x464 (* (- 9) ?x429) (* 9 ?x485) ?x627 ?x622 ?x632 ?x636 ?x640 ?x664 ?x690 ?x704 ?x734 ?x758 ?x775 (* (- 9) (* s r00)) ?x825)))
 (let (($x838 (= ?x831 0)))
 (let ((?x44 (* 3 s00)))
 (let ((?x585 (* (- 3) s)))
 (let (($x592 (= (+ ?x43 ?x585 ?x56 ?x44 ?x586 ?x587 ?x588 ?x589 ?x486 ?x590 ?x556) 0)))
 (and $x418 $x592 $x838 $x1180 $x1488 $x1762))))))))))))))))))))))))))))))))))))))))))))))))))))))))))))))))))))))))))))))))))))))))))))))))))))))))))))))))))))))))))))))))))))))))))))))))))))))))))))))))))))))))))))))))))))))))) :qid k!40))
 ))
 (let (($x3510 (exists ((r Int) (s Int) (x Int) )(! (let ((?x555 (* r00 r00 r00)))
 (let ((?x569 (* (- 12) ?x555)))
 (let ((?x59 (* 6 x00)))
 (let ((?x534 (* (- 6) x)))
 (let ((?x2758 (* r00 s00)))
 (let ((?x2863 (* 6 ?x2758)))
 (let ((?x1526 (+ 1 r)))
 (let ((?x2368 (* s00 ?x1526)))
 (let ((?x2928 (* (- 4) ?x2368)))
 (let ((?x48 (* 3 r00)))
 (let ((?x143 (* 9 s)))
 (let ((?x464 (* (- 3) s00)))
 (let ((?x2275 (* 15 r)))
 (let ((?x2185 (* r00 r00 ?x1526)))
 (let ((?x2407 (* 12 ?x2185)))
 (let ((?x211 (* 6 r)))
 (let ((?x3080 (+ 3 s ?x211)))
 (let ((?x3170 (* ?x1526 ?x3080)))
 (let ((?x2890 (* (- 2) ?x3170)))
 (let ((?x1923 (* (- 9) (* (+ x (* (- 1) s)) (+ x (* (- 1) s)) ?x3080 ?x3080))))
 (let ((?x1667 (+ (* 5 (* ?x1526 ?x1526 (+ x (* (- 1) s)) ?x3080 ?x3080)) ?x1923 (* 6 (* (+ x (* (- 1) s)) (+ x (* (- 1) s)) ?x3080)))))
 (let ((?x1982 (* ?x1667 (+ 6 ?x2890 ?x2407 ?x2275 ?x464 ?x143 ?x48 ?x2928 ?x2863 ?x534 ?x59 ?x569))))
 (let (($x848 (not (= ?x1982 0))))
 (let ((?x1456 (* x00 x00)))
 (let ((?x3597 (* 108 ?x1456)))
 (let ((?x1553 (* (- 54) r)))
 (let ((?x2113 (* (- 9) s)))
 (let ((?x2678 (* r00 r00 s00)))
 (let ((?x1509 (* (- 36) ?x2678)))
 (let ((?x137 (* 9 s00)))
 (let ((?x677 (* s00 s00)))
 (let ((?x3486 (* 51 ?x677)))
 (let ((?x601 (* r00 r00 ?x3080)))
 (let ((?x2835 (* 36 ?x601)))
 (let ((?x1294 (* s00 s00 s00)))
 (let ((?x2369 (* 16 ?x1294)))
 (let ((?x901 (* s00 x00)))
 (let ((?x3540 (* (- 108) ?x901)))
 (let ((?x2655 (* 216 (* r00 r00 r00 s00))))
 (let ((?x2543 (* r00 s00 s00)))
 (let ((?x1138 (* (- 108) ?x2543)))
 (let ((?x1008 (* r00 r00 r00 x00)))
 (let ((?x2514 (* (- 432) ?x1008)))
 (let ((?x1187 (* (- 36) (* r00 r00 s00 s00))))
 (let ((?x2935 (* (- 54) ?x2758)))
 (let ((?x608 (* r00 x00)))
 (let ((?x2006 (* 108 ?x608)))
 (let ((?x2406 (* 216 (* r00 s00 x00))))
 (let ((?x2859 (+ ?x2406 ?x2006 ?x2935 (* 15 (* ?x3080 ?x3080)) (* (- 216) (* r00 r00 r00 ?x3080)) ?x1187 (* (- 4) (* ?x3080 ?x3080 ?x3080)) (* 108 (* (+ x (* (- 1) s)) (+ x (* (- 1) s)))) ?x2514 (* (- 12) (* s00 ?x3080 ?x3080)) (* 108 (* s00 (+ x (* (- 1) s)))) ?x1138 ?x2655 (* 108 (* x00 ?x3080)) (* 432 (* r00 r00 r00 (+ x (* (- 1) s)))) (* (- 66) (* s00 ?x3080)) (* 108 (* r00 s00 ?x3080)) ?x3540 (* (- 216) (* r00 s00 (+ x (* (- 1) s)))) (* 36 (* r00 r00 ?x3080 ?x3080)) ?x2369 (* (- 108) (* (+ x (* (- 1) s)) ?x3080)) ?x2835 ?x3486 (* (- 108) (* r00 (+ x (* (- 1) s)))) ?x137 ?x1509 ?x2113 ?x1553 (* 54 (* r00 ?x3080)) (* (- 216) (* x00 (+ x (* (- 1) s)))) ?x3597)))
 (let (($x3257 (not (= ?x2859 27))))
 (let ((?x2750 (* 15 ?x677)))
 (let ((?x973 (* r00 r00 x00)))
 (let ((?x974 (* 36 ?x973)))
 (let ((?x3110 (* (- 6) ?x901)))
 (let ((?x2400 (* 2 ?x2543)))
 (let ((?x2186 (* (- 24) ?x2758)))
 (let ((?x2705 (* 54 ?x608)))
 (let ((?x2578 (+ (* 24 ?x3170) ?x2705 (* (- 36) (* r00 ?x1526 (+ x (* (- 1) s)))) ?x2186 (* (- 3) (* ?x3080 ?x3080)) (* (- 54) (* ?x1526 (+ x (* (- 1) s)))) (* 6 (* s00 (+ x (* (- 1) s)))) (* (- 4) (* r00 ?x3080 ?x3080)) ?x2400 (* 6 (* x00 ?x3080)) (* (- 12) (* s00 ?x3080)) (* 2 (* r00 s00 ?x3080)) ?x3110 (* (- 2) (* ?x1526 ?x3080 ?x3080)) (* (- 6) (* (+ x (* (- 1) s)) ?x3080)) (* 4 (* s00 s00 ?x1526)) ?x2835 ?x974 ?x2750 (* (- 2) (* s00 ?x1526 ?x3080)) (* 36 (* r00 x00 ?x1526)) (* (- 54) (* r00 (+ x (* (- 1) s)))) ?x137 ?x1509 (* 54 (* x00 ?x1526)) ?x2113 ?x1553 (* (- 24) ?x2368) (* 24 (* r00 ?x3080)) (* (- 36) (* r00 r00 (+ x (* (- 1) s)))))))
 (let ((?x585 (* (- 3) s)))
 (let ((?x2570 (* (- 6) ?x2678)))
 (let ((?x44 (* 3 s00)))
 (let ((?x678 (* 4 ?x677)))
 (let ((?x3272 (* (- 9) ?x2758)))
 (let ((?x609 (* 18 ?x608)))
 (let ((?x1049 (+ (* 9 ?x3170) ?x609 ?x3272 (* (- 2) (* ?x3080 ?x3080)) (* (- 18) (* ?x1526 (+ x (* (- 1) s)))) (* (- 6) (* r00 ?x1526 ?x3080)) (* 6 ?x601) ?x678 (* (- 18) (* r00 (+ x (* (- 1) s)))) ?x44 ?x2570 (* 18 (* x00 ?x1526)) ?x585 (* (- 18) r) (* (- 9) ?x2368) (* (- 2) (* s00 ?x3080)) (* 9 (* r00 ?x3080)) (* 6 (* r00 s00 ?x1526)))))
 (let ((?x556 (* 12 ?x555)))
 (let ((?x587 (* (- 6) x00)))
 (let ((?x56 (* 6 x)))
 (let ((?x1661 (* (- 6) ?x2758)))
 (let ((?x586 (* (- 3) r00)))
 (let ((?x2213 (+ (* 2 ?x3170) (* (- 12) ?x2185) (* (- 15) r) ?x44 ?x2113 ?x586 (* 4 ?x2368) ?x1661 ?x56 ?x587 ?x556)))
 (let ((?x385 (* r00 r00)))
 (let ((?x1950 (* (- 3) ?x385)))
 (let ((?x364 (* (- 1) s)))
 (let (($x2197 (= (+ s00 ?x364 (* (- 6) r) (* 3 (* ?x1526 ?x1526)) ?x1950) 3)))
 (let (($x2055 (not $x2197)))
 (let (($x3413 (or $x2055 (not (= ?x2213 6)) (not (= ?x1049 9)) (not (= ?x2578 27)) $x3257 $x848)))
 (let ((?x1990 (* r00 r00 s)))
 (let ((?x1295 (* 36 ?x1990)))
 (let ((?x2174 (+ ?x2406 ?x2006 ?x2935 (* 15 (* s s)) (* (- 216) (* r00 r00 r00 s)) ?x1187 (* (- 4) (* s s s)) (* 108 (* x x)) ?x2514 (* (- 12) (* s00 s s)) (* 108 (* s00 x)) ?x1138 ?x2655 (* 108 (* x00 s)) (* 432 (* r00 r00 r00 x)) (* (- 66) (* s00 s)) (* 108 (* r00 s00 s)) ?x3540 (* (- 216) (* r00 s00 x)) (* 36 (* r00 r00 s s)) ?x2369 (* (- 108) (* x s)) ?x1295 ?x3486 (* (- 108) (* r00 x)) ?x137 ?x1509 ?x2113 (* 54 (* r00 s)) (* (- 216) (* x00 x)) ?x3597)))
 (let (($x1378 (= ?x2174 0)))
 (let ((?x3071 (* r00 r00 x)))
 (let ((?x3153 (* (- 36) ?x3071)))
 (let ((?x2399 (* r00 s s)))
 (let ((?x3138 (* (- 4) ?x2399)))
 (let ((?x3300 (+ (* 24 (* s r)) ?x2705 (* (- 36) (* r00 x r)) ?x2186 (* (- 3) (* s s)) (* (- 54) (* x r)) (* 6 (* s00 x)) ?x3138 ?x2400 (* 6 (* x00 s)) (* (- 12) (* s00 s)) (* 2 (* r00 s00 s)) ?x3110 (* (- 2) (* s s r)) (* (- 6) (* x s)) (* 4 (* s00 s00 r)) ?x1295 ?x974 ?x2750 (* (- 2) (* s00 s r)) (* 36 (* r00 x00 r)) (* (- 54) (* r00 x)) ?x137 ?x1509 (* 54 (* x00 r)) ?x2113 (* (- 24) (* s00 r)) (* 24 (* r00 s)) ?x3153)))
 (let ((?x2061 (* r00 x)))
 (let ((?x2346 (* (- 18) ?x2061)))
 (let ((?x631 (* s s)))
 (let ((?x2327 (* (- 2) ?x631)))
 (let ((?x857 (+ (* 9 (* s r)) ?x609 ?x3272 ?x2327 (* (- 18) (* x r)) (* (- 6) (* r00 s r)) (* 6 ?x1990) ?x678 ?x2346 ?x44 ?x2570 (* 18 (* x00 r)) ?x585 (* (- 9) (* s00 r)) (* (- 2) (* s00 s)) (* 9 (* r00 s)) (* 6 (* r00 s00 r)))))
 (let ((?x43 (* 3 r)))
 (let ((?x2116 (+ (* 2 (* s r)) (* (- 12) (* r00 r00 r)) ?x43 ?x44 ?x585 ?x586 (* 4 (* s00 r)) ?x1661 ?x56 ?x587 ?x556)))
 (let (($x3245 (= (+ s00 ?x364 (* 3 (* r r)) ?x1950) 0)))
 (and $x3245 (= ?x2116 0) (= ?x857 0) (= ?x3300 0) $x1378 $x3413))))))))))))))))))))))))))))))))))))))))))))))))))))))))))))))))))))))))))))))))))))))))))))))) :qid k!40))
 ))
 (let ((?x1768 (lambda ((r Int) (s Int) (x Int) )(let ((?x555 (* r00 r00 r00)))
 (let ((?x569 (* (- 12) ?x555)))
 (let ((?x512 (* s00 r00)))
 (let ((?x513 (* 6 ?x512)))
 (let ((?x485 (* r s00)))
 (let ((?x499 (* (- 4) ?x485)))
 (let ((?x435 (* r r00 r00)))
 (let ((?x436 (* 12 ?x435)))
 (let ((?x429 (* r s)))
 (let ((?x430 (* (- 2) ?x429)))
 (let ((?x385 (* r00 r00)))
 (let ((?x1591 (* 12 ?x385)))
 (let ((?x59 (* 6 x00)))
 (let ((?x48 (* 3 r00)))
 (let ((?x1733 (* (- 7) s00)))
 (let ((?x534 (* (- 6) x)))
 (let ((?x1795 (* 7 s)))
 (let ((?x1934 (* (- 3) r)))
 (let ((?x1764 (+ ?x1934 ?x1795 ?x534 ?x1733 ?x48 ?x59 (* (- 12) (* r r)) ?x1591 ?x430 ?x436 ?x499 ?x513 ?x569)))
 (let ((?x4019 (* (- 324) (* r r s s))))
 (let ((?x4044 (* (- 108) (* r s s s))))
 (let ((?x4002 (* (- 9) (* s s s s))))
 (let ((?x4037 (* (- 108) (* r s x x))))
 (let ((?x3650 (* (- 324) (* r r x x))))
 (let ((?x4040 (* 18 (* s s s x))))
 (let ((?x4041 (* 216 (* r s s x))))
 (let ((?x4042 (* 648 (* r r s x))))
 (let ((?x211 (* 6 r)))
 (let ((?x1493 (+ 3 ?x211 s)))
 (let ((?x364 (* (- 1) s)))
 (let ((?x1752 (+ ?x364 x)))
 (let ((?x1526 (+ 1 r)))
 (let ((?x4119 (* (- 48) (* s x x))))
 (let ((?x3732 (* (- 9) (* s s x x))))
 (let ((?x978 (* x x)))
 (let ((?x4117 (* (- 63) ?x978)))
 (let ((?x909 (* s x)))
 (let ((?x4116 (* 126 ?x909)))
 (let ((?x631 (* s s)))
 (let ((?x4114 (* (- 63) ?x631)))
 (let ((?x1657 (+ ?x4114 (* (- 288) (* r s s)) ?x4116 (* (- 48) (* s s s)) ?x4117 (* 576 (* r s x)) ?x3732 ?x4119 (* 5 (* ?x1526 ?x1526 ?x1752 ?x1493 ?x1493)) (* 96 (* s s x)) (* (- 288) (* r x x)) ?x4042 ?x4041 ?x4040 ?x3650 ?x4037 ?x4002 ?x4044 ?x4019)))
 (let ((?x3328 (* r r s00)))
 (let ((?x3982 (* 432 ?x3328)))
 (let ((?x3017 (* r r s)))
 (let ((?x3978 (* 432 ?x3017)))
 (let ((?x3002 (* r r r)))
 (let ((?x3977 (* 864 ?x3002)))
 (let ((?x3971 (* 1296 (* r r00 r00 r00))))
 (let ((?x1456 (* x00 x00)))
 (let ((?x1486 (* (- 108) ?x1456)))
 (let ((?x1431 (* 216 (* x x00))))
 (let ((?x1294 (* s00 s00 s00)))
 (let ((?x1485 (* (- 16) ?x1294)))
 (let ((?x1483 (* (- 36) (* s s r00 r00))))
 (let ((?x1265 (* 216 (* x s00 r00))))
 (let ((?x1482 (* (- 432) (* x r00 r00 r00))))
 (let ((?x1182 (* s00 r00 r00 r00)))
 (let ((?x1481 (* (- 216) ?x1182)))
 (let ((?x1067 (* 12 (* s s s00))))
 (let ((?x1025 (* r s s00)))
 (let ((?x3958 (* 144 ?x1025)))
 (let ((?x1008 (* r00 r00 r00 x00)))
 (let ((?x1009 (* 432 ?x1008)))
 (let ((?x1480 (* (- 108) ?x978)))
 (let ((?x915 (* s s s)))
 (let ((?x917 (* 4 ?x915)))
 (let ((?x905 (* r s s)))
 (let ((?x3957 (* 72 ?x905)))
 (let ((?x901 (* s00 x00)))
 (let ((?x1239 (* 108 ?x901)))
 (let ((?x865 (* s00 s00 r00 r00)))
 (let ((?x866 (* 36 ?x865)))
 (let ((?x824 (* s x00)))
 (let ((?x3955 (* (- 324) ?x824)))
 (let ((?x778 (* s00 s00 r00)))
 (let ((?x1136 (* 108 ?x778)))
 (let ((?x733 (* s00 r00 r00)))
 (let ((?x1096 (* 36 ?x733)))
 (let ((?x707 (* x s00)))
 (let ((?x1476 (* (- 108) ?x707)))
 (let ((?x703 (* x r00)))
 (let ((?x1342 (* 108 ?x703)))
 (let ((?x677 (* s00 s00)))
 (let ((?x1475 (* (- 51) ?x677)))
 (let ((?x635 (* r x)))
 (let ((?x3951 (* 648 ?x635)))
 (let ((?x608 (* r00 x00)))
 (let ((?x1472 (* (- 108) ?x608)))
 (let ((?x604 (* s00 r00 x00)))
 (let ((?x1471 (* (- 216) ?x604)))
 (let ((?x3948 (* 648 ?x555)))
 (let ((?x695 (* (- 270) ?x512)))
 (let ((?x3947 (* 828 ?x485)))
 (let ((?x691 (* (- 432) ?x385)))
 (let ((?x3942 (* (- 324) x00)))
 (let ((?x1947 (* (- 162) r00)))
 (let ((?x3941 (* 297 s00)))
 (let ((?x3657 (* 324 x)))
 (let ((?x1362 (+ (* 162 r) (* (- 297) s) ?x3657 ?x3941 ?x1947 ?x3942 (* 756 (* r r)) ?x691 (* (- 396) ?x429) (* (- 1512) ?x435) ?x3947 ?x695 ?x3948 ?x1471 ?x1472 (* (- 195) ?x631) ?x3951 (* (- 252) (* s r00 r00)) ?x1475 ?x1342 ?x1476 ?x1096 (* (- 648) (* r x00)) (* 648 (* s r00 r00 r00)) (* 246 (* s s00)) ?x1136 (* (- 162) (* s r00)) (* (- 648) (* r s00 r00)) ?x3955 ?x866 (* (- 324) (* s s00 r00)) ?x1239 ?x3957 (* 324 ?x909) ?x917 ?x1480 ?x1009 ?x3958 ?x1067 ?x1481 ?x1482 ?x1265 ?x1483 ?x1485 ?x1431 ?x1486 (* (- 324) (* r r00)) ?x3971 ?x3977 (* (- 432) (* r s r00 r00)) ?x3978 (* (- 1296) (* r r r00 r00)) ?x3982)))
 (let ((?x1169 (* 36 (* x r00 r00))))
 (let ((?x1037 (* r r00 x00)))
 (let ((?x1050 (* (- 36) ?x1037)))
 (let ((?x1026 (* 2 ?x1025)))
 (let ((?x973 (* r00 r00 x00)))
 (let ((?x986 (* (- 36) ?x973)))
 (let ((?x921 (* r s00 s00)))
 (let ((?x934 (* (- 4) ?x921)))
 (let ((?x910 (* 6 ?x909)))
 (let ((?x906 (* 2 ?x905)))
 (let ((?x902 (* 6 ?x901)))
 (let ((?x875 (* s s00 r00)))
 (let ((?x888 (* (- 2) ?x875)))
 (let ((?x851 (* (- 6) ?x824)))
 (let ((?x796 (* (- 2) ?x778)))
 (let ((?x751 (* 4 (* s s r00))))
 (let ((?x722 (* (- 6) ?x707)))
 (let ((?x672 (* (- 19) ?x677)))
 (let ((?x655 (* 36 (* r x r00))))
 (let ((?x668 (* (- 90) ?x608)))
 (let ((?x2085 (* 18 ?x512)))
 (let ((?x1797 (* (- 108) ?x385)))
 (let ((?x1793 (* (- 72) x00)))
 (let ((?x4056 (* (- 36) r00)))
 (let ((?x1792 (* 57 s00)))
 (let ((?x852 (+ (* 36 r) (* (- 57) s) (* 72 x) ?x1792 ?x4056 ?x1793 (* 108 (* r r)) ?x1797 (* (- 42) ?x429) (* (- 216) ?x435) (* 114 ?x485) ?x2085 ?x668 (* (- 1) ?x631) (* 90 ?x635) (* 12 (* r s r00)) (* (- 72) (* s r00 r00)) ?x655 ?x672 (* 90 ?x703) ?x722 ?x1096 (* (- 90) (* r x00)) ?x751 (* 20 (* s s00)) ?x796 (* (- 90) (* s r00)) (* (- 12) (* r s00 r00)) ?x851 ?x888 ?x902 ?x906 ?x910 ?x934 ?x986 ?x1026 ?x1050 ?x1169 (* 144 (* r r r00)) (* 72 ?x3002) (* 24 ?x3017) (* 12 ?x3328))))
 (let ((?x812 (* r s00 r00)))
 (let ((?x825 (* (- 6) ?x812)))
 (let ((?x774 (* s s00)))
 (let ((?x775 (* 2 ?x774)))
 (let ((?x745 (* r x00)))
 (let ((?x758 (* (- 18) ?x745)))
 (let ((?x734 (* 6 ?x733)))
 (let ((?x704 (* 18 ?x703)))
 (let ((?x690 (* (- 4) ?x677)))
 (let ((?x651 (* s r00 r00)))
 (let ((?x664 (* (- 6) ?x651)))
 (let ((?x639 (* r s r00)))
 (let ((?x640 (* 6 ?x639)))
 (let ((?x636 (* 18 ?x635)))
 (let ((?x632 (* 2 ?x631)))
 (let ((?x622 (* (- 18) ?x608)))
 (let ((?x3187 (* 3 ?x512)))
 (let ((?x3182 (* (- 18) ?x385)))
 (let ((?x3169 (* (- 18) x00)))
 (let ((?x2666 (* (- 9) r00)))
 (let ((?x3797 (* 12 s00)))
 (let ((?x2530 (+ (* 9 r) (* (- 12) s) (* 18 x) ?x3797 ?x2666 ?x3169 (* 18 (* r r)) ?x3182 (* (- 3) ?x429) (* (- 36) ?x435) (* 21 ?x485) ?x3187 ?x622 ?x632 ?x636 ?x640 ?x664 ?x690 ?x704 ?x734 ?x758 ?x775 (* (- 21) (* s r00)) ?x825 (* 36 (* r r r00)))))
 (let ((?x556 (* 12 ?x555)))
 (let ((?x590 (* (- 6) ?x512)))
 (let ((?x486 (* 4 ?x485)))
 (let ((?x589 (* (- 12) ?x435)))
 (let ((?x588 (* 2 ?x429)))
 (let ((?x2432 (* (- 12) ?x385)))
 (let ((?x587 (* (- 6) x00)))
 (let ((?x586 (* (- 3) r00)))
 (let ((?x3583 (* 7 s00)))
 (let ((?x56 (* 6 x)))
 (let ((?x43 (* 3 r)))
 (let ((?x2867 (+ ?x43 (* (- 7) s) ?x56 ?x3583 ?x586 ?x587 (* 12 (* r r)) ?x2432 ?x588 ?x589 ?x486 ?x590 ?x556)))
 (let (($x418 (= (+ s (* (- 1) s00) (* (- 3) (* r r)) (* 3 ?x385)) 0)))
 (let (($x1762 (or (not $x418) (not (= ?x2867 0)) (not (= ?x2530 0)) (not (= ?x852 0)) (not (= ?x1362 0)) (not (= (* ?x1657 ?x1764) 0)))))
 (let ((?x1306 (* 108 ?x909)))
 (let ((?x756 (* s r00 r00 r00)))
 (let ((?x757 (* 216 ?x756)))
 (let ((?x960 (* (- 36) ?x651)))
 (let ((?x614 (* 54 ?x512)))
 (let ((?x1083 (* (- 9) s00)))
 (let ((?x143 (* 9 s)))
 (let ((?x1487 (+ ?x143 ?x1083 ?x614 ?x1471 ?x1472 (* (- 15) ?x631) ?x960 ?x1475 ?x1342 ?x1476 ?x1096 ?x757 (* 66 ?x774) ?x1136 (* (- 54) (* s r00)) (* (- 108) ?x824) ?x866 (* (- 108) ?x875) ?x1239 ?x1306 ?x917 ?x1480 ?x1009 ?x1067 ?x1481 ?x1482 ?x1265 ?x1483 ?x1485 ?x1431 ?x1486)))
 (let (($x1488 (= ?x1487 0)))
 (let ((?x1012 (* (- 15) ?x677)))
 (let ((?x663 (* 3 ?x631)))
 (let ((?x645 (* (- 54) ?x608)))
 (let ((?x660 (* 24 ?x512)))
 (let ((?x1175 (+ ?x143 ?x1083 (* (- 24) ?x429) (* 24 ?x485) ?x660 ?x645 ?x663 (* 54 ?x635) ?x960 ?x655 ?x1012 (* 54 ?x703) ?x722 ?x1096 (* (- 54) ?x745) ?x751 (* 12 ?x774) ?x796 (* (- 24) (* s r00)) ?x851 ?x888 ?x902 ?x906 ?x910 ?x934 ?x986 ?x1026 ?x1050 ?x1169)))
 (let (($x1180 (= ?x1175 0)))
 (let ((?x627 (* 9 ?x512)))
 (let ((?x464 (* (- 3) s00)))
 (let ((?x47 (* 3 s)))
 (let ((?x831 (+ ?x47 ?x464 (* (- 9) ?x429) (* 9 ?x485) ?x627 ?x622 ?x632 ?x636 ?x640 ?x664 ?x690 ?x704 ?x734 ?x758 ?x775 (* (- 9) (* s r00)) ?x825)))
 (let (($x838 (= ?x831 0)))
 (let ((?x44 (* 3 s00)))
 (let ((?x585 (* (- 3) s)))
 (let (($x592 (= (+ ?x43 ?x585 ?x56 ?x44 ?x586 ?x587 ?x588 ?x589 ?x486 ?x590 ?x556) 0)))
 (let (($x1536 (and $x418 $x592 $x838 $x1180 $x1488 $x1762)))
 (let ((?x2758 (* r00 s00)))
 (let ((?x2863 (* 6 ?x2758)))
 (let ((?x2368 (* s00 ?x1526)))
 (let ((?x2928 (* (- 4) ?x2368)))
 (let ((?x2275 (* 15 r)))
 (let ((?x2185 (* r00 r00 ?x1526)))
 (let ((?x2407 (* 12 ?x2185)))
 (let ((?x3080 (+ 3 s ?x211)))
 (let ((?x3170 (* ?x1526 ?x3080)))
 (let ((?x2890 (* (- 2) ?x3170)))
 (let ((?x1667 (+ (* 5 (* ?x1526 ?x1526 (+ x ?x364) ?x3080 ?x3080)) (* (- 9) (* (+ x ?x364) (+ x ?x364) ?x3080 ?x3080)) (* 6 (* (+ x ?x364) (+ x ?x364) ?x3080)))))
 (let ((?x1982 (* ?x1667 (+ 6 ?x2890 ?x2407 ?x2275 ?x464 ?x143 ?x48 ?x2928 ?x2863 ?x534 ?x59 ?x569))))
 (let (($x848 (not (= ?x1982 0))))
 (let ((?x3597 (* 108 ?x1456)))
 (let ((?x1553 (* (- 54) r)))
 (let ((?x2113 (* (- 9) s)))
 (let ((?x2678 (* r00 r00 s00)))
 (let ((?x1509 (* (- 36) ?x2678)))
 (let ((?x137 (* 9 s00)))
 (let ((?x3486 (* 51 ?x677)))
 (let ((?x601 (* r00 r00 ?x3080)))
 (let ((?x2835 (* 36 ?x601)))
 (let ((?x2369 (* 16 ?x1294)))
 (let ((?x3540 (* (- 108) ?x901)))
 (let ((?x2655 (* 216 (* r00 r00 r00 s00))))
 (let ((?x2543 (* r00 s00 s00)))
 (let ((?x1138 (* (- 108) ?x2543)))
 (let ((?x2514 (* (- 432) ?x1008)))
 (let ((?x1187 (* (- 36) (* r00 r00 s00 s00))))
 (let ((?x2935 (* (- 54) ?x2758)))
 (let ((?x2006 (* 108 ?x608)))
 (let ((?x2406 (* 216 (* r00 s00 x00))))
 (let ((?x2859 (+ ?x2406 ?x2006 ?x2935 (* 15 (* ?x3080 ?x3080)) (* (- 216) (* r00 r00 r00 ?x3080)) ?x1187 (* (- 4) (* ?x3080 ?x3080 ?x3080)) (* 108 (* (+ x ?x364) (+ x ?x364))) ?x2514 (* (- 12) (* s00 ?x3080 ?x3080)) (* 108 (* s00 (+ x ?x364))) ?x1138 ?x2655 (* 108 (* x00 ?x3080)) (* 432 (* r00 r00 r00 (+ x ?x364))) (* (- 66) (* s00 ?x3080)) (* 108 (* r00 s00 ?x3080)) ?x3540 (* (- 216) (* r00 s00 (+ x ?x364))) (* 36 (* r00 r00 ?x3080 ?x3080)) ?x2369 (* (- 108) (* (+ x ?x364) ?x3080)) ?x2835 ?x3486 (* (- 108) (* r00 (+ x ?x364))) ?x137 ?x1509 ?x2113 ?x1553 (* 54 (* r00 ?x3080)) (* (- 216) (* x00 (+ x ?x364))) ?x3597)))
 (let (($x3257 (not (= ?x2859 27))))
 (let ((?x2750 (* 15 ?x677)))
 (let ((?x974 (* 36 ?x973)))
 (let ((?x3110 (* (- 6) ?x901)))
 (let ((?x2400 (* 2 ?x2543)))
 (let ((?x2186 (* (- 24) ?x2758)))
 (let ((?x2705 (* 54 ?x608)))
 (let ((?x2578 (+ (* 24 ?x3170) ?x2705 (* (- 36) (* r00 ?x1526 (+ x ?x364))) ?x2186 (* (- 3) (* ?x3080 ?x3080)) (* (- 54) (* ?x1526 (+ x ?x364))) (* 6 (* s00 (+ x ?x364))) (* (- 4) (* r00 ?x3080 ?x3080)) ?x2400 (* 6 (* x00 ?x3080)) (* (- 12) (* s00 ?x3080)) (* 2 (* r00 s00 ?x3080)) ?x3110 (* (- 2) (* ?x1526 ?x3080 ?x3080)) (* (- 6) (* (+ x ?x364) ?x3080)) (* 4 (* s00 s00 ?x1526)) ?x2835 ?x974 ?x2750 (* (- 2) (* s00 ?x1526 ?x3080)) (* 36 (* r00 x00 ?x1526)) (* (- 54) (* r00 (+ x ?x364))) ?x137 ?x1509 (* 54 (* x00 ?x1526)) ?x2113 ?x1553 (* (- 24) ?x2368) (* 24 (* r00 ?x3080)) (* (- 36) (* r00 r00 (+ x ?x364))))))
 (let ((?x2570 (* (- 6) ?x2678)))
 (let ((?x678 (* 4 ?x677)))
 (let ((?x3272 (* (- 9) ?x2758)))
 (let ((?x609 (* 18 ?x608)))
 (let ((?x1049 (+ (* 9 ?x3170) ?x609 ?x3272 (* (- 2) (* ?x3080 ?x3080)) (* (- 18) (* ?x1526 (+ x ?x364))) (* (- 6) (* r00 ?x1526 ?x3080)) (* 6 ?x601) ?x678 (* (- 18) (* r00 (+ x ?x364))) ?x44 ?x2570 (* 18 (* x00 ?x1526)) ?x585 (* (- 18) r) (* (- 9) ?x2368) (* (- 2) (* s00 ?x3080)) (* 9 (* r00 ?x3080)) (* 6 (* r00 s00 ?x1526)))))
 (let ((?x1661 (* (- 6) ?x2758)))
 (let ((?x2213 (+ (* 2 ?x3170) (* (- 12) ?x2185) (* (- 15) r) ?x44 ?x2113 ?x586 (* 4 ?x2368) ?x1661 ?x56 ?x587 ?x556)))
 (let ((?x1950 (* (- 3) ?x385)))
 (let (($x2197 (= (+ s00 ?x364 (* (- 6) r) (* 3 (* ?x1526 ?x1526)) ?x1950) 3)))
 (let (($x2055 (not $x2197)))
 (let (($x3413 (or $x2055 (not (= ?x2213 6)) (not (= ?x1049 9)) (not (= ?x2578 27)) $x3257 $x848)))
 (let ((?x1990 (* r00 r00 s)))
 (let ((?x1295 (* 36 ?x1990)))
 (let ((?x2174 (+ ?x2406 ?x2006 ?x2935 (* 15 ?x631) (* (- 216) (* r00 r00 r00 s)) ?x1187 (* (- 4) ?x915) (* 108 ?x978) ?x2514 (* (- 12) (* s00 s s)) (* 108 (* s00 x)) ?x1138 ?x2655 (* 108 (* x00 s)) (* 432 (* r00 r00 r00 x)) (* (- 66) (* s00 s)) (* 108 (* r00 s00 s)) ?x3540 (* (- 216) (* r00 s00 x)) (* 36 (* r00 r00 s s)) ?x2369 (* (- 108) (* x s)) ?x1295 ?x3486 (* (- 108) (* r00 x)) ?x137 ?x1509 ?x2113 (* 54 (* r00 s)) (* (- 216) (* x00 x)) ?x3597)))
 (let (($x1378 (= ?x2174 0)))
 (let ((?x3071 (* r00 r00 x)))
 (let ((?x3153 (* (- 36) ?x3071)))
 (let ((?x2399 (* r00 s s)))
 (let ((?x3138 (* (- 4) ?x2399)))
 (let ((?x3300 (+ (* 24 (* s r)) ?x2705 (* (- 36) (* r00 x r)) ?x2186 (* (- 3) ?x631) (* (- 54) (* x r)) (* 6 (* s00 x)) ?x3138 ?x2400 (* 6 (* x00 s)) (* (- 12) (* s00 s)) (* 2 (* r00 s00 s)) ?x3110 (* (- 2) (* s s r)) (* (- 6) (* x s)) (* 4 (* s00 s00 r)) ?x1295 ?x974 ?x2750 (* (- 2) (* s00 s r)) (* 36 (* r00 x00 r)) (* (- 54) (* r00 x)) ?x137 ?x1509 (* 54 (* x00 r)) ?x2113 (* (- 24) (* s00 r)) (* 24 (* r00 s)) ?x3153)))
 (let ((?x2061 (* r00 x)))
 (let ((?x2346 (* (- 18) ?x2061)))
 (let ((?x2327 (* (- 2) ?x631)))
 (let ((?x857 (+ (* 9 (* s r)) ?x609 ?x3272 ?x2327 (* (- 18) (* x r)) (* (- 6) (* r00 s r)) (* 6 ?x1990) ?x678 ?x2346 ?x44 ?x2570 (* 18 (* x00 r)) ?x585 (* (- 9) (* s00 r)) (* (- 2) (* s00 s)) (* 9 (* r00 s)) (* 6 (* r00 s00 r)))))
 (let ((?x2116 (+ (* 2 (* s r)) (* (- 12) (* r00 r00 r)) ?x43 ?x44 ?x585 ?x586 (* 4 (* s00 r)) ?x1661 ?x56 ?x587 ?x556)))
 (let (($x3245 (= (+ s00 ?x364 (* 3 (* r r)) ?x1950) 0)))
 (let (($x2988 (and $x3245 (= ?x2116 0) (= ?x857 0) (= ?x3300 0) $x1378 $x3413)))
 (rewrite (= $x2988 $x1536))))))))))))))))))))))))))))))))))))))))))))))))))))))))))))))))))))))))))))))))))))))))))))))))))))))))))))))))))))))))))))))))))))))))))))))))))))))))))))))))))))))))))))))))))))))))))))))))))))))))))))))))))))))))))))))))))))))))))))))))))))))))))))))))
 ))
 (let (($x3885 (exists ((r Int) (s Int) (x Int) )(! (let ((?x555 (* r00 r00 r00)))
 (let ((?x569 (* (- 12) ?x555)))
 (let ((?x59 (* 6 x00)))
 (let ((?x534 (* (- 6) x)))
 (let ((?x2758 (* r00 s00)))
 (let ((?x2863 (* 6 ?x2758)))
 (let ((?x1526 (+ 1 r)))
 (let ((?x2368 (* s00 ?x1526)))
 (let ((?x2928 (* (- 4) ?x2368)))
 (let ((?x48 (* 3 r00)))
 (let ((?x143 (* 9 s)))
 (let ((?x464 (* (- 3) s00)))
 (let ((?x2275 (* 15 r)))
 (let ((?x2185 (* r00 r00 ?x1526)))
 (let ((?x2407 (* 12 ?x2185)))
 (let ((?x211 (* 6 r)))
 (let ((?x3080 (+ 3 s ?x211)))
 (let ((?x3170 (* ?x1526 ?x3080)))
 (let ((?x2890 (* (- 2) ?x3170)))
 (let ((?x1923 (* (- 9) (* (+ x (* (- 1) s)) (+ x (* (- 1) s)) ?x3080 ?x3080))))
 (let ((?x1667 (+ (* 5 (* ?x1526 ?x1526 (+ x (* (- 1) s)) ?x3080 ?x3080)) ?x1923 (* 6 (* (+ x (* (- 1) s)) (+ x (* (- 1) s)) ?x3080)))))
 (let ((?x1982 (* ?x1667 (+ 6 ?x2890 ?x2407 ?x2275 ?x464 ?x143 ?x48 ?x2928 ?x2863 ?x534 ?x59 ?x569))))
 (let (($x848 (not (= ?x1982 0))))
 (let ((?x1456 (* x00 x00)))
 (let ((?x3597 (* 108 ?x1456)))
 (let ((?x1553 (* (- 54) r)))
 (let ((?x2113 (* (- 9) s)))
 (let ((?x2678 (* r00 r00 s00)))
 (let ((?x1509 (* (- 36) ?x2678)))
 (let ((?x137 (* 9 s00)))
 (let ((?x677 (* s00 s00)))
 (let ((?x3486 (* 51 ?x677)))
 (let ((?x601 (* r00 r00 ?x3080)))
 (let ((?x2835 (* 36 ?x601)))
 (let ((?x1294 (* s00 s00 s00)))
 (let ((?x2369 (* 16 ?x1294)))
 (let ((?x901 (* s00 x00)))
 (let ((?x3540 (* (- 108) ?x901)))
 (let ((?x2655 (* 216 (* r00 r00 r00 s00))))
 (let ((?x2543 (* r00 s00 s00)))
 (let ((?x1138 (* (- 108) ?x2543)))
 (let ((?x1008 (* r00 r00 r00 x00)))
 (let ((?x2514 (* (- 432) ?x1008)))
 (let ((?x1187 (* (- 36) (* r00 r00 s00 s00))))
 (let ((?x2935 (* (- 54) ?x2758)))
 (let ((?x608 (* r00 x00)))
 (let ((?x2006 (* 108 ?x608)))
 (let ((?x2406 (* 216 (* r00 s00 x00))))
 (let ((?x2859 (+ ?x2406 ?x2006 ?x2935 (* 15 (* ?x3080 ?x3080)) (* (- 216) (* r00 r00 r00 ?x3080)) ?x1187 (* (- 4) (* ?x3080 ?x3080 ?x3080)) (* 108 (* (+ x (* (- 1) s)) (+ x (* (- 1) s)))) ?x2514 (* (- 12) (* s00 ?x3080 ?x3080)) (* 108 (* s00 (+ x (* (- 1) s)))) ?x1138 ?x2655 (* 108 (* x00 ?x3080)) (* 432 (* r00 r00 r00 (+ x (* (- 1) s)))) (* (- 66) (* s00 ?x3080)) (* 108 (* r00 s00 ?x3080)) ?x3540 (* (- 216) (* r00 s00 (+ x (* (- 1) s)))) (* 36 (* r00 r00 ?x3080 ?x3080)) ?x2369 (* (- 108) (* (+ x (* (- 1) s)) ?x3080)) ?x2835 ?x3486 (* (- 108) (* r00 (+ x (* (- 1) s)))) ?x137 ?x1509 ?x2113 ?x1553 (* 54 (* r00 ?x3080)) (* (- 216) (* x00 (+ x (* (- 1) s)))) ?x3597)))
 (let (($x3257 (not (= ?x2859 27))))
 (let ((?x2064 (* 36 ?x2678)))
 (let ((?x1083 (* (- 9) s00)))
 (let ((?x1012 (* (- 15) ?x677)))
 (let ((?x973 (* r00 r00 x00)))
 (let ((?x986 (* (- 36) ?x973)))
 (let ((?x902 (* 6 ?x901)))
 (let ((?x2504 (* (- 2) ?x2543)))
 (let ((?x2579 (* 24 ?x2758)))
 (let ((?x645 (* (- 54) ?x608)))
 (let ((?x3251 (+ (* (- 24) ?x3170) ?x645 (* 36 (* r00 ?x1526 (+ x (* (- 1) s)))) ?x2579 (* 3 (* ?x3080 ?x3080)) (* 54 (* ?x1526 (+ x (* (- 1) s)))) (* (- 6) (* s00 (+ x (* (- 1) s)))) (* 4 (* r00 ?x3080 ?x3080)) ?x2504 (* (- 6) (* x00 ?x3080)) (* 12 (* s00 ?x3080)) (* (- 2) (* r00 s00 ?x3080)) ?x902 (* 2 (* ?x1526 ?x3080 ?x3080)) (* 6 (* (+ x (* (- 1) s)) ?x3080)) (* (- 4) (* s00 s00 ?x1526)) (* (- 36) ?x601) ?x986 ?x1012 (* 2 (* s00 ?x1526 ?x3080)) (* (- 36) (* r00 x00 ?x1526)) (* 54 (* r00 (+ x (* (- 1) s)))) ?x1083 ?x2064 (* (- 54) (* x00 ?x1526)) ?x143 (* 54 r) (* 24 ?x2368) (* (- 24) (* r00 ?x3080)) (* 36 (* r00 r00 (+ x (* (- 1) s)))))))
 (let ((?x47 (* 3 s)))
 (let ((?x2887 (* 6 ?x2678)))
 (let ((?x690 (* (- 4) ?x677)))
 (let ((?x1960 (* 9 ?x2758)))
 (let ((?x622 (* (- 18) ?x608)))
 (let ((?x3870 (+ (* (- 9) ?x3170) ?x622 ?x1960 (* 2 (* ?x3080 ?x3080)) (* 18 (* ?x1526 (+ x (* (- 1) s)))) (* 6 (* r00 ?x1526 ?x3080)) (* (- 6) ?x601) ?x690 (* 18 (* r00 (+ x (* (- 1) s)))) ?x464 ?x2887 (* (- 18) (* x00 ?x1526)) ?x47 (* 18 r) (* 9 ?x2368) (* 2 (* s00 ?x3080)) (* (- 9) (* r00 ?x3080)) (* (- 6) (* r00 s00 ?x1526)))))
 (let (($x3740 (= (+ ?x2890 ?x2407 ?x2275 ?x464 ?x143 ?x48 ?x2928 ?x2863 ?x534 ?x59 ?x569) (- 6))))
 (let ((?x385 (* r00 r00)))
 (let ((?x1950 (* (- 3) ?x385)))
 (let ((?x364 (* (- 1) s)))
 (let (($x2197 (= (+ s00 ?x364 (* (- 6) r) (* 3 (* ?x1526 ?x1526)) ?x1950) 3)))
 (let (($x2055 (not $x2197)))
 (let (($x3878 (or $x2055 (not $x3740) (not (= ?x3870 (- 9))) (not (= ?x3251 (- 27))) $x3257 $x848)))
 (let ((?x1990 (* r00 r00 s)))
 (let ((?x1295 (* 36 ?x1990)))
 (let ((?x2174 (+ ?x2406 ?x2006 ?x2935 (* 15 (* s s)) (* (- 216) (* r00 r00 r00 s)) ?x1187 (* (- 4) (* s s s)) (* 108 (* x x)) ?x2514 (* (- 12) (* s00 s s)) (* 108 (* s00 x)) ?x1138 ?x2655 (* 108 (* x00 s)) (* 432 (* r00 r00 r00 x)) (* (- 66) (* s00 s)) (* 108 (* r00 s00 s)) ?x3540 (* (- 216) (* r00 s00 x)) (* 36 (* r00 r00 s s)) ?x2369 (* (- 108) (* x s)) ?x1295 ?x3486 (* (- 108) (* r00 x)) ?x137 ?x1509 ?x2113 (* 54 (* r00 s)) (* (- 216) (* x00 x)) ?x3597)))
 (let (($x1378 (= ?x2174 0)))
 (let ((?x2739 (* (- 36) ?x1990)))
 (let ((?x631 (* s s)))
 (let ((?x663 (* 3 ?x631)))
 (let ((?x2658 (+ (* (- 24) (* s r)) ?x645 (* 36 (* r00 x r)) ?x2579 ?x663 (* 54 (* x r)) (* (- 6) (* s00 x)) (* 4 (* r00 s s)) ?x2504 (* (- 6) (* x00 s)) (* 12 (* s00 s)) (* (- 2) (* r00 s00 s)) ?x902 (* 2 (* s s r)) (* 6 (* x s)) (* (- 4) (* s00 s00 r)) ?x2739 ?x986 ?x1012 (* 2 (* s00 s r)) (* (- 36) (* r00 x00 r)) (* 54 (* r00 x)) ?x1083 ?x2064 (* (- 54) (* x00 r)) ?x143 (* 24 (* s00 r)) (* (- 24) (* r00 s)) (* 36 (* r00 r00 x)))))
 (let ((?x632 (* 2 ?x631)))
 (let ((?x2105 (+ (* (- 9) (* s r)) ?x622 ?x1960 ?x632 (* 18 (* x r)) (* 6 (* r00 s r)) (* (- 6) ?x1990) ?x690 (* 18 (* r00 x)) ?x464 ?x2887 (* (- 18) (* x00 r)) ?x47 (* 9 (* s00 r)) (* 2 (* s00 s)) (* (- 9) (* r00 s)) (* (- 6) (* r00 s00 r)))))
 (let ((?x1934 (* (- 3) r)))
 (let ((?x2991 (+ (* (- 2) (* s r)) (* 12 (* r00 r00 r)) ?x1934 ?x464 ?x47 ?x48 (* (- 4) (* s00 r)) ?x2863 ?x534 ?x59 ?x569)))
 (let (($x3245 (= (+ s00 ?x364 (* 3 (* r r)) ?x1950) 0)))
 (and $x3245 (= ?x2991 0) (= ?x2105 0) (= ?x2658 0) $x1378 $x3878))))))))))))))))))))))))))))))))))))))))))))))))))))))))))))))))))))))))))))))))))))))) :qid k!40))
 ))
 (let ((?x2614 (lambda ((r Int) (s Int) (x Int) )(let ((?x555 (* r00 r00 r00)))
 (let ((?x569 (* (- 12) ?x555)))
 (let ((?x59 (* 6 x00)))
 (let ((?x534 (* (- 6) x)))
 (let ((?x2758 (* r00 s00)))
 (let ((?x2863 (* 6 ?x2758)))
 (let ((?x1526 (+ 1 r)))
 (let ((?x2368 (* s00 ?x1526)))
 (let ((?x2928 (* (- 4) ?x2368)))
 (let ((?x48 (* 3 r00)))
 (let ((?x143 (* 9 s)))
 (let ((?x464 (* (- 3) s00)))
 (let ((?x2275 (* 15 r)))
 (let ((?x2185 (* r00 r00 ?x1526)))
 (let ((?x2407 (* 12 ?x2185)))
 (let ((?x211 (* 6 r)))
 (let ((?x3080 (+ 3 s ?x211)))
 (let ((?x3170 (* ?x1526 ?x3080)))
 (let ((?x2890 (* (- 2) ?x3170)))
 (let ((?x1923 (* (- 9) (* (+ x (* (- 1) s)) (+ x (* (- 1) s)) ?x3080 ?x3080))))
 (let ((?x1667 (+ (* 5 (* ?x1526 ?x1526 (+ x (* (- 1) s)) ?x3080 ?x3080)) ?x1923 (* 6 (* (+ x (* (- 1) s)) (+ x (* (- 1) s)) ?x3080)))))
 (let ((?x1982 (* ?x1667 (+ 6 ?x2890 ?x2407 ?x2275 ?x464 ?x143 ?x48 ?x2928 ?x2863 ?x534 ?x59 ?x569))))
 (let (($x848 (not (= ?x1982 0))))
 (let ((?x1456 (* x00 x00)))
 (let ((?x3597 (* 108 ?x1456)))
 (let ((?x1553 (* (- 54) r)))
 (let ((?x2113 (* (- 9) s)))
 (let ((?x2678 (* r00 r00 s00)))
 (let ((?x1509 (* (- 36) ?x2678)))
 (let ((?x137 (* 9 s00)))
 (let ((?x677 (* s00 s00)))
 (let ((?x3486 (* 51 ?x677)))
 (let ((?x601 (* r00 r00 ?x3080)))
 (let ((?x2835 (* 36 ?x601)))
 (let ((?x1294 (* s00 s00 s00)))
 (let ((?x2369 (* 16 ?x1294)))
 (let ((?x901 (* s00 x00)))
 (let ((?x3540 (* (- 108) ?x901)))
 (let ((?x2655 (* 216 (* r00 r00 r00 s00))))
 (let ((?x2543 (* r00 s00 s00)))
 (let ((?x1138 (* (- 108) ?x2543)))
 (let ((?x1008 (* r00 r00 r00 x00)))
 (let ((?x2514 (* (- 432) ?x1008)))
 (let ((?x1187 (* (- 36) (* r00 r00 s00 s00))))
 (let ((?x2935 (* (- 54) ?x2758)))
 (let ((?x608 (* r00 x00)))
 (let ((?x2006 (* 108 ?x608)))
 (let ((?x2406 (* 216 (* r00 s00 x00))))
 (let ((?x2859 (+ ?x2406 ?x2006 ?x2935 (* 15 (* ?x3080 ?x3080)) (* (- 216) (* r00 r00 r00 ?x3080)) ?x1187 (* (- 4) (* ?x3080 ?x3080 ?x3080)) (* 108 (* (+ x (* (- 1) s)) (+ x (* (- 1) s)))) ?x2514 (* (- 12) (* s00 ?x3080 ?x3080)) (* 108 (* s00 (+ x (* (- 1) s)))) ?x1138 ?x2655 (* 108 (* x00 ?x3080)) (* 432 (* r00 r00 r00 (+ x (* (- 1) s)))) (* (- 66) (* s00 ?x3080)) (* 108 (* r00 s00 ?x3080)) ?x3540 (* (- 216) (* r00 s00 (+ x (* (- 1) s)))) (* 36 (* r00 r00 ?x3080 ?x3080)) ?x2369 (* (- 108) (* (+ x (* (- 1) s)) ?x3080)) ?x2835 ?x3486 (* (- 108) (* r00 (+ x (* (- 1) s)))) ?x137 ?x1509 ?x2113 ?x1553 (* 54 (* r00 ?x3080)) (* (- 216) (* x00 (+ x (* (- 1) s)))) ?x3597)))
 (let (($x3257 (not (= ?x2859 27))))
 (let ((?x2750 (* 15 ?x677)))
 (let ((?x973 (* r00 r00 x00)))
 (let ((?x974 (* 36 ?x973)))
 (let ((?x3110 (* (- 6) ?x901)))
 (let ((?x2400 (* 2 ?x2543)))
 (let ((?x2186 (* (- 24) ?x2758)))
 (let ((?x2705 (* 54 ?x608)))
 (let ((?x2578 (+ (* 24 ?x3170) ?x2705 (* (- 36) (* r00 ?x1526 (+ x (* (- 1) s)))) ?x2186 (* (- 3) (* ?x3080 ?x3080)) (* (- 54) (* ?x1526 (+ x (* (- 1) s)))) (* 6 (* s00 (+ x (* (- 1) s)))) (* (- 4) (* r00 ?x3080 ?x3080)) ?x2400 (* 6 (* x00 ?x3080)) (* (- 12) (* s00 ?x3080)) (* 2 (* r00 s00 ?x3080)) ?x3110 (* (- 2) (* ?x1526 ?x3080 ?x3080)) (* (- 6) (* (+ x (* (- 1) s)) ?x3080)) (* 4 (* s00 s00 ?x1526)) ?x2835 ?x974 ?x2750 (* (- 2) (* s00 ?x1526 ?x3080)) (* 36 (* r00 x00 ?x1526)) (* (- 54) (* r00 (+ x (* (- 1) s)))) ?x137 ?x1509 (* 54 (* x00 ?x1526)) ?x2113 ?x1553 (* (- 24) ?x2368) (* 24 (* r00 ?x3080)) (* (- 36) (* r00 r00 (+ x (* (- 1) s)))))))
 (let ((?x585 (* (- 3) s)))
 (let ((?x2570 (* (- 6) ?x2678)))
 (let ((?x44 (* 3 s00)))
 (let ((?x678 (* 4 ?x677)))
 (let ((?x3272 (* (- 9) ?x2758)))
 (let ((?x609 (* 18 ?x608)))
 (let ((?x1049 (+ (* 9 ?x3170) ?x609 ?x3272 (* (- 2) (* ?x3080 ?x3080)) (* (- 18) (* ?x1526 (+ x (* (- 1) s)))) (* (- 6) (* r00 ?x1526 ?x3080)) (* 6 ?x601) ?x678 (* (- 18) (* r00 (+ x (* (- 1) s)))) ?x44 ?x2570 (* 18 (* x00 ?x1526)) ?x585 (* (- 18) r) (* (- 9) ?x2368) (* (- 2) (* s00 ?x3080)) (* 9 (* r00 ?x3080)) (* 6 (* r00 s00 ?x1526)))))
 (let ((?x556 (* 12 ?x555)))
 (let ((?x587 (* (- 6) x00)))
 (let ((?x56 (* 6 x)))
 (let ((?x1661 (* (- 6) ?x2758)))
 (let ((?x586 (* (- 3) r00)))
 (let ((?x2213 (+ (* 2 ?x3170) (* (- 12) ?x2185) (* (- 15) r) ?x44 ?x2113 ?x586 (* 4 ?x2368) ?x1661 ?x56 ?x587 ?x556)))
 (let ((?x385 (* r00 r00)))
 (let ((?x1950 (* (- 3) ?x385)))
 (let ((?x364 (* (- 1) s)))
 (let (($x2197 (= (+ s00 ?x364 (* (- 6) r) (* 3 (* ?x1526 ?x1526)) ?x1950) 3)))
 (let (($x2055 (not $x2197)))
 (let (($x3413 (or $x2055 (not (= ?x2213 6)) (not (= ?x1049 9)) (not (= ?x2578 27)) $x3257 $x848)))
 (let ((?x1990 (* r00 r00 s)))
 (let ((?x1295 (* 36 ?x1990)))
 (let ((?x2174 (+ ?x2406 ?x2006 ?x2935 (* 15 (* s s)) (* (- 216) (* r00 r00 r00 s)) ?x1187 (* (- 4) (* s s s)) (* 108 (* x x)) ?x2514 (* (- 12) (* s00 s s)) (* 108 (* s00 x)) ?x1138 ?x2655 (* 108 (* x00 s)) (* 432 (* r00 r00 r00 x)) (* (- 66) (* s00 s)) (* 108 (* r00 s00 s)) ?x3540 (* (- 216) (* r00 s00 x)) (* 36 (* r00 r00 s s)) ?x2369 (* (- 108) (* x s)) ?x1295 ?x3486 (* (- 108) (* r00 x)) ?x137 ?x1509 ?x2113 (* 54 (* r00 s)) (* (- 216) (* x00 x)) ?x3597)))
 (let (($x1378 (= ?x2174 0)))
 (let ((?x3071 (* r00 r00 x)))
 (let ((?x3153 (* (- 36) ?x3071)))
 (let ((?x2399 (* r00 s s)))
 (let ((?x3138 (* (- 4) ?x2399)))
 (let ((?x3300 (+ (* 24 (* s r)) ?x2705 (* (- 36) (* r00 x r)) ?x2186 (* (- 3) (* s s)) (* (- 54) (* x r)) (* 6 (* s00 x)) ?x3138 ?x2400 (* 6 (* x00 s)) (* (- 12) (* s00 s)) (* 2 (* r00 s00 s)) ?x3110 (* (- 2) (* s s r)) (* (- 6) (* x s)) (* 4 (* s00 s00 r)) ?x1295 ?x974 ?x2750 (* (- 2) (* s00 s r)) (* 36 (* r00 x00 r)) (* (- 54) (* r00 x)) ?x137 ?x1509 (* 54 (* x00 r)) ?x2113 (* (- 24) (* s00 r)) (* 24 (* r00 s)) ?x3153)))
 (let ((?x2061 (* r00 x)))
 (let ((?x2346 (* (- 18) ?x2061)))
 (let ((?x631 (* s s)))
 (let ((?x2327 (* (- 2) ?x631)))
 (let ((?x857 (+ (* 9 (* s r)) ?x609 ?x3272 ?x2327 (* (- 18) (* x r)) (* (- 6) (* r00 s r)) (* 6 ?x1990) ?x678 ?x2346 ?x44 ?x2570 (* 18 (* x00 r)) ?x585 (* (- 9) (* s00 r)) (* (- 2) (* s00 s)) (* 9 (* r00 s)) (* 6 (* r00 s00 r)))))
 (let ((?x43 (* 3 r)))
 (let ((?x2116 (+ (* 2 (* s r)) (* (- 12) (* r00 r00 r)) ?x43 ?x44 ?x585 ?x586 (* 4 (* s00 r)) ?x1661 ?x56 ?x587 ?x556)))
 (let (($x3245 (= (+ s00 ?x364 (* 3 (* r r)) ?x1950) 0)))
 (let (($x2988 (and $x3245 (= ?x2116 0) (= ?x857 0) (= ?x3300 0) $x1378 $x3413)))
 (let ((?x2064 (* 36 ?x2678)))
 (let ((?x1083 (* (- 9) s00)))
 (let ((?x1012 (* (- 15) ?x677)))
 (let ((?x986 (* (- 36) ?x973)))
 (let ((?x902 (* 6 ?x901)))
 (let ((?x2504 (* (- 2) ?x2543)))
 (let ((?x2579 (* 24 ?x2758)))
 (let ((?x645 (* (- 54) ?x608)))
 (let ((?x3251 (+ (* (- 24) ?x3170) ?x645 (* 36 (* r00 ?x1526 (+ x ?x364))) ?x2579 (* 3 (* ?x3080 ?x3080)) (* 54 (* ?x1526 (+ x ?x364))) (* (- 6) (* s00 (+ x ?x364))) (* 4 (* r00 ?x3080 ?x3080)) ?x2504 (* (- 6) (* x00 ?x3080)) (* 12 (* s00 ?x3080)) (* (- 2) (* r00 s00 ?x3080)) ?x902 (* 2 (* ?x1526 ?x3080 ?x3080)) (* 6 (* (+ x ?x364) ?x3080)) (* (- 4) (* s00 s00 ?x1526)) (* (- 36) ?x601) ?x986 ?x1012 (* 2 (* s00 ?x1526 ?x3080)) (* (- 36) (* r00 x00 ?x1526)) (* 54 (* r00 (+ x ?x364))) ?x1083 ?x2064 (* (- 54) (* x00 ?x1526)) ?x143 (* 54 r) (* 24 ?x2368) (* (- 24) (* r00 ?x3080)) (* 36 (* r00 r00 (+ x ?x364))))))
 (let ((?x47 (* 3 s)))
 (let ((?x2887 (* 6 ?x2678)))
 (let ((?x690 (* (- 4) ?x677)))
 (let ((?x1960 (* 9 ?x2758)))
 (let ((?x622 (* (- 18) ?x608)))
 (let ((?x3870 (+ (* (- 9) ?x3170) ?x622 ?x1960 (* 2 (* ?x3080 ?x3080)) (* 18 (* ?x1526 (+ x ?x364))) (* 6 (* r00 ?x1526 ?x3080)) (* (- 6) ?x601) ?x690 (* 18 (* r00 (+ x ?x364))) ?x464 ?x2887 (* (- 18) (* x00 ?x1526)) ?x47 (* 18 r) (* 9 ?x2368) (* 2 (* s00 ?x3080)) (* (- 9) (* r00 ?x3080)) (* (- 6) (* r00 s00 ?x1526)))))
 (let (($x3740 (= (+ ?x2890 ?x2407 ?x2275 ?x464 ?x143 ?x48 ?x2928 ?x2863 ?x534 ?x59 ?x569) (- 6))))
 (let (($x3878 (or $x2055 (not $x3740) (not (= ?x3870 (- 9))) (not (= ?x3251 (- 27))) $x3257 $x848)))
 (let ((?x2739 (* (- 36) ?x1990)))
 (let ((?x663 (* 3 ?x631)))
 (let ((?x2658 (+ (* (- 24) (* s r)) ?x645 (* 36 (* r00 x r)) ?x2579 ?x663 (* 54 (* x r)) (* (- 6) (* s00 x)) (* 4 ?x2399) ?x2504 (* (- 6) (* x00 s)) (* 12 (* s00 s)) (* (- 2) (* r00 s00 s)) ?x902 (* 2 (* s s r)) (* 6 (* x s)) (* (- 4) (* s00 s00 r)) ?x2739 ?x986 ?x1012 (* 2 (* s00 s r)) (* (- 36) (* r00 x00 r)) (* 54 ?x2061) ?x1083 ?x2064 (* (- 54) (* x00 r)) ?x143 (* 24 (* s00 r)) (* (- 24) (* r00 s)) (* 36 ?x3071))))
 (let ((?x632 (* 2 ?x631)))
 (let ((?x2105 (+ (* (- 9) (* s r)) ?x622 ?x1960 ?x632 (* 18 (* x r)) (* 6 (* r00 s r)) (* (- 6) ?x1990) ?x690 (* 18 ?x2061) ?x464 ?x2887 (* (- 18) (* x00 r)) ?x47 (* 9 (* s00 r)) (* 2 (* s00 s)) (* (- 9) (* r00 s)) (* (- 6) (* r00 s00 r)))))
 (let ((?x1934 (* (- 3) r)))
 (let ((?x2991 (+ (* (- 2) (* s r)) (* 12 (* r00 r00 r)) ?x1934 ?x464 ?x47 ?x48 (* (- 4) (* s00 r)) ?x2863 ?x534 ?x59 ?x569)))
 (let (($x849 (and $x3245 (= ?x2991 0) (= ?x2105 0) (= ?x2658 0) $x1378 $x3878)))
 (rewrite (= $x849 $x2988)))))))))))))))))))))))))))))))))))))))))))))))))))))))))))))))))))))))))))))))))))))))))))))))))))))))))))))))))))))))))))
 ))
 (let (($x361 (exists ((r Int) (s Int) (x Int) )(! (let ((?x232 (- x s)))
 (let ((?x211 (* 6 r)))
 (let ((?x212 (+ s ?x211 3)))
 (let ((?x353 (- (* 5 (+ r 1) (+ r 1) ?x212 ?x212 ?x232) (* 9 ?x212 ?x212 ?x232 ?x232))))
 (let ((?x61 (* 12 r00 r00 r00)))
 (let ((?x59 (* 6 x00)))
 (let ((?x54 (* 6 r00 s00)))
 (let ((?x48 (* 3 r00)))
 (let ((?x227 (* 3 ?x212)))
 (let ((?x44 (* 3 s00)))
 (let ((?x223 (+ (* (- 2) (+ r 1) ?x212) (* 12 (+ r 1) r00 r00))))
 (let ((?x230 (- (+ (- (- ?x223 (* 3 (+ r 1))) ?x44) ?x227 ?x48) (* 4 (+ r 1) s00))))
 (let ((?x236 (- (+ (- (+ ?x230 ?x54) (* 6 ?x232)) ?x59) ?x61)))
 (let ((?x208 (* 108 x00 x00)))
 (let ((?x299 (* 9 ?x212)))
 (let ((?x139 (* 36 r00 r00 s00)))
 (let ((?x137 (* 9 s00)))
 (let ((?x197 (* 51 s00 s00)))
 (let ((?x284 (* 36 r00 r00 ?x212)))
 (let ((?x192 (* 16 s00 s00 s00)))
 (let ((?x186 (* 108 s00 x00)))
 (let ((?x177 (* 216 r00 r00 r00 s00)))
 (let ((?x175 (* 108 r00 s00 s00)))
 (let ((?x169 (* 432 r00 r00 r00 x00)))
 (let ((?x161 (* 36 r00 r00 s00 s00)))
 (let ((?x157 (- (+ (* 216 r00 s00 x00) (* 108 r00 x00)) (* 54 r00 s00))))
 (let ((?x313 (- (- (+ ?x157 (* 15 ?x212 ?x212)) (* 216 r00 r00 r00 ?x212)) ?x161)))
 (let ((?x319 (- (- (+ (- ?x313 (* 4 ?x212 ?x212 ?x212)) (* 108 ?x232 ?x232)) ?x169) (* 12 ?x212 ?x212 s00))))
 (let ((?x325 (+ (- (+ ?x319 (* 108 s00 ?x232)) ?x175) ?x177 (* 108 ?x212 x00) (* 432 r00 r00 r00 ?x232))))
 (let ((?x331 (- (+ (- ?x325 (* 66 ?x212 s00)) (* 108 r00 ?x212 s00)) ?x186)))
 (let ((?x334 (+ (- ?x331 (* 216 r00 s00 ?x232)) (* 36 r00 r00 ?x212 ?x212) ?x192)))
 (let ((?x339 (- (+ (- ?x334 (* 108 ?x212 ?x232)) ?x284 ?x197) (* 108 r00 ?x232))))
 (let ((?x346 (- (+ (- (- (+ ?x339 ?x137) ?x139) ?x299) (* 54 r00 ?x212)) (* 216 ?x232 x00))))
 (let ((?x126 (* 15 s00 s00)))
 (let ((?x124 (* 36 r00 r00 x00)))
 (let ((?x118 (* 6 s00 x00)))
 (let ((?x110 (* 2 r00 s00 s00)))
 (let ((?x102 (* 24 r00 s00)))
 (let ((?x268 (+ (- (* (- 24) (+ r 1) ?x212) (* 54 r00 x00)) (* 36 (+ r 1) r00 ?x232) ?x102 (* 3 ?x212 ?x212) (* 54 (+ r 1) ?x232))))
 (let ((?x274 (- (+ (- ?x268 (* 6 s00 ?x232)) (* 4 r00 ?x212 ?x212)) ?x110)))
 (let ((?x279 (- (+ (- ?x274 (* 6 ?x212 x00)) (* 12 ?x212 s00)) (* 2 r00 ?x212 s00))))
 (let ((?x282 (+ ?x279 ?x118 (* 2 (+ r 1) ?x212 ?x212) (* 6 ?x212 ?x232))))
 (let ((?x288 (- (- (- (- ?x282 (* 4 (+ r 1) s00 s00)) ?x284) ?x124) ?x126)))
 (let ((?x292 (- (+ ?x288 (* 2 (+ r 1) ?x212 s00)) (* 36 (+ r 1) r00 x00))))
 (let ((?x298 (- (+ (- (+ ?x292 (* 54 r00 ?x232)) ?x137) ?x139) (* 54 (+ r 1) x00))))
 (let ((?x303 (- (+ ?x298 ?x299 (* 24 (+ r 1) s00)) (* 24 r00 ?x212))))
 (let ((?x82 (* 6 r00 r00 s00)))
 (let ((?x76 (* 4 s00 s00)))
 (let ((?x70 (* 9 r00 s00)))
 (let ((?x244 (+ (- (* (- 9) (+ r 1) ?x212) (* 18 r00 x00)) ?x70 (* 2 ?x212 ?x212) (* 18 (+ r 1) ?x232) (* 6 (+ r 1) r00 ?x212))))
 (let ((?x249 (+ (- (- ?x244 (* 6 r00 r00 ?x212)) ?x76) (* 18 r00 ?x232))))
 (let ((?x256 (+ (- (+ (- ?x249 ?x44) ?x82) (* 18 (+ r 1) x00)) ?x227 (* 9 (+ r 1) s00) (* 2 ?x212 s00))))
 (let ((?x260 (- (- ?x256 (* 9 r00 ?x212)) (* 6 (+ r 1) r00 s00))))
 (let ((?x33 (* 3 r00 r00)))
 (let ((?x218 (- (+ (- s00 ?x212) (* 3 (+ r 1) (+ r 1))) ?x33)))
 (let (($x359 (or (not (= ?x218 0)) (not (= ?x236 0)) (not (= ?x260 0)) (not (= (+ ?x303 (* 36 r00 r00 ?x232)) 0)) (not (= (+ ?x346 ?x208) 0)) (not (= (* ?x236 (+ ?x353 (* 6 ?x212 ?x232 ?x232))) 0)))))
 (let ((?x143 (* 9 s)))
 (let ((?x123 (* 36 r00 r00 s)))
 (let ((?x164 (- (- (+ ?x157 (* 15 s s)) (* 216 r00 r00 r00 s)) ?x161)))
 (let ((?x172 (- (- (+ (- ?x164 (* 4 s s s)) (* 108 x x)) ?x169) (* 12 s s s00))))
 (let ((?x180 (+ (- (+ ?x172 (* 108 s00 x)) ?x175) ?x177 (* 108 s x00) (* 432 r00 r00 r00 x))))
 (let ((?x188 (- (+ (- ?x180 (* 66 s s00)) (* 108 r00 s s00)) ?x186)))
 (let ((?x193 (+ (- ?x188 (* 216 r00 s00 x)) (* 36 r00 r00 s s) ?x192)))
 (let ((?x200 (- (+ (- ?x193 (* 108 s x)) ?x123 ?x197) (* 108 r00 x))))
 (let ((?x207 (- (+ (- (- (+ ?x200 ?x137) ?x139) ?x143) (* 54 r00 s)) (* 216 x x00))))
 (let ((?x105 (+ (- (* (- 24) r s) (* 54 r00 x00)) (* 36 r r00 x) ?x102 (* 3 s s) (* 54 r x))))
 (let ((?x112 (- (+ (- ?x105 (* 6 s00 x)) (* 4 r00 s s)) ?x110)))
 (let ((?x117 (- (+ (- ?x112 (* 6 s x00)) (* 12 s s00)) (* 2 r00 s s00))))
 (let ((?x127 (- (+ ?x117 ?x118 (* 2 r s s) (* 6 s x)) (* 4 r s00 s00))))
 (let ((?x134 (- (+ (- (- (- ?x127 ?x123) ?x124) ?x126) (* 2 r s s00)) (* 36 r r00 x00))))
 (let ((?x142 (- (+ (- (+ ?x134 (* 54 r00 x)) ?x137) ?x139) (* 54 r x00))))
 (let ((?x149 (+ (- (+ ?x142 ?x143 (* 24 r s00)) (* 24 r00 s)) (* 36 r00 r00 x))))
 (let ((?x47 (* 3 s)))
 (let ((?x74 (+ (- (* (- 9) r s) (* 18 r00 x00)) ?x70 (* 2 s s) (* 18 r x) (* 6 r r00 s))))
 (let ((?x80 (+ (- (- ?x74 (* 6 r00 r00 s)) ?x76) (* 18 r00 x))))
 (let ((?x88 (+ (- (+ (- ?x80 ?x44) ?x82) (* 18 r x00)) ?x47 (* 9 r s00) (* 2 s s00))))
 (let (($x93 (= (- (- ?x88 (* 9 r00 s)) (* 6 r r00 s00)) 0)))
 (let ((?x56 (* 6 x)))
 (let ((?x43 (* 3 r)))
 (let ((?x46 (- (- (+ (* (- 2) r s) (* 12 r r00 r00)) ?x43) ?x44)))
 (let ((?x60 (+ (- (+ (- (+ ?x46 ?x47 ?x48) (* 4 r s00)) ?x54) ?x56) ?x59)))
 (and (= (- (+ (- s00 s) (* 3 r r)) ?x33) 0) (= (- ?x60 ?x61) 0) $x93 (= ?x149 0) (= (+ ?x207 ?x208) 0) $x359)))))))))))))))))))))))))))))))))))))))))))))))))))))))))))))))))))))))))))))))))) :qid k!40))
 ))
 (let ((?x3762 (lambda ((r Int) (s Int) (x Int) )(let ((?x555 (* r00 r00 r00)))
 (let ((?x569 (* (- 12) ?x555)))
 (let ((?x59 (* 6 x00)))
 (let ((?x534 (* (- 6) x)))
 (let ((?x2758 (* r00 s00)))
 (let ((?x2863 (* 6 ?x2758)))
 (let ((?x1526 (+ 1 r)))
 (let ((?x2368 (* s00 ?x1526)))
 (let ((?x2928 (* (- 4) ?x2368)))
 (let ((?x48 (* 3 r00)))
 (let ((?x143 (* 9 s)))
 (let ((?x464 (* (- 3) s00)))
 (let ((?x2275 (* 15 r)))
 (let ((?x2185 (* r00 r00 ?x1526)))
 (let ((?x2407 (* 12 ?x2185)))
 (let ((?x211 (* 6 r)))
 (let ((?x3080 (+ 3 s ?x211)))
 (let ((?x3170 (* ?x1526 ?x3080)))
 (let ((?x2890 (* (- 2) ?x3170)))
 (let ((?x1923 (* (- 9) (* (+ x (* (- 1) s)) (+ x (* (- 1) s)) ?x3080 ?x3080))))
 (let ((?x1667 (+ (* 5 (* ?x1526 ?x1526 (+ x (* (- 1) s)) ?x3080 ?x3080)) ?x1923 (* 6 (* (+ x (* (- 1) s)) (+ x (* (- 1) s)) ?x3080)))))
 (let ((?x1982 (* ?x1667 (+ 6 ?x2890 ?x2407 ?x2275 ?x464 ?x143 ?x48 ?x2928 ?x2863 ?x534 ?x59 ?x569))))
 (let (($x848 (not (= ?x1982 0))))
 (let ((?x1456 (* x00 x00)))
 (let ((?x3597 (* 108 ?x1456)))
 (let ((?x1553 (* (- 54) r)))
 (let ((?x2113 (* (- 9) s)))
 (let ((?x2678 (* r00 r00 s00)))
 (let ((?x1509 (* (- 36) ?x2678)))
 (let ((?x137 (* 9 s00)))
 (let ((?x677 (* s00 s00)))
 (let ((?x3486 (* 51 ?x677)))
 (let ((?x601 (* r00 r00 ?x3080)))
 (let ((?x2835 (* 36 ?x601)))
 (let ((?x1294 (* s00 s00 s00)))
 (let ((?x2369 (* 16 ?x1294)))
 (let ((?x901 (* s00 x00)))
 (let ((?x3540 (* (- 108) ?x901)))
 (let ((?x2655 (* 216 (* r00 r00 r00 s00))))
 (let ((?x2543 (* r00 s00 s00)))
 (let ((?x1138 (* (- 108) ?x2543)))
 (let ((?x1008 (* r00 r00 r00 x00)))
 (let ((?x2514 (* (- 432) ?x1008)))
 (let ((?x1187 (* (- 36) (* r00 r00 s00 s00))))
 (let ((?x2935 (* (- 54) ?x2758)))
 (let ((?x608 (* r00 x00)))
 (let ((?x2006 (* 108 ?x608)))
 (let ((?x2406 (* 216 (* r00 s00 x00))))
 (let ((?x2859 (+ ?x2406 ?x2006 ?x2935 (* 15 (* ?x3080 ?x3080)) (* (- 216) (* r00 r00 r00 ?x3080)) ?x1187 (* (- 4) (* ?x3080 ?x3080 ?x3080)) (* 108 (* (+ x (* (- 1) s)) (+ x (* (- 1) s)))) ?x2514 (* (- 12) (* s00 ?x3080 ?x3080)) (* 108 (* s00 (+ x (* (- 1) s)))) ?x1138 ?x2655 (* 108 (* x00 ?x3080)) (* 432 (* r00 r00 r00 (+ x (* (- 1) s)))) (* (- 66) (* s00 ?x3080)) (* 108 (* r00 s00 ?x3080)) ?x3540 (* (- 216) (* r00 s00 (+ x (* (- 1) s)))) (* 36 (* r00 r00 ?x3080 ?x3080)) ?x2369 (* (- 108) (* (+ x (* (- 1) s)) ?x3080)) ?x2835 ?x3486 (* (- 108) (* r00 (+ x (* (- 1) s)))) ?x137 ?x1509 ?x2113 ?x1553 (* 54 (* r00 ?x3080)) (* (- 216) (* x00 (+ x (* (- 1) s)))) ?x3597)))
 (let (($x3257 (not (= ?x2859 27))))
 (let ((?x2064 (* 36 ?x2678)))
 (let ((?x1083 (* (- 9) s00)))
 (let ((?x1012 (* (- 15) ?x677)))
 (let ((?x973 (* r00 r00 x00)))
 (let ((?x986 (* (- 36) ?x973)))
 (let ((?x902 (* 6 ?x901)))
 (let ((?x2504 (* (- 2) ?x2543)))
 (let ((?x2579 (* 24 ?x2758)))
 (let ((?x645 (* (- 54) ?x608)))
 (let ((?x3251 (+ (* (- 24) ?x3170) ?x645 (* 36 (* r00 ?x1526 (+ x (* (- 1) s)))) ?x2579 (* 3 (* ?x3080 ?x3080)) (* 54 (* ?x1526 (+ x (* (- 1) s)))) (* (- 6) (* s00 (+ x (* (- 1) s)))) (* 4 (* r00 ?x3080 ?x3080)) ?x2504 (* (- 6) (* x00 ?x3080)) (* 12 (* s00 ?x3080)) (* (- 2) (* r00 s00 ?x3080)) ?x902 (* 2 (* ?x1526 ?x3080 ?x3080)) (* 6 (* (+ x (* (- 1) s)) ?x3080)) (* (- 4) (* s00 s00 ?x1526)) (* (- 36) ?x601) ?x986 ?x1012 (* 2 (* s00 ?x1526 ?x3080)) (* (- 36) (* r00 x00 ?x1526)) (* 54 (* r00 (+ x (* (- 1) s)))) ?x1083 ?x2064 (* (- 54) (* x00 ?x1526)) ?x143 (* 54 r) (* 24 ?x2368) (* (- 24) (* r00 ?x3080)) (* 36 (* r00 r00 (+ x (* (- 1) s)))))))
 (let ((?x47 (* 3 s)))
 (let ((?x2887 (* 6 ?x2678)))
 (let ((?x690 (* (- 4) ?x677)))
 (let ((?x1960 (* 9 ?x2758)))
 (let ((?x622 (* (- 18) ?x608)))
 (let ((?x3870 (+ (* (- 9) ?x3170) ?x622 ?x1960 (* 2 (* ?x3080 ?x3080)) (* 18 (* ?x1526 (+ x (* (- 1) s)))) (* 6 (* r00 ?x1526 ?x3080)) (* (- 6) ?x601) ?x690 (* 18 (* r00 (+ x (* (- 1) s)))) ?x464 ?x2887 (* (- 18) (* x00 ?x1526)) ?x47 (* 18 r) (* 9 ?x2368) (* 2 (* s00 ?x3080)) (* (- 9) (* r00 ?x3080)) (* (- 6) (* r00 s00 ?x1526)))))
 (let (($x3740 (= (+ ?x2890 ?x2407 ?x2275 ?x464 ?x143 ?x48 ?x2928 ?x2863 ?x534 ?x59 ?x569) (- 6))))
 (let ((?x385 (* r00 r00)))
 (let ((?x1950 (* (- 3) ?x385)))
 (let ((?x364 (* (- 1) s)))
 (let (($x2197 (= (+ s00 ?x364 (* (- 6) r) (* 3 (* ?x1526 ?x1526)) ?x1950) 3)))
 (let (($x2055 (not $x2197)))
 (let (($x3878 (or $x2055 (not $x3740) (not (= ?x3870 (- 9))) (not (= ?x3251 (- 27))) $x3257 $x848)))
 (let ((?x1990 (* r00 r00 s)))
 (let ((?x1295 (* 36 ?x1990)))
 (let ((?x2174 (+ ?x2406 ?x2006 ?x2935 (* 15 (* s s)) (* (- 216) (* r00 r00 r00 s)) ?x1187 (* (- 4) (* s s s)) (* 108 (* x x)) ?x2514 (* (- 12) (* s00 s s)) (* 108 (* s00 x)) ?x1138 ?x2655 (* 108 (* x00 s)) (* 432 (* r00 r00 r00 x)) (* (- 66) (* s00 s)) (* 108 (* r00 s00 s)) ?x3540 (* (- 216) (* r00 s00 x)) (* 36 (* r00 r00 s s)) ?x2369 (* (- 108) (* x s)) ?x1295 ?x3486 (* (- 108) (* r00 x)) ?x137 ?x1509 ?x2113 (* 54 (* r00 s)) (* (- 216) (* x00 x)) ?x3597)))
 (let (($x1378 (= ?x2174 0)))
 (let ((?x2739 (* (- 36) ?x1990)))
 (let ((?x631 (* s s)))
 (let ((?x663 (* 3 ?x631)))
 (let ((?x2658 (+ (* (- 24) (* s r)) ?x645 (* 36 (* r00 x r)) ?x2579 ?x663 (* 54 (* x r)) (* (- 6) (* s00 x)) (* 4 (* r00 s s)) ?x2504 (* (- 6) (* x00 s)) (* 12 (* s00 s)) (* (- 2) (* r00 s00 s)) ?x902 (* 2 (* s s r)) (* 6 (* x s)) (* (- 4) (* s00 s00 r)) ?x2739 ?x986 ?x1012 (* 2 (* s00 s r)) (* (- 36) (* r00 x00 r)) (* 54 (* r00 x)) ?x1083 ?x2064 (* (- 54) (* x00 r)) ?x143 (* 24 (* s00 r)) (* (- 24) (* r00 s)) (* 36 (* r00 r00 x)))))
 (let ((?x632 (* 2 ?x631)))
 (let ((?x2105 (+ (* (- 9) (* s r)) ?x622 ?x1960 ?x632 (* 18 (* x r)) (* 6 (* r00 s r)) (* (- 6) ?x1990) ?x690 (* 18 (* r00 x)) ?x464 ?x2887 (* (- 18) (* x00 r)) ?x47 (* 9 (* s00 r)) (* 2 (* s00 s)) (* (- 9) (* r00 s)) (* (- 6) (* r00 s00 r)))))
 (let ((?x1934 (* (- 3) r)))
 (let ((?x2991 (+ (* (- 2) (* s r)) (* 12 (* r00 r00 r)) ?x1934 ?x464 ?x47 ?x48 (* (- 4) (* s00 r)) ?x2863 ?x534 ?x59 ?x569)))
 (let (($x3245 (= (+ s00 ?x364 (* 3 (* r r)) ?x1950) 0)))
 (let (($x849 (and $x3245 (= ?x2991 0) (= ?x2105 0) (= ?x2658 0) $x1378 $x3878)))
 (let ((?x232 (- x s)))
 (let ((?x212 (+ s ?x211 3)))
 (let ((?x353 (- (* 5 (+ r 1) (+ r 1) ?x212 ?x212 ?x232) (* 9 ?x212 ?x212 ?x232 ?x232))))
 (let ((?x61 (* 12 r00 r00 r00)))
 (let ((?x54 (* 6 r00 s00)))
 (let ((?x227 (* 3 ?x212)))
 (let ((?x44 (* 3 s00)))
 (let ((?x223 (+ (* (- 2) (+ r 1) ?x212) (* 12 (+ r 1) r00 r00))))
 (let ((?x230 (- (+ (- (- ?x223 (* 3 (+ r 1))) ?x44) ?x227 ?x48) (* 4 (+ r 1) s00))))
 (let ((?x236 (- (+ (- (+ ?x230 ?x54) (* 6 ?x232)) ?x59) ?x61)))
 (let ((?x208 (* 108 x00 x00)))
 (let ((?x299 (* 9 ?x212)))
 (let ((?x139 (* 36 r00 r00 s00)))
 (let ((?x197 (* 51 s00 s00)))
 (let ((?x284 (* 36 r00 r00 ?x212)))
 (let ((?x192 (* 16 s00 s00 s00)))
 (let ((?x186 (* 108 s00 x00)))
 (let ((?x177 (* 216 r00 r00 r00 s00)))
 (let ((?x175 (* 108 r00 s00 s00)))
 (let ((?x169 (* 432 r00 r00 r00 x00)))
 (let ((?x161 (* 36 r00 r00 s00 s00)))
 (let ((?x157 (- (+ (* 216 r00 s00 x00) (* 108 r00 x00)) (* 54 r00 s00))))
 (let ((?x313 (- (- (+ ?x157 (* 15 ?x212 ?x212)) (* 216 r00 r00 r00 ?x212)) ?x161)))
 (let ((?x319 (- (- (+ (- ?x313 (* 4 ?x212 ?x212 ?x212)) (* 108 ?x232 ?x232)) ?x169) (* 12 ?x212 ?x212 s00))))
 (let ((?x325 (+ (- (+ ?x319 (* 108 s00 ?x232)) ?x175) ?x177 (* 108 ?x212 x00) (* 432 r00 r00 r00 ?x232))))
 (let ((?x331 (- (+ (- ?x325 (* 66 ?x212 s00)) (* 108 r00 ?x212 s00)) ?x186)))
 (let ((?x334 (+ (- ?x331 (* 216 r00 s00 ?x232)) (* 36 r00 r00 ?x212 ?x212) ?x192)))
 (let ((?x339 (- (+ (- ?x334 (* 108 ?x212 ?x232)) ?x284 ?x197) (* 108 r00 ?x232))))
 (let ((?x346 (- (+ (- (- (+ ?x339 ?x137) ?x139) ?x299) (* 54 r00 ?x212)) (* 216 ?x232 x00))))
 (let ((?x126 (* 15 s00 s00)))
 (let ((?x124 (* 36 r00 r00 x00)))
 (let ((?x118 (* 6 s00 x00)))
 (let ((?x110 (* 2 r00 s00 s00)))
 (let ((?x102 (* 24 r00 s00)))
 (let ((?x268 (+ (- (* (- 24) (+ r 1) ?x212) (* 54 r00 x00)) (* 36 (+ r 1) r00 ?x232) ?x102 (* 3 ?x212 ?x212) (* 54 (+ r 1) ?x232))))
 (let ((?x274 (- (+ (- ?x268 (* 6 s00 ?x232)) (* 4 r00 ?x212 ?x212)) ?x110)))
 (let ((?x279 (- (+ (- ?x274 (* 6 ?x212 x00)) (* 12 ?x212 s00)) (* 2 r00 ?x212 s00))))
 (let ((?x282 (+ ?x279 ?x118 (* 2 (+ r 1) ?x212 ?x212) (* 6 ?x212 ?x232))))
 (let ((?x288 (- (- (- (- ?x282 (* 4 (+ r 1) s00 s00)) ?x284) ?x124) ?x126)))
 (let ((?x292 (- (+ ?x288 (* 2 (+ r 1) ?x212 s00)) (* 36 (+ r 1) r00 x00))))
 (let ((?x298 (- (+ (- (+ ?x292 (* 54 r00 ?x232)) ?x137) ?x139) (* 54 (+ r 1) x00))))
 (let ((?x303 (- (+ ?x298 ?x299 (* 24 (+ r 1) s00)) (* 24 r00 ?x212))))
 (let ((?x82 (* 6 r00 r00 s00)))
 (let ((?x76 (* 4 s00 s00)))
 (let ((?x70 (* 9 r00 s00)))
 (let ((?x244 (+ (- (* (- 9) (+ r 1) ?x212) (* 18 r00 x00)) ?x70 (* 2 ?x212 ?x212) (* 18 (+ r 1) ?x232) (* 6 (+ r 1) r00 ?x212))))
 (let ((?x249 (+ (- (- ?x244 (* 6 r00 r00 ?x212)) ?x76) (* 18 r00 ?x232))))
 (let ((?x256 (+ (- (+ (- ?x249 ?x44) ?x82) (* 18 (+ r 1) x00)) ?x227 (* 9 (+ r 1) s00) (* 2 ?x212 s00))))
 (let ((?x260 (- (- ?x256 (* 9 r00 ?x212)) (* 6 (+ r 1) r00 s00))))
 (let ((?x33 (* 3 r00 r00)))
 (let ((?x218 (- (+ (- s00 ?x212) (* 3 (+ r 1) (+ r 1))) ?x33)))
 (let (($x359 (or (not (= ?x218 0)) (not (= ?x236 0)) (not (= ?x260 0)) (not (= (+ ?x303 (* 36 r00 r00 ?x232)) 0)) (not (= (+ ?x346 ?x208) 0)) (not (= (* ?x236 (+ ?x353 (* 6 ?x212 ?x232 ?x232))) 0)))))
 (let ((?x123 (* 36 r00 r00 s)))
 (let ((?x164 (- (- (+ ?x157 (* 15 s s)) (* 216 r00 r00 r00 s)) ?x161)))
 (let ((?x172 (- (- (+ (- ?x164 (* 4 s s s)) (* 108 x x)) ?x169) (* 12 s s s00))))
 (let ((?x180 (+ (- (+ ?x172 (* 108 s00 x)) ?x175) ?x177 (* 108 s x00) (* 432 r00 r00 r00 x))))
 (let ((?x188 (- (+ (- ?x180 (* 66 s s00)) (* 108 r00 s s00)) ?x186)))
 (let ((?x193 (+ (- ?x188 (* 216 r00 s00 x)) (* 36 r00 r00 s s) ?x192)))
 (let ((?x200 (- (+ (- ?x193 (* 108 s x)) ?x123 ?x197) (* 108 r00 x))))
 (let ((?x207 (- (+ (- (- (+ ?x200 ?x137) ?x139) ?x143) (* 54 r00 s)) (* 216 x x00))))
 (let ((?x105 (+ (- (* (- 24) r s) (* 54 r00 x00)) (* 36 r r00 x) ?x102 (* 3 s s) (* 54 r x))))
 (let ((?x112 (- (+ (- ?x105 (* 6 s00 x)) (* 4 r00 s s)) ?x110)))
 (let ((?x117 (- (+ (- ?x112 (* 6 s x00)) (* 12 s s00)) (* 2 r00 s s00))))
 (let ((?x127 (- (+ ?x117 ?x118 (* 2 r s s) (* 6 s x)) (* 4 r s00 s00))))
 (let ((?x134 (- (+ (- (- (- ?x127 ?x123) ?x124) ?x126) (* 2 r s s00)) (* 36 r r00 x00))))
 (let ((?x142 (- (+ (- (+ ?x134 (* 54 r00 x)) ?x137) ?x139) (* 54 r x00))))
 (let ((?x149 (+ (- (+ ?x142 ?x143 (* 24 r s00)) (* 24 r00 s)) (* 36 r00 r00 x))))
 (let ((?x74 (+ (- (* (- 9) r s) (* 18 r00 x00)) ?x70 (* 2 s s) (* 18 r x) (* 6 r r00 s))))
 (let ((?x80 (+ (- (- ?x74 (* 6 r00 r00 s)) ?x76) (* 18 r00 x))))
 (let ((?x88 (+ (- (+ (- ?x80 ?x44) ?x82) (* 18 r x00)) ?x47 (* 9 r s00) (* 2 s s00))))
 (let (($x93 (= (- (- ?x88 (* 9 r00 s)) (* 6 r r00 s00)) 0)))
 (let ((?x56 (* 6 x)))
 (let ((?x43 (* 3 r)))
 (let ((?x46 (- (- (+ (* (- 2) r s) (* 12 r r00 r00)) ?x43) ?x44)))
 (let ((?x60 (+ (- (+ (- (+ ?x46 ?x47 ?x48) (* 4 r s00)) ?x54) ?x56) ?x59)))
 (let (($x360 (and (= (- (+ (- s00 s) (* 3 r r)) ?x33) 0) (= (- ?x60 ?x61) 0) $x93 (= ?x149 0) (= (+ ?x207 ?x208) 0) $x359)))
 (rewrite (= $x360 $x849))))))))))))))))))))))))))))))))))))))))))))))))))))))))))))))))))))))))))))))))))))))))))))))))))))))))))))))))))))))))))))))))))))))))))))))))))))))))))))))))))))))
 ))
 (let ((@x362 (asserted $x361)))
 (let ((@x2525 (mp (mp @x362 (quant-intro (proof-bind ?x3762) (= $x361 $x3885)) $x3885) (rewrite (= $x3885 $x3885)) $x3885)))
 (let ((@x2465 (mp (mp @x2525 (quant-intro (proof-bind ?x2614) (= $x3885 $x3510)) $x3510) (quant-intro (proof-bind ?x1768) (= $x3510 $x1765)) $x1765)))
 (let ((@x2456 (mp (mp~ @x2465 (sk (~ $x1765 $x3419)) $x3419) (rewrite (= $x3419 $x1583)) $x1583)))
 (let ((@x4091 (and-elim @x2456 $x2821)))
 (let ((@x805 (unit-resolution ((_ th-lemma arith triangle-eq) (or (not $x2821) $x3848)) @x4091 $x3848)))
 (let (($x3075 (>= ?x2970 0)))
 (let ((@x3369 (unit-resolution ((_ th-lemma arith triangle-eq) (or (not $x2821) $x3075)) @x4091 $x3075)))
 (let (($x904 (<= ?x3891 0)))
 (let ((@x2809 (and-elim @x2456 $x3892)))
 (let ((@x2056 (unit-resolution ((_ th-lemma arith triangle-eq) (or $x3802 $x904)) @x2809 $x904)))
 (let (($x3176 (>= ?x3891 0)))
 (let ((@x406 (unit-resolution ((_ th-lemma arith triangle-eq) (or $x3802 $x3176)) @x2809 $x3176)))
 (let (($x2836 (<= ?x527 0)))
 (let ((@x4093 (and-elim @x2456 $x1788)))
 (let ((@x2743 (unit-resolution ((_ th-lemma arith triangle-eq) (or (not $x1788) $x2836)) @x4093 $x2836)))
 (let (($x3786 (>= ?x527 0)))
 (let ((@x1821 (unit-resolution ((_ th-lemma arith triangle-eq) (or (not $x1788) $x3786)) @x4093 $x3786)))
 (let (($x2365 (<= ?x2995 0)))
 (let ((@x1458 (and-elim @x2456 $x3379)))
 (let ((@x3451 (unit-resolution ((_ th-lemma arith triangle-eq) (or (not $x3379) $x2365)) @x1458 $x2365)))
 (let (($x2314 (>= ?x2995 0)))
 (let ((@x2191 (unit-resolution ((_ th-lemma arith triangle-eq) (or (not $x3379) $x2314)) @x1458 $x2314)))
 (let (($x3691 (<= ?x1088 0)))
 (let ((@x1457 (and-elim @x2456 $x3371)))
 (let ((@x2844 (unit-resolution ((_ th-lemma arith triangle-eq) (or (not $x3371) $x3691)) @x1457 $x3691)))
 (let (($x3699 (>= ?x1088 0)))
 (let ((@x3463 (unit-resolution ((_ th-lemma arith triangle-eq) (or (not $x3371) $x3699)) @x1457 $x3699)))
 (let (($x2874 (<= ?x1601 0)))
 (let ((@x3467 ((_ th-lemma arith) (hypothesis (not $x2874)) @x406 @x2056 @x2191 @x3451 @x1821 @x2743 @x406 @x2056 @x1821 @x2743 @x406 @x2056 @x3369 @x805 false)))
 (let ((@x3399 (lemma @x3467 $x2874)))
 (let (($x2984 (>= ?x1601 0)))
 (let ((@x1217 ((_ th-lemma arith) (hypothesis (not $x2984)) @x406 @x2056 @x2191 @x3451 @x1821 @x2743 @x406 @x2056 @x1821 @x2743 @x406 @x2056 @x3369 @x805 false)))
 (let ((@x2903 (lemma @x1217 $x2984)))
 (let (($x3019 (<= ?x835 0)))
 (let ((@x3766 ((_ th-lemma arith) (hypothesis (not $x3019)) @x406 @x2056 @x2191 @x3451 @x1821 @x2743 @x2903 @x3399 @x406 @x2056 false)))
 (let ((@x2367 (lemma @x3766 $x3019)))
 (let (($x2883 (>= ?x835 0)))
 (let ((@x3919 ((_ th-lemma arith) (hypothesis (not $x2883)) @x406 @x2056 @x2191 @x3451 @x1821 @x2743 @x2903 @x3399 @x406 @x2056 false)))
 (let ((@x2631 (lemma @x3919 $x2883)))
 (let (($x2371 (not (>= ?x1712 0))))
 (let (($x1535 (<= ?x1712 0)))
 (let ((@x936 ((_ th-lemma arith) (hypothesis (not $x1535)) @x406 @x2056 @x1821 @x2743 @x406 @x2056 @x2903 @x3399 @x1821 @x2743 @x3463 @x2844 @x3369 @x805 @x406 @x2056 @x2191 @x3451 @x1821 @x2743 @x406 @x2056 @x3369 @x805 false)))
 (let (($x3348 (>= ?x2495 0)))
 (let (($x2822 (<= ?x2495 0)))
 (let ((@x916 (unit-resolution ((_ th-lemma arith assign-bounds -4 -1) (or $x2822 (not $x904) (not $x3848))) @x805 @x2056 $x2822)))
 (let ((@x3465 (unit-resolution ((_ th-lemma arith triangle-eq) (or $x1019 (not $x2822) (not $x3348))) @x916 (lemma ((_ th-lemma arith farkas -4 -1 1) @x406 @x3369 (hypothesis (not $x3348)) false) $x3348) $x1019)))
 (let ((@x1409 (unit-resolution ((_ th-lemma arith triangle-eq) (or $x1447 (not $x3019) (not $x2883))) @x2367 @x2631 $x1447)))
 (let (($x3081 (>= ?x1711 0)))
 (let ((@x3206 (lemma ((_ th-lemma arith farkas 1 1 1 1 1) (hypothesis (not $x3081)) @x2056 @x805 @x406 @x3369 false) $x3081)))
 (let (($x3193 (<= ?x1711 0)))
 (let ((@x1584 (lemma ((_ th-lemma arith farkas 1 1 1 1 1) (hypothesis (not $x3193)) @x2056 @x805 @x406 @x3369 false) $x3193)))
 (let ((@x3913 (unit-resolution ((_ th-lemma arith triangle-eq) (or $x1984 (not $x3193) (not $x3081))) @x1584 @x3206 $x1984)))
 (let ((@x1979 (unit-resolution ((_ th-lemma arith triangle-eq) (or $x820 (not $x2874) (not $x2984))) @x2903 @x3399 $x820)))
 (let ((@x2494 (unit-resolution (and-elim @x2456 $x2448) @x2809 (or $x2501 $x1020 $x1450 $x1608 $x1709))))
 (let ((@x1021 (unit-resolution (unit-resolution @x2494 @x1979 @x3913 (or $x2501 $x1020 $x1608)) @x1409 @x3465 $x1608)))
 (let ((@x3902 (unit-resolution ((_ th-lemma arith triangle-eq) (or $x3058 (not $x1535) $x2371)) @x1021 (lemma @x936 $x1535) $x2371)))
 ((_ th-lemma arith) @x3902 @x406 @x2056 @x1821 @x2743 @x406 @x2056 @x2631 @x2367 @x1821 @x2743 @x2903 @x3399 @x3369 @x805 @x406 @x2056 @x3463 @x2844 @x2191 @x3451 @x1821 @x2743 @x406 @x2056 @x3369 @x805 false)))))))))))))))))))))))))))))))))))))))))))))))))))))))))))))))))))))))))))))))))))))))))))))))))))))))))))))))))))))))))))))))))))))))))))))))))))))))))))))))))))))))))))))))))))))))))))))))))))))))))))))))))))))))))))))))))))))))))))))))))))))))))))))))))))))))))))))))))))))))))))))))))))))))))))))))))))))))))))))

(:added-eqs                 16
 :arith-assert-diseq        13
 :arith-assert-lower        136
 :arith-assert-upper        35
 :arith-bound-prop          1
 :arith-conflicts           9
 :arith-eq-adapter          10
 :arith-fixed-eqs           10
 :arith-gcd-tests           23
 :arith-grobner             6
 :arith-max-min             2153
 :arith-nonlinear-bounds    101
 :arith-nonlinear-horner    74
 :arith-num-rows            14
 :arith-patches             13
 :arith-patches_succ        13
 :arith-pivots              9
 :arith-pseudo-nonlinear    8
 :arith-row-summations      27
 :arith-tableau-max-columns 165
 :arith-tableau-max-rows    14
 :conflicts                 9
 :decisions                 31
 :del-clause                37
 :final-checks              14
 :max-memory                10.57
 :memory                    3.58
 :mk-bool-var               36
 :mk-clause                 37
 :num-allocs                449340954696.00
 :num-checks                1
 :propagations              58
 :rlimit-count              17332959
 :time                      25.14
 :total-time                23.51)
