unsat
((set-logic NIA)
(declare-fun s!1 () Int)
(declare-fun x!0 () Int)
(declare-fun r!2 () Int)
(proof
(let ((?x1455 (* x00 x00)))
 (let ((?x3830 (* 108 ?x1455)))
 (let ((?x1330 (* r00 r00 s!1)))
 (let ((?x2189 (* 36 ?x1330)))
 (let ((?x1293 (* s00 s00 s00)))
 (let ((?x1687 (* 16 ?x1293)))
 (let ((?x1007 (* r00 r00 r00 x00)))
 (let ((?x3024 (* (- 432) ?x1007)))
 (let ((?x900 (* s00 x00)))
 (let ((?x1216 (* (- 108) ?x900)))
 (let ((?x732 (* s00 r00 r00)))
 (let ((?x1383 (* (- 36) ?x732)))
 (let ((?x676 (* s00 s00)))
 (let ((?x820 (* 51 ?x676)))
 (let ((?x404 (* (- 9) s!1)))
 (let ((?x607 (* r00 x00)))
 (let ((?x1883 (* 108 ?x607)))
 (let ((?x137 (* 9 s00)))
 (let ((?x1666 (+ ?x137 (* (- 54) (* s00 r00)) (* 216 (* s00 r00 x00)) ?x1883 ?x404 ?x820 ?x1383 (* (- 108) (* s00 s00 r00)) (* (- 108) (* s!1 x!0)) (* (- 36) (* s00 s00 r00 r00)) ?x1216 (* 15 (* s!1 s!1)) ?x3024 (* (- 12) (* s00 s!1 s!1)) (* 432 (* r00 r00 r00 x!0)) (* (- 216) (* s00 r00 x!0)) (* 36 (* r00 r00 s!1 s!1)) (* 216 (* s00 r00 r00 r00)) ?x1687 ?x2189 ?x3830 (* 108 (* s00 x!0)) (* (- 216) (* r00 r00 r00 s!1)) (* (- 108) (* r00 x!0)) (* 108 (* x00 s!1)) (* 108 (* s00 r00 s!1)) (* (- 66) (* s00 s!1)) (* 108 (* x!0 x!0)) (* (- 4) (* s!1 s!1 s!1)) (* (- 216) (* x00 x!0)) (* 54 (* r00 s!1)))))
 (let (($x1088 (<= ?x1666 0)))
 (let (($x3566 (= ?x1666 0)))
 (let ((?x2899 (* 9 r!2)))
 (let ((?x2967 (* 18 x!0)))
 (let ((?x988 (* r!2 r!2)))
 (let ((?x3254 (* 18 ?x988)))
 (let ((?x965 (* s!1 s!1)))
 (let ((?x980 (* 2 ?x965)))
 (let ((?x733 (* 6 ?x732)))
 (let ((?x689 (* (- 4) ?x676)))
 (let ((?x1633 (* (- 12) s!1)))
 (let ((?x621 (* (- 18) ?x607)))
 (let ((?x511 (* s00 r00)))
 (let ((?x2173 (* 3 ?x511)))
 (let ((?x384 (* r00 r00)))
 (let ((?x1895 (* (- 18) ?x384)))
 (let ((?x2014 (* (- 18) x00)))
 (let ((?x2928 (* (- 9) r00)))
 (let ((?x2071 (* 12 s00)))
 (let ((?x954 (+ ?x2071 ?x2928 ?x2014 ?x1895 ?x2173 ?x621 ?x1633 ?x689 ?x733 ?x980 ?x3254 (* (- 6) ?x1330) (* (- 18) (* x00 r!2)) (* 6 (* r00 s!1 r!2)) (* (- 3) (* s!1 r!2)) (* (- 6) (* s00 r00 r!2)) (* 18 (* r00 x!0)) ?x2967 (* (- 36) (* r00 r00 r!2)) (* 2 (* s00 s!1)) ?x2899 (* 21 (* s00 r!2)) (* 36 (* r00 r!2 r!2)) (* (- 21) (* r00 s!1)) (* 18 (* x!0 r!2)))))
 (let ((?x3470 (* 6 (* s!1 s!1 x!0))))
 (let ((?x3014 (* s!1 s!1 s!1)))
 (let ((?x3099 (* (- 3) ?x3014)))
 (let ((?x2916 (* x!0 x!0)))
 (let ((?x3101 (* (- 9) ?x2916)))
 (let ((?x3152 (* 6 x!0)))
 (let ((?x1720 (* 6 r!2)))
 (let ((?x2432 (+ 3 s!1 ?x1720)))
 (let ((?x664 (* (- 1) s!1)))
 (let ((?x658 (+ ?x664 x!0)))
 (let ((?x1968 (+ 1 r!2)))
 (let ((?x1577 (* (- 3) (* s!1 x!0 x!0))))
 (let ((?x3706 (* (- 9) ?x965)))
 (let ((?x783 (* s!1 x!0)))
 (let ((?x3733 (* 18 ?x783)))
 (let ((?x3670 (* (- 6) s!1)))
 (let ((?x3925 (+ ?x3670 ?x3733 ?x3706 (* 6 (* s!1 s!1 x!0 r!2)) ?x1577 (* 54 (* s!1 x!0 r!2)) (* (- 12) (* s!1 r!2)) (* (- 6) (* ?x1968 ?x658 ?x658 ?x2432 ?x2432)) (* (- 6) (* s!1 r!2 r!2)) (* 6 (* x!0 r!2 r!2)) ?x3152 (* (- 18) (* s!1 s!1 r!2 r!2)) (* (- 27) (* s!1 s!1 r!2)) (* (- 18) (* x!0 x!0 r!2 r!2)) (* (- 27) (* x!0 x!0 r!2)) ?x3101 ?x3099 ?x3470 (* (- 3) (* s!1 s!1 s!1 r!2)) (* 12 (* x!0 r!2)) (* (- 3) (* s!1 x!0 x!0 r!2)) (* 36 (* s!1 x!0 r!2 r!2)))))
 (let ((?x2080 (* ?x3925 ?x954)))
 (let (($x3037 (= ?x2080 0)))
 (let (($x2373 (not $x3037)))
 (let ((?x2943 (* 4 ?x3014)))
 (let ((?x2855 (* 162 r!2)))
 (let ((?x1387 (* (- 108) ?x2916)))
 (let ((?x2733 (* r!2 r!2 r!2)))
 (let ((?x438 (* 864 ?x2733)))
 (let ((?x2745 (* 324 x!0)))
 (let ((?x1485 (* (- 108) ?x1455)))
 (let ((?x1484 (* (- 16) ?x1293)))
 (let ((?x1181 (* s00 r00 r00 r00)))
 (let ((?x1480 (* (- 216) ?x1181)))
 (let ((?x1008 (* 432 ?x1007)))
 (let ((?x884 (* 756 ?x988)))
 (let ((?x2559 (* (- 195) ?x965)))
 (let ((?x1238 (* 108 ?x900)))
 (let ((?x864 (* s00 s00 r00 r00)))
 (let ((?x865 (* 36 ?x864)))
 (let ((?x3478 (* 324 ?x783)))
 (let ((?x777 (* s00 s00 r00)))
 (let ((?x1135 (* 108 ?x777)))
 (let ((?x1095 (* 36 ?x732)))
 (let ((?x1474 (* (- 51) ?x676)))
 (let ((?x2861 (* (- 297) s!1)))
 (let ((?x1471 (* (- 108) ?x607)))
 (let ((?x603 (* s00 r00 x00)))
 (let ((?x1470 (* (- 216) ?x603)))
 (let ((?x554 (* r00 r00 r00)))
 (let ((?x4012 (* 648 ?x554)))
 (let ((?x2640 (* (- 270) ?x511)))
 (let ((?x2613 (* (- 432) ?x384)))
 (let ((?x4006 (* (- 324) x00)))
 (let ((?x808 (* (- 162) r00)))
 (let ((?x4005 (* 297 s00)))
 (let ((?x2819 (+ ?x4005 ?x808 ?x4006 ?x2613 ?x2640 ?x4012 ?x1470 ?x1471 ?x2861 ?x1474 ?x1095 ?x1135 ?x3478 ?x865 ?x1238 ?x2559 ?x884 ?x1008 (* (- 324) (* r00 r!2)) (* 12 (* s00 s!1 s!1)) (* (- 432) (* r00 r00 r00 x!0)) (* 216 (* s00 r00 x!0)) (* (- 36) (* r00 r00 s!1 s!1)) ?x1480 (* (- 1296) (* r00 r00 r!2 r!2)) ?x1484 (* (- 252) ?x1330) ?x1485 (* (- 108) (* s00 x!0)) (* (- 648) (* x00 r!2)) (* 432 (* s00 r!2 r!2)) (* 144 (* s00 s!1 r!2)) (* (- 396) (* s!1 r!2)) (* (- 648) (* s00 r00 r!2)) (* 432 (* s!1 r!2 r!2)) (* 648 (* r00 r00 r00 s!1)) (* 108 (* r00 x!0)) ?x2745 (* (- 1512) (* r00 r00 r!2)) (* (- 324) (* x00 s!1)) (* (- 324) (* s00 r00 s!1)) ?x438 (* 72 (* s!1 s!1 r!2)) (* 246 (* s00 s!1)) ?x1387 ?x2855 ?x2943 (* 828 (* s00 r!2)) (* 216 (* x00 x!0)) (* (- 432) (* r00 r00 s!1 r!2)) (* (- 162) (* r00 s!1)) (* 648 (* x!0 r!2)) (* 1296 (* r00 r00 r00 r!2)))))
 (let (($x3255 (= ?x2819 0)))
 (let (($x1607 (not $x3255)))
 (let ((?x623 (* 36 r!2)))
 (let ((?x2852 (* 72 ?x2733)))
 (let ((?x611 (* 72 x!0)))
 (let ((?x605 (* 108 ?x988)))
 (let ((?x972 (* r00 r00 x00)))
 (let ((?x985 (* (- 36) ?x972)))
 (let ((?x3028 (* (- 1) ?x965)))
 (let ((?x901 (* 6 ?x900)))
 (let ((?x839 (* 6 ?x783)))
 (let ((?x795 (* (- 2) ?x777)))
 (let ((?x3580 (* (- 19) ?x676)))
 (let ((?x637 (* (- 57) s!1)))
 (let ((?x3473 (* (- 90) ?x607)))
 (let ((?x3432 (* 18 ?x511)))
 (let ((?x3339 (* (- 108) ?x384)))
 (let ((?x3426 (* (- 72) x00)))
 (let ((?x3412 (* (- 36) r00)))
 (let ((?x3425 (* 57 s00)))
 (let ((?x2549 (+ ?x3425 ?x3412 ?x3426 ?x3339 ?x3432 ?x3473 ?x637 ?x3580 ?x1095 ?x795 ?x839 ?x901 ?x3028 ?x985 ?x605 (* (- 72) ?x1330) (* (- 6) (* s00 x!0)) (* (- 90) (* x00 r!2)) (* 12 (* s00 r!2 r!2)) (* (- 4) (* s00 s00 r!2)) (* 2 (* s00 s!1 r!2)) (* 12 (* r00 s!1 r!2)) (* 36 (* r00 r00 x!0)) (* (- 42) (* s!1 r!2)) (* (- 12) (* s00 r00 r!2)) (* 24 (* s!1 r!2 r!2)) (* 90 (* r00 x!0)) ?x611 (* (- 216) (* r00 r00 r!2)) (* (- 6) (* x00 s!1)) (* (- 2) (* s00 r00 s!1)) ?x2852 (* 2 (* s!1 s!1 r!2)) (* 36 (* r00 x!0 r!2)) (* 20 (* s00 s!1)) (* 4 (* r00 s!1 s!1)) ?x623 (* 114 (* s00 r!2)) (* (- 36) (* r00 x00 r!2)) (* 144 (* r00 r!2 r!2)) (* (- 90) (* r00 s!1)) (* 90 (* x!0 r!2)))))
 (let (($x886 (= ?x2549 0)))
 (let (($x2847 (not $x886)))
 (let (($x2622 (= ?x954 0)))
 (let (($x2944 (not $x2622)))
 (let ((?x3087 (* s00 r!2)))
 (let ((?x2701 (* 4 ?x3087)))
 (let ((?x2769 (* 3 r!2)))
 (let ((?x2540 (* r00 r00 r!2)))
 (let ((?x2892 (* (- 12) ?x2540)))
 (let ((?x2081 (* s!1 r!2)))
 (let ((?x2531 (* 2 ?x2081)))
 (let ((?x1076 (* 12 ?x988)))
 (let ((?x939 (* (- 7) s!1)))
 (let ((?x555 (* 12 ?x554)))
 (let ((?x589 (* (- 6) ?x511)))
 (let ((?x2756 (* (- 12) ?x384)))
 (let ((?x586 (* (- 6) x00)))
 (let ((?x585 (* (- 3) r00)))
 (let ((?x2798 (* 7 s00)))
 (let ((?x499 (+ ?x2798 ?x585 ?x586 ?x2756 ?x589 ?x555 ?x939 ?x1076 ?x2531 ?x3152 ?x2892 ?x2769 ?x2701)))
 (let (($x3375 (= ?x499 0)))
 (let (($x907 (not $x3375)))
 (let ((?x2266 (* (- 3) ?x384)))
 (let ((?x3334 (+ s00 ?x2266 ?x664 (* 3 ?x988))))
 (let (($x995 (= ?x3334 0)))
 (let (($x899 (not $x995)))
 (let (($x1649 (or $x899 $x907 $x2944 $x2847 $x1607 $x2373)))
 (let ((?x973 (* 36 ?x972)))
 (let ((?x3174 (* (- 6) ?x900)))
 (let ((?x778 (* 2 ?x777)))
 (let ((?x3418 (* 15 ?x676)))
 (let ((?x3498 (* 54 ?x607)))
 (let ((?x1746 (+ ?x137 (* (- 24) ?x511) ?x3498 ?x404 ?x3418 ?x1383 ?x778 (* (- 6) ?x783) ?x3174 (* (- 3) ?x965) ?x973 ?x2189 (* 6 (* s00 x!0)) (* 54 (* x00 r!2)) (* 4 (* s00 s00 r!2)) (* (- 2) (* s00 s!1 r!2)) (* (- 36) (* r00 r00 x!0)) (* 24 ?x2081) (* (- 54) (* r00 x!0)) (* 6 (* x00 s!1)) (* 2 (* s00 r00 s!1)) (* (- 2) (* s!1 s!1 r!2)) (* (- 36) (* r00 x!0 r!2)) (* (- 12) (* s00 s!1)) (* (- 4) (* r00 s!1 s!1)) (* (- 24) ?x3087) (* 36 (* r00 x00 r!2)) (* 24 (* r00 s!1)) (* (- 54) (* x!0 r!2)))))
 (let (($x1756 (= ?x1746 0)))
 (let ((?x2212 (* (- 6) ?x732)))
 (let ((?x677 (* 4 ?x676)))
 (let ((?x3250 (* (- 3) s!1)))
 (let ((?x608 (* 18 ?x607)))
 (let ((?x44 (* 3 s00)))
 (let ((?x809 (+ ?x44 (* (- 9) ?x511) ?x608 ?x3250 ?x677 ?x2212 (* (- 2) ?x965) (* 6 ?x1330) (* 18 (* x00 r!2)) (* (- 6) (* r00 s!1 r!2)) (* 9 ?x2081) (* 6 (* s00 r00 r!2)) (* (- 18) (* r00 x!0)) (* (- 2) (* s00 s!1)) (* (- 9) ?x3087) (* 9 (* r00 s!1)) (* (- 18) (* x!0 r!2)))))
 (let (($x810 (= ?x809 0)))
 (let ((?x3710 (+ ?x44 ?x585 ?x586 ?x589 ?x555 ?x3250 ?x2531 ?x3152 ?x2892 ?x2769 ?x2701)))
 (let (($x3728 (= ?x3710 0)))
 (let (($x1060 (and $x995 $x3728 $x810 $x1756 $x3566 $x1649)))
 (let ((?x1884 (* r!2 s00 r00)))
 (let ((?x2332 (* (- 6) ?x1884)))
 (let ((?x3583 (* s!1 s00)))
 (let ((?x3420 (* 2 ?x3583)))
 (let ((?x3556 (* r!2 x00)))
 (let ((?x3488 (* (- 18) ?x3556)))
 (let ((?x2836 (* x!0 r00)))
 (let ((?x3560 (* 18 ?x2836)))
 (let ((?x472 (* s!1 r00 r00)))
 (let ((?x473 (* (- 6) ?x472)))
 (let ((?x470 (* r!2 s!1 r00)))
 (let ((?x471 (* 6 ?x470)))
 (let ((?x468 (* r!2 x!0)))
 (let ((?x469 (* 18 ?x468)))
 (let ((?x780 (+ ?x2899 ?x1633 ?x2967 ?x2071 ?x2928 ?x2014 ?x3254 ?x1895 (* (- 3) (* r!2 s!1)) (* (- 36) (* r!2 r00 r00)) (* 21 (* r!2 s00)) ?x2173 ?x621 ?x980 ?x469 ?x471 ?x473 ?x689 ?x3560 ?x733 ?x3488 ?x3420 (* (- 21) (* s!1 r00)) ?x2332 (* 36 (* r!2 r!2 r00)))))
 (let ((?x1706 (* (- 6) (* ?x1968 ?x658 ?x658 (+ 3 ?x1720 s!1) (+ 3 ?x1720 s!1)))))
 (let ((?x3115 (+ ?x3670 ?x3152 (* (- 12) (* r!2 s!1)) ?x3706 (* 12 ?x468) (* (- 27) (* r!2 s!1 s!1)) ?x3733 ?x3099 ?x3101 ?x1706 (* 6 (* r!2 r!2 x!0)) (* (- 6) (* r!2 r!2 s!1)) ?x1577 (* (- 3) (* r!2 s!1 x!0 x!0)) (* (- 18) (* r!2 r!2 s!1 s!1)) (* (- 3) (* r!2 s!1 s!1 s!1)) (* 54 (* r!2 s!1 x!0)) (* 36 (* r!2 r!2 s!1 x!0)) ?x3470 (* 6 (* r!2 s!1 s!1 x!0)) (* (- 27) (* r!2 x!0 x!0)) (* (- 18) (* r!2 r!2 x!0 x!0)))))
 (let ((?x1787 (* 216 (* x!0 x00))))
 (let ((?x1781 (* (- 36) (* s!1 s!1 r00 r00))))
 (let ((?x1780 (* 216 (* x!0 s00 r00))))
 (let ((?x3421 (* (- 432) (* x!0 r00 r00 r00))))
 (let ((?x1905 (* 12 (* s!1 s!1 s00))))
 (let ((?x2841 (* x!0 s00)))
 (let ((?x2285 (* (- 108) ?x2841)))
 (let ((?x3606 (* 108 ?x2836)))
 (let ((?x3856 (+ ?x2855 ?x2861 ?x2745 ?x4005 ?x808 ?x4006 ?x884 ?x2613 (* (- 396) (* r!2 s!1)) (* (- 1512) (* r!2 r00 r00)) (* 828 (* r!2 s00)) ?x2640 ?x4012 ?x1470 ?x1471 ?x2559 (* 648 ?x468) (* (- 252) ?x472) ?x1474 ?x3606 ?x2285 ?x1095 (* (- 648) ?x3556) (* 648 (* s!1 r00 r00 r00)) (* 246 ?x3583) ?x1135 (* (- 162) (* s!1 r00)) (* (- 648) ?x1884) (* (- 324) (* s!1 x00)) ?x865 (* (- 324) (* s!1 s00 r00)) ?x1238 (* 72 (* r!2 s!1 s!1)) ?x3478 ?x2943 ?x1387 ?x1008 (* 144 (* r!2 s!1 s00)) ?x1905 ?x1480 ?x3421 ?x1780 ?x1781 ?x1484 ?x1787 ?x1485 (* (- 1296) (* r!2 r!2 r00 r00)) (* (- 432) (* r!2 s!1 r00 r00)) (* (- 324) (* r!2 r00)) (* 1296 (* r!2 r00 r00 r00)) ?x438 (* 432 (* r!2 r!2 s!1)) (* 432 (* r!2 r!2 s00)))))
 (let ((?x3559 (* 36 (* x!0 r00 r00))))
 (let ((?x3555 (* (- 36) (* r!2 r00 x00))))
 (let ((?x3553 (* r!2 s!1 s00)))
 (let ((?x3550 (* 2 ?x3553)))
 (let ((?x3552 (* (- 4) (* r!2 s00 s00))))
 (let ((?x2242 (* r!2 s!1 s!1)))
 (let ((?x2259 (* 2 ?x2242)))
 (let ((?x962 (* s!1 s00 r00)))
 (let ((?x3242 (* (- 2) ?x962)))
 (let ((?x961 (* s!1 x00)))
 (let ((?x953 (* (- 6) ?x961)))
 (let ((?x2395 (* 4 (* s!1 s!1 r00))))
 (let ((?x3561 (* (- 6) ?x2841)))
 (let ((?x2843 (* 36 (* r!2 x!0 r00))))
 (let ((?x2738 (+ ?x623 ?x637 ?x611 ?x3425 ?x3412 ?x3426 ?x605 ?x3339 (* (- 42) (* r!2 s!1)) (* (- 216) (* r!2 r00 r00)) (* 114 (* r!2 s00)) ?x3432 ?x3473 ?x3028 (* 90 ?x468) (* 12 ?x470) (* (- 72) ?x472) ?x2843 ?x3580 (* 90 ?x2836) ?x3561 ?x1095 (* (- 90) ?x3556) ?x2395 (* 20 ?x3583) ?x795 (* (- 90) (* s!1 r00)) (* (- 12) ?x1884) ?x953 ?x3242 ?x901 ?x2259 ?x839 ?x3552 ?x985 ?x3550 ?x3555 ?x3559 (* 144 (* r!2 r!2 r00)) ?x2852 (* 24 (* r!2 r!2 s!1)) (* 12 (* r!2 r!2 s00)))))
 (let ((?x3027 (* r!2 s00)))
 (let ((?x1897 (* 4 ?x3027)))
 (let ((?x1255 (* r!2 r00 r00)))
 (let ((?x1254 (* (- 12) ?x1255)))
 (let ((?x2427 (* r!2 s!1)))
 (let ((?x1256 (* 2 ?x2427)))
 (let ((?x2953 (+ ?x2769 ?x939 ?x3152 ?x2798 ?x585 ?x586 ?x1076 ?x2756 ?x1256 ?x1254 ?x1897 ?x589 ?x555)))
 (let (($x1999 (= (+ s!1 (* (- 1) s00) (* (- 3) ?x988) (* 3 ?x384)) 0)))
 (let (($x3356 (or (not $x1999) (not (= ?x2953 0)) (not (= ?x780 0)) (not (= ?x2738 0)) (not (= ?x3856 0)) (not (= (* ?x3115 ?x780) 0)))))
 (let ((?x2849 (* (- 36) ?x472)))
 (let ((?x613 (* 54 ?x511)))
 (let ((?x1082 (* (- 9) s00)))
 (let ((?x1829 (* 9 s!1)))
 (let ((?x1183 (+ ?x1829 ?x1082 ?x613 ?x1470 ?x1471 (* (- 15) ?x965) ?x2849 ?x1474 ?x3606 ?x2285 ?x1095 (* 216 (* s!1 r00 r00 r00)) (* 66 ?x3583) ?x1135 (* (- 54) (* s!1 r00)) (* (- 108) ?x961) ?x865 (* (- 108) ?x962) ?x1238 (* 108 ?x783) ?x2943 ?x1387 ?x1008 ?x1905 ?x1480 ?x3421 ?x1780 ?x1781 ?x1484 ?x1787 ?x1485)))
 (let ((?x1011 (* (- 15) ?x676)))
 (let ((?x644 (* (- 54) ?x607)))
 (let ((?x659 (* 24 ?x511)))
 (let ((?x1988 (+ ?x1829 ?x1082 (* (- 24) ?x2427) (* 24 ?x3027) ?x659 ?x644 (* 3 ?x965) (* 54 ?x468) ?x2849 ?x2843 ?x1011 (* 54 ?x2836) ?x3561 ?x1095 (* (- 54) ?x3556) ?x2395 (* 12 ?x3583) ?x795 (* (- 24) (* s!1 r00)) ?x953 ?x3242 ?x901 ?x2259 ?x839 ?x3552 ?x985 ?x3550 ?x3555 ?x3559)))
 (let ((?x626 (* 9 ?x511)))
 (let ((?x463 (* (- 3) s00)))
 (let ((?x2331 (+ (* 3 s!1) ?x463 (* (- 9) ?x2427) (* 9 ?x3027) ?x626 ?x621 ?x980 ?x469 ?x471 ?x473 ?x689 ?x3560 ?x733 ?x3488 ?x3420 (* (- 9) (* s!1 r00)) ?x2332)))
 (let (($x2702 (= (+ ?x2769 ?x3250 ?x3152 ?x44 ?x585 ?x586 ?x1256 ?x1254 ?x1897 ?x589 ?x555) 0)))
 (let (($x2593 (and $x1999 $x2702 (= ?x2331 0) (= ?x1988 0) (= ?x1183 0) $x3356)))
 (let (($x1770 (exists ((r Int) (s Int) (x Int) )(! (let ((?x811 (* r s00 r00)))
 (let ((?x824 (* (- 6) ?x811)))
 (let ((?x773 (* s s00)))
 (let ((?x774 (* 2 ?x773)))
 (let ((?x744 (* r x00)))
 (let ((?x757 (* (- 18) ?x744)))
 (let ((?x732 (* s00 r00 r00)))
 (let ((?x733 (* 6 ?x732)))
 (let ((?x702 (* x r00)))
 (let ((?x703 (* 18 ?x702)))
 (let ((?x676 (* s00 s00)))
 (let ((?x689 (* (- 4) ?x676)))
 (let ((?x650 (* s r00 r00)))
 (let ((?x663 (* (- 6) ?x650)))
 (let ((?x638 (* r s r00)))
 (let ((?x639 (* 6 ?x638)))
 (let ((?x634 (* r x)))
 (let ((?x635 (* 18 ?x634)))
 (let ((?x630 (* s s)))
 (let ((?x631 (* 2 ?x630)))
 (let ((?x607 (* r00 x00)))
 (let ((?x621 (* (- 18) ?x607)))
 (let ((?x511 (* s00 r00)))
 (let ((?x2173 (* 3 ?x511)))
 (let ((?x434 (* r r00 r00)))
 (let ((?x1904 (* (- 36) ?x434)))
 (let ((?x384 (* r00 r00)))
 (let ((?x1895 (* (- 18) ?x384)))
 (let ((?x2014 (* (- 18) x00)))
 (let ((?x2928 (* (- 9) r00)))
 (let ((?x2071 (* 12 s00)))
 (let ((?x1810 (* 18 x)))
 (let ((?x2929 (+ (* 9 r) (* (- 12) s) ?x1810 ?x2071 ?x2928 ?x2014 (* 18 (* r r)) ?x1895 (* (- 3) (* r s)) ?x1904 (* 21 (* r s00)) ?x2173 ?x621 ?x631 ?x635 ?x639 ?x663 ?x689 ?x703 ?x733 ?x757 ?x774 (* (- 21) (* s r00)) ?x824 (* 36 (* r r r00)))))
 (let ((?x3806 (* (- 18) (* r r x x))))
 (let ((?x3868 (* (- 27) (* r x x))))
 (let ((?x3867 (* 6 (* r s s x))))
 (let ((?x3863 (* 6 (* s s x))))
 (let ((?x3862 (* 36 (* r r s x))))
 (let ((?x3861 (* 54 (* r s x))))
 (let ((?x3597 (* (- 3) (* r s s s))))
 (let ((?x3589 (* (- 18) (* r r s s))))
 (let ((?x3812 (* (- 3) (* r s x x))))
 (let ((?x3809 (* (- 3) (* s x x))))
 (let ((?x2364 (* 6 (* r r x))))
 (let ((?x211 (* 6 r)))
 (let ((?x1492 (+ 3 ?x211 s)))
 (let ((?x363 (* (- 1) s)))
 (let ((?x1751 (+ ?x363 x)))
 (let ((?x1525 (+ 1 r)))
 (let ((?x977 (* x x)))
 (let ((?x3536 (* (- 9) ?x977)))
 (let ((?x914 (* s s s)))
 (let ((?x3592 (* (- 3) ?x914)))
 (let ((?x908 (* s x)))
 (let ((?x3533 (* 18 ?x908)))
 (let ((?x904 (* r s s)))
 (let ((?x3860 (* (- 27) ?x904)))
 (let ((?x3518 (* (- 9) ?x630)))
 (let ((?x56 (* 6 x)))
 (let ((?x1765 (* (- 6) s)))
 (let ((?x1733 (+ ?x1765 ?x56 (* (- 12) (* r s)) ?x3518 (* 12 ?x634) ?x3860 ?x3533 ?x3592 ?x3536 (* (- 6) (* ?x1525 ?x1751 ?x1751 ?x1492 ?x1492)) ?x2364 (* (- 6) (* r r s)) ?x3809 ?x3812 ?x3589 ?x3597 ?x3861 ?x3862 ?x3863 ?x3867 ?x3868 ?x3806)))
 (let ((?x3392 (* r r s00)))
 (let ((?x4046 (* 432 ?x3392)))
 (let ((?x3081 (* r r s)))
 (let ((?x4042 (* 432 ?x3081)))
 (let ((?x3066 (* r r r)))
 (let ((?x4041 (* 864 ?x3066)))
 (let ((?x4035 (* 1296 (* r r00 r00 r00))))
 (let ((?x1455 (* x00 x00)))
 (let ((?x1485 (* (- 108) ?x1455)))
 (let ((?x1430 (* 216 (* x x00))))
 (let ((?x1293 (* s00 s00 s00)))
 (let ((?x1484 (* (- 16) ?x1293)))
 (let ((?x1482 (* (- 36) (* s s r00 r00))))
 (let ((?x1264 (* 216 (* x s00 r00))))
 (let ((?x1481 (* (- 432) (* x r00 r00 r00))))
 (let ((?x1181 (* s00 r00 r00 r00)))
 (let ((?x1480 (* (- 216) ?x1181)))
 (let ((?x1066 (* 12 (* s s s00))))
 (let ((?x1024 (* r s s00)))
 (let ((?x4022 (* 144 ?x1024)))
 (let ((?x1007 (* r00 r00 r00 x00)))
 (let ((?x1008 (* 432 ?x1007)))
 (let ((?x1479 (* (- 108) ?x977)))
 (let ((?x916 (* 4 ?x914)))
 (let ((?x4021 (* 72 ?x904)))
 (let ((?x900 (* s00 x00)))
 (let ((?x1238 (* 108 ?x900)))
 (let ((?x864 (* s00 s00 r00 r00)))
 (let ((?x865 (* 36 ?x864)))
 (let ((?x823 (* s x00)))
 (let ((?x4019 (* (- 324) ?x823)))
 (let ((?x777 (* s00 s00 r00)))
 (let ((?x1135 (* 108 ?x777)))
 (let ((?x1095 (* 36 ?x732)))
 (let ((?x706 (* x s00)))
 (let ((?x1475 (* (- 108) ?x706)))
 (let ((?x1341 (* 108 ?x702)))
 (let ((?x1474 (* (- 51) ?x676)))
 (let ((?x4015 (* 648 ?x634)))
 (let ((?x1471 (* (- 108) ?x607)))
 (let ((?x603 (* s00 r00 x00)))
 (let ((?x1470 (* (- 216) ?x603)))
 (let ((?x554 (* r00 r00 r00)))
 (let ((?x4012 (* 648 ?x554)))
 (let ((?x2640 (* (- 270) ?x511)))
 (let ((?x484 (* r s00)))
 (let ((?x4011 (* 828 ?x484)))
 (let ((?x2613 (* (- 432) ?x384)))
 (let ((?x4006 (* (- 324) x00)))
 (let ((?x808 (* (- 162) r00)))
 (let ((?x4005 (* 297 s00)))
 (let ((?x3721 (* 324 x)))
 (let ((?x2636 (+ (* 162 r) (* (- 297) s) ?x3721 ?x4005 ?x808 ?x4006 (* 756 (* r r)) ?x2613 (* (- 396) (* r s)) (* (- 1512) ?x434) ?x4011 ?x2640 ?x4012 ?x1470 ?x1471 (* (- 195) ?x630) ?x4015 (* (- 252) ?x650) ?x1474 ?x1341 ?x1475 ?x1095 (* (- 648) ?x744) (* 648 (* s r00 r00 r00)) (* 246 ?x773) ?x1135 (* (- 162) (* s r00)) (* (- 648) ?x811) ?x4019 ?x865 (* (- 324) (* s s00 r00)) ?x1238 ?x4021 (* 324 ?x908) ?x916 ?x1479 ?x1008 ?x4022 ?x1066 ?x1480 ?x1481 ?x1264 ?x1482 ?x1484 ?x1430 ?x1485 (* (- 1296) (* r r r00 r00)) (* (- 432) (* r s r00 r00)) (* (- 324) (* r r00)) ?x4035 ?x4041 ?x4042 ?x4046)))
 (let ((?x1168 (* 36 (* x r00 r00))))
 (let ((?x1036 (* r r00 x00)))
 (let ((?x1049 (* (- 36) ?x1036)))
 (let ((?x1025 (* 2 ?x1024)))
 (let ((?x972 (* r00 r00 x00)))
 (let ((?x985 (* (- 36) ?x972)))
 (let ((?x920 (* r s00 s00)))
 (let ((?x933 (* (- 4) ?x920)))
 (let ((?x909 (* 6 ?x908)))
 (let ((?x905 (* 2 ?x904)))
 (let ((?x901 (* 6 ?x900)))
 (let ((?x874 (* s s00 r00)))
 (let ((?x887 (* (- 2) ?x874)))
 (let ((?x850 (* (- 6) ?x823)))
 (let ((?x795 (* (- 2) ?x777)))
 (let ((?x750 (* 4 (* s s r00))))
 (let ((?x721 (* (- 6) ?x706)))
 (let ((?x3580 (* (- 19) ?x676)))
 (let ((?x654 (* 36 (* r x r00))))
 (let ((?x3473 (* (- 90) ?x607)))
 (let ((?x3432 (* 18 ?x511)))
 (let ((?x3339 (* (- 108) ?x384)))
 (let ((?x3426 (* (- 72) x00)))
 (let ((?x3412 (* (- 36) r00)))
 (let ((?x3425 (* 57 s00)))
 (let ((?x3669 (+ (* 36 r) (* (- 57) s) (* 72 x) ?x3425 ?x3412 ?x3426 (* 108 (* r r)) ?x3339 (* (- 42) (* r s)) (* (- 216) ?x434) (* 114 ?x484) ?x3432 ?x3473 (* (- 1) ?x630) (* 90 ?x634) (* 12 ?x638) (* (- 72) ?x650) ?x654 ?x3580 (* 90 ?x702) ?x721 ?x1095 (* (- 90) ?x744) ?x750 (* 20 ?x773) ?x795 (* (- 90) (* s r00)) (* (- 12) ?x811) ?x850 ?x887 ?x901 ?x905 ?x909 ?x933 ?x985 ?x1025 ?x1049 ?x1168 (* 144 (* r r r00)) (* 72 ?x3066) (* 24 ?x3081) (* 12 ?x3392))))
 (let ((?x555 (* 12 ?x554)))
 (let ((?x589 (* (- 6) ?x511)))
 (let ((?x485 (* 4 ?x484)))
 (let ((?x588 (* (- 12) ?x434)))
 (let ((?x428 (* r s)))
 (let ((?x587 (* 2 ?x428)))
 (let ((?x2756 (* (- 12) ?x384)))
 (let ((?x586 (* (- 6) x00)))
 (let ((?x585 (* (- 3) r00)))
 (let ((?x2798 (* 7 s00)))
 (let ((?x43 (* 3 r)))
 (let ((?x624 (+ ?x43 (* (- 7) s) ?x56 ?x2798 ?x585 ?x586 (* 12 (* r r)) ?x2756 ?x587 ?x588 ?x485 ?x589 ?x555)))
 (let (($x417 (= (+ s (* (- 1) s00) (* (- 3) (* r r)) (* 3 ?x384)) 0)))
 (let (($x1766 (or (not $x417) (not (= ?x624 0)) (not (= ?x2929 0)) (not (= ?x3669 0)) (not (= ?x2636 0)) (not (= (* ?x1733 ?x2929) 0)))))
 (let ((?x1305 (* 108 ?x908)))
 (let ((?x755 (* s r00 r00 r00)))
 (let ((?x756 (* 216 ?x755)))
 (let ((?x959 (* (- 36) ?x650)))
 (let ((?x613 (* 54 ?x511)))
 (let ((?x1082 (* (- 9) s00)))
 (let ((?x143 (* 9 s)))
 (let ((?x1486 (+ ?x143 ?x1082 ?x613 ?x1470 ?x1471 (* (- 15) ?x630) ?x959 ?x1474 ?x1341 ?x1475 ?x1095 ?x756 (* 66 ?x773) ?x1135 (* (- 54) (* s r00)) (* (- 108) ?x823) ?x865 (* (- 108) ?x874) ?x1238 ?x1305 ?x916 ?x1479 ?x1008 ?x1066 ?x1480 ?x1481 ?x1264 ?x1482 ?x1484 ?x1430 ?x1485)))
 (let (($x1487 (= ?x1486 0)))
 (let ((?x1011 (* (- 15) ?x676)))
 (let ((?x662 (* 3 ?x630)))
 (let ((?x644 (* (- 54) ?x607)))
 (let ((?x659 (* 24 ?x511)))
 (let ((?x1174 (+ ?x143 ?x1082 (* (- 24) ?x428) (* 24 ?x484) ?x659 ?x644 ?x662 (* 54 ?x634) ?x959 ?x654 ?x1011 (* 54 ?x702) ?x721 ?x1095 (* (- 54) ?x744) ?x750 (* 12 ?x773) ?x795 (* (- 24) (* s r00)) ?x850 ?x887 ?x901 ?x905 ?x909 ?x933 ?x985 ?x1025 ?x1049 ?x1168)))
 (let (($x1179 (= ?x1174 0)))
 (let ((?x785 (* s r00)))
 (let ((?x798 (* (- 9) ?x785)))
 (let ((?x626 (* 9 ?x511)))
 (let ((?x770 (* 9 ?x484)))
 (let ((?x602 (* (- 9) ?x428)))
 (let ((?x463 (* (- 3) s00)))
 (let ((?x47 (* 3 s)))
 (let ((?x830 (+ ?x47 ?x463 ?x602 ?x770 ?x626 ?x621 ?x631 ?x635 ?x639 ?x663 ?x689 ?x703 ?x733 ?x757 ?x774 ?x798 ?x824)))
 (let (($x837 (= ?x830 0)))
 (let ((?x44 (* 3 s00)))
 (let ((?x584 (* (- 3) s)))
 (let (($x591 (= (+ ?x43 ?x584 ?x56 ?x44 ?x585 ?x586 ?x587 ?x588 ?x485 ?x589 ?x555) 0)))
 (and $x417 $x591 $x837 $x1179 $x1487 $x1766)))))))))))))))))))))))))))))))))))))))))))))))))))))))))))))))))))))))))))))))))))))))))))))))))))))))))))))))))))))))))))))))))))))))))))))))))))))))))))))))))))))))))))))))))))))) :qid k!40))
 ))
 (let (($x2475 (exists ((r Int) (s Int) (x Int) )(! (let ((?x1525 (+ 1 r)))
 (let ((?x622 (* r00 s00 ?x1525)))
 (let ((?x1022 (* (- 6) ?x622)))
 (let ((?x211 (* 6 r)))
 (let ((?x2734 (+ 3 s ?x211)))
 (let ((?x3039 (* r00 ?x2734)))
 (let ((?x2915 (* (- 9) ?x3039)))
 (let ((?x1660 (* s00 ?x2734)))
 (let ((?x1661 (* 2 ?x1660)))
 (let ((?x1685 (* s00 ?x1525)))
 (let ((?x3699 (* 9 ?x1685)))
 (let ((?x1214 (* 18 r)))
 (let ((?x47 (* 3 s)))
 (let ((?x1752 (* x00 ?x1525)))
 (let ((?x399 (* (- 18) ?x1752)))
 (let ((?x2762 (* r00 r00 s00)))
 (let ((?x2763 (* 6 ?x2762)))
 (let ((?x463 (* (- 3) s00)))
 (let ((?x363 (* (- 1) s)))
 (let ((?x2369 (+ x ?x363)))
 (let ((?x2664 (* r00 ?x2369)))
 (let ((?x2812 (* 18 ?x2664)))
 (let ((?x676 (* s00 s00)))
 (let ((?x689 (* (- 4) ?x676)))
 (let ((?x2488 (* r00 r00 ?x2734)))
 (let ((?x3828 (* (- 6) ?x2488)))
 (let ((?x1509 (* r00 ?x1525 ?x2734)))
 (let ((?x1516 (* 6 ?x1509)))
 (let ((?x3577 (* ?x1525 ?x2369)))
 (let ((?x1677 (* 18 ?x3577)))
 (let ((?x2602 (* ?x2734 ?x2734)))
 (let ((?x2990 (* 2 ?x2602)))
 (let ((?x924 (* r00 s00)))
 (let ((?x1602 (* 9 ?x924)))
 (let ((?x607 (* r00 x00)))
 (let ((?x621 (* (- 18) ?x607)))
 (let ((?x3251 (* ?x1525 ?x2734)))
 (let ((?x2463 (* (- 9) ?x3251)))
 (let ((?x3943 (+ 9 ?x2463 ?x621 ?x1602 ?x2990 ?x1677 ?x1516 ?x3828 ?x689 ?x2812 ?x463 ?x2763 ?x399 ?x47 ?x1214 ?x3699 ?x1661 ?x2915 ?x1022)))
 (let ((?x3070 (+ (* 6 (* ?x1525 ?x1525 ?x2369)) (* (- 3) (* ?x1525 ?x2369 ?x2369 ?x2734)) (* (- 6) (* ?x1525 ?x2369 ?x2369 ?x2734 ?x2734)))))
 (let (($x3966 (not (= (* ?x3070 ?x3943) 0))))
 (let ((?x1455 (* x00 x00)))
 (let ((?x3830 (* 108 ?x1455)))
 (let ((?x3461 (* (- 54) r)))
 (let ((?x2047 (* (- 9) s)))
 (let ((?x1598 (* (- 36) ?x2762)))
 (let ((?x137 (* 9 s00)))
 (let ((?x820 (* 51 ?x676)))
 (let ((?x427 (* 36 ?x2488)))
 (let ((?x1293 (* s00 s00 s00)))
 (let ((?x1687 (* 16 ?x1293)))
 (let ((?x900 (* s00 x00)))
 (let ((?x1216 (* (- 108) ?x900)))
 (let ((?x2883 (* 216 (* r00 r00 r00 s00))))
 (let ((?x991 (* r00 s00 s00)))
 (let ((?x2174 (* (- 108) ?x991)))
 (let ((?x1007 (* r00 r00 r00 x00)))
 (let ((?x3024 (* (- 432) ?x1007)))
 (let ((?x3882 (* (- 36) (* r00 r00 s00 s00))))
 (let ((?x2937 (* (- 54) ?x924)))
 (let ((?x1883 (* 108 ?x607)))
 (let ((?x2468 (* 216 (* r00 s00 x00))))
 (let ((?x2129 (+ ?x2468 ?x1883 ?x2937 (* 15 ?x2602) (* (- 216) (* r00 r00 r00 ?x2734)) ?x3882 (* (- 4) (* ?x2734 ?x2734 ?x2734)) (* 108 (* ?x2369 ?x2369)) ?x3024 (* (- 12) (* s00 ?x2734 ?x2734)) (* 108 (* s00 ?x2369)) ?x2174 ?x2883 (* 108 (* x00 ?x2734)) (* 432 (* r00 r00 r00 ?x2369)) (* (- 66) ?x1660) (* 108 (* r00 s00 ?x2734)) ?x1216 (* (- 216) (* r00 s00 ?x2369)) (* 36 (* r00 r00 ?x2734 ?x2734)) ?x1687 (* (- 108) (* ?x2369 ?x2734)) ?x427 ?x820 (* (- 108) ?x2664) ?x137 ?x1598 ?x2047 ?x3461 (* 54 ?x3039) (* (- 216) (* x00 ?x2369)) ?x3830)))
 (let (($x2072 (not (= ?x2129 27))))
 (let ((?x3418 (* 15 ?x676)))
 (let ((?x972 (* r00 r00 x00)))
 (let ((?x973 (* 36 ?x972)))
 (let ((?x3174 (* (- 6) ?x900)))
 (let ((?x3401 (* 2 ?x991)))
 (let ((?x1599 (* (- 24) ?x924)))
 (let ((?x3498 (* 54 ?x607)))
 (let ((?x3659 (+ (* 24 ?x3251) ?x3498 (* (- 36) (* r00 ?x1525 ?x2369)) ?x1599 (* (- 3) ?x2602) (* (- 54) ?x3577) (* 6 (* s00 ?x2369)) (* (- 4) (* r00 ?x2734 ?x2734)) ?x3401 (* 6 (* x00 ?x2734)) (* (- 12) ?x1660) (* 2 (* r00 s00 ?x2734)) ?x3174 (* (- 2) (* ?x1525 ?x2734 ?x2734)) (* (- 6) (* ?x2369 ?x2734)) (* 4 (* s00 s00 ?x1525)) ?x427 ?x973 ?x3418 (* (- 2) (* s00 ?x1525 ?x2734)) (* 36 (* r00 x00 ?x1525)) (* (- 54) ?x2664) ?x137 ?x1598 (* 54 ?x1752) ?x2047 ?x3461 (* (- 24) ?x1685) (* 24 ?x3039) (* (- 36) (* r00 r00 ?x2369)))))
 (let ((?x584 (* (- 3) s)))
 (let ((?x1390 (* (- 6) ?x2762)))
 (let ((?x44 (* 3 s00)))
 (let ((?x677 (* 4 ?x676)))
 (let ((?x2741 (* (- 9) ?x924)))
 (let ((?x608 (* 18 ?x607)))
 (let ((?x3417 (+ (* 9 ?x3251) ?x608 ?x2741 (* (- 2) ?x2602) (* (- 18) ?x3577) (* (- 6) ?x1509) (* 6 ?x2488) ?x677 (* (- 18) ?x2664) ?x44 ?x1390 (* 18 ?x1752) ?x584 (* (- 18) r) (* (- 9) ?x1685) (* (- 2) ?x1660) (* 9 ?x3039) (* 6 ?x622))))
 (let ((?x554 (* r00 r00 r00)))
 (let ((?x555 (* 12 ?x554)))
 (let ((?x586 (* (- 6) x00)))
 (let ((?x56 (* 6 x)))
 (let ((?x992 (* (- 6) ?x924)))
 (let ((?x585 (* (- 3) r00)))
 (let ((?x902 (+ (* 2 ?x3251) (* (- 12) (* r00 r00 ?x1525)) (* (- 15) r) ?x44 ?x2047 ?x585 (* 4 ?x1685) ?x992 ?x56 ?x586 ?x555)))
 (let ((?x384 (* r00 r00)))
 (let ((?x2266 (* (- 3) ?x384)))
 (let (($x2297 (= (+ s00 ?x363 (* (- 6) r) (* 3 (* ?x1525 ?x1525)) ?x2266) 3)))
 (let (($x1157 (not $x2297)))
 (let (($x2525 (or $x1157 (not (= ?x902 6)) (not (= ?x3417 9)) (not (= ?x3659 27)) $x2072 $x3966)))
 (let ((?x1873 (* r00 r00 s)))
 (let ((?x2473 (* 36 ?x1873)))
 (let ((?x3837 (+ ?x2468 ?x1883 ?x2937 (* 15 (* s s)) (* (- 216) (* r00 r00 r00 s)) ?x3882 (* (- 4) (* s s s)) (* 108 (* x x)) ?x3024 (* (- 12) (* s00 s s)) (* 108 (* s00 x)) ?x2174 ?x2883 (* 108 (* x00 s)) (* 432 (* r00 r00 r00 x)) (* (- 66) (* s00 s)) (* 108 (* r00 s00 s)) ?x1216 (* (- 216) (* r00 s00 x)) (* 36 (* r00 r00 s s)) ?x1687 (* (- 108) (* x s)) ?x2473 ?x820 (* (- 108) (* r00 x)) ?x137 ?x1598 ?x2047 (* 54 (* r00 s)) (* (- 216) (* x00 x)) ?x3830)))
 (let (($x3842 (= ?x3837 0)))
 (let ((?x3135 (* r00 r00 x)))
 (let ((?x3217 (* (- 36) ?x3135)))
 (let ((?x2462 (* r00 s s)))
 (let ((?x3202 (* (- 4) ?x2462)))
 (let ((?x3656 (+ (* 24 (* s r)) ?x3498 (* (- 36) (* r00 x r)) ?x1599 (* (- 3) (* s s)) (* (- 54) (* x r)) (* 6 (* s00 x)) ?x3202 ?x3401 (* 6 (* x00 s)) (* (- 12) (* s00 s)) (* 2 (* r00 s00 s)) ?x3174 (* (- 2) (* s s r)) (* (- 6) (* x s)) (* 4 (* s00 s00 r)) ?x2473 ?x973 ?x3418 (* (- 2) (* s00 s r)) (* 36 (* r00 x00 r)) (* (- 54) (* r00 x)) ?x137 ?x1598 (* 54 (* x00 r)) ?x2047 (* (- 24) (* s00 r)) (* 24 (* r00 s)) ?x3217)))
 (let ((?x1944 (* r00 x)))
 (let ((?x2229 (* (- 18) ?x1944)))
 (let ((?x630 (* s s)))
 (let ((?x2210 (* (- 2) ?x630)))
 (let ((?x3674 (+ (* 9 (* s r)) ?x608 ?x2741 ?x2210 (* (- 18) (* x r)) (* (- 6) (* r00 s r)) (* 6 ?x1873) ?x677 ?x2229 ?x44 ?x1390 (* 18 (* x00 r)) ?x584 (* (- 9) (* s00 r)) (* (- 2) (* s00 s)) (* 9 (* r00 s)) (* 6 (* r00 s00 r)))))
 (let ((?x43 (* 3 r)))
 (let ((?x3641 (+ (* 2 (* s r)) (* (- 12) (* r00 r00 r)) ?x43 ?x44 ?x584 ?x585 (* 4 (* s00 r)) ?x992 ?x56 ?x586 ?x555)))
 (let (($x3308 (= (+ s00 ?x363 (* 3 (* r r)) ?x2266) 0)))
 (and $x3308 (= ?x3641 0) (= ?x3674 0) (= ?x3656 0) $x3842 $x2525))))))))))))))))))))))))))))))))))))))))))))))))))))))))))))))))))))))))))))))))))))))))))))))))))))))))))))) :qid k!40))
 ))
 (let ((?x1802 (lambda ((r Int) (s Int) (x Int) )(let ((?x811 (* r s00 r00)))
 (let ((?x824 (* (- 6) ?x811)))
 (let ((?x773 (* s s00)))
 (let ((?x774 (* 2 ?x773)))
 (let ((?x744 (* r x00)))
 (let ((?x757 (* (- 18) ?x744)))
 (let ((?x732 (* s00 r00 r00)))
 (let ((?x733 (* 6 ?x732)))
 (let ((?x702 (* x r00)))
 (let ((?x703 (* 18 ?x702)))
 (let ((?x676 (* s00 s00)))
 (let ((?x689 (* (- 4) ?x676)))
 (let ((?x650 (* s r00 r00)))
 (let ((?x663 (* (- 6) ?x650)))
 (let ((?x638 (* r s r00)))
 (let ((?x639 (* 6 ?x638)))
 (let ((?x634 (* r x)))
 (let ((?x635 (* 18 ?x634)))
 (let ((?x630 (* s s)))
 (let ((?x631 (* 2 ?x630)))
 (let ((?x607 (* r00 x00)))
 (let ((?x621 (* (- 18) ?x607)))
 (let ((?x511 (* s00 r00)))
 (let ((?x2173 (* 3 ?x511)))
 (let ((?x434 (* r r00 r00)))
 (let ((?x1904 (* (- 36) ?x434)))
 (let ((?x384 (* r00 r00)))
 (let ((?x1895 (* (- 18) ?x384)))
 (let ((?x2014 (* (- 18) x00)))
 (let ((?x2928 (* (- 9) r00)))
 (let ((?x2071 (* 12 s00)))
 (let ((?x1810 (* 18 x)))
 (let ((?x2929 (+ (* 9 r) (* (- 12) s) ?x1810 ?x2071 ?x2928 ?x2014 (* 18 (* r r)) ?x1895 (* (- 3) (* r s)) ?x1904 (* 21 (* r s00)) ?x2173 ?x621 ?x631 ?x635 ?x639 ?x663 ?x689 ?x703 ?x733 ?x757 ?x774 (* (- 21) (* s r00)) ?x824 (* 36 (* r r r00)))))
 (let ((?x3806 (* (- 18) (* r r x x))))
 (let ((?x3868 (* (- 27) (* r x x))))
 (let ((?x3867 (* 6 (* r s s x))))
 (let ((?x3863 (* 6 (* s s x))))
 (let ((?x3862 (* 36 (* r r s x))))
 (let ((?x3861 (* 54 (* r s x))))
 (let ((?x3597 (* (- 3) (* r s s s))))
 (let ((?x3589 (* (- 18) (* r r s s))))
 (let ((?x3812 (* (- 3) (* r s x x))))
 (let ((?x3809 (* (- 3) (* s x x))))
 (let ((?x2364 (* 6 (* r r x))))
 (let ((?x211 (* 6 r)))
 (let ((?x1492 (+ 3 ?x211 s)))
 (let ((?x363 (* (- 1) s)))
 (let ((?x1751 (+ ?x363 x)))
 (let ((?x1525 (+ 1 r)))
 (let ((?x977 (* x x)))
 (let ((?x3536 (* (- 9) ?x977)))
 (let ((?x914 (* s s s)))
 (let ((?x3592 (* (- 3) ?x914)))
 (let ((?x908 (* s x)))
 (let ((?x3533 (* 18 ?x908)))
 (let ((?x904 (* r s s)))
 (let ((?x3860 (* (- 27) ?x904)))
 (let ((?x3518 (* (- 9) ?x630)))
 (let ((?x56 (* 6 x)))
 (let ((?x1765 (* (- 6) s)))
 (let ((?x1733 (+ ?x1765 ?x56 (* (- 12) (* r s)) ?x3518 (* 12 ?x634) ?x3860 ?x3533 ?x3592 ?x3536 (* (- 6) (* ?x1525 ?x1751 ?x1751 ?x1492 ?x1492)) ?x2364 (* (- 6) (* r r s)) ?x3809 ?x3812 ?x3589 ?x3597 ?x3861 ?x3862 ?x3863 ?x3867 ?x3868 ?x3806)))
 (let ((?x3392 (* r r s00)))
 (let ((?x4046 (* 432 ?x3392)))
 (let ((?x3081 (* r r s)))
 (let ((?x4042 (* 432 ?x3081)))
 (let ((?x3066 (* r r r)))
 (let ((?x4041 (* 864 ?x3066)))
 (let ((?x4035 (* 1296 (* r r00 r00 r00))))
 (let ((?x1455 (* x00 x00)))
 (let ((?x1485 (* (- 108) ?x1455)))
 (let ((?x1430 (* 216 (* x x00))))
 (let ((?x1293 (* s00 s00 s00)))
 (let ((?x1484 (* (- 16) ?x1293)))
 (let ((?x1482 (* (- 36) (* s s r00 r00))))
 (let ((?x1264 (* 216 (* x s00 r00))))
 (let ((?x1481 (* (- 432) (* x r00 r00 r00))))
 (let ((?x1181 (* s00 r00 r00 r00)))
 (let ((?x1480 (* (- 216) ?x1181)))
 (let ((?x1066 (* 12 (* s s s00))))
 (let ((?x1024 (* r s s00)))
 (let ((?x4022 (* 144 ?x1024)))
 (let ((?x1007 (* r00 r00 r00 x00)))
 (let ((?x1008 (* 432 ?x1007)))
 (let ((?x1479 (* (- 108) ?x977)))
 (let ((?x916 (* 4 ?x914)))
 (let ((?x4021 (* 72 ?x904)))
 (let ((?x900 (* s00 x00)))
 (let ((?x1238 (* 108 ?x900)))
 (let ((?x864 (* s00 s00 r00 r00)))
 (let ((?x865 (* 36 ?x864)))
 (let ((?x823 (* s x00)))
 (let ((?x4019 (* (- 324) ?x823)))
 (let ((?x777 (* s00 s00 r00)))
 (let ((?x1135 (* 108 ?x777)))
 (let ((?x1095 (* 36 ?x732)))
 (let ((?x706 (* x s00)))
 (let ((?x1475 (* (- 108) ?x706)))
 (let ((?x1341 (* 108 ?x702)))
 (let ((?x1474 (* (- 51) ?x676)))
 (let ((?x4015 (* 648 ?x634)))
 (let ((?x1471 (* (- 108) ?x607)))
 (let ((?x603 (* s00 r00 x00)))
 (let ((?x1470 (* (- 216) ?x603)))
 (let ((?x554 (* r00 r00 r00)))
 (let ((?x4012 (* 648 ?x554)))
 (let ((?x2640 (* (- 270) ?x511)))
 (let ((?x484 (* r s00)))
 (let ((?x4011 (* 828 ?x484)))
 (let ((?x2613 (* (- 432) ?x384)))
 (let ((?x4006 (* (- 324) x00)))
 (let ((?x808 (* (- 162) r00)))
 (let ((?x4005 (* 297 s00)))
 (let ((?x3721 (* 324 x)))
 (let ((?x2636 (+ (* 162 r) (* (- 297) s) ?x3721 ?x4005 ?x808 ?x4006 (* 756 (* r r)) ?x2613 (* (- 396) (* r s)) (* (- 1512) ?x434) ?x4011 ?x2640 ?x4012 ?x1470 ?x1471 (* (- 195) ?x630) ?x4015 (* (- 252) ?x650) ?x1474 ?x1341 ?x1475 ?x1095 (* (- 648) ?x744) (* 648 (* s r00 r00 r00)) (* 246 ?x773) ?x1135 (* (- 162) (* s r00)) (* (- 648) ?x811) ?x4019 ?x865 (* (- 324) (* s s00 r00)) ?x1238 ?x4021 (* 324 ?x908) ?x916 ?x1479 ?x1008 ?x4022 ?x1066 ?x1480 ?x1481 ?x1264 ?x1482 ?x1484 ?x1430 ?x1485 (* (- 1296) (* r r r00 r00)) (* (- 432) (* r s r00 r00)) (* (- 324) (* r r00)) ?x4035 ?x4041 ?x4042 ?x4046)))
 (let ((?x1168 (* 36 (* x r00 r00))))
 (let ((?x1036 (* r r00 x00)))
 (let ((?x1049 (* (- 36) ?x1036)))
 (let ((?x1025 (* 2 ?x1024)))
 (let ((?x972 (* r00 r00 x00)))
 (let ((?x985 (* (- 36) ?x972)))
 (let ((?x920 (* r s00 s00)))
 (let ((?x933 (* (- 4) ?x920)))
 (let ((?x909 (* 6 ?x908)))
 (let ((?x905 (* 2 ?x904)))
 (let ((?x901 (* 6 ?x900)))
 (let ((?x874 (* s s00 r00)))
 (let ((?x887 (* (- 2) ?x874)))
 (let ((?x850 (* (- 6) ?x823)))
 (let ((?x795 (* (- 2) ?x777)))
 (let ((?x750 (* 4 (* s s r00))))
 (let ((?x721 (* (- 6) ?x706)))
 (let ((?x3580 (* (- 19) ?x676)))
 (let ((?x654 (* 36 (* r x r00))))
 (let ((?x3473 (* (- 90) ?x607)))
 (let ((?x3432 (* 18 ?x511)))
 (let ((?x3339 (* (- 108) ?x384)))
 (let ((?x3426 (* (- 72) x00)))
 (let ((?x3412 (* (- 36) r00)))
 (let ((?x3425 (* 57 s00)))
 (let ((?x3669 (+ (* 36 r) (* (- 57) s) (* 72 x) ?x3425 ?x3412 ?x3426 (* 108 (* r r)) ?x3339 (* (- 42) (* r s)) (* (- 216) ?x434) (* 114 ?x484) ?x3432 ?x3473 (* (- 1) ?x630) (* 90 ?x634) (* 12 ?x638) (* (- 72) ?x650) ?x654 ?x3580 (* 90 ?x702) ?x721 ?x1095 (* (- 90) ?x744) ?x750 (* 20 ?x773) ?x795 (* (- 90) (* s r00)) (* (- 12) ?x811) ?x850 ?x887 ?x901 ?x905 ?x909 ?x933 ?x985 ?x1025 ?x1049 ?x1168 (* 144 (* r r r00)) (* 72 ?x3066) (* 24 ?x3081) (* 12 ?x3392))))
 (let ((?x555 (* 12 ?x554)))
 (let ((?x589 (* (- 6) ?x511)))
 (let ((?x485 (* 4 ?x484)))
 (let ((?x588 (* (- 12) ?x434)))
 (let ((?x428 (* r s)))
 (let ((?x587 (* 2 ?x428)))
 (let ((?x2756 (* (- 12) ?x384)))
 (let ((?x586 (* (- 6) x00)))
 (let ((?x585 (* (- 3) r00)))
 (let ((?x2798 (* 7 s00)))
 (let ((?x43 (* 3 r)))
 (let ((?x624 (+ ?x43 (* (- 7) s) ?x56 ?x2798 ?x585 ?x586 (* 12 (* r r)) ?x2756 ?x587 ?x588 ?x485 ?x589 ?x555)))
 (let (($x417 (= (+ s (* (- 1) s00) (* (- 3) (* r r)) (* 3 ?x384)) 0)))
 (let (($x1766 (or (not $x417) (not (= ?x624 0)) (not (= ?x2929 0)) (not (= ?x3669 0)) (not (= ?x2636 0)) (not (= (* ?x1733 ?x2929) 0)))))
 (let ((?x1305 (* 108 ?x908)))
 (let ((?x755 (* s r00 r00 r00)))
 (let ((?x756 (* 216 ?x755)))
 (let ((?x959 (* (- 36) ?x650)))
 (let ((?x613 (* 54 ?x511)))
 (let ((?x1082 (* (- 9) s00)))
 (let ((?x143 (* 9 s)))
 (let ((?x1486 (+ ?x143 ?x1082 ?x613 ?x1470 ?x1471 (* (- 15) ?x630) ?x959 ?x1474 ?x1341 ?x1475 ?x1095 ?x756 (* 66 ?x773) ?x1135 (* (- 54) (* s r00)) (* (- 108) ?x823) ?x865 (* (- 108) ?x874) ?x1238 ?x1305 ?x916 ?x1479 ?x1008 ?x1066 ?x1480 ?x1481 ?x1264 ?x1482 ?x1484 ?x1430 ?x1485)))
 (let (($x1487 (= ?x1486 0)))
 (let ((?x1011 (* (- 15) ?x676)))
 (let ((?x662 (* 3 ?x630)))
 (let ((?x644 (* (- 54) ?x607)))
 (let ((?x659 (* 24 ?x511)))
 (let ((?x1174 (+ ?x143 ?x1082 (* (- 24) ?x428) (* 24 ?x484) ?x659 ?x644 ?x662 (* 54 ?x634) ?x959 ?x654 ?x1011 (* 54 ?x702) ?x721 ?x1095 (* (- 54) ?x744) ?x750 (* 12 ?x773) ?x795 (* (- 24) (* s r00)) ?x850 ?x887 ?x901 ?x905 ?x909 ?x933 ?x985 ?x1025 ?x1049 ?x1168)))
 (let (($x1179 (= ?x1174 0)))
 (let ((?x785 (* s r00)))
 (let ((?x798 (* (- 9) ?x785)))
 (let ((?x626 (* 9 ?x511)))
 (let ((?x770 (* 9 ?x484)))
 (let ((?x602 (* (- 9) ?x428)))
 (let ((?x463 (* (- 3) s00)))
 (let ((?x47 (* 3 s)))
 (let ((?x830 (+ ?x47 ?x463 ?x602 ?x770 ?x626 ?x621 ?x631 ?x635 ?x639 ?x663 ?x689 ?x703 ?x733 ?x757 ?x774 ?x798 ?x824)))
 (let (($x837 (= ?x830 0)))
 (let ((?x44 (* 3 s00)))
 (let ((?x584 (* (- 3) s)))
 (let (($x591 (= (+ ?x43 ?x584 ?x56 ?x44 ?x585 ?x586 ?x587 ?x588 ?x485 ?x589 ?x555) 0)))
 (let (($x3704 (and $x417 $x591 $x837 $x1179 $x1487 $x1766)))
 (let ((?x622 (* r00 s00 ?x1525)))
 (let ((?x1022 (* (- 6) ?x622)))
 (let ((?x2734 (+ 3 s ?x211)))
 (let ((?x3039 (* r00 ?x2734)))
 (let ((?x2915 (* (- 9) ?x3039)))
 (let ((?x1660 (* s00 ?x2734)))
 (let ((?x1661 (* 2 ?x1660)))
 (let ((?x1685 (* s00 ?x1525)))
 (let ((?x3699 (* 9 ?x1685)))
 (let ((?x1214 (* 18 r)))
 (let ((?x1752 (* x00 ?x1525)))
 (let ((?x399 (* (- 18) ?x1752)))
 (let ((?x2762 (* r00 r00 s00)))
 (let ((?x2763 (* 6 ?x2762)))
 (let ((?x2369 (+ x ?x363)))
 (let ((?x2664 (* r00 ?x2369)))
 (let ((?x2812 (* 18 ?x2664)))
 (let ((?x2488 (* r00 r00 ?x2734)))
 (let ((?x3828 (* (- 6) ?x2488)))
 (let ((?x1509 (* r00 ?x1525 ?x2734)))
 (let ((?x1516 (* 6 ?x1509)))
 (let ((?x3577 (* ?x1525 ?x2369)))
 (let ((?x1677 (* 18 ?x3577)))
 (let ((?x2602 (* ?x2734 ?x2734)))
 (let ((?x2990 (* 2 ?x2602)))
 (let ((?x924 (* r00 s00)))
 (let ((?x1602 (* 9 ?x924)))
 (let ((?x3251 (* ?x1525 ?x2734)))
 (let ((?x2463 (* (- 9) ?x3251)))
 (let ((?x3943 (+ 9 ?x2463 ?x621 ?x1602 ?x2990 ?x1677 ?x1516 ?x3828 ?x689 ?x2812 ?x463 ?x2763 ?x399 ?x47 ?x1214 ?x3699 ?x1661 ?x2915 ?x1022)))
 (let ((?x3070 (+ (* 6 (* ?x1525 ?x1525 ?x2369)) (* (- 3) (* ?x1525 ?x2369 ?x2369 ?x2734)) (* (- 6) (* ?x1525 ?x2369 ?x2369 ?x2734 ?x2734)))))
 (let (($x3966 (not (= (* ?x3070 ?x3943) 0))))
 (let ((?x3830 (* 108 ?x1455)))
 (let ((?x3461 (* (- 54) r)))
 (let ((?x2047 (* (- 9) s)))
 (let ((?x1598 (* (- 36) ?x2762)))
 (let ((?x137 (* 9 s00)))
 (let ((?x820 (* 51 ?x676)))
 (let ((?x427 (* 36 ?x2488)))
 (let ((?x1687 (* 16 ?x1293)))
 (let ((?x1216 (* (- 108) ?x900)))
 (let ((?x2883 (* 216 (* r00 r00 r00 s00))))
 (let ((?x991 (* r00 s00 s00)))
 (let ((?x2174 (* (- 108) ?x991)))
 (let ((?x3024 (* (- 432) ?x1007)))
 (let ((?x3882 (* (- 36) (* r00 r00 s00 s00))))
 (let ((?x2937 (* (- 54) ?x924)))
 (let ((?x1883 (* 108 ?x607)))
 (let ((?x2468 (* 216 (* r00 s00 x00))))
 (let ((?x2129 (+ ?x2468 ?x1883 ?x2937 (* 15 ?x2602) (* (- 216) (* r00 r00 r00 ?x2734)) ?x3882 (* (- 4) (* ?x2734 ?x2734 ?x2734)) (* 108 (* ?x2369 ?x2369)) ?x3024 (* (- 12) (* s00 ?x2734 ?x2734)) (* 108 (* s00 ?x2369)) ?x2174 ?x2883 (* 108 (* x00 ?x2734)) (* 432 (* r00 r00 r00 ?x2369)) (* (- 66) ?x1660) (* 108 (* r00 s00 ?x2734)) ?x1216 (* (- 216) (* r00 s00 ?x2369)) (* 36 (* r00 r00 ?x2734 ?x2734)) ?x1687 (* (- 108) (* ?x2369 ?x2734)) ?x427 ?x820 (* (- 108) ?x2664) ?x137 ?x1598 ?x2047 ?x3461 (* 54 ?x3039) (* (- 216) (* x00 ?x2369)) ?x3830)))
 (let (($x2072 (not (= ?x2129 27))))
 (let ((?x3418 (* 15 ?x676)))
 (let ((?x973 (* 36 ?x972)))
 (let ((?x3174 (* (- 6) ?x900)))
 (let ((?x3401 (* 2 ?x991)))
 (let ((?x1599 (* (- 24) ?x924)))
 (let ((?x3498 (* 54 ?x607)))
 (let ((?x3659 (+ (* 24 ?x3251) ?x3498 (* (- 36) (* r00 ?x1525 ?x2369)) ?x1599 (* (- 3) ?x2602) (* (- 54) ?x3577) (* 6 (* s00 ?x2369)) (* (- 4) (* r00 ?x2734 ?x2734)) ?x3401 (* 6 (* x00 ?x2734)) (* (- 12) ?x1660) (* 2 (* r00 s00 ?x2734)) ?x3174 (* (- 2) (* ?x1525 ?x2734 ?x2734)) (* (- 6) (* ?x2369 ?x2734)) (* 4 (* s00 s00 ?x1525)) ?x427 ?x973 ?x3418 (* (- 2) (* s00 ?x1525 ?x2734)) (* 36 (* r00 x00 ?x1525)) (* (- 54) ?x2664) ?x137 ?x1598 (* 54 ?x1752) ?x2047 ?x3461 (* (- 24) ?x1685) (* 24 ?x3039) (* (- 36) (* r00 r00 ?x2369)))))
 (let ((?x1390 (* (- 6) ?x2762)))
 (let ((?x677 (* 4 ?x676)))
 (let ((?x2741 (* (- 9) ?x924)))
 (let ((?x608 (* 18 ?x607)))
 (let ((?x3417 (+ (* 9 ?x3251) ?x608 ?x2741 (* (- 2) ?x2602) (* (- 18) ?x3577) (* (- 6) ?x1509) (* 6 ?x2488) ?x677 (* (- 18) ?x2664) ?x44 ?x1390 (* 18 ?x1752) ?x584 (* (- 18) r) (* (- 9) ?x1685) (* (- 2) ?x1660) (* 9 ?x3039) (* 6 ?x622))))
 (let ((?x992 (* (- 6) ?x924)))
 (let ((?x902 (+ (* 2 ?x3251) (* (- 12) (* r00 r00 ?x1525)) (* (- 15) r) ?x44 ?x2047 ?x585 (* 4 ?x1685) ?x992 ?x56 ?x586 ?x555)))
 (let ((?x2266 (* (- 3) ?x384)))
 (let (($x2297 (= (+ s00 ?x363 (* (- 6) r) (* 3 (* ?x1525 ?x1525)) ?x2266) 3)))
 (let (($x1157 (not $x2297)))
 (let (($x2525 (or $x1157 (not (= ?x902 6)) (not (= ?x3417 9)) (not (= ?x3659 27)) $x2072 $x3966)))
 (let ((?x1873 (* r00 r00 s)))
 (let ((?x2473 (* 36 ?x1873)))
 (let ((?x3837 (+ ?x2468 ?x1883 ?x2937 (* 15 ?x630) (* (- 216) (* r00 r00 r00 s)) ?x3882 (* (- 4) ?x914) (* 108 ?x977) ?x3024 (* (- 12) (* s00 s s)) (* 108 (* s00 x)) ?x2174 ?x2883 (* 108 (* x00 s)) (* 432 (* r00 r00 r00 x)) (* (- 66) (* s00 s)) (* 108 (* r00 s00 s)) ?x1216 (* (- 216) (* r00 s00 x)) (* 36 (* r00 r00 s s)) ?x1687 (* (- 108) (* x s)) ?x2473 ?x820 (* (- 108) (* r00 x)) ?x137 ?x1598 ?x2047 (* 54 (* r00 s)) (* (- 216) (* x00 x)) ?x3830)))
 (let (($x3842 (= ?x3837 0)))
 (let ((?x3135 (* r00 r00 x)))
 (let ((?x3217 (* (- 36) ?x3135)))
 (let ((?x2462 (* r00 s s)))
 (let ((?x3202 (* (- 4) ?x2462)))
 (let ((?x3656 (+ (* 24 (* s r)) ?x3498 (* (- 36) (* r00 x r)) ?x1599 (* (- 3) ?x630) (* (- 54) (* x r)) (* 6 (* s00 x)) ?x3202 ?x3401 (* 6 (* x00 s)) (* (- 12) (* s00 s)) (* 2 (* r00 s00 s)) ?x3174 (* (- 2) (* s s r)) (* (- 6) (* x s)) (* 4 (* s00 s00 r)) ?x2473 ?x973 ?x3418 (* (- 2) (* s00 s r)) (* 36 (* r00 x00 r)) (* (- 54) (* r00 x)) ?x137 ?x1598 (* 54 (* x00 r)) ?x2047 (* (- 24) (* s00 r)) (* 24 (* r00 s)) ?x3217)))
 (let ((?x1944 (* r00 x)))
 (let ((?x2229 (* (- 18) ?x1944)))
 (let ((?x2210 (* (- 2) ?x630)))
 (let ((?x3674 (+ (* 9 (* s r)) ?x608 ?x2741 ?x2210 (* (- 18) (* x r)) (* (- 6) (* r00 s r)) (* 6 ?x1873) ?x677 ?x2229 ?x44 ?x1390 (* 18 (* x00 r)) ?x584 (* (- 9) (* s00 r)) (* (- 2) (* s00 s)) (* 9 (* r00 s)) (* 6 (* r00 s00 r)))))
 (let ((?x3641 (+ (* 2 (* s r)) (* (- 12) (* r00 r00 r)) ?x43 ?x44 ?x584 ?x585 (* 4 (* s00 r)) ?x992 ?x56 ?x586 ?x555)))
 (let (($x3308 (= (+ s00 ?x363 (* 3 (* r r)) ?x2266) 0)))
 (let (($x1418 (and $x3308 (= ?x3641 0) (= ?x3674 0) (= ?x3656 0) $x3842 $x2525)))
 (rewrite (= $x1418 $x3704))))))))))))))))))))))))))))))))))))))))))))))))))))))))))))))))))))))))))))))))))))))))))))))))))))))))))))))))))))))))))))))))))))))))))))))))))))))))))))))))))))))))))))))))))))))))))))))))))))))))))))))))))))))))))))))))))))))))))))))))))))))))))))))))))))))))))))))
 ))
 (let (($x3109 (exists ((r Int) (s Int) (x Int) )(! (let ((?x1525 (+ 1 r)))
 (let ((?x622 (* r00 s00 ?x1525)))
 (let ((?x1022 (* (- 6) ?x622)))
 (let ((?x211 (* 6 r)))
 (let ((?x2734 (+ 3 s ?x211)))
 (let ((?x3039 (* r00 ?x2734)))
 (let ((?x2915 (* (- 9) ?x3039)))
 (let ((?x1660 (* s00 ?x2734)))
 (let ((?x1661 (* 2 ?x1660)))
 (let ((?x1685 (* s00 ?x1525)))
 (let ((?x3699 (* 9 ?x1685)))
 (let ((?x1214 (* 18 r)))
 (let ((?x47 (* 3 s)))
 (let ((?x1752 (* x00 ?x1525)))
 (let ((?x399 (* (- 18) ?x1752)))
 (let ((?x2762 (* r00 r00 s00)))
 (let ((?x2763 (* 6 ?x2762)))
 (let ((?x463 (* (- 3) s00)))
 (let ((?x363 (* (- 1) s)))
 (let ((?x2369 (+ x ?x363)))
 (let ((?x2664 (* r00 ?x2369)))
 (let ((?x2812 (* 18 ?x2664)))
 (let ((?x676 (* s00 s00)))
 (let ((?x689 (* (- 4) ?x676)))
 (let ((?x2488 (* r00 r00 ?x2734)))
 (let ((?x3828 (* (- 6) ?x2488)))
 (let ((?x1509 (* r00 ?x1525 ?x2734)))
 (let ((?x1516 (* 6 ?x1509)))
 (let ((?x3577 (* ?x1525 ?x2369)))
 (let ((?x1677 (* 18 ?x3577)))
 (let ((?x2602 (* ?x2734 ?x2734)))
 (let ((?x2990 (* 2 ?x2602)))
 (let ((?x924 (* r00 s00)))
 (let ((?x1602 (* 9 ?x924)))
 (let ((?x607 (* r00 x00)))
 (let ((?x621 (* (- 18) ?x607)))
 (let ((?x3251 (* ?x1525 ?x2734)))
 (let ((?x2463 (* (- 9) ?x3251)))
 (let ((?x3943 (+ 9 ?x2463 ?x621 ?x1602 ?x2990 ?x1677 ?x1516 ?x3828 ?x689 ?x2812 ?x463 ?x2763 ?x399 ?x47 ?x1214 ?x3699 ?x1661 ?x2915 ?x1022)))
 (let ((?x3070 (+ (* 6 (* ?x1525 ?x1525 ?x2369)) (* (- 3) (* ?x1525 ?x2369 ?x2369 ?x2734)) (* (- 6) (* ?x1525 ?x2369 ?x2369 ?x2734 ?x2734)))))
 (let (($x3966 (not (= (* ?x3070 ?x3943) 0))))
 (let ((?x1455 (* x00 x00)))
 (let ((?x3830 (* 108 ?x1455)))
 (let ((?x3461 (* (- 54) r)))
 (let ((?x2047 (* (- 9) s)))
 (let ((?x1598 (* (- 36) ?x2762)))
 (let ((?x137 (* 9 s00)))
 (let ((?x820 (* 51 ?x676)))
 (let ((?x427 (* 36 ?x2488)))
 (let ((?x1293 (* s00 s00 s00)))
 (let ((?x1687 (* 16 ?x1293)))
 (let ((?x900 (* s00 x00)))
 (let ((?x1216 (* (- 108) ?x900)))
 (let ((?x2883 (* 216 (* r00 r00 r00 s00))))
 (let ((?x991 (* r00 s00 s00)))
 (let ((?x2174 (* (- 108) ?x991)))
 (let ((?x1007 (* r00 r00 r00 x00)))
 (let ((?x3024 (* (- 432) ?x1007)))
 (let ((?x3882 (* (- 36) (* r00 r00 s00 s00))))
 (let ((?x2937 (* (- 54) ?x924)))
 (let ((?x1883 (* 108 ?x607)))
 (let ((?x2468 (* 216 (* r00 s00 x00))))
 (let ((?x2129 (+ ?x2468 ?x1883 ?x2937 (* 15 ?x2602) (* (- 216) (* r00 r00 r00 ?x2734)) ?x3882 (* (- 4) (* ?x2734 ?x2734 ?x2734)) (* 108 (* ?x2369 ?x2369)) ?x3024 (* (- 12) (* s00 ?x2734 ?x2734)) (* 108 (* s00 ?x2369)) ?x2174 ?x2883 (* 108 (* x00 ?x2734)) (* 432 (* r00 r00 r00 ?x2369)) (* (- 66) ?x1660) (* 108 (* r00 s00 ?x2734)) ?x1216 (* (- 216) (* r00 s00 ?x2369)) (* 36 (* r00 r00 ?x2734 ?x2734)) ?x1687 (* (- 108) (* ?x2369 ?x2734)) ?x427 ?x820 (* (- 108) ?x2664) ?x137 ?x1598 ?x2047 ?x3461 (* 54 ?x3039) (* (- 216) (* x00 ?x2369)) ?x3830)))
 (let (($x2072 (not (= ?x2129 27))))
 (let ((?x143 (* 9 s)))
 (let ((?x2333 (* 36 ?x2762)))
 (let ((?x1082 (* (- 9) s00)))
 (let ((?x1011 (* (- 15) ?x676)))
 (let ((?x972 (* r00 r00 x00)))
 (let ((?x985 (* (- 36) ?x972)))
 (let ((?x901 (* 6 ?x900)))
 (let ((?x3666 (* (- 2) ?x991)))
 (let ((?x3000 (* 24 ?x924)))
 (let ((?x644 (* (- 54) ?x607)))
 (let ((?x3506 (+ (* (- 24) ?x3251) ?x644 (* 36 (* r00 ?x1525 ?x2369)) ?x3000 (* 3 ?x2602) (* 54 ?x3577) (* (- 6) (* s00 ?x2369)) (* 4 (* r00 ?x2734 ?x2734)) ?x3666 (* (- 6) (* x00 ?x2734)) (* 12 ?x1660) (* (- 2) (* r00 s00 ?x2734)) ?x901 (* 2 (* ?x1525 ?x2734 ?x2734)) (* 6 (* ?x2369 ?x2734)) (* (- 4) (* s00 s00 ?x1525)) (* (- 36) ?x2488) ?x985 ?x1011 (* 2 (* s00 ?x1525 ?x2734)) (* (- 36) (* r00 x00 ?x1525)) (* 54 ?x2664) ?x1082 ?x2333 (* (- 54) ?x1752) ?x143 (* 54 r) (* 24 ?x1685) (* (- 24) ?x3039) (* 36 (* r00 r00 ?x2369)))))
 (let ((?x1444 (+ ?x2463 ?x621 ?x1602 ?x2990 ?x1677 ?x1516 ?x3828 ?x689 ?x2812 ?x463 ?x2763 ?x399 ?x47 ?x1214 ?x3699 ?x1661 ?x2915 ?x1022)))
 (let ((?x554 (* r00 r00 r00)))
 (let ((?x568 (* (- 12) ?x554)))
 (let ((?x59 (* 6 x00)))
 (let ((?x533 (* (- 6) x)))
 (let ((?x944 (* 6 ?x924)))
 (let ((?x48 (* 3 r00)))
 (let ((?x2253 (+ (* (- 2) ?x3251) (* 12 (* r00 r00 ?x1525)) (* 15 r) ?x463 ?x143 ?x48 (* (- 4) ?x1685) ?x944 ?x533 ?x59 ?x568)))
 (let ((?x384 (* r00 r00)))
 (let ((?x2266 (* (- 3) ?x384)))
 (let (($x2297 (= (+ s00 ?x363 (* (- 6) r) (* 3 (* ?x1525 ?x1525)) ?x2266) 3)))
 (let (($x1157 (not $x2297)))
 (let (($x3108 (or $x1157 (not (= ?x2253 (- 6))) (not (= ?x1444 (- 9))) (not (= ?x3506 (- 27))) $x2072 $x3966)))
 (let ((?x1873 (* r00 r00 s)))
 (let ((?x2473 (* 36 ?x1873)))
 (let ((?x3837 (+ ?x2468 ?x1883 ?x2937 (* 15 (* s s)) (* (- 216) (* r00 r00 r00 s)) ?x3882 (* (- 4) (* s s s)) (* 108 (* x x)) ?x3024 (* (- 12) (* s00 s s)) (* 108 (* s00 x)) ?x2174 ?x2883 (* 108 (* x00 s)) (* 432 (* r00 r00 r00 x)) (* (- 66) (* s00 s)) (* 108 (* r00 s00 s)) ?x1216 (* (- 216) (* r00 s00 x)) (* 36 (* r00 r00 s s)) ?x1687 (* (- 108) (* x s)) ?x2473 ?x820 (* (- 108) (* r00 x)) ?x137 ?x1598 ?x2047 (* 54 (* r00 s)) (* (- 216) (* x00 x)) ?x3830)))
 (let (($x3842 (= ?x3837 0)))
 (let ((?x2803 (* (- 36) ?x1873)))
 (let ((?x630 (* s s)))
 (let ((?x662 (* 3 ?x630)))
 (let ((?x2884 (+ (* (- 24) (* s r)) ?x644 (* 36 (* r00 x r)) ?x3000 ?x662 (* 54 (* x r)) (* (- 6) (* s00 x)) (* 4 (* r00 s s)) ?x3666 (* (- 6) (* x00 s)) (* 12 (* s00 s)) (* (- 2) (* r00 s00 s)) ?x901 (* 2 (* s s r)) (* 6 (* x s)) (* (- 4) (* s00 s00 r)) ?x2803 ?x985 ?x1011 (* 2 (* s00 s r)) (* (- 36) (* r00 x00 r)) (* 54 (* r00 x)) ?x1082 ?x2333 (* (- 54) (* x00 r)) ?x143 (* 24 (* s00 r)) (* (- 24) (* r00 s)) (* 36 (* r00 r00 x)))))
 (let ((?x1944 (* r00 x)))
 (let ((?x1945 (* 18 ?x1944)))
 (let ((?x631 (* 2 ?x630)))
 (let ((?x1515 (+ (* (- 9) (* s r)) ?x621 ?x1602 ?x631 (* 18 (* x r)) (* 6 (* r00 s r)) (* (- 6) ?x1873) ?x689 ?x1945 ?x463 ?x2763 (* (- 18) (* x00 r)) ?x47 (* 9 (* s00 r)) (* 2 (* s00 s)) (* (- 9) (* r00 s)) (* (- 6) (* r00 s00 r)))))
 (let ((?x3073 (+ (* (- 2) (* s r)) (* 12 (* r00 r00 r)) (* (- 3) r) ?x463 ?x47 ?x48 (* (- 4) (* s00 r)) ?x944 ?x533 ?x59 ?x568)))
 (let (($x3308 (= (+ s00 ?x363 (* 3 (* r r)) ?x2266) 0)))
 (and $x3308 (= ?x3073 0) (= ?x1515 0) (= ?x2884 0) $x3842 $x3108))))))))))))))))))))))))))))))))))))))))))))))))))))))))))))))))))))))))))))))))))))))))))))))))))))))) :qid k!40))
 ))
 (let ((?x1159 (lambda ((r Int) (s Int) (x Int) )(let ((?x1525 (+ 1 r)))
 (let ((?x622 (* r00 s00 ?x1525)))
 (let ((?x1022 (* (- 6) ?x622)))
 (let ((?x211 (* 6 r)))
 (let ((?x2734 (+ 3 s ?x211)))
 (let ((?x3039 (* r00 ?x2734)))
 (let ((?x2915 (* (- 9) ?x3039)))
 (let ((?x1660 (* s00 ?x2734)))
 (let ((?x1661 (* 2 ?x1660)))
 (let ((?x1685 (* s00 ?x1525)))
 (let ((?x3699 (* 9 ?x1685)))
 (let ((?x1214 (* 18 r)))
 (let ((?x47 (* 3 s)))
 (let ((?x1752 (* x00 ?x1525)))
 (let ((?x399 (* (- 18) ?x1752)))
 (let ((?x2762 (* r00 r00 s00)))
 (let ((?x2763 (* 6 ?x2762)))
 (let ((?x463 (* (- 3) s00)))
 (let ((?x363 (* (- 1) s)))
 (let ((?x2369 (+ x ?x363)))
 (let ((?x2664 (* r00 ?x2369)))
 (let ((?x2812 (* 18 ?x2664)))
 (let ((?x676 (* s00 s00)))
 (let ((?x689 (* (- 4) ?x676)))
 (let ((?x2488 (* r00 r00 ?x2734)))
 (let ((?x3828 (* (- 6) ?x2488)))
 (let ((?x1509 (* r00 ?x1525 ?x2734)))
 (let ((?x1516 (* 6 ?x1509)))
 (let ((?x3577 (* ?x1525 ?x2369)))
 (let ((?x1677 (* 18 ?x3577)))
 (let ((?x2602 (* ?x2734 ?x2734)))
 (let ((?x2990 (* 2 ?x2602)))
 (let ((?x924 (* r00 s00)))
 (let ((?x1602 (* 9 ?x924)))
 (let ((?x607 (* r00 x00)))
 (let ((?x621 (* (- 18) ?x607)))
 (let ((?x3251 (* ?x1525 ?x2734)))
 (let ((?x2463 (* (- 9) ?x3251)))
 (let ((?x3943 (+ 9 ?x2463 ?x621 ?x1602 ?x2990 ?x1677 ?x1516 ?x3828 ?x689 ?x2812 ?x463 ?x2763 ?x399 ?x47 ?x1214 ?x3699 ?x1661 ?x2915 ?x1022)))
 (let ((?x3070 (+ (* 6 (* ?x1525 ?x1525 ?x2369)) (* (- 3) (* ?x1525 ?x2369 ?x2369 ?x2734)) (* (- 6) (* ?x1525 ?x2369 ?x2369 ?x2734 ?x2734)))))
 (let (($x3966 (not (= (* ?x3070 ?x3943) 0))))
 (let ((?x1455 (* x00 x00)))
 (let ((?x3830 (* 108 ?x1455)))
 (let ((?x3461 (* (- 54) r)))
 (let ((?x2047 (* (- 9) s)))
 (let ((?x1598 (* (- 36) ?x2762)))
 (let ((?x137 (* 9 s00)))
 (let ((?x820 (* 51 ?x676)))
 (let ((?x427 (* 36 ?x2488)))
 (let ((?x1293 (* s00 s00 s00)))
 (let ((?x1687 (* 16 ?x1293)))
 (let ((?x900 (* s00 x00)))
 (let ((?x1216 (* (- 108) ?x900)))
 (let ((?x2883 (* 216 (* r00 r00 r00 s00))))
 (let ((?x991 (* r00 s00 s00)))
 (let ((?x2174 (* (- 108) ?x991)))
 (let ((?x1007 (* r00 r00 r00 x00)))
 (let ((?x3024 (* (- 432) ?x1007)))
 (let ((?x3882 (* (- 36) (* r00 r00 s00 s00))))
 (let ((?x2937 (* (- 54) ?x924)))
 (let ((?x1883 (* 108 ?x607)))
 (let ((?x2468 (* 216 (* r00 s00 x00))))
 (let ((?x2129 (+ ?x2468 ?x1883 ?x2937 (* 15 ?x2602) (* (- 216) (* r00 r00 r00 ?x2734)) ?x3882 (* (- 4) (* ?x2734 ?x2734 ?x2734)) (* 108 (* ?x2369 ?x2369)) ?x3024 (* (- 12) (* s00 ?x2734 ?x2734)) (* 108 (* s00 ?x2369)) ?x2174 ?x2883 (* 108 (* x00 ?x2734)) (* 432 (* r00 r00 r00 ?x2369)) (* (- 66) ?x1660) (* 108 (* r00 s00 ?x2734)) ?x1216 (* (- 216) (* r00 s00 ?x2369)) (* 36 (* r00 r00 ?x2734 ?x2734)) ?x1687 (* (- 108) (* ?x2369 ?x2734)) ?x427 ?x820 (* (- 108) ?x2664) ?x137 ?x1598 ?x2047 ?x3461 (* 54 ?x3039) (* (- 216) (* x00 ?x2369)) ?x3830)))
 (let (($x2072 (not (= ?x2129 27))))
 (let ((?x3418 (* 15 ?x676)))
 (let ((?x972 (* r00 r00 x00)))
 (let ((?x973 (* 36 ?x972)))
 (let ((?x3174 (* (- 6) ?x900)))
 (let ((?x3401 (* 2 ?x991)))
 (let ((?x1599 (* (- 24) ?x924)))
 (let ((?x3498 (* 54 ?x607)))
 (let ((?x3659 (+ (* 24 ?x3251) ?x3498 (* (- 36) (* r00 ?x1525 ?x2369)) ?x1599 (* (- 3) ?x2602) (* (- 54) ?x3577) (* 6 (* s00 ?x2369)) (* (- 4) (* r00 ?x2734 ?x2734)) ?x3401 (* 6 (* x00 ?x2734)) (* (- 12) ?x1660) (* 2 (* r00 s00 ?x2734)) ?x3174 (* (- 2) (* ?x1525 ?x2734 ?x2734)) (* (- 6) (* ?x2369 ?x2734)) (* 4 (* s00 s00 ?x1525)) ?x427 ?x973 ?x3418 (* (- 2) (* s00 ?x1525 ?x2734)) (* 36 (* r00 x00 ?x1525)) (* (- 54) ?x2664) ?x137 ?x1598 (* 54 ?x1752) ?x2047 ?x3461 (* (- 24) ?x1685) (* 24 ?x3039) (* (- 36) (* r00 r00 ?x2369)))))
 (let ((?x584 (* (- 3) s)))
 (let ((?x1390 (* (- 6) ?x2762)))
 (let ((?x44 (* 3 s00)))
 (let ((?x677 (* 4 ?x676)))
 (let ((?x2741 (* (- 9) ?x924)))
 (let ((?x608 (* 18 ?x607)))
 (let ((?x3417 (+ (* 9 ?x3251) ?x608 ?x2741 (* (- 2) ?x2602) (* (- 18) ?x3577) (* (- 6) ?x1509) (* 6 ?x2488) ?x677 (* (- 18) ?x2664) ?x44 ?x1390 (* 18 ?x1752) ?x584 (* (- 18) r) (* (- 9) ?x1685) (* (- 2) ?x1660) (* 9 ?x3039) (* 6 ?x622))))
 (let ((?x554 (* r00 r00 r00)))
 (let ((?x555 (* 12 ?x554)))
 (let ((?x586 (* (- 6) x00)))
 (let ((?x56 (* 6 x)))
 (let ((?x992 (* (- 6) ?x924)))
 (let ((?x585 (* (- 3) r00)))
 (let ((?x902 (+ (* 2 ?x3251) (* (- 12) (* r00 r00 ?x1525)) (* (- 15) r) ?x44 ?x2047 ?x585 (* 4 ?x1685) ?x992 ?x56 ?x586 ?x555)))
 (let ((?x384 (* r00 r00)))
 (let ((?x2266 (* (- 3) ?x384)))
 (let (($x2297 (= (+ s00 ?x363 (* (- 6) r) (* 3 (* ?x1525 ?x1525)) ?x2266) 3)))
 (let (($x1157 (not $x2297)))
 (let (($x2525 (or $x1157 (not (= ?x902 6)) (not (= ?x3417 9)) (not (= ?x3659 27)) $x2072 $x3966)))
 (let ((?x1873 (* r00 r00 s)))
 (let ((?x2473 (* 36 ?x1873)))
 (let ((?x3837 (+ ?x2468 ?x1883 ?x2937 (* 15 (* s s)) (* (- 216) (* r00 r00 r00 s)) ?x3882 (* (- 4) (* s s s)) (* 108 (* x x)) ?x3024 (* (- 12) (* s00 s s)) (* 108 (* s00 x)) ?x2174 ?x2883 (* 108 (* x00 s)) (* 432 (* r00 r00 r00 x)) (* (- 66) (* s00 s)) (* 108 (* r00 s00 s)) ?x1216 (* (- 216) (* r00 s00 x)) (* 36 (* r00 r00 s s)) ?x1687 (* (- 108) (* x s)) ?x2473 ?x820 (* (- 108) (* r00 x)) ?x137 ?x1598 ?x2047 (* 54 (* r00 s)) (* (- 216) (* x00 x)) ?x3830)))
 (let (($x3842 (= ?x3837 0)))
 (let ((?x3135 (* r00 r00 x)))
 (let ((?x3217 (* (- 36) ?x3135)))
 (let ((?x2462 (* r00 s s)))
 (let ((?x3202 (* (- 4) ?x2462)))
 (let ((?x3656 (+ (* 24 (* s r)) ?x3498 (* (- 36) (* r00 x r)) ?x1599 (* (- 3) (* s s)) (* (- 54) (* x r)) (* 6 (* s00 x)) ?x3202 ?x3401 (* 6 (* x00 s)) (* (- 12) (* s00 s)) (* 2 (* r00 s00 s)) ?x3174 (* (- 2) (* s s r)) (* (- 6) (* x s)) (* 4 (* s00 s00 r)) ?x2473 ?x973 ?x3418 (* (- 2) (* s00 s r)) (* 36 (* r00 x00 r)) (* (- 54) (* r00 x)) ?x137 ?x1598 (* 54 (* x00 r)) ?x2047 (* (- 24) (* s00 r)) (* 24 (* r00 s)) ?x3217)))
 (let ((?x1944 (* r00 x)))
 (let ((?x2229 (* (- 18) ?x1944)))
 (let ((?x630 (* s s)))
 (let ((?x2210 (* (- 2) ?x630)))
 (let ((?x3674 (+ (* 9 (* s r)) ?x608 ?x2741 ?x2210 (* (- 18) (* x r)) (* (- 6) (* r00 s r)) (* 6 ?x1873) ?x677 ?x2229 ?x44 ?x1390 (* 18 (* x00 r)) ?x584 (* (- 9) (* s00 r)) (* (- 2) (* s00 s)) (* 9 (* r00 s)) (* 6 (* r00 s00 r)))))
 (let ((?x43 (* 3 r)))
 (let ((?x3641 (+ (* 2 (* s r)) (* (- 12) (* r00 r00 r)) ?x43 ?x44 ?x584 ?x585 (* 4 (* s00 r)) ?x992 ?x56 ?x586 ?x555)))
 (let (($x3308 (= (+ s00 ?x363 (* 3 (* r r)) ?x2266) 0)))
 (let (($x1418 (and $x3308 (= ?x3641 0) (= ?x3674 0) (= ?x3656 0) $x3842 $x2525)))
 (let ((?x143 (* 9 s)))
 (let ((?x2333 (* 36 ?x2762)))
 (let ((?x1082 (* (- 9) s00)))
 (let ((?x1011 (* (- 15) ?x676)))
 (let ((?x985 (* (- 36) ?x972)))
 (let ((?x901 (* 6 ?x900)))
 (let ((?x3666 (* (- 2) ?x991)))
 (let ((?x3000 (* 24 ?x924)))
 (let ((?x644 (* (- 54) ?x607)))
 (let ((?x3506 (+ (* (- 24) ?x3251) ?x644 (* 36 (* r00 ?x1525 ?x2369)) ?x3000 (* 3 ?x2602) (* 54 ?x3577) (* (- 6) (* s00 ?x2369)) (* 4 (* r00 ?x2734 ?x2734)) ?x3666 (* (- 6) (* x00 ?x2734)) (* 12 ?x1660) (* (- 2) (* r00 s00 ?x2734)) ?x901 (* 2 (* ?x1525 ?x2734 ?x2734)) (* 6 (* ?x2369 ?x2734)) (* (- 4) (* s00 s00 ?x1525)) (* (- 36) ?x2488) ?x985 ?x1011 (* 2 (* s00 ?x1525 ?x2734)) (* (- 36) (* r00 x00 ?x1525)) (* 54 ?x2664) ?x1082 ?x2333 (* (- 54) ?x1752) ?x143 (* 54 r) (* 24 ?x1685) (* (- 24) ?x3039) (* 36 (* r00 r00 ?x2369)))))
 (let ((?x1444 (+ ?x2463 ?x621 ?x1602 ?x2990 ?x1677 ?x1516 ?x3828 ?x689 ?x2812 ?x463 ?x2763 ?x399 ?x47 ?x1214 ?x3699 ?x1661 ?x2915 ?x1022)))
 (let ((?x568 (* (- 12) ?x554)))
 (let ((?x59 (* 6 x00)))
 (let ((?x533 (* (- 6) x)))
 (let ((?x944 (* 6 ?x924)))
 (let ((?x48 (* 3 r00)))
 (let ((?x2253 (+ (* (- 2) ?x3251) (* 12 (* r00 r00 ?x1525)) (* 15 r) ?x463 ?x143 ?x48 (* (- 4) ?x1685) ?x944 ?x533 ?x59 ?x568)))
 (let (($x3108 (or $x1157 (not (= ?x2253 (- 6))) (not (= ?x1444 (- 9))) (not (= ?x3506 (- 27))) $x2072 $x3966)))
 (let ((?x2803 (* (- 36) ?x1873)))
 (let ((?x662 (* 3 ?x630)))
 (let ((?x2884 (+ (* (- 24) (* s r)) ?x644 (* 36 (* r00 x r)) ?x3000 ?x662 (* 54 (* x r)) (* (- 6) (* s00 x)) (* 4 ?x2462) ?x3666 (* (- 6) (* x00 s)) (* 12 (* s00 s)) (* (- 2) (* r00 s00 s)) ?x901 (* 2 (* s s r)) (* 6 (* x s)) (* (- 4) (* s00 s00 r)) ?x2803 ?x985 ?x1011 (* 2 (* s00 s r)) (* (- 36) (* r00 x00 r)) (* 54 ?x1944) ?x1082 ?x2333 (* (- 54) (* x00 r)) ?x143 (* 24 (* s00 r)) (* (- 24) (* r00 s)) (* 36 ?x3135))))
 (let ((?x1945 (* 18 ?x1944)))
 (let ((?x631 (* 2 ?x630)))
 (let ((?x1515 (+ (* (- 9) (* s r)) ?x621 ?x1602 ?x631 (* 18 (* x r)) (* 6 (* r00 s r)) (* (- 6) ?x1873) ?x689 ?x1945 ?x463 ?x2763 (* (- 18) (* x00 r)) ?x47 (* 9 (* s00 r)) (* 2 (* s00 s)) (* (- 9) (* r00 s)) (* (- 6) (* r00 s00 r)))))
 (let ((?x3073 (+ (* (- 2) (* s r)) (* 12 (* r00 r00 r)) (* (- 3) r) ?x463 ?x47 ?x48 (* (- 4) (* s00 r)) ?x944 ?x533 ?x59 ?x568)))
 (let (($x1442 (and $x3308 (= ?x3073 0) (= ?x1515 0) (= ?x2884 0) $x3842 $x3108)))
 (rewrite (= $x1442 $x1418))))))))))))))))))))))))))))))))))))))))))))))))))))))))))))))))))))))))))))))))))))))))))))))))))))))))))))))))))))))))))))))))))))))))))
 ))
 (let (($x360 (exists ((r Int) (s Int) (x Int) )(! (let ((?x232 (- x s)))
 (let ((?x211 (* 6 r)))
 (let ((?x212 (+ s ?x211 3)))
 (let ((?x215 (+ r 1)))
 (let ((?x354 (- (- (* 6 ?x215 ?x215 ?x232) (* 3 ?x215 ?x212 ?x232 ?x232)) (* 6 ?x215 ?x212 ?x212 ?x232 ?x232))))
 (let ((?x227 (* 3 ?x212)))
 (let ((?x82 (* 6 r00 r00 s00)))
 (let ((?x44 (* 3 s00)))
 (let ((?x76 (* 4 s00 s00)))
 (let ((?x70 (* 9 r00 s00)))
 (let ((?x244 (+ (- (* (- 9) ?x215 ?x212) (* 18 r00 x00)) ?x70 (* 2 ?x212 ?x212) (* 18 ?x215 ?x232) (* 6 ?x215 r00 ?x212))))
 (let ((?x249 (+ (- (- ?x244 (* 6 r00 r00 ?x212)) ?x76) (* 18 r00 ?x232))))
 (let ((?x256 (+ (- (+ (- ?x249 ?x44) ?x82) (* 18 ?x215 x00)) ?x227 (* 9 ?x215 s00) (* 2 ?x212 s00))))
 (let ((?x260 (- (- ?x256 (* 9 r00 ?x212)) (* 6 ?x215 r00 s00))))
 (let ((?x208 (* 108 x00 x00)))
 (let ((?x299 (* 9 ?x212)))
 (let ((?x139 (* 36 r00 r00 s00)))
 (let ((?x137 (* 9 s00)))
 (let ((?x197 (* 51 s00 s00)))
 (let ((?x284 (* 36 r00 r00 ?x212)))
 (let ((?x192 (* 16 s00 s00 s00)))
 (let ((?x186 (* 108 s00 x00)))
 (let ((?x177 (* 216 r00 r00 r00 s00)))
 (let ((?x175 (* 108 r00 s00 s00)))
 (let ((?x169 (* 432 r00 r00 r00 x00)))
 (let ((?x161 (* 36 r00 r00 s00 s00)))
 (let ((?x157 (- (+ (* 216 r00 s00 x00) (* 108 r00 x00)) (* 54 r00 s00))))
 (let ((?x313 (- (- (+ ?x157 (* 15 ?x212 ?x212)) (* 216 r00 r00 r00 ?x212)) ?x161)))
 (let ((?x319 (- (- (+ (- ?x313 (* 4 ?x212 ?x212 ?x212)) (* 108 ?x232 ?x232)) ?x169) (* 12 ?x212 ?x212 s00))))
 (let ((?x325 (+ (- (+ ?x319 (* 108 s00 ?x232)) ?x175) ?x177 (* 108 ?x212 x00) (* 432 r00 r00 r00 ?x232))))
 (let ((?x331 (- (+ (- ?x325 (* 66 ?x212 s00)) (* 108 r00 ?x212 s00)) ?x186)))
 (let ((?x334 (+ (- ?x331 (* 216 r00 s00 ?x232)) (* 36 r00 r00 ?x212 ?x212) ?x192)))
 (let ((?x339 (- (+ (- ?x334 (* 108 ?x212 ?x232)) ?x284 ?x197) (* 108 r00 ?x232))))
 (let ((?x346 (- (+ (- (- (+ ?x339 ?x137) ?x139) ?x299) (* 54 r00 ?x212)) (* 216 ?x232 x00))))
 (let ((?x126 (* 15 s00 s00)))
 (let ((?x124 (* 36 r00 r00 x00)))
 (let ((?x118 (* 6 s00 x00)))
 (let ((?x110 (* 2 r00 s00 s00)))
 (let ((?x102 (* 24 r00 s00)))
 (let ((?x268 (+ (- (* (- 24) ?x215 ?x212) (* 54 r00 x00)) (* 36 ?x215 r00 ?x232) ?x102 (* 3 ?x212 ?x212) (* 54 ?x215 ?x232))))
 (let ((?x274 (- (+ (- ?x268 (* 6 s00 ?x232)) (* 4 r00 ?x212 ?x212)) ?x110)))
 (let ((?x279 (- (+ (- ?x274 (* 6 ?x212 x00)) (* 12 ?x212 s00)) (* 2 r00 ?x212 s00))))
 (let ((?x285 (- (+ ?x279 ?x118 (* 2 ?x215 ?x212 ?x212) (* 6 ?x212 ?x232)) (* 4 ?x215 s00 s00))))
 (let ((?x292 (- (+ (- (- (- ?x285 ?x284) ?x124) ?x126) (* 2 ?x215 ?x212 s00)) (* 36 ?x215 r00 x00))))
 (let ((?x298 (- (+ (- (+ ?x292 (* 54 r00 ?x232)) ?x137) ?x139) (* 54 ?x215 x00))))
 (let ((?x305 (+ (- (+ ?x298 ?x299 (* 24 ?x215 s00)) (* 24 r00 ?x212)) (* 36 r00 r00 ?x232))))
 (let ((?x61 (* 12 r00 r00 r00)))
 (let ((?x59 (* 6 x00)))
 (let ((?x54 (* 6 r00 s00)))
 (let ((?x48 (* 3 r00)))
 (let ((?x225 (- (+ (* (- 2) ?x215 ?x212) (* 12 ?x215 r00 r00)) (* 3 ?x215))))
 (let ((?x234 (- (+ (- (+ (- ?x225 ?x44) ?x227 ?x48) (* 4 ?x215 s00)) ?x54) (* 6 ?x232))))
 (let (($x219 (= (- (+ (- s00 ?x212) (* 3 ?x215 ?x215)) (* 3 r00 r00)) 0)))
 (let (($x358 (or (not $x219) (not (= (- (+ ?x234 ?x59) ?x61) 0)) (not (= ?x260 0)) (not (= ?x305 0)) (not (= (+ ?x346 ?x208) 0)) (not (= (* ?x260 ?x354) 0)))))
 (let ((?x143 (* 9 s)))
 (let ((?x123 (* 36 r00 r00 s)))
 (let ((?x164 (- (- (+ ?x157 (* 15 s s)) (* 216 r00 r00 r00 s)) ?x161)))
 (let ((?x172 (- (- (+ (- ?x164 (* 4 s s s)) (* 108 x x)) ?x169) (* 12 s s s00))))
 (let ((?x180 (+ (- (+ ?x172 (* 108 s00 x)) ?x175) ?x177 (* 108 s x00) (* 432 r00 r00 r00 x))))
 (let ((?x188 (- (+ (- ?x180 (* 66 s s00)) (* 108 r00 s s00)) ?x186)))
 (let ((?x193 (+ (- ?x188 (* 216 r00 s00 x)) (* 36 r00 r00 s s) ?x192)))
 (let ((?x200 (- (+ (- ?x193 (* 108 s x)) ?x123 ?x197) (* 108 r00 x))))
 (let ((?x207 (- (+ (- (- (+ ?x200 ?x137) ?x139) ?x143) (* 54 r00 s)) (* 216 x x00))))
 (let ((?x105 (+ (- (* (- 24) r s) (* 54 r00 x00)) (* 36 r r00 x) ?x102 (* 3 s s) (* 54 r x))))
 (let ((?x112 (- (+ (- ?x105 (* 6 s00 x)) (* 4 r00 s s)) ?x110)))
 (let ((?x117 (- (+ (- ?x112 (* 6 s x00)) (* 12 s s00)) (* 2 r00 s s00))))
 (let ((?x127 (- (+ ?x117 ?x118 (* 2 r s s) (* 6 s x)) (* 4 r s00 s00))))
 (let ((?x134 (- (+ (- (- (- ?x127 ?x123) ?x124) ?x126) (* 2 r s s00)) (* 36 r r00 x00))))
 (let ((?x142 (- (+ (- (+ ?x134 (* 54 r00 x)) ?x137) ?x139) (* 54 r x00))))
 (let ((?x149 (+ (- (+ ?x142 ?x143 (* 24 r s00)) (* 24 r00 s)) (* 36 r00 r00 x))))
 (let ((?x47 (* 3 s)))
 (let ((?x74 (+ (- (* (- 9) r s) (* 18 r00 x00)) ?x70 (* 2 s s) (* 18 r x) (* 6 r r00 s))))
 (let ((?x80 (+ (- (- ?x74 (* 6 r00 r00 s)) ?x76) (* 18 r00 x))))
 (let ((?x88 (+ (- (+ (- ?x80 ?x44) ?x82) (* 18 r x00)) ?x47 (* 9 r s00) (* 2 s s00))))
 (let (($x93 (= (- (- ?x88 (* 9 r00 s)) (* 6 r r00 s00)) 0)))
 (let ((?x56 (* 6 x)))
 (let ((?x43 (* 3 r)))
 (let ((?x46 (- (- (+ (* (- 2) r s) (* 12 r r00 r00)) ?x43) ?x44)))
 (let ((?x60 (+ (- (+ (- (+ ?x46 ?x47 ?x48) (* 4 r s00)) ?x54) ?x56) ?x59)))
 (let (($x36 (= (- (+ (- s00 s) (* 3 r r)) (* 3 r00 r00)) 0)))
 (and $x36 (= (- ?x60 ?x61) 0) $x93 (= ?x149 0) (= (+ ?x207 ?x208) 0) $x358))))))))))))))))))))))))))))))))))))))))))))))))))))))))))))))))))))))))))))))))) :qid k!40))
 ))
 (let ((?x3977 (lambda ((r Int) (s Int) (x Int) )(let ((?x1525 (+ 1 r)))
 (let ((?x622 (* r00 s00 ?x1525)))
 (let ((?x1022 (* (- 6) ?x622)))
 (let ((?x211 (* 6 r)))
 (let ((?x2734 (+ 3 s ?x211)))
 (let ((?x3039 (* r00 ?x2734)))
 (let ((?x2915 (* (- 9) ?x3039)))
 (let ((?x1660 (* s00 ?x2734)))
 (let ((?x1661 (* 2 ?x1660)))
 (let ((?x1685 (* s00 ?x1525)))
 (let ((?x3699 (* 9 ?x1685)))
 (let ((?x1214 (* 18 r)))
 (let ((?x47 (* 3 s)))
 (let ((?x1752 (* x00 ?x1525)))
 (let ((?x399 (* (- 18) ?x1752)))
 (let ((?x2762 (* r00 r00 s00)))
 (let ((?x2763 (* 6 ?x2762)))
 (let ((?x463 (* (- 3) s00)))
 (let ((?x363 (* (- 1) s)))
 (let ((?x2369 (+ x ?x363)))
 (let ((?x2664 (* r00 ?x2369)))
 (let ((?x2812 (* 18 ?x2664)))
 (let ((?x676 (* s00 s00)))
 (let ((?x689 (* (- 4) ?x676)))
 (let ((?x2488 (* r00 r00 ?x2734)))
 (let ((?x3828 (* (- 6) ?x2488)))
 (let ((?x1509 (* r00 ?x1525 ?x2734)))
 (let ((?x1516 (* 6 ?x1509)))
 (let ((?x3577 (* ?x1525 ?x2369)))
 (let ((?x1677 (* 18 ?x3577)))
 (let ((?x2602 (* ?x2734 ?x2734)))
 (let ((?x2990 (* 2 ?x2602)))
 (let ((?x924 (* r00 s00)))
 (let ((?x1602 (* 9 ?x924)))
 (let ((?x607 (* r00 x00)))
 (let ((?x621 (* (- 18) ?x607)))
 (let ((?x3251 (* ?x1525 ?x2734)))
 (let ((?x2463 (* (- 9) ?x3251)))
 (let ((?x3943 (+ 9 ?x2463 ?x621 ?x1602 ?x2990 ?x1677 ?x1516 ?x3828 ?x689 ?x2812 ?x463 ?x2763 ?x399 ?x47 ?x1214 ?x3699 ?x1661 ?x2915 ?x1022)))
 (let ((?x3070 (+ (* 6 (* ?x1525 ?x1525 ?x2369)) (* (- 3) (* ?x1525 ?x2369 ?x2369 ?x2734)) (* (- 6) (* ?x1525 ?x2369 ?x2369 ?x2734 ?x2734)))))
 (let (($x3966 (not (= (* ?x3070 ?x3943) 0))))
 (let ((?x1455 (* x00 x00)))
 (let ((?x3830 (* 108 ?x1455)))
 (let ((?x3461 (* (- 54) r)))
 (let ((?x2047 (* (- 9) s)))
 (let ((?x1598 (* (- 36) ?x2762)))
 (let ((?x137 (* 9 s00)))
 (let ((?x820 (* 51 ?x676)))
 (let ((?x427 (* 36 ?x2488)))
 (let ((?x1293 (* s00 s00 s00)))
 (let ((?x1687 (* 16 ?x1293)))
 (let ((?x900 (* s00 x00)))
 (let ((?x1216 (* (- 108) ?x900)))
 (let ((?x2883 (* 216 (* r00 r00 r00 s00))))
 (let ((?x991 (* r00 s00 s00)))
 (let ((?x2174 (* (- 108) ?x991)))
 (let ((?x1007 (* r00 r00 r00 x00)))
 (let ((?x3024 (* (- 432) ?x1007)))
 (let ((?x3882 (* (- 36) (* r00 r00 s00 s00))))
 (let ((?x2937 (* (- 54) ?x924)))
 (let ((?x1883 (* 108 ?x607)))
 (let ((?x2468 (* 216 (* r00 s00 x00))))
 (let ((?x2129 (+ ?x2468 ?x1883 ?x2937 (* 15 ?x2602) (* (- 216) (* r00 r00 r00 ?x2734)) ?x3882 (* (- 4) (* ?x2734 ?x2734 ?x2734)) (* 108 (* ?x2369 ?x2369)) ?x3024 (* (- 12) (* s00 ?x2734 ?x2734)) (* 108 (* s00 ?x2369)) ?x2174 ?x2883 (* 108 (* x00 ?x2734)) (* 432 (* r00 r00 r00 ?x2369)) (* (- 66) ?x1660) (* 108 (* r00 s00 ?x2734)) ?x1216 (* (- 216) (* r00 s00 ?x2369)) (* 36 (* r00 r00 ?x2734 ?x2734)) ?x1687 (* (- 108) (* ?x2369 ?x2734)) ?x427 ?x820 (* (- 108) ?x2664) ?x137 ?x1598 ?x2047 ?x3461 (* 54 ?x3039) (* (- 216) (* x00 ?x2369)) ?x3830)))
 (let (($x2072 (not (= ?x2129 27))))
 (let ((?x143 (* 9 s)))
 (let ((?x2333 (* 36 ?x2762)))
 (let ((?x1082 (* (- 9) s00)))
 (let ((?x1011 (* (- 15) ?x676)))
 (let ((?x972 (* r00 r00 x00)))
 (let ((?x985 (* (- 36) ?x972)))
 (let ((?x901 (* 6 ?x900)))
 (let ((?x3666 (* (- 2) ?x991)))
 (let ((?x3000 (* 24 ?x924)))
 (let ((?x644 (* (- 54) ?x607)))
 (let ((?x3506 (+ (* (- 24) ?x3251) ?x644 (* 36 (* r00 ?x1525 ?x2369)) ?x3000 (* 3 ?x2602) (* 54 ?x3577) (* (- 6) (* s00 ?x2369)) (* 4 (* r00 ?x2734 ?x2734)) ?x3666 (* (- 6) (* x00 ?x2734)) (* 12 ?x1660) (* (- 2) (* r00 s00 ?x2734)) ?x901 (* 2 (* ?x1525 ?x2734 ?x2734)) (* 6 (* ?x2369 ?x2734)) (* (- 4) (* s00 s00 ?x1525)) (* (- 36) ?x2488) ?x985 ?x1011 (* 2 (* s00 ?x1525 ?x2734)) (* (- 36) (* r00 x00 ?x1525)) (* 54 ?x2664) ?x1082 ?x2333 (* (- 54) ?x1752) ?x143 (* 54 r) (* 24 ?x1685) (* (- 24) ?x3039) (* 36 (* r00 r00 ?x2369)))))
 (let ((?x1444 (+ ?x2463 ?x621 ?x1602 ?x2990 ?x1677 ?x1516 ?x3828 ?x689 ?x2812 ?x463 ?x2763 ?x399 ?x47 ?x1214 ?x3699 ?x1661 ?x2915 ?x1022)))
 (let ((?x554 (* r00 r00 r00)))
 (let ((?x568 (* (- 12) ?x554)))
 (let ((?x59 (* 6 x00)))
 (let ((?x533 (* (- 6) x)))
 (let ((?x944 (* 6 ?x924)))
 (let ((?x48 (* 3 r00)))
 (let ((?x2253 (+ (* (- 2) ?x3251) (* 12 (* r00 r00 ?x1525)) (* 15 r) ?x463 ?x143 ?x48 (* (- 4) ?x1685) ?x944 ?x533 ?x59 ?x568)))
 (let ((?x384 (* r00 r00)))
 (let ((?x2266 (* (- 3) ?x384)))
 (let (($x2297 (= (+ s00 ?x363 (* (- 6) r) (* 3 (* ?x1525 ?x1525)) ?x2266) 3)))
 (let (($x1157 (not $x2297)))
 (let (($x3108 (or $x1157 (not (= ?x2253 (- 6))) (not (= ?x1444 (- 9))) (not (= ?x3506 (- 27))) $x2072 $x3966)))
 (let ((?x1873 (* r00 r00 s)))
 (let ((?x2473 (* 36 ?x1873)))
 (let ((?x3837 (+ ?x2468 ?x1883 ?x2937 (* 15 (* s s)) (* (- 216) (* r00 r00 r00 s)) ?x3882 (* (- 4) (* s s s)) (* 108 (* x x)) ?x3024 (* (- 12) (* s00 s s)) (* 108 (* s00 x)) ?x2174 ?x2883 (* 108 (* x00 s)) (* 432 (* r00 r00 r00 x)) (* (- 66) (* s00 s)) (* 108 (* r00 s00 s)) ?x1216 (* (- 216) (* r00 s00 x)) (* 36 (* r00 r00 s s)) ?x1687 (* (- 108) (* x s)) ?x2473 ?x820 (* (- 108) (* r00 x)) ?x137 ?x1598 ?x2047 (* 54 (* r00 s)) (* (- 216) (* x00 x)) ?x3830)))
 (let (($x3842 (= ?x3837 0)))
 (let ((?x2803 (* (- 36) ?x1873)))
 (let ((?x630 (* s s)))
 (let ((?x662 (* 3 ?x630)))
 (let ((?x2884 (+ (* (- 24) (* s r)) ?x644 (* 36 (* r00 x r)) ?x3000 ?x662 (* 54 (* x r)) (* (- 6) (* s00 x)) (* 4 (* r00 s s)) ?x3666 (* (- 6) (* x00 s)) (* 12 (* s00 s)) (* (- 2) (* r00 s00 s)) ?x901 (* 2 (* s s r)) (* 6 (* x s)) (* (- 4) (* s00 s00 r)) ?x2803 ?x985 ?x1011 (* 2 (* s00 s r)) (* (- 36) (* r00 x00 r)) (* 54 (* r00 x)) ?x1082 ?x2333 (* (- 54) (* x00 r)) ?x143 (* 24 (* s00 r)) (* (- 24) (* r00 s)) (* 36 (* r00 r00 x)))))
 (let ((?x1944 (* r00 x)))
 (let ((?x1945 (* 18 ?x1944)))
 (let ((?x631 (* 2 ?x630)))
 (let ((?x1515 (+ (* (- 9) (* s r)) ?x621 ?x1602 ?x631 (* 18 (* x r)) (* 6 (* r00 s r)) (* (- 6) ?x1873) ?x689 ?x1945 ?x463 ?x2763 (* (- 18) (* x00 r)) ?x47 (* 9 (* s00 r)) (* 2 (* s00 s)) (* (- 9) (* r00 s)) (* (- 6) (* r00 s00 r)))))
 (let ((?x3073 (+ (* (- 2) (* s r)) (* 12 (* r00 r00 r)) (* (- 3) r) ?x463 ?x47 ?x48 (* (- 4) (* s00 r)) ?x944 ?x533 ?x59 ?x568)))
 (let (($x3308 (= (+ s00 ?x363 (* 3 (* r r)) ?x2266) 0)))
 (let (($x1442 (and $x3308 (= ?x3073 0) (= ?x1515 0) (= ?x2884 0) $x3842 $x3108)))
 (let ((?x232 (- x s)))
 (let ((?x212 (+ s ?x211 3)))
 (let ((?x215 (+ r 1)))
 (let ((?x354 (- (- (* 6 ?x215 ?x215 ?x232) (* 3 ?x215 ?x212 ?x232 ?x232)) (* 6 ?x215 ?x212 ?x212 ?x232 ?x232))))
 (let ((?x227 (* 3 ?x212)))
 (let ((?x82 (* 6 r00 r00 s00)))
 (let ((?x44 (* 3 s00)))
 (let ((?x76 (* 4 s00 s00)))
 (let ((?x70 (* 9 r00 s00)))
 (let ((?x244 (+ (- (* (- 9) ?x215 ?x212) (* 18 r00 x00)) ?x70 (* 2 ?x212 ?x212) (* 18 ?x215 ?x232) (* 6 ?x215 r00 ?x212))))
 (let ((?x249 (+ (- (- ?x244 (* 6 r00 r00 ?x212)) ?x76) (* 18 r00 ?x232))))
 (let ((?x256 (+ (- (+ (- ?x249 ?x44) ?x82) (* 18 ?x215 x00)) ?x227 (* 9 ?x215 s00) (* 2 ?x212 s00))))
 (let ((?x260 (- (- ?x256 (* 9 r00 ?x212)) (* 6 ?x215 r00 s00))))
 (let ((?x208 (* 108 x00 x00)))
 (let ((?x299 (* 9 ?x212)))
 (let ((?x139 (* 36 r00 r00 s00)))
 (let ((?x197 (* 51 s00 s00)))
 (let ((?x284 (* 36 r00 r00 ?x212)))
 (let ((?x192 (* 16 s00 s00 s00)))
 (let ((?x186 (* 108 s00 x00)))
 (let ((?x177 (* 216 r00 r00 r00 s00)))
 (let ((?x175 (* 108 r00 s00 s00)))
 (let ((?x169 (* 432 r00 r00 r00 x00)))
 (let ((?x161 (* 36 r00 r00 s00 s00)))
 (let ((?x157 (- (+ (* 216 r00 s00 x00) (* 108 r00 x00)) (* 54 r00 s00))))
 (let ((?x313 (- (- (+ ?x157 (* 15 ?x212 ?x212)) (* 216 r00 r00 r00 ?x212)) ?x161)))
 (let ((?x319 (- (- (+ (- ?x313 (* 4 ?x212 ?x212 ?x212)) (* 108 ?x232 ?x232)) ?x169) (* 12 ?x212 ?x212 s00))))
 (let ((?x325 (+ (- (+ ?x319 (* 108 s00 ?x232)) ?x175) ?x177 (* 108 ?x212 x00) (* 432 r00 r00 r00 ?x232))))
 (let ((?x331 (- (+ (- ?x325 (* 66 ?x212 s00)) (* 108 r00 ?x212 s00)) ?x186)))
 (let ((?x334 (+ (- ?x331 (* 216 r00 s00 ?x232)) (* 36 r00 r00 ?x212 ?x212) ?x192)))
 (let ((?x339 (- (+ (- ?x334 (* 108 ?x212 ?x232)) ?x284 ?x197) (* 108 r00 ?x232))))
 (let ((?x346 (- (+ (- (- (+ ?x339 ?x137) ?x139) ?x299) (* 54 r00 ?x212)) (* 216 ?x232 x00))))
 (let ((?x126 (* 15 s00 s00)))
 (let ((?x124 (* 36 r00 r00 x00)))
 (let ((?x118 (* 6 s00 x00)))
 (let ((?x110 (* 2 r00 s00 s00)))
 (let ((?x102 (* 24 r00 s00)))
 (let ((?x268 (+ (- (* (- 24) ?x215 ?x212) (* 54 r00 x00)) (* 36 ?x215 r00 ?x232) ?x102 (* 3 ?x212 ?x212) (* 54 ?x215 ?x232))))
 (let ((?x274 (- (+ (- ?x268 (* 6 s00 ?x232)) (* 4 r00 ?x212 ?x212)) ?x110)))
 (let ((?x279 (- (+ (- ?x274 (* 6 ?x212 x00)) (* 12 ?x212 s00)) (* 2 r00 ?x212 s00))))
 (let ((?x285 (- (+ ?x279 ?x118 (* 2 ?x215 ?x212 ?x212) (* 6 ?x212 ?x232)) (* 4 ?x215 s00 s00))))
 (let ((?x292 (- (+ (- (- (- ?x285 ?x284) ?x124) ?x126) (* 2 ?x215 ?x212 s00)) (* 36 ?x215 r00 x00))))
 (let ((?x298 (- (+ (- (+ ?x292 (* 54 r00 ?x232)) ?x137) ?x139) (* 54 ?x215 x00))))
 (let ((?x305 (+ (- (+ ?x298 ?x299 (* 24 ?x215 s00)) (* 24 r00 ?x212)) (* 36 r00 r00 ?x232))))
 (let ((?x61 (* 12 r00 r00 r00)))
 (let ((?x54 (* 6 r00 s00)))
 (let ((?x225 (- (+ (* (- 2) ?x215 ?x212) (* 12 ?x215 r00 r00)) (* 3 ?x215))))
 (let ((?x234 (- (+ (- (+ (- ?x225 ?x44) ?x227 ?x48) (* 4 ?x215 s00)) ?x54) (* 6 ?x232))))
 (let (($x219 (= (- (+ (- s00 ?x212) (* 3 ?x215 ?x215)) (* 3 r00 r00)) 0)))
 (let (($x358 (or (not $x219) (not (= (- (+ ?x234 ?x59) ?x61) 0)) (not (= ?x260 0)) (not (= ?x305 0)) (not (= (+ ?x346 ?x208) 0)) (not (= (* ?x260 ?x354) 0)))))
 (let ((?x123 (* 36 r00 r00 s)))
 (let ((?x164 (- (- (+ ?x157 (* 15 s s)) (* 216 r00 r00 r00 s)) ?x161)))
 (let ((?x172 (- (- (+ (- ?x164 (* 4 s s s)) (* 108 x x)) ?x169) (* 12 s s s00))))
 (let ((?x180 (+ (- (+ ?x172 (* 108 s00 x)) ?x175) ?x177 (* 108 s x00) (* 432 r00 r00 r00 x))))
 (let ((?x188 (- (+ (- ?x180 (* 66 s s00)) (* 108 r00 s s00)) ?x186)))
 (let ((?x193 (+ (- ?x188 (* 216 r00 s00 x)) (* 36 r00 r00 s s) ?x192)))
 (let ((?x200 (- (+ (- ?x193 (* 108 s x)) ?x123 ?x197) (* 108 r00 x))))
 (let ((?x207 (- (+ (- (- (+ ?x200 ?x137) ?x139) ?x143) (* 54 r00 s)) (* 216 x x00))))
 (let ((?x105 (+ (- (* (- 24) r s) (* 54 r00 x00)) (* 36 r r00 x) ?x102 (* 3 s s) (* 54 r x))))
 (let ((?x112 (- (+ (- ?x105 (* 6 s00 x)) (* 4 r00 s s)) ?x110)))
 (let ((?x117 (- (+ (- ?x112 (* 6 s x00)) (* 12 s s00)) (* 2 r00 s s00))))
 (let ((?x127 (- (+ ?x117 ?x118 (* 2 r s s) (* 6 s x)) (* 4 r s00 s00))))
 (let ((?x134 (- (+ (- (- (- ?x127 ?x123) ?x124) ?x126) (* 2 r s s00)) (* 36 r r00 x00))))
 (let ((?x142 (- (+ (- (+ ?x134 (* 54 r00 x)) ?x137) ?x139) (* 54 r x00))))
 (let ((?x149 (+ (- (+ ?x142 ?x143 (* 24 r s00)) (* 24 r00 s)) (* 36 r00 r00 x))))
 (let ((?x74 (+ (- (* (- 9) r s) (* 18 r00 x00)) ?x70 (* 2 s s) (* 18 r x) (* 6 r r00 s))))
 (let ((?x80 (+ (- (- ?x74 (* 6 r00 r00 s)) ?x76) (* 18 r00 x))))
 (let ((?x88 (+ (- (+ (- ?x80 ?x44) ?x82) (* 18 r x00)) ?x47 (* 9 r s00) (* 2 s s00))))
 (let (($x93 (= (- (- ?x88 (* 9 r00 s)) (* 6 r r00 s00)) 0)))
 (let ((?x56 (* 6 x)))
 (let ((?x43 (* 3 r)))
 (let ((?x46 (- (- (+ (* (- 2) r s) (* 12 r r00 r00)) ?x43) ?x44)))
 (let ((?x60 (+ (- (+ (- (+ ?x46 ?x47 ?x48) (* 4 r s00)) ?x54) ?x56) ?x59)))
 (let (($x36 (= (- (+ (- s00 s) (* 3 r r)) (* 3 r00 r00)) 0)))
 (let (($x359 (and $x36 (= (- ?x60 ?x61) 0) $x93 (= ?x149 0) (= (+ ?x207 ?x208) 0) $x358)))
 (rewrite (= $x359 $x1442)))))))))))))))))))))))))))))))))))))))))))))))))))))))))))))))))))))))))))))))))))))))))))))))))))))))))))))))))))))))))))))))))))))))))))))))))))))))))))))))))))))))))))))))))))))
 ))
 (let ((@x361 (asserted $x360)))
 (let ((@x1549 (mp (mp @x361 (quant-intro (proof-bind ?x3977) (= $x360 $x3109)) $x3109) (rewrite (= $x3109 $x3109)) $x3109)))
 (let ((@x3709 (mp (mp @x1549 (quant-intro (proof-bind ?x1159) (= $x3109 $x2475)) $x2475) (quant-intro (proof-bind ?x1802) (= $x2475 $x1770)) $x1770)))
 (let ((@x3548 (mp (mp~ @x3709 (sk (~ $x1770 $x2593)) $x2593) (rewrite (= $x2593 $x1060)) $x1060)))
 (let ((@x3132 (and-elim @x3548 $x3566)))
 (let ((@x2857 (unit-resolution ((_ th-lemma arith triangle-eq) (or (not $x3566) $x1088)) @x3132 $x1088)))
 (let (($x2504 (>= ?x1666 0)))
 (let ((@x2644 (unit-resolution ((_ th-lemma arith triangle-eq) (or (not $x3566) $x2504)) @x3132 $x2504)))
 (let (($x751 (<= ?x3710 0)))
 (let ((@x724 (and-elim @x3548 $x3728)))
 (let ((@x1820 (unit-resolution ((_ th-lemma arith triangle-eq) (or (not $x3728) $x751)) @x724 $x751)))
 (let (($x1903 (>= ?x3710 0)))
 (let ((@x1783 (unit-resolution ((_ th-lemma arith triangle-eq) (or (not $x3728) $x1903)) @x724 $x1903)))
 (let (($x2523 (<= ?x3334 0)))
 (let ((@x2438 (and-elim @x3548 $x995)))
 (let ((@x2108 (unit-resolution ((_ th-lemma arith triangle-eq) (or $x899 $x2523)) @x2438 $x2523)))
 (let (($x3982 (>= ?x3334 0)))
 (let ((@x2927 (unit-resolution ((_ th-lemma arith triangle-eq) (or $x899 $x3982)) @x2438 $x3982)))
 (let (($x2568 (<= ?x2549 0)))
 (let (($x3127 (<= ?x954 0)))
 (let (($x2118 (<= ?x809 0)))
 (let ((@x2161 (and-elim @x3548 $x810)))
 (let ((@x2061 (unit-resolution ((_ th-lemma arith triangle-eq) (or (not $x810) $x2118)) @x2161 $x2118)))
 (let (($x2122 (>= ?x809 0)))
 (let ((@x2306 (unit-resolution ((_ th-lemma arith triangle-eq) (or (not $x810) $x2122)) @x2161 $x2122)))
 (let (($x2707 (<= ?x1746 0)))
 (let ((@x725 (and-elim @x3548 $x1756)))
 (let ((@x1552 (unit-resolution ((_ th-lemma arith triangle-eq) (or (not $x1756) $x2707)) @x725 $x2707)))
 (let (($x3750 (>= ?x1746 0)))
 (let ((@x3438 (unit-resolution ((_ th-lemma arith triangle-eq) (or (not $x1756) $x3750)) @x725 $x3750)))
 (let ((@x955 ((_ th-lemma arith) (hypothesis (not $x3127)) @x2927 @x2108 @x3438 @x1552 @x2306 @x2061 @x3438 @x1552 @x2306 @x2061 @x2927 @x2108 @x1783 @x1820 false)))
 (let ((@x891 (lemma @x955 $x3127)))
 (let (($x3114 (>= ?x954 0)))
 (let ((@x847 ((_ th-lemma arith) (hypothesis (not $x3114)) @x2927 @x2108 @x3438 @x1552 @x2306 @x2061 @x3438 @x1552 @x2306 @x2061 @x2927 @x2108 @x1783 @x1820 false)))
 (let ((@x3549 (lemma @x847 $x3114)))
 (let ((@x2186 ((_ th-lemma arith) (hypothesis (not $x2568)) @x2927 @x2108 @x3438 @x1552 @x2306 @x2061 @x3549 @x891 @x2927 @x2108 false)))
 (let ((@x1798 (lemma @x2186 $x2568)))
 (let (($x1103 (>= ?x2549 0)))
 (let ((@x2417 ((_ th-lemma arith) (hypothesis (not $x1103)) @x2927 @x2108 @x3438 @x1552 @x2306 @x2061 @x3549 @x891 @x2927 @x2108 false)))
 (let ((@x3718 (lemma @x2417 $x1103)))
 (let (($x3124 (not (<= ?x2819 0))))
 (let ((@x617 (unit-resolution ((_ th-lemma arith triangle-eq) (or $x886 (not $x2568) (not $x1103))) @x1798 @x3718 $x886)))
 (let (($x2969 (>= ?x2080 0)))
 (let ((@x3909 ((_ th-lemma arith eq-propagate 0 0 0) (lemma ((_ th-lemma arith farkas 1 1 1) (hypothesis (not $x2969)) @x3549 @x891 false) $x2969) @x3549 @x891 $x3037)))
 (let ((@x2545 (unit-resolution ((_ th-lemma arith triangle-eq) (or $x2622 (not $x3127) (not $x3114))) @x891 @x3549 $x2622)))
 (let ((@x711 (unit-resolution (hypothesis $x907) ((_ th-lemma arith eq-propagate -4 -4 -1 -1) @x2927 @x2108 @x1783 @x1820 $x3375) false)))
 (let ((@x1119 (unit-resolution (and-elim @x3548 $x1649) @x2438 (or $x907 $x2944 $x2847 $x1607 $x2373))))
 (let ((@x3112 (unit-resolution (unit-resolution @x1119 (lemma @x711 $x3375) @x2545 @x3909 (or $x2847 $x1607)) @x617 $x1607)))
 (let (($x3020 (>= ?x2819 0)))
 (let ((@x1745 ((_ th-lemma arith) (hypothesis (not $x3020)) @x2927 @x2108 @x3438 @x1552 @x2306 @x2061 @x3438 @x1552 @x2306 @x2061 @x3438 @x1552 @x3549 @x891 @x2306 @x2061 @x3718 @x1798 @x1783 @x1820 @x2927 @x2108 @x1783 @x1820 @x2644 @x2857 false)))
 (let ((@x3111 (unit-resolution ((_ th-lemma arith triangle-eq) (or $x3255 $x3124 (not $x3020))) (lemma @x1745 $x3020) @x3112 $x3124)))
 ((_ th-lemma arith) @x3111 @x2927 @x2108 @x3438 @x1552 @x2306 @x2061 @x3438 @x1552 @x2306 @x2061 @x3438 @x1552 @x3549 @x891 @x2306 @x2061 @x3718 @x1798 @x1783 @x1820 @x2927 @x2108 @x1783 @x1820 @x2644 @x2857 false))))))))))))))))))))))))))))))))))))))))))))))))))))))))))))))))))))))))))))))))))))))))))))))))))))))))))))))))))))))))))))))))))))))))))))))))))))))))))))))))))))))))))))))))))))))))))))))))))))))))))))))))))))))))))))))))))))))))))))))))))))))))))))))))))))))))))))))))))))))))))

(:added-eqs                 11
 :arith-assert-diseq        11
 :arith-assert-lower        90
 :arith-assert-upper        29
 :arith-conflicts           7
 :arith-eq-adapter          10
 :arith-fixed-eqs           2
 :arith-gcd-tests           20
 :arith-grobner             6
 :arith-max-min             1947
 :arith-nonlinear-bounds    76
 :arith-nonlinear-horner    67
 :arith-num-rows            13
 :arith-patches             13
 :arith-patches_succ        13
 :arith-pivots              9
 :arith-pseudo-nonlinear    2
 :arith-row-summations      24
 :arith-tableau-max-columns 156
 :arith-tableau-max-rows    13
 :conflicts                 8
 :decisions                 19
 :del-clause                27
 :final-checks              13
 :max-memory                5.23
 :memory                    3.57
 :mk-bool-var               36
 :mk-clause                 36
 :num-allocs                244380385
 :num-checks                1
 :propagations              52
 :rlimit-count              1246392
 :time                      0.83
 :total-time                0.81)
