unsat
((set-logic NIA)
(declare-fun r!2 () Int)
(declare-fun s!1 () Int)
(declare-fun x!0 () Int)
(proof
(let ((?x3343 (* r00 r00 r!2)))
 (let ((?x3303 (* (- 12) ?x3343)))
 (let ((?x3164 (* s!1 r!2)))
 (let ((?x3446 (* 2 ?x3164)))
 (let ((?x2924 (* s00 r!2)))
 (let ((?x1669 (* 4 ?x2924)))
 (let ((?x3249 (* 3 r!2)))
 (let ((?x1139 (* (- 3) s!1)))
 (let ((?x3491 (* 6 x!0)))
 (let ((?x555 (* r00 r00 r00)))
 (let ((?x556 (* 12 ?x555)))
 (let ((?x512 (* s00 r00)))
 (let ((?x590 (* (- 6) ?x512)))
 (let ((?x587 (* (- 6) x00)))
 (let ((?x586 (* (- 3) r00)))
 (let ((?x44 (* 3 s00)))
 (let ((?x2285 (+ ?x44 ?x586 ?x587 ?x590 ?x556 ?x3491 ?x1139 ?x3249 ?x1669 ?x3446 ?x3303)))
 (let (($x2671 (<= ?x2285 0)))
 (let (($x3186 (= ?x2285 0)))
 (let ((?x4208 (* s00 x!0)))
 (let ((?x3577 (* 108 ?x4208)))
 (let ((?x4202 (* r00 x!0)))
 (let ((?x3576 (* (- 108) ?x4202)))
 (let ((?x3224 (* x00 x!0)))
 (let ((?x3559 (* (- 216) ?x3224)))
 (let ((?x3136 (* r!2 r!2 r!2)))
 (let ((?x4197 (* (- 864) ?x3136)))
 (let ((?x2951 (* (- 162) r!2)))
 (let ((?x3607 (* 297 s!1)))
 (let ((?x1842 (* (- 324) x!0)))
 (let ((?x2907 (* r!2 r!2)))
 (let ((?x1705 (* (- 756) ?x2907)))
 (let ((?x2715 (* r00 r00 s!1 s!1)))
 (let ((?x1949 (* 36 ?x2715)))
 (let ((?x2701 (* r00 r00 r00 x!0)))
 (let ((?x1942 (* 432 ?x2701)))
 (let ((?x2315 (* s00 r00 x!0)))
 (let ((?x1597 (* (- 216) ?x2315)))
 (let ((?x1456 (* x00 x00)))
 (let ((?x1457 (* 108 ?x1456)))
 (let ((?x1370 (* s00 s!1 s!1)))
 (let ((?x2404 (* (- 12) ?x1370)))
 (let ((?x1294 (* s00 s00 s00)))
 (let ((?x1295 (* 16 ?x1294)))
 (let ((?x1182 (* s00 r00 r00 r00)))
 (let ((?x1184 (* 216 ?x1182)))
 (let ((?x1060 (* x!0 x!0)))
 (let ((?x2097 (* 108 ?x1060)))
 (let ((?x1052 (* s!1 s!1 s!1)))
 (let ((?x2252 (* (- 4) ?x1052)))
 (let ((?x1008 (* r00 r00 r00 x00)))
 (let ((?x1039 (* (- 432) ?x1008)))
 (let ((?x901 (* s00 x00)))
 (let ((?x1251 (* (- 108) ?x901)))
 (let ((?x865 (* s00 s00 r00 r00)))
 (let ((?x881 (* (- 36) ?x865)))
 (let ((?x846 (* s!1 s!1)))
 (let ((?x404 (* 195 ?x846)))
 (let ((?x778 (* s00 s00 r00)))
 (let ((?x1153 (* (- 108) ?x778)))
 (let ((?x733 (* s00 r00 r00)))
 (let ((?x1384 (* (- 36) ?x733)))
 (let ((?x677 (* s00 s00)))
 (let ((?x1331 (* 51 ?x677)))
 (let ((?x608 (* r00 x00)))
 (let ((?x613 (* 108 ?x608)))
 (let ((?x604 (* s00 r00 x00)))
 (let ((?x605 (* 216 ?x604)))
 (let ((?x2290 (* (- 648) ?x555)))
 (let ((?x1526 (* 270 ?x512)))
 (let ((?x385 (* r00 r00)))
 (let ((?x467 (* 432 ?x385)))
 (let ((?x3298 (* 324 x00)))
 (let ((?x1913 (* 162 r00)))
 (let ((?x3686 (* (- 297) s00)))
 (let ((?x2071 (+ ?x3686 ?x1913 ?x3298 ?x467 ?x1526 ?x2290 ?x605 ?x613 (* 1296 (* r00 r00 r!2 r!2)) ?x1331 ?x1384 ?x1153 (* 324 (* r00 r!2)) ?x404 ?x881 ?x1251 (* 648 (* s00 r00 r!2)) ?x1039 ?x2252 (* (- 648) (* x!0 r!2)) ?x2097 ?x1184 ?x1295 ?x2404 ?x1457 (* 432 (* r00 r00 s!1 r!2)) (* 648 (* x00 r!2)) ?x1597 (* (- 432) (* s00 r!2 r!2)) (* (- 246) (* s00 s!1)) (* (- 1296) (* r00 r00 r00 r!2)) ?x1942 ?x1949 (* (- 648) (* r00 r00 r00 s!1)) (* (- 432) (* s!1 r!2 r!2)) ?x1705 ?x1842 ?x3607 ?x2951 (* (- 828) ?x2924) ?x4197 (* 396 ?x3164) ?x3559 (* 1512 ?x3343) (* 252 (* r00 r00 s!1)) (* 324 (* s00 r00 s!1)) (* (- 324) (* x!0 s!1)) (* (- 144) (* s00 s!1 r!2)) (* 162 (* r00 s!1)) ?x3576 ?x3577 (* 324 (* x00 s!1)) (* (- 72) (* s!1 s!1 r!2)))))
 (let ((?x1260 (* (- 648) ?x3136)))
 (let ((?x1696 (* (- 324) r!2)))
 (let ((?x1905 (* (- 35) s!1)))
 (let ((?x1988 (* (- 1) x!0)))
 (let ((?x2089 (* (- 702) ?x2907)))
 (let ((?x2246 (* (- 216) (* r!2 r!2 r!2 r!2))))
 (let ((?x3388 (* 18 ?x1060)))
 (let ((?x3400 (* 6 ?x1052)))
 (let ((?x1240 (* 12 ?x846)))
 (let ((?x1280 (+ (- 54) (* (- 72) (* x!0 s!1 r!2 r!2 r!2)) ?x1240 (* (- 12) (* x!0 s!1 s!1)) (* 36 (* s!1 s!1 r!2 r!2 r!2)) (* 6 (* s!1 s!1 s!1 r!2 r!2)) ?x3400 ?x3388 (* (- 72) (* s!1 r!2 r!2 r!2)) (* 12 (* s!1 s!1 s!1 r!2)) (* (- 24) (* x!0 s!1 s!1 r!2)) (* 72 (* x!0 x!0 r!2)) (* 6 (* x!0 x!0 s!1)) (* 36 (* x!0 x!0 r!2 r!2 r!2)) (* (- 180) (* x!0 s!1 r!2 r!2)) (* 12 (* x!0 x!0 s!1 r!2)) ?x2246 (* 90 (* x!0 x!0 r!2 r!2)) (* (- 12) (* x!0 s!1 s!1 r!2 r!2)) (* (- 180) (* s!1 r!2 r!2)) ?x2089 ?x1988 ?x1905 ?x1696 ?x1260 (* (- 144) ?x3164) (* (- 144) (* x!0 s!1 r!2)) (* 84 (* s!1 s!1 r!2 r!2)) (* 6 (* x!0 x!0 s!1 r!2 r!2)) (* (- 36) (* x!0 s!1)) (* 60 (* s!1 s!1 r!2)))))
 (let ((?x2378 (* ?x1280 ?x2071)))
 (let (($x1283 (= ?x2378 0)))
 (let (($x2406 (not $x1283)))
 (let ((?x4160 (* 864 ?x3136)))
 (let ((?x3149 (* 162 r!2)))
 (let ((?x3167 (* (- 297) s!1)))
 (let ((?x3168 (* 324 x!0)))
 (let ((?x3170 (* 756 ?x2907)))
 (let ((?x1486 (* (- 108) ?x1456)))
 (let ((?x1485 (* (- 16) ?x1294)))
 (let ((?x1481 (* (- 216) ?x1182)))
 (let ((?x1769 (* (- 108) ?x1060)))
 (let ((?x1058 (* 4 ?x1052)))
 (let ((?x1009 (* 432 ?x1008)))
 (let ((?x1239 (* 108 ?x901)))
 (let ((?x866 (* 36 ?x865)))
 (let ((?x3158 (* (- 195) ?x846)))
 (let ((?x1136 (* 108 ?x778)))
 (let ((?x1096 (* 36 ?x733)))
 (let ((?x1475 (* (- 51) ?x677)))
 (let ((?x1472 (* (- 108) ?x608)))
 (let ((?x1471 (* (- 216) ?x604)))
 (let ((?x3833 (* 648 ?x555)))
 (let ((?x2170 (* (- 270) ?x512)))
 (let ((?x2152 (* (- 432) ?x385)))
 (let ((?x3827 (* (- 324) x00)))
 (let ((?x2142 (* (- 162) r00)))
 (let ((?x3826 (* 297 s00)))
 (let ((?x2199 (+ ?x3826 ?x2142 ?x3827 ?x2152 ?x2170 ?x3833 ?x1471 ?x1472 (* (- 1296) (* r00 r00 r!2 r!2)) ?x1475 ?x1096 ?x1136 (* (- 324) (* r00 r!2)) ?x3158 ?x866 ?x1239 (* (- 648) (* s00 r00 r!2)) ?x1009 ?x1058 (* 648 (* x!0 r!2)) ?x1769 ?x1481 ?x1485 (* 12 ?x1370) ?x1486 (* (- 432) (* r00 r00 s!1 r!2)) (* (- 648) (* x00 r!2)) (* 216 ?x2315) (* 432 (* s00 r!2 r!2)) (* 246 (* s00 s!1)) (* 1296 (* r00 r00 r00 r!2)) (* (- 432) ?x2701) (* (- 36) ?x2715) (* 648 (* r00 r00 r00 s!1)) (* 432 (* s!1 r!2 r!2)) ?x3170 ?x3168 ?x3167 ?x3149 (* 828 ?x2924) ?x4160 (* (- 396) ?x3164) (* 216 ?x3224) (* (- 1512) ?x3343) (* (- 252) (* r00 r00 s!1)) (* (- 324) (* s00 r00 s!1)) (* 324 (* x!0 s!1)) (* 144 (* s00 s!1 r!2)) (* (- 162) (* r00 s!1)) (* 108 ?x4202) (* (- 108) ?x4208) (* (- 324) (* x00 s!1)) (* 72 (* s!1 s!1 r!2)))))
 (let (($x1453 (= ?x2199 0)))
 (let (($x840 (not $x1453)))
 (let ((?x3138 (* 72 ?x3136)))
 (let ((?x2391 (* 36 r!2)))
 (let ((?x2395 (* (- 57) s!1)))
 (let ((?x2397 (* 72 x!0)))
 (let ((?x2398 (* 108 ?x2907)))
 (let ((?x973 (* r00 r00 x00)))
 (let ((?x986 (* (- 36) ?x973)))
 (let ((?x902 (* 6 ?x901)))
 (let ((?x2726 (* (- 1) ?x846)))
 (let ((?x796 (* (- 2) ?x778)))
 (let ((?x1910 (* (- 19) ?x677)))
 (let ((?x3471 (* (- 90) ?x608)))
 (let ((?x3469 (* 18 ?x512)))
 (let ((?x3461 (* (- 108) ?x385)))
 (let ((?x995 (* (- 72) x00)))
 (let ((?x2966 (* (- 36) r00)))
 (let ((?x2268 (* 57 s00)))
 (let ((?x519 (+ ?x2268 ?x2966 ?x995 ?x3461 ?x3469 ?x3471 ?x1910 ?x1096 ?x796 ?x2726 ?x902 (* (- 12) (* s00 r00 r!2)) ?x986 (* 90 (* x!0 r!2)) (* (- 90) (* x00 r!2)) (* 36 (* r00 x!0 r!2)) (* 36 (* r00 r00 x!0)) (* 12 (* s00 r!2 r!2)) (* 20 (* s00 s!1)) (* 24 (* s!1 r!2 r!2)) ?x2398 ?x2397 ?x2395 ?x2391 (* 114 ?x2924) (* (- 36) (* r00 x00 r!2)) ?x3138 (* (- 42) ?x3164) (* (- 216) ?x3343) (* 12 (* r00 s!1 r!2)) (* (- 72) (* r00 r00 s!1)) (* (- 2) (* s00 r00 s!1)) (* 6 (* x!0 s!1)) (* 2 (* s00 s!1 r!2)) (* (- 90) (* r00 s!1)) (* 4 (* r00 s!1 s!1)) (* 90 ?x4202) (* (- 6) ?x4208) (* (- 6) (* x00 s!1)) (* 2 (* s!1 s!1 r!2)) (* (- 4) (* s00 s00 r!2)) (* 144 (* r00 r!2 r!2)))))
 (let (($x823 (= ?x519 0)))
 (let (($x3405 (not $x823)))
 (let ((?x3775 (* 9 r!2)))
 (let ((?x3777 (* (- 12) s!1)))
 (let ((?x3778 (* 18 x!0)))
 (let ((?x2967 (* 18 ?x2907)))
 (let ((?x4065 (* 2 ?x846)))
 (let ((?x734 (* 6 ?x733)))
 (let ((?x690 (* (- 4) ?x677)))
 (let ((?x622 (* (- 18) ?x608)))
 (let ((?x990 (* 3 ?x512)))
 (let ((?x2440 (* (- 18) ?x385)))
 (let ((?x2446 (* (- 18) x00)))
 (let ((?x2276 (* (- 9) r00)))
 (let ((?x2464 (* 12 s00)))
 (let ((?x1537 (+ ?x2464 ?x2276 ?x2446 ?x2440 ?x990 ?x622 ?x690 ?x734 ?x4065 (* (- 6) (* s00 r00 r!2)) (* 18 (* x!0 r!2)) (* (- 18) (* x00 r!2)) (* 2 (* s00 s!1)) ?x2967 ?x3778 ?x3777 ?x3775 (* 21 ?x2924) (* (- 3) ?x3164) (* (- 36) ?x3343) (* 6 (* r00 s!1 r!2)) (* (- 6) (* r00 r00 s!1)) (* (- 21) (* r00 s!1)) (* 18 ?x4202) (* 36 (* r00 r!2 r!2)))))
 (let (($x3697 (= ?x1537 0)))
 (let (($x2316 (not $x3697)))
 (let ((?x2257 (* (- 7) s!1)))
 (let ((?x4185 (* 12 ?x2907)))
 (let ((?x2571 (* (- 12) ?x385)))
 (let ((?x2188 (* 7 s00)))
 (let ((?x1016 (+ ?x2188 ?x586 ?x587 ?x2571 ?x590 ?x556 ?x4185 ?x3491 ?x2257 ?x3249 ?x1669 ?x3446 ?x3303)))
 (let (($x2272 (= ?x1016 0)))
 (let (($x2799 (not $x2272)))
 (let ((?x1873 (* (- 3) ?x385)))
 (let ((?x3182 (+ s00 ?x1873 (* 3 ?x2907) (* (- 1) s!1))))
 (let (($x3183 (= ?x3182 0)))
 (let (($x3092 (not $x3183)))
 (let (($x1284 (or $x3092 $x2799 $x2316 $x3405 $x840 $x2406)))
 (let ((?x3814 (* r00 r00 s!1)))
 (let ((?x1644 (* 36 ?x3814)))
 (let ((?x1819 (* (- 9) s!1)))
 (let ((?x675 (* (- 54) ?x512)))
 (let ((?x137 (* 9 s00)))
 (let ((?x3703 (+ ?x137 ?x675 ?x605 ?x613 ?x1331 ?x1384 ?x1153 (* 15 ?x846) ?x881 ?x1251 ?x1039 ?x2252 ?x2097 ?x1184 ?x1295 ?x2404 ?x1457 ?x1597 (* (- 66) (* s00 s!1)) ?x1942 ?x1949 (* (- 216) (* r00 r00 r00 s!1)) ?x1819 ?x3559 ?x1644 (* 108 (* s00 r00 s!1)) (* (- 108) (* x!0 s!1)) (* 54 (* r00 s!1)) ?x3576 ?x3577 (* 108 (* x00 s!1)))))
 (let (($x1319 (= ?x3703 0)))
 (let ((?x974 (* 36 ?x973)))
 (let ((?x2995 (* (- 6) ?x901)))
 (let ((?x779 (* 2 ?x778)))
 (let ((?x2270 (* 15 ?x677)))
 (let ((?x638 (* 54 ?x608)))
 (let ((?x1667 (+ ?x137 (* (- 24) ?x512) ?x638 ?x2270 ?x1384 ?x779 (* (- 3) ?x846) ?x2995 ?x974 (* (- 54) (* x!0 r!2)) (* 54 (* x00 r!2)) (* (- 36) (* r00 x!0 r!2)) (* (- 36) (* r00 r00 x!0)) (* (- 12) (* s00 s!1)) ?x1819 (* (- 24) ?x2924) (* 36 (* r00 x00 r!2)) (* 24 ?x3164) ?x1644 (* 2 (* s00 r00 s!1)) (* (- 6) (* x!0 s!1)) (* (- 2) (* s00 s!1 r!2)) (* 24 (* r00 s!1)) (* (- 4) (* r00 s!1 s!1)) (* (- 54) ?x4202) (* 6 ?x4208) (* 6 (* x00 s!1)) (* (- 2) (* s!1 s!1 r!2)) (* 4 (* s00 s00 r!2)))))
 (let (($x874 (= ?x1667 0)))
 (let ((?x2213 (* (- 6) ?x733)))
 (let ((?x678 (* 4 ?x677)))
 (let ((?x609 (* 18 ?x608)))
 (let ((?x1897 (+ ?x44 (* (- 9) ?x512) ?x609 ?x678 ?x2213 (* (- 2) ?x846) (* 6 (* s00 r00 r!2)) (* (- 18) (* x!0 r!2)) (* 18 (* x00 r!2)) (* (- 2) (* s00 s!1)) ?x1139 (* (- 9) ?x2924) (* 9 ?x3164) (* (- 6) (* r00 s!1 r!2)) (* 6 ?x3814) (* 9 (* r00 s!1)) (* (- 18) ?x4202))))
 (let (($x1898 (= ?x1897 0)))
 (let (($x885 (and $x3183 $x3186 $x1898 $x874 $x1319 $x1284)))
 (let ((?x4126 (+ ?x2951 ?x3607 ?x1842 ?x3686 ?x1913 ?x3298 ?x1705 ?x467 (* 396 (* r!2 s!1)) (* 1512 (* r!2 r00 r00)) (* 432 (* r!2 s!1 r00 r00)) (* (- 828) (* r!2 s00)) ?x1526 ?x2290 ?x605 ?x613 ?x404 (* (- 648) (* r!2 x!0)) (* 252 (* s!1 r00 r00)) ?x1331 (* (- 108) (* x!0 r00)) (* 108 (* x!0 s00)) ?x1384 (* 648 (* r!2 x00)) (* (- 648) (* s!1 r00 r00 r00)) (* (- 246) (* s!1 s00)) ?x1153 (* 162 (* s!1 r00)) (* 648 (* r!2 s00 r00)) (* 324 (* s!1 x00)) ?x881 (* 324 (* s!1 s00 r00)) ?x1251 (* (- 72) (* r!2 s!1 s!1)) (* (- 324) (* s!1 x!0)) ?x2252 ?x2097 ?x1039 (* (- 144) (* r!2 s!1 s00)) (* (- 12) (* s!1 s!1 s00)) ?x1184 (* 432 (* x!0 r00 r00 r00)) (* (- 216) (* x!0 s00 r00)) (* 36 (* s!1 s!1 r00 r00)) ?x1295 (* (- 216) (* x!0 x00)) ?x1457 (* 1296 (* r!2 r!2 r00 r00)) (* 324 (* r!2 r00)) (* (- 1296) (* r!2 r00 r00 r00)) ?x4197 (* (- 432) (* r!2 r!2 s!1)) (* (- 432) (* r!2 r!2 s00)))))
 (let ((?x2897 (+ (- 54) ?x1696 ?x1905 ?x1988 ?x2089 (* (- 144) (* r!2 s!1)) ?x1240 (* (- 24) (* r!2 s!1 s!1 x!0)) (* (- 144) (* r!2 s!1 x!0)) (* 60 (* r!2 s!1 s!1)) (* (- 36) (* s!1 x!0)) ?x3400 ?x3388 (* 90 (* r!2 r!2 x!0 x!0)) (* (- 12) (* r!2 r!2 s!1 s!1 x!0)) (* (- 72) (* r!2 r!2 r!2 s!1 x!0)) (* (- 12) (* s!1 s!1 x!0)) (* 72 (* r!2 x!0 x!0)) ?x1260 (* 36 (* r!2 r!2 r!2 x!0 x!0)) (* (- 180) (* r!2 r!2 s!1)) (* 36 (* r!2 r!2 r!2 s!1 s!1)) (* 12 (* r!2 s!1 s!1 s!1)) (* 6 (* r!2 r!2 s!1 s!1 s!1)) (* (- 180) (* r!2 r!2 s!1 x!0)) (* 6 (* s!1 x!0 x!0)) (* 12 (* r!2 s!1 x!0 x!0)) (* 6 (* r!2 r!2 s!1 x!0 x!0)) (* 84 (* r!2 r!2 s!1 s!1)) ?x2246 (* (- 72) (* r!2 r!2 r!2 s!1)))))
 (let ((?x1798 (* x!0 x00)))
 (let ((?x1800 (* 216 ?x1798)))
 (let ((?x1744 (* s!1 s!1 r00 r00)))
 (let ((?x1797 (* (- 36) ?x1744)))
 (let ((?x1786 (* x!0 s00 r00)))
 (let ((?x1787 (* 216 ?x1786)))
 (let ((?x1783 (* x!0 r00 r00 r00)))
 (let ((?x1784 (* (- 432) ?x1783)))
 (let ((?x3651 (* s!1 s!1 s00)))
 (let ((?x1775 (* 12 ?x3651)))
 (let ((?x1499 (* x!0 s00)))
 (let ((?x3563 (* (- 108) ?x1499)))
 (let ((?x3284 (* x!0 r00)))
 (let ((?x3562 (* 108 ?x3284)))
 (let ((?x3353 (+ ?x3149 ?x3167 ?x3168 ?x3826 ?x2142 ?x3827 ?x3170 ?x2152 (* (- 396) (* r!2 s!1)) (* (- 1512) (* r!2 r00 r00)) (* (- 432) (* r!2 s!1 r00 r00)) (* 828 (* r!2 s00)) ?x2170 ?x3833 ?x1471 ?x1472 ?x3158 (* 648 (* r!2 x!0)) (* (- 252) (* s!1 r00 r00)) ?x1475 ?x3562 ?x3563 ?x1096 (* (- 648) (* r!2 x00)) (* 648 (* s!1 r00 r00 r00)) (* 246 (* s!1 s00)) ?x1136 (* (- 162) (* s!1 r00)) (* (- 648) (* r!2 s00 r00)) (* (- 324) (* s!1 x00)) ?x866 (* (- 324) (* s!1 s00 r00)) ?x1239 (* 72 (* r!2 s!1 s!1)) (* 324 (* s!1 x!0)) ?x1058 ?x1769 ?x1009 (* 144 (* r!2 s!1 s00)) ?x1775 ?x1481 ?x1784 ?x1787 ?x1797 ?x1485 ?x1800 ?x1486 (* (- 1296) (* r!2 r!2 r00 r00)) (* (- 324) (* r!2 r00)) (* 1296 (* r!2 r00 r00 r00)) ?x4160 (* 432 (* r!2 r!2 s!1)) (* 432 (* r!2 r!2 s00)))))
 (let ((?x2768 (* 36 (* x!0 r00 r00))))
 (let ((?x2530 (* (- 36) (* r!2 r00 x00))))
 (let ((?x3747 (* r!2 s!1 s00)))
 (let ((?x3781 (* 2 ?x3747)))
 (let ((?x3743 (* (- 4) (* r!2 s00 s00))))
 (let ((?x2385 (* s!1 x!0)))
 (let ((?x2287 (* 6 ?x2385)))
 (let ((?x3401 (* r!2 s!1 s!1)))
 (let ((?x2003 (* 2 ?x3401)))
 (let ((?x3380 (* s!1 s00 r00)))
 (let ((?x3387 (* (- 2) ?x3380)))
 (let ((?x1513 (* s!1 x00)))
 (let ((?x1514 (* (- 6) ?x1513)))
 (let ((?x1682 (* 4 (* s!1 s!1 r00))))
 (let ((?x1508 (* (- 6) ?x1499)))
 (let ((?x1903 (* 36 (* r!2 x!0 r00))))
 (let ((?x3144 (+ ?x2391 ?x2395 ?x2397 ?x2268 ?x2966 ?x995 ?x2398 ?x3461 (* (- 42) (* r!2 s!1)) (* (- 216) (* r!2 r00 r00)) (* 114 (* r!2 s00)) ?x3469 ?x3471 ?x2726 (* 90 (* r!2 x!0)) (* 12 (* r!2 s!1 r00)) (* (- 72) (* s!1 r00 r00)) ?x1903 ?x1910 (* 90 ?x3284) ?x1508 ?x1096 (* (- 90) (* r!2 x00)) ?x1682 (* 20 (* s!1 s00)) ?x796 (* (- 90) (* s!1 r00)) (* (- 12) (* r!2 s00 r00)) ?x1514 ?x3387 ?x902 ?x2003 ?x2287 ?x3743 ?x986 ?x3781 ?x2530 ?x2768 ?x3138 (* 24 (* r!2 r!2 s!1)) (* 12 (* r!2 r!2 s00)) (* 144 (* r!2 r!2 r00)))))
 (let ((?x2122 (* r!2 s00 r00)))
 (let ((?x2789 (* (- 6) ?x2122)))
 (let ((?x1601 (* s!1 s00)))
 (let ((?x3725 (* 2 ?x1601)))
 (let ((?x3286 (* r!2 x00)))
 (let ((?x1185 (* (- 18) ?x3286)))
 (let ((?x3285 (* 18 ?x3284)))
 (let ((?x3280 (* s!1 r00 r00)))
 (let ((?x3282 (* (- 6) ?x3280)))
 (let ((?x2685 (* r!2 s!1 r00)))
 (let ((?x2694 (* 6 ?x2685)))
 (let ((?x4133 (* r!2 x!0)))
 (let ((?x4132 (* 18 ?x4133)))
 (let ((?x3599 (+ ?x3775 ?x3777 ?x3778 ?x2464 ?x2276 ?x2446 ?x2967 ?x2440 (* (- 3) (* r!2 s!1)) (* (- 36) (* r!2 r00 r00)) (* 21 (* r!2 s00)) ?x990 ?x622 ?x4065 ?x4132 ?x2694 ?x3282 ?x690 ?x3285 ?x734 ?x1185 ?x3725 (* (- 21) (* s!1 r00)) ?x2789 (* 36 (* r!2 r!2 r00)))))
 (let ((?x2294 (* r!2 s00)))
 (let ((?x2608 (* 4 ?x2294)))
 (let ((?x3730 (* r!2 r00 r00)))
 (let ((?x3734 (* (- 12) ?x3730)))
 (let ((?x3515 (* r!2 s!1)))
 (let ((?x3462 (* 2 ?x3515)))
 (let ((?x4188 (+ ?x3249 ?x2257 ?x3491 ?x2188 ?x586 ?x587 ?x4185 ?x2571 ?x3462 ?x3734 ?x2608 ?x590 ?x556)))
 (let (($x3198 (= (+ s!1 (* (- 1) s00) (* (- 3) ?x2907) (* 3 ?x385)) 0)))
 (let (($x4127 (or (not $x3198) (not (= ?x4188 0)) (not (= ?x3599 0)) (not (= ?x3144 0)) (not (= ?x3353 0)) (not (= (* ?x2897 ?x4126) 0)))))
 (let ((?x1901 (* (- 36) ?x3280)))
 (let ((?x614 (* 54 ?x512)))
 (let ((?x1083 (* (- 9) s00)))
 (let ((?x1844 (* 9 s!1)))
 (let ((?x1793 (+ ?x1844 ?x1083 ?x614 ?x1471 ?x1472 (* (- 15) ?x846) ?x1901 ?x1475 ?x3562 ?x3563 ?x1096 (* 216 (* s!1 r00 r00 r00)) (* 66 ?x1601) ?x1136 (* (- 54) (* s!1 r00)) (* (- 108) ?x1513) ?x866 (* (- 108) ?x3380) ?x1239 (* 108 ?x2385) ?x1058 ?x1769 ?x1009 ?x1775 ?x1481 ?x1784 ?x1787 ?x1797 ?x1485 ?x1800 ?x1486)))
 (let ((?x1012 (* (- 15) ?x677)))
 (let ((?x645 (* (- 54) ?x608)))
 (let ((?x660 (* 24 ?x512)))
 (let ((?x647 (+ ?x1844 ?x1083 (* (- 24) ?x3515) (* 24 ?x2294) ?x660 ?x645 (* 3 ?x846) (* 54 ?x4133) ?x1901 ?x1903 ?x1012 (* 54 ?x3284) ?x1508 ?x1096 (* (- 54) ?x3286) ?x1682 (* 12 ?x1601) ?x796 (* (- 24) (* s!1 r00)) ?x1514 ?x3387 ?x902 ?x2003 ?x2287 ?x3743 ?x986 ?x3781 ?x2530 ?x2768)))
 (let ((?x627 (* 9 ?x512)))
 (let ((?x464 (* (- 3) s00)))
 (let ((?x2300 (+ (* 3 s!1) ?x464 (* (- 9) ?x3515) (* 9 ?x2294) ?x627 ?x622 ?x4065 ?x4132 ?x2694 ?x3282 ?x690 ?x3285 ?x734 ?x1185 ?x3725 (* (- 9) (* s!1 r00)) ?x2789)))
 (let (($x783 (= (+ ?x3249 ?x1139 ?x3491 ?x44 ?x586 ?x587 ?x3462 ?x3734 ?x2608 ?x590 ?x556) 0)))
 (let (($x4167 (and $x3198 $x783 (= ?x2300 0) (= ?x647 0) (= ?x1793 0) $x4127)))
 (let (($x473 (exists ((r Int) (s Int) (x Int) )(! (let ((?x3213 (* r r s00)))
 (let ((?x3214 (* (- 432) ?x3213)))
 (let ((?x2902 (* r r s)))
 (let ((?x3068 (* (- 432) ?x2902)))
 (let ((?x2887 (* r r r)))
 (let ((?x2893 (* (- 864) ?x2887)))
 (let ((?x2299 (* r r00 r00 r00)))
 (let ((?x2303 (* (- 1296) ?x2299)))
 (let ((?x1456 (* x00 x00)))
 (let ((?x1457 (* 108 ?x1456)))
 (let ((?x1430 (* x x00)))
 (let ((?x1443 (* (- 216) ?x1430)))
 (let ((?x1294 (* s00 s00 s00)))
 (let ((?x1295 (* 16 ?x1294)))
 (let ((?x1264 (* x s00 r00)))
 (let ((?x1277 (* (- 216) ?x1264)))
 (let ((?x1182 (* s00 r00 r00 r00)))
 (let ((?x1184 (* 216 ?x1182)))
 (let ((?x1066 (* s s s00)))
 (let ((?x1082 (* (- 12) ?x1066)))
 (let ((?x1025 (* r s s00)))
 (let ((?x3233 (* (- 144) ?x1025)))
 (let ((?x1008 (* r00 r00 r00 x00)))
 (let ((?x1039 (* (- 432) ?x1008)))
 (let ((?x978 (* x x)))
 (let ((?x979 (* 108 ?x978)))
 (let ((?x915 (* s s s)))
 (let ((?x933 (* (- 4) ?x915)))
 (let ((?x905 (* r s s)))
 (let ((?x3069 (* (- 72) ?x905)))
 (let ((?x901 (* s00 x00)))
 (let ((?x1251 (* (- 108) ?x901)))
 (let ((?x865 (* s00 s00 r00 r00)))
 (let ((?x881 (* (- 36) ?x865)))
 (let ((?x824 (* s x00)))
 (let ((?x3804 (* 324 ?x824)))
 (let ((?x778 (* s00 s00 r00)))
 (let ((?x1153 (* (- 108) ?x778)))
 (let ((?x733 (* s00 r00 r00)))
 (let ((?x1384 (* (- 36) ?x733)))
 (let ((?x703 (* x r00)))
 (let ((?x1354 (* (- 108) ?x703)))
 (let ((?x677 (* s00 s00)))
 (let ((?x1331 (* 51 ?x677)))
 (let ((?x635 (* r x)))
 (let ((?x3585 (* (- 648) ?x635)))
 (let ((?x608 (* r00 x00)))
 (let ((?x613 (* 108 ?x608)))
 (let ((?x604 (* s00 r00 x00)))
 (let ((?x605 (* 216 ?x604)))
 (let ((?x555 (* r00 r00 r00)))
 (let ((?x2290 (* (- 648) ?x555)))
 (let ((?x512 (* s00 r00)))
 (let ((?x1526 (* 270 ?x512)))
 (let ((?x485 (* r s00)))
 (let ((?x3393 (* (- 828) ?x485)))
 (let ((?x385 (* r00 r00)))
 (let ((?x467 (* 432 ?x385)))
 (let ((?x3298 (* 324 x00)))
 (let ((?x1913 (* 162 r00)))
 (let ((?x3686 (* (- 297) s00)))
 (let ((?x3575 (* (- 324) x)))
 (let ((?x472 (+ (* (- 162) r) (* 297 s) ?x3575 ?x3686 ?x1913 ?x3298 (* (- 756) (* r r)) ?x467 (* 396 (* r s)) (* 1512 (* r r00 r00)) (* 432 (* r s r00 r00)) ?x3393 ?x1526 ?x2290 ?x605 ?x613 (* 195 (* s s)) ?x3585 (* 252 (* s r00 r00)) ?x1331 ?x1354 (* 108 (* x s00)) ?x1384 (* 648 (* r x00)) (* (- 648) (* s r00 r00 r00)) (* (- 246) (* s s00)) ?x1153 (* 162 (* s r00)) (* 648 (* r s00 r00)) ?x3804 ?x881 (* 324 (* s s00 r00)) ?x1251 ?x3069 (* (- 324) (* s x)) ?x933 ?x979 ?x1039 ?x3233 ?x1082 ?x1184 (* 432 (* x r00 r00 r00)) ?x1277 (* 36 (* s s r00 r00)) ?x1295 ?x1443 ?x1457 (* 1296 (* r r r00 r00)) (* 324 (* r r00)) ?x2303 ?x2893 ?x3068 ?x3214)))
 (let ((?x4284 (* (- 72) (* r r r s))))
 (let ((?x4244 (* (- 216) (* r r r r))))
 (let ((?x3996 (* 6 (* r r s x x))))
 (let ((?x3990 (* 6 (* s x x))))
 (let ((?x4283 (* (- 180) ?x2902)))
 (let ((?x4281 (* (- 648) ?x2887)))
 (let ((?x4016 (* 18 ?x978)))
 (let ((?x909 (* s x)))
 (let ((?x4022 (* (- 36) ?x909)))
 (let ((?x631 (* s s)))
 (let ((?x2683 (* 12 ?x631)))
 (let ((?x429 (* r s)))
 (let ((?x2800 (* (- 144) ?x429)))
 (let ((?x373 (* r r)))
 (let ((?x4280 (* (- 702) ?x373)))
 (let ((?x3884 (* (- 1) x)))
 (let ((?x4296 (* (- 35) s)))
 (let ((?x4277 (* (- 324) r)))
 (let ((?x2646 (+ (- 54) ?x4277 ?x4296 ?x3884 ?x4280 ?x2800 ?x2683 (* (- 24) (* r s s x)) (* (- 144) (* r s x)) (* 60 ?x905) ?x4022 (* 6 ?x915) ?x4016 (* 90 (* r r x x)) (* (- 12) (* r r s s x)) (* (- 72) (* r r r s x)) (* (- 12) (* s s x)) (* 72 (* r x x)) ?x4281 (* 36 (* r r r x x)) ?x4283 (* 36 (* r r r s s)) (* 12 (* r s s s)) (* 6 (* r r s s s)) (* (- 180) (* r r s x)) ?x3990 (* 12 (* r s x x)) ?x3996 (* 84 (* r r s s)) ?x4244 ?x4284)))
 (let ((?x3867 (* 432 ?x3213)))
 (let ((?x3863 (* 432 ?x2902)))
 (let ((?x3862 (* 864 ?x2887)))
 (let ((?x3856 (* 1296 ?x2299)))
 (let ((?x1486 (* (- 108) ?x1456)))
 (let ((?x1431 (* 216 ?x1430)))
 (let ((?x1485 (* (- 16) ?x1294)))
 (let ((?x1290 (* s s r00 r00)))
 (let ((?x1483 (* (- 36) ?x1290)))
 (let ((?x1265 (* 216 ?x1264)))
 (let ((?x1190 (* x r00 r00 r00)))
 (let ((?x1482 (* (- 432) ?x1190)))
 (let ((?x1481 (* (- 216) ?x1182)))
 (let ((?x1067 (* 12 ?x1066)))
 (let ((?x3843 (* 144 ?x1025)))
 (let ((?x1009 (* 432 ?x1008)))
 (let ((?x1480 (* (- 108) ?x978)))
 (let ((?x917 (* 4 ?x915)))
 (let ((?x3842 (* 72 ?x905)))
 (let ((?x1239 (* 108 ?x901)))
 (let ((?x866 (* 36 ?x865)))
 (let ((?x3840 (* (- 324) ?x824)))
 (let ((?x1136 (* 108 ?x778)))
 (let ((?x1096 (* 36 ?x733)))
 (let ((?x707 (* x s00)))
 (let ((?x1476 (* (- 108) ?x707)))
 (let ((?x1342 (* 108 ?x703)))
 (let ((?x1475 (* (- 51) ?x677)))
 (let ((?x3836 (* 648 ?x635)))
 (let ((?x1472 (* (- 108) ?x608)))
 (let ((?x1471 (* (- 216) ?x604)))
 (let ((?x3833 (* 648 ?x555)))
 (let ((?x2170 (* (- 270) ?x512)))
 (let ((?x3832 (* 828 ?x485)))
 (let ((?x2152 (* (- 432) ?x385)))
 (let ((?x3827 (* (- 324) x00)))
 (let ((?x2142 (* (- 162) r00)))
 (let ((?x3826 (* 297 s00)))
 (let ((?x3542 (* 324 x)))
 (let ((?x2192 (+ (* 162 r) (* (- 297) s) ?x3542 ?x3826 ?x2142 ?x3827 (* 756 ?x373) ?x2152 (* (- 396) ?x429) (* (- 1512) (* r r00 r00)) (* (- 432) (* r s r00 r00)) ?x3832 ?x2170 ?x3833 ?x1471 ?x1472 (* (- 195) ?x631) ?x3836 (* (- 252) (* s r00 r00)) ?x1475 ?x1342 ?x1476 ?x1096 (* (- 648) (* r x00)) (* 648 (* s r00 r00 r00)) (* 246 (* s s00)) ?x1136 (* (- 162) (* s r00)) (* (- 648) (* r s00 r00)) ?x3840 ?x866 (* (- 324) (* s s00 r00)) ?x1239 ?x3842 (* 324 ?x909) ?x917 ?x1480 ?x1009 ?x3843 ?x1067 ?x1481 ?x1482 ?x1265 ?x1483 ?x1485 ?x1431 ?x1486 (* (- 1296) (* r r r00 r00)) (* (- 324) (* r r00)) ?x3856 ?x3862 ?x3863 ?x3867)))
 (let ((?x1169 (* 36 (* x r00 r00))))
 (let ((?x1037 (* r r00 x00)))
 (let ((?x1050 (* (- 36) ?x1037)))
 (let ((?x1026 (* 2 ?x1025)))
 (let ((?x973 (* r00 r00 x00)))
 (let ((?x986 (* (- 36) ?x973)))
 (let ((?x921 (* r s00 s00)))
 (let ((?x934 (* (- 4) ?x921)))
 (let ((?x910 (* 6 ?x909)))
 (let ((?x906 (* 2 ?x905)))
 (let ((?x902 (* 6 ?x901)))
 (let ((?x875 (* s s00 r00)))
 (let ((?x888 (* (- 2) ?x875)))
 (let ((?x851 (* (- 6) ?x824)))
 (let ((?x796 (* (- 2) ?x778)))
 (let ((?x751 (* 4 (* s s r00))))
 (let ((?x722 (* (- 6) ?x707)))
 (let ((?x1910 (* (- 19) ?x677)))
 (let ((?x655 (* 36 (* r x r00))))
 (let ((?x3471 (* (- 90) ?x608)))
 (let ((?x3469 (* 18 ?x512)))
 (let ((?x3461 (* (- 108) ?x385)))
 (let ((?x995 (* (- 72) x00)))
 (let ((?x2966 (* (- 36) r00)))
 (let ((?x2268 (* 57 s00)))
 (let ((?x4004 (+ (* 36 r) (* (- 57) s) (* 72 x) ?x2268 ?x2966 ?x995 (* 108 ?x373) ?x3461 (* (- 42) ?x429) (* (- 216) (* r r00 r00)) (* 114 ?x485) ?x3469 ?x3471 (* (- 1) ?x631) (* 90 ?x635) (* 12 (* r s r00)) (* (- 72) (* s r00 r00)) ?x655 ?x1910 (* 90 ?x703) ?x722 ?x1096 (* (- 90) (* r x00)) ?x751 (* 20 (* s s00)) ?x796 (* (- 90) (* s r00)) (* (- 12) (* r s00 r00)) ?x851 ?x888 ?x902 ?x906 ?x910 ?x934 ?x986 ?x1026 ?x1050 ?x1169 (* 72 ?x2887) (* 24 ?x2902) (* 12 ?x3213) (* 144 (* r r r00)))))
 (let ((?x812 (* r s00 r00)))
 (let ((?x825 (* (- 6) ?x812)))
 (let ((?x774 (* s s00)))
 (let ((?x775 (* 2 ?x774)))
 (let ((?x745 (* r x00)))
 (let ((?x758 (* (- 18) ?x745)))
 (let ((?x734 (* 6 ?x733)))
 (let ((?x704 (* 18 ?x703)))
 (let ((?x690 (* (- 4) ?x677)))
 (let ((?x651 (* s r00 r00)))
 (let ((?x664 (* (- 6) ?x651)))
 (let ((?x639 (* r s r00)))
 (let ((?x640 (* 6 ?x639)))
 (let ((?x636 (* 18 ?x635)))
 (let ((?x632 (* 2 ?x631)))
 (let ((?x622 (* (- 18) ?x608)))
 (let ((?x990 (* 3 ?x512)))
 (let ((?x2440 (* (- 18) ?x385)))
 (let ((?x2446 (* (- 18) x00)))
 (let ((?x2276 (* (- 9) r00)))
 (let ((?x2464 (* 12 s00)))
 (let ((?x1098 (+ (* 9 r) (* (- 12) s) (* 18 x) ?x2464 ?x2276 ?x2446 (* 18 ?x373) ?x2440 (* (- 3) ?x429) (* (- 36) (* r r00 r00)) (* 21 ?x485) ?x990 ?x622 ?x632 ?x636 ?x640 ?x664 ?x690 ?x704 ?x734 ?x758 ?x775 (* (- 21) (* s r00)) ?x825 (* 36 (* r r r00)))))
 (let ((?x556 (* 12 ?x555)))
 (let ((?x590 (* (- 6) ?x512)))
 (let ((?x486 (* 4 ?x485)))
 (let ((?x435 (* r r00 r00)))
 (let ((?x589 (* (- 12) ?x435)))
 (let ((?x588 (* 2 ?x429)))
 (let ((?x2571 (* (- 12) ?x385)))
 (let ((?x587 (* (- 6) x00)))
 (let ((?x586 (* (- 3) r00)))
 (let ((?x2188 (* 7 s00)))
 (let ((?x56 (* 6 x)))
 (let ((?x43 (* 3 r)))
 (let ((?x2163 (+ ?x43 (* (- 7) s) ?x56 ?x2188 ?x586 ?x587 (* 12 ?x373) ?x2571 ?x588 ?x589 ?x486 ?x590 ?x556)))
 (let (($x418 (= (+ s (* (- 1) s00) (* (- 3) ?x373) (* 3 ?x385)) 0)))
 (let (($x2618 (or (not $x418) (not (= ?x2163 0)) (not (= ?x1098 0)) (not (= ?x4004 0)) (not (= ?x2192 0)) (not (= (* ?x2646 ?x472) 0)))))
 (let ((?x1306 (* 108 ?x909)))
 (let ((?x756 (* s r00 r00 r00)))
 (let ((?x757 (* 216 ?x756)))
 (let ((?x960 (* (- 36) ?x651)))
 (let ((?x614 (* 54 ?x512)))
 (let ((?x1083 (* (- 9) s00)))
 (let ((?x143 (* 9 s)))
 (let ((?x1487 (+ ?x143 ?x1083 ?x614 ?x1471 ?x1472 (* (- 15) ?x631) ?x960 ?x1475 ?x1342 ?x1476 ?x1096 ?x757 (* 66 ?x774) ?x1136 (* (- 54) (* s r00)) (* (- 108) ?x824) ?x866 (* (- 108) ?x875) ?x1239 ?x1306 ?x917 ?x1480 ?x1009 ?x1067 ?x1481 ?x1482 ?x1265 ?x1483 ?x1485 ?x1431 ?x1486)))
 (let (($x1488 (= ?x1487 0)))
 (let ((?x1012 (* (- 15) ?x677)))
 (let ((?x663 (* 3 ?x631)))
 (let ((?x645 (* (- 54) ?x608)))
 (let ((?x660 (* 24 ?x512)))
 (let ((?x1175 (+ ?x143 ?x1083 (* (- 24) ?x429) (* 24 ?x485) ?x660 ?x645 ?x663 (* 54 ?x635) ?x960 ?x655 ?x1012 (* 54 ?x703) ?x722 ?x1096 (* (- 54) ?x745) ?x751 (* 12 ?x774) ?x796 (* (- 24) (* s r00)) ?x851 ?x888 ?x902 ?x906 ?x910 ?x934 ?x986 ?x1026 ?x1050 ?x1169)))
 (let (($x1180 (= ?x1175 0)))
 (let ((?x627 (* 9 ?x512)))
 (let ((?x464 (* (- 3) s00)))
 (let ((?x47 (* 3 s)))
 (let ((?x831 (+ ?x47 ?x464 (* (- 9) ?x429) (* 9 ?x485) ?x627 ?x622 ?x632 ?x636 ?x640 ?x664 ?x690 ?x704 ?x734 ?x758 ?x775 (* (- 9) (* s r00)) ?x825)))
 (let (($x838 (= ?x831 0)))
 (let ((?x44 (* 3 s00)))
 (let ((?x585 (* (- 3) s)))
 (let (($x592 (= (+ ?x43 ?x585 ?x56 ?x44 ?x586 ?x587 ?x588 ?x589 ?x486 ?x590 ?x556) 0)))
 (and $x418 $x592 $x838 $x1180 $x1488 $x2618))))))))))))))))))))))))))))))))))))))))))))))))))))))))))))))))))))))))))))))))))))))))))))))))))))))))))))))))))))))))))))))))))))))))))))))))))))))))))))))))))))))))))))))))))))))))))))))))))))))))))))))))) :qid k!40))
 ))
 (let (($x3487 (exists ((r Int) (s Int) (x Int) )(! (let ((?x1456 (* x00 x00)))
 (let ((?x1457 (* 108 ?x1456)))
 (let ((?x4084 (* (- 216) (* x00 (+ x (* (- 1) s))))))
 (let ((?x211 (* 6 r)))
 (let ((?x2772 (+ 3 s ?x211)))
 (let ((?x3558 (* r00 ?x2772)))
 (let ((?x4245 (* 54 ?x3558)))
 (let ((?x4061 (* (- 54) r)))
 (let ((?x3299 (* (- 9) s)))
 (let ((?x3071 (* r00 r00 s00)))
 (let ((?x3277 (* (- 36) ?x3071)))
 (let ((?x137 (* 9 s00)))
 (let ((?x364 (* (- 1) s)))
 (let ((?x3265 (+ x ?x364)))
 (let ((?x3412 (* r00 ?x3265)))
 (let ((?x4205 (* (- 108) ?x3412)))
 (let ((?x677 (* s00 s00)))
 (let ((?x1331 (* 51 ?x677)))
 (let ((?x3269 (* r00 r00 ?x2772)))
 (let ((?x3711 (* 36 ?x3269)))
 (let ((?x3665 (* ?x3265 ?x2772)))
 (let ((?x4053 (* (- 108) ?x3665)))
 (let ((?x1294 (* s00 s00 s00)))
 (let ((?x1295 (* 16 ?x1294)))
 (let ((?x1946 (* 36 (* r00 r00 ?x2772 ?x2772))))
 (let ((?x2253 (* (- 216) (* r00 s00 ?x3265))))
 (let ((?x901 (* s00 x00)))
 (let ((?x1251 (* (- 108) ?x901)))
 (let ((?x3619 (* r00 s00 ?x2772)))
 (let ((?x2553 (* 108 ?x3619)))
 (let ((?x3540 (* s00 ?x2772)))
 (let ((?x1978 (* (- 66) ?x3540)))
 (let ((?x3813 (* 432 (* r00 r00 r00 ?x3265))))
 (let ((?x3543 (* x00 ?x2772)))
 (let ((?x3805 (* 108 ?x3543)))
 (let ((?x2711 (* 216 (* r00 r00 r00 s00))))
 (let ((?x1952 (* r00 s00 s00)))
 (let ((?x2672 (* (- 108) ?x1952)))
 (let ((?x3372 (* s00 ?x3265)))
 (let ((?x3707 (* 108 ?x3372)))
 (let ((?x3678 (* (- 12) (* s00 ?x2772 ?x2772))))
 (let ((?x1008 (* r00 r00 r00 x00)))
 (let ((?x1039 (* (- 432) ?x1008)))
 (let ((?x3588 (* 108 (* ?x3265 ?x3265))))
 (let ((?x3536 (* (- 4) (* ?x2772 ?x2772 ?x2772))))
 (let ((?x3601 (* (- 36) (* r00 r00 s00 s00))))
 (let ((?x1137 (* (- 216) (* r00 r00 r00 ?x2772))))
 (let ((?x3101 (* ?x2772 ?x2772)))
 (let ((?x633 (* 15 ?x3101)))
 (let ((?x2815 (* r00 s00)))
 (let ((?x2866 (* (- 54) ?x2815)))
 (let ((?x608 (* r00 x00)))
 (let ((?x613 (* 108 ?x608)))
 (let ((?x3127 (* 216 (* r00 s00 x00))))
 (let ((?x4161 (+ (- 27) ?x3127 ?x613 ?x2866 ?x633 ?x1137 ?x3601 ?x3536 ?x3588 ?x1039 ?x3678 ?x3707 ?x2672 ?x2711 ?x3805 ?x3813 ?x1978 ?x2553 ?x1251 ?x2253 ?x1946 ?x1295 ?x4053 ?x3711 ?x1331 ?x4205 ?x137 ?x3277 ?x3299 ?x4061 ?x4245 ?x4084 ?x1457)))
 (let ((?x3884 (* (- 1) x)))
 (let ((?x1500 (+ ?x3884 s (* 6 (* (+ 1 r) (+ 1 r) ?x3265 ?x3265 ?x2772)) (* (- 6) (* (+ 1 r) (+ 1 r) ?x2772 ?x2772)))))
 (let (($x4275 (not (= (* ?x1500 ?x4161) 0))))
 (let ((?x4286 (+ ?x3127 ?x613 ?x2866 ?x633 ?x1137 ?x3601 ?x3536 ?x3588 ?x1039 ?x3678 ?x3707 ?x2672 ?x2711 ?x3805 ?x3813 ?x1978 ?x2553 ?x1251 ?x2253 ?x1946 ?x1295 ?x4053 ?x3711 ?x1331 ?x4205 ?x137 ?x3277 ?x3299 ?x4061 ?x4245 ?x4084 ?x1457)))
 (let (($x4002 (not (= ?x4286 27))))
 (let ((?x2270 (* 15 ?x677)))
 (let ((?x973 (* r00 r00 x00)))
 (let ((?x974 (* 36 ?x973)))
 (let ((?x2995 (* (- 6) ?x901)))
 (let ((?x3533 (* 2 ?x1952)))
 (let ((?x2819 (* (- 24) ?x2815)))
 (let ((?x638 (* 54 ?x608)))
 (let ((?x1138 (+ (* 24 (* (+ 1 r) ?x2772)) ?x638 (* (- 36) (* r00 (+ 1 r) ?x3265)) ?x2819 (* (- 3) ?x3101) (* (- 54) (* (+ 1 r) ?x3265)) (* 6 ?x3372) (* (- 4) (* r00 ?x2772 ?x2772)) ?x3533 (* 6 ?x3543) (* (- 12) ?x3540) (* 2 ?x3619) ?x2995 (* (- 2) (* (+ 1 r) ?x2772 ?x2772)) (* (- 6) ?x3665) (* 4 (* s00 s00 (+ 1 r))) ?x3711 ?x974 ?x2270 (* (- 2) (* s00 (+ 1 r) ?x2772)) (* 36 (* r00 x00 (+ 1 r))) (* (- 54) ?x3412) ?x137 ?x3277 (* 54 (* x00 (+ 1 r))) ?x3299 ?x4061 (* (- 24) (* s00 (+ 1 r))) (* 24 ?x3558) (* (- 36) (* r00 r00 ?x3265)))))
 (let ((?x585 (* (- 3) s)))
 (let ((?x1965 (* (- 6) ?x3071)))
 (let ((?x44 (* 3 s00)))
 (let ((?x678 (* 4 ?x677)))
 (let ((?x687 (* (- 9) ?x2815)))
 (let ((?x609 (* 18 ?x608)))
 (let ((?x1406 (+ (* 9 (* (+ 1 r) ?x2772)) ?x609 ?x687 (* (- 2) ?x3101) (* (- 18) (* (+ 1 r) ?x3265)) (* (- 6) (* r00 (+ 1 r) ?x2772)) (* 6 ?x3269) ?x678 (* (- 18) ?x3412) ?x44 ?x1965 (* 18 (* x00 (+ 1 r))) ?x585 (* (- 18) r) (* (- 9) (* s00 (+ 1 r))) (* (- 2) ?x3540) (* 9 ?x3558) (* 6 (* r00 s00 (+ 1 r))))))
 (let ((?x555 (* r00 r00 r00)))
 (let ((?x556 (* 12 ?x555)))
 (let ((?x587 (* (- 6) x00)))
 (let ((?x56 (* 6 x)))
 (let ((?x4048 (* (- 6) ?x2815)))
 (let ((?x586 (* (- 3) r00)))
 (let ((?x3455 (+ (* 2 (* (+ 1 r) ?x2772)) (* (- 12) (* r00 r00 (+ 1 r))) (* (- 15) r) ?x44 ?x3299 ?x586 (* 4 (* s00 (+ 1 r))) ?x4048 ?x56 ?x587 ?x556)))
 (let ((?x385 (* r00 r00)))
 (let ((?x1873 (* (- 3) ?x385)))
 (let ((?x2485 (+ s00 ?x364 (* (- 6) r) (* 3 (* (+ 1 r) (+ 1 r))) ?x1873)))
 (let (($x2598 (not (= ?x2485 3))))
 (let (($x2408 (or $x2598 (not (= ?x3455 6)) (not (= ?x1406 9)) (not (= ?x1138 27)) $x4002 $x4275)))
 (let ((?x1847 (* r00 s)))
 (let ((?x3746 (* 54 ?x1847)))
 (let ((?x1874 (* r00 r00 s)))
 (let ((?x2590 (* 36 ?x1874)))
 (let ((?x3510 (* r00 r00 s s)))
 (let ((?x3511 (* 36 ?x3510)))
 (let ((?x3316 (* r00 r00 r00 x)))
 (let ((?x3317 (* 432 ?x3316)))
 (let ((?x2080 (* s00 x)))
 (let ((?x3255 (* 108 ?x2080)))
 (let ((?x978 (* x x)))
 (let ((?x979 (* 108 ?x978)))
 (let ((?x915 (* s s s)))
 (let ((?x933 (* (- 4) ?x915)))
 (let ((?x3357 (+ ?x3127 ?x613 ?x2866 (* 15 (* s s)) (* (- 216) (* r00 r00 r00 s)) ?x3601 ?x933 ?x979 ?x1039 (* (- 12) (* s00 s s)) ?x3255 ?x2672 ?x2711 (* 108 (* x00 s)) ?x3317 (* (- 66) (* s00 s)) (* 108 (* r00 s00 s)) ?x1251 (* (- 216) (* r00 s00 x)) ?x3511 ?x1295 (* (- 108) (* x s)) ?x2590 ?x1331 (* (- 108) (* r00 x)) ?x137 ?x3277 ?x3299 ?x3746 (* (- 216) (* x00 x)) ?x1457)))
 (let (($x3362 (= ?x3357 0)))
 (let ((?x2956 (* r00 r00 x)))
 (let ((?x3038 (* (- 36) ?x2956)))
 (let ((?x2283 (* r00 s s)))
 (let ((?x3023 (* (- 4) ?x2283)))
 (let ((?x3361 (+ (* 24 (* s r)) ?x638 (* (- 36) (* r00 x r)) ?x2819 (* (- 3) (* s s)) (* (- 54) (* x r)) (* 6 ?x2080) ?x3023 ?x3533 (* 6 (* x00 s)) (* (- 12) (* s00 s)) (* 2 (* r00 s00 s)) ?x2995 (* (- 2) (* s s r)) (* (- 6) (* x s)) (* 4 (* s00 s00 r)) ?x2590 ?x974 ?x2270 (* (- 2) (* s00 s r)) (* 36 (* r00 x00 r)) (* (- 54) (* r00 x)) ?x137 ?x3277 (* 54 (* x00 r)) ?x3299 (* (- 24) (* s00 r)) (* 24 ?x1847) ?x3038)))
 (let ((?x1945 (* r00 x)))
 (let ((?x2230 (* (- 18) ?x1945)))
 (let ((?x631 (* s s)))
 (let ((?x2211 (* (- 2) ?x631)))
 (let ((?x2460 (+ (* 9 (* s r)) ?x609 ?x687 ?x2211 (* (- 18) (* x r)) (* (- 6) (* r00 s r)) (* 6 ?x1874) ?x678 ?x2230 ?x44 ?x1965 (* 18 (* x00 r)) ?x585 (* (- 9) (* s00 r)) (* (- 2) (* s00 s)) (* 9 ?x1847) (* 6 (* r00 s00 r)))))
 (let ((?x43 (* 3 r)))
 (let ((?x3530 (+ (* 2 (* s r)) (* (- 12) (* r00 r00 r)) ?x43 ?x44 ?x585 ?x586 (* 4 (* s00 r)) ?x4048 ?x56 ?x587 ?x556)))
 (let (($x1918 (= (+ s00 ?x364 (* 3 (* r r)) ?x1873) 0)))
 (and $x1918 (= ?x3530 0) (= ?x2460 0) (= ?x3361 0) $x3362 $x2408))))))))))))))))))))))))))))))))))))))))))))))))))))))))))))))))))))))))))))))))))))))))))))))))))))))))))))))))))))) :qid k!40))
 ))
 (let ((?x2773 (lambda ((r Int) (s Int) (x Int) )(let ((?x3213 (* r r s00)))
 (let ((?x3214 (* (- 432) ?x3213)))
 (let ((?x2902 (* r r s)))
 (let ((?x3068 (* (- 432) ?x2902)))
 (let ((?x2887 (* r r r)))
 (let ((?x2893 (* (- 864) ?x2887)))
 (let ((?x2299 (* r r00 r00 r00)))
 (let ((?x2303 (* (- 1296) ?x2299)))
 (let ((?x1456 (* x00 x00)))
 (let ((?x1457 (* 108 ?x1456)))
 (let ((?x1430 (* x x00)))
 (let ((?x1443 (* (- 216) ?x1430)))
 (let ((?x1294 (* s00 s00 s00)))
 (let ((?x1295 (* 16 ?x1294)))
 (let ((?x1264 (* x s00 r00)))
 (let ((?x1277 (* (- 216) ?x1264)))
 (let ((?x1182 (* s00 r00 r00 r00)))
 (let ((?x1184 (* 216 ?x1182)))
 (let ((?x1066 (* s s s00)))
 (let ((?x1082 (* (- 12) ?x1066)))
 (let ((?x1025 (* r s s00)))
 (let ((?x3233 (* (- 144) ?x1025)))
 (let ((?x1008 (* r00 r00 r00 x00)))
 (let ((?x1039 (* (- 432) ?x1008)))
 (let ((?x978 (* x x)))
 (let ((?x979 (* 108 ?x978)))
 (let ((?x915 (* s s s)))
 (let ((?x933 (* (- 4) ?x915)))
 (let ((?x905 (* r s s)))
 (let ((?x3069 (* (- 72) ?x905)))
 (let ((?x901 (* s00 x00)))
 (let ((?x1251 (* (- 108) ?x901)))
 (let ((?x865 (* s00 s00 r00 r00)))
 (let ((?x881 (* (- 36) ?x865)))
 (let ((?x824 (* s x00)))
 (let ((?x3804 (* 324 ?x824)))
 (let ((?x778 (* s00 s00 r00)))
 (let ((?x1153 (* (- 108) ?x778)))
 (let ((?x733 (* s00 r00 r00)))
 (let ((?x1384 (* (- 36) ?x733)))
 (let ((?x703 (* x r00)))
 (let ((?x1354 (* (- 108) ?x703)))
 (let ((?x677 (* s00 s00)))
 (let ((?x1331 (* 51 ?x677)))
 (let ((?x635 (* r x)))
 (let ((?x3585 (* (- 648) ?x635)))
 (let ((?x608 (* r00 x00)))
 (let ((?x613 (* 108 ?x608)))
 (let ((?x604 (* s00 r00 x00)))
 (let ((?x605 (* 216 ?x604)))
 (let ((?x555 (* r00 r00 r00)))
 (let ((?x2290 (* (- 648) ?x555)))
 (let ((?x512 (* s00 r00)))
 (let ((?x1526 (* 270 ?x512)))
 (let ((?x485 (* r s00)))
 (let ((?x3393 (* (- 828) ?x485)))
 (let ((?x385 (* r00 r00)))
 (let ((?x467 (* 432 ?x385)))
 (let ((?x3298 (* 324 x00)))
 (let ((?x1913 (* 162 r00)))
 (let ((?x3686 (* (- 297) s00)))
 (let ((?x3575 (* (- 324) x)))
 (let ((?x472 (+ (* (- 162) r) (* 297 s) ?x3575 ?x3686 ?x1913 ?x3298 (* (- 756) (* r r)) ?x467 (* 396 (* r s)) (* 1512 (* r r00 r00)) (* 432 (* r s r00 r00)) ?x3393 ?x1526 ?x2290 ?x605 ?x613 (* 195 (* s s)) ?x3585 (* 252 (* s r00 r00)) ?x1331 ?x1354 (* 108 (* x s00)) ?x1384 (* 648 (* r x00)) (* (- 648) (* s r00 r00 r00)) (* (- 246) (* s s00)) ?x1153 (* 162 (* s r00)) (* 648 (* r s00 r00)) ?x3804 ?x881 (* 324 (* s s00 r00)) ?x1251 ?x3069 (* (- 324) (* s x)) ?x933 ?x979 ?x1039 ?x3233 ?x1082 ?x1184 (* 432 (* x r00 r00 r00)) ?x1277 (* 36 (* s s r00 r00)) ?x1295 ?x1443 ?x1457 (* 1296 (* r r r00 r00)) (* 324 (* r r00)) ?x2303 ?x2893 ?x3068 ?x3214)))
 (let ((?x4284 (* (- 72) (* r r r s))))
 (let ((?x4244 (* (- 216) (* r r r r))))
 (let ((?x3996 (* 6 (* r r s x x))))
 (let ((?x3990 (* 6 (* s x x))))
 (let ((?x4283 (* (- 180) ?x2902)))
 (let ((?x4281 (* (- 648) ?x2887)))
 (let ((?x4016 (* 18 ?x978)))
 (let ((?x909 (* s x)))
 (let ((?x4022 (* (- 36) ?x909)))
 (let ((?x631 (* s s)))
 (let ((?x2683 (* 12 ?x631)))
 (let ((?x429 (* r s)))
 (let ((?x2800 (* (- 144) ?x429)))
 (let ((?x373 (* r r)))
 (let ((?x4280 (* (- 702) ?x373)))
 (let ((?x3884 (* (- 1) x)))
 (let ((?x4296 (* (- 35) s)))
 (let ((?x4277 (* (- 324) r)))
 (let ((?x2646 (+ (- 54) ?x4277 ?x4296 ?x3884 ?x4280 ?x2800 ?x2683 (* (- 24) (* r s s x)) (* (- 144) (* r s x)) (* 60 ?x905) ?x4022 (* 6 ?x915) ?x4016 (* 90 (* r r x x)) (* (- 12) (* r r s s x)) (* (- 72) (* r r r s x)) (* (- 12) (* s s x)) (* 72 (* r x x)) ?x4281 (* 36 (* r r r x x)) ?x4283 (* 36 (* r r r s s)) (* 12 (* r s s s)) (* 6 (* r r s s s)) (* (- 180) (* r r s x)) ?x3990 (* 12 (* r s x x)) ?x3996 (* 84 (* r r s s)) ?x4244 ?x4284)))
 (let ((?x3867 (* 432 ?x3213)))
 (let ((?x3863 (* 432 ?x2902)))
 (let ((?x3862 (* 864 ?x2887)))
 (let ((?x3856 (* 1296 ?x2299)))
 (let ((?x1486 (* (- 108) ?x1456)))
 (let ((?x1431 (* 216 ?x1430)))
 (let ((?x1485 (* (- 16) ?x1294)))
 (let ((?x1290 (* s s r00 r00)))
 (let ((?x1483 (* (- 36) ?x1290)))
 (let ((?x1265 (* 216 ?x1264)))
 (let ((?x1190 (* x r00 r00 r00)))
 (let ((?x1482 (* (- 432) ?x1190)))
 (let ((?x1481 (* (- 216) ?x1182)))
 (let ((?x1067 (* 12 ?x1066)))
 (let ((?x3843 (* 144 ?x1025)))
 (let ((?x1009 (* 432 ?x1008)))
 (let ((?x1480 (* (- 108) ?x978)))
 (let ((?x917 (* 4 ?x915)))
 (let ((?x3842 (* 72 ?x905)))
 (let ((?x1239 (* 108 ?x901)))
 (let ((?x866 (* 36 ?x865)))
 (let ((?x3840 (* (- 324) ?x824)))
 (let ((?x1136 (* 108 ?x778)))
 (let ((?x1096 (* 36 ?x733)))
 (let ((?x707 (* x s00)))
 (let ((?x1476 (* (- 108) ?x707)))
 (let ((?x1342 (* 108 ?x703)))
 (let ((?x1475 (* (- 51) ?x677)))
 (let ((?x3836 (* 648 ?x635)))
 (let ((?x1472 (* (- 108) ?x608)))
 (let ((?x1471 (* (- 216) ?x604)))
 (let ((?x3833 (* 648 ?x555)))
 (let ((?x2170 (* (- 270) ?x512)))
 (let ((?x3832 (* 828 ?x485)))
 (let ((?x2152 (* (- 432) ?x385)))
 (let ((?x3827 (* (- 324) x00)))
 (let ((?x2142 (* (- 162) r00)))
 (let ((?x3826 (* 297 s00)))
 (let ((?x3542 (* 324 x)))
 (let ((?x2192 (+ (* 162 r) (* (- 297) s) ?x3542 ?x3826 ?x2142 ?x3827 (* 756 ?x373) ?x2152 (* (- 396) ?x429) (* (- 1512) (* r r00 r00)) (* (- 432) (* r s r00 r00)) ?x3832 ?x2170 ?x3833 ?x1471 ?x1472 (* (- 195) ?x631) ?x3836 (* (- 252) (* s r00 r00)) ?x1475 ?x1342 ?x1476 ?x1096 (* (- 648) (* r x00)) (* 648 (* s r00 r00 r00)) (* 246 (* s s00)) ?x1136 (* (- 162) (* s r00)) (* (- 648) (* r s00 r00)) ?x3840 ?x866 (* (- 324) (* s s00 r00)) ?x1239 ?x3842 (* 324 ?x909) ?x917 ?x1480 ?x1009 ?x3843 ?x1067 ?x1481 ?x1482 ?x1265 ?x1483 ?x1485 ?x1431 ?x1486 (* (- 1296) (* r r r00 r00)) (* (- 324) (* r r00)) ?x3856 ?x3862 ?x3863 ?x3867)))
 (let ((?x1169 (* 36 (* x r00 r00))))
 (let ((?x1037 (* r r00 x00)))
 (let ((?x1050 (* (- 36) ?x1037)))
 (let ((?x1026 (* 2 ?x1025)))
 (let ((?x973 (* r00 r00 x00)))
 (let ((?x986 (* (- 36) ?x973)))
 (let ((?x921 (* r s00 s00)))
 (let ((?x934 (* (- 4) ?x921)))
 (let ((?x910 (* 6 ?x909)))
 (let ((?x906 (* 2 ?x905)))
 (let ((?x902 (* 6 ?x901)))
 (let ((?x875 (* s s00 r00)))
 (let ((?x888 (* (- 2) ?x875)))
 (let ((?x851 (* (- 6) ?x824)))
 (let ((?x796 (* (- 2) ?x778)))
 (let ((?x751 (* 4 (* s s r00))))
 (let ((?x722 (* (- 6) ?x707)))
 (let ((?x1910 (* (- 19) ?x677)))
 (let ((?x655 (* 36 (* r x r00))))
 (let ((?x3471 (* (- 90) ?x608)))
 (let ((?x3469 (* 18 ?x512)))
 (let ((?x3461 (* (- 108) ?x385)))
 (let ((?x995 (* (- 72) x00)))
 (let ((?x2966 (* (- 36) r00)))
 (let ((?x2268 (* 57 s00)))
 (let ((?x4004 (+ (* 36 r) (* (- 57) s) (* 72 x) ?x2268 ?x2966 ?x995 (* 108 ?x373) ?x3461 (* (- 42) ?x429) (* (- 216) (* r r00 r00)) (* 114 ?x485) ?x3469 ?x3471 (* (- 1) ?x631) (* 90 ?x635) (* 12 (* r s r00)) (* (- 72) (* s r00 r00)) ?x655 ?x1910 (* 90 ?x703) ?x722 ?x1096 (* (- 90) (* r x00)) ?x751 (* 20 (* s s00)) ?x796 (* (- 90) (* s r00)) (* (- 12) (* r s00 r00)) ?x851 ?x888 ?x902 ?x906 ?x910 ?x934 ?x986 ?x1026 ?x1050 ?x1169 (* 72 ?x2887) (* 24 ?x2902) (* 12 ?x3213) (* 144 (* r r r00)))))
 (let ((?x812 (* r s00 r00)))
 (let ((?x825 (* (- 6) ?x812)))
 (let ((?x774 (* s s00)))
 (let ((?x775 (* 2 ?x774)))
 (let ((?x745 (* r x00)))
 (let ((?x758 (* (- 18) ?x745)))
 (let ((?x734 (* 6 ?x733)))
 (let ((?x704 (* 18 ?x703)))
 (let ((?x690 (* (- 4) ?x677)))
 (let ((?x651 (* s r00 r00)))
 (let ((?x664 (* (- 6) ?x651)))
 (let ((?x639 (* r s r00)))
 (let ((?x640 (* 6 ?x639)))
 (let ((?x636 (* 18 ?x635)))
 (let ((?x632 (* 2 ?x631)))
 (let ((?x622 (* (- 18) ?x608)))
 (let ((?x990 (* 3 ?x512)))
 (let ((?x2440 (* (- 18) ?x385)))
 (let ((?x2446 (* (- 18) x00)))
 (let ((?x2276 (* (- 9) r00)))
 (let ((?x2464 (* 12 s00)))
 (let ((?x1098 (+ (* 9 r) (* (- 12) s) (* 18 x) ?x2464 ?x2276 ?x2446 (* 18 ?x373) ?x2440 (* (- 3) ?x429) (* (- 36) (* r r00 r00)) (* 21 ?x485) ?x990 ?x622 ?x632 ?x636 ?x640 ?x664 ?x690 ?x704 ?x734 ?x758 ?x775 (* (- 21) (* s r00)) ?x825 (* 36 (* r r r00)))))
 (let ((?x556 (* 12 ?x555)))
 (let ((?x590 (* (- 6) ?x512)))
 (let ((?x486 (* 4 ?x485)))
 (let ((?x435 (* r r00 r00)))
 (let ((?x589 (* (- 12) ?x435)))
 (let ((?x588 (* 2 ?x429)))
 (let ((?x2571 (* (- 12) ?x385)))
 (let ((?x587 (* (- 6) x00)))
 (let ((?x586 (* (- 3) r00)))
 (let ((?x2188 (* 7 s00)))
 (let ((?x56 (* 6 x)))
 (let ((?x43 (* 3 r)))
 (let ((?x2163 (+ ?x43 (* (- 7) s) ?x56 ?x2188 ?x586 ?x587 (* 12 ?x373) ?x2571 ?x588 ?x589 ?x486 ?x590 ?x556)))
 (let (($x418 (= (+ s (* (- 1) s00) (* (- 3) ?x373) (* 3 ?x385)) 0)))
 (let (($x2618 (or (not $x418) (not (= ?x2163 0)) (not (= ?x1098 0)) (not (= ?x4004 0)) (not (= ?x2192 0)) (not (= (* ?x2646 ?x472) 0)))))
 (let ((?x1306 (* 108 ?x909)))
 (let ((?x756 (* s r00 r00 r00)))
 (let ((?x757 (* 216 ?x756)))
 (let ((?x960 (* (- 36) ?x651)))
 (let ((?x614 (* 54 ?x512)))
 (let ((?x1083 (* (- 9) s00)))
 (let ((?x143 (* 9 s)))
 (let ((?x1487 (+ ?x143 ?x1083 ?x614 ?x1471 ?x1472 (* (- 15) ?x631) ?x960 ?x1475 ?x1342 ?x1476 ?x1096 ?x757 (* 66 ?x774) ?x1136 (* (- 54) (* s r00)) (* (- 108) ?x824) ?x866 (* (- 108) ?x875) ?x1239 ?x1306 ?x917 ?x1480 ?x1009 ?x1067 ?x1481 ?x1482 ?x1265 ?x1483 ?x1485 ?x1431 ?x1486)))
 (let (($x1488 (= ?x1487 0)))
 (let ((?x1012 (* (- 15) ?x677)))
 (let ((?x663 (* 3 ?x631)))
 (let ((?x645 (* (- 54) ?x608)))
 (let ((?x660 (* 24 ?x512)))
 (let ((?x1175 (+ ?x143 ?x1083 (* (- 24) ?x429) (* 24 ?x485) ?x660 ?x645 ?x663 (* 54 ?x635) ?x960 ?x655 ?x1012 (* 54 ?x703) ?x722 ?x1096 (* (- 54) ?x745) ?x751 (* 12 ?x774) ?x796 (* (- 24) (* s r00)) ?x851 ?x888 ?x902 ?x906 ?x910 ?x934 ?x986 ?x1026 ?x1050 ?x1169)))
 (let (($x1180 (= ?x1175 0)))
 (let ((?x627 (* 9 ?x512)))
 (let ((?x464 (* (- 3) s00)))
 (let ((?x47 (* 3 s)))
 (let ((?x831 (+ ?x47 ?x464 (* (- 9) ?x429) (* 9 ?x485) ?x627 ?x622 ?x632 ?x636 ?x640 ?x664 ?x690 ?x704 ?x734 ?x758 ?x775 (* (- 9) (* s r00)) ?x825)))
 (let (($x838 (= ?x831 0)))
 (let ((?x44 (* 3 s00)))
 (let ((?x585 (* (- 3) s)))
 (let (($x592 (= (+ ?x43 ?x585 ?x56 ?x44 ?x586 ?x587 ?x588 ?x589 ?x486 ?x590 ?x556) 0)))
 (let (($x4014 (and $x418 $x592 $x838 $x1180 $x1488 $x2618)))
 (let ((?x4084 (* (- 216) (* x00 (+ x (* (- 1) s))))))
 (let ((?x211 (* 6 r)))
 (let ((?x2772 (+ 3 s ?x211)))
 (let ((?x3558 (* r00 ?x2772)))
 (let ((?x4245 (* 54 ?x3558)))
 (let ((?x4061 (* (- 54) r)))
 (let ((?x3299 (* (- 9) s)))
 (let ((?x3071 (* r00 r00 s00)))
 (let ((?x3277 (* (- 36) ?x3071)))
 (let ((?x137 (* 9 s00)))
 (let ((?x364 (* (- 1) s)))
 (let ((?x3265 (+ x ?x364)))
 (let ((?x3412 (* r00 ?x3265)))
 (let ((?x4205 (* (- 108) ?x3412)))
 (let ((?x3269 (* r00 r00 ?x2772)))
 (let ((?x3711 (* 36 ?x3269)))
 (let ((?x3665 (* ?x3265 ?x2772)))
 (let ((?x4053 (* (- 108) ?x3665)))
 (let ((?x1946 (* 36 (* r00 r00 ?x2772 ?x2772))))
 (let ((?x2253 (* (- 216) (* r00 s00 ?x3265))))
 (let ((?x3619 (* r00 s00 ?x2772)))
 (let ((?x2553 (* 108 ?x3619)))
 (let ((?x3540 (* s00 ?x2772)))
 (let ((?x1978 (* (- 66) ?x3540)))
 (let ((?x3813 (* 432 (* r00 r00 r00 ?x3265))))
 (let ((?x3543 (* x00 ?x2772)))
 (let ((?x3805 (* 108 ?x3543)))
 (let ((?x2711 (* 216 (* r00 r00 r00 s00))))
 (let ((?x1952 (* r00 s00 s00)))
 (let ((?x2672 (* (- 108) ?x1952)))
 (let ((?x3372 (* s00 ?x3265)))
 (let ((?x3707 (* 108 ?x3372)))
 (let ((?x3678 (* (- 12) (* s00 ?x2772 ?x2772))))
 (let ((?x3588 (* 108 (* ?x3265 ?x3265))))
 (let ((?x3536 (* (- 4) (* ?x2772 ?x2772 ?x2772))))
 (let ((?x3601 (* (- 36) (* r00 r00 s00 s00))))
 (let ((?x1137 (* (- 216) (* r00 r00 r00 ?x2772))))
 (let ((?x3101 (* ?x2772 ?x2772)))
 (let ((?x633 (* 15 ?x3101)))
 (let ((?x2815 (* r00 s00)))
 (let ((?x2866 (* (- 54) ?x2815)))
 (let ((?x3127 (* 216 (* r00 s00 x00))))
 (let ((?x4161 (+ (- 27) ?x3127 ?x613 ?x2866 ?x633 ?x1137 ?x3601 ?x3536 ?x3588 ?x1039 ?x3678 ?x3707 ?x2672 ?x2711 ?x3805 ?x3813 ?x1978 ?x2553 ?x1251 ?x2253 ?x1946 ?x1295 ?x4053 ?x3711 ?x1331 ?x4205 ?x137 ?x3277 ?x3299 ?x4061 ?x4245 ?x4084 ?x1457)))
 (let ((?x1500 (+ ?x3884 s (* 6 (* (+ 1 r) (+ 1 r) ?x3265 ?x3265 ?x2772)) (* (- 6) (* (+ 1 r) (+ 1 r) ?x2772 ?x2772)))))
 (let (($x4275 (not (= (* ?x1500 ?x4161) 0))))
 (let ((?x4286 (+ ?x3127 ?x613 ?x2866 ?x633 ?x1137 ?x3601 ?x3536 ?x3588 ?x1039 ?x3678 ?x3707 ?x2672 ?x2711 ?x3805 ?x3813 ?x1978 ?x2553 ?x1251 ?x2253 ?x1946 ?x1295 ?x4053 ?x3711 ?x1331 ?x4205 ?x137 ?x3277 ?x3299 ?x4061 ?x4245 ?x4084 ?x1457)))
 (let (($x4002 (not (= ?x4286 27))))
 (let ((?x2270 (* 15 ?x677)))
 (let ((?x974 (* 36 ?x973)))
 (let ((?x2995 (* (- 6) ?x901)))
 (let ((?x3533 (* 2 ?x1952)))
 (let ((?x2819 (* (- 24) ?x2815)))
 (let ((?x638 (* 54 ?x608)))
 (let ((?x1138 (+ (* 24 (* (+ 1 r) ?x2772)) ?x638 (* (- 36) (* r00 (+ 1 r) ?x3265)) ?x2819 (* (- 3) ?x3101) (* (- 54) (* (+ 1 r) ?x3265)) (* 6 ?x3372) (* (- 4) (* r00 ?x2772 ?x2772)) ?x3533 (* 6 ?x3543) (* (- 12) ?x3540) (* 2 ?x3619) ?x2995 (* (- 2) (* (+ 1 r) ?x2772 ?x2772)) (* (- 6) ?x3665) (* 4 (* s00 s00 (+ 1 r))) ?x3711 ?x974 ?x2270 (* (- 2) (* s00 (+ 1 r) ?x2772)) (* 36 (* r00 x00 (+ 1 r))) (* (- 54) ?x3412) ?x137 ?x3277 (* 54 (* x00 (+ 1 r))) ?x3299 ?x4061 (* (- 24) (* s00 (+ 1 r))) (* 24 ?x3558) (* (- 36) (* r00 r00 ?x3265)))))
 (let ((?x1965 (* (- 6) ?x3071)))
 (let ((?x678 (* 4 ?x677)))
 (let ((?x687 (* (- 9) ?x2815)))
 (let ((?x609 (* 18 ?x608)))
 (let ((?x1406 (+ (* 9 (* (+ 1 r) ?x2772)) ?x609 ?x687 (* (- 2) ?x3101) (* (- 18) (* (+ 1 r) ?x3265)) (* (- 6) (* r00 (+ 1 r) ?x2772)) (* 6 ?x3269) ?x678 (* (- 18) ?x3412) ?x44 ?x1965 (* 18 (* x00 (+ 1 r))) ?x585 (* (- 18) r) (* (- 9) (* s00 (+ 1 r))) (* (- 2) ?x3540) (* 9 ?x3558) (* 6 (* r00 s00 (+ 1 r))))))
 (let ((?x4048 (* (- 6) ?x2815)))
 (let ((?x3455 (+ (* 2 (* (+ 1 r) ?x2772)) (* (- 12) (* r00 r00 (+ 1 r))) (* (- 15) r) ?x44 ?x3299 ?x586 (* 4 (* s00 (+ 1 r))) ?x4048 ?x56 ?x587 ?x556)))
 (let ((?x1873 (* (- 3) ?x385)))
 (let ((?x2485 (+ s00 ?x364 (* (- 6) r) (* 3 (* (+ 1 r) (+ 1 r))) ?x1873)))
 (let (($x2598 (not (= ?x2485 3))))
 (let (($x2408 (or $x2598 (not (= ?x3455 6)) (not (= ?x1406 9)) (not (= ?x1138 27)) $x4002 $x4275)))
 (let ((?x1847 (* r00 s)))
 (let ((?x3746 (* 54 ?x1847)))
 (let ((?x1874 (* r00 r00 s)))
 (let ((?x2590 (* 36 ?x1874)))
 (let ((?x3510 (* r00 r00 s s)))
 (let ((?x3511 (* 36 ?x3510)))
 (let ((?x3316 (* r00 r00 r00 x)))
 (let ((?x3317 (* 432 ?x3316)))
 (let ((?x2080 (* s00 x)))
 (let ((?x3255 (* 108 ?x2080)))
 (let ((?x3357 (+ ?x3127 ?x613 ?x2866 (* 15 ?x631) (* (- 216) (* r00 r00 r00 s)) ?x3601 ?x933 ?x979 ?x1039 (* (- 12) (* s00 s s)) ?x3255 ?x2672 ?x2711 (* 108 (* x00 s)) ?x3317 (* (- 66) (* s00 s)) (* 108 (* r00 s00 s)) ?x1251 (* (- 216) (* r00 s00 x)) ?x3511 ?x1295 (* (- 108) (* x s)) ?x2590 ?x1331 (* (- 108) (* r00 x)) ?x137 ?x3277 ?x3299 ?x3746 (* (- 216) (* x00 x)) ?x1457)))
 (let (($x3362 (= ?x3357 0)))
 (let ((?x2956 (* r00 r00 x)))
 (let ((?x3038 (* (- 36) ?x2956)))
 (let ((?x2283 (* r00 s s)))
 (let ((?x3023 (* (- 4) ?x2283)))
 (let ((?x3361 (+ (* 24 (* s r)) ?x638 (* (- 36) (* r00 x r)) ?x2819 (* (- 3) ?x631) (* (- 54) (* x r)) (* 6 ?x2080) ?x3023 ?x3533 (* 6 (* x00 s)) (* (- 12) (* s00 s)) (* 2 (* r00 s00 s)) ?x2995 (* (- 2) (* s s r)) (* (- 6) (* x s)) (* 4 (* s00 s00 r)) ?x2590 ?x974 ?x2270 (* (- 2) (* s00 s r)) (* 36 (* r00 x00 r)) (* (- 54) (* r00 x)) ?x137 ?x3277 (* 54 (* x00 r)) ?x3299 (* (- 24) (* s00 r)) (* 24 ?x1847) ?x3038)))
 (let ((?x1945 (* r00 x)))
 (let ((?x2230 (* (- 18) ?x1945)))
 (let ((?x2211 (* (- 2) ?x631)))
 (let ((?x2460 (+ (* 9 (* s r)) ?x609 ?x687 ?x2211 (* (- 18) (* x r)) (* (- 6) (* r00 s r)) (* 6 ?x1874) ?x678 ?x2230 ?x44 ?x1965 (* 18 (* x00 r)) ?x585 (* (- 9) (* s00 r)) (* (- 2) (* s00 s)) (* 9 ?x1847) (* 6 (* r00 s00 r)))))
 (let ((?x3530 (+ (* 2 (* s r)) (* (- 12) (* r00 r00 r)) ?x43 ?x44 ?x585 ?x586 (* 4 (* s00 r)) ?x4048 ?x56 ?x587 ?x556)))
 (let (($x1918 (= (+ s00 ?x364 (* 3 ?x373) ?x1873) 0)))
 (let (($x2083 (and $x1918 (= ?x3530 0) (= ?x2460 0) (= ?x3361 0) $x3362 $x2408)))
 (rewrite (= $x2083 $x4014)))))))))))))))))))))))))))))))))))))))))))))))))))))))))))))))))))))))))))))))))))))))))))))))))))))))))))))))))))))))))))))))))))))))))))))))))))))))))))))))))))))))))))))))))))))))))))))))))))))))))))))))))))))))))))))))))))))))))))))))))))))))))))))))))))))))))))))))))))))))))))))))))))))))))))))
 ))
 (let (($x770 (exists ((r Int) (s Int) (x Int) )(! (let ((?x1456 (* x00 x00)))
 (let ((?x1457 (* 108 ?x1456)))
 (let ((?x4084 (* (- 216) (* x00 (+ x (* (- 1) s))))))
 (let ((?x211 (* 6 r)))
 (let ((?x2772 (+ 3 s ?x211)))
 (let ((?x3558 (* r00 ?x2772)))
 (let ((?x4245 (* 54 ?x3558)))
 (let ((?x4061 (* (- 54) r)))
 (let ((?x3299 (* (- 9) s)))
 (let ((?x3071 (* r00 r00 s00)))
 (let ((?x3277 (* (- 36) ?x3071)))
 (let ((?x137 (* 9 s00)))
 (let ((?x364 (* (- 1) s)))
 (let ((?x3265 (+ x ?x364)))
 (let ((?x3412 (* r00 ?x3265)))
 (let ((?x4205 (* (- 108) ?x3412)))
 (let ((?x677 (* s00 s00)))
 (let ((?x1331 (* 51 ?x677)))
 (let ((?x3269 (* r00 r00 ?x2772)))
 (let ((?x3711 (* 36 ?x3269)))
 (let ((?x3665 (* ?x3265 ?x2772)))
 (let ((?x4053 (* (- 108) ?x3665)))
 (let ((?x1294 (* s00 s00 s00)))
 (let ((?x1295 (* 16 ?x1294)))
 (let ((?x1946 (* 36 (* r00 r00 ?x2772 ?x2772))))
 (let ((?x2253 (* (- 216) (* r00 s00 ?x3265))))
 (let ((?x901 (* s00 x00)))
 (let ((?x1251 (* (- 108) ?x901)))
 (let ((?x3619 (* r00 s00 ?x2772)))
 (let ((?x2553 (* 108 ?x3619)))
 (let ((?x3540 (* s00 ?x2772)))
 (let ((?x1978 (* (- 66) ?x3540)))
 (let ((?x3813 (* 432 (* r00 r00 r00 ?x3265))))
 (let ((?x3543 (* x00 ?x2772)))
 (let ((?x3805 (* 108 ?x3543)))
 (let ((?x2711 (* 216 (* r00 r00 r00 s00))))
 (let ((?x1952 (* r00 s00 s00)))
 (let ((?x2672 (* (- 108) ?x1952)))
 (let ((?x3372 (* s00 ?x3265)))
 (let ((?x3707 (* 108 ?x3372)))
 (let ((?x3678 (* (- 12) (* s00 ?x2772 ?x2772))))
 (let ((?x1008 (* r00 r00 r00 x00)))
 (let ((?x1039 (* (- 432) ?x1008)))
 (let ((?x3588 (* 108 (* ?x3265 ?x3265))))
 (let ((?x3536 (* (- 4) (* ?x2772 ?x2772 ?x2772))))
 (let ((?x3601 (* (- 36) (* r00 r00 s00 s00))))
 (let ((?x1137 (* (- 216) (* r00 r00 r00 ?x2772))))
 (let ((?x3101 (* ?x2772 ?x2772)))
 (let ((?x633 (* 15 ?x3101)))
 (let ((?x2815 (* r00 s00)))
 (let ((?x2866 (* (- 54) ?x2815)))
 (let ((?x608 (* r00 x00)))
 (let ((?x613 (* 108 ?x608)))
 (let ((?x3127 (* 216 (* r00 s00 x00))))
 (let ((?x4161 (+ (- 27) ?x3127 ?x613 ?x2866 ?x633 ?x1137 ?x3601 ?x3536 ?x3588 ?x1039 ?x3678 ?x3707 ?x2672 ?x2711 ?x3805 ?x3813 ?x1978 ?x2553 ?x1251 ?x2253 ?x1946 ?x1295 ?x4053 ?x3711 ?x1331 ?x4205 ?x137 ?x3277 ?x3299 ?x4061 ?x4245 ?x4084 ?x1457)))
 (let ((?x3884 (* (- 1) x)))
 (let ((?x1500 (+ ?x3884 s (* 6 (* (+ 1 r) (+ 1 r) ?x3265 ?x3265 ?x2772)) (* (- 6) (* (+ 1 r) (+ 1 r) ?x2772 ?x2772)))))
 (let (($x4275 (not (= (* ?x1500 ?x4161) 0))))
 (let ((?x4286 (+ ?x3127 ?x613 ?x2866 ?x633 ?x1137 ?x3601 ?x3536 ?x3588 ?x1039 ?x3678 ?x3707 ?x2672 ?x2711 ?x3805 ?x3813 ?x1978 ?x2553 ?x1251 ?x2253 ?x1946 ?x1295 ?x4053 ?x3711 ?x1331 ?x4205 ?x137 ?x3277 ?x3299 ?x4061 ?x4245 ?x4084 ?x1457)))
 (let (($x4002 (not (= ?x4286 27))))
 (let ((?x143 (* 9 s)))
 (let ((?x2424 (* 36 ?x3071)))
 (let ((?x1083 (* (- 9) s00)))
 (let ((?x1012 (* (- 15) ?x677)))
 (let ((?x973 (* r00 r00 x00)))
 (let ((?x986 (* (- 36) ?x973)))
 (let ((?x902 (* 6 ?x901)))
 (let ((?x2458 (* (- 2) ?x1952)))
 (let ((?x2869 (* 24 ?x2815)))
 (let ((?x645 (* (- 54) ?x608)))
 (let ((?x2611 (+ (* (- 24) (* (+ 1 r) ?x2772)) ?x645 (* 36 (* r00 (+ 1 r) ?x3265)) ?x2869 (* 3 ?x3101) (* 54 (* (+ 1 r) ?x3265)) (* (- 6) ?x3372) (* 4 (* r00 ?x2772 ?x2772)) ?x2458 (* (- 6) ?x3543) (* 12 ?x3540) (* (- 2) ?x3619) ?x902 (* 2 (* (+ 1 r) ?x2772 ?x2772)) (* 6 ?x3665) (* (- 4) (* s00 s00 (+ 1 r))) (* (- 36) ?x3269) ?x986 ?x1012 (* 2 (* s00 (+ 1 r) ?x2772)) (* (- 36) (* r00 x00 (+ 1 r))) (* 54 ?x3412) ?x1083 ?x2424 (* (- 54) (* x00 (+ 1 r))) ?x143 (* 54 r) (* 24 (* s00 (+ 1 r))) (* (- 24) ?x3558) (* 36 (* r00 r00 ?x3265)))))
 (let ((?x47 (* 3 s)))
 (let ((?x3072 (* 6 ?x3071)))
 (let ((?x464 (* (- 3) s00)))
 (let ((?x690 (* (- 4) ?x677)))
 (let ((?x2877 (* 9 ?x2815)))
 (let ((?x622 (* (- 18) ?x608)))
 (let ((?x3616 (+ (* (- 9) (* (+ 1 r) ?x2772)) ?x622 ?x2877 (* 2 ?x3101) (* 18 (* (+ 1 r) ?x3265)) (* 6 (* r00 (+ 1 r) ?x2772)) (* (- 6) ?x3269) ?x690 (* 18 ?x3412) ?x464 ?x3072 (* (- 18) (* x00 (+ 1 r))) ?x47 (* 18 r) (* 9 (* s00 (+ 1 r))) (* 2 ?x3540) (* (- 9) ?x3558) (* (- 6) (* r00 s00 (+ 1 r))))))
 (let ((?x555 (* r00 r00 r00)))
 (let ((?x569 (* (- 12) ?x555)))
 (let ((?x59 (* 6 x00)))
 (let ((?x534 (* (- 6) x)))
 (let ((?x2818 (* 6 ?x2815)))
 (let ((?x48 (* 3 r00)))
 (let ((?x3384 (+ (* (- 2) (* (+ 1 r) ?x2772)) (* 12 (* r00 r00 (+ 1 r))) (* 15 r) ?x464 ?x143 ?x48 (* (- 4) (* s00 (+ 1 r))) ?x2818 ?x534 ?x59 ?x569)))
 (let ((?x385 (* r00 r00)))
 (let ((?x1873 (* (- 3) ?x385)))
 (let ((?x2485 (+ s00 ?x364 (* (- 6) r) (* 3 (* (+ 1 r) (+ 1 r))) ?x1873)))
 (let (($x2598 (not (= ?x2485 3))))
 (let (($x797 (or $x2598 (not (= ?x3384 (- 6))) (not (= ?x3616 (- 9))) (not (= ?x2611 (- 27))) $x4002 $x4275)))
 (let ((?x1847 (* r00 s)))
 (let ((?x3746 (* 54 ?x1847)))
 (let ((?x1874 (* r00 r00 s)))
 (let ((?x2590 (* 36 ?x1874)))
 (let ((?x3510 (* r00 r00 s s)))
 (let ((?x3511 (* 36 ?x3510)))
 (let ((?x3316 (* r00 r00 r00 x)))
 (let ((?x3317 (* 432 ?x3316)))
 (let ((?x2080 (* s00 x)))
 (let ((?x3255 (* 108 ?x2080)))
 (let ((?x978 (* x x)))
 (let ((?x979 (* 108 ?x978)))
 (let ((?x915 (* s s s)))
 (let ((?x933 (* (- 4) ?x915)))
 (let ((?x3357 (+ ?x3127 ?x613 ?x2866 (* 15 (* s s)) (* (- 216) (* r00 r00 r00 s)) ?x3601 ?x933 ?x979 ?x1039 (* (- 12) (* s00 s s)) ?x3255 ?x2672 ?x2711 (* 108 (* x00 s)) ?x3317 (* (- 66) (* s00 s)) (* 108 (* r00 s00 s)) ?x1251 (* (- 216) (* r00 s00 x)) ?x3511 ?x1295 (* (- 108) (* x s)) ?x2590 ?x1331 (* (- 108) (* r00 x)) ?x137 ?x3277 ?x3299 ?x3746 (* (- 216) (* x00 x)) ?x1457)))
 (let (($x3362 (= ?x3357 0)))
 (let ((?x2624 (* (- 36) ?x1874)))
 (let ((?x631 (* s s)))
 (let ((?x663 (* 3 ?x631)))
 (let ((?x3087 (+ (* (- 24) (* s r)) ?x645 (* 36 (* r00 x r)) ?x2869 ?x663 (* 54 (* x r)) (* (- 6) ?x2080) (* 4 (* r00 s s)) ?x2458 (* (- 6) (* x00 s)) (* 12 (* s00 s)) (* (- 2) (* r00 s00 s)) ?x902 (* 2 (* s s r)) (* 6 (* x s)) (* (- 4) (* s00 s00 r)) ?x2624 ?x986 ?x1012 (* 2 (* s00 s r)) (* (- 36) (* r00 x00 r)) (* 54 (* r00 x)) ?x1083 ?x2424 (* (- 54) (* x00 r)) ?x143 (* 24 (* s00 r)) (* (- 24) ?x1847) (* 36 (* r00 r00 x)))))
 (let ((?x632 (* 2 ?x631)))
 (let ((?x3390 (+ (* (- 9) (* s r)) ?x622 ?x2877 ?x632 (* 18 (* x r)) (* 6 (* r00 s r)) (* (- 6) ?x1874) ?x690 (* 18 (* r00 x)) ?x464 ?x3072 (* (- 18) (* x00 r)) ?x47 (* 9 (* s00 r)) (* 2 (* s00 s)) (* (- 9) ?x1847) (* (- 6) (* r00 s00 r)))))
 (let ((?x2903 (+ (* (- 2) (* s r)) (* 12 (* r00 r00 r)) (* (- 3) r) ?x464 ?x47 ?x48 (* (- 4) (* s00 r)) ?x2818 ?x534 ?x59 ?x569)))
 (let (($x1918 (= (+ s00 ?x364 (* 3 (* r r)) ?x1873) 0)))
 (and $x1918 (= ?x2903 0) (= ?x3390 0) (= ?x3087 0) $x3362 $x797))))))))))))))))))))))))))))))))))))))))))))))))))))))))))))))))))))))))))))))))))))))))))))))))))))))))))))))))))) :qid k!40))
 ))
 (let ((?x3425 (lambda ((r Int) (s Int) (x Int) )(let ((?x1456 (* x00 x00)))
 (let ((?x1457 (* 108 ?x1456)))
 (let ((?x4084 (* (- 216) (* x00 (+ x (* (- 1) s))))))
 (let ((?x211 (* 6 r)))
 (let ((?x2772 (+ 3 s ?x211)))
 (let ((?x3558 (* r00 ?x2772)))
 (let ((?x4245 (* 54 ?x3558)))
 (let ((?x4061 (* (- 54) r)))
 (let ((?x3299 (* (- 9) s)))
 (let ((?x3071 (* r00 r00 s00)))
 (let ((?x3277 (* (- 36) ?x3071)))
 (let ((?x137 (* 9 s00)))
 (let ((?x364 (* (- 1) s)))
 (let ((?x3265 (+ x ?x364)))
 (let ((?x3412 (* r00 ?x3265)))
 (let ((?x4205 (* (- 108) ?x3412)))
 (let ((?x677 (* s00 s00)))
 (let ((?x1331 (* 51 ?x677)))
 (let ((?x3269 (* r00 r00 ?x2772)))
 (let ((?x3711 (* 36 ?x3269)))
 (let ((?x3665 (* ?x3265 ?x2772)))
 (let ((?x4053 (* (- 108) ?x3665)))
 (let ((?x1294 (* s00 s00 s00)))
 (let ((?x1295 (* 16 ?x1294)))
 (let ((?x1946 (* 36 (* r00 r00 ?x2772 ?x2772))))
 (let ((?x2253 (* (- 216) (* r00 s00 ?x3265))))
 (let ((?x901 (* s00 x00)))
 (let ((?x1251 (* (- 108) ?x901)))
 (let ((?x3619 (* r00 s00 ?x2772)))
 (let ((?x2553 (* 108 ?x3619)))
 (let ((?x3540 (* s00 ?x2772)))
 (let ((?x1978 (* (- 66) ?x3540)))
 (let ((?x3813 (* 432 (* r00 r00 r00 ?x3265))))
 (let ((?x3543 (* x00 ?x2772)))
 (let ((?x3805 (* 108 ?x3543)))
 (let ((?x2711 (* 216 (* r00 r00 r00 s00))))
 (let ((?x1952 (* r00 s00 s00)))
 (let ((?x2672 (* (- 108) ?x1952)))
 (let ((?x3372 (* s00 ?x3265)))
 (let ((?x3707 (* 108 ?x3372)))
 (let ((?x3678 (* (- 12) (* s00 ?x2772 ?x2772))))
 (let ((?x1008 (* r00 r00 r00 x00)))
 (let ((?x1039 (* (- 432) ?x1008)))
 (let ((?x3588 (* 108 (* ?x3265 ?x3265))))
 (let ((?x3536 (* (- 4) (* ?x2772 ?x2772 ?x2772))))
 (let ((?x3601 (* (- 36) (* r00 r00 s00 s00))))
 (let ((?x1137 (* (- 216) (* r00 r00 r00 ?x2772))))
 (let ((?x3101 (* ?x2772 ?x2772)))
 (let ((?x633 (* 15 ?x3101)))
 (let ((?x2815 (* r00 s00)))
 (let ((?x2866 (* (- 54) ?x2815)))
 (let ((?x608 (* r00 x00)))
 (let ((?x613 (* 108 ?x608)))
 (let ((?x3127 (* 216 (* r00 s00 x00))))
 (let ((?x4161 (+ (- 27) ?x3127 ?x613 ?x2866 ?x633 ?x1137 ?x3601 ?x3536 ?x3588 ?x1039 ?x3678 ?x3707 ?x2672 ?x2711 ?x3805 ?x3813 ?x1978 ?x2553 ?x1251 ?x2253 ?x1946 ?x1295 ?x4053 ?x3711 ?x1331 ?x4205 ?x137 ?x3277 ?x3299 ?x4061 ?x4245 ?x4084 ?x1457)))
 (let ((?x3884 (* (- 1) x)))
 (let ((?x1500 (+ ?x3884 s (* 6 (* (+ 1 r) (+ 1 r) ?x3265 ?x3265 ?x2772)) (* (- 6) (* (+ 1 r) (+ 1 r) ?x2772 ?x2772)))))
 (let (($x4275 (not (= (* ?x1500 ?x4161) 0))))
 (let ((?x4286 (+ ?x3127 ?x613 ?x2866 ?x633 ?x1137 ?x3601 ?x3536 ?x3588 ?x1039 ?x3678 ?x3707 ?x2672 ?x2711 ?x3805 ?x3813 ?x1978 ?x2553 ?x1251 ?x2253 ?x1946 ?x1295 ?x4053 ?x3711 ?x1331 ?x4205 ?x137 ?x3277 ?x3299 ?x4061 ?x4245 ?x4084 ?x1457)))
 (let (($x4002 (not (= ?x4286 27))))
 (let ((?x2270 (* 15 ?x677)))
 (let ((?x973 (* r00 r00 x00)))
 (let ((?x974 (* 36 ?x973)))
 (let ((?x2995 (* (- 6) ?x901)))
 (let ((?x3533 (* 2 ?x1952)))
 (let ((?x2819 (* (- 24) ?x2815)))
 (let ((?x638 (* 54 ?x608)))
 (let ((?x1138 (+ (* 24 (* (+ 1 r) ?x2772)) ?x638 (* (- 36) (* r00 (+ 1 r) ?x3265)) ?x2819 (* (- 3) ?x3101) (* (- 54) (* (+ 1 r) ?x3265)) (* 6 ?x3372) (* (- 4) (* r00 ?x2772 ?x2772)) ?x3533 (* 6 ?x3543) (* (- 12) ?x3540) (* 2 ?x3619) ?x2995 (* (- 2) (* (+ 1 r) ?x2772 ?x2772)) (* (- 6) ?x3665) (* 4 (* s00 s00 (+ 1 r))) ?x3711 ?x974 ?x2270 (* (- 2) (* s00 (+ 1 r) ?x2772)) (* 36 (* r00 x00 (+ 1 r))) (* (- 54) ?x3412) ?x137 ?x3277 (* 54 (* x00 (+ 1 r))) ?x3299 ?x4061 (* (- 24) (* s00 (+ 1 r))) (* 24 ?x3558) (* (- 36) (* r00 r00 ?x3265)))))
 (let ((?x585 (* (- 3) s)))
 (let ((?x1965 (* (- 6) ?x3071)))
 (let ((?x44 (* 3 s00)))
 (let ((?x678 (* 4 ?x677)))
 (let ((?x687 (* (- 9) ?x2815)))
 (let ((?x609 (* 18 ?x608)))
 (let ((?x1406 (+ (* 9 (* (+ 1 r) ?x2772)) ?x609 ?x687 (* (- 2) ?x3101) (* (- 18) (* (+ 1 r) ?x3265)) (* (- 6) (* r00 (+ 1 r) ?x2772)) (* 6 ?x3269) ?x678 (* (- 18) ?x3412) ?x44 ?x1965 (* 18 (* x00 (+ 1 r))) ?x585 (* (- 18) r) (* (- 9) (* s00 (+ 1 r))) (* (- 2) ?x3540) (* 9 ?x3558) (* 6 (* r00 s00 (+ 1 r))))))
 (let ((?x555 (* r00 r00 r00)))
 (let ((?x556 (* 12 ?x555)))
 (let ((?x587 (* (- 6) x00)))
 (let ((?x56 (* 6 x)))
 (let ((?x4048 (* (- 6) ?x2815)))
 (let ((?x586 (* (- 3) r00)))
 (let ((?x3455 (+ (* 2 (* (+ 1 r) ?x2772)) (* (- 12) (* r00 r00 (+ 1 r))) (* (- 15) r) ?x44 ?x3299 ?x586 (* 4 (* s00 (+ 1 r))) ?x4048 ?x56 ?x587 ?x556)))
 (let ((?x385 (* r00 r00)))
 (let ((?x1873 (* (- 3) ?x385)))
 (let ((?x2485 (+ s00 ?x364 (* (- 6) r) (* 3 (* (+ 1 r) (+ 1 r))) ?x1873)))
 (let (($x2598 (not (= ?x2485 3))))
 (let (($x2408 (or $x2598 (not (= ?x3455 6)) (not (= ?x1406 9)) (not (= ?x1138 27)) $x4002 $x4275)))
 (let ((?x1847 (* r00 s)))
 (let ((?x3746 (* 54 ?x1847)))
 (let ((?x1874 (* r00 r00 s)))
 (let ((?x2590 (* 36 ?x1874)))
 (let ((?x3510 (* r00 r00 s s)))
 (let ((?x3511 (* 36 ?x3510)))
 (let ((?x3316 (* r00 r00 r00 x)))
 (let ((?x3317 (* 432 ?x3316)))
 (let ((?x2080 (* s00 x)))
 (let ((?x3255 (* 108 ?x2080)))
 (let ((?x978 (* x x)))
 (let ((?x979 (* 108 ?x978)))
 (let ((?x915 (* s s s)))
 (let ((?x933 (* (- 4) ?x915)))
 (let ((?x3357 (+ ?x3127 ?x613 ?x2866 (* 15 (* s s)) (* (- 216) (* r00 r00 r00 s)) ?x3601 ?x933 ?x979 ?x1039 (* (- 12) (* s00 s s)) ?x3255 ?x2672 ?x2711 (* 108 (* x00 s)) ?x3317 (* (- 66) (* s00 s)) (* 108 (* r00 s00 s)) ?x1251 (* (- 216) (* r00 s00 x)) ?x3511 ?x1295 (* (- 108) (* x s)) ?x2590 ?x1331 (* (- 108) (* r00 x)) ?x137 ?x3277 ?x3299 ?x3746 (* (- 216) (* x00 x)) ?x1457)))
 (let (($x3362 (= ?x3357 0)))
 (let ((?x2956 (* r00 r00 x)))
 (let ((?x3038 (* (- 36) ?x2956)))
 (let ((?x2283 (* r00 s s)))
 (let ((?x3023 (* (- 4) ?x2283)))
 (let ((?x3361 (+ (* 24 (* s r)) ?x638 (* (- 36) (* r00 x r)) ?x2819 (* (- 3) (* s s)) (* (- 54) (* x r)) (* 6 ?x2080) ?x3023 ?x3533 (* 6 (* x00 s)) (* (- 12) (* s00 s)) (* 2 (* r00 s00 s)) ?x2995 (* (- 2) (* s s r)) (* (- 6) (* x s)) (* 4 (* s00 s00 r)) ?x2590 ?x974 ?x2270 (* (- 2) (* s00 s r)) (* 36 (* r00 x00 r)) (* (- 54) (* r00 x)) ?x137 ?x3277 (* 54 (* x00 r)) ?x3299 (* (- 24) (* s00 r)) (* 24 ?x1847) ?x3038)))
 (let ((?x1945 (* r00 x)))
 (let ((?x2230 (* (- 18) ?x1945)))
 (let ((?x631 (* s s)))
 (let ((?x2211 (* (- 2) ?x631)))
 (let ((?x2460 (+ (* 9 (* s r)) ?x609 ?x687 ?x2211 (* (- 18) (* x r)) (* (- 6) (* r00 s r)) (* 6 ?x1874) ?x678 ?x2230 ?x44 ?x1965 (* 18 (* x00 r)) ?x585 (* (- 9) (* s00 r)) (* (- 2) (* s00 s)) (* 9 ?x1847) (* 6 (* r00 s00 r)))))
 (let ((?x43 (* 3 r)))
 (let ((?x3530 (+ (* 2 (* s r)) (* (- 12) (* r00 r00 r)) ?x43 ?x44 ?x585 ?x586 (* 4 (* s00 r)) ?x4048 ?x56 ?x587 ?x556)))
 (let (($x1918 (= (+ s00 ?x364 (* 3 (* r r)) ?x1873) 0)))
 (let (($x2083 (and $x1918 (= ?x3530 0) (= ?x2460 0) (= ?x3361 0) $x3362 $x2408)))
 (let ((?x143 (* 9 s)))
 (let ((?x2424 (* 36 ?x3071)))
 (let ((?x1083 (* (- 9) s00)))
 (let ((?x1012 (* (- 15) ?x677)))
 (let ((?x986 (* (- 36) ?x973)))
 (let ((?x902 (* 6 ?x901)))
 (let ((?x2458 (* (- 2) ?x1952)))
 (let ((?x2869 (* 24 ?x2815)))
 (let ((?x645 (* (- 54) ?x608)))
 (let ((?x2611 (+ (* (- 24) (* (+ 1 r) ?x2772)) ?x645 (* 36 (* r00 (+ 1 r) ?x3265)) ?x2869 (* 3 ?x3101) (* 54 (* (+ 1 r) ?x3265)) (* (- 6) ?x3372) (* 4 (* r00 ?x2772 ?x2772)) ?x2458 (* (- 6) ?x3543) (* 12 ?x3540) (* (- 2) ?x3619) ?x902 (* 2 (* (+ 1 r) ?x2772 ?x2772)) (* 6 ?x3665) (* (- 4) (* s00 s00 (+ 1 r))) (* (- 36) ?x3269) ?x986 ?x1012 (* 2 (* s00 (+ 1 r) ?x2772)) (* (- 36) (* r00 x00 (+ 1 r))) (* 54 ?x3412) ?x1083 ?x2424 (* (- 54) (* x00 (+ 1 r))) ?x143 (* 54 r) (* 24 (* s00 (+ 1 r))) (* (- 24) ?x3558) (* 36 (* r00 r00 ?x3265)))))
 (let ((?x47 (* 3 s)))
 (let ((?x3072 (* 6 ?x3071)))
 (let ((?x464 (* (- 3) s00)))
 (let ((?x690 (* (- 4) ?x677)))
 (let ((?x2877 (* 9 ?x2815)))
 (let ((?x622 (* (- 18) ?x608)))
 (let ((?x3616 (+ (* (- 9) (* (+ 1 r) ?x2772)) ?x622 ?x2877 (* 2 ?x3101) (* 18 (* (+ 1 r) ?x3265)) (* 6 (* r00 (+ 1 r) ?x2772)) (* (- 6) ?x3269) ?x690 (* 18 ?x3412) ?x464 ?x3072 (* (- 18) (* x00 (+ 1 r))) ?x47 (* 18 r) (* 9 (* s00 (+ 1 r))) (* 2 ?x3540) (* (- 9) ?x3558) (* (- 6) (* r00 s00 (+ 1 r))))))
 (let ((?x569 (* (- 12) ?x555)))
 (let ((?x59 (* 6 x00)))
 (let ((?x534 (* (- 6) x)))
 (let ((?x2818 (* 6 ?x2815)))
 (let ((?x48 (* 3 r00)))
 (let ((?x3384 (+ (* (- 2) (* (+ 1 r) ?x2772)) (* 12 (* r00 r00 (+ 1 r))) (* 15 r) ?x464 ?x143 ?x48 (* (- 4) (* s00 (+ 1 r))) ?x2818 ?x534 ?x59 ?x569)))
 (let (($x797 (or $x2598 (not (= ?x3384 (- 6))) (not (= ?x3616 (- 9))) (not (= ?x2611 (- 27))) $x4002 $x4275)))
 (let ((?x2624 (* (- 36) ?x1874)))
 (let ((?x663 (* 3 ?x631)))
 (let ((?x3087 (+ (* (- 24) (* s r)) ?x645 (* 36 (* r00 x r)) ?x2869 ?x663 (* 54 (* x r)) (* (- 6) ?x2080) (* 4 ?x2283) ?x2458 (* (- 6) (* x00 s)) (* 12 (* s00 s)) (* (- 2) (* r00 s00 s)) ?x902 (* 2 (* s s r)) (* 6 (* x s)) (* (- 4) (* s00 s00 r)) ?x2624 ?x986 ?x1012 (* 2 (* s00 s r)) (* (- 36) (* r00 x00 r)) (* 54 ?x1945) ?x1083 ?x2424 (* (- 54) (* x00 r)) ?x143 (* 24 (* s00 r)) (* (- 24) ?x1847) (* 36 ?x2956))))
 (let ((?x632 (* 2 ?x631)))
 (let ((?x3390 (+ (* (- 9) (* s r)) ?x622 ?x2877 ?x632 (* 18 (* x r)) (* 6 (* r00 s r)) (* (- 6) ?x1874) ?x690 (* 18 ?x1945) ?x464 ?x3072 (* (- 18) (* x00 r)) ?x47 (* 9 (* s00 r)) (* 2 (* s00 s)) (* (- 9) ?x1847) (* (- 6) (* r00 s00 r)))))
 (let ((?x2903 (+ (* (- 2) (* s r)) (* 12 (* r00 r00 r)) (* (- 3) r) ?x464 ?x47 ?x48 (* (- 4) (* s00 r)) ?x2818 ?x534 ?x59 ?x569)))
 (let (($x4276 (and $x1918 (= ?x2903 0) (= ?x3390 0) (= ?x3087 0) $x3362 $x797)))
 (rewrite (= $x4276 $x2083)))))))))))))))))))))))))))))))))))))))))))))))))))))))))))))))))))))))))))))))))))))))))))))))))))))))))))))))))))))))))))))))))))))))))))))))))))))))
 ))
 (let (($x361 (exists ((r Int) (s Int) (x Int) )(! (let ((?x211 (* 6 r)))
 (let ((?x212 (+ s ?x211 3)))
 (let ((?x215 (+ r 1)))
 (let ((?x353 (+ (* (- 1) (- x s)) (* 6 ?x215 ?x215 ?x212 (- x s) (- x s)))))
 (let ((?x208 (* 108 x00 x00)))
 (let ((?x299 (* 9 ?x212)))
 (let ((?x139 (* 36 r00 r00 s00)))
 (let ((?x137 (* 9 s00)))
 (let ((?x197 (* 51 s00 s00)))
 (let ((?x284 (* 36 r00 r00 ?x212)))
 (let ((?x192 (* 16 s00 s00 s00)))
 (let ((?x186 (* 108 s00 x00)))
 (let ((?x177 (* 216 r00 r00 r00 s00)))
 (let ((?x175 (* 108 r00 s00 s00)))
 (let ((?x169 (* 432 r00 r00 r00 x00)))
 (let ((?x161 (* 36 r00 r00 s00 s00)))
 (let ((?x157 (- (+ (* 216 r00 s00 x00) (* 108 r00 x00)) (* 54 r00 s00))))
 (let ((?x313 (- (- (+ ?x157 (* 15 ?x212 ?x212)) (* 216 r00 r00 r00 ?x212)) ?x161)))
 (let ((?x316 (+ (- ?x313 (* 4 ?x212 ?x212 ?x212)) (* 108 (- x s) (- x s)))))
 (let ((?x321 (+ (- (- ?x316 ?x169) (* 12 ?x212 ?x212 s00)) (* 108 s00 (- x s)))))
 (let ((?x325 (+ (- ?x321 ?x175) ?x177 (* 108 ?x212 x00) (* 432 r00 r00 r00 (- x s)))))
 (let ((?x331 (- (+ (- ?x325 (* 66 ?x212 s00)) (* 108 r00 ?x212 s00)) ?x186)))
 (let ((?x334 (+ (- ?x331 (* 216 r00 s00 (- x s))) (* 36 r00 r00 ?x212 ?x212) ?x192)))
 (let ((?x339 (- (+ (- ?x334 (* 108 ?x212 (- x s))) ?x284 ?x197) (* 108 r00 (- x s)))))
 (let ((?x346 (- (+ (- (- (+ ?x339 ?x137) ?x139) ?x299) (* 54 r00 ?x212)) (* 216 (- x s) x00))))
 (let ((?x347 (+ ?x346 ?x208)))
 (let ((?x126 (* 15 s00 s00)))
 (let ((?x124 (* 36 r00 r00 x00)))
 (let ((?x118 (* 6 s00 x00)))
 (let ((?x110 (* 2 r00 s00 s00)))
 (let ((?x102 (* 24 r00 s00)))
 (let ((?x268 (+ (- (* (- 24) ?x215 ?x212) (* 54 r00 x00)) (* 36 ?x215 r00 (- x s)) ?x102 (* 3 ?x212 ?x212) (* 54 ?x215 (- x s)))))
 (let ((?x272 (+ (- ?x268 (* 6 s00 (- x s))) (* 4 r00 ?x212 ?x212))))
 (let ((?x279 (- (+ (- (- ?x272 ?x110) (* 6 ?x212 x00)) (* 12 ?x212 s00)) (* 2 r00 ?x212 s00))))
 (let ((?x282 (+ ?x279 ?x118 (* 2 ?x215 ?x212 ?x212) (* 6 ?x212 (- x s)))))
 (let ((?x290 (+ (- (- (- (- ?x282 (* 4 ?x215 s00 s00)) ?x284) ?x124) ?x126) (* 2 ?x215 ?x212 s00))))
 (let ((?x294 (+ (- ?x290 (* 36 ?x215 r00 x00)) (* 54 r00 (- x s)))))
 (let ((?x301 (+ (- (+ (- ?x294 ?x137) ?x139) (* 54 ?x215 x00)) ?x299 (* 24 ?x215 s00))))
 (let ((?x305 (+ (- ?x301 (* 24 r00 ?x212)) (* 36 r00 r00 (- x s)))))
 (let ((?x227 (* 3 ?x212)))
 (let ((?x82 (* 6 r00 r00 s00)))
 (let ((?x44 (* 3 s00)))
 (let ((?x76 (* 4 s00 s00)))
 (let ((?x70 (* 9 r00 s00)))
 (let ((?x244 (+ (- (* (- 9) ?x215 ?x212) (* 18 r00 x00)) ?x70 (* 2 ?x212 ?x212) (* 18 ?x215 (- x s)) (* 6 ?x215 r00 ?x212))))
 (let ((?x249 (+ (- (- ?x244 (* 6 r00 r00 ?x212)) ?x76) (* 18 r00 (- x s)))))
 (let ((?x256 (+ (- (+ (- ?x249 ?x44) ?x82) (* 18 ?x215 x00)) ?x227 (* 9 ?x215 s00) (* 2 ?x212 s00))))
 (let (($x261 (= (- (- ?x256 (* 9 r00 ?x212)) (* 6 ?x215 r00 s00)) 0)))
 (let ((?x61 (* 12 r00 r00 r00)))
 (let ((?x59 (* 6 x00)))
 (let ((?x54 (* 6 r00 s00)))
 (let ((?x48 (* 3 r00)))
 (let ((?x225 (- (+ (* (- 2) ?x215 ?x212) (* 12 ?x215 r00 r00)) (* 3 ?x215))))
 (let ((?x234 (- (+ (- (+ (- ?x225 ?x44) ?x227 ?x48) (* 4 ?x215 s00)) ?x54) (* 6 (- x s)))))
 (let (($x219 (= (- (+ (- s00 ?x212) (* 3 ?x215 ?x215)) (* 3 r00 r00)) 0)))
 (let (($x359 (or (not $x219) (not (= (- (+ ?x234 ?x59) ?x61) 0)) (not $x261) (not (= ?x305 0)) (not (= ?x347 0)) (not (= (* ?x347 (- ?x353 (* 6 ?x215 ?x215 ?x212 ?x212))) 0)))))
 (let ((?x143 (* 9 s)))
 (let ((?x123 (* 36 r00 r00 s)))
 (let ((?x164 (- (- (+ ?x157 (* 15 s s)) (* 216 r00 r00 r00 s)) ?x161)))
 (let ((?x172 (- (- (+ (- ?x164 (* 4 s s s)) (* 108 x x)) ?x169) (* 12 s s s00))))
 (let ((?x180 (+ (- (+ ?x172 (* 108 s00 x)) ?x175) ?x177 (* 108 s x00) (* 432 r00 r00 r00 x))))
 (let ((?x188 (- (+ (- ?x180 (* 66 s s00)) (* 108 r00 s s00)) ?x186)))
 (let ((?x193 (+ (- ?x188 (* 216 r00 s00 x)) (* 36 r00 r00 s s) ?x192)))
 (let ((?x200 (- (+ (- ?x193 (* 108 s x)) ?x123 ?x197) (* 108 r00 x))))
 (let ((?x207 (- (+ (- (- (+ ?x200 ?x137) ?x139) ?x143) (* 54 r00 s)) (* 216 x x00))))
 (let ((?x105 (+ (- (* (- 24) r s) (* 54 r00 x00)) (* 36 r r00 x) ?x102 (* 3 s s) (* 54 r x))))
 (let ((?x112 (- (+ (- ?x105 (* 6 s00 x)) (* 4 r00 s s)) ?x110)))
 (let ((?x117 (- (+ (- ?x112 (* 6 s x00)) (* 12 s s00)) (* 2 r00 s s00))))
 (let ((?x127 (- (+ ?x117 ?x118 (* 2 r s s) (* 6 s x)) (* 4 r s00 s00))))
 (let ((?x134 (- (+ (- (- (- ?x127 ?x123) ?x124) ?x126) (* 2 r s s00)) (* 36 r r00 x00))))
 (let ((?x142 (- (+ (- (+ ?x134 (* 54 r00 x)) ?x137) ?x139) (* 54 r x00))))
 (let ((?x149 (+ (- (+ ?x142 ?x143 (* 24 r s00)) (* 24 r00 s)) (* 36 r00 r00 x))))
 (let ((?x47 (* 3 s)))
 (let ((?x74 (+ (- (* (- 9) r s) (* 18 r00 x00)) ?x70 (* 2 s s) (* 18 r x) (* 6 r r00 s))))
 (let ((?x80 (+ (- (- ?x74 (* 6 r00 r00 s)) ?x76) (* 18 r00 x))))
 (let ((?x88 (+ (- (+ (- ?x80 ?x44) ?x82) (* 18 r x00)) ?x47 (* 9 r s00) (* 2 s s00))))
 (let (($x93 (= (- (- ?x88 (* 9 r00 s)) (* 6 r r00 s00)) 0)))
 (let ((?x56 (* 6 x)))
 (let ((?x43 (* 3 r)))
 (let ((?x46 (- (- (+ (* (- 2) r s) (* 12 r r00 r00)) ?x43) ?x44)))
 (let ((?x60 (+ (- (+ (- (+ ?x46 ?x47 ?x48) (* 4 r s00)) ?x54) ?x56) ?x59)))
 (let (($x36 (= (- (+ (- s00 s) (* 3 r r)) (* 3 r00 r00)) 0)))
 (and $x36 (= (- ?x60 ?x61) 0) $x93 (= ?x149 0) (= (+ ?x207 ?x208) 0) $x359))))))))))))))))))))))))))))))))))))))))))))))))))))))))))))))))))))))))))))))))))) :qid k!40))
 ))
 (let ((?x4289 (lambda ((r Int) (s Int) (x Int) )(let ((?x1456 (* x00 x00)))
 (let ((?x1457 (* 108 ?x1456)))
 (let ((?x4084 (* (- 216) (* x00 (+ x (* (- 1) s))))))
 (let ((?x211 (* 6 r)))
 (let ((?x2772 (+ 3 s ?x211)))
 (let ((?x3558 (* r00 ?x2772)))
 (let ((?x4245 (* 54 ?x3558)))
 (let ((?x4061 (* (- 54) r)))
 (let ((?x3299 (* (- 9) s)))
 (let ((?x3071 (* r00 r00 s00)))
 (let ((?x3277 (* (- 36) ?x3071)))
 (let ((?x137 (* 9 s00)))
 (let ((?x364 (* (- 1) s)))
 (let ((?x3265 (+ x ?x364)))
 (let ((?x3412 (* r00 ?x3265)))
 (let ((?x4205 (* (- 108) ?x3412)))
 (let ((?x677 (* s00 s00)))
 (let ((?x1331 (* 51 ?x677)))
 (let ((?x3269 (* r00 r00 ?x2772)))
 (let ((?x3711 (* 36 ?x3269)))
 (let ((?x3665 (* ?x3265 ?x2772)))
 (let ((?x4053 (* (- 108) ?x3665)))
 (let ((?x1294 (* s00 s00 s00)))
 (let ((?x1295 (* 16 ?x1294)))
 (let ((?x1946 (* 36 (* r00 r00 ?x2772 ?x2772))))
 (let ((?x2253 (* (- 216) (* r00 s00 ?x3265))))
 (let ((?x901 (* s00 x00)))
 (let ((?x1251 (* (- 108) ?x901)))
 (let ((?x3619 (* r00 s00 ?x2772)))
 (let ((?x2553 (* 108 ?x3619)))
 (let ((?x3540 (* s00 ?x2772)))
 (let ((?x1978 (* (- 66) ?x3540)))
 (let ((?x3813 (* 432 (* r00 r00 r00 ?x3265))))
 (let ((?x3543 (* x00 ?x2772)))
 (let ((?x3805 (* 108 ?x3543)))
 (let ((?x2711 (* 216 (* r00 r00 r00 s00))))
 (let ((?x1952 (* r00 s00 s00)))
 (let ((?x2672 (* (- 108) ?x1952)))
 (let ((?x3372 (* s00 ?x3265)))
 (let ((?x3707 (* 108 ?x3372)))
 (let ((?x3678 (* (- 12) (* s00 ?x2772 ?x2772))))
 (let ((?x1008 (* r00 r00 r00 x00)))
 (let ((?x1039 (* (- 432) ?x1008)))
 (let ((?x3588 (* 108 (* ?x3265 ?x3265))))
 (let ((?x3536 (* (- 4) (* ?x2772 ?x2772 ?x2772))))
 (let ((?x3601 (* (- 36) (* r00 r00 s00 s00))))
 (let ((?x1137 (* (- 216) (* r00 r00 r00 ?x2772))))
 (let ((?x3101 (* ?x2772 ?x2772)))
 (let ((?x633 (* 15 ?x3101)))
 (let ((?x2815 (* r00 s00)))
 (let ((?x2866 (* (- 54) ?x2815)))
 (let ((?x608 (* r00 x00)))
 (let ((?x613 (* 108 ?x608)))
 (let ((?x3127 (* 216 (* r00 s00 x00))))
 (let ((?x4161 (+ (- 27) ?x3127 ?x613 ?x2866 ?x633 ?x1137 ?x3601 ?x3536 ?x3588 ?x1039 ?x3678 ?x3707 ?x2672 ?x2711 ?x3805 ?x3813 ?x1978 ?x2553 ?x1251 ?x2253 ?x1946 ?x1295 ?x4053 ?x3711 ?x1331 ?x4205 ?x137 ?x3277 ?x3299 ?x4061 ?x4245 ?x4084 ?x1457)))
 (let ((?x3884 (* (- 1) x)))
 (let ((?x1500 (+ ?x3884 s (* 6 (* (+ 1 r) (+ 1 r) ?x3265 ?x3265 ?x2772)) (* (- 6) (* (+ 1 r) (+ 1 r) ?x2772 ?x2772)))))
 (let (($x4275 (not (= (* ?x1500 ?x4161) 0))))
 (let ((?x4286 (+ ?x3127 ?x613 ?x2866 ?x633 ?x1137 ?x3601 ?x3536 ?x3588 ?x1039 ?x3678 ?x3707 ?x2672 ?x2711 ?x3805 ?x3813 ?x1978 ?x2553 ?x1251 ?x2253 ?x1946 ?x1295 ?x4053 ?x3711 ?x1331 ?x4205 ?x137 ?x3277 ?x3299 ?x4061 ?x4245 ?x4084 ?x1457)))
 (let (($x4002 (not (= ?x4286 27))))
 (let ((?x143 (* 9 s)))
 (let ((?x2424 (* 36 ?x3071)))
 (let ((?x1083 (* (- 9) s00)))
 (let ((?x1012 (* (- 15) ?x677)))
 (let ((?x973 (* r00 r00 x00)))
 (let ((?x986 (* (- 36) ?x973)))
 (let ((?x902 (* 6 ?x901)))
 (let ((?x2458 (* (- 2) ?x1952)))
 (let ((?x2869 (* 24 ?x2815)))
 (let ((?x645 (* (- 54) ?x608)))
 (let ((?x2611 (+ (* (- 24) (* (+ 1 r) ?x2772)) ?x645 (* 36 (* r00 (+ 1 r) ?x3265)) ?x2869 (* 3 ?x3101) (* 54 (* (+ 1 r) ?x3265)) (* (- 6) ?x3372) (* 4 (* r00 ?x2772 ?x2772)) ?x2458 (* (- 6) ?x3543) (* 12 ?x3540) (* (- 2) ?x3619) ?x902 (* 2 (* (+ 1 r) ?x2772 ?x2772)) (* 6 ?x3665) (* (- 4) (* s00 s00 (+ 1 r))) (* (- 36) ?x3269) ?x986 ?x1012 (* 2 (* s00 (+ 1 r) ?x2772)) (* (- 36) (* r00 x00 (+ 1 r))) (* 54 ?x3412) ?x1083 ?x2424 (* (- 54) (* x00 (+ 1 r))) ?x143 (* 54 r) (* 24 (* s00 (+ 1 r))) (* (- 24) ?x3558) (* 36 (* r00 r00 ?x3265)))))
 (let ((?x47 (* 3 s)))
 (let ((?x3072 (* 6 ?x3071)))
 (let ((?x464 (* (- 3) s00)))
 (let ((?x690 (* (- 4) ?x677)))
 (let ((?x2877 (* 9 ?x2815)))
 (let ((?x622 (* (- 18) ?x608)))
 (let ((?x3616 (+ (* (- 9) (* (+ 1 r) ?x2772)) ?x622 ?x2877 (* 2 ?x3101) (* 18 (* (+ 1 r) ?x3265)) (* 6 (* r00 (+ 1 r) ?x2772)) (* (- 6) ?x3269) ?x690 (* 18 ?x3412) ?x464 ?x3072 (* (- 18) (* x00 (+ 1 r))) ?x47 (* 18 r) (* 9 (* s00 (+ 1 r))) (* 2 ?x3540) (* (- 9) ?x3558) (* (- 6) (* r00 s00 (+ 1 r))))))
 (let ((?x555 (* r00 r00 r00)))
 (let ((?x569 (* (- 12) ?x555)))
 (let ((?x59 (* 6 x00)))
 (let ((?x534 (* (- 6) x)))
 (let ((?x2818 (* 6 ?x2815)))
 (let ((?x48 (* 3 r00)))
 (let ((?x3384 (+ (* (- 2) (* (+ 1 r) ?x2772)) (* 12 (* r00 r00 (+ 1 r))) (* 15 r) ?x464 ?x143 ?x48 (* (- 4) (* s00 (+ 1 r))) ?x2818 ?x534 ?x59 ?x569)))
 (let ((?x385 (* r00 r00)))
 (let ((?x1873 (* (- 3) ?x385)))
 (let ((?x2485 (+ s00 ?x364 (* (- 6) r) (* 3 (* (+ 1 r) (+ 1 r))) ?x1873)))
 (let (($x2598 (not (= ?x2485 3))))
 (let (($x797 (or $x2598 (not (= ?x3384 (- 6))) (not (= ?x3616 (- 9))) (not (= ?x2611 (- 27))) $x4002 $x4275)))
 (let ((?x1847 (* r00 s)))
 (let ((?x3746 (* 54 ?x1847)))
 (let ((?x1874 (* r00 r00 s)))
 (let ((?x2590 (* 36 ?x1874)))
 (let ((?x3510 (* r00 r00 s s)))
 (let ((?x3511 (* 36 ?x3510)))
 (let ((?x3316 (* r00 r00 r00 x)))
 (let ((?x3317 (* 432 ?x3316)))
 (let ((?x2080 (* s00 x)))
 (let ((?x3255 (* 108 ?x2080)))
 (let ((?x978 (* x x)))
 (let ((?x979 (* 108 ?x978)))
 (let ((?x915 (* s s s)))
 (let ((?x933 (* (- 4) ?x915)))
 (let ((?x3357 (+ ?x3127 ?x613 ?x2866 (* 15 (* s s)) (* (- 216) (* r00 r00 r00 s)) ?x3601 ?x933 ?x979 ?x1039 (* (- 12) (* s00 s s)) ?x3255 ?x2672 ?x2711 (* 108 (* x00 s)) ?x3317 (* (- 66) (* s00 s)) (* 108 (* r00 s00 s)) ?x1251 (* (- 216) (* r00 s00 x)) ?x3511 ?x1295 (* (- 108) (* x s)) ?x2590 ?x1331 (* (- 108) (* r00 x)) ?x137 ?x3277 ?x3299 ?x3746 (* (- 216) (* x00 x)) ?x1457)))
 (let (($x3362 (= ?x3357 0)))
 (let ((?x2624 (* (- 36) ?x1874)))
 (let ((?x631 (* s s)))
 (let ((?x663 (* 3 ?x631)))
 (let ((?x3087 (+ (* (- 24) (* s r)) ?x645 (* 36 (* r00 x r)) ?x2869 ?x663 (* 54 (* x r)) (* (- 6) ?x2080) (* 4 (* r00 s s)) ?x2458 (* (- 6) (* x00 s)) (* 12 (* s00 s)) (* (- 2) (* r00 s00 s)) ?x902 (* 2 (* s s r)) (* 6 (* x s)) (* (- 4) (* s00 s00 r)) ?x2624 ?x986 ?x1012 (* 2 (* s00 s r)) (* (- 36) (* r00 x00 r)) (* 54 (* r00 x)) ?x1083 ?x2424 (* (- 54) (* x00 r)) ?x143 (* 24 (* s00 r)) (* (- 24) ?x1847) (* 36 (* r00 r00 x)))))
 (let ((?x632 (* 2 ?x631)))
 (let ((?x3390 (+ (* (- 9) (* s r)) ?x622 ?x2877 ?x632 (* 18 (* x r)) (* 6 (* r00 s r)) (* (- 6) ?x1874) ?x690 (* 18 (* r00 x)) ?x464 ?x3072 (* (- 18) (* x00 r)) ?x47 (* 9 (* s00 r)) (* 2 (* s00 s)) (* (- 9) ?x1847) (* (- 6) (* r00 s00 r)))))
 (let ((?x2903 (+ (* (- 2) (* s r)) (* 12 (* r00 r00 r)) (* (- 3) r) ?x464 ?x47 ?x48 (* (- 4) (* s00 r)) ?x2818 ?x534 ?x59 ?x569)))
 (let (($x1918 (= (+ s00 ?x364 (* 3 (* r r)) ?x1873) 0)))
 (let (($x4276 (and $x1918 (= ?x2903 0) (= ?x3390 0) (= ?x3087 0) $x3362 $x797)))
 (let ((?x212 (+ s ?x211 3)))
 (let ((?x215 (+ r 1)))
 (let ((?x353 (+ (* (- 1) (- x s)) (* 6 ?x215 ?x215 ?x212 (- x s) (- x s)))))
 (let ((?x208 (* 108 x00 x00)))
 (let ((?x299 (* 9 ?x212)))
 (let ((?x139 (* 36 r00 r00 s00)))
 (let ((?x197 (* 51 s00 s00)))
 (let ((?x284 (* 36 r00 r00 ?x212)))
 (let ((?x192 (* 16 s00 s00 s00)))
 (let ((?x186 (* 108 s00 x00)))
 (let ((?x177 (* 216 r00 r00 r00 s00)))
 (let ((?x175 (* 108 r00 s00 s00)))
 (let ((?x169 (* 432 r00 r00 r00 x00)))
 (let ((?x161 (* 36 r00 r00 s00 s00)))
 (let ((?x157 (- (+ (* 216 r00 s00 x00) (* 108 r00 x00)) (* 54 r00 s00))))
 (let ((?x313 (- (- (+ ?x157 (* 15 ?x212 ?x212)) (* 216 r00 r00 r00 ?x212)) ?x161)))
 (let ((?x316 (+ (- ?x313 (* 4 ?x212 ?x212 ?x212)) (* 108 (- x s) (- x s)))))
 (let ((?x321 (+ (- (- ?x316 ?x169) (* 12 ?x212 ?x212 s00)) (* 108 s00 (- x s)))))
 (let ((?x325 (+ (- ?x321 ?x175) ?x177 (* 108 ?x212 x00) (* 432 r00 r00 r00 (- x s)))))
 (let ((?x331 (- (+ (- ?x325 (* 66 ?x212 s00)) (* 108 r00 ?x212 s00)) ?x186)))
 (let ((?x334 (+ (- ?x331 (* 216 r00 s00 (- x s))) (* 36 r00 r00 ?x212 ?x212) ?x192)))
 (let ((?x339 (- (+ (- ?x334 (* 108 ?x212 (- x s))) ?x284 ?x197) (* 108 r00 (- x s)))))
 (let ((?x346 (- (+ (- (- (+ ?x339 ?x137) ?x139) ?x299) (* 54 r00 ?x212)) (* 216 (- x s) x00))))
 (let ((?x347 (+ ?x346 ?x208)))
 (let ((?x126 (* 15 s00 s00)))
 (let ((?x124 (* 36 r00 r00 x00)))
 (let ((?x118 (* 6 s00 x00)))
 (let ((?x110 (* 2 r00 s00 s00)))
 (let ((?x102 (* 24 r00 s00)))
 (let ((?x268 (+ (- (* (- 24) ?x215 ?x212) (* 54 r00 x00)) (* 36 ?x215 r00 (- x s)) ?x102 (* 3 ?x212 ?x212) (* 54 ?x215 (- x s)))))
 (let ((?x272 (+ (- ?x268 (* 6 s00 (- x s))) (* 4 r00 ?x212 ?x212))))
 (let ((?x279 (- (+ (- (- ?x272 ?x110) (* 6 ?x212 x00)) (* 12 ?x212 s00)) (* 2 r00 ?x212 s00))))
 (let ((?x282 (+ ?x279 ?x118 (* 2 ?x215 ?x212 ?x212) (* 6 ?x212 (- x s)))))
 (let ((?x290 (+ (- (- (- (- ?x282 (* 4 ?x215 s00 s00)) ?x284) ?x124) ?x126) (* 2 ?x215 ?x212 s00))))
 (let ((?x294 (+ (- ?x290 (* 36 ?x215 r00 x00)) (* 54 r00 (- x s)))))
 (let ((?x301 (+ (- (+ (- ?x294 ?x137) ?x139) (* 54 ?x215 x00)) ?x299 (* 24 ?x215 s00))))
 (let ((?x305 (+ (- ?x301 (* 24 r00 ?x212)) (* 36 r00 r00 (- x s)))))
 (let ((?x227 (* 3 ?x212)))
 (let ((?x82 (* 6 r00 r00 s00)))
 (let ((?x44 (* 3 s00)))
 (let ((?x76 (* 4 s00 s00)))
 (let ((?x70 (* 9 r00 s00)))
 (let ((?x244 (+ (- (* (- 9) ?x215 ?x212) (* 18 r00 x00)) ?x70 (* 2 ?x212 ?x212) (* 18 ?x215 (- x s)) (* 6 ?x215 r00 ?x212))))
 (let ((?x249 (+ (- (- ?x244 (* 6 r00 r00 ?x212)) ?x76) (* 18 r00 (- x s)))))
 (let ((?x256 (+ (- (+ (- ?x249 ?x44) ?x82) (* 18 ?x215 x00)) ?x227 (* 9 ?x215 s00) (* 2 ?x212 s00))))
 (let (($x261 (= (- (- ?x256 (* 9 r00 ?x212)) (* 6 ?x215 r00 s00)) 0)))
 (let ((?x61 (* 12 r00 r00 r00)))
 (let ((?x54 (* 6 r00 s00)))
 (let ((?x225 (- (+ (* (- 2) ?x215 ?x212) (* 12 ?x215 r00 r00)) (* 3 ?x215))))
 (let ((?x234 (- (+ (- (+ (- ?x225 ?x44) ?x227 ?x48) (* 4 ?x215 s00)) ?x54) (* 6 (- x s)))))
 (let (($x219 (= (- (+ (- s00 ?x212) (* 3 ?x215 ?x215)) (* 3 r00 r00)) 0)))
 (let (($x359 (or (not $x219) (not (= (- (+ ?x234 ?x59) ?x61) 0)) (not $x261) (not (= ?x305 0)) (not (= ?x347 0)) (not (= (* ?x347 (- ?x353 (* 6 ?x215 ?x215 ?x212 ?x212))) 0)))))
 (let ((?x123 (* 36 r00 r00 s)))
 (let ((?x164 (- (- (+ ?x157 (* 15 s s)) (* 216 r00 r00 r00 s)) ?x161)))
 (let ((?x172 (- (- (+ (- ?x164 (* 4 s s s)) (* 108 x x)) ?x169) (* 12 s s s00))))
 (let ((?x180 (+ (- (+ ?x172 (* 108 s00 x)) ?x175) ?x177 (* 108 s x00) (* 432 r00 r00 r00 x))))
 (let ((?x188 (- (+ (- ?x180 (* 66 s s00)) (* 108 r00 s s00)) ?x186)))
 (let ((?x193 (+ (- ?x188 (* 216 r00 s00 x)) (* 36 r00 r00 s s) ?x192)))
 (let ((?x200 (- (+ (- ?x193 (* 108 s x)) ?x123 ?x197) (* 108 r00 x))))
 (let ((?x207 (- (+ (- (- (+ ?x200 ?x137) ?x139) ?x143) (* 54 r00 s)) (* 216 x x00))))
 (let ((?x105 (+ (- (* (- 24) r s) (* 54 r00 x00)) (* 36 r r00 x) ?x102 (* 3 s s) (* 54 r x))))
 (let ((?x112 (- (+ (- ?x105 (* 6 s00 x)) (* 4 r00 s s)) ?x110)))
 (let ((?x117 (- (+ (- ?x112 (* 6 s x00)) (* 12 s s00)) (* 2 r00 s s00))))
 (let ((?x127 (- (+ ?x117 ?x118 (* 2 r s s) (* 6 s x)) (* 4 r s00 s00))))
 (let ((?x134 (- (+ (- (- (- ?x127 ?x123) ?x124) ?x126) (* 2 r s s00)) (* 36 r r00 x00))))
 (let ((?x142 (- (+ (- (+ ?x134 (* 54 r00 x)) ?x137) ?x139) (* 54 r x00))))
 (let ((?x149 (+ (- (+ ?x142 ?x143 (* 24 r s00)) (* 24 r00 s)) (* 36 r00 r00 x))))
 (let ((?x74 (+ (- (* (- 9) r s) (* 18 r00 x00)) ?x70 (* 2 s s) (* 18 r x) (* 6 r r00 s))))
 (let ((?x80 (+ (- (- ?x74 (* 6 r00 r00 s)) ?x76) (* 18 r00 x))))
 (let ((?x88 (+ (- (+ (- ?x80 ?x44) ?x82) (* 18 r x00)) ?x47 (* 9 r s00) (* 2 s s00))))
 (let (($x93 (= (- (- ?x88 (* 9 r00 s)) (* 6 r r00 s00)) 0)))
 (let ((?x56 (* 6 x)))
 (let ((?x43 (* 3 r)))
 (let ((?x46 (- (- (+ (* (- 2) r s) (* 12 r r00 r00)) ?x43) ?x44)))
 (let ((?x60 (+ (- (+ (- (+ ?x46 ?x47 ?x48) (* 4 r s00)) ?x54) ?x56) ?x59)))
 (let (($x36 (= (- (+ (- s00 s) (* 3 r r)) (* 3 r00 r00)) 0)))
 (let (($x360 (and $x36 (= (- ?x60 ?x61) 0) $x93 (= ?x149 0) (= (+ ?x207 ?x208) 0) $x359)))
 (rewrite (= $x360 $x4276)))))))))))))))))))))))))))))))))))))))))))))))))))))))))))))))))))))))))))))))))))))))))))))))))))))))))))))))))))))))))))))))))))))))))))))))))))))))))))))))))))))))))))))))))))))))))))))))))))
 ))
 (let ((@x362 (asserted $x361)))
 (let ((@x3700 (mp (mp @x362 (quant-intro (proof-bind ?x4289) (= $x361 $x770)) $x770) (rewrite (= $x770 $x770)) $x770)))
 (let ((@x2906 (mp (mp @x3700 (quant-intro (proof-bind ?x3425) (= $x770 $x3487)) $x3487) (quant-intro (proof-bind ?x2773) (= $x3487 $x473)) $x473)))
 (let ((@x1286 (mp (mp~ @x2906 (sk (~ $x473 $x4167)) $x4167) (rewrite (= $x4167 $x885)) $x885)))
 (let ((@x2728 (and-elim @x1286 $x3186)))
 (let ((@x1100 (unit-resolution ((_ th-lemma arith triangle-eq) (or (not $x3186) $x2671)) @x2728 $x2671)))
 (let (($x2613 (>= ?x2285 0)))
 (let ((@x4060 (unit-resolution ((_ th-lemma arith triangle-eq) (or (not $x3186) $x2613)) @x2728 $x2613)))
 (let (($x2706 (<= ?x3182 0)))
 (let ((@x1713 (and-elim @x1286 $x3183)))
 (let ((@x1094 (unit-resolution ((_ th-lemma arith triangle-eq) (or $x3092 $x2706)) @x1713 $x2706)))
 (let (($x803 (>= ?x3182 0)))
 (let ((@x4233 (unit-resolution ((_ th-lemma arith triangle-eq) (or $x3092 $x803)) @x1713 $x803)))
 (let (($x1545 (<= ?x3703 0)))
 (let ((@x2729 (and-elim @x1286 $x1319)))
 (let ((@x2854 (unit-resolution ((_ th-lemma arith triangle-eq) (or (not $x1319) $x1545)) @x2729 $x1545)))
 (let (($x3274 (>= ?x3703 0)))
 (let ((@x2953 (unit-resolution ((_ th-lemma arith triangle-eq) (or (not $x1319) $x3274)) @x2729 $x3274)))
 (let (($x2567 (<= ?x519 0)))
 (let (($x536 (<= ?x1897 0)))
 (let ((@x1044 (and-elim @x1286 $x1898)))
 (let ((@x1018 (unit-resolution ((_ th-lemma arith triangle-eq) (or (not $x1898) $x536)) @x1044 $x536)))
 (let (($x4139 (>= ?x1897 0)))
 (let ((@x1568 (unit-resolution ((_ th-lemma arith triangle-eq) (or (not $x1898) $x4139)) @x1044 $x4139)))
 (let (($x4056 (<= ?x1667 0)))
 (let ((@x2732 (and-elim @x1286 $x874)))
 (let ((@x4216 (unit-resolution ((_ th-lemma arith triangle-eq) (or (not $x874) $x4056)) @x2732 $x4056)))
 (let (($x2625 (>= ?x1667 0)))
 (let ((@x3579 (unit-resolution ((_ th-lemma arith triangle-eq) (or (not $x874) $x2625)) @x2732 $x2625)))
 (let (($x4070 (<= ?x1537 0)))
 (let ((@x2305 ((_ th-lemma arith) (hypothesis (not $x4070)) @x4233 @x1094 @x3579 @x4216 @x1568 @x1018 @x3579 @x4216 @x1568 @x1018 @x4233 @x1094 @x4060 @x1100 false)))
 (let ((@x3162 (lemma @x2305 $x4070)))
 (let (($x2569 (>= ?x1537 0)))
 (let ((@x2437 ((_ th-lemma arith) (hypothesis (not $x2569)) @x4233 @x1094 @x3579 @x4216 @x1568 @x1018 @x3579 @x4216 @x1568 @x1018 @x4233 @x1094 @x4060 @x1100 false)))
 (let ((@x3261 (lemma @x2437 $x2569)))
 (let ((@x1725 ((_ th-lemma arith) (hypothesis (not $x2567)) @x4233 @x1094 @x3261 @x3162 @x3579 @x4216 @x4233 @x1094 @x1568 @x1018 false)))
 (let ((@x3238 (lemma @x1725 $x2567)))
 (let (($x3773 (>= ?x519 0)))
 (let ((@x2931 ((_ th-lemma arith) (hypothesis (not $x3773)) @x4233 @x1094 @x3579 @x4216 @x1568 @x1018 @x3579 @x4216 @x1568 @x1018 @x4233 @x1094 @x4060 @x1100 false)))
 (let ((@x2682 (lemma @x2931 $x3773)))
 (let (($x3901 (not (>= ?x2199 0))))
 (let (($x2094 (<= ?x2199 0)))
 (let ((@x3292 ((_ th-lemma arith) (hypothesis (not $x2094)) @x4233 @x1094 @x3261 @x3162 @x3579 @x4216 @x3579 @x4216 @x1568 @x1018 @x3579 @x4216 @x1568 @x1018 @x1568 @x1018 @x2682 @x3238 @x4060 @x1100 @x4233 @x1094 @x2953 @x2854 @x4233 @x1094 @x4060 @x1100 false)))
 (let ((@x4144 (unit-resolution ((_ th-lemma arith triangle-eq) (or $x3697 (not $x4070) (not $x2569))) @x3162 (or $x3697 (not $x2569)))))
 (let ((@x2757 (unit-resolution ((_ th-lemma arith triangle-eq) (or $x823 (not $x2567) (not $x3773))) @x2682 (or $x823 (not $x2567)))))
 (let (($x3776 (<= ?x2378 0)))
 (let (($x4128 (<= ?x1280 0)))
 (let (($x4147 (not $x3776)))
 (let ((@x2702 (hypothesis $x4147)))
 (let ((@x2564 ((_ th-lemma arith) @x2702 (hypothesis (not $x4128)) @x4233 @x1094 @x1568 @x1018 @x1568 @x1018 @x3579 @x4216 @x2953 @x2854 @x3579 @x4216 @x3579 @x4216 @x4233 @x1094 @x4233 @x1094 @x4060 @x1100 @x1568 @x1018 @x4060 @x1100 @x4233 @x1094 false)))
 (let (($x1215 (>= ?x1280 0)))
 (let (($x3172 (not $x1215)))
 (let ((@x3173 (hypothesis $x3172)))
 (let ((@x3134 ((_ th-lemma arith) @x2702 @x3173 @x4233 @x1094 @x1568 @x1018 @x3579 @x4216 @x1568 @x1018 @x2953 @x2854 @x3579 @x4216 @x4233 @x1094 @x4233 @x1094 @x4060 @x1100 @x3579 @x4216 @x1568 @x1018 @x4060 @x1100 @x4233 @x1094 false)))
 (let ((@x4240 ((_ th-lemma arith farkas 1 1 1) @x2702 (unit-resolution (lemma @x3134 (or $x1215 $x3776)) @x2702 $x1215) (unit-resolution (lemma @x2564 (or $x4128 $x3776)) @x2702 $x4128) false)))
 (let (($x1656 (>= ?x2378 0)))
 (let (($x4150 (not $x4128)))
 (let (($x3256 (= ?x1280 0)))
 (let (($x4198 (not $x3256)))
 (let (($x3114 (not $x1656)))
 (let ((@x3774 (hypothesis $x3114)))
 (let ((@x2666 ((_ th-lemma arith farkas 1 1 1) @x3774 (unit-resolution ((_ th-lemma arith triangle-eq) (or $x4198 $x1215)) (hypothesis $x3256) $x1215) (unit-resolution ((_ th-lemma arith triangle-eq) (or $x4198 $x4128)) (hypothesis $x3256) $x4128) false)))
 (let ((@x3180 ((_ th-lemma arith) @x3774 @x3173 @x4233 @x1094 @x2953 @x2854 @x4233 @x1094 @x4060 @x1100 @x3579 @x4216 @x1568 @x1018 @x3579 @x4216 @x1568 @x1018 @x4060 @x1100 @x4233 @x1094 false)))
 (let ((@x4221 (unit-resolution ((_ th-lemma arith triangle-eq) (or $x3256 $x4150 $x3172)) (unit-resolution (lemma @x3180 (or $x1215 $x1656)) @x3774 $x1215) (unit-resolution (lemma @x2666 (or $x4198 $x1656)) @x3774 $x4198) $x4150)))
 (let ((@x2388 ((_ th-lemma arith) @x3774 @x4221 @x4233 @x1094 @x2953 @x2854 @x4233 @x1094 @x4060 @x1100 @x3579 @x4216 @x1568 @x1018 @x3579 @x4216 @x1568 @x1018 @x4060 @x1100 @x4233 @x1094 false)))
 (let ((@x2652 (unit-resolution ((_ th-lemma arith triangle-eq) (or $x1283 $x4147 $x3114)) (lemma @x2388 $x1656) (or $x1283 $x4147))))
 (let ((@x4237 (unit-resolution (hypothesis $x2799) ((_ th-lemma arith eq-propagate -4 -4 -1 -1) @x4233 @x1094 @x4060 @x1100 $x2272) false)))
 (let ((@x4009 (unit-resolution (and-elim @x1286 $x1284) @x1713 (or $x2799 $x2316 $x3405 $x840 $x2406))))
 (let ((@x1271 (unit-resolution (unit-resolution @x4009 (lemma @x4237 $x2272) (or $x2316 $x3405 $x840 $x2406)) (unit-resolution @x2652 (lemma @x4240 $x3776) $x1283) (or $x2316 $x3405 $x840))))
 (let ((@x1957 (unit-resolution @x1271 (unit-resolution @x2757 @x3238 $x823) (unit-resolution @x4144 @x3261 $x3697) $x840)))
 (let ((@x4253 (unit-resolution ((_ th-lemma arith triangle-eq) (or $x1453 (not $x2094) $x3901)) @x1957 (or (not $x2094) $x3901))))
 ((_ th-lemma arith) (unit-resolution @x4253 (lemma @x3292 $x2094) $x3901) @x4233 @x1094 @x3261 @x3162 @x3579 @x4216 @x3579 @x4216 @x1568 @x1018 @x3579 @x4216 @x1568 @x1018 @x1568 @x1018 @x2682 @x3238 @x4060 @x1100 @x4233 @x1094 @x2953 @x2854 @x4233 @x1094 @x4060 @x1100 false)))))))))))))))))))))))))))))))))))))))))))))))))))))))))))))))))))))))))))))))))))))))))))))))))))))))))))))))))))))))))))))))))))))))))))))))))))))))))))))))))))))))))))))))))))))))))))))))))))))))))))))))))))))))))))))))))))))))))))))))))))))))))))))))))))))))))))))))))))))))))))))))))))))))))))))))))))))))))))))))))))))))))))))))))

(:added-eqs                 29
 :arith-assert-diseq        21
 :arith-assert-lower        252
 :arith-assert-upper        290
 :arith-branch-var          8
 :arith-conflicts           17
 :arith-eq-adapter          13
 :arith-fixed-eqs           12
 :arith-gcd-tests           87
 :arith-grobner             11
 :arith-ineq-splits         8
 :arith-max-min             4276
 :arith-nonlinear-bounds    262
 :arith-nonlinear-horner    94
 :arith-num-rows            11
 :arith-patches             24
 :arith-patches_succ        9
 :arith-pivots              19
 :arith-pseudo-nonlinear    11
 :arith-row-summations      34
 :arith-tableau-max-columns 173
 :arith-tableau-max-rows    11
 :conflicts                 19
 :decisions                 305
 :del-clause                52
 :final-checks              45
 :max-memory                8.02
 :memory                    3.59
 :mk-bool-var               230
 :mk-clause                 56
 :num-allocs                19868504142.00
 :num-checks                1
 :propagations              120
 :rlimit-count              10913196
 :time                      7.55
 :total-time                7.04)
