unsat
((set-logic NIA)
(declare-fun r!2 () Int)
(declare-fun s!1 () Int)
(declare-fun x!0 () Int)
(proof
(let ((?x3679 (* r!2 r!2)))
 (let ((?x2963 (* 3 ?x3679)))
 (let ((?x1660 (* (- 1) s!1)))
 (let ((?x384 (* r00 r00)))
 (let ((?x398 (* (- 3) ?x384)))
 (let ((?x2338 (+ s00 ?x398 ?x1660 ?x2963)))
 (let (($x2192 (<= ?x2338 0)))
 (let (($x2348 (= ?x2338 0)))
 (let ((?x3620 (* r!2 x!0)))
 (let ((?x966 (* 12 ?x3620)))
 (let ((?x2962 (* (- 27) (* r!2 x!0 x!0))))
 (let ((?x3577 (* 6 (* s!1 s!1 x!0))))
 (let ((?x2961 (* (- 18) (* r!2 r!2 x!0 x!0))))
 (let ((?x3474 (* s!1 s!1 s!1)))
 (let ((?x955 (* (- 3) ?x3474)))
 (let ((?x2649 (* (- 3) (* s!1 x!0 x!0))))
 (let ((?x2758 (* x!0 x!0)))
 (let ((?x957 (* (- 9) ?x2758)))
 (let ((?x3458 (* 6 (* r!2 r!2 x!0))))
 (let ((?x2156 (* s!1 s!1)))
 (let ((?x3208 (* (- 9) ?x2156)))
 (let ((?x2004 (* 6 x!0)))
 (let ((?x3207 (* (- 6) s!1)))
 (let ((?x1509 (* s!1 x!0)))
 (let ((?x954 (* 18 ?x1509)))
 (let ((?x3095 (* 6 r!2)))
 (let ((?x2430 (+ 3 s!1 ?x3095)))
 (let ((?x2862 (+ ?x1660 x!0)))
 (let ((?x1860 (+ 1 r!2)))
 (let ((?x1789 (+ (* (- 27) (* s!1 s!1 r!2)) (* (- 6) (* ?x1860 ?x2862 ?x2862 ?x2430 ?x2430)) (* (- 6) (* s!1 r!2 r!2)) (* (- 3) (* s!1 r!2 x!0 x!0)) ?x954 (* (- 18) (* s!1 s!1 r!2 r!2)) (* 6 (* s!1 s!1 r!2 x!0)) ?x3207 ?x2004 ?x3208 ?x3458 (* (- 12) (* s!1 r!2)) ?x957 ?x2649 ?x955 ?x2961 (* 54 (* s!1 r!2 x!0)) (* (- 3) (* s!1 s!1 s!1 r!2)) ?x3577 ?x2962 ?x966 (* 36 (* s!1 r!2 r!2 x!0)))))
 (let ((?x1251 (* ?x1789 ?x2338)))
 (let (($x1510 (= ?x1251 0)))
 (let (($x2458 (not $x1510)))
 (let ((?x3706 (* 756 ?x3679)))
 (let ((?x3193 (* 648 ?x3620)))
 (let ((?x3475 (* 4 ?x3474)))
 (let ((?x2757 (* (- 108) ?x2758)))
 (let ((?x2588 (* r!2 r!2 r!2)))
 (let ((?x1276 (* 864 ?x2588)))
 (let ((?x3276 (* (- 195) ?x2156)))
 (let ((?x3702 (* 324 x!0)))
 (let ((?x3824 (* 162 r!2)))
 (let ((?x3694 (* (- 297) s!1)))
 (let ((?x1987 (* 324 ?x1509)))
 (let ((?x1455 (* x00 x00)))
 (let ((?x1485 (* (- 108) ?x1455)))
 (let ((?x1293 (* s00 s00 s00)))
 (let ((?x1484 (* (- 16) ?x1293)))
 (let ((?x1181 (* s00 r00 r00 r00)))
 (let ((?x1480 (* (- 216) ?x1181)))
 (let ((?x1007 (* r00 r00 r00 x00)))
 (let ((?x1008 (* 432 ?x1007)))
 (let ((?x900 (* s00 x00)))
 (let ((?x1238 (* 108 ?x900)))
 (let ((?x864 (* s00 s00 r00 r00)))
 (let ((?x865 (* 36 ?x864)))
 (let ((?x777 (* s00 s00 r00)))
 (let ((?x1135 (* 108 ?x777)))
 (let ((?x732 (* s00 r00 r00)))
 (let ((?x1095 (* 36 ?x732)))
 (let ((?x676 (* s00 s00)))
 (let ((?x1474 (* (- 51) ?x676)))
 (let ((?x607 (* r00 x00)))
 (let ((?x1471 (* (- 108) ?x607)))
 (let ((?x603 (* s00 r00 x00)))
 (let ((?x1470 (* (- 216) ?x603)))
 (let ((?x554 (* r00 r00 r00)))
 (let ((?x3866 (* 648 ?x554)))
 (let ((?x511 (* s00 r00)))
 (let ((?x1092 (* (- 270) ?x511)))
 (let ((?x1087 (* (- 432) ?x384)))
 (let ((?x3860 (* (- 324) x00)))
 (let ((?x1077 (* (- 162) r00)))
 (let ((?x3859 (* 297 s00)))
 (let ((?x2699 (+ ?x3859 ?x1077 ?x3860 ?x1087 (* (- 324) (* s00 r00 s!1)) (* 72 (* s!1 s!1 r!2)) (* (- 648) (* s00 r00 r!2)) ?x1092 ?x3866 (* 432 (* s!1 r!2 r!2)) ?x1470 ?x1471 ?x1474 (* (- 648) (* x00 r!2)) ?x1095 (* 648 (* r00 r00 r00 s!1)) ?x1135 ?x865 ?x1238 (* (- 432) (* r00 r00 s!1 r!2)) ?x1008 (* 216 (* s00 r00 x!0)) ?x1480 ?x1484 ?x1485 ?x1987 (* (- 252) (* r00 r00 s!1)) (* 432 (* s00 r!2 r!2)) (* (- 432) (* r00 r00 r00 x!0)) (* (- 324) (* r00 r!2)) (* 246 (* s00 s!1)) (* (- 1296) (* r00 r00 r!2 r!2)) ?x3694 ?x3824 (* (- 36) (* r00 r00 s!1 s!1)) ?x3702 ?x3276 (* 216 (* x00 x!0)) (* (- 396) (* s!1 r!2)) (* (- 1512) (* r00 r00 r!2)) (* (- 108) (* s00 x!0)) ?x1276 (* 828 (* s00 r!2)) (* 1296 (* r00 r00 r00 r!2)) ?x2757 (* 12 (* s00 s!1 s!1)) (* 144 (* s00 s!1 r!2)) (* (- 162) (* r00 s!1)) ?x3475 ?x3193 ?x3706 (* 108 (* r00 x!0)) (* (- 324) (* x00 s!1)))))
 (let (($x2797 (= ?x2699 0)))
 (let (($x1859 (not $x2797)))
 (let ((?x2009 (* 108 ?x3679)))
 (let ((?x2460 (* 90 ?x3620)))
 (let ((?x2803 (* 72 ?x2588)))
 (let ((?x3502 (* (- 1) ?x2156)))
 (let ((?x2878 (* 72 x!0)))
 (let ((?x3506 (* 36 r!2)))
 (let ((?x3508 (* (- 57) s!1)))
 (let ((?x769 (* 6 ?x1509)))
 (let ((?x972 (* r00 r00 x00)))
 (let ((?x985 (* (- 36) ?x972)))
 (let ((?x901 (* 6 ?x900)))
 (let ((?x795 (* (- 2) ?x777)))
 (let ((?x1752 (* (- 19) ?x676)))
 (let ((?x1956 (* (- 90) ?x607)))
 (let ((?x1921 (* 18 ?x511)))
 (let ((?x3671 (* (- 108) ?x384)))
 (let ((?x3365 (* (- 72) x00)))
 (let ((?x787 (* (- 36) r00)))
 (let ((?x3170 (* 57 s00)))
 (let ((?x1528 (+ ?x3170 ?x787 ?x3365 ?x3671 (* (- 2) (* s00 r00 s!1)) (* 2 (* s!1 s!1 r!2)) (* (- 12) (* s00 r00 r!2)) ?x1921 (* 24 (* s!1 r!2 r!2)) ?x1956 (* 12 (* r00 s!1 r!2)) ?x1752 (* (- 90) (* x00 r!2)) ?x1095 ?x795 ?x901 ?x985 ?x769 (* (- 72) (* r00 r00 s!1)) (* 36 (* r00 r00 x!0)) (* (- 36) (* r00 x00 r!2)) (* 12 (* s00 r!2 r!2)) (* 20 (* s00 s!1)) (* 36 (* r00 r!2 x!0)) ?x3508 ?x3506 ?x2878 ?x3502 (* 144 (* r00 r!2 r!2)) (* (- 42) (* s!1 r!2)) (* (- 216) (* r00 r00 r!2)) (* (- 6) (* s00 x!0)) ?x2803 (* 114 (* s00 r!2)) (* 4 (* r00 s!1 s!1)) (* (- 4) (* s00 s00 r!2)) (* 2 (* s00 s!1 r!2)) (* (- 90) (* r00 s!1)) ?x2460 ?x2009 (* 90 (* r00 x!0)) (* (- 6) (* x00 s!1)))))
 (let (($x1856 (= ?x1528 0)))
 (let (($x873 (not $x1856)))
 (let ((?x2197 (* 18 ?x3679)))
 (let ((?x3621 (* 18 ?x3620)))
 (let ((?x3619 (* 2 ?x2156)))
 (let ((?x1239 (* 18 x!0)))
 (let ((?x2425 (* 9 r!2)))
 (let ((?x3480 (* (- 12) s!1)))
 (let ((?x733 (* 6 ?x732)))
 (let ((?x689 (* (- 4) ?x676)))
 (let ((?x621 (* (- 18) ?x607)))
 (let ((?x3763 (* 3 ?x511)))
 (let ((?x3747 (* (- 18) ?x384)))
 (let ((?x3534 (* (- 18) x00)))
 (let ((?x2801 (* (- 9) r00)))
 (let ((?x2582 (* 12 s00)))
 (let ((?x464 (+ ?x2582 ?x2801 ?x3534 ?x3747 (* (- 6) (* s00 r00 r!2)) ?x3763 ?x621 (* 6 (* r00 s!1 r!2)) ?x689 (* (- 18) (* x00 r!2)) ?x733 (* (- 6) (* r00 r00 s!1)) (* 2 (* s00 s!1)) ?x3480 ?x2425 ?x1239 ?x3619 (* 36 (* r00 r!2 r!2)) (* (- 3) (* s!1 r!2)) (* (- 36) (* r00 r00 r!2)) (* 21 (* s00 r!2)) (* (- 21) (* r00 s!1)) ?x3621 ?x2197 (* 18 (* r00 x!0)))))
 (let (($x1698 (= ?x464 0)))
 (let (($x2160 (not $x1698)))
 (let ((?x2660 (* 12 ?x3679)))
 (let ((?x2620 (* s00 r!2)))
 (let ((?x2954 (* 4 ?x2620)))
 (let ((?x2401 (* r00 r00 r!2)))
 (let ((?x427 (* (- 12) ?x2401)))
 (let ((?x2317 (* s!1 r!2)))
 (let ((?x625 (* 2 ?x2317)))
 (let ((?x856 (* 3 r!2)))
 (let ((?x1369 (* (- 7) s!1)))
 (let ((?x555 (* 12 ?x554)))
 (let ((?x589 (* (- 6) ?x511)))
 (let ((?x1076 (* (- 12) ?x384)))
 (let ((?x586 (* (- 6) x00)))
 (let ((?x585 (* (- 3) r00)))
 (let ((?x1399 (* 7 s00)))
 (let ((?x3381 (+ ?x1399 ?x585 ?x586 ?x1076 ?x589 ?x555 ?x1369 ?x856 ?x2004 ?x625 ?x427 ?x2954 ?x2660)))
 (let (($x2152 (= ?x3381 0)))
 (let (($x492 (not $x2152)))
 (let (($x1362 (not $x2348)))
 (let (($x1106 (or $x1362 $x492 $x2160 $x873 $x1859 $x2458)))
 (let ((?x1098 (* (- 9) s!1)))
 (let ((?x1566 (* r00 r00 s!1)))
 (let ((?x2269 (* 36 ?x1566)))
 (let ((?x2638 (* 108 ?x1455)))
 (let ((?x2291 (* 16 ?x1293)))
 (let ((?x614 (* (- 432) ?x1007)))
 (let ((?x3395 (* (- 108) ?x900)))
 (let ((?x1383 (* (- 36) ?x732)))
 (let ((?x3407 (* 51 ?x676)))
 (let ((?x1906 (* 108 ?x607)))
 (let ((?x137 (* 9 s00)))
 (let ((?x3640 (+ ?x137 (* 108 (* s00 r00 s!1)) (* (- 54) ?x511) (* 216 ?x603) ?x1906 ?x3407 ?x1383 (* (- 216) (* r00 r00 r00 s!1)) (* (- 108) ?x777) (* (- 36) ?x864) ?x3395 ?x614 (* (- 216) (* s00 r00 x!0)) (* 216 ?x1181) ?x2291 ?x2638 (* (- 108) ?x1509) ?x2269 (* 432 (* r00 r00 r00 x!0)) (* (- 66) (* s00 s!1)) ?x1098 (* 36 (* r00 r00 s!1 s!1)) (* 15 ?x2156) (* (- 216) (* x00 x!0)) (* 108 (* s00 x!0)) (* 108 ?x2758) (* (- 12) (* s00 s!1 s!1)) (* 54 (* r00 s!1)) (* (- 4) ?x3474) (* (- 108) (* r00 x!0)) (* 108 (* x00 s!1)))))
 (let (($x3639 (= ?x3640 0)))
 (let ((?x973 (* 36 ?x972)))
 (let ((?x3028 (* (- 6) ?x900)))
 (let ((?x778 (* 2 ?x777)))
 (let ((?x3840 (* 15 ?x676)))
 (let ((?x1706 (* 54 ?x607)))
 (let ((?x752 (+ ?x137 (* 2 (* s00 r00 s!1)) (* (- 2) (* s!1 s!1 r!2)) (* (- 24) ?x511) ?x1706 ?x3840 (* 54 (* x00 r!2)) ?x1383 ?x778 ?x3028 ?x973 (* (- 6) ?x1509) ?x2269 (* (- 36) (* r00 r00 x!0)) (* 36 (* r00 x00 r!2)) (* (- 12) (* s00 s!1)) (* (- 36) (* r00 r!2 x!0)) ?x1098 (* (- 3) ?x2156) (* 24 ?x2317) (* 6 (* s00 x!0)) (* (- 24) ?x2620) (* (- 4) (* r00 s!1 s!1)) (* 4 (* s00 s00 r!2)) (* (- 2) (* s00 s!1 r!2)) (* 24 (* r00 s!1)) (* (- 54) ?x3620) (* (- 54) (* r00 x!0)) (* 6 (* x00 s!1)))))
 (let (($x760 (= ?x752 0)))
 (let ((?x853 (* (- 3) s!1)))
 (let ((?x2246 (* (- 6) ?x732)))
 (let ((?x677 (* 4 ?x676)))
 (let ((?x608 (* 18 ?x607)))
 (let ((?x44 (* 3 s00)))
 (let ((?x2422 (+ ?x44 (* 6 (* s00 r00 r!2)) (* (- 9) ?x511) ?x608 (* (- 6) (* r00 s!1 r!2)) ?x677 (* 18 (* x00 r!2)) ?x2246 (* 6 ?x1566) (* (- 2) (* s00 s!1)) ?x853 (* (- 2) ?x2156) (* 9 ?x2317) (* (- 9) ?x2620) (* 9 (* r00 s!1)) (* (- 18) ?x3620) (* (- 18) (* r00 x!0)))))
 (let (($x3082 (= ?x2422 0)))
 (let ((?x578 (+ ?x44 ?x585 ?x586 ?x589 ?x555 ?x853 ?x856 ?x2004 ?x625 ?x427 ?x2954)))
 (let (($x2666 (= ?x578 0)))
 (let (($x3651 (and $x2348 $x2666 $x3082 $x760 $x3639 $x1106)))
 (let ((?x2375 (* (- 6) (* ?x1860 ?x2862 ?x2862 (+ 3 ?x3095 s!1) (+ 3 ?x3095 s!1)))))
 (let ((?x2846 (+ ?x3207 ?x2004 (* (- 12) (* r!2 s!1)) ?x3208 ?x966 (* (- 27) (* r!2 s!1 s!1)) ?x954 ?x955 ?x957 ?x2375 ?x3458 (* (- 6) (* r!2 r!2 s!1)) ?x2649 (* (- 3) (* r!2 s!1 x!0 x!0)) (* (- 18) (* r!2 r!2 s!1 s!1)) (* (- 3) (* r!2 s!1 s!1 s!1)) (* 54 (* r!2 s!1 x!0)) (* 36 (* r!2 r!2 s!1 x!0)) ?x3577 (* 6 (* r!2 s!1 s!1 x!0)) ?x2962 ?x2961)))
 (let ((?x1578 (* 216 (* x!0 x00))))
 (let ((?x1577 (* (- 36) (* s!1 s!1 r00 r00))))
 (let ((?x387 (* 216 (* x!0 s00 r00))))
 (let ((?x3097 (* (- 432) (* x!0 r00 r00 r00))))
 (let ((?x3797 (* 12 (* s!1 s!1 s00))))
 (let ((?x704 (* x!0 s00)))
 (let ((?x3394 (* (- 108) ?x704)))
 (let ((?x686 (* x!0 r00)))
 (let ((?x3393 (* 108 ?x686)))
 (let ((?x3189 (+ ?x3824 ?x3694 ?x3702 ?x3859 ?x1077 ?x3860 ?x3706 ?x1087 (* (- 396) (* r!2 s!1)) (* (- 1512) (* r!2 r00 r00)) (* 828 (* r!2 s00)) ?x1092 ?x3866 ?x1470 ?x1471 ?x3276 ?x3193 (* (- 252) (* s!1 r00 r00)) ?x1474 ?x3393 ?x3394 ?x1095 (* (- 648) (* r!2 x00)) (* 648 (* s!1 r00 r00 r00)) (* 246 (* s!1 s00)) ?x1135 (* (- 162) (* s!1 r00)) (* (- 648) (* r!2 s00 r00)) (* (- 324) (* s!1 x00)) ?x865 (* (- 324) (* s!1 s00 r00)) ?x1238 (* 72 (* r!2 s!1 s!1)) ?x1987 ?x3475 (* (- 432) (* r!2 s!1 r00 r00)) (* (- 1296) (* r!2 r!2 r00 r00)) ?x2757 ?x1008 (* 144 (* r!2 s!1 s00)) ?x3797 ?x1480 ?x3097 ?x387 ?x1577 ?x1484 ?x1578 ?x1485 (* (- 324) (* r!2 r00)) (* 1296 (* r!2 r00 r00 r00)) ?x1276 (* 432 (* r!2 r!2 s!1)) (* 432 (* r!2 r!2 s00)))))
 (let ((?x2208 (* 36 (* x!0 r00 r00))))
 (let ((?x2415 (* (- 36) (* r!2 r00 x00))))
 (let ((?x1983 (* r!2 s!1 s00)))
 (let ((?x2026 (* 2 ?x1983)))
 (let ((?x1982 (* (- 4) (* r!2 s00 s00))))
 (let ((?x3429 (* r!2 s!1 s!1)))
 (let ((?x1716 (* 2 ?x3429)))
 (let ((?x1821 (* s!1 s00 r00)))
 (let ((?x3524 (* (- 2) ?x1821)))
 (let ((?x2005 (* s!1 x00)))
 (let ((?x3549 (* (- 6) ?x2005)))
 (let ((?x2711 (* 4 (* s!1 s!1 r00))))
 (let ((?x2119 (* (- 6) ?x704)))
 (let ((?x710 (* 36 (* r!2 x!0 r00))))
 (let ((?x782 (+ ?x3506 ?x3508 ?x2878 ?x3170 ?x787 ?x3365 ?x2009 ?x3671 (* (- 42) (* r!2 s!1)) (* (- 216) (* r!2 r00 r00)) (* 114 (* r!2 s00)) ?x1921 ?x1956 ?x3502 ?x2460 (* 12 (* r!2 s!1 r00)) (* (- 72) (* s!1 r00 r00)) ?x710 ?x1752 (* 90 ?x686) ?x2119 ?x1095 (* (- 90) (* r!2 x00)) ?x2711 (* 20 (* s!1 s00)) ?x795 (* (- 90) (* s!1 r00)) (* (- 12) (* r!2 s00 r00)) ?x3549 ?x3524 ?x901 ?x1716 ?x769 ?x1982 ?x985 ?x2026 ?x2415 ?x2208 ?x2803 (* 24 (* r!2 r!2 s!1)) (* 12 (* r!2 r!2 s00)) (* 144 (* r!2 r!2 r00)))))
 (let ((?x3684 (* r!2 s00 r00)))
 (let ((?x3682 (* (- 6) ?x3684)))
 (let ((?x3464 (* s!1 s00)))
 (let ((?x3686 (* 2 ?x3464)))
 (let ((?x2118 (* r!2 x00)))
 (let ((?x2112 (* (- 18) ?x2118)))
 (let ((?x3465 (* 18 ?x686)))
 (let ((?x3488 (* s!1 r00 r00)))
 (let ((?x647 (* (- 6) ?x3488)))
 (let ((?x2598 (* r!2 s!1 r00)))
 (let ((?x948 (* 6 ?x2598)))
 (let ((?x2833 (+ ?x2425 ?x3480 ?x1239 ?x2582 ?x2801 ?x3534 ?x2197 ?x3747 (* (- 3) (* r!2 s!1)) (* (- 36) (* r!2 r00 r00)) (* 21 (* r!2 s00)) ?x3763 ?x621 ?x3619 ?x3621 ?x948 ?x647 ?x689 ?x3465 ?x733 ?x2112 ?x3686 (* (- 21) (* s!1 r00)) ?x3682 (* 36 (* r!2 r!2 r00)))))
 (let ((?x2800 (* r!2 s00)))
 (let ((?x989 (* 4 ?x2800)))
 (let ((?x1942 (* r!2 r00 r00)))
 (let ((?x1663 (* (- 12) ?x1942)))
 (let ((?x1830 (* r!2 s!1)))
 (let ((?x1892 (* 2 ?x1830)))
 (let ((?x1778 (+ ?x856 ?x1369 ?x2004 ?x1399 ?x585 ?x586 ?x2660 ?x1076 ?x1892 ?x1663 ?x989 ?x589 ?x555)))
 (let (($x3658 (= (+ s!1 (* (- 1) s00) (* (- 3) ?x3679) (* 3 ?x384)) 0)))
 (let (($x2094 (or (not $x3658) (not (= ?x1778 0)) (not (= ?x2833 0)) (not (= ?x782 0)) (not (= ?x3189 0)) (not (= (* ?x2846 (+ ?x1660 s00 ?x2963 ?x398)) 0)))))
 (let ((?x2755 (* (- 36) ?x3488)))
 (let ((?x613 (* 54 ?x511)))
 (let ((?x1082 (* (- 9) s00)))
 (let ((?x3680 (* 9 s!1)))
 (let ((?x1579 (+ ?x3680 ?x1082 ?x613 ?x1470 ?x1471 (* (- 15) ?x2156) ?x2755 ?x1474 ?x3393 ?x3394 ?x1095 (* 216 (* s!1 r00 r00 r00)) (* 66 ?x3464) ?x1135 (* (- 54) (* s!1 r00)) (* (- 108) ?x2005) ?x865 (* (- 108) ?x1821) ?x1238 (* 108 ?x1509) ?x3475 ?x2757 ?x1008 ?x3797 ?x1480 ?x3097 ?x387 ?x1577 ?x1484 ?x1578 ?x1485)))
 (let ((?x1011 (* (- 15) ?x676)))
 (let ((?x644 (* (- 54) ?x607)))
 (let ((?x659 (* 24 ?x511)))
 (let ((?x2367 (+ ?x3680 ?x1082 (* (- 24) ?x1830) (* 24 ?x2800) ?x659 ?x644 (* 3 ?x2156) (* 54 ?x3620) ?x2755 ?x710 ?x1011 (* 54 ?x686) ?x2119 ?x1095 (* (- 54) ?x2118) ?x2711 (* 12 ?x3464) ?x795 (* (- 24) (* s!1 r00)) ?x3549 ?x3524 ?x901 ?x1716 ?x769 ?x1982 ?x985 ?x2026 ?x2415 ?x2208)))
 (let ((?x626 (* 9 ?x511)))
 (let ((?x463 (* (- 3) s00)))
 (let ((?x1149 (+ (* 3 s!1) ?x463 (* (- 9) ?x1830) (* 9 ?x2800) ?x626 ?x621 ?x3619 ?x3621 ?x948 ?x647 ?x689 ?x3465 ?x733 ?x2112 ?x3686 (* (- 9) (* s!1 r00)) ?x3682)))
 (let (($x3573 (= (+ ?x856 ?x853 ?x2004 ?x44 ?x585 ?x586 ?x1892 ?x1663 ?x989 ?x589 ?x555) 0)))
 (let (($x2096 (and $x3658 $x3573 (= ?x1149 0) (= ?x2367 0) (= ?x1579 0) $x2094)))
 (let (($x889 (exists ((r Int) (s Int) (x Int) )(! (let ((?x384 (* r00 r00)))
 (let ((?x398 (* (- 3) ?x384)))
 (let ((?x372 (* r r)))
 (let ((?x373 (* 3 ?x372)))
 (let ((?x363 (* (- 1) s)))
 (let ((?x3660 (* (- 18) (* r r x x))))
 (let ((?x3722 (* (- 27) (* r x x))))
 (let ((?x3721 (* 6 (* r s s x))))
 (let ((?x3717 (* 6 (* s s x))))
 (let ((?x3716 (* 36 (* r r s x))))
 (let ((?x3715 (* 54 (* r s x))))
 (let ((?x3451 (* (- 3) (* r s s s))))
 (let ((?x3443 (* (- 18) (* r r s s))))
 (let ((?x3666 (* (- 3) (* r s x x))))
 (let ((?x3663 (* (- 3) (* s x x))))
 (let ((?x2073 (* 6 (* r r x))))
 (let ((?x211 (* 6 r)))
 (let ((?x1492 (+ 3 ?x211 s)))
 (let ((?x1785 (+ ?x363 x)))
 (let ((?x1525 (+ 1 r)))
 (let ((?x977 (* x x)))
 (let ((?x3390 (* (- 9) ?x977)))
 (let ((?x914 (* s s s)))
 (let ((?x3446 (* (- 3) ?x914)))
 (let ((?x908 (* s x)))
 (let ((?x3387 (* 18 ?x908)))
 (let ((?x904 (* r s s)))
 (let ((?x3714 (* (- 27) ?x904)))
 (let ((?x630 (* s s)))
 (let ((?x3372 (* (- 9) ?x630)))
 (let ((?x56 (* 6 x)))
 (let ((?x1799 (* (- 6) s)))
 (let ((?x896 (+ ?x1799 ?x56 (* (- 12) (* r s)) ?x3372 (* 12 (* r x)) ?x3714 ?x3387 ?x3446 ?x3390 (* (- 6) (* ?x1525 ?x1785 ?x1785 ?x1492 ?x1492)) ?x2073 (* (- 6) (* r r s)) ?x3663 ?x3666 ?x3443 ?x3451 ?x3715 ?x3716 ?x3717 ?x3721 ?x3722 ?x3660)))
 (let ((?x3246 (* r r s00)))
 (let ((?x3900 (* 432 ?x3246)))
 (let ((?x2935 (* r r s)))
 (let ((?x3896 (* 432 ?x2935)))
 (let ((?x2920 (* r r r)))
 (let ((?x3895 (* 864 ?x2920)))
 (let ((?x3889 (* 1296 (* r r00 r00 r00))))
 (let ((?x1455 (* x00 x00)))
 (let ((?x1485 (* (- 108) ?x1455)))
 (let ((?x1430 (* 216 (* x x00))))
 (let ((?x1293 (* s00 s00 s00)))
 (let ((?x1484 (* (- 16) ?x1293)))
 (let ((?x1482 (* (- 36) (* s s r00 r00))))
 (let ((?x1264 (* 216 (* x s00 r00))))
 (let ((?x1481 (* (- 432) (* x r00 r00 r00))))
 (let ((?x1181 (* s00 r00 r00 r00)))
 (let ((?x1480 (* (- 216) ?x1181)))
 (let ((?x1066 (* 12 (* s s s00))))
 (let ((?x1024 (* r s s00)))
 (let ((?x3876 (* 144 ?x1024)))
 (let ((?x1007 (* r00 r00 r00 x00)))
 (let ((?x1008 (* 432 ?x1007)))
 (let ((?x1479 (* (- 108) ?x977)))
 (let ((?x916 (* 4 ?x914)))
 (let ((?x3875 (* 72 ?x904)))
 (let ((?x900 (* s00 x00)))
 (let ((?x1238 (* 108 ?x900)))
 (let ((?x864 (* s00 s00 r00 r00)))
 (let ((?x865 (* 36 ?x864)))
 (let ((?x823 (* s x00)))
 (let ((?x3873 (* (- 324) ?x823)))
 (let ((?x777 (* s00 s00 r00)))
 (let ((?x1135 (* 108 ?x777)))
 (let ((?x732 (* s00 r00 r00)))
 (let ((?x1095 (* 36 ?x732)))
 (let ((?x706 (* x s00)))
 (let ((?x1475 (* (- 108) ?x706)))
 (let ((?x702 (* x r00)))
 (let ((?x1341 (* 108 ?x702)))
 (let ((?x676 (* s00 s00)))
 (let ((?x1474 (* (- 51) ?x676)))
 (let ((?x634 (* r x)))
 (let ((?x3869 (* 648 ?x634)))
 (let ((?x607 (* r00 x00)))
 (let ((?x1471 (* (- 108) ?x607)))
 (let ((?x603 (* s00 r00 x00)))
 (let ((?x1470 (* (- 216) ?x603)))
 (let ((?x554 (* r00 r00 r00)))
 (let ((?x3866 (* 648 ?x554)))
 (let ((?x511 (* s00 r00)))
 (let ((?x1092 (* (- 270) ?x511)))
 (let ((?x484 (* r s00)))
 (let ((?x3865 (* 828 ?x484)))
 (let ((?x1087 (* (- 432) ?x384)))
 (let ((?x3860 (* (- 324) x00)))
 (let ((?x1077 (* (- 162) r00)))
 (let ((?x3859 (* 297 s00)))
 (let ((?x3575 (* 324 x)))
 (let ((?x1673 (+ (* 162 r) (* (- 297) s) ?x3575 ?x3859 ?x1077 ?x3860 (* 756 ?x372) ?x1087 (* (- 396) (* r s)) (* (- 1512) (* r r00 r00)) ?x3865 ?x1092 ?x3866 ?x1470 ?x1471 (* (- 195) ?x630) ?x3869 (* (- 252) (* s r00 r00)) ?x1474 ?x1341 ?x1475 ?x1095 (* (- 648) (* r x00)) (* 648 (* s r00 r00 r00)) (* 246 (* s s00)) ?x1135 (* (- 162) (* s r00)) (* (- 648) (* r s00 r00)) ?x3873 ?x865 (* (- 324) (* s s00 r00)) ?x1238 ?x3875 (* 324 ?x908) ?x916 (* (- 432) (* r s r00 r00)) (* (- 1296) (* r r r00 r00)) ?x1479 ?x1008 ?x3876 ?x1066 ?x1480 ?x1481 ?x1264 ?x1482 ?x1484 ?x1430 ?x1485 (* (- 324) (* r r00)) ?x3889 ?x3895 ?x3896 ?x3900)))
 (let ((?x1168 (* 36 (* x r00 r00))))
 (let ((?x1036 (* r r00 x00)))
 (let ((?x1049 (* (- 36) ?x1036)))
 (let ((?x1025 (* 2 ?x1024)))
 (let ((?x972 (* r00 r00 x00)))
 (let ((?x985 (* (- 36) ?x972)))
 (let ((?x920 (* r s00 s00)))
 (let ((?x933 (* (- 4) ?x920)))
 (let ((?x909 (* 6 ?x908)))
 (let ((?x905 (* 2 ?x904)))
 (let ((?x901 (* 6 ?x900)))
 (let ((?x874 (* s s00 r00)))
 (let ((?x887 (* (- 2) ?x874)))
 (let ((?x850 (* (- 6) ?x823)))
 (let ((?x795 (* (- 2) ?x777)))
 (let ((?x750 (* 4 (* s s r00))))
 (let ((?x721 (* (- 6) ?x706)))
 (let ((?x1752 (* (- 19) ?x676)))
 (let ((?x654 (* 36 (* r x r00))))
 (let ((?x1956 (* (- 90) ?x607)))
 (let ((?x1921 (* 18 ?x511)))
 (let ((?x3671 (* (- 108) ?x384)))
 (let ((?x3365 (* (- 72) x00)))
 (let ((?x787 (* (- 36) r00)))
 (let ((?x3170 (* 57 s00)))
 (let ((?x1217 (+ (* 36 r) (* (- 57) s) (* 72 x) ?x3170 ?x787 ?x3365 (* 108 ?x372) ?x3671 (* (- 42) (* r s)) (* (- 216) (* r r00 r00)) (* 114 ?x484) ?x1921 ?x1956 (* (- 1) ?x630) (* 90 ?x634) (* 12 (* r s r00)) (* (- 72) (* s r00 r00)) ?x654 ?x1752 (* 90 ?x702) ?x721 ?x1095 (* (- 90) (* r x00)) ?x750 (* 20 (* s s00)) ?x795 (* (- 90) (* s r00)) (* (- 12) (* r s00 r00)) ?x850 ?x887 ?x901 ?x905 ?x909 ?x933 ?x985 ?x1025 ?x1049 ?x1168 (* 72 ?x2920) (* 24 ?x2935) (* 12 ?x3246) (* 144 (* r r r00)))))
 (let ((?x811 (* r s00 r00)))
 (let ((?x824 (* (- 6) ?x811)))
 (let ((?x773 (* s s00)))
 (let ((?x774 (* 2 ?x773)))
 (let ((?x744 (* r x00)))
 (let ((?x757 (* (- 18) ?x744)))
 (let ((?x733 (* 6 ?x732)))
 (let ((?x703 (* 18 ?x702)))
 (let ((?x689 (* (- 4) ?x676)))
 (let ((?x650 (* s r00 r00)))
 (let ((?x663 (* (- 6) ?x650)))
 (let ((?x638 (* r s r00)))
 (let ((?x639 (* 6 ?x638)))
 (let ((?x635 (* 18 ?x634)))
 (let ((?x631 (* 2 ?x630)))
 (let ((?x621 (* (- 18) ?x607)))
 (let ((?x3763 (* 3 ?x511)))
 (let ((?x3747 (* (- 18) ?x384)))
 (let ((?x3534 (* (- 18) x00)))
 (let ((?x2801 (* (- 9) r00)))
 (let ((?x2582 (* 12 s00)))
 (let ((?x3768 (+ (* 9 r) (* (- 12) s) (* 18 x) ?x2582 ?x2801 ?x3534 (* 18 ?x372) ?x3747 (* (- 3) (* r s)) (* (- 36) (* r r00 r00)) (* 21 ?x484) ?x3763 ?x621 ?x631 ?x635 ?x639 ?x663 ?x689 ?x703 ?x733 ?x757 ?x774 (* (- 21) (* s r00)) ?x824 (* 36 (* r r r00)))))
 (let ((?x555 (* 12 ?x554)))
 (let ((?x589 (* (- 6) ?x511)))
 (let ((?x485 (* 4 ?x484)))
 (let ((?x434 (* r r00 r00)))
 (let ((?x588 (* (- 12) ?x434)))
 (let ((?x428 (* r s)))
 (let ((?x587 (* 2 ?x428)))
 (let ((?x1076 (* (- 12) ?x384)))
 (let ((?x586 (* (- 6) x00)))
 (let ((?x585 (* (- 3) r00)))
 (let ((?x1399 (* 7 s00)))
 (let ((?x43 (* 3 r)))
 (let ((?x2330 (+ ?x43 (* (- 7) s) ?x56 ?x1399 ?x585 ?x586 (* 12 ?x372) ?x1076 ?x587 ?x588 ?x485 ?x589 ?x555)))
 (let (($x417 (= (+ s (* (- 1) s00) (* (- 3) ?x372) (* 3 ?x384)) 0)))
 (let (($x890 (or (not $x417) (not (= ?x2330 0)) (not (= ?x3768 0)) (not (= ?x1217 0)) (not (= ?x1673 0)) (not (= (* ?x896 (+ ?x363 s00 ?x373 ?x398)) 0)))))
 (let ((?x1305 (* 108 ?x908)))
 (let ((?x755 (* s r00 r00 r00)))
 (let ((?x756 (* 216 ?x755)))
 (let ((?x959 (* (- 36) ?x650)))
 (let ((?x613 (* 54 ?x511)))
 (let ((?x1082 (* (- 9) s00)))
 (let ((?x143 (* 9 s)))
 (let ((?x1486 (+ ?x143 ?x1082 ?x613 ?x1470 ?x1471 (* (- 15) ?x630) ?x959 ?x1474 ?x1341 ?x1475 ?x1095 ?x756 (* 66 ?x773) ?x1135 (* (- 54) (* s r00)) (* (- 108) ?x823) ?x865 (* (- 108) ?x874) ?x1238 ?x1305 ?x916 ?x1479 ?x1008 ?x1066 ?x1480 ?x1481 ?x1264 ?x1482 ?x1484 ?x1430 ?x1485)))
 (let (($x1487 (= ?x1486 0)))
 (let ((?x1011 (* (- 15) ?x676)))
 (let ((?x662 (* 3 ?x630)))
 (let ((?x644 (* (- 54) ?x607)))
 (let ((?x659 (* 24 ?x511)))
 (let ((?x1174 (+ ?x143 ?x1082 (* (- 24) ?x428) (* 24 ?x484) ?x659 ?x644 ?x662 (* 54 ?x634) ?x959 ?x654 ?x1011 (* 54 ?x702) ?x721 ?x1095 (* (- 54) ?x744) ?x750 (* 12 ?x773) ?x795 (* (- 24) (* s r00)) ?x850 ?x887 ?x901 ?x905 ?x909 ?x933 ?x985 ?x1025 ?x1049 ?x1168)))
 (let (($x1179 (= ?x1174 0)))
 (let ((?x626 (* 9 ?x511)))
 (let ((?x463 (* (- 3) s00)))
 (let ((?x47 (* 3 s)))
 (let ((?x830 (+ ?x47 ?x463 (* (- 9) ?x428) (* 9 ?x484) ?x626 ?x621 ?x631 ?x635 ?x639 ?x663 ?x689 ?x703 ?x733 ?x757 ?x774 (* (- 9) (* s r00)) ?x824)))
 (let (($x837 (= ?x830 0)))
 (let ((?x44 (* 3 s00)))
 (let ((?x584 (* (- 3) s)))
 (let (($x591 (= (+ ?x43 ?x584 ?x56 ?x44 ?x585 ?x586 ?x587 ?x588 ?x485 ?x589 ?x555) 0)))
 (and $x417 $x591 $x837 $x1179 $x1487 $x890))))))))))))))))))))))))))))))))))))))))))))))))))))))))))))))))))))))))))))))))))))))))))))))))))))))))))))))))))))))))))))))))))))))))))))))))))))))))))))))))))))))))))))))))))) :qid k!40))
 ))
 (let (($x3423 (exists ((r Int) (s Int) (x Int) )(! (let ((?x384 (* r00 r00)))
 (let ((?x398 (* (- 3) ?x384)))
 (let ((?x3544 (* 3 (* (+ 1 r) (+ 1 r)))))
 (let ((?x3494 (* (- 6) r)))
 (let ((?x363 (* (- 1) s)))
 (let ((?x211 (* 6 r)))
 (let ((?x2986 (+ 3 s ?x211)))
 (let ((?x1599 (+ x ?x363)))
 (let ((?x1525 (+ 1 r)))
 (let ((?x1120 (+ (* 6 (* ?x1525 ?x1525 ?x1599)) (* (- 3) (* ?x1525 ?x1599 ?x1599 ?x2986)) (* (- 6) (* ?x1525 ?x1599 ?x1599 ?x2986 ?x2986)))))
 (let (($x2613 (not (= (* ?x1120 (+ (- 3) s00 ?x363 ?x3494 ?x3544 ?x398)) 0))))
 (let ((?x1455 (* x00 x00)))
 (let ((?x2638 (* 108 ?x1455)))
 (let ((?x3123 (* (- 54) r)))
 (let ((?x817 (* (- 9) s)))
 (let ((?x2804 (* r00 r00 s00)))
 (let ((?x1518 (* (- 36) ?x2804)))
 (let ((?x137 (* 9 s00)))
 (let ((?x676 (* s00 s00)))
 (let ((?x3407 (* 51 ?x676)))
 (let ((?x1642 (* r00 r00 ?x2986)))
 (let ((?x3825 (* 36 ?x1642)))
 (let ((?x1293 (* s00 s00 s00)))
 (let ((?x2291 (* 16 ?x1293)))
 (let ((?x900 (* s00 x00)))
 (let ((?x3395 (* (- 108) ?x900)))
 (let ((?x2504 (* 216 (* r00 r00 r00 s00))))
 (let ((?x2447 (* r00 s00 s00)))
 (let ((?x1162 (* (- 108) ?x2447)))
 (let ((?x1007 (* r00 r00 r00 x00)))
 (let ((?x614 (* (- 432) ?x1007)))
 (let ((?x3428 (* (- 36) (* r00 r00 s00 s00))))
 (let ((?x2780 (* r00 s00)))
 (let ((?x2852 (* (- 54) ?x2780)))
 (let ((?x607 (* r00 x00)))
 (let ((?x1906 (* 108 ?x607)))
 (let ((?x674 (* 216 (* r00 s00 x00))))
 (let ((?x3670 (+ ?x674 ?x1906 ?x2852 (* 15 (* ?x2986 ?x2986)) (* (- 216) (* r00 r00 r00 ?x2986)) ?x3428 (* (- 4) (* ?x2986 ?x2986 ?x2986)) (* 108 (* ?x1599 ?x1599)) ?x614 (* (- 12) (* s00 ?x2986 ?x2986)) (* 108 (* s00 ?x1599)) ?x1162 ?x2504 (* 108 (* x00 ?x2986)) (* 432 (* r00 r00 r00 ?x1599)) (* (- 66) (* s00 ?x2986)) (* 108 (* r00 s00 ?x2986)) ?x3395 (* (- 216) (* r00 s00 ?x1599)) (* 36 (* r00 r00 ?x2986 ?x2986)) ?x2291 (* (- 108) (* ?x1599 ?x2986)) ?x3825 ?x3407 (* (- 108) (* r00 ?x1599)) ?x137 ?x1518 ?x817 ?x3123 (* 54 (* r00 ?x2986)) (* (- 216) (* x00 ?x1599)) ?x2638)))
 (let (($x3724 (not (= ?x3670 27))))
 (let ((?x3840 (* 15 ?x676)))
 (let ((?x972 (* r00 r00 x00)))
 (let ((?x973 (* 36 ?x972)))
 (let ((?x3028 (* (- 6) ?x900)))
 (let ((?x2829 (* 2 ?x2447)))
 (let ((?x1539 (* (- 24) ?x2780)))
 (let ((?x1706 (* 54 ?x607)))
 (let ((?x2809 (+ (* 24 (* ?x1525 ?x2986)) ?x1706 (* (- 36) (* r00 ?x1525 ?x1599)) ?x1539 (* (- 3) (* ?x2986 ?x2986)) (* (- 54) (* ?x1525 ?x1599)) (* 6 (* s00 ?x1599)) (* (- 4) (* r00 ?x2986 ?x2986)) ?x2829 (* 6 (* x00 ?x2986)) (* (- 12) (* s00 ?x2986)) (* 2 (* r00 s00 ?x2986)) ?x3028 (* (- 2) (* ?x1525 ?x2986 ?x2986)) (* (- 6) (* ?x1599 ?x2986)) (* 4 (* s00 s00 ?x1525)) ?x3825 ?x973 ?x3840 (* (- 2) (* s00 ?x1525 ?x2986)) (* 36 (* r00 x00 ?x1525)) (* (- 54) (* r00 ?x1599)) ?x137 ?x1518 (* 54 (* x00 ?x1525)) ?x817 ?x3123 (* (- 24) (* s00 ?x1525)) (* 24 (* r00 ?x2986)) (* (- 36) (* r00 r00 ?x1599)))))
 (let ((?x584 (* (- 3) s)))
 (let ((?x2473 (* (- 6) ?x2804)))
 (let ((?x44 (* 3 s00)))
 (let ((?x677 (* 4 ?x676)))
 (let ((?x3837 (* (- 9) ?x2780)))
 (let ((?x608 (* 18 ?x607)))
 (let ((?x2015 (+ (* 9 (* ?x1525 ?x2986)) ?x608 ?x3837 (* (- 2) (* ?x2986 ?x2986)) (* (- 18) (* ?x1525 ?x1599)) (* (- 6) (* r00 ?x1525 ?x2986)) (* 6 ?x1642) ?x677 (* (- 18) (* r00 ?x1599)) ?x44 ?x2473 (* 18 (* x00 ?x1525)) ?x584 (* (- 18) r) (* (- 9) (* s00 ?x1525)) (* (- 2) (* s00 ?x2986)) (* 9 (* r00 ?x2986)) (* 6 (* r00 s00 ?x1525)))))
 (let ((?x554 (* r00 r00 r00)))
 (let ((?x555 (* 12 ?x554)))
 (let ((?x586 (* (- 6) x00)))
 (let ((?x56 (* 6 x)))
 (let ((?x2449 (* (- 6) ?x2780)))
 (let ((?x585 (* (- 3) r00)))
 (let ((?x2001 (+ (* 2 (* ?x1525 ?x2986)) (* (- 12) (* r00 r00 ?x1525)) (* (- 15) r) ?x44 ?x817 ?x585 (* 4 (* s00 ?x1525)) ?x2449 ?x56 ?x586 ?x555)))
 (let (($x1155 (not (= (+ s00 ?x363 ?x3494 ?x3544 ?x398) 3))))
 (let (($x3520 (or $x1155 (not (= ?x2001 6)) (not (= ?x2015 9)) (not (= ?x2809 27)) $x3724 $x2613)))
 (let ((?x1907 (* r00 r00 s)))
 (let ((?x3681 (* 36 ?x1907)))
 (let ((?x2667 (+ ?x674 ?x1906 ?x2852 (* 15 (* s s)) (* (- 216) (* r00 r00 r00 s)) ?x3428 (* (- 4) (* s s s)) (* 108 (* x x)) ?x614 (* (- 12) (* s00 s s)) (* 108 (* s00 x)) ?x1162 ?x2504 (* 108 (* x00 s)) (* 432 (* r00 r00 r00 x)) (* (- 66) (* s00 s)) (* 108 (* r00 s00 s)) ?x3395 (* (- 216) (* r00 s00 x)) (* 36 (* r00 r00 s s)) ?x2291 (* (- 108) (* x s)) ?x3681 ?x3407 (* (- 108) (* r00 x)) ?x137 ?x1518 ?x817 (* 54 (* r00 s)) (* (- 216) (* x00 x)) ?x2638)))
 (let (($x783 (= ?x2667 0)))
 (let ((?x2989 (* r00 r00 x)))
 (let ((?x3071 (* (- 36) ?x2989)))
 (let ((?x2316 (* r00 s s)))
 (let ((?x3056 (* (- 4) ?x2316)))
 (let ((?x3273 (+ (* 24 (* s r)) ?x1706 (* (- 36) (* r00 x r)) ?x1539 (* (- 3) (* s s)) (* (- 54) (* x r)) (* 6 (* s00 x)) ?x3056 ?x2829 (* 6 (* x00 s)) (* (- 12) (* s00 s)) (* 2 (* r00 s00 s)) ?x3028 (* (- 2) (* s s r)) (* (- 6) (* x s)) (* 4 (* s00 s00 r)) ?x3681 ?x973 ?x3840 (* (- 2) (* s00 s r)) (* 36 (* r00 x00 r)) (* (- 54) (* r00 x)) ?x137 ?x1518 (* 54 (* x00 r)) ?x817 (* (- 24) (* s00 r)) (* 24 (* r00 s)) ?x3071)))
 (let ((?x1978 (* r00 x)))
 (let ((?x2263 (* (- 18) ?x1978)))
 (let ((?x630 (* s s)))
 (let ((?x2244 (* (- 2) ?x630)))
 (let ((?x3456 (+ (* 9 (* s r)) ?x608 ?x3837 ?x2244 (* (- 18) (* x r)) (* (- 6) (* r00 s r)) (* 6 ?x1907) ?x677 ?x2263 ?x44 ?x2473 (* 18 (* x00 r)) ?x584 (* (- 9) (* s00 r)) (* (- 2) (* s00 s)) (* 9 (* r00 s)) (* 6 (* r00 s00 r)))))
 (let ((?x43 (* 3 r)))
 (let ((?x2474 (+ (* 2 (* s r)) (* (- 12) (* r00 r00 r)) ?x43 ?x44 ?x584 ?x585 (* 4 (* s00 r)) ?x2449 ?x56 ?x586 ?x555)))
 (let (($x3160 (= (+ s00 ?x363 (* 3 (* r r)) ?x398) 0)))
 (and $x3160 (= ?x2474 0) (= ?x3456 0) (= ?x3273 0) $x783 $x3520))))))))))))))))))))))))))))))))))))))))))))))))))))))))))))))))))))))))))))))))) :qid k!40))
 ))
 (let ((?x881 (lambda ((r Int) (s Int) (x Int) )(let ((?x384 (* r00 r00)))
 (let ((?x398 (* (- 3) ?x384)))
 (let ((?x372 (* r r)))
 (let ((?x373 (* 3 ?x372)))
 (let ((?x363 (* (- 1) s)))
 (let ((?x3660 (* (- 18) (* r r x x))))
 (let ((?x3722 (* (- 27) (* r x x))))
 (let ((?x3721 (* 6 (* r s s x))))
 (let ((?x3717 (* 6 (* s s x))))
 (let ((?x3716 (* 36 (* r r s x))))
 (let ((?x3715 (* 54 (* r s x))))
 (let ((?x3451 (* (- 3) (* r s s s))))
 (let ((?x3443 (* (- 18) (* r r s s))))
 (let ((?x3666 (* (- 3) (* r s x x))))
 (let ((?x3663 (* (- 3) (* s x x))))
 (let ((?x2073 (* 6 (* r r x))))
 (let ((?x211 (* 6 r)))
 (let ((?x1492 (+ 3 ?x211 s)))
 (let ((?x1785 (+ ?x363 x)))
 (let ((?x1525 (+ 1 r)))
 (let ((?x977 (* x x)))
 (let ((?x3390 (* (- 9) ?x977)))
 (let ((?x914 (* s s s)))
 (let ((?x3446 (* (- 3) ?x914)))
 (let ((?x908 (* s x)))
 (let ((?x3387 (* 18 ?x908)))
 (let ((?x904 (* r s s)))
 (let ((?x3714 (* (- 27) ?x904)))
 (let ((?x630 (* s s)))
 (let ((?x3372 (* (- 9) ?x630)))
 (let ((?x56 (* 6 x)))
 (let ((?x1799 (* (- 6) s)))
 (let ((?x896 (+ ?x1799 ?x56 (* (- 12) (* r s)) ?x3372 (* 12 (* r x)) ?x3714 ?x3387 ?x3446 ?x3390 (* (- 6) (* ?x1525 ?x1785 ?x1785 ?x1492 ?x1492)) ?x2073 (* (- 6) (* r r s)) ?x3663 ?x3666 ?x3443 ?x3451 ?x3715 ?x3716 ?x3717 ?x3721 ?x3722 ?x3660)))
 (let ((?x3246 (* r r s00)))
 (let ((?x3900 (* 432 ?x3246)))
 (let ((?x2935 (* r r s)))
 (let ((?x3896 (* 432 ?x2935)))
 (let ((?x2920 (* r r r)))
 (let ((?x3895 (* 864 ?x2920)))
 (let ((?x3889 (* 1296 (* r r00 r00 r00))))
 (let ((?x1455 (* x00 x00)))
 (let ((?x1485 (* (- 108) ?x1455)))
 (let ((?x1430 (* 216 (* x x00))))
 (let ((?x1293 (* s00 s00 s00)))
 (let ((?x1484 (* (- 16) ?x1293)))
 (let ((?x1482 (* (- 36) (* s s r00 r00))))
 (let ((?x1264 (* 216 (* x s00 r00))))
 (let ((?x1481 (* (- 432) (* x r00 r00 r00))))
 (let ((?x1181 (* s00 r00 r00 r00)))
 (let ((?x1480 (* (- 216) ?x1181)))
 (let ((?x1066 (* 12 (* s s s00))))
 (let ((?x1024 (* r s s00)))
 (let ((?x3876 (* 144 ?x1024)))
 (let ((?x1007 (* r00 r00 r00 x00)))
 (let ((?x1008 (* 432 ?x1007)))
 (let ((?x1479 (* (- 108) ?x977)))
 (let ((?x916 (* 4 ?x914)))
 (let ((?x3875 (* 72 ?x904)))
 (let ((?x900 (* s00 x00)))
 (let ((?x1238 (* 108 ?x900)))
 (let ((?x864 (* s00 s00 r00 r00)))
 (let ((?x865 (* 36 ?x864)))
 (let ((?x823 (* s x00)))
 (let ((?x3873 (* (- 324) ?x823)))
 (let ((?x777 (* s00 s00 r00)))
 (let ((?x1135 (* 108 ?x777)))
 (let ((?x732 (* s00 r00 r00)))
 (let ((?x1095 (* 36 ?x732)))
 (let ((?x706 (* x s00)))
 (let ((?x1475 (* (- 108) ?x706)))
 (let ((?x702 (* x r00)))
 (let ((?x1341 (* 108 ?x702)))
 (let ((?x676 (* s00 s00)))
 (let ((?x1474 (* (- 51) ?x676)))
 (let ((?x634 (* r x)))
 (let ((?x3869 (* 648 ?x634)))
 (let ((?x607 (* r00 x00)))
 (let ((?x1471 (* (- 108) ?x607)))
 (let ((?x603 (* s00 r00 x00)))
 (let ((?x1470 (* (- 216) ?x603)))
 (let ((?x554 (* r00 r00 r00)))
 (let ((?x3866 (* 648 ?x554)))
 (let ((?x511 (* s00 r00)))
 (let ((?x1092 (* (- 270) ?x511)))
 (let ((?x484 (* r s00)))
 (let ((?x3865 (* 828 ?x484)))
 (let ((?x1087 (* (- 432) ?x384)))
 (let ((?x3860 (* (- 324) x00)))
 (let ((?x1077 (* (- 162) r00)))
 (let ((?x3859 (* 297 s00)))
 (let ((?x3575 (* 324 x)))
 (let ((?x1673 (+ (* 162 r) (* (- 297) s) ?x3575 ?x3859 ?x1077 ?x3860 (* 756 ?x372) ?x1087 (* (- 396) (* r s)) (* (- 1512) (* r r00 r00)) ?x3865 ?x1092 ?x3866 ?x1470 ?x1471 (* (- 195) ?x630) ?x3869 (* (- 252) (* s r00 r00)) ?x1474 ?x1341 ?x1475 ?x1095 (* (- 648) (* r x00)) (* 648 (* s r00 r00 r00)) (* 246 (* s s00)) ?x1135 (* (- 162) (* s r00)) (* (- 648) (* r s00 r00)) ?x3873 ?x865 (* (- 324) (* s s00 r00)) ?x1238 ?x3875 (* 324 ?x908) ?x916 (* (- 432) (* r s r00 r00)) (* (- 1296) (* r r r00 r00)) ?x1479 ?x1008 ?x3876 ?x1066 ?x1480 ?x1481 ?x1264 ?x1482 ?x1484 ?x1430 ?x1485 (* (- 324) (* r r00)) ?x3889 ?x3895 ?x3896 ?x3900)))
 (let ((?x1168 (* 36 (* x r00 r00))))
 (let ((?x1036 (* r r00 x00)))
 (let ((?x1049 (* (- 36) ?x1036)))
 (let ((?x1025 (* 2 ?x1024)))
 (let ((?x972 (* r00 r00 x00)))
 (let ((?x985 (* (- 36) ?x972)))
 (let ((?x920 (* r s00 s00)))
 (let ((?x933 (* (- 4) ?x920)))
 (let ((?x909 (* 6 ?x908)))
 (let ((?x905 (* 2 ?x904)))
 (let ((?x901 (* 6 ?x900)))
 (let ((?x874 (* s s00 r00)))
 (let ((?x887 (* (- 2) ?x874)))
 (let ((?x850 (* (- 6) ?x823)))
 (let ((?x795 (* (- 2) ?x777)))
 (let ((?x750 (* 4 (* s s r00))))
 (let ((?x721 (* (- 6) ?x706)))
 (let ((?x1752 (* (- 19) ?x676)))
 (let ((?x654 (* 36 (* r x r00))))
 (let ((?x1956 (* (- 90) ?x607)))
 (let ((?x1921 (* 18 ?x511)))
 (let ((?x3671 (* (- 108) ?x384)))
 (let ((?x3365 (* (- 72) x00)))
 (let ((?x787 (* (- 36) r00)))
 (let ((?x3170 (* 57 s00)))
 (let ((?x1217 (+ (* 36 r) (* (- 57) s) (* 72 x) ?x3170 ?x787 ?x3365 (* 108 ?x372) ?x3671 (* (- 42) (* r s)) (* (- 216) (* r r00 r00)) (* 114 ?x484) ?x1921 ?x1956 (* (- 1) ?x630) (* 90 ?x634) (* 12 (* r s r00)) (* (- 72) (* s r00 r00)) ?x654 ?x1752 (* 90 ?x702) ?x721 ?x1095 (* (- 90) (* r x00)) ?x750 (* 20 (* s s00)) ?x795 (* (- 90) (* s r00)) (* (- 12) (* r s00 r00)) ?x850 ?x887 ?x901 ?x905 ?x909 ?x933 ?x985 ?x1025 ?x1049 ?x1168 (* 72 ?x2920) (* 24 ?x2935) (* 12 ?x3246) (* 144 (* r r r00)))))
 (let ((?x811 (* r s00 r00)))
 (let ((?x824 (* (- 6) ?x811)))
 (let ((?x773 (* s s00)))
 (let ((?x774 (* 2 ?x773)))
 (let ((?x744 (* r x00)))
 (let ((?x757 (* (- 18) ?x744)))
 (let ((?x733 (* 6 ?x732)))
 (let ((?x703 (* 18 ?x702)))
 (let ((?x689 (* (- 4) ?x676)))
 (let ((?x650 (* s r00 r00)))
 (let ((?x663 (* (- 6) ?x650)))
 (let ((?x638 (* r s r00)))
 (let ((?x639 (* 6 ?x638)))
 (let ((?x635 (* 18 ?x634)))
 (let ((?x631 (* 2 ?x630)))
 (let ((?x621 (* (- 18) ?x607)))
 (let ((?x3763 (* 3 ?x511)))
 (let ((?x3747 (* (- 18) ?x384)))
 (let ((?x3534 (* (- 18) x00)))
 (let ((?x2801 (* (- 9) r00)))
 (let ((?x2582 (* 12 s00)))
 (let ((?x3768 (+ (* 9 r) (* (- 12) s) (* 18 x) ?x2582 ?x2801 ?x3534 (* 18 ?x372) ?x3747 (* (- 3) (* r s)) (* (- 36) (* r r00 r00)) (* 21 ?x484) ?x3763 ?x621 ?x631 ?x635 ?x639 ?x663 ?x689 ?x703 ?x733 ?x757 ?x774 (* (- 21) (* s r00)) ?x824 (* 36 (* r r r00)))))
 (let ((?x555 (* 12 ?x554)))
 (let ((?x589 (* (- 6) ?x511)))
 (let ((?x485 (* 4 ?x484)))
 (let ((?x434 (* r r00 r00)))
 (let ((?x588 (* (- 12) ?x434)))
 (let ((?x428 (* r s)))
 (let ((?x587 (* 2 ?x428)))
 (let ((?x1076 (* (- 12) ?x384)))
 (let ((?x586 (* (- 6) x00)))
 (let ((?x585 (* (- 3) r00)))
 (let ((?x1399 (* 7 s00)))
 (let ((?x43 (* 3 r)))
 (let ((?x2330 (+ ?x43 (* (- 7) s) ?x56 ?x1399 ?x585 ?x586 (* 12 ?x372) ?x1076 ?x587 ?x588 ?x485 ?x589 ?x555)))
 (let (($x417 (= (+ s (* (- 1) s00) (* (- 3) ?x372) (* 3 ?x384)) 0)))
 (let (($x890 (or (not $x417) (not (= ?x2330 0)) (not (= ?x3768 0)) (not (= ?x1217 0)) (not (= ?x1673 0)) (not (= (* ?x896 (+ ?x363 s00 ?x373 ?x398)) 0)))))
 (let ((?x1305 (* 108 ?x908)))
 (let ((?x755 (* s r00 r00 r00)))
 (let ((?x756 (* 216 ?x755)))
 (let ((?x959 (* (- 36) ?x650)))
 (let ((?x613 (* 54 ?x511)))
 (let ((?x1082 (* (- 9) s00)))
 (let ((?x143 (* 9 s)))
 (let ((?x1486 (+ ?x143 ?x1082 ?x613 ?x1470 ?x1471 (* (- 15) ?x630) ?x959 ?x1474 ?x1341 ?x1475 ?x1095 ?x756 (* 66 ?x773) ?x1135 (* (- 54) (* s r00)) (* (- 108) ?x823) ?x865 (* (- 108) ?x874) ?x1238 ?x1305 ?x916 ?x1479 ?x1008 ?x1066 ?x1480 ?x1481 ?x1264 ?x1482 ?x1484 ?x1430 ?x1485)))
 (let (($x1487 (= ?x1486 0)))
 (let ((?x1011 (* (- 15) ?x676)))
 (let ((?x662 (* 3 ?x630)))
 (let ((?x644 (* (- 54) ?x607)))
 (let ((?x659 (* 24 ?x511)))
 (let ((?x1174 (+ ?x143 ?x1082 (* (- 24) ?x428) (* 24 ?x484) ?x659 ?x644 ?x662 (* 54 ?x634) ?x959 ?x654 ?x1011 (* 54 ?x702) ?x721 ?x1095 (* (- 54) ?x744) ?x750 (* 12 ?x773) ?x795 (* (- 24) (* s r00)) ?x850 ?x887 ?x901 ?x905 ?x909 ?x933 ?x985 ?x1025 ?x1049 ?x1168)))
 (let (($x1179 (= ?x1174 0)))
 (let ((?x626 (* 9 ?x511)))
 (let ((?x463 (* (- 3) s00)))
 (let ((?x47 (* 3 s)))
 (let ((?x830 (+ ?x47 ?x463 (* (- 9) ?x428) (* 9 ?x484) ?x626 ?x621 ?x631 ?x635 ?x639 ?x663 ?x689 ?x703 ?x733 ?x757 ?x774 (* (- 9) (* s r00)) ?x824)))
 (let (($x837 (= ?x830 0)))
 (let ((?x44 (* 3 s00)))
 (let ((?x584 (* (- 3) s)))
 (let (($x591 (= (+ ?x43 ?x584 ?x56 ?x44 ?x585 ?x586 ?x587 ?x588 ?x485 ?x589 ?x555) 0)))
 (let (($x1223 (and $x417 $x591 $x837 $x1179 $x1487 $x890)))
 (let ((?x2986 (+ 3 s ?x211)))
 (let ((?x1599 (+ x ?x363)))
 (let ((?x1120 (+ (* 6 (* ?x1525 ?x1525 ?x1599)) (* (- 3) (* ?x1525 ?x1599 ?x1599 ?x2986)) (* (- 6) (* ?x1525 ?x1599 ?x1599 ?x2986 ?x2986)))))
 (let ((?x899 (* ?x1120 (+ (- 3) s00 ?x363 (* (- 6) r) (* 3 (* ?x1525 ?x1525)) ?x398))))
 (let (($x2613 (not (= ?x899 0))))
 (let ((?x2638 (* 108 ?x1455)))
 (let ((?x3123 (* (- 54) r)))
 (let ((?x817 (* (- 9) s)))
 (let ((?x2804 (* r00 r00 s00)))
 (let ((?x1518 (* (- 36) ?x2804)))
 (let ((?x137 (* 9 s00)))
 (let ((?x3407 (* 51 ?x676)))
 (let ((?x1642 (* r00 r00 ?x2986)))
 (let ((?x3825 (* 36 ?x1642)))
 (let ((?x2291 (* 16 ?x1293)))
 (let ((?x3395 (* (- 108) ?x900)))
 (let ((?x2504 (* 216 (* r00 r00 r00 s00))))
 (let ((?x2447 (* r00 s00 s00)))
 (let ((?x1162 (* (- 108) ?x2447)))
 (let ((?x614 (* (- 432) ?x1007)))
 (let ((?x3428 (* (- 36) (* r00 r00 s00 s00))))
 (let ((?x2780 (* r00 s00)))
 (let ((?x2852 (* (- 54) ?x2780)))
 (let ((?x1906 (* 108 ?x607)))
 (let ((?x674 (* 216 (* r00 s00 x00))))
 (let ((?x3670 (+ ?x674 ?x1906 ?x2852 (* 15 (* ?x2986 ?x2986)) (* (- 216) (* r00 r00 r00 ?x2986)) ?x3428 (* (- 4) (* ?x2986 ?x2986 ?x2986)) (* 108 (* ?x1599 ?x1599)) ?x614 (* (- 12) (* s00 ?x2986 ?x2986)) (* 108 (* s00 ?x1599)) ?x1162 ?x2504 (* 108 (* x00 ?x2986)) (* 432 (* r00 r00 r00 ?x1599)) (* (- 66) (* s00 ?x2986)) (* 108 (* r00 s00 ?x2986)) ?x3395 (* (- 216) (* r00 s00 ?x1599)) (* 36 (* r00 r00 ?x2986 ?x2986)) ?x2291 (* (- 108) (* ?x1599 ?x2986)) ?x3825 ?x3407 (* (- 108) (* r00 ?x1599)) ?x137 ?x1518 ?x817 ?x3123 (* 54 (* r00 ?x2986)) (* (- 216) (* x00 ?x1599)) ?x2638)))
 (let (($x3724 (not (= ?x3670 27))))
 (let ((?x3840 (* 15 ?x676)))
 (let ((?x973 (* 36 ?x972)))
 (let ((?x3028 (* (- 6) ?x900)))
 (let ((?x2829 (* 2 ?x2447)))
 (let ((?x1539 (* (- 24) ?x2780)))
 (let ((?x1706 (* 54 ?x607)))
 (let ((?x2809 (+ (* 24 (* ?x1525 ?x2986)) ?x1706 (* (- 36) (* r00 ?x1525 ?x1599)) ?x1539 (* (- 3) (* ?x2986 ?x2986)) (* (- 54) (* ?x1525 ?x1599)) (* 6 (* s00 ?x1599)) (* (- 4) (* r00 ?x2986 ?x2986)) ?x2829 (* 6 (* x00 ?x2986)) (* (- 12) (* s00 ?x2986)) (* 2 (* r00 s00 ?x2986)) ?x3028 (* (- 2) (* ?x1525 ?x2986 ?x2986)) (* (- 6) (* ?x1599 ?x2986)) (* 4 (* s00 s00 ?x1525)) ?x3825 ?x973 ?x3840 (* (- 2) (* s00 ?x1525 ?x2986)) (* 36 (* r00 x00 ?x1525)) (* (- 54) (* r00 ?x1599)) ?x137 ?x1518 (* 54 (* x00 ?x1525)) ?x817 ?x3123 (* (- 24) (* s00 ?x1525)) (* 24 (* r00 ?x2986)) (* (- 36) (* r00 r00 ?x1599)))))
 (let ((?x2473 (* (- 6) ?x2804)))
 (let ((?x677 (* 4 ?x676)))
 (let ((?x3837 (* (- 9) ?x2780)))
 (let ((?x608 (* 18 ?x607)))
 (let ((?x2015 (+ (* 9 (* ?x1525 ?x2986)) ?x608 ?x3837 (* (- 2) (* ?x2986 ?x2986)) (* (- 18) (* ?x1525 ?x1599)) (* (- 6) (* r00 ?x1525 ?x2986)) (* 6 ?x1642) ?x677 (* (- 18) (* r00 ?x1599)) ?x44 ?x2473 (* 18 (* x00 ?x1525)) ?x584 (* (- 18) r) (* (- 9) (* s00 ?x1525)) (* (- 2) (* s00 ?x2986)) (* 9 (* r00 ?x2986)) (* 6 (* r00 s00 ?x1525)))))
 (let ((?x2449 (* (- 6) ?x2780)))
 (let ((?x2001 (+ (* 2 (* ?x1525 ?x2986)) (* (- 12) (* r00 r00 ?x1525)) (* (- 15) r) ?x44 ?x817 ?x585 (* 4 (* s00 ?x1525)) ?x2449 ?x56 ?x586 ?x555)))
 (let (($x1910 (= (+ s00 ?x363 (* (- 6) r) (* 3 (* ?x1525 ?x1525)) ?x398) 3)))
 (let (($x1155 (not $x1910)))
 (let (($x3520 (or $x1155 (not (= ?x2001 6)) (not (= ?x2015 9)) (not (= ?x2809 27)) $x3724 $x2613)))
 (let ((?x1907 (* r00 r00 s)))
 (let ((?x3681 (* 36 ?x1907)))
 (let ((?x2667 (+ ?x674 ?x1906 ?x2852 (* 15 ?x630) (* (- 216) (* r00 r00 r00 s)) ?x3428 (* (- 4) ?x914) (* 108 ?x977) ?x614 (* (- 12) (* s00 s s)) (* 108 (* s00 x)) ?x1162 ?x2504 (* 108 (* x00 s)) (* 432 (* r00 r00 r00 x)) (* (- 66) (* s00 s)) (* 108 (* r00 s00 s)) ?x3395 (* (- 216) (* r00 s00 x)) (* 36 (* r00 r00 s s)) ?x2291 (* (- 108) (* x s)) ?x3681 ?x3407 (* (- 108) (* r00 x)) ?x137 ?x1518 ?x817 (* 54 (* r00 s)) (* (- 216) (* x00 x)) ?x2638)))
 (let (($x783 (= ?x2667 0)))
 (let ((?x2989 (* r00 r00 x)))
 (let ((?x3071 (* (- 36) ?x2989)))
 (let ((?x2316 (* r00 s s)))
 (let ((?x3056 (* (- 4) ?x2316)))
 (let ((?x3273 (+ (* 24 (* s r)) ?x1706 (* (- 36) (* r00 x r)) ?x1539 (* (- 3) ?x630) (* (- 54) (* x r)) (* 6 (* s00 x)) ?x3056 ?x2829 (* 6 (* x00 s)) (* (- 12) (* s00 s)) (* 2 (* r00 s00 s)) ?x3028 (* (- 2) (* s s r)) (* (- 6) (* x s)) (* 4 (* s00 s00 r)) ?x3681 ?x973 ?x3840 (* (- 2) (* s00 s r)) (* 36 (* r00 x00 r)) (* (- 54) (* r00 x)) ?x137 ?x1518 (* 54 (* x00 r)) ?x817 (* (- 24) (* s00 r)) (* 24 (* r00 s)) ?x3071)))
 (let ((?x1978 (* r00 x)))
 (let ((?x2263 (* (- 18) ?x1978)))
 (let ((?x2244 (* (- 2) ?x630)))
 (let ((?x3456 (+ (* 9 (* s r)) ?x608 ?x3837 ?x2244 (* (- 18) (* x r)) (* (- 6) (* r00 s r)) (* 6 ?x1907) ?x677 ?x2263 ?x44 ?x2473 (* 18 (* x00 r)) ?x584 (* (- 9) (* s00 r)) (* (- 2) (* s00 s)) (* 9 (* r00 s)) (* 6 (* r00 s00 r)))))
 (let ((?x2474 (+ (* 2 (* s r)) (* (- 12) (* r00 r00 r)) ?x43 ?x44 ?x584 ?x585 (* 4 (* s00 r)) ?x2449 ?x56 ?x586 ?x555)))
 (let (($x3160 (= (+ s00 ?x363 ?x373 ?x398) 0)))
 (let (($x2887 (and $x3160 (= ?x2474 0) (= ?x3456 0) (= ?x3273 0) $x783 $x3520)))
 (rewrite (= $x2887 $x1223))))))))))))))))))))))))))))))))))))))))))))))))))))))))))))))))))))))))))))))))))))))))))))))))))))))))))))))))))))))))))))))))))))))))))))))))))))))))))))))))))))))))))))))))))))))))))))))))))))))))))))))))))))))))))))))))))))))))))))))))))
 ))
 (let (($x499 (exists ((r Int) (s Int) (x Int) )(! (let ((?x384 (* r00 r00)))
 (let ((?x398 (* (- 3) ?x384)))
 (let ((?x3544 (* 3 (* (+ 1 r) (+ 1 r)))))
 (let ((?x3494 (* (- 6) r)))
 (let ((?x363 (* (- 1) s)))
 (let ((?x211 (* 6 r)))
 (let ((?x2986 (+ 3 s ?x211)))
 (let ((?x1599 (+ x ?x363)))
 (let ((?x1525 (+ 1 r)))
 (let ((?x1120 (+ (* 6 (* ?x1525 ?x1525 ?x1599)) (* (- 3) (* ?x1525 ?x1599 ?x1599 ?x2986)) (* (- 6) (* ?x1525 ?x1599 ?x1599 ?x2986 ?x2986)))))
 (let (($x2613 (not (= (* ?x1120 (+ (- 3) s00 ?x363 ?x3494 ?x3544 ?x398)) 0))))
 (let ((?x1455 (* x00 x00)))
 (let ((?x2638 (* 108 ?x1455)))
 (let ((?x3123 (* (- 54) r)))
 (let ((?x817 (* (- 9) s)))
 (let ((?x2804 (* r00 r00 s00)))
 (let ((?x1518 (* (- 36) ?x2804)))
 (let ((?x137 (* 9 s00)))
 (let ((?x676 (* s00 s00)))
 (let ((?x3407 (* 51 ?x676)))
 (let ((?x1642 (* r00 r00 ?x2986)))
 (let ((?x3825 (* 36 ?x1642)))
 (let ((?x1293 (* s00 s00 s00)))
 (let ((?x2291 (* 16 ?x1293)))
 (let ((?x900 (* s00 x00)))
 (let ((?x3395 (* (- 108) ?x900)))
 (let ((?x2504 (* 216 (* r00 r00 r00 s00))))
 (let ((?x2447 (* r00 s00 s00)))
 (let ((?x1162 (* (- 108) ?x2447)))
 (let ((?x1007 (* r00 r00 r00 x00)))
 (let ((?x614 (* (- 432) ?x1007)))
 (let ((?x3428 (* (- 36) (* r00 r00 s00 s00))))
 (let ((?x2780 (* r00 s00)))
 (let ((?x2852 (* (- 54) ?x2780)))
 (let ((?x607 (* r00 x00)))
 (let ((?x1906 (* 108 ?x607)))
 (let ((?x674 (* 216 (* r00 s00 x00))))
 (let ((?x3670 (+ ?x674 ?x1906 ?x2852 (* 15 (* ?x2986 ?x2986)) (* (- 216) (* r00 r00 r00 ?x2986)) ?x3428 (* (- 4) (* ?x2986 ?x2986 ?x2986)) (* 108 (* ?x1599 ?x1599)) ?x614 (* (- 12) (* s00 ?x2986 ?x2986)) (* 108 (* s00 ?x1599)) ?x1162 ?x2504 (* 108 (* x00 ?x2986)) (* 432 (* r00 r00 r00 ?x1599)) (* (- 66) (* s00 ?x2986)) (* 108 (* r00 s00 ?x2986)) ?x3395 (* (- 216) (* r00 s00 ?x1599)) (* 36 (* r00 r00 ?x2986 ?x2986)) ?x2291 (* (- 108) (* ?x1599 ?x2986)) ?x3825 ?x3407 (* (- 108) (* r00 ?x1599)) ?x137 ?x1518 ?x817 ?x3123 (* 54 (* r00 ?x2986)) (* (- 216) (* x00 ?x1599)) ?x2638)))
 (let (($x3724 (not (= ?x3670 27))))
 (let ((?x143 (* 9 s)))
 (let ((?x2000 (* 36 ?x2804)))
 (let ((?x1082 (* (- 9) s00)))
 (let ((?x1011 (* (- 15) ?x676)))
 (let ((?x972 (* r00 r00 x00)))
 (let ((?x985 (* (- 36) ?x972)))
 (let ((?x901 (* 6 ?x900)))
 (let ((?x2087 (* (- 2) ?x2447)))
 (let ((?x2841 (* 24 ?x2780)))
 (let ((?x644 (* (- 54) ?x607)))
 (let ((?x3183 (+ (* (- 24) (* ?x1525 ?x2986)) ?x644 (* 36 (* r00 ?x1525 ?x1599)) ?x2841 (* 3 (* ?x2986 ?x2986)) (* 54 (* ?x1525 ?x1599)) (* (- 6) (* s00 ?x1599)) (* 4 (* r00 ?x2986 ?x2986)) ?x2087 (* (- 6) (* x00 ?x2986)) (* 12 (* s00 ?x2986)) (* (- 2) (* r00 s00 ?x2986)) ?x901 (* 2 (* ?x1525 ?x2986 ?x2986)) (* 6 (* ?x1599 ?x2986)) (* (- 4) (* s00 s00 ?x1525)) (* (- 36) ?x1642) ?x985 ?x1011 (* 2 (* s00 ?x1525 ?x2986)) (* (- 36) (* r00 x00 ?x1525)) (* 54 (* r00 ?x1599)) ?x1082 ?x2000 (* (- 54) (* x00 ?x1525)) ?x143 (* 54 r) (* 24 (* s00 ?x1525)) (* (- 24) (* r00 ?x2986)) (* 36 (* r00 r00 ?x1599)))))
 (let ((?x47 (* 3 s)))
 (let ((?x3076 (* 6 ?x2804)))
 (let ((?x463 (* (- 3) s00)))
 (let ((?x689 (* (- 4) ?x676)))
 (let ((?x1744 (* 9 ?x2780)))
 (let ((?x621 (* (- 18) ?x607)))
 (let ((?x911 (+ (* (- 9) (* ?x1525 ?x2986)) ?x621 ?x1744 (* 2 (* ?x2986 ?x2986)) (* 18 (* ?x1525 ?x1599)) (* 6 (* r00 ?x1525 ?x2986)) (* (- 6) ?x1642) ?x689 (* 18 (* r00 ?x1599)) ?x463 ?x3076 (* (- 18) (* x00 ?x1525)) ?x47 (* 18 r) (* 9 (* s00 ?x1525)) (* 2 (* s00 ?x2986)) (* (- 9) (* r00 ?x2986)) (* (- 6) (* r00 s00 ?x1525)))))
 (let ((?x554 (* r00 r00 r00)))
 (let ((?x568 (* (- 12) ?x554)))
 (let ((?x59 (* 6 x00)))
 (let ((?x533 (* (- 6) x)))
 (let ((?x2910 (* 6 ?x2780)))
 (let ((?x48 (* 3 r00)))
 (let ((?x1720 (+ (* (- 2) (* ?x1525 ?x2986)) (* 12 (* r00 r00 ?x1525)) (* 15 r) ?x463 ?x143 ?x48 (* (- 4) (* s00 ?x1525)) ?x2910 ?x533 ?x59 ?x568)))
 (let (($x1155 (not (= (+ s00 ?x363 ?x3494 ?x3544 ?x398) 3))))
 (let (($x2771 (or $x1155 (not (= ?x1720 (- 6))) (not (= ?x911 (- 9))) (not (= ?x3183 (- 27))) $x3724 $x2613)))
 (let ((?x1907 (* r00 r00 s)))
 (let ((?x3681 (* 36 ?x1907)))
 (let ((?x2667 (+ ?x674 ?x1906 ?x2852 (* 15 (* s s)) (* (- 216) (* r00 r00 r00 s)) ?x3428 (* (- 4) (* s s s)) (* 108 (* x x)) ?x614 (* (- 12) (* s00 s s)) (* 108 (* s00 x)) ?x1162 ?x2504 (* 108 (* x00 s)) (* 432 (* r00 r00 r00 x)) (* (- 66) (* s00 s)) (* 108 (* r00 s00 s)) ?x3395 (* (- 216) (* r00 s00 x)) (* 36 (* r00 r00 s s)) ?x2291 (* (- 108) (* x s)) ?x3681 ?x3407 (* (- 108) (* r00 x)) ?x137 ?x1518 ?x817 (* 54 (* r00 s)) (* (- 216) (* x00 x)) ?x2638)))
 (let (($x783 (= ?x2667 0)))
 (let ((?x2657 (* (- 36) ?x1907)))
 (let ((?x630 (* s s)))
 (let ((?x662 (* 3 ?x630)))
 (let ((?x2510 (+ (* (- 24) (* s r)) ?x644 (* 36 (* r00 x r)) ?x2841 ?x662 (* 54 (* x r)) (* (- 6) (* s00 x)) (* 4 (* r00 s s)) ?x2087 (* (- 6) (* x00 s)) (* 12 (* s00 s)) (* (- 2) (* r00 s00 s)) ?x901 (* 2 (* s s r)) (* 6 (* x s)) (* (- 4) (* s00 s00 r)) ?x2657 ?x985 ?x1011 (* 2 (* s00 s r)) (* (- 36) (* r00 x00 r)) (* 54 (* r00 x)) ?x1082 ?x2000 (* (- 54) (* x00 r)) ?x143 (* 24 (* s00 r)) (* (- 24) (* r00 s)) (* 36 (* r00 r00 x)))))
 (let ((?x631 (* 2 ?x630)))
 (let ((?x2623 (+ (* (- 9) (* s r)) ?x621 ?x1744 ?x631 (* 18 (* x r)) (* 6 (* r00 s r)) (* (- 6) ?x1907) ?x689 (* 18 (* r00 x)) ?x463 ?x3076 (* (- 18) (* x00 r)) ?x47 (* 9 (* s00 r)) (* 2 (* s00 s)) (* (- 9) (* r00 s)) (* (- 6) (* r00 s00 r)))))
 (let ((?x440 (* (- 3) r)))
 (let ((?x2534 (+ (* (- 2) (* s r)) (* 12 (* r00 r00 r)) ?x440 ?x463 ?x47 ?x48 (* (- 4) (* s00 r)) ?x2910 ?x533 ?x59 ?x568)))
 (let (($x3160 (= (+ s00 ?x363 (* 3 (* r r)) ?x398) 0)))
 (and $x3160 (= ?x2534 0) (= ?x2623 0) (= ?x2510 0) $x783 $x2771)))))))))))))))))))))))))))))))))))))))))))))))))))))))))))))))))))))))))))))))) :qid k!40))
 ))
 (let ((?x1649 (lambda ((r Int) (s Int) (x Int) )(let ((?x384 (* r00 r00)))
 (let ((?x398 (* (- 3) ?x384)))
 (let ((?x3544 (* 3 (* (+ 1 r) (+ 1 r)))))
 (let ((?x3494 (* (- 6) r)))
 (let ((?x363 (* (- 1) s)))
 (let ((?x211 (* 6 r)))
 (let ((?x2986 (+ 3 s ?x211)))
 (let ((?x1599 (+ x ?x363)))
 (let ((?x1525 (+ 1 r)))
 (let ((?x1120 (+ (* 6 (* ?x1525 ?x1525 ?x1599)) (* (- 3) (* ?x1525 ?x1599 ?x1599 ?x2986)) (* (- 6) (* ?x1525 ?x1599 ?x1599 ?x2986 ?x2986)))))
 (let (($x2613 (not (= (* ?x1120 (+ (- 3) s00 ?x363 ?x3494 ?x3544 ?x398)) 0))))
 (let ((?x1455 (* x00 x00)))
 (let ((?x2638 (* 108 ?x1455)))
 (let ((?x3123 (* (- 54) r)))
 (let ((?x817 (* (- 9) s)))
 (let ((?x2804 (* r00 r00 s00)))
 (let ((?x1518 (* (- 36) ?x2804)))
 (let ((?x137 (* 9 s00)))
 (let ((?x676 (* s00 s00)))
 (let ((?x3407 (* 51 ?x676)))
 (let ((?x1642 (* r00 r00 ?x2986)))
 (let ((?x3825 (* 36 ?x1642)))
 (let ((?x1293 (* s00 s00 s00)))
 (let ((?x2291 (* 16 ?x1293)))
 (let ((?x900 (* s00 x00)))
 (let ((?x3395 (* (- 108) ?x900)))
 (let ((?x2504 (* 216 (* r00 r00 r00 s00))))
 (let ((?x2447 (* r00 s00 s00)))
 (let ((?x1162 (* (- 108) ?x2447)))
 (let ((?x1007 (* r00 r00 r00 x00)))
 (let ((?x614 (* (- 432) ?x1007)))
 (let ((?x3428 (* (- 36) (* r00 r00 s00 s00))))
 (let ((?x2780 (* r00 s00)))
 (let ((?x2852 (* (- 54) ?x2780)))
 (let ((?x607 (* r00 x00)))
 (let ((?x1906 (* 108 ?x607)))
 (let ((?x674 (* 216 (* r00 s00 x00))))
 (let ((?x3670 (+ ?x674 ?x1906 ?x2852 (* 15 (* ?x2986 ?x2986)) (* (- 216) (* r00 r00 r00 ?x2986)) ?x3428 (* (- 4) (* ?x2986 ?x2986 ?x2986)) (* 108 (* ?x1599 ?x1599)) ?x614 (* (- 12) (* s00 ?x2986 ?x2986)) (* 108 (* s00 ?x1599)) ?x1162 ?x2504 (* 108 (* x00 ?x2986)) (* 432 (* r00 r00 r00 ?x1599)) (* (- 66) (* s00 ?x2986)) (* 108 (* r00 s00 ?x2986)) ?x3395 (* (- 216) (* r00 s00 ?x1599)) (* 36 (* r00 r00 ?x2986 ?x2986)) ?x2291 (* (- 108) (* ?x1599 ?x2986)) ?x3825 ?x3407 (* (- 108) (* r00 ?x1599)) ?x137 ?x1518 ?x817 ?x3123 (* 54 (* r00 ?x2986)) (* (- 216) (* x00 ?x1599)) ?x2638)))
 (let (($x3724 (not (= ?x3670 27))))
 (let ((?x3840 (* 15 ?x676)))
 (let ((?x972 (* r00 r00 x00)))
 (let ((?x973 (* 36 ?x972)))
 (let ((?x3028 (* (- 6) ?x900)))
 (let ((?x2829 (* 2 ?x2447)))
 (let ((?x1539 (* (- 24) ?x2780)))
 (let ((?x1706 (* 54 ?x607)))
 (let ((?x2809 (+ (* 24 (* ?x1525 ?x2986)) ?x1706 (* (- 36) (* r00 ?x1525 ?x1599)) ?x1539 (* (- 3) (* ?x2986 ?x2986)) (* (- 54) (* ?x1525 ?x1599)) (* 6 (* s00 ?x1599)) (* (- 4) (* r00 ?x2986 ?x2986)) ?x2829 (* 6 (* x00 ?x2986)) (* (- 12) (* s00 ?x2986)) (* 2 (* r00 s00 ?x2986)) ?x3028 (* (- 2) (* ?x1525 ?x2986 ?x2986)) (* (- 6) (* ?x1599 ?x2986)) (* 4 (* s00 s00 ?x1525)) ?x3825 ?x973 ?x3840 (* (- 2) (* s00 ?x1525 ?x2986)) (* 36 (* r00 x00 ?x1525)) (* (- 54) (* r00 ?x1599)) ?x137 ?x1518 (* 54 (* x00 ?x1525)) ?x817 ?x3123 (* (- 24) (* s00 ?x1525)) (* 24 (* r00 ?x2986)) (* (- 36) (* r00 r00 ?x1599)))))
 (let ((?x584 (* (- 3) s)))
 (let ((?x2473 (* (- 6) ?x2804)))
 (let ((?x44 (* 3 s00)))
 (let ((?x677 (* 4 ?x676)))
 (let ((?x3837 (* (- 9) ?x2780)))
 (let ((?x608 (* 18 ?x607)))
 (let ((?x2015 (+ (* 9 (* ?x1525 ?x2986)) ?x608 ?x3837 (* (- 2) (* ?x2986 ?x2986)) (* (- 18) (* ?x1525 ?x1599)) (* (- 6) (* r00 ?x1525 ?x2986)) (* 6 ?x1642) ?x677 (* (- 18) (* r00 ?x1599)) ?x44 ?x2473 (* 18 (* x00 ?x1525)) ?x584 (* (- 18) r) (* (- 9) (* s00 ?x1525)) (* (- 2) (* s00 ?x2986)) (* 9 (* r00 ?x2986)) (* 6 (* r00 s00 ?x1525)))))
 (let ((?x554 (* r00 r00 r00)))
 (let ((?x555 (* 12 ?x554)))
 (let ((?x586 (* (- 6) x00)))
 (let ((?x56 (* 6 x)))
 (let ((?x2449 (* (- 6) ?x2780)))
 (let ((?x585 (* (- 3) r00)))
 (let ((?x2001 (+ (* 2 (* ?x1525 ?x2986)) (* (- 12) (* r00 r00 ?x1525)) (* (- 15) r) ?x44 ?x817 ?x585 (* 4 (* s00 ?x1525)) ?x2449 ?x56 ?x586 ?x555)))
 (let (($x1155 (not (= (+ s00 ?x363 ?x3494 ?x3544 ?x398) 3))))
 (let (($x3520 (or $x1155 (not (= ?x2001 6)) (not (= ?x2015 9)) (not (= ?x2809 27)) $x3724 $x2613)))
 (let ((?x1907 (* r00 r00 s)))
 (let ((?x3681 (* 36 ?x1907)))
 (let ((?x2667 (+ ?x674 ?x1906 ?x2852 (* 15 (* s s)) (* (- 216) (* r00 r00 r00 s)) ?x3428 (* (- 4) (* s s s)) (* 108 (* x x)) ?x614 (* (- 12) (* s00 s s)) (* 108 (* s00 x)) ?x1162 ?x2504 (* 108 (* x00 s)) (* 432 (* r00 r00 r00 x)) (* (- 66) (* s00 s)) (* 108 (* r00 s00 s)) ?x3395 (* (- 216) (* r00 s00 x)) (* 36 (* r00 r00 s s)) ?x2291 (* (- 108) (* x s)) ?x3681 ?x3407 (* (- 108) (* r00 x)) ?x137 ?x1518 ?x817 (* 54 (* r00 s)) (* (- 216) (* x00 x)) ?x2638)))
 (let (($x783 (= ?x2667 0)))
 (let ((?x2989 (* r00 r00 x)))
 (let ((?x3071 (* (- 36) ?x2989)))
 (let ((?x2316 (* r00 s s)))
 (let ((?x3056 (* (- 4) ?x2316)))
 (let ((?x3273 (+ (* 24 (* s r)) ?x1706 (* (- 36) (* r00 x r)) ?x1539 (* (- 3) (* s s)) (* (- 54) (* x r)) (* 6 (* s00 x)) ?x3056 ?x2829 (* 6 (* x00 s)) (* (- 12) (* s00 s)) (* 2 (* r00 s00 s)) ?x3028 (* (- 2) (* s s r)) (* (- 6) (* x s)) (* 4 (* s00 s00 r)) ?x3681 ?x973 ?x3840 (* (- 2) (* s00 s r)) (* 36 (* r00 x00 r)) (* (- 54) (* r00 x)) ?x137 ?x1518 (* 54 (* x00 r)) ?x817 (* (- 24) (* s00 r)) (* 24 (* r00 s)) ?x3071)))
 (let ((?x1978 (* r00 x)))
 (let ((?x2263 (* (- 18) ?x1978)))
 (let ((?x630 (* s s)))
 (let ((?x2244 (* (- 2) ?x630)))
 (let ((?x3456 (+ (* 9 (* s r)) ?x608 ?x3837 ?x2244 (* (- 18) (* x r)) (* (- 6) (* r00 s r)) (* 6 ?x1907) ?x677 ?x2263 ?x44 ?x2473 (* 18 (* x00 r)) ?x584 (* (- 9) (* s00 r)) (* (- 2) (* s00 s)) (* 9 (* r00 s)) (* 6 (* r00 s00 r)))))
 (let ((?x43 (* 3 r)))
 (let ((?x2474 (+ (* 2 (* s r)) (* (- 12) (* r00 r00 r)) ?x43 ?x44 ?x584 ?x585 (* 4 (* s00 r)) ?x2449 ?x56 ?x586 ?x555)))
 (let (($x3160 (= (+ s00 ?x363 (* 3 (* r r)) ?x398) 0)))
 (let (($x2887 (and $x3160 (= ?x2474 0) (= ?x3456 0) (= ?x3273 0) $x783 $x3520)))
 (let ((?x143 (* 9 s)))
 (let ((?x2000 (* 36 ?x2804)))
 (let ((?x1082 (* (- 9) s00)))
 (let ((?x1011 (* (- 15) ?x676)))
 (let ((?x985 (* (- 36) ?x972)))
 (let ((?x901 (* 6 ?x900)))
 (let ((?x2087 (* (- 2) ?x2447)))
 (let ((?x2841 (* 24 ?x2780)))
 (let ((?x644 (* (- 54) ?x607)))
 (let ((?x3183 (+ (* (- 24) (* ?x1525 ?x2986)) ?x644 (* 36 (* r00 ?x1525 ?x1599)) ?x2841 (* 3 (* ?x2986 ?x2986)) (* 54 (* ?x1525 ?x1599)) (* (- 6) (* s00 ?x1599)) (* 4 (* r00 ?x2986 ?x2986)) ?x2087 (* (- 6) (* x00 ?x2986)) (* 12 (* s00 ?x2986)) (* (- 2) (* r00 s00 ?x2986)) ?x901 (* 2 (* ?x1525 ?x2986 ?x2986)) (* 6 (* ?x1599 ?x2986)) (* (- 4) (* s00 s00 ?x1525)) (* (- 36) ?x1642) ?x985 ?x1011 (* 2 (* s00 ?x1525 ?x2986)) (* (- 36) (* r00 x00 ?x1525)) (* 54 (* r00 ?x1599)) ?x1082 ?x2000 (* (- 54) (* x00 ?x1525)) ?x143 (* 54 r) (* 24 (* s00 ?x1525)) (* (- 24) (* r00 ?x2986)) (* 36 (* r00 r00 ?x1599)))))
 (let ((?x47 (* 3 s)))
 (let ((?x3076 (* 6 ?x2804)))
 (let ((?x463 (* (- 3) s00)))
 (let ((?x689 (* (- 4) ?x676)))
 (let ((?x1744 (* 9 ?x2780)))
 (let ((?x621 (* (- 18) ?x607)))
 (let ((?x911 (+ (* (- 9) (* ?x1525 ?x2986)) ?x621 ?x1744 (* 2 (* ?x2986 ?x2986)) (* 18 (* ?x1525 ?x1599)) (* 6 (* r00 ?x1525 ?x2986)) (* (- 6) ?x1642) ?x689 (* 18 (* r00 ?x1599)) ?x463 ?x3076 (* (- 18) (* x00 ?x1525)) ?x47 (* 18 r) (* 9 (* s00 ?x1525)) (* 2 (* s00 ?x2986)) (* (- 9) (* r00 ?x2986)) (* (- 6) (* r00 s00 ?x1525)))))
 (let ((?x568 (* (- 12) ?x554)))
 (let ((?x59 (* 6 x00)))
 (let ((?x533 (* (- 6) x)))
 (let ((?x2910 (* 6 ?x2780)))
 (let ((?x48 (* 3 r00)))
 (let ((?x1720 (+ (* (- 2) (* ?x1525 ?x2986)) (* 12 (* r00 r00 ?x1525)) (* 15 r) ?x463 ?x143 ?x48 (* (- 4) (* s00 ?x1525)) ?x2910 ?x533 ?x59 ?x568)))
 (let (($x2771 (or $x1155 (not (= ?x1720 (- 6))) (not (= ?x911 (- 9))) (not (= ?x3183 (- 27))) $x3724 $x2613)))
 (let ((?x2657 (* (- 36) ?x1907)))
 (let ((?x662 (* 3 ?x630)))
 (let ((?x2510 (+ (* (- 24) (* s r)) ?x644 (* 36 (* r00 x r)) ?x2841 ?x662 (* 54 (* x r)) (* (- 6) (* s00 x)) (* 4 ?x2316) ?x2087 (* (- 6) (* x00 s)) (* 12 (* s00 s)) (* (- 2) (* r00 s00 s)) ?x901 (* 2 (* s s r)) (* 6 (* x s)) (* (- 4) (* s00 s00 r)) ?x2657 ?x985 ?x1011 (* 2 (* s00 s r)) (* (- 36) (* r00 x00 r)) (* 54 ?x1978) ?x1082 ?x2000 (* (- 54) (* x00 r)) ?x143 (* 24 (* s00 r)) (* (- 24) (* r00 s)) (* 36 ?x2989))))
 (let ((?x631 (* 2 ?x630)))
 (let ((?x2623 (+ (* (- 9) (* s r)) ?x621 ?x1744 ?x631 (* 18 (* x r)) (* 6 (* r00 s r)) (* (- 6) ?x1907) ?x689 (* 18 ?x1978) ?x463 ?x3076 (* (- 18) (* x00 r)) ?x47 (* 9 (* s00 r)) (* 2 (* s00 s)) (* (- 9) (* r00 s)) (* (- 6) (* r00 s00 r)))))
 (let ((?x440 (* (- 3) r)))
 (let ((?x2534 (+ (* (- 2) (* s r)) (* 12 (* r00 r00 r)) ?x440 ?x463 ?x47 ?x48 (* (- 4) (* s00 r)) ?x2910 ?x533 ?x59 ?x568)))
 (let (($x2615 (and $x3160 (= ?x2534 0) (= ?x2623 0) (= ?x2510 0) $x783 $x2771)))
 (rewrite (= $x2615 $x2887))))))))))))))))))))))))))))))))))))))))))))))))))))))))))))))))))))))))))))))))))))))))))))))))))))))))))))))))))))
 ))
 (let (($x360 (exists ((r Int) (s Int) (x Int) )(! (let ((?x232 (- x s)))
 (let ((?x211 (* 6 r)))
 (let ((?x212 (+ s ?x211 3)))
 (let ((?x215 (+ r 1)))
 (let ((?x354 (- (- (* 6 ?x215 ?x215 ?x232) (* 3 ?x215 ?x212 ?x232 ?x232)) (* 6 ?x215 ?x212 ?x212 ?x232 ?x232))))
 (let ((?x33 (* 3 r00 r00)))
 (let ((?x218 (- (+ (- s00 ?x212) (* 3 ?x215 ?x215)) ?x33)))
 (let ((?x208 (* 108 x00 x00)))
 (let ((?x299 (* 9 ?x212)))
 (let ((?x139 (* 36 r00 r00 s00)))
 (let ((?x137 (* 9 s00)))
 (let ((?x197 (* 51 s00 s00)))
 (let ((?x284 (* 36 r00 r00 ?x212)))
 (let ((?x192 (* 16 s00 s00 s00)))
 (let ((?x186 (* 108 s00 x00)))
 (let ((?x177 (* 216 r00 r00 r00 s00)))
 (let ((?x175 (* 108 r00 s00 s00)))
 (let ((?x169 (* 432 r00 r00 r00 x00)))
 (let ((?x161 (* 36 r00 r00 s00 s00)))
 (let ((?x157 (- (+ (* 216 r00 s00 x00) (* 108 r00 x00)) (* 54 r00 s00))))
 (let ((?x313 (- (- (+ ?x157 (* 15 ?x212 ?x212)) (* 216 r00 r00 r00 ?x212)) ?x161)))
 (let ((?x319 (- (- (+ (- ?x313 (* 4 ?x212 ?x212 ?x212)) (* 108 ?x232 ?x232)) ?x169) (* 12 ?x212 ?x212 s00))))
 (let ((?x325 (+ (- (+ ?x319 (* 108 s00 ?x232)) ?x175) ?x177 (* 108 ?x212 x00) (* 432 r00 r00 r00 ?x232))))
 (let ((?x331 (- (+ (- ?x325 (* 66 ?x212 s00)) (* 108 r00 ?x212 s00)) ?x186)))
 (let ((?x334 (+ (- ?x331 (* 216 r00 s00 ?x232)) (* 36 r00 r00 ?x212 ?x212) ?x192)))
 (let ((?x339 (- (+ (- ?x334 (* 108 ?x212 ?x232)) ?x284 ?x197) (* 108 r00 ?x232))))
 (let ((?x346 (- (+ (- (- (+ ?x339 ?x137) ?x139) ?x299) (* 54 r00 ?x212)) (* 216 ?x232 x00))))
 (let ((?x126 (* 15 s00 s00)))
 (let ((?x124 (* 36 r00 r00 x00)))
 (let ((?x118 (* 6 s00 x00)))
 (let ((?x110 (* 2 r00 s00 s00)))
 (let ((?x102 (* 24 r00 s00)))
 (let ((?x268 (+ (- (* (- 24) ?x215 ?x212) (* 54 r00 x00)) (* 36 ?x215 r00 ?x232) ?x102 (* 3 ?x212 ?x212) (* 54 ?x215 ?x232))))
 (let ((?x274 (- (+ (- ?x268 (* 6 s00 ?x232)) (* 4 r00 ?x212 ?x212)) ?x110)))
 (let ((?x279 (- (+ (- ?x274 (* 6 ?x212 x00)) (* 12 ?x212 s00)) (* 2 r00 ?x212 s00))))
 (let ((?x285 (- (+ ?x279 ?x118 (* 2 ?x215 ?x212 ?x212) (* 6 ?x212 ?x232)) (* 4 ?x215 s00 s00))))
 (let ((?x292 (- (+ (- (- (- ?x285 ?x284) ?x124) ?x126) (* 2 ?x215 ?x212 s00)) (* 36 ?x215 r00 x00))))
 (let ((?x298 (- (+ (- (+ ?x292 (* 54 r00 ?x232)) ?x137) ?x139) (* 54 ?x215 x00))))
 (let ((?x305 (+ (- (+ ?x298 ?x299 (* 24 ?x215 s00)) (* 24 r00 ?x212)) (* 36 r00 r00 ?x232))))
 (let ((?x227 (* 3 ?x212)))
 (let ((?x82 (* 6 r00 r00 s00)))
 (let ((?x44 (* 3 s00)))
 (let ((?x76 (* 4 s00 s00)))
 (let ((?x70 (* 9 r00 s00)))
 (let ((?x244 (+ (- (* (- 9) ?x215 ?x212) (* 18 r00 x00)) ?x70 (* 2 ?x212 ?x212) (* 18 ?x215 ?x232) (* 6 ?x215 r00 ?x212))))
 (let ((?x249 (+ (- (- ?x244 (* 6 r00 r00 ?x212)) ?x76) (* 18 r00 ?x232))))
 (let ((?x256 (+ (- (+ (- ?x249 ?x44) ?x82) (* 18 ?x215 x00)) ?x227 (* 9 ?x215 s00) (* 2 ?x212 s00))))
 (let (($x261 (= (- (- ?x256 (* 9 r00 ?x212)) (* 6 ?x215 r00 s00)) 0)))
 (let ((?x61 (* 12 r00 r00 r00)))
 (let ((?x59 (* 6 x00)))
 (let ((?x54 (* 6 r00 s00)))
 (let ((?x48 (* 3 r00)))
 (let ((?x225 (- (+ (* (- 2) ?x215 ?x212) (* 12 ?x215 r00 r00)) (* 3 ?x215))))
 (let ((?x234 (- (+ (- (+ (- ?x225 ?x44) ?x227 ?x48) (* 4 ?x215 s00)) ?x54) (* 6 ?x232))))
 (let (($x358 (or (not (= ?x218 0)) (not (= (- (+ ?x234 ?x59) ?x61) 0)) (not $x261) (not (= ?x305 0)) (not (= (+ ?x346 ?x208) 0)) (not (= (* ?x218 ?x354) 0)))))
 (let ((?x143 (* 9 s)))
 (let ((?x123 (* 36 r00 r00 s)))
 (let ((?x164 (- (- (+ ?x157 (* 15 s s)) (* 216 r00 r00 r00 s)) ?x161)))
 (let ((?x172 (- (- (+ (- ?x164 (* 4 s s s)) (* 108 x x)) ?x169) (* 12 s s s00))))
 (let ((?x180 (+ (- (+ ?x172 (* 108 s00 x)) ?x175) ?x177 (* 108 s x00) (* 432 r00 r00 r00 x))))
 (let ((?x188 (- (+ (- ?x180 (* 66 s s00)) (* 108 r00 s s00)) ?x186)))
 (let ((?x193 (+ (- ?x188 (* 216 r00 s00 x)) (* 36 r00 r00 s s) ?x192)))
 (let ((?x200 (- (+ (- ?x193 (* 108 s x)) ?x123 ?x197) (* 108 r00 x))))
 (let ((?x207 (- (+ (- (- (+ ?x200 ?x137) ?x139) ?x143) (* 54 r00 s)) (* 216 x x00))))
 (let ((?x105 (+ (- (* (- 24) r s) (* 54 r00 x00)) (* 36 r r00 x) ?x102 (* 3 s s) (* 54 r x))))
 (let ((?x112 (- (+ (- ?x105 (* 6 s00 x)) (* 4 r00 s s)) ?x110)))
 (let ((?x117 (- (+ (- ?x112 (* 6 s x00)) (* 12 s s00)) (* 2 r00 s s00))))
 (let ((?x127 (- (+ ?x117 ?x118 (* 2 r s s) (* 6 s x)) (* 4 r s00 s00))))
 (let ((?x134 (- (+ (- (- (- ?x127 ?x123) ?x124) ?x126) (* 2 r s s00)) (* 36 r r00 x00))))
 (let ((?x142 (- (+ (- (+ ?x134 (* 54 r00 x)) ?x137) ?x139) (* 54 r x00))))
 (let ((?x149 (+ (- (+ ?x142 ?x143 (* 24 r s00)) (* 24 r00 s)) (* 36 r00 r00 x))))
 (let ((?x47 (* 3 s)))
 (let ((?x74 (+ (- (* (- 9) r s) (* 18 r00 x00)) ?x70 (* 2 s s) (* 18 r x) (* 6 r r00 s))))
 (let ((?x80 (+ (- (- ?x74 (* 6 r00 r00 s)) ?x76) (* 18 r00 x))))
 (let ((?x88 (+ (- (+ (- ?x80 ?x44) ?x82) (* 18 r x00)) ?x47 (* 9 r s00) (* 2 s s00))))
 (let (($x93 (= (- (- ?x88 (* 9 r00 s)) (* 6 r r00 s00)) 0)))
 (let ((?x56 (* 6 x)))
 (let ((?x43 (* 3 r)))
 (let ((?x46 (- (- (+ (* (- 2) r s) (* 12 r r00 r00)) ?x43) ?x44)))
 (let ((?x60 (+ (- (+ (- (+ ?x46 ?x47 ?x48) (* 4 r s00)) ?x54) ?x56) ?x59)))
 (and (= (- (+ (- s00 s) (* 3 r r)) ?x33) 0) (= (- ?x60 ?x61) 0) $x93 (= ?x149 0) (= (+ ?x207 ?x208) 0) $x358))))))))))))))))))))))))))))))))))))))))))))))))))))))))))))))))))))))))))))))))) :qid k!40))
 ))
 (let ((?x1654 (lambda ((r Int) (s Int) (x Int) )(let ((?x384 (* r00 r00)))
 (let ((?x398 (* (- 3) ?x384)))
 (let ((?x3544 (* 3 (* (+ 1 r) (+ 1 r)))))
 (let ((?x3494 (* (- 6) r)))
 (let ((?x363 (* (- 1) s)))
 (let ((?x211 (* 6 r)))
 (let ((?x2986 (+ 3 s ?x211)))
 (let ((?x1599 (+ x ?x363)))
 (let ((?x1525 (+ 1 r)))
 (let ((?x1120 (+ (* 6 (* ?x1525 ?x1525 ?x1599)) (* (- 3) (* ?x1525 ?x1599 ?x1599 ?x2986)) (* (- 6) (* ?x1525 ?x1599 ?x1599 ?x2986 ?x2986)))))
 (let (($x2613 (not (= (* ?x1120 (+ (- 3) s00 ?x363 ?x3494 ?x3544 ?x398)) 0))))
 (let ((?x1455 (* x00 x00)))
 (let ((?x2638 (* 108 ?x1455)))
 (let ((?x3123 (* (- 54) r)))
 (let ((?x817 (* (- 9) s)))
 (let ((?x2804 (* r00 r00 s00)))
 (let ((?x1518 (* (- 36) ?x2804)))
 (let ((?x137 (* 9 s00)))
 (let ((?x676 (* s00 s00)))
 (let ((?x3407 (* 51 ?x676)))
 (let ((?x1642 (* r00 r00 ?x2986)))
 (let ((?x3825 (* 36 ?x1642)))
 (let ((?x1293 (* s00 s00 s00)))
 (let ((?x2291 (* 16 ?x1293)))
 (let ((?x900 (* s00 x00)))
 (let ((?x3395 (* (- 108) ?x900)))
 (let ((?x2504 (* 216 (* r00 r00 r00 s00))))
 (let ((?x2447 (* r00 s00 s00)))
 (let ((?x1162 (* (- 108) ?x2447)))
 (let ((?x1007 (* r00 r00 r00 x00)))
 (let ((?x614 (* (- 432) ?x1007)))
 (let ((?x3428 (* (- 36) (* r00 r00 s00 s00))))
 (let ((?x2780 (* r00 s00)))
 (let ((?x2852 (* (- 54) ?x2780)))
 (let ((?x607 (* r00 x00)))
 (let ((?x1906 (* 108 ?x607)))
 (let ((?x674 (* 216 (* r00 s00 x00))))
 (let ((?x3670 (+ ?x674 ?x1906 ?x2852 (* 15 (* ?x2986 ?x2986)) (* (- 216) (* r00 r00 r00 ?x2986)) ?x3428 (* (- 4) (* ?x2986 ?x2986 ?x2986)) (* 108 (* ?x1599 ?x1599)) ?x614 (* (- 12) (* s00 ?x2986 ?x2986)) (* 108 (* s00 ?x1599)) ?x1162 ?x2504 (* 108 (* x00 ?x2986)) (* 432 (* r00 r00 r00 ?x1599)) (* (- 66) (* s00 ?x2986)) (* 108 (* r00 s00 ?x2986)) ?x3395 (* (- 216) (* r00 s00 ?x1599)) (* 36 (* r00 r00 ?x2986 ?x2986)) ?x2291 (* (- 108) (* ?x1599 ?x2986)) ?x3825 ?x3407 (* (- 108) (* r00 ?x1599)) ?x137 ?x1518 ?x817 ?x3123 (* 54 (* r00 ?x2986)) (* (- 216) (* x00 ?x1599)) ?x2638)))
 (let (($x3724 (not (= ?x3670 27))))
 (let ((?x143 (* 9 s)))
 (let ((?x2000 (* 36 ?x2804)))
 (let ((?x1082 (* (- 9) s00)))
 (let ((?x1011 (* (- 15) ?x676)))
 (let ((?x972 (* r00 r00 x00)))
 (let ((?x985 (* (- 36) ?x972)))
 (let ((?x901 (* 6 ?x900)))
 (let ((?x2087 (* (- 2) ?x2447)))
 (let ((?x2841 (* 24 ?x2780)))
 (let ((?x644 (* (- 54) ?x607)))
 (let ((?x3183 (+ (* (- 24) (* ?x1525 ?x2986)) ?x644 (* 36 (* r00 ?x1525 ?x1599)) ?x2841 (* 3 (* ?x2986 ?x2986)) (* 54 (* ?x1525 ?x1599)) (* (- 6) (* s00 ?x1599)) (* 4 (* r00 ?x2986 ?x2986)) ?x2087 (* (- 6) (* x00 ?x2986)) (* 12 (* s00 ?x2986)) (* (- 2) (* r00 s00 ?x2986)) ?x901 (* 2 (* ?x1525 ?x2986 ?x2986)) (* 6 (* ?x1599 ?x2986)) (* (- 4) (* s00 s00 ?x1525)) (* (- 36) ?x1642) ?x985 ?x1011 (* 2 (* s00 ?x1525 ?x2986)) (* (- 36) (* r00 x00 ?x1525)) (* 54 (* r00 ?x1599)) ?x1082 ?x2000 (* (- 54) (* x00 ?x1525)) ?x143 (* 54 r) (* 24 (* s00 ?x1525)) (* (- 24) (* r00 ?x2986)) (* 36 (* r00 r00 ?x1599)))))
 (let ((?x47 (* 3 s)))
 (let ((?x3076 (* 6 ?x2804)))
 (let ((?x463 (* (- 3) s00)))
 (let ((?x689 (* (- 4) ?x676)))
 (let ((?x1744 (* 9 ?x2780)))
 (let ((?x621 (* (- 18) ?x607)))
 (let ((?x911 (+ (* (- 9) (* ?x1525 ?x2986)) ?x621 ?x1744 (* 2 (* ?x2986 ?x2986)) (* 18 (* ?x1525 ?x1599)) (* 6 (* r00 ?x1525 ?x2986)) (* (- 6) ?x1642) ?x689 (* 18 (* r00 ?x1599)) ?x463 ?x3076 (* (- 18) (* x00 ?x1525)) ?x47 (* 18 r) (* 9 (* s00 ?x1525)) (* 2 (* s00 ?x2986)) (* (- 9) (* r00 ?x2986)) (* (- 6) (* r00 s00 ?x1525)))))
 (let ((?x554 (* r00 r00 r00)))
 (let ((?x568 (* (- 12) ?x554)))
 (let ((?x59 (* 6 x00)))
 (let ((?x533 (* (- 6) x)))
 (let ((?x2910 (* 6 ?x2780)))
 (let ((?x48 (* 3 r00)))
 (let ((?x1720 (+ (* (- 2) (* ?x1525 ?x2986)) (* 12 (* r00 r00 ?x1525)) (* 15 r) ?x463 ?x143 ?x48 (* (- 4) (* s00 ?x1525)) ?x2910 ?x533 ?x59 ?x568)))
 (let (($x1155 (not (= (+ s00 ?x363 ?x3494 ?x3544 ?x398) 3))))
 (let (($x2771 (or $x1155 (not (= ?x1720 (- 6))) (not (= ?x911 (- 9))) (not (= ?x3183 (- 27))) $x3724 $x2613)))
 (let ((?x1907 (* r00 r00 s)))
 (let ((?x3681 (* 36 ?x1907)))
 (let ((?x2667 (+ ?x674 ?x1906 ?x2852 (* 15 (* s s)) (* (- 216) (* r00 r00 r00 s)) ?x3428 (* (- 4) (* s s s)) (* 108 (* x x)) ?x614 (* (- 12) (* s00 s s)) (* 108 (* s00 x)) ?x1162 ?x2504 (* 108 (* x00 s)) (* 432 (* r00 r00 r00 x)) (* (- 66) (* s00 s)) (* 108 (* r00 s00 s)) ?x3395 (* (- 216) (* r00 s00 x)) (* 36 (* r00 r00 s s)) ?x2291 (* (- 108) (* x s)) ?x3681 ?x3407 (* (- 108) (* r00 x)) ?x137 ?x1518 ?x817 (* 54 (* r00 s)) (* (- 216) (* x00 x)) ?x2638)))
 (let (($x783 (= ?x2667 0)))
 (let ((?x2657 (* (- 36) ?x1907)))
 (let ((?x630 (* s s)))
 (let ((?x662 (* 3 ?x630)))
 (let ((?x2510 (+ (* (- 24) (* s r)) ?x644 (* 36 (* r00 x r)) ?x2841 ?x662 (* 54 (* x r)) (* (- 6) (* s00 x)) (* 4 (* r00 s s)) ?x2087 (* (- 6) (* x00 s)) (* 12 (* s00 s)) (* (- 2) (* r00 s00 s)) ?x901 (* 2 (* s s r)) (* 6 (* x s)) (* (- 4) (* s00 s00 r)) ?x2657 ?x985 ?x1011 (* 2 (* s00 s r)) (* (- 36) (* r00 x00 r)) (* 54 (* r00 x)) ?x1082 ?x2000 (* (- 54) (* x00 r)) ?x143 (* 24 (* s00 r)) (* (- 24) (* r00 s)) (* 36 (* r00 r00 x)))))
 (let ((?x631 (* 2 ?x630)))
 (let ((?x2623 (+ (* (- 9) (* s r)) ?x621 ?x1744 ?x631 (* 18 (* x r)) (* 6 (* r00 s r)) (* (- 6) ?x1907) ?x689 (* 18 (* r00 x)) ?x463 ?x3076 (* (- 18) (* x00 r)) ?x47 (* 9 (* s00 r)) (* 2 (* s00 s)) (* (- 9) (* r00 s)) (* (- 6) (* r00 s00 r)))))
 (let ((?x440 (* (- 3) r)))
 (let ((?x2534 (+ (* (- 2) (* s r)) (* 12 (* r00 r00 r)) ?x440 ?x463 ?x47 ?x48 (* (- 4) (* s00 r)) ?x2910 ?x533 ?x59 ?x568)))
 (let (($x3160 (= (+ s00 ?x363 (* 3 (* r r)) ?x398) 0)))
 (let (($x2615 (and $x3160 (= ?x2534 0) (= ?x2623 0) (= ?x2510 0) $x783 $x2771)))
 (let ((?x232 (- x s)))
 (let ((?x212 (+ s ?x211 3)))
 (let ((?x215 (+ r 1)))
 (let ((?x354 (- (- (* 6 ?x215 ?x215 ?x232) (* 3 ?x215 ?x212 ?x232 ?x232)) (* 6 ?x215 ?x212 ?x212 ?x232 ?x232))))
 (let ((?x33 (* 3 r00 r00)))
 (let ((?x218 (- (+ (- s00 ?x212) (* 3 ?x215 ?x215)) ?x33)))
 (let ((?x208 (* 108 x00 x00)))
 (let ((?x299 (* 9 ?x212)))
 (let ((?x139 (* 36 r00 r00 s00)))
 (let ((?x197 (* 51 s00 s00)))
 (let ((?x284 (* 36 r00 r00 ?x212)))
 (let ((?x192 (* 16 s00 s00 s00)))
 (let ((?x186 (* 108 s00 x00)))
 (let ((?x177 (* 216 r00 r00 r00 s00)))
 (let ((?x175 (* 108 r00 s00 s00)))
 (let ((?x169 (* 432 r00 r00 r00 x00)))
 (let ((?x161 (* 36 r00 r00 s00 s00)))
 (let ((?x157 (- (+ (* 216 r00 s00 x00) (* 108 r00 x00)) (* 54 r00 s00))))
 (let ((?x313 (- (- (+ ?x157 (* 15 ?x212 ?x212)) (* 216 r00 r00 r00 ?x212)) ?x161)))
 (let ((?x319 (- (- (+ (- ?x313 (* 4 ?x212 ?x212 ?x212)) (* 108 ?x232 ?x232)) ?x169) (* 12 ?x212 ?x212 s00))))
 (let ((?x325 (+ (- (+ ?x319 (* 108 s00 ?x232)) ?x175) ?x177 (* 108 ?x212 x00) (* 432 r00 r00 r00 ?x232))))
 (let ((?x331 (- (+ (- ?x325 (* 66 ?x212 s00)) (* 108 r00 ?x212 s00)) ?x186)))
 (let ((?x334 (+ (- ?x331 (* 216 r00 s00 ?x232)) (* 36 r00 r00 ?x212 ?x212) ?x192)))
 (let ((?x339 (- (+ (- ?x334 (* 108 ?x212 ?x232)) ?x284 ?x197) (* 108 r00 ?x232))))
 (let ((?x346 (- (+ (- (- (+ ?x339 ?x137) ?x139) ?x299) (* 54 r00 ?x212)) (* 216 ?x232 x00))))
 (let ((?x126 (* 15 s00 s00)))
 (let ((?x124 (* 36 r00 r00 x00)))
 (let ((?x118 (* 6 s00 x00)))
 (let ((?x110 (* 2 r00 s00 s00)))
 (let ((?x102 (* 24 r00 s00)))
 (let ((?x268 (+ (- (* (- 24) ?x215 ?x212) (* 54 r00 x00)) (* 36 ?x215 r00 ?x232) ?x102 (* 3 ?x212 ?x212) (* 54 ?x215 ?x232))))
 (let ((?x274 (- (+ (- ?x268 (* 6 s00 ?x232)) (* 4 r00 ?x212 ?x212)) ?x110)))
 (let ((?x279 (- (+ (- ?x274 (* 6 ?x212 x00)) (* 12 ?x212 s00)) (* 2 r00 ?x212 s00))))
 (let ((?x285 (- (+ ?x279 ?x118 (* 2 ?x215 ?x212 ?x212) (* 6 ?x212 ?x232)) (* 4 ?x215 s00 s00))))
 (let ((?x292 (- (+ (- (- (- ?x285 ?x284) ?x124) ?x126) (* 2 ?x215 ?x212 s00)) (* 36 ?x215 r00 x00))))
 (let ((?x298 (- (+ (- (+ ?x292 (* 54 r00 ?x232)) ?x137) ?x139) (* 54 ?x215 x00))))
 (let ((?x305 (+ (- (+ ?x298 ?x299 (* 24 ?x215 s00)) (* 24 r00 ?x212)) (* 36 r00 r00 ?x232))))
 (let ((?x227 (* 3 ?x212)))
 (let ((?x82 (* 6 r00 r00 s00)))
 (let ((?x44 (* 3 s00)))
 (let ((?x76 (* 4 s00 s00)))
 (let ((?x70 (* 9 r00 s00)))
 (let ((?x244 (+ (- (* (- 9) ?x215 ?x212) (* 18 r00 x00)) ?x70 (* 2 ?x212 ?x212) (* 18 ?x215 ?x232) (* 6 ?x215 r00 ?x212))))
 (let ((?x249 (+ (- (- ?x244 (* 6 r00 r00 ?x212)) ?x76) (* 18 r00 ?x232))))
 (let ((?x256 (+ (- (+ (- ?x249 ?x44) ?x82) (* 18 ?x215 x00)) ?x227 (* 9 ?x215 s00) (* 2 ?x212 s00))))
 (let (($x261 (= (- (- ?x256 (* 9 r00 ?x212)) (* 6 ?x215 r00 s00)) 0)))
 (let ((?x61 (* 12 r00 r00 r00)))
 (let ((?x54 (* 6 r00 s00)))
 (let ((?x225 (- (+ (* (- 2) ?x215 ?x212) (* 12 ?x215 r00 r00)) (* 3 ?x215))))
 (let ((?x234 (- (+ (- (+ (- ?x225 ?x44) ?x227 ?x48) (* 4 ?x215 s00)) ?x54) (* 6 ?x232))))
 (let (($x358 (or (not (= ?x218 0)) (not (= (- (+ ?x234 ?x59) ?x61) 0)) (not $x261) (not (= ?x305 0)) (not (= (+ ?x346 ?x208) 0)) (not (= (* ?x218 ?x354) 0)))))
 (let ((?x123 (* 36 r00 r00 s)))
 (let ((?x164 (- (- (+ ?x157 (* 15 s s)) (* 216 r00 r00 r00 s)) ?x161)))
 (let ((?x172 (- (- (+ (- ?x164 (* 4 s s s)) (* 108 x x)) ?x169) (* 12 s s s00))))
 (let ((?x180 (+ (- (+ ?x172 (* 108 s00 x)) ?x175) ?x177 (* 108 s x00) (* 432 r00 r00 r00 x))))
 (let ((?x188 (- (+ (- ?x180 (* 66 s s00)) (* 108 r00 s s00)) ?x186)))
 (let ((?x193 (+ (- ?x188 (* 216 r00 s00 x)) (* 36 r00 r00 s s) ?x192)))
 (let ((?x200 (- (+ (- ?x193 (* 108 s x)) ?x123 ?x197) (* 108 r00 x))))
 (let ((?x207 (- (+ (- (- (+ ?x200 ?x137) ?x139) ?x143) (* 54 r00 s)) (* 216 x x00))))
 (let ((?x105 (+ (- (* (- 24) r s) (* 54 r00 x00)) (* 36 r r00 x) ?x102 (* 3 s s) (* 54 r x))))
 (let ((?x112 (- (+ (- ?x105 (* 6 s00 x)) (* 4 r00 s s)) ?x110)))
 (let ((?x117 (- (+ (- ?x112 (* 6 s x00)) (* 12 s s00)) (* 2 r00 s s00))))
 (let ((?x127 (- (+ ?x117 ?x118 (* 2 r s s) (* 6 s x)) (* 4 r s00 s00))))
 (let ((?x134 (- (+ (- (- (- ?x127 ?x123) ?x124) ?x126) (* 2 r s s00)) (* 36 r r00 x00))))
 (let ((?x142 (- (+ (- (+ ?x134 (* 54 r00 x)) ?x137) ?x139) (* 54 r x00))))
 (let ((?x149 (+ (- (+ ?x142 ?x143 (* 24 r s00)) (* 24 r00 s)) (* 36 r00 r00 x))))
 (let ((?x74 (+ (- (* (- 9) r s) (* 18 r00 x00)) ?x70 (* 2 s s) (* 18 r x) (* 6 r r00 s))))
 (let ((?x80 (+ (- (- ?x74 (* 6 r00 r00 s)) ?x76) (* 18 r00 x))))
 (let ((?x88 (+ (- (+ (- ?x80 ?x44) ?x82) (* 18 r x00)) ?x47 (* 9 r s00) (* 2 s s00))))
 (let (($x93 (= (- (- ?x88 (* 9 r00 s)) (* 6 r r00 s00)) 0)))
 (let ((?x56 (* 6 x)))
 (let ((?x43 (* 3 r)))
 (let ((?x46 (- (- (+ (* (- 2) r s) (* 12 r r00 r00)) ?x43) ?x44)))
 (let ((?x60 (+ (- (+ (- (+ ?x46 ?x47 ?x48) (* 4 r s00)) ?x54) ?x56) ?x59)))
 (let (($x359 (and (= (- (+ (- s00 s) (* 3 r r)) ?x33) 0) (= (- ?x60 ?x61) 0) $x93 (= ?x149 0) (= (+ ?x207 ?x208) 0) $x358)))
 (rewrite (= $x359 $x2615))))))))))))))))))))))))))))))))))))))))))))))))))))))))))))))))))))))))))))))))))))))))))))))))))))))))))))))))))))))))))))))))))))))))))))))))))))))))))))))
 ))
 (let ((@x361 (asserted $x360)))
 (let ((@x3817 (mp (mp @x361 (quant-intro (proof-bind ?x1654) (= $x360 $x499)) $x499) (rewrite (= $x499 $x499)) $x499)))
 (let ((@x2965 (mp (mp @x3817 (quant-intro (proof-bind ?x1649) (= $x499 $x3423)) $x3423) (quant-intro (proof-bind ?x881) (= $x3423 $x889)) $x889)))
 (let ((@x2329 (mp (mp~ @x2965 (sk (~ $x889 $x2096)) $x2096) (rewrite (= $x2096 $x3651)) $x3651)))
 (let ((@x886 (and-elim @x2329 $x2348)))
 (let ((@x407 (unit-resolution ((_ th-lemma arith triangle-eq) (or $x1362 $x2192)) @x886 $x2192)))
 (let (($x3417 (>= ?x2338 0)))
 (let ((@x2279 (unit-resolution ((_ th-lemma arith triangle-eq) (or $x1362 $x3417)) @x886 $x3417)))
 (let (($x1952 (<= ?x1528 0)))
 (let (($x2506 (<= ?x578 0)))
 (let ((@x2469 (and-elim @x2329 $x2666)))
 (let ((@x1712 (unit-resolution ((_ th-lemma arith triangle-eq) (or (not $x2666) $x2506)) @x2469 $x2506)))
 (let (($x2508 (>= ?x578 0)))
 (let ((@x2608 (unit-resolution ((_ th-lemma arith triangle-eq) (or (not $x2666) $x2508)) @x2469 $x2508)))
 (let (($x2941 (<= ?x2422 0)))
 (let ((@x2468 (and-elim @x2329 $x3082)))
 (let ((@x1869 (unit-resolution ((_ th-lemma arith triangle-eq) (or (not $x3082) $x2941)) @x2468 $x2941)))
 (let (($x2966 (>= ?x2422 0)))
 (let ((@x2581 (unit-resolution ((_ th-lemma arith triangle-eq) (or (not $x3082) $x2966)) @x2468 $x2966)))
 (let (($x2478 (<= ?x3640 0)))
 (let ((@x2311 (and-elim @x2329 $x3639)))
 (let ((@x403 (unit-resolution ((_ th-lemma arith triangle-eq) (or (not $x3639) $x2478)) @x2311 $x2478)))
 (let (($x2313 (>= ?x3640 0)))
 (let ((@x1677 (unit-resolution ((_ th-lemma arith triangle-eq) (or (not $x3639) $x2313)) @x2311 $x2313)))
 (let (($x616 (<= ?x752 0)))
 (let ((@x884 (and-elim @x2329 $x760)))
 (let ((@x2629 (unit-resolution ((_ th-lemma arith triangle-eq) (or (not $x760) $x616)) @x884 $x616)))
 (let (($x655 (>= ?x752 0)))
 (let ((@x1558 (unit-resolution ((_ th-lemma arith triangle-eq) (or (not $x760) $x655)) @x884 $x655)))
 (let ((@x2865 ((_ th-lemma arith) (hypothesis (not $x1952)) @x2279 @x407 @x1677 @x403 @x1558 @x2629 @x1558 @x2629 @x1677 @x403 @x2279 @x407 @x2581 @x1869 @x2279 @x407 @x2608 @x1712 false)))
 (let ((@x2290 (lemma @x2865 $x1952)))
 (let (($x2639 (>= ?x1528 0)))
 (let ((@x3760 ((_ th-lemma arith) (hypothesis (not $x2639)) @x2279 @x407 @x1677 @x403 @x1558 @x2629 @x1558 @x2629 @x1677 @x403 @x2279 @x407 @x2581 @x1869 @x2279 @x407 @x2608 @x1712 false)))
 (let ((@x3161 (lemma @x3760 $x2639)))
 (let (($x2070 (not (<= ?x464 0))))
 (let (($x1161 (>= ?x464 0)))
 (let ((@x2043 ((_ th-lemma arith) (hypothesis (not $x1161)) @x2279 @x407 @x1558 @x2629 @x2581 @x1869 @x3161 @x2290 @x2279 @x407 false)))
 (let (($x405 (>= ?x1251 0)))
 (let ((@x3342 ((_ th-lemma arith eq-propagate 0 0 0) (lemma ((_ th-lemma arith farkas 1 1 1) (hypothesis (not $x405)) @x2279 @x407 false) $x405) @x2279 @x407 $x1510)))
 (let ((@x3703 (unit-resolution ((_ th-lemma arith triangle-eq) (or $x1856 (not $x1952) (not $x2639))) @x3161 @x2290 $x1856)))
 (let ((@x2167 (unit-resolution (hypothesis $x492) ((_ th-lemma arith eq-propagate -4 -4 -1 -1) @x2279 @x407 @x2608 @x1712 $x2152) false)))
 (let (($x3472 (>= ?x2699 0)))
 (let ((@x1573 ((_ th-lemma arith) (hypothesis (not $x3472)) @x2279 @x407 @x1677 @x403 @x1558 @x2629 @x1558 @x2629 @x1558 @x2629 @x1677 @x403 @x1558 @x2629 @x1677 @x403 @x2279 @x407 @x1677 @x403 @x1677 @x403 @x1558 @x2629 @x2279 @x407 @x2581 @x1869 @x2608 @x1712 @x2279 @x407 @x2581 @x1869 @x2279 @x407 @x2279 @x407 @x2608 @x1712 false)))
 (let (($x2366 (<= ?x2699 0)))
 (let ((@x3650 ((_ th-lemma arith) (hypothesis (not $x2366)) @x2279 @x407 @x3161 @x2290 @x1558 @x2629 @x1558 @x2629 @x1558 @x2629 @x1677 @x403 @x1677 @x403 @x1677 @x403 @x2279 @x407 @x1677 @x403 @x1677 @x403 @x1558 @x2629 @x2279 @x407 @x1558 @x2629 @x2608 @x1712 @x2279 @x407 @x2581 @x1869 @x2279 @x407 @x2581 @x1869 @x2279 @x407 @x2608 @x1712 false)))
 (let ((@x3401 (unit-resolution ((_ th-lemma arith triangle-eq) (or $x2797 (not $x2366) (not $x3472))) (lemma @x3650 $x2366) (lemma @x1573 $x3472) $x2797)))
 (let ((@x2319 (unit-resolution (and-elim @x2329 $x1106) @x886 (or $x492 $x2160 $x873 $x1859 $x2458))))
 (let ((@x3645 (unit-resolution ((_ th-lemma arith triangle-eq) (or $x1698 $x2070 (not $x1161))) (unit-resolution @x2319 @x3401 (lemma @x2167 $x2152) @x3703 @x3342 $x2160) (or $x2070 (not $x1161)))))
 ((_ th-lemma arith) (unit-resolution @x3645 (lemma @x2043 $x1161) $x2070) @x2279 @x407 @x1558 @x2629 @x2581 @x1869 @x3161 @x2290 @x2279 @x407 false))))))))))))))))))))))))))))))))))))))))))))))))))))))))))))))))))))))))))))))))))))))))))))))))))))))))))))))))))))))))))))))))))))))))))))))))))))))))))))))))))))))))))))))))))))))))))))))))))))))))))))))))))))))))))))))))))))))))))))))))))))))))))))))))))))))))))))))))))))))))))))))

(:added-eqs                 11
 :arith-assert-diseq        9
 :arith-assert-lower        95
 :arith-assert-upper        19
 :arith-conflicts           7
 :arith-eq-adapter          10
 :arith-fixed-eqs           2
 :arith-gcd-tests           25
 :arith-grobner             6
 :arith-max-min             1936
 :arith-nonlinear-bounds    77
 :arith-nonlinear-horner    67
 :arith-num-rows            13
 :arith-patches             13
 :arith-patches_succ        13
 :arith-pivots              8
 :arith-pseudo-nonlinear    2
 :arith-row-summations      27
 :arith-tableau-max-columns 156
 :arith-tableau-max-rows    13
 :conflicts                 8
 :decisions                 19
 :del-clause                36
 :final-checks              13
 :max-memory                4.95
 :memory                    3.56
 :mk-bool-var               36
 :mk-clause                 36
 :num-allocs                173534349
 :num-checks                1
 :propagations              44
 :rlimit-count              885152
 :time                      0.54
 :total-time                0.55)
