unsat
((set-logic NIA)
(declare-fun r!2 () Int)
(declare-fun x!0 () Int)
(declare-fun s!1 () Int)
(proof
(let ((?x2123 (* 3 r!2)))
 (let ((?x687 (* 6 x!0)))
 (let ((?x1929 (* (- 3) s!1)))
 (let ((?x3227 (* s00 r!2)))
 (let ((?x3687 (* 4 ?x3227)))
 (let ((?x2776 (* s!1 r!2)))
 (let ((?x3910 (* 2 ?x2776)))
 (let ((?x1653 (* r00 r00 r!2)))
 (let ((?x536 (* (- 12) ?x1653)))
 (let ((?x555 (* r00 r00 r00)))
 (let ((?x556 (* 12 ?x555)))
 (let ((?x512 (* s00 r00)))
 (let ((?x590 (* (- 6) ?x512)))
 (let ((?x587 (* (- 6) x00)))
 (let ((?x586 (* (- 3) r00)))
 (let ((?x44 (* 3 s00)))
 (let ((?x2067 (+ ?x44 ?x586 ?x587 ?x590 ?x556 ?x536 ?x3910 ?x3687 ?x1929 ?x687 ?x2123)))
 (let (($x3644 (<= ?x2067 0)))
 (let (($x1513 (= ?x2067 0)))
 (let ((?x3713 (* r!2 r!2)))
 (let ((?x3063 (* (- 12) ?x3713)))
 (let ((?x961 (* (- 3) r!2)))
 (let ((?x954 (* (- 6) x!0)))
 (let ((?x965 (* 7 s!1)))
 (let ((?x569 (* (- 12) ?x555)))
 (let ((?x513 (* 6 ?x512)))
 (let ((?x385 (* r00 r00)))
 (let ((?x1591 (* 12 ?x385)))
 (let ((?x59 (* 6 x00)))
 (let ((?x48 (* 3 r00)))
 (let ((?x1733 (* (- 7) s00)))
 (let ((?x859 (+ ?x1733 ?x48 ?x59 ?x1591 ?x513 ?x569 (* 12 ?x1653) (* (- 2) ?x2776) (* (- 4) ?x3227) ?x965 ?x954 ?x961 ?x3063)))
 (let ((?x3870 (* s!1 x!0)))
 (let ((?x550 (* 48 ?x3870)))
 (let ((?x2494 (* (- 5) ?x3713)))
 (let ((?x2426 (* (- 10) r!2)))
 (let ((?x1087 (* 16 (* s!1 s!1 x!0))))
 (let ((?x3361 (* s!1 s!1 s!1)))
 (let ((?x1789 (* (- 8) ?x3361)))
 (let ((?x1874 (* (- 8) (* s!1 x!0 x!0))))
 (let ((?x1788 (* x!0 x!0)))
 (let ((?x3548 (* (- 24) ?x1788)))
 (let ((?x1631 (* s!1 s!1)))
 (let ((?x2500 (* (- 24) ?x1631)))
 (let ((?x2086 (+ (- 5) (* 96 (* s!1 x!0 r!2 r!2)) (* (- 8) (* s!1 s!1 s!1 r!2)) ?x2500 ?x3548 (* (- 8) (* s!1 x!0 x!0 r!2)) (* (- 72) (* x!0 x!0 r!2)) (* (- 48) (* s!1 s!1 r!2 r!2)) (* (- 48) (* x!0 x!0 r!2 r!2)) (* (- 72) (* s!1 s!1 r!2)) ?x1874 (* 16 (* s!1 s!1 x!0 r!2)) ?x1789 ?x1087 (* 144 (* s!1 x!0 r!2)) ?x2426 ?x2494 ?x550)))
 (let ((?x2006 (* ?x2086 ?x859)))
 (let (($x1848 (= ?x2006 0)))
 (let (($x2406 (not $x1848)))
 (let ((?x2934 (* 324 ?x3870)))
 (let ((?x3079 (* 756 ?x3713)))
 (let ((?x2414 (* 162 r!2)))
 (let ((?x2420 (* 324 x!0)))
 (let ((?x2884 (* (- 297) s!1)))
 (let ((?x2040 (* 4 ?x3361)))
 (let ((?x1840 (* r!2 r!2 r!2)))
 (let ((?x958 (* 864 ?x1840)))
 (let ((?x2890 (* (- 108) ?x1788)))
 (let ((?x656 (* (- 195) ?x1631)))
 (let ((?x1456 (* x00 x00)))
 (let ((?x1486 (* (- 108) ?x1456)))
 (let ((?x1294 (* s00 s00 s00)))
 (let ((?x1485 (* (- 16) ?x1294)))
 (let ((?x1182 (* s00 r00 r00 r00)))
 (let ((?x1481 (* (- 216) ?x1182)))
 (let ((?x1008 (* r00 r00 r00 x00)))
 (let ((?x1009 (* 432 ?x1008)))
 (let ((?x901 (* s00 x00)))
 (let ((?x1239 (* 108 ?x901)))
 (let ((?x865 (* s00 s00 r00 r00)))
 (let ((?x866 (* 36 ?x865)))
 (let ((?x778 (* s00 s00 r00)))
 (let ((?x1136 (* 108 ?x778)))
 (let ((?x733 (* s00 r00 r00)))
 (let ((?x1096 (* 36 ?x733)))
 (let ((?x677 (* s00 s00)))
 (let ((?x1475 (* (- 51) ?x677)))
 (let ((?x608 (* r00 x00)))
 (let ((?x1472 (* (- 108) ?x608)))
 (let ((?x604 (* s00 r00 x00)))
 (let ((?x1471 (* (- 216) ?x604)))
 (let ((?x3948 (* 648 ?x555)))
 (let ((?x1743 (* (- 270) ?x512)))
 (let ((?x1738 (* (- 432) ?x385)))
 (let ((?x3942 (* (- 324) x00)))
 (let ((?x1735 (* (- 162) r00)))
 (let ((?x3941 (* 297 s00)))
 (let ((?x2811 (+ ?x3941 ?x1735 ?x3942 ?x1738 (* 12 (* s00 s!1 s!1)) ?x1743 ?x3948 ?x1471 ?x1472 ?x1475 (* (- 108) (* s00 x!0)) ?x1096 ?x1136 (* (- 162) (* r00 s!1)) ?x866 ?x1239 (* (- 1296) (* r00 r00 r!2 r!2)) ?x1009 (* 648 (* r00 r00 r00 s!1)) ?x1481 (* (- 432) (* r00 r00 r00 x!0)) (* 216 (* s00 r00 x!0)) ?x1485 ?x1486 ?x656 (* (- 1512) ?x1653) ?x2890 ?x958 (* 432 (* s!1 r!2 r!2)) (* 144 (* s00 s!1 r!2)) (* 108 (* r00 x!0)) (* (- 648) (* s00 r00 r!2)) (* (- 252) (* r00 r00 s!1)) (* (- 396) ?x2776) (* (- 36) (* r00 r00 s!1 s!1)) (* (- 648) (* x00 r!2)) (* 216 (* x00 x!0)) (* 1296 (* r00 r00 r00 r!2)) (* (- 432) (* r00 r00 s!1 r!2)) (* (- 324) (* x00 s!1)) (* (- 324) (* s00 r00 s!1)) (* 72 (* s!1 s!1 r!2)) (* 432 (* s00 r!2 r!2)) (* 828 ?x3227) (* (- 324) (* r00 r!2)) (* 246 (* s00 s!1)) ?x2040 ?x2884 ?x2420 ?x2414 ?x3079 ?x2934 (* 648 (* x!0 r!2)))))
 (let (($x3880 (= ?x2811 0)))
 (let (($x2188 (not $x3880)))
 (let ((?x3912 (* 6 ?x3870)))
 (let ((?x441 (* 108 ?x3713)))
 (let ((?x3333 (* 36 r!2)))
 (let ((?x2867 (* 72 x!0)))
 (let ((?x979 (* (- 57) s!1)))
 (let ((?x2710 (* 72 ?x1840)))
 (let ((?x3042 (* (- 1) ?x1631)))
 (let ((?x973 (* r00 r00 x00)))
 (let ((?x986 (* (- 36) ?x973)))
 (let ((?x902 (* 6 ?x901)))
 (let ((?x796 (* (- 2) ?x778)))
 (let ((?x3399 (* (- 19) ?x677)))
 (let ((?x3394 (* (- 90) ?x608)))
 (let ((?x3393 (* 18 ?x512)))
 (let ((?x539 (* (- 108) ?x385)))
 (let ((?x519 (* (- 72) x00)))
 (let ((?x3288 (* (- 36) r00)))
 (let ((?x3694 (* 57 s00)))
 (let ((?x2892 (+ ?x3694 ?x3288 ?x519 ?x539 ?x3393 ?x3394 ?x3399 (* (- 6) (* s00 x!0)) ?x1096 ?x796 (* (- 90) (* r00 s!1)) ?x902 ?x986 ?x3042 (* (- 216) ?x1653) (* (- 4) (* s00 s00 r!2)) ?x2710 (* 36 (* r00 x!0 r!2)) (* 24 (* s!1 r!2 r!2)) (* 144 (* r00 r!2 r!2)) (* 12 (* r00 s!1 r!2)) (* 2 (* s00 s!1 r!2)) (* 90 (* r00 x!0)) (* (- 12) (* s00 r00 r!2)) (* (- 72) (* r00 r00 s!1)) (* (- 42) ?x2776) (* (- 90) (* x00 r!2)) (* (- 6) (* x00 s!1)) (* (- 2) (* s00 r00 s!1)) (* 2 (* s!1 s!1 r!2)) (* 12 (* s00 r!2 r!2)) (* 114 ?x3227) (* 20 (* s00 s!1)) (* 4 (* r00 s!1 s!1)) (* (- 36) (* r00 x00 r!2)) (* 36 (* r00 r00 x!0)) ?x979 ?x2867 ?x3333 ?x441 ?x3912 (* 90 (* x!0 r!2)))))
 (let (($x2220 (= ?x2892 0)))
 (let (($x1312 (not $x2220)))
 (let ((?x3348 (* 18 ?x3713)))
 (let ((?x3317 (* 9 r!2)))
 (let ((?x1277 (* 18 x!0)))
 (let ((?x1094 (* (- 12) s!1)))
 (let ((?x2312 (* 2 ?x1631)))
 (let ((?x734 (* 6 ?x733)))
 (let ((?x690 (* (- 4) ?x677)))
 (let ((?x622 (* (- 18) ?x608)))
 (let ((?x3187 (* 3 ?x512)))
 (let ((?x3182 (* (- 18) ?x385)))
 (let ((?x3172 (* (- 18) x00)))
 (let ((?x3173 (* (- 9) r00)))
 (let ((?x3077 (* 12 s00)))
 (let ((?x2460 (+ ?x3077 ?x3173 ?x3172 ?x3182 ?x3187 ?x622 ?x690 ?x734 (* (- 21) (* r00 s!1)) ?x2312 (* (- 36) ?x1653) (* 36 (* r00 r!2 r!2)) (* 6 (* r00 s!1 r!2)) (* 18 (* r00 x!0)) (* (- 6) (* s00 r00 r!2)) (* (- 6) (* r00 r00 s!1)) (* (- 3) ?x2776) (* (- 18) (* x00 r!2)) (* 21 ?x3227) (* 2 (* s00 s!1)) ?x1094 ?x1277 ?x3317 ?x3348 (* 18 (* x!0 r!2)))))
 (let (($x2491 (= ?x2460 0)))
 (let (($x527 (not $x2491)))
 (let ((?x3308 (* 12 ?x3713)))
 (let ((?x1386 (* (- 7) s!1)))
 (let ((?x2440 (* (- 12) ?x385)))
 (let ((?x3584 (* 7 s00)))
 (let ((?x2015 (+ ?x3584 ?x586 ?x587 ?x2440 ?x590 ?x556 ?x536 ?x3910 ?x3687 ?x1386 ?x687 ?x2123 ?x3308)))
 (let (($x2024 (= ?x2015 0)))
 (let (($x1899 (not $x2024)))
 (let ((?x1934 (* (- 3) ?x385)))
 (let ((?x1966 (+ s00 ?x1934 (* (- 1) s!1) (* 3 ?x3713))))
 (let (($x2192 (= ?x1966 0)))
 (let (($x2744 (not $x2192)))
 (let (($x2260 (or $x2744 $x1899 $x527 $x1312 $x2188 $x2406)))
 (let ((?x3490 (* (- 9) s!1)))
 (let ((?x2511 (* r00 r00 s!1)))
 (let ((?x2635 (* 36 ?x2511)))
 (let ((?x1501 (* 108 ?x1456)))
 (let ((?x2726 (* 16 ?x1294)))
 (let ((?x1873 (* (- 432) ?x1008)))
 (let ((?x2212 (* (- 108) ?x901)))
 (let ((?x1384 (* (- 36) ?x733)))
 (let ((?x3493 (* 51 ?x677)))
 (let ((?x2000 (* 108 ?x608)))
 (let ((?x137 (* 9 s00)))
 (let ((?x2607 (+ ?x137 (* (- 12) (* s00 s!1 s!1)) (* (- 54) ?x512) (* 216 ?x604) ?x2000 ?x3493 (* 108 (* s00 x!0)) ?x1384 (* (- 108) ?x778) (* 54 (* r00 s!1)) (* (- 36) ?x865) ?x2212 ?x1873 (* (- 216) (* r00 r00 r00 s!1)) (* 216 ?x1182) (* 432 (* r00 r00 r00 x!0)) (* (- 216) (* s00 r00 x!0)) ?x2726 ?x1501 (* 15 ?x1631) (* 108 ?x1788) (* (- 108) (* r00 x!0)) ?x2635 (* 36 (* r00 r00 s!1 s!1)) (* (- 216) (* x00 x!0)) (* 108 (* x00 s!1)) (* 108 (* s00 r00 s!1)) (* (- 66) (* s00 s!1)) (* (- 4) ?x3361) ?x3490 (* (- 108) ?x3870))))
 (let (($x2655 (= ?x2607 0)))
 (let ((?x974 (* 36 ?x973)))
 (let ((?x3110 (* (- 6) ?x901)))
 (let ((?x779 (* 2 ?x778)))
 (let ((?x2569 (* 15 ?x677)))
 (let ((?x2107 (* 54 ?x608)))
 (let ((?x1216 (+ ?x137 (* (- 24) ?x512) ?x2107 ?x2569 (* 6 (* s00 x!0)) ?x1384 ?x779 (* 24 (* r00 s!1)) ?x3110 ?x974 (* (- 3) ?x1631) (* 4 (* s00 s00 r!2)) (* (- 36) (* r00 x!0 r!2)) (* (- 2) (* s00 s!1 r!2)) (* (- 54) (* r00 x!0)) ?x2635 (* 24 ?x2776) (* 54 (* x00 r!2)) (* 6 (* x00 s!1)) (* 2 (* s00 r00 s!1)) (* (- 2) (* s!1 s!1 r!2)) (* (- 24) ?x3227) (* (- 12) (* s00 s!1)) (* (- 4) (* r00 s!1 s!1)) (* 36 (* r00 x00 r!2)) (* (- 36) (* r00 r00 x!0)) ?x3490 (* (- 6) ?x3870) (* (- 54) (* x!0 r!2)))))
 (let (($x2730 (= ?x1216 0)))
 (let ((?x2329 (* (- 6) ?x733)))
 (let ((?x678 (* 4 ?x677)))
 (let ((?x609 (* 18 ?x608)))
 (let ((?x2217 (+ ?x44 (* (- 9) ?x512) ?x609 ?x678 ?x2329 (* 9 (* r00 s!1)) (* (- 2) ?x1631) (* (- 6) (* r00 s!1 r!2)) (* (- 18) (* r00 x!0)) (* 6 (* s00 r00 r!2)) (* 6 ?x2511) (* 9 ?x2776) (* 18 (* x00 r!2)) (* (- 9) ?x3227) (* (- 2) (* s00 s!1)) ?x1929 (* (- 18) (* x!0 r!2)))))
 (let (($x2231 (= ?x2217 0)))
 (let (($x3839 (and $x2192 $x1513 $x2231 $x2730 $x2655 $x2260)))
 (let ((?x1937 (+ ?x961 ?x965 ?x954 ?x1733 ?x48 ?x59 ?x3063 ?x1591 (* (- 2) (* r!2 s!1)) (* 12 (* r!2 r00 r00)) (* (- 4) (* r!2 s00)) ?x513 ?x569)))
 (let ((?x3721 (+ (- 5) ?x2426 ?x2494 ?x2500 (* (- 48) (* r!2 r!2 x!0 x!0)) ?x1087 (* (- 72) (* r!2 s!1 s!1)) ?x550 ?x1789 ?x3548 (* (- 8) (* r!2 s!1 s!1 s!1)) (* 16 (* r!2 s!1 s!1 x!0)) (* 96 (* r!2 r!2 s!1 x!0)) (* 144 (* r!2 s!1 x!0)) (* (- 48) (* r!2 r!2 s!1 s!1)) ?x1874 (* (- 8) (* r!2 s!1 x!0 x!0)) (* (- 72) (* r!2 x!0 x!0)))))
 (let ((?x2164 (* 216 (* x!0 x00))))
 (let ((?x3595 (* (- 36) (* s!1 s!1 r00 r00))))
 (let ((?x1860 (* 216 (* x!0 s00 r00))))
 (let ((?x1857 (* (- 432) (* x!0 r00 r00 r00))))
 (let ((?x1524 (* 12 (* s!1 s!1 s00))))
 (let ((?x3421 (* x!0 s00)))
 (let ((?x3313 (* (- 108) ?x3421)))
 (let ((?x1162 (* x!0 r00)))
 (let ((?x3310 (* 108 ?x1162)))
 (let ((?x2422 (+ ?x2414 ?x2884 ?x2420 ?x3941 ?x1735 ?x3942 ?x3079 ?x1738 (* (- 396) (* r!2 s!1)) (* (- 1512) (* r!2 r00 r00)) (* 828 (* r!2 s00)) ?x1743 ?x3948 ?x1471 ?x1472 ?x656 (* 648 (* r!2 x!0)) (* (- 252) (* s!1 r00 r00)) ?x1475 ?x3310 ?x3313 ?x1096 (* (- 648) (* r!2 x00)) (* 648 (* s!1 r00 r00 r00)) (* 246 (* s!1 s00)) ?x1136 (* (- 162) (* s!1 r00)) (* (- 648) (* r!2 s00 r00)) (* (- 324) (* s!1 x00)) ?x866 (* (- 324) (* s!1 s00 r00)) ?x1239 (* 72 (* r!2 s!1 s!1)) ?x2934 ?x2040 ?x2890 ?x1009 (* 144 (* r!2 s!1 s00)) ?x1524 ?x1481 ?x1857 ?x1860 ?x3595 ?x1485 ?x2164 ?x1486 (* (- 324) (* r!2 r00)) (* 1296 (* r!2 r00 r00 r00)) (* (- 1296) (* r!2 r!2 r00 r00)) (* (- 432) (* r!2 s!1 r00 r00)) ?x958 (* 432 (* r!2 r!2 s!1)) (* 432 (* r!2 r!2 s00)))))
 (let ((?x2994 (* 36 (* x!0 r00 r00))))
 (let ((?x544 (* (- 36) (* r!2 r00 x00))))
 (let ((?x3921 (* r!2 s!1 s00)))
 (let ((?x3834 (* 2 ?x3921)))
 (let ((?x3920 (* (- 4) (* r!2 s00 s00))))
 (let ((?x633 (* r!2 s!1 s!1)))
 (let ((?x2579 (* 2 ?x633)))
 (let ((?x2091 (* s!1 s00 r00)))
 (let ((?x658 (* (- 2) ?x2091)))
 (let ((?x2090 (* s!1 x00)))
 (let ((?x712 (* (- 6) ?x2090)))
 (let ((?x2089 (* 4 (* s!1 s!1 r00))))
 (let ((?x1104 (* (- 6) ?x3421)))
 (let ((?x2360 (* 36 (* r!2 x!0 r00))))
 (let ((?x2887 (+ ?x3333 ?x979 ?x2867 ?x3694 ?x3288 ?x519 ?x441 ?x539 (* (- 42) (* r!2 s!1)) (* (- 216) (* r!2 r00 r00)) (* 114 (* r!2 s00)) ?x3393 ?x3394 ?x3042 (* 90 (* r!2 x!0)) (* 12 (* r!2 s!1 r00)) (* (- 72) (* s!1 r00 r00)) ?x2360 ?x3399 (* 90 ?x1162) ?x1104 ?x1096 (* (- 90) (* r!2 x00)) ?x2089 (* 20 (* s!1 s00)) ?x796 (* (- 90) (* s!1 r00)) (* (- 12) (* r!2 s00 r00)) ?x712 ?x658 ?x902 ?x2579 ?x3912 ?x3920 ?x986 ?x3834 ?x544 ?x2994 (* 144 (* r!2 r!2 r00)) ?x2710 (* 24 (* r!2 r!2 s!1)) (* 12 (* r!2 r!2 s00)))))
 (let ((?x2240 (* r!2 s00 r00)))
 (let ((?x2861 (* (- 6) ?x2240)))
 (let ((?x2660 (* s!1 s00)))
 (let ((?x2691 (* 2 ?x2660)))
 (let ((?x2659 (* r!2 x00)))
 (let ((?x2599 (* (- 18) ?x2659)))
 (let ((?x2657 (* 18 ?x1162)))
 (let ((?x2971 (* s!1 r00 r00)))
 (let ((?x2100 (* (- 6) ?x2971)))
 (let ((?x2767 (* r!2 s!1 r00)))
 (let ((?x2968 (* 6 ?x2767)))
 (let ((?x2770 (* r!2 x!0)))
 (let ((?x2771 (* 18 ?x2770)))
 (let ((?x3330 (+ ?x3317 ?x1094 ?x1277 ?x3077 ?x3173 ?x3172 ?x3348 ?x3182 (* (- 3) (* r!2 s!1)) (* (- 36) (* r!2 r00 r00)) (* 21 (* r!2 s00)) ?x3187 ?x622 ?x2312 ?x2771 ?x2968 ?x2100 ?x690 ?x2657 ?x734 ?x2599 ?x2691 (* (- 21) (* s!1 r00)) ?x2861 (* 36 (* r!2 r!2 r00)))))
 (let ((?x2697 (* r!2 s00)))
 (let ((?x2483 (* 4 ?x2697)))
 (let ((?x2693 (* r!2 r00 r00)))
 (let ((?x2695 (* (- 12) ?x2693)))
 (let ((?x702 (* r!2 s!1)))
 (let ((?x2690 (* 2 ?x702)))
 (let ((?x2540 (+ ?x2123 ?x1386 ?x687 ?x3584 ?x586 ?x587 ?x3308 ?x2440 ?x2690 ?x2695 ?x2483 ?x590 ?x556)))
 (let (($x3849 (= (+ s!1 (* (- 1) s00) (* (- 3) ?x3713) (* 3 ?x385)) 0)))
 (let (($x1949 (or (not $x3849) (not (= ?x2540 0)) (not (= ?x3330 0)) (not (= ?x2887 0)) (not (= ?x2422 0)) (not (= (* ?x3721 ?x1937) 0)))))
 (let ((?x2201 (* (- 36) ?x2971)))
 (let ((?x614 (* 54 ?x512)))
 (let ((?x1083 (* (- 9) s00)))
 (let ((?x1535 (* 9 s!1)))
 (let ((?x1385 (+ ?x1535 ?x1083 ?x614 ?x1471 ?x1472 (* (- 15) ?x1631) ?x2201 ?x1475 ?x3310 ?x3313 ?x1096 (* 216 (* s!1 r00 r00 r00)) (* 66 ?x2660) ?x1136 (* (- 54) (* s!1 r00)) (* (- 108) ?x2090) ?x866 (* (- 108) ?x2091) ?x1239 (* 108 ?x3870) ?x2040 ?x2890 ?x1009 ?x1524 ?x1481 ?x1857 ?x1860 ?x3595 ?x1485 ?x2164 ?x1486)))
 (let ((?x1012 (* (- 15) ?x677)))
 (let ((?x645 (* (- 54) ?x608)))
 (let ((?x660 (* 24 ?x512)))
 (let ((?x3282 (+ ?x1535 ?x1083 (* (- 24) ?x702) (* 24 ?x2697) ?x660 ?x645 (* 3 ?x1631) (* 54 ?x2770) ?x2201 ?x2360 ?x1012 (* 54 ?x1162) ?x1104 ?x1096 (* (- 54) ?x2659) ?x2089 (* 12 ?x2660) ?x796 (* (- 24) (* s!1 r00)) ?x712 ?x658 ?x902 ?x2579 ?x3912 ?x3920 ?x986 ?x3834 ?x544 ?x2994)))
 (let ((?x627 (* 9 ?x512)))
 (let ((?x464 (* (- 3) s00)))
 (let ((?x2291 (+ (* 3 s!1) ?x464 (* (- 9) ?x702) (* 9 ?x2697) ?x627 ?x622 ?x2312 ?x2771 ?x2968 ?x2100 ?x690 ?x2657 ?x734 ?x2599 ?x2691 (* (- 9) (* s!1 r00)) ?x2861)))
 (let (($x2486 (= (+ ?x2123 ?x1929 ?x687 ?x44 ?x586 ?x587 ?x2690 ?x2695 ?x2483 ?x590 ?x556) 0)))
 (let (($x691 (and $x3849 $x2486 (= ?x2291 0) (= ?x3282 0) (= ?x1385 0) $x1949)))
 (let (($x2772 (exists ((r Int) (s Int) (x Int) )(! (let ((?x555 (* r00 r00 r00)))
 (let ((?x569 (* (- 12) ?x555)))
 (let ((?x512 (* s00 r00)))
 (let ((?x513 (* 6 ?x512)))
 (let ((?x485 (* r s00)))
 (let ((?x499 (* (- 4) ?x485)))
 (let ((?x435 (* r r00 r00)))
 (let ((?x436 (* 12 ?x435)))
 (let ((?x429 (* r s)))
 (let ((?x430 (* (- 2) ?x429)))
 (let ((?x385 (* r00 r00)))
 (let ((?x1591 (* 12 ?x385)))
 (let ((?x59 (* 6 x00)))
 (let ((?x48 (* 3 r00)))
 (let ((?x1733 (* (- 7) s00)))
 (let ((?x534 (* (- 6) x)))
 (let ((?x1795 (* 7 s)))
 (let ((?x1933 (* (- 3) r)))
 (let ((?x870 (+ ?x1933 ?x1795 ?x534 ?x1733 ?x48 ?x59 (* (- 12) (* r r)) ?x1591 ?x430 ?x436 ?x499 ?x513 ?x569)))
 (let ((?x2835 (* (- 8) (* r s x x))))
 (let ((?x2831 (* (- 8) (* s x x))))
 (let ((?x978 (* x x)))
 (let ((?x3232 (* (- 24) ?x978)))
 (let ((?x909 (* s x)))
 (let ((?x3240 (* 48 ?x909)))
 (let ((?x631 (* s s)))
 (let ((?x3207 (* (- 24) ?x631)))
 (let ((?x373 (* r r)))
 (let ((?x3428 (* (- 5) ?x373)))
 (let ((?x3443 (* (- 10) r)))
 (let ((?x1630 (+ (- 5) ?x3443 ?x3428 ?x3207 (* (- 48) (* r r x x)) (* 16 (* s s x)) (* (- 72) (* r s s)) ?x3240 (* (- 8) (* s s s)) ?x3232 (* (- 8) (* r s s s)) (* 16 (* r s s x)) (* 96 (* r r s x)) (* 144 (* r s x)) (* (- 48) (* r r s s)) ?x2831 ?x2835 (* (- 72) (* r x x)))))
 (let ((?x3328 (* r r s00)))
 (let ((?x3982 (* 432 ?x3328)))
 (let ((?x3017 (* r r s)))
 (let ((?x3978 (* 432 ?x3017)))
 (let ((?x3002 (* r r r)))
 (let ((?x3977 (* 864 ?x3002)))
 (let ((?x3971 (* 1296 (* r r00 r00 r00))))
 (let ((?x1456 (* x00 x00)))
 (let ((?x1486 (* (- 108) ?x1456)))
 (let ((?x1431 (* 216 (* x x00))))
 (let ((?x1294 (* s00 s00 s00)))
 (let ((?x1485 (* (- 16) ?x1294)))
 (let ((?x1483 (* (- 36) (* s s r00 r00))))
 (let ((?x1265 (* 216 (* x s00 r00))))
 (let ((?x1482 (* (- 432) (* x r00 r00 r00))))
 (let ((?x1182 (* s00 r00 r00 r00)))
 (let ((?x1481 (* (- 216) ?x1182)))
 (let ((?x1067 (* 12 (* s s s00))))
 (let ((?x1025 (* r s s00)))
 (let ((?x3958 (* 144 ?x1025)))
 (let ((?x1008 (* r00 r00 r00 x00)))
 (let ((?x1009 (* 432 ?x1008)))
 (let ((?x1480 (* (- 108) ?x978)))
 (let ((?x915 (* s s s)))
 (let ((?x917 (* 4 ?x915)))
 (let ((?x905 (* r s s)))
 (let ((?x3957 (* 72 ?x905)))
 (let ((?x901 (* s00 x00)))
 (let ((?x1239 (* 108 ?x901)))
 (let ((?x865 (* s00 s00 r00 r00)))
 (let ((?x866 (* 36 ?x865)))
 (let ((?x824 (* s x00)))
 (let ((?x3955 (* (- 324) ?x824)))
 (let ((?x778 (* s00 s00 r00)))
 (let ((?x1136 (* 108 ?x778)))
 (let ((?x733 (* s00 r00 r00)))
 (let ((?x1096 (* 36 ?x733)))
 (let ((?x707 (* x s00)))
 (let ((?x1476 (* (- 108) ?x707)))
 (let ((?x703 (* x r00)))
 (let ((?x1342 (* 108 ?x703)))
 (let ((?x677 (* s00 s00)))
 (let ((?x1475 (* (- 51) ?x677)))
 (let ((?x635 (* r x)))
 (let ((?x3951 (* 648 ?x635)))
 (let ((?x608 (* r00 x00)))
 (let ((?x1472 (* (- 108) ?x608)))
 (let ((?x604 (* s00 r00 x00)))
 (let ((?x1471 (* (- 216) ?x604)))
 (let ((?x3948 (* 648 ?x555)))
 (let ((?x1743 (* (- 270) ?x512)))
 (let ((?x3947 (* 828 ?x485)))
 (let ((?x1738 (* (- 432) ?x385)))
 (let ((?x3942 (* (- 324) x00)))
 (let ((?x1735 (* (- 162) r00)))
 (let ((?x3941 (* 297 s00)))
 (let ((?x3657 (* 324 x)))
 (let ((?x1773 (+ (* 162 r) (* (- 297) s) ?x3657 ?x3941 ?x1735 ?x3942 (* 756 ?x373) ?x1738 (* (- 396) ?x429) (* (- 1512) ?x435) ?x3947 ?x1743 ?x3948 ?x1471 ?x1472 (* (- 195) ?x631) ?x3951 (* (- 252) (* s r00 r00)) ?x1475 ?x1342 ?x1476 ?x1096 (* (- 648) (* r x00)) (* 648 (* s r00 r00 r00)) (* 246 (* s s00)) ?x1136 (* (- 162) (* s r00)) (* (- 648) (* r s00 r00)) ?x3955 ?x866 (* (- 324) (* s s00 r00)) ?x1239 ?x3957 (* 324 ?x909) ?x917 ?x1480 ?x1009 ?x3958 ?x1067 ?x1481 ?x1482 ?x1265 ?x1483 ?x1485 ?x1431 ?x1486 (* (- 324) (* r r00)) ?x3971 (* (- 1296) (* r r r00 r00)) (* (- 432) (* r s r00 r00)) ?x3977 ?x3978 ?x3982)))
 (let ((?x1169 (* 36 (* x r00 r00))))
 (let ((?x1037 (* r r00 x00)))
 (let ((?x1050 (* (- 36) ?x1037)))
 (let ((?x1026 (* 2 ?x1025)))
 (let ((?x973 (* r00 r00 x00)))
 (let ((?x986 (* (- 36) ?x973)))
 (let ((?x921 (* r s00 s00)))
 (let ((?x934 (* (- 4) ?x921)))
 (let ((?x910 (* 6 ?x909)))
 (let ((?x906 (* 2 ?x905)))
 (let ((?x902 (* 6 ?x901)))
 (let ((?x875 (* s s00 r00)))
 (let ((?x888 (* (- 2) ?x875)))
 (let ((?x851 (* (- 6) ?x824)))
 (let ((?x796 (* (- 2) ?x778)))
 (let ((?x751 (* 4 (* s s r00))))
 (let ((?x722 (* (- 6) ?x707)))
 (let ((?x3399 (* (- 19) ?x677)))
 (let ((?x655 (* 36 (* r x r00))))
 (let ((?x3394 (* (- 90) ?x608)))
 (let ((?x3393 (* 18 ?x512)))
 (let ((?x539 (* (- 108) ?x385)))
 (let ((?x519 (* (- 72) x00)))
 (let ((?x3288 (* (- 36) r00)))
 (let ((?x3694 (* 57 s00)))
 (let ((?x2481 (+ (* 36 r) (* (- 57) s) (* 72 x) ?x3694 ?x3288 ?x519 (* 108 ?x373) ?x539 (* (- 42) ?x429) (* (- 216) ?x435) (* 114 ?x485) ?x3393 ?x3394 (* (- 1) ?x631) (* 90 ?x635) (* 12 (* r s r00)) (* (- 72) (* s r00 r00)) ?x655 ?x3399 (* 90 ?x703) ?x722 ?x1096 (* (- 90) (* r x00)) ?x751 (* 20 (* s s00)) ?x796 (* (- 90) (* s r00)) (* (- 12) (* r s00 r00)) ?x851 ?x888 ?x902 ?x906 ?x910 ?x934 ?x986 ?x1026 ?x1050 ?x1169 (* 144 (* r r r00)) (* 72 ?x3002) (* 24 ?x3017) (* 12 ?x3328))))
 (let ((?x812 (* r s00 r00)))
 (let ((?x825 (* (- 6) ?x812)))
 (let ((?x774 (* s s00)))
 (let ((?x775 (* 2 ?x774)))
 (let ((?x745 (* r x00)))
 (let ((?x758 (* (- 18) ?x745)))
 (let ((?x734 (* 6 ?x733)))
 (let ((?x704 (* 18 ?x703)))
 (let ((?x690 (* (- 4) ?x677)))
 (let ((?x651 (* s r00 r00)))
 (let ((?x664 (* (- 6) ?x651)))
 (let ((?x639 (* r s r00)))
 (let ((?x640 (* 6 ?x639)))
 (let ((?x636 (* 18 ?x635)))
 (let ((?x632 (* 2 ?x631)))
 (let ((?x622 (* (- 18) ?x608)))
 (let ((?x3187 (* 3 ?x512)))
 (let ((?x3182 (* (- 18) ?x385)))
 (let ((?x3172 (* (- 18) x00)))
 (let ((?x3173 (* (- 9) r00)))
 (let ((?x3077 (* 12 s00)))
 (let ((?x2530 (+ (* 9 r) (* (- 12) s) (* 18 x) ?x3077 ?x3173 ?x3172 (* 18 ?x373) ?x3182 (* (- 3) ?x429) (* (- 36) ?x435) (* 21 ?x485) ?x3187 ?x622 ?x632 ?x636 ?x640 ?x664 ?x690 ?x704 ?x734 ?x758 ?x775 (* (- 21) (* s r00)) ?x825 (* 36 (* r r r00)))))
 (let ((?x556 (* 12 ?x555)))
 (let ((?x590 (* (- 6) ?x512)))
 (let ((?x486 (* 4 ?x485)))
 (let ((?x589 (* (- 12) ?x435)))
 (let ((?x588 (* 2 ?x429)))
 (let ((?x2440 (* (- 12) ?x385)))
 (let ((?x587 (* (- 6) x00)))
 (let ((?x586 (* (- 3) r00)))
 (let ((?x3584 (* 7 s00)))
 (let ((?x56 (* 6 x)))
 (let ((?x43 (* 3 r)))
 (let ((?x2095 (+ ?x43 (* (- 7) s) ?x56 ?x3584 ?x586 ?x587 (* 12 ?x373) ?x2440 ?x588 ?x589 ?x486 ?x590 ?x556)))
 (let (($x418 (= (+ s (* (- 1) s00) (* (- 3) ?x373) (* 3 ?x385)) 0)))
 (let (($x2573 (or (not $x418) (not (= ?x2095 0)) (not (= ?x2530 0)) (not (= ?x2481 0)) (not (= ?x1773 0)) (not (= (* ?x1630 ?x870) 0)))))
 (let ((?x1306 (* 108 ?x909)))
 (let ((?x756 (* s r00 r00 r00)))
 (let ((?x757 (* 216 ?x756)))
 (let ((?x960 (* (- 36) ?x651)))
 (let ((?x614 (* 54 ?x512)))
 (let ((?x1083 (* (- 9) s00)))
 (let ((?x143 (* 9 s)))
 (let ((?x1487 (+ ?x143 ?x1083 ?x614 ?x1471 ?x1472 (* (- 15) ?x631) ?x960 ?x1475 ?x1342 ?x1476 ?x1096 ?x757 (* 66 ?x774) ?x1136 (* (- 54) (* s r00)) (* (- 108) ?x824) ?x866 (* (- 108) ?x875) ?x1239 ?x1306 ?x917 ?x1480 ?x1009 ?x1067 ?x1481 ?x1482 ?x1265 ?x1483 ?x1485 ?x1431 ?x1486)))
 (let (($x1488 (= ?x1487 0)))
 (let ((?x1012 (* (- 15) ?x677)))
 (let ((?x663 (* 3 ?x631)))
 (let ((?x645 (* (- 54) ?x608)))
 (let ((?x660 (* 24 ?x512)))
 (let ((?x1175 (+ ?x143 ?x1083 (* (- 24) ?x429) (* 24 ?x485) ?x660 ?x645 ?x663 (* 54 ?x635) ?x960 ?x655 ?x1012 (* 54 ?x703) ?x722 ?x1096 (* (- 54) ?x745) ?x751 (* 12 ?x774) ?x796 (* (- 24) (* s r00)) ?x851 ?x888 ?x902 ?x906 ?x910 ?x934 ?x986 ?x1026 ?x1050 ?x1169)))
 (let (($x1180 (= ?x1175 0)))
 (let ((?x627 (* 9 ?x512)))
 (let ((?x464 (* (- 3) s00)))
 (let ((?x47 (* 3 s)))
 (let ((?x831 (+ ?x47 ?x464 (* (- 9) ?x429) (* 9 ?x485) ?x627 ?x622 ?x632 ?x636 ?x640 ?x664 ?x690 ?x704 ?x734 ?x758 ?x775 (* (- 9) (* s r00)) ?x825)))
 (let (($x838 (= ?x831 0)))
 (let ((?x44 (* 3 s00)))
 (let ((?x585 (* (- 3) s)))
 (let (($x592 (= (+ ?x43 ?x585 ?x56 ?x44 ?x586 ?x587 ?x588 ?x589 ?x486 ?x590 ?x556) 0)))
 (and $x418 $x592 $x838 $x1180 $x1488 $x2573))))))))))))))))))))))))))))))))))))))))))))))))))))))))))))))))))))))))))))))))))))))))))))))))))))))))))))))))))))))))))))))))))))))))))))))))))))))))))))))))))))))))))))))) :qid k!40))
 ))
 (let (($x1153 (exists ((r Int) (s Int) (x Int) )(! (let ((?x555 (* r00 r00 r00)))
 (let ((?x569 (* (- 12) ?x555)))
 (let ((?x59 (* 6 x00)))
 (let ((?x534 (* (- 6) x)))
 (let ((?x2911 (* r00 s00)))
 (let ((?x2758 (* 6 ?x2911)))
 (let ((?x3828 (+ 1 r)))
 (let ((?x2060 (* s00 ?x3828)))
 (let ((?x3483 (* (- 4) ?x2060)))
 (let ((?x48 (* 3 r00)))
 (let ((?x143 (* 9 s)))
 (let ((?x464 (* (- 3) s00)))
 (let ((?x2357 (* 15 r)))
 (let ((?x2408 (* r00 r00 ?x3828)))
 (let ((?x2187 (* 12 ?x2408)))
 (let ((?x211 (* 6 r)))
 (let ((?x3078 (+ 3 s ?x211)))
 (let ((?x3169 (* ?x3828 ?x3078)))
 (let ((?x2699 (* (- 2) ?x3169)))
 (let ((?x840 (* (- 8) (* ?x3828 (+ x (* (- 1) s)) (+ x (* (- 1) s)) ?x3078))))
 (let ((?x1911 (* (+ ?x840 (* (- 5) (* ?x3828 ?x3828))) (+ 6 ?x2699 ?x2187 ?x2357 ?x464 ?x143 ?x48 ?x3483 ?x2758 ?x534 ?x59 ?x569))))
 (let (($x3593 (not (= ?x1911 0))))
 (let ((?x1456 (* x00 x00)))
 (let ((?x1501 (* 108 ?x1456)))
 (let ((?x2224 (* (- 54) r)))
 (let ((?x3436 (* (- 9) s)))
 (let ((?x2675 (* r00 r00 s00)))
 (let ((?x1523 (* (- 36) ?x2675)))
 (let ((?x137 (* 9 s00)))
 (let ((?x677 (* s00 s00)))
 (let ((?x3493 (* 51 ?x677)))
 (let ((?x1870 (* r00 r00 ?x3078)))
 (let ((?x2709 (* 36 ?x1870)))
 (let ((?x1294 (* s00 s00 s00)))
 (let ((?x2726 (* 16 ?x1294)))
 (let ((?x901 (* s00 x00)))
 (let ((?x2212 (* (- 108) ?x901)))
 (let ((?x2587 (* 216 (* r00 r00 r00 s00))))
 (let ((?x2535 (* r00 s00 s00)))
 (let ((?x1163 (* (- 108) ?x2535)))
 (let ((?x1008 (* r00 r00 r00 x00)))
 (let ((?x1873 (* (- 432) ?x1008)))
 (let ((?x1251 (* (- 36) (* r00 r00 s00 s00))))
 (let ((?x2871 (* (- 54) ?x2911)))
 (let ((?x608 (* r00 x00)))
 (let ((?x2000 (* 108 ?x608)))
 (let ((?x2405 (* 216 (* r00 s00 x00))))
 (let ((?x3419 (+ ?x2405 ?x2000 ?x2871 (* 15 (* ?x3078 ?x3078)) (* (- 216) (* r00 r00 r00 ?x3078)) ?x1251 (* (- 4) (* ?x3078 ?x3078 ?x3078)) (* 108 (* (+ x (* (- 1) s)) (+ x (* (- 1) s)))) ?x1873 (* (- 12) (* s00 ?x3078 ?x3078)) (* 108 (* s00 (+ x (* (- 1) s)))) ?x1163 ?x2587 (* 108 (* x00 ?x3078)) (* 432 (* r00 r00 r00 (+ x (* (- 1) s)))) (* (- 66) (* s00 ?x3078)) (* 108 (* r00 s00 ?x3078)) ?x2212 (* (- 216) (* r00 s00 (+ x (* (- 1) s)))) (* 36 (* r00 r00 ?x3078 ?x3078)) ?x2726 (* (- 108) (* (+ x (* (- 1) s)) ?x3078)) ?x2709 ?x3493 (* (- 108) (* r00 (+ x (* (- 1) s)))) ?x137 ?x1523 ?x3436 ?x2224 (* 54 (* r00 ?x3078)) (* (- 216) (* x00 (+ x (* (- 1) s)))) ?x1501)))
 (let (($x1905 (not (= ?x3419 27))))
 (let ((?x2569 (* 15 ?x677)))
 (let ((?x973 (* r00 r00 x00)))
 (let ((?x974 (* 36 ?x973)))
 (let ((?x3110 (* (- 6) ?x901)))
 (let ((?x2703 (* 2 ?x2535)))
 (let ((?x3610 (* (- 24) ?x2911)))
 (let ((?x2107 (* 54 ?x608)))
 (let ((?x3176 (+ (* 24 ?x3169) ?x2107 (* (- 36) (* r00 ?x3828 (+ x (* (- 1) s)))) ?x3610 (* (- 3) (* ?x3078 ?x3078)) (* (- 54) (* ?x3828 (+ x (* (- 1) s)))) (* 6 (* s00 (+ x (* (- 1) s)))) (* (- 4) (* r00 ?x3078 ?x3078)) ?x2703 (* 6 (* x00 ?x3078)) (* (- 12) (* s00 ?x3078)) (* 2 (* r00 s00 ?x3078)) ?x3110 (* (- 2) (* ?x3828 ?x3078 ?x3078)) (* (- 6) (* (+ x (* (- 1) s)) ?x3078)) (* 4 (* s00 s00 ?x3828)) ?x2709 ?x974 ?x2569 (* (- 2) (* s00 ?x3828 ?x3078)) (* 36 (* r00 x00 ?x3828)) (* (- 54) (* r00 (+ x (* (- 1) s)))) ?x137 ?x1523 (* 54 (* x00 ?x3828)) ?x3436 ?x2224 (* (- 24) ?x2060) (* 24 (* r00 ?x3078)) (* (- 36) (* r00 r00 (+ x (* (- 1) s)))))))
 (let ((?x585 (* (- 3) s)))
 (let ((?x2561 (* (- 6) ?x2675)))
 (let ((?x44 (* 3 s00)))
 (let ((?x678 (* 4 ?x677)))
 (let ((?x1892 (* (- 9) ?x2911)))
 (let ((?x609 (* 18 ?x608)))
 (let ((?x2845 (+ (* 9 ?x3169) ?x609 ?x1892 (* (- 2) (* ?x3078 ?x3078)) (* (- 18) (* ?x3828 (+ x (* (- 1) s)))) (* (- 6) (* r00 ?x3828 ?x3078)) (* 6 ?x1870) ?x678 (* (- 18) (* r00 (+ x (* (- 1) s)))) ?x44 ?x2561 (* 18 (* x00 ?x3828)) ?x585 (* (- 18) r) (* (- 9) ?x2060) (* (- 2) (* s00 ?x3078)) (* 9 (* r00 ?x3078)) (* 6 (* r00 s00 ?x3828)))))
 (let ((?x556 (* 12 ?x555)))
 (let ((?x587 (* (- 6) x00)))
 (let ((?x56 (* 6 x)))
 (let ((?x1660 (* (- 6) ?x2911)))
 (let ((?x586 (* (- 3) r00)))
 (let ((?x452 (+ (* 2 ?x3169) (* (- 12) ?x2408) (* (- 15) r) ?x44 ?x3436 ?x586 (* 4 ?x2060) ?x1660 ?x56 ?x587 ?x556)))
 (let ((?x385 (* r00 r00)))
 (let ((?x1934 (* (- 3) ?x385)))
 (let ((?x364 (* (- 1) s)))
 (let (($x1868 (= (+ s00 ?x364 (* (- 6) r) (* 3 (* ?x3828 ?x3828)) ?x1934) 3)))
 (let (($x1157 (not $x1868)))
 (let (($x3507 (or $x1157 (not (= ?x452 6)) (not (= ?x2845 9)) (not (= ?x3176 27)) $x1905 $x3593)))
 (let ((?x1990 (* r00 r00 s)))
 (let ((?x1295 (* 36 ?x1990)))
 (let ((?x1850 (+ ?x2405 ?x2000 ?x2871 (* 15 (* s s)) (* (- 216) (* r00 r00 r00 s)) ?x1251 (* (- 4) (* s s s)) (* 108 (* x x)) ?x1873 (* (- 12) (* s00 s s)) (* 108 (* s00 x)) ?x1163 ?x2587 (* 108 (* x00 s)) (* 432 (* r00 r00 r00 x)) (* (- 66) (* s00 s)) (* 108 (* r00 s00 s)) ?x2212 (* (- 216) (* r00 s00 x)) (* 36 (* r00 r00 s s)) ?x2726 (* (- 108) (* x s)) ?x1295 ?x3493 (* (- 108) (* r00 x)) ?x137 ?x1523 ?x3436 (* 54 (* r00 s)) (* (- 216) (* x00 x)) ?x1501)))
 (let (($x1853 (= ?x1850 0)))
 (let ((?x3071 (* r00 r00 x)))
 (let ((?x3153 (* (- 36) ?x3071)))
 (let ((?x2399 (* r00 s s)))
 (let ((?x3138 (* (- 4) ?x2399)))
 (let ((?x1908 (+ (* 24 (* s r)) ?x2107 (* (- 36) (* r00 x r)) ?x3610 (* (- 3) (* s s)) (* (- 54) (* x r)) (* 6 (* s00 x)) ?x3138 ?x2703 (* 6 (* x00 s)) (* (- 12) (* s00 s)) (* 2 (* r00 s00 s)) ?x3110 (* (- 2) (* s s r)) (* (- 6) (* x s)) (* 4 (* s00 s00 r)) ?x1295 ?x974 ?x2569 (* (- 2) (* s00 s r)) (* 36 (* r00 x00 r)) (* (- 54) (* r00 x)) ?x137 ?x1523 (* 54 (* x00 r)) ?x3436 (* (- 24) (* s00 r)) (* 24 (* r00 s)) ?x3153)))
 (let ((?x2061 (* r00 x)))
 (let ((?x2346 (* (- 18) ?x2061)))
 (let ((?x631 (* s s)))
 (let ((?x2327 (* (- 2) ?x631)))
 (let ((?x2477 (+ (* 9 (* s r)) ?x609 ?x1892 ?x2327 (* (- 18) (* x r)) (* (- 6) (* r00 s r)) (* 6 ?x1990) ?x678 ?x2346 ?x44 ?x2561 (* 18 (* x00 r)) ?x585 (* (- 9) (* s00 r)) (* (- 2) (* s00 s)) (* 9 (* r00 s)) (* 6 (* r00 s00 r)))))
 (let ((?x43 (* 3 r)))
 (let ((?x424 (+ (* 2 (* s r)) (* (- 12) (* r00 r00 r)) ?x43 ?x44 ?x585 ?x586 (* 4 (* s00 r)) ?x1660 ?x56 ?x587 ?x556)))
 (let (($x3244 (= (+ s00 ?x364 (* 3 (* r r)) ?x1934) 0)))
 (and $x3244 (= ?x424 0) (= ?x2477 0) (= ?x1908 0) $x1853 $x3507)))))))))))))))))))))))))))))))))))))))))))))))))))))))))))))))))))))))))))))))))))))))))))))) :qid k!40))
 ))
 (let ((?x2778 (lambda ((r Int) (s Int) (x Int) )(let ((?x555 (* r00 r00 r00)))
 (let ((?x569 (* (- 12) ?x555)))
 (let ((?x512 (* s00 r00)))
 (let ((?x513 (* 6 ?x512)))
 (let ((?x485 (* r s00)))
 (let ((?x499 (* (- 4) ?x485)))
 (let ((?x435 (* r r00 r00)))
 (let ((?x436 (* 12 ?x435)))
 (let ((?x429 (* r s)))
 (let ((?x430 (* (- 2) ?x429)))
 (let ((?x385 (* r00 r00)))
 (let ((?x1591 (* 12 ?x385)))
 (let ((?x59 (* 6 x00)))
 (let ((?x48 (* 3 r00)))
 (let ((?x1733 (* (- 7) s00)))
 (let ((?x534 (* (- 6) x)))
 (let ((?x1795 (* 7 s)))
 (let ((?x1933 (* (- 3) r)))
 (let ((?x870 (+ ?x1933 ?x1795 ?x534 ?x1733 ?x48 ?x59 (* (- 12) (* r r)) ?x1591 ?x430 ?x436 ?x499 ?x513 ?x569)))
 (let ((?x2835 (* (- 8) (* r s x x))))
 (let ((?x2831 (* (- 8) (* s x x))))
 (let ((?x978 (* x x)))
 (let ((?x3232 (* (- 24) ?x978)))
 (let ((?x909 (* s x)))
 (let ((?x3240 (* 48 ?x909)))
 (let ((?x631 (* s s)))
 (let ((?x3207 (* (- 24) ?x631)))
 (let ((?x373 (* r r)))
 (let ((?x3428 (* (- 5) ?x373)))
 (let ((?x3443 (* (- 10) r)))
 (let ((?x1630 (+ (- 5) ?x3443 ?x3428 ?x3207 (* (- 48) (* r r x x)) (* 16 (* s s x)) (* (- 72) (* r s s)) ?x3240 (* (- 8) (* s s s)) ?x3232 (* (- 8) (* r s s s)) (* 16 (* r s s x)) (* 96 (* r r s x)) (* 144 (* r s x)) (* (- 48) (* r r s s)) ?x2831 ?x2835 (* (- 72) (* r x x)))))
 (let ((?x3328 (* r r s00)))
 (let ((?x3982 (* 432 ?x3328)))
 (let ((?x3017 (* r r s)))
 (let ((?x3978 (* 432 ?x3017)))
 (let ((?x3002 (* r r r)))
 (let ((?x3977 (* 864 ?x3002)))
 (let ((?x3971 (* 1296 (* r r00 r00 r00))))
 (let ((?x1456 (* x00 x00)))
 (let ((?x1486 (* (- 108) ?x1456)))
 (let ((?x1431 (* 216 (* x x00))))
 (let ((?x1294 (* s00 s00 s00)))
 (let ((?x1485 (* (- 16) ?x1294)))
 (let ((?x1483 (* (- 36) (* s s r00 r00))))
 (let ((?x1265 (* 216 (* x s00 r00))))
 (let ((?x1482 (* (- 432) (* x r00 r00 r00))))
 (let ((?x1182 (* s00 r00 r00 r00)))
 (let ((?x1481 (* (- 216) ?x1182)))
 (let ((?x1067 (* 12 (* s s s00))))
 (let ((?x1025 (* r s s00)))
 (let ((?x3958 (* 144 ?x1025)))
 (let ((?x1008 (* r00 r00 r00 x00)))
 (let ((?x1009 (* 432 ?x1008)))
 (let ((?x1480 (* (- 108) ?x978)))
 (let ((?x915 (* s s s)))
 (let ((?x917 (* 4 ?x915)))
 (let ((?x905 (* r s s)))
 (let ((?x3957 (* 72 ?x905)))
 (let ((?x901 (* s00 x00)))
 (let ((?x1239 (* 108 ?x901)))
 (let ((?x865 (* s00 s00 r00 r00)))
 (let ((?x866 (* 36 ?x865)))
 (let ((?x824 (* s x00)))
 (let ((?x3955 (* (- 324) ?x824)))
 (let ((?x778 (* s00 s00 r00)))
 (let ((?x1136 (* 108 ?x778)))
 (let ((?x733 (* s00 r00 r00)))
 (let ((?x1096 (* 36 ?x733)))
 (let ((?x707 (* x s00)))
 (let ((?x1476 (* (- 108) ?x707)))
 (let ((?x703 (* x r00)))
 (let ((?x1342 (* 108 ?x703)))
 (let ((?x677 (* s00 s00)))
 (let ((?x1475 (* (- 51) ?x677)))
 (let ((?x635 (* r x)))
 (let ((?x3951 (* 648 ?x635)))
 (let ((?x608 (* r00 x00)))
 (let ((?x1472 (* (- 108) ?x608)))
 (let ((?x604 (* s00 r00 x00)))
 (let ((?x1471 (* (- 216) ?x604)))
 (let ((?x3948 (* 648 ?x555)))
 (let ((?x1743 (* (- 270) ?x512)))
 (let ((?x3947 (* 828 ?x485)))
 (let ((?x1738 (* (- 432) ?x385)))
 (let ((?x3942 (* (- 324) x00)))
 (let ((?x1735 (* (- 162) r00)))
 (let ((?x3941 (* 297 s00)))
 (let ((?x3657 (* 324 x)))
 (let ((?x1773 (+ (* 162 r) (* (- 297) s) ?x3657 ?x3941 ?x1735 ?x3942 (* 756 ?x373) ?x1738 (* (- 396) ?x429) (* (- 1512) ?x435) ?x3947 ?x1743 ?x3948 ?x1471 ?x1472 (* (- 195) ?x631) ?x3951 (* (- 252) (* s r00 r00)) ?x1475 ?x1342 ?x1476 ?x1096 (* (- 648) (* r x00)) (* 648 (* s r00 r00 r00)) (* 246 (* s s00)) ?x1136 (* (- 162) (* s r00)) (* (- 648) (* r s00 r00)) ?x3955 ?x866 (* (- 324) (* s s00 r00)) ?x1239 ?x3957 (* 324 ?x909) ?x917 ?x1480 ?x1009 ?x3958 ?x1067 ?x1481 ?x1482 ?x1265 ?x1483 ?x1485 ?x1431 ?x1486 (* (- 324) (* r r00)) ?x3971 (* (- 1296) (* r r r00 r00)) (* (- 432) (* r s r00 r00)) ?x3977 ?x3978 ?x3982)))
 (let ((?x1169 (* 36 (* x r00 r00))))
 (let ((?x1037 (* r r00 x00)))
 (let ((?x1050 (* (- 36) ?x1037)))
 (let ((?x1026 (* 2 ?x1025)))
 (let ((?x973 (* r00 r00 x00)))
 (let ((?x986 (* (- 36) ?x973)))
 (let ((?x921 (* r s00 s00)))
 (let ((?x934 (* (- 4) ?x921)))
 (let ((?x910 (* 6 ?x909)))
 (let ((?x906 (* 2 ?x905)))
 (let ((?x902 (* 6 ?x901)))
 (let ((?x875 (* s s00 r00)))
 (let ((?x888 (* (- 2) ?x875)))
 (let ((?x851 (* (- 6) ?x824)))
 (let ((?x796 (* (- 2) ?x778)))
 (let ((?x751 (* 4 (* s s r00))))
 (let ((?x722 (* (- 6) ?x707)))
 (let ((?x3399 (* (- 19) ?x677)))
 (let ((?x655 (* 36 (* r x r00))))
 (let ((?x3394 (* (- 90) ?x608)))
 (let ((?x3393 (* 18 ?x512)))
 (let ((?x539 (* (- 108) ?x385)))
 (let ((?x519 (* (- 72) x00)))
 (let ((?x3288 (* (- 36) r00)))
 (let ((?x3694 (* 57 s00)))
 (let ((?x2481 (+ (* 36 r) (* (- 57) s) (* 72 x) ?x3694 ?x3288 ?x519 (* 108 ?x373) ?x539 (* (- 42) ?x429) (* (- 216) ?x435) (* 114 ?x485) ?x3393 ?x3394 (* (- 1) ?x631) (* 90 ?x635) (* 12 (* r s r00)) (* (- 72) (* s r00 r00)) ?x655 ?x3399 (* 90 ?x703) ?x722 ?x1096 (* (- 90) (* r x00)) ?x751 (* 20 (* s s00)) ?x796 (* (- 90) (* s r00)) (* (- 12) (* r s00 r00)) ?x851 ?x888 ?x902 ?x906 ?x910 ?x934 ?x986 ?x1026 ?x1050 ?x1169 (* 144 (* r r r00)) (* 72 ?x3002) (* 24 ?x3017) (* 12 ?x3328))))
 (let ((?x812 (* r s00 r00)))
 (let ((?x825 (* (- 6) ?x812)))
 (let ((?x774 (* s s00)))
 (let ((?x775 (* 2 ?x774)))
 (let ((?x745 (* r x00)))
 (let ((?x758 (* (- 18) ?x745)))
 (let ((?x734 (* 6 ?x733)))
 (let ((?x704 (* 18 ?x703)))
 (let ((?x690 (* (- 4) ?x677)))
 (let ((?x651 (* s r00 r00)))
 (let ((?x664 (* (- 6) ?x651)))
 (let ((?x639 (* r s r00)))
 (let ((?x640 (* 6 ?x639)))
 (let ((?x636 (* 18 ?x635)))
 (let ((?x632 (* 2 ?x631)))
 (let ((?x622 (* (- 18) ?x608)))
 (let ((?x3187 (* 3 ?x512)))
 (let ((?x3182 (* (- 18) ?x385)))
 (let ((?x3172 (* (- 18) x00)))
 (let ((?x3173 (* (- 9) r00)))
 (let ((?x3077 (* 12 s00)))
 (let ((?x2530 (+ (* 9 r) (* (- 12) s) (* 18 x) ?x3077 ?x3173 ?x3172 (* 18 ?x373) ?x3182 (* (- 3) ?x429) (* (- 36) ?x435) (* 21 ?x485) ?x3187 ?x622 ?x632 ?x636 ?x640 ?x664 ?x690 ?x704 ?x734 ?x758 ?x775 (* (- 21) (* s r00)) ?x825 (* 36 (* r r r00)))))
 (let ((?x556 (* 12 ?x555)))
 (let ((?x590 (* (- 6) ?x512)))
 (let ((?x486 (* 4 ?x485)))
 (let ((?x589 (* (- 12) ?x435)))
 (let ((?x588 (* 2 ?x429)))
 (let ((?x2440 (* (- 12) ?x385)))
 (let ((?x587 (* (- 6) x00)))
 (let ((?x586 (* (- 3) r00)))
 (let ((?x3584 (* 7 s00)))
 (let ((?x56 (* 6 x)))
 (let ((?x43 (* 3 r)))
 (let ((?x2095 (+ ?x43 (* (- 7) s) ?x56 ?x3584 ?x586 ?x587 (* 12 ?x373) ?x2440 ?x588 ?x589 ?x486 ?x590 ?x556)))
 (let (($x418 (= (+ s (* (- 1) s00) (* (- 3) ?x373) (* 3 ?x385)) 0)))
 (let (($x2573 (or (not $x418) (not (= ?x2095 0)) (not (= ?x2530 0)) (not (= ?x2481 0)) (not (= ?x1773 0)) (not (= (* ?x1630 ?x870) 0)))))
 (let ((?x1306 (* 108 ?x909)))
 (let ((?x756 (* s r00 r00 r00)))
 (let ((?x757 (* 216 ?x756)))
 (let ((?x960 (* (- 36) ?x651)))
 (let ((?x614 (* 54 ?x512)))
 (let ((?x1083 (* (- 9) s00)))
 (let ((?x143 (* 9 s)))
 (let ((?x1487 (+ ?x143 ?x1083 ?x614 ?x1471 ?x1472 (* (- 15) ?x631) ?x960 ?x1475 ?x1342 ?x1476 ?x1096 ?x757 (* 66 ?x774) ?x1136 (* (- 54) (* s r00)) (* (- 108) ?x824) ?x866 (* (- 108) ?x875) ?x1239 ?x1306 ?x917 ?x1480 ?x1009 ?x1067 ?x1481 ?x1482 ?x1265 ?x1483 ?x1485 ?x1431 ?x1486)))
 (let (($x1488 (= ?x1487 0)))
 (let ((?x1012 (* (- 15) ?x677)))
 (let ((?x663 (* 3 ?x631)))
 (let ((?x645 (* (- 54) ?x608)))
 (let ((?x660 (* 24 ?x512)))
 (let ((?x1175 (+ ?x143 ?x1083 (* (- 24) ?x429) (* 24 ?x485) ?x660 ?x645 ?x663 (* 54 ?x635) ?x960 ?x655 ?x1012 (* 54 ?x703) ?x722 ?x1096 (* (- 54) ?x745) ?x751 (* 12 ?x774) ?x796 (* (- 24) (* s r00)) ?x851 ?x888 ?x902 ?x906 ?x910 ?x934 ?x986 ?x1026 ?x1050 ?x1169)))
 (let (($x1180 (= ?x1175 0)))
 (let ((?x627 (* 9 ?x512)))
 (let ((?x464 (* (- 3) s00)))
 (let ((?x47 (* 3 s)))
 (let ((?x831 (+ ?x47 ?x464 (* (- 9) ?x429) (* 9 ?x485) ?x627 ?x622 ?x632 ?x636 ?x640 ?x664 ?x690 ?x704 ?x734 ?x758 ?x775 (* (- 9) (* s r00)) ?x825)))
 (let (($x838 (= ?x831 0)))
 (let ((?x44 (* 3 s00)))
 (let ((?x585 (* (- 3) s)))
 (let (($x592 (= (+ ?x43 ?x585 ?x56 ?x44 ?x586 ?x587 ?x588 ?x589 ?x486 ?x590 ?x556) 0)))
 (let (($x2243 (and $x418 $x592 $x838 $x1180 $x1488 $x2573)))
 (let ((?x2911 (* r00 s00)))
 (let ((?x2758 (* 6 ?x2911)))
 (let ((?x3828 (+ 1 r)))
 (let ((?x2060 (* s00 ?x3828)))
 (let ((?x3483 (* (- 4) ?x2060)))
 (let ((?x2357 (* 15 r)))
 (let ((?x2408 (* r00 r00 ?x3828)))
 (let ((?x2187 (* 12 ?x2408)))
 (let ((?x211 (* 6 r)))
 (let ((?x3078 (+ 3 s ?x211)))
 (let ((?x3169 (* ?x3828 ?x3078)))
 (let ((?x2699 (* (- 2) ?x3169)))
 (let ((?x840 (* (- 8) (* ?x3828 (+ x (* (- 1) s)) (+ x (* (- 1) s)) ?x3078))))
 (let ((?x1911 (* (+ ?x840 (* (- 5) (* ?x3828 ?x3828))) (+ 6 ?x2699 ?x2187 ?x2357 ?x464 ?x143 ?x48 ?x3483 ?x2758 ?x534 ?x59 ?x569))))
 (let (($x3593 (not (= ?x1911 0))))
 (let ((?x1501 (* 108 ?x1456)))
 (let ((?x2224 (* (- 54) r)))
 (let ((?x3436 (* (- 9) s)))
 (let ((?x2675 (* r00 r00 s00)))
 (let ((?x1523 (* (- 36) ?x2675)))
 (let ((?x137 (* 9 s00)))
 (let ((?x3493 (* 51 ?x677)))
 (let ((?x1870 (* r00 r00 ?x3078)))
 (let ((?x2709 (* 36 ?x1870)))
 (let ((?x2726 (* 16 ?x1294)))
 (let ((?x2212 (* (- 108) ?x901)))
 (let ((?x2587 (* 216 (* r00 r00 r00 s00))))
 (let ((?x2535 (* r00 s00 s00)))
 (let ((?x1163 (* (- 108) ?x2535)))
 (let ((?x1873 (* (- 432) ?x1008)))
 (let ((?x1251 (* (- 36) (* r00 r00 s00 s00))))
 (let ((?x2871 (* (- 54) ?x2911)))
 (let ((?x2000 (* 108 ?x608)))
 (let ((?x2405 (* 216 (* r00 s00 x00))))
 (let ((?x3419 (+ ?x2405 ?x2000 ?x2871 (* 15 (* ?x3078 ?x3078)) (* (- 216) (* r00 r00 r00 ?x3078)) ?x1251 (* (- 4) (* ?x3078 ?x3078 ?x3078)) (* 108 (* (+ x (* (- 1) s)) (+ x (* (- 1) s)))) ?x1873 (* (- 12) (* s00 ?x3078 ?x3078)) (* 108 (* s00 (+ x (* (- 1) s)))) ?x1163 ?x2587 (* 108 (* x00 ?x3078)) (* 432 (* r00 r00 r00 (+ x (* (- 1) s)))) (* (- 66) (* s00 ?x3078)) (* 108 (* r00 s00 ?x3078)) ?x2212 (* (- 216) (* r00 s00 (+ x (* (- 1) s)))) (* 36 (* r00 r00 ?x3078 ?x3078)) ?x2726 (* (- 108) (* (+ x (* (- 1) s)) ?x3078)) ?x2709 ?x3493 (* (- 108) (* r00 (+ x (* (- 1) s)))) ?x137 ?x1523 ?x3436 ?x2224 (* 54 (* r00 ?x3078)) (* (- 216) (* x00 (+ x (* (- 1) s)))) ?x1501)))
 (let (($x1905 (not (= ?x3419 27))))
 (let ((?x2569 (* 15 ?x677)))
 (let ((?x974 (* 36 ?x973)))
 (let ((?x3110 (* (- 6) ?x901)))
 (let ((?x2703 (* 2 ?x2535)))
 (let ((?x3610 (* (- 24) ?x2911)))
 (let ((?x2107 (* 54 ?x608)))
 (let ((?x3176 (+ (* 24 ?x3169) ?x2107 (* (- 36) (* r00 ?x3828 (+ x (* (- 1) s)))) ?x3610 (* (- 3) (* ?x3078 ?x3078)) (* (- 54) (* ?x3828 (+ x (* (- 1) s)))) (* 6 (* s00 (+ x (* (- 1) s)))) (* (- 4) (* r00 ?x3078 ?x3078)) ?x2703 (* 6 (* x00 ?x3078)) (* (- 12) (* s00 ?x3078)) (* 2 (* r00 s00 ?x3078)) ?x3110 (* (- 2) (* ?x3828 ?x3078 ?x3078)) (* (- 6) (* (+ x (* (- 1) s)) ?x3078)) (* 4 (* s00 s00 ?x3828)) ?x2709 ?x974 ?x2569 (* (- 2) (* s00 ?x3828 ?x3078)) (* 36 (* r00 x00 ?x3828)) (* (- 54) (* r00 (+ x (* (- 1) s)))) ?x137 ?x1523 (* 54 (* x00 ?x3828)) ?x3436 ?x2224 (* (- 24) ?x2060) (* 24 (* r00 ?x3078)) (* (- 36) (* r00 r00 (+ x (* (- 1) s)))))))
 (let ((?x2561 (* (- 6) ?x2675)))
 (let ((?x678 (* 4 ?x677)))
 (let ((?x1892 (* (- 9) ?x2911)))
 (let ((?x609 (* 18 ?x608)))
 (let ((?x2845 (+ (* 9 ?x3169) ?x609 ?x1892 (* (- 2) (* ?x3078 ?x3078)) (* (- 18) (* ?x3828 (+ x (* (- 1) s)))) (* (- 6) (* r00 ?x3828 ?x3078)) (* 6 ?x1870) ?x678 (* (- 18) (* r00 (+ x (* (- 1) s)))) ?x44 ?x2561 (* 18 (* x00 ?x3828)) ?x585 (* (- 18) r) (* (- 9) ?x2060) (* (- 2) (* s00 ?x3078)) (* 9 (* r00 ?x3078)) (* 6 (* r00 s00 ?x3828)))))
 (let ((?x1660 (* (- 6) ?x2911)))
 (let ((?x452 (+ (* 2 ?x3169) (* (- 12) ?x2408) (* (- 15) r) ?x44 ?x3436 ?x586 (* 4 ?x2060) ?x1660 ?x56 ?x587 ?x556)))
 (let ((?x1934 (* (- 3) ?x385)))
 (let ((?x364 (* (- 1) s)))
 (let (($x1868 (= (+ s00 ?x364 (* (- 6) r) (* 3 (* ?x3828 ?x3828)) ?x1934) 3)))
 (let (($x1157 (not $x1868)))
 (let (($x3507 (or $x1157 (not (= ?x452 6)) (not (= ?x2845 9)) (not (= ?x3176 27)) $x1905 $x3593)))
 (let ((?x1990 (* r00 r00 s)))
 (let ((?x1295 (* 36 ?x1990)))
 (let ((?x1850 (+ ?x2405 ?x2000 ?x2871 (* 15 ?x631) (* (- 216) (* r00 r00 r00 s)) ?x1251 (* (- 4) ?x915) (* 108 ?x978) ?x1873 (* (- 12) (* s00 s s)) (* 108 (* s00 x)) ?x1163 ?x2587 (* 108 (* x00 s)) (* 432 (* r00 r00 r00 x)) (* (- 66) (* s00 s)) (* 108 (* r00 s00 s)) ?x2212 (* (- 216) (* r00 s00 x)) (* 36 (* r00 r00 s s)) ?x2726 (* (- 108) (* x s)) ?x1295 ?x3493 (* (- 108) (* r00 x)) ?x137 ?x1523 ?x3436 (* 54 (* r00 s)) (* (- 216) (* x00 x)) ?x1501)))
 (let (($x1853 (= ?x1850 0)))
 (let ((?x3071 (* r00 r00 x)))
 (let ((?x3153 (* (- 36) ?x3071)))
 (let ((?x2399 (* r00 s s)))
 (let ((?x3138 (* (- 4) ?x2399)))
 (let ((?x1908 (+ (* 24 (* s r)) ?x2107 (* (- 36) (* r00 x r)) ?x3610 (* (- 3) ?x631) (* (- 54) (* x r)) (* 6 (* s00 x)) ?x3138 ?x2703 (* 6 (* x00 s)) (* (- 12) (* s00 s)) (* 2 (* r00 s00 s)) ?x3110 (* (- 2) (* s s r)) (* (- 6) (* x s)) (* 4 (* s00 s00 r)) ?x1295 ?x974 ?x2569 (* (- 2) (* s00 s r)) (* 36 (* r00 x00 r)) (* (- 54) (* r00 x)) ?x137 ?x1523 (* 54 (* x00 r)) ?x3436 (* (- 24) (* s00 r)) (* 24 (* r00 s)) ?x3153)))
 (let ((?x2061 (* r00 x)))
 (let ((?x2346 (* (- 18) ?x2061)))
 (let ((?x2327 (* (- 2) ?x631)))
 (let ((?x2477 (+ (* 9 (* s r)) ?x609 ?x1892 ?x2327 (* (- 18) (* x r)) (* (- 6) (* r00 s r)) (* 6 ?x1990) ?x678 ?x2346 ?x44 ?x2561 (* 18 (* x00 r)) ?x585 (* (- 9) (* s00 r)) (* (- 2) (* s00 s)) (* 9 (* r00 s)) (* 6 (* r00 s00 r)))))
 (let ((?x424 (+ (* 2 (* s r)) (* (- 12) (* r00 r00 r)) ?x43 ?x44 ?x585 ?x586 (* 4 (* s00 r)) ?x1660 ?x56 ?x587 ?x556)))
 (let (($x3244 (= (+ s00 ?x364 (* 3 ?x373) ?x1934) 0)))
 (let (($x2985 (and $x3244 (= ?x424 0) (= ?x2477 0) (= ?x1908 0) $x1853 $x3507)))
 (rewrite (= $x2985 $x2243)))))))))))))))))))))))))))))))))))))))))))))))))))))))))))))))))))))))))))))))))))))))))))))))))))))))))))))))))))))))))))))))))))))))))))))))))))))))))))))))))))))))))))))))))))))))))))))))))))))))))))))))))))))))))))))))))))))))))))))))))))))))))
 ))
 (let (($x1126 (exists ((r Int) (s Int) (x Int) )(! (let ((?x555 (* r00 r00 r00)))
 (let ((?x569 (* (- 12) ?x555)))
 (let ((?x59 (* 6 x00)))
 (let ((?x534 (* (- 6) x)))
 (let ((?x2911 (* r00 s00)))
 (let ((?x2758 (* 6 ?x2911)))
 (let ((?x3828 (+ 1 r)))
 (let ((?x2060 (* s00 ?x3828)))
 (let ((?x3483 (* (- 4) ?x2060)))
 (let ((?x48 (* 3 r00)))
 (let ((?x143 (* 9 s)))
 (let ((?x464 (* (- 3) s00)))
 (let ((?x2357 (* 15 r)))
 (let ((?x2408 (* r00 r00 ?x3828)))
 (let ((?x2187 (* 12 ?x2408)))
 (let ((?x211 (* 6 r)))
 (let ((?x3078 (+ 3 s ?x211)))
 (let ((?x3169 (* ?x3828 ?x3078)))
 (let ((?x2699 (* (- 2) ?x3169)))
 (let ((?x840 (* (- 8) (* ?x3828 (+ x (* (- 1) s)) (+ x (* (- 1) s)) ?x3078))))
 (let ((?x1911 (* (+ ?x840 (* (- 5) (* ?x3828 ?x3828))) (+ 6 ?x2699 ?x2187 ?x2357 ?x464 ?x143 ?x48 ?x3483 ?x2758 ?x534 ?x59 ?x569))))
 (let (($x3593 (not (= ?x1911 0))))
 (let ((?x1456 (* x00 x00)))
 (let ((?x1501 (* 108 ?x1456)))
 (let ((?x2224 (* (- 54) r)))
 (let ((?x3436 (* (- 9) s)))
 (let ((?x2675 (* r00 r00 s00)))
 (let ((?x1523 (* (- 36) ?x2675)))
 (let ((?x137 (* 9 s00)))
 (let ((?x677 (* s00 s00)))
 (let ((?x3493 (* 51 ?x677)))
 (let ((?x1870 (* r00 r00 ?x3078)))
 (let ((?x2709 (* 36 ?x1870)))
 (let ((?x1294 (* s00 s00 s00)))
 (let ((?x2726 (* 16 ?x1294)))
 (let ((?x901 (* s00 x00)))
 (let ((?x2212 (* (- 108) ?x901)))
 (let ((?x2587 (* 216 (* r00 r00 r00 s00))))
 (let ((?x2535 (* r00 s00 s00)))
 (let ((?x1163 (* (- 108) ?x2535)))
 (let ((?x1008 (* r00 r00 r00 x00)))
 (let ((?x1873 (* (- 432) ?x1008)))
 (let ((?x1251 (* (- 36) (* r00 r00 s00 s00))))
 (let ((?x2871 (* (- 54) ?x2911)))
 (let ((?x608 (* r00 x00)))
 (let ((?x2000 (* 108 ?x608)))
 (let ((?x2405 (* 216 (* r00 s00 x00))))
 (let ((?x3419 (+ ?x2405 ?x2000 ?x2871 (* 15 (* ?x3078 ?x3078)) (* (- 216) (* r00 r00 r00 ?x3078)) ?x1251 (* (- 4) (* ?x3078 ?x3078 ?x3078)) (* 108 (* (+ x (* (- 1) s)) (+ x (* (- 1) s)))) ?x1873 (* (- 12) (* s00 ?x3078 ?x3078)) (* 108 (* s00 (+ x (* (- 1) s)))) ?x1163 ?x2587 (* 108 (* x00 ?x3078)) (* 432 (* r00 r00 r00 (+ x (* (- 1) s)))) (* (- 66) (* s00 ?x3078)) (* 108 (* r00 s00 ?x3078)) ?x2212 (* (- 216) (* r00 s00 (+ x (* (- 1) s)))) (* 36 (* r00 r00 ?x3078 ?x3078)) ?x2726 (* (- 108) (* (+ x (* (- 1) s)) ?x3078)) ?x2709 ?x3493 (* (- 108) (* r00 (+ x (* (- 1) s)))) ?x137 ?x1523 ?x3436 ?x2224 (* 54 (* r00 ?x3078)) (* (- 216) (* x00 (+ x (* (- 1) s)))) ?x1501)))
 (let (($x1905 (not (= ?x3419 27))))
 (let ((?x2083 (* 36 ?x2675)))
 (let ((?x1083 (* (- 9) s00)))
 (let ((?x1012 (* (- 15) ?x677)))
 (let ((?x973 (* r00 r00 x00)))
 (let ((?x986 (* (- 36) ?x973)))
 (let ((?x902 (* 6 ?x901)))
 (let ((?x2125 (* (- 2) ?x2535)))
 (let ((?x946 (* 24 ?x2911)))
 (let ((?x645 (* (- 54) ?x608)))
 (let ((?x3359 (+ (* (- 24) ?x3169) ?x645 (* 36 (* r00 ?x3828 (+ x (* (- 1) s)))) ?x946 (* 3 (* ?x3078 ?x3078)) (* 54 (* ?x3828 (+ x (* (- 1) s)))) (* (- 6) (* s00 (+ x (* (- 1) s)))) (* 4 (* r00 ?x3078 ?x3078)) ?x2125 (* (- 6) (* x00 ?x3078)) (* 12 (* s00 ?x3078)) (* (- 2) (* r00 s00 ?x3078)) ?x902 (* 2 (* ?x3828 ?x3078 ?x3078)) (* 6 (* (+ x (* (- 1) s)) ?x3078)) (* (- 4) (* s00 s00 ?x3828)) (* (- 36) ?x1870) ?x986 ?x1012 (* 2 (* s00 ?x3828 ?x3078)) (* (- 36) (* r00 x00 ?x3828)) (* 54 (* r00 (+ x (* (- 1) s)))) ?x1083 ?x2083 (* (- 54) (* x00 ?x3828)) ?x143 (* 54 r) (* 24 ?x2060) (* (- 24) (* r00 ?x3078)) (* 36 (* r00 r00 (+ x (* (- 1) s)))))))
 (let ((?x47 (* 3 s)))
 (let ((?x2678 (* 6 ?x2675)))
 (let ((?x690 (* (- 4) ?x677)))
 (let ((?x1958 (* 9 ?x2911)))
 (let ((?x622 (* (- 18) ?x608)))
 (let ((?x1437 (+ (* (- 9) ?x3169) ?x622 ?x1958 (* 2 (* ?x3078 ?x3078)) (* 18 (* ?x3828 (+ x (* (- 1) s)))) (* 6 (* r00 ?x3828 ?x3078)) (* (- 6) ?x1870) ?x690 (* 18 (* r00 (+ x (* (- 1) s)))) ?x464 ?x2678 (* (- 18) (* x00 ?x3828)) ?x47 (* 18 r) (* 9 ?x2060) (* 2 (* s00 ?x3078)) (* (- 9) (* r00 ?x3078)) (* (- 6) (* r00 s00 ?x3828)))))
 (let (($x2722 (= (+ ?x2699 ?x2187 ?x2357 ?x464 ?x143 ?x48 ?x3483 ?x2758 ?x534 ?x59 ?x569) (- 6))))
 (let ((?x385 (* r00 r00)))
 (let ((?x1934 (* (- 3) ?x385)))
 (let ((?x364 (* (- 1) s)))
 (let (($x1868 (= (+ s00 ?x364 (* (- 6) r) (* 3 (* ?x3828 ?x3828)) ?x1934) 3)))
 (let (($x1157 (not $x1868)))
 (let (($x1122 (or $x1157 (not $x2722) (not (= ?x1437 (- 9))) (not (= ?x3359 (- 27))) $x1905 $x3593)))
 (let ((?x1990 (* r00 r00 s)))
 (let ((?x1295 (* 36 ?x1990)))
 (let ((?x1850 (+ ?x2405 ?x2000 ?x2871 (* 15 (* s s)) (* (- 216) (* r00 r00 r00 s)) ?x1251 (* (- 4) (* s s s)) (* 108 (* x x)) ?x1873 (* (- 12) (* s00 s s)) (* 108 (* s00 x)) ?x1163 ?x2587 (* 108 (* x00 s)) (* 432 (* r00 r00 r00 x)) (* (- 66) (* s00 s)) (* 108 (* r00 s00 s)) ?x2212 (* (- 216) (* r00 s00 x)) (* 36 (* r00 r00 s s)) ?x2726 (* (- 108) (* x s)) ?x1295 ?x3493 (* (- 108) (* r00 x)) ?x137 ?x1523 ?x3436 (* 54 (* r00 s)) (* (- 216) (* x00 x)) ?x1501)))
 (let (($x1853 (= ?x1850 0)))
 (let ((?x2739 (* (- 36) ?x1990)))
 (let ((?x631 (* s s)))
 (let ((?x663 (* 3 ?x631)))
 (let ((?x2593 (+ (* (- 24) (* s r)) ?x645 (* 36 (* r00 x r)) ?x946 ?x663 (* 54 (* x r)) (* (- 6) (* s00 x)) (* 4 (* r00 s s)) ?x2125 (* (- 6) (* x00 s)) (* 12 (* s00 s)) (* (- 2) (* r00 s00 s)) ?x902 (* 2 (* s s r)) (* 6 (* x s)) (* (- 4) (* s00 s00 r)) ?x2739 ?x986 ?x1012 (* 2 (* s00 s r)) (* (- 36) (* r00 x00 r)) (* 54 (* r00 x)) ?x1083 ?x2083 (* (- 54) (* x00 r)) ?x143 (* 24 (* s00 r)) (* (- 24) (* r00 s)) (* 36 (* r00 r00 x)))))
 (let ((?x632 (* 2 ?x631)))
 (let ((?x2106 (+ (* (- 9) (* s r)) ?x622 ?x1958 ?x632 (* 18 (* x r)) (* 6 (* r00 s r)) (* (- 6) ?x1990) ?x690 (* 18 (* r00 x)) ?x464 ?x2678 (* (- 18) (* x00 r)) ?x47 (* 9 (* s00 r)) (* 2 (* s00 s)) (* (- 9) (* r00 s)) (* (- 6) (* r00 s00 r)))))
 (let ((?x1933 (* (- 3) r)))
 (let ((?x2990 (+ (* (- 2) (* s r)) (* 12 (* r00 r00 r)) ?x1933 ?x464 ?x47 ?x48 (* (- 4) (* s00 r)) ?x2758 ?x534 ?x59 ?x569)))
 (let (($x3244 (= (+ s00 ?x364 (* 3 (* r r)) ?x1934) 0)))
 (and $x3244 (= ?x2990 0) (= ?x2106 0) (= ?x2593 0) $x1853 $x1122)))))))))))))))))))))))))))))))))))))))))))))))))))))))))))))))))))))))))))))))))))))) :qid k!40))
 ))
 (let ((?x1902 (lambda ((r Int) (s Int) (x Int) )(let ((?x555 (* r00 r00 r00)))
 (let ((?x569 (* (- 12) ?x555)))
 (let ((?x59 (* 6 x00)))
 (let ((?x534 (* (- 6) x)))
 (let ((?x2911 (* r00 s00)))
 (let ((?x2758 (* 6 ?x2911)))
 (let ((?x3828 (+ 1 r)))
 (let ((?x2060 (* s00 ?x3828)))
 (let ((?x3483 (* (- 4) ?x2060)))
 (let ((?x48 (* 3 r00)))
 (let ((?x143 (* 9 s)))
 (let ((?x464 (* (- 3) s00)))
 (let ((?x2357 (* 15 r)))
 (let ((?x2408 (* r00 r00 ?x3828)))
 (let ((?x2187 (* 12 ?x2408)))
 (let ((?x211 (* 6 r)))
 (let ((?x3078 (+ 3 s ?x211)))
 (let ((?x3169 (* ?x3828 ?x3078)))
 (let ((?x2699 (* (- 2) ?x3169)))
 (let ((?x840 (* (- 8) (* ?x3828 (+ x (* (- 1) s)) (+ x (* (- 1) s)) ?x3078))))
 (let ((?x1911 (* (+ ?x840 (* (- 5) (* ?x3828 ?x3828))) (+ 6 ?x2699 ?x2187 ?x2357 ?x464 ?x143 ?x48 ?x3483 ?x2758 ?x534 ?x59 ?x569))))
 (let (($x3593 (not (= ?x1911 0))))
 (let ((?x1456 (* x00 x00)))
 (let ((?x1501 (* 108 ?x1456)))
 (let ((?x2224 (* (- 54) r)))
 (let ((?x3436 (* (- 9) s)))
 (let ((?x2675 (* r00 r00 s00)))
 (let ((?x1523 (* (- 36) ?x2675)))
 (let ((?x137 (* 9 s00)))
 (let ((?x677 (* s00 s00)))
 (let ((?x3493 (* 51 ?x677)))
 (let ((?x1870 (* r00 r00 ?x3078)))
 (let ((?x2709 (* 36 ?x1870)))
 (let ((?x1294 (* s00 s00 s00)))
 (let ((?x2726 (* 16 ?x1294)))
 (let ((?x901 (* s00 x00)))
 (let ((?x2212 (* (- 108) ?x901)))
 (let ((?x2587 (* 216 (* r00 r00 r00 s00))))
 (let ((?x2535 (* r00 s00 s00)))
 (let ((?x1163 (* (- 108) ?x2535)))
 (let ((?x1008 (* r00 r00 r00 x00)))
 (let ((?x1873 (* (- 432) ?x1008)))
 (let ((?x1251 (* (- 36) (* r00 r00 s00 s00))))
 (let ((?x2871 (* (- 54) ?x2911)))
 (let ((?x608 (* r00 x00)))
 (let ((?x2000 (* 108 ?x608)))
 (let ((?x2405 (* 216 (* r00 s00 x00))))
 (let ((?x3419 (+ ?x2405 ?x2000 ?x2871 (* 15 (* ?x3078 ?x3078)) (* (- 216) (* r00 r00 r00 ?x3078)) ?x1251 (* (- 4) (* ?x3078 ?x3078 ?x3078)) (* 108 (* (+ x (* (- 1) s)) (+ x (* (- 1) s)))) ?x1873 (* (- 12) (* s00 ?x3078 ?x3078)) (* 108 (* s00 (+ x (* (- 1) s)))) ?x1163 ?x2587 (* 108 (* x00 ?x3078)) (* 432 (* r00 r00 r00 (+ x (* (- 1) s)))) (* (- 66) (* s00 ?x3078)) (* 108 (* r00 s00 ?x3078)) ?x2212 (* (- 216) (* r00 s00 (+ x (* (- 1) s)))) (* 36 (* r00 r00 ?x3078 ?x3078)) ?x2726 (* (- 108) (* (+ x (* (- 1) s)) ?x3078)) ?x2709 ?x3493 (* (- 108) (* r00 (+ x (* (- 1) s)))) ?x137 ?x1523 ?x3436 ?x2224 (* 54 (* r00 ?x3078)) (* (- 216) (* x00 (+ x (* (- 1) s)))) ?x1501)))
 (let (($x1905 (not (= ?x3419 27))))
 (let ((?x2569 (* 15 ?x677)))
 (let ((?x973 (* r00 r00 x00)))
 (let ((?x974 (* 36 ?x973)))
 (let ((?x3110 (* (- 6) ?x901)))
 (let ((?x2703 (* 2 ?x2535)))
 (let ((?x3610 (* (- 24) ?x2911)))
 (let ((?x2107 (* 54 ?x608)))
 (let ((?x3176 (+ (* 24 ?x3169) ?x2107 (* (- 36) (* r00 ?x3828 (+ x (* (- 1) s)))) ?x3610 (* (- 3) (* ?x3078 ?x3078)) (* (- 54) (* ?x3828 (+ x (* (- 1) s)))) (* 6 (* s00 (+ x (* (- 1) s)))) (* (- 4) (* r00 ?x3078 ?x3078)) ?x2703 (* 6 (* x00 ?x3078)) (* (- 12) (* s00 ?x3078)) (* 2 (* r00 s00 ?x3078)) ?x3110 (* (- 2) (* ?x3828 ?x3078 ?x3078)) (* (- 6) (* (+ x (* (- 1) s)) ?x3078)) (* 4 (* s00 s00 ?x3828)) ?x2709 ?x974 ?x2569 (* (- 2) (* s00 ?x3828 ?x3078)) (* 36 (* r00 x00 ?x3828)) (* (- 54) (* r00 (+ x (* (- 1) s)))) ?x137 ?x1523 (* 54 (* x00 ?x3828)) ?x3436 ?x2224 (* (- 24) ?x2060) (* 24 (* r00 ?x3078)) (* (- 36) (* r00 r00 (+ x (* (- 1) s)))))))
 (let ((?x585 (* (- 3) s)))
 (let ((?x2561 (* (- 6) ?x2675)))
 (let ((?x44 (* 3 s00)))
 (let ((?x678 (* 4 ?x677)))
 (let ((?x1892 (* (- 9) ?x2911)))
 (let ((?x609 (* 18 ?x608)))
 (let ((?x2845 (+ (* 9 ?x3169) ?x609 ?x1892 (* (- 2) (* ?x3078 ?x3078)) (* (- 18) (* ?x3828 (+ x (* (- 1) s)))) (* (- 6) (* r00 ?x3828 ?x3078)) (* 6 ?x1870) ?x678 (* (- 18) (* r00 (+ x (* (- 1) s)))) ?x44 ?x2561 (* 18 (* x00 ?x3828)) ?x585 (* (- 18) r) (* (- 9) ?x2060) (* (- 2) (* s00 ?x3078)) (* 9 (* r00 ?x3078)) (* 6 (* r00 s00 ?x3828)))))
 (let ((?x556 (* 12 ?x555)))
 (let ((?x587 (* (- 6) x00)))
 (let ((?x56 (* 6 x)))
 (let ((?x1660 (* (- 6) ?x2911)))
 (let ((?x586 (* (- 3) r00)))
 (let ((?x452 (+ (* 2 ?x3169) (* (- 12) ?x2408) (* (- 15) r) ?x44 ?x3436 ?x586 (* 4 ?x2060) ?x1660 ?x56 ?x587 ?x556)))
 (let ((?x385 (* r00 r00)))
 (let ((?x1934 (* (- 3) ?x385)))
 (let ((?x364 (* (- 1) s)))
 (let (($x1868 (= (+ s00 ?x364 (* (- 6) r) (* 3 (* ?x3828 ?x3828)) ?x1934) 3)))
 (let (($x1157 (not $x1868)))
 (let (($x3507 (or $x1157 (not (= ?x452 6)) (not (= ?x2845 9)) (not (= ?x3176 27)) $x1905 $x3593)))
 (let ((?x1990 (* r00 r00 s)))
 (let ((?x1295 (* 36 ?x1990)))
 (let ((?x1850 (+ ?x2405 ?x2000 ?x2871 (* 15 (* s s)) (* (- 216) (* r00 r00 r00 s)) ?x1251 (* (- 4) (* s s s)) (* 108 (* x x)) ?x1873 (* (- 12) (* s00 s s)) (* 108 (* s00 x)) ?x1163 ?x2587 (* 108 (* x00 s)) (* 432 (* r00 r00 r00 x)) (* (- 66) (* s00 s)) (* 108 (* r00 s00 s)) ?x2212 (* (- 216) (* r00 s00 x)) (* 36 (* r00 r00 s s)) ?x2726 (* (- 108) (* x s)) ?x1295 ?x3493 (* (- 108) (* r00 x)) ?x137 ?x1523 ?x3436 (* 54 (* r00 s)) (* (- 216) (* x00 x)) ?x1501)))
 (let (($x1853 (= ?x1850 0)))
 (let ((?x3071 (* r00 r00 x)))
 (let ((?x3153 (* (- 36) ?x3071)))
 (let ((?x2399 (* r00 s s)))
 (let ((?x3138 (* (- 4) ?x2399)))
 (let ((?x1908 (+ (* 24 (* s r)) ?x2107 (* (- 36) (* r00 x r)) ?x3610 (* (- 3) (* s s)) (* (- 54) (* x r)) (* 6 (* s00 x)) ?x3138 ?x2703 (* 6 (* x00 s)) (* (- 12) (* s00 s)) (* 2 (* r00 s00 s)) ?x3110 (* (- 2) (* s s r)) (* (- 6) (* x s)) (* 4 (* s00 s00 r)) ?x1295 ?x974 ?x2569 (* (- 2) (* s00 s r)) (* 36 (* r00 x00 r)) (* (- 54) (* r00 x)) ?x137 ?x1523 (* 54 (* x00 r)) ?x3436 (* (- 24) (* s00 r)) (* 24 (* r00 s)) ?x3153)))
 (let ((?x2061 (* r00 x)))
 (let ((?x2346 (* (- 18) ?x2061)))
 (let ((?x631 (* s s)))
 (let ((?x2327 (* (- 2) ?x631)))
 (let ((?x2477 (+ (* 9 (* s r)) ?x609 ?x1892 ?x2327 (* (- 18) (* x r)) (* (- 6) (* r00 s r)) (* 6 ?x1990) ?x678 ?x2346 ?x44 ?x2561 (* 18 (* x00 r)) ?x585 (* (- 9) (* s00 r)) (* (- 2) (* s00 s)) (* 9 (* r00 s)) (* 6 (* r00 s00 r)))))
 (let ((?x43 (* 3 r)))
 (let ((?x424 (+ (* 2 (* s r)) (* (- 12) (* r00 r00 r)) ?x43 ?x44 ?x585 ?x586 (* 4 (* s00 r)) ?x1660 ?x56 ?x587 ?x556)))
 (let (($x3244 (= (+ s00 ?x364 (* 3 (* r r)) ?x1934) 0)))
 (let (($x2985 (and $x3244 (= ?x424 0) (= ?x2477 0) (= ?x1908 0) $x1853 $x3507)))
 (let ((?x2083 (* 36 ?x2675)))
 (let ((?x1083 (* (- 9) s00)))
 (let ((?x1012 (* (- 15) ?x677)))
 (let ((?x986 (* (- 36) ?x973)))
 (let ((?x902 (* 6 ?x901)))
 (let ((?x2125 (* (- 2) ?x2535)))
 (let ((?x946 (* 24 ?x2911)))
 (let ((?x645 (* (- 54) ?x608)))
 (let ((?x3359 (+ (* (- 24) ?x3169) ?x645 (* 36 (* r00 ?x3828 (+ x ?x364))) ?x946 (* 3 (* ?x3078 ?x3078)) (* 54 (* ?x3828 (+ x ?x364))) (* (- 6) (* s00 (+ x ?x364))) (* 4 (* r00 ?x3078 ?x3078)) ?x2125 (* (- 6) (* x00 ?x3078)) (* 12 (* s00 ?x3078)) (* (- 2) (* r00 s00 ?x3078)) ?x902 (* 2 (* ?x3828 ?x3078 ?x3078)) (* 6 (* (+ x ?x364) ?x3078)) (* (- 4) (* s00 s00 ?x3828)) (* (- 36) ?x1870) ?x986 ?x1012 (* 2 (* s00 ?x3828 ?x3078)) (* (- 36) (* r00 x00 ?x3828)) (* 54 (* r00 (+ x ?x364))) ?x1083 ?x2083 (* (- 54) (* x00 ?x3828)) ?x143 (* 54 r) (* 24 ?x2060) (* (- 24) (* r00 ?x3078)) (* 36 (* r00 r00 (+ x ?x364))))))
 (let ((?x47 (* 3 s)))
 (let ((?x2678 (* 6 ?x2675)))
 (let ((?x690 (* (- 4) ?x677)))
 (let ((?x1958 (* 9 ?x2911)))
 (let ((?x622 (* (- 18) ?x608)))
 (let ((?x1437 (+ (* (- 9) ?x3169) ?x622 ?x1958 (* 2 (* ?x3078 ?x3078)) (* 18 (* ?x3828 (+ x ?x364))) (* 6 (* r00 ?x3828 ?x3078)) (* (- 6) ?x1870) ?x690 (* 18 (* r00 (+ x ?x364))) ?x464 ?x2678 (* (- 18) (* x00 ?x3828)) ?x47 (* 18 r) (* 9 ?x2060) (* 2 (* s00 ?x3078)) (* (- 9) (* r00 ?x3078)) (* (- 6) (* r00 s00 ?x3828)))))
 (let (($x2722 (= (+ ?x2699 ?x2187 ?x2357 ?x464 ?x143 ?x48 ?x3483 ?x2758 ?x534 ?x59 ?x569) (- 6))))
 (let (($x1122 (or $x1157 (not $x2722) (not (= ?x1437 (- 9))) (not (= ?x3359 (- 27))) $x1905 $x3593)))
 (let ((?x2739 (* (- 36) ?x1990)))
 (let ((?x663 (* 3 ?x631)))
 (let ((?x2593 (+ (* (- 24) (* s r)) ?x645 (* 36 (* r00 x r)) ?x946 ?x663 (* 54 (* x r)) (* (- 6) (* s00 x)) (* 4 ?x2399) ?x2125 (* (- 6) (* x00 s)) (* 12 (* s00 s)) (* (- 2) (* r00 s00 s)) ?x902 (* 2 (* s s r)) (* 6 (* x s)) (* (- 4) (* s00 s00 r)) ?x2739 ?x986 ?x1012 (* 2 (* s00 s r)) (* (- 36) (* r00 x00 r)) (* 54 ?x2061) ?x1083 ?x2083 (* (- 54) (* x00 r)) ?x143 (* 24 (* s00 r)) (* (- 24) (* r00 s)) (* 36 ?x3071))))
 (let ((?x632 (* 2 ?x631)))
 (let ((?x2106 (+ (* (- 9) (* s r)) ?x622 ?x1958 ?x632 (* 18 (* x r)) (* 6 (* r00 s r)) (* (- 6) ?x1990) ?x690 (* 18 ?x2061) ?x464 ?x2678 (* (- 18) (* x00 r)) ?x47 (* 9 (* s00 r)) (* 2 (* s00 s)) (* (- 9) (* r00 s)) (* (- 6) (* r00 s00 r)))))
 (let ((?x1933 (* (- 3) r)))
 (let ((?x2990 (+ (* (- 2) (* s r)) (* 12 (* r00 r00 r)) ?x1933 ?x464 ?x47 ?x48 (* (- 4) (* s00 r)) ?x2758 ?x534 ?x59 ?x569)))
 (let (($x3594 (and $x3244 (= ?x2990 0) (= ?x2106 0) (= ?x2593 0) $x1853 $x1122)))
 (rewrite (= $x3594 $x2985))))))))))))))))))))))))))))))))))))))))))))))))))))))))))))))))))))))))))))))))))))))))))))))))))))))))))))))))))))))))))
 ))
 (let (($x361 (exists ((r Int) (s Int) (x Int) )(! (let ((?x232 (- x s)))
 (let ((?x211 (* 6 r)))
 (let ((?x212 (+ s ?x211 3)))
 (let ((?x215 (+ r 1)))
 (let ((?x61 (* 12 r00 r00 r00)))
 (let ((?x59 (* 6 x00)))
 (let ((?x54 (* 6 r00 s00)))
 (let ((?x48 (* 3 r00)))
 (let ((?x227 (* 3 ?x212)))
 (let ((?x44 (* 3 s00)))
 (let ((?x225 (- (+ (* (- 2) ?x215 ?x212) (* 12 ?x215 r00 r00)) (* 3 ?x215))))
 (let ((?x234 (- (+ (- (+ (- ?x225 ?x44) ?x227 ?x48) (* 4 ?x215 s00)) ?x54) (* 6 ?x232))))
 (let ((?x236 (- (+ ?x234 ?x59) ?x61)))
 (let (($x357 (= (* ?x236 (- (* (- 8) ?x215 ?x212 ?x232 ?x232) (* 5 ?x215 ?x215))) 0)))
 (let ((?x208 (* 108 x00 x00)))
 (let ((?x299 (* 9 ?x212)))
 (let ((?x139 (* 36 r00 r00 s00)))
 (let ((?x137 (* 9 s00)))
 (let ((?x197 (* 51 s00 s00)))
 (let ((?x284 (* 36 r00 r00 ?x212)))
 (let ((?x192 (* 16 s00 s00 s00)))
 (let ((?x186 (* 108 s00 x00)))
 (let ((?x177 (* 216 r00 r00 r00 s00)))
 (let ((?x175 (* 108 r00 s00 s00)))
 (let ((?x169 (* 432 r00 r00 r00 x00)))
 (let ((?x161 (* 36 r00 r00 s00 s00)))
 (let ((?x157 (- (+ (* 216 r00 s00 x00) (* 108 r00 x00)) (* 54 r00 s00))))
 (let ((?x313 (- (- (+ ?x157 (* 15 ?x212 ?x212)) (* 216 r00 r00 r00 ?x212)) ?x161)))
 (let ((?x319 (- (- (+ (- ?x313 (* 4 ?x212 ?x212 ?x212)) (* 108 ?x232 ?x232)) ?x169) (* 12 ?x212 ?x212 s00))))
 (let ((?x325 (+ (- (+ ?x319 (* 108 s00 ?x232)) ?x175) ?x177 (* 108 ?x212 x00) (* 432 r00 r00 r00 ?x232))))
 (let ((?x331 (- (+ (- ?x325 (* 66 ?x212 s00)) (* 108 r00 ?x212 s00)) ?x186)))
 (let ((?x334 (+ (- ?x331 (* 216 r00 s00 ?x232)) (* 36 r00 r00 ?x212 ?x212) ?x192)))
 (let ((?x339 (- (+ (- ?x334 (* 108 ?x212 ?x232)) ?x284 ?x197) (* 108 r00 ?x232))))
 (let ((?x346 (- (+ (- (- (+ ?x339 ?x137) ?x139) ?x299) (* 54 r00 ?x212)) (* 216 ?x232 x00))))
 (let ((?x126 (* 15 s00 s00)))
 (let ((?x124 (* 36 r00 r00 x00)))
 (let ((?x118 (* 6 s00 x00)))
 (let ((?x110 (* 2 r00 s00 s00)))
 (let ((?x102 (* 24 r00 s00)))
 (let ((?x268 (+ (- (* (- 24) ?x215 ?x212) (* 54 r00 x00)) (* 36 ?x215 r00 ?x232) ?x102 (* 3 ?x212 ?x212) (* 54 ?x215 ?x232))))
 (let ((?x274 (- (+ (- ?x268 (* 6 s00 ?x232)) (* 4 r00 ?x212 ?x212)) ?x110)))
 (let ((?x279 (- (+ (- ?x274 (* 6 ?x212 x00)) (* 12 ?x212 s00)) (* 2 r00 ?x212 s00))))
 (let ((?x285 (- (+ ?x279 ?x118 (* 2 ?x215 ?x212 ?x212) (* 6 ?x212 ?x232)) (* 4 ?x215 s00 s00))))
 (let ((?x292 (- (+ (- (- (- ?x285 ?x284) ?x124) ?x126) (* 2 ?x215 ?x212 s00)) (* 36 ?x215 r00 x00))))
 (let ((?x298 (- (+ (- (+ ?x292 (* 54 r00 ?x232)) ?x137) ?x139) (* 54 ?x215 x00))))
 (let ((?x305 (+ (- (+ ?x298 ?x299 (* 24 ?x215 s00)) (* 24 r00 ?x212)) (* 36 r00 r00 ?x232))))
 (let ((?x82 (* 6 r00 r00 s00)))
 (let ((?x76 (* 4 s00 s00)))
 (let ((?x70 (* 9 r00 s00)))
 (let ((?x244 (+ (- (* (- 9) ?x215 ?x212) (* 18 r00 x00)) ?x70 (* 2 ?x212 ?x212) (* 18 ?x215 ?x232) (* 6 ?x215 r00 ?x212))))
 (let ((?x249 (+ (- (- ?x244 (* 6 r00 r00 ?x212)) ?x76) (* 18 r00 ?x232))))
 (let ((?x256 (+ (- (+ (- ?x249 ?x44) ?x82) (* 18 ?x215 x00)) ?x227 (* 9 ?x215 s00) (* 2 ?x212 s00))))
 (let (($x261 (= (- (- ?x256 (* 9 r00 ?x212)) (* 6 ?x215 r00 s00)) 0)))
 (let (($x219 (= (- (+ (- s00 ?x212) (* 3 ?x215 ?x215)) (* 3 r00 r00)) 0)))
 (let (($x359 (or (not $x219) (not (= ?x236 0)) (not $x261) (not (= ?x305 0)) (not (= (+ ?x346 ?x208) 0)) (not $x357))))
 (let ((?x143 (* 9 s)))
 (let ((?x123 (* 36 r00 r00 s)))
 (let ((?x164 (- (- (+ ?x157 (* 15 s s)) (* 216 r00 r00 r00 s)) ?x161)))
 (let ((?x172 (- (- (+ (- ?x164 (* 4 s s s)) (* 108 x x)) ?x169) (* 12 s s s00))))
 (let ((?x180 (+ (- (+ ?x172 (* 108 s00 x)) ?x175) ?x177 (* 108 s x00) (* 432 r00 r00 r00 x))))
 (let ((?x188 (- (+ (- ?x180 (* 66 s s00)) (* 108 r00 s s00)) ?x186)))
 (let ((?x193 (+ (- ?x188 (* 216 r00 s00 x)) (* 36 r00 r00 s s) ?x192)))
 (let ((?x200 (- (+ (- ?x193 (* 108 s x)) ?x123 ?x197) (* 108 r00 x))))
 (let ((?x207 (- (+ (- (- (+ ?x200 ?x137) ?x139) ?x143) (* 54 r00 s)) (* 216 x x00))))
 (let ((?x105 (+ (- (* (- 24) r s) (* 54 r00 x00)) (* 36 r r00 x) ?x102 (* 3 s s) (* 54 r x))))
 (let ((?x112 (- (+ (- ?x105 (* 6 s00 x)) (* 4 r00 s s)) ?x110)))
 (let ((?x117 (- (+ (- ?x112 (* 6 s x00)) (* 12 s s00)) (* 2 r00 s s00))))
 (let ((?x127 (- (+ ?x117 ?x118 (* 2 r s s) (* 6 s x)) (* 4 r s00 s00))))
 (let ((?x134 (- (+ (- (- (- ?x127 ?x123) ?x124) ?x126) (* 2 r s s00)) (* 36 r r00 x00))))
 (let ((?x142 (- (+ (- (+ ?x134 (* 54 r00 x)) ?x137) ?x139) (* 54 r x00))))
 (let ((?x149 (+ (- (+ ?x142 ?x143 (* 24 r s00)) (* 24 r00 s)) (* 36 r00 r00 x))))
 (let ((?x47 (* 3 s)))
 (let ((?x74 (+ (- (* (- 9) r s) (* 18 r00 x00)) ?x70 (* 2 s s) (* 18 r x) (* 6 r r00 s))))
 (let ((?x80 (+ (- (- ?x74 (* 6 r00 r00 s)) ?x76) (* 18 r00 x))))
 (let ((?x88 (+ (- (+ (- ?x80 ?x44) ?x82) (* 18 r x00)) ?x47 (* 9 r s00) (* 2 s s00))))
 (let (($x93 (= (- (- ?x88 (* 9 r00 s)) (* 6 r r00 s00)) 0)))
 (let ((?x56 (* 6 x)))
 (let ((?x43 (* 3 r)))
 (let ((?x46 (- (- (+ (* (- 2) r s) (* 12 r r00 r00)) ?x43) ?x44)))
 (let ((?x60 (+ (- (+ (- (+ ?x46 ?x47 ?x48) (* 4 r s00)) ?x54) ?x56) ?x59)))
 (let (($x36 (= (- (+ (- s00 s) (* 3 r r)) (* 3 r00 r00)) 0)))
 (and $x36 (= (- ?x60 ?x61) 0) $x93 (= ?x149 0) (= (+ ?x207 ?x208) 0) $x359)))))))))))))))))))))))))))))))))))))))))))))))))))))))))))))))))))))))))))))))))) :qid k!40))
 ))
 (let ((?x837 (lambda ((r Int) (s Int) (x Int) )(let ((?x555 (* r00 r00 r00)))
 (let ((?x569 (* (- 12) ?x555)))
 (let ((?x59 (* 6 x00)))
 (let ((?x534 (* (- 6) x)))
 (let ((?x2911 (* r00 s00)))
 (let ((?x2758 (* 6 ?x2911)))
 (let ((?x3828 (+ 1 r)))
 (let ((?x2060 (* s00 ?x3828)))
 (let ((?x3483 (* (- 4) ?x2060)))
 (let ((?x48 (* 3 r00)))
 (let ((?x143 (* 9 s)))
 (let ((?x464 (* (- 3) s00)))
 (let ((?x2357 (* 15 r)))
 (let ((?x2408 (* r00 r00 ?x3828)))
 (let ((?x2187 (* 12 ?x2408)))
 (let ((?x211 (* 6 r)))
 (let ((?x3078 (+ 3 s ?x211)))
 (let ((?x3169 (* ?x3828 ?x3078)))
 (let ((?x2699 (* (- 2) ?x3169)))
 (let ((?x840 (* (- 8) (* ?x3828 (+ x (* (- 1) s)) (+ x (* (- 1) s)) ?x3078))))
 (let ((?x1911 (* (+ ?x840 (* (- 5) (* ?x3828 ?x3828))) (+ 6 ?x2699 ?x2187 ?x2357 ?x464 ?x143 ?x48 ?x3483 ?x2758 ?x534 ?x59 ?x569))))
 (let (($x3593 (not (= ?x1911 0))))
 (let ((?x1456 (* x00 x00)))
 (let ((?x1501 (* 108 ?x1456)))
 (let ((?x2224 (* (- 54) r)))
 (let ((?x3436 (* (- 9) s)))
 (let ((?x2675 (* r00 r00 s00)))
 (let ((?x1523 (* (- 36) ?x2675)))
 (let ((?x137 (* 9 s00)))
 (let ((?x677 (* s00 s00)))
 (let ((?x3493 (* 51 ?x677)))
 (let ((?x1870 (* r00 r00 ?x3078)))
 (let ((?x2709 (* 36 ?x1870)))
 (let ((?x1294 (* s00 s00 s00)))
 (let ((?x2726 (* 16 ?x1294)))
 (let ((?x901 (* s00 x00)))
 (let ((?x2212 (* (- 108) ?x901)))
 (let ((?x2587 (* 216 (* r00 r00 r00 s00))))
 (let ((?x2535 (* r00 s00 s00)))
 (let ((?x1163 (* (- 108) ?x2535)))
 (let ((?x1008 (* r00 r00 r00 x00)))
 (let ((?x1873 (* (- 432) ?x1008)))
 (let ((?x1251 (* (- 36) (* r00 r00 s00 s00))))
 (let ((?x2871 (* (- 54) ?x2911)))
 (let ((?x608 (* r00 x00)))
 (let ((?x2000 (* 108 ?x608)))
 (let ((?x2405 (* 216 (* r00 s00 x00))))
 (let ((?x3419 (+ ?x2405 ?x2000 ?x2871 (* 15 (* ?x3078 ?x3078)) (* (- 216) (* r00 r00 r00 ?x3078)) ?x1251 (* (- 4) (* ?x3078 ?x3078 ?x3078)) (* 108 (* (+ x (* (- 1) s)) (+ x (* (- 1) s)))) ?x1873 (* (- 12) (* s00 ?x3078 ?x3078)) (* 108 (* s00 (+ x (* (- 1) s)))) ?x1163 ?x2587 (* 108 (* x00 ?x3078)) (* 432 (* r00 r00 r00 (+ x (* (- 1) s)))) (* (- 66) (* s00 ?x3078)) (* 108 (* r00 s00 ?x3078)) ?x2212 (* (- 216) (* r00 s00 (+ x (* (- 1) s)))) (* 36 (* r00 r00 ?x3078 ?x3078)) ?x2726 (* (- 108) (* (+ x (* (- 1) s)) ?x3078)) ?x2709 ?x3493 (* (- 108) (* r00 (+ x (* (- 1) s)))) ?x137 ?x1523 ?x3436 ?x2224 (* 54 (* r00 ?x3078)) (* (- 216) (* x00 (+ x (* (- 1) s)))) ?x1501)))
 (let (($x1905 (not (= ?x3419 27))))
 (let ((?x2083 (* 36 ?x2675)))
 (let ((?x1083 (* (- 9) s00)))
 (let ((?x1012 (* (- 15) ?x677)))
 (let ((?x973 (* r00 r00 x00)))
 (let ((?x986 (* (- 36) ?x973)))
 (let ((?x902 (* 6 ?x901)))
 (let ((?x2125 (* (- 2) ?x2535)))
 (let ((?x946 (* 24 ?x2911)))
 (let ((?x645 (* (- 54) ?x608)))
 (let ((?x3359 (+ (* (- 24) ?x3169) ?x645 (* 36 (* r00 ?x3828 (+ x (* (- 1) s)))) ?x946 (* 3 (* ?x3078 ?x3078)) (* 54 (* ?x3828 (+ x (* (- 1) s)))) (* (- 6) (* s00 (+ x (* (- 1) s)))) (* 4 (* r00 ?x3078 ?x3078)) ?x2125 (* (- 6) (* x00 ?x3078)) (* 12 (* s00 ?x3078)) (* (- 2) (* r00 s00 ?x3078)) ?x902 (* 2 (* ?x3828 ?x3078 ?x3078)) (* 6 (* (+ x (* (- 1) s)) ?x3078)) (* (- 4) (* s00 s00 ?x3828)) (* (- 36) ?x1870) ?x986 ?x1012 (* 2 (* s00 ?x3828 ?x3078)) (* (- 36) (* r00 x00 ?x3828)) (* 54 (* r00 (+ x (* (- 1) s)))) ?x1083 ?x2083 (* (- 54) (* x00 ?x3828)) ?x143 (* 54 r) (* 24 ?x2060) (* (- 24) (* r00 ?x3078)) (* 36 (* r00 r00 (+ x (* (- 1) s)))))))
 (let ((?x47 (* 3 s)))
 (let ((?x2678 (* 6 ?x2675)))
 (let ((?x690 (* (- 4) ?x677)))
 (let ((?x1958 (* 9 ?x2911)))
 (let ((?x622 (* (- 18) ?x608)))
 (let ((?x1437 (+ (* (- 9) ?x3169) ?x622 ?x1958 (* 2 (* ?x3078 ?x3078)) (* 18 (* ?x3828 (+ x (* (- 1) s)))) (* 6 (* r00 ?x3828 ?x3078)) (* (- 6) ?x1870) ?x690 (* 18 (* r00 (+ x (* (- 1) s)))) ?x464 ?x2678 (* (- 18) (* x00 ?x3828)) ?x47 (* 18 r) (* 9 ?x2060) (* 2 (* s00 ?x3078)) (* (- 9) (* r00 ?x3078)) (* (- 6) (* r00 s00 ?x3828)))))
 (let (($x2722 (= (+ ?x2699 ?x2187 ?x2357 ?x464 ?x143 ?x48 ?x3483 ?x2758 ?x534 ?x59 ?x569) (- 6))))
 (let ((?x385 (* r00 r00)))
 (let ((?x1934 (* (- 3) ?x385)))
 (let ((?x364 (* (- 1) s)))
 (let (($x1868 (= (+ s00 ?x364 (* (- 6) r) (* 3 (* ?x3828 ?x3828)) ?x1934) 3)))
 (let (($x1157 (not $x1868)))
 (let (($x1122 (or $x1157 (not $x2722) (not (= ?x1437 (- 9))) (not (= ?x3359 (- 27))) $x1905 $x3593)))
 (let ((?x1990 (* r00 r00 s)))
 (let ((?x1295 (* 36 ?x1990)))
 (let ((?x1850 (+ ?x2405 ?x2000 ?x2871 (* 15 (* s s)) (* (- 216) (* r00 r00 r00 s)) ?x1251 (* (- 4) (* s s s)) (* 108 (* x x)) ?x1873 (* (- 12) (* s00 s s)) (* 108 (* s00 x)) ?x1163 ?x2587 (* 108 (* x00 s)) (* 432 (* r00 r00 r00 x)) (* (- 66) (* s00 s)) (* 108 (* r00 s00 s)) ?x2212 (* (- 216) (* r00 s00 x)) (* 36 (* r00 r00 s s)) ?x2726 (* (- 108) (* x s)) ?x1295 ?x3493 (* (- 108) (* r00 x)) ?x137 ?x1523 ?x3436 (* 54 (* r00 s)) (* (- 216) (* x00 x)) ?x1501)))
 (let (($x1853 (= ?x1850 0)))
 (let ((?x2739 (* (- 36) ?x1990)))
 (let ((?x631 (* s s)))
 (let ((?x663 (* 3 ?x631)))
 (let ((?x2593 (+ (* (- 24) (* s r)) ?x645 (* 36 (* r00 x r)) ?x946 ?x663 (* 54 (* x r)) (* (- 6) (* s00 x)) (* 4 (* r00 s s)) ?x2125 (* (- 6) (* x00 s)) (* 12 (* s00 s)) (* (- 2) (* r00 s00 s)) ?x902 (* 2 (* s s r)) (* 6 (* x s)) (* (- 4) (* s00 s00 r)) ?x2739 ?x986 ?x1012 (* 2 (* s00 s r)) (* (- 36) (* r00 x00 r)) (* 54 (* r00 x)) ?x1083 ?x2083 (* (- 54) (* x00 r)) ?x143 (* 24 (* s00 r)) (* (- 24) (* r00 s)) (* 36 (* r00 r00 x)))))
 (let ((?x632 (* 2 ?x631)))
 (let ((?x2106 (+ (* (- 9) (* s r)) ?x622 ?x1958 ?x632 (* 18 (* x r)) (* 6 (* r00 s r)) (* (- 6) ?x1990) ?x690 (* 18 (* r00 x)) ?x464 ?x2678 (* (- 18) (* x00 r)) ?x47 (* 9 (* s00 r)) (* 2 (* s00 s)) (* (- 9) (* r00 s)) (* (- 6) (* r00 s00 r)))))
 (let ((?x1933 (* (- 3) r)))
 (let ((?x2990 (+ (* (- 2) (* s r)) (* 12 (* r00 r00 r)) ?x1933 ?x464 ?x47 ?x48 (* (- 4) (* s00 r)) ?x2758 ?x534 ?x59 ?x569)))
 (let (($x3244 (= (+ s00 ?x364 (* 3 (* r r)) ?x1934) 0)))
 (let (($x3594 (and $x3244 (= ?x2990 0) (= ?x2106 0) (= ?x2593 0) $x1853 $x1122)))
 (let ((?x232 (- x s)))
 (let ((?x212 (+ s ?x211 3)))
 (let ((?x215 (+ r 1)))
 (let ((?x61 (* 12 r00 r00 r00)))
 (let ((?x54 (* 6 r00 s00)))
 (let ((?x227 (* 3 ?x212)))
 (let ((?x44 (* 3 s00)))
 (let ((?x225 (- (+ (* (- 2) ?x215 ?x212) (* 12 ?x215 r00 r00)) (* 3 ?x215))))
 (let ((?x234 (- (+ (- (+ (- ?x225 ?x44) ?x227 ?x48) (* 4 ?x215 s00)) ?x54) (* 6 ?x232))))
 (let ((?x236 (- (+ ?x234 ?x59) ?x61)))
 (let (($x357 (= (* ?x236 (- (* (- 8) ?x215 ?x212 ?x232 ?x232) (* 5 ?x215 ?x215))) 0)))
 (let ((?x208 (* 108 x00 x00)))
 (let ((?x299 (* 9 ?x212)))
 (let ((?x139 (* 36 r00 r00 s00)))
 (let ((?x197 (* 51 s00 s00)))
 (let ((?x284 (* 36 r00 r00 ?x212)))
 (let ((?x192 (* 16 s00 s00 s00)))
 (let ((?x186 (* 108 s00 x00)))
 (let ((?x177 (* 216 r00 r00 r00 s00)))
 (let ((?x175 (* 108 r00 s00 s00)))
 (let ((?x169 (* 432 r00 r00 r00 x00)))
 (let ((?x161 (* 36 r00 r00 s00 s00)))
 (let ((?x157 (- (+ (* 216 r00 s00 x00) (* 108 r00 x00)) (* 54 r00 s00))))
 (let ((?x313 (- (- (+ ?x157 (* 15 ?x212 ?x212)) (* 216 r00 r00 r00 ?x212)) ?x161)))
 (let ((?x319 (- (- (+ (- ?x313 (* 4 ?x212 ?x212 ?x212)) (* 108 ?x232 ?x232)) ?x169) (* 12 ?x212 ?x212 s00))))
 (let ((?x325 (+ (- (+ ?x319 (* 108 s00 ?x232)) ?x175) ?x177 (* 108 ?x212 x00) (* 432 r00 r00 r00 ?x232))))
 (let ((?x331 (- (+ (- ?x325 (* 66 ?x212 s00)) (* 108 r00 ?x212 s00)) ?x186)))
 (let ((?x334 (+ (- ?x331 (* 216 r00 s00 ?x232)) (* 36 r00 r00 ?x212 ?x212) ?x192)))
 (let ((?x339 (- (+ (- ?x334 (* 108 ?x212 ?x232)) ?x284 ?x197) (* 108 r00 ?x232))))
 (let ((?x346 (- (+ (- (- (+ ?x339 ?x137) ?x139) ?x299) (* 54 r00 ?x212)) (* 216 ?x232 x00))))
 (let ((?x126 (* 15 s00 s00)))
 (let ((?x124 (* 36 r00 r00 x00)))
 (let ((?x118 (* 6 s00 x00)))
 (let ((?x110 (* 2 r00 s00 s00)))
 (let ((?x102 (* 24 r00 s00)))
 (let ((?x268 (+ (- (* (- 24) ?x215 ?x212) (* 54 r00 x00)) (* 36 ?x215 r00 ?x232) ?x102 (* 3 ?x212 ?x212) (* 54 ?x215 ?x232))))
 (let ((?x274 (- (+ (- ?x268 (* 6 s00 ?x232)) (* 4 r00 ?x212 ?x212)) ?x110)))
 (let ((?x279 (- (+ (- ?x274 (* 6 ?x212 x00)) (* 12 ?x212 s00)) (* 2 r00 ?x212 s00))))
 (let ((?x285 (- (+ ?x279 ?x118 (* 2 ?x215 ?x212 ?x212) (* 6 ?x212 ?x232)) (* 4 ?x215 s00 s00))))
 (let ((?x292 (- (+ (- (- (- ?x285 ?x284) ?x124) ?x126) (* 2 ?x215 ?x212 s00)) (* 36 ?x215 r00 x00))))
 (let ((?x298 (- (+ (- (+ ?x292 (* 54 r00 ?x232)) ?x137) ?x139) (* 54 ?x215 x00))))
 (let ((?x305 (+ (- (+ ?x298 ?x299 (* 24 ?x215 s00)) (* 24 r00 ?x212)) (* 36 r00 r00 ?x232))))
 (let ((?x82 (* 6 r00 r00 s00)))
 (let ((?x76 (* 4 s00 s00)))
 (let ((?x70 (* 9 r00 s00)))
 (let ((?x244 (+ (- (* (- 9) ?x215 ?x212) (* 18 r00 x00)) ?x70 (* 2 ?x212 ?x212) (* 18 ?x215 ?x232) (* 6 ?x215 r00 ?x212))))
 (let ((?x249 (+ (- (- ?x244 (* 6 r00 r00 ?x212)) ?x76) (* 18 r00 ?x232))))
 (let ((?x256 (+ (- (+ (- ?x249 ?x44) ?x82) (* 18 ?x215 x00)) ?x227 (* 9 ?x215 s00) (* 2 ?x212 s00))))
 (let (($x261 (= (- (- ?x256 (* 9 r00 ?x212)) (* 6 ?x215 r00 s00)) 0)))
 (let (($x219 (= (- (+ (- s00 ?x212) (* 3 ?x215 ?x215)) (* 3 r00 r00)) 0)))
 (let (($x359 (or (not $x219) (not (= ?x236 0)) (not $x261) (not (= ?x305 0)) (not (= (+ ?x346 ?x208) 0)) (not $x357))))
 (let ((?x123 (* 36 r00 r00 s)))
 (let ((?x164 (- (- (+ ?x157 (* 15 s s)) (* 216 r00 r00 r00 s)) ?x161)))
 (let ((?x172 (- (- (+ (- ?x164 (* 4 s s s)) (* 108 x x)) ?x169) (* 12 s s s00))))
 (let ((?x180 (+ (- (+ ?x172 (* 108 s00 x)) ?x175) ?x177 (* 108 s x00) (* 432 r00 r00 r00 x))))
 (let ((?x188 (- (+ (- ?x180 (* 66 s s00)) (* 108 r00 s s00)) ?x186)))
 (let ((?x193 (+ (- ?x188 (* 216 r00 s00 x)) (* 36 r00 r00 s s) ?x192)))
 (let ((?x200 (- (+ (- ?x193 (* 108 s x)) ?x123 ?x197) (* 108 r00 x))))
 (let ((?x207 (- (+ (- (- (+ ?x200 ?x137) ?x139) ?x143) (* 54 r00 s)) (* 216 x x00))))
 (let ((?x105 (+ (- (* (- 24) r s) (* 54 r00 x00)) (* 36 r r00 x) ?x102 (* 3 s s) (* 54 r x))))
 (let ((?x112 (- (+ (- ?x105 (* 6 s00 x)) (* 4 r00 s s)) ?x110)))
 (let ((?x117 (- (+ (- ?x112 (* 6 s x00)) (* 12 s s00)) (* 2 r00 s s00))))
 (let ((?x127 (- (+ ?x117 ?x118 (* 2 r s s) (* 6 s x)) (* 4 r s00 s00))))
 (let ((?x134 (- (+ (- (- (- ?x127 ?x123) ?x124) ?x126) (* 2 r s s00)) (* 36 r r00 x00))))
 (let ((?x142 (- (+ (- (+ ?x134 (* 54 r00 x)) ?x137) ?x139) (* 54 r x00))))
 (let ((?x149 (+ (- (+ ?x142 ?x143 (* 24 r s00)) (* 24 r00 s)) (* 36 r00 r00 x))))
 (let ((?x74 (+ (- (* (- 9) r s) (* 18 r00 x00)) ?x70 (* 2 s s) (* 18 r x) (* 6 r r00 s))))
 (let ((?x80 (+ (- (- ?x74 (* 6 r00 r00 s)) ?x76) (* 18 r00 x))))
 (let ((?x88 (+ (- (+ (- ?x80 ?x44) ?x82) (* 18 r x00)) ?x47 (* 9 r s00) (* 2 s s00))))
 (let (($x93 (= (- (- ?x88 (* 9 r00 s)) (* 6 r r00 s00)) 0)))
 (let ((?x56 (* 6 x)))
 (let ((?x43 (* 3 r)))
 (let ((?x46 (- (- (+ (* (- 2) r s) (* 12 r r00 r00)) ?x43) ?x44)))
 (let ((?x60 (+ (- (+ (- (+ ?x46 ?x47 ?x48) (* 4 r s00)) ?x54) ?x56) ?x59)))
 (let (($x36 (= (- (+ (- s00 s) (* 3 r r)) (* 3 r00 r00)) 0)))
 (let (($x360 (and $x36 (= (- ?x60 ?x61) 0) $x93 (= ?x149 0) (= (+ ?x207 ?x208) 0) $x359)))
 (rewrite (= $x360 $x3594)))))))))))))))))))))))))))))))))))))))))))))))))))))))))))))))))))))))))))))))))))))))))))))))))))))))))))))))))))))))))))))))))))))))))))))))))))))))))))))))))))))
 ))
 (let ((@x362 (asserted $x361)))
 (let ((@x1173 (mp (mp @x362 (quant-intro (proof-bind ?x837) (= $x361 $x1126)) $x1126) (rewrite (= $x1126 $x1126)) $x1126)))
 (let ((@x3706 (mp (mp @x1173 (quant-intro (proof-bind ?x1902) (= $x1126 $x1153)) $x1153) (quant-intro (proof-bind ?x2778) (= $x1153 $x2772)) $x2772)))
 (let ((@x2493 (mp (mp~ @x3706 (sk (~ $x2772 $x691)) $x691) (rewrite (= $x691 $x3839)) $x3839)))
 (let ((@x466 (and-elim @x2493 $x1513)))
 (let ((@x2889 (unit-resolution ((_ th-lemma arith triangle-eq) (or (not $x1513) $x3644)) @x466 $x3644)))
 (let (($x884 (>= ?x2067 0)))
 (let ((@x2527 (unit-resolution ((_ th-lemma arith triangle-eq) (or (not $x1513) $x884)) @x466 $x884)))
 (let (($x3019 (<= ?x1966 0)))
 (let ((@x2114 (and-elim @x2493 $x2192)))
 (let ((@x2035 (unit-resolution ((_ th-lemma arith triangle-eq) (or $x2744 $x3019)) @x2114 $x3019)))
 (let (($x3028 (>= ?x1966 0)))
 (let ((@x3052 (unit-resolution ((_ th-lemma arith triangle-eq) (or $x2744 $x3028)) @x2114 $x3028)))
 (let (($x2451 (<= ?x2607 0)))
 (let ((@x1665 (and-elim @x2493 $x2655)))
 (let ((@x3487 (unit-resolution ((_ th-lemma arith triangle-eq) (or (not $x2655) $x2451)) @x1665 $x2451)))
 (let (($x1450 (>= ?x2607 0)))
 (let ((@x3551 (unit-resolution ((_ th-lemma arith triangle-eq) (or (not $x2655) $x1450)) @x1665 $x1450)))
 (let (($x2462 (<= ?x2892 0)))
 (let (($x1107 (<= ?x2217 0)))
 (let ((@x1664 (and-elim @x2493 $x2231)))
 (let ((@x3046 (unit-resolution ((_ th-lemma arith triangle-eq) (or (not $x2231) $x1107)) @x1664 $x1107)))
 (let (($x528 (>= ?x2217 0)))
 (let ((@x3501 (unit-resolution ((_ th-lemma arith triangle-eq) (or (not $x2231) $x528)) @x1664 $x528)))
 (let (($x1388 (<= ?x1216 0)))
 (let ((@x1666 (and-elim @x2493 $x2730)))
 (let ((@x3686 (unit-resolution ((_ th-lemma arith triangle-eq) (or (not $x2730) $x1388)) @x1666 $x1388)))
 (let (($x2363 (>= ?x1216 0)))
 (let ((@x505 (unit-resolution ((_ th-lemma arith triangle-eq) (or (not $x2730) $x2363)) @x1666 $x2363)))
 (let ((@x857 ((_ th-lemma arith) (hypothesis (not $x2462)) @x3052 @x2035 @x505 @x3686 @x3501 @x3046 @x505 @x3686 @x3501 @x3046 @x3052 @x2035 @x2527 @x2889 false)))
 (let ((@x2499 (lemma @x857 $x2462)))
 (let (($x2509 (>= ?x2892 0)))
 (let ((@x2591 ((_ th-lemma arith) (hypothesis (not $x2509)) @x3052 @x2035 @x505 @x3686 @x3501 @x3046 @x505 @x3686 @x3501 @x3046 @x3052 @x2035 @x2527 @x2889 false)))
 (let ((@x3663 (lemma @x2591 $x2509)))
 (let (($x2178 (<= ?x2460 0)))
 (let ((@x887 ((_ th-lemma arith) (hypothesis (not $x2178)) @x3052 @x2035 @x505 @x3686 @x3501 @x3046 @x3663 @x2499 @x3052 @x2035 false)))
 (let ((@x2506 (lemma @x887 $x2178)))
 (let (($x615 (>= ?x2460 0)))
 (let ((@x1973 ((_ th-lemma arith) (hypothesis (not $x615)) @x3052 @x2035 @x505 @x3686 @x3501 @x3046 @x3663 @x2499 @x3052 @x2035 false)))
 (let ((@x2780 (lemma @x1973 $x615)))
 (let (($x3037 (not (>= ?x2811 0))))
 (let (($x2707 (<= ?x2811 0)))
 (let ((@x2555 ((_ th-lemma arith) (hypothesis (not $x2707)) @x3052 @x2035 @x505 @x3686 @x3501 @x3046 @x505 @x3686 @x505 @x3686 @x3501 @x3046 @x3501 @x3046 @x3663 @x2499 @x2527 @x2889 @x3052 @x2035 @x3551 @x3487 @x3052 @x2035 @x2527 @x2889 false)))
 (let (($x2181 (>= ?x2015 0)))
 (let (($x1640 (<= ?x2015 0)))
 (let ((@x2179 (unit-resolution ((_ th-lemma arith assign-bounds -4 -1) (or $x1640 (not $x3019) (not $x3644))) @x2889 @x2035 $x1640)))
 (let ((@x3027 (unit-resolution ((_ th-lemma arith triangle-eq) (or $x2024 (not $x1640) (not $x2181))) @x2179 (lemma ((_ th-lemma arith farkas -4 -1 1) @x3052 @x2527 (hypothesis (not $x2181)) false) $x2181) $x2024)))
 (let ((@x3036 (unit-resolution ((_ th-lemma arith triangle-eq) (or $x2491 (not $x2178) (not $x615))) @x2506 @x2780 $x2491)))
 (let (($x3658 (>= ?x2006 0)))
 (let ((@x2097 (lemma ((_ th-lemma arith farkas 1 1 1 1 1) (hypothesis (not $x3658)) @x2035 @x2889 @x3052 @x2527 false) $x3658)))
 (let (($x2173 (<= ?x2006 0)))
 (let ((@x1970 (lemma ((_ th-lemma arith farkas 1 1 1 1 1) (hypothesis (not $x2173)) @x2035 @x2889 @x3052 @x2527 false) $x2173)))
 (let ((@x3661 (unit-resolution ((_ th-lemma arith triangle-eq) (or $x1848 (not $x2173) (not $x3658))) @x1970 @x2097 $x1848)))
 (let ((@x2847 (unit-resolution ((_ th-lemma arith triangle-eq) (or $x2220 (not $x2462) (not $x2509))) @x3663 @x2499 $x2220)))
 (let ((@x854 (unit-resolution (and-elim @x2493 $x2260) @x2114 (or $x1899 $x527 $x1312 $x2188 $x2406))))
 (let ((@x3039 (unit-resolution (unit-resolution @x854 @x2847 @x3661 (or $x1899 $x527 $x2188)) @x3036 @x3027 $x2188)))
 (let ((@x3168 (unit-resolution ((_ th-lemma arith triangle-eq) (or $x3880 (not $x2707) $x3037)) @x3039 (lemma @x2555 $x2707) $x3037)))
 ((_ th-lemma arith) @x3168 @x3052 @x2035 @x2780 @x2506 @x505 @x3686 @x505 @x3686 @x3501 @x3046 @x505 @x3686 @x3501 @x3046 @x3501 @x3046 @x3663 @x2499 @x2527 @x2889 @x3052 @x2035 @x3551 @x3487 @x3052 @x2035 @x2527 @x2889 false)))))))))))))))))))))))))))))))))))))))))))))))))))))))))))))))))))))))))))))))))))))))))))))))))))))))))))))))))))))))))))))))))))))))))))))))))))))))))))))))))))))))))))))))))))))))))))))))))))))))))))))))))))))))))))))))))))))))))))))))))))))))))))))))))))))))))))))))))))))))))))))))))))))))

(:added-eqs                 16
 :arith-assert-diseq        13
 :arith-assert-lower        120
 :arith-assert-upper        35
 :arith-bound-prop          1
 :arith-conflicts           9
 :arith-eq-adapter          10
 :arith-fixed-eqs           10
 :arith-gcd-tests           23
 :arith-grobner             6
 :arith-max-min             1969
 :arith-nonlinear-bounds    85
 :arith-nonlinear-horner    56
 :arith-num-rows            11
 :arith-patches             13
 :arith-patches_succ        13
 :arith-pivots              9
 :arith-pseudo-nonlinear    8
 :arith-row-summations      28
 :arith-tableau-max-columns 156
 :arith-tableau-max-rows    11
 :conflicts                 9
 :decisions                 31
 :del-clause                37
 :final-checks              14
 :max-memory                4.96
 :memory                    3.57
 :mk-bool-var               36
 :mk-clause                 37
 :num-allocs                89389314
 :num-checks                1
 :propagations              58
 :rlimit-count              986000
 :time                      1.09
 :total-time                0.82)
