unsat
((set-logic NIA)
(declare-fun s!1 () Int)
(declare-fun r!2 () Int)
(declare-fun x!0 () Int)
(proof
(let ((?x2171 (* s!1 s!1)))
 (let ((?x789 (* 2 ?x2171)))
 (let ((?x1583 (* r!2 r!2)))
 (let ((?x2396 (* 18 ?x1583)))
 (let ((?x2390 (* 9 r!2)))
 (let ((?x2391 (* (- 12) s!1)))
 (let ((?x2394 (* 18 x!0)))
 (let ((?x734 (* s00 r00 r00)))
 (let ((?x735 (* 6 ?x734)))
 (let ((?x678 (* s00 s00)))
 (let ((?x691 (* (- 4) ?x678)))
 (let ((?x609 (* r00 x00)))
 (let ((?x623 (* (- 18) ?x609)))
 (let ((?x513 (* s00 r00)))
 (let ((?x982 (* 3 ?x513)))
 (let ((?x386 (* r00 r00)))
 (let ((?x2449 (* (- 18) ?x386)))
 (let ((?x2461 (* (- 18) x00)))
 (let ((?x2273 (* (- 9) r00)))
 (let ((?x2462 (* 12 s00)))
 (let ((?x2899 (+ ?x2462 ?x2273 ?x2461 ?x2449 ?x982 ?x623 ?x691 ?x735 (* 2 (* s00 s!1)) (* (- 21) (* r00 s!1)) ?x2394 ?x2391 ?x2390 ?x2396 (* (- 3) (* s!1 r!2)) (* 21 (* s00 r!2)) (* (- 36) (* r00 r00 r!2)) (* 36 (* r00 r!2 r!2)) (* (- 18) (* x00 r!2)) ?x789 (* 18 (* r00 x!0)) (* 6 (* r00 s!1 r!2)) (* (- 6) (* s00 r00 r!2)) (* 18 (* x!0 r!2)) (* (- 6) (* r00 r00 s!1)))))
 (let (($x1769 (<= ?x2899 0)))
 (let ((?x1687 (* r00 r00 r!2)))
 (let ((?x2830 (* (- 12) ?x1687)))
 (let ((?x1684 (* s00 r!2)))
 (let ((?x3179 (* 4 ?x1684)))
 (let ((?x1678 (* s!1 r!2)))
 (let ((?x1683 (* 2 ?x1678)))
 (let ((?x3246 (* 3 r!2)))
 (let ((?x3262 (* (- 3) s!1)))
 (let ((?x3460 (* 6 x!0)))
 (let ((?x556 (* r00 r00 r00)))
 (let ((?x557 (* 12 ?x556)))
 (let ((?x591 (* (- 6) ?x513)))
 (let ((?x588 (* (- 6) x00)))
 (let ((?x587 (* (- 3) r00)))
 (let ((?x44 (* 3 s00)))
 (let ((?x2348 (+ ?x44 ?x587 ?x588 ?x591 ?x557 ?x3460 ?x3262 ?x3246 ?x1683 ?x3179 ?x2830)))
 (let (($x992 (<= ?x2348 0)))
 (let (($x3341 (= ?x2348 0)))
 (let ((?x3168 (* r!2 r!2 r!2)))
 (let ((?x2535 (* (- 864) ?x3168)))
 (let ((?x2787 (* s!1 s!1 s!1)))
 (let ((?x2767 (* (- 4) ?x2787)))
 (let ((?x2516 (* s00 x!0)))
 (let ((?x3576 (* 108 ?x2516)))
 (let ((?x2357 (* r00 x!0)))
 (let ((?x3574 (* (- 108) ?x2357)))
 (let ((?x2260 (* x!0 x!0)))
 (let ((?x2550 (* 108 ?x2260)))
 (let ((?x1298 (* 195 ?x2171)))
 (let ((?x2005 (* x00 x!0)))
 (let ((?x3572 (* (- 216) ?x2005)))
 (let ((?x2857 (* (- 756) ?x1583)))
 (let ((?x3156 (* (- 162) r!2)))
 (let ((?x2415 (* 297 s!1)))
 (let ((?x1555 (* r00 r00 r00 x!0)))
 (let ((?x3557 (* 432 ?x1555)))
 (let ((?x1551 (* s00 s!1 s!1)))
 (let ((?x1943 (* (- 12) ?x1551)))
 (let ((?x2943 (* (- 324) x!0)))
 (let ((?x1457 (* x00 x00)))
 (let ((?x1458 (* 108 ?x1457)))
 (let ((?x1295 (* s00 s00 s00)))
 (let ((?x1296 (* 16 ?x1295)))
 (let ((?x1183 (* s00 r00 r00 r00)))
 (let ((?x1185 (* 216 ?x1183)))
 (let ((?x1009 (* r00 r00 r00 x00)))
 (let ((?x1040 (* (- 432) ?x1009)))
 (let ((?x902 (* s00 x00)))
 (let ((?x1252 (* (- 108) ?x902)))
 (let ((?x866 (* s00 s00 r00 r00)))
 (let ((?x882 (* (- 36) ?x866)))
 (let ((?x779 (* s00 s00 r00)))
 (let ((?x1154 (* (- 108) ?x779)))
 (let ((?x1385 (* (- 36) ?x734)))
 (let ((?x1332 (* 51 ?x678)))
 (let ((?x614 (* 108 ?x609)))
 (let ((?x605 (* s00 r00 x00)))
 (let ((?x606 (* 216 ?x605)))
 (let ((?x2291 (* (- 648) ?x556)))
 (let ((?x2021 (* 270 ?x513)))
 (let ((?x450 (* r00 r00 s!1 s!1)))
 (let ((?x2356 (* 36 ?x450)))
 (let ((?x429 (* s00 r00 x!0)))
 (let ((?x3253 (* (- 216) ?x429)))
 (let ((?x750 (* 432 ?x386)))
 (let ((?x3298 (* 324 x00)))
 (let ((?x2376 (* 162 r00)))
 (let ((?x3686 (* (- 297) s00)))
 (let ((?x3602 (+ ?x3686 ?x2376 ?x3298 ?x750 ?x3253 ?x2356 ?x2021 ?x2291 ?x606 ?x614 ?x1332 ?x1385 ?x1154 (* (- 432) (* s00 r!2 r!2)) (* (- 324) (* x!0 s!1)) ?x882 ?x1252 ?x1040 (* (- 246) (* s00 s!1)) ?x1185 ?x1296 ?x1458 (* 162 (* r00 s!1)) ?x2943 ?x1943 ?x3557 ?x2415 ?x3156 ?x2857 (* 324 (* x00 s!1)) (* (- 432) (* s!1 r!2 r!2)) (* 396 ?x1678) (* (- 828) ?x1684) (* 1512 ?x1687) (* (- 144) (* s00 s!1 r!2)) (* (- 648) (* r00 r00 r00 s!1)) ?x3572 (* 324 (* s00 r00 s!1)) (* 648 (* x00 r!2)) ?x1298 (* 432 (* r00 r00 s!1 r!2)) ?x2550 ?x3574 (* 1296 (* r00 r00 r!2 r!2)) ?x3576 (* (- 72) (* s!1 s!1 r!2)) ?x2767 (* 648 (* s00 r00 r!2)) (* 324 (* r00 r!2)) ?x2535 (* (- 648) (* x!0 r!2)) (* 252 (* r00 r00 s!1)) (* (- 1296) (* r00 r00 r00 r!2)))))
 (let ((?x2789 (* 4 ?x2787)))
 (let ((?x2068 (* 12 ?x2260)))
 (let ((?x3577 (* 17 ?x2171)))
 (let ((?x3422 (* 180 ?x1583)))
 (let ((?x1242 (* 180 r!2)))
 (let ((?x3423 (* 30 s!1)))
 (let ((?x3896 (+ 51 (* (- 24) (* x!0 s!1)) ?x3423 ?x1242 ?x3422 (* 60 ?x1678) (* (- 300) (* x!0 s!1 r!2 r!2)) (* 60 (* x!0 x!0 r!2 r!2 r!2)) (* 60 (* s!1 s!1 r!2 r!2 r!2)) ?x3577 (* 4 (* x!0 x!0 s!1)) ?x2068 (* (- 120) (* x!0 s!1 r!2 r!2 r!2)) (* 150 (* s!1 s!1 r!2 r!2)) (* (- 168) (* x!0 s!1 r!2)) (* 84 (* s!1 s!1 r!2)) (* 150 (* x!0 x!0 r!2 r!2)) (* 84 (* x!0 x!0 r!2)) (* 20 (* x!0 x!0 s!1 r!2)) (* (- 8) (* x!0 s!1 s!1)) ?x2789 (* (- 40) (* x!0 s!1 s!1 r!2)) (* 10 (* x!0 x!0 s!1 r!2 r!2)) (* 10 (* s!1 s!1 s!1 r!2 r!2)) (* 20 (* s!1 s!1 s!1 r!2)) (* (- 20) (* x!0 s!1 s!1 r!2 r!2)))))
 (let ((?x3738 (* ?x3896 ?x3602)))
 (let (($x3900 (= ?x3738 0)))
 (let (($x2070 (not $x3900)))
 (let ((?x901 (* 864 ?x3168)))
 (let ((?x2616 (* (- 108) ?x2260)))
 (let ((?x3275 (* (- 195) ?x2171)))
 (let ((?x4113 (* 756 ?x1583)))
 (let ((?x1062 (* 162 r!2)))
 (let ((?x846 (* (- 297) s!1)))
 (let ((?x3369 (* 324 x!0)))
 (let ((?x1487 (* (- 108) ?x1457)))
 (let ((?x1486 (* (- 16) ?x1295)))
 (let ((?x1482 (* (- 216) ?x1183)))
 (let ((?x1010 (* 432 ?x1009)))
 (let ((?x1240 (* 108 ?x902)))
 (let ((?x867 (* 36 ?x866)))
 (let ((?x1137 (* 108 ?x779)))
 (let ((?x1097 (* 36 ?x734)))
 (let ((?x1476 (* (- 51) ?x678)))
 (let ((?x1473 (* (- 108) ?x609)))
 (let ((?x1472 (* (- 216) ?x605)))
 (let ((?x3833 (* 648 ?x556)))
 (let ((?x927 (* (- 270) ?x513)))
 (let ((?x966 (* (- 432) ?x386)))
 (let ((?x3827 (* (- 324) x00)))
 (let ((?x955 (* (- 162) r00)))
 (let ((?x3826 (* 297 s00)))
 (let ((?x3238 (+ ?x3826 ?x955 ?x3827 ?x966 (* 216 ?x429) (* (- 36) ?x450) ?x927 ?x3833 ?x1472 ?x1473 ?x1476 ?x1097 ?x1137 (* 432 (* s00 r!2 r!2)) (* 324 (* x!0 s!1)) ?x867 ?x1240 ?x1010 (* 246 (* s00 s!1)) ?x1482 ?x1486 ?x1487 (* (- 162) (* r00 s!1)) ?x3369 (* 12 ?x1551) (* (- 432) ?x1555) ?x846 ?x1062 ?x4113 (* (- 324) (* x00 s!1)) (* 432 (* s!1 r!2 r!2)) (* (- 396) ?x1678) (* 828 ?x1684) (* (- 1512) ?x1687) (* 144 (* s00 s!1 r!2)) (* 648 (* r00 r00 r00 s!1)) (* 216 ?x2005) (* (- 324) (* s00 r00 s!1)) (* (- 648) (* x00 r!2)) ?x3275 (* (- 432) (* r00 r00 s!1 r!2)) ?x2616 (* 108 ?x2357) (* (- 1296) (* r00 r00 r!2 r!2)) (* (- 108) ?x2516) (* 72 (* s!1 s!1 r!2)) ?x2789 (* (- 648) (* s00 r00 r!2)) (* (- 324) (* r00 r!2)) ?x901 (* 648 (* x!0 r!2)) (* (- 252) (* r00 r00 s!1)) (* 1296 (* r00 r00 r00 r!2)))))
 (let (($x2501 (= ?x3238 0)))
 (let (($x1938 (not $x2501)))
 (let ((?x2570 (* 72 ?x3168)))
 (let ((?x2963 (* (- 1) ?x2171)))
 (let ((?x851 (* 108 ?x1583)))
 (let ((?x3125 (* 36 r!2)))
 (let ((?x848 (* (- 57) s!1)))
 (let ((?x849 (* 72 x!0)))
 (let ((?x974 (* r00 r00 x00)))
 (let ((?x987 (* (- 36) ?x974)))
 (let ((?x903 (* 6 ?x902)))
 (let ((?x797 (* (- 2) ?x779)))
 (let ((?x3623 (* (- 19) ?x678)))
 (let ((?x1112 (* (- 90) ?x609)))
 (let ((?x1911 (* 18 ?x513)))
 (let ((?x1751 (* (- 108) ?x386)))
 (let ((?x3468 (* (- 72) x00)))
 (let ((?x2385 (* (- 36) r00)))
 (let ((?x3462 (* 57 s00)))
 (let ((?x4114 (+ ?x3462 ?x2385 ?x3468 ?x1751 ?x1911 ?x1112 ?x3623 ?x1097 ?x797 (* 12 (* s00 r!2 r!2)) (* 6 (* x!0 s!1)) ?x903 ?x987 (* 20 (* s00 s!1)) (* (- 90) (* r00 s!1)) ?x849 ?x848 ?x3125 ?x851 (* (- 6) (* x00 s!1)) (* 24 (* s!1 r!2 r!2)) (* (- 42) ?x1678) (* 114 ?x1684) (* (- 216) ?x1687) (* (- 36) (* r00 x00 r!2)) (* 2 (* s00 s!1 r!2)) (* 36 (* r00 r00 x!0)) (* 4 (* r00 s!1 s!1)) (* 36 (* r00 x!0 r!2)) (* 144 (* r00 r!2 r!2)) (* (- 2) (* s00 r00 s!1)) (* (- 90) (* x00 r!2)) ?x2963 (* 90 ?x2357) (* (- 6) ?x2516) (* 2 (* s!1 s!1 r!2)) (* 12 (* r00 s!1 r!2)) (* (- 12) (* s00 r00 r!2)) ?x2570 (* (- 4) (* s00 s00 r!2)) (* 90 (* x!0 r!2)) (* (- 72) (* r00 r00 s!1)))))
 (let (($x4195 (= ?x4114 0)))
 (let (($x1567 (not $x4195)))
 (let (($x700 (= ?x2899 0)))
 (let (($x2820 (not $x700)))
 (let ((?x2585 (* 12 ?x1583)))
 (let ((?x3612 (* (- 7) s!1)))
 (let ((?x2568 (* (- 12) ?x386)))
 (let ((?x2086 (* 7 s00)))
 (let ((?x1858 (+ ?x2086 ?x587 ?x588 ?x2568 ?x591 ?x557 ?x3460 ?x3612 ?x3246 ?x2585 ?x1683 ?x3179 ?x2830)))
 (let (($x1867 (= ?x1858 0)))
 (let (($x1856 (not $x1867)))
 (let ((?x1874 (* (- 3) ?x386)))
 (let ((?x1947 (+ s00 ?x1874 (* (- 1) s!1) (* 3 ?x1583))))
 (let (($x1982 (= ?x1947 0)))
 (let (($x2666 (not $x1982)))
 (let (($x3902 (or $x2666 $x1856 $x2820 $x1567 $x1938 $x2070)))
 (let ((?x3632 (* r00 r00 s!1)))
 (let ((?x999 (* 36 ?x3632)))
 (let ((?x543 (* (- 9) s!1)))
 (let ((?x676 (* (- 54) ?x513)))
 (let ((?x137 (* 9 s00)))
 (let ((?x1320 (+ ?x137 ?x3253 ?x2356 ?x676 ?x606 ?x614 ?x1332 ?x1385 ?x1154 (* (- 108) (* x!0 s!1)) ?x882 ?x1252 ?x1040 (* (- 66) (* s00 s!1)) ?x1185 ?x1296 ?x1458 (* 54 (* r00 s!1)) ?x1943 ?x3557 ?x543 (* 108 (* x00 s!1)) (* (- 216) (* r00 r00 r00 s!1)) ?x3572 (* 108 (* s00 r00 s!1)) (* 15 ?x2171) ?x2550 ?x3574 ?x3576 ?x2767 ?x999)))
 (let (($x1321 (= ?x1320 0)))
 (let ((?x975 (* 36 ?x974)))
 (let ((?x2995 (* (- 6) ?x902)))
 (let ((?x780 (* 2 ?x779)))
 (let ((?x2053 (* 15 ?x678)))
 (let ((?x2431 (* 54 ?x609)))
 (let ((?x1043 (+ ?x137 (* (- 24) ?x513) ?x2431 ?x2053 ?x1385 ?x780 (* (- 6) (* x!0 s!1)) ?x2995 ?x975 (* (- 12) (* s00 s!1)) (* 24 (* r00 s!1)) ?x543 (* 6 (* x00 s!1)) (* 24 ?x1678) (* (- 24) ?x1684) (* 36 (* r00 x00 r!2)) (* (- 2) (* s00 s!1 r!2)) (* (- 36) (* r00 r00 x!0)) (* (- 4) (* r00 s!1 s!1)) (* (- 36) (* r00 x!0 r!2)) (* 2 (* s00 r00 s!1)) (* 54 (* x00 r!2)) (* (- 3) ?x2171) (* (- 54) ?x2357) (* 6 ?x2516) (* (- 2) (* s!1 s!1 r!2)) (* 4 (* s00 s00 r!2)) (* (- 54) (* x!0 r!2)) ?x999)))
 (let (($x1972 (= ?x1043 0)))
 (let ((?x2214 (* (- 6) ?x734)))
 (let ((?x679 (* 4 ?x678)))
 (let ((?x610 (* 18 ?x609)))
 (let ((?x393 (+ ?x44 (* (- 9) ?x513) ?x610 ?x679 ?x2214 (* (- 2) (* s00 s!1)) (* 9 (* r00 s!1)) ?x3262 (* 9 ?x1678) (* (- 9) ?x1684) (* 18 (* x00 r!2)) (* (- 2) ?x2171) (* (- 18) ?x2357) (* (- 6) (* r00 s!1 r!2)) (* 6 (* s00 r00 r!2)) (* (- 18) (* x!0 r!2)) (* 6 ?x3632))))
 (let (($x401 (= ?x393 0)))
 (let (($x572 (and $x1982 $x3341 $x401 $x1972 $x1321 $x3902)))
 (let ((?x2087 (+ ?x3156 ?x2415 ?x2943 ?x3686 ?x2376 ?x3298 ?x2857 ?x750 (* 396 (* r!2 s!1)) (* 1512 (* r!2 r00 r00)) (* (- 828) (* r!2 s00)) ?x2021 ?x2291 ?x606 ?x614 ?x1298 (* (- 648) (* r!2 x!0)) (* 252 (* s!1 r00 r00)) ?x1332 (* (- 108) (* x!0 r00)) (* 108 (* x!0 s00)) ?x1385 (* 648 (* r!2 x00)) (* (- 648) (* s!1 r00 r00 r00)) (* (- 246) (* s!1 s00)) ?x1154 (* 162 (* s!1 r00)) (* 648 (* r!2 s00 r00)) (* 324 (* s!1 x00)) ?x882 (* 324 (* s!1 s00 r00)) ?x1252 (* (- 72) (* r!2 s!1 s!1)) (* (- 324) (* s!1 x!0)) ?x2767 ?x2550 ?x1040 (* (- 144) (* r!2 s!1 s00)) (* (- 12) (* s!1 s!1 s00)) ?x1185 (* 432 (* x!0 r00 r00 r00)) (* (- 216) (* x!0 s00 r00)) (* 36 (* s!1 s!1 r00 r00)) ?x1296 (* (- 216) (* x!0 x00)) ?x1458 (* 324 (* r!2 r00)) (* (- 1296) (* r!2 r00 r00 r00)) ?x2535 (* (- 432) (* r!2 r!2 s!1)) (* (- 432) (* r!2 r!2 s00)) (* 432 (* r!2 s!1 r00 r00)) (* 1296 (* r!2 r!2 r00 r00)))))
 (let ((?x2580 (+ 51 ?x1242 ?x3423 ?x3422 (* 60 (* r!2 s!1)) ?x3577 (* 20 (* r!2 s!1 s!1 s!1)) (* (- 40) (* r!2 s!1 s!1 x!0)) (* 84 (* r!2 s!1 s!1)) (* (- 24) (* s!1 x!0)) ?x2789 ?x2068 (* 150 (* r!2 r!2 x!0 x!0)) (* 60 (* r!2 r!2 r!2 x!0 x!0)) (* 60 (* r!2 r!2 r!2 s!1 s!1)) (* (- 20) (* r!2 r!2 s!1 s!1 x!0)) (* 10 (* r!2 r!2 s!1 s!1 s!1)) (* (- 120) (* r!2 r!2 r!2 s!1 x!0)) (* 4 (* s!1 x!0 x!0)) (* 20 (* r!2 s!1 x!0 x!0)) (* 10 (* r!2 r!2 s!1 x!0 x!0)) (* 150 (* r!2 r!2 s!1 s!1)) (* (- 168) (* r!2 s!1 x!0)) (* (- 8) (* s!1 s!1 x!0)) (* 84 (* r!2 x!0 x!0)) (* (- 300) (* r!2 r!2 s!1 x!0)))))
 (let ((?x2556 (* x!0 x00)))
 (let ((?x2770 (* 216 ?x2556)))
 (let ((?x2969 (* s!1 s!1 r00 r00)))
 (let ((?x2555 (* (- 36) ?x2969)))
 (let ((?x3771 (* x!0 s00 r00)))
 (let ((?x3773 (* 216 ?x3771)))
 (let ((?x4138 (* x!0 r00 r00 r00)))
 (let ((?x4060 (* (- 432) ?x4138)))
 (let ((?x1945 (* s!1 s!1 s00)))
 (let ((?x2066 (* 12 ?x1945)))
 (let ((?x3741 (* x!0 s00)))
 (let ((?x2365 (* (- 108) ?x3741)))
 (let ((?x3280 (* x!0 r00)))
 (let ((?x2364 (* 108 ?x3280)))
 (let ((?x3420 (+ ?x1062 ?x846 ?x3369 ?x3826 ?x955 ?x3827 ?x4113 ?x966 (* (- 396) (* r!2 s!1)) (* (- 1512) (* r!2 r00 r00)) (* 828 (* r!2 s00)) ?x927 ?x3833 ?x1472 ?x1473 ?x3275 (* 648 (* r!2 x!0)) (* (- 252) (* s!1 r00 r00)) ?x1476 ?x2364 ?x2365 ?x1097 (* (- 648) (* r!2 x00)) (* 648 (* s!1 r00 r00 r00)) (* 246 (* s!1 s00)) ?x1137 (* (- 162) (* s!1 r00)) (* (- 648) (* r!2 s00 r00)) (* (- 324) (* s!1 x00)) ?x867 (* (- 324) (* s!1 s00 r00)) ?x1240 (* 72 (* r!2 s!1 s!1)) (* 324 (* s!1 x!0)) ?x2789 ?x2616 ?x1010 (* 144 (* r!2 s!1 s00)) ?x2066 ?x1482 ?x4060 ?x3773 ?x2555 ?x1486 ?x2770 ?x1487 (* (- 324) (* r!2 r00)) (* 1296 (* r!2 r00 r00 r00)) ?x901 (* 432 (* r!2 r!2 s!1)) (* 432 (* r!2 r!2 s00)) (* (- 432) (* r!2 s!1 r00 r00)) (* (- 1296) (* r!2 r!2 r00 r00)))))
 (let ((?x3646 (* 36 (* x!0 r00 r00))))
 (let ((?x2359 (* (- 36) (* r!2 r00 x00))))
 (let ((?x4078 (* r!2 s!1 s00)))
 (let ((?x4084 (* 2 ?x4078)))
 (let ((?x3374 (* (- 4) (* r!2 s00 s00))))
 (let ((?x3071 (* s!1 x!0)))
 (let ((?x618 (* 6 ?x3071)))
 (let ((?x3124 (* r!2 s!1 s!1)))
 (let ((?x3230 (* 2 ?x3124)))
 (let ((?x1808 (* s!1 s00 r00)))
 (let ((?x3092 (* (- 2) ?x1808)))
 (let ((?x3288 (* s!1 x00)))
 (let ((?x2798 (* (- 6) ?x3288)))
 (let ((?x1140 (* 4 (* s!1 s!1 r00))))
 (let ((?x3778 (* (- 6) ?x3741)))
 (let ((?x1903 (* 36 (* r!2 x!0 r00))))
 (let ((?x3367 (+ ?x3125 ?x848 ?x849 ?x3462 ?x2385 ?x3468 ?x851 ?x1751 (* (- 42) (* r!2 s!1)) (* (- 216) (* r!2 r00 r00)) (* 114 (* r!2 s00)) ?x1911 ?x1112 ?x2963 (* 90 (* r!2 x!0)) (* 12 (* r!2 s!1 r00)) (* (- 72) (* s!1 r00 r00)) ?x1903 ?x3623 (* 90 ?x3280) ?x3778 ?x1097 (* (- 90) (* r!2 x00)) ?x1140 (* 20 (* s!1 s00)) ?x797 (* (- 90) (* s!1 r00)) (* (- 12) (* r!2 s00 r00)) ?x2798 ?x3092 ?x903 ?x3230 ?x618 ?x3374 ?x987 ?x4084 ?x2359 ?x3646 (* 144 (* r!2 r!2 r00)) ?x2570 (* 24 (* r!2 r!2 s!1)) (* 12 (* r!2 r!2 s00)))))
 (let ((?x375 (* r!2 s00 r00)))
 (let ((?x1849 (* (- 6) ?x375)))
 (let ((?x3455 (* s!1 s00)))
 (let ((?x3723 (* 2 ?x3455)))
 (let ((?x3283 (* r!2 x00)))
 (let ((?x3284 (* (- 18) ?x3283)))
 (let ((?x3282 (* 18 ?x3280)))
 (let ((?x3272 (* s!1 r00 r00)))
 (let ((?x3279 (* (- 6) ?x3272)))
 (let ((?x2676 (* r!2 s!1 r00)))
 (let ((?x2682 (* 6 ?x2676)))
 (let ((?x798 (* r!2 x!0)))
 (let ((?x1000 (* 18 ?x798)))
 (let ((?x711 (+ ?x2390 ?x2391 ?x2394 ?x2462 ?x2273 ?x2461 ?x2396 ?x2449 (* (- 3) (* r!2 s!1)) (* (- 36) (* r!2 r00 r00)) (* 21 (* r!2 s00)) ?x982 ?x623 ?x789 ?x1000 ?x2682 ?x3279 ?x691 ?x3282 ?x735 ?x3284 ?x3723 (* (- 21) (* s!1 r00)) ?x1849 (* 36 (* r!2 r!2 r00)))))
 (let ((?x3730 (* r!2 s00)))
 (let ((?x1060 (* 4 ?x3730)))
 (let ((?x3714 (* r!2 r00 r00)))
 (let ((?x3724 (* (- 12) ?x3714)))
 (let ((?x3492 (* r!2 s!1)))
 (let ((?x3285 (* 2 ?x3492)))
 (let ((?x2587 (+ ?x3246 ?x3612 ?x3460 ?x2086 ?x587 ?x588 ?x2585 ?x2568 ?x3285 ?x3724 ?x1060 ?x591 ?x557)))
 (let (($x3175 (= (+ s!1 (* (- 1) s00) (* (- 3) ?x1583) (* 3 ?x386)) 0)))
 (let (($x2160 (or (not $x3175) (not (= ?x2587 0)) (not (= ?x711 0)) (not (= ?x3367 0)) (not (= ?x3420 0)) (not (= (* ?x2580 ?x2087) 0)))))
 (let ((?x1847 (* (- 36) ?x3272)))
 (let ((?x615 (* 54 ?x513)))
 (let ((?x1084 (* (- 9) s00)))
 (let ((?x2315 (* 9 s!1)))
 (let ((?x2973 (+ ?x2315 ?x1084 ?x615 ?x1472 ?x1473 (* (- 15) ?x2171) ?x1847 ?x1476 ?x2364 ?x2365 ?x1097 (* 216 (* s!1 r00 r00 r00)) (* 66 ?x3455) ?x1137 (* (- 54) (* s!1 r00)) (* (- 108) ?x3288) ?x867 (* (- 108) ?x1808) ?x1240 (* 108 ?x3071) ?x2789 ?x2616 ?x1010 ?x2066 ?x1482 ?x4060 ?x3773 ?x2555 ?x1486 ?x2770 ?x1487)))
 (let ((?x1013 (* (- 15) ?x678)))
 (let ((?x646 (* (- 54) ?x609)))
 (let ((?x661 (* 24 ?x513)))
 (let ((?x2361 (+ ?x2315 ?x1084 (* (- 24) ?x3492) (* 24 ?x3730) ?x661 ?x646 (* 3 ?x2171) (* 54 ?x798) ?x1847 ?x1903 ?x1013 (* 54 ?x3280) ?x3778 ?x1097 (* (- 54) ?x3283) ?x1140 (* 12 ?x3455) ?x797 (* (- 24) (* s!1 r00)) ?x2798 ?x3092 ?x903 ?x3230 ?x618 ?x3374 ?x987 ?x4084 ?x2359 ?x3646)))
 (let ((?x628 (* 9 ?x513)))
 (let ((?x465 (* (- 3) s00)))
 (let ((?x2266 (+ (* 3 s!1) ?x465 (* (- 9) ?x3492) (* 9 ?x3730) ?x628 ?x623 ?x789 ?x1000 ?x2682 ?x3279 ?x691 ?x3282 ?x735 ?x3284 ?x3723 (* (- 9) (* s!1 r00)) ?x1849)))
 (let (($x3893 (= (+ ?x3246 ?x3262 ?x3460 ?x44 ?x587 ?x588 ?x3285 ?x3724 ?x1060 ?x591 ?x557) 0)))
 (let (($x2161 (and $x3175 $x3893 (= ?x2266 0) (= ?x2361 0) (= ?x2973 0) $x2160)))
 (let (($x777 (exists ((r Int) (s Int) (x Int) )(! (let ((?x3213 (* r r s00)))
 (let ((?x3214 (* (- 432) ?x3213)))
 (let ((?x2902 (* r r s)))
 (let ((?x3068 (* (- 432) ?x2902)))
 (let ((?x2887 (* r r r)))
 (let ((?x2893 (* (- 864) ?x2887)))
 (let ((?x2300 (* r r00 r00 r00)))
 (let ((?x2304 (* (- 1296) ?x2300)))
 (let ((?x1457 (* x00 x00)))
 (let ((?x1458 (* 108 ?x1457)))
 (let ((?x1431 (* x x00)))
 (let ((?x1444 (* (- 216) ?x1431)))
 (let ((?x1295 (* s00 s00 s00)))
 (let ((?x1296 (* 16 ?x1295)))
 (let ((?x1265 (* x s00 r00)))
 (let ((?x1278 (* (- 216) ?x1265)))
 (let ((?x1183 (* s00 r00 r00 r00)))
 (let ((?x1185 (* 216 ?x1183)))
 (let ((?x1067 (* s s s00)))
 (let ((?x1083 (* (- 12) ?x1067)))
 (let ((?x1026 (* r s s00)))
 (let ((?x3233 (* (- 144) ?x1026)))
 (let ((?x1009 (* r00 r00 r00 x00)))
 (let ((?x1040 (* (- 432) ?x1009)))
 (let ((?x979 (* x x)))
 (let ((?x980 (* 108 ?x979)))
 (let ((?x916 (* s s s)))
 (let ((?x934 (* (- 4) ?x916)))
 (let ((?x906 (* r s s)))
 (let ((?x3069 (* (- 72) ?x906)))
 (let ((?x902 (* s00 x00)))
 (let ((?x1252 (* (- 108) ?x902)))
 (let ((?x866 (* s00 s00 r00 r00)))
 (let ((?x882 (* (- 36) ?x866)))
 (let ((?x825 (* s x00)))
 (let ((?x3804 (* 324 ?x825)))
 (let ((?x779 (* s00 s00 r00)))
 (let ((?x1154 (* (- 108) ?x779)))
 (let ((?x734 (* s00 r00 r00)))
 (let ((?x1385 (* (- 36) ?x734)))
 (let ((?x704 (* x r00)))
 (let ((?x1355 (* (- 108) ?x704)))
 (let ((?x678 (* s00 s00)))
 (let ((?x1332 (* 51 ?x678)))
 (let ((?x636 (* r x)))
 (let ((?x3585 (* (- 648) ?x636)))
 (let ((?x609 (* r00 x00)))
 (let ((?x614 (* 108 ?x609)))
 (let ((?x605 (* s00 r00 x00)))
 (let ((?x606 (* 216 ?x605)))
 (let ((?x556 (* r00 r00 r00)))
 (let ((?x2291 (* (- 648) ?x556)))
 (let ((?x513 (* s00 r00)))
 (let ((?x2021 (* 270 ?x513)))
 (let ((?x486 (* r s00)))
 (let ((?x3393 (* (- 828) ?x486)))
 (let ((?x386 (* r00 r00)))
 (let ((?x750 (* 432 ?x386)))
 (let ((?x3298 (* 324 x00)))
 (let ((?x2376 (* 162 r00)))
 (let ((?x3686 (* (- 297) s00)))
 (let ((?x3575 (* (- 324) x)))
 (let ((?x774 (+ (* (- 162) r) (* 297 s) ?x3575 ?x3686 ?x2376 ?x3298 (* (- 756) (* r r)) ?x750 (* 396 (* r s)) (* 1512 (* r r00 r00)) ?x3393 ?x2021 ?x2291 ?x606 ?x614 (* 195 (* s s)) ?x3585 (* 252 (* s r00 r00)) ?x1332 ?x1355 (* 108 (* x s00)) ?x1385 (* 648 (* r x00)) (* (- 648) (* s r00 r00 r00)) (* (- 246) (* s s00)) ?x1154 (* 162 (* s r00)) (* 648 (* r s00 r00)) ?x3804 ?x882 (* 324 (* s s00 r00)) ?x1252 ?x3069 (* (- 324) (* s x)) ?x934 ?x980 ?x1040 ?x3233 ?x1083 ?x1185 (* 432 (* x r00 r00 r00)) ?x1278 (* 36 (* s s r00 r00)) ?x1296 ?x1444 ?x1458 (* 324 (* r r00)) ?x2304 ?x2893 ?x3068 ?x3214 (* 432 (* r s r00 r00)) (* 1296 (* r r r00 r00)))))
 (let ((?x4008 (* 10 (* r r s x x))))
 (let ((?x4192 (* 4 (* s x x))))
 (let ((?x4191 (* 12 ?x979)))
 (let ((?x918 (* 4 ?x916)))
 (let ((?x910 (* s x)))
 (let ((?x4190 (* (- 24) ?x910)))
 (let ((?x632 (* s s)))
 (let ((?x4189 (* 17 ?x632)))
 (let ((?x1612 (+ 51 (* 180 r) (* 30 s) (* 180 (* r r)) (* 60 (* r s)) ?x4189 (* 20 (* r s s s)) (* (- 40) (* r s s x)) (* 84 ?x906) ?x4190 ?x918 ?x4191 (* 150 (* r r x x)) (* 60 (* r r r x x)) (* 60 (* r r r s s)) (* (- 20) (* r r s s x)) (* 10 (* r r s s s)) (* (- 120) (* r r r s x)) ?x4192 (* 20 (* r s x x)) ?x4008 (* 150 (* r r s s)) (* (- 168) (* r s x)) (* (- 8) (* s s x)) (* 84 (* r x x)) (* (- 300) (* r r s x)))))
 (let ((?x3867 (* 432 ?x3213)))
 (let ((?x3863 (* 432 ?x2902)))
 (let ((?x3862 (* 864 ?x2887)))
 (let ((?x3856 (* 1296 ?x2300)))
 (let ((?x1487 (* (- 108) ?x1457)))
 (let ((?x1432 (* 216 ?x1431)))
 (let ((?x1486 (* (- 16) ?x1295)))
 (let ((?x1291 (* s s r00 r00)))
 (let ((?x1484 (* (- 36) ?x1291)))
 (let ((?x1266 (* 216 ?x1265)))
 (let ((?x1191 (* x r00 r00 r00)))
 (let ((?x1483 (* (- 432) ?x1191)))
 (let ((?x1482 (* (- 216) ?x1183)))
 (let ((?x1068 (* 12 ?x1067)))
 (let ((?x3843 (* 144 ?x1026)))
 (let ((?x1010 (* 432 ?x1009)))
 (let ((?x1481 (* (- 108) ?x979)))
 (let ((?x3842 (* 72 ?x906)))
 (let ((?x1240 (* 108 ?x902)))
 (let ((?x867 (* 36 ?x866)))
 (let ((?x3840 (* (- 324) ?x825)))
 (let ((?x1137 (* 108 ?x779)))
 (let ((?x1097 (* 36 ?x734)))
 (let ((?x708 (* x s00)))
 (let ((?x1477 (* (- 108) ?x708)))
 (let ((?x1343 (* 108 ?x704)))
 (let ((?x1476 (* (- 51) ?x678)))
 (let ((?x3836 (* 648 ?x636)))
 (let ((?x1473 (* (- 108) ?x609)))
 (let ((?x1472 (* (- 216) ?x605)))
 (let ((?x3833 (* 648 ?x556)))
 (let ((?x927 (* (- 270) ?x513)))
 (let ((?x3832 (* 828 ?x486)))
 (let ((?x966 (* (- 432) ?x386)))
 (let ((?x3827 (* (- 324) x00)))
 (let ((?x955 (* (- 162) r00)))
 (let ((?x3826 (* 297 s00)))
 (let ((?x3542 (* 324 x)))
 (let ((?x2313 (+ (* 162 r) (* (- 297) s) ?x3542 ?x3826 ?x955 ?x3827 (* 756 (* r r)) ?x966 (* (- 396) (* r s)) (* (- 1512) (* r r00 r00)) ?x3832 ?x927 ?x3833 ?x1472 ?x1473 (* (- 195) ?x632) ?x3836 (* (- 252) (* s r00 r00)) ?x1476 ?x1343 ?x1477 ?x1097 (* (- 648) (* r x00)) (* 648 (* s r00 r00 r00)) (* 246 (* s s00)) ?x1137 (* (- 162) (* s r00)) (* (- 648) (* r s00 r00)) ?x3840 ?x867 (* (- 324) (* s s00 r00)) ?x1240 ?x3842 (* 324 ?x910) ?x918 ?x1481 ?x1010 ?x3843 ?x1068 ?x1482 ?x1483 ?x1266 ?x1484 ?x1486 ?x1432 ?x1487 (* (- 324) (* r r00)) ?x3856 ?x3862 ?x3863 ?x3867 (* (- 432) (* r s r00 r00)) (* (- 1296) (* r r r00 r00)))))
 (let ((?x1170 (* 36 (* x r00 r00))))
 (let ((?x1038 (* r r00 x00)))
 (let ((?x1051 (* (- 36) ?x1038)))
 (let ((?x1027 (* 2 ?x1026)))
 (let ((?x974 (* r00 r00 x00)))
 (let ((?x987 (* (- 36) ?x974)))
 (let ((?x922 (* r s00 s00)))
 (let ((?x935 (* (- 4) ?x922)))
 (let ((?x911 (* 6 ?x910)))
 (let ((?x907 (* 2 ?x906)))
 (let ((?x903 (* 6 ?x902)))
 (let ((?x876 (* s s00 r00)))
 (let ((?x889 (* (- 2) ?x876)))
 (let ((?x852 (* (- 6) ?x825)))
 (let ((?x797 (* (- 2) ?x779)))
 (let ((?x752 (* 4 (* s s r00))))
 (let ((?x723 (* (- 6) ?x708)))
 (let ((?x3623 (* (- 19) ?x678)))
 (let ((?x656 (* 36 (* r x r00))))
 (let ((?x1112 (* (- 90) ?x609)))
 (let ((?x1911 (* 18 ?x513)))
 (let ((?x1751 (* (- 108) ?x386)))
 (let ((?x3468 (* (- 72) x00)))
 (let ((?x2385 (* (- 36) r00)))
 (let ((?x3462 (* 57 s00)))
 (let ((?x2738 (+ (* 36 r) (* (- 57) s) (* 72 x) ?x3462 ?x2385 ?x3468 (* 108 (* r r)) ?x1751 (* (- 42) (* r s)) (* (- 216) (* r r00 r00)) (* 114 ?x486) ?x1911 ?x1112 (* (- 1) ?x632) (* 90 ?x636) (* 12 (* r s r00)) (* (- 72) (* s r00 r00)) ?x656 ?x3623 (* 90 ?x704) ?x723 ?x1097 (* (- 90) (* r x00)) ?x752 (* 20 (* s s00)) ?x797 (* (- 90) (* s r00)) (* (- 12) (* r s00 r00)) ?x852 ?x889 ?x903 ?x907 ?x911 ?x935 ?x987 ?x1027 ?x1051 ?x1170 (* 144 (* r r r00)) (* 72 ?x2887) (* 24 ?x2902) (* 12 ?x3213))))
 (let ((?x813 (* r s00 r00)))
 (let ((?x826 (* (- 6) ?x813)))
 (let ((?x775 (* s s00)))
 (let ((?x776 (* 2 ?x775)))
 (let ((?x746 (* r x00)))
 (let ((?x759 (* (- 18) ?x746)))
 (let ((?x735 (* 6 ?x734)))
 (let ((?x705 (* 18 ?x704)))
 (let ((?x691 (* (- 4) ?x678)))
 (let ((?x652 (* s r00 r00)))
 (let ((?x665 (* (- 6) ?x652)))
 (let ((?x640 (* r s r00)))
 (let ((?x641 (* 6 ?x640)))
 (let ((?x637 (* 18 ?x636)))
 (let ((?x633 (* 2 ?x632)))
 (let ((?x623 (* (- 18) ?x609)))
 (let ((?x982 (* 3 ?x513)))
 (let ((?x2449 (* (- 18) ?x386)))
 (let ((?x2461 (* (- 18) x00)))
 (let ((?x2273 (* (- 9) r00)))
 (let ((?x2462 (* 12 s00)))
 (let ((?x3691 (+ (* 9 r) (* (- 12) s) (* 18 x) ?x2462 ?x2273 ?x2461 (* 18 (* r r)) ?x2449 (* (- 3) (* r s)) (* (- 36) (* r r00 r00)) (* 21 ?x486) ?x982 ?x623 ?x633 ?x637 ?x641 ?x665 ?x691 ?x705 ?x735 ?x759 ?x776 (* (- 21) (* s r00)) ?x826 (* 36 (* r r r00)))))
 (let ((?x557 (* 12 ?x556)))
 (let ((?x591 (* (- 6) ?x513)))
 (let ((?x487 (* 4 ?x486)))
 (let ((?x436 (* r r00 r00)))
 (let ((?x590 (* (- 12) ?x436)))
 (let ((?x430 (* r s)))
 (let ((?x589 (* 2 ?x430)))
 (let ((?x2568 (* (- 12) ?x386)))
 (let ((?x588 (* (- 6) x00)))
 (let ((?x587 (* (- 3) r00)))
 (let ((?x2086 (* 7 s00)))
 (let ((?x56 (* 6 x)))
 (let ((?x43 (* 3 r)))
 (let ((?x2197 (+ ?x43 (* (- 7) s) ?x56 ?x2086 ?x587 ?x588 (* 12 (* r r)) ?x2568 ?x589 ?x590 ?x487 ?x591 ?x557)))
 (let (($x419 (= (+ s (* (- 1) s00) (* (- 3) (* r r)) (* 3 ?x386)) 0)))
 (let (($x2017 (or (not $x419) (not (= ?x2197 0)) (not (= ?x3691 0)) (not (= ?x2738 0)) (not (= ?x2313 0)) (not (= (* ?x1612 ?x774) 0)))))
 (let ((?x1307 (* 108 ?x910)))
 (let ((?x757 (* s r00 r00 r00)))
 (let ((?x758 (* 216 ?x757)))
 (let ((?x961 (* (- 36) ?x652)))
 (let ((?x615 (* 54 ?x513)))
 (let ((?x1084 (* (- 9) s00)))
 (let ((?x143 (* 9 s)))
 (let ((?x1488 (+ ?x143 ?x1084 ?x615 ?x1472 ?x1473 (* (- 15) ?x632) ?x961 ?x1476 ?x1343 ?x1477 ?x1097 ?x758 (* 66 ?x775) ?x1137 (* (- 54) (* s r00)) (* (- 108) ?x825) ?x867 (* (- 108) ?x876) ?x1240 ?x1307 ?x918 ?x1481 ?x1010 ?x1068 ?x1482 ?x1483 ?x1266 ?x1484 ?x1486 ?x1432 ?x1487)))
 (let (($x1489 (= ?x1488 0)))
 (let ((?x1013 (* (- 15) ?x678)))
 (let ((?x664 (* 3 ?x632)))
 (let ((?x646 (* (- 54) ?x609)))
 (let ((?x661 (* 24 ?x513)))
 (let ((?x1176 (+ ?x143 ?x1084 (* (- 24) ?x430) (* 24 ?x486) ?x661 ?x646 ?x664 (* 54 ?x636) ?x961 ?x656 ?x1013 (* 54 ?x704) ?x723 ?x1097 (* (- 54) ?x746) ?x752 (* 12 ?x775) ?x797 (* (- 24) (* s r00)) ?x852 ?x889 ?x903 ?x907 ?x911 ?x935 ?x987 ?x1027 ?x1051 ?x1170)))
 (let (($x1181 (= ?x1176 0)))
 (let ((?x628 (* 9 ?x513)))
 (let ((?x465 (* (- 3) s00)))
 (let ((?x47 (* 3 s)))
 (let ((?x832 (+ ?x47 ?x465 (* (- 9) ?x430) (* 9 ?x486) ?x628 ?x623 ?x633 ?x637 ?x641 ?x665 ?x691 ?x705 ?x735 ?x759 ?x776 (* (- 9) (* s r00)) ?x826)))
 (let (($x839 (= ?x832 0)))
 (let ((?x44 (* 3 s00)))
 (let ((?x586 (* (- 3) s)))
 (let (($x593 (= (+ ?x43 ?x586 ?x56 ?x44 ?x587 ?x588 ?x589 ?x590 ?x487 ?x591 ?x557) 0)))
 (and $x419 $x593 $x839 $x1181 $x1489 $x2017))))))))))))))))))))))))))))))))))))))))))))))))))))))))))))))))))))))))))))))))))))))))))))))))))))))))))))))))))))))))))))))))))))))))))))))))))))))))))))))))))))))))))))))))))))))))))))))))))))))) :qid k!40))
 ))
 (let (($x950 (exists ((r Int) (s Int) (x Int) )(! (let ((?x1457 (* x00 x00)))
 (let ((?x1458 (* 108 ?x1457)))
 (let ((?x1656 (* (- 216) (* x00 (+ x (* (- 1) s))))))
 (let ((?x211 (* 6 r)))
 (let ((?x2560 (+ 3 s ?x211)))
 (let ((?x3556 (* r00 ?x2560)))
 (let ((?x1822 (* 54 ?x3556)))
 (let ((?x1717 (* (- 54) r)))
 (let ((?x3295 (* (- 9) s)))
 (let ((?x3067 (* r00 r00 s00)))
 (let ((?x1155 (* (- 36) ?x3067)))
 (let ((?x137 (* 9 s00)))
 (let ((?x365 (* (- 1) s)))
 (let ((?x3263 (+ x ?x365)))
 (let ((?x3410 (* r00 ?x3263)))
 (let ((?x1606 (* (- 108) ?x3410)))
 (let ((?x678 (* s00 s00)))
 (let ((?x1332 (* 51 ?x678)))
 (let ((?x1138 (* r00 r00 ?x2560)))
 (let ((?x3709 (* 36 ?x1138)))
 (let ((?x3663 (* ?x3263 ?x2560)))
 (let ((?x1006 (* (- 108) ?x3663)))
 (let ((?x1295 (* s00 s00 s00)))
 (let ((?x1296 (* 16 ?x1295)))
 (let ((?x620 (* 36 (* r00 r00 ?x2560 ?x2560))))
 (let ((?x2255 (* (- 216) (* r00 s00 ?x3263))))
 (let ((?x902 (* s00 x00)))
 (let ((?x1252 (* (- 108) ?x902)))
 (let ((?x3617 (* r00 s00 ?x2560)))
 (let ((?x2177 (* 108 ?x3617)))
 (let ((?x3537 (* s00 ?x2560)))
 (let ((?x1977 (* (- 66) ?x3537)))
 (let ((?x1460 (* 432 (* r00 r00 r00 ?x3263))))
 (let ((?x3540 (* x00 ?x2560)))
 (let ((?x3802 (* 108 ?x3540)))
 (let ((?x2709 (* 216 (* r00 r00 r00 s00))))
 (let ((?x1950 (* r00 s00 s00)))
 (let ((?x2658 (* (- 108) ?x1950)))
 (let ((?x3370 (* s00 ?x3263)))
 (let ((?x3705 (* 108 ?x3370)))
 (let ((?x3676 (* (- 12) (* s00 ?x2560 ?x2560))))
 (let ((?x1009 (* r00 r00 r00 x00)))
 (let ((?x1040 (* (- 432) ?x1009)))
 (let ((?x3586 (* 108 (* ?x3263 ?x3263))))
 (let ((?x3534 (* (- 4) (* ?x2560 ?x2560 ?x2560))))
 (let ((?x3726 (* (- 36) (* r00 r00 s00 s00))))
 (let ((?x3267 (* (- 216) (* r00 r00 r00 ?x2560))))
 (let ((?x3093 (* ?x2560 ?x2560)))
 (let ((?x607 (* 15 ?x3093)))
 (let ((?x2468 (* r00 s00)))
 (let ((?x2865 (* (- 54) ?x2468)))
 (let ((?x609 (* r00 x00)))
 (let ((?x614 (* 108 ?x609)))
 (let ((?x3127 (* 216 (* r00 s00 x00))))
 (let ((?x912 (+ (- 27) ?x3127 ?x614 ?x2865 ?x607 ?x3267 ?x3726 ?x3534 ?x3586 ?x1040 ?x3676 ?x3705 ?x2658 ?x2709 ?x3802 ?x1460 ?x1977 ?x2177 ?x1252 ?x2255 ?x620 ?x1296 ?x1006 ?x3709 ?x1332 ?x1606 ?x137 ?x1155 ?x3295 ?x1717 ?x1822 ?x1656 ?x1458)))
 (let ((?x1864 (+ 6 (* 5 ?x3093) (* 10 (* (+ 1 r) (+ 1 r) ?x3263 ?x3263 ?x2560)) (* (- 6) (* ?x3263 ?x3263 ?x2560)))))
 (let (($x2764 (not (= (* ?x1864 ?x912) 0))))
 (let ((?x2732 (+ ?x3127 ?x614 ?x2865 ?x607 ?x3267 ?x3726 ?x3534 ?x3586 ?x1040 ?x3676 ?x3705 ?x2658 ?x2709 ?x3802 ?x1460 ?x1977 ?x2177 ?x1252 ?x2255 ?x620 ?x1296 ?x1006 ?x3709 ?x1332 ?x1606 ?x137 ?x1155 ?x3295 ?x1717 ?x1822 ?x1656 ?x1458)))
 (let (($x502 (not (= ?x2732 27))))
 (let ((?x2053 (* 15 ?x678)))
 (let ((?x974 (* r00 r00 x00)))
 (let ((?x975 (* 36 ?x974)))
 (let ((?x2995 (* (- 6) ?x902)))
 (let ((?x2509 (* 2 ?x1950)))
 (let ((?x1653 (* (- 24) ?x2468)))
 (let ((?x2431 (* 54 ?x609)))
 (let ((?x1150 (+ (* 24 (* (+ 1 r) ?x2560)) ?x2431 (* (- 36) (* r00 (+ 1 r) ?x3263)) ?x1653 (* (- 3) ?x3093) (* (- 54) (* (+ 1 r) ?x3263)) (* 6 ?x3370) (* (- 4) (* r00 ?x2560 ?x2560)) ?x2509 (* 6 ?x3540) (* (- 12) ?x3537) (* 2 ?x3617) ?x2995 (* (- 2) (* (+ 1 r) ?x2560 ?x2560)) (* (- 6) ?x3663) (* 4 (* s00 s00 (+ 1 r))) ?x3709 ?x975 ?x2053 (* (- 2) (* s00 (+ 1 r) ?x2560)) (* 36 (* r00 x00 (+ 1 r))) (* (- 54) ?x3410) ?x137 ?x1155 (* 54 (* x00 (+ 1 r))) ?x3295 ?x1717 (* (- 24) (* s00 (+ 1 r))) (* 24 ?x3556) (* (- 36) (* r00 r00 ?x3263)))))
 (let ((?x586 (* (- 3) s)))
 (let ((?x2407 (* (- 6) ?x3067)))
 (let ((?x44 (* 3 s00)))
 (let ((?x679 (* 4 ?x678)))
 (let ((?x3364 (* (- 9) ?x2468)))
 (let ((?x610 (* 18 ?x609)))
 (let ((?x1401 (+ (* 9 (* (+ 1 r) ?x2560)) ?x610 ?x3364 (* (- 2) ?x3093) (* (- 18) (* (+ 1 r) ?x3263)) (* (- 6) (* r00 (+ 1 r) ?x2560)) (* 6 ?x1138) ?x679 (* (- 18) ?x3410) ?x44 ?x2407 (* 18 (* x00 (+ 1 r))) ?x586 (* (- 18) r) (* (- 9) (* s00 (+ 1 r))) (* (- 2) ?x3537) (* 9 ?x3556) (* 6 (* r00 s00 (+ 1 r))))))
 (let ((?x556 (* r00 r00 r00)))
 (let ((?x557 (* 12 ?x556)))
 (let ((?x588 (* (- 6) x00)))
 (let ((?x56 (* 6 x)))
 (let ((?x2634 (* (- 6) ?x2468)))
 (let ((?x587 (* (- 3) r00)))
 (let ((?x2003 (+ (* 2 (* (+ 1 r) ?x2560)) (* (- 12) (* r00 r00 (+ 1 r))) (* (- 15) r) ?x44 ?x3295 ?x587 (* 4 (* s00 (+ 1 r))) ?x2634 ?x56 ?x588 ?x557)))
 (let ((?x386 (* r00 r00)))
 (let ((?x1874 (* (- 3) ?x386)))
 (let ((?x1941 (+ s00 ?x365 (* (- 6) r) (* 3 (* (+ 1 r) (+ 1 r))) ?x1874)))
 (let (($x2596 (not (= ?x1941 3))))
 (let (($x874 (or $x2596 (not (= ?x2003 6)) (not (= ?x1401 9)) (not (= ?x1150 27)) $x502 $x2764)))
 (let ((?x1848 (* r00 s)))
 (let ((?x3746 (* 54 ?x1848)))
 (let ((?x1875 (* r00 r00 s)))
 (let ((?x2590 (* 36 ?x1875)))
 (let ((?x3510 (* r00 r00 s s)))
 (let ((?x3511 (* 36 ?x3510)))
 (let ((?x3316 (* r00 r00 r00 x)))
 (let ((?x3317 (* 432 ?x3316)))
 (let ((?x2081 (* s00 x)))
 (let ((?x3255 (* 108 ?x2081)))
 (let ((?x979 (* x x)))
 (let ((?x980 (* 108 ?x979)))
 (let ((?x916 (* s s s)))
 (let ((?x934 (* (- 4) ?x916)))
 (let ((?x3355 (+ ?x3127 ?x614 ?x2865 (* 15 (* s s)) (* (- 216) (* r00 r00 r00 s)) ?x3726 ?x934 ?x980 ?x1040 (* (- 12) (* s00 s s)) ?x3255 ?x2658 ?x2709 (* 108 (* x00 s)) ?x3317 (* (- 66) (* s00 s)) (* 108 (* r00 s00 s)) ?x1252 (* (- 216) (* r00 s00 x)) ?x3511 ?x1296 (* (- 108) (* x s)) ?x2590 ?x1332 (* (- 108) (* r00 x)) ?x137 ?x1155 ?x3295 ?x3746 (* (- 216) (* x00 x)) ?x1458)))
 (let (($x3360 (= ?x3355 0)))
 (let ((?x2956 (* r00 r00 x)))
 (let ((?x3038 (* (- 36) ?x2956)))
 (let ((?x2284 (* r00 s s)))
 (let ((?x3023 (* (- 4) ?x2284)))
 (let ((?x3357 (+ (* 24 (* s r)) ?x2431 (* (- 36) (* r00 x r)) ?x1653 (* (- 3) (* s s)) (* (- 54) (* x r)) (* 6 ?x2081) ?x3023 ?x2509 (* 6 (* x00 s)) (* (- 12) (* s00 s)) (* 2 (* r00 s00 s)) ?x2995 (* (- 2) (* s s r)) (* (- 6) (* x s)) (* 4 (* s00 s00 r)) ?x2590 ?x975 ?x2053 (* (- 2) (* s00 s r)) (* 36 (* r00 x00 r)) (* (- 54) (* r00 x)) ?x137 ?x1155 (* 54 (* x00 r)) ?x3295 (* (- 24) (* s00 r)) (* 24 ?x1848) ?x3038)))
 (let ((?x1946 (* r00 x)))
 (let ((?x2231 (* (- 18) ?x1946)))
 (let ((?x632 (* s s)))
 (let ((?x2212 (* (- 2) ?x632)))
 (let ((?x2271 (+ (* 9 (* s r)) ?x610 ?x3364 ?x2212 (* (- 18) (* x r)) (* (- 6) (* r00 s r)) (* 6 ?x1875) ?x679 ?x2231 ?x44 ?x2407 (* 18 (* x00 r)) ?x586 (* (- 9) (* s00 r)) (* (- 2) (* s00 s)) (* 9 ?x1848) (* 6 (* r00 s00 r)))))
 (let ((?x43 (* 3 r)))
 (let ((?x3527 (+ (* 2 (* s r)) (* (- 12) (* r00 r00 r)) ?x43 ?x44 ?x586 ?x587 (* 4 (* s00 r)) ?x2634 ?x56 ?x588 ?x557)))
 (let (($x1919 (= (+ s00 ?x365 (* 3 (* r r)) ?x1874) 0)))
 (and $x1919 (= ?x3527 0) (= ?x2271 0) (= ?x3357 0) $x3360 $x874)))))))))))))))))))))))))))))))))))))))))))))))))))))))))))))))))))))))))))))))))))))))))))))))))))))))))))))))))))) :qid k!40))
 ))
 (let ((?x786 (lambda ((r Int) (s Int) (x Int) )(let ((?x3213 (* r r s00)))
 (let ((?x3214 (* (- 432) ?x3213)))
 (let ((?x2902 (* r r s)))
 (let ((?x3068 (* (- 432) ?x2902)))
 (let ((?x2887 (* r r r)))
 (let ((?x2893 (* (- 864) ?x2887)))
 (let ((?x2300 (* r r00 r00 r00)))
 (let ((?x2304 (* (- 1296) ?x2300)))
 (let ((?x1457 (* x00 x00)))
 (let ((?x1458 (* 108 ?x1457)))
 (let ((?x1431 (* x x00)))
 (let ((?x1444 (* (- 216) ?x1431)))
 (let ((?x1295 (* s00 s00 s00)))
 (let ((?x1296 (* 16 ?x1295)))
 (let ((?x1265 (* x s00 r00)))
 (let ((?x1278 (* (- 216) ?x1265)))
 (let ((?x1183 (* s00 r00 r00 r00)))
 (let ((?x1185 (* 216 ?x1183)))
 (let ((?x1067 (* s s s00)))
 (let ((?x1083 (* (- 12) ?x1067)))
 (let ((?x1026 (* r s s00)))
 (let ((?x3233 (* (- 144) ?x1026)))
 (let ((?x1009 (* r00 r00 r00 x00)))
 (let ((?x1040 (* (- 432) ?x1009)))
 (let ((?x979 (* x x)))
 (let ((?x980 (* 108 ?x979)))
 (let ((?x916 (* s s s)))
 (let ((?x934 (* (- 4) ?x916)))
 (let ((?x906 (* r s s)))
 (let ((?x3069 (* (- 72) ?x906)))
 (let ((?x902 (* s00 x00)))
 (let ((?x1252 (* (- 108) ?x902)))
 (let ((?x866 (* s00 s00 r00 r00)))
 (let ((?x882 (* (- 36) ?x866)))
 (let ((?x825 (* s x00)))
 (let ((?x3804 (* 324 ?x825)))
 (let ((?x779 (* s00 s00 r00)))
 (let ((?x1154 (* (- 108) ?x779)))
 (let ((?x734 (* s00 r00 r00)))
 (let ((?x1385 (* (- 36) ?x734)))
 (let ((?x704 (* x r00)))
 (let ((?x1355 (* (- 108) ?x704)))
 (let ((?x678 (* s00 s00)))
 (let ((?x1332 (* 51 ?x678)))
 (let ((?x636 (* r x)))
 (let ((?x3585 (* (- 648) ?x636)))
 (let ((?x609 (* r00 x00)))
 (let ((?x614 (* 108 ?x609)))
 (let ((?x605 (* s00 r00 x00)))
 (let ((?x606 (* 216 ?x605)))
 (let ((?x556 (* r00 r00 r00)))
 (let ((?x2291 (* (- 648) ?x556)))
 (let ((?x513 (* s00 r00)))
 (let ((?x2021 (* 270 ?x513)))
 (let ((?x486 (* r s00)))
 (let ((?x3393 (* (- 828) ?x486)))
 (let ((?x386 (* r00 r00)))
 (let ((?x750 (* 432 ?x386)))
 (let ((?x3298 (* 324 x00)))
 (let ((?x2376 (* 162 r00)))
 (let ((?x3686 (* (- 297) s00)))
 (let ((?x3575 (* (- 324) x)))
 (let ((?x774 (+ (* (- 162) r) (* 297 s) ?x3575 ?x3686 ?x2376 ?x3298 (* (- 756) (* r r)) ?x750 (* 396 (* r s)) (* 1512 (* r r00 r00)) ?x3393 ?x2021 ?x2291 ?x606 ?x614 (* 195 (* s s)) ?x3585 (* 252 (* s r00 r00)) ?x1332 ?x1355 (* 108 (* x s00)) ?x1385 (* 648 (* r x00)) (* (- 648) (* s r00 r00 r00)) (* (- 246) (* s s00)) ?x1154 (* 162 (* s r00)) (* 648 (* r s00 r00)) ?x3804 ?x882 (* 324 (* s s00 r00)) ?x1252 ?x3069 (* (- 324) (* s x)) ?x934 ?x980 ?x1040 ?x3233 ?x1083 ?x1185 (* 432 (* x r00 r00 r00)) ?x1278 (* 36 (* s s r00 r00)) ?x1296 ?x1444 ?x1458 (* 324 (* r r00)) ?x2304 ?x2893 ?x3068 ?x3214 (* 432 (* r s r00 r00)) (* 1296 (* r r r00 r00)))))
 (let ((?x4008 (* 10 (* r r s x x))))
 (let ((?x4192 (* 4 (* s x x))))
 (let ((?x4191 (* 12 ?x979)))
 (let ((?x918 (* 4 ?x916)))
 (let ((?x910 (* s x)))
 (let ((?x4190 (* (- 24) ?x910)))
 (let ((?x632 (* s s)))
 (let ((?x4189 (* 17 ?x632)))
 (let ((?x1612 (+ 51 (* 180 r) (* 30 s) (* 180 (* r r)) (* 60 (* r s)) ?x4189 (* 20 (* r s s s)) (* (- 40) (* r s s x)) (* 84 ?x906) ?x4190 ?x918 ?x4191 (* 150 (* r r x x)) (* 60 (* r r r x x)) (* 60 (* r r r s s)) (* (- 20) (* r r s s x)) (* 10 (* r r s s s)) (* (- 120) (* r r r s x)) ?x4192 (* 20 (* r s x x)) ?x4008 (* 150 (* r r s s)) (* (- 168) (* r s x)) (* (- 8) (* s s x)) (* 84 (* r x x)) (* (- 300) (* r r s x)))))
 (let ((?x3867 (* 432 ?x3213)))
 (let ((?x3863 (* 432 ?x2902)))
 (let ((?x3862 (* 864 ?x2887)))
 (let ((?x3856 (* 1296 ?x2300)))
 (let ((?x1487 (* (- 108) ?x1457)))
 (let ((?x1432 (* 216 ?x1431)))
 (let ((?x1486 (* (- 16) ?x1295)))
 (let ((?x1291 (* s s r00 r00)))
 (let ((?x1484 (* (- 36) ?x1291)))
 (let ((?x1266 (* 216 ?x1265)))
 (let ((?x1191 (* x r00 r00 r00)))
 (let ((?x1483 (* (- 432) ?x1191)))
 (let ((?x1482 (* (- 216) ?x1183)))
 (let ((?x1068 (* 12 ?x1067)))
 (let ((?x3843 (* 144 ?x1026)))
 (let ((?x1010 (* 432 ?x1009)))
 (let ((?x1481 (* (- 108) ?x979)))
 (let ((?x3842 (* 72 ?x906)))
 (let ((?x1240 (* 108 ?x902)))
 (let ((?x867 (* 36 ?x866)))
 (let ((?x3840 (* (- 324) ?x825)))
 (let ((?x1137 (* 108 ?x779)))
 (let ((?x1097 (* 36 ?x734)))
 (let ((?x708 (* x s00)))
 (let ((?x1477 (* (- 108) ?x708)))
 (let ((?x1343 (* 108 ?x704)))
 (let ((?x1476 (* (- 51) ?x678)))
 (let ((?x3836 (* 648 ?x636)))
 (let ((?x1473 (* (- 108) ?x609)))
 (let ((?x1472 (* (- 216) ?x605)))
 (let ((?x3833 (* 648 ?x556)))
 (let ((?x927 (* (- 270) ?x513)))
 (let ((?x3832 (* 828 ?x486)))
 (let ((?x966 (* (- 432) ?x386)))
 (let ((?x3827 (* (- 324) x00)))
 (let ((?x955 (* (- 162) r00)))
 (let ((?x3826 (* 297 s00)))
 (let ((?x3542 (* 324 x)))
 (let ((?x2313 (+ (* 162 r) (* (- 297) s) ?x3542 ?x3826 ?x955 ?x3827 (* 756 (* r r)) ?x966 (* (- 396) (* r s)) (* (- 1512) (* r r00 r00)) ?x3832 ?x927 ?x3833 ?x1472 ?x1473 (* (- 195) ?x632) ?x3836 (* (- 252) (* s r00 r00)) ?x1476 ?x1343 ?x1477 ?x1097 (* (- 648) (* r x00)) (* 648 (* s r00 r00 r00)) (* 246 (* s s00)) ?x1137 (* (- 162) (* s r00)) (* (- 648) (* r s00 r00)) ?x3840 ?x867 (* (- 324) (* s s00 r00)) ?x1240 ?x3842 (* 324 ?x910) ?x918 ?x1481 ?x1010 ?x3843 ?x1068 ?x1482 ?x1483 ?x1266 ?x1484 ?x1486 ?x1432 ?x1487 (* (- 324) (* r r00)) ?x3856 ?x3862 ?x3863 ?x3867 (* (- 432) (* r s r00 r00)) (* (- 1296) (* r r r00 r00)))))
 (let ((?x1170 (* 36 (* x r00 r00))))
 (let ((?x1038 (* r r00 x00)))
 (let ((?x1051 (* (- 36) ?x1038)))
 (let ((?x1027 (* 2 ?x1026)))
 (let ((?x974 (* r00 r00 x00)))
 (let ((?x987 (* (- 36) ?x974)))
 (let ((?x922 (* r s00 s00)))
 (let ((?x935 (* (- 4) ?x922)))
 (let ((?x911 (* 6 ?x910)))
 (let ((?x907 (* 2 ?x906)))
 (let ((?x903 (* 6 ?x902)))
 (let ((?x876 (* s s00 r00)))
 (let ((?x889 (* (- 2) ?x876)))
 (let ((?x852 (* (- 6) ?x825)))
 (let ((?x797 (* (- 2) ?x779)))
 (let ((?x752 (* 4 (* s s r00))))
 (let ((?x723 (* (- 6) ?x708)))
 (let ((?x3623 (* (- 19) ?x678)))
 (let ((?x656 (* 36 (* r x r00))))
 (let ((?x1112 (* (- 90) ?x609)))
 (let ((?x1911 (* 18 ?x513)))
 (let ((?x1751 (* (- 108) ?x386)))
 (let ((?x3468 (* (- 72) x00)))
 (let ((?x2385 (* (- 36) r00)))
 (let ((?x3462 (* 57 s00)))
 (let ((?x2738 (+ (* 36 r) (* (- 57) s) (* 72 x) ?x3462 ?x2385 ?x3468 (* 108 (* r r)) ?x1751 (* (- 42) (* r s)) (* (- 216) (* r r00 r00)) (* 114 ?x486) ?x1911 ?x1112 (* (- 1) ?x632) (* 90 ?x636) (* 12 (* r s r00)) (* (- 72) (* s r00 r00)) ?x656 ?x3623 (* 90 ?x704) ?x723 ?x1097 (* (- 90) (* r x00)) ?x752 (* 20 (* s s00)) ?x797 (* (- 90) (* s r00)) (* (- 12) (* r s00 r00)) ?x852 ?x889 ?x903 ?x907 ?x911 ?x935 ?x987 ?x1027 ?x1051 ?x1170 (* 144 (* r r r00)) (* 72 ?x2887) (* 24 ?x2902) (* 12 ?x3213))))
 (let ((?x813 (* r s00 r00)))
 (let ((?x826 (* (- 6) ?x813)))
 (let ((?x775 (* s s00)))
 (let ((?x776 (* 2 ?x775)))
 (let ((?x746 (* r x00)))
 (let ((?x759 (* (- 18) ?x746)))
 (let ((?x735 (* 6 ?x734)))
 (let ((?x705 (* 18 ?x704)))
 (let ((?x691 (* (- 4) ?x678)))
 (let ((?x652 (* s r00 r00)))
 (let ((?x665 (* (- 6) ?x652)))
 (let ((?x640 (* r s r00)))
 (let ((?x641 (* 6 ?x640)))
 (let ((?x637 (* 18 ?x636)))
 (let ((?x633 (* 2 ?x632)))
 (let ((?x623 (* (- 18) ?x609)))
 (let ((?x982 (* 3 ?x513)))
 (let ((?x2449 (* (- 18) ?x386)))
 (let ((?x2461 (* (- 18) x00)))
 (let ((?x2273 (* (- 9) r00)))
 (let ((?x2462 (* 12 s00)))
 (let ((?x3691 (+ (* 9 r) (* (- 12) s) (* 18 x) ?x2462 ?x2273 ?x2461 (* 18 (* r r)) ?x2449 (* (- 3) (* r s)) (* (- 36) (* r r00 r00)) (* 21 ?x486) ?x982 ?x623 ?x633 ?x637 ?x641 ?x665 ?x691 ?x705 ?x735 ?x759 ?x776 (* (- 21) (* s r00)) ?x826 (* 36 (* r r r00)))))
 (let ((?x557 (* 12 ?x556)))
 (let ((?x591 (* (- 6) ?x513)))
 (let ((?x487 (* 4 ?x486)))
 (let ((?x436 (* r r00 r00)))
 (let ((?x590 (* (- 12) ?x436)))
 (let ((?x430 (* r s)))
 (let ((?x589 (* 2 ?x430)))
 (let ((?x2568 (* (- 12) ?x386)))
 (let ((?x588 (* (- 6) x00)))
 (let ((?x587 (* (- 3) r00)))
 (let ((?x2086 (* 7 s00)))
 (let ((?x56 (* 6 x)))
 (let ((?x43 (* 3 r)))
 (let ((?x2197 (+ ?x43 (* (- 7) s) ?x56 ?x2086 ?x587 ?x588 (* 12 (* r r)) ?x2568 ?x589 ?x590 ?x487 ?x591 ?x557)))
 (let (($x419 (= (+ s (* (- 1) s00) (* (- 3) (* r r)) (* 3 ?x386)) 0)))
 (let (($x2017 (or (not $x419) (not (= ?x2197 0)) (not (= ?x3691 0)) (not (= ?x2738 0)) (not (= ?x2313 0)) (not (= (* ?x1612 ?x774) 0)))))
 (let ((?x1307 (* 108 ?x910)))
 (let ((?x757 (* s r00 r00 r00)))
 (let ((?x758 (* 216 ?x757)))
 (let ((?x961 (* (- 36) ?x652)))
 (let ((?x615 (* 54 ?x513)))
 (let ((?x1084 (* (- 9) s00)))
 (let ((?x143 (* 9 s)))
 (let ((?x1488 (+ ?x143 ?x1084 ?x615 ?x1472 ?x1473 (* (- 15) ?x632) ?x961 ?x1476 ?x1343 ?x1477 ?x1097 ?x758 (* 66 ?x775) ?x1137 (* (- 54) (* s r00)) (* (- 108) ?x825) ?x867 (* (- 108) ?x876) ?x1240 ?x1307 ?x918 ?x1481 ?x1010 ?x1068 ?x1482 ?x1483 ?x1266 ?x1484 ?x1486 ?x1432 ?x1487)))
 (let (($x1489 (= ?x1488 0)))
 (let ((?x1013 (* (- 15) ?x678)))
 (let ((?x664 (* 3 ?x632)))
 (let ((?x646 (* (- 54) ?x609)))
 (let ((?x661 (* 24 ?x513)))
 (let ((?x1176 (+ ?x143 ?x1084 (* (- 24) ?x430) (* 24 ?x486) ?x661 ?x646 ?x664 (* 54 ?x636) ?x961 ?x656 ?x1013 (* 54 ?x704) ?x723 ?x1097 (* (- 54) ?x746) ?x752 (* 12 ?x775) ?x797 (* (- 24) (* s r00)) ?x852 ?x889 ?x903 ?x907 ?x911 ?x935 ?x987 ?x1027 ?x1051 ?x1170)))
 (let (($x1181 (= ?x1176 0)))
 (let ((?x628 (* 9 ?x513)))
 (let ((?x465 (* (- 3) s00)))
 (let ((?x47 (* 3 s)))
 (let ((?x832 (+ ?x47 ?x465 (* (- 9) ?x430) (* 9 ?x486) ?x628 ?x623 ?x633 ?x637 ?x641 ?x665 ?x691 ?x705 ?x735 ?x759 ?x776 (* (- 9) (* s r00)) ?x826)))
 (let (($x839 (= ?x832 0)))
 (let ((?x44 (* 3 s00)))
 (let ((?x586 (* (- 3) s)))
 (let (($x593 (= (+ ?x43 ?x586 ?x56 ?x44 ?x587 ?x588 ?x589 ?x590 ?x487 ?x591 ?x557) 0)))
 (let (($x536 (and $x419 $x593 $x839 $x1181 $x1489 $x2017)))
 (let ((?x1656 (* (- 216) (* x00 (+ x (* (- 1) s))))))
 (let ((?x211 (* 6 r)))
 (let ((?x2560 (+ 3 s ?x211)))
 (let ((?x3556 (* r00 ?x2560)))
 (let ((?x1822 (* 54 ?x3556)))
 (let ((?x1717 (* (- 54) r)))
 (let ((?x3295 (* (- 9) s)))
 (let ((?x3067 (* r00 r00 s00)))
 (let ((?x1155 (* (- 36) ?x3067)))
 (let ((?x137 (* 9 s00)))
 (let ((?x365 (* (- 1) s)))
 (let ((?x3263 (+ x ?x365)))
 (let ((?x3410 (* r00 ?x3263)))
 (let ((?x1606 (* (- 108) ?x3410)))
 (let ((?x1138 (* r00 r00 ?x2560)))
 (let ((?x3709 (* 36 ?x1138)))
 (let ((?x3663 (* ?x3263 ?x2560)))
 (let ((?x1006 (* (- 108) ?x3663)))
 (let ((?x620 (* 36 (* r00 r00 ?x2560 ?x2560))))
 (let ((?x2255 (* (- 216) (* r00 s00 ?x3263))))
 (let ((?x3617 (* r00 s00 ?x2560)))
 (let ((?x2177 (* 108 ?x3617)))
 (let ((?x3537 (* s00 ?x2560)))
 (let ((?x1977 (* (- 66) ?x3537)))
 (let ((?x1460 (* 432 (* r00 r00 r00 ?x3263))))
 (let ((?x3540 (* x00 ?x2560)))
 (let ((?x3802 (* 108 ?x3540)))
 (let ((?x2709 (* 216 (* r00 r00 r00 s00))))
 (let ((?x1950 (* r00 s00 s00)))
 (let ((?x2658 (* (- 108) ?x1950)))
 (let ((?x3370 (* s00 ?x3263)))
 (let ((?x3705 (* 108 ?x3370)))
 (let ((?x3676 (* (- 12) (* s00 ?x2560 ?x2560))))
 (let ((?x3586 (* 108 (* ?x3263 ?x3263))))
 (let ((?x3534 (* (- 4) (* ?x2560 ?x2560 ?x2560))))
 (let ((?x3726 (* (- 36) (* r00 r00 s00 s00))))
 (let ((?x3267 (* (- 216) (* r00 r00 r00 ?x2560))))
 (let ((?x3093 (* ?x2560 ?x2560)))
 (let ((?x607 (* 15 ?x3093)))
 (let ((?x2468 (* r00 s00)))
 (let ((?x2865 (* (- 54) ?x2468)))
 (let ((?x3127 (* 216 (* r00 s00 x00))))
 (let ((?x912 (+ (- 27) ?x3127 ?x614 ?x2865 ?x607 ?x3267 ?x3726 ?x3534 ?x3586 ?x1040 ?x3676 ?x3705 ?x2658 ?x2709 ?x3802 ?x1460 ?x1977 ?x2177 ?x1252 ?x2255 ?x620 ?x1296 ?x1006 ?x3709 ?x1332 ?x1606 ?x137 ?x1155 ?x3295 ?x1717 ?x1822 ?x1656 ?x1458)))
 (let ((?x1864 (+ 6 (* 5 ?x3093) (* 10 (* (+ 1 r) (+ 1 r) ?x3263 ?x3263 ?x2560)) (* (- 6) (* ?x3263 ?x3263 ?x2560)))))
 (let (($x2764 (not (= (* ?x1864 ?x912) 0))))
 (let ((?x2732 (+ ?x3127 ?x614 ?x2865 ?x607 ?x3267 ?x3726 ?x3534 ?x3586 ?x1040 ?x3676 ?x3705 ?x2658 ?x2709 ?x3802 ?x1460 ?x1977 ?x2177 ?x1252 ?x2255 ?x620 ?x1296 ?x1006 ?x3709 ?x1332 ?x1606 ?x137 ?x1155 ?x3295 ?x1717 ?x1822 ?x1656 ?x1458)))
 (let (($x502 (not (= ?x2732 27))))
 (let ((?x2053 (* 15 ?x678)))
 (let ((?x975 (* 36 ?x974)))
 (let ((?x2995 (* (- 6) ?x902)))
 (let ((?x2509 (* 2 ?x1950)))
 (let ((?x1653 (* (- 24) ?x2468)))
 (let ((?x2431 (* 54 ?x609)))
 (let ((?x1150 (+ (* 24 (* (+ 1 r) ?x2560)) ?x2431 (* (- 36) (* r00 (+ 1 r) ?x3263)) ?x1653 (* (- 3) ?x3093) (* (- 54) (* (+ 1 r) ?x3263)) (* 6 ?x3370) (* (- 4) (* r00 ?x2560 ?x2560)) ?x2509 (* 6 ?x3540) (* (- 12) ?x3537) (* 2 ?x3617) ?x2995 (* (- 2) (* (+ 1 r) ?x2560 ?x2560)) (* (- 6) ?x3663) (* 4 (* s00 s00 (+ 1 r))) ?x3709 ?x975 ?x2053 (* (- 2) (* s00 (+ 1 r) ?x2560)) (* 36 (* r00 x00 (+ 1 r))) (* (- 54) ?x3410) ?x137 ?x1155 (* 54 (* x00 (+ 1 r))) ?x3295 ?x1717 (* (- 24) (* s00 (+ 1 r))) (* 24 ?x3556) (* (- 36) (* r00 r00 ?x3263)))))
 (let ((?x2407 (* (- 6) ?x3067)))
 (let ((?x679 (* 4 ?x678)))
 (let ((?x3364 (* (- 9) ?x2468)))
 (let ((?x610 (* 18 ?x609)))
 (let ((?x1401 (+ (* 9 (* (+ 1 r) ?x2560)) ?x610 ?x3364 (* (- 2) ?x3093) (* (- 18) (* (+ 1 r) ?x3263)) (* (- 6) (* r00 (+ 1 r) ?x2560)) (* 6 ?x1138) ?x679 (* (- 18) ?x3410) ?x44 ?x2407 (* 18 (* x00 (+ 1 r))) ?x586 (* (- 18) r) (* (- 9) (* s00 (+ 1 r))) (* (- 2) ?x3537) (* 9 ?x3556) (* 6 (* r00 s00 (+ 1 r))))))
 (let ((?x2634 (* (- 6) ?x2468)))
 (let ((?x2003 (+ (* 2 (* (+ 1 r) ?x2560)) (* (- 12) (* r00 r00 (+ 1 r))) (* (- 15) r) ?x44 ?x3295 ?x587 (* 4 (* s00 (+ 1 r))) ?x2634 ?x56 ?x588 ?x557)))
 (let ((?x1874 (* (- 3) ?x386)))
 (let ((?x1941 (+ s00 ?x365 (* (- 6) r) (* 3 (* (+ 1 r) (+ 1 r))) ?x1874)))
 (let (($x2596 (not (= ?x1941 3))))
 (let (($x874 (or $x2596 (not (= ?x2003 6)) (not (= ?x1401 9)) (not (= ?x1150 27)) $x502 $x2764)))
 (let ((?x1848 (* r00 s)))
 (let ((?x3746 (* 54 ?x1848)))
 (let ((?x1875 (* r00 r00 s)))
 (let ((?x2590 (* 36 ?x1875)))
 (let ((?x3510 (* r00 r00 s s)))
 (let ((?x3511 (* 36 ?x3510)))
 (let ((?x3316 (* r00 r00 r00 x)))
 (let ((?x3317 (* 432 ?x3316)))
 (let ((?x2081 (* s00 x)))
 (let ((?x3255 (* 108 ?x2081)))
 (let ((?x3355 (+ ?x3127 ?x614 ?x2865 (* 15 ?x632) (* (- 216) (* r00 r00 r00 s)) ?x3726 ?x934 ?x980 ?x1040 (* (- 12) (* s00 s s)) ?x3255 ?x2658 ?x2709 (* 108 (* x00 s)) ?x3317 (* (- 66) (* s00 s)) (* 108 (* r00 s00 s)) ?x1252 (* (- 216) (* r00 s00 x)) ?x3511 ?x1296 (* (- 108) (* x s)) ?x2590 ?x1332 (* (- 108) (* r00 x)) ?x137 ?x1155 ?x3295 ?x3746 (* (- 216) (* x00 x)) ?x1458)))
 (let (($x3360 (= ?x3355 0)))
 (let ((?x2956 (* r00 r00 x)))
 (let ((?x3038 (* (- 36) ?x2956)))
 (let ((?x2284 (* r00 s s)))
 (let ((?x3023 (* (- 4) ?x2284)))
 (let ((?x3357 (+ (* 24 (* s r)) ?x2431 (* (- 36) (* r00 x r)) ?x1653 (* (- 3) ?x632) (* (- 54) (* x r)) (* 6 ?x2081) ?x3023 ?x2509 (* 6 (* x00 s)) (* (- 12) (* s00 s)) (* 2 (* r00 s00 s)) ?x2995 (* (- 2) (* s s r)) (* (- 6) (* x s)) (* 4 (* s00 s00 r)) ?x2590 ?x975 ?x2053 (* (- 2) (* s00 s r)) (* 36 (* r00 x00 r)) (* (- 54) (* r00 x)) ?x137 ?x1155 (* 54 (* x00 r)) ?x3295 (* (- 24) (* s00 r)) (* 24 ?x1848) ?x3038)))
 (let ((?x1946 (* r00 x)))
 (let ((?x2231 (* (- 18) ?x1946)))
 (let ((?x2212 (* (- 2) ?x632)))
 (let ((?x2271 (+ (* 9 (* s r)) ?x610 ?x3364 ?x2212 (* (- 18) (* x r)) (* (- 6) (* r00 s r)) (* 6 ?x1875) ?x679 ?x2231 ?x44 ?x2407 (* 18 (* x00 r)) ?x586 (* (- 9) (* s00 r)) (* (- 2) (* s00 s)) (* 9 ?x1848) (* 6 (* r00 s00 r)))))
 (let ((?x3527 (+ (* 2 (* s r)) (* (- 12) (* r00 r00 r)) ?x43 ?x44 ?x586 ?x587 (* 4 (* s00 r)) ?x2634 ?x56 ?x588 ?x557)))
 (let (($x1919 (= (+ s00 ?x365 (* 3 (* r r)) ?x1874) 0)))
 (let (($x1979 (and $x1919 (= ?x3527 0) (= ?x2271 0) (= ?x3357 0) $x3360 $x874)))
 (rewrite (= $x1979 $x536)))))))))))))))))))))))))))))))))))))))))))))))))))))))))))))))))))))))))))))))))))))))))))))))))))))))))))))))))))))))))))))))))))))))))))))))))))))))))))))))))))))))))))))))))))))))))))))))))))))))))))))))))))))))))))))))))))))))))))))))))))))))))))))))))))))))))))))))))))))))))))))))))))
 ))
 (let (($x2612 (exists ((r Int) (s Int) (x Int) )(! (let ((?x1457 (* x00 x00)))
 (let ((?x1458 (* 108 ?x1457)))
 (let ((?x1656 (* (- 216) (* x00 (+ x (* (- 1) s))))))
 (let ((?x211 (* 6 r)))
 (let ((?x2560 (+ 3 s ?x211)))
 (let ((?x3556 (* r00 ?x2560)))
 (let ((?x1822 (* 54 ?x3556)))
 (let ((?x1717 (* (- 54) r)))
 (let ((?x3295 (* (- 9) s)))
 (let ((?x3067 (* r00 r00 s00)))
 (let ((?x1155 (* (- 36) ?x3067)))
 (let ((?x137 (* 9 s00)))
 (let ((?x365 (* (- 1) s)))
 (let ((?x3263 (+ x ?x365)))
 (let ((?x3410 (* r00 ?x3263)))
 (let ((?x1606 (* (- 108) ?x3410)))
 (let ((?x678 (* s00 s00)))
 (let ((?x1332 (* 51 ?x678)))
 (let ((?x1138 (* r00 r00 ?x2560)))
 (let ((?x3709 (* 36 ?x1138)))
 (let ((?x3663 (* ?x3263 ?x2560)))
 (let ((?x1006 (* (- 108) ?x3663)))
 (let ((?x1295 (* s00 s00 s00)))
 (let ((?x1296 (* 16 ?x1295)))
 (let ((?x620 (* 36 (* r00 r00 ?x2560 ?x2560))))
 (let ((?x2255 (* (- 216) (* r00 s00 ?x3263))))
 (let ((?x902 (* s00 x00)))
 (let ((?x1252 (* (- 108) ?x902)))
 (let ((?x3617 (* r00 s00 ?x2560)))
 (let ((?x2177 (* 108 ?x3617)))
 (let ((?x3537 (* s00 ?x2560)))
 (let ((?x1977 (* (- 66) ?x3537)))
 (let ((?x1460 (* 432 (* r00 r00 r00 ?x3263))))
 (let ((?x3540 (* x00 ?x2560)))
 (let ((?x3802 (* 108 ?x3540)))
 (let ((?x2709 (* 216 (* r00 r00 r00 s00))))
 (let ((?x1950 (* r00 s00 s00)))
 (let ((?x2658 (* (- 108) ?x1950)))
 (let ((?x3370 (* s00 ?x3263)))
 (let ((?x3705 (* 108 ?x3370)))
 (let ((?x3676 (* (- 12) (* s00 ?x2560 ?x2560))))
 (let ((?x1009 (* r00 r00 r00 x00)))
 (let ((?x1040 (* (- 432) ?x1009)))
 (let ((?x3586 (* 108 (* ?x3263 ?x3263))))
 (let ((?x3534 (* (- 4) (* ?x2560 ?x2560 ?x2560))))
 (let ((?x3726 (* (- 36) (* r00 r00 s00 s00))))
 (let ((?x3267 (* (- 216) (* r00 r00 r00 ?x2560))))
 (let ((?x3093 (* ?x2560 ?x2560)))
 (let ((?x607 (* 15 ?x3093)))
 (let ((?x2468 (* r00 s00)))
 (let ((?x2865 (* (- 54) ?x2468)))
 (let ((?x609 (* r00 x00)))
 (let ((?x614 (* 108 ?x609)))
 (let ((?x3127 (* 216 (* r00 s00 x00))))
 (let ((?x912 (+ (- 27) ?x3127 ?x614 ?x2865 ?x607 ?x3267 ?x3726 ?x3534 ?x3586 ?x1040 ?x3676 ?x3705 ?x2658 ?x2709 ?x3802 ?x1460 ?x1977 ?x2177 ?x1252 ?x2255 ?x620 ?x1296 ?x1006 ?x3709 ?x1332 ?x1606 ?x137 ?x1155 ?x3295 ?x1717 ?x1822 ?x1656 ?x1458)))
 (let ((?x1864 (+ 6 (* 5 ?x3093) (* 10 (* (+ 1 r) (+ 1 r) ?x3263 ?x3263 ?x2560)) (* (- 6) (* ?x3263 ?x3263 ?x2560)))))
 (let (($x2764 (not (= (* ?x1864 ?x912) 0))))
 (let ((?x2732 (+ ?x3127 ?x614 ?x2865 ?x607 ?x3267 ?x3726 ?x3534 ?x3586 ?x1040 ?x3676 ?x3705 ?x2658 ?x2709 ?x3802 ?x1460 ?x1977 ?x2177 ?x1252 ?x2255 ?x620 ?x1296 ?x1006 ?x3709 ?x1332 ?x1606 ?x137 ?x1155 ?x3295 ?x1717 ?x1822 ?x1656 ?x1458)))
 (let (($x502 (not (= ?x2732 27))))
 (let ((?x143 (* 9 s)))
 (let ((?x2423 (* 36 ?x3067)))
 (let ((?x1084 (* (- 9) s00)))
 (let ((?x1013 (* (- 15) ?x678)))
 (let ((?x974 (* r00 r00 x00)))
 (let ((?x987 (* (- 36) ?x974)))
 (let ((?x903 (* 6 ?x902)))
 (let ((?x2406 (* (- 2) ?x1950)))
 (let ((?x2867 (* 24 ?x2468)))
 (let ((?x646 (* (- 54) ?x609)))
 (let ((?x2802 (+ (* (- 24) (* (+ 1 r) ?x2560)) ?x646 (* 36 (* r00 (+ 1 r) ?x3263)) ?x2867 (* 3 ?x3093) (* 54 (* (+ 1 r) ?x3263)) (* (- 6) ?x3370) (* 4 (* r00 ?x2560 ?x2560)) ?x2406 (* (- 6) ?x3540) (* 12 ?x3537) (* (- 2) ?x3617) ?x903 (* 2 (* (+ 1 r) ?x2560 ?x2560)) (* 6 ?x3663) (* (- 4) (* s00 s00 (+ 1 r))) (* (- 36) ?x1138) ?x987 ?x1013 (* 2 (* s00 (+ 1 r) ?x2560)) (* (- 36) (* r00 x00 (+ 1 r))) (* 54 ?x3410) ?x1084 ?x2423 (* (- 54) (* x00 (+ 1 r))) ?x143 (* 54 r) (* 24 (* s00 (+ 1 r))) (* (- 24) ?x3556) (* 36 (* r00 r00 ?x3263)))))
 (let ((?x47 (* 3 s)))
 (let ((?x3070 (* 6 ?x3067)))
 (let ((?x465 (* (- 3) s00)))
 (let ((?x691 (* (- 4) ?x678)))
 (let ((?x2877 (* 9 ?x2468)))
 (let ((?x623 (* (- 18) ?x609)))
 (let ((?x3614 (+ (* (- 9) (* (+ 1 r) ?x2560)) ?x623 ?x2877 (* 2 ?x3093) (* 18 (* (+ 1 r) ?x3263)) (* 6 (* r00 (+ 1 r) ?x2560)) (* (- 6) ?x1138) ?x691 (* 18 ?x3410) ?x465 ?x3070 (* (- 18) (* x00 (+ 1 r))) ?x47 (* 18 r) (* 9 (* s00 (+ 1 r))) (* 2 ?x3537) (* (- 9) ?x3556) (* (- 6) (* r00 s00 (+ 1 r))))))
 (let ((?x556 (* r00 r00 r00)))
 (let ((?x570 (* (- 12) ?x556)))
 (let ((?x59 (* 6 x00)))
 (let ((?x535 (* (- 6) x)))
 (let ((?x2755 (* 6 ?x2468)))
 (let ((?x48 (* 3 r00)))
 (let ((?x3382 (+ (* (- 2) (* (+ 1 r) ?x2560)) (* 12 (* r00 r00 (+ 1 r))) (* 15 r) ?x465 ?x143 ?x48 (* (- 4) (* s00 (+ 1 r))) ?x2755 ?x535 ?x59 ?x570)))
 (let ((?x386 (* r00 r00)))
 (let ((?x1874 (* (- 3) ?x386)))
 (let ((?x1941 (+ s00 ?x365 (* (- 6) r) (* 3 (* (+ 1 r) (+ 1 r))) ?x1874)))
 (let (($x2596 (not (= ?x1941 3))))
 (let (($x2621 (or $x2596 (not (= ?x3382 (- 6))) (not (= ?x3614 (- 9))) (not (= ?x2802 (- 27))) $x502 $x2764)))
 (let ((?x1848 (* r00 s)))
 (let ((?x3746 (* 54 ?x1848)))
 (let ((?x1875 (* r00 r00 s)))
 (let ((?x2590 (* 36 ?x1875)))
 (let ((?x3510 (* r00 r00 s s)))
 (let ((?x3511 (* 36 ?x3510)))
 (let ((?x3316 (* r00 r00 r00 x)))
 (let ((?x3317 (* 432 ?x3316)))
 (let ((?x2081 (* s00 x)))
 (let ((?x3255 (* 108 ?x2081)))
 (let ((?x979 (* x x)))
 (let ((?x980 (* 108 ?x979)))
 (let ((?x916 (* s s s)))
 (let ((?x934 (* (- 4) ?x916)))
 (let ((?x3355 (+ ?x3127 ?x614 ?x2865 (* 15 (* s s)) (* (- 216) (* r00 r00 r00 s)) ?x3726 ?x934 ?x980 ?x1040 (* (- 12) (* s00 s s)) ?x3255 ?x2658 ?x2709 (* 108 (* x00 s)) ?x3317 (* (- 66) (* s00 s)) (* 108 (* r00 s00 s)) ?x1252 (* (- 216) (* r00 s00 x)) ?x3511 ?x1296 (* (- 108) (* x s)) ?x2590 ?x1332 (* (- 108) (* r00 x)) ?x137 ?x1155 ?x3295 ?x3746 (* (- 216) (* x00 x)) ?x1458)))
 (let (($x3360 (= ?x3355 0)))
 (let ((?x2624 (* (- 36) ?x1875)))
 (let ((?x632 (* s s)))
 (let ((?x664 (* 3 ?x632)))
 (let ((?x3085 (+ (* (- 24) (* s r)) ?x646 (* 36 (* r00 x r)) ?x2867 ?x664 (* 54 (* x r)) (* (- 6) ?x2081) (* 4 (* r00 s s)) ?x2406 (* (- 6) (* x00 s)) (* 12 (* s00 s)) (* (- 2) (* r00 s00 s)) ?x903 (* 2 (* s s r)) (* 6 (* x s)) (* (- 4) (* s00 s00 r)) ?x2624 ?x987 ?x1013 (* 2 (* s00 s r)) (* (- 36) (* r00 x00 r)) (* 54 (* r00 x)) ?x1084 ?x2423 (* (- 54) (* x00 r)) ?x143 (* 24 (* s00 r)) (* (- 24) ?x1848) (* 36 (* r00 r00 x)))))
 (let ((?x633 (* 2 ?x632)))
 (let ((?x3476 (+ (* (- 9) (* s r)) ?x623 ?x2877 ?x633 (* 18 (* x r)) (* 6 (* r00 s r)) (* (- 6) ?x1875) ?x691 (* 18 (* r00 x)) ?x465 ?x3070 (* (- 18) (* x00 r)) ?x47 (* 9 (* s00 r)) (* 2 (* s00 s)) (* (- 9) ?x1848) (* (- 6) (* r00 s00 r)))))
 (let ((?x2950 (+ (* (- 2) (* s r)) (* 12 (* r00 r00 r)) (* (- 3) r) ?x465 ?x47 ?x48 (* (- 4) (* s00 r)) ?x2755 ?x535 ?x59 ?x570)))
 (let (($x1919 (= (+ s00 ?x365 (* 3 (* r r)) ?x1874) 0)))
 (and $x1919 (= ?x2950 0) (= ?x3476 0) (= ?x3085 0) $x3360 $x2621)))))))))))))))))))))))))))))))))))))))))))))))))))))))))))))))))))))))))))))))))))))))))))))))))))))))))))))))))) :qid k!40))
 ))
 (let ((?x3531 (lambda ((r Int) (s Int) (x Int) )(let ((?x1457 (* x00 x00)))
 (let ((?x1458 (* 108 ?x1457)))
 (let ((?x1656 (* (- 216) (* x00 (+ x (* (- 1) s))))))
 (let ((?x211 (* 6 r)))
 (let ((?x2560 (+ 3 s ?x211)))
 (let ((?x3556 (* r00 ?x2560)))
 (let ((?x1822 (* 54 ?x3556)))
 (let ((?x1717 (* (- 54) r)))
 (let ((?x3295 (* (- 9) s)))
 (let ((?x3067 (* r00 r00 s00)))
 (let ((?x1155 (* (- 36) ?x3067)))
 (let ((?x137 (* 9 s00)))
 (let ((?x365 (* (- 1) s)))
 (let ((?x3263 (+ x ?x365)))
 (let ((?x3410 (* r00 ?x3263)))
 (let ((?x1606 (* (- 108) ?x3410)))
 (let ((?x678 (* s00 s00)))
 (let ((?x1332 (* 51 ?x678)))
 (let ((?x1138 (* r00 r00 ?x2560)))
 (let ((?x3709 (* 36 ?x1138)))
 (let ((?x3663 (* ?x3263 ?x2560)))
 (let ((?x1006 (* (- 108) ?x3663)))
 (let ((?x1295 (* s00 s00 s00)))
 (let ((?x1296 (* 16 ?x1295)))
 (let ((?x620 (* 36 (* r00 r00 ?x2560 ?x2560))))
 (let ((?x2255 (* (- 216) (* r00 s00 ?x3263))))
 (let ((?x902 (* s00 x00)))
 (let ((?x1252 (* (- 108) ?x902)))
 (let ((?x3617 (* r00 s00 ?x2560)))
 (let ((?x2177 (* 108 ?x3617)))
 (let ((?x3537 (* s00 ?x2560)))
 (let ((?x1977 (* (- 66) ?x3537)))
 (let ((?x1460 (* 432 (* r00 r00 r00 ?x3263))))
 (let ((?x3540 (* x00 ?x2560)))
 (let ((?x3802 (* 108 ?x3540)))
 (let ((?x2709 (* 216 (* r00 r00 r00 s00))))
 (let ((?x1950 (* r00 s00 s00)))
 (let ((?x2658 (* (- 108) ?x1950)))
 (let ((?x3370 (* s00 ?x3263)))
 (let ((?x3705 (* 108 ?x3370)))
 (let ((?x3676 (* (- 12) (* s00 ?x2560 ?x2560))))
 (let ((?x1009 (* r00 r00 r00 x00)))
 (let ((?x1040 (* (- 432) ?x1009)))
 (let ((?x3586 (* 108 (* ?x3263 ?x3263))))
 (let ((?x3534 (* (- 4) (* ?x2560 ?x2560 ?x2560))))
 (let ((?x3726 (* (- 36) (* r00 r00 s00 s00))))
 (let ((?x3267 (* (- 216) (* r00 r00 r00 ?x2560))))
 (let ((?x3093 (* ?x2560 ?x2560)))
 (let ((?x607 (* 15 ?x3093)))
 (let ((?x2468 (* r00 s00)))
 (let ((?x2865 (* (- 54) ?x2468)))
 (let ((?x609 (* r00 x00)))
 (let ((?x614 (* 108 ?x609)))
 (let ((?x3127 (* 216 (* r00 s00 x00))))
 (let ((?x912 (+ (- 27) ?x3127 ?x614 ?x2865 ?x607 ?x3267 ?x3726 ?x3534 ?x3586 ?x1040 ?x3676 ?x3705 ?x2658 ?x2709 ?x3802 ?x1460 ?x1977 ?x2177 ?x1252 ?x2255 ?x620 ?x1296 ?x1006 ?x3709 ?x1332 ?x1606 ?x137 ?x1155 ?x3295 ?x1717 ?x1822 ?x1656 ?x1458)))
 (let ((?x1864 (+ 6 (* 5 ?x3093) (* 10 (* (+ 1 r) (+ 1 r) ?x3263 ?x3263 ?x2560)) (* (- 6) (* ?x3263 ?x3263 ?x2560)))))
 (let (($x2764 (not (= (* ?x1864 ?x912) 0))))
 (let ((?x2732 (+ ?x3127 ?x614 ?x2865 ?x607 ?x3267 ?x3726 ?x3534 ?x3586 ?x1040 ?x3676 ?x3705 ?x2658 ?x2709 ?x3802 ?x1460 ?x1977 ?x2177 ?x1252 ?x2255 ?x620 ?x1296 ?x1006 ?x3709 ?x1332 ?x1606 ?x137 ?x1155 ?x3295 ?x1717 ?x1822 ?x1656 ?x1458)))
 (let (($x502 (not (= ?x2732 27))))
 (let ((?x2053 (* 15 ?x678)))
 (let ((?x974 (* r00 r00 x00)))
 (let ((?x975 (* 36 ?x974)))
 (let ((?x2995 (* (- 6) ?x902)))
 (let ((?x2509 (* 2 ?x1950)))
 (let ((?x1653 (* (- 24) ?x2468)))
 (let ((?x2431 (* 54 ?x609)))
 (let ((?x1150 (+ (* 24 (* (+ 1 r) ?x2560)) ?x2431 (* (- 36) (* r00 (+ 1 r) ?x3263)) ?x1653 (* (- 3) ?x3093) (* (- 54) (* (+ 1 r) ?x3263)) (* 6 ?x3370) (* (- 4) (* r00 ?x2560 ?x2560)) ?x2509 (* 6 ?x3540) (* (- 12) ?x3537) (* 2 ?x3617) ?x2995 (* (- 2) (* (+ 1 r) ?x2560 ?x2560)) (* (- 6) ?x3663) (* 4 (* s00 s00 (+ 1 r))) ?x3709 ?x975 ?x2053 (* (- 2) (* s00 (+ 1 r) ?x2560)) (* 36 (* r00 x00 (+ 1 r))) (* (- 54) ?x3410) ?x137 ?x1155 (* 54 (* x00 (+ 1 r))) ?x3295 ?x1717 (* (- 24) (* s00 (+ 1 r))) (* 24 ?x3556) (* (- 36) (* r00 r00 ?x3263)))))
 (let ((?x586 (* (- 3) s)))
 (let ((?x2407 (* (- 6) ?x3067)))
 (let ((?x44 (* 3 s00)))
 (let ((?x679 (* 4 ?x678)))
 (let ((?x3364 (* (- 9) ?x2468)))
 (let ((?x610 (* 18 ?x609)))
 (let ((?x1401 (+ (* 9 (* (+ 1 r) ?x2560)) ?x610 ?x3364 (* (- 2) ?x3093) (* (- 18) (* (+ 1 r) ?x3263)) (* (- 6) (* r00 (+ 1 r) ?x2560)) (* 6 ?x1138) ?x679 (* (- 18) ?x3410) ?x44 ?x2407 (* 18 (* x00 (+ 1 r))) ?x586 (* (- 18) r) (* (- 9) (* s00 (+ 1 r))) (* (- 2) ?x3537) (* 9 ?x3556) (* 6 (* r00 s00 (+ 1 r))))))
 (let ((?x556 (* r00 r00 r00)))
 (let ((?x557 (* 12 ?x556)))
 (let ((?x588 (* (- 6) x00)))
 (let ((?x56 (* 6 x)))
 (let ((?x2634 (* (- 6) ?x2468)))
 (let ((?x587 (* (- 3) r00)))
 (let ((?x2003 (+ (* 2 (* (+ 1 r) ?x2560)) (* (- 12) (* r00 r00 (+ 1 r))) (* (- 15) r) ?x44 ?x3295 ?x587 (* 4 (* s00 (+ 1 r))) ?x2634 ?x56 ?x588 ?x557)))
 (let ((?x386 (* r00 r00)))
 (let ((?x1874 (* (- 3) ?x386)))
 (let ((?x1941 (+ s00 ?x365 (* (- 6) r) (* 3 (* (+ 1 r) (+ 1 r))) ?x1874)))
 (let (($x2596 (not (= ?x1941 3))))
 (let (($x874 (or $x2596 (not (= ?x2003 6)) (not (= ?x1401 9)) (not (= ?x1150 27)) $x502 $x2764)))
 (let ((?x1848 (* r00 s)))
 (let ((?x3746 (* 54 ?x1848)))
 (let ((?x1875 (* r00 r00 s)))
 (let ((?x2590 (* 36 ?x1875)))
 (let ((?x3510 (* r00 r00 s s)))
 (let ((?x3511 (* 36 ?x3510)))
 (let ((?x3316 (* r00 r00 r00 x)))
 (let ((?x3317 (* 432 ?x3316)))
 (let ((?x2081 (* s00 x)))
 (let ((?x3255 (* 108 ?x2081)))
 (let ((?x979 (* x x)))
 (let ((?x980 (* 108 ?x979)))
 (let ((?x916 (* s s s)))
 (let ((?x934 (* (- 4) ?x916)))
 (let ((?x3355 (+ ?x3127 ?x614 ?x2865 (* 15 (* s s)) (* (- 216) (* r00 r00 r00 s)) ?x3726 ?x934 ?x980 ?x1040 (* (- 12) (* s00 s s)) ?x3255 ?x2658 ?x2709 (* 108 (* x00 s)) ?x3317 (* (- 66) (* s00 s)) (* 108 (* r00 s00 s)) ?x1252 (* (- 216) (* r00 s00 x)) ?x3511 ?x1296 (* (- 108) (* x s)) ?x2590 ?x1332 (* (- 108) (* r00 x)) ?x137 ?x1155 ?x3295 ?x3746 (* (- 216) (* x00 x)) ?x1458)))
 (let (($x3360 (= ?x3355 0)))
 (let ((?x2956 (* r00 r00 x)))
 (let ((?x3038 (* (- 36) ?x2956)))
 (let ((?x2284 (* r00 s s)))
 (let ((?x3023 (* (- 4) ?x2284)))
 (let ((?x3357 (+ (* 24 (* s r)) ?x2431 (* (- 36) (* r00 x r)) ?x1653 (* (- 3) (* s s)) (* (- 54) (* x r)) (* 6 ?x2081) ?x3023 ?x2509 (* 6 (* x00 s)) (* (- 12) (* s00 s)) (* 2 (* r00 s00 s)) ?x2995 (* (- 2) (* s s r)) (* (- 6) (* x s)) (* 4 (* s00 s00 r)) ?x2590 ?x975 ?x2053 (* (- 2) (* s00 s r)) (* 36 (* r00 x00 r)) (* (- 54) (* r00 x)) ?x137 ?x1155 (* 54 (* x00 r)) ?x3295 (* (- 24) (* s00 r)) (* 24 ?x1848) ?x3038)))
 (let ((?x1946 (* r00 x)))
 (let ((?x2231 (* (- 18) ?x1946)))
 (let ((?x632 (* s s)))
 (let ((?x2212 (* (- 2) ?x632)))
 (let ((?x2271 (+ (* 9 (* s r)) ?x610 ?x3364 ?x2212 (* (- 18) (* x r)) (* (- 6) (* r00 s r)) (* 6 ?x1875) ?x679 ?x2231 ?x44 ?x2407 (* 18 (* x00 r)) ?x586 (* (- 9) (* s00 r)) (* (- 2) (* s00 s)) (* 9 ?x1848) (* 6 (* r00 s00 r)))))
 (let ((?x43 (* 3 r)))
 (let ((?x3527 (+ (* 2 (* s r)) (* (- 12) (* r00 r00 r)) ?x43 ?x44 ?x586 ?x587 (* 4 (* s00 r)) ?x2634 ?x56 ?x588 ?x557)))
 (let (($x1919 (= (+ s00 ?x365 (* 3 (* r r)) ?x1874) 0)))
 (let (($x1979 (and $x1919 (= ?x3527 0) (= ?x2271 0) (= ?x3357 0) $x3360 $x874)))
 (let ((?x143 (* 9 s)))
 (let ((?x2423 (* 36 ?x3067)))
 (let ((?x1084 (* (- 9) s00)))
 (let ((?x1013 (* (- 15) ?x678)))
 (let ((?x987 (* (- 36) ?x974)))
 (let ((?x903 (* 6 ?x902)))
 (let ((?x2406 (* (- 2) ?x1950)))
 (let ((?x2867 (* 24 ?x2468)))
 (let ((?x646 (* (- 54) ?x609)))
 (let ((?x2802 (+ (* (- 24) (* (+ 1 r) ?x2560)) ?x646 (* 36 (* r00 (+ 1 r) ?x3263)) ?x2867 (* 3 ?x3093) (* 54 (* (+ 1 r) ?x3263)) (* (- 6) ?x3370) (* 4 (* r00 ?x2560 ?x2560)) ?x2406 (* (- 6) ?x3540) (* 12 ?x3537) (* (- 2) ?x3617) ?x903 (* 2 (* (+ 1 r) ?x2560 ?x2560)) (* 6 ?x3663) (* (- 4) (* s00 s00 (+ 1 r))) (* (- 36) ?x1138) ?x987 ?x1013 (* 2 (* s00 (+ 1 r) ?x2560)) (* (- 36) (* r00 x00 (+ 1 r))) (* 54 ?x3410) ?x1084 ?x2423 (* (- 54) (* x00 (+ 1 r))) ?x143 (* 54 r) (* 24 (* s00 (+ 1 r))) (* (- 24) ?x3556) (* 36 (* r00 r00 ?x3263)))))
 (let ((?x47 (* 3 s)))
 (let ((?x3070 (* 6 ?x3067)))
 (let ((?x465 (* (- 3) s00)))
 (let ((?x691 (* (- 4) ?x678)))
 (let ((?x2877 (* 9 ?x2468)))
 (let ((?x623 (* (- 18) ?x609)))
 (let ((?x3614 (+ (* (- 9) (* (+ 1 r) ?x2560)) ?x623 ?x2877 (* 2 ?x3093) (* 18 (* (+ 1 r) ?x3263)) (* 6 (* r00 (+ 1 r) ?x2560)) (* (- 6) ?x1138) ?x691 (* 18 ?x3410) ?x465 ?x3070 (* (- 18) (* x00 (+ 1 r))) ?x47 (* 18 r) (* 9 (* s00 (+ 1 r))) (* 2 ?x3537) (* (- 9) ?x3556) (* (- 6) (* r00 s00 (+ 1 r))))))
 (let ((?x570 (* (- 12) ?x556)))
 (let ((?x59 (* 6 x00)))
 (let ((?x535 (* (- 6) x)))
 (let ((?x2755 (* 6 ?x2468)))
 (let ((?x48 (* 3 r00)))
 (let ((?x3382 (+ (* (- 2) (* (+ 1 r) ?x2560)) (* 12 (* r00 r00 (+ 1 r))) (* 15 r) ?x465 ?x143 ?x48 (* (- 4) (* s00 (+ 1 r))) ?x2755 ?x535 ?x59 ?x570)))
 (let (($x2621 (or $x2596 (not (= ?x3382 (- 6))) (not (= ?x3614 (- 9))) (not (= ?x2802 (- 27))) $x502 $x2764)))
 (let ((?x2624 (* (- 36) ?x1875)))
 (let ((?x664 (* 3 ?x632)))
 (let ((?x3085 (+ (* (- 24) (* s r)) ?x646 (* 36 (* r00 x r)) ?x2867 ?x664 (* 54 (* x r)) (* (- 6) ?x2081) (* 4 ?x2284) ?x2406 (* (- 6) (* x00 s)) (* 12 (* s00 s)) (* (- 2) (* r00 s00 s)) ?x903 (* 2 (* s s r)) (* 6 (* x s)) (* (- 4) (* s00 s00 r)) ?x2624 ?x987 ?x1013 (* 2 (* s00 s r)) (* (- 36) (* r00 x00 r)) (* 54 ?x1946) ?x1084 ?x2423 (* (- 54) (* x00 r)) ?x143 (* 24 (* s00 r)) (* (- 24) ?x1848) (* 36 ?x2956))))
 (let ((?x633 (* 2 ?x632)))
 (let ((?x3476 (+ (* (- 9) (* s r)) ?x623 ?x2877 ?x633 (* 18 (* x r)) (* 6 (* r00 s r)) (* (- 6) ?x1875) ?x691 (* 18 ?x1946) ?x465 ?x3070 (* (- 18) (* x00 r)) ?x47 (* 9 (* s00 r)) (* 2 (* s00 s)) (* (- 9) ?x1848) (* (- 6) (* r00 s00 r)))))
 (let ((?x2950 (+ (* (- 2) (* s r)) (* 12 (* r00 r00 r)) (* (- 3) r) ?x465 ?x47 ?x48 (* (- 4) (* s00 r)) ?x2755 ?x535 ?x59 ?x570)))
 (let (($x2678 (and $x1919 (= ?x2950 0) (= ?x3476 0) (= ?x3085 0) $x3360 $x2621)))
 (rewrite (= $x2678 $x1979))))))))))))))))))))))))))))))))))))))))))))))))))))))))))))))))))))))))))))))))))))))))))))))))))))))))))))))))))))))))))))))))))))))))))))))))))))))
 ))
 (let (($x362 (exists ((r Int) (s Int) (x Int) )(! (let ((?x232 (- x s)))
 (let ((?x211 (* 6 r)))
 (let ((?x212 (+ s ?x211 3)))
 (let ((?x354 (+ 6 (* 5 ?x212 ?x212) (* 10 (+ r 1) (+ r 1) ?x212 ?x232 ?x232))))
 (let ((?x208 (* 108 x00 x00)))
 (let ((?x299 (* 9 ?x212)))
 (let ((?x139 (* 36 r00 r00 s00)))
 (let ((?x137 (* 9 s00)))
 (let ((?x197 (* 51 s00 s00)))
 (let ((?x284 (* 36 r00 r00 ?x212)))
 (let ((?x192 (* 16 s00 s00 s00)))
 (let ((?x186 (* 108 s00 x00)))
 (let ((?x177 (* 216 r00 r00 r00 s00)))
 (let ((?x175 (* 108 r00 s00 s00)))
 (let ((?x169 (* 432 r00 r00 r00 x00)))
 (let ((?x161 (* 36 r00 r00 s00 s00)))
 (let ((?x157 (- (+ (* 216 r00 s00 x00) (* 108 r00 x00)) (* 54 r00 s00))))
 (let ((?x313 (- (- (+ ?x157 (* 15 ?x212 ?x212)) (* 216 r00 r00 r00 ?x212)) ?x161)))
 (let ((?x319 (- (- (+ (- ?x313 (* 4 ?x212 ?x212 ?x212)) (* 108 ?x232 ?x232)) ?x169) (* 12 ?x212 ?x212 s00))))
 (let ((?x325 (+ (- (+ ?x319 (* 108 s00 ?x232)) ?x175) ?x177 (* 108 ?x212 x00) (* 432 r00 r00 r00 ?x232))))
 (let ((?x331 (- (+ (- ?x325 (* 66 ?x212 s00)) (* 108 r00 ?x212 s00)) ?x186)))
 (let ((?x334 (+ (- ?x331 (* 216 r00 s00 ?x232)) (* 36 r00 r00 ?x212 ?x212) ?x192)))
 (let ((?x339 (- (+ (- ?x334 (* 108 ?x212 ?x232)) ?x284 ?x197) (* 108 r00 ?x232))))
 (let ((?x346 (- (+ (- (- (+ ?x339 ?x137) ?x139) ?x299) (* 54 r00 ?x212)) (* 216 ?x232 x00))))
 (let ((?x347 (+ ?x346 ?x208)))
 (let ((?x126 (* 15 s00 s00)))
 (let ((?x124 (* 36 r00 r00 x00)))
 (let ((?x118 (* 6 s00 x00)))
 (let ((?x110 (* 2 r00 s00 s00)))
 (let ((?x102 (* 24 r00 s00)))
 (let ((?x268 (+ (- (* (- 24) (+ r 1) ?x212) (* 54 r00 x00)) (* 36 (+ r 1) r00 ?x232) ?x102 (* 3 ?x212 ?x212) (* 54 (+ r 1) ?x232))))
 (let ((?x274 (- (+ (- ?x268 (* 6 s00 ?x232)) (* 4 r00 ?x212 ?x212)) ?x110)))
 (let ((?x279 (- (+ (- ?x274 (* 6 ?x212 x00)) (* 12 ?x212 s00)) (* 2 r00 ?x212 s00))))
 (let ((?x282 (+ ?x279 ?x118 (* 2 (+ r 1) ?x212 ?x212) (* 6 ?x212 ?x232))))
 (let ((?x288 (- (- (- (- ?x282 (* 4 (+ r 1) s00 s00)) ?x284) ?x124) ?x126)))
 (let ((?x292 (- (+ ?x288 (* 2 (+ r 1) ?x212 s00)) (* 36 (+ r 1) r00 x00))))
 (let ((?x298 (- (+ (- (+ ?x292 (* 54 r00 ?x232)) ?x137) ?x139) (* 54 (+ r 1) x00))))
 (let ((?x303 (- (+ ?x298 ?x299 (* 24 (+ r 1) s00)) (* 24 r00 ?x212))))
 (let ((?x227 (* 3 ?x212)))
 (let ((?x82 (* 6 r00 r00 s00)))
 (let ((?x44 (* 3 s00)))
 (let ((?x76 (* 4 s00 s00)))
 (let ((?x70 (* 9 r00 s00)))
 (let ((?x244 (+ (- (* (- 9) (+ r 1) ?x212) (* 18 r00 x00)) ?x70 (* 2 ?x212 ?x212) (* 18 (+ r 1) ?x232) (* 6 (+ r 1) r00 ?x212))))
 (let ((?x249 (+ (- (- ?x244 (* 6 r00 r00 ?x212)) ?x76) (* 18 r00 ?x232))))
 (let ((?x256 (+ (- (+ (- ?x249 ?x44) ?x82) (* 18 (+ r 1) x00)) ?x227 (* 9 (+ r 1) s00) (* 2 ?x212 s00))))
 (let ((?x260 (- (- ?x256 (* 9 r00 ?x212)) (* 6 (+ r 1) r00 s00))))
 (let ((?x61 (* 12 r00 r00 r00)))
 (let ((?x59 (* 6 x00)))
 (let ((?x54 (* 6 r00 s00)))
 (let ((?x48 (* 3 r00)))
 (let ((?x223 (+ (* (- 2) (+ r 1) ?x212) (* 12 (+ r 1) r00 r00))))
 (let ((?x230 (- (+ (- (- ?x223 (* 3 (+ r 1))) ?x44) ?x227 ?x48) (* 4 (+ r 1) s00))))
 (let ((?x33 (* 3 r00 r00)))
 (let ((?x218 (- (+ (- s00 ?x212) (* 3 (+ r 1) (+ r 1))) ?x33)))
 (let (($x360 (or (not (= ?x218 0)) (not (= (- (+ (- (+ ?x230 ?x54) (* 6 ?x232)) ?x59) ?x61) 0)) (not (= ?x260 0)) (not (= (+ ?x303 (* 36 r00 r00 ?x232)) 0)) (not (= ?x347 0)) (not (= (* ?x347 (- ?x354 (* 6 ?x212 ?x232 ?x232))) 0)))))
 (let ((?x143 (* 9 s)))
 (let ((?x123 (* 36 r00 r00 s)))
 (let ((?x164 (- (- (+ ?x157 (* 15 s s)) (* 216 r00 r00 r00 s)) ?x161)))
 (let ((?x172 (- (- (+ (- ?x164 (* 4 s s s)) (* 108 x x)) ?x169) (* 12 s s s00))))
 (let ((?x180 (+ (- (+ ?x172 (* 108 s00 x)) ?x175) ?x177 (* 108 s x00) (* 432 r00 r00 r00 x))))
 (let ((?x188 (- (+ (- ?x180 (* 66 s s00)) (* 108 r00 s s00)) ?x186)))
 (let ((?x193 (+ (- ?x188 (* 216 r00 s00 x)) (* 36 r00 r00 s s) ?x192)))
 (let ((?x200 (- (+ (- ?x193 (* 108 s x)) ?x123 ?x197) (* 108 r00 x))))
 (let ((?x207 (- (+ (- (- (+ ?x200 ?x137) ?x139) ?x143) (* 54 r00 s)) (* 216 x x00))))
 (let ((?x105 (+ (- (* (- 24) r s) (* 54 r00 x00)) (* 36 r r00 x) ?x102 (* 3 s s) (* 54 r x))))
 (let ((?x112 (- (+ (- ?x105 (* 6 s00 x)) (* 4 r00 s s)) ?x110)))
 (let ((?x117 (- (+ (- ?x112 (* 6 s x00)) (* 12 s s00)) (* 2 r00 s s00))))
 (let ((?x127 (- (+ ?x117 ?x118 (* 2 r s s) (* 6 s x)) (* 4 r s00 s00))))
 (let ((?x134 (- (+ (- (- (- ?x127 ?x123) ?x124) ?x126) (* 2 r s s00)) (* 36 r r00 x00))))
 (let ((?x142 (- (+ (- (+ ?x134 (* 54 r00 x)) ?x137) ?x139) (* 54 r x00))))
 (let ((?x149 (+ (- (+ ?x142 ?x143 (* 24 r s00)) (* 24 r00 s)) (* 36 r00 r00 x))))
 (let ((?x47 (* 3 s)))
 (let ((?x74 (+ (- (* (- 9) r s) (* 18 r00 x00)) ?x70 (* 2 s s) (* 18 r x) (* 6 r r00 s))))
 (let ((?x80 (+ (- (- ?x74 (* 6 r00 r00 s)) ?x76) (* 18 r00 x))))
 (let ((?x88 (+ (- (+ (- ?x80 ?x44) ?x82) (* 18 r x00)) ?x47 (* 9 r s00) (* 2 s s00))))
 (let (($x93 (= (- (- ?x88 (* 9 r00 s)) (* 6 r r00 s00)) 0)))
 (let ((?x56 (* 6 x)))
 (let ((?x43 (* 3 r)))
 (let ((?x46 (- (- (+ (* (- 2) r s) (* 12 r r00 r00)) ?x43) ?x44)))
 (let ((?x60 (+ (- (+ (- (+ ?x46 ?x47 ?x48) (* 4 r s00)) ?x54) ?x56) ?x59)))
 (and (= (- (+ (- s00 s) (* 3 r r)) ?x33) 0) (= (- ?x60 ?x61) 0) $x93 (= ?x149 0) (= (+ ?x207 ?x208) 0) $x360)))))))))))))))))))))))))))))))))))))))))))))))))))))))))))))))))))))))))))))))))) :qid k!40))
 ))
 (let ((?x2699 (lambda ((r Int) (s Int) (x Int) )(let ((?x1457 (* x00 x00)))
 (let ((?x1458 (* 108 ?x1457)))
 (let ((?x1656 (* (- 216) (* x00 (+ x (* (- 1) s))))))
 (let ((?x211 (* 6 r)))
 (let ((?x2560 (+ 3 s ?x211)))
 (let ((?x3556 (* r00 ?x2560)))
 (let ((?x1822 (* 54 ?x3556)))
 (let ((?x1717 (* (- 54) r)))
 (let ((?x3295 (* (- 9) s)))
 (let ((?x3067 (* r00 r00 s00)))
 (let ((?x1155 (* (- 36) ?x3067)))
 (let ((?x137 (* 9 s00)))
 (let ((?x365 (* (- 1) s)))
 (let ((?x3263 (+ x ?x365)))
 (let ((?x3410 (* r00 ?x3263)))
 (let ((?x1606 (* (- 108) ?x3410)))
 (let ((?x678 (* s00 s00)))
 (let ((?x1332 (* 51 ?x678)))
 (let ((?x1138 (* r00 r00 ?x2560)))
 (let ((?x3709 (* 36 ?x1138)))
 (let ((?x3663 (* ?x3263 ?x2560)))
 (let ((?x1006 (* (- 108) ?x3663)))
 (let ((?x1295 (* s00 s00 s00)))
 (let ((?x1296 (* 16 ?x1295)))
 (let ((?x620 (* 36 (* r00 r00 ?x2560 ?x2560))))
 (let ((?x2255 (* (- 216) (* r00 s00 ?x3263))))
 (let ((?x902 (* s00 x00)))
 (let ((?x1252 (* (- 108) ?x902)))
 (let ((?x3617 (* r00 s00 ?x2560)))
 (let ((?x2177 (* 108 ?x3617)))
 (let ((?x3537 (* s00 ?x2560)))
 (let ((?x1977 (* (- 66) ?x3537)))
 (let ((?x1460 (* 432 (* r00 r00 r00 ?x3263))))
 (let ((?x3540 (* x00 ?x2560)))
 (let ((?x3802 (* 108 ?x3540)))
 (let ((?x2709 (* 216 (* r00 r00 r00 s00))))
 (let ((?x1950 (* r00 s00 s00)))
 (let ((?x2658 (* (- 108) ?x1950)))
 (let ((?x3370 (* s00 ?x3263)))
 (let ((?x3705 (* 108 ?x3370)))
 (let ((?x3676 (* (- 12) (* s00 ?x2560 ?x2560))))
 (let ((?x1009 (* r00 r00 r00 x00)))
 (let ((?x1040 (* (- 432) ?x1009)))
 (let ((?x3586 (* 108 (* ?x3263 ?x3263))))
 (let ((?x3534 (* (- 4) (* ?x2560 ?x2560 ?x2560))))
 (let ((?x3726 (* (- 36) (* r00 r00 s00 s00))))
 (let ((?x3267 (* (- 216) (* r00 r00 r00 ?x2560))))
 (let ((?x3093 (* ?x2560 ?x2560)))
 (let ((?x607 (* 15 ?x3093)))
 (let ((?x2468 (* r00 s00)))
 (let ((?x2865 (* (- 54) ?x2468)))
 (let ((?x609 (* r00 x00)))
 (let ((?x614 (* 108 ?x609)))
 (let ((?x3127 (* 216 (* r00 s00 x00))))
 (let ((?x912 (+ (- 27) ?x3127 ?x614 ?x2865 ?x607 ?x3267 ?x3726 ?x3534 ?x3586 ?x1040 ?x3676 ?x3705 ?x2658 ?x2709 ?x3802 ?x1460 ?x1977 ?x2177 ?x1252 ?x2255 ?x620 ?x1296 ?x1006 ?x3709 ?x1332 ?x1606 ?x137 ?x1155 ?x3295 ?x1717 ?x1822 ?x1656 ?x1458)))
 (let ((?x1864 (+ 6 (* 5 ?x3093) (* 10 (* (+ 1 r) (+ 1 r) ?x3263 ?x3263 ?x2560)) (* (- 6) (* ?x3263 ?x3263 ?x2560)))))
 (let (($x2764 (not (= (* ?x1864 ?x912) 0))))
 (let ((?x2732 (+ ?x3127 ?x614 ?x2865 ?x607 ?x3267 ?x3726 ?x3534 ?x3586 ?x1040 ?x3676 ?x3705 ?x2658 ?x2709 ?x3802 ?x1460 ?x1977 ?x2177 ?x1252 ?x2255 ?x620 ?x1296 ?x1006 ?x3709 ?x1332 ?x1606 ?x137 ?x1155 ?x3295 ?x1717 ?x1822 ?x1656 ?x1458)))
 (let (($x502 (not (= ?x2732 27))))
 (let ((?x143 (* 9 s)))
 (let ((?x2423 (* 36 ?x3067)))
 (let ((?x1084 (* (- 9) s00)))
 (let ((?x1013 (* (- 15) ?x678)))
 (let ((?x974 (* r00 r00 x00)))
 (let ((?x987 (* (- 36) ?x974)))
 (let ((?x903 (* 6 ?x902)))
 (let ((?x2406 (* (- 2) ?x1950)))
 (let ((?x2867 (* 24 ?x2468)))
 (let ((?x646 (* (- 54) ?x609)))
 (let ((?x2802 (+ (* (- 24) (* (+ 1 r) ?x2560)) ?x646 (* 36 (* r00 (+ 1 r) ?x3263)) ?x2867 (* 3 ?x3093) (* 54 (* (+ 1 r) ?x3263)) (* (- 6) ?x3370) (* 4 (* r00 ?x2560 ?x2560)) ?x2406 (* (- 6) ?x3540) (* 12 ?x3537) (* (- 2) ?x3617) ?x903 (* 2 (* (+ 1 r) ?x2560 ?x2560)) (* 6 ?x3663) (* (- 4) (* s00 s00 (+ 1 r))) (* (- 36) ?x1138) ?x987 ?x1013 (* 2 (* s00 (+ 1 r) ?x2560)) (* (- 36) (* r00 x00 (+ 1 r))) (* 54 ?x3410) ?x1084 ?x2423 (* (- 54) (* x00 (+ 1 r))) ?x143 (* 54 r) (* 24 (* s00 (+ 1 r))) (* (- 24) ?x3556) (* 36 (* r00 r00 ?x3263)))))
 (let ((?x47 (* 3 s)))
 (let ((?x3070 (* 6 ?x3067)))
 (let ((?x465 (* (- 3) s00)))
 (let ((?x691 (* (- 4) ?x678)))
 (let ((?x2877 (* 9 ?x2468)))
 (let ((?x623 (* (- 18) ?x609)))
 (let ((?x3614 (+ (* (- 9) (* (+ 1 r) ?x2560)) ?x623 ?x2877 (* 2 ?x3093) (* 18 (* (+ 1 r) ?x3263)) (* 6 (* r00 (+ 1 r) ?x2560)) (* (- 6) ?x1138) ?x691 (* 18 ?x3410) ?x465 ?x3070 (* (- 18) (* x00 (+ 1 r))) ?x47 (* 18 r) (* 9 (* s00 (+ 1 r))) (* 2 ?x3537) (* (- 9) ?x3556) (* (- 6) (* r00 s00 (+ 1 r))))))
 (let ((?x556 (* r00 r00 r00)))
 (let ((?x570 (* (- 12) ?x556)))
 (let ((?x59 (* 6 x00)))
 (let ((?x535 (* (- 6) x)))
 (let ((?x2755 (* 6 ?x2468)))
 (let ((?x48 (* 3 r00)))
 (let ((?x3382 (+ (* (- 2) (* (+ 1 r) ?x2560)) (* 12 (* r00 r00 (+ 1 r))) (* 15 r) ?x465 ?x143 ?x48 (* (- 4) (* s00 (+ 1 r))) ?x2755 ?x535 ?x59 ?x570)))
 (let ((?x386 (* r00 r00)))
 (let ((?x1874 (* (- 3) ?x386)))
 (let ((?x1941 (+ s00 ?x365 (* (- 6) r) (* 3 (* (+ 1 r) (+ 1 r))) ?x1874)))
 (let (($x2596 (not (= ?x1941 3))))
 (let (($x2621 (or $x2596 (not (= ?x3382 (- 6))) (not (= ?x3614 (- 9))) (not (= ?x2802 (- 27))) $x502 $x2764)))
 (let ((?x1848 (* r00 s)))
 (let ((?x3746 (* 54 ?x1848)))
 (let ((?x1875 (* r00 r00 s)))
 (let ((?x2590 (* 36 ?x1875)))
 (let ((?x3510 (* r00 r00 s s)))
 (let ((?x3511 (* 36 ?x3510)))
 (let ((?x3316 (* r00 r00 r00 x)))
 (let ((?x3317 (* 432 ?x3316)))
 (let ((?x2081 (* s00 x)))
 (let ((?x3255 (* 108 ?x2081)))
 (let ((?x979 (* x x)))
 (let ((?x980 (* 108 ?x979)))
 (let ((?x916 (* s s s)))
 (let ((?x934 (* (- 4) ?x916)))
 (let ((?x3355 (+ ?x3127 ?x614 ?x2865 (* 15 (* s s)) (* (- 216) (* r00 r00 r00 s)) ?x3726 ?x934 ?x980 ?x1040 (* (- 12) (* s00 s s)) ?x3255 ?x2658 ?x2709 (* 108 (* x00 s)) ?x3317 (* (- 66) (* s00 s)) (* 108 (* r00 s00 s)) ?x1252 (* (- 216) (* r00 s00 x)) ?x3511 ?x1296 (* (- 108) (* x s)) ?x2590 ?x1332 (* (- 108) (* r00 x)) ?x137 ?x1155 ?x3295 ?x3746 (* (- 216) (* x00 x)) ?x1458)))
 (let (($x3360 (= ?x3355 0)))
 (let ((?x2624 (* (- 36) ?x1875)))
 (let ((?x632 (* s s)))
 (let ((?x664 (* 3 ?x632)))
 (let ((?x3085 (+ (* (- 24) (* s r)) ?x646 (* 36 (* r00 x r)) ?x2867 ?x664 (* 54 (* x r)) (* (- 6) ?x2081) (* 4 (* r00 s s)) ?x2406 (* (- 6) (* x00 s)) (* 12 (* s00 s)) (* (- 2) (* r00 s00 s)) ?x903 (* 2 (* s s r)) (* 6 (* x s)) (* (- 4) (* s00 s00 r)) ?x2624 ?x987 ?x1013 (* 2 (* s00 s r)) (* (- 36) (* r00 x00 r)) (* 54 (* r00 x)) ?x1084 ?x2423 (* (- 54) (* x00 r)) ?x143 (* 24 (* s00 r)) (* (- 24) ?x1848) (* 36 (* r00 r00 x)))))
 (let ((?x633 (* 2 ?x632)))
 (let ((?x3476 (+ (* (- 9) (* s r)) ?x623 ?x2877 ?x633 (* 18 (* x r)) (* 6 (* r00 s r)) (* (- 6) ?x1875) ?x691 (* 18 (* r00 x)) ?x465 ?x3070 (* (- 18) (* x00 r)) ?x47 (* 9 (* s00 r)) (* 2 (* s00 s)) (* (- 9) ?x1848) (* (- 6) (* r00 s00 r)))))
 (let ((?x2950 (+ (* (- 2) (* s r)) (* 12 (* r00 r00 r)) (* (- 3) r) ?x465 ?x47 ?x48 (* (- 4) (* s00 r)) ?x2755 ?x535 ?x59 ?x570)))
 (let (($x1919 (= (+ s00 ?x365 (* 3 (* r r)) ?x1874) 0)))
 (let (($x2678 (and $x1919 (= ?x2950 0) (= ?x3476 0) (= ?x3085 0) $x3360 $x2621)))
 (let ((?x232 (- x s)))
 (let ((?x212 (+ s ?x211 3)))
 (let ((?x215 (+ r 1)))
 (let ((?x356 (- (+ 6 (* 5 ?x212 ?x212) (* 10 ?x215 ?x215 ?x212 ?x232 ?x232)) (* 6 ?x212 ?x232 ?x232))))
 (let ((?x208 (* 108 x00 x00)))
 (let ((?x299 (* 9 ?x212)))
 (let ((?x139 (* 36 r00 r00 s00)))
 (let ((?x197 (* 51 s00 s00)))
 (let ((?x284 (* 36 r00 r00 ?x212)))
 (let ((?x192 (* 16 s00 s00 s00)))
 (let ((?x186 (* 108 s00 x00)))
 (let ((?x177 (* 216 r00 r00 r00 s00)))
 (let ((?x175 (* 108 r00 s00 s00)))
 (let ((?x169 (* 432 r00 r00 r00 x00)))
 (let ((?x161 (* 36 r00 r00 s00 s00)))
 (let ((?x157 (- (+ (* 216 r00 s00 x00) (* 108 r00 x00)) (* 54 r00 s00))))
 (let ((?x313 (- (- (+ ?x157 (* 15 ?x212 ?x212)) (* 216 r00 r00 r00 ?x212)) ?x161)))
 (let ((?x319 (- (- (+ (- ?x313 (* 4 ?x212 ?x212 ?x212)) (* 108 ?x232 ?x232)) ?x169) (* 12 ?x212 ?x212 s00))))
 (let ((?x325 (+ (- (+ ?x319 (* 108 s00 ?x232)) ?x175) ?x177 (* 108 ?x212 x00) (* 432 r00 r00 r00 ?x232))))
 (let ((?x331 (- (+ (- ?x325 (* 66 ?x212 s00)) (* 108 r00 ?x212 s00)) ?x186)))
 (let ((?x334 (+ (- ?x331 (* 216 r00 s00 ?x232)) (* 36 r00 r00 ?x212 ?x212) ?x192)))
 (let ((?x339 (- (+ (- ?x334 (* 108 ?x212 ?x232)) ?x284 ?x197) (* 108 r00 ?x232))))
 (let ((?x346 (- (+ (- (- (+ ?x339 ?x137) ?x139) ?x299) (* 54 r00 ?x212)) (* 216 ?x232 x00))))
 (let ((?x347 (+ ?x346 ?x208)))
 (let ((?x126 (* 15 s00 s00)))
 (let ((?x124 (* 36 r00 r00 x00)))
 (let ((?x118 (* 6 s00 x00)))
 (let ((?x110 (* 2 r00 s00 s00)))
 (let ((?x102 (* 24 r00 s00)))
 (let ((?x268 (+ (- (* (- 24) ?x215 ?x212) (* 54 r00 x00)) (* 36 ?x215 r00 ?x232) ?x102 (* 3 ?x212 ?x212) (* 54 ?x215 ?x232))))
 (let ((?x274 (- (+ (- ?x268 (* 6 s00 ?x232)) (* 4 r00 ?x212 ?x212)) ?x110)))
 (let ((?x279 (- (+ (- ?x274 (* 6 ?x212 x00)) (* 12 ?x212 s00)) (* 2 r00 ?x212 s00))))
 (let ((?x285 (- (+ ?x279 ?x118 (* 2 ?x215 ?x212 ?x212) (* 6 ?x212 ?x232)) (* 4 ?x215 s00 s00))))
 (let ((?x292 (- (+ (- (- (- ?x285 ?x284) ?x124) ?x126) (* 2 ?x215 ?x212 s00)) (* 36 ?x215 r00 x00))))
 (let ((?x298 (- (+ (- (+ ?x292 (* 54 r00 ?x232)) ?x137) ?x139) (* 54 ?x215 x00))))
 (let ((?x305 (+ (- (+ ?x298 ?x299 (* 24 ?x215 s00)) (* 24 r00 ?x212)) (* 36 r00 r00 ?x232))))
 (let ((?x227 (* 3 ?x212)))
 (let ((?x82 (* 6 r00 r00 s00)))
 (let ((?x44 (* 3 s00)))
 (let ((?x76 (* 4 s00 s00)))
 (let ((?x70 (* 9 r00 s00)))
 (let ((?x244 (+ (- (* (- 9) ?x215 ?x212) (* 18 r00 x00)) ?x70 (* 2 ?x212 ?x212) (* 18 ?x215 ?x232) (* 6 ?x215 r00 ?x212))))
 (let ((?x249 (+ (- (- ?x244 (* 6 r00 r00 ?x212)) ?x76) (* 18 r00 ?x232))))
 (let ((?x256 (+ (- (+ (- ?x249 ?x44) ?x82) (* 18 ?x215 x00)) ?x227 (* 9 ?x215 s00) (* 2 ?x212 s00))))
 (let (($x261 (= (- (- ?x256 (* 9 r00 ?x212)) (* 6 ?x215 r00 s00)) 0)))
 (let ((?x61 (* 12 r00 r00 r00)))
 (let ((?x54 (* 6 r00 s00)))
 (let ((?x225 (- (+ (* (- 2) ?x215 ?x212) (* 12 ?x215 r00 r00)) (* 3 ?x215))))
 (let ((?x234 (- (+ (- (+ (- ?x225 ?x44) ?x227 ?x48) (* 4 ?x215 s00)) ?x54) (* 6 ?x232))))
 (let (($x219 (= (- (+ (- s00 ?x212) (* 3 ?x215 ?x215)) (* 3 r00 r00)) 0)))
 (let (($x360 (or (not $x219) (not (= (- (+ ?x234 ?x59) ?x61) 0)) (not $x261) (not (= ?x305 0)) (not (= ?x347 0)) (not (= (* ?x347 ?x356) 0)))))
 (let ((?x123 (* 36 r00 r00 s)))
 (let ((?x164 (- (- (+ ?x157 (* 15 s s)) (* 216 r00 r00 r00 s)) ?x161)))
 (let ((?x172 (- (- (+ (- ?x164 (* 4 s s s)) (* 108 x x)) ?x169) (* 12 s s s00))))
 (let ((?x180 (+ (- (+ ?x172 (* 108 s00 x)) ?x175) ?x177 (* 108 s x00) (* 432 r00 r00 r00 x))))
 (let ((?x188 (- (+ (- ?x180 (* 66 s s00)) (* 108 r00 s s00)) ?x186)))
 (let ((?x193 (+ (- ?x188 (* 216 r00 s00 x)) (* 36 r00 r00 s s) ?x192)))
 (let ((?x200 (- (+ (- ?x193 (* 108 s x)) ?x123 ?x197) (* 108 r00 x))))
 (let ((?x207 (- (+ (- (- (+ ?x200 ?x137) ?x139) ?x143) (* 54 r00 s)) (* 216 x x00))))
 (let ((?x105 (+ (- (* (- 24) r s) (* 54 r00 x00)) (* 36 r r00 x) ?x102 (* 3 s s) (* 54 r x))))
 (let ((?x112 (- (+ (- ?x105 (* 6 s00 x)) (* 4 r00 s s)) ?x110)))
 (let ((?x117 (- (+ (- ?x112 (* 6 s x00)) (* 12 s s00)) (* 2 r00 s s00))))
 (let ((?x127 (- (+ ?x117 ?x118 (* 2 r s s) (* 6 s x)) (* 4 r s00 s00))))
 (let ((?x134 (- (+ (- (- (- ?x127 ?x123) ?x124) ?x126) (* 2 r s s00)) (* 36 r r00 x00))))
 (let ((?x142 (- (+ (- (+ ?x134 (* 54 r00 x)) ?x137) ?x139) (* 54 r x00))))
 (let ((?x149 (+ (- (+ ?x142 ?x143 (* 24 r s00)) (* 24 r00 s)) (* 36 r00 r00 x))))
 (let ((?x74 (+ (- (* (- 9) r s) (* 18 r00 x00)) ?x70 (* 2 s s) (* 18 r x) (* 6 r r00 s))))
 (let ((?x80 (+ (- (- ?x74 (* 6 r00 r00 s)) ?x76) (* 18 r00 x))))
 (let ((?x88 (+ (- (+ (- ?x80 ?x44) ?x82) (* 18 r x00)) ?x47 (* 9 r s00) (* 2 s s00))))
 (let (($x93 (= (- (- ?x88 (* 9 r00 s)) (* 6 r r00 s00)) 0)))
 (let ((?x56 (* 6 x)))
 (let ((?x43 (* 3 r)))
 (let ((?x46 (- (- (+ (* (- 2) r s) (* 12 r r00 r00)) ?x43) ?x44)))
 (let ((?x60 (+ (- (+ (- (+ ?x46 ?x47 ?x48) (* 4 r s00)) ?x54) ?x56) ?x59)))
 (let (($x36 (= (- (+ (- s00 s) (* 3 r r)) (* 3 r00 r00)) 0)))
 (let (($x361 (and $x36 (= (- ?x60 ?x61) 0) $x93 (= ?x149 0) (= (+ ?x207 ?x208) 0) $x360)))
 (rewrite (= $x361 $x2678)))))))))))))))))))))))))))))))))))))))))))))))))))))))))))))))))))))))))))))))))))))))))))))))))))))))))))))))))))))))))))))))))))))))))))))))))))))))))))))))))))))))))))))))))))))))))))))))))
 ))
 (let ((@x363 (asserted $x362)))
 (let ((@x3750 (mp (mp @x363 (quant-intro (proof-bind ?x2699) (= $x362 $x2612)) $x2612) (rewrite (= $x2612 $x2612)) $x2612)))
 (let ((@x1565 (mp (mp @x3750 (quant-intro (proof-bind ?x3531) (= $x2612 $x950)) $x950) (quant-intro (proof-bind ?x786) (= $x950 $x777)) $x777)))
 (let ((@x3905 (mp (mp~ @x1565 (sk (~ $x777 $x2161)) $x2161) (rewrite (= $x2161 $x572)) $x572)))
 (let ((@x859 (and-elim @x3905 $x3341)))
 (let ((@x1821 (unit-resolution ((_ th-lemma arith triangle-eq) (or (not $x3341) $x992)) @x859 $x992)))
 (let (($x2657 (>= ?x2348 0)))
 (let ((@x841 (unit-resolution ((_ th-lemma arith triangle-eq) (or (not $x3341) $x2657)) @x859 $x2657)))
 (let (($x449 (<= ?x1947 0)))
 (let ((@x3323 (and-elim @x3905 $x1982)))
 (let ((@x2008 (unit-resolution ((_ th-lemma arith triangle-eq) (or $x2666 $x449)) @x3323 $x449)))
 (let (($x1015 (>= ?x1947 0)))
 (let ((@x2057 (unit-resolution ((_ th-lemma arith triangle-eq) (or $x2666 $x1015)) @x3323 $x1015)))
 (let (($x871 (<= ?x393 0)))
 (let ((@x862 (and-elim @x3905 $x401)))
 (let ((@x659 (unit-resolution ((_ th-lemma arith triangle-eq) (or (not $x401) $x871)) @x862 $x871)))
 (let (($x2351 (>= ?x393 0)))
 (let ((@x1552 (unit-resolution ((_ th-lemma arith triangle-eq) (or (not $x401) $x2351)) @x862 $x2351)))
 (let (($x2350 (<= ?x1043 0)))
 (let ((@x1534 (and-elim @x3905 $x1972)))
 (let ((@x2711 (unit-resolution ((_ th-lemma arith triangle-eq) (or (not $x1972) $x2350)) @x1534 $x2350)))
 (let (($x2195 (>= ?x1043 0)))
 (let ((@x3419 (unit-resolution ((_ th-lemma arith triangle-eq) (or (not $x1972) $x2195)) @x1534 $x2195)))
 (let ((@x3471 ((_ th-lemma arith) (hypothesis (not $x1769)) @x2057 @x2008 @x3419 @x2711 @x1552 @x659 @x3419 @x2711 @x1552 @x659 @x2057 @x2008 @x841 @x1821 false)))
 (let ((@x3164 (lemma @x3471 $x1769)))
 (let (($x1916 (>= ?x2899 0)))
 (let ((@x1546 ((_ th-lemma arith) (hypothesis (not $x1916)) @x2057 @x2008 @x3419 @x2711 @x1552 @x659 @x3419 @x2711 @x1552 @x659 @x2057 @x2008 @x841 @x1821 false)))
 (let ((@x1676 (lemma @x1546 $x1916)))
 (let (($x857 (<= ?x3896 0)))
 (let (($x2485 (not (<= ?x3238 0))))
 (let (($x1908 (>= ?x3238 0)))
 (let (($x1757 (not $x857)))
 (let ((@x908 (hypothesis $x1757)))
 (let (($x3181 (not $x1908)))
 (let ((@x2339 (hypothesis $x3181)))
 (let (($x2689 (<= ?x3738 0)))
 (let (($x613 (not $x2689)))
 (let ((@x1614 (hypothesis $x613)))
 (let (($x2181 (<= ?x1320 0)))
 (let ((@x2310 (and-elim @x3905 $x1321)))
 (let ((@x3252 (unit-resolution ((_ th-lemma arith triangle-eq) (or (not $x1321) $x2181)) @x2310 $x2181)))
 (let (($x4063 (>= ?x1320 0)))
 (let ((@x1756 (unit-resolution ((_ th-lemma arith triangle-eq) (or (not $x1321) $x4063)) @x2310 $x4063)))
 (let ((@x1790 ((_ th-lemma arith) @x1614 @x908 @x2057 @x2008 @x1756 @x3252 @x2057 @x2008 @x841 @x1821 @x3419 @x2711 @x1552 @x659 @x3419 @x2711 @x1552 @x659 @x841 @x1821 @x2057 @x2008 false)))
 (let (($x1033 (>= ?x3896 0)))
 (let (($x1905 (not $x1033)))
 (let ((@x2811 (hypothesis $x1905)))
 (let ((@x3695 ((_ th-lemma arith) @x1614 @x2811 @x2057 @x2008 @x1756 @x3252 @x2057 @x2008 @x841 @x1821 @x3419 @x2711 @x1552 @x659 @x3419 @x2711 @x1552 @x659 @x841 @x1821 @x2057 @x2008 false)))
 (let ((@x1590 ((_ th-lemma arith farkas 1 1 1) @x1614 (unit-resolution (lemma @x3695 (or $x1033 $x2689)) @x1614 $x1033) (unit-resolution (lemma @x1790 (or $x857 $x2689)) @x1614 $x857) false)))
 (let ((@x1631 (lemma @x1590 $x2689)))
 (let ((@x2693 (unit-resolution (lemma ((_ th-lemma arith farkas 1 1 1) @x1631 @x908 @x2339 false) (or $x1908 $x857)) @x908 $x1908)))
 (let (($x2687 (>= ?x4114 0)))
 (let ((@x1904 ((_ th-lemma arith) (hypothesis (not $x2687)) @x2057 @x2008 @x1676 @x3164 @x3419 @x2711 @x2057 @x2008 @x1552 @x659 false)))
 (let ((@x440 (lemma @x1904 $x2687)))
 (let (($x1914 (<= ?x4114 0)))
 (let ((@x858 ((_ th-lemma arith) (hypothesis (not $x1914)) @x2057 @x2008 @x1676 @x3164 @x3419 @x2711 @x2057 @x2008 @x1552 @x659 false)))
 (let ((@x3713 (lemma @x858 $x1914)))
 (let ((@x713 (unit-resolution ((_ th-lemma arith triangle-eq) (or $x4195 (not $x1914) (not $x2687))) @x3713 @x440 $x4195)))
 (let ((@x3155 (unit-resolution ((_ th-lemma arith triangle-eq) (or $x700 (not $x1769) (not $x1916))) @x3164 @x1676 $x700)))
 (let (($x1048 (>= ?x3738 0)))
 (let (($x1955 (= ?x3896 0)))
 (let (($x2718 (not $x1955)))
 (let (($x2768 (not $x1048)))
 (let ((@x2551 (hypothesis $x2768)))
 (let ((@x1877 ((_ th-lemma arith farkas 1 1 1) @x2551 (unit-resolution ((_ th-lemma arith triangle-eq) (or $x2718 $x1033)) (hypothesis $x1955) $x1033) (unit-resolution ((_ th-lemma arith triangle-eq) (or $x2718 $x857)) (hypothesis $x1955) $x857) false)))
 (let ((@x909 ((_ th-lemma arith) @x2551 @x908 @x2057 @x2008 @x1756 @x3252 @x2057 @x2008 @x841 @x1821 @x3419 @x2711 @x1552 @x659 @x3419 @x2711 @x1552 @x659 @x841 @x1821 @x2057 @x2008 false)))
 (let ((@x2967 (unit-resolution ((_ th-lemma arith triangle-eq) (or $x1955 $x1757 $x1905)) (unit-resolution (lemma @x909 (or $x857 $x1048)) @x2551 $x857) (unit-resolution (lemma @x1877 (or $x2718 $x1048)) @x2551 $x2718) $x1905)))
 (let ((@x3114 ((_ th-lemma arith) @x2551 @x2967 @x2057 @x2008 @x1756 @x3252 @x2057 @x2008 @x841 @x1821 @x3419 @x2711 @x1552 @x659 @x3419 @x2711 @x1552 @x659 @x841 @x1821 @x2057 @x2008 false)))
 (let ((@x1897 (lemma @x3114 $x1048)))
 (let ((@x3294 (unit-resolution (unit-resolution ((_ th-lemma arith triangle-eq) (or $x3900 $x613 $x2768)) @x1897 (or $x3900 $x613)) @x1631 $x3900)))
 (let ((@x4083 (unit-resolution (hypothesis $x1856) ((_ th-lemma arith eq-propagate -4 -4 -1 -1) @x2057 @x2008 @x841 @x1821 $x1867) false)))
 (let ((@x1544 (unit-resolution (and-elim @x3905 $x3902) @x3323 (or $x1856 $x2820 $x1567 $x1938 $x2070))))
 (let ((@x3333 (unit-resolution (unit-resolution @x1544 (lemma @x4083 $x1867) (or $x2820 $x1567 $x1938 $x2070)) @x3294 (or $x2820 $x1567 $x1938))))
 (let ((@x2559 (unit-resolution (unit-resolution @x3333 @x3155 (or $x1567 $x1938)) @x713 $x1938)))
 (let ((@x1890 (unit-resolution ((_ th-lemma arith triangle-eq) (or $x2501 $x2485 $x3181)) @x2559 (or $x2485 $x3181))))
 (let ((@x3077 (lemma ((_ th-lemma arith farkas 1 1 1) @x1897 @x908 (unit-resolution @x1890 @x2693 $x2485) false) $x857)))
 (let ((@x2876 (unit-resolution (hypothesis $x1938) ((_ th-lemma arith eq-propagate 1 1 1 1) @x1631 @x2811 @x1897 @x2811 $x2501) false)))
 (let ((@x2020 (unit-resolution (lemma @x2876 (or $x2501 $x1033)) @x2559 $x1033)))
 (let ((@x1226 ((_ th-lemma arith) @x2339 @x2020 @x3077 @x2057 @x2008 @x2057 @x2008 @x1676 @x3164 @x2057 @x2008 @x1676 @x3164 @x440 @x3713 @x1676 @x3164 @x3419 @x2711 @x1676 @x3164 @x1756 @x3252 @x440 @x3713 @x1552 @x659 @x440 @x3713 @x841 @x1821 @x1756 @x3252 @x440 @x3713 @x1756 @x3252 @x1552 @x659 @x841 @x1821 @x841 @x1821 @x1756 @x3252 @x2020 @x3077 @x3419 @x2711 @x2057 @x2008 @x1552 @x659 @x3419 @x2711 @x3419 @x2711 @x1552 @x659 @x841 @x1821 @x2057 @x2008 false)))
 ((_ th-lemma arith) (unit-resolution @x1890 (lemma @x1226 $x1908) $x2485) @x1676 @x3164 @x2057 @x2008 @x2057 @x2008 @x440 @x3713 @x440 @x3713 @x440 @x3713 @x1676 @x3164 @x1676 @x3164 @x1756 @x3252 @x1756 @x3252 @x1756 @x3252 @x1552 @x659 @x841 @x1821 @x3419 @x2711 @x3419 @x2711 @x3419 @x2711 @x841 @x1821 @x841 @x1821 @x1552 @x659 @x1552 @x659 @x1552 @x659 @x1676 @x3164 @x1552 @x659 @x841 @x1821 @x841 @x1821 @x440 @x3713 @x3419 @x2711 @x2057 @x2008 @x1676 @x3164 @x2057 @x2008 @x2057 @x2008 @x1676 @x3164 @x1756 @x3252 @x440 @x3713 @x2020 @x3077 @x1756 @x3252 @x3419 @x2711 @x3419 @x2711 @x1552 @x659 @x1552 @x659 @x841 @x1821 @x2057 @x2008 @x841 @x1821 @x2057 @x2008 @x2020 @x3077 @x1676 @x3164 false))))))))))))))))))))))))))))))))))))))))))))))))))))))))))))))))))))))))))))))))))))))))))))))))))))))))))))))))))))))))))))))))))))))))))))))))))))))))))))))))))))))))))))))))))))))))))))))))))))))))))))))))))))))))))))))))))))))))))))))))))))))))))))))))))))))))))))))))))))))))))))))))))))))))))))))))))))))))))))))))))))))))))))))))))))))

(:added-eqs                 30
 :arith-assert-diseq        22
 :arith-assert-lower        376
 :arith-assert-upper        516
 :arith-branch-var          14
 :arith-conflicts           28
 :arith-eq-adapter          13
 :arith-fixed-eqs           13
 :arith-gcd-tests           126
 :arith-grobner             11
 :arith-ineq-splits         14
 :arith-max-min             5564
 :arith-nonlinear-bounds    436
 :arith-nonlinear-horner    93
 :arith-num-rows            11
 :arith-patches             28
 :arith-pivots              30
 :arith-pseudo-nonlinear    10
 :arith-row-summations      47
 :arith-tableau-max-columns 179
 :arith-tableau-max-rows    11
 :conflicts                 30
 :decisions                 462
 :del-clause                55
 :final-checks              69
 :max-memory                23.05
 :memory                    3.59
 :mk-bool-var               352
 :mk-clause                 63
 :num-allocs                514293409339.00
 :num-checks                1
 :propagations              142
 :rlimit-count              37819657
 :time                      25.42
 :total-time                25.33)
