unsat
((set-logic NIA)
(declare-fun s!1 () Int)
(declare-fun r!0 () Int)
(declare-fun x!2 () Int)
(proof
(let ((?x3985 (* r!0 s!1)))
 (let ((?x3250 (* (- 2) ?x3985)))
 (let ((?x2259 (* (- 6) x!2)))
 (let ((?x1032 (* 3 s!1)))
 (let ((?x2442 (* (- 3) r!0)))
 (let ((?x2573 (* r00 r00 r!0)))
 (let ((?x2254 (* 12 ?x2573)))
 (let ((?x804 (* s00 r!0)))
 (let ((?x1722 (* (- 4) ?x804)))
 (let ((?x484 (* r00 s00)))
 (let ((?x1793 (* 6 ?x484)))
 (let ((?x410 (* r00 r00 r00)))
 (let ((?x2200 (* (- 12) ?x410)))
 (let ((?x59 (* 6 x00)))
 (let ((?x550 (* (- 3) s00)))
 (let ((?x57 (* 3 r00)))
 (let ((?x3722 (+ ?x57 ?x550 ?x59 ?x2200 ?x1793 ?x1722 ?x2254 ?x2442 ?x1032 ?x2259 ?x3250)))
 (let (($x1885 (<= ?x3722 0)))
 (let (($x417 (= ?x3722 0)))
 (let ((?x3072 (* 36 (* r00 r00 s!1 s!1))))
 (let ((?x2725 (* s!1 s!1 s!1)))
 (let ((?x1291 (* (- 4) ?x2725)))
 (let ((?x2565 (* s00 x!2)))
 (let ((?x3919 (* 108 ?x2565)))
 (let ((?x3916 (* (- 216) (* x00 x!2))))
 (let ((?x3581 (* (- 216) (* r00 s00 x!2))))
 (let ((?x2332 (* r00 x!2)))
 (let ((?x2835 (* (- 108) ?x2332)))
 (let ((?x1920 (* x!2 x!2)))
 (let ((?x1039 (* 108 ?x1920)))
 (let ((?x3497 (* 432 (* r00 r00 r00 x!2))))
 (let ((?x1428 (* x00 x00)))
 (let ((?x2810 (* 108 ?x1428)))
 (let ((?x1218 (* r00 s00 x00)))
 (let ((?x1994 (* 216 ?x1218)))
 (let ((?x1117 (* s00 x00)))
 (let ((?x2787 (* (- 108) ?x1117)))
 (let ((?x1037 (* s00 s00 s00)))
 (let ((?x2225 (* 16 ?x1037)))
 (let ((?x870 (* r00 r00 r00 x00)))
 (let ((?x1333 (* (- 432) ?x870)))
 (let ((?x852 (* r00 r00 r00 s00)))
 (let ((?x1835 (* 216 ?x852)))
 (let ((?x789 (* r00 x00)))
 (let ((?x2812 (* 108 ?x789)))
 (let ((?x865 (* (- 12) (* s00 s!1 s!1))))
 (let ((?x745 (* r00 s00 s00)))
 (let ((?x3683 (* (- 108) ?x745)))
 (let ((?x695 (* s00 s00)))
 (let ((?x3783 (* 51 ?x695)))
 (let ((?x634 (* r00 r00 s00)))
 (let ((?x1869 (* (- 36) ?x634)))
 (let ((?x601 (* r00 r00 s00 s00)))
 (let ((?x3272 (* (- 36) ?x601)))
 (let ((?x2628 (+ (* 162 r00) (* (- 297) s00) (* 324 x00) (* 432 (* r00 r00)) (* (- 648) ?x410) (* 648 (* r00 s00 r!0)) (* 270 ?x484) ?x3272 ?x1869 ?x3783 ?x3683 ?x865 ?x2812 (* (- 828) ?x804) ?x1835 ?x1333 ?x2225 ?x2787 ?x1994 (* 324 (* x00 s!1)) ?x2810 (* (- 432) (* s00 r!0 r!0)) (* 1296 (* r00 r00 r!0 r!0)) (* 324 (* r00 s00 s!1)) (* 324 (* r00 r!0)) ?x3497 (* (- 324) (* s!1 x!2)) (* (- 246) (* s00 s!1)) (* 432 (* r00 r00 r!0 s!1)) ?x1039 (* (- 1296) (* r00 r00 r00 r!0)) (* (- 756) (* r!0 r!0)) (* (- 648) (* r00 r00 r00 s!1)) ?x2835 (* 195 (* s!1 s!1)) ?x3581 ?x3916 ?x3919 (* 1512 ?x2573) (* (- 162) r!0) ?x1291 (* 252 (* r00 r00 s!1)) (* (- 432) (* r!0 r!0 s!1)) (* (- 144) (* s00 r!0 s!1)) (* (- 864) (* r!0 r!0 r!0)) (* 648 (* x00 r!0)) (* (- 72) (* r!0 s!1 s!1)) (* (- 648) (* r!0 x!2)) (* 162 (* r00 s!1)) ?x3072 (* 297 s!1) (* (- 324) x!2) (* 396 ?x3985))))
 (let (($x2617 (= ?x2628 0)))
 (let (($x485 (not $x2617)))
 (let ((?x3428 (* r!0 s!1 s!1)))
 (let ((?x2107 (* (- 2) ?x3428)))
 (let ((?x2069 (* (- 36) (* r00 r00 x!2))))
 (let ((?x3037 (* s00 r!0 s!1)))
 (let ((?x2068 (* (- 2) ?x3037)))
 (let ((?x2101 (* (- 36) (* r00 r!0 x!2))))
 (let ((?x1107 (* (- 4) (* r00 s!1 s!1))))
 (let ((?x608 (* 4 (* s00 s00 r!0))))
 (let ((?x606 (* 6 ?x2565)))
 (let ((?x597 (* 36 (* r00 x00 r!0))))
 (let ((?x2333 (* s!1 s!1)))
 (let ((?x1857 (* s!1 x!2)))
 (let ((?x1084 (* (- 6) ?x1857)))
 (let ((?x1602 (* r00 s00 s!1)))
 (let ((?x2607 (* 2 ?x1602)))
 (let ((?x1390 (* x00 s!1)))
 (let ((?x2605 (* 6 ?x1390)))
 (let ((?x1106 (* (- 6) ?x1117)))
 (let ((?x890 (* r00 r00 x00)))
 (let ((?x2836 (* 36 ?x890)))
 (let ((?x3055 (* 2 ?x745)))
 (let ((?x3560 (+ (* 36 r00) (* (- 57) s00) (* 72 x00) (* 108 (* r00 r00)) (* 12 (* r00 s00 r!0)) (* (- 18) ?x484) (* (- 12) (* r00 r!0 s!1)) ?x1869 (* 19 ?x695) ?x3055 (* 90 ?x789) (* (- 114) ?x804) ?x2836 ?x1106 ?x2605 (* (- 12) (* s00 r!0 r!0)) ?x2607 ?x1084 (* (- 20) (* s00 s!1)) (* (- 108) (* r!0 r!0)) (* (- 90) ?x2332) ?x2333 ?x597 ?x606 (* 216 ?x2573) (* (- 36) r!0) ?x608 ?x1107 (* 72 (* r00 r00 s!1)) ?x2101 (* (- 24) (* r!0 r!0 s!1)) (* (- 144) (* r00 r!0 r!0)) ?x2068 ?x2069 (* (- 72) (* r!0 r!0 r!0)) (* 90 (* x00 r!0)) ?x2107 (* (- 90) (* r!0 x!2)) (* 90 (* r00 s!1)) (* 57 s!1) (* (- 72) x!2) (* 42 ?x3985))))
 (let (($x3576 (= ?x3560 0)))
 (let (($x1629 (not $x3576)))
 (let ((?x3446 (* r!0 x!2)))
 (let ((?x3027 (* (- 18) ?x3446)))
 (let ((?x3418 (* x00 r!0)))
 (let ((?x2157 (* 18 ?x3418)))
 (let ((?x2765 (* r00 r00 s!1)))
 (let ((?x3026 (* 6 ?x2765)))
 (let ((?x2148 (* (- 2) ?x2333)))
 (let ((?x2155 (* (- 18) ?x2332)))
 (let ((?x1892 (* s00 s!1)))
 (let ((?x2850 (* (- 2) ?x1892)))
 (let ((?x2413 (* 18 ?x789)))
 (let ((?x2909 (* 4 ?x695)))
 (let ((?x3392 (* (- 6) ?x634)))
 (let ((?x530 (* r00 r!0 s!1)))
 (let ((?x3482 (* (- 6) ?x530)))
 (let ((?x465 (* r00 s00 r!0)))
 (let ((?x1211 (* 6 ?x465)))
 (let ((?x667 (+ (* 9 r00) (* (- 12) s00) (* 18 x00) (* 18 (* r00 r00)) ?x1211 (* (- 3) ?x484) ?x3482 ?x3392 ?x2909 ?x2413 (* (- 21) ?x804) ?x2850 (* (- 18) (* r!0 r!0)) ?x2155 ?x2148 (* 36 ?x2573) (* (- 9) r!0) ?x3026 (* (- 36) (* r00 r!0 r!0)) ?x2157 ?x3027 (* 21 (* r00 s!1)) (* 12 s!1) (* (- 18) x!2) (* 3 ?x3985))))
 (let (($x668 (= ?x667 0)))
 (let ((?x2973 (+ ?x57 (* (- 7) s00) ?x59 (* 12 (* r00 r00)) ?x2200 ?x1793 ?x1722 (* (- 12) (* r!0 r!0)) ?x2254 ?x2442 (* 7 s!1) ?x2259 ?x3250)))
 (let (($x3112 (= ?x2973 0)))
 (let (($x529 (not $x3112)))
 (let (($x2495 (or $x529 (not $x668) $x1629 $x485)))
 (let ((?x2109 (* (- 9) s!1)))
 (let ((?x818 (* 36 ?x2765)))
 (let ((?x1456 (* (- 54) ?x484)))
 (let ((?x145 (* 9 s00)))
 (let ((?x3104 (+ ?x145 ?x1456 ?x3272 ?x1869 ?x3783 ?x3683 ?x865 ?x2812 ?x1835 ?x1333 ?x2225 ?x2787 ?x1994 (* 108 ?x1390) ?x2810 (* 108 ?x1602) ?x3497 (* (- 108) ?x1857) (* (- 66) ?x1892) ?x1039 (* (- 216) (* r00 r00 r00 s!1)) ?x2835 (* 15 ?x2333) ?x3581 ?x3916 ?x3919 ?x1291 ?x818 (* 54 (* r00 s!1)) ?x3072 ?x2109)))
 (let (($x1955 (= ?x3104 0)))
 (let ((?x2118 (+ ?x145 (* (- 24) ?x484) ?x1869 (* 15 ?x695) ?x3055 (* 54 ?x789) (* (- 24) ?x804) ?x2836 ?x1106 ?x2605 ?x2607 ?x1084 (* (- 12) ?x1892) (* (- 54) ?x2332) (* (- 3) ?x2333) ?x597 ?x606 ?x608 ?x1107 ?x818 ?x2101 ?x2068 ?x2069 (* 54 ?x3418) ?x2107 (* (- 54) ?x3446) (* 24 (* r00 s!1)) ?x2109 (* 24 ?x3985))))
 (let (($x2119 (= ?x2118 0)))
 (let ((?x2032 (* (- 3) s!1)))
 (let ((?x53 (* 3 s00)))
 (let ((?x2759 (+ ?x53 ?x1211 (* (- 9) ?x484) ?x3482 ?x3392 ?x2909 ?x2413 (* (- 9) ?x804) ?x2850 ?x2155 ?x2148 ?x3026 ?x2157 ?x3027 (* 9 (* r00 s!1)) ?x2032 (* 9 ?x3985))))
 (let (($x2762 (= ?x2759 0)))
 (let ((?x352 (* r00 r00)))
 (let ((?x2171 (* (- 3) ?x352)))
 (let ((?x3922 (+ s00 ?x2171 (* 3 (* r!0 r!0)) (* (- 1) s!1))))
 (let (($x3923 (= ?x3922 0)))
 (let (($x1053 (and $x3923 $x417 $x2762 $x2119 $x1955 $x2495)))
 (let ((?x1488 (* (- 108) ?x1428)))
 (let ((?x1431 (* 216 (* x!2 x00))))
 (let ((?x1406 (* (- 108) ?x1920)))
 (let ((?x1486 (* (- 216) ?x1218)))
 (let ((?x1400 (* 108 ?x1117)))
 (let ((?x3793 (* 216 (* x!2 r00 s00))))
 (let ((?x1484 (* (- 16) ?x1037)))
 (let ((?x1643 (* 12 (* s!1 s!1 s00))))
 (let ((?x2342 (* x!2 s00)))
 (let ((?x544 (* (- 108) ?x2342)))
 (let ((?x1993 (* 4 ?x2725)))
 (let ((?x873 (* 432 ?x870)))
 (let ((?x1481 (* (- 216) ?x852)))
 (let ((?x2724 (* (- 432) (* x!2 r00 r00 r00))))
 (let ((?x1479 (* (- 108) ?x789)))
 (let ((?x2827 (* x!2 r00)))
 (let ((?x2721 (* 108 ?x2827)))
 (let ((?x1132 (* 108 ?x745)))
 (let ((?x1477 (* (- 51) ?x695)))
 (let ((?x853 (* 36 ?x634)))
 (let ((?x604 (* 36 ?x601)))
 (let ((?x1814 (* (- 36) (* s!1 s!1 r00 r00))))
 (let ((?x4025 (* (- 270) ?x484)))
 (let ((?x2366 (* 648 ?x410)))
 (let ((?x4019 (* (- 432) ?x352)))
 (let ((?x4016 (* (- 324) x00)))
 (let ((?x4015 (* 297 s00)))
 (let ((?x4013 (* (- 162) r00)))
 (let ((?x511 (+ (* 324 x!2) (* (- 297) s!1) (* 162 r!0) ?x4013 ?x4015 ?x4016 (* 756 (* r!0 r!0)) ?x4019 (* (- 1512) (* r!0 r00 r00)) ?x2366 (* (- 396) (* s!1 r!0)) (* 828 (* r!0 s00)) ?x4025 (* 72 (* s!1 s!1 r!0)) (* (- 648) (* r!0 r00 s00)) (* 144 (* s!1 r!0 s00)) ?x1814 ?x604 (* (- 252) (* s!1 r00 r00)) ?x853 (* (- 195) ?x2333) (* 648 (* x!2 r!0)) (* 246 (* s!1 s00)) (* 648 (* s!1 r00 r00 r00)) (* (- 324) (* s!1 r00 s00)) ?x1477 (* (- 162) (* s!1 r00)) ?x1132 ?x2721 (* (- 648) (* r!0 x00)) ?x1479 (* (- 1296) (* r!0 r!0 r00 r00)) ?x2724 ?x1481 ?x873 ?x1993 (* 324 (* x!2 s!1)) ?x544 ?x1643 ?x1484 (* (- 324) (* s!1 x00)) ?x3793 ?x1400 ?x1486 ?x1406 ?x1431 ?x1488 (* (- 324) (* r!0 r00)) (* (- 432) (* s!1 r!0 r00 r00)) (* 1296 (* r!0 r00 r00 r00)) (* 432 (* s!1 r!0 r!0)) (* 864 (* r!0 r!0 r!0)) (* 432 (* r!0 r!0 s00)))))
 (let ((?x1118 (* 6 ?x1117)))
 (let ((?x1936 (* s!1 x00)))
 (let ((?x2014 (* (- 6) ?x1936)))
 (let ((?x1897 (* (- 6) ?x2342)))
 (let ((?x3495 (* x!2 s!1)))
 (let ((?x2281 (* 6 ?x3495)))
 (let ((?x903 (* (- 36) ?x890)))
 (let ((?x1144 (* (- 36) (* r!0 r00 x00))))
 (let ((?x2802 (* 36 (* x!2 r00 r00))))
 (let ((?x3063 (* (- 90) ?x789)))
 (let ((?x766 (* (- 2) ?x745)))
 (let ((?x2863 (* (- 19) ?x695)))
 (let ((?x2990 (* s!1 r00 s00)))
 (let ((?x3432 (* (- 2) ?x2990)))
 (let ((?x1657 (* 36 (* x!2 r!0 r00))))
 (let ((?x3123 (* 4 (* s!1 s!1 r00))))
 (let ((?x697 (* (- 4) (* r!0 s00 s00))))
 (let ((?x1302 (* s!1 r!0 s00)))
 (let ((?x2598 (* 2 ?x1302)))
 (let ((?x1222 (* s!1 s!1 r!0)))
 (let ((?x1282 (* 2 ?x1222)))
 (let ((?x2933 (* 18 ?x484)))
 (let ((?x2470 (* (- 108) ?x352)))
 (let ((?x3034 (* (- 72) x00)))
 (let ((?x3107 (* 57 s00)))
 (let ((?x2911 (* (- 36) r00)))
 (let ((?x3921 (+ (* 72 x!2) (* (- 57) s!1) (* 36 r!0) ?x2911 ?x3107 ?x3034 (* 108 (* r!0 r!0)) ?x2470 (* (- 216) (* r!0 r00 r00)) (* (- 42) (* s!1 r!0)) (* 114 (* r!0 s00)) ?x2933 (* 12 (* s!1 r!0 r00)) ?x1282 (* (- 12) (* r!0 r00 s00)) ?x2598 ?x697 (* (- 72) (* s!1 r00 r00)) ?x853 (* (- 1) ?x2333) ?x3123 ?x1657 (* 90 (* x!2 r!0)) (* 20 (* s!1 s00)) ?x3432 ?x2863 (* (- 90) (* s!1 r00)) ?x766 (* 90 ?x2827) (* (- 90) (* r!0 x00)) ?x3063 ?x2802 ?x1144 ?x903 ?x2281 ?x1897 ?x2014 ?x1118 (* 144 (* r!0 r!0 r00)) (* 24 (* s!1 r!0 r!0)) (* 72 (* r!0 r!0 r!0)) (* 12 (* r!0 r!0 s00)))))
 (let ((?x802 (* (- 18) ?x789)))
 (let ((?x445 (* r!0 x00)))
 (let ((?x1200 (* (- 18) ?x445)))
 (let ((?x2060 (* 18 ?x2827)))
 (let ((?x708 (* (- 4) ?x695)))
 (let ((?x3691 (* s!1 s00)))
 (let ((?x3693 (* 2 ?x3691)))
 (let ((?x2989 (* x!2 r!0)))
 (let ((?x2034 (* 18 ?x2989)))
 (let ((?x1344 (* 2 ?x2333)))
 (let ((?x635 (* 6 ?x634)))
 (let ((?x3620 (* s!1 r00 r00)))
 (let ((?x2331 (* (- 6) ?x3620)))
 (let ((?x3453 (* r!0 r00 s00)))
 (let ((?x3609 (* (- 6) ?x3453)))
 (let ((?x3436 (* s!1 r!0 r00)))
 (let ((?x3451 (* 6 ?x3436)))
 (let ((?x2223 (* 3 ?x484)))
 (let ((?x1909 (* (- 18) ?x352)))
 (let ((?x2258 (* (- 18) x00)))
 (let ((?x2311 (* 12 s00)))
 (let ((?x2201 (* (- 9) r00)))
 (let ((?x1631 (+ (* 18 x!2) (* (- 12) s!1) (* 9 r!0) ?x2201 ?x2311 ?x2258 (* 18 (* r!0 r!0)) ?x1909 (* (- 36) (* r!0 r00 r00)) (* (- 3) (* s!1 r!0)) (* 21 (* r!0 s00)) ?x2223 ?x3451 ?x3609 ?x2331 ?x635 ?x1344 ?x2034 ?x3693 ?x708 (* (- 21) (* s!1 r00)) ?x2060 ?x1200 ?x802 (* 36 (* r!0 r!0 r00)))))
 (let ((?x578 (* (- 6) ?x484)))
 (let ((?x934 (* r!0 s00)))
 (let ((?x2824 (* 4 ?x934)))
 (let ((?x3874 (* s!1 r!0)))
 (let ((?x941 (* 2 ?x3874)))
 (let ((?x411 (* 12 ?x410)))
 (let ((?x1129 (* r!0 r00 r00)))
 (let ((?x1637 (* (- 12) ?x1129)))
 (let ((?x1903 (* (- 12) ?x352)))
 (let ((?x576 (* (- 6) x00)))
 (let ((?x1901 (* 7 s00)))
 (let ((?x575 (* (- 3) r00)))
 (let ((?x2984 (* 3 r!0)))
 (let ((?x964 (* 6 x!2)))
 (let ((?x2840 (+ ?x964 (* (- 7) s!1) ?x2984 ?x575 ?x1901 ?x576 (* 12 (* r!0 r!0)) ?x1903 ?x1637 ?x411 ?x941 ?x2824 ?x578)))
 (let (($x712 (or (not (= ?x2840 0)) (not (= ?x1631 0)) (not (= ?x3921 0)) (not (= ?x511 0)))))
 (let ((?x1220 (* (- 36) ?x3620)))
 (let ((?x1338 (* 54 ?x484)))
 (let ((?x1171 (* (- 9) s00)))
 (let ((?x2451 (* 9 s!1)))
 (let ((?x3990 (+ ?x2451 ?x1171 ?x1338 ?x1814 ?x604 ?x1220 ?x853 (* (- 15) ?x2333) (* 66 ?x3691) (* 216 (* s!1 r00 r00 r00)) (* (- 108) ?x2990) ?x1477 (* (- 54) (* s!1 r00)) ?x1132 ?x2721 ?x1479 ?x2724 ?x1481 ?x873 ?x1993 (* 108 ?x3495) ?x544 ?x1643 ?x1484 (* (- 108) ?x1936) ?x3793 ?x1400 ?x1486 ?x1406 ?x1431 ?x1488)))
 (let ((?x1141 (* (- 54) ?x789)))
 (let ((?x1013 (* (- 15) ?x695)))
 (let ((?x1054 (* 24 ?x484)))
 (let ((?x2015 (+ ?x2451 ?x1171 (* (- 24) ?x3874) (* 24 ?x934) ?x1054 ?x1282 ?x2598 ?x697 ?x1220 ?x853 (* 3 ?x2333) ?x3123 ?x1657 (* 54 ?x2989) (* 12 ?x3691) ?x3432 ?x1013 (* (- 24) (* s!1 r00)) ?x766 (* 54 ?x2827) (* (- 54) ?x445) ?x1141 ?x2802 ?x1144 ?x903 ?x2281 ?x1897 ?x2014 ?x1118)))
 (let ((?x751 (* 9 ?x484)))
 (let ((?x3815 (+ ?x1032 ?x550 (* (- 9) ?x3874) (* 9 ?x934) ?x751 ?x3451 ?x3609 ?x2331 ?x635 ?x1344 ?x2034 ?x3693 ?x708 (* (- 9) (* s!1 r00)) ?x2060 ?x1200 ?x802)))
 (let (($x2884 (= (+ ?x964 ?x2032 ?x2984 ?x575 ?x53 ?x576 ?x1637 ?x411 ?x941 ?x2824 ?x578) 0)))
 (let (($x449 (= (+ s!1 (* (- 1) s00) (* (- 3) (* r!0 r!0)) (* 3 ?x352)) 0)))
 (let (($x713 (and $x449 $x2884 (= ?x3815 0) (= ?x2015 0) (= ?x3990 0) $x712)))
 (let (($x1926 (exists ((x Int) (s Int) (r Int) )(! (let ((?x3261 (* r r s00)))
 (let ((?x4058 (* 432 ?x3261)))
 (let ((?x3142 (* r r r)))
 (let ((?x4057 (* 864 ?x3142)))
 (let ((?x3120 (* s r r)))
 (let ((?x4055 (* 432 ?x3120)))
 (let ((?x4052 (* 1296 (* r r00 r00 r00))))
 (let ((?x1428 (* x00 x00)))
 (let ((?x1488 (* (- 108) ?x1428)))
 (let ((?x1374 (* x x00)))
 (let ((?x1375 (* 216 ?x1374)))
 (let ((?x1258 (* x x)))
 (let ((?x1487 (* (- 108) ?x1258)))
 (let ((?x1218 (* r00 s00 x00)))
 (let ((?x1486 (* (- 216) ?x1218)))
 (let ((?x1117 (* s00 x00)))
 (let ((?x1400 (* 108 ?x1117)))
 (let ((?x1070 (* x r00 s00)))
 (let ((?x1071 (* 216 ?x1070)))
 (let ((?x1065 (* s x00)))
 (let ((?x4037 (* (- 324) ?x1065)))
 (let ((?x1037 (* s00 s00 s00)))
 (let ((?x1484 (* (- 16) ?x1037)))
 (let ((?x978 (* s s s00)))
 (let ((?x979 (* 12 ?x978)))
 (let ((?x974 (* x s00)))
 (let ((?x1482 (* (- 108) ?x974)))
 (let ((?x953 (* x s)))
 (let ((?x4036 (* 324 ?x953)))
 (let ((?x930 (* s s s)))
 (let ((?x931 (* 4 ?x930)))
 (let ((?x870 (* r00 r00 r00 x00)))
 (let ((?x873 (* 432 ?x870)))
 (let ((?x852 (* r00 r00 r00 s00)))
 (let ((?x1481 (* (- 216) ?x852)))
 (let ((?x822 (* x r00 r00 r00)))
 (let ((?x1480 (* (- 432) ?x822)))
 (let ((?x789 (* r00 x00)))
 (let ((?x1479 (* (- 108) ?x789)))
 (let ((?x747 (* x r00)))
 (let ((?x1313 (* 108 ?x747)))
 (let ((?x745 (* r00 s00 s00)))
 (let ((?x1132 (* 108 ?x745)))
 (let ((?x721 (* s r00)))
 (let ((?x4035 (* (- 162) ?x721)))
 (let ((?x695 (* s00 s00)))
 (let ((?x1477 (* (- 51) ?x695)))
 (let ((?x680 (* s s00)))
 (let ((?x4033 (* 246 ?x680)))
 (let ((?x676 (* x r)))
 (let ((?x4031 (* 648 ?x676)))
 (let ((?x638 (* s s)))
 (let ((?x4030 (* (- 195) ?x638)))
 (let ((?x634 (* r00 r00 s00)))
 (let ((?x853 (* 36 ?x634)))
 (let ((?x601 (* r00 r00 s00 s00)))
 (let ((?x604 (* 36 ?x601)))
 (let ((?x600 (* s s r00 r00)))
 (let ((?x1473 (* (- 36) ?x600)))
 (let ((?x593 (* s r s00)))
 (let ((?x4027 (* 144 ?x593)))
 (let ((?x587 (* s s r)))
 (let ((?x4026 (* 72 ?x587)))
 (let ((?x484 (* r00 s00)))
 (let ((?x4025 (* (- 270) ?x484)))
 (let ((?x457 (* r s00)))
 (let ((?x4023 (* 828 ?x457)))
 (let ((?x410 (* r00 r00 r00)))
 (let ((?x2366 (* 648 ?x410)))
 (let ((?x352 (* r00 r00)))
 (let ((?x4019 (* (- 432) ?x352)))
 (let ((?x4016 (* (- 324) x00)))
 (let ((?x4015 (* 297 s00)))
 (let ((?x4013 (* (- 162) r00)))
 (let ((?x3488 (* 324 x)))
 (let ((?x1520 (+ ?x3488 (* (- 297) s) (* 162 r) ?x4013 ?x4015 ?x4016 (* 756 (* r r)) ?x4019 (* (- 1512) (* r r00 r00)) ?x2366 (* (- 396) (* s r)) ?x4023 ?x4025 ?x4026 (* (- 648) (* r r00 s00)) ?x4027 ?x1473 ?x604 (* (- 252) (* s r00 r00)) ?x853 ?x4030 ?x4031 ?x4033 (* 648 (* s r00 r00 r00)) (* (- 324) (* s r00 s00)) ?x1477 ?x4035 ?x1132 ?x1313 (* (- 648) (* r x00)) ?x1479 (* (- 1296) (* r r r00 r00)) ?x1480 ?x1481 ?x873 ?x931 ?x4036 ?x1482 ?x979 ?x1484 ?x4037 ?x1071 ?x1400 ?x1486 ?x1487 ?x1375 ?x1488 (* (- 324) (* r r00)) (* (- 432) (* s r r00 r00)) ?x4052 ?x4055 ?x4057 ?x4058)))
 (let ((?x1118 (* 6 ?x1117)))
 (let ((?x1078 (* (- 6) ?x1065)))
 (let ((?x987 (* (- 6) ?x974)))
 (let ((?x954 (* 6 ?x953)))
 (let ((?x890 (* r00 r00 x00)))
 (let ((?x903 (* (- 36) ?x890)))
 (let ((?x877 (* (- 36) (* r r00 x00))))
 (let ((?x850 (* 36 (* x r00 r00))))
 (let ((?x3063 (* (- 90) ?x789)))
 (let ((?x762 (* r x00)))
 (let ((?x3036 (* (- 90) ?x762)))
 (let ((?x2935 (* 90 ?x747)))
 (let ((?x766 (* (- 2) ?x745)))
 (let ((?x2863 (* (- 19) ?x695)))
 (let ((?x686 (* s r00 s00)))
 (let ((?x706 (* (- 2) ?x686)))
 (let ((?x658 (* 36 (* x r r00))))
 (let ((?x652 (* 4 (* s s r00))))
 (let ((?x619 (* (- 4) (* r s00 s00))))
 (let ((?x594 (* 2 ?x593)))
 (let ((?x589 (* r r00 s00)))
 (let ((?x2397 (* (- 12) ?x589)))
 (let ((?x588 (* 2 ?x587)))
 (let ((?x2933 (* 18 ?x484)))
 (let ((?x406 (* r r00 r00)))
 (let ((?x2473 (* (- 216) ?x406)))
 (let ((?x2470 (* (- 108) ?x352)))
 (let ((?x3034 (* (- 72) x00)))
 (let ((?x3107 (* 57 s00)))
 (let ((?x2911 (* (- 36) r00)))
 (let ((?x2798 (* 72 x)))
 (let ((?x1841 (+ ?x2798 (* (- 57) s) (* 36 r) ?x2911 ?x3107 ?x3034 (* 108 (* r r)) ?x2470 ?x2473 (* (- 42) (* s r)) (* 114 ?x457) ?x2933 (* 12 (* s r r00)) ?x588 ?x2397 ?x594 ?x619 (* (- 72) (* s r00 r00)) ?x853 (* (- 1) ?x638) ?x652 ?x658 (* 90 ?x676) (* 20 ?x680) ?x706 ?x2863 (* (- 90) ?x721) ?x766 ?x2935 ?x3036 ?x3063 ?x850 ?x877 ?x903 ?x954 ?x987 ?x1078 ?x1118 (* 144 (* r r r00)) (* 24 ?x3120) (* 72 ?x3142) (* 12 ?x3261))))
 (let ((?x802 (* (- 18) ?x789)))
 (let ((?x776 (* (- 18) ?x762)))
 (let ((?x748 (* 18 ?x747)))
 (let ((?x708 (* (- 4) ?x695)))
 (let ((?x681 (* 2 ?x680)))
 (let ((?x677 (* 18 ?x676)))
 (let ((?x639 (* 2 ?x638)))
 (let ((?x635 (* 6 ?x634)))
 (let ((?x607 (* s r00 r00)))
 (let ((?x621 (* (- 6) ?x607)))
 (let ((?x602 (* (- 6) ?x589)))
 (let ((?x585 (* s r r00)))
 (let ((?x586 (* 6 ?x585)))
 (let ((?x2223 (* 3 ?x484)))
 (let ((?x1915 (* (- 36) ?x406)))
 (let ((?x1909 (* (- 18) ?x352)))
 (let ((?x2258 (* (- 18) x00)))
 (let ((?x2311 (* 12 s00)))
 (let ((?x2201 (* (- 9) r00)))
 (let ((?x2084 (* 18 x)))
 (let ((?x1744 (+ ?x2084 (* (- 12) s) (* 9 r) ?x2201 ?x2311 ?x2258 (* 18 (* r r)) ?x1909 ?x1915 (* (- 3) (* s r)) (* 21 ?x457) ?x2223 ?x586 ?x602 ?x621 ?x635 ?x639 ?x677 ?x681 ?x708 (* (- 21) ?x721) ?x748 ?x776 ?x802 (* 36 (* r r r00)))))
 (let ((?x578 (* (- 6) ?x484)))
 (let ((?x458 (* 4 ?x457)))
 (let ((?x429 (* s r)))
 (let ((?x431 (* 2 ?x429)))
 (let ((?x411 (* 12 ?x410)))
 (let ((?x577 (* (- 12) ?x406)))
 (let ((?x1903 (* (- 12) ?x352)))
 (let ((?x576 (* (- 6) x00)))
 (let ((?x1901 (* 7 s00)))
 (let ((?x575 (* (- 3) r00)))
 (let ((?x51 (* 3 r)))
 (let ((?x52 (* 6 x)))
 (let ((?x1904 (+ ?x52 (* (- 7) s) ?x51 ?x575 ?x1901 ?x576 (* 12 (* r r)) ?x1903 ?x577 ?x411 ?x431 ?x458 ?x578)))
 (let (($x1910 (not (= ?x1904 0))))
 (let (($x3994 (or $x1910 (not (= ?x1744 0)) (not (= ?x1841 0)) (not (= ?x1520 0)))))
 (let ((?x683 (* s r00 r00 r00)))
 (let ((?x688 (* 216 ?x683)))
 (let ((?x824 (* (- 36) ?x607)))
 (let ((?x1338 (* 54 ?x484)))
 (let ((?x1171 (* (- 9) s00)))
 (let ((?x143 (* 9 s)))
 (let ((?x1489 (+ ?x143 ?x1171 ?x1338 ?x1473 ?x604 ?x824 ?x853 (* (- 15) ?x638) (* 66 ?x680) ?x688 (* (- 108) ?x686) ?x1477 (* (- 54) ?x721) ?x1132 ?x1313 ?x1479 ?x1480 ?x1481 ?x873 ?x931 (* 108 ?x953) ?x1482 ?x979 ?x1484 (* (- 108) ?x1065) ?x1071 ?x1400 ?x1486 ?x1487 ?x1375 ?x1488)))
 (let (($x1490 (= ?x1489 0)))
 (let ((?x1141 (* (- 54) ?x789)))
 (let ((?x1013 (* (- 15) ?x695)))
 (let ((?x916 (* 3 ?x638)))
 (let ((?x1054 (* 24 ?x484)))
 (let ((?x1177 (+ ?x143 ?x1171 (* (- 24) ?x429) (* 24 ?x457) ?x1054 ?x588 ?x594 ?x619 ?x824 ?x853 ?x916 ?x652 ?x658 (* 54 ?x676) (* 12 ?x680) ?x706 ?x1013 (* (- 24) ?x721) ?x766 (* 54 ?x747) (* (- 54) ?x762) ?x1141 ?x850 ?x877 ?x903 ?x954 ?x987 ?x1078 ?x1118)))
 (let (($x1184 (= ?x1177 0)))
 (let ((?x734 (* (- 9) ?x721)))
 (let ((?x751 (* 9 ?x484)))
 (let ((?x684 (* 9 ?x457)))
 (let ((?x663 (* (- 9) ?x429)))
 (let ((?x550 (* (- 3) s00)))
 (let ((?x49 (* 3 s)))
 (let ((?x834 (+ ?x49 ?x550 ?x663 ?x684 ?x751 ?x586 ?x602 ?x621 ?x635 ?x639 ?x677 ?x681 ?x708 ?x734 ?x748 ?x776 ?x802)))
 (let (($x841 (= ?x834 0)))
 (let ((?x53 (* 3 s00)))
 (let ((?x579 (+ ?x52 (* (- 3) s) ?x51 ?x575 ?x53 ?x576 ?x577 ?x411 ?x431 ?x458 ?x578)))
 (let (($x580 (= ?x579 0)))
 (let (($x401 (= (+ s (* (- 1) s00) (* (- 3) (* r r)) (* 3 ?x352)) 0)))
 (and $x401 $x580 $x841 $x1184 $x1490 $x3994))))))))))))))))))))))))))))))))))))))))))))))))))))))))))))))))))))))))))))))))))))))))))))))))))))))))))))))))))))))))))))))))))))))))))))))))))))))))))))))))))))))))))) :qid k!39))
 ))
 (let (($x2626 (exists ((x Int) (s Int) (r Int) )(! (let ((?x145 (* 9 s00)))
 (let ((?x2038 (* (- 54) r)))
 (let ((?x2639 (* (- 9) s)))
 (let ((?x1428 (* x00 x00)))
 (let ((?x2810 (* 108 ?x1428)))
 (let ((?x789 (* r00 x00)))
 (let ((?x2812 (* 108 ?x789)))
 (let ((?x1117 (* s00 x00)))
 (let ((?x2787 (* (- 108) ?x1117)))
 (let ((?x484 (* r00 s00)))
 (let ((?x1456 (* (- 54) ?x484)))
 (let ((?x695 (* s00 s00)))
 (let ((?x3783 (* 51 ?x695)))
 (let ((?x209 (* 6 r)))
 (let ((?x505 (+ 3 s ?x209)))
 (let ((?x376 (* (- 1) s)))
 (let ((?x2740 (+ x ?x376)))
 (let ((?x1024 (* ?x2740 ?x505)))
 (let ((?x1218 (* r00 s00 x00)))
 (let ((?x1994 (* 216 ?x1218)))
 (let ((?x634 (* r00 r00 s00)))
 (let ((?x1869 (* (- 36) ?x634)))
 (let ((?x745 (* r00 s00 s00)))
 (let ((?x3683 (* (- 108) ?x745)))
 (let ((?x1037 (* s00 s00 s00)))
 (let ((?x2225 (* 16 ?x1037)))
 (let ((?x870 (* r00 r00 r00 x00)))
 (let ((?x1333 (* (- 432) ?x870)))
 (let ((?x852 (* r00 r00 r00 s00)))
 (let ((?x1835 (* 216 ?x852)))
 (let ((?x601 (* r00 r00 s00 s00)))
 (let ((?x3272 (* (- 36) ?x601)))
 (let ((?x1622 (+ (* 36 (* r00 r00 ?x505 ?x505)) ?x3272 (* (- 216) (* r00 r00 r00 ?x505)) (* 432 (* r00 r00 r00 ?x2740)) ?x1835 ?x1333 (* (- 4) (* ?x505 ?x505 ?x505)) (* (- 12) (* s00 ?x505 ?x505)) ?x2225 (* 108 (* r00 s00 ?x505)) (* (- 216) (* r00 s00 ?x2740)) ?x3683 (* 36 (* r00 r00 ?x505)) ?x1869 ?x1994 (* 15 (* ?x505 ?x505)) (* (- 108) ?x1024) (* 108 (* ?x2740 ?x2740)) (* (- 66) (* s00 ?x505)) (* 108 (* s00 ?x2740)) ?x3783 (* 54 (* r00 ?x505)) (* (- 108) (* r00 ?x2740)) ?x1456 (* 108 (* x00 ?x505)) (* (- 216) (* x00 ?x2740)) ?x2787 ?x2812 ?x2810 ?x2639 ?x2038 ?x145)))
 (let ((?x1171 (* (- 9) s00)))
 (let ((?x143 (* 9 s)))
 (let ((?x1141 (* (- 54) ?x789)))
 (let ((?x1118 (* 6 ?x1117)))
 (let ((?x1054 (* 24 ?x484)))
 (let ((?x1013 (* (- 15) ?x695)))
 (let ((?x890 (* r00 r00 x00)))
 (let ((?x903 (* (- 36) ?x890)))
 (let ((?x853 (* 36 ?x634)))
 (let ((?x766 (* (- 2) ?x745)))
 (let ((?x475 (+ (* 2 (* (+ 1 r) ?x505 ?x505)) (* 2 (* s00 (+ 1 r) ?x505)) (* (- 4) (* s00 s00 (+ 1 r))) (* 4 (* r00 ?x505 ?x505)) (* 36 (* r00 (+ 1 r) ?x2740)) (* (- 2) (* r00 s00 ?x505)) ?x766 (* (- 36) (* r00 r00 ?x505)) (* 36 (* r00 r00 ?x2740)) ?x853 (* (- 36) (* r00 x00 (+ 1 r))) ?x903 (* 3 (* ?x505 ?x505)) (* (- 24) (* (+ 1 r) ?x505)) (* 6 ?x1024) (* 54 (* (+ 1 r) ?x2740)) (* 12 (* s00 ?x505)) (* 24 (* s00 (+ 1 r))) (* (- 6) (* s00 ?x2740)) ?x1013 (* (- 24) (* r00 ?x505)) (* 54 (* r00 ?x2740)) ?x1054 (* (- 6) (* x00 ?x505)) (* (- 54) (* x00 (+ 1 r))) ?x1118 ?x1141 ?x143 (* 54 r) ?x1171)))
 (let ((?x550 (* (- 3) s00)))
 (let ((?x49 (* 3 s)))
 (let ((?x802 (* (- 18) ?x789)))
 (let ((?x751 (* 9 ?x484)))
 (let ((?x708 (* (- 4) ?x695)))
 (let ((?x635 (* 6 ?x634)))
 (let ((?x1738 (+ (* 6 (* r00 (+ 1 r) ?x505)) (* (- 6) (* r00 s00 (+ 1 r))) (* (- 6) (* r00 r00 ?x505)) ?x635 (* 2 (* ?x505 ?x505)) (* (- 9) (* (+ 1 r) ?x505)) (* 18 (* (+ 1 r) ?x2740)) (* 2 (* s00 ?x505)) (* 9 (* s00 (+ 1 r))) ?x708 (* (- 9) (* r00 ?x505)) (* 18 (* r00 ?x2740)) ?x751 (* (- 18) (* x00 (+ 1 r))) ?x802 ?x49 (* 18 r) ?x550)))
 (let ((?x59 (* 6 x00)))
 (let ((?x57 (* 3 r00)))
 (let ((?x3236 (* (- 6) x)))
 (let ((?x1793 (* 6 ?x484)))
 (let ((?x410 (* r00 r00 r00)))
 (let ((?x2200 (* (- 12) ?x410)))
 (let ((?x3085 (+ (* 12 (* r00 r00 (+ 1 r))) ?x2200 (* (- 2) (* (+ 1 r) ?x505)) (* (- 4) (* s00 (+ 1 r))) ?x1793 ?x143 (* 15 r) ?x3236 ?x550 ?x57 ?x59)))
 (let (($x377 (or (not (= ?x3085 (- 6))) (not (= ?x1738 (- 9))) (not (= ?x475 (- 27))) (not (= ?x1622 27)))))
 (let ((?x2262 (* (- 6) r)))
 (let ((?x352 (* r00 r00)))
 (let ((?x2171 (* (- 3) ?x352)))
 (let ((?x2191 (+ 1 r)))
 (let ((?x3248 (* ?x2191 ?x2191)))
 (let ((?x3256 (* 3 ?x3248)))
 (let ((?x3025 (+ ?x3256 ?x2171 ?x376 ?x2262 s00)))
 (let (($x3029 (= ?x3025 3)))
 (let ((?x1809 (* (- 216) (* x00 x))))
 (let ((?x2974 (* x00 s)))
 (let ((?x2287 (* 108 ?x2974)))
 (let ((?x2211 (* r00 x)))
 (let ((?x1535 (* (- 108) ?x2211)))
 (let ((?x2728 (* r00 s)))
 (let ((?x3806 (* 54 ?x2728)))
 (let ((?x3481 (* s00 x)))
 (let ((?x3799 (* 108 ?x3481)))
 (let ((?x856 (* s00 s)))
 (let ((?x2313 (* (- 66) ?x856)))
 (let ((?x1258 (* x x)))
 (let ((?x3320 (* 108 ?x1258)))
 (let ((?x2703 (* s x)))
 (let ((?x2621 (* (- 108) ?x2703)))
 (let ((?x638 (* s s)))
 (let ((?x1000 (* 15 ?x638)))
 (let ((?x1716 (* r00 r00 s)))
 (let ((?x3466 (* 36 ?x1716)))
 (let ((?x3041 (* (- 216) (* r00 s00 x))))
 (let ((?x2124 (* r00 s00 s)))
 (let ((?x2232 (* 108 ?x2124)))
 (let ((?x3502 (* (- 12) (* s00 s s))))
 (let ((?x930 (* s s s)))
 (let ((?x1641 (* (- 4) ?x930)))
 (let ((?x701 (* 432 (* r00 r00 r00 x))))
 (let ((?x2183 (* (- 216) (* r00 r00 r00 s))))
 (let ((?x1636 (* 36 (* r00 r00 s s))))
 (let ((?x2733 (+ ?x1636 ?x3272 ?x2183 ?x701 ?x1835 ?x1333 ?x1641 ?x3502 ?x2225 ?x2232 ?x3041 ?x3683 ?x3466 ?x1869 ?x1994 ?x1000 ?x2621 ?x3320 ?x2313 ?x3799 ?x3783 ?x3806 ?x1535 ?x1456 ?x2287 ?x1809 ?x2787 ?x2812 ?x2810 ?x2639 ?x145)))
 (let (($x2758 (= ?x2733 0)))
 (let ((?x2073 (* r x)))
 (let ((?x2736 (* 54 ?x2073)))
 (let ((?x2704 (* 6 ?x2703)))
 (let ((?x916 (* 3 ?x638)))
 (let ((?x1939 (+ (* 2 (* r s s)) (* 2 (* s00 r s)) (* (- 4) (* s00 s00 r)) (* 4 (* r00 s s)) (* 36 (* r00 r x)) (* (- 2) ?x2124) ?x766 (* (- 36) ?x1716) (* 36 (* r00 r00 x)) ?x853 (* (- 36) (* r00 x00 r)) ?x903 ?x916 (* (- 24) (* r s)) ?x2704 ?x2736 (* 12 ?x856) (* 24 (* s00 r)) (* (- 6) ?x3481) ?x1013 (* (- 24) ?x2728) (* 54 ?x2211) ?x1054 (* (- 6) ?x2974) (* (- 54) (* x00 r)) ?x1118 ?x1141 ?x143 ?x1171)))
 (let (($x1963 (= ?x1939 0)))
 (let ((?x2074 (* 18 ?x2073)))
 (let ((?x639 (* 2 ?x638)))
 (let ((?x1299 (+ (* 6 (* r00 r s)) (* (- 6) (* r00 s00 r)) (* (- 6) ?x1716) ?x635 ?x639 (* (- 9) (* r s)) ?x2074 (* 2 ?x856) (* 9 (* s00 r)) ?x708 (* (- 9) ?x2728) (* 18 ?x2211) ?x751 (* (- 18) (* x00 r)) ?x802 ?x49 ?x550)))
 (let (($x3844 (= ?x1299 0)))
 (let ((?x3180 (* (- 3) r)))
 (let ((?x1694 (* s00 r)))
 (let ((?x1829 (* (- 4) ?x1694)))
 (let ((?x437 (* r s)))
 (let ((?x1669 (* (- 2) ?x437)))
 (let ((?x989 (* 12 (* r00 r00 r))))
 (let ((?x3271 (+ ?x989 ?x2200 ?x1669 ?x1829 ?x1793 ?x49 ?x3180 ?x3236 ?x550 ?x57 ?x59)))
 (let (($x3276 (= ?x3271 0)))
 (let ((?x348 (* r r)))
 (let ((?x981 (* 3 ?x348)))
 (let ((?x446 (+ ?x981 ?x2171 ?x376 s00)))
 (let (($x1678 (= ?x446 0)))
 (and $x1678 $x3276 $x3844 $x1963 $x2758 $x3029 $x377)))))))))))))))))))))))))))))))))))))))))))))))))))))))))))))))))))))))))))))))))))))))))))))))))))))))))))))))))))))))) :qid k!39))
 ))
 (let ((?x1929 (lambda ((x Int) (s Int) (r Int) )(let ((?x3261 (* r r s00)))
 (let ((?x4058 (* 432 ?x3261)))
 (let ((?x3142 (* r r r)))
 (let ((?x4057 (* 864 ?x3142)))
 (let ((?x3120 (* s r r)))
 (let ((?x4055 (* 432 ?x3120)))
 (let ((?x4052 (* 1296 (* r r00 r00 r00))))
 (let ((?x1428 (* x00 x00)))
 (let ((?x1488 (* (- 108) ?x1428)))
 (let ((?x1374 (* x x00)))
 (let ((?x1375 (* 216 ?x1374)))
 (let ((?x1258 (* x x)))
 (let ((?x1487 (* (- 108) ?x1258)))
 (let ((?x1218 (* r00 s00 x00)))
 (let ((?x1486 (* (- 216) ?x1218)))
 (let ((?x1117 (* s00 x00)))
 (let ((?x1400 (* 108 ?x1117)))
 (let ((?x1070 (* x r00 s00)))
 (let ((?x1071 (* 216 ?x1070)))
 (let ((?x1065 (* s x00)))
 (let ((?x4037 (* (- 324) ?x1065)))
 (let ((?x1037 (* s00 s00 s00)))
 (let ((?x1484 (* (- 16) ?x1037)))
 (let ((?x978 (* s s s00)))
 (let ((?x979 (* 12 ?x978)))
 (let ((?x974 (* x s00)))
 (let ((?x1482 (* (- 108) ?x974)))
 (let ((?x953 (* x s)))
 (let ((?x4036 (* 324 ?x953)))
 (let ((?x930 (* s s s)))
 (let ((?x931 (* 4 ?x930)))
 (let ((?x870 (* r00 r00 r00 x00)))
 (let ((?x873 (* 432 ?x870)))
 (let ((?x852 (* r00 r00 r00 s00)))
 (let ((?x1481 (* (- 216) ?x852)))
 (let ((?x822 (* x r00 r00 r00)))
 (let ((?x1480 (* (- 432) ?x822)))
 (let ((?x789 (* r00 x00)))
 (let ((?x1479 (* (- 108) ?x789)))
 (let ((?x747 (* x r00)))
 (let ((?x1313 (* 108 ?x747)))
 (let ((?x745 (* r00 s00 s00)))
 (let ((?x1132 (* 108 ?x745)))
 (let ((?x721 (* s r00)))
 (let ((?x4035 (* (- 162) ?x721)))
 (let ((?x695 (* s00 s00)))
 (let ((?x1477 (* (- 51) ?x695)))
 (let ((?x680 (* s s00)))
 (let ((?x4033 (* 246 ?x680)))
 (let ((?x676 (* x r)))
 (let ((?x4031 (* 648 ?x676)))
 (let ((?x638 (* s s)))
 (let ((?x4030 (* (- 195) ?x638)))
 (let ((?x634 (* r00 r00 s00)))
 (let ((?x853 (* 36 ?x634)))
 (let ((?x601 (* r00 r00 s00 s00)))
 (let ((?x604 (* 36 ?x601)))
 (let ((?x600 (* s s r00 r00)))
 (let ((?x1473 (* (- 36) ?x600)))
 (let ((?x593 (* s r s00)))
 (let ((?x4027 (* 144 ?x593)))
 (let ((?x587 (* s s r)))
 (let ((?x4026 (* 72 ?x587)))
 (let ((?x484 (* r00 s00)))
 (let ((?x4025 (* (- 270) ?x484)))
 (let ((?x457 (* r s00)))
 (let ((?x4023 (* 828 ?x457)))
 (let ((?x410 (* r00 r00 r00)))
 (let ((?x2366 (* 648 ?x410)))
 (let ((?x352 (* r00 r00)))
 (let ((?x4019 (* (- 432) ?x352)))
 (let ((?x4016 (* (- 324) x00)))
 (let ((?x4015 (* 297 s00)))
 (let ((?x4013 (* (- 162) r00)))
 (let ((?x3488 (* 324 x)))
 (let ((?x1520 (+ ?x3488 (* (- 297) s) (* 162 r) ?x4013 ?x4015 ?x4016 (* 756 (* r r)) ?x4019 (* (- 1512) (* r r00 r00)) ?x2366 (* (- 396) (* s r)) ?x4023 ?x4025 ?x4026 (* (- 648) (* r r00 s00)) ?x4027 ?x1473 ?x604 (* (- 252) (* s r00 r00)) ?x853 ?x4030 ?x4031 ?x4033 (* 648 (* s r00 r00 r00)) (* (- 324) (* s r00 s00)) ?x1477 ?x4035 ?x1132 ?x1313 (* (- 648) (* r x00)) ?x1479 (* (- 1296) (* r r r00 r00)) ?x1480 ?x1481 ?x873 ?x931 ?x4036 ?x1482 ?x979 ?x1484 ?x4037 ?x1071 ?x1400 ?x1486 ?x1487 ?x1375 ?x1488 (* (- 324) (* r r00)) (* (- 432) (* s r r00 r00)) ?x4052 ?x4055 ?x4057 ?x4058)))
 (let ((?x1118 (* 6 ?x1117)))
 (let ((?x1078 (* (- 6) ?x1065)))
 (let ((?x987 (* (- 6) ?x974)))
 (let ((?x954 (* 6 ?x953)))
 (let ((?x890 (* r00 r00 x00)))
 (let ((?x903 (* (- 36) ?x890)))
 (let ((?x877 (* (- 36) (* r r00 x00))))
 (let ((?x850 (* 36 (* x r00 r00))))
 (let ((?x3063 (* (- 90) ?x789)))
 (let ((?x762 (* r x00)))
 (let ((?x3036 (* (- 90) ?x762)))
 (let ((?x2935 (* 90 ?x747)))
 (let ((?x766 (* (- 2) ?x745)))
 (let ((?x2863 (* (- 19) ?x695)))
 (let ((?x686 (* s r00 s00)))
 (let ((?x706 (* (- 2) ?x686)))
 (let ((?x658 (* 36 (* x r r00))))
 (let ((?x652 (* 4 (* s s r00))))
 (let ((?x619 (* (- 4) (* r s00 s00))))
 (let ((?x594 (* 2 ?x593)))
 (let ((?x589 (* r r00 s00)))
 (let ((?x2397 (* (- 12) ?x589)))
 (let ((?x588 (* 2 ?x587)))
 (let ((?x2933 (* 18 ?x484)))
 (let ((?x406 (* r r00 r00)))
 (let ((?x2473 (* (- 216) ?x406)))
 (let ((?x2470 (* (- 108) ?x352)))
 (let ((?x3034 (* (- 72) x00)))
 (let ((?x3107 (* 57 s00)))
 (let ((?x2911 (* (- 36) r00)))
 (let ((?x2798 (* 72 x)))
 (let ((?x1841 (+ ?x2798 (* (- 57) s) (* 36 r) ?x2911 ?x3107 ?x3034 (* 108 (* r r)) ?x2470 ?x2473 (* (- 42) (* s r)) (* 114 ?x457) ?x2933 (* 12 (* s r r00)) ?x588 ?x2397 ?x594 ?x619 (* (- 72) (* s r00 r00)) ?x853 (* (- 1) ?x638) ?x652 ?x658 (* 90 ?x676) (* 20 ?x680) ?x706 ?x2863 (* (- 90) ?x721) ?x766 ?x2935 ?x3036 ?x3063 ?x850 ?x877 ?x903 ?x954 ?x987 ?x1078 ?x1118 (* 144 (* r r r00)) (* 24 ?x3120) (* 72 ?x3142) (* 12 ?x3261))))
 (let ((?x802 (* (- 18) ?x789)))
 (let ((?x776 (* (- 18) ?x762)))
 (let ((?x748 (* 18 ?x747)))
 (let ((?x708 (* (- 4) ?x695)))
 (let ((?x681 (* 2 ?x680)))
 (let ((?x677 (* 18 ?x676)))
 (let ((?x639 (* 2 ?x638)))
 (let ((?x635 (* 6 ?x634)))
 (let ((?x607 (* s r00 r00)))
 (let ((?x621 (* (- 6) ?x607)))
 (let ((?x602 (* (- 6) ?x589)))
 (let ((?x585 (* s r r00)))
 (let ((?x586 (* 6 ?x585)))
 (let ((?x2223 (* 3 ?x484)))
 (let ((?x1915 (* (- 36) ?x406)))
 (let ((?x1909 (* (- 18) ?x352)))
 (let ((?x2258 (* (- 18) x00)))
 (let ((?x2311 (* 12 s00)))
 (let ((?x2201 (* (- 9) r00)))
 (let ((?x2084 (* 18 x)))
 (let ((?x1744 (+ ?x2084 (* (- 12) s) (* 9 r) ?x2201 ?x2311 ?x2258 (* 18 (* r r)) ?x1909 ?x1915 (* (- 3) (* s r)) (* 21 ?x457) ?x2223 ?x586 ?x602 ?x621 ?x635 ?x639 ?x677 ?x681 ?x708 (* (- 21) ?x721) ?x748 ?x776 ?x802 (* 36 (* r r r00)))))
 (let ((?x578 (* (- 6) ?x484)))
 (let ((?x458 (* 4 ?x457)))
 (let ((?x429 (* s r)))
 (let ((?x431 (* 2 ?x429)))
 (let ((?x411 (* 12 ?x410)))
 (let ((?x577 (* (- 12) ?x406)))
 (let ((?x1903 (* (- 12) ?x352)))
 (let ((?x576 (* (- 6) x00)))
 (let ((?x1901 (* 7 s00)))
 (let ((?x575 (* (- 3) r00)))
 (let ((?x51 (* 3 r)))
 (let ((?x52 (* 6 x)))
 (let ((?x1904 (+ ?x52 (* (- 7) s) ?x51 ?x575 ?x1901 ?x576 (* 12 (* r r)) ?x1903 ?x577 ?x411 ?x431 ?x458 ?x578)))
 (let (($x1910 (not (= ?x1904 0))))
 (let (($x3994 (or $x1910 (not (= ?x1744 0)) (not (= ?x1841 0)) (not (= ?x1520 0)))))
 (let ((?x683 (* s r00 r00 r00)))
 (let ((?x688 (* 216 ?x683)))
 (let ((?x824 (* (- 36) ?x607)))
 (let ((?x1338 (* 54 ?x484)))
 (let ((?x1171 (* (- 9) s00)))
 (let ((?x143 (* 9 s)))
 (let ((?x1489 (+ ?x143 ?x1171 ?x1338 ?x1473 ?x604 ?x824 ?x853 (* (- 15) ?x638) (* 66 ?x680) ?x688 (* (- 108) ?x686) ?x1477 (* (- 54) ?x721) ?x1132 ?x1313 ?x1479 ?x1480 ?x1481 ?x873 ?x931 (* 108 ?x953) ?x1482 ?x979 ?x1484 (* (- 108) ?x1065) ?x1071 ?x1400 ?x1486 ?x1487 ?x1375 ?x1488)))
 (let (($x1490 (= ?x1489 0)))
 (let ((?x1141 (* (- 54) ?x789)))
 (let ((?x1013 (* (- 15) ?x695)))
 (let ((?x916 (* 3 ?x638)))
 (let ((?x1054 (* 24 ?x484)))
 (let ((?x1177 (+ ?x143 ?x1171 (* (- 24) ?x429) (* 24 ?x457) ?x1054 ?x588 ?x594 ?x619 ?x824 ?x853 ?x916 ?x652 ?x658 (* 54 ?x676) (* 12 ?x680) ?x706 ?x1013 (* (- 24) ?x721) ?x766 (* 54 ?x747) (* (- 54) ?x762) ?x1141 ?x850 ?x877 ?x903 ?x954 ?x987 ?x1078 ?x1118)))
 (let (($x1184 (= ?x1177 0)))
 (let ((?x734 (* (- 9) ?x721)))
 (let ((?x751 (* 9 ?x484)))
 (let ((?x684 (* 9 ?x457)))
 (let ((?x663 (* (- 9) ?x429)))
 (let ((?x550 (* (- 3) s00)))
 (let ((?x49 (* 3 s)))
 (let ((?x834 (+ ?x49 ?x550 ?x663 ?x684 ?x751 ?x586 ?x602 ?x621 ?x635 ?x639 ?x677 ?x681 ?x708 ?x734 ?x748 ?x776 ?x802)))
 (let (($x841 (= ?x834 0)))
 (let ((?x53 (* 3 s00)))
 (let ((?x579 (+ ?x52 (* (- 3) s) ?x51 ?x575 ?x53 ?x576 ?x577 ?x411 ?x431 ?x458 ?x578)))
 (let (($x580 (= ?x579 0)))
 (let (($x401 (= (+ s (* (- 1) s00) (* (- 3) (* r r)) (* 3 ?x352)) 0)))
 (let (($x3933 (and $x401 $x580 $x841 $x1184 $x1490 $x3994)))
 (let ((?x145 (* 9 s00)))
 (let ((?x2038 (* (- 54) r)))
 (let ((?x2639 (* (- 9) s)))
 (let ((?x2810 (* 108 ?x1428)))
 (let ((?x2812 (* 108 ?x789)))
 (let ((?x2787 (* (- 108) ?x1117)))
 (let ((?x1456 (* (- 54) ?x484)))
 (let ((?x3783 (* 51 ?x695)))
 (let ((?x209 (* 6 r)))
 (let ((?x505 (+ 3 s ?x209)))
 (let ((?x376 (* (- 1) s)))
 (let ((?x2740 (+ x ?x376)))
 (let ((?x1024 (* ?x2740 ?x505)))
 (let ((?x1994 (* 216 ?x1218)))
 (let ((?x1869 (* (- 36) ?x634)))
 (let ((?x3683 (* (- 108) ?x745)))
 (let ((?x2225 (* 16 ?x1037)))
 (let ((?x1333 (* (- 432) ?x870)))
 (let ((?x1835 (* 216 ?x852)))
 (let ((?x3272 (* (- 36) ?x601)))
 (let ((?x1622 (+ (* 36 (* r00 r00 ?x505 ?x505)) ?x3272 (* (- 216) (* r00 r00 r00 ?x505)) (* 432 (* r00 r00 r00 ?x2740)) ?x1835 ?x1333 (* (- 4) (* ?x505 ?x505 ?x505)) (* (- 12) (* s00 ?x505 ?x505)) ?x2225 (* 108 (* r00 s00 ?x505)) (* (- 216) (* r00 s00 ?x2740)) ?x3683 (* 36 (* r00 r00 ?x505)) ?x1869 ?x1994 (* 15 (* ?x505 ?x505)) (* (- 108) ?x1024) (* 108 (* ?x2740 ?x2740)) (* (- 66) (* s00 ?x505)) (* 108 (* s00 ?x2740)) ?x3783 (* 54 (* r00 ?x505)) (* (- 108) (* r00 ?x2740)) ?x1456 (* 108 (* x00 ?x505)) (* (- 216) (* x00 ?x2740)) ?x2787 ?x2812 ?x2810 ?x2639 ?x2038 ?x145)))
 (let ((?x475 (+ (* 2 (* (+ 1 r) ?x505 ?x505)) (* 2 (* s00 (+ 1 r) ?x505)) (* (- 4) (* s00 s00 (+ 1 r))) (* 4 (* r00 ?x505 ?x505)) (* 36 (* r00 (+ 1 r) ?x2740)) (* (- 2) (* r00 s00 ?x505)) ?x766 (* (- 36) (* r00 r00 ?x505)) (* 36 (* r00 r00 ?x2740)) ?x853 (* (- 36) (* r00 x00 (+ 1 r))) ?x903 (* 3 (* ?x505 ?x505)) (* (- 24) (* (+ 1 r) ?x505)) (* 6 ?x1024) (* 54 (* (+ 1 r) ?x2740)) (* 12 (* s00 ?x505)) (* 24 (* s00 (+ 1 r))) (* (- 6) (* s00 ?x2740)) ?x1013 (* (- 24) (* r00 ?x505)) (* 54 (* r00 ?x2740)) ?x1054 (* (- 6) (* x00 ?x505)) (* (- 54) (* x00 (+ 1 r))) ?x1118 ?x1141 ?x143 (* 54 r) ?x1171)))
 (let ((?x1738 (+ (* 6 (* r00 (+ 1 r) ?x505)) (* (- 6) (* r00 s00 (+ 1 r))) (* (- 6) (* r00 r00 ?x505)) ?x635 (* 2 (* ?x505 ?x505)) (* (- 9) (* (+ 1 r) ?x505)) (* 18 (* (+ 1 r) ?x2740)) (* 2 (* s00 ?x505)) (* 9 (* s00 (+ 1 r))) ?x708 (* (- 9) (* r00 ?x505)) (* 18 (* r00 ?x2740)) ?x751 (* (- 18) (* x00 (+ 1 r))) ?x802 ?x49 (* 18 r) ?x550)))
 (let ((?x59 (* 6 x00)))
 (let ((?x57 (* 3 r00)))
 (let ((?x3236 (* (- 6) x)))
 (let ((?x1793 (* 6 ?x484)))
 (let ((?x2200 (* (- 12) ?x410)))
 (let ((?x3085 (+ (* 12 (* r00 r00 (+ 1 r))) ?x2200 (* (- 2) (* (+ 1 r) ?x505)) (* (- 4) (* s00 (+ 1 r))) ?x1793 ?x143 (* 15 r) ?x3236 ?x550 ?x57 ?x59)))
 (let (($x377 (or (not (= ?x3085 (- 6))) (not (= ?x1738 (- 9))) (not (= ?x475 (- 27))) (not (= ?x1622 27)))))
 (let ((?x2262 (* (- 6) r)))
 (let ((?x2171 (* (- 3) ?x352)))
 (let ((?x2191 (+ 1 r)))
 (let ((?x3248 (* ?x2191 ?x2191)))
 (let ((?x3256 (* 3 ?x3248)))
 (let ((?x3025 (+ ?x3256 ?x2171 ?x376 ?x2262 s00)))
 (let (($x3029 (= ?x3025 3)))
 (let ((?x1809 (* (- 216) (* x00 x))))
 (let ((?x2974 (* x00 s)))
 (let ((?x2287 (* 108 ?x2974)))
 (let ((?x2211 (* r00 x)))
 (let ((?x1535 (* (- 108) ?x2211)))
 (let ((?x2728 (* r00 s)))
 (let ((?x3806 (* 54 ?x2728)))
 (let ((?x3481 (* s00 x)))
 (let ((?x3799 (* 108 ?x3481)))
 (let ((?x856 (* s00 s)))
 (let ((?x2313 (* (- 66) ?x856)))
 (let ((?x3320 (* 108 ?x1258)))
 (let ((?x2703 (* s x)))
 (let ((?x2621 (* (- 108) ?x2703)))
 (let ((?x1000 (* 15 ?x638)))
 (let ((?x1716 (* r00 r00 s)))
 (let ((?x3466 (* 36 ?x1716)))
 (let ((?x3041 (* (- 216) (* r00 s00 x))))
 (let ((?x2124 (* r00 s00 s)))
 (let ((?x2232 (* 108 ?x2124)))
 (let ((?x3502 (* (- 12) (* s00 s s))))
 (let ((?x1641 (* (- 4) ?x930)))
 (let ((?x701 (* 432 (* r00 r00 r00 x))))
 (let ((?x2183 (* (- 216) (* r00 r00 r00 s))))
 (let ((?x1636 (* 36 (* r00 r00 s s))))
 (let ((?x2733 (+ ?x1636 ?x3272 ?x2183 ?x701 ?x1835 ?x1333 ?x1641 ?x3502 ?x2225 ?x2232 ?x3041 ?x3683 ?x3466 ?x1869 ?x1994 ?x1000 ?x2621 ?x3320 ?x2313 ?x3799 ?x3783 ?x3806 ?x1535 ?x1456 ?x2287 ?x1809 ?x2787 ?x2812 ?x2810 ?x2639 ?x145)))
 (let (($x2758 (= ?x2733 0)))
 (let ((?x2073 (* r x)))
 (let ((?x2736 (* 54 ?x2073)))
 (let ((?x2704 (* 6 ?x2703)))
 (let ((?x1939 (+ (* 2 (* r s s)) (* 2 (* s00 r s)) (* (- 4) (* s00 s00 r)) (* 4 (* r00 s s)) (* 36 (* r00 r x)) (* (- 2) ?x2124) ?x766 (* (- 36) ?x1716) (* 36 (* r00 r00 x)) ?x853 (* (- 36) (* r00 x00 r)) ?x903 ?x916 (* (- 24) (* r s)) ?x2704 ?x2736 (* 12 ?x856) (* 24 (* s00 r)) (* (- 6) ?x3481) ?x1013 (* (- 24) ?x2728) (* 54 ?x2211) ?x1054 (* (- 6) ?x2974) (* (- 54) (* x00 r)) ?x1118 ?x1141 ?x143 ?x1171)))
 (let (($x1963 (= ?x1939 0)))
 (let ((?x2074 (* 18 ?x2073)))
 (let ((?x1299 (+ (* 6 (* r00 r s)) (* (- 6) (* r00 s00 r)) (* (- 6) ?x1716) ?x635 ?x639 (* (- 9) (* r s)) ?x2074 (* 2 ?x856) (* 9 (* s00 r)) ?x708 (* (- 9) ?x2728) (* 18 ?x2211) ?x751 (* (- 18) (* x00 r)) ?x802 ?x49 ?x550)))
 (let (($x3844 (= ?x1299 0)))
 (let ((?x3180 (* (- 3) r)))
 (let ((?x1694 (* s00 r)))
 (let ((?x1829 (* (- 4) ?x1694)))
 (let ((?x437 (* r s)))
 (let ((?x1669 (* (- 2) ?x437)))
 (let ((?x989 (* 12 (* r00 r00 r))))
 (let ((?x3271 (+ ?x989 ?x2200 ?x1669 ?x1829 ?x1793 ?x49 ?x3180 ?x3236 ?x550 ?x57 ?x59)))
 (let (($x3276 (= ?x3271 0)))
 (let ((?x348 (* r r)))
 (let ((?x981 (* 3 ?x348)))
 (let ((?x446 (+ ?x981 ?x2171 ?x376 s00)))
 (let (($x1678 (= ?x446 0)))
 (let (($x2196 (and $x1678 $x3276 $x3844 $x1963 $x2758 $x3029 $x377)))
 (let ((?x1872 (+ 3 ?x376 s00 ?x981 ?x2171)))
 (let ((?x1654 (+ 3 ?x209 ?x981)))
 (let ((?x2335 (+ ?x1654 ?x2171 ?x376 ?x2262 s00)))
 (let ((@x2330 (rewrite (= (+ (* 3 1) (* 3 (* 2 r)) ?x981) ?x1654))))
 (let ((?x3000 (+ (* 3 1) (* 3 (* 2 r)) ?x981)))
 (let ((?x2267 (* 2 r)))
 (let ((?x2277 (+ 1 ?x2267 ?x348)))
 (let ((?x599 (* 3 ?x2277)))
 (let ((?x1459 (+ 1 r r ?x348)))
 (let ((?x1350 (* 1 r)))
 (let ((?x1503 (* r 1)))
 (let ((?x2638 (* 1 1)))
 (let ((?x1363 (+ ?x2638 ?x1503 ?x1350 ?x348)))
 (let ((@x2531 (monotonicity (rewrite (= ?x2638 1)) (rewrite (= ?x1503 r)) (rewrite (= ?x1350 r)) (= ?x1363 ?x1459))))
 (let ((@x1352 (trans (rewrite (= ?x3248 ?x1363)) (trans @x2531 (rewrite (= ?x1459 ?x2277)) (= ?x1363 ?x2277)) (= ?x3248 ?x2277))))
 (let ((@x2334 (trans (monotonicity @x1352 (= ?x3256 ?x599)) (rewrite (= ?x599 ?x3000)) (= ?x3256 ?x3000))))
 (let ((@x1881 (trans (monotonicity (trans @x2334 @x2330 (= ?x3256 ?x1654)) (= ?x3025 ?x2335)) (rewrite (= ?x2335 ?x1872)) (= ?x3025 ?x1872))))
 (let ((@x687 (trans (monotonicity @x1881 (= $x3029 (= ?x1872 3))) (rewrite (= (= ?x1872 3) $x401)) (= $x3029 $x401))))
 (let ((?x1984 (* (- 216) ?x1374)))
 (let ((?x1552 (* (- 216) ?x1070)))
 (let ((?x1646 (* 108 ?x1065)))
 (let ((?x2022 (* (- 12) ?x978)))
 (let ((?x3816 (* 108 ?x974)))
 (let ((?x859 (* (- 108) ?x953)))
 (let ((?x598 (* 432 ?x822)))
 (let ((?x3898 (* (- 108) ?x747)))
 (let ((?x1381 (* 54 ?x721)))
 (let ((?x3382 (* 108 ?x686)))
 (let ((?x3372 (* (- 216) ?x683)))
 (let ((?x3810 (* (- 66) ?x680)))
 (let ((?x1288 (* 36 ?x607)))
 (let ((?x1449 (* 36 ?x600)))
 (let ((?x1730 (+ ?x2639 ?x145 ?x1456 ?x1449 ?x3272 ?x1288 ?x1869 ?x1000 ?x3810 ?x3372 ?x3382 ?x3783 ?x1381 ?x3683 ?x3898 ?x2812 ?x598 ?x1835 ?x1333 ?x1641 ?x859 ?x3816 ?x2022 ?x2225 ?x1646 ?x1552 ?x2787 ?x1994 ?x3320 ?x1984 ?x2810)))
 (let (($x3899 (= ?x1730 0)))
 (let ((?x1875 (+ ?x1449 ?x3272 ?x3372 ?x598 ?x1835 ?x1333 ?x1641 ?x2022 ?x2225 ?x3382 ?x1552 ?x3683 ?x1288 ?x1869 ?x1994 ?x1000 ?x859 ?x3320 ?x3810 ?x3816 ?x3783 ?x1381 ?x3898 ?x1456 ?x1646 ?x1984 ?x2787 ?x2812 ?x2810 ?x2639 ?x145)))
 (let ((@x3687 (monotonicity (rewrite (= ?x1636 ?x1449)) (rewrite (= ?x2183 ?x3372)) (rewrite (= ?x701 ?x598)) (rewrite (= ?x3502 ?x2022)) (rewrite (= ?x2232 ?x3382)) (rewrite (= ?x3041 ?x1552)) (rewrite (= ?x3466 ?x1288)) (rewrite (= ?x2621 ?x859)) (rewrite (= ?x2313 ?x3810)) (rewrite (= ?x3799 ?x3816)) (rewrite (= ?x3806 ?x1381)) (rewrite (= ?x1535 ?x3898)) (rewrite (= ?x2287 ?x1646)) (rewrite (= ?x1809 ?x1984)) (= ?x2733 ?x1875))))
 (let ((@x2633 (monotonicity (trans @x3687 (rewrite (= ?x1875 ?x1730)) (= ?x2733 ?x1730)) (= $x2758 $x3899))))
 (let ((?x2031 (* (- 4) ?x457)))
 (let ((?x1864 (* (- 2) ?x429)))
 (let ((?x790 (* 12 ?x406)))
 (let ((?x1287 (+ ?x3236 ?x49 ?x3180 ?x57 ?x550 ?x59 ?x790 ?x2200 ?x1864 ?x2031 ?x1793)))
 (let (($x1855 (= ?x1287 0)))
 (let ((?x3144 (+ ?x790 ?x2200 ?x1864 ?x2031 ?x1793 ?x49 ?x3180 ?x3236 ?x550 ?x57 ?x59)))
 (let ((@x384 (monotonicity (rewrite (= ?x989 ?x790)) (rewrite (= ?x1669 ?x1864)) (rewrite (= ?x1829 ?x2031)) (= ?x3271 ?x3144))))
 (let ((@x3184 (monotonicity (trans @x384 (rewrite (= ?x3144 ?x1287)) (= ?x3271 ?x1287)) (= $x3276 $x1855))))
 (let ((@x1290 (monotonicity (rewrite (= ?x446 (+ ?x376 s00 ?x981 ?x2171))) (= $x1678 (= (+ ?x376 s00 ?x981 ?x2171) 0)))))
 (let ((@x1976 (trans @x1290 (rewrite (= (= (+ ?x376 s00 ?x981 ?x2171) 0) $x401)) (= $x1678 $x401))))
 (let ((@x1748 (monotonicity @x1976 (trans @x3184 (rewrite (= $x1855 $x580)) (= $x3276 $x580)) (rewrite (= $x3844 $x841)) (rewrite (= $x1963 $x1184)) (trans @x2633 (rewrite (= $x3899 $x1490)) (= $x2758 $x1490)) @x687 (rewrite (= $x377 $x3994)) (= $x2196 (and $x401 $x580 $x841 $x1184 $x1490 $x401 $x3994)))))
 (trans @x1748 (rewrite (= (and $x401 $x580 $x841 $x1184 $x1490 $x401 $x3994) $x3933)) (= $x2196 $x3933)))))))))))))))))))))))))))))))))))))))))))))))))))))))))))))))))))))))))))))))))))))))))))))))))))))))))))))))))))))))))))))))))))))))))))))))))))))))))))))))))))))))))))))))))))))))))))))))))))))))))))))))))))))))))))))))))))))))))))))))))))))))))))))))))))))))))))))))))))))))))))))))))))))))))))))))))))
 ))
 (let (($x346 (exists ((x Int) (s Int) (r Int) )(! (let ((?x145 (* 9 s00)))
 (let ((?x209 (* 6 r)))
 (let ((?x210 (+ s ?x209 3)))
 (let ((?x297 (* 9 ?x210)))
 (let ((?x201 (* 108 x00 x00)))
 (let ((?x200 (* 108 r00 x00)))
 (let ((?x197 (* 108 s00 x00)))
 (let ((?x191 (* 54 s00 r00)))
 (let ((?x187 (* 51 s00 s00)))
 (let ((?x175 (* 216 s00 r00 x00)))
 (let ((?x108 (* 36 s00 r00 r00)))
 (let ((?x266 (* 36 ?x210 r00 r00)))
 (let ((?x170 (* 108 s00 s00 r00)))
 (let ((?x165 (* 16 s00 s00 s00)))
 (let ((?x158 (* 432 r00 r00 r00 x00)))
 (let ((?x156 (* 216 s00 r00 r00 r00)))
 (let ((?x149 (* 36 s00 s00 r00 r00)))
 (let ((?x305 (- (- (* 36 ?x210 ?x210 r00 r00) ?x149) (* 216 ?x210 r00 r00 r00))))
 (let ((?x311 (- (- (+ ?x305 (* 432 (- x s) r00 r00 r00) ?x156) ?x158) (* 4 ?x210 ?x210 ?x210))))
 (let ((?x314 (+ (- ?x311 (* 12 ?x210 ?x210 s00)) ?x165 (* 108 ?x210 s00 r00))))
 (let ((?x319 (- (+ (- (- ?x314 (* 216 (- x s) s00 r00)) ?x170) ?x266) ?x108)))
 (let ((?x325 (+ (- (+ ?x319 ?x175 (* 15 ?x210 ?x210)) (* 108 ?x210 (- x s))) (* 36 3 (- x s) (- x s)))))
 (let ((?x330 (+ (- ?x325 (* 66 ?x210 s00)) (* 36 3 (- x s) s00) ?x187 (* 54 ?x210 r00))))
 (let ((?x335 (+ (- (- ?x330 (* 36 3 (- x s) r00)) ?x191) (* 108 ?x210 x00))))
 (let ((?x340 (- (+ (- (- ?x335 (* 216 (- x s) x00)) ?x197) ?x200 ?x201) ?x297)))
 (let ((?x141 (* 54 r00 x00)))
 (let ((?x139 (* 6 s00 x00)))
 (let ((?x133 (* 24 s00 r00)))
 (let ((?x127 (* 15 s00 s00)))
 (let ((?x111 (* 36 r00 r00 x00)))
 (let ((?x102 (* 2 s00 s00 r00)))
 (let ((?x259 (+ (* 2 ?x210 ?x210 (+ r 1)) (* 2 ?x210 (+ r 1) s00))))
 (let ((?x264 (+ (- ?x259 (* 4 (+ r 1) s00 s00)) (* 4 ?x210 ?x210 r00) (* 36 (+ r 1) (- x s) r00))))
 (let ((?x271 (+ (- (- (- ?x264 (* 2 ?x210 s00 r00)) ?x102) ?x266) (* 36 (- x s) r00 r00) ?x108)))
 (let ((?x276 (+ (- (- ?x271 (* 36 (+ r 1) r00 x00)) ?x111) (* 3 ?x210 ?x210))))
 (let ((?x283 (+ (- ?x276 (* 24 ?x210 (+ r 1))) (* 6 ?x210 (- x s)) (* 54 (+ r 1) (- x s)) (* 12 ?x210 s00) (* 24 (+ r 1) s00))))
 (let ((?x288 (- (- (- ?x283 (* 6 (- x s) s00)) ?x127) (* 24 ?x210 r00))))
 (let ((?x293 (- (+ ?x288 (* 54 (- x s) r00) ?x133) (* 6 ?x210 x00))))
 (let ((?x299 (- (+ (- (+ (- ?x293 (* 54 (+ r 1) x00)) ?x139) ?x141) ?x297) ?x145)))
 (let ((?x53 (* 3 s00)))
 (let ((?x221 (* 3 ?x210)))
 (let ((?x86 (* 18 r00 x00)))
 (let ((?x83 (* 9 s00 r00)))
 (let ((?x78 (* 4 s00 s00)))
 (let ((?x67 (* 6 s00 r00 r00)))
 (let ((?x235 (- (* 6 ?x210 (+ r 1) r00) (* 6 (+ r 1) s00 r00))))
 (let ((?x240 (- (+ (- ?x235 (* 6 ?x210 r00 r00)) ?x67 (* 2 ?x210 ?x210)) (* 9 ?x210 (+ r 1)))))
 (let ((?x244 (+ ?x240 (* 18 (+ r 1) (- x s)) (* 2 ?x210 s00) (* 9 (+ r 1) s00))))
 (let ((?x249 (+ (- (- ?x244 ?x78) (* 9 ?x210 r00)) (* 18 (- x s) r00) ?x83)))
 (let (($x255 (= (- (+ (- (- ?x249 (* 18 (+ r 1) x00)) ?x86) ?x221) ?x53) 0)))
 (let ((?x59 (* 6 x00)))
 (let ((?x57 (* 3 r00)))
 (let ((?x48 (* 6 s00 r00)))
 (let ((?x39 (* 12 r00 r00 r00)))
 (let ((?x219 (- (- (* 12 (+ r 1) r00 r00) ?x39) (* 2 ?x210 (+ r 1)))))
 (let ((?x226 (- (+ (- ?x219 (* 4 (+ r 1) s00)) ?x48 ?x221) (* 3 (+ r 1)))))
 (let (($x231 (not (= (+ (- (- ?x226 (* 6 (- x s))) ?x53) ?x57 ?x59) 0))))
 (let (($x344 (or $x231 (not $x255) (not (= ?x299 0)) (not (= (+ ?x340 ?x145) 0)))))
 (let ((?x212 (- (- (* 3 (+ r 1) (+ r 1)) (* 3 r00 r00)) ?x210)))
 (let ((?x143 (* 9 s)))
 (let ((?x103 (* 36 s r00 r00)))
 (let ((?x153 (- (- (* 36 s s r00 r00) ?x149) (* 216 s r00 r00 r00))))
 (let ((?x162 (- (- (+ ?x153 (* 432 x r00 r00 r00) ?x156) ?x158) (* 4 s s s))))
 (let ((?x168 (+ (- ?x162 (* 12 s s s00)) ?x165 (* 108 s s00 r00))))
 (let ((?x177 (+ (- (+ (- (- ?x168 (* 216 x s00 r00)) ?x170) ?x103) ?x108) ?x175 (* 15 s s))))
 (let ((?x184 (- (+ (- ?x177 (* 108 s x)) (* 36 3 x x)) (* 66 s s00))))
 (let ((?x192 (- (+ ?x184 (* 36 3 x s00) ?x187 (* 54 s r00)) (* 36 3 x r00))))
 (let ((?x199 (- (- (+ (- ?x192 ?x191) (* 108 s x00)) (* 216 x x00)) ?x197)))
 (let ((?x96 (- (+ (* 2 s s r) (* 2 s r s00)) (* 4 r s00 s00))))
 (let ((?x104 (- (+ ?x96 (* 4 s s r00) (* 36 r x r00)) (* 2 s s00 r00))))
 (let ((?x112 (- (+ (- (- ?x104 ?x102) ?x103) (* 36 x r00 r00) ?x108) (* 36 r r00 x00))))
 (let ((?x124 (+ (- (+ (- ?x112 ?x111) (* 3 s s)) (* 24 s r)) (* 6 s x) (* 54 r x) (* 12 s s00) (* 24 r s00))))
 (let ((?x134 (+ (- (- (- ?x124 (* 6 x s00)) ?x127) (* 24 s r00)) (* 54 x r00) ?x133)))
 (let ((?x142 (- (+ (- (- ?x134 (* 6 s x00)) (* 54 r x00)) ?x139) ?x141)))
 (let ((?x49 (* 3 s)))
 (let ((?x66 (- (- (* 6 s r r00) (* 6 r s00 r00)) (* 6 s r00 r00))))
 (let ((?x77 (+ (- (+ ?x66 ?x67 (* 2 s s)) (* 9 s r)) (* 18 r x) (* 2 s s00) (* 9 r s00))))
 (let ((?x84 (+ (- (- ?x77 ?x78) (* 9 s r00)) (* 18 x r00) ?x83)))
 (let ((?x52 (* 6 x)))
 (let ((?x51 (* 3 r)))
 (let ((?x46 (- (- (- (* 12 r r00 r00) ?x39) (* 2 s r)) (* 4 r s00))))
 (let (($x61 (= (+ (- (- (- (+ ?x46 ?x48 ?x49) ?x51) ?x52) ?x53) ?x57 ?x59) 0)))
 (let (($x36 (= (+ (- (- (* 3 r r) (* 3 r00 r00)) s) s00) 0)))
 (and $x36 $x61 (= (- (+ (- (- ?x84 (* 18 r x00)) ?x86) ?x49) ?x53) 0) (= (- (+ ?x142 ?x143) ?x145) 0) (= (+ (- (+ ?x199 ?x200 ?x201) ?x143) ?x145) 0) (= (+ ?x212 s00) 0) $x344)))))))))))))))))))))))))))))))))))))))))))))))))))))))))))))))))))))))))))))))))))) :qid k!39))
 ))
 (let ((?x1006 (lambda ((x Int) (s Int) (r Int) )(let ((?x145 (* 9 s00)))
 (let ((?x2038 (* (- 54) r)))
 (let ((?x2639 (* (- 9) s)))
 (let ((?x1428 (* x00 x00)))
 (let ((?x2810 (* 108 ?x1428)))
 (let ((?x789 (* r00 x00)))
 (let ((?x2812 (* 108 ?x789)))
 (let ((?x1117 (* s00 x00)))
 (let ((?x2787 (* (- 108) ?x1117)))
 (let ((?x484 (* r00 s00)))
 (let ((?x1456 (* (- 54) ?x484)))
 (let ((?x695 (* s00 s00)))
 (let ((?x3783 (* 51 ?x695)))
 (let ((?x209 (* 6 r)))
 (let ((?x505 (+ 3 s ?x209)))
 (let ((?x376 (* (- 1) s)))
 (let ((?x2740 (+ x ?x376)))
 (let ((?x1024 (* ?x2740 ?x505)))
 (let ((?x1218 (* r00 s00 x00)))
 (let ((?x1994 (* 216 ?x1218)))
 (let ((?x634 (* r00 r00 s00)))
 (let ((?x1869 (* (- 36) ?x634)))
 (let ((?x745 (* r00 s00 s00)))
 (let ((?x3683 (* (- 108) ?x745)))
 (let ((?x1037 (* s00 s00 s00)))
 (let ((?x2225 (* 16 ?x1037)))
 (let ((?x870 (* r00 r00 r00 x00)))
 (let ((?x1333 (* (- 432) ?x870)))
 (let ((?x852 (* r00 r00 r00 s00)))
 (let ((?x1835 (* 216 ?x852)))
 (let ((?x601 (* r00 r00 s00 s00)))
 (let ((?x3272 (* (- 36) ?x601)))
 (let ((?x1622 (+ (* 36 (* r00 r00 ?x505 ?x505)) ?x3272 (* (- 216) (* r00 r00 r00 ?x505)) (* 432 (* r00 r00 r00 ?x2740)) ?x1835 ?x1333 (* (- 4) (* ?x505 ?x505 ?x505)) (* (- 12) (* s00 ?x505 ?x505)) ?x2225 (* 108 (* r00 s00 ?x505)) (* (- 216) (* r00 s00 ?x2740)) ?x3683 (* 36 (* r00 r00 ?x505)) ?x1869 ?x1994 (* 15 (* ?x505 ?x505)) (* (- 108) ?x1024) (* 108 (* ?x2740 ?x2740)) (* (- 66) (* s00 ?x505)) (* 108 (* s00 ?x2740)) ?x3783 (* 54 (* r00 ?x505)) (* (- 108) (* r00 ?x2740)) ?x1456 (* 108 (* x00 ?x505)) (* (- 216) (* x00 ?x2740)) ?x2787 ?x2812 ?x2810 ?x2639 ?x2038 ?x145)))
 (let ((?x1171 (* (- 9) s00)))
 (let ((?x143 (* 9 s)))
 (let ((?x1141 (* (- 54) ?x789)))
 (let ((?x1118 (* 6 ?x1117)))
 (let ((?x1054 (* 24 ?x484)))
 (let ((?x1013 (* (- 15) ?x695)))
 (let ((?x890 (* r00 r00 x00)))
 (let ((?x903 (* (- 36) ?x890)))
 (let ((?x853 (* 36 ?x634)))
 (let ((?x766 (* (- 2) ?x745)))
 (let ((?x475 (+ (* 2 (* (+ 1 r) ?x505 ?x505)) (* 2 (* s00 (+ 1 r) ?x505)) (* (- 4) (* s00 s00 (+ 1 r))) (* 4 (* r00 ?x505 ?x505)) (* 36 (* r00 (+ 1 r) ?x2740)) (* (- 2) (* r00 s00 ?x505)) ?x766 (* (- 36) (* r00 r00 ?x505)) (* 36 (* r00 r00 ?x2740)) ?x853 (* (- 36) (* r00 x00 (+ 1 r))) ?x903 (* 3 (* ?x505 ?x505)) (* (- 24) (* (+ 1 r) ?x505)) (* 6 ?x1024) (* 54 (* (+ 1 r) ?x2740)) (* 12 (* s00 ?x505)) (* 24 (* s00 (+ 1 r))) (* (- 6) (* s00 ?x2740)) ?x1013 (* (- 24) (* r00 ?x505)) (* 54 (* r00 ?x2740)) ?x1054 (* (- 6) (* x00 ?x505)) (* (- 54) (* x00 (+ 1 r))) ?x1118 ?x1141 ?x143 (* 54 r) ?x1171)))
 (let ((?x550 (* (- 3) s00)))
 (let ((?x49 (* 3 s)))
 (let ((?x802 (* (- 18) ?x789)))
 (let ((?x751 (* 9 ?x484)))
 (let ((?x708 (* (- 4) ?x695)))
 (let ((?x635 (* 6 ?x634)))
 (let ((?x1738 (+ (* 6 (* r00 (+ 1 r) ?x505)) (* (- 6) (* r00 s00 (+ 1 r))) (* (- 6) (* r00 r00 ?x505)) ?x635 (* 2 (* ?x505 ?x505)) (* (- 9) (* (+ 1 r) ?x505)) (* 18 (* (+ 1 r) ?x2740)) (* 2 (* s00 ?x505)) (* 9 (* s00 (+ 1 r))) ?x708 (* (- 9) (* r00 ?x505)) (* 18 (* r00 ?x2740)) ?x751 (* (- 18) (* x00 (+ 1 r))) ?x802 ?x49 (* 18 r) ?x550)))
 (let ((?x59 (* 6 x00)))
 (let ((?x57 (* 3 r00)))
 (let ((?x3236 (* (- 6) x)))
 (let ((?x1793 (* 6 ?x484)))
 (let ((?x410 (* r00 r00 r00)))
 (let ((?x2200 (* (- 12) ?x410)))
 (let ((?x3085 (+ (* 12 (* r00 r00 (+ 1 r))) ?x2200 (* (- 2) (* (+ 1 r) ?x505)) (* (- 4) (* s00 (+ 1 r))) ?x1793 ?x143 (* 15 r) ?x3236 ?x550 ?x57 ?x59)))
 (let (($x377 (or (not (= ?x3085 (- 6))) (not (= ?x1738 (- 9))) (not (= ?x475 (- 27))) (not (= ?x1622 27)))))
 (let ((?x2262 (* (- 6) r)))
 (let ((?x352 (* r00 r00)))
 (let ((?x2171 (* (- 3) ?x352)))
 (let ((?x2191 (+ 1 r)))
 (let ((?x3248 (* ?x2191 ?x2191)))
 (let ((?x3256 (* 3 ?x3248)))
 (let ((?x3025 (+ ?x3256 ?x2171 ?x376 ?x2262 s00)))
 (let (($x3029 (= ?x3025 3)))
 (let ((?x1809 (* (- 216) (* x00 x))))
 (let ((?x2974 (* x00 s)))
 (let ((?x2287 (* 108 ?x2974)))
 (let ((?x2211 (* r00 x)))
 (let ((?x1535 (* (- 108) ?x2211)))
 (let ((?x2728 (* r00 s)))
 (let ((?x3806 (* 54 ?x2728)))
 (let ((?x3481 (* s00 x)))
 (let ((?x3799 (* 108 ?x3481)))
 (let ((?x856 (* s00 s)))
 (let ((?x2313 (* (- 66) ?x856)))
 (let ((?x1258 (* x x)))
 (let ((?x3320 (* 108 ?x1258)))
 (let ((?x2703 (* s x)))
 (let ((?x2621 (* (- 108) ?x2703)))
 (let ((?x638 (* s s)))
 (let ((?x1000 (* 15 ?x638)))
 (let ((?x1716 (* r00 r00 s)))
 (let ((?x3466 (* 36 ?x1716)))
 (let ((?x3041 (* (- 216) (* r00 s00 x))))
 (let ((?x2124 (* r00 s00 s)))
 (let ((?x2232 (* 108 ?x2124)))
 (let ((?x3502 (* (- 12) (* s00 s s))))
 (let ((?x930 (* s s s)))
 (let ((?x1641 (* (- 4) ?x930)))
 (let ((?x701 (* 432 (* r00 r00 r00 x))))
 (let ((?x2183 (* (- 216) (* r00 r00 r00 s))))
 (let ((?x1636 (* 36 (* r00 r00 s s))))
 (let ((?x2733 (+ ?x1636 ?x3272 ?x2183 ?x701 ?x1835 ?x1333 ?x1641 ?x3502 ?x2225 ?x2232 ?x3041 ?x3683 ?x3466 ?x1869 ?x1994 ?x1000 ?x2621 ?x3320 ?x2313 ?x3799 ?x3783 ?x3806 ?x1535 ?x1456 ?x2287 ?x1809 ?x2787 ?x2812 ?x2810 ?x2639 ?x145)))
 (let (($x2758 (= ?x2733 0)))
 (let ((?x2073 (* r x)))
 (let ((?x2736 (* 54 ?x2073)))
 (let ((?x2704 (* 6 ?x2703)))
 (let ((?x916 (* 3 ?x638)))
 (let ((?x1939 (+ (* 2 (* r s s)) (* 2 (* s00 r s)) (* (- 4) (* s00 s00 r)) (* 4 (* r00 s s)) (* 36 (* r00 r x)) (* (- 2) ?x2124) ?x766 (* (- 36) ?x1716) (* 36 (* r00 r00 x)) ?x853 (* (- 36) (* r00 x00 r)) ?x903 ?x916 (* (- 24) (* r s)) ?x2704 ?x2736 (* 12 ?x856) (* 24 (* s00 r)) (* (- 6) ?x3481) ?x1013 (* (- 24) ?x2728) (* 54 ?x2211) ?x1054 (* (- 6) ?x2974) (* (- 54) (* x00 r)) ?x1118 ?x1141 ?x143 ?x1171)))
 (let (($x1963 (= ?x1939 0)))
 (let ((?x2074 (* 18 ?x2073)))
 (let ((?x639 (* 2 ?x638)))
 (let ((?x1299 (+ (* 6 (* r00 r s)) (* (- 6) (* r00 s00 r)) (* (- 6) ?x1716) ?x635 ?x639 (* (- 9) (* r s)) ?x2074 (* 2 ?x856) (* 9 (* s00 r)) ?x708 (* (- 9) ?x2728) (* 18 ?x2211) ?x751 (* (- 18) (* x00 r)) ?x802 ?x49 ?x550)))
 (let (($x3844 (= ?x1299 0)))
 (let ((?x3180 (* (- 3) r)))
 (let ((?x1694 (* s00 r)))
 (let ((?x1829 (* (- 4) ?x1694)))
 (let ((?x437 (* r s)))
 (let ((?x1669 (* (- 2) ?x437)))
 (let ((?x989 (* 12 (* r00 r00 r))))
 (let ((?x3271 (+ ?x989 ?x2200 ?x1669 ?x1829 ?x1793 ?x49 ?x3180 ?x3236 ?x550 ?x57 ?x59)))
 (let (($x3276 (= ?x3271 0)))
 (let ((?x348 (* r r)))
 (let ((?x981 (* 3 ?x348)))
 (let ((?x446 (+ ?x981 ?x2171 ?x376 s00)))
 (let (($x1678 (= ?x446 0)))
 (let (($x2196 (and $x1678 $x3276 $x3844 $x1963 $x2758 $x3029 $x377)))
 (let ((?x210 (+ s ?x209 3)))
 (let ((?x297 (* 9 ?x210)))
 (let ((?x201 (* 108 x00 x00)))
 (let ((?x200 (* 108 r00 x00)))
 (let ((?x197 (* 108 s00 x00)))
 (let ((?x191 (* 54 s00 r00)))
 (let ((?x187 (* 51 s00 s00)))
 (let ((?x175 (* 216 s00 r00 x00)))
 (let ((?x108 (* 36 s00 r00 r00)))
 (let ((?x266 (* 36 ?x210 r00 r00)))
 (let ((?x170 (* 108 s00 s00 r00)))
 (let ((?x165 (* 16 s00 s00 s00)))
 (let ((?x158 (* 432 r00 r00 r00 x00)))
 (let ((?x156 (* 216 s00 r00 r00 r00)))
 (let ((?x149 (* 36 s00 s00 r00 r00)))
 (let ((?x305 (- (- (* 36 ?x210 ?x210 r00 r00) ?x149) (* 216 ?x210 r00 r00 r00))))
 (let ((?x311 (- (- (+ ?x305 (* 432 (- x s) r00 r00 r00) ?x156) ?x158) (* 4 ?x210 ?x210 ?x210))))
 (let ((?x314 (+ (- ?x311 (* 12 ?x210 ?x210 s00)) ?x165 (* 108 ?x210 s00 r00))))
 (let ((?x319 (- (+ (- (- ?x314 (* 216 (- x s) s00 r00)) ?x170) ?x266) ?x108)))
 (let ((?x325 (+ (- (+ ?x319 ?x175 (* 15 ?x210 ?x210)) (* 108 ?x210 (- x s))) (* 36 3 (- x s) (- x s)))))
 (let ((?x330 (+ (- ?x325 (* 66 ?x210 s00)) (* 36 3 (- x s) s00) ?x187 (* 54 ?x210 r00))))
 (let ((?x335 (+ (- (- ?x330 (* 36 3 (- x s) r00)) ?x191) (* 108 ?x210 x00))))
 (let ((?x340 (- (+ (- (- ?x335 (* 216 (- x s) x00)) ?x197) ?x200 ?x201) ?x297)))
 (let ((?x141 (* 54 r00 x00)))
 (let ((?x139 (* 6 s00 x00)))
 (let ((?x133 (* 24 s00 r00)))
 (let ((?x127 (* 15 s00 s00)))
 (let ((?x111 (* 36 r00 r00 x00)))
 (let ((?x102 (* 2 s00 s00 r00)))
 (let ((?x259 (+ (* 2 ?x210 ?x210 (+ r 1)) (* 2 ?x210 (+ r 1) s00))))
 (let ((?x264 (+ (- ?x259 (* 4 (+ r 1) s00 s00)) (* 4 ?x210 ?x210 r00) (* 36 (+ r 1) (- x s) r00))))
 (let ((?x271 (+ (- (- (- ?x264 (* 2 ?x210 s00 r00)) ?x102) ?x266) (* 36 (- x s) r00 r00) ?x108)))
 (let ((?x276 (+ (- (- ?x271 (* 36 (+ r 1) r00 x00)) ?x111) (* 3 ?x210 ?x210))))
 (let ((?x283 (+ (- ?x276 (* 24 ?x210 (+ r 1))) (* 6 ?x210 (- x s)) (* 54 (+ r 1) (- x s)) (* 12 ?x210 s00) (* 24 (+ r 1) s00))))
 (let ((?x288 (- (- (- ?x283 (* 6 (- x s) s00)) ?x127) (* 24 ?x210 r00))))
 (let ((?x293 (- (+ ?x288 (* 54 (- x s) r00) ?x133) (* 6 ?x210 x00))))
 (let ((?x299 (- (+ (- (+ (- ?x293 (* 54 (+ r 1) x00)) ?x139) ?x141) ?x297) ?x145)))
 (let ((?x53 (* 3 s00)))
 (let ((?x221 (* 3 ?x210)))
 (let ((?x86 (* 18 r00 x00)))
 (let ((?x83 (* 9 s00 r00)))
 (let ((?x78 (* 4 s00 s00)))
 (let ((?x67 (* 6 s00 r00 r00)))
 (let ((?x235 (- (* 6 ?x210 (+ r 1) r00) (* 6 (+ r 1) s00 r00))))
 (let ((?x240 (- (+ (- ?x235 (* 6 ?x210 r00 r00)) ?x67 (* 2 ?x210 ?x210)) (* 9 ?x210 (+ r 1)))))
 (let ((?x244 (+ ?x240 (* 18 (+ r 1) (- x s)) (* 2 ?x210 s00) (* 9 (+ r 1) s00))))
 (let ((?x249 (+ (- (- ?x244 ?x78) (* 9 ?x210 r00)) (* 18 (- x s) r00) ?x83)))
 (let (($x255 (= (- (+ (- (- ?x249 (* 18 (+ r 1) x00)) ?x86) ?x221) ?x53) 0)))
 (let ((?x48 (* 6 s00 r00)))
 (let ((?x39 (* 12 r00 r00 r00)))
 (let ((?x219 (- (- (* 12 (+ r 1) r00 r00) ?x39) (* 2 ?x210 (+ r 1)))))
 (let ((?x226 (- (+ (- ?x219 (* 4 (+ r 1) s00)) ?x48 ?x221) (* 3 (+ r 1)))))
 (let (($x231 (not (= (+ (- (- ?x226 (* 6 (- x s))) ?x53) ?x57 ?x59) 0))))
 (let (($x344 (or $x231 (not $x255) (not (= ?x299 0)) (not (= (+ ?x340 ?x145) 0)))))
 (let ((?x212 (- (- (* 3 (+ r 1) (+ r 1)) (* 3 r00 r00)) ?x210)))
 (let ((?x103 (* 36 s r00 r00)))
 (let ((?x153 (- (- (* 36 s s r00 r00) ?x149) (* 216 s r00 r00 r00))))
 (let ((?x162 (- (- (+ ?x153 (* 432 x r00 r00 r00) ?x156) ?x158) (* 4 s s s))))
 (let ((?x168 (+ (- ?x162 (* 12 s s s00)) ?x165 (* 108 s s00 r00))))
 (let ((?x177 (+ (- (+ (- (- ?x168 (* 216 x s00 r00)) ?x170) ?x103) ?x108) ?x175 (* 15 s s))))
 (let ((?x184 (- (+ (- ?x177 (* 108 s x)) (* 36 3 x x)) (* 66 s s00))))
 (let ((?x192 (- (+ ?x184 (* 36 3 x s00) ?x187 (* 54 s r00)) (* 36 3 x r00))))
 (let ((?x199 (- (- (+ (- ?x192 ?x191) (* 108 s x00)) (* 216 x x00)) ?x197)))
 (let ((?x96 (- (+ (* 2 s s r) (* 2 s r s00)) (* 4 r s00 s00))))
 (let ((?x104 (- (+ ?x96 (* 4 s s r00) (* 36 r x r00)) (* 2 s s00 r00))))
 (let ((?x112 (- (+ (- (- ?x104 ?x102) ?x103) (* 36 x r00 r00) ?x108) (* 36 r r00 x00))))
 (let ((?x124 (+ (- (+ (- ?x112 ?x111) (* 3 s s)) (* 24 s r)) (* 6 s x) (* 54 r x) (* 12 s s00) (* 24 r s00))))
 (let ((?x134 (+ (- (- (- ?x124 (* 6 x s00)) ?x127) (* 24 s r00)) (* 54 x r00) ?x133)))
 (let ((?x142 (- (+ (- (- ?x134 (* 6 s x00)) (* 54 r x00)) ?x139) ?x141)))
 (let ((?x66 (- (- (* 6 s r r00) (* 6 r s00 r00)) (* 6 s r00 r00))))
 (let ((?x77 (+ (- (+ ?x66 ?x67 (* 2 s s)) (* 9 s r)) (* 18 r x) (* 2 s s00) (* 9 r s00))))
 (let ((?x84 (+ (- (- ?x77 ?x78) (* 9 s r00)) (* 18 x r00) ?x83)))
 (let ((?x52 (* 6 x)))
 (let ((?x51 (* 3 r)))
 (let ((?x46 (- (- (- (* 12 r r00 r00) ?x39) (* 2 s r)) (* 4 r s00))))
 (let (($x61 (= (+ (- (- (- (+ ?x46 ?x48 ?x49) ?x51) ?x52) ?x53) ?x57 ?x59) 0)))
 (let (($x36 (= (+ (- (- (* 3 r r) (* 3 r00 r00)) s) s00) 0)))
 (let (($x345 (and $x36 $x61 (= (- (+ (- (- ?x84 (* 18 r x00)) ?x86) ?x49) ?x53) 0) (= (- (+ ?x142 ?x143) ?x145) 0) (= (+ (- (+ ?x199 ?x200 ?x201) ?x143) ?x145) 0) (= (+ ?x212 s00) 0) $x344)))
 (rewrite (= $x345 $x2196)))))))))))))))))))))))))))))))))))))))))))))))))))))))))))))))))))))))))))))))))))))))))))))))))))))))))))))))))))))))))))))))))))))))))))))))))))))))))))))))))))))))))))))))))))))))))))))))))))))))))
 ))
 (let ((@x347 (asserted $x346)))
 (let ((@x1852 (mp (mp @x347 (quant-intro (proof-bind ?x1006) (= $x346 $x2626)) $x2626) (rewrite (= $x2626 $x2626)) $x2626)))
 (let ((@x3831 (mp~ (mp @x1852 (quant-intro (proof-bind ?x1929) (= $x2626 $x1926)) $x1926) (sk (~ $x1926 $x713)) $x713)))
 (let ((@x3270 (mp @x3831 (rewrite (= $x713 $x1053)) $x1053)))
 (let ((@x2833 (and-elim @x3270 $x417)))
 (let ((@x3796 (unit-resolution ((_ th-lemma arith triangle-eq) (or (not $x417) $x1885)) @x2833 $x1885)))
 (let (($x1886 (>= ?x3722 0)))
 (let ((@x1575 (unit-resolution ((_ th-lemma arith triangle-eq) (or (not $x417) $x1886)) @x2833 $x1886)))
 (let (($x1884 (<= ?x3922 0)))
 (let ((@x3152 (and-elim @x3270 $x3923)))
 (let ((@x1680 (unit-resolution ((_ th-lemma arith triangle-eq) (or (not $x3923) $x1884)) @x3152 $x1884)))
 (let (($x2763 (>= ?x3922 0)))
 (let ((@x1754 (unit-resolution ((_ th-lemma arith triangle-eq) (or (not $x3923) $x2763)) @x3152 $x2763)))
 (let (($x1212 (<= ?x2759 0)))
 (let ((@x2841 (and-elim @x3270 $x2762)))
 (let ((@x2914 (unit-resolution ((_ th-lemma arith triangle-eq) (or (not $x2762) $x1212)) @x2841 $x1212)))
 (let (($x3757 (>= ?x2759 0)))
 (let ((@x2136 (unit-resolution ((_ th-lemma arith triangle-eq) (or (not $x2762) $x3757)) @x2841 $x3757)))
 (let (($x3677 (<= ?x2118 0)))
 (let ((@x2846 (and-elim @x3270 $x2119)))
 (let ((@x773 (unit-resolution ((_ th-lemma arith triangle-eq) (or (not $x2119) $x3677)) @x2846 $x3677)))
 (let (($x2340 (>= ?x2118 0)))
 (let ((@x2916 (unit-resolution ((_ th-lemma arith triangle-eq) (or (not $x2119) $x2340)) @x2846 $x2340)))
 (let (($x3416 (<= ?x3104 0)))
 (let ((@x1783 (and-elim @x3270 $x1955)))
 (let ((@x2226 (unit-resolution ((_ th-lemma arith triangle-eq) (or (not $x1955) $x3416)) @x1783 $x3416)))
 (let (($x3444 (>= ?x3104 0)))
 (let ((@x3359 (unit-resolution ((_ th-lemma arith triangle-eq) (or (not $x1955) $x3444)) @x1783 $x3444)))
 (let (($x3452 (<= ?x3560 0)))
 (let (($x2566 (<= ?x667 0)))
 (let ((@x2823 ((_ th-lemma arith) (hypothesis (not $x2566)) @x1754 @x1680 @x2916 @x773 @x2916 @x773 @x2916 @x773 @x1754 @x1680 @x2136 @x2914 @x2136 @x2914 @x1754 @x1680 @x1754 @x1680 @x1575 @x3796 false)))
 (let ((@x1757 (lemma @x2823 $x2566)))
 (let (($x1389 (>= ?x667 0)))
 (let ((@x2496 ((_ th-lemma arith) (hypothesis (not $x1389)) @x1754 @x1680 @x2916 @x773 @x2916 @x773 @x2916 @x773 @x1754 @x1680 @x2136 @x2914 @x2136 @x2914 @x1754 @x1680 @x1754 @x1680 @x1575 @x3796 false)))
 (let ((@x605 (lemma @x2496 $x1389)))
 (let ((@x1396 ((_ th-lemma arith) (hypothesis (not $x3452)) @x1754 @x1680 @x2916 @x773 @x2136 @x2914 @x605 @x1757 @x1754 @x1680 false)))
 (let ((@x879 (lemma @x1396 $x3452)))
 (let (($x3456 (>= ?x3560 0)))
 (let ((@x3069 ((_ th-lemma arith) (hypothesis (not $x3456)) @x1754 @x1680 @x2916 @x773 @x2136 @x2914 @x605 @x1757 @x1754 @x1680 false)))
 (let ((@x2276 (lemma @x3069 $x3456)))
 (let (($x1143 (not (<= ?x2628 0))))
 (let ((@x478 (unit-resolution ((_ th-lemma arith triangle-eq) (or $x3576 (not $x3452) (not $x3456))) @x2276 (or $x3576 (not $x3452)))))
 (let ((@x2381 (unit-resolution ((_ th-lemma arith triangle-eq) (or $x668 (not $x2566) (not $x1389))) @x1757 @x605 $x668)))
 (let ((@x2845 (unit-resolution (hypothesis $x529) ((_ th-lemma arith eq-propagate 4 4 -1 -1) @x1754 @x1680 @x1575 @x3796 $x3112) false)))
 (let ((@x1761 (unit-resolution (and-elim @x3270 $x2495) (lemma @x2845 $x3112) @x2381 (or $x1629 $x485))))
 (let (($x2412 (>= ?x2628 0)))
 (let ((@x2869 ((_ th-lemma arith) (hypothesis (not $x2412)) @x1754 @x1680 @x2916 @x773 @x1754 @x1680 @x2916 @x773 @x2136 @x2914 @x1754 @x1680 @x605 @x1757 @x2916 @x773 @x2276 @x879 @x1575 @x3796 @x1754 @x1680 @x3359 @x2226 @x2916 @x773 @x2136 @x2914 @x1754 @x1680 @x1575 @x3796 false)))
 (let ((@x2368 (unit-resolution ((_ th-lemma arith triangle-eq) (or $x2617 $x1143 (not $x2412))) (lemma @x2869 $x2412) (unit-resolution @x1761 (unit-resolution @x478 @x879 $x3576) $x485) $x1143)))
 ((_ th-lemma arith) @x2368 @x1754 @x1680 @x2916 @x773 @x1754 @x1680 @x2916 @x773 @x2136 @x2914 @x1754 @x1680 @x605 @x1757 @x2916 @x773 @x2276 @x879 @x1575 @x3796 @x1754 @x1680 @x3359 @x2226 @x2916 @x773 @x2136 @x2914 @x1754 @x1680 @x1575 @x3796 false))))))))))))))))))))))))))))))))))))))))))))))))))))))))))))))))))))))))))))))))))))))))))))))))))))))))))))))))))))))))))))))))))))))))))))))))))))))))))))))))))))))))))))))))))))))))))))))))))))))))))))))))))))))))))))))))))))))))))))))))))))))))))))))))))))))))))))))))))))))))))))))

