unsat
((set-logic NIA)
(declare-fun r!0 () Int)
(declare-fun s!1 () Int)
(declare-fun x!2 () Int)
(proof
(let ((?x348 (* r00 r00)))
 (let ((?x3637 (* (- 3) ?x348)))
 (let ((?x1169 (+ s00 ?x3637 (* (- 1) s!1) (* 3 (* r!0 r!0)))))
 (let (($x1708 (<= ?x1169 0)))
 (let (($x4494 (= ?x1169 0)))
 (let ((?x3741 (* s!1 s!1)))
 (let ((?x3429 (* s!1 x!2)))
 (let ((?x1835 (* (- 6) ?x3429)))
 (let ((?x1781 (* (- 36) (* r00 r00 x!2))))
 (let ((?x1834 (* 36 (* r00 x00 r!0))))
 (let ((?x2866 (* s00 s!1 r!0)))
 (let ((?x4068 (* (- 2) ?x2866)))
 (let ((?x2580 (* x00 s!1)))
 (let ((?x1365 (* 6 ?x2580)))
 (let ((?x945 (* (- 4) (* r00 s!1 s!1))))
 (let ((?x2070 (* s00 x!2)))
 (let ((?x939 (* 6 ?x2070)))
 (let ((?x1691 (* r00 s00 s!1)))
 (let ((?x882 (* 2 ?x1691)))
 (let ((?x881 (* (- 36) (* r00 x!2 r!0))))
 (let ((?x1113 (* s00 x00)))
 (let ((?x2092 (* (- 6) ?x1113)))
 (let ((?x886 (* r00 r00 x00)))
 (let ((?x4170 (* 36 ?x886)))
 (let ((?x854 (* s!1 s!1 r!0)))
 (let ((?x1914 (* (- 2) ?x854)))
 (let ((?x741 (* r00 s00 s00)))
 (let ((?x4059 (* 2 ?x741)))
 (let ((?x630 (* r00 r00 s00)))
 (let ((?x1166 (* (- 36) ?x630)))
 (let ((?x3618 (* 4 (* s00 s00 r!0))))
 (let ((?x1689 (* 108 ?x348)))
 (let ((?x3574 (+ (* 36 r00) (* (- 57) s00) (* 72 x00) ?x1689 (* (- 114) (* s00 r!0)) (* (- 18) (* r00 s00)) ?x3618 ?x1166 (* 19 (* s00 s00)) ?x4059 (* 90 (* r00 x00)) ?x1914 ?x4170 (* (- 20) (* s00 s!1)) ?x2092 (* 57 s!1) (* (- 72) x!2) (* (- 90) (* x!2 r!0)) ?x881 ?x882 (* 90 (* x00 r!0)) (* 216 (* r00 r00 r!0)) ?x939 (* 12 (* r00 s00 r!0)) (* 72 (* r00 r00 s!1)) ?x945 ?x1365 (* (- 24) (* s!1 r!0 r!0)) (* (- 72) (* r!0 r!0 r!0)) ?x4068 (* 90 (* r00 s!1)) (* 42 (* s!1 r!0)) (* (- 12) (* r00 s!1 r!0)) ?x1834 ?x1781 ?x1835 ?x3741 (* (- 90) (* r00 x!2)) (* (- 108) (* r!0 r!0)) (* (- 144) (* r00 r!0 r!0)) (* (- 12) (* s00 r!0 r!0)) (* (- 36) r!0))))
 (let (($x3582 (= ?x3574 0)))
 (let (($x3656 (not $x3582)))
 (let ((?x3775 (* r00 x!2)))
 (let ((?x1754 (* (- 18) ?x3775)))
 (let ((?x1753 (* (- 2) ?x3741)))
 (let ((?x3017 (* r00 s!1 r!0)))
 (let ((?x1750 (* (- 6) ?x3017)))
 (let ((?x2482 (* r00 r00 s!1)))
 (let ((?x1748 (* 6 ?x2482)))
 (let ((?x2443 (* r00 s00 r!0)))
 (let ((?x1711 (* 6 ?x2443)))
 (let ((?x1734 (* x00 r!0)))
 (let ((?x1712 (* 18 ?x1734)))
 (let ((?x1378 (* x!2 r!0)))
 (let ((?x1710 (* (- 18) ?x1378)))
 (let ((?x1038 (* s00 s!1)))
 (let ((?x1709 (* (- 2) ?x1038)))
 (let ((?x785 (* r00 x00)))
 (let ((?x1703 (* 18 ?x785)))
 (let ((?x691 (* s00 s00)))
 (let ((?x1697 (* 4 ?x691)))
 (let ((?x1696 (* (- 6) ?x630)))
 (let ((?x2061 (+ (* 9 r00) (* (- 12) s00) (* 18 x00) (* 18 ?x348) (* (- 21) (* s00 r!0)) (* (- 3) (* r00 s00)) ?x1696 ?x1697 ?x1703 ?x1709 (* 12 s!1) (* (- 18) x!2) ?x1710 ?x1712 (* 36 (* r00 r00 r!0)) ?x1711 ?x1748 (* 21 (* r00 s!1)) (* 3 (* s!1 r!0)) ?x1750 ?x1753 ?x1754 (* (- 18) (* r!0 r!0)) (* (- 36) (* r00 r!0 r!0)) (* (- 9) r!0))))
 (let (($x1335 (= ?x2061 0)))
 (let ((?x3623 (* (- 3) r!0)))
 (let ((?x3002 (* s!1 r!0)))
 (let ((?x3619 (* (- 2) ?x3002)))
 (let ((?x1797 (* r00 r00 r!0)))
 (let ((?x4051 (* 12 ?x1797)))
 (let ((?x4070 (* (- 6) x!2)))
 (let ((?x480 (* r00 s00)))
 (let ((?x3328 (* 6 ?x480)))
 (let ((?x414 (* s00 r!0)))
 (let ((?x2384 (* (- 4) ?x414)))
 (let ((?x406 (* r00 r00 r00)))
 (let ((?x3666 (* (- 12) ?x406)))
 (let ((?x1551 (* 12 ?x348)))
 (let ((?x59 (* 6 x00)))
 (let ((?x662 (* (- 7) s00)))
 (let ((?x57 (* 3 r00)))
 (let ((?x4095 (+ ?x57 ?x662 ?x59 ?x1551 ?x3666 ?x2384 ?x3328 (* 7 s!1) ?x4070 ?x4051 ?x3619 (* (- 12) (* r!0 r!0)) ?x3623)))
 (let ((?x3159 (* (- 108) ?x3775)))
 (let ((?x3149 (* (- 216) (* r00 s00 x!2))))
 (let ((?x2891 (* (- 12) (* s00 s!1 s!1))))
 (let ((?x2910 (* x!2 x!2)))
 (let ((?x2889 (* 108 ?x2910)))
 (let ((?x2469 (* 108 ?x2070)))
 (let ((?x1176 (* 432 (* r00 r00 r00 x!2))))
 (let ((?x1424 (* x00 x00)))
 (let ((?x4432 (* 108 ?x1424)))
 (let ((?x1214 (* r00 s00 x00)))
 (let ((?x4389 (* 216 ?x1214)))
 (let ((?x1121 (* s!1 s!1 s!1)))
 (let ((?x1171 (* (- 4) ?x1121)))
 (let ((?x2546 (* (- 108) ?x1113)))
 (let ((?x1033 (* s00 s00 s00)))
 (let ((?x2268 (* 16 ?x1033)))
 (let ((?x1153 (* 36 (* r00 r00 s!1 s!1))))
 (let ((?x866 (* r00 r00 r00 x00)))
 (let ((?x1948 (* (- 432) ?x866)))
 (let ((?x848 (* r00 r00 r00 s00)))
 (let ((?x2982 (* 216 ?x848)))
 (let ((?x4426 (* 108 ?x785)))
 (let ((?x2784 (* (- 108) ?x741)))
 (let ((?x1002 (* 51 ?x691)))
 (let ((?x597 (* r00 r00 s00 s00)))
 (let ((?x1895 (* (- 36) ?x597)))
 (let ((?x3781 (* (- 216) (* x00 x!2))))
 (let ((?x2552 (* 270 ?x480)))
 (let ((?x3989 (* (- 648) ?x406)))
 (let ((?x3467 (* 432 ?x348)))
 (let ((?x4145 (* 324 x00)))
 (let ((?x2238 (* (- 297) s00)))
 (let ((?x1675 (* 162 r00)))
 (let ((?x3728 (+ ?x1675 ?x2238 ?x4145 ?x3467 ?x3989 (* (- 828) ?x414) ?x2552 ?x3781 ?x1895 ?x1166 ?x1002 ?x2784 ?x4426 ?x2982 (* (- 72) ?x854) ?x1948 ?x1153 (* 1296 (* r00 r00 r!0 r!0)) ?x2268 (* (- 246) ?x1038) ?x2546 ?x1171 ?x4389 (* 297 s!1) (* (- 324) x!2) (* (- 648) ?x1378) ?x4432 (* 324 ?x1691) (* 648 ?x1734) (* 1512 ?x1797) ?x1176 ?x2469 (* (- 648) (* r00 r00 r00 s!1)) (* 648 ?x2443) (* 252 ?x2482) (* 324 ?x2580) (* (- 432) (* s!1 r!0 r!0)) (* (- 864) (* r!0 r!0 r!0)) (* (- 144) ?x2866) (* 162 (* r00 s!1)) ?x2889 (* 396 ?x3002) ?x2891 (* (- 324) ?x3429) ?x3149 (* 324 (* r00 r!0)) (* 195 ?x3741) (* 432 (* r00 r00 s!1 r!0)) ?x3159 (* (- 756) (* r!0 r!0)) (* (- 432) (* s00 r!0 r!0)) (* (- 1296) (* r00 r00 r00 r!0)) (* (- 162) r!0))))
 (let ((?x942 (* 36 ?x2482)))
 (let ((?x2509 (* (- 9) s!1)))
 (let ((?x1612 (* (- 54) ?x480)))
 (let ((?x145 (* 9 s00)))
 (let ((?x1235 (+ ?x145 ?x1612 ?x3781 ?x1895 ?x1166 ?x1002 ?x2784 ?x4426 ?x2982 ?x1948 ?x1153 ?x2268 (* (- 66) ?x1038) ?x2546 ?x1171 ?x4389 ?x2509 ?x4432 (* 108 ?x1691) ?x1176 ?x2469 (* (- 216) (* r00 r00 r00 s!1)) ?x942 (* 108 ?x2580) (* 54 (* r00 s!1)) ?x2889 ?x2891 (* (- 108) ?x3429) ?x3149 (* 15 ?x3741) ?x3159)))
 (let (($x1243 (= ?x1235 0)))
 (let ((?x1857 (+ ?x145 (* (- 24) ?x414) (* (- 24) ?x480) ?x3618 ?x1166 (* 15 ?x691) ?x4059 (* 54 ?x785) ?x1914 ?x4170 (* (- 12) ?x1038) ?x2092 ?x2509 (* (- 54) ?x1378) ?x881 ?x882 (* 54 ?x1734) ?x939 ?x942 ?x945 ?x1365 ?x4068 (* 24 (* r00 s!1)) (* 24 ?x3002) ?x1834 ?x1781 ?x1835 (* (- 3) ?x3741) (* (- 54) ?x3775))))
 (let (($x1861 (= ?x1857 0)))
 (let ((?x3112 (* (- 3) s!1)))
 (let ((?x53 (* 3 s00)))
 (let ((?x1755 (+ ?x53 (* (- 9) ?x414) (* (- 9) ?x480) ?x1696 ?x1697 ?x1703 ?x1709 ?x3112 ?x1710 ?x1712 ?x1711 ?x1748 (* 9 (* r00 s!1)) (* 9 ?x3002) ?x1750 ?x1753 ?x1754)))
 (let (($x1756 (= ?x1755 0)))
 (let ((?x4027 (* 3 s!1)))
 (let ((?x546 (* (- 3) s00)))
 (let (($x4060 (= (+ ?x57 ?x546 ?x59 ?x3666 ?x2384 ?x3328 ?x4027 ?x4070 ?x4051 ?x3619 ?x3623) 0)))
 (let (($x1079 (and $x4494 $x4060 $x1756 $x1861 $x1243 (= ?x3728 0) (= ?x4095 0) $x1335 $x3656)))
 (let ((?x1114 (* 6 ?x1113)))
 (let ((?x2894 (* s!1 x00)))
 (let ((?x675 (* (- 6) ?x2894)))
 (let ((?x3855 (* x!2 s00)))
 (let ((?x2481 (* (- 6) ?x3855)))
 (let ((?x1086 (* x!2 s!1)))
 (let ((?x958 (* 6 ?x1086)))
 (let ((?x899 (* (- 36) ?x886)))
 (let ((?x2191 (* (- 36) (* r!0 r00 x00))))
 (let ((?x3476 (* 36 (* x!2 r00 r00))))
 (let ((?x4483 (* (- 90) ?x785)))
 (let ((?x762 (* (- 2) ?x741)))
 (let ((?x4285 (* (- 19) ?x691)))
 (let ((?x3461 (* s!1 r00 s00)))
 (let ((?x3471 (* (- 2) ?x3461)))
 (let ((?x4259 (* 36 (* x!2 r!0 r00))))
 (let ((?x4258 (* 4 (* s!1 s!1 r00))))
 (let ((?x849 (* 36 ?x630)))
 (let ((?x4246 (* (- 4) (* r!0 s00 s00))))
 (let ((?x4250 (* s!1 r!0 s00)))
 (let ((?x904 (* 2 ?x4250)))
 (let ((?x4245 (* 2 ?x854)))
 (let ((?x4355 (* 18 ?x480)))
 (let ((?x3911 (* (- 108) ?x348)))
 (let ((?x4454 (* (- 72) x00)))
 (let ((?x4511 (* 57 s00)))
 (let ((?x4333 (* (- 36) r00)))
 (let ((?x1676 (+ (* 72 x!2) (* (- 57) s!1) (* 36 r!0) ?x4333 ?x4511 ?x4454 (* 108 (* r!0 r!0)) ?x3911 (* (- 216) (* r!0 r00 r00)) (* (- 42) ?x3002) (* 114 (* r!0 s00)) ?x4355 (* 144 (* r!0 r!0 r00)) (* 12 (* s!1 r!0 r00)) ?x4245 (* (- 12) (* r!0 r00 s00)) ?x904 ?x4246 (* (- 72) (* s!1 r00 r00)) ?x849 (* (- 1) ?x3741) ?x4258 ?x4259 (* 90 ?x1378) (* 20 (* s!1 s00)) ?x3471 ?x4285 (* (- 90) (* s!1 r00)) ?x762 (* 90 (* x!2 r00)) (* (- 90) (* r!0 x00)) ?x4483 ?x3476 ?x2191 ?x899 ?x958 ?x2481 ?x675 ?x1114 (* 24 (* s!1 r!0 r!0)) (* 72 (* r!0 r!0 r!0)) (* 12 (* r!0 r!0 s00)))))
 (let ((?x798 (* (- 18) ?x785)))
 (let ((?x3066 (* r!0 x00)))
 (let ((?x420 (* (- 18) ?x3066)))
 (let ((?x1818 (* x!2 r00)))
 (let ((?x1819 (* 18 ?x1818)))
 (let ((?x704 (* (- 4) ?x691)))
 (let ((?x1567 (* s!1 s00)))
 (let ((?x2365 (* 2 ?x1567)))
 (let ((?x1563 (* 18 ?x1378)))
 (let ((?x1385 (* 2 ?x3741)))
 (let ((?x631 (* 6 ?x630)))
 (let ((?x681 (* s!1 r00 r00)))
 (let ((?x3692 (* (- 6) ?x681)))
 (let ((?x3747 (* r!0 r00 s00)))
 (let ((?x1018 (* (- 6) ?x3747)))
 (let ((?x788 (* s!1 r!0 r00)))
 (let ((?x1904 (* 6 ?x788)))
 (let ((?x3688 (* 3 ?x480)))
 (let ((?x3391 (* (- 18) ?x348)))
 (let ((?x3723 (* (- 18) x00)))
 (let ((?x3776 (* 12 s00)))
 (let ((?x3667 (* (- 9) r00)))
 (let ((?x3542 (+ (* 18 x!2) (* (- 12) s!1) (* 9 r!0) ?x3667 ?x3776 ?x3723 (* 18 (* r!0 r!0)) ?x3391 (* (- 36) (* r!0 r00 r00)) (* (- 3) ?x3002) (* 21 (* r!0 s00)) ?x3688 (* 36 (* r!0 r!0 r00)) ?x1904 ?x1018 ?x3692 ?x631 ?x1385 ?x1563 ?x2365 ?x704 (* (- 21) (* s!1 r00)) ?x1819 ?x420 ?x798)))
 (let ((?x574 (* (- 6) ?x480)))
 (let ((?x4019 (* r!0 s00)))
 (let ((?x3069 (* 4 ?x4019)))
 (let ((?x902 (* 2 ?x3002)))
 (let ((?x407 (* 12 ?x406)))
 (let ((?x1094 (* r!0 r00 r00)))
 (let ((?x1158 (* (- 12) ?x1094)))
 (let ((?x3270 (* (- 12) ?x348)))
 (let ((?x572 (* (- 6) x00)))
 (let ((?x3268 (* 7 s00)))
 (let ((?x571 (* (- 3) r00)))
 (let ((?x1080 (* 3 r!0)))
 (let ((?x1102 (* 6 x!2)))
 (let ((?x1387 (+ ?x1102 (* (- 7) s!1) ?x1080 ?x571 ?x3268 ?x572 (* 12 (* r!0 r!0)) ?x3270 ?x1158 ?x407 ?x902 ?x3069 ?x574)))
 (let ((?x1484 (* (- 108) ?x1424)))
 (let ((?x890 (* 216 (* x!2 x00))))
 (let ((?x2935 (* (- 108) ?x2910)))
 (let ((?x1482 (* (- 216) ?x1214)))
 (let ((?x1396 (* 108 ?x1113)))
 (let ((?x2934 (* 216 (* x!2 r00 s00))))
 (let ((?x1480 (* (- 16) ?x1033)))
 (let ((?x3760 (* 12 (* s!1 s!1 s00))))
 (let ((?x1122 (* (- 108) ?x3855)))
 (let ((?x3815 (* 4 ?x1121)))
 (let ((?x869 (* 432 ?x866)))
 (let ((?x1477 (* (- 216) ?x848)))
 (let ((?x3761 (* (- 432) (* x!2 r00 r00 r00))))
 (let ((?x1475 (* (- 108) ?x785)))
 (let ((?x3529 (* 108 ?x1818)))
 (let ((?x1128 (* 108 ?x741)))
 (let ((?x1473 (* (- 51) ?x691)))
 (let ((?x600 (* 36 ?x597)))
 (let ((?x3187 (* (- 36) (* s!1 s!1 r00 r00))))
 (let ((?x2826 (* (- 270) ?x480)))
 (let ((?x1572 (* 648 ?x406)))
 (let ((?x2820 (* (- 432) ?x348)))
 (let ((?x2817 (* (- 324) x00)))
 (let ((?x2816 (* 297 s00)))
 (let ((?x2814 (* (- 162) r00)))
 (let ((?x1147 (+ (* 324 x!2) (* (- 297) s!1) (* 162 r!0) ?x2814 ?x2816 ?x2817 (* 756 (* r!0 r!0)) ?x2820 (* (- 1512) ?x1094) ?x1572 (* (- 396) ?x3002) (* 828 ?x4019) ?x2826 (* 72 ?x854) (* (- 648) ?x3747) (* 144 ?x4250) ?x3187 ?x600 (* (- 252) ?x681) ?x849 (* (- 195) ?x3741) (* 648 ?x1378) (* 246 ?x1567) (* 648 (* s!1 r00 r00 r00)) (* (- 324) ?x3461) ?x1473 (* (- 162) (* s!1 r00)) ?x1128 ?x3529 (* (- 648) ?x3066) ?x1475 ?x3761 ?x1477 ?x869 ?x3815 (* 324 ?x1086) ?x1122 ?x3760 ?x1480 (* (- 324) ?x2894) ?x2934 ?x1396 ?x1482 ?x2935 ?x890 ?x1484 (* 1296 (* r!0 r00 r00 r00)) (* 432 (* s!1 r!0 r!0)) (* 864 (* r!0 r!0 r!0)) (* 432 (* r!0 r!0 s00)) (* (- 1296) (* r!0 r!0 r00 r00)) (* (- 432) (* s!1 r!0 r00 r00)) (* (- 324) (* r!0 r00)))))
 (let ((?x4252 (* (- 36) ?x681)))
 (let ((?x1334 (* 54 ?x480)))
 (let ((?x1167 (* (- 9) s00)))
 (let ((?x694 (* 9 s!1)))
 (let ((?x2931 (+ ?x694 ?x1167 ?x1334 ?x3187 ?x600 ?x4252 ?x849 (* (- 15) ?x3741) (* 66 ?x1567) (* 216 (* s!1 r00 r00 r00)) (* (- 108) ?x3461) ?x1473 (* (- 54) (* s!1 r00)) ?x1128 ?x3529 ?x1475 ?x3761 ?x1477 ?x869 ?x3815 (* 108 ?x1086) ?x1122 ?x3760 ?x1480 (* (- 108) ?x2894) ?x2934 ?x1396 ?x1482 ?x2935 ?x890 ?x1484)))
 (let ((?x1137 (* (- 54) ?x785)))
 (let ((?x1009 (* (- 15) ?x691)))
 (let ((?x1050 (* 24 ?x480)))
 (let ((?x1244 (+ ?x694 ?x1167 (* (- 24) ?x3002) (* 24 ?x4019) ?x1050 ?x4245 ?x904 ?x4246 ?x4252 ?x849 (* 3 ?x3741) ?x4258 ?x4259 (* 54 ?x1378) (* 12 ?x1567) ?x3471 ?x1009 (* (- 24) (* s!1 r00)) ?x762 (* 54 ?x1818) (* (- 54) ?x3066) ?x1137 ?x3476 ?x2191 ?x899 ?x958 ?x2481 ?x675 ?x1114)))
 (let ((?x747 (* 9 ?x480)))
 (let ((?x2983 (+ ?x4027 ?x546 (* (- 9) ?x3002) (* 9 ?x4019) ?x747 ?x1904 ?x1018 ?x3692 ?x631 ?x1385 ?x1563 ?x2365 ?x704 (* (- 9) (* s!1 r00)) ?x1819 ?x420 ?x798)))
 (let (($x4025 (= (+ ?x1102 ?x3112 ?x1080 ?x571 ?x53 ?x572 ?x1158 ?x407 ?x902 ?x3069 ?x574) 0)))
 (let (($x3822 (= (+ s!1 (* (- 1) s00) (* (- 3) (* r!0 r!0)) (* 3 ?x348)) 0)))
 (let (($x1056 (and $x3822 $x4025 (= ?x2983 0) (= ?x1244 0) (= ?x2931 0) (= ?x1147 0) (= ?x1387 0) (= ?x3542 0) (not (= ?x1676 0)))))
 (let (($x3184 (exists ((x Int) (s Int) (r Int) )(! (let ((?x1113 (* s00 x00)))
 (let ((?x1114 (* 6 ?x1113)))
 (let ((?x1061 (* s x00)))
 (let ((?x1074 (* (- 6) ?x1061)))
 (let ((?x970 (* x s00)))
 (let ((?x983 (* (- 6) ?x970)))
 (let ((?x949 (* x s)))
 (let ((?x950 (* 6 ?x949)))
 (let ((?x886 (* r00 r00 x00)))
 (let ((?x899 (* (- 36) ?x886)))
 (let ((?x873 (* (- 36) (* r r00 x00))))
 (let ((?x846 (* 36 (* x r00 r00))))
 (let ((?x785 (* r00 x00)))
 (let ((?x4483 (* (- 90) ?x785)))
 (let ((?x758 (* r x00)))
 (let ((?x4456 (* (- 90) ?x758)))
 (let ((?x743 (* x r00)))
 (let ((?x4357 (* 90 ?x743)))
 (let ((?x741 (* r00 s00 s00)))
 (let ((?x762 (* (- 2) ?x741)))
 (let ((?x691 (* s00 s00)))
 (let ((?x4285 (* (- 19) ?x691)))
 (let ((?x682 (* s r00 s00)))
 (let ((?x702 (* (- 2) ?x682)))
 (let ((?x654 (* 36 (* x r r00))))
 (let ((?x648 (* 4 (* s s r00))))
 (let ((?x634 (* s s)))
 (let ((?x2250 (* (- 1) ?x634)))
 (let ((?x630 (* r00 r00 s00)))
 (let ((?x849 (* 36 ?x630)))
 (let ((?x615 (* (- 4) (* r s00 s00))))
 (let ((?x589 (* s r s00)))
 (let ((?x590 (* 2 ?x589)))
 (let ((?x585 (* r r00 s00)))
 (let ((?x3854 (* (- 12) ?x585)))
 (let ((?x583 (* s s r)))
 (let ((?x584 (* 2 ?x583)))
 (let ((?x480 (* r00 s00)))
 (let ((?x4355 (* 18 ?x480)))
 (let ((?x402 (* r r00 r00)))
 (let ((?x3914 (* (- 216) ?x402)))
 (let ((?x348 (* r00 r00)))
 (let ((?x3911 (* (- 108) ?x348)))
 (let ((?x344 (* r r)))
 (let ((?x4309 (* 108 ?x344)))
 (let ((?x4454 (* (- 72) x00)))
 (let ((?x4511 (* 57 s00)))
 (let ((?x4333 (* (- 36) r00)))
 (let ((?x3516 (* 36 r)))
 (let ((?x4221 (* 72 x)))
 (let ((?x4092 (+ ?x4221 (* (- 57) s) ?x3516 ?x4333 ?x4511 ?x4454 ?x4309 ?x3911 ?x3914 (* (- 42) (* s r)) (* 114 (* r s00)) ?x4355 (* 144 (* r r r00)) (* 12 (* s r r00)) ?x584 ?x3854 ?x590 ?x615 (* (- 72) (* s r00 r00)) ?x849 ?x2250 ?x648 ?x654 (* 90 (* x r)) (* 20 (* s s00)) ?x702 ?x4285 (* (- 90) (* s r00)) ?x762 ?x4357 ?x4456 ?x4483 ?x846 ?x873 ?x899 ?x950 ?x983 ?x1074 ?x1114 (* 24 (* s r r)) (* 72 (* r r r)) (* 12 (* r r s00)))))
 (let (($x4098 (not (= ?x4092 0))))
 (let ((?x798 (* (- 18) ?x785)))
 (let ((?x772 (* (- 18) ?x758)))
 (let ((?x744 (* 18 ?x743)))
 (let ((?x717 (* s r00)))
 (let ((?x2254 (* (- 21) ?x717)))
 (let ((?x704 (* (- 4) ?x691)))
 (let ((?x676 (* s s00)))
 (let ((?x677 (* 2 ?x676)))
 (let ((?x672 (* x r)))
 (let ((?x673 (* 18 ?x672)))
 (let ((?x635 (* 2 ?x634)))
 (let ((?x631 (* 6 ?x630)))
 (let ((?x603 (* s r00 r00)))
 (let ((?x617 (* (- 6) ?x603)))
 (let ((?x598 (* (- 6) ?x585)))
 (let ((?x581 (* s r r00)))
 (let ((?x582 (* 6 ?x581)))
 (let ((?x504 (* r r r00)))
 (let ((?x4006 (* 36 ?x504)))
 (let ((?x3688 (* 3 ?x480)))
 (let ((?x453 (* r s00)))
 (let ((?x1528 (* 21 ?x453)))
 (let ((?x425 (* s r)))
 (let ((?x1525 (* (- 3) ?x425)))
 (let ((?x3394 (* (- 36) ?x402)))
 (let ((?x3391 (* (- 18) ?x348)))
 (let ((?x1524 (* 18 ?x344)))
 (let ((?x3723 (* (- 18) x00)))
 (let ((?x3776 (* 12 s00)))
 (let ((?x3667 (* (- 9) r00)))
 (let ((?x2343 (* 9 r)))
 (let ((?x2274 (* (- 12) s)))
 (let ((?x3553 (* 18 x)))
 (let ((?x3522 (+ ?x3553 ?x2274 ?x2343 ?x3667 ?x3776 ?x3723 ?x1524 ?x3391 ?x3394 ?x1525 ?x1528 ?x3688 ?x4006 ?x582 ?x598 ?x617 ?x631 ?x635 ?x673 ?x677 ?x704 ?x2254 ?x744 ?x772 ?x798)))
 (let (($x3534 (= ?x3522 0)))
 (let ((?x574 (* (- 6) ?x480)))
 (let ((?x454 (* 4 ?x453)))
 (let ((?x427 (* 2 ?x425)))
 (let ((?x406 (* r00 r00 r00)))
 (let ((?x407 (* 12 ?x406)))
 (let ((?x573 (* (- 12) ?x402)))
 (let ((?x3270 (* (- 12) ?x348)))
 (let ((?x572 (* (- 6) x00)))
 (let ((?x3268 (* 7 s00)))
 (let ((?x571 (* (- 3) r00)))
 (let ((?x51 (* 3 r)))
 (let ((?x52 (* 6 x)))
 (let ((?x3271 (+ ?x52 (* (- 7) s) ?x51 ?x571 ?x3268 ?x572 (* 12 ?x344) ?x3270 ?x573 ?x407 ?x427 ?x454 ?x574)))
 (let (($x3272 (= ?x3271 0)))
 (let ((?x2006 (* r r s00)))
 (let ((?x2855 (* 432 ?x2006)))
 (let ((?x1886 (* r r r)))
 (let ((?x2854 (* 864 ?x1886)))
 (let ((?x1864 (* s r r)))
 (let ((?x2852 (* 432 ?x1864)))
 (let ((?x1596 (* r r00 r00 r00)))
 (let ((?x2845 (* 1296 ?x1596)))
 (let ((?x1424 (* x00 x00)))
 (let ((?x1484 (* (- 108) ?x1424)))
 (let ((?x1370 (* x x00)))
 (let ((?x1371 (* 216 ?x1370)))
 (let ((?x1254 (* x x)))
 (let ((?x1483 (* (- 108) ?x1254)))
 (let ((?x1214 (* r00 s00 x00)))
 (let ((?x1482 (* (- 216) ?x1214)))
 (let ((?x1396 (* 108 ?x1113)))
 (let ((?x1066 (* x r00 s00)))
 (let ((?x1067 (* 216 ?x1066)))
 (let ((?x2838 (* (- 324) ?x1061)))
 (let ((?x1033 (* s00 s00 s00)))
 (let ((?x1480 (* (- 16) ?x1033)))
 (let ((?x974 (* s s s00)))
 (let ((?x975 (* 12 ?x974)))
 (let ((?x1478 (* (- 108) ?x970)))
 (let ((?x2837 (* 324 ?x949)))
 (let ((?x926 (* s s s)))
 (let ((?x927 (* 4 ?x926)))
 (let ((?x866 (* r00 r00 r00 x00)))
 (let ((?x869 (* 432 ?x866)))
 (let ((?x848 (* r00 r00 r00 s00)))
 (let ((?x1477 (* (- 216) ?x848)))
 (let ((?x818 (* x r00 r00 r00)))
 (let ((?x1476 (* (- 432) ?x818)))
 (let ((?x1475 (* (- 108) ?x785)))
 (let ((?x1309 (* 108 ?x743)))
 (let ((?x1128 (* 108 ?x741)))
 (let ((?x2836 (* (- 162) ?x717)))
 (let ((?x1473 (* (- 51) ?x691)))
 (let ((?x2834 (* 246 ?x676)))
 (let ((?x2832 (* 648 ?x672)))
 (let ((?x2831 (* (- 195) ?x634)))
 (let ((?x597 (* r00 r00 s00 s00)))
 (let ((?x600 (* 36 ?x597)))
 (let ((?x596 (* s s r00 r00)))
 (let ((?x1469 (* (- 36) ?x596)))
 (let ((?x2828 (* 144 ?x589)))
 (let ((?x2827 (* 72 ?x583)))
 (let ((?x2826 (* (- 270) ?x480)))
 (let ((?x2824 (* 828 ?x453)))
 (let ((?x1572 (* 648 ?x406)))
 (let ((?x2820 (* (- 432) ?x348)))
 (let ((?x2817 (* (- 324) x00)))
 (let ((?x2816 (* 297 s00)))
 (let ((?x2814 (* (- 162) r00)))
 (let ((?x2266 (* 324 x)))
 (let ((?x2553 (+ ?x2266 (* (- 297) s) (* 162 r) ?x2814 ?x2816 ?x2817 (* 756 ?x344) ?x2820 (* (- 1512) ?x402) ?x1572 (* (- 396) ?x425) ?x2824 ?x2826 ?x2827 (* (- 648) ?x585) ?x2828 ?x1469 ?x600 (* (- 252) ?x603) ?x849 ?x2831 ?x2832 ?x2834 (* 648 (* s r00 r00 r00)) (* (- 324) ?x682) ?x1473 ?x2836 ?x1128 ?x1309 (* (- 648) ?x758) ?x1475 ?x1476 ?x1477 ?x869 ?x927 ?x2837 ?x1478 ?x975 ?x1480 ?x2838 ?x1067 ?x1396 ?x1482 ?x1483 ?x1371 ?x1484 ?x2845 ?x2852 ?x2854 ?x2855 (* (- 1296) (* r r r00 r00)) (* (- 432) (* s r r00 r00)) (* (- 324) (* r r00)))))
 (let (($x3448 (= ?x2553 0)))
 (let ((?x679 (* s r00 r00 r00)))
 (let ((?x684 (* 216 ?x679)))
 (let ((?x820 (* (- 36) ?x603)))
 (let ((?x1334 (* 54 ?x480)))
 (let ((?x1167 (* (- 9) s00)))
 (let ((?x143 (* 9 s)))
 (let ((?x1485 (+ ?x143 ?x1167 ?x1334 ?x1469 ?x600 ?x820 ?x849 (* (- 15) ?x634) (* 66 ?x676) ?x684 (* (- 108) ?x682) ?x1473 (* (- 54) ?x717) ?x1128 ?x1309 ?x1475 ?x1476 ?x1477 ?x869 ?x927 (* 108 ?x949) ?x1478 ?x975 ?x1480 (* (- 108) ?x1061) ?x1067 ?x1396 ?x1482 ?x1483 ?x1371 ?x1484)))
 (let (($x1486 (= ?x1485 0)))
 (let ((?x1137 (* (- 54) ?x785)))
 (let ((?x1009 (* (- 15) ?x691)))
 (let ((?x912 (* 3 ?x634)))
 (let ((?x1050 (* 24 ?x480)))
 (let ((?x1173 (+ ?x143 ?x1167 (* (- 24) ?x425) (* 24 ?x453) ?x1050 ?x584 ?x590 ?x615 ?x820 ?x849 ?x912 ?x648 ?x654 (* 54 ?x672) (* 12 ?x676) ?x702 ?x1009 (* (- 24) ?x717) ?x762 (* 54 ?x743) (* (- 54) ?x758) ?x1137 ?x846 ?x873 ?x899 ?x950 ?x983 ?x1074 ?x1114)))
 (let (($x1180 (= ?x1173 0)))
 (let ((?x730 (* (- 9) ?x717)))
 (let ((?x747 (* 9 ?x480)))
 (let ((?x680 (* 9 ?x453)))
 (let ((?x659 (* (- 9) ?x425)))
 (let ((?x546 (* (- 3) s00)))
 (let ((?x49 (* 3 s)))
 (let ((?x830 (+ ?x49 ?x546 ?x659 ?x680 ?x747 ?x582 ?x598 ?x617 ?x631 ?x635 ?x673 ?x677 ?x704 ?x730 ?x744 ?x772 ?x798)))
 (let (($x837 (= ?x830 0)))
 (let ((?x53 (* 3 s00)))
 (let ((?x570 (* (- 3) s)))
 (let (($x576 (= (+ ?x52 ?x570 ?x51 ?x571 ?x53 ?x572 ?x573 ?x407 ?x427 ?x454 ?x574) 0)))
 (let (($x397 (= (+ s (* (- 1) s00) (* (- 3) ?x344) (* 3 ?x348)) 0)))
 (and $x397 $x576 $x837 $x1180 $x1486 $x3448 $x3272 $x3534 $x4098)))))))))))))))))))))))))))))))))))))))))))))))))))))))))))))))))))))))))))))))))))))))))))))))))))))))))))))))))))))))))))))))))))))))))))))))))))))))))))))))))))))))))))))))))))))))))) :qid k!38))
 ))
 (let (($x3714 (exists ((x Int) (s Int) (r Int) )(! (let ((?x1167 (* (- 9) s00)))
 (let ((?x3102 (* 54 r)))
 (let ((?x143 (* 9 s)))
 (let ((?x785 (* r00 x00)))
 (let ((?x1137 (* (- 54) ?x785)))
 (let ((?x1113 (* s00 x00)))
 (let ((?x1114 (* 6 ?x1113)))
 (let ((?x480 (* r00 s00)))
 (let ((?x1050 (* 24 ?x480)))
 (let ((?x691 (* s00 s00)))
 (let ((?x1009 (* (- 15) ?x691)))
 (let ((?x206 (* 6 r)))
 (let ((?x3657 (+ 3 s ?x206)))
 (let ((?x372 (* (- 1) s)))
 (let ((?x2142 (+ x ?x372)))
 (let ((?x1743 (* ?x2142 ?x3657)))
 (let ((?x886 (* r00 r00 x00)))
 (let ((?x899 (* (- 36) ?x886)))
 (let ((?x630 (* r00 r00 s00)))
 (let ((?x849 (* 36 ?x630)))
 (let ((?x741 (* r00 s00 s00)))
 (let ((?x762 (* (- 2) ?x741)))
 (let ((?x841 (+ (* 2 (* (+ 1 r) ?x3657 ?x3657)) (* 2 (* s00 (+ 1 r) ?x3657)) (* (- 4) (* s00 s00 (+ 1 r))) (* 4 (* r00 ?x3657 ?x3657)) (* 36 (* r00 (+ 1 r) ?x2142)) (* (- 2) (* r00 s00 ?x3657)) ?x762 (* (- 36) (* r00 r00 ?x3657)) (* 36 (* r00 r00 ?x2142)) ?x849 (* (- 36) (* r00 x00 (+ 1 r))) ?x899 (* 3 (* ?x3657 ?x3657)) (* (- 24) (* (+ 1 r) ?x3657)) (* 6 ?x1743) (* 54 (* (+ 1 r) ?x2142)) (* 12 (* s00 ?x3657)) (* 24 (* s00 (+ 1 r))) (* (- 6) (* s00 ?x2142)) ?x1009 (* (- 24) (* r00 ?x3657)) (* 54 (* r00 ?x2142)) ?x1050 (* (- 6) (* x00 ?x3657)) (* (- 54) (* x00 (+ 1 r))) ?x1114 ?x1137 ?x143 ?x3102 ?x1167)))
 (let (($x3725 (not (= ?x841 (- 27)))))
 (let ((?x546 (* (- 3) s00)))
 (let ((?x4367 (* 18 r)))
 (let ((?x49 (* 3 s)))
 (let ((?x798 (* (- 18) ?x785)))
 (let ((?x1104 (+ 1 r)))
 (let ((?x1354 (* x00 ?x1104)))
 (let ((?x699 (* (- 18) ?x1354)))
 (let ((?x747 (* 9 ?x480)))
 (let ((?x4516 (* r00 ?x2142)))
 (let ((?x2969 (* 18 ?x4516)))
 (let ((?x946 (* r00 ?x3657)))
 (let ((?x4411 (* (- 9) ?x946)))
 (let ((?x704 (* (- 4) ?x691)))
 (let ((?x4188 (* s00 ?x1104)))
 (let ((?x2112 (* 9 ?x4188)))
 (let ((?x1757 (* s00 ?x3657)))
 (let ((?x2099 (* 2 ?x1757)))
 (let ((?x2466 (* ?x1104 ?x2142)))
 (let ((?x2467 (* 18 ?x2466)))
 (let ((?x3126 (* ?x1104 ?x3657)))
 (let ((?x2453 (* (- 9) ?x3126)))
 (let ((?x1729 (* ?x3657 ?x3657)))
 (let ((?x2336 (* 2 ?x1729)))
 (let ((?x631 (* 6 ?x630)))
 (let ((?x2926 (* r00 r00 ?x3657)))
 (let ((?x2313 (* (- 6) ?x2926)))
 (let ((?x3978 (* r00 s00 ?x1104)))
 (let ((?x1552 (* (- 6) ?x3978)))
 (let ((?x3959 (* r00 ?x1104 ?x3657)))
 (let ((?x3967 (* 6 ?x3959)))
 (let ((?x3039 (+ ?x3967 ?x1552 ?x2313 ?x631 ?x2336 ?x2453 ?x2467 ?x2099 ?x2112 ?x704 ?x4411 ?x2969 ?x747 ?x699 ?x798 ?x49 ?x4367 ?x546)))
 (let (($x3040 (= ?x3039 (- 9))))
 (let ((?x59 (* 6 x00)))
 (let ((?x57 (* 3 r00)))
 (let ((?x1988 (* (- 6) x)))
 (let ((?x2698 (* 15 r)))
 (let ((?x3328 (* 6 ?x480)))
 (let ((?x3397 (* (- 4) ?x4188)))
 (let ((?x4022 (* (- 2) ?x3126)))
 (let ((?x406 (* r00 r00 r00)))
 (let ((?x3666 (* (- 12) ?x406)))
 (let ((?x834 (* r00 r00 ?x1104)))
 (let ((?x423 (* 12 ?x834)))
 (let ((?x1048 (+ ?x423 ?x3666 ?x4022 ?x3397 ?x3328 ?x143 ?x2698 ?x1988 ?x546 ?x57 ?x59)))
 (let (($x2386 (= ?x1048 (- 6))))
 (let ((?x790 (* (- 6) r)))
 (let ((?x348 (* r00 r00)))
 (let ((?x3637 (* (- 3) ?x348)))
 (let ((?x1110 (* ?x1104 ?x1104)))
 (let ((?x778 (* 3 ?x1110)))
 (let ((?x547 (+ ?x778 ?x3637 ?x372 ?x790 s00)))
 (let (($x548 (= ?x547 3)))
 (let ((?x145 (* 9 s00)))
 (let ((?x2782 (* (- 54) r)))
 (let ((?x1628 (* (- 9) s)))
 (let ((?x1424 (* x00 x00)))
 (let ((?x4432 (* 108 ?x1424)))
 (let ((?x4426 (* 108 ?x785)))
 (let ((?x2546 (* (- 108) ?x1113)))
 (let ((?x4442 (* x00 ?x2142)))
 (let ((?x4458 (* (- 216) ?x4442)))
 (let ((?x2929 (* x00 ?x3657)))
 (let ((?x2930 (* 108 ?x2929)))
 (let ((?x1612 (* (- 54) ?x480)))
 (let ((?x913 (* (- 108) ?x4516)))
 (let ((?x2213 (* 54 ?x946)))
 (let ((?x1002 (* 51 ?x691)))
 (let ((?x918 (* s00 ?x2142)))
 (let ((?x940 (* 108 ?x918)))
 (let ((?x870 (* (- 66) ?x1757)))
 (let ((?x1701 (* ?x2142 ?x2142)))
 (let ((?x1702 (* 108 ?x1701)))
 (let ((?x1673 (* (- 108) ?x1743)))
 (let ((?x1686 (* 15 ?x1729)))
 (let ((?x1214 (* r00 s00 x00)))
 (let ((?x4389 (* 216 ?x1214)))
 (let ((?x1166 (* (- 36) ?x630)))
 (let ((?x495 (* 36 ?x2926)))
 (let ((?x2784 (* (- 108) ?x741)))
 (let ((?x1224 (* r00 s00 ?x2142)))
 (let ((?x2593 (* (- 216) ?x1224)))
 (let ((?x4061 (* r00 s00 ?x3657)))
 (let ((?x4052 (* 108 ?x4061)))
 (let ((?x1033 (* s00 s00 s00)))
 (let ((?x2268 (* 16 ?x1033)))
 (let ((?x3018 (* s00 ?x3657 ?x3657)))
 (let ((?x3455 (* (- 12) ?x3018)))
 (let ((?x2794 (* ?x3657 ?x3657 ?x3657)))
 (let ((?x1272 (* (- 4) ?x2794)))
 (let ((?x866 (* r00 r00 r00 x00)))
 (let ((?x1948 (* (- 432) ?x866)))
 (let ((?x848 (* r00 r00 r00 s00)))
 (let ((?x2982 (* 216 ?x848)))
 (let ((?x2261 (* r00 r00 r00 ?x2142)))
 (let ((?x2273 (* 432 ?x2261)))
 (let ((?x774 (* r00 r00 r00 ?x3657)))
 (let ((?x1327 (* (- 216) ?x774)))
 (let ((?x597 (* r00 r00 s00 s00)))
 (let ((?x1895 (* (- 36) ?x597)))
 (let ((?x2002 (* r00 r00 ?x3657 ?x3657)))
 (let ((?x2007 (* 36 ?x2002)))
 (let ((?x3824 (+ ?x2007 ?x1895 ?x1327 ?x2273 ?x2982 ?x1948 ?x1272 ?x3455 ?x2268 ?x4052 ?x2593 ?x2784 ?x495 ?x1166 ?x4389 ?x1686 ?x1673 ?x1702 ?x870 ?x940 ?x1002 ?x2213 ?x913 ?x1612 ?x2930 ?x4458 ?x2546 ?x4426 ?x4432 ?x1628 ?x2782 ?x145)))
 (let (($x1101 (= ?x3824 27)))
 (let ((?x2589 (* x00 x)))
 (let ((?x2612 (* (- 216) ?x2589)))
 (let ((?x1727 (* x00 s)))
 (let ((?x2579 (* 108 ?x1727)))
 (let ((?x1737 (* r00 x)))
 (let ((?x2072 (* (- 108) ?x1737)))
 (let ((?x3922 (* r00 s)))
 (let ((?x373 (* 54 ?x3922)))
 (let ((?x2040 (* s00 x)))
 (let ((?x3468 (* 108 ?x2040)))
 (let ((?x1513 (* s00 s)))
 (let ((?x3431 (* (- 66) ?x1513)))
 (let ((?x1254 (* x x)))
 (let ((?x3006 (* 108 ?x1254)))
 (let ((?x2251 (* s x)))
 (let ((?x1644 (* (- 108) ?x2251)))
 (let ((?x634 (* s s)))
 (let ((?x4399 (* 15 ?x634)))
 (let ((?x1851 (* r00 r00 s)))
 (let ((?x3874 (* 36 ?x1851)))
 (let ((?x1530 (* r00 s00 x)))
 (let ((?x652 (* (- 216) ?x1530)))
 (let ((?x1911 (* r00 s00 s)))
 (let ((?x2272 (* 108 ?x1911)))
 (let ((?x3231 (* s00 s s)))
 (let ((?x2146 (* (- 12) ?x3231)))
 (let ((?x926 (* s s s)))
 (let ((?x3202 (* (- 4) ?x926)))
 (let ((?x4152 (* r00 r00 r00 x)))
 (let ((?x594 (* 432 ?x4152)))
 (let ((?x1511 (* r00 r00 r00 s)))
 (let ((?x3744 (* (- 216) ?x1511)))
 (let ((?x3001 (* r00 r00 s s)))
 (let ((?x3004 (* 36 ?x3001)))
 (let ((?x3171 (+ ?x3004 ?x1895 ?x3744 ?x594 ?x2982 ?x1948 ?x3202 ?x2146 ?x2268 ?x2272 ?x652 ?x2784 ?x3874 ?x1166 ?x4389 ?x4399 ?x1644 ?x3006 ?x3431 ?x3468 ?x1002 ?x373 ?x2072 ?x1612 ?x2579 ?x2612 ?x2546 ?x4426 ?x4432 ?x1628 ?x145)))
 (let (($x3177 (= ?x3171 0)))
 (let ((?x2316 (* r x)))
 (let ((?x4159 (* 54 ?x2316)))
 (let ((?x4131 (* 6 ?x2251)))
 (let ((?x912 (* 3 ?x634)))
 (let ((?x2790 (+ (* 2 (* r s s)) (* 2 (* s00 r s)) (* (- 4) (* s00 s00 r)) (* 4 (* r00 s s)) (* 36 (* r00 r x)) (* (- 2) ?x1911) ?x762 (* (- 36) ?x1851) (* 36 (* r00 r00 x)) ?x849 (* (- 36) (* r00 x00 r)) ?x899 ?x912 (* (- 24) (* r s)) ?x4131 ?x4159 (* 12 ?x1513) (* 24 (* s00 r)) (* (- 6) ?x2040) ?x1009 (* (- 24) ?x3922) (* 54 ?x1737) ?x1050 (* (- 6) ?x1727) (* (- 54) (* x00 r)) ?x1114 ?x1137 ?x143 ?x1167)))
 (let (($x2699 (= ?x2790 0)))
 (let ((?x3543 (* 18 ?x2316)))
 (let ((?x635 (* 2 ?x634)))
 (let ((?x3676 (+ (* 6 (* r00 r s)) (* (- 6) (* r00 s00 r)) (* (- 6) ?x1851) ?x631 ?x635 (* (- 9) (* r s)) ?x3543 (* 2 ?x1513) (* 9 (* s00 r)) ?x704 (* (- 9) ?x3922) (* 18 ?x1737) ?x747 (* (- 18) (* x00 r)) ?x798 ?x49 ?x546)))
 (let (($x413 (= ?x3676 0)))
 (let ((?x1936 (* (- 3) r)))
 (let ((?x3062 (* s00 r)))
 (let ((?x3333 (* (- 4) ?x3062)))
 (let ((?x433 (* r s)))
 (let ((?x3037 (* (- 2) ?x433)))
 (let ((?x984 (* r00 r00 r)))
 (let ((?x985 (* 12 ?x984)))
 (let ((?x1894 (+ ?x985 ?x3666 ?x3037 ?x3333 ?x3328 ?x49 ?x1936 ?x1988 ?x546 ?x57 ?x59)))
 (let (($x1527 (= ?x1894 0)))
 (let ((?x344 (* r r)))
 (let ((?x977 (* 3 ?x344)))
 (let ((?x442 (+ ?x977 ?x3637 ?x372 s00)))
 (let (($x3046 (= ?x442 0)))
 (and $x3046 $x1527 $x413 $x2699 $x3177 $x1101 $x548 $x2386 $x3040 $x3725))))))))))))))))))))))))))))))))))))))))))))))))))))))))))))))))))))))))))))))))))))))))))))))))))))))))))))))))))))))))))))))))))))))))))))))))))))))))))))))))))))))))))))))))))))))))))) :qid k!38))
 ))
 (let ((?x3185 (lambda ((x Int) (s Int) (r Int) )(let ((?x1113 (* s00 x00)))
 (let ((?x1114 (* 6 ?x1113)))
 (let ((?x1061 (* s x00)))
 (let ((?x1074 (* (- 6) ?x1061)))
 (let ((?x970 (* x s00)))
 (let ((?x983 (* (- 6) ?x970)))
 (let ((?x949 (* x s)))
 (let ((?x950 (* 6 ?x949)))
 (let ((?x886 (* r00 r00 x00)))
 (let ((?x899 (* (- 36) ?x886)))
 (let ((?x873 (* (- 36) (* r r00 x00))))
 (let ((?x846 (* 36 (* x r00 r00))))
 (let ((?x785 (* r00 x00)))
 (let ((?x4483 (* (- 90) ?x785)))
 (let ((?x758 (* r x00)))
 (let ((?x4456 (* (- 90) ?x758)))
 (let ((?x743 (* x r00)))
 (let ((?x4357 (* 90 ?x743)))
 (let ((?x741 (* r00 s00 s00)))
 (let ((?x762 (* (- 2) ?x741)))
 (let ((?x691 (* s00 s00)))
 (let ((?x4285 (* (- 19) ?x691)))
 (let ((?x682 (* s r00 s00)))
 (let ((?x702 (* (- 2) ?x682)))
 (let ((?x654 (* 36 (* x r r00))))
 (let ((?x648 (* 4 (* s s r00))))
 (let ((?x634 (* s s)))
 (let ((?x2250 (* (- 1) ?x634)))
 (let ((?x630 (* r00 r00 s00)))
 (let ((?x849 (* 36 ?x630)))
 (let ((?x615 (* (- 4) (* r s00 s00))))
 (let ((?x589 (* s r s00)))
 (let ((?x590 (* 2 ?x589)))
 (let ((?x585 (* r r00 s00)))
 (let ((?x3854 (* (- 12) ?x585)))
 (let ((?x583 (* s s r)))
 (let ((?x584 (* 2 ?x583)))
 (let ((?x480 (* r00 s00)))
 (let ((?x4355 (* 18 ?x480)))
 (let ((?x402 (* r r00 r00)))
 (let ((?x3914 (* (- 216) ?x402)))
 (let ((?x348 (* r00 r00)))
 (let ((?x3911 (* (- 108) ?x348)))
 (let ((?x344 (* r r)))
 (let ((?x4309 (* 108 ?x344)))
 (let ((?x4454 (* (- 72) x00)))
 (let ((?x4511 (* 57 s00)))
 (let ((?x4333 (* (- 36) r00)))
 (let ((?x3516 (* 36 r)))
 (let ((?x4221 (* 72 x)))
 (let ((?x4092 (+ ?x4221 (* (- 57) s) ?x3516 ?x4333 ?x4511 ?x4454 ?x4309 ?x3911 ?x3914 (* (- 42) (* s r)) (* 114 (* r s00)) ?x4355 (* 144 (* r r r00)) (* 12 (* s r r00)) ?x584 ?x3854 ?x590 ?x615 (* (- 72) (* s r00 r00)) ?x849 ?x2250 ?x648 ?x654 (* 90 (* x r)) (* 20 (* s s00)) ?x702 ?x4285 (* (- 90) (* s r00)) ?x762 ?x4357 ?x4456 ?x4483 ?x846 ?x873 ?x899 ?x950 ?x983 ?x1074 ?x1114 (* 24 (* s r r)) (* 72 (* r r r)) (* 12 (* r r s00)))))
 (let (($x4098 (not (= ?x4092 0))))
 (let ((?x798 (* (- 18) ?x785)))
 (let ((?x772 (* (- 18) ?x758)))
 (let ((?x744 (* 18 ?x743)))
 (let ((?x717 (* s r00)))
 (let ((?x2254 (* (- 21) ?x717)))
 (let ((?x704 (* (- 4) ?x691)))
 (let ((?x676 (* s s00)))
 (let ((?x677 (* 2 ?x676)))
 (let ((?x672 (* x r)))
 (let ((?x673 (* 18 ?x672)))
 (let ((?x635 (* 2 ?x634)))
 (let ((?x631 (* 6 ?x630)))
 (let ((?x603 (* s r00 r00)))
 (let ((?x617 (* (- 6) ?x603)))
 (let ((?x598 (* (- 6) ?x585)))
 (let ((?x581 (* s r r00)))
 (let ((?x582 (* 6 ?x581)))
 (let ((?x504 (* r r r00)))
 (let ((?x4006 (* 36 ?x504)))
 (let ((?x3688 (* 3 ?x480)))
 (let ((?x453 (* r s00)))
 (let ((?x1528 (* 21 ?x453)))
 (let ((?x425 (* s r)))
 (let ((?x1525 (* (- 3) ?x425)))
 (let ((?x3394 (* (- 36) ?x402)))
 (let ((?x3391 (* (- 18) ?x348)))
 (let ((?x1524 (* 18 ?x344)))
 (let ((?x3723 (* (- 18) x00)))
 (let ((?x3776 (* 12 s00)))
 (let ((?x3667 (* (- 9) r00)))
 (let ((?x2343 (* 9 r)))
 (let ((?x2274 (* (- 12) s)))
 (let ((?x3553 (* 18 x)))
 (let ((?x3522 (+ ?x3553 ?x2274 ?x2343 ?x3667 ?x3776 ?x3723 ?x1524 ?x3391 ?x3394 ?x1525 ?x1528 ?x3688 ?x4006 ?x582 ?x598 ?x617 ?x631 ?x635 ?x673 ?x677 ?x704 ?x2254 ?x744 ?x772 ?x798)))
 (let (($x3534 (= ?x3522 0)))
 (let ((?x574 (* (- 6) ?x480)))
 (let ((?x454 (* 4 ?x453)))
 (let ((?x427 (* 2 ?x425)))
 (let ((?x406 (* r00 r00 r00)))
 (let ((?x407 (* 12 ?x406)))
 (let ((?x573 (* (- 12) ?x402)))
 (let ((?x3270 (* (- 12) ?x348)))
 (let ((?x572 (* (- 6) x00)))
 (let ((?x3268 (* 7 s00)))
 (let ((?x571 (* (- 3) r00)))
 (let ((?x51 (* 3 r)))
 (let ((?x52 (* 6 x)))
 (let ((?x3271 (+ ?x52 (* (- 7) s) ?x51 ?x571 ?x3268 ?x572 (* 12 ?x344) ?x3270 ?x573 ?x407 ?x427 ?x454 ?x574)))
 (let (($x3272 (= ?x3271 0)))
 (let ((?x2006 (* r r s00)))
 (let ((?x2855 (* 432 ?x2006)))
 (let ((?x1886 (* r r r)))
 (let ((?x2854 (* 864 ?x1886)))
 (let ((?x1864 (* s r r)))
 (let ((?x2852 (* 432 ?x1864)))
 (let ((?x1596 (* r r00 r00 r00)))
 (let ((?x2845 (* 1296 ?x1596)))
 (let ((?x1424 (* x00 x00)))
 (let ((?x1484 (* (- 108) ?x1424)))
 (let ((?x1370 (* x x00)))
 (let ((?x1371 (* 216 ?x1370)))
 (let ((?x1254 (* x x)))
 (let ((?x1483 (* (- 108) ?x1254)))
 (let ((?x1214 (* r00 s00 x00)))
 (let ((?x1482 (* (- 216) ?x1214)))
 (let ((?x1396 (* 108 ?x1113)))
 (let ((?x1066 (* x r00 s00)))
 (let ((?x1067 (* 216 ?x1066)))
 (let ((?x2838 (* (- 324) ?x1061)))
 (let ((?x1033 (* s00 s00 s00)))
 (let ((?x1480 (* (- 16) ?x1033)))
 (let ((?x974 (* s s s00)))
 (let ((?x975 (* 12 ?x974)))
 (let ((?x1478 (* (- 108) ?x970)))
 (let ((?x2837 (* 324 ?x949)))
 (let ((?x926 (* s s s)))
 (let ((?x927 (* 4 ?x926)))
 (let ((?x866 (* r00 r00 r00 x00)))
 (let ((?x869 (* 432 ?x866)))
 (let ((?x848 (* r00 r00 r00 s00)))
 (let ((?x1477 (* (- 216) ?x848)))
 (let ((?x818 (* x r00 r00 r00)))
 (let ((?x1476 (* (- 432) ?x818)))
 (let ((?x1475 (* (- 108) ?x785)))
 (let ((?x1309 (* 108 ?x743)))
 (let ((?x1128 (* 108 ?x741)))
 (let ((?x2836 (* (- 162) ?x717)))
 (let ((?x1473 (* (- 51) ?x691)))
 (let ((?x2834 (* 246 ?x676)))
 (let ((?x2832 (* 648 ?x672)))
 (let ((?x2831 (* (- 195) ?x634)))
 (let ((?x597 (* r00 r00 s00 s00)))
 (let ((?x600 (* 36 ?x597)))
 (let ((?x596 (* s s r00 r00)))
 (let ((?x1469 (* (- 36) ?x596)))
 (let ((?x2828 (* 144 ?x589)))
 (let ((?x2827 (* 72 ?x583)))
 (let ((?x2826 (* (- 270) ?x480)))
 (let ((?x2824 (* 828 ?x453)))
 (let ((?x1572 (* 648 ?x406)))
 (let ((?x2820 (* (- 432) ?x348)))
 (let ((?x2817 (* (- 324) x00)))
 (let ((?x2816 (* 297 s00)))
 (let ((?x2814 (* (- 162) r00)))
 (let ((?x2266 (* 324 x)))
 (let ((?x2553 (+ ?x2266 (* (- 297) s) (* 162 r) ?x2814 ?x2816 ?x2817 (* 756 ?x344) ?x2820 (* (- 1512) ?x402) ?x1572 (* (- 396) ?x425) ?x2824 ?x2826 ?x2827 (* (- 648) ?x585) ?x2828 ?x1469 ?x600 (* (- 252) ?x603) ?x849 ?x2831 ?x2832 ?x2834 (* 648 (* s r00 r00 r00)) (* (- 324) ?x682) ?x1473 ?x2836 ?x1128 ?x1309 (* (- 648) ?x758) ?x1475 ?x1476 ?x1477 ?x869 ?x927 ?x2837 ?x1478 ?x975 ?x1480 ?x2838 ?x1067 ?x1396 ?x1482 ?x1483 ?x1371 ?x1484 ?x2845 ?x2852 ?x2854 ?x2855 (* (- 1296) (* r r r00 r00)) (* (- 432) (* s r r00 r00)) (* (- 324) (* r r00)))))
 (let (($x3448 (= ?x2553 0)))
 (let ((?x679 (* s r00 r00 r00)))
 (let ((?x684 (* 216 ?x679)))
 (let ((?x820 (* (- 36) ?x603)))
 (let ((?x1334 (* 54 ?x480)))
 (let ((?x1167 (* (- 9) s00)))
 (let ((?x143 (* 9 s)))
 (let ((?x1485 (+ ?x143 ?x1167 ?x1334 ?x1469 ?x600 ?x820 ?x849 (* (- 15) ?x634) (* 66 ?x676) ?x684 (* (- 108) ?x682) ?x1473 (* (- 54) ?x717) ?x1128 ?x1309 ?x1475 ?x1476 ?x1477 ?x869 ?x927 (* 108 ?x949) ?x1478 ?x975 ?x1480 (* (- 108) ?x1061) ?x1067 ?x1396 ?x1482 ?x1483 ?x1371 ?x1484)))
 (let (($x1486 (= ?x1485 0)))
 (let ((?x1137 (* (- 54) ?x785)))
 (let ((?x1009 (* (- 15) ?x691)))
 (let ((?x912 (* 3 ?x634)))
 (let ((?x1050 (* 24 ?x480)))
 (let ((?x1173 (+ ?x143 ?x1167 (* (- 24) ?x425) (* 24 ?x453) ?x1050 ?x584 ?x590 ?x615 ?x820 ?x849 ?x912 ?x648 ?x654 (* 54 ?x672) (* 12 ?x676) ?x702 ?x1009 (* (- 24) ?x717) ?x762 (* 54 ?x743) (* (- 54) ?x758) ?x1137 ?x846 ?x873 ?x899 ?x950 ?x983 ?x1074 ?x1114)))
 (let (($x1180 (= ?x1173 0)))
 (let ((?x730 (* (- 9) ?x717)))
 (let ((?x747 (* 9 ?x480)))
 (let ((?x680 (* 9 ?x453)))
 (let ((?x659 (* (- 9) ?x425)))
 (let ((?x546 (* (- 3) s00)))
 (let ((?x49 (* 3 s)))
 (let ((?x830 (+ ?x49 ?x546 ?x659 ?x680 ?x747 ?x582 ?x598 ?x617 ?x631 ?x635 ?x673 ?x677 ?x704 ?x730 ?x744 ?x772 ?x798)))
 (let (($x837 (= ?x830 0)))
 (let ((?x53 (* 3 s00)))
 (let ((?x570 (* (- 3) s)))
 (let (($x576 (= (+ ?x52 ?x570 ?x51 ?x571 ?x53 ?x572 ?x573 ?x407 ?x427 ?x454 ?x574) 0)))
 (let (($x397 (= (+ s (* (- 1) s00) (* (- 3) ?x344) (* 3 ?x348)) 0)))
 (let (($x2545 (and $x397 $x576 $x837 $x1180 $x1486 $x3448 $x3272 $x3534 $x4098)))
 (let ((?x3102 (* 54 r)))
 (let ((?x206 (* 6 r)))
 (let ((?x3657 (+ 3 s ?x206)))
 (let ((?x372 (* (- 1) s)))
 (let ((?x2142 (+ x ?x372)))
 (let ((?x1743 (* ?x2142 ?x3657)))
 (let ((?x841 (+ (* 2 (* (+ 1 r) ?x3657 ?x3657)) (* 2 (* s00 (+ 1 r) ?x3657)) (* (- 4) (* s00 s00 (+ 1 r))) (* 4 (* r00 ?x3657 ?x3657)) (* 36 (* r00 (+ 1 r) ?x2142)) (* (- 2) (* r00 s00 ?x3657)) ?x762 (* (- 36) (* r00 r00 ?x3657)) (* 36 (* r00 r00 ?x2142)) ?x849 (* (- 36) (* r00 x00 (+ 1 r))) ?x899 (* 3 (* ?x3657 ?x3657)) (* (- 24) (* (+ 1 r) ?x3657)) (* 6 ?x1743) (* 54 (* (+ 1 r) ?x2142)) (* 12 (* s00 ?x3657)) (* 24 (* s00 (+ 1 r))) (* (- 6) (* s00 ?x2142)) ?x1009 (* (- 24) (* r00 ?x3657)) (* 54 (* r00 ?x2142)) ?x1050 (* (- 6) (* x00 ?x3657)) (* (- 54) (* x00 (+ 1 r))) ?x1114 ?x1137 ?x143 ?x3102 ?x1167)))
 (let (($x3725 (not (= ?x841 (- 27)))))
 (let ((?x4367 (* 18 r)))
 (let ((?x1104 (+ 1 r)))
 (let ((?x1354 (* x00 ?x1104)))
 (let ((?x699 (* (- 18) ?x1354)))
 (let ((?x4516 (* r00 ?x2142)))
 (let ((?x2969 (* 18 ?x4516)))
 (let ((?x946 (* r00 ?x3657)))
 (let ((?x4411 (* (- 9) ?x946)))
 (let ((?x4188 (* s00 ?x1104)))
 (let ((?x2112 (* 9 ?x4188)))
 (let ((?x1757 (* s00 ?x3657)))
 (let ((?x2099 (* 2 ?x1757)))
 (let ((?x2466 (* ?x1104 ?x2142)))
 (let ((?x2467 (* 18 ?x2466)))
 (let ((?x3126 (* ?x1104 ?x3657)))
 (let ((?x2453 (* (- 9) ?x3126)))
 (let ((?x1729 (* ?x3657 ?x3657)))
 (let ((?x2336 (* 2 ?x1729)))
 (let ((?x2926 (* r00 r00 ?x3657)))
 (let ((?x2313 (* (- 6) ?x2926)))
 (let ((?x3978 (* r00 s00 ?x1104)))
 (let ((?x1552 (* (- 6) ?x3978)))
 (let ((?x3959 (* r00 ?x1104 ?x3657)))
 (let ((?x3967 (* 6 ?x3959)))
 (let ((?x3039 (+ ?x3967 ?x1552 ?x2313 ?x631 ?x2336 ?x2453 ?x2467 ?x2099 ?x2112 ?x704 ?x4411 ?x2969 ?x747 ?x699 ?x798 ?x49 ?x4367 ?x546)))
 (let (($x3040 (= ?x3039 (- 9))))
 (let ((?x59 (* 6 x00)))
 (let ((?x57 (* 3 r00)))
 (let ((?x1988 (* (- 6) x)))
 (let ((?x2698 (* 15 r)))
 (let ((?x3328 (* 6 ?x480)))
 (let ((?x3397 (* (- 4) ?x4188)))
 (let ((?x4022 (* (- 2) ?x3126)))
 (let ((?x3666 (* (- 12) ?x406)))
 (let ((?x834 (* r00 r00 ?x1104)))
 (let ((?x423 (* 12 ?x834)))
 (let ((?x1048 (+ ?x423 ?x3666 ?x4022 ?x3397 ?x3328 ?x143 ?x2698 ?x1988 ?x546 ?x57 ?x59)))
 (let (($x2386 (= ?x1048 (- 6))))
 (let ((?x790 (* (- 6) r)))
 (let ((?x3637 (* (- 3) ?x348)))
 (let ((?x1110 (* ?x1104 ?x1104)))
 (let ((?x778 (* 3 ?x1110)))
 (let ((?x547 (+ ?x778 ?x3637 ?x372 ?x790 s00)))
 (let (($x548 (= ?x547 3)))
 (let ((?x145 (* 9 s00)))
 (let ((?x2782 (* (- 54) r)))
 (let ((?x1628 (* (- 9) s)))
 (let ((?x4432 (* 108 ?x1424)))
 (let ((?x4426 (* 108 ?x785)))
 (let ((?x2546 (* (- 108) ?x1113)))
 (let ((?x4442 (* x00 ?x2142)))
 (let ((?x4458 (* (- 216) ?x4442)))
 (let ((?x2929 (* x00 ?x3657)))
 (let ((?x2930 (* 108 ?x2929)))
 (let ((?x1612 (* (- 54) ?x480)))
 (let ((?x913 (* (- 108) ?x4516)))
 (let ((?x2213 (* 54 ?x946)))
 (let ((?x1002 (* 51 ?x691)))
 (let ((?x918 (* s00 ?x2142)))
 (let ((?x940 (* 108 ?x918)))
 (let ((?x870 (* (- 66) ?x1757)))
 (let ((?x1701 (* ?x2142 ?x2142)))
 (let ((?x1702 (* 108 ?x1701)))
 (let ((?x1673 (* (- 108) ?x1743)))
 (let ((?x1686 (* 15 ?x1729)))
 (let ((?x4389 (* 216 ?x1214)))
 (let ((?x1166 (* (- 36) ?x630)))
 (let ((?x495 (* 36 ?x2926)))
 (let ((?x2784 (* (- 108) ?x741)))
 (let ((?x1224 (* r00 s00 ?x2142)))
 (let ((?x2593 (* (- 216) ?x1224)))
 (let ((?x4061 (* r00 s00 ?x3657)))
 (let ((?x4052 (* 108 ?x4061)))
 (let ((?x2268 (* 16 ?x1033)))
 (let ((?x3018 (* s00 ?x3657 ?x3657)))
 (let ((?x3455 (* (- 12) ?x3018)))
 (let ((?x2794 (* ?x3657 ?x3657 ?x3657)))
 (let ((?x1272 (* (- 4) ?x2794)))
 (let ((?x1948 (* (- 432) ?x866)))
 (let ((?x2982 (* 216 ?x848)))
 (let ((?x2261 (* r00 r00 r00 ?x2142)))
 (let ((?x2273 (* 432 ?x2261)))
 (let ((?x774 (* r00 r00 r00 ?x3657)))
 (let ((?x1327 (* (- 216) ?x774)))
 (let ((?x1895 (* (- 36) ?x597)))
 (let ((?x2002 (* r00 r00 ?x3657 ?x3657)))
 (let ((?x2007 (* 36 ?x2002)))
 (let ((?x3824 (+ ?x2007 ?x1895 ?x1327 ?x2273 ?x2982 ?x1948 ?x1272 ?x3455 ?x2268 ?x4052 ?x2593 ?x2784 ?x495 ?x1166 ?x4389 ?x1686 ?x1673 ?x1702 ?x870 ?x940 ?x1002 ?x2213 ?x913 ?x1612 ?x2930 ?x4458 ?x2546 ?x4426 ?x4432 ?x1628 ?x2782 ?x145)))
 (let (($x1101 (= ?x3824 27)))
 (let ((?x2589 (* x00 x)))
 (let ((?x2612 (* (- 216) ?x2589)))
 (let ((?x1727 (* x00 s)))
 (let ((?x2579 (* 108 ?x1727)))
 (let ((?x1737 (* r00 x)))
 (let ((?x2072 (* (- 108) ?x1737)))
 (let ((?x3922 (* r00 s)))
 (let ((?x373 (* 54 ?x3922)))
 (let ((?x2040 (* s00 x)))
 (let ((?x3468 (* 108 ?x2040)))
 (let ((?x1513 (* s00 s)))
 (let ((?x3431 (* (- 66) ?x1513)))
 (let ((?x3006 (* 108 ?x1254)))
 (let ((?x2251 (* s x)))
 (let ((?x1644 (* (- 108) ?x2251)))
 (let ((?x4399 (* 15 ?x634)))
 (let ((?x1851 (* r00 r00 s)))
 (let ((?x3874 (* 36 ?x1851)))
 (let ((?x1530 (* r00 s00 x)))
 (let ((?x652 (* (- 216) ?x1530)))
 (let ((?x1911 (* r00 s00 s)))
 (let ((?x2272 (* 108 ?x1911)))
 (let ((?x3231 (* s00 s s)))
 (let ((?x2146 (* (- 12) ?x3231)))
 (let ((?x3202 (* (- 4) ?x926)))
 (let ((?x4152 (* r00 r00 r00 x)))
 (let ((?x594 (* 432 ?x4152)))
 (let ((?x1511 (* r00 r00 r00 s)))
 (let ((?x3744 (* (- 216) ?x1511)))
 (let ((?x3001 (* r00 r00 s s)))
 (let ((?x3004 (* 36 ?x3001)))
 (let ((?x3171 (+ ?x3004 ?x1895 ?x3744 ?x594 ?x2982 ?x1948 ?x3202 ?x2146 ?x2268 ?x2272 ?x652 ?x2784 ?x3874 ?x1166 ?x4389 ?x4399 ?x1644 ?x3006 ?x3431 ?x3468 ?x1002 ?x373 ?x2072 ?x1612 ?x2579 ?x2612 ?x2546 ?x4426 ?x4432 ?x1628 ?x145)))
 (let (($x3177 (= ?x3171 0)))
 (let ((?x2316 (* r x)))
 (let ((?x4159 (* 54 ?x2316)))
 (let ((?x4131 (* 6 ?x2251)))
 (let ((?x2790 (+ (* 2 (* r s s)) (* 2 (* s00 r s)) (* (- 4) (* s00 s00 r)) (* 4 (* r00 s s)) (* 36 (* r00 r x)) (* (- 2) ?x1911) ?x762 (* (- 36) ?x1851) (* 36 (* r00 r00 x)) ?x849 (* (- 36) (* r00 x00 r)) ?x899 ?x912 (* (- 24) (* r s)) ?x4131 ?x4159 (* 12 ?x1513) (* 24 (* s00 r)) (* (- 6) ?x2040) ?x1009 (* (- 24) ?x3922) (* 54 ?x1737) ?x1050 (* (- 6) ?x1727) (* (- 54) (* x00 r)) ?x1114 ?x1137 ?x143 ?x1167)))
 (let (($x2699 (= ?x2790 0)))
 (let ((?x3543 (* 18 ?x2316)))
 (let ((?x3676 (+ (* 6 (* r00 r s)) (* (- 6) (* r00 s00 r)) (* (- 6) ?x1851) ?x631 ?x635 (* (- 9) (* r s)) ?x3543 (* 2 ?x1513) (* 9 (* s00 r)) ?x704 (* (- 9) ?x3922) (* 18 ?x1737) ?x747 (* (- 18) (* x00 r)) ?x798 ?x49 ?x546)))
 (let (($x413 (= ?x3676 0)))
 (let ((?x1936 (* (- 3) r)))
 (let ((?x3062 (* s00 r)))
 (let ((?x3333 (* (- 4) ?x3062)))
 (let ((?x433 (* r s)))
 (let ((?x3037 (* (- 2) ?x433)))
 (let ((?x984 (* r00 r00 r)))
 (let ((?x985 (* 12 ?x984)))
 (let ((?x1894 (+ ?x985 ?x3666 ?x3037 ?x3333 ?x3328 ?x49 ?x1936 ?x1988 ?x546 ?x57 ?x59)))
 (let (($x1527 (= ?x1894 0)))
 (let ((?x977 (* 3 ?x344)))
 (let ((?x442 (+ ?x977 ?x3637 ?x372 s00)))
 (let (($x3046 (= ?x442 0)))
 (let (($x4023 (and $x3046 $x1527 $x413 $x2699 $x3177 $x1101 $x548 $x2386 $x3040 $x3725)))
 (let ((@x3797 (rewrite (= (and $x397 $x576 $x837 $x1180 $x1486 $x3448 $x397 $x3272 $x3534 $x4098) $x2545))))
 (let ((?x1532 (+ (- 9) ?x3553 ?x2274 ?x2343 ?x3667 ?x3776 ?x3723 ?x1524 ?x3391 ?x3394 ?x1525 ?x1528 ?x3688 ?x4006 ?x582 ?x598 ?x617 ?x631 ?x635 ?x673 ?x677 ?x704 ?x2254 ?x744 ?x772 ?x798)))
 (let (($x3463 (= ?x1532 (- 9))))
 (let ((?x1155 (+ ?x3723 ?x772)))
 (let ((?x2163 (+ (* (- 18) ?x717) ?x744)))
 (let ((?x827 (+ (* (- 27) r00) ?x730 (* (- 54) (* r r00)))))
 (let ((?x1020 (+ ?x145 ?x680)))
 (let ((?x754 (+ (* 6 s00) (* 12 ?x453) ?x677)))
 (let ((?x4119 (* (- 18) ?x425)))
 (let ((?x3556 (* (- 18) s)))
 (let ((?x1046 (+ ?x3553 ?x3556 ?x4119 ?x673)))
 (let ((?x3511 (* (- 54) ?x344)))
 (let ((?x2102 (+ (- 27) ?x1628 (* (- 81) r) ?x3511 ?x659)))
 (let ((?x4320 (+ 18 (* 12 s) (* 72 r) (* 72 ?x344) (* 24 ?x425) ?x635)))
 (let ((?x2062 (+ ?x3391 ?x3394 ?x617)))
 (let ((?x448 (+ ?x574 ?x598)))
 (let ((?x2518 (* 6 ?x717)))
 (let ((?x3029 (+ (* 18 r00) ?x4006 ?x582 ?x2518 (* 54 (* r r00)))))
 (let ((?x2140 (+ ?x3029 ?x448 ?x2062 ?x631 ?x4320 ?x2102 ?x1046 ?x754 ?x1020 ?x704 ?x827 ?x2163 ?x747 ?x1155 ?x798 ?x49 ?x4367 ?x546)))
 (let ((@x773 (trans (rewrite (= ?x1354 (+ (* x00 1) (* x00 r)))) (rewrite (= (+ (* x00 1) (* x00 r)) (+ x00 ?x758))) (= ?x1354 (+ x00 ?x758)))))
 (let ((@x1316 (trans (monotonicity @x773 (= ?x699 (* (- 18) (+ x00 ?x758)))) (rewrite (= (* (- 18) (+ x00 ?x758)) ?x1155)) (= ?x699 ?x1155))))
 (let ((?x2001 (+ (* 18 (* (- 1) ?x717)) ?x744)))
 (let ((?x748 (* (- 1) ?x717)))
 (let ((?x3449 (+ ?x748 ?x743)))
 (let ((?x3581 (* 18 ?x3449)))
 (let ((@x3432 (trans (rewrite (= (* r00 ?x372) (* (- 1) ?x3922))) (rewrite (= (* (- 1) ?x3922) ?x748)) (= (* r00 ?x372) ?x748))))
 (let ((@x3367 (monotonicity (rewrite (= ?x1737 ?x743)) @x3432 (= (+ ?x1737 (* r00 ?x372)) (+ ?x743 ?x748)))))
 (let ((@x3452 (trans @x3367 (rewrite (= (+ ?x743 ?x748) ?x3449)) (= (+ ?x1737 (* r00 ?x372)) ?x3449))))
 (let ((@x3382 (trans (rewrite (= ?x4516 (+ ?x1737 (* r00 ?x372)))) @x3452 (= ?x4516 ?x3449))))
 (let ((@x1888 (trans (monotonicity @x3382 (= ?x2969 ?x3581)) (rewrite (= ?x3581 ?x2001)) (= ?x2969 ?x2001))))
 (let ((?x3540 (+ (* (- 9) ?x57) ?x730 (* (- 9) (* 6 (* r r00))))))
 (let ((?x3287 (* r r00)))
 (let ((?x1132 (* 6 ?x3287)))
 (let ((?x1141 (+ ?x57 ?x717 ?x1132)))
 (let ((?x4261 (+ (* r00 3) ?x3922 (* r00 ?x206))))
 (let ((@x1131 (trans (rewrite (= ?x946 ?x4261)) (rewrite (= ?x4261 ?x1141)) (= ?x946 ?x1141))))
 (let ((@x3578 (trans (monotonicity @x1131 (= ?x4411 (* (- 9) ?x1141))) (rewrite (= (* (- 9) ?x1141) ?x3540)) (= ?x4411 ?x3540))))
 (let ((@x2089 (trans (rewrite (= ?x4188 (+ (* s00 1) ?x3062))) (rewrite (= (+ (* s00 1) ?x3062) (+ s00 ?x453))) (= ?x4188 (+ s00 ?x453)))))
 (let ((@x1027 (trans (monotonicity @x2089 (= ?x2112 (* 9 (+ s00 ?x453)))) (rewrite (= (* 9 (+ s00 ?x453)) ?x1020)) (= ?x2112 ?x1020))))
 (let ((?x1108 (+ (* 2 ?x53) (* 2 (* 6 ?x453)) ?x677)))
 (let ((?x2459 (* 6 ?x453)))
 (let ((?x3645 (+ ?x53 ?x2459 ?x676)))
 (let ((?x2225 (* 2 ?x3645)))
 (let ((@x698 (trans (rewrite (= (* s00 ?x206) (* 6 ?x3062))) (rewrite (= (* 6 ?x3062) ?x2459)) (= (* s00 ?x206) ?x2459))))
 (let ((@x3644 (monotonicity (rewrite (= (* s00 3) ?x53)) (rewrite (= ?x1513 ?x676)) @x698 (= (+ (* s00 3) ?x1513 (* s00 ?x206)) (+ ?x53 ?x676 ?x2459)))))
 (let ((@x3674 (trans @x3644 (rewrite (= (+ ?x53 ?x676 ?x2459) ?x3645)) (= (+ (* s00 3) ?x1513 (* s00 ?x206)) ?x3645))))
 (let ((@x3684 (trans (rewrite (= ?x1757 (+ (* s00 3) ?x1513 (* s00 ?x206)))) @x3674 (= ?x1757 ?x3645))))
 (let ((@x802 (trans (monotonicity @x3684 (= ?x2099 ?x2225)) (rewrite (= ?x2225 ?x1108)) (= ?x2099 ?x1108))))
 (let ((@x2403 (rewrite (= (+ ?x3553 (* 18 ?x372) (* 18 (* (- 1) ?x425)) ?x673) ?x1046))))
 (let ((?x2205 (+ ?x3553 (* 18 ?x372) (* 18 (* (- 1) ?x425)) ?x673)))
 (let ((?x2719 (* (- 1) ?x425)))
 (let ((?x461 (+ x ?x372 ?x2719 ?x672)))
 (let ((?x477 (* 18 ?x461)))
 (let ((?x4487 (+ x ?x672 ?x372 ?x2719)))
 (let ((?x3546 (* r ?x372)))
 (let ((?x4340 (* 1 ?x372)))
 (let ((?x4337 (* 1 x)))
 (let ((?x4328 (+ ?x4337 ?x2316 ?x4340 ?x3546)))
 (let ((@x4486 (trans (rewrite (= ?x3546 (* (- 1) ?x433))) (rewrite (= (* (- 1) ?x433) ?x2719)) (= ?x3546 ?x2719))))
 (let ((@x2634 (monotonicity (rewrite (= ?x4337 x)) (rewrite (= ?x2316 ?x672)) (rewrite (= ?x4340 ?x372)) @x4486 (= ?x4328 ?x4487))))
 (let ((@x476 (trans (rewrite (= ?x2466 ?x4328)) (trans @x2634 (rewrite (= ?x4487 ?x461)) (= ?x4328 ?x461)) (= ?x2466 ?x461))))
 (let ((@x2224 (trans (monotonicity @x476 (= ?x2467 ?x477)) (rewrite (= ?x477 ?x2205)) (= ?x2467 ?x2205))))
 (let ((?x3392 (+ (* (- 9) 3) ?x1628 (* (- 9) ?x2343) (* (- 9) (* 6 ?x344)) ?x659)))
 (let ((@x4329 (rewrite (= (* (- 9) (+ 3 s ?x2343 (* 6 ?x344) ?x425)) ?x3392))))
 (let ((?x2337 (* 6 ?x344)))
 (let ((?x2345 (+ 3 s ?x2343 ?x2337 ?x425)))
 (let ((?x2299 (* r ?x206)))
 (let ((?x2298 (* 1 ?x206)))
 (let ((?x2297 (* 1 s)))
 (let ((?x2296 (* r 3)))
 (let ((?x2295 (* 1 3)))
 (let ((?x2300 (+ ?x2295 ?x2296 ?x2297 ?x433 ?x2298 ?x2299)))
 (let ((@x2342 (monotonicity (rewrite (= ?x2295 3)) (rewrite (= ?x2296 ?x51)) (rewrite (= ?x2297 s)) (rewrite (= ?x433 ?x425)) (rewrite (= ?x2298 ?x206)) (rewrite (= ?x2299 ?x2337)) (= ?x2300 (+ 3 ?x51 s ?x425 ?x206 ?x2337)))))
 (let ((@x2241 (trans @x2342 (rewrite (= (+ 3 ?x51 s ?x425 ?x206 ?x2337) ?x2345)) (= ?x2300 ?x2345))))
 (let ((@x2346 (trans (rewrite (= ?x3126 ?x2300)) @x2241 (= ?x3126 ?x2345))))
 (let ((@x4327 (trans (monotonicity @x2346 (= ?x2453 (* (- 9) ?x2345))) @x4329 (= ?x2453 ?x3392))))
 (let ((?x4199 (+ (* 2 9) (* 2 (* 6 s)) (* 2 ?x3516) (* 2 (* 36 ?x344)) (* 2 (* 12 ?x425)) ?x635)))
 (let ((?x3517 (* 12 ?x425)))
 (let ((?x3473 (* 36 ?x344)))
 (let ((?x3514 (* 6 s)))
 (let ((?x3518 (+ 9 ?x3514 ?x3516 ?x3473 ?x3517 ?x634)))
 (let ((?x3345 (* 2 ?x3518)))
 (let ((?x1705 (* ?x206 ?x206)))
 (let ((?x1698 (* s ?x206)))
 (let ((?x1934 (* 3 ?x206)))
 (let ((?x1684 (* ?x206 s)))
 (let ((?x1668 (* ?x206 3)))
 (let ((?x1661 (* s 3)))
 (let ((?x683 (* 3 3)))
 (let ((?x2203 (+ ?x683 ?x1661 ?x1668 ?x49 ?x634 ?x1684 ?x1934 ?x1698 ?x1705)))
 (let ((?x1898 (* 6 ?x425)))
 (let ((?x646 (+ 9 ?x49 ?x4367 ?x49 ?x634 ?x1898 ?x4367 ?x1898 ?x3473)))
 (let ((@x3512 (monotonicity (rewrite (= ?x683 9)) (rewrite (= ?x1661 ?x49)) (rewrite (= ?x1668 ?x4367)) (rewrite (= ?x1684 ?x1898)) (rewrite (= ?x1934 ?x4367)) (rewrite (= ?x1698 ?x1898)) (rewrite (= ?x1705 ?x3473)) (= ?x2203 ?x646))))
 (let ((@x1006 (trans (rewrite (= ?x1729 ?x2203)) (trans @x3512 (rewrite (= ?x646 ?x3518)) (= ?x2203 ?x3518)) (= ?x1729 ?x3518))))
 (let ((@x3388 (trans (monotonicity @x1006 (= ?x2336 ?x3345)) (rewrite (= ?x3345 ?x4199)) (= ?x2336 ?x4199))))
 (let ((?x3133 (+ (* (- 6) (* 3 ?x348)) (* (- 6) (* 6 ?x402)) ?x617)))
 (let ((?x2013 (* 6 ?x402)))
 (let ((?x349 (* 3 ?x348)))
 (let ((?x718 (+ ?x349 ?x2013 ?x603)))
 (let ((?x1287 (* r00 r00 ?x206)))
 (let ((?x1282 (* r00 r00 3)))
 (let ((?x1288 (+ ?x1282 ?x1851 ?x1287)))
 (let ((@x2017 (trans (rewrite (= ?x1287 (* 6 ?x984))) (rewrite (= (* 6 ?x984) ?x2013)) (= ?x1287 ?x2013))))
 (let ((@x3871 (monotonicity (rewrite (= ?x1282 ?x349)) (rewrite (= ?x1851 ?x603)) @x2017 (= ?x1288 (+ ?x349 ?x603 ?x2013)))))
 (let ((@x1674 (trans (rewrite (= ?x2926 ?x1288)) (trans @x3871 (rewrite (= (+ ?x349 ?x603 ?x2013) ?x718)) (= ?x1288 ?x718)) (= ?x2926 ?x718))))
 (let ((@x3137 (trans (monotonicity @x1674 (= ?x2313 (* (- 6) ?x718))) (rewrite (= (* (- 6) ?x718) ?x3133)) (= ?x2313 ?x3133))))
 (let ((@x445 (rewrite (= (+ (* r00 s00 1) (* r00 s00 r)) (+ ?x480 ?x585)))))
 (let ((@x833 (trans (rewrite (= ?x3978 (+ (* r00 s00 1) (* r00 s00 r)))) @x445 (= ?x3978 (+ ?x480 ?x585)))))
 (let ((@x3732 (trans (monotonicity @x833 (= ?x1552 (* (- 6) (+ ?x480 ?x585)))) (rewrite (= (* (- 6) (+ ?x480 ?x585)) ?x448)) (= ?x1552 ?x448))))
 (let ((?x2520 (+ (* 6 ?x57) (* 6 (* 6 ?x504)) ?x582 ?x2518 (* 6 (* 9 ?x3287)))))
 (let ((?x3893 (* 9 ?x3287)))
 (let ((?x509 (* 6 ?x504)))
 (let ((?x3894 (+ ?x57 ?x509 ?x581 ?x717 ?x3893)))
 (let ((?x2491 (* 6 ?x3894)))
 (let ((?x4390 (* r00 r ?x206)))
 (let ((?x4382 (* r00 1 ?x206)))
 (let ((?x986 (* r00 r s)))
 (let ((?x1805 (* r00 1 s)))
 (let ((?x727 (* r00 r 3)))
 (let ((?x726 (* r00 1 3)))
 (let ((?x4391 (+ ?x726 ?x727 ?x1805 ?x986 ?x4382 ?x4390)))
 (let ((@x508 (trans (rewrite (= ?x4390 (* 6 (* r00 r r)))) (rewrite (= (* 6 (* r00 r r)) ?x509)) (= ?x4390 ?x509))))
 (let ((@x1356 (trans (rewrite (= ?x4382 (* 6 (* r00 r)))) (rewrite (= (* 6 (* r00 r)) ?x1132)) (= ?x4382 ?x1132))))
 (let ((@x1341 (trans (rewrite (= ?x1805 ?x3922)) (rewrite (= ?x3922 ?x717)) (= ?x1805 ?x717))))
 (let ((@x2987 (trans (rewrite (= ?x727 (* 3 (* r00 r)))) (rewrite (= (* 3 (* r00 r)) (* 3 ?x3287))) (= ?x727 (* 3 ?x3287)))))
 (let ((@x3892 (monotonicity (rewrite (= ?x726 ?x57)) @x2987 @x1341 (rewrite (= ?x986 ?x581)) @x1356 @x508 (= ?x4391 (+ ?x57 (* 3 ?x3287) ?x717 ?x581 ?x1132 ?x509)))))
 (let ((@x551 (trans @x3892 (rewrite (= (+ ?x57 (* 3 ?x3287) ?x717 ?x581 ?x1132 ?x509) ?x3894)) (= ?x4391 ?x3894))))
 (let ((@x2514 (monotonicity (trans (rewrite (= ?x3959 ?x4391)) @x551 (= ?x3959 ?x3894)) (= ?x3967 ?x2491))))
 (let ((@x3064 (trans (trans @x2514 (rewrite (= ?x2491 ?x2520)) (= ?x3967 ?x2520)) (rewrite (= ?x2520 ?x3029)) (= ?x3967 ?x3029))))
 (let ((@x2267 (monotonicity @x3064 @x3732 (trans @x3137 (rewrite (= ?x3133 ?x2062)) (= ?x2313 ?x2062)) (trans @x3388 (rewrite (= ?x4199 ?x4320)) (= ?x2336 ?x4320)) (trans @x4327 (rewrite (= ?x3392 ?x2102)) (= ?x2453 ?x2102)) (trans @x2224 @x2403 (= ?x2467 ?x1046)) (trans @x802 (rewrite (= ?x1108 ?x754)) (= ?x2099 ?x754)) @x1027 (trans @x3578 (rewrite (= ?x3540 ?x827)) (= ?x4411 ?x827)) (trans @x1888 (rewrite (= ?x2001 ?x2163)) (= ?x2969 ?x2163)) @x1316 (= ?x3039 ?x2140))))
 (let ((@x3495 (monotonicity (trans @x2267 (rewrite (= ?x2140 ?x1532)) (= ?x3039 ?x1532)) (= $x3040 $x3463))))
 (let ((?x3513 (* (- 4) ?x453)))
 (let ((?x4203 (* (- 2) ?x425)))
 (let ((?x660 (* 12 ?x402)))
 (let ((?x1551 (* 12 ?x348)))
 (let ((?x2088 (* (- 12) ?x344)))
 (let ((?x662 (* (- 7) s00)))
 (let ((?x663 (+ (- 6) ?x1988 (* 7 s) ?x1936 ?x57 ?x662 ?x59 ?x2088 ?x1551 ?x660 ?x3666 ?x4203 ?x3513 ?x3328)))
 (let (($x669 (= ?x663 (- 6))))
 (let ((?x2115 (+ (* (- 4) s00) ?x3513)))
 (let ((?x2355 (* (- 2) s)))
 (let ((?x2095 (+ (- 6) ?x2355 (* (- 18) r) ?x2088 ?x4203)))
 (let ((?x1553 (+ ?x1551 ?x660)))
 (let ((?x888 (+ ?x1553 ?x3666 ?x2095 ?x2115 ?x3328 ?x143 ?x2698 ?x1988 ?x546 ?x57 ?x59)))
 (let ((@x2119 (trans (monotonicity @x2089 (= ?x3397 (* (- 4) (+ s00 ?x453)))) (rewrite (= (* (- 4) (+ s00 ?x453)) ?x2115)) (= ?x3397 ?x2115))))
 (let ((?x351 (+ (* (- 2) 3) ?x2355 (* (- 2) ?x2343) (* (- 2) ?x2337) ?x4203)))
 (let ((@x2461 (trans (monotonicity @x2346 (= ?x4022 (* (- 2) ?x2345))) (rewrite (= (* (- 2) ?x2345) ?x351)) (= ?x4022 ?x351))))
 (let ((@x3984 (trans (rewrite (= ?x834 (+ (* r00 r00 1) ?x984))) (rewrite (= (+ (* r00 r00 1) ?x984) (+ ?x348 ?x402))) (= ?x834 (+ ?x348 ?x402)))))
 (let ((@x2293 (trans (monotonicity @x3984 (= ?x423 (* 12 (+ ?x348 ?x402)))) (rewrite (= (* 12 (+ ?x348 ?x402)) ?x1553)) (= ?x423 ?x1553))))
 (let ((@x641 (monotonicity @x2293 (trans @x2461 (rewrite (= ?x351 ?x2095)) (= ?x4022 ?x2095)) @x2119 (= ?x1048 ?x888))))
 (let ((@x695 (monotonicity (trans @x641 (rewrite (= ?x888 ?x663)) (= ?x1048 ?x663)) (= $x2386 $x669))))
 (let ((?x4032 (+ 3 ?x372 s00 ?x977 ?x3637)))
 (let ((?x4029 (+ 3 ?x206 ?x977)))
 (let ((?x3918 (+ ?x4029 ?x3637 ?x372 ?x790 s00)))
 (let ((@x4031 (rewrite (= (+ (* 3 1) (* 3 (* 2 r)) ?x977) ?x4029))))
 (let ((?x3913 (+ (* 3 1) (* 3 (* 2 r)) ?x977)))
 (let ((?x3078 (* 2 r)))
 (let ((?x2135 (+ 1 ?x3078 ?x344)))
 (let ((?x3301 (* 3 ?x2135)))
 (let ((?x3232 (+ 1 r r ?x344)))
 (let ((?x4326 (* 1 r)))
 (let ((?x2874 (* r 1)))
 (let ((?x871 (* 1 1)))
 (let ((?x880 (+ ?x871 ?x2874 ?x4326 ?x344)))
 (let ((@x2147 (monotonicity (rewrite (= ?x871 1)) (rewrite (= ?x2874 r)) (rewrite (= ?x4326 r)) (= ?x880 ?x3232))))
 (let ((@x3289 (trans (rewrite (= ?x1110 ?x880)) (trans @x2147 (rewrite (= ?x3232 ?x2135)) (= ?x880 ?x2135)) (= ?x1110 ?x2135))))
 (let ((@x3917 (trans (monotonicity @x3289 (= ?x778 ?x3301)) (rewrite (= ?x3301 ?x3913)) (= ?x778 ?x3913))))
 (let ((@x2437 (trans (monotonicity (trans @x3917 @x4031 (= ?x778 ?x4029)) (= ?x547 ?x3918)) (rewrite (= ?x3918 ?x4032)) (= ?x547 ?x4032))))
 (let ((@x3980 (trans (monotonicity @x2437 (= $x548 (= ?x4032 3))) (rewrite (= (= ?x4032 3) $x397)) (= $x548 $x397))))
 (let ((?x3654 (* 324 ?x3287)))
 (let ((?x2402 (* s r r00 r00)))
 (let ((?x3788 (* 432 ?x2402)))
 (let ((?x2157 (* r r r00 r00)))
 (let ((?x1506 (* 1296 ?x2157)))
 (let ((?x1881 (* (- 432) ?x2006)))
 (let ((?x921 (* (- 864) ?x1886)))
 (let ((?x916 (* (- 432) ?x1864)))
 (let ((?x1292 (* (- 1296) ?x1596)))
 (let ((?x2301 (* (- 216) ?x1370)))
 (let ((?x2990 (* (- 216) ?x1066)))
 (let ((?x3860 (* (- 12) ?x974)))
 (let ((?x1947 (* 108 ?x970)))
 (let ((?x4214 (* 432 ?x818)))
 (let ((?x4148 (* 648 ?x758)))
 (let ((?x2198 (* (- 108) ?x743)))
 (let ((?x380 (* (- 648) ?x672)))
 (let ((?x3926 (* 36 ?x596)))
 (let ((?x2940 (* (- 144) ?x589)))
 (let ((?x2913 (* 648 ?x585)))
 (let ((?x2768 (* (- 72) ?x583)))
 (let ((?x2552 (* 270 ?x480)))
 (let ((?x3989 (* (- 648) ?x406)))
 (let ((?x3467 (* 432 ?x348)))
 (let ((?x4145 (* 324 x00)))
 (let ((?x2238 (* (- 297) s00)))
 (let ((?x1675 (* 162 r00)))
 (let ((?x3804 (* (- 324) x)))
 (let ((?x3920 (+ 27 ?x3804 (* 297 s) (* (- 162) r) ?x1675 ?x2238 ?x4145 (* (- 756) ?x344) ?x3467 (* 1512 ?x402) ?x3989 (* 396 ?x425) (* (- 828) ?x453) ?x2552 ?x2768 ?x2913 ?x2940 ?x3926 ?x1895 (* 252 ?x603) ?x1166 (* 195 ?x634) ?x380 (* (- 246) ?x676) (* (- 648) ?x679) (* 324 ?x682) ?x1002 (* 162 ?x717) ?x2784 ?x2198 ?x4148 ?x4426 ?x4214 ?x2982 ?x1948 ?x3202 (* (- 324) ?x949) ?x1947 ?x3860 ?x2268 (* 324 ?x1061) ?x2990 ?x2546 ?x4389 ?x3006 ?x2301 ?x4432 ?x1292 ?x916 ?x921 ?x1881 ?x1506 ?x3788 ?x3654)))
 (let (($x3218 (= ?x3920 27)))
 (let ((?x714 (+ (* 216 ?x1061) ?x2301)))
 (let ((?x1068 (* 108 ?x1061)))
 (let ((?x674 (+ ?x4145 ?x4148 ?x1068)))
 (let ((?x3339 (+ (* 108 ?x717) ?x2198)))
 (let ((?x1148 (* 54 ?x717)))
 (let ((?x1603 (+ ?x1675 ?x1148 ?x3654)))
 (let ((?x2091 (+ (* (- 108) ?x676) ?x1947)))
 (let ((?x3381 (* (- 66) ?x676)))
 (let ((?x3559 (+ (* (- 198) s00) (* (- 396) ?x453) ?x3381)))
 (let ((?x996 (* 108 ?x634)))
 (let ((?x3175 (+ ?x996 (* (- 216) ?x949) ?x3006)))
 (let ((?x3532 (* (- 108) ?x949)))
 (let ((?x1325 (+ ?x3804 (* 324 s) (* 648 ?x425) ?x996 ?x380 ?x3532)))
 (let ((?x4053 (+ 135 (* 90 s) (* 540 r) (* 540 ?x344) (* 180 ?x425) ?x4399)))
 (let ((?x3490 (* 36 ?x603)))
 (let ((?x1689 (* 108 ?x348)))
 (let ((?x2791 (+ ?x1689 (* 216 ?x402) ?x3490)))
 (let ((?x4402 (+ (* 216 ?x682) ?x2990)))
 (let ((?x4208 (* 108 ?x682)))
 (let ((?x1011 (+ (* 324 ?x480) ?x2913 ?x4208)))
 (let ((?x1792 (+ (* (- 108) s00) (* (- 432) ?x453) ?x2940 (* (- 72) ?x676) ?x3860 ?x1881)))
 (let ((?x2475 (* (- 36) ?x634)))
 (let ((?x4412 (+ (- 108) (* (- 108) s) (* (- 648) r) (* (- 1296) ?x344) (* (- 432) ?x425) ?x2768 ?x2475 ?x3202 ?x916 ?x921)))
 (let ((?x3341 (+ (* (- 432) ?x679) ?x4214)))
 (let ((?x3866 (* (- 216) ?x679)))
 (let ((?x1045 (+ ?x3989 ?x3866 ?x1292)))
 (let ((?x3579 (+ (* 324 ?x348) (* 1296 ?x402) ?x3926 (* 216 ?x603) ?x1506 ?x3788)))
 (let ((?x3887 (+ ?x3579 ?x1895 ?x1045 ?x3341 ?x2982 ?x1948 ?x4412 ?x1792 ?x2268 ?x1011 ?x4402 ?x2784 ?x2791 ?x1166 ?x4389 ?x4053 ?x1325 ?x3175 ?x3559 ?x2091 ?x1002 ?x1603 ?x3339 ?x1612 ?x674 ?x714 ?x2546 ?x4426 ?x4432 ?x1628 ?x2782 ?x145)))
 (let ((?x1355 (+ (* (- 216) (* (- 1) ?x1061)) ?x2301)))
 (let ((?x3508 (* (- 1) ?x1061)))
 (let ((?x4346 (+ ?x3508 ?x1370)))
 (let ((?x2715 (* (- 216) ?x4346)))
 (let ((@x595 (trans (rewrite (= (* x00 ?x372) (* (- 1) ?x1727))) (rewrite (= (* (- 1) ?x1727) ?x3508)) (= (* x00 ?x372) ?x3508))))
 (let ((@x2906 (monotonicity (rewrite (= ?x2589 ?x1370)) @x595 (= (+ ?x2589 (* x00 ?x372)) (+ ?x1370 ?x3508)))))
 (let ((@x3710 (trans @x2906 (rewrite (= (+ ?x1370 ?x3508) ?x4346)) (= (+ ?x2589 (* x00 ?x372)) ?x4346))))
 (let ((@x2783 (trans (rewrite (= ?x4442 (+ ?x2589 (* x00 ?x372)))) @x3710 (= ?x4442 ?x4346))))
 (let ((@x507 (trans (monotonicity @x2783 (= ?x4458 ?x2715)) (rewrite (= ?x2715 ?x1355)) (= ?x4458 ?x1355))))
 (let ((?x3876 (+ (* 108 (* 3 x00)) (* 108 (* 6 ?x758)) ?x1068)))
 (let ((@x4143 (rewrite (= (* 108 (+ (* 3 x00) (* 6 ?x758) ?x1061)) ?x3876))))
 (let ((?x2106 (* 6 ?x758)))
 (let ((?x3410 (* 3 x00)))
 (let ((?x3759 (+ ?x3410 ?x2106 ?x1061)))
 (let ((?x3617 (* x00 ?x206)))
 (let ((?x1619 (* x00 3)))
 (let ((?x1529 (+ ?x1619 ?x1727 ?x3617)))
 (let ((@x4379 (trans (rewrite (= ?x3617 (* 6 (* x00 r)))) (rewrite (= (* 6 (* x00 r)) ?x2106)) (= ?x3617 ?x2106))))
 (let ((@x4376 (monotonicity (rewrite (= ?x1619 ?x3410)) (rewrite (= ?x1727 ?x1061)) @x4379 (= ?x1529 (+ ?x3410 ?x1061 ?x2106)))))
 (let ((@x640 (trans (rewrite (= ?x2929 ?x1529)) (trans @x4376 (rewrite (= (+ ?x3410 ?x1061 ?x2106) ?x3759)) (= ?x1529 ?x3759)) (= ?x2929 ?x3759))))
 (let ((@x4136 (trans (monotonicity @x640 (= ?x2930 (* 108 ?x3759))) @x4143 (= ?x2930 ?x3876))))
 (let ((@x2621 (trans (monotonicity @x3382 (= ?x913 (* (- 108) ?x3449))) (rewrite (= (* (- 108) ?x3449) (+ (* (- 108) ?x748) ?x2198))) (= ?x913 (+ (* (- 108) ?x748) ?x2198)))))
 (let ((@x2627 (trans @x2621 (rewrite (= (+ (* (- 108) ?x748) ?x2198) ?x3339)) (= ?x913 ?x3339))))
 (let ((@x1723 (trans (monotonicity @x1131 (= ?x2213 (* 54 ?x1141))) (rewrite (= (* 54 ?x1141) (+ (* 54 ?x57) ?x1148 (* 54 ?x1132)))) (= ?x2213 (+ (* 54 ?x57) ?x1148 (* 54 ?x1132))))))
 (let ((@x1595 (trans @x1723 (rewrite (= (+ (* 54 ?x57) ?x1148 (* 54 ?x1132)) ?x1603)) (= ?x2213 ?x1603))))
 (let ((?x3544 (+ (* 108 (* (- 1) ?x676)) ?x1947)))
 (let ((?x1427 (* (- 1) ?x676)))
 (let ((?x2697 (+ ?x1427 ?x970)))
 (let ((?x1912 (* 108 ?x2697)))
 (let ((@x2689 (trans (rewrite (= (* s00 ?x372) (* (- 1) ?x1513))) (rewrite (= (* (- 1) ?x1513) ?x1427)) (= (* s00 ?x372) ?x1427))))
 (let ((@x2696 (monotonicity (rewrite (= ?x2040 ?x970)) @x2689 (= (+ ?x2040 (* s00 ?x372)) (+ ?x970 ?x1427)))))
 (let ((@x2704 (trans @x2696 (rewrite (= (+ ?x970 ?x1427) ?x2697)) (= (+ ?x2040 (* s00 ?x372)) ?x2697))))
 (let ((@x3533 (trans (rewrite (= ?x918 (+ ?x2040 (* s00 ?x372)))) @x2704 (= ?x918 ?x2697))))
 (let ((@x4178 (trans (monotonicity @x3533 (= ?x940 ?x1912)) (rewrite (= ?x1912 ?x3544)) (= ?x940 ?x3544))))
 (let ((@x3357 (trans (monotonicity @x3684 (= ?x870 (* (- 66) ?x3645))) (rewrite (= (* (- 66) ?x3645) (+ (* (- 66) ?x53) (* (- 66) ?x2459) ?x3381))) (= ?x870 (+ (* (- 66) ?x53) (* (- 66) ?x2459) ?x3381)))))
 (let ((@x3548 (trans @x3357 (rewrite (= (+ (* (- 66) ?x53) (* (- 66) ?x2459) ?x3381) ?x3559)) (= ?x870 ?x3559))))
 (let ((?x1815 (+ ?x996 (* 108 (* (- 2) ?x949)) ?x3006)))
 (let ((?x1105 (* (- 2) ?x949)))
 (let ((?x1106 (+ ?x634 ?x1105 ?x1254)))
 (let ((?x1775 (* 108 ?x1106)))
 (let ((?x3831 (* (- 1) ?x949)))
 (let ((?x3209 (+ ?x1254 ?x3831 ?x3831 ?x634)))
 (let ((?x3459 (* ?x372 ?x372)))
 (let ((?x379 (* x ?x372)))
 (let ((?x378 (* ?x372 x)))
 (let ((?x2680 (+ ?x1254 ?x378 ?x379 ?x3459)))
 (let ((@x3226 (monotonicity (rewrite (= ?x378 ?x3831)) (rewrite (= ?x379 ?x3831)) (rewrite (= ?x3459 ?x634)) (= ?x2680 ?x3209))))
 (let ((@x1811 (trans (rewrite (= ?x1701 ?x2680)) (trans @x3226 (rewrite (= ?x3209 ?x1106)) (= ?x2680 ?x1106)) (= ?x1701 ?x1106))))
 (let ((@x3156 (trans (monotonicity @x1811 (= ?x1702 ?x1775)) (rewrite (= ?x1775 ?x1815)) (= ?x1702 ?x1815))))
 (let ((?x3848 (+ (* (- 108) (* 3 x)) (* (- 108) ?x570) (* (- 108) (* (- 6) ?x425)) (* (- 108) ?x2250) (* (- 108) (* 6 ?x672)) ?x3532)))
 (let ((?x783 (* 6 ?x672)))
 (let ((?x1025 (* (- 6) ?x425)))
 (let ((?x3305 (* 3 x)))
 (let ((?x3567 (+ ?x3305 ?x570 ?x1025 ?x2250 ?x783 ?x949)))
 (let ((?x1391 (* (- 108) ?x3567)))
 (let ((?x1975 (* ?x372 ?x206)))
 (let ((?x1587 (* x ?x206)))
 (let ((?x3829 (* ?x372 s)))
 (let ((?x1588 (* ?x372 3)))
 (let ((?x1566 (* x 3)))
 (let ((?x1976 (+ ?x1566 ?x1588 ?x949 ?x3829 ?x1587 ?x1975)))
 (let ((@x3488 (monotonicity (rewrite (= ?x1566 ?x3305)) (rewrite (= ?x1588 ?x570)) (rewrite (= ?x3829 ?x2250)) (rewrite (= ?x1587 ?x783)) (rewrite (= ?x1975 ?x1025)) (= ?x1976 (+ ?x3305 ?x570 ?x949 ?x2250 ?x783 ?x1025)))))
 (let ((@x1860 (trans @x3488 (rewrite (= (+ ?x3305 ?x570 ?x949 ?x2250 ?x783 ?x1025) ?x3567)) (= ?x1976 ?x3567))))
 (let ((@x469 (monotonicity (trans (rewrite (= ?x1743 ?x1976)) @x1860 (= ?x1743 ?x3567)) (= ?x1673 ?x1391))))
 (let ((@x1359 (trans (trans @x469 (rewrite (= ?x1391 ?x3848)) (= ?x1673 ?x3848)) (rewrite (= ?x3848 ?x1325)) (= ?x1673 ?x1325))))
 (let ((?x593 (+ (* 15 9) (* 15 ?x3514) (* 15 ?x3516) (* 15 ?x3473) (* 15 ?x3517) ?x4399)))
 (let ((@x1965 (trans (monotonicity @x1006 (= ?x1686 (* 15 ?x3518))) (rewrite (= (* 15 ?x3518) ?x593)) (= ?x1686 ?x593))))
 (let ((@x1688 (trans (monotonicity @x1674 (= ?x495 (* 36 ?x718))) (rewrite (= (* 36 ?x718) (+ (* 36 ?x349) (* 36 ?x2013) ?x3490))) (= ?x495 (+ (* 36 ?x349) (* 36 ?x2013) ?x3490)))))
 (let ((@x1802 (trans @x1688 (rewrite (= (+ (* 36 ?x349) (* 36 ?x2013) ?x3490) ?x2791)) (= ?x495 ?x2791))))
 (let ((?x2202 (+ (* (- 216) (* (- 1) ?x682)) ?x2990)))
 (let ((?x1492 (* (- 1) ?x682)))
 (let ((?x4313 (+ ?x1492 ?x1066)))
 (let ((?x2200 (* (- 216) ?x4313)))
 (let ((@x2752 (trans (rewrite (= (* r00 s00 ?x372) (* (- 1) ?x1911))) (rewrite (= (* (- 1) ?x1911) ?x1492)) (= (* r00 s00 ?x372) ?x1492))))
 (let ((@x4323 (monotonicity (rewrite (= ?x1530 ?x1066)) @x2752 (= (+ ?x1530 (* r00 s00 ?x372)) (+ ?x1066 ?x1492)))))
 (let ((@x2210 (trans @x4323 (rewrite (= (+ ?x1066 ?x1492) ?x4313)) (= (+ ?x1530 (* r00 s00 ?x372)) ?x4313))))
 (let ((@x2212 (trans (rewrite (= ?x1224 (+ ?x1530 (* r00 s00 ?x372)))) @x2210 (= ?x1224 ?x4313))))
 (let ((@x2795 (trans (monotonicity @x2212 (= ?x2593 ?x2200)) (rewrite (= ?x2200 ?x2202)) (= ?x2593 ?x2202))))
 (let ((?x1826 (+ (* 108 ?x3688) (* 108 (* 6 ?x585)) ?x4208)))
 (let ((?x764 (* 6 ?x585)))
 (let ((?x3045 (+ ?x3688 ?x764 ?x682)))
 (let ((?x1987 (* 108 ?x3045)))
 (let ((?x1241 (+ ?x3688 ?x682 ?x764)))
 (let ((?x1790 (* r00 s00 ?x206)))
 (let ((?x1880 (* r00 s00 3)))
 (let ((?x1787 (+ ?x1880 ?x1911 ?x1790)))
 (let ((@x3035 (trans (rewrite (= ?x1790 (* 6 (* r00 s00 r)))) (rewrite (= (* 6 (* r00 s00 r)) ?x764)) (= ?x1790 ?x764))))
 (let ((@x1977 (monotonicity (rewrite (= ?x1880 ?x3688)) (rewrite (= ?x1911 ?x682)) @x3035 (= ?x1787 ?x1241))))
 (let ((@x1986 (trans (rewrite (= ?x4061 ?x1787)) (trans @x1977 (rewrite (= ?x1241 ?x3045)) (= ?x1787 ?x3045)) (= ?x4061 ?x3045))))
 (let ((@x2907 (trans (monotonicity @x1986 (= ?x4052 ?x1987)) (rewrite (= ?x1987 ?x1826)) (= ?x4052 ?x1826))))
 (let ((?x1925 (+ (* (- 12) ?x145) (* (- 12) (* 36 ?x453)) (* (- 12) (* 12 ?x589)) (* (- 12) (* 6 ?x676)) ?x3860 (* (- 12) (* 36 ?x2006)))))
 (let ((?x1447 (* 36 ?x2006)))
 (let ((?x1453 (* 6 ?x676)))
 (let ((?x4062 (* 12 ?x589)))
 (let ((?x1747 (* 36 ?x453)))
 (let ((?x4049 (+ ?x145 ?x1747 ?x4062 ?x1453 ?x974 ?x1447)))
 (let ((?x1392 (* (- 12) ?x4049)))
 (let ((?x3836 (* s00 ?x206 ?x206)))
 (let ((?x3814 (* s00 s ?x206)))
 (let ((?x2028 (* s00 3 ?x206)))
 (let ((?x1900 (* s00 ?x206 s)))
 (let ((?x2505 (* s00 3 s)))
 (let ((?x2504 (* s00 ?x206 3)))
 (let ((?x2503 (* s00 s 3)))
 (let ((?x2497 (* s00 3 3)))
 (let ((?x1500 (+ ?x2497 ?x2503 ?x2504 ?x2505 ?x3231 ?x1900 ?x2028 ?x3814 ?x3836)))
 (let ((?x1503 (* 6 ?x589)))
 (let ((?x3663 (* 18 ?x453)))
 (let ((?x3873 (* 3 ?x676)))
 (let ((?x1440 (+ ?x145 ?x3873 ?x3663 ?x3873 ?x974 ?x1503 ?x3663 ?x1503 ?x1447)))
 (let ((@x1446 (trans (rewrite (= ?x3836 (* 36 (* s00 r r)))) (rewrite (= (* 36 (* s00 r r)) ?x1447)) (= ?x3836 ?x1447))))
 (let ((@x2378 (trans (rewrite (= ?x3814 (* 6 (* s00 s r)))) (rewrite (= (* 6 (* s00 s r)) ?x1503)) (= ?x3814 ?x1503))))
 (let ((@x2933 (rewrite (= (* 18 ?x3062) ?x3663))))
 (let ((@x3745 (trans (rewrite (= ?x1900 (* 6 (* s00 r s)))) (rewrite (= (* 6 (* s00 r s)) ?x1503)) (= ?x1900 ?x1503))))
 (let ((@x3292 (rewrite (= (* 3 ?x1513) ?x3873))))
 (let ((@x1450 (monotonicity (rewrite (= ?x2497 ?x145)) (trans (rewrite (= ?x2503 (* 3 ?x1513))) @x3292 (= ?x2503 ?x3873)) (trans (rewrite (= ?x2504 (* 18 ?x3062))) @x2933 (= ?x2504 ?x3663)) (trans (rewrite (= ?x2505 (* 3 ?x1513))) @x3292 (= ?x2505 ?x3873)) (rewrite (= ?x3231 ?x974)) @x3745 (trans (rewrite (= ?x2028 (* 18 ?x3062))) @x2933 (= ?x2028 ?x3663)) @x2378 @x1446 (= ?x1500 ?x1440))))
 (let ((@x1098 (trans (rewrite (= ?x3018 ?x1500)) (trans @x1450 (rewrite (= ?x1440 ?x4049)) (= ?x1500 ?x4049)) (= ?x3018 ?x4049))))
 (let ((@x3457 (trans (monotonicity @x1098 (= ?x3455 ?x1392)) (rewrite (= ?x1392 ?x1925)) (= ?x3455 ?x1925))))
 (let ((?x1982 (* 216 ?x1886)))
 (let ((?x3053 (* (- 4) ?x1982)))
 (let ((?x3244 (* 108 ?x1864)))
 (let ((?x3048 (* (- 4) ?x3244)))
 (let ((?x1706 (* 3 ?x1705)))
 (let ((?x3043 (* (- 4) ?x1706)))
 (let ((?x1699 (* 3 ?x1698)))
 (let ((?x3052 (* (- 4) ?x1699)))
 (let ((?x1685 (* 3 ?x1684)))
 (let ((?x3051 (* (- 4) ?x1685)))
 (let ((?x1669 (* 3 ?x1668)))
 (let ((?x3036 (* (- 4) ?x1669)))
 (let ((?x1662 (* 3 ?x1661)))
 (let ((?x441 (* (- 4) ?x1662)))
 (let ((?x3245 (* 9 ?x634)))
 (let ((?x2886 (* (- 4) ?x3245)))
 (let ((?x4485 (* 18 ?x583)))
 (let ((?x2885 (* (- 4) ?x4485)))
 (let ((?x2645 (* 72 ?x425)))
 (let ((?x2877 (* (- 4) ?x2645)))
 (let ((?x2646 (* 216 ?x344)))
 (let ((?x2876 (* (- 4) ?x2646)))
 (let ((?x3239 (* 108 r)))
 (let ((?x2884 (* (- 4) ?x3239)))
 (let ((?x2647 (* 18 s)))
 (let ((?x2883 (* (- 4) ?x2647)))
 (let ((?x2873 (* (- 4) 27)))
 (let ((?x3038 (+ ?x2873 ?x2883 ?x2884 ?x2876 ?x2877 ?x2885 ?x2886 ?x3202 ?x441 ?x3036 ?x3051 ?x3052 ?x3043 ?x3048 ?x3053)))
 (let ((?x1119 (* (- 432) ?x344)))
 (let ((?x1201 (* (- 72) ?x425)))
 (let ((?x2477 (* (- 216) r)))
 (let ((?x2169 (* (- 36) s)))
 (let ((?x757 (* (- 288) ?x425)))
 (let ((?x710 (* (- 864) ?x344)))
 (let ((?x800 (* (- 432) r)))
 (let ((?x1799 (* (- 72) s)))
 (let ((?x4398 (+ (- 108) ?x1799 ?x800 ?x710 ?x757 ?x2768 ?x2475 ?x3202 ?x2169 ?x2477 ?x1201 ?x1201 ?x1119 ?x916 ?x921)))
 (let ((@x859 (trans (rewrite (= ?x3051 (* (- 72) ?x433))) (rewrite (= (* (- 72) ?x433) ?x1201)) (= ?x3051 ?x1201))))
 (let ((@x1654 (monotonicity (rewrite (= ?x2873 (- 108))) (rewrite (= ?x2883 ?x1799)) (rewrite (= ?x2884 ?x800)) (rewrite (= ?x2876 ?x710)) (rewrite (= ?x2877 ?x757)) (rewrite (= ?x2885 ?x2768)) (rewrite (= ?x2886 ?x2475)) (rewrite (= ?x441 ?x2169)) (rewrite (= ?x3036 ?x2477)) @x859 (rewrite (= ?x3052 ?x1201)) (rewrite (= ?x3043 ?x1119)) (rewrite (= ?x3048 ?x916)) (rewrite (= ?x3053 ?x921)) (= ?x3038 ?x4398))))
 (let ((?x3246 (+ 27 ?x2647 ?x3239 ?x2646 ?x2645 ?x4485 ?x3245 ?x926 ?x1662 ?x1669 ?x1685 ?x1699 ?x1706 ?x3244 ?x1982)))
 (let ((?x2909 (* (- 4) ?x3246)))
 (let ((?x1950 (* ?x206 ?x206 ?x206)))
 (let ((?x2123 (* s ?x206 ?x206)))
 (let ((?x2025 (* ?x206 s ?x206)))
 (let ((?x2275 (* s s ?x206)))
 (let ((?x3249 (* ?x206 3 ?x206)))
 (let ((?x2344 (* s 3 ?x206)))
 (let ((?x1935 (* 3 ?x1934)))
 (let ((?x1930 (* ?x206 ?x206 s)))
 (let ((?x1929 (* s ?x206 s)))
 (let ((?x1924 (* ?x206 s s)))
 (let ((?x1923 (* ?x206 3 s)))
 (let ((?x1946 (* s 3 s)))
 (let ((?x1949 (* 3 ?x49)))
 (let ((?x3300 (* ?x206 ?x206 3)))
 (let ((?x3060 (* s ?x206 3)))
 (let ((?x1943 (* ?x206 s 3)))
 (let ((?x3358 (* s s 3)))
 (let ((?x3327 (* ?x206 3 3)))
 (let ((?x1858 (* s 3 3)))
 (let ((?x703 (* 3 ?x683)))
 (let ((?x1956 (+ ?x703 ?x1858 ?x3327 ?x1662 ?x3358 ?x1943 ?x1669 ?x3060 ?x3300 ?x1949 ?x1946 ?x1923 ?x912 ?x926 ?x1924 ?x1685 ?x1929 ?x1930 ?x1935 ?x2344 ?x3249 ?x1699 ?x2275 ?x2025 ?x1706 ?x2123 ?x1950)))
 (let ((?x3219 (* 36 ?x1864)))
 (let ((?x901 (* 6 ?x583)))
 (let ((?x3847 (* 18 ?x425)))
 (let ((?x2641 (+ 27 ?x143 ?x3102 ?x1662 ?x912 ?x3847 ?x1669 ?x3847 ?x4309 ?x143 ?x912 ?x3847 ?x912 ?x926 ?x901 ?x1685 ?x901 ?x3219 ?x3102 ?x3847 ?x4309 ?x1699 ?x901 ?x3219 ?x1706 ?x3219 ?x1982)))
 (let ((@x3682 (trans (rewrite (= ?x2025 (* 36 (* r s r)))) (rewrite (= (* 36 (* r s r)) ?x3219)) (= ?x2025 ?x3219))))
 (let ((@x3224 (trans (rewrite (= ?x1930 (* 36 (* r r s)))) (rewrite (= (* 36 (* r r s)) ?x3219)) (= ?x1930 ?x3219))))
 (let ((@x3215 (trans (rewrite (= ?x1929 (* 6 (* s r s)))) (rewrite (= (* 6 (* s r s)) ?x901)) (= ?x1929 ?x901))))
 (let ((@x2388 (rewrite (= (* 18 ?x433) ?x3847))))
 (let ((@x2644 (monotonicity (rewrite (= ?x703 27)) (rewrite (= ?x1858 ?x143)) (rewrite (= ?x3327 ?x3102)) (rewrite (= ?x3358 ?x912)) (trans (rewrite (= ?x1943 (* 18 ?x433))) @x2388 (= ?x1943 ?x3847)) (rewrite (= ?x3060 ?x3847)) (rewrite (= ?x3300 ?x4309)) (rewrite (= ?x1949 ?x143)) (rewrite (= ?x1946 ?x912)) (trans (rewrite (= ?x1923 (* 18 ?x433))) @x2388 (= ?x1923 ?x3847)) (rewrite (= ?x1924 ?x901)) @x3215 @x3224 (rewrite (= ?x1935 ?x3102)) (rewrite (= ?x2344 ?x3847)) (rewrite (= ?x3249 ?x4309)) (rewrite (= ?x2275 ?x901)) @x3682 (rewrite (= ?x2123 ?x3219)) (rewrite (= ?x1950 ?x1982)) (= ?x1956 ?x2641))))
 (let ((@x1973 (trans (rewrite (= ?x2794 ?x1956)) (trans @x2644 (rewrite (= ?x2641 ?x3246)) (= ?x1956 ?x3246)) (= ?x2794 ?x3246))))
 (let ((@x3058 (trans (monotonicity @x1973 (= ?x1272 ?x2909)) (rewrite (= ?x2909 ?x3038)) (= ?x1272 ?x3038))))
 (let ((@x2502 (trans @x3058 (trans @x1654 (rewrite (= ?x4398 ?x4412)) (= ?x3038 ?x4412)) (= ?x1272 ?x4412))))
 (let ((?x2030 (+ (* 432 (* (- 1) ?x679)) ?x4214)))
 (let ((?x4297 (* (- 1) ?x679)))
 (let ((?x1452 (+ ?x4297 ?x818)))
 (let ((?x3375 (* 432 ?x1452)))
 (let ((@x943 (trans (rewrite (= (* r00 r00 r00 ?x372) (* (- 1) ?x1511))) (rewrite (= (* (- 1) ?x1511) ?x4297)) (= (* r00 r00 r00 ?x372) ?x4297))))
 (let ((@x1398 (monotonicity (rewrite (= ?x4152 ?x818)) @x943 (= (+ ?x4152 (* r00 r00 r00 ?x372)) (+ ?x818 ?x4297)))))
 (let ((@x3366 (trans @x1398 (rewrite (= (+ ?x818 ?x4297) ?x1452)) (= (+ ?x4152 (* r00 r00 r00 ?x372)) ?x1452))))
 (let ((@x3374 (trans (rewrite (= ?x2261 (+ ?x4152 (* r00 r00 r00 ?x372)))) @x3366 (= ?x2261 ?x1452))))
 (let ((@x665 (trans (monotonicity @x3374 (= ?x2273 ?x3375)) (rewrite (= ?x3375 ?x2030)) (= ?x2273 ?x2030))))
 (let ((?x2732 (+ (* (- 216) (* 3 ?x406)) ?x3866 (* (- 216) (* 6 ?x1596)))))
 (let ((?x1809 (* 6 ?x1596)))
 (let ((?x724 (* 3 ?x406)))
 (let ((?x3173 (+ ?x724 ?x679 ?x1809)))
 (let ((?x887 (+ (* r00 r00 r00 3) ?x1511 (* r00 r00 r00 ?x206))))
 (let ((@x3932 (trans (rewrite (= ?x774 ?x887)) (rewrite (= ?x887 ?x3173)) (= ?x774 ?x3173))))
 (let ((@x3988 (trans (monotonicity @x3932 (= ?x1327 (* (- 216) ?x3173))) (rewrite (= (* (- 216) ?x3173) ?x2732)) (= ?x1327 ?x2732))))
 (let ((?x2321 (+ (* 36 (* 9 ?x348)) (* 36 (* 36 ?x402)) ?x3926 (* 36 (* 6 ?x603)) (* 36 (* 36 ?x2157)) (* 36 (* 12 ?x2402)))))
 (let ((?x3751 (* 12 ?x2402)))
 (let ((?x2164 (* 36 ?x2157)))
 (let ((?x4260 (* 6 ?x603)))
 (let ((?x810 (* 36 ?x402)))
 (let ((?x2569 (* 9 ?x348)))
 (let ((?x3752 (+ ?x2569 ?x810 ?x596 ?x4260 ?x2164 ?x3751)))
 (let ((?x2294 (* 36 ?x3752)))
 (let ((?x2561 (* r00 r00 ?x206 ?x206)))
 (let ((?x3621 (* r00 r00 s ?x206)))
 (let ((?x1051 (* r00 r00 3 ?x206)))
 (let ((?x4222 (* r00 r00 ?x206 s)))
 (let ((?x1384 (* r00 r00 3 s)))
 (let ((?x3003 (* r00 r00 ?x206 3)))
 (let ((?x3012 (* r00 r00 s 3)))
 (let ((?x3011 (* r00 r00 3 3)))
 (let ((?x2568 (+ ?x3011 ?x3012 ?x3003 ?x1384 ?x3001 ?x4222 ?x1051 ?x3621 ?x2561)))
 (let ((?x813 (* 6 ?x2402)))
 (let ((?x686 (* 18 ?x402)))
 (let ((?x2575 (* 3 ?x603)))
 (let ((?x4270 (+ ?x2569 ?x2575 ?x686 ?x2575 ?x596 ?x813 ?x686 ?x813 ?x2164)))
 (let ((@x2159 (trans (rewrite (= ?x2561 (* 36 (* r00 r00 r r)))) (rewrite (= (* 36 (* r00 r00 r r)) ?x2164)) (= ?x2561 ?x2164))))
 (let ((@x2156 (trans (rewrite (= ?x3621 (* 6 (* r00 r00 s r)))) (rewrite (= (* 6 (* r00 r00 s r)) ?x813)) (= ?x3621 ?x813))))
 (let ((@x705 (rewrite (= (* 18 ?x984) ?x686))))
 (let ((@x2405 (trans (rewrite (= ?x4222 (* 6 (* r00 r00 r s)))) (rewrite (= (* 6 (* r00 r00 r s)) ?x813)) (= ?x4222 ?x813))))
 (let ((@x2522 (rewrite (= (* 3 ?x1851) ?x2575))))
 (let ((@x3750 (monotonicity (rewrite (= ?x3011 ?x2569)) (trans (rewrite (= ?x3012 (* 3 ?x1851))) @x2522 (= ?x3012 ?x2575)) (trans (rewrite (= ?x3003 (* 18 ?x984))) @x705 (= ?x3003 ?x686)) (trans (rewrite (= ?x1384 (* 3 ?x1851))) @x2522 (= ?x1384 ?x2575)) (rewrite (= ?x3001 ?x596)) @x2405 (trans (rewrite (= ?x1051 (* 18 ?x984))) @x705 (= ?x1051 ?x686)) @x2156 @x2159 (= ?x2568 ?x4270))))
 (let ((@x1014 (trans (rewrite (= ?x2002 ?x2568)) (trans @x3750 (rewrite (= ?x4270 ?x3752)) (= ?x2568 ?x3752)) (= ?x2002 ?x3752))))
 (let ((@x2329 (trans (monotonicity @x1014 (= ?x2007 ?x2294)) (rewrite (= ?x2294 ?x2321)) (= ?x2007 ?x2321))))
 (let ((@x3460 (monotonicity (trans @x2329 (rewrite (= ?x2321 ?x3579)) (= ?x2007 ?x3579)) (trans @x3988 (rewrite (= ?x2732 ?x1045)) (= ?x1327 ?x1045)) (trans @x665 (rewrite (= ?x2030 ?x3341)) (= ?x2273 ?x3341)) @x2502 (trans @x3457 (rewrite (= ?x1925 ?x1792)) (= ?x3455 ?x1792)) (trans @x2907 (rewrite (= ?x1826 ?x1011)) (= ?x4052 ?x1011)) (trans @x2795 (rewrite (= ?x2202 ?x4402)) (= ?x2593 ?x4402)) @x1802 (trans @x1965 (rewrite (= ?x593 ?x4053)) (= ?x1686 ?x4053)) @x1359 (trans @x3156 (rewrite (= ?x1815 ?x3175)) (= ?x1702 ?x3175)) @x3548 (trans @x4178 (rewrite (= ?x3544 ?x2091)) (= ?x940 ?x2091)) @x1595 @x2627 (trans @x4136 (rewrite (= ?x3876 ?x674)) (= ?x2930 ?x674)) (trans @x507 (rewrite (= ?x1355 ?x714)) (= ?x4458 ?x714)) (= ?x3824 ?x3887))))
 (let ((@x3451 (monotonicity (trans @x3460 (rewrite (= ?x3887 ?x3920)) (= ?x3824 ?x3920)) (= $x1101 $x3218))))
 (let ((?x3121 (+ ?x1628 ?x145 ?x1612 ?x3926 ?x1895 ?x3490 ?x1166 ?x4399 ?x3381 ?x3866 ?x4208 ?x1002 ?x1148 ?x2784 ?x2198 ?x4426 ?x4214 ?x2982 ?x1948 ?x3202 ?x3532 ?x1947 ?x3860 ?x2268 ?x1068 ?x2990 ?x2546 ?x4389 ?x3006 ?x2301 ?x4432)))
 (let (($x1125 (= ?x3121 0)))
 (let ((?x4368 (+ ?x3926 ?x1895 ?x3866 ?x4214 ?x2982 ?x1948 ?x3202 ?x3860 ?x2268 ?x4208 ?x2990 ?x2784 ?x3490 ?x1166 ?x4389 ?x4399 ?x3532 ?x3006 ?x3381 ?x1947 ?x1002 ?x1148 ?x2198 ?x1612 ?x1068 ?x2301 ?x2546 ?x4426 ?x4432 ?x1628 ?x145)))
 (let ((@x1052 (monotonicity (rewrite (= ?x3004 ?x3926)) (rewrite (= ?x3744 ?x3866)) (rewrite (= ?x594 ?x4214)) (rewrite (= ?x2146 ?x3860)) (rewrite (= ?x2272 ?x4208)) (rewrite (= ?x652 ?x2990)) (rewrite (= ?x3874 ?x3490)) (rewrite (= ?x1644 ?x3532)) (rewrite (= ?x3431 ?x3381)) (rewrite (= ?x3468 ?x1947)) (rewrite (= ?x373 ?x1148)) (rewrite (= ?x2072 ?x2198)) (rewrite (= ?x2579 ?x1068)) (rewrite (= ?x2612 ?x2301)) (= ?x3171 ?x4368))))
 (let ((@x4218 (monotonicity (trans @x1052 (rewrite (= ?x4368 ?x3121)) (= ?x3171 ?x3121)) (= $x3177 $x1125))))
 (let ((?x3527 (+ ?x1988 ?x49 ?x1936 ?x57 ?x546 ?x59 ?x660 ?x3666 ?x4203 ?x3513 ?x3328)))
 (let (($x3865 (= ?x3527 0)))
 (let ((?x3389 (+ ?x660 ?x3666 ?x4203 ?x3513 ?x3328 ?x49 ?x1936 ?x1988 ?x546 ?x57 ?x59)))
 (let ((@x2056 (monotonicity (rewrite (= ?x985 ?x660)) (rewrite (= ?x3037 ?x4203)) (rewrite (= ?x3333 ?x3513)) (= ?x1894 ?x3389))))
 (let ((@x1954 (monotonicity (trans @x2056 (rewrite (= ?x3389 ?x3527)) (= ?x1894 ?x3527)) (= $x1527 $x3865))))
 (let ((@x1130 (monotonicity (rewrite (= ?x442 (+ ?x372 s00 ?x977 ?x3637))) (= $x3046 (= (+ ?x372 s00 ?x977 ?x3637) 0)))))
 (let ((@x2027 (trans @x1130 (rewrite (= (= (+ ?x372 s00 ?x977 ?x3637) 0) $x397)) (= $x3046 $x397))))
 (let ((@x2536 (monotonicity @x2027 (trans @x1954 (rewrite (= $x3865 $x576)) (= $x1527 $x576)) (rewrite (= $x413 $x837)) (rewrite (= $x2699 $x1180)) (trans @x4218 (rewrite (= $x1125 $x1486)) (= $x3177 $x1486)) (trans @x3451 (rewrite (= $x3218 $x3448)) (= $x1101 $x3448)) @x3980 (trans @x695 (rewrite (= $x669 $x3272)) (= $x2386 $x3272)) (trans @x3495 (rewrite (= $x3463 $x3534)) (= $x3040 $x3534)) (rewrite (= $x3725 $x4098)) (= $x4023 (and $x397 $x576 $x837 $x1180 $x1486 $x3448 $x397 $x3272 $x3534 $x4098)))))
 (trans @x2536 @x3797 (= $x4023 $x2545)))))))))))))))))))))))))))))))))))))))))))))))))))))))))))))))))))))))))))))))))))))))))))))))))))))))))))))))))))))))))))))))))))))))))))))))))))))))))))))))))))))))))))))))))))))))))))))))))))))))))))))))))))))))))))))))))))))))))))))))))))))))))))))))))))))))))))))))))))))))))))))))))))))))))))))))))))))))))))))))))))))))))))))))))))))))))))))))))))))))))))))))))))))))))))))))))))))))))))))))))))))))))))))))))))))))))))))))))))))))))))))))))))))))))))))))))))))))))))))))))))))))))))))))))))))))))))))))))))))))))))))))))))))))))))))))))))))))))))))))))))))))))))))))))))))))))))))))))))))))))))))))))))))))))))))))))))))))))))))))))))))))))))))))))))))))))))))))))))))))))))))))))))))))))))))))))))))))))))))))))))))))))))))))))))))))))))))))))))))))))))))))))))))))))))))))))))))))))))))))))))))))))))))))))))
 ))
 (let (($x342 (exists ((x Int) (s Int) (r Int) )(! (let ((?x145 (* 9 s00)))
 (let ((?x206 (* 6 r)))
 (let ((?x207 (+ s ?x206 3)))
 (let ((?x248 (* 9 ?x207)))
 (let ((?x141 (* 54 r00 x00)))
 (let ((?x139 (* 6 s00 x00)))
 (let ((?x133 (* 24 s00 r00)))
 (let ((?x127 (* 15 s00 s00)))
 (let ((?x111 (* 36 r00 r00 x00)))
 (let ((?x108 (* 36 s00 r00 r00)))
 (let ((?x225 (* 36 ?x207 r00 r00)))
 (let ((?x102 (* 2 s00 s00 r00)))
 (let ((?x300 (+ (* 2 ?x207 ?x207 (+ r 1)) (* 2 ?x207 (+ r 1) s00))))
 (let ((?x305 (+ (- ?x300 (* 4 (+ r 1) s00 s00)) (* 4 ?x207 ?x207 r00) (* 36 (+ r 1) (- x s) r00))))
 (let ((?x311 (+ (- (- (- ?x305 (* 2 ?x207 s00 r00)) ?x102) ?x225) (* 36 (- x s) r00 r00) ?x108)))
 (let ((?x316 (+ (- (- ?x311 (* 36 (+ r 1) r00 x00)) ?x111) (* 3 ?x207 ?x207))))
 (let ((?x323 (+ (- ?x316 (* 24 ?x207 (+ r 1))) (* 6 ?x207 (- x s)) (* 54 (+ r 1) (- x s)) (* 12 ?x207 s00) (* 24 (+ r 1) s00))))
 (let ((?x328 (- (- (- ?x323 (* 6 (- x s) s00)) ?x127) (* 24 ?x207 r00))))
 (let ((?x333 (- (+ ?x328 (* 54 (- x s) r00) ?x133) (* 6 ?x207 x00))))
 (let ((?x338 (- (+ (- (+ (- ?x333 (* 54 (+ r 1) x00)) ?x139) ?x141) ?x248) ?x145)))
 (let ((?x53 (* 3 s00)))
 (let ((?x265 (* 3 ?x207)))
 (let ((?x86 (* 18 r00 x00)))
 (let ((?x83 (* 9 s00 r00)))
 (let ((?x78 (* 4 s00 s00)))
 (let ((?x67 (* 6 s00 r00 r00)))
 (let ((?x277 (- (* 6 ?x207 (+ r 1) r00) (* 6 (+ r 1) s00 r00))))
 (let ((?x282 (- (+ (- ?x277 (* 6 ?x207 r00 r00)) ?x67 (* 2 ?x207 ?x207)) (* 9 ?x207 (+ r 1)))))
 (let ((?x286 (+ ?x282 (* 18 (+ r 1) (- x s)) (* 2 ?x207 s00) (* 9 (+ r 1) s00))))
 (let ((?x291 (+ (- (- ?x286 ?x78) (* 9 ?x207 r00)) (* 18 (- x s) r00) ?x83)))
 (let (($x297 (= (- (+ (- (- ?x291 (* 18 (+ r 1) x00)) ?x86) ?x265) ?x53) 0)))
 (let ((?x59 (* 6 x00)))
 (let ((?x57 (* 3 r00)))
 (let ((?x48 (* 6 s00 r00)))
 (let ((?x39 (* 12 r00 r00 r00)))
 (let ((?x263 (- (- (* 12 (+ r 1) r00 r00) ?x39) (* 2 ?x207 (+ r 1)))))
 (let ((?x269 (- (+ (- ?x263 (* 4 (+ r 1) s00)) ?x48 ?x265) (* 3 (+ r 1)))))
 (let ((?x256 (- (- (* 3 (+ r 1) (+ r 1)) (* 3 r00 r00)) ?x207)))
 (let ((?x201 (* 108 x00 x00)))
 (let ((?x200 (* 108 r00 x00)))
 (let ((?x197 (* 108 s00 x00)))
 (let ((?x191 (* 54 s00 r00)))
 (let ((?x187 (* 51 s00 s00)))
 (let ((?x175 (* 216 s00 r00 x00)))
 (let ((?x170 (* 108 s00 s00 r00)))
 (let ((?x165 (* 16 s00 s00 s00)))
 (let ((?x158 (* 432 r00 r00 r00 x00)))
 (let ((?x156 (* 216 s00 r00 r00 r00)))
 (let ((?x149 (* 36 s00 s00 r00 r00)))
 (let ((?x211 (- (- (* 36 ?x207 ?x207 r00 r00) ?x149) (* 216 ?x207 r00 r00 r00))))
 (let ((?x218 (- (- (+ ?x211 (* 432 (- x s) r00 r00 r00) ?x156) ?x158) (* 4 ?x207 ?x207 ?x207))))
 (let ((?x221 (+ (- ?x218 (* 12 ?x207 ?x207 s00)) ?x165 (* 108 ?x207 s00 r00))))
 (let ((?x227 (- (+ (- (- ?x221 (* 216 (- x s) s00 r00)) ?x170) ?x225) ?x108)))
 (let ((?x233 (+ (- (+ ?x227 ?x175 (* 15 ?x207 ?x207)) (* 108 ?x207 (- x s))) (* 36 3 (- x s) (- x s)))))
 (let ((?x238 (+ (- ?x233 (* 66 ?x207 s00)) (* 36 3 (- x s) s00) ?x187 (* 54 ?x207 r00))))
 (let ((?x243 (+ (- (- ?x238 (* 36 3 (- x s) r00)) ?x191) (* 108 ?x207 x00))))
 (let ((?x249 (- (+ (- (- ?x243 (* 216 (- x s) x00)) ?x197) ?x200 ?x201) ?x248)))
 (let ((?x143 (* 9 s)))
 (let ((?x103 (* 36 s r00 r00)))
 (let ((?x153 (- (- (* 36 s s r00 r00) ?x149) (* 216 s r00 r00 r00))))
 (let ((?x162 (- (- (+ ?x153 (* 432 x r00 r00 r00) ?x156) ?x158) (* 4 s s s))))
 (let ((?x168 (+ (- ?x162 (* 12 s s s00)) ?x165 (* 108 s s00 r00))))
 (let ((?x177 (+ (- (+ (- (- ?x168 (* 216 x s00 r00)) ?x170) ?x103) ?x108) ?x175 (* 15 s s))))
 (let ((?x184 (- (+ (- ?x177 (* 108 s x)) (* 36 3 x x)) (* 66 s s00))))
 (let ((?x192 (- (+ ?x184 (* 36 3 x s00) ?x187 (* 54 s r00)) (* 36 3 x r00))))
 (let ((?x199 (- (- (+ (- ?x192 ?x191) (* 108 s x00)) (* 216 x x00)) ?x197)))
 (let ((?x96 (- (+ (* 2 s s r) (* 2 s r s00)) (* 4 r s00 s00))))
 (let ((?x104 (- (+ ?x96 (* 4 s s r00) (* 36 r x r00)) (* 2 s s00 r00))))
 (let ((?x112 (- (+ (- (- ?x104 ?x102) ?x103) (* 36 x r00 r00) ?x108) (* 36 r r00 x00))))
 (let ((?x124 (+ (- (+ (- ?x112 ?x111) (* 3 s s)) (* 24 s r)) (* 6 s x) (* 54 r x) (* 12 s s00) (* 24 r s00))))
 (let ((?x134 (+ (- (- (- ?x124 (* 6 x s00)) ?x127) (* 24 s r00)) (* 54 x r00) ?x133)))
 (let ((?x142 (- (+ (- (- ?x134 (* 6 s x00)) (* 54 r x00)) ?x139) ?x141)))
 (let ((?x49 (* 3 s)))
 (let ((?x66 (- (- (* 6 s r r00) (* 6 r s00 r00)) (* 6 s r00 r00))))
 (let ((?x77 (+ (- (+ ?x66 ?x67 (* 2 s s)) (* 9 s r)) (* 18 r x) (* 2 s s00) (* 9 r s00))))
 (let ((?x84 (+ (- (- ?x77 ?x78) (* 9 s r00)) (* 18 x r00) ?x83)))
 (let ((?x52 (* 6 x)))
 (let ((?x51 (* 3 r)))
 (let ((?x46 (- (- (- (* 12 r r00 r00) ?x39) (* 2 s r)) (* 4 r s00))))
 (let (($x61 (= (+ (- (- (- (+ ?x46 ?x48 ?x49) ?x51) ?x52) ?x53) ?x57 ?x59) 0)))
 (let (($x36 (= (+ (- (- (* 3 r r) (* 3 r00 r00)) s) s00) 0)))
 (and $x36 $x61 (= (- (+ (- (- ?x84 (* 18 r x00)) ?x86) ?x49) ?x53) 0) (= (- (+ ?x142 ?x143) ?x145) 0) (= (+ (- (+ ?x199 ?x200 ?x201) ?x143) ?x145) 0) (= (+ ?x249 ?x145) 0) (= (+ ?x256 s00) 0) (= (+ (- (- ?x269 (* 6 (- x s))) ?x53) ?x57 ?x59) 0) $x297 (not (= ?x338 0)))))))))))))))))))))))))))))))))))))))))))))))))))))))))))))))))))))))))))))))))))) :qid k!38))
 ))
 (let ((?x3730 (lambda ((x Int) (s Int) (r Int) )(let ((?x1167 (* (- 9) s00)))
 (let ((?x3102 (* 54 r)))
 (let ((?x143 (* 9 s)))
 (let ((?x785 (* r00 x00)))
 (let ((?x1137 (* (- 54) ?x785)))
 (let ((?x1113 (* s00 x00)))
 (let ((?x1114 (* 6 ?x1113)))
 (let ((?x480 (* r00 s00)))
 (let ((?x1050 (* 24 ?x480)))
 (let ((?x691 (* s00 s00)))
 (let ((?x1009 (* (- 15) ?x691)))
 (let ((?x206 (* 6 r)))
 (let ((?x3657 (+ 3 s ?x206)))
 (let ((?x372 (* (- 1) s)))
 (let ((?x2142 (+ x ?x372)))
 (let ((?x1743 (* ?x2142 ?x3657)))
 (let ((?x886 (* r00 r00 x00)))
 (let ((?x899 (* (- 36) ?x886)))
 (let ((?x630 (* r00 r00 s00)))
 (let ((?x849 (* 36 ?x630)))
 (let ((?x741 (* r00 s00 s00)))
 (let ((?x762 (* (- 2) ?x741)))
 (let ((?x841 (+ (* 2 (* (+ 1 r) ?x3657 ?x3657)) (* 2 (* s00 (+ 1 r) ?x3657)) (* (- 4) (* s00 s00 (+ 1 r))) (* 4 (* r00 ?x3657 ?x3657)) (* 36 (* r00 (+ 1 r) ?x2142)) (* (- 2) (* r00 s00 ?x3657)) ?x762 (* (- 36) (* r00 r00 ?x3657)) (* 36 (* r00 r00 ?x2142)) ?x849 (* (- 36) (* r00 x00 (+ 1 r))) ?x899 (* 3 (* ?x3657 ?x3657)) (* (- 24) (* (+ 1 r) ?x3657)) (* 6 ?x1743) (* 54 (* (+ 1 r) ?x2142)) (* 12 (* s00 ?x3657)) (* 24 (* s00 (+ 1 r))) (* (- 6) (* s00 ?x2142)) ?x1009 (* (- 24) (* r00 ?x3657)) (* 54 (* r00 ?x2142)) ?x1050 (* (- 6) (* x00 ?x3657)) (* (- 54) (* x00 (+ 1 r))) ?x1114 ?x1137 ?x143 ?x3102 ?x1167)))
 (let (($x3725 (not (= ?x841 (- 27)))))
 (let ((?x546 (* (- 3) s00)))
 (let ((?x4367 (* 18 r)))
 (let ((?x49 (* 3 s)))
 (let ((?x798 (* (- 18) ?x785)))
 (let ((?x1104 (+ 1 r)))
 (let ((?x1354 (* x00 ?x1104)))
 (let ((?x699 (* (- 18) ?x1354)))
 (let ((?x747 (* 9 ?x480)))
 (let ((?x4516 (* r00 ?x2142)))
 (let ((?x2969 (* 18 ?x4516)))
 (let ((?x946 (* r00 ?x3657)))
 (let ((?x4411 (* (- 9) ?x946)))
 (let ((?x704 (* (- 4) ?x691)))
 (let ((?x4188 (* s00 ?x1104)))
 (let ((?x2112 (* 9 ?x4188)))
 (let ((?x1757 (* s00 ?x3657)))
 (let ((?x2099 (* 2 ?x1757)))
 (let ((?x2466 (* ?x1104 ?x2142)))
 (let ((?x2467 (* 18 ?x2466)))
 (let ((?x3126 (* ?x1104 ?x3657)))
 (let ((?x2453 (* (- 9) ?x3126)))
 (let ((?x1729 (* ?x3657 ?x3657)))
 (let ((?x2336 (* 2 ?x1729)))
 (let ((?x631 (* 6 ?x630)))
 (let ((?x2926 (* r00 r00 ?x3657)))
 (let ((?x2313 (* (- 6) ?x2926)))
 (let ((?x3978 (* r00 s00 ?x1104)))
 (let ((?x1552 (* (- 6) ?x3978)))
 (let ((?x3959 (* r00 ?x1104 ?x3657)))
 (let ((?x3967 (* 6 ?x3959)))
 (let ((?x3039 (+ ?x3967 ?x1552 ?x2313 ?x631 ?x2336 ?x2453 ?x2467 ?x2099 ?x2112 ?x704 ?x4411 ?x2969 ?x747 ?x699 ?x798 ?x49 ?x4367 ?x546)))
 (let (($x3040 (= ?x3039 (- 9))))
 (let ((?x59 (* 6 x00)))
 (let ((?x57 (* 3 r00)))
 (let ((?x1988 (* (- 6) x)))
 (let ((?x2698 (* 15 r)))
 (let ((?x3328 (* 6 ?x480)))
 (let ((?x3397 (* (- 4) ?x4188)))
 (let ((?x4022 (* (- 2) ?x3126)))
 (let ((?x406 (* r00 r00 r00)))
 (let ((?x3666 (* (- 12) ?x406)))
 (let ((?x834 (* r00 r00 ?x1104)))
 (let ((?x423 (* 12 ?x834)))
 (let ((?x1048 (+ ?x423 ?x3666 ?x4022 ?x3397 ?x3328 ?x143 ?x2698 ?x1988 ?x546 ?x57 ?x59)))
 (let (($x2386 (= ?x1048 (- 6))))
 (let ((?x790 (* (- 6) r)))
 (let ((?x348 (* r00 r00)))
 (let ((?x3637 (* (- 3) ?x348)))
 (let ((?x1110 (* ?x1104 ?x1104)))
 (let ((?x778 (* 3 ?x1110)))
 (let ((?x547 (+ ?x778 ?x3637 ?x372 ?x790 s00)))
 (let (($x548 (= ?x547 3)))
 (let ((?x145 (* 9 s00)))
 (let ((?x2782 (* (- 54) r)))
 (let ((?x1628 (* (- 9) s)))
 (let ((?x1424 (* x00 x00)))
 (let ((?x4432 (* 108 ?x1424)))
 (let ((?x4426 (* 108 ?x785)))
 (let ((?x2546 (* (- 108) ?x1113)))
 (let ((?x4442 (* x00 ?x2142)))
 (let ((?x4458 (* (- 216) ?x4442)))
 (let ((?x2929 (* x00 ?x3657)))
 (let ((?x2930 (* 108 ?x2929)))
 (let ((?x1612 (* (- 54) ?x480)))
 (let ((?x913 (* (- 108) ?x4516)))
 (let ((?x2213 (* 54 ?x946)))
 (let ((?x1002 (* 51 ?x691)))
 (let ((?x918 (* s00 ?x2142)))
 (let ((?x940 (* 108 ?x918)))
 (let ((?x870 (* (- 66) ?x1757)))
 (let ((?x1701 (* ?x2142 ?x2142)))
 (let ((?x1702 (* 108 ?x1701)))
 (let ((?x1673 (* (- 108) ?x1743)))
 (let ((?x1686 (* 15 ?x1729)))
 (let ((?x1214 (* r00 s00 x00)))
 (let ((?x4389 (* 216 ?x1214)))
 (let ((?x1166 (* (- 36) ?x630)))
 (let ((?x495 (* 36 ?x2926)))
 (let ((?x2784 (* (- 108) ?x741)))
 (let ((?x1224 (* r00 s00 ?x2142)))
 (let ((?x2593 (* (- 216) ?x1224)))
 (let ((?x4061 (* r00 s00 ?x3657)))
 (let ((?x4052 (* 108 ?x4061)))
 (let ((?x1033 (* s00 s00 s00)))
 (let ((?x2268 (* 16 ?x1033)))
 (let ((?x3018 (* s00 ?x3657 ?x3657)))
 (let ((?x3455 (* (- 12) ?x3018)))
 (let ((?x2794 (* ?x3657 ?x3657 ?x3657)))
 (let ((?x1272 (* (- 4) ?x2794)))
 (let ((?x866 (* r00 r00 r00 x00)))
 (let ((?x1948 (* (- 432) ?x866)))
 (let ((?x848 (* r00 r00 r00 s00)))
 (let ((?x2982 (* 216 ?x848)))
 (let ((?x2261 (* r00 r00 r00 ?x2142)))
 (let ((?x2273 (* 432 ?x2261)))
 (let ((?x774 (* r00 r00 r00 ?x3657)))
 (let ((?x1327 (* (- 216) ?x774)))
 (let ((?x597 (* r00 r00 s00 s00)))
 (let ((?x1895 (* (- 36) ?x597)))
 (let ((?x2002 (* r00 r00 ?x3657 ?x3657)))
 (let ((?x2007 (* 36 ?x2002)))
 (let ((?x3824 (+ ?x2007 ?x1895 ?x1327 ?x2273 ?x2982 ?x1948 ?x1272 ?x3455 ?x2268 ?x4052 ?x2593 ?x2784 ?x495 ?x1166 ?x4389 ?x1686 ?x1673 ?x1702 ?x870 ?x940 ?x1002 ?x2213 ?x913 ?x1612 ?x2930 ?x4458 ?x2546 ?x4426 ?x4432 ?x1628 ?x2782 ?x145)))
 (let (($x1101 (= ?x3824 27)))
 (let ((?x2589 (* x00 x)))
 (let ((?x2612 (* (- 216) ?x2589)))
 (let ((?x1727 (* x00 s)))
 (let ((?x2579 (* 108 ?x1727)))
 (let ((?x1737 (* r00 x)))
 (let ((?x2072 (* (- 108) ?x1737)))
 (let ((?x3922 (* r00 s)))
 (let ((?x373 (* 54 ?x3922)))
 (let ((?x2040 (* s00 x)))
 (let ((?x3468 (* 108 ?x2040)))
 (let ((?x1513 (* s00 s)))
 (let ((?x3431 (* (- 66) ?x1513)))
 (let ((?x1254 (* x x)))
 (let ((?x3006 (* 108 ?x1254)))
 (let ((?x2251 (* s x)))
 (let ((?x1644 (* (- 108) ?x2251)))
 (let ((?x634 (* s s)))
 (let ((?x4399 (* 15 ?x634)))
 (let ((?x1851 (* r00 r00 s)))
 (let ((?x3874 (* 36 ?x1851)))
 (let ((?x1530 (* r00 s00 x)))
 (let ((?x652 (* (- 216) ?x1530)))
 (let ((?x1911 (* r00 s00 s)))
 (let ((?x2272 (* 108 ?x1911)))
 (let ((?x3231 (* s00 s s)))
 (let ((?x2146 (* (- 12) ?x3231)))
 (let ((?x926 (* s s s)))
 (let ((?x3202 (* (- 4) ?x926)))
 (let ((?x4152 (* r00 r00 r00 x)))
 (let ((?x594 (* 432 ?x4152)))
 (let ((?x1511 (* r00 r00 r00 s)))
 (let ((?x3744 (* (- 216) ?x1511)))
 (let ((?x3001 (* r00 r00 s s)))
 (let ((?x3004 (* 36 ?x3001)))
 (let ((?x3171 (+ ?x3004 ?x1895 ?x3744 ?x594 ?x2982 ?x1948 ?x3202 ?x2146 ?x2268 ?x2272 ?x652 ?x2784 ?x3874 ?x1166 ?x4389 ?x4399 ?x1644 ?x3006 ?x3431 ?x3468 ?x1002 ?x373 ?x2072 ?x1612 ?x2579 ?x2612 ?x2546 ?x4426 ?x4432 ?x1628 ?x145)))
 (let (($x3177 (= ?x3171 0)))
 (let ((?x2316 (* r x)))
 (let ((?x4159 (* 54 ?x2316)))
 (let ((?x4131 (* 6 ?x2251)))
 (let ((?x912 (* 3 ?x634)))
 (let ((?x2790 (+ (* 2 (* r s s)) (* 2 (* s00 r s)) (* (- 4) (* s00 s00 r)) (* 4 (* r00 s s)) (* 36 (* r00 r x)) (* (- 2) ?x1911) ?x762 (* (- 36) ?x1851) (* 36 (* r00 r00 x)) ?x849 (* (- 36) (* r00 x00 r)) ?x899 ?x912 (* (- 24) (* r s)) ?x4131 ?x4159 (* 12 ?x1513) (* 24 (* s00 r)) (* (- 6) ?x2040) ?x1009 (* (- 24) ?x3922) (* 54 ?x1737) ?x1050 (* (- 6) ?x1727) (* (- 54) (* x00 r)) ?x1114 ?x1137 ?x143 ?x1167)))
 (let (($x2699 (= ?x2790 0)))
 (let ((?x3543 (* 18 ?x2316)))
 (let ((?x635 (* 2 ?x634)))
 (let ((?x3676 (+ (* 6 (* r00 r s)) (* (- 6) (* r00 s00 r)) (* (- 6) ?x1851) ?x631 ?x635 (* (- 9) (* r s)) ?x3543 (* 2 ?x1513) (* 9 (* s00 r)) ?x704 (* (- 9) ?x3922) (* 18 ?x1737) ?x747 (* (- 18) (* x00 r)) ?x798 ?x49 ?x546)))
 (let (($x413 (= ?x3676 0)))
 (let ((?x1936 (* (- 3) r)))
 (let ((?x3062 (* s00 r)))
 (let ((?x3333 (* (- 4) ?x3062)))
 (let ((?x433 (* r s)))
 (let ((?x3037 (* (- 2) ?x433)))
 (let ((?x984 (* r00 r00 r)))
 (let ((?x985 (* 12 ?x984)))
 (let ((?x1894 (+ ?x985 ?x3666 ?x3037 ?x3333 ?x3328 ?x49 ?x1936 ?x1988 ?x546 ?x57 ?x59)))
 (let (($x1527 (= ?x1894 0)))
 (let ((?x344 (* r r)))
 (let ((?x977 (* 3 ?x344)))
 (let ((?x442 (+ ?x977 ?x3637 ?x372 s00)))
 (let (($x3046 (= ?x442 0)))
 (let (($x4023 (and $x3046 $x1527 $x413 $x2699 $x3177 $x1101 $x548 $x2386 $x3040 $x3725)))
 (let ((?x207 (+ s ?x206 3)))
 (let ((?x248 (* 9 ?x207)))
 (let ((?x141 (* 54 r00 x00)))
 (let ((?x139 (* 6 s00 x00)))
 (let ((?x133 (* 24 s00 r00)))
 (let ((?x127 (* 15 s00 s00)))
 (let ((?x111 (* 36 r00 r00 x00)))
 (let ((?x108 (* 36 s00 r00 r00)))
 (let ((?x225 (* 36 ?x207 r00 r00)))
 (let ((?x102 (* 2 s00 s00 r00)))
 (let ((?x300 (+ (* 2 ?x207 ?x207 (+ r 1)) (* 2 ?x207 (+ r 1) s00))))
 (let ((?x305 (+ (- ?x300 (* 4 (+ r 1) s00 s00)) (* 4 ?x207 ?x207 r00) (* 36 (+ r 1) (- x s) r00))))
 (let ((?x311 (+ (- (- (- ?x305 (* 2 ?x207 s00 r00)) ?x102) ?x225) (* 36 (- x s) r00 r00) ?x108)))
 (let ((?x316 (+ (- (- ?x311 (* 36 (+ r 1) r00 x00)) ?x111) (* 3 ?x207 ?x207))))
 (let ((?x323 (+ (- ?x316 (* 24 ?x207 (+ r 1))) (* 6 ?x207 (- x s)) (* 54 (+ r 1) (- x s)) (* 12 ?x207 s00) (* 24 (+ r 1) s00))))
 (let ((?x328 (- (- (- ?x323 (* 6 (- x s) s00)) ?x127) (* 24 ?x207 r00))))
 (let ((?x333 (- (+ ?x328 (* 54 (- x s) r00) ?x133) (* 6 ?x207 x00))))
 (let ((?x338 (- (+ (- (+ (- ?x333 (* 54 (+ r 1) x00)) ?x139) ?x141) ?x248) ?x145)))
 (let ((?x53 (* 3 s00)))
 (let ((?x265 (* 3 ?x207)))
 (let ((?x86 (* 18 r00 x00)))
 (let ((?x83 (* 9 s00 r00)))
 (let ((?x78 (* 4 s00 s00)))
 (let ((?x67 (* 6 s00 r00 r00)))
 (let ((?x277 (- (* 6 ?x207 (+ r 1) r00) (* 6 (+ r 1) s00 r00))))
 (let ((?x282 (- (+ (- ?x277 (* 6 ?x207 r00 r00)) ?x67 (* 2 ?x207 ?x207)) (* 9 ?x207 (+ r 1)))))
 (let ((?x286 (+ ?x282 (* 18 (+ r 1) (- x s)) (* 2 ?x207 s00) (* 9 (+ r 1) s00))))
 (let ((?x291 (+ (- (- ?x286 ?x78) (* 9 ?x207 r00)) (* 18 (- x s) r00) ?x83)))
 (let (($x297 (= (- (+ (- (- ?x291 (* 18 (+ r 1) x00)) ?x86) ?x265) ?x53) 0)))
 (let ((?x48 (* 6 s00 r00)))
 (let ((?x39 (* 12 r00 r00 r00)))
 (let ((?x263 (- (- (* 12 (+ r 1) r00 r00) ?x39) (* 2 ?x207 (+ r 1)))))
 (let ((?x269 (- (+ (- ?x263 (* 4 (+ r 1) s00)) ?x48 ?x265) (* 3 (+ r 1)))))
 (let ((?x256 (- (- (* 3 (+ r 1) (+ r 1)) (* 3 r00 r00)) ?x207)))
 (let ((?x201 (* 108 x00 x00)))
 (let ((?x200 (* 108 r00 x00)))
 (let ((?x197 (* 108 s00 x00)))
 (let ((?x191 (* 54 s00 r00)))
 (let ((?x187 (* 51 s00 s00)))
 (let ((?x175 (* 216 s00 r00 x00)))
 (let ((?x170 (* 108 s00 s00 r00)))
 (let ((?x165 (* 16 s00 s00 s00)))
 (let ((?x158 (* 432 r00 r00 r00 x00)))
 (let ((?x156 (* 216 s00 r00 r00 r00)))
 (let ((?x149 (* 36 s00 s00 r00 r00)))
 (let ((?x211 (- (- (* 36 ?x207 ?x207 r00 r00) ?x149) (* 216 ?x207 r00 r00 r00))))
 (let ((?x218 (- (- (+ ?x211 (* 432 (- x s) r00 r00 r00) ?x156) ?x158) (* 4 ?x207 ?x207 ?x207))))
 (let ((?x221 (+ (- ?x218 (* 12 ?x207 ?x207 s00)) ?x165 (* 108 ?x207 s00 r00))))
 (let ((?x227 (- (+ (- (- ?x221 (* 216 (- x s) s00 r00)) ?x170) ?x225) ?x108)))
 (let ((?x233 (+ (- (+ ?x227 ?x175 (* 15 ?x207 ?x207)) (* 108 ?x207 (- x s))) (* 36 3 (- x s) (- x s)))))
 (let ((?x238 (+ (- ?x233 (* 66 ?x207 s00)) (* 36 3 (- x s) s00) ?x187 (* 54 ?x207 r00))))
 (let ((?x243 (+ (- (- ?x238 (* 36 3 (- x s) r00)) ?x191) (* 108 ?x207 x00))))
 (let ((?x249 (- (+ (- (- ?x243 (* 216 (- x s) x00)) ?x197) ?x200 ?x201) ?x248)))
 (let ((?x103 (* 36 s r00 r00)))
 (let ((?x153 (- (- (* 36 s s r00 r00) ?x149) (* 216 s r00 r00 r00))))
 (let ((?x162 (- (- (+ ?x153 (* 432 x r00 r00 r00) ?x156) ?x158) (* 4 s s s))))
 (let ((?x168 (+ (- ?x162 (* 12 s s s00)) ?x165 (* 108 s s00 r00))))
 (let ((?x177 (+ (- (+ (- (- ?x168 (* 216 x s00 r00)) ?x170) ?x103) ?x108) ?x175 (* 15 s s))))
 (let ((?x184 (- (+ (- ?x177 (* 108 s x)) (* 36 3 x x)) (* 66 s s00))))
 (let ((?x192 (- (+ ?x184 (* 36 3 x s00) ?x187 (* 54 s r00)) (* 36 3 x r00))))
 (let ((?x199 (- (- (+ (- ?x192 ?x191) (* 108 s x00)) (* 216 x x00)) ?x197)))
 (let ((?x96 (- (+ (* 2 s s r) (* 2 s r s00)) (* 4 r s00 s00))))
 (let ((?x104 (- (+ ?x96 (* 4 s s r00) (* 36 r x r00)) (* 2 s s00 r00))))
 (let ((?x112 (- (+ (- (- ?x104 ?x102) ?x103) (* 36 x r00 r00) ?x108) (* 36 r r00 x00))))
 (let ((?x124 (+ (- (+ (- ?x112 ?x111) (* 3 s s)) (* 24 s r)) (* 6 s x) (* 54 r x) (* 12 s s00) (* 24 r s00))))
 (let ((?x134 (+ (- (- (- ?x124 (* 6 x s00)) ?x127) (* 24 s r00)) (* 54 x r00) ?x133)))
 (let ((?x142 (- (+ (- (- ?x134 (* 6 s x00)) (* 54 r x00)) ?x139) ?x141)))
 (let ((?x66 (- (- (* 6 s r r00) (* 6 r s00 r00)) (* 6 s r00 r00))))
 (let ((?x77 (+ (- (+ ?x66 ?x67 (* 2 s s)) (* 9 s r)) (* 18 r x) (* 2 s s00) (* 9 r s00))))
 (let ((?x84 (+ (- (- ?x77 ?x78) (* 9 s r00)) (* 18 x r00) ?x83)))
 (let ((?x52 (* 6 x)))
 (let ((?x51 (* 3 r)))
 (let ((?x46 (- (- (- (* 12 r r00 r00) ?x39) (* 2 s r)) (* 4 r s00))))
 (let (($x61 (= (+ (- (- (- (+ ?x46 ?x48 ?x49) ?x51) ?x52) ?x53) ?x57 ?x59) 0)))
 (let (($x36 (= (+ (- (- (* 3 r r) (* 3 r00 r00)) s) s00) 0)))
 (let (($x341 (and $x36 $x61 (= (- (+ (- (- ?x84 (* 18 r x00)) ?x86) ?x49) ?x53) 0) (= (- (+ ?x142 ?x143) ?x145) 0) (= (+ (- (+ ?x199 ?x200 ?x201) ?x143) ?x145) 0) (= (+ ?x249 ?x145) 0) (= (+ ?x256 s00) 0) (= (+ (- (- ?x269 (* 6 (- x s))) ?x53) ?x57 ?x59) 0) $x297 (not (= ?x338 0)))))
 (rewrite (= $x341 $x4023))))))))))))))))))))))))))))))))))))))))))))))))))))))))))))))))))))))))))))))))))))))))))))))))))))))))))))))))))))))))))))))))))))))))))))))))))))))))))))))))))))))))))))))))))))))))))))))))))))))))))))))))))))))))))))))))))))))))))))))))))))))))))))))))))))))))))
 ))
 (let ((@x343 (asserted $x342)))
 (let ((@x3502 (mp (mp @x343 (quant-intro (proof-bind ?x3730) (= $x342 $x3714)) $x3714) (rewrite (= $x3714 $x3714)) $x3714)))
 (let ((@x2307 (mp~ (mp @x3502 (quant-intro (proof-bind ?x3185) (= $x3714 $x3184)) $x3184) (sk (~ $x3184 $x1056)) $x1056)))
 (let ((@x3661 (mp @x2307 (rewrite (= $x1056 $x1079)) $x1079)))
 (let ((@x3647 (and-elim @x3661 $x4494)))
 (let ((@x3332 (unit-resolution ((_ th-lemma arith triangle-eq) (or (not $x4494) $x1708)) @x3647 $x1708)))
 (let (($x1242 (>= ?x1169 0)))
 (let ((@x1111 (unit-resolution ((_ th-lemma arith triangle-eq) (or (not $x4494) $x1242)) @x3647 $x1242)))
 (let (($x527 (<= ?x1857 0)))
 (let ((@x4108 (and-elim @x3661 $x1861)))
 (let ((@x3180 (unit-resolution ((_ th-lemma arith triangle-eq) (or (not $x1861) $x527)) @x4108 $x527)))
 (let (($x3643 (>= ?x1857 0)))
 (let ((@x969 (unit-resolution ((_ th-lemma arith triangle-eq) (or (not $x1861) $x3643)) @x4108 $x3643)))
 (let (($x2471 (<= ?x1755 0)))
 (let ((@x4106 (and-elim @x3661 $x1756)))
 (let ((@x1208 (unit-resolution ((_ th-lemma arith triangle-eq) (or (not $x1756) $x2471)) @x4106 $x2471)))
 (let (($x518 (>= ?x1755 0)))
 (let ((@x2628 (unit-resolution ((_ th-lemma arith triangle-eq) (or (not $x1756) $x518)) @x4106 $x518)))
 (let (($x1733 (<= ?x1235 0)))
 (let ((@x4107 (and-elim @x3661 $x1243)))
 (let ((@x4086 (unit-resolution ((_ th-lemma arith triangle-eq) (or (not $x1243) $x1733)) @x4107 $x1733)))
 (let (($x1174 (>= ?x1235 0)))
 (let ((@x4089 (unit-resolution ((_ th-lemma arith triangle-eq) (or (not $x1243) $x1174)) @x4107 $x1174)))
 (let (($x731 (<= ?x2061 0)))
 (let ((@x4077 (and-elim @x3661 $x1335)))
 (let ((@x4103 (unit-resolution ((_ th-lemma arith triangle-eq) (or (not $x1335) $x731)) @x4077 $x731)))
 (let (($x732 (>= ?x2061 0)))
 (let ((@x1804 (unit-resolution ((_ th-lemma arith triangle-eq) (or (not $x1335) $x732)) @x4077 $x732)))
 (let (($x1878 (not (<= ?x3574 0))))
 (let (($x4063 (>= ?x3574 0)))
 (let ((@x1820 ((_ th-lemma arith) (hypothesis (not $x4063)) @x1111 @x3332 @x1804 @x4103 @x2628 @x1208 @x4089 @x4086 @x4089 @x4086 @x969 @x3180 @x1111 @x3332 @x2628 @x1208 @x1111 @x3332 @x2628 @x1208 @x969 @x3180 @x1111 @x3332 false)))
 (let ((@x3942 (unit-resolution ((_ th-lemma arith triangle-eq) (or $x3582 $x1878 (not $x4063))) (and-elim @x3661 $x3656) (or $x1878 (not $x4063)))))
 ((_ th-lemma arith) (unit-resolution @x3942 (lemma @x1820 $x4063) $x1878) @x1111 @x3332 @x1804 @x4103 @x2628 @x1208 @x4089 @x4086 @x4089 @x4086 @x969 @x3180 @x1111 @x3332 @x2628 @x1208 @x1111 @x3332 @x2628 @x1208 @x969 @x3180 @x1111 @x3332 false)))))))))))))))))))))))))))))))))))))))))))))))))))))))))))))))))))))))))))))))))))))))))))))))))))))))))))))))))))))))))))))))))))))))))))))))))))))))))))))))))))))))))))))))))))))))))))))))))))))))))))))))))))))))))))))))))))))))))))))))))))))))))))))))))))))))))))))

