unsat
((set-logic NIA)
(declare-fun y!1 () Int)
(declare-fun z!0 () Int)
(declare-fun x!2 () Int)
(declare-fun n!3 () Int)
(proof
(let ((?x2269 (* y00 z!0)))
 (let ((?x1296 (* (- 12) ?x2269)))
 (let ((?x2263 (* y!1 y!1)))
 (let ((?x2066 (* (- 12) ?x2263)))
 (let ((?x2220 (* (- 72) y!1)))
 (let ((?x1995 (* z00 y00 z!0)))
 (let ((?x1532 (* z!0 y!1)))
 (let ((?x2466 (* 12 ?x1532)))
 (let ((?x1504 (* z00 z00 y!1)))
 (let ((?x1496 (* x00 z!0)))
 (let ((?x1797 (* (- 18) ?x1496)))
 (let ((?x1422 (* x!2 z!0)))
 (let ((?x2067 (* 18 ?x1422)))
 (let ((?x2198 (* (- 108) x!2)))
 (let ((?x720 (* z00 x00)))
 (let ((?x1810 (* (- 18) ?x720)))
 (let ((?x634 (* y00 y00)))
 (let ((?x635 (* 24 ?x634)))
 (let ((?x523 (* z00 y00)))
 (let ((?x953 (* (- 6) ?x523)))
 (let ((?x503 (* z00 z00 y00)))
 (let ((?x1806 (* (- 1) ?x503)))
 (let ((?x70 (* 108 x00)))
 (let ((?x68 (* 72 y00)))
 (let ((?x1426 (+ ?x68 ?x70 ?x1806 ?x953 ?x635 ?x1810 (* (- 1) (* z00 z!0 y!1)) ?x2198 ?x2067 ?x1797 ?x1504 ?x2466 (* 6 (* z00 y!1)) (* 18 (* z00 x!2)) ?x1995 ?x2220 ?x2066 ?x1296 (* (- 12) (* y00 y!1)))))
 (let (($x1568 (<= ?x1426 0)))
 (let (($x360 (= ?x1426 0)))
 (let ((?x2428 (* y00 x!2)))
 (let ((?x1609 (* 216 ?x2428)))
 (let ((?x454 (* 216 (* x00 x!2))))
 (let ((?x2301 (* (- 36) (* z00 y00 x!2))))
 (let ((?x1564 (* z00 x!2)))
 (let ((?x446 (* 36 ?x1564)))
 (let ((?x1348 (* x00 x00)))
 (let ((?x1955 (* (- 108) ?x1348)))
 (let ((?x1233 (* y!1 y!1 y!1)))
 (let ((?x1542 (* 4 ?x1233)))
 (let ((?x1540 (* (- 1) (* z00 z00 y!1 y!1))))
 (let ((?x1539 (* 12 (* y00 y!1 y!1))))
 (let ((?x1098 (* z00 y00 x00)))
 (let ((?x1538 (* 36 ?x1098)))
 (let ((?x978 (* y00 x00)))
 (let ((?x1526 (* (- 216) ?x978)))
 (let ((?x944 (* x!2 x!2)))
 (let ((?x1537 (* (- 108) ?x944)))
 (let ((?x908 (* y00 y00 y00)))
 (let ((?x1536 (* (- 16) ?x908)))
 (let ((?x821 (* z00 z00 x00)))
 (let ((?x1502 (* 18 ?x821)))
 (let ((?x757 (* z00 z00 z00 x00)))
 (let ((?x1958 (* (- 2) ?x757)))
 (let ((?x754 (* z00 z00 z00 y00)))
 (let ((?x1318 (* (- 1) ?x754)))
 (let ((?x724 (* z00 y00 y00)))
 (let ((?x1674 (* 12 ?x724)))
 (let ((?x1670 (* (- 36) ?x720)))
 (let ((?x705 (* z00 z00 x!2)))
 (let ((?x512 (* (- 18) ?x705)))
 (let ((?x703 (* z00 y!1 y!1)))
 (let ((?x511 (* 6 ?x703)))
 (let ((?x1883 (* 2 (* z00 z00 z00 x!2))))
 (let ((?x1873 (* (- 96) ?x634)))
 (let ((?x889 (* (- 24) ?x523)))
 (let ((?x611 (* 10 ?x503)))
 (let ((?x448 (* z00 z00 y00 y00)))
 (let ((?x1371 (+ ?x448 ?x611 ?x889 (* 24 (* z00 z!0)) ?x1873 ?x1883 (* 12 (* y00 z!0 z!0)) ?x511 ?x512 ?x1670 ?x1674 ?x1318 ?x1958 (* (- 324) (* x!2 y!1)) ?x1502 (* (- 1) (* z00 z00 z!0 z!0)) (* (- 54) (* z00 y00 y!1)) ?x1536 ?x1537 (* 3 (* z00 z00 z00 y!1)) ?x1526 (* 4 (* z!0 z!0 z!0)) (* (- 2) (* z00 z00 z!0 y!1)) (* 6 (* z00 z!0 z!0)) (* 12 (* z!0 y!1 y!1)) ?x1538 (* 12 (* z00 z!0 y!1)) (* z00 z00 z00 z!0) ?x1539 ?x1540 ?x1542 (* 324 (* x00 y!1)) ?x1955 (* (- 108) ?x1422) (* 108 ?x1496) (* (- 28) ?x1504) (* (- 156) ?x1532) (* 60 (* z00 y!1)) ?x446 (* 12 (* z!0 z!0 y!1)) (* 24 (* y00 z!0 y!1)) ?x2301 (* (- 18) ?x1995) (* (- 24) (* z!0 z!0)) (* (- 240) ?x2263) (* 120 ?x2269) ?x454 (* 336 (* y00 y!1)) ?x1609 (* (- 10) (* z00 z00 z!0)))))
 (let (($x1372 (= ?x1371 0)))
 (let (($x964 (not $x1372)))
 (let ((?x2144 (* z!0 z!0)))
 (let ((?x2006 (* (- 6) ?x2144)))
 (let ((?x370 (* (- 1) ?x1995)))
 (let ((?x1825 (* y00 z!0 y!1)))
 (let ((?x1449 (* (- 18) ?x1564)))
 (let ((?x1106 (* z00 z!0 y!1)))
 (let ((?x1079 (* z!0 y!1 y!1)))
 (let ((?x1039 (* z!0 z!0 z!0)))
 (let ((?x991 (* (- 18) ?x978)))
 (let ((?x822 (* 3 ?x821)))
 (let ((?x787 (* x!2 y!1)))
 (let ((?x792 (* (- 18) ?x787)))
 (let ((?x731 (* (- 1) ?x724)))
 (let ((?x721 (* 18 ?x720)))
 (let ((?x697 (* y00 z!0 z!0)))
 (let ((?x560 (* z00 z!0)))
 (let ((?x2013 (* 6 ?x560)))
 (let ((?x814 (* 3 ?x503)))
 (let ((?x1269 (+ ?x814 ?x953 ?x2013 (* (- 48) ?x634) ?x697 (* 2 ?x703) (* (- 3) ?x705) ?x721 ?x731 ?x792 (* (- 2) (* y00 y00 z!0)) ?x822 (* (- 1) (* z00 y00 y!1)) (* 3 (* z00 x00 z!0)) ?x991 ?x1039 (* 2 (* z00 z!0 z!0)) ?x1079 ?x1106 (* 18 (* x00 y!1)) (* (- 36) ?x1422) (* 36 ?x1496) (* (- 6) ?x1504) (* (- 36) ?x1532) (* (- 12) (* z00 y!1)) ?x1449 (* 2 (* z!0 z!0 y!1)) ?x1825 ?x370 ?x2006 (* (- 3) (* z00 x!2 z!0)) ?x2066 (* 54 ?x2269) (* 60 (* y00 y!1)) (* 18 ?x2428) (* (- 3) (* z00 z00 z!0)))))
 (let (($x1163 (= ?x1269 0)))
 (let (($x1196 (not $x1163)))
 (let ((?x2840 (* z00 z00 z!0)))
 (let ((?x2048 (* (- 1) ?x2840)))
 (let ((?x1421 (* 12 ?x2263)))
 (let ((?x533 (* (- 6) ?x1532)))
 (let ((?x1535 (* (- 18) ?x1422)))
 (let ((?x1055 (* z00 z!0 z!0)))
 (let ((?x648 (* (- 24) ?x634)))
 (let ((?x982 (+ ?x503 ?x648 ?x721 ?x1055 ?x1106 ?x1535 (* 18 ?x1496) (* (- 1) ?x1504) ?x533 (* (- 18) (* z00 y!1)) ?x1449 ?x370 ?x1421 (* 24 ?x2269) (* 12 (* y00 y!1)) ?x2048)))
 (let (($x693 (= ?x982 0)))
 (let (($x2632 (not $x693)))
 (let ((?x2159 (* 6 ?x2144)))
 (let ((?x52 (* z00 z00 z00)))
 (let ((?x1040 (+ (* 36 z00) (* (- 12) (* z00 z00)) (* 144 y00) ?x52 ?x70 (* (- 18) ?x523) ?x2013 ?x2198 (* (- 36) z!0) (* 6 ?x1532) ?x2159 (* (- 144) y!1) (* 12 ?x2269) ?x2048)))
 (let (($x1423 (= ?x1040 0)))
 (let (($x2398 (not $x1423)))
 (let ((?x47 (* 12 y00)))
 (let ((?x39 (* z00 z00)))
 (let ((?x354 (* (- 1) ?x39)))
 (let ((?x48 (* 6 z00)))
 (let ((?x1212 (+ ?x48 ?x354 ?x47 (* (- 6) z!0) ?x2144 (* (- 12) y!1))))
 (let (($x781 (= ?x1212 0)))
 (let (($x1915 (not $x781)))
 (let (($x1323 (or $x1915 $x2398 $x2632 $x1196 $x964)))
 (let ((?x961 (* z00 z00 z00 y!1)))
 (let ((?x2104 (+ ?x448 ?x611 ?x889 ?x1873 ?x1883 ?x511 ?x512 ?x1670 ?x1674 ?x1318 ?x1958 (* (- 108) ?x787) ?x1502 (* (- 18) (* z00 y00 y!1)) ?x1536 ?x1537 ?x961 ?x1526 ?x1538 ?x1539 ?x1540 ?x1542 (* 108 (* x00 y!1)) ?x1955 (* (- 10) ?x1504) (* 24 (* z00 y!1)) ?x446 ?x2301 (* (- 24) ?x2263) ?x454 (* 120 (* y00 y!1)) ?x1609)))
 (let (($x2845 (= ?x2104 0)))
 (let ((?x979 (* 18 ?x978)))
 (let ((?x867 (* z00 y00 y!1)))
 (let ((?x2336 (* (- 3) ?x821)))
 (let ((?x1344 (* 18 ?x787)))
 (let ((?x713 (* 6 ?x523)))
 (let ((?x2326 (* (- 3) ?x503)))
 (let ((?x657 (+ ?x68 ?x70 ?x2326 ?x713 (* 36 ?x634) (* (- 2) ?x703) (* 3 ?x705) ?x724 ?x1344 (* 2 (* y00 y00 z!0)) ?x2336 ?x867 (* (- 3) (* z00 x00 z!0)) ?x979 (* (- 1) ?x1079) ?x2198 (* (- 18) (* x00 y!1)) ?x2067 ?x1797 (* 3 ?x1504) ?x2466 (* (- 6) (* z00 y!1)) (* (- 1) ?x1825) ?x2220 (* 3 (* z00 x!2 z!0)) ?x1296 (* (- 36) (* y00 y!1)) (* (- 18) ?x2428))))
 (let (($x658 (= ?x657 0)))
 (let ((?x2851 (* 72 y!1)))
 (let ((?x1121 (* 108 x!2)))
 (let ((?x524 (* 18 ?x523)))
 (let ((?x571 (* (- 108) x00)))
 (let ((?x441 (* (- 1) ?x52)))
 (let ((?x548 (* (- 72) y00)))
 (let ((?x527 (* 6 ?x39)))
 (let ((?x1317 (+ ?x527 ?x548 ?x441 ?x571 ?x524 (* (- 6) ?x560) ?x1121 ?x533 ?x2851 ?x1296 ?x2840)))
 (let (($x1064 (= ?x1317 0)))
 (let (($x649 (and (= (+ (* 6 n00) (* (- 1) z00) (* (- 6) n!3) z!0) 0) $x781 $x1064 $x360 $x658 $x2845 $x1323)))
 (let ((?x1349 (* 108 ?x1348)))
 (let ((?x1666 (* (- 216) (* x!2 x00))))
 (let ((?x965 (* 108 ?x944)))
 (let ((?x1111 (* (- 36) ?x1098)))
 (let ((?x2078 (* 36 (* x!2 z00 y00))))
 (let ((?x1342 (* 216 ?x978)))
 (let ((?x909 (* 16 ?x908)))
 (let ((?x2438 (* x!2 y00)))
 (let ((?x841 (* (- 216) ?x2438)))
 (let ((?x526 (* (- 12) (* y!1 y!1 y00))))
 (let ((?x1136 (* (- 18) ?x821)))
 (let ((?x1234 (* (- 4) ?x1233)))
 (let ((?x1694 (* x!2 z00 z00)))
 (let ((?x1886 (* 18 ?x1694)))
 (let ((?x770 (* 2 ?x757)))
 (let ((?x1034 (* (- 12) ?x724)))
 (let ((?x1345 (* 36 ?x720)))
 (let ((?x1082 (* x!2 z00)))
 (let ((?x1885 (* (- 36) ?x1082)))
 (let ((?x1219 (* 96 ?x634)))
 (let ((?x2173 (* (- 2) (* x!2 z00 z00 z00))))
 (let ((?x1916 (* y!1 y!1 z00)))
 (let ((?x2359 (* (- 6) ?x1916)))
 (let ((?x1280 (* 24 ?x523)))
 (let ((?x1085 (* (- 10) ?x503)))
 (let ((?x475 (* (- 1) ?x448)))
 (let ((?x2140 (* y!1 y!1 z00 z00)))
 (let ((?x2110 (+ (* 24 ?x2144) (* 10 (* z!0 z00 z00)) (* (- 12) (* y!1 z!0 z00)) (* 28 (* y!1 z00 z00)) (* (- 12) (* y!1 y!1 z!0)) (* (- 24) (* y!1 z!0 y00)) ?x2140 (* (- 3) (* y!1 z00 z00 z00)) (* 18 (* z!0 z00 y00)) (* 156 (* y!1 z!0)) ?x475 (* z!0 z!0 z00 z00) (* (- 120) (* z!0 y00)) (* (- 24) (* z!0 z00)) ?x1085 (* 240 ?x2263) ?x1280 ?x2359 (* 108 ?x1422) (* (- 336) (* y!1 y00)) ?x2173 ?x1219 (* (- 60) (* y!1 z00)) (* 54 (* y!1 z00 y00)) ?x1885 (* (- 108) (* z!0 x00)) ?x1345 ?x1034 ?x754 ?x770 ?x1886 ?x1234 ?x1136 (* 324 ?x787) ?x526 (* (- 6) (* z!0 z!0 z00)) ?x841 ?x909 (* (- 324) (* y!1 x00)) ?x1342 ?x2078 (* (- 12) (* y!1 z!0 z!0)) (* (- 4) ?x1039) ?x1111 ?x965 ?x1666 ?x1349 (* 2 (* y!1 z!0 z00 z00)) (* (- 12) (* z!0 z!0 y00)) (* (- 1) (* z!0 z00 z00 z00)))))
 (let ((?x562 (* 18 ?x1082)))
 (let ((?x2790 (* y!1 z00 y00)))
 (let ((?x2332 (* 48 ?x634)))
 (let ((?x842 (* z!0 z00)))
 (let ((?x2682 (* (- 6) ?x842)))
 (let ((?x992 (* z!0 z00 y00)))
 (let ((?x540 (* y!1 z!0 z00)))
 (let ((?x2064 (* (- 1) ?x540)))
 (let ((?x795 (+ ?x2159 (* 3 (* z!0 z00 z00)) ?x2064 (* 6 (* y!1 z00 z00)) (* (- 1) (* y!1 y!1 z!0)) (* (- 1) (* y!1 z!0 y00)) ?x992 (* 2 (* z!0 y00 y00)) (* 36 (* y!1 z!0)) (* (- 54) (* z!0 y00)) ?x2682 ?x2326 ?x1421 ?x713 (* (- 2) ?x1916) (* 36 ?x1422) (* 3 (* x!2 z!0 z00)) (* (- 60) (* y!1 y00)) ?x2332 (* 12 (* y!1 z00)) ?x2790 ?x562 (* (- 36) (* z!0 x00)) ?x1810 ?x724 (* 3 ?x1694) (* (- 3) (* z!0 z00 x00)) ?x2336 ?x1344 (* (- 2) (* z!0 z!0 z00)) (* (- 18) ?x2438) (* (- 18) (* y!1 x00)) ?x979 (* (- 2) (* y!1 z!0 z!0)) (* (- 1) ?x1039) (* (- 1) (* z!0 z!0 y00)))))
 (let ((?x543 (* y!1 z00 z00)))
 (let ((?x1746 (* z!0 z00 z00)))
 (let ((?x1942 (+ ?x1746 ?x2064 ?x543 ?x992 (* 6 (* y!1 z!0)) (* (- 24) (* z!0 y00)) ?x1806 ?x2066 ?x2067 (* (- 12) (* y!1 y00)) ?x635 (* 18 (* y!1 z00)) ?x562 (* (- 18) (* z!0 x00)) ?x1810 (* (- 1) (* z!0 z!0 z00)))))
 (let ((?x2222 (* z!0 y00)))
 (let ((?x1332 (* (- 12) ?x2222)))
 (let ((?x2538 (* y!1 z!0)))
 (let ((?x2539 (* (- 6) ?x2538)))
 (let ((?x1425 (* (- 144) y00)))
 (let ((?x1407 (* 12 ?x39)))
 (let ((?x1377 (* (- 36) z00)))
 (let ((?x2007 (+ ?x1121 (* 144 y!1) (* 36 z!0) ?x1377 ?x2006 ?x1407 ?x1425 ?x1746 ?x441 ?x571 ?x2539 ?x1332 ?x2682 ?x524)))
 (let ((?x434 (* (- 12) y00)))
 (let ((?x432 (* (- 6) z00)))
 (let (($x1120 (= (+ (* 12 y!1) (* 6 z!0) ?x432 (* (- 1) ?x2144) ?x39 ?x434) 0)))
 (let (($x1217 (or (not $x1120) (not (= ?x2007 0)) (not (= ?x1942 0)) (not (= ?x795 0)) (not (= ?x2110 0)))))
 (let ((?x2053 (+ (* 10 ?x543) ?x2140 (* (- 1) (* y!1 z00 z00 z00)) ?x475 ?x1085 (* 24 ?x2263) ?x1280 ?x2359 (* (- 120) (* y!1 y00)) ?x2173 ?x1219 (* (- 24) (* y!1 z00)) (* 18 ?x2790) ?x1885 ?x1345 ?x1034 ?x754 ?x770 ?x1886 ?x1234 ?x1136 (* 108 ?x787) ?x526 ?x841 ?x909 (* (- 108) (* y!1 x00)) ?x1342 ?x2078 ?x1111 ?x965 ?x1666 ?x1349)))
 (let ((?x1408 (* z!0 x00)))
 (let ((?x1416 (* 18 ?x1408)))
 (let ((?x923 (* (- 36) ?x634)))
 (let ((?x2258 (* 12 ?x2222)))
 (let ((?x2250 (* (- 12) ?x2538)))
 (let ((?x2688 (* y!1 z!0 y00)))
 (let ((?x1659 (* y!1 y!1 z!0)))
 (let ((?x642 (+ ?x1121 ?x2851 ?x548 ?x571 (* (- 3) ?x543) ?x1659 ?x2688 (* (- 2) (* z!0 y00 y00)) ?x2250 ?x2258 ?x814 ?x953 (* 2 ?x1916) ?x1535 (* (- 3) (* x!2 z!0 z00)) (* 36 (* y!1 y00)) ?x923 (* 6 (* y!1 z00)) (* (- 1) ?x2790) ?x1416 ?x731 (* (- 3) ?x1694) (* 3 (* z!0 z00 x00)) ?x822 ?x792 (* 18 ?x2438) (* 18 (* y!1 x00)) ?x991)))
 (let ((?x994 (+ ?x1121 ?x2851 ?x548 ?x571 ?x540 (* (- 1) ?x543) (* (- 1) ?x992) ?x2250 ?x2258 ?x503 ?x1421 ?x713 ?x1535 (* 12 (* y!1 y00)) ?x648 (* (- 6) (* y!1 z00)) (* (- 18) ?x1082) ?x1416 ?x721)))
 (let (($x2717 (= (+ ?x1121 ?x2851 ?x527 ?x548 ?x1746 ?x441 ?x571 ?x2539 ?x1332 ?x2682 ?x524) 0)))
 (let (($x962 (and (= (+ (* 6 n!3) (* (- 1) z!0) (* (- 6) n00) z00) 0) $x1120 $x2717 (= ?x994 0) (= ?x642 0) (= ?x2053 0) $x1217)))
 (let (($x1211 (exists ((n Int) (x Int) (y Int) (z Int) )(! (let ((?x1815 (* (- 1) (* z z00 z00 z00))))
 (let ((?x1495 (* z z y00)))
 (let ((?x2286 (* (- 12) ?x1495)))
 (let ((?x1491 (* 2 (* y z z00 z00))))
 (let ((?x1348 (* x00 x00)))
 (let ((?x1349 (* 108 ?x1348)))
 (let ((?x1329 (* (- 216) (* x x00))))
 (let ((?x1156 (* 108 (* x x))))
 (let ((?x1098 (* z00 y00 x00)))
 (let ((?x1111 (* (- 36) ?x1098)))
 (let ((?x1096 (* z z z)))
 (let ((?x2139 (* (- 4) ?x1096)))
 (let ((?x1083 (* y z z)))
 (let ((?x2210 (* (- 12) ?x1083)))
 (let ((?x989 (* 36 (* x z00 y00))))
 (let ((?x978 (* y00 x00)))
 (let ((?x1342 (* 216 ?x978)))
 (let ((?x966 (* y x00)))
 (let ((?x2848 (* (- 324) ?x966)))
 (let ((?x908 (* y00 y00 y00)))
 (let ((?x909 (* 16 ?x908)))
 (let ((?x898 (* x y00)))
 (let ((?x1206 (* (- 216) ?x898)))
 (let ((?x875 (* z z z00)))
 (let ((?x2402 (* (- 6) ?x875)))
 (let ((?x883 (* (- 12) (* y y y00))))
 (let ((?x821 (* z00 z00 x00)))
 (let ((?x1136 (* (- 18) ?x821)))
 (let ((?x832 (* (- 4) (* y y y))))
 (let ((?x788 (* x z00 z00)))
 (let ((?x1061 (* 18 ?x788)))
 (let ((?x757 (* z00 z00 z00 x00)))
 (let ((?x770 (* 2 ?x757)))
 (let ((?x754 (* z00 z00 z00 y00)))
 (let ((?x724 (* z00 y00 y00)))
 (let ((?x1034 (* (- 12) ?x724)))
 (let ((?x720 (* z00 x00)))
 (let ((?x1345 (* 36 ?x720)))
 (let ((?x716 (* z x00)))
 (let ((?x2800 (* (- 108) ?x716)))
 (let ((?x687 (* x z00)))
 (let ((?x1267 (* (- 36) ?x687)))
 (let ((?x661 (* y z00)))
 (let ((?x2762 (* (- 60) ?x661)))
 (let ((?x634 (* y00 y00)))
 (let ((?x1219 (* 96 ?x634)))
 (let ((?x696 (* (- 2) (* x z00 z00 z00))))
 (let ((?x622 (* y y00)))
 (let ((?x2677 (* (- 336) ?x622)))
 (let ((?x544 (* y y z00)))
 (let ((?x952 (* (- 6) ?x544)))
 (let ((?x523 (* z00 y00)))
 (let ((?x1280 (* 24 ?x523)))
 (let ((?x508 (* y y)))
 (let ((?x2598 (* 240 ?x508)))
 (let ((?x503 (* z00 z00 y00)))
 (let ((?x1085 (* (- 10) ?x503)))
 (let ((?x497 (* z z00)))
 (let ((?x2715 (* (- 24) ?x497)))
 (let ((?x471 (* z y00)))
 (let ((?x2629 (* (- 120) ?x471)))
 (let ((?x470 (* z z z00 z00)))
 (let ((?x448 (* z00 z00 y00 y00)))
 (let ((?x475 (* (- 1) ?x448)))
 (let ((?x147 (* y z00 z00 z00)))
 (let ((?x1954 (* (- 3) ?x147)))
 (let ((?x145 (* y y z00 z00)))
 (let ((?x103 (* y z y00)))
 (let ((?x2318 (* (- 24) ?x103)))
 (let ((?x102 (* y y z)))
 (let ((?x2209 (* (- 12) ?x102)))
 (let ((?x76 (* y z00 z00)))
 (let ((?x2503 (* 28 ?x76)))
 (let ((?x74 (* y z z00)))
 (let ((?x2415 (* (- 12) ?x74)))
 (let ((?x51 (* z z00 z00)))
 (let ((?x2481 (* 10 ?x51)))
 (let ((?x38 (* z z)))
 (let ((?x2565 (* 24 ?x38)))
 (let ((?x1093 (+ ?x2565 ?x2481 ?x2415 ?x2503 ?x2209 ?x2318 ?x145 ?x1954 (* 18 (* z z00 y00)) (* 156 (* y z)) ?x475 ?x470 ?x2629 ?x2715 ?x1085 ?x2598 ?x1280 ?x952 (* 108 (* x z)) ?x2677 ?x696 ?x1219 ?x2762 (* 54 (* y z00 y00)) ?x1267 ?x2800 ?x1345 ?x1034 ?x754 ?x770 ?x1061 ?x832 ?x1136 (* 324 (* x y)) ?x883 ?x2402 ?x1206 ?x909 ?x2848 ?x1342 ?x989 ?x2210 ?x2139 ?x1111 ?x1156 ?x1329 ?x1349 ?x1491 ?x2286 ?x1815)))
 (let (($x1759 (not (= ?x1093 0))))
 (let ((?x2342 (* (- 1) ?x1495)))
 (let ((?x2341 (* (- 1) ?x1096)))
 (let ((?x2340 (* (- 2) ?x1083)))
 (let ((?x979 (* 18 ?x978)))
 (let ((?x2339 (* (- 18) ?x966)))
 (let ((?x2338 (* (- 18) ?x898)))
 (let ((?x2337 (* (- 2) ?x875)))
 (let ((?x851 (* x y)))
 (let ((?x852 (* 18 ?x851)))
 (let ((?x2336 (* (- 3) ?x821)))
 (let ((?x817 (* z z00 x00)))
 (let ((?x2335 (* (- 3) ?x817)))
 (let ((?x789 (* 3 ?x788)))
 (let ((?x1810 (* (- 18) ?x720)))
 (let ((?x2334 (* (- 36) ?x716)))
 (let ((?x688 (* 18 ?x687)))
 (let ((?x670 (* y z00 y00)))
 (let ((?x2333 (* 12 ?x661)))
 (let ((?x2332 (* 48 ?x634)))
 (let ((?x2330 (* (- 60) ?x622)))
 (let ((?x604 (* x z z00)))
 (let ((?x605 (* 3 ?x604)))
 (let ((?x595 (* x z)))
 (let ((?x2328 (* 36 ?x595)))
 (let ((?x2327 (* (- 2) ?x544)))
 (let ((?x713 (* 6 ?x523)))
 (let ((?x509 (* 12 ?x508)))
 (let ((?x2326 (* (- 3) ?x503)))
 (let ((?x510 (* (- 6) ?x497)))
 (let ((?x2325 (* (- 54) ?x471)))
 (let ((?x445 (* y z)))
 (let ((?x2323 (* 36 ?x445)))
 (let ((?x444 (* z y00 y00)))
 (let ((?x447 (* 2 ?x444)))
 (let ((?x443 (* z z00 y00)))
 (let ((?x2322 (* (- 1) ?x103)))
 (let ((?x2321 (* (- 1) ?x102)))
 (let ((?x2320 (* 6 ?x76)))
 (let ((?x1803 (* (- 1) ?x74)))
 (let ((?x1961 (* 3 ?x51)))
 (let ((?x1062 (* 6 ?x38)))
 (let ((?x1249 (+ ?x1062 ?x1961 ?x1803 ?x2320 ?x2321 ?x2322 ?x443 ?x447 ?x2323 ?x2325 ?x510 ?x2326 ?x509 ?x713 ?x2327 ?x2328 ?x605 ?x2330 ?x2332 ?x2333 ?x670 ?x688 ?x2334 ?x1810 ?x724 ?x789 ?x2335 ?x2336 ?x852 ?x2337 ?x2338 ?x2339 ?x979 ?x2340 ?x2341 ?x2342)))
 (let ((?x1811 (* (- 1) ?x875)))
 (let ((?x1809 (* (- 18) ?x716)))
 (let ((?x1703 (* 18 ?x661)))
 (let ((?x635 (* 24 ?x634)))
 (let ((?x1808 (* (- 12) ?x622)))
 (let ((?x596 (* 18 ?x595)))
 (let ((?x1807 (* (- 12) ?x508)))
 (let ((?x1806 (* (- 1) ?x503)))
 (let ((?x1805 (* (- 24) ?x471)))
 (let ((?x1930 (+ ?x51 ?x1803 ?x76 ?x443 (* 6 ?x445) ?x1805 ?x1806 ?x1807 ?x596 ?x1808 ?x635 ?x1703 ?x688 ?x1809 ?x1810 ?x1811)))
 (let (($x1113 (not (= ?x1930 0))))
 (let ((?x524 (* 18 ?x523)))
 (let ((?x484 (* (- 12) ?x471)))
 (let ((?x458 (* (- 6) ?x445)))
 (let ((?x571 (* (- 108) x00)))
 (let ((?x52 (* z00 z00 z00)))
 (let ((?x441 (* (- 1) ?x52)))
 (let ((?x1425 (* (- 144) y00)))
 (let ((?x39 (* z00 z00)))
 (let ((?x1407 (* 12 ?x39)))
 (let ((?x1377 (* (- 36) z00)))
 (let ((?x66 (* 108 x)))
 (let ((?x1444 (+ ?x66 (* 144 y) (* 36 z) ?x1377 (* (- 6) ?x38) ?x1407 ?x1425 ?x51 ?x441 ?x571 ?x458 ?x484 ?x510 ?x524)))
 (let (($x455 (not (= ?x1444 0))))
 (let ((?x434 (* (- 12) y00)))
 (let ((?x432 (* (- 6) z00)))
 (let ((?x42 (* 6 z)))
 (let ((?x41 (* 12 y)))
 (let (($x436 (= (+ ?x41 ?x42 ?x432 (* (- 1) ?x38) ?x39 ?x434) 0)))
 (let (($x1169 (not $x436)))
 (let ((?x1152 (* 108 ?x851)))
 (let ((?x1149 (* 24 ?x508)))
 (let ((?x1355 (+ (* 10 ?x76) ?x145 (* (- 1) ?x147) ?x475 ?x1085 ?x1149 ?x1280 ?x952 (* (- 120) ?x622) ?x696 ?x1219 (* (- 24) ?x661) (* 18 ?x670) ?x1267 ?x1345 ?x1034 ?x754 ?x770 ?x1061 ?x832 ?x1136 ?x1152 ?x883 ?x1206 ?x909 (* (- 108) ?x966) ?x1342 ?x989 ?x1111 ?x1156 ?x1329 ?x1349)))
 (let (($x1360 (= ?x1355 0)))
 (let ((?x991 (* (- 18) ?x978)))
 (let ((?x822 (* 3 ?x821)))
 (let ((?x731 (* (- 1) ?x724)))
 (let ((?x717 (* 18 ?x716)))
 (let ((?x923 (* (- 36) ?x634)))
 (let ((?x609 (* (- 18) ?x595)))
 (let ((?x953 (* (- 6) ?x523)))
 (let ((?x814 (* 3 ?x503)))
 (let ((?x472 (* 12 ?x471)))
 (let ((?x567 (* (- 12) ?x445)))
 (let ((?x548 (* (- 72) y00)))
 (let ((?x64 (* 72 y)))
 (let ((?x1041 (+ ?x66 ?x64 ?x548 ?x571 (* (- 3) ?x76) ?x102 ?x103 (* (- 2) ?x444) ?x567 ?x472 ?x814 ?x953 (* 2 ?x544) ?x609 (* (- 3) ?x604) (* 36 ?x622) ?x923 (* 6 ?x661) (* (- 1) ?x670) ?x717 ?x731 (* (- 3) ?x788) (* 3 ?x817) ?x822 (* (- 18) ?x851) (* 18 ?x898) (* 18 ?x966) ?x991)))
 (let (($x1048 (= ?x1041 0)))
 (let ((?x721 (* 18 ?x720)))
 (let ((?x648 (* (- 24) ?x634)))
 (let ((?x761 (+ ?x66 ?x64 ?x548 ?x571 ?x74 (* (- 1) ?x76) (* (- 1) ?x443) ?x567 ?x472 ?x503 ?x509 ?x713 ?x609 (* 12 ?x622) ?x648 (* (- 6) ?x661) (* (- 18) ?x687) ?x717 ?x721)))
 (let (($x768 (= ?x761 0)))
 (let ((?x527 (* 6 ?x39)))
 (let (($x584 (= (+ ?x66 ?x64 ?x527 ?x548 ?x51 ?x441 ?x571 ?x458 ?x484 ?x510 ?x524) 0)))
 (let (($x387 (= (+ (* 6 n) (* (- 1) z) (* (- 6) n00) z00) 0)))
 (and $x387 $x436 $x584 $x768 $x1048 $x1360 (or $x1169 $x455 $x1113 (not (= ?x1249 0)) $x1759)))))))))))))))))))))))))))))))))))))))))))))))))))))))))))))))))))))))))))))))))))))))))))))))))))))))))))))))))))))))))))))))))))))))))))))))))))))))))))))))))))))))))))))))))))) :qid k!46))
 ))
 (let (($x1644 (exists ((n Int) (x Int) (y Int) (z Int) )(! (let ((?x1815 (* (- 1) (* z z00 z00 z00))))
 (let ((?x1495 (* z z y00)))
 (let ((?x2286 (* (- 12) ?x1495)))
 (let ((?x1491 (* 2 (* y z z00 z00))))
 (let ((?x1348 (* x00 x00)))
 (let ((?x1349 (* 108 ?x1348)))
 (let ((?x1329 (* (- 216) (* x x00))))
 (let ((?x1156 (* 108 (* x x))))
 (let ((?x1098 (* z00 y00 x00)))
 (let ((?x1111 (* (- 36) ?x1098)))
 (let ((?x1096 (* z z z)))
 (let ((?x2139 (* (- 4) ?x1096)))
 (let ((?x1083 (* y z z)))
 (let ((?x2210 (* (- 12) ?x1083)))
 (let ((?x989 (* 36 (* x z00 y00))))
 (let ((?x978 (* y00 x00)))
 (let ((?x1342 (* 216 ?x978)))
 (let ((?x966 (* y x00)))
 (let ((?x2848 (* (- 324) ?x966)))
 (let ((?x908 (* y00 y00 y00)))
 (let ((?x909 (* 16 ?x908)))
 (let ((?x898 (* x y00)))
 (let ((?x1206 (* (- 216) ?x898)))
 (let ((?x875 (* z z z00)))
 (let ((?x2402 (* (- 6) ?x875)))
 (let ((?x883 (* (- 12) (* y y y00))))
 (let ((?x821 (* z00 z00 x00)))
 (let ((?x1136 (* (- 18) ?x821)))
 (let ((?x832 (* (- 4) (* y y y))))
 (let ((?x788 (* x z00 z00)))
 (let ((?x1061 (* 18 ?x788)))
 (let ((?x757 (* z00 z00 z00 x00)))
 (let ((?x770 (* 2 ?x757)))
 (let ((?x754 (* z00 z00 z00 y00)))
 (let ((?x724 (* z00 y00 y00)))
 (let ((?x1034 (* (- 12) ?x724)))
 (let ((?x720 (* z00 x00)))
 (let ((?x1345 (* 36 ?x720)))
 (let ((?x716 (* z x00)))
 (let ((?x2800 (* (- 108) ?x716)))
 (let ((?x687 (* x z00)))
 (let ((?x1267 (* (- 36) ?x687)))
 (let ((?x661 (* y z00)))
 (let ((?x2762 (* (- 60) ?x661)))
 (let ((?x634 (* y00 y00)))
 (let ((?x1219 (* 96 ?x634)))
 (let ((?x696 (* (- 2) (* x z00 z00 z00))))
 (let ((?x622 (* y y00)))
 (let ((?x2677 (* (- 336) ?x622)))
 (let ((?x544 (* y y z00)))
 (let ((?x952 (* (- 6) ?x544)))
 (let ((?x523 (* z00 y00)))
 (let ((?x1280 (* 24 ?x523)))
 (let ((?x508 (* y y)))
 (let ((?x2598 (* 240 ?x508)))
 (let ((?x503 (* z00 z00 y00)))
 (let ((?x1085 (* (- 10) ?x503)))
 (let ((?x497 (* z z00)))
 (let ((?x2715 (* (- 24) ?x497)))
 (let ((?x471 (* z y00)))
 (let ((?x2629 (* (- 120) ?x471)))
 (let ((?x470 (* z z z00 z00)))
 (let ((?x448 (* z00 z00 y00 y00)))
 (let ((?x475 (* (- 1) ?x448)))
 (let ((?x147 (* y z00 z00 z00)))
 (let ((?x1954 (* (- 3) ?x147)))
 (let ((?x145 (* y y z00 z00)))
 (let ((?x103 (* y z y00)))
 (let ((?x2318 (* (- 24) ?x103)))
 (let ((?x102 (* y y z)))
 (let ((?x2209 (* (- 12) ?x102)))
 (let ((?x76 (* y z00 z00)))
 (let ((?x2503 (* 28 ?x76)))
 (let ((?x74 (* y z z00)))
 (let ((?x2415 (* (- 12) ?x74)))
 (let ((?x51 (* z z00 z00)))
 (let ((?x2481 (* 10 ?x51)))
 (let ((?x38 (* z z)))
 (let ((?x2565 (* 24 ?x38)))
 (let ((?x1093 (+ ?x2565 ?x2481 ?x2415 ?x2503 ?x2209 ?x2318 ?x145 ?x1954 (* 18 (* z z00 y00)) (* 156 (* y z)) ?x475 ?x470 ?x2629 ?x2715 ?x1085 ?x2598 ?x1280 ?x952 (* 108 (* x z)) ?x2677 ?x696 ?x1219 ?x2762 (* 54 (* y z00 y00)) ?x1267 ?x2800 ?x1345 ?x1034 ?x754 ?x770 ?x1061 ?x832 ?x1136 (* 324 (* x y)) ?x883 ?x2402 ?x1206 ?x909 ?x2848 ?x1342 ?x989 ?x2210 ?x2139 ?x1111 ?x1156 ?x1329 ?x1349 ?x1491 ?x2286 ?x1815)))
 (let (($x1759 (not (= ?x1093 0))))
 (let ((?x2342 (* (- 1) ?x1495)))
 (let ((?x1480 (* z y)))
 (let ((?x1993 (* (- 6) ?x1480)))
 (let ((?x2341 (* (- 1) ?x1096)))
 (let ((?x2340 (* (- 2) ?x1083)))
 (let ((?x979 (* 18 ?x978)))
 (let ((?x2339 (* (- 18) ?x966)))
 (let ((?x2338 (* (- 18) ?x898)))
 (let ((?x2337 (* (- 2) ?x875)))
 (let ((?x851 (* x y)))
 (let ((?x852 (* 18 ?x851)))
 (let ((?x2336 (* (- 3) ?x821)))
 (let ((?x817 (* z z00 x00)))
 (let ((?x2335 (* (- 3) ?x817)))
 (let ((?x789 (* 3 ?x788)))
 (let ((?x1810 (* (- 18) ?x720)))
 (let ((?x2334 (* (- 36) ?x716)))
 (let ((?x688 (* 18 ?x687)))
 (let ((?x670 (* y z00 y00)))
 (let ((?x2333 (* 12 ?x661)))
 (let ((?x2332 (* 48 ?x634)))
 (let ((?x2330 (* (- 60) ?x622)))
 (let ((?x604 (* x z z00)))
 (let ((?x605 (* 3 ?x604)))
 (let ((?x595 (* x z)))
 (let ((?x2328 (* 36 ?x595)))
 (let ((?x2327 (* (- 2) ?x544)))
 (let ((?x713 (* 6 ?x523)))
 (let ((?x509 (* 12 ?x508)))
 (let ((?x2326 (* (- 3) ?x503)))
 (let ((?x510 (* (- 6) ?x497)))
 (let ((?x2325 (* (- 54) ?x471)))
 (let ((?x444 (* z y00 y00)))
 (let ((?x447 (* 2 ?x444)))
 (let ((?x443 (* z z00 y00)))
 (let ((?x2322 (* (- 1) ?x103)))
 (let ((?x2321 (* (- 1) ?x102)))
 (let ((?x2320 (* 6 ?x76)))
 (let ((?x1803 (* (- 1) ?x74)))
 (let ((?x1961 (* 3 ?x51)))
 (let ((?x1062 (* 6 ?x38)))
 (let ((?x1524 (+ ?x1062 ?x1961 ?x1803 ?x2320 ?x2321 ?x2322 ?x443 ?x447 (* 42 (* y z)) ?x2325 ?x510 ?x2326 ?x509 ?x713 ?x2327 ?x2328 ?x605 ?x2330 ?x2332 ?x2333 ?x670 ?x688 ?x2334 ?x1810 ?x724 ?x789 ?x2335 ?x2336 ?x852 ?x2337 ?x2338 ?x2339 ?x979 ?x2340 ?x2341 ?x1993 ?x2342)))
 (let ((?x1811 (* (- 1) ?x875)))
 (let ((?x1809 (* (- 18) ?x716)))
 (let ((?x1703 (* 18 ?x661)))
 (let ((?x635 (* 24 ?x634)))
 (let ((?x1808 (* (- 12) ?x622)))
 (let ((?x596 (* 18 ?x595)))
 (let ((?x1807 (* (- 12) ?x508)))
 (let ((?x1806 (* (- 1) ?x503)))
 (let ((?x1805 (* (- 24) ?x471)))
 (let ((?x1930 (+ ?x51 ?x1803 ?x76 ?x443 (* 6 (* y z)) ?x1805 ?x1806 ?x1807 ?x596 ?x1808 ?x635 ?x1703 ?x688 ?x1809 ?x1810 ?x1811)))
 (let (($x1113 (not (= ?x1930 0))))
 (let ((?x524 (* 18 ?x523)))
 (let ((?x484 (* (- 12) ?x471)))
 (let ((?x445 (* y z)))
 (let ((?x458 (* (- 6) ?x445)))
 (let ((?x571 (* (- 108) x00)))
 (let ((?x52 (* z00 z00 z00)))
 (let ((?x441 (* (- 1) ?x52)))
 (let ((?x1425 (* (- 144) y00)))
 (let ((?x39 (* z00 z00)))
 (let ((?x1407 (* 12 ?x39)))
 (let ((?x1377 (* (- 36) z00)))
 (let ((?x66 (* 108 x)))
 (let ((?x1444 (+ ?x66 (* 144 y) (* 36 z) ?x1377 (* (- 6) ?x38) ?x1407 ?x1425 ?x51 ?x441 ?x571 ?x458 ?x484 ?x510 ?x524)))
 (let (($x455 (not (= ?x1444 0))))
 (let ((?x434 (* (- 12) y00)))
 (let ((?x432 (* (- 6) z00)))
 (let ((?x42 (* 6 z)))
 (let ((?x41 (* 12 y)))
 (let (($x436 (= (+ ?x41 ?x42 ?x432 (* (- 1) ?x38) ?x39 ?x434) 0)))
 (let (($x1169 (not $x436)))
 (let ((?x1152 (* 108 ?x851)))
 (let ((?x1149 (* 24 ?x508)))
 (let ((?x1355 (+ (* 10 ?x76) ?x145 (* (- 1) ?x147) ?x475 ?x1085 ?x1149 ?x1280 ?x952 (* (- 120) ?x622) ?x696 ?x1219 (* (- 24) ?x661) (* 18 ?x670) ?x1267 ?x1345 ?x1034 ?x754 ?x770 ?x1061 ?x832 ?x1136 ?x1152 ?x883 ?x1206 ?x909 (* (- 108) ?x966) ?x1342 ?x989 ?x1111 ?x1156 ?x1329 ?x1349)))
 (let (($x1360 (= ?x1355 0)))
 (let ((?x991 (* (- 18) ?x978)))
 (let ((?x822 (* 3 ?x821)))
 (let ((?x731 (* (- 1) ?x724)))
 (let ((?x717 (* 18 ?x716)))
 (let ((?x923 (* (- 36) ?x634)))
 (let ((?x609 (* (- 18) ?x595)))
 (let ((?x953 (* (- 6) ?x523)))
 (let ((?x814 (* 3 ?x503)))
 (let ((?x472 (* 12 ?x471)))
 (let ((?x567 (* (- 12) ?x445)))
 (let ((?x548 (* (- 72) y00)))
 (let ((?x64 (* 72 y)))
 (let ((?x1041 (+ ?x66 ?x64 ?x548 ?x571 (* (- 3) ?x76) ?x102 ?x103 (* (- 2) ?x444) ?x567 ?x472 ?x814 ?x953 (* 2 ?x544) ?x609 (* (- 3) ?x604) (* 36 ?x622) ?x923 (* 6 ?x661) (* (- 1) ?x670) ?x717 ?x731 (* (- 3) ?x788) (* 3 ?x817) ?x822 (* (- 18) ?x851) (* 18 ?x898) (* 18 ?x966) ?x991)))
 (let (($x1048 (= ?x1041 0)))
 (let ((?x721 (* 18 ?x720)))
 (let ((?x648 (* (- 24) ?x634)))
 (let ((?x761 (+ ?x66 ?x64 ?x548 ?x571 ?x74 (* (- 1) ?x76) (* (- 1) ?x443) ?x567 ?x472 ?x503 ?x509 ?x713 ?x609 (* 12 ?x622) ?x648 (* (- 6) ?x661) (* (- 18) ?x687) ?x717 ?x721)))
 (let (($x768 (= ?x761 0)))
 (let ((?x527 (* 6 ?x39)))
 (let (($x584 (= (+ ?x66 ?x64 ?x527 ?x548 ?x51 ?x441 ?x571 ?x458 ?x484 ?x510 ?x524) 0)))
 (let (($x387 (= (+ (* 6 n) (* (- 1) z) (* (- 6) n00) z00) 0)))
 (and $x387 $x436 $x584 $x768 $x1048 $x1360 (or $x1169 $x455 $x1113 (not (= ?x1524 0)) $x1759))))))))))))))))))))))))))))))))))))))))))))))))))))))))))))))))))))))))))))))))))))))))))))))))))))))))))))))))))))))))))))))))))))))))))))))))))))))))))))))))))))))))))))))))))))) :qid k!46))
 ))
 (let ((?x1842 (lambda ((n Int) (x Int) (y Int) (z Int) )(let ((?x1815 (* (- 1) (* z z00 z00 z00))))
 (let ((?x1495 (* z z y00)))
 (let ((?x2286 (* (- 12) ?x1495)))
 (let ((?x1491 (* 2 (* y z z00 z00))))
 (let ((?x1348 (* x00 x00)))
 (let ((?x1349 (* 108 ?x1348)))
 (let ((?x1329 (* (- 216) (* x x00))))
 (let ((?x1156 (* 108 (* x x))))
 (let ((?x1098 (* z00 y00 x00)))
 (let ((?x1111 (* (- 36) ?x1098)))
 (let ((?x1096 (* z z z)))
 (let ((?x2139 (* (- 4) ?x1096)))
 (let ((?x1083 (* y z z)))
 (let ((?x2210 (* (- 12) ?x1083)))
 (let ((?x989 (* 36 (* x z00 y00))))
 (let ((?x978 (* y00 x00)))
 (let ((?x1342 (* 216 ?x978)))
 (let ((?x966 (* y x00)))
 (let ((?x2848 (* (- 324) ?x966)))
 (let ((?x908 (* y00 y00 y00)))
 (let ((?x909 (* 16 ?x908)))
 (let ((?x898 (* x y00)))
 (let ((?x1206 (* (- 216) ?x898)))
 (let ((?x875 (* z z z00)))
 (let ((?x2402 (* (- 6) ?x875)))
 (let ((?x883 (* (- 12) (* y y y00))))
 (let ((?x821 (* z00 z00 x00)))
 (let ((?x1136 (* (- 18) ?x821)))
 (let ((?x832 (* (- 4) (* y y y))))
 (let ((?x788 (* x z00 z00)))
 (let ((?x1061 (* 18 ?x788)))
 (let ((?x757 (* z00 z00 z00 x00)))
 (let ((?x770 (* 2 ?x757)))
 (let ((?x754 (* z00 z00 z00 y00)))
 (let ((?x724 (* z00 y00 y00)))
 (let ((?x1034 (* (- 12) ?x724)))
 (let ((?x720 (* z00 x00)))
 (let ((?x1345 (* 36 ?x720)))
 (let ((?x716 (* z x00)))
 (let ((?x2800 (* (- 108) ?x716)))
 (let ((?x687 (* x z00)))
 (let ((?x1267 (* (- 36) ?x687)))
 (let ((?x661 (* y z00)))
 (let ((?x2762 (* (- 60) ?x661)))
 (let ((?x634 (* y00 y00)))
 (let ((?x1219 (* 96 ?x634)))
 (let ((?x696 (* (- 2) (* x z00 z00 z00))))
 (let ((?x622 (* y y00)))
 (let ((?x2677 (* (- 336) ?x622)))
 (let ((?x544 (* y y z00)))
 (let ((?x952 (* (- 6) ?x544)))
 (let ((?x523 (* z00 y00)))
 (let ((?x1280 (* 24 ?x523)))
 (let ((?x508 (* y y)))
 (let ((?x2598 (* 240 ?x508)))
 (let ((?x503 (* z00 z00 y00)))
 (let ((?x1085 (* (- 10) ?x503)))
 (let ((?x497 (* z z00)))
 (let ((?x2715 (* (- 24) ?x497)))
 (let ((?x471 (* z y00)))
 (let ((?x2629 (* (- 120) ?x471)))
 (let ((?x470 (* z z z00 z00)))
 (let ((?x448 (* z00 z00 y00 y00)))
 (let ((?x475 (* (- 1) ?x448)))
 (let ((?x147 (* y z00 z00 z00)))
 (let ((?x1954 (* (- 3) ?x147)))
 (let ((?x145 (* y y z00 z00)))
 (let ((?x103 (* y z y00)))
 (let ((?x2318 (* (- 24) ?x103)))
 (let ((?x102 (* y y z)))
 (let ((?x2209 (* (- 12) ?x102)))
 (let ((?x76 (* y z00 z00)))
 (let ((?x2503 (* 28 ?x76)))
 (let ((?x74 (* y z z00)))
 (let ((?x2415 (* (- 12) ?x74)))
 (let ((?x51 (* z z00 z00)))
 (let ((?x2481 (* 10 ?x51)))
 (let ((?x38 (* z z)))
 (let ((?x2565 (* 24 ?x38)))
 (let ((?x1093 (+ ?x2565 ?x2481 ?x2415 ?x2503 ?x2209 ?x2318 ?x145 ?x1954 (* 18 (* z z00 y00)) (* 156 (* y z)) ?x475 ?x470 ?x2629 ?x2715 ?x1085 ?x2598 ?x1280 ?x952 (* 108 (* x z)) ?x2677 ?x696 ?x1219 ?x2762 (* 54 (* y z00 y00)) ?x1267 ?x2800 ?x1345 ?x1034 ?x754 ?x770 ?x1061 ?x832 ?x1136 (* 324 (* x y)) ?x883 ?x2402 ?x1206 ?x909 ?x2848 ?x1342 ?x989 ?x2210 ?x2139 ?x1111 ?x1156 ?x1329 ?x1349 ?x1491 ?x2286 ?x1815)))
 (let (($x1759 (not (= ?x1093 0))))
 (let ((?x2342 (* (- 1) ?x1495)))
 (let ((?x2341 (* (- 1) ?x1096)))
 (let ((?x2340 (* (- 2) ?x1083)))
 (let ((?x979 (* 18 ?x978)))
 (let ((?x2339 (* (- 18) ?x966)))
 (let ((?x2338 (* (- 18) ?x898)))
 (let ((?x2337 (* (- 2) ?x875)))
 (let ((?x851 (* x y)))
 (let ((?x852 (* 18 ?x851)))
 (let ((?x2336 (* (- 3) ?x821)))
 (let ((?x817 (* z z00 x00)))
 (let ((?x2335 (* (- 3) ?x817)))
 (let ((?x789 (* 3 ?x788)))
 (let ((?x1810 (* (- 18) ?x720)))
 (let ((?x2334 (* (- 36) ?x716)))
 (let ((?x688 (* 18 ?x687)))
 (let ((?x670 (* y z00 y00)))
 (let ((?x2333 (* 12 ?x661)))
 (let ((?x2332 (* 48 ?x634)))
 (let ((?x2330 (* (- 60) ?x622)))
 (let ((?x604 (* x z z00)))
 (let ((?x605 (* 3 ?x604)))
 (let ((?x595 (* x z)))
 (let ((?x2328 (* 36 ?x595)))
 (let ((?x2327 (* (- 2) ?x544)))
 (let ((?x713 (* 6 ?x523)))
 (let ((?x509 (* 12 ?x508)))
 (let ((?x2326 (* (- 3) ?x503)))
 (let ((?x510 (* (- 6) ?x497)))
 (let ((?x2325 (* (- 54) ?x471)))
 (let ((?x445 (* y z)))
 (let ((?x2323 (* 36 ?x445)))
 (let ((?x444 (* z y00 y00)))
 (let ((?x447 (* 2 ?x444)))
 (let ((?x443 (* z z00 y00)))
 (let ((?x2322 (* (- 1) ?x103)))
 (let ((?x2321 (* (- 1) ?x102)))
 (let ((?x2320 (* 6 ?x76)))
 (let ((?x1803 (* (- 1) ?x74)))
 (let ((?x1961 (* 3 ?x51)))
 (let ((?x1062 (* 6 ?x38)))
 (let ((?x1249 (+ ?x1062 ?x1961 ?x1803 ?x2320 ?x2321 ?x2322 ?x443 ?x447 ?x2323 ?x2325 ?x510 ?x2326 ?x509 ?x713 ?x2327 ?x2328 ?x605 ?x2330 ?x2332 ?x2333 ?x670 ?x688 ?x2334 ?x1810 ?x724 ?x789 ?x2335 ?x2336 ?x852 ?x2337 ?x2338 ?x2339 ?x979 ?x2340 ?x2341 ?x2342)))
 (let ((?x1811 (* (- 1) ?x875)))
 (let ((?x1809 (* (- 18) ?x716)))
 (let ((?x1703 (* 18 ?x661)))
 (let ((?x635 (* 24 ?x634)))
 (let ((?x1808 (* (- 12) ?x622)))
 (let ((?x596 (* 18 ?x595)))
 (let ((?x1807 (* (- 12) ?x508)))
 (let ((?x1806 (* (- 1) ?x503)))
 (let ((?x1805 (* (- 24) ?x471)))
 (let ((?x1930 (+ ?x51 ?x1803 ?x76 ?x443 (* 6 ?x445) ?x1805 ?x1806 ?x1807 ?x596 ?x1808 ?x635 ?x1703 ?x688 ?x1809 ?x1810 ?x1811)))
 (let (($x1113 (not (= ?x1930 0))))
 (let ((?x524 (* 18 ?x523)))
 (let ((?x484 (* (- 12) ?x471)))
 (let ((?x458 (* (- 6) ?x445)))
 (let ((?x571 (* (- 108) x00)))
 (let ((?x52 (* z00 z00 z00)))
 (let ((?x441 (* (- 1) ?x52)))
 (let ((?x1425 (* (- 144) y00)))
 (let ((?x39 (* z00 z00)))
 (let ((?x1407 (* 12 ?x39)))
 (let ((?x1377 (* (- 36) z00)))
 (let ((?x66 (* 108 x)))
 (let ((?x1444 (+ ?x66 (* 144 y) (* 36 z) ?x1377 (* (- 6) ?x38) ?x1407 ?x1425 ?x51 ?x441 ?x571 ?x458 ?x484 ?x510 ?x524)))
 (let (($x455 (not (= ?x1444 0))))
 (let ((?x434 (* (- 12) y00)))
 (let ((?x432 (* (- 6) z00)))
 (let ((?x42 (* 6 z)))
 (let ((?x41 (* 12 y)))
 (let (($x436 (= (+ ?x41 ?x42 ?x432 (* (- 1) ?x38) ?x39 ?x434) 0)))
 (let (($x1169 (not $x436)))
 (let ((?x1152 (* 108 ?x851)))
 (let ((?x1149 (* 24 ?x508)))
 (let ((?x1355 (+ (* 10 ?x76) ?x145 (* (- 1) ?x147) ?x475 ?x1085 ?x1149 ?x1280 ?x952 (* (- 120) ?x622) ?x696 ?x1219 (* (- 24) ?x661) (* 18 ?x670) ?x1267 ?x1345 ?x1034 ?x754 ?x770 ?x1061 ?x832 ?x1136 ?x1152 ?x883 ?x1206 ?x909 (* (- 108) ?x966) ?x1342 ?x989 ?x1111 ?x1156 ?x1329 ?x1349)))
 (let (($x1360 (= ?x1355 0)))
 (let ((?x991 (* (- 18) ?x978)))
 (let ((?x822 (* 3 ?x821)))
 (let ((?x731 (* (- 1) ?x724)))
 (let ((?x717 (* 18 ?x716)))
 (let ((?x923 (* (- 36) ?x634)))
 (let ((?x609 (* (- 18) ?x595)))
 (let ((?x953 (* (- 6) ?x523)))
 (let ((?x814 (* 3 ?x503)))
 (let ((?x472 (* 12 ?x471)))
 (let ((?x567 (* (- 12) ?x445)))
 (let ((?x548 (* (- 72) y00)))
 (let ((?x64 (* 72 y)))
 (let ((?x1041 (+ ?x66 ?x64 ?x548 ?x571 (* (- 3) ?x76) ?x102 ?x103 (* (- 2) ?x444) ?x567 ?x472 ?x814 ?x953 (* 2 ?x544) ?x609 (* (- 3) ?x604) (* 36 ?x622) ?x923 (* 6 ?x661) (* (- 1) ?x670) ?x717 ?x731 (* (- 3) ?x788) (* 3 ?x817) ?x822 (* (- 18) ?x851) (* 18 ?x898) (* 18 ?x966) ?x991)))
 (let (($x1048 (= ?x1041 0)))
 (let ((?x721 (* 18 ?x720)))
 (let ((?x648 (* (- 24) ?x634)))
 (let ((?x761 (+ ?x66 ?x64 ?x548 ?x571 ?x74 (* (- 1) ?x76) (* (- 1) ?x443) ?x567 ?x472 ?x503 ?x509 ?x713 ?x609 (* 12 ?x622) ?x648 (* (- 6) ?x661) (* (- 18) ?x687) ?x717 ?x721)))
 (let (($x768 (= ?x761 0)))
 (let ((?x527 (* 6 ?x39)))
 (let (($x584 (= (+ ?x66 ?x64 ?x527 ?x548 ?x51 ?x441 ?x571 ?x458 ?x484 ?x510 ?x524) 0)))
 (let (($x387 (= (+ (* 6 n) (* (- 1) z) (* (- 6) n00) z00) 0)))
 (let (($x2671 (and $x387 $x436 $x584 $x768 $x1048 $x1360 (or $x1169 $x455 $x1113 (not (= ?x1249 0)) $x1759))))
 (let ((?x1480 (* z y)))
 (let ((?x1993 (* (- 6) ?x1480)))
 (let ((?x1524 (+ ?x1062 ?x1961 ?x1803 ?x2320 ?x2321 ?x2322 ?x443 ?x447 (* 42 ?x445) ?x2325 ?x510 ?x2326 ?x509 ?x713 ?x2327 ?x2328 ?x605 ?x2330 ?x2332 ?x2333 ?x670 ?x688 ?x2334 ?x1810 ?x724 ?x789 ?x2335 ?x2336 ?x852 ?x2337 ?x2338 ?x2339 ?x979 ?x2340 ?x2341 ?x1993 ?x2342)))
 (let (($x1767 (and $x387 $x436 $x584 $x768 $x1048 $x1360 (or $x1169 $x455 $x1113 (not (= ?x1524 0)) $x1759))))
 (rewrite (= $x1767 $x2671))))))))))))))))))))))))))))))))))))))))))))))))))))))))))))))))))))))))))))))))))))))))))))))))))))))))))))))))))))))))))))))))))))))))))))))))))))))))))))))))))))))))))))))))))))))))))
 ))
 (let (($x652 (exists ((n Int) (x Int) (y Int) (z Int) )(! (let ((?x1348 (* x00 x00)))
 (let ((?x1349 (* 108 ?x1348)))
 (let ((?x2313 (* x00 z00)))
 (let ((?x1435 (* 36 ?x2313)))
 (let ((?x607 (* x00 y00)))
 (let ((?x1366 (* 216 ?x607)))
 (let ((?x645 (* y00 z00)))
 (let ((?x911 (* 24 ?x645)))
 (let ((?x634 (* y00 y00)))
 (let ((?x1219 (* 96 ?x634)))
 (let ((?x1289 (* x00 z00 z00)))
 (let ((?x1699 (* (- 18) ?x1289)))
 (let ((?x668 (* (- 36) (* x00 y00 z00))))
 (let ((?x79 (* y00 z00 z00)))
 (let ((?x2191 (* (- 10) ?x79)))
 (let ((?x113 (* y00 y00 z00)))
 (let ((?x2012 (* (- 12) ?x113)))
 (let ((?x908 (* y00 y00 y00)))
 (let ((?x909 (* 16 ?x908)))
 (let ((?x1503 (* 2 (* x00 z00 z00 z00))))
 (let ((?x152 (* y00 z00 z00 z00)))
 (let ((?x146 (* y00 y00 z00 z00)))
 (let ((?x2245 (* (- 1) ?x146)))
 (let ((?x2699 (+ (* z00 z00 (+ y z) (+ y z)) ?x2245 (* (- 1) (* z00 z00 z00 (+ y z))) (* (- 2) (* z00 z00 z00 (+ x y))) ?x152 ?x1503 (* (- 4) (* (+ y z) (+ y z) (+ y z))) (* (- 12) (* y00 (+ y z) (+ y z))) ?x909 (* (- 6) (* z00 (+ y z) (+ y z))) (* 18 (* y00 z00 (+ y z))) (* 36 (* y00 z00 (+ x y))) ?x2012 (* 10 (* z00 z00 (+ y z))) (* 18 (* z00 z00 (+ x y))) ?x2191 ?x668 ?x1699 (* 24 (* (+ y z) (+ y z))) (* 108 (* (+ y z) (+ x y))) (* 108 (* (+ x y) (+ x y))) (* (- 120) (* y00 (+ y z))) (* (- 216) (* y00 (+ x y))) ?x1219 (* (- 24) (* z00 (+ y z))) (* (- 36) (* z00 (+ x y))) ?x911 (* (- 108) (* x00 (+ y z))) (* (- 216) (* x00 (+ x y))) ?x1366 ?x1435 ?x1349)))
 (let ((?x571 (* (- 108) x00)))
 (let ((?x548 (* (- 72) y00)))
 (let ((?x66 (* 108 x)))
 (let ((?x1221 (* 72 z)))
 (let ((?x2379 (* 180 y)))
 (let ((?x2061 (* (- 18) ?x607)))
 (let ((?x1184 (* 18 (* x00 (+ 6 z)))))
 (let ((?x2316 (* (- 6) ?x645)))
 (let ((?x923 (* (- 36) ?x634)))
 (let ((?x1244 (+ 6 z)))
 (let ((?x1696 (* y00 ?x1244)))
 (let ((?x1697 (* 12 ?x1696)))
 (let ((?x847 (* (- 18) (* ?x1244 (+ x y)))))
 (let ((?x217 (+ y z)))
 (let ((?x893 (* ?x1244 ?x217)))
 (let ((?x1456 (* (- 12) ?x893)))
 (let ((?x1290 (* 3 ?x1289)))
 (let ((?x1175 (* 3 ?x79)))
 (let ((?x2458 (* (- 1) ?x113)))
 (let ((?x1816 (+ (* ?x1244 ?x217 ?x217) (* y00 ?x1244 ?x217) (* (- 2) (* y00 y00 ?x1244)) (* 2 (* z00 ?x217 ?x217)) (* (- 3) (* z00 ?x1244 (+ x y))) (* (- 1) (* y00 z00 ?x217)) ?x2458 (* (- 3) (* z00 z00 ?x217)) (* (- 3) (* z00 z00 (+ x y))) ?x1175 (* 3 (* x00 z00 ?x1244)) ?x1290 ?x1456 (* (- 18) (* ?x217 (+ x y))) ?x847 (* 36 (* y00 ?x217)) ?x1697 (* 18 (* y00 (+ x y))) ?x923 (* 6 (* z00 ?x217)) ?x2316 (* 18 (* x00 ?x217)) ?x1184 ?x2061 ?x2379 ?x1221 ?x66 ?x548 ?x571)))
 (let ((?x2314 (* 18 ?x2313)))
 (let ((?x2302 (* 6 ?x645)))
 (let ((?x648 (* (- 24) ?x634)))
 (let ((?x2602 (+ (* z00 ?x1244 ?x217) (* (- 1) (* y00 z00 ?x1244)) (* (- 1) (* z00 z00 ?x217)) ?x79 (* 12 (* ?x217 ?x217)) ?x1456 ?x847 (* 12 (* y00 ?x217)) ?x1697 ?x648 (* (- 6) (* z00 ?x217)) (* (- 18) (* z00 (+ x y))) ?x2302 ?x1184 ?x2314 ?x2379 ?x1221 ?x66 ?x548 ?x571)))
 (let ((?x39 (* z00 z00)))
 (let ((?x527 (* 6 ?x39)))
 (let ((?x690 (* 18 ?x645)))
 (let ((?x52 (* z00 z00 z00)))
 (let ((?x441 (* (- 1) ?x52)))
 (let ((?x621 (+ (* z00 z00 ?x1244) ?x441 (* (- 6) ?x893) (* (- 12) ?x1696) (* (- 6) (* z00 ?x1244)) ?x690 ?x527 ?x2379 ?x1221 ?x66 ?x548 ?x571)))
 (let ((?x48 (* 6 z00)))
 (let ((?x47 (* 12 y00)))
 (let ((?x383 (* (- 12) y)))
 (let ((?x354 (* (- 1) ?x39)))
 (let (($x651 (not (= (+ (* ?x1244 ?x1244) ?x354 ?x383 (* (- 18) z) ?x47 ?x48) 36))))
 (let (($x578 (or $x651 (not (= ?x621 0)) (not (= ?x2602 0)) (not (= ?x1816 0)) (not (= ?x2699 0)))))
 (let ((?x1156 (* 108 (* x x))))
 (let ((?x508 (* y y)))
 (let ((?x1149 (* 24 ?x508)))
 (let ((?x832 (* (- 4) (* y y y))))
 (let ((?x1457 (+ (* z00 z00 y y) ?x2245 (* (- 1) (* z00 z00 z00 y)) (* (- 2) (* z00 z00 z00 x)) ?x152 ?x1503 ?x832 (* (- 12) (* y00 y y)) ?x909 (* (- 6) (* z00 y y)) (* 18 (* y00 z00 y)) (* 36 (* y00 z00 x)) ?x2012 (* 10 (* z00 z00 y)) (* 18 (* z00 z00 x)) ?x2191 ?x668 ?x1699 ?x1149 (* 108 (* y x)) ?x1156 (* (- 120) (* y00 y)) (* (- 216) (* y00 x)) ?x1219 (* (- 24) (* z00 y)) (* (- 36) (* z00 x)) ?x911 (* (- 108) (* x00 y)) (* (- 216) (* x00 x)) ?x1366 ?x1435 ?x1349)))
 (let (($x1465 (= ?x1457 0)))
 (let ((?x64 (* 72 y)))
 (let ((?x2310 (* 18 (* x00 z))))
 (let ((?x374 (* y00 z)))
 (let ((?x375 (* 12 ?x374)))
 (let ((?x1563 (* z x)))
 (let ((?x2157 (* (- 18) ?x1563)))
 (let ((?x1480 (* z y)))
 (let ((?x1812 (* (- 12) ?x1480)))
 (let ((?x2058 (+ (* z y y) (* y00 z y) (* (- 2) (* y00 y00 z)) (* 2 (* z00 y y)) (* (- 3) (* z00 z x)) (* (- 1) (* y00 z00 y)) ?x2458 (* (- 3) (* z00 z00 y)) (* (- 3) (* z00 z00 x)) ?x1175 (* 3 (* x00 z00 z)) ?x1290 ?x1812 (* (- 18) (* y x)) ?x2157 (* 36 (* y00 y)) ?x375 (* 18 (* y00 x)) ?x923 (* 6 (* z00 y)) ?x2316 (* 18 (* x00 y)) ?x2310 ?x2061 ?x64 ?x66 ?x548 ?x571)))
 (let (($x2074 (= ?x2058 0)))
 (let ((?x509 (* 12 ?x508)))
 (let ((?x500 (+ (* z00 z y) (* (- 1) (* y00 z00 z)) (* (- 1) (* z00 z00 y)) ?x79 ?x509 ?x1812 ?x2157 (* 12 (* y00 y)) ?x375 ?x648 (* (- 6) (* z00 y)) (* (- 18) (* z00 x)) ?x2302 ?x2310 ?x2314 ?x64 ?x66 ?x548 ?x571)))
 (let (($x981 (= ?x500 0)))
 (let ((?x1993 (* (- 6) ?x1480)))
 (let ((?x1600 (+ (* z00 z00 z) ?x441 ?x1993 (* (- 12) ?x374) (* (- 6) (* z00 z)) ?x690 ?x527 ?x64 ?x66 ?x548 ?x571)))
 (let (($x1629 (= ?x1600 0)))
 (let (($x2011 (= (+ (* z z) ?x354 ?x383 (* (- 6) z) ?x47 ?x48) 0)))
 (let (($x387 (= (+ (* 6 n) (* (- 1) z) (* (- 6) n00) z00) 0)))
 (and $x387 $x2011 $x1629 $x981 $x2074 $x1465 $x578))))))))))))))))))))))))))))))))))))))))))))))))))))))))))))))))))))))))))))))))))))) :qid k!46))
 ))
 (let ((?x1671 (lambda ((n Int) (x Int) (y Int) (z Int) )(let ((?x1815 (* (- 1) (* z z00 z00 z00))))
 (let ((?x1495 (* z z y00)))
 (let ((?x2286 (* (- 12) ?x1495)))
 (let ((?x1491 (* 2 (* y z z00 z00))))
 (let ((?x1348 (* x00 x00)))
 (let ((?x1349 (* 108 ?x1348)))
 (let ((?x1329 (* (- 216) (* x x00))))
 (let ((?x1156 (* 108 (* x x))))
 (let ((?x1098 (* z00 y00 x00)))
 (let ((?x1111 (* (- 36) ?x1098)))
 (let ((?x1096 (* z z z)))
 (let ((?x2139 (* (- 4) ?x1096)))
 (let ((?x1083 (* y z z)))
 (let ((?x2210 (* (- 12) ?x1083)))
 (let ((?x989 (* 36 (* x z00 y00))))
 (let ((?x978 (* y00 x00)))
 (let ((?x1342 (* 216 ?x978)))
 (let ((?x966 (* y x00)))
 (let ((?x2848 (* (- 324) ?x966)))
 (let ((?x908 (* y00 y00 y00)))
 (let ((?x909 (* 16 ?x908)))
 (let ((?x898 (* x y00)))
 (let ((?x1206 (* (- 216) ?x898)))
 (let ((?x875 (* z z z00)))
 (let ((?x2402 (* (- 6) ?x875)))
 (let ((?x883 (* (- 12) (* y y y00))))
 (let ((?x821 (* z00 z00 x00)))
 (let ((?x1136 (* (- 18) ?x821)))
 (let ((?x832 (* (- 4) (* y y y))))
 (let ((?x788 (* x z00 z00)))
 (let ((?x1061 (* 18 ?x788)))
 (let ((?x757 (* z00 z00 z00 x00)))
 (let ((?x770 (* 2 ?x757)))
 (let ((?x754 (* z00 z00 z00 y00)))
 (let ((?x724 (* z00 y00 y00)))
 (let ((?x1034 (* (- 12) ?x724)))
 (let ((?x720 (* z00 x00)))
 (let ((?x1345 (* 36 ?x720)))
 (let ((?x716 (* z x00)))
 (let ((?x2800 (* (- 108) ?x716)))
 (let ((?x687 (* x z00)))
 (let ((?x1267 (* (- 36) ?x687)))
 (let ((?x661 (* y z00)))
 (let ((?x2762 (* (- 60) ?x661)))
 (let ((?x634 (* y00 y00)))
 (let ((?x1219 (* 96 ?x634)))
 (let ((?x696 (* (- 2) (* x z00 z00 z00))))
 (let ((?x622 (* y y00)))
 (let ((?x2677 (* (- 336) ?x622)))
 (let ((?x544 (* y y z00)))
 (let ((?x952 (* (- 6) ?x544)))
 (let ((?x523 (* z00 y00)))
 (let ((?x1280 (* 24 ?x523)))
 (let ((?x508 (* y y)))
 (let ((?x2598 (* 240 ?x508)))
 (let ((?x503 (* z00 z00 y00)))
 (let ((?x1085 (* (- 10) ?x503)))
 (let ((?x497 (* z z00)))
 (let ((?x2715 (* (- 24) ?x497)))
 (let ((?x471 (* z y00)))
 (let ((?x2629 (* (- 120) ?x471)))
 (let ((?x470 (* z z z00 z00)))
 (let ((?x448 (* z00 z00 y00 y00)))
 (let ((?x475 (* (- 1) ?x448)))
 (let ((?x147 (* y z00 z00 z00)))
 (let ((?x1954 (* (- 3) ?x147)))
 (let ((?x145 (* y y z00 z00)))
 (let ((?x103 (* y z y00)))
 (let ((?x2318 (* (- 24) ?x103)))
 (let ((?x102 (* y y z)))
 (let ((?x2209 (* (- 12) ?x102)))
 (let ((?x76 (* y z00 z00)))
 (let ((?x2503 (* 28 ?x76)))
 (let ((?x74 (* y z z00)))
 (let ((?x2415 (* (- 12) ?x74)))
 (let ((?x51 (* z z00 z00)))
 (let ((?x2481 (* 10 ?x51)))
 (let ((?x38 (* z z)))
 (let ((?x2565 (* 24 ?x38)))
 (let ((?x1093 (+ ?x2565 ?x2481 ?x2415 ?x2503 ?x2209 ?x2318 ?x145 ?x1954 (* 18 (* z z00 y00)) (* 156 (* y z)) ?x475 ?x470 ?x2629 ?x2715 ?x1085 ?x2598 ?x1280 ?x952 (* 108 (* x z)) ?x2677 ?x696 ?x1219 ?x2762 (* 54 (* y z00 y00)) ?x1267 ?x2800 ?x1345 ?x1034 ?x754 ?x770 ?x1061 ?x832 ?x1136 (* 324 (* x y)) ?x883 ?x2402 ?x1206 ?x909 ?x2848 ?x1342 ?x989 ?x2210 ?x2139 ?x1111 ?x1156 ?x1329 ?x1349 ?x1491 ?x2286 ?x1815)))
 (let (($x1759 (not (= ?x1093 0))))
 (let ((?x2342 (* (- 1) ?x1495)))
 (let ((?x1480 (* z y)))
 (let ((?x1993 (* (- 6) ?x1480)))
 (let ((?x2341 (* (- 1) ?x1096)))
 (let ((?x2340 (* (- 2) ?x1083)))
 (let ((?x979 (* 18 ?x978)))
 (let ((?x2339 (* (- 18) ?x966)))
 (let ((?x2338 (* (- 18) ?x898)))
 (let ((?x2337 (* (- 2) ?x875)))
 (let ((?x851 (* x y)))
 (let ((?x852 (* 18 ?x851)))
 (let ((?x2336 (* (- 3) ?x821)))
 (let ((?x817 (* z z00 x00)))
 (let ((?x2335 (* (- 3) ?x817)))
 (let ((?x789 (* 3 ?x788)))
 (let ((?x1810 (* (- 18) ?x720)))
 (let ((?x2334 (* (- 36) ?x716)))
 (let ((?x688 (* 18 ?x687)))
 (let ((?x670 (* y z00 y00)))
 (let ((?x2333 (* 12 ?x661)))
 (let ((?x2332 (* 48 ?x634)))
 (let ((?x2330 (* (- 60) ?x622)))
 (let ((?x604 (* x z z00)))
 (let ((?x605 (* 3 ?x604)))
 (let ((?x595 (* x z)))
 (let ((?x2328 (* 36 ?x595)))
 (let ((?x2327 (* (- 2) ?x544)))
 (let ((?x713 (* 6 ?x523)))
 (let ((?x509 (* 12 ?x508)))
 (let ((?x2326 (* (- 3) ?x503)))
 (let ((?x510 (* (- 6) ?x497)))
 (let ((?x2325 (* (- 54) ?x471)))
 (let ((?x444 (* z y00 y00)))
 (let ((?x447 (* 2 ?x444)))
 (let ((?x443 (* z z00 y00)))
 (let ((?x2322 (* (- 1) ?x103)))
 (let ((?x2321 (* (- 1) ?x102)))
 (let ((?x2320 (* 6 ?x76)))
 (let ((?x1803 (* (- 1) ?x74)))
 (let ((?x1961 (* 3 ?x51)))
 (let ((?x1062 (* 6 ?x38)))
 (let ((?x1524 (+ ?x1062 ?x1961 ?x1803 ?x2320 ?x2321 ?x2322 ?x443 ?x447 (* 42 (* y z)) ?x2325 ?x510 ?x2326 ?x509 ?x713 ?x2327 ?x2328 ?x605 ?x2330 ?x2332 ?x2333 ?x670 ?x688 ?x2334 ?x1810 ?x724 ?x789 ?x2335 ?x2336 ?x852 ?x2337 ?x2338 ?x2339 ?x979 ?x2340 ?x2341 ?x1993 ?x2342)))
 (let ((?x1811 (* (- 1) ?x875)))
 (let ((?x1809 (* (- 18) ?x716)))
 (let ((?x1703 (* 18 ?x661)))
 (let ((?x635 (* 24 ?x634)))
 (let ((?x1808 (* (- 12) ?x622)))
 (let ((?x596 (* 18 ?x595)))
 (let ((?x1807 (* (- 12) ?x508)))
 (let ((?x1806 (* (- 1) ?x503)))
 (let ((?x1805 (* (- 24) ?x471)))
 (let ((?x1930 (+ ?x51 ?x1803 ?x76 ?x443 (* 6 (* y z)) ?x1805 ?x1806 ?x1807 ?x596 ?x1808 ?x635 ?x1703 ?x688 ?x1809 ?x1810 ?x1811)))
 (let (($x1113 (not (= ?x1930 0))))
 (let ((?x524 (* 18 ?x523)))
 (let ((?x484 (* (- 12) ?x471)))
 (let ((?x445 (* y z)))
 (let ((?x458 (* (- 6) ?x445)))
 (let ((?x571 (* (- 108) x00)))
 (let ((?x52 (* z00 z00 z00)))
 (let ((?x441 (* (- 1) ?x52)))
 (let ((?x1425 (* (- 144) y00)))
 (let ((?x39 (* z00 z00)))
 (let ((?x1407 (* 12 ?x39)))
 (let ((?x1377 (* (- 36) z00)))
 (let ((?x66 (* 108 x)))
 (let ((?x1444 (+ ?x66 (* 144 y) (* 36 z) ?x1377 (* (- 6) ?x38) ?x1407 ?x1425 ?x51 ?x441 ?x571 ?x458 ?x484 ?x510 ?x524)))
 (let (($x455 (not (= ?x1444 0))))
 (let ((?x434 (* (- 12) y00)))
 (let ((?x432 (* (- 6) z00)))
 (let ((?x42 (* 6 z)))
 (let ((?x41 (* 12 y)))
 (let (($x436 (= (+ ?x41 ?x42 ?x432 (* (- 1) ?x38) ?x39 ?x434) 0)))
 (let (($x1169 (not $x436)))
 (let ((?x1152 (* 108 ?x851)))
 (let ((?x1149 (* 24 ?x508)))
 (let ((?x1355 (+ (* 10 ?x76) ?x145 (* (- 1) ?x147) ?x475 ?x1085 ?x1149 ?x1280 ?x952 (* (- 120) ?x622) ?x696 ?x1219 (* (- 24) ?x661) (* 18 ?x670) ?x1267 ?x1345 ?x1034 ?x754 ?x770 ?x1061 ?x832 ?x1136 ?x1152 ?x883 ?x1206 ?x909 (* (- 108) ?x966) ?x1342 ?x989 ?x1111 ?x1156 ?x1329 ?x1349)))
 (let (($x1360 (= ?x1355 0)))
 (let ((?x991 (* (- 18) ?x978)))
 (let ((?x822 (* 3 ?x821)))
 (let ((?x731 (* (- 1) ?x724)))
 (let ((?x717 (* 18 ?x716)))
 (let ((?x923 (* (- 36) ?x634)))
 (let ((?x609 (* (- 18) ?x595)))
 (let ((?x953 (* (- 6) ?x523)))
 (let ((?x814 (* 3 ?x503)))
 (let ((?x472 (* 12 ?x471)))
 (let ((?x567 (* (- 12) ?x445)))
 (let ((?x548 (* (- 72) y00)))
 (let ((?x64 (* 72 y)))
 (let ((?x1041 (+ ?x66 ?x64 ?x548 ?x571 (* (- 3) ?x76) ?x102 ?x103 (* (- 2) ?x444) ?x567 ?x472 ?x814 ?x953 (* 2 ?x544) ?x609 (* (- 3) ?x604) (* 36 ?x622) ?x923 (* 6 ?x661) (* (- 1) ?x670) ?x717 ?x731 (* (- 3) ?x788) (* 3 ?x817) ?x822 (* (- 18) ?x851) (* 18 ?x898) (* 18 ?x966) ?x991)))
 (let (($x1048 (= ?x1041 0)))
 (let ((?x721 (* 18 ?x720)))
 (let ((?x648 (* (- 24) ?x634)))
 (let ((?x761 (+ ?x66 ?x64 ?x548 ?x571 ?x74 (* (- 1) ?x76) (* (- 1) ?x443) ?x567 ?x472 ?x503 ?x509 ?x713 ?x609 (* 12 ?x622) ?x648 (* (- 6) ?x661) (* (- 18) ?x687) ?x717 ?x721)))
 (let (($x768 (= ?x761 0)))
 (let ((?x527 (* 6 ?x39)))
 (let (($x584 (= (+ ?x66 ?x64 ?x527 ?x548 ?x51 ?x441 ?x571 ?x458 ?x484 ?x510 ?x524) 0)))
 (let (($x387 (= (+ (* 6 n) (* (- 1) z) (* (- 6) n00) z00) 0)))
 (let (($x1767 (and $x387 $x436 $x584 $x768 $x1048 $x1360 (or $x1169 $x455 $x1113 (not (= ?x1524 0)) $x1759))))
 (let ((?x2313 (* x00 z00)))
 (let ((?x1435 (* 36 ?x2313)))
 (let ((?x607 (* x00 y00)))
 (let ((?x1366 (* 216 ?x607)))
 (let ((?x645 (* y00 z00)))
 (let ((?x911 (* 24 ?x645)))
 (let ((?x1289 (* x00 z00 z00)))
 (let ((?x1699 (* (- 18) ?x1289)))
 (let ((?x668 (* (- 36) (* x00 y00 z00))))
 (let ((?x79 (* y00 z00 z00)))
 (let ((?x2191 (* (- 10) ?x79)))
 (let ((?x113 (* y00 y00 z00)))
 (let ((?x2012 (* (- 12) ?x113)))
 (let ((?x1503 (* 2 (* x00 z00 z00 z00))))
 (let ((?x152 (* y00 z00 z00 z00)))
 (let ((?x146 (* y00 y00 z00 z00)))
 (let ((?x2245 (* (- 1) ?x146)))
 (let ((?x2699 (+ (* z00 z00 (+ y z) (+ y z)) ?x2245 (* (- 1) (* z00 z00 z00 (+ y z))) (* (- 2) (* z00 z00 z00 (+ x y))) ?x152 ?x1503 (* (- 4) (* (+ y z) (+ y z) (+ y z))) (* (- 12) (* y00 (+ y z) (+ y z))) ?x909 (* (- 6) (* z00 (+ y z) (+ y z))) (* 18 (* y00 z00 (+ y z))) (* 36 (* y00 z00 (+ x y))) ?x2012 (* 10 (* z00 z00 (+ y z))) (* 18 (* z00 z00 (+ x y))) ?x2191 ?x668 ?x1699 (* 24 (* (+ y z) (+ y z))) (* 108 (* (+ y z) (+ x y))) (* 108 (* (+ x y) (+ x y))) (* (- 120) (* y00 (+ y z))) (* (- 216) (* y00 (+ x y))) ?x1219 (* (- 24) (* z00 (+ y z))) (* (- 36) (* z00 (+ x y))) ?x911 (* (- 108) (* x00 (+ y z))) (* (- 216) (* x00 (+ x y))) ?x1366 ?x1435 ?x1349)))
 (let ((?x1221 (* 72 z)))
 (let ((?x2379 (* 180 y)))
 (let ((?x2061 (* (- 18) ?x607)))
 (let ((?x1184 (* 18 (* x00 (+ 6 z)))))
 (let ((?x2316 (* (- 6) ?x645)))
 (let ((?x1244 (+ 6 z)))
 (let ((?x1696 (* y00 ?x1244)))
 (let ((?x1697 (* 12 ?x1696)))
 (let ((?x847 (* (- 18) (* ?x1244 (+ x y)))))
 (let ((?x217 (+ y z)))
 (let ((?x893 (* ?x1244 ?x217)))
 (let ((?x1456 (* (- 12) ?x893)))
 (let ((?x1290 (* 3 ?x1289)))
 (let ((?x1175 (* 3 ?x79)))
 (let ((?x2458 (* (- 1) ?x113)))
 (let ((?x1816 (+ (* ?x1244 ?x217 ?x217) (* y00 ?x1244 ?x217) (* (- 2) (* y00 y00 ?x1244)) (* 2 (* z00 ?x217 ?x217)) (* (- 3) (* z00 ?x1244 (+ x y))) (* (- 1) (* y00 z00 ?x217)) ?x2458 (* (- 3) (* z00 z00 ?x217)) (* (- 3) (* z00 z00 (+ x y))) ?x1175 (* 3 (* x00 z00 ?x1244)) ?x1290 ?x1456 (* (- 18) (* ?x217 (+ x y))) ?x847 (* 36 (* y00 ?x217)) ?x1697 (* 18 (* y00 (+ x y))) ?x923 (* 6 (* z00 ?x217)) ?x2316 (* 18 (* x00 ?x217)) ?x1184 ?x2061 ?x2379 ?x1221 ?x66 ?x548 ?x571)))
 (let ((?x2314 (* 18 ?x2313)))
 (let ((?x2302 (* 6 ?x645)))
 (let ((?x2602 (+ (* z00 ?x1244 ?x217) (* (- 1) (* y00 z00 ?x1244)) (* (- 1) (* z00 z00 ?x217)) ?x79 (* 12 (* ?x217 ?x217)) ?x1456 ?x847 (* 12 (* y00 ?x217)) ?x1697 ?x648 (* (- 6) (* z00 ?x217)) (* (- 18) (* z00 (+ x y))) ?x2302 ?x1184 ?x2314 ?x2379 ?x1221 ?x66 ?x548 ?x571)))
 (let ((?x690 (* 18 ?x645)))
 (let ((?x621 (+ (* z00 z00 ?x1244) ?x441 (* (- 6) ?x893) (* (- 12) ?x1696) (* (- 6) (* z00 ?x1244)) ?x690 ?x527 ?x2379 ?x1221 ?x66 ?x548 ?x571)))
 (let ((?x48 (* 6 z00)))
 (let ((?x47 (* 12 y00)))
 (let ((?x383 (* (- 12) y)))
 (let ((?x354 (* (- 1) ?x39)))
 (let (($x651 (not (= (+ (* ?x1244 ?x1244) ?x354 ?x383 (* (- 18) z) ?x47 ?x48) 36))))
 (let (($x578 (or $x651 (not (= ?x621 0)) (not (= ?x2602 0)) (not (= ?x1816 0)) (not (= ?x2699 0)))))
 (let ((?x1457 (+ (* z00 z00 y y) ?x2245 (* (- 1) (* z00 z00 z00 y)) (* (- 2) (* z00 z00 z00 x)) ?x152 ?x1503 ?x832 (* (- 12) (* y00 y y)) ?x909 (* (- 6) (* z00 y y)) (* 18 (* y00 z00 y)) (* 36 (* y00 z00 x)) ?x2012 (* 10 (* z00 z00 y)) (* 18 (* z00 z00 x)) ?x2191 ?x668 ?x1699 ?x1149 (* 108 (* y x)) ?x1156 (* (- 120) (* y00 y)) (* (- 216) (* y00 x)) ?x1219 (* (- 24) (* z00 y)) (* (- 36) (* z00 x)) ?x911 (* (- 108) (* x00 y)) (* (- 216) (* x00 x)) ?x1366 ?x1435 ?x1349)))
 (let (($x1465 (= ?x1457 0)))
 (let ((?x2310 (* 18 (* x00 z))))
 (let ((?x374 (* y00 z)))
 (let ((?x375 (* 12 ?x374)))
 (let ((?x1563 (* z x)))
 (let ((?x2157 (* (- 18) ?x1563)))
 (let ((?x1812 (* (- 12) ?x1480)))
 (let ((?x2058 (+ (* z y y) (* y00 z y) (* (- 2) (* y00 y00 z)) (* 2 (* z00 y y)) (* (- 3) (* z00 z x)) (* (- 1) (* y00 z00 y)) ?x2458 (* (- 3) (* z00 z00 y)) (* (- 3) (* z00 z00 x)) ?x1175 (* 3 (* x00 z00 z)) ?x1290 ?x1812 (* (- 18) (* y x)) ?x2157 (* 36 (* y00 y)) ?x375 (* 18 (* y00 x)) ?x923 (* 6 (* z00 y)) ?x2316 (* 18 (* x00 y)) ?x2310 ?x2061 ?x64 ?x66 ?x548 ?x571)))
 (let (($x2074 (= ?x2058 0)))
 (let ((?x500 (+ (* z00 z y) (* (- 1) (* y00 z00 z)) (* (- 1) (* z00 z00 y)) ?x79 ?x509 ?x1812 ?x2157 (* 12 (* y00 y)) ?x375 ?x648 (* (- 6) (* z00 y)) (* (- 18) (* z00 x)) ?x2302 ?x2310 ?x2314 ?x64 ?x66 ?x548 ?x571)))
 (let (($x981 (= ?x500 0)))
 (let ((?x1600 (+ (* z00 z00 z) ?x441 ?x1993 (* (- 12) ?x374) (* (- 6) (* z00 z)) ?x690 ?x527 ?x64 ?x66 ?x548 ?x571)))
 (let (($x1629 (= ?x1600 0)))
 (let (($x2011 (= (+ ?x38 ?x354 ?x383 (* (- 6) z) ?x47 ?x48) 0)))
 (let (($x1161 (and $x387 $x2011 $x1629 $x981 $x2074 $x1465 $x578)))
 (rewrite (= $x1161 $x1767))))))))))))))))))))))))))))))))))))))))))))))))))))))))))))))))))))))))))))))))))))))))))))))))))))))))))))))))))))))))))))))))))))))))))))))))))))))))))))))))))))))))))))))))))))))))))))))))))))))))))))))))))))))))))))))))))))))))))))))))))))
 ))
 (let (($x349 (exists ((n Int) (x Int) (y Int) (z Int) )(! (let ((?x205 (* 108 x00 x00)))
 (let ((?x204 (* 36 z00 x00)))
 (let ((?x203 (* 216 y00 x00)))
 (let ((?x197 (* 24 y00 z00)))
 (let ((?x191 (* 96 y00 y00)))
 (let ((?x176 (* 18 z00 z00 x00)))
 (let ((?x175 (* 36 y00 z00 x00)))
 (let ((?x174 (* 10 y00 z00 z00)))
 (let ((?x168 (* 12 y00 y00 z00)))
 (let ((?x161 (* 16 y00 y00 y00)))
 (let ((?x153 (* 2 z00 z00 z00 x00)))
 (let ((?x152 (* y00 z00 z00 z00)))
 (let ((?x146 (* y00 y00 z00 z00)))
 (let ((?x306 (- (- (* (+ y z) (+ y z) z00 z00) ?x146) (* (+ y z) z00 z00 z00))))
 (let ((?x311 (- (+ (- ?x306 (* 2 (+ x y) z00 z00 z00)) ?x152 ?x153) (* 4 (+ y z) (+ y z) (+ y z)))))
 (let ((?x315 (- (+ (- ?x311 (* 12 (+ y z) (+ y z) y00)) ?x161) (* 6 (+ y z) (+ y z) z00))))
 (let ((?x318 (+ ?x315 (* 18 (+ y z) y00 z00) (* 36 (+ x y) y00 z00))))
 (let ((?x322 (+ (- ?x318 ?x168) (* 10 (+ y z) z00 z00) (* 18 (+ x y) z00 z00))))
 (let ((?x329 (+ (- (- (- ?x322 ?x174) ?x175) ?x176) (* 24 (+ y z) (+ y z)) (* 108 (+ y z) (+ x y)) (* 108 (+ x y) (+ x y)))))
 (let ((?x333 (- (- ?x329 (* 120 (+ y z) y00)) (* 216 (+ x y) y00))))
 (let ((?x338 (- (- (+ ?x333 ?x191) (* 24 (+ y z) z00)) (* 36 (+ x y) z00))))
 (let ((?x343 (- (- (+ ?x338 ?x197) (* 108 (+ y z) x00)) (* 216 (+ x y) x00))))
 (let ((?x70 (* 108 x00)))
 (let ((?x68 (* 72 y00)))
 (let ((?x235 (+ x y)))
 (let ((?x236 (* 108 ?x235)))
 (let ((?x217 (+ y z)))
 (let ((?x234 (* 72 ?x217)))
 (let ((?x139 (* 18 y00 x00)))
 (let ((?x211 (+ z 6)))
 (let ((?x260 (* 18 ?x211 x00)))
 (let ((?x95 (* 6 y00 z00)))
 (let ((?x255 (* 6 ?x217 z00)))
 (let ((?x133 (* 36 y00 y00)))
 (let ((?x228 (* 12 ?x211 y00)))
 (let ((?x250 (* 18 ?x211 ?x235)))
 (let ((?x249 (* 12 ?x217 ?x211)))
 (let ((?x123 (* 3 z00 z00 x00)))
 (let ((?x121 (* 3 y00 z00 z00)))
 (let ((?x113 (* y00 y00 z00)))
 (let ((?x270 (- (+ (* ?x217 ?x217 ?x211) (* ?x217 ?x211 y00)) (* 2 ?x211 y00 y00))))
 (let ((?x278 (- (- (+ ?x270 (* 2 ?x217 ?x217 z00)) (* 3 ?x211 ?x235 z00)) (* ?x217 y00 z00))))
 (let ((?x281 (- (- (- ?x278 ?x113) (* 3 ?x217 z00 z00)) (* 3 ?x235 z00 z00))))
 (let ((?x286 (- (- (+ ?x281 ?x121 (* 3 ?x211 z00 x00) ?x123) ?x249) (* 18 ?x217 ?x235))))
 (let ((?x291 (- (+ (- ?x286 ?x250) (* 36 ?x217 y00) ?x228 (* 18 ?x235 y00)) ?x133)))
 (let ((?x297 (+ (- (+ (- (+ ?x291 ?x255) ?x95) (* 18 ?x217 x00) ?x260) ?x139) ?x234 ?x236)))
 (let ((?x97 (* 18 z00 x00)))
 (let ((?x89 (* 24 y00 y00)))
 (let ((?x79 (* y00 z00 z00)))
 (let ((?x246 (- (- (* ?x217 ?x211 z00) (* ?x211 y00 z00)) (* ?x217 z00 z00))))
 (let ((?x254 (+ (- (- (+ ?x246 ?x79 (* 12 ?x217 ?x217)) ?x249) ?x250) (* 12 ?x217 y00) ?x228)))
 (let ((?x261 (+ (- (- (- ?x254 ?x89) ?x255) (* 18 ?x235 z00)) ?x95 ?x260 ?x97 ?x234 ?x236)))
 (let ((?x62 (* 6 z00 z00)))
 (let ((?x61 (* 18 y00 z00)))
 (let ((?x231 (- (- (* ?x211 z00 z00) (* z00 z00 z00)) (* 6 ?x217 ?x211))))
 (let ((?x238 (- (+ (- (- ?x231 ?x228) (* 6 ?x211 z00)) ?x61 ?x62 ?x234 ?x236) ?x68)))
 (let ((?x48 (* 6 z00)))
 (let ((?x47 (* 12 y00)))
 (let ((?x222 (- (- (- (* ?x211 ?x211) (* z00 z00)) (* 12 ?x217)) (* 6 ?x211))))
 (let (($x347 (or (not (= (+ ?x222 ?x47 ?x48) 0)) (not (= (- ?x238 ?x70) 0)) (not (= (- (- ?x261 ?x68) ?x70) 0)) (not (= (- (- ?x297 ?x68) ?x70) 0)) (not (= (+ ?x343 ?x203 ?x204 ?x205) 0)))))
 (let (($x215 (= (+ (- (- (* 6 (+ n 1)) ?x211) (* 6 n00)) z00) 0)))
 (let ((?x151 (- (- (- (* y y z00 z00) ?x146) (* y z00 z00 z00)) (* 2 x z00 z00 z00))))
 (let ((?x159 (- (- (+ ?x151 ?x152 ?x153) (* 4 y y y)) (* 12 y y y00))))
 (let ((?x167 (+ (- (+ ?x159 ?x161) (* 6 y y z00)) (* 18 y y00 z00) (* 36 x y00 z00))))
 (let ((?x173 (+ (- ?x167 ?x168) (* 10 y z00 z00) (* 18 x z00 z00))))
 (let ((?x183 (+ (- (- (- ?x173 ?x174) ?x175) ?x176) (* 24 y y) (* 108 y x) (* 108 x x))))
 (let ((?x195 (- (+ (- (- ?x183 (* 120 y y00)) (* 216 x y00)) ?x191) (* 24 y z00))))
 (let ((?x202 (- (- (+ (- ?x195 (* 36 x z00)) ?x197) (* 108 y x00)) (* 216 x x00))))
 (let (($x207 (= (+ ?x202 ?x203 ?x204 ?x205) 0)))
 (let ((?x66 (* 108 x)))
 (let ((?x64 (* 72 y)))
 (let ((?x96 (* 18 z x00)))
 (let ((?x90 (* 6 y z00)))
 (let ((?x54 (* 12 z y00)))
 (let ((?x83 (* 18 z x)))
 (let ((?x82 (* 12 y z)))
 (let ((?x112 (* y y00 z00)))
 (let ((?x107 (- (+ (* y y z) (* y z y00)) (* 2 z y00 y00))))
 (let ((?x117 (- (- (+ ?x107 (* 2 y y z00)) (* 3 z x z00)) ?x112)))
 (let ((?x120 (- (- (- ?x117 ?x113) (* 3 y z00 z00)) (* 3 x z00 z00))))
 (let ((?x127 (- (- (+ ?x120 ?x121 (* 3 z z00 x00) ?x123) ?x82) (* 18 y x))))
 (let ((?x134 (- (+ (- ?x127 ?x83) (* 36 y y00) ?x54 (* 18 x y00)) ?x133)))
 (let ((?x141 (+ (- (+ (- (+ ?x134 ?x90) ?x95) (* 18 y x00) ?x96) ?x139) ?x64 ?x66)))
 (let (($x144 (= (- (- ?x141 ?x68) ?x70) 0)))
 (let ((?x76 (* y z00 z00)))
 (let ((?x81 (+ (- (- (* y z z00) (* z y00 z00)) ?x76) ?x79 (* 12 y y))))
 (let ((?x93 (- (- (+ (- (- ?x81 ?x82) ?x83) (* 12 y y00) ?x54) ?x89) ?x90)))
 (let ((?x99 (- (+ (- ?x93 (* 18 x z00)) ?x95 ?x96 ?x97 ?x64 ?x66) ?x68)))
 (let (($x101 (= (- ?x99 ?x70) 0)))
 (let ((?x57 (- (- (* z z00 z00) (* z00 z00 z00)) (* 6 y z))))
 (let ((?x71 (- (+ (- (- ?x57 ?x54) (* 6 z z00)) ?x61 ?x62 ?x64 ?x66) ?x68)))
 (let (($x73 (= (- ?x71 ?x70) 0)))
 (let ((?x42 (* 6 z)))
 (let ((?x41 (* 12 y)))
 (let ((?x39 (* z00 z00)))
 (let ((?x38 (* z z)))
 (let ((?x43 (- ?x38 ?x39)))
 (let ((?x44 (- ?x43 ?x41)))
 (let ((?x45 (- ?x44 ?x42)))
 (let ((?x49 (+ ?x45 ?x47 ?x48)))
 (let (($x50 (= ?x49 0)))
 (let (($x37 (= (+ (- (- (* 6 n) z) (* 6 n00)) z00) 0)))
 (and $x37 $x50 $x73 $x101 $x144 $x207 $x215 $x347))))))))))))))))))))))))))))))))))))))))))))))))))))))))))))))))))))))))))))))))))))))))))))))))))))))) :qid k!46))
 ))
 (let ((?x655 (lambda ((n Int) (x Int) (y Int) (z Int) )(let ((?x1348 (* x00 x00)))
 (let ((?x1349 (* 108 ?x1348)))
 (let ((?x2313 (* x00 z00)))
 (let ((?x1435 (* 36 ?x2313)))
 (let ((?x607 (* x00 y00)))
 (let ((?x1366 (* 216 ?x607)))
 (let ((?x645 (* y00 z00)))
 (let ((?x911 (* 24 ?x645)))
 (let ((?x634 (* y00 y00)))
 (let ((?x1219 (* 96 ?x634)))
 (let ((?x1289 (* x00 z00 z00)))
 (let ((?x1699 (* (- 18) ?x1289)))
 (let ((?x668 (* (- 36) (* x00 y00 z00))))
 (let ((?x79 (* y00 z00 z00)))
 (let ((?x2191 (* (- 10) ?x79)))
 (let ((?x113 (* y00 y00 z00)))
 (let ((?x2012 (* (- 12) ?x113)))
 (let ((?x908 (* y00 y00 y00)))
 (let ((?x909 (* 16 ?x908)))
 (let ((?x1503 (* 2 (* x00 z00 z00 z00))))
 (let ((?x152 (* y00 z00 z00 z00)))
 (let ((?x146 (* y00 y00 z00 z00)))
 (let ((?x2245 (* (- 1) ?x146)))
 (let ((?x2699 (+ (* z00 z00 (+ y z) (+ y z)) ?x2245 (* (- 1) (* z00 z00 z00 (+ y z))) (* (- 2) (* z00 z00 z00 (+ x y))) ?x152 ?x1503 (* (- 4) (* (+ y z) (+ y z) (+ y z))) (* (- 12) (* y00 (+ y z) (+ y z))) ?x909 (* (- 6) (* z00 (+ y z) (+ y z))) (* 18 (* y00 z00 (+ y z))) (* 36 (* y00 z00 (+ x y))) ?x2012 (* 10 (* z00 z00 (+ y z))) (* 18 (* z00 z00 (+ x y))) ?x2191 ?x668 ?x1699 (* 24 (* (+ y z) (+ y z))) (* 108 (* (+ y z) (+ x y))) (* 108 (* (+ x y) (+ x y))) (* (- 120) (* y00 (+ y z))) (* (- 216) (* y00 (+ x y))) ?x1219 (* (- 24) (* z00 (+ y z))) (* (- 36) (* z00 (+ x y))) ?x911 (* (- 108) (* x00 (+ y z))) (* (- 216) (* x00 (+ x y))) ?x1366 ?x1435 ?x1349)))
 (let ((?x571 (* (- 108) x00)))
 (let ((?x548 (* (- 72) y00)))
 (let ((?x66 (* 108 x)))
 (let ((?x1221 (* 72 z)))
 (let ((?x2379 (* 180 y)))
 (let ((?x2061 (* (- 18) ?x607)))
 (let ((?x1184 (* 18 (* x00 (+ 6 z)))))
 (let ((?x2316 (* (- 6) ?x645)))
 (let ((?x923 (* (- 36) ?x634)))
 (let ((?x1244 (+ 6 z)))
 (let ((?x1696 (* y00 ?x1244)))
 (let ((?x1697 (* 12 ?x1696)))
 (let ((?x847 (* (- 18) (* ?x1244 (+ x y)))))
 (let ((?x217 (+ y z)))
 (let ((?x893 (* ?x1244 ?x217)))
 (let ((?x1456 (* (- 12) ?x893)))
 (let ((?x1290 (* 3 ?x1289)))
 (let ((?x1175 (* 3 ?x79)))
 (let ((?x2458 (* (- 1) ?x113)))
 (let ((?x1816 (+ (* ?x1244 ?x217 ?x217) (* y00 ?x1244 ?x217) (* (- 2) (* y00 y00 ?x1244)) (* 2 (* z00 ?x217 ?x217)) (* (- 3) (* z00 ?x1244 (+ x y))) (* (- 1) (* y00 z00 ?x217)) ?x2458 (* (- 3) (* z00 z00 ?x217)) (* (- 3) (* z00 z00 (+ x y))) ?x1175 (* 3 (* x00 z00 ?x1244)) ?x1290 ?x1456 (* (- 18) (* ?x217 (+ x y))) ?x847 (* 36 (* y00 ?x217)) ?x1697 (* 18 (* y00 (+ x y))) ?x923 (* 6 (* z00 ?x217)) ?x2316 (* 18 (* x00 ?x217)) ?x1184 ?x2061 ?x2379 ?x1221 ?x66 ?x548 ?x571)))
 (let ((?x2314 (* 18 ?x2313)))
 (let ((?x2302 (* 6 ?x645)))
 (let ((?x648 (* (- 24) ?x634)))
 (let ((?x2602 (+ (* z00 ?x1244 ?x217) (* (- 1) (* y00 z00 ?x1244)) (* (- 1) (* z00 z00 ?x217)) ?x79 (* 12 (* ?x217 ?x217)) ?x1456 ?x847 (* 12 (* y00 ?x217)) ?x1697 ?x648 (* (- 6) (* z00 ?x217)) (* (- 18) (* z00 (+ x y))) ?x2302 ?x1184 ?x2314 ?x2379 ?x1221 ?x66 ?x548 ?x571)))
 (let ((?x39 (* z00 z00)))
 (let ((?x527 (* 6 ?x39)))
 (let ((?x690 (* 18 ?x645)))
 (let ((?x52 (* z00 z00 z00)))
 (let ((?x441 (* (- 1) ?x52)))
 (let ((?x621 (+ (* z00 z00 ?x1244) ?x441 (* (- 6) ?x893) (* (- 12) ?x1696) (* (- 6) (* z00 ?x1244)) ?x690 ?x527 ?x2379 ?x1221 ?x66 ?x548 ?x571)))
 (let ((?x48 (* 6 z00)))
 (let ((?x47 (* 12 y00)))
 (let ((?x383 (* (- 12) y)))
 (let ((?x354 (* (- 1) ?x39)))
 (let (($x651 (not (= (+ (* ?x1244 ?x1244) ?x354 ?x383 (* (- 18) z) ?x47 ?x48) 36))))
 (let (($x578 (or $x651 (not (= ?x621 0)) (not (= ?x2602 0)) (not (= ?x1816 0)) (not (= ?x2699 0)))))
 (let ((?x1156 (* 108 (* x x))))
 (let ((?x508 (* y y)))
 (let ((?x1149 (* 24 ?x508)))
 (let ((?x832 (* (- 4) (* y y y))))
 (let ((?x1457 (+ (* z00 z00 y y) ?x2245 (* (- 1) (* z00 z00 z00 y)) (* (- 2) (* z00 z00 z00 x)) ?x152 ?x1503 ?x832 (* (- 12) (* y00 y y)) ?x909 (* (- 6) (* z00 y y)) (* 18 (* y00 z00 y)) (* 36 (* y00 z00 x)) ?x2012 (* 10 (* z00 z00 y)) (* 18 (* z00 z00 x)) ?x2191 ?x668 ?x1699 ?x1149 (* 108 (* y x)) ?x1156 (* (- 120) (* y00 y)) (* (- 216) (* y00 x)) ?x1219 (* (- 24) (* z00 y)) (* (- 36) (* z00 x)) ?x911 (* (- 108) (* x00 y)) (* (- 216) (* x00 x)) ?x1366 ?x1435 ?x1349)))
 (let (($x1465 (= ?x1457 0)))
 (let ((?x64 (* 72 y)))
 (let ((?x2310 (* 18 (* x00 z))))
 (let ((?x374 (* y00 z)))
 (let ((?x375 (* 12 ?x374)))
 (let ((?x1563 (* z x)))
 (let ((?x2157 (* (- 18) ?x1563)))
 (let ((?x1480 (* z y)))
 (let ((?x1812 (* (- 12) ?x1480)))
 (let ((?x2058 (+ (* z y y) (* y00 z y) (* (- 2) (* y00 y00 z)) (* 2 (* z00 y y)) (* (- 3) (* z00 z x)) (* (- 1) (* y00 z00 y)) ?x2458 (* (- 3) (* z00 z00 y)) (* (- 3) (* z00 z00 x)) ?x1175 (* 3 (* x00 z00 z)) ?x1290 ?x1812 (* (- 18) (* y x)) ?x2157 (* 36 (* y00 y)) ?x375 (* 18 (* y00 x)) ?x923 (* 6 (* z00 y)) ?x2316 (* 18 (* x00 y)) ?x2310 ?x2061 ?x64 ?x66 ?x548 ?x571)))
 (let (($x2074 (= ?x2058 0)))
 (let ((?x509 (* 12 ?x508)))
 (let ((?x500 (+ (* z00 z y) (* (- 1) (* y00 z00 z)) (* (- 1) (* z00 z00 y)) ?x79 ?x509 ?x1812 ?x2157 (* 12 (* y00 y)) ?x375 ?x648 (* (- 6) (* z00 y)) (* (- 18) (* z00 x)) ?x2302 ?x2310 ?x2314 ?x64 ?x66 ?x548 ?x571)))
 (let (($x981 (= ?x500 0)))
 (let ((?x1993 (* (- 6) ?x1480)))
 (let ((?x1600 (+ (* z00 z00 z) ?x441 ?x1993 (* (- 12) ?x374) (* (- 6) (* z00 z)) ?x690 ?x527 ?x64 ?x66 ?x548 ?x571)))
 (let (($x1629 (= ?x1600 0)))
 (let (($x2011 (= (+ (* z z) ?x354 ?x383 (* (- 6) z) ?x47 ?x48) 0)))
 (let (($x387 (= (+ (* 6 n) (* (- 1) z) (* (- 6) n00) z00) 0)))
 (let (($x1161 (and $x387 $x2011 $x1629 $x981 $x2074 $x1465 $x578)))
 (let ((?x205 (* 108 x00 x00)))
 (let ((?x204 (* 36 z00 x00)))
 (let ((?x203 (* 216 y00 x00)))
 (let ((?x197 (* 24 y00 z00)))
 (let ((?x191 (* 96 y00 y00)))
 (let ((?x176 (* 18 z00 z00 x00)))
 (let ((?x175 (* 36 y00 z00 x00)))
 (let ((?x174 (* 10 y00 z00 z00)))
 (let ((?x168 (* 12 y00 y00 z00)))
 (let ((?x161 (* 16 y00 y00 y00)))
 (let ((?x153 (* 2 z00 z00 z00 x00)))
 (let ((?x307 (- (- (- (* ?x217 ?x217 z00 z00) ?x146) (* ?x217 z00 z00 z00)) (* 2 (+ x y) z00 z00 z00))))
 (let ((?x312 (- (- (+ ?x307 ?x152 ?x153) (* 4 ?x217 ?x217 ?x217)) (* 12 ?x217 ?x217 y00))))
 (let ((?x318 (+ (- (+ ?x312 ?x161) (* 6 ?x217 ?x217 z00)) (* 18 ?x217 y00 z00) (* 36 (+ x y) y00 z00))))
 (let ((?x322 (+ (- ?x318 ?x168) (* 10 ?x217 z00 z00) (* 18 (+ x y) z00 z00))))
 (let ((?x329 (+ (- (- (- ?x322 ?x174) ?x175) ?x176) (* 24 ?x217 ?x217) (* 108 ?x217 (+ x y)) (* 108 (+ x y) (+ x y)))))
 (let ((?x334 (+ (- (- ?x329 (* 120 ?x217 y00)) (* 216 (+ x y) y00)) ?x191)))
 (let ((?x339 (+ (- (- ?x334 (* 24 ?x217 z00)) (* 36 (+ x y) z00)) ?x197)))
 (let ((?x344 (+ (- (- ?x339 (* 108 ?x217 x00)) (* 216 (+ x y) x00)) ?x203 ?x204 ?x205)))
 (let ((?x70 (* 108 x00)))
 (let ((?x68 (* 72 y00)))
 (let ((?x235 (+ x y)))
 (let ((?x236 (* 108 ?x235)))
 (let ((?x234 (* 72 ?x217)))
 (let ((?x139 (* 18 y00 x00)))
 (let ((?x211 (+ z 6)))
 (let ((?x260 (* 18 ?x211 x00)))
 (let ((?x95 (* 6 y00 z00)))
 (let ((?x255 (* 6 ?x217 z00)))
 (let ((?x133 (* 36 y00 y00)))
 (let ((?x228 (* 12 ?x211 y00)))
 (let ((?x250 (* 18 ?x211 ?x235)))
 (let ((?x249 (* 12 ?x217 ?x211)))
 (let ((?x123 (* 3 z00 z00 x00)))
 (let ((?x121 (* 3 y00 z00 z00)))
 (let ((?x270 (- (+ (* ?x217 ?x217 ?x211) (* ?x217 ?x211 y00)) (* 2 ?x211 y00 y00))))
 (let ((?x278 (- (- (+ ?x270 (* 2 ?x217 ?x217 z00)) (* 3 ?x211 ?x235 z00)) (* ?x217 y00 z00))))
 (let ((?x281 (- (- (- ?x278 ?x113) (* 3 ?x217 z00 z00)) (* 3 ?x235 z00 z00))))
 (let ((?x286 (- (- (+ ?x281 ?x121 (* 3 ?x211 z00 x00) ?x123) ?x249) (* 18 ?x217 ?x235))))
 (let ((?x291 (- (+ (- ?x286 ?x250) (* 36 ?x217 y00) ?x228 (* 18 ?x235 y00)) ?x133)))
 (let ((?x297 (+ (- (+ (- (+ ?x291 ?x255) ?x95) (* 18 ?x217 x00) ?x260) ?x139) ?x234 ?x236)))
 (let ((?x97 (* 18 z00 x00)))
 (let ((?x89 (* 24 y00 y00)))
 (let ((?x246 (- (- (* ?x217 ?x211 z00) (* ?x211 y00 z00)) (* ?x217 z00 z00))))
 (let ((?x254 (+ (- (- (+ ?x246 ?x79 (* 12 ?x217 ?x217)) ?x249) ?x250) (* 12 ?x217 y00) ?x228)))
 (let ((?x261 (+ (- (- (- ?x254 ?x89) ?x255) (* 18 ?x235 z00)) ?x95 ?x260 ?x97 ?x234 ?x236)))
 (let ((?x62 (* 6 z00 z00)))
 (let ((?x61 (* 18 y00 z00)))
 (let ((?x233 (- (- (- (- (* ?x211 z00 z00) ?x52) (* 6 ?x217 ?x211)) ?x228) (* 6 ?x211 z00))))
 (let ((?x223 (+ (- (- (- (* ?x211 ?x211) ?x39) (* 12 ?x217)) (* 6 ?x211)) ?x47 ?x48)))
 (let (($x347 (or (not (= ?x223 0)) (not (= (- (- (+ ?x233 ?x61 ?x62 ?x234 ?x236) ?x68) ?x70) 0)) (not (= (- (- ?x261 ?x68) ?x70) 0)) (not (= (- (- ?x297 ?x68) ?x70) 0)) (not (= ?x344 0)))))
 (let (($x215 (= (+ (- (- (* 6 (+ n 1)) ?x211) (* 6 n00)) z00) 0)))
 (let ((?x151 (- (- (- (* y y z00 z00) ?x146) (* y z00 z00 z00)) (* 2 x z00 z00 z00))))
 (let ((?x159 (- (- (+ ?x151 ?x152 ?x153) (* 4 y y y)) (* 12 y y y00))))
 (let ((?x167 (+ (- (+ ?x159 ?x161) (* 6 y y z00)) (* 18 y y00 z00) (* 36 x y00 z00))))
 (let ((?x173 (+ (- ?x167 ?x168) (* 10 y z00 z00) (* 18 x z00 z00))))
 (let ((?x183 (+ (- (- (- ?x173 ?x174) ?x175) ?x176) (* 24 y y) (* 108 y x) (* 108 x x))))
 (let ((?x195 (- (+ (- (- ?x183 (* 120 y y00)) (* 216 x y00)) ?x191) (* 24 y z00))))
 (let ((?x202 (- (- (+ (- ?x195 (* 36 x z00)) ?x197) (* 108 y x00)) (* 216 x x00))))
 (let (($x207 (= (+ ?x202 ?x203 ?x204 ?x205) 0)))
 (let ((?x96 (* 18 z x00)))
 (let ((?x90 (* 6 y z00)))
 (let ((?x54 (* 12 z y00)))
 (let ((?x83 (* 18 z x)))
 (let ((?x82 (* 12 y z)))
 (let ((?x112 (* y y00 z00)))
 (let ((?x107 (- (+ (* y y z) (* y z y00)) (* 2 z y00 y00))))
 (let ((?x117 (- (- (+ ?x107 (* 2 y y z00)) (* 3 z x z00)) ?x112)))
 (let ((?x120 (- (- (- ?x117 ?x113) (* 3 y z00 z00)) (* 3 x z00 z00))))
 (let ((?x127 (- (- (+ ?x120 ?x121 (* 3 z z00 x00) ?x123) ?x82) (* 18 y x))))
 (let ((?x134 (- (+ (- ?x127 ?x83) (* 36 y y00) ?x54 (* 18 x y00)) ?x133)))
 (let ((?x141 (+ (- (+ (- (+ ?x134 ?x90) ?x95) (* 18 y x00) ?x96) ?x139) ?x64 ?x66)))
 (let (($x144 (= (- (- ?x141 ?x68) ?x70) 0)))
 (let ((?x76 (* y z00 z00)))
 (let ((?x81 (+ (- (- (* y z z00) (* z y00 z00)) ?x76) ?x79 (* 12 y y))))
 (let ((?x93 (- (- (+ (- (- ?x81 ?x82) ?x83) (* 12 y y00) ?x54) ?x89) ?x90)))
 (let ((?x99 (- (+ (- ?x93 (* 18 x z00)) ?x95 ?x96 ?x97 ?x64 ?x66) ?x68)))
 (let (($x101 (= (- ?x99 ?x70) 0)))
 (let ((?x59 (- (- (- (- (* z z00 z00) ?x52) (* 6 y z)) ?x54) (* 6 z z00))))
 (let (($x73 (= (- (- (+ ?x59 ?x61 ?x62 ?x64 ?x66) ?x68) ?x70) 0)))
 (let ((?x42 (* 6 z)))
 (let ((?x41 (* 12 y)))
 (let ((?x38 (* z z)))
 (let ((?x43 (- ?x38 ?x39)))
 (let ((?x44 (- ?x43 ?x41)))
 (let ((?x45 (- ?x44 ?x42)))
 (let ((?x49 (+ ?x45 ?x47 ?x48)))
 (let (($x50 (= ?x49 0)))
 (let (($x37 (= (+ (- (- (* 6 n) z) (* 6 n00)) z00) 0)))
 (let (($x348 (and $x37 $x50 $x73 $x101 $x144 $x207 $x215 $x347)))
 (let ((@x941 (rewrite (= $x215 $x387))))
 (let ((@x390 (rewrite (= $x37 $x387))))
 (let ((@x2040 (monotonicity @x390 (rewrite (= $x50 $x2011)) (rewrite (= $x73 $x1629)) (rewrite (= $x101 $x981)) (rewrite (= $x144 $x2074)) (rewrite (= $x207 $x1465)) @x941 (rewrite (= $x347 $x578)) (= $x348 (and $x387 $x2011 $x1629 $x981 $x2074 $x1465 $x387 $x578)))))
 (trans @x2040 (rewrite (= (and $x387 $x2011 $x1629 $x981 $x2074 $x1465 $x387 $x578) $x1161)) (= $x348 $x1161)))))))))))))))))))))))))))))))))))))))))))))))))))))))))))))))))))))))))))))))))))))))))))))))))))))))))))))))))))))))))))))))))))))))))))))))))))))))))))))))))))))))))))))))))))))
 ))
 (let ((@x350 (asserted $x349)))
 (let ((@x921 (mp (mp @x350 (quant-intro (proof-bind ?x655) (= $x349 $x652)) $x652) (rewrite (= $x652 $x652)) $x652)))
 (let ((@x1919 (mp (mp @x921 (quant-intro (proof-bind ?x1671) (= $x652 $x1644)) $x1644) (quant-intro (proof-bind ?x1842) (= $x1644 $x1211)) $x1211)))
 (let ((@x1548 (mp (mp~ @x1919 (sk (~ $x1211 $x962)) $x962) (rewrite (= $x962 $x649)) $x649)))
 (let ((@x1505 (and-elim @x1548 $x360)))
 (let ((@x1831 (unit-resolution ((_ th-lemma arith triangle-eq) (or (not $x360) $x1568)) @x1505 $x1568)))
 (let (($x1455 (>= ?x1426 0)))
 (let ((@x676 (unit-resolution ((_ th-lemma arith triangle-eq) (or (not $x360) $x1455)) @x1505 $x1455)))
 (let (($x2411 (<= ?x1317 0)))
 (let ((@x1159 (and-elim @x1548 $x1064)))
 (let ((@x1707 (unit-resolution ((_ th-lemma arith triangle-eq) (or (not $x1064) $x2411)) @x1159 $x2411)))
 (let (($x1897 (>= ?x1317 0)))
 (let ((@x1214 (unit-resolution ((_ th-lemma arith triangle-eq) (or (not $x1064) $x1897)) @x1159 $x1897)))
 (let (($x1981 (<= ?x657 0)))
 (let ((@x496 (and-elim @x1548 $x658)))
 (let ((@x1052 (unit-resolution ((_ th-lemma arith triangle-eq) (or (not $x658) $x1981)) @x496 $x1981)))
 (let (($x1985 (>= ?x657 0)))
 (let ((@x1957 (unit-resolution ((_ th-lemma arith triangle-eq) (or (not $x658) $x1985)) @x496 $x1985)))
 (let (($x1595 (<= ?x1212 0)))
 (let ((@x1912 (and-elim @x1548 $x781)))
 (let ((@x588 (unit-resolution ((_ th-lemma arith triangle-eq) (or $x1915 $x1595)) @x1912 $x1595)))
 (let (($x1458 (>= ?x1212 0)))
 (let ((@x1240 (unit-resolution ((_ th-lemma arith triangle-eq) (or $x1915 $x1458)) @x1912 $x1458)))
 (let (($x1951 (not (<= ?x982 0))))
 (let (($x2346 (<= ?x1371 0)))
 (let (($x2303 (<= ?x1269 0)))
 (let ((@x1572 ((_ th-lemma arith) (hypothesis (not $x2303)) @x1240 @x588 @x1214 @x1707 @x1957 @x1052 @x676 @x1831 @x676 @x1831 @x1957 @x1052 @x1957 @x1052 @x676 @x1831 @x1957 @x1052 @x1214 @x1707 @x676 @x1831 false)))
 (let ((@x1522 (lemma @x1572 $x2303)))
 (let (($x367 (>= ?x1269 0)))
 (let ((@x2354 ((_ th-lemma arith) (hypothesis (not $x367)) @x1240 @x588 @x1214 @x1707 @x1957 @x1052 @x676 @x1831 @x676 @x1831 @x1957 @x1052 @x1957 @x1052 @x676 @x1831 @x1957 @x1052 @x1214 @x1707 @x676 @x1831 false)))
 (let ((@x498 (lemma @x2354 $x367)))
 (let (($x1665 (<= ?x2104 0)))
 (let ((@x499 (and-elim @x1548 $x2845)))
 (let ((@x1430 (unit-resolution ((_ th-lemma arith triangle-eq) (or (not $x2845) $x1665)) @x499 $x1665)))
 (let (($x2215 (>= ?x2104 0)))
 (let ((@x2711 (unit-resolution ((_ th-lemma arith triangle-eq) (or (not $x2845) $x2215)) @x499 $x2215)))
 (let ((@x1247 ((_ th-lemma arith) (hypothesis (not $x2346)) @x1240 @x588 @x1214 @x1707 @x1957 @x1052 @x676 @x1831 @x676 @x1831 @x1957 @x1052 @x1957 @x1052 @x676 @x1831 @x1214 @x1707 @x676 @x1831 @x1957 @x1052 @x2711 @x1430 @x498 @x1522 false)))
 (let (($x1509 (>= ?x1371 0)))
 (let ((@x800 ((_ th-lemma arith) (hypothesis (not $x1509)) @x2711 @x1430 @x1240 @x588 @x1214 @x1707 @x676 @x1831 @x1957 @x1052 @x1957 @x1052 @x1214 @x1707 @x676 @x1831 false)))
 (let ((@x839 (unit-resolution ((_ th-lemma arith triangle-eq) (or $x1372 (not $x2346) (not $x1509))) (lemma @x800 $x1509) (or $x1372 (not $x2346)))))
 (let ((@x2767 (unit-resolution ((_ th-lemma arith triangle-eq) (or $x1163 (not $x2303) (not $x367))) @x498 @x1522 $x1163)))
 (let ((@x1592 (unit-resolution (hypothesis $x2398) ((_ th-lemma arith eq-propagate -6 -6 1 1) @x1240 @x588 @x1214 @x1707 $x1423) false)))
 (let ((@x1518 (unit-resolution (unit-resolution (and-elim @x1548 $x1323) @x1912 (or $x2398 $x2632 $x1196 $x964)) (lemma @x1592 $x1423) @x2767 (or $x2632 $x964))))
 (let ((@x855 (unit-resolution @x1518 (unit-resolution @x839 (lemma @x1247 $x2346) $x1372) $x2632)))
 (let (($x2252 (>= ?x982 0)))
 (let ((@x2183 ((_ th-lemma arith) (hypothesis (not $x2252)) @x1240 @x588 @x1214 @x1707 @x676 @x1831 @x1957 @x1052 @x1957 @x1052 @x676 @x1831 @x1957 @x1052 @x1214 @x1707 @x676 @x1831 false)))
 (let ((@x2474 (unit-resolution ((_ th-lemma arith triangle-eq) (or $x693 $x1951 (not $x2252))) (lemma @x2183 $x2252) @x855 $x1951)))
 ((_ th-lemma arith) @x2474 @x1240 @x588 @x1214 @x1707 @x676 @x1831 @x1957 @x1052 @x1957 @x1052 @x676 @x1831 @x1957 @x1052 @x1214 @x1707 @x676 @x1831 false))))))))))))))))))))))))))))))))))))))))))))))))))))))))))))))))))))))))))))))))))))))))))))))))))))))))))))))))))))))))))))))))))))))))))))))))))))))))))))))))))))))))))))))))))))))))))))))))))))))))))))))))))))))))))))))))))))))))))))))))))))))))))))))

