% Warning: check-sat is not the last entry. Skipping the rest!
% lrs+10_1_iik=one:ind=int:sos=theory:sstl=1_87 on nia_freire2_simple_v3_4
% Refutation not found, non-redundant clauses discarded% ------------------------------
% Version: Vampire 4.5.1 (commit 7537e19c0 on 2021-06-08 12:31:04 +0200)
% Linked with Z3 4.8.10.0 517d907567f4283ad8b48ff9c2a3f6dce838569e z3-4.8.4-4541-g517d90756
% Termination reason: Refutation not found, non-redundant clauses discarded

% Memory used [KB]: 159016
% Time elapsed: 11.414 s
% ------------------------------
% ------------------------------
% dis+1002_1_aac=none:anc=all:ind=int:sos=theory:sac=on:sstl=1:to=lpo_30 on nia_freire2_simple_v3_4
% Time limit reached!
% ------------------------------
% Version: Vampire 4.5.1 (commit 7537e19c0 on 2021-06-08 12:31:04 +0200)
% Linked with Z3 4.8.10.0 517d907567f4283ad8b48ff9c2a3f6dce838569e z3-4.8.4-4541-g517d90756
% Termination reason: Time limit
% Termination phase: Saturation

% Memory used [KB]: 55521
% Time elapsed: 4.100 s
% ------------------------------
% ------------------------------
% lrs+10_1_iik=one:ind=int:sos=theory:sstl=1:to=lpo_87 on nia_freire2_simple_v3_4
% Time limit reached!
% ------------------------------
% Version: Vampire 4.5.1 (commit 7537e19c0 on 2021-06-08 12:31:04 +0200)
% Linked with Z3 4.8.10.0 517d907567f4283ad8b48ff9c2a3f6dce838569e z3-4.8.4-4541-g517d90756
% Termination reason: Time limit
% Termination phase: Saturation

% Memory used [KB]: 77909
% Time elapsed: 11.500 s
% ------------------------------
% ------------------------------
% lrs+10_1_drc=off:iik=all:ind=int:to=lpo_87 on nia_freire2_simple_v3_4
% Refutation not found, non-redundant clauses discarded% ------------------------------
% Version: Vampire 4.5.1 (commit 7537e19c0 on 2021-06-08 12:31:04 +0200)
% Linked with Z3 4.8.10.0 517d907567f4283ad8b48ff9c2a3f6dce838569e z3-4.8.4-4541-g517d90756
% Termination reason: Refutation not found, non-redundant clauses discarded

% Memory used [KB]: 47461
% Time elapsed: 11.180 s
% ------------------------------
% ------------------------------
% lrs+10_1_iik=all:ind=int:to=lpo_87 on nia_freire2_simple_v3_4
% Time limit reached!
% ------------------------------
% Version: Vampire 4.5.1 (commit 7537e19c0 on 2021-06-08 12:31:04 +0200)
% Linked with Z3 4.8.10.0 517d907567f4283ad8b48ff9c2a3f6dce838569e z3-4.8.4-4541-g517d90756
% Termination reason: Time limit
% Termination phase: Saturation

% Memory used [KB]: 70361
% Time elapsed: 11.500 s
% ------------------------------
% ------------------------------
% lrs+10_1_drc=off:iik=all:ind=int:sos=theory:sstl=1:to=lpo_87 on nia_freire2_simple_v3_4
% Refutation not found, non-redundant clauses discarded% ------------------------------
% Version: Vampire 4.5.1 (commit 7537e19c0 on 2021-06-08 12:31:04 +0200)
% Linked with Z3 4.8.10.0 517d907567f4283ad8b48ff9c2a3f6dce838569e z3-4.8.4-4541-g517d90756
% Termination reason: Refutation not found, non-redundant clauses discarded

% Memory used [KB]: 71384
% Time elapsed: 11.279 s
% ------------------------------
% ------------------------------
% lrs+10_1_iik=two:ind=int:sos=theory:sstl=1:to=lpo_87 on nia_freire2_simple_v3_4
% Refutation not found, non-redundant clauses discarded% ------------------------------
% Version: Vampire 4.5.1 (commit 7537e19c0 on 2021-06-08 12:31:04 +0200)
% Linked with Z3 4.8.10.0 517d907567f4283ad8b48ff9c2a3f6dce838569e z3-4.8.4-4541-g517d90756
% Termination reason: Refutation not found, non-redundant clauses discarded

% Memory used [KB]: 70361
% Time elapsed: 11.344 s
% ------------------------------
% ------------------------------
% lrs+10_1_iik=one:ind=int:to=lpo_87 on nia_freire2_simple_v3_4
% Time limit reached!
% ------------------------------
% Version: Vampire 4.5.1 (commit 7537e19c0 on 2021-06-08 12:31:04 +0200)
% Linked with Z3 4.8.10.0 517d907567f4283ad8b48ff9c2a3f6dce838569e z3-4.8.4-4541-g517d90756
% Termination reason: Time limit
% Termination phase: Saturation

% Memory used [KB]: 70489
% Time elapsed: 11.500 s
% ------------------------------
% ------------------------------
% lrs+10_1_drc=off:iik=one:ind=int:sos=theory:sstl=1:to=lpo_87 on nia_freire2_simple_v3_4
% Time limit reached!
% ------------------------------
% Version: Vampire 4.5.1 (commit 7537e19c0 on 2021-06-08 12:31:04 +0200)
% Linked with Z3 4.8.10.0 517d907567f4283ad8b48ff9c2a3f6dce838569e z3-4.8.4-4541-g517d90756
% Termination reason: Time limit
% Termination phase: Saturation

% Memory used [KB]: 80979
% Time elapsed: 11.500 s
% ------------------------------
% ------------------------------
% lrs+10_1_av=off:br=off:ind=int:urr=on_87 on nia_freire2_simple_v3_4
% Time limit reached!
% ------------------------------
% Version: Vampire 4.5.1 (commit 7537e19c0 on 2021-06-08 12:31:04 +0200)
% Linked with Z3 4.8.10.0 517d907567f4283ad8b48ff9c2a3f6dce838569e z3-4.8.4-4541-g517d90756
% Termination reason: Time limit
% Termination phase: Saturation

% Memory used [KB]: 282340
% Time elapsed: 11.500 s
% ------------------------------
% ------------------------------
% lrs+10_1_drc=off:iik=one:ind=int:to=lpo_87 on nia_freire2_simple_v3_4
% Refutation not found, non-redundant clauses discarded% ------------------------------
% Version: Vampire 4.5.1 (commit 7537e19c0 on 2021-06-08 12:31:04 +0200)
% Linked with Z3 4.8.10.0 517d907567f4283ad8b48ff9c2a3f6dce838569e z3-4.8.4-4541-g517d90756
% Termination reason: Refutation not found, non-redundant clauses discarded

% Memory used [KB]: 45031
% Time elapsed: 11.496 s
% ------------------------------
% ------------------------------
% lrs+10_1_drc=off:iik=all:ind=int_87 on nia_freire2_simple_v3_4
% Time limit reached!
% ------------------------------
% Version: Vampire 4.5.1 (commit 7537e19c0 on 2021-06-08 12:31:04 +0200)
% Linked with Z3 4.8.10.0 517d907567f4283ad8b48ff9c2a3f6dce838569e z3-4.8.4-4541-g517d90756
% Termination reason: Time limit
% Termination phase: Saturation

% Memory used [KB]: 178206
% Time elapsed: 11.500 s
% ------------------------------
% ------------------------------
% lrs+10_1_drc=off:iik=one:ind=int:sos=theory:sstl=1_87 on nia_freire2_simple_v3_4
% Time limit reached!
% ------------------------------
% Version: Vampire 4.5.1 (commit 7537e19c0 on 2021-06-08 12:31:04 +0200)
% Linked with Z3 4.8.10.0 517d907567f4283ad8b48ff9c2a3f6dce838569e z3-4.8.4-4541-g517d90756
% Termination reason: Time limit
% Termination phase: Saturation

% Memory used [KB]: 277991
% Time elapsed: 11.500 s
% ------------------------------
% ------------------------------
% lrs+10_1_iik=one:ind=int_87 on nia_freire2_simple_v3_4
% Time limit reached!
% ------------------------------
% Version: Vampire 4.5.1 (commit 7537e19c0 on 2021-06-08 12:31:04 +0200)
% Linked with Z3 4.8.10.0 517d907567f4283ad8b48ff9c2a3f6dce838569e z3-4.8.4-4541-g517d90756
% Termination reason: Time limit
% Termination phase: Saturation

% Memory used [KB]: 302937
% Time elapsed: 11.500 s
% ------------------------------
% ------------------------------
% lrs+10_1_iik=two:ind=int:to=lpo_87 on nia_freire2_simple_v3_4
% Refutation not found, non-redundant clauses discarded% ------------------------------
% Version: Vampire 4.5.1 (commit 7537e19c0 on 2021-06-08 12:31:04 +0200)
% Linked with Z3 4.8.10.0 517d907567f4283ad8b48ff9c2a3f6dce838569e z3-4.8.4-4541-g517d90756
% Termination reason: Refutation not found, non-redundant clauses discarded

% Memory used [KB]: 71896
% Time elapsed: 10.985 s
% ------------------------------
% ------------------------------
% lrs+10_1_drc=off:iik=two:ind=int:sos=theory:sstl=1:to=lpo_87 on nia_freire2_simple_v3_4
% Refutation not found, non-redundant clauses discarded% ------------------------------
% Version: Vampire 4.5.1 (commit 7537e19c0 on 2021-06-08 12:31:04 +0200)
% Linked with Z3 4.8.10.0 517d907567f4283ad8b48ff9c2a3f6dce838569e z3-4.8.4-4541-g517d90756
% Termination reason: Refutation not found, non-redundant clauses discarded

% Memory used [KB]: 77141
% Time elapsed: 11.198 s
% ------------------------------
% ------------------------------
% lrs+10_1_avsq=on:drc=off:iik=all:ind=int:to=lpo_30 on nia_freire2_simple_v3_4
% Time limit reached!
% ------------------------------
% Version: Vampire 4.5.1 (commit 7537e19c0 on 2021-06-08 12:31:04 +0200)
% Linked with Z3 4.8.10.0 517d907567f4283ad8b48ff9c2a3f6dce838569e z3-4.8.4-4541-g517d90756
% Termination reason: Time limit
% Termination phase: Saturation

% Memory used [KB]: 44775
% Time elapsed: 4.100 s
% ------------------------------
% ------------------------------
% lrs+10_1_drc=off:iik=all:ind=int:thsq=on:thsqd=16:to=lpo_30 on nia_freire2_simple_v3_4
% Refutation not found, non-redundant clauses discarded% ------------------------------
% Version: Vampire 4.5.1 (commit 7537e19c0 on 2021-06-08 12:31:04 +0200)
% Linked with Z3 4.8.10.0 517d907567f4283ad8b48ff9c2a3f6dce838569e z3-4.8.4-4541-g517d90756
% Termination reason: Refutation not found, non-redundant clauses discarded

% Memory used [KB]: 25585
% Time elapsed: 3.925 s
% ------------------------------
% ------------------------------
% lrs+4_5_drc=off:iik=one:ind=int:plsq=on:to=lpo_100 on nia_freire2_simple_v3_4
% Time limit reached!
% ------------------------------
% Version: Vampire 4.5.1 (commit 7537e19c0 on 2021-06-08 12:31:04 +0200)
% Linked with Z3 4.8.10.0 517d907567f4283ad8b48ff9c2a3f6dce838569e z3-4.8.4-4541-g517d90756
% Termination reason: Time limit
% Termination phase: Saturation

% Memory used [KB]: 287074
% Time elapsed: 13.200 s
% ------------------------------
% ------------------------------
% lrs+10_1_drc=off:iik=one:ind=int_81 on nia_freire2_simple_v3_4
% Refutation not found, non-redundant clauses discarded% ------------------------------
% Version: Vampire 4.5.1 (commit 7537e19c0 on 2021-06-08 12:31:04 +0200)
% Linked with Z3 4.8.10.0 517d907567f4283ad8b48ff9c2a3f6dce838569e z3-4.8.4-4541-g517d90756
% Termination reason: Refutation not found, non-redundant clauses discarded

% Memory used [KB]: 164389
% Time elapsed: 10.604 s
% ------------------------------
% ------------------------------
% lrs+10_1_iik=all:ind=int:sos=theory:sstl=1:to=lpo_81 on nia_freire2_simple_v3_4
% Refutation not found, non-redundant clauses discarded% ------------------------------
% Version: Vampire 4.5.1 (commit 7537e19c0 on 2021-06-08 12:31:04 +0200)
% Linked with Z3 4.8.10.0 517d907567f4283ad8b48ff9c2a3f6dce838569e z3-4.8.4-4541-g517d90756
% Termination reason: Refutation not found, non-redundant clauses discarded

% Memory used [KB]: 70105
% Time elapsed: 10.472 s
% ------------------------------
% ------------------------------
% lrs+10_1_drc=off:iik=all:ind=int:sos=theory:sstl=1_81 on nia_freire2_simple_v3_4
% Time limit reached!
% ------------------------------
% Version: Vampire 4.5.1 (commit 7537e19c0 on 2021-06-08 12:31:04 +0200)
% Linked with Z3 4.8.10.0 517d907567f4283ad8b48ff9c2a3f6dce838569e z3-4.8.4-4541-g517d90756
% Termination reason: Time limit
% Termination phase: Saturation

% Memory used [KB]: 221574
% Time elapsed: 10.700 s
% ------------------------------
% ------------------------------
% lrs+10_1_iik=all:ind=int:sos=theory:sstl=1_81 on nia_freire2_simple_v3_4
% Time limit reached!
% ------------------------------
% Version: Vampire 4.5.1 (commit 7537e19c0 on 2021-06-08 12:31:04 +0200)
% Linked with Z3 4.8.10.0 517d907567f4283ad8b48ff9c2a3f6dce838569e z3-4.8.4-4541-g517d90756
% Termination reason: Time limit
% Termination phase: Saturation

% Memory used [KB]: 120253
% Time elapsed: 10.700 s
% ------------------------------
% ------------------------------
% lrs+10_1_iik=all:ind=int_81 on nia_freire2_simple_v3_4
% Time limit reached!
% ------------------------------
% Version: Vampire 4.5.1 (commit 7537e19c0 on 2021-06-08 12:31:04 +0200)
% Linked with Z3 4.8.10.0 517d907567f4283ad8b48ff9c2a3f6dce838569e z3-4.8.4-4541-g517d90756
% Termination reason: Time limit
% Termination phase: Saturation

% Memory used [KB]: 189080
% Time elapsed: 10.700 s
% ------------------------------
% ------------------------------
% lrs+10_1_drc=off:iik=two:ind=int:to=lpo_81 on nia_freire2_simple_v3_4
% Time limit reached!
% ------------------------------
% Version: Vampire 4.5.1 (commit 7537e19c0 on 2021-06-08 12:31:04 +0200)
% Linked with Z3 4.8.10.0 517d907567f4283ad8b48ff9c2a3f6dce838569e z3-4.8.4-4541-g517d90756
% Termination reason: Time limit
% Termination phase: Saturation

% Memory used [KB]: 46310
% Time elapsed: 10.700 s
% ------------------------------
% ------------------------------
% lrs+10_1_drc=off:iik=two:ind=int:sos=theory:sstl=1_81 on nia_freire2_simple_v3_4
% Time limit reached!
% ------------------------------
% Version: Vampire 4.5.1 (commit 7537e19c0 on 2021-06-08 12:31:04 +0200)
% Linked with Z3 4.8.10.0 517d907567f4283ad8b48ff9c2a3f6dce838569e z3-4.8.4-4541-g517d90756
% Termination reason: Time limit
% Termination phase: Saturation

% Memory used [KB]: 212875
% Time elapsed: 10.700 s
% ------------------------------
% ------------------------------
% lrs+10_1_drc=off:iik=two:ind=int_81 on nia_freire2_simple_v3_4
% Time limit reached!
% ------------------------------
% Version: Vampire 4.5.1 (commit 7537e19c0 on 2021-06-08 12:31:04 +0200)
% Linked with Z3 4.8.10.0 517d907567f4283ad8b48ff9c2a3f6dce838569e z3-4.8.4-4541-g517d90756
% Termination reason: Time limit
% Termination phase: Saturation

% Memory used [KB]: 175903
% Time elapsed: 10.700 s
% ------------------------------
% ------------------------------
% lrs+10_1_iik=two:ind=int:sos=theory:sstl=1_81 on nia_freire2_simple_v3_4
% Refutation not found, non-redundant clauses discarded% ------------------------------
% Version: Vampire 4.5.1 (commit 7537e19c0 on 2021-06-08 12:31:04 +0200)
% Linked with Z3 4.8.10.0 517d907567f4283ad8b48ff9c2a3f6dce838569e z3-4.8.4-4541-g517d90756
% Termination reason: Refutation not found, non-redundant clauses discarded

% Memory used [KB]: 505833
% Time elapsed: 10.633 s
% ------------------------------
% ------------------------------
% lrs+10_1_iik=two:ind=int_81 on nia_freire2_simple_v3_4
Aborted by signal SIGTERM on /home/andy/Data/Uni/Master/thesis/examples/NIA/invariants/freire2/nia_freire2_simple_v3_4.smt2
Aborted by signal SIGTERM on /home/andy/Data/Uni/Master/thesis/examples/NIA/invariants/freire2/nia_freire2_simple_v3_4.smt2
% Time limit reached!
% ------------------------------
% Version: Vampire 4.5.1 (commit 7537e19c0 on 2021-06-08 12:31:04 +0200)
% Linked with Z3 4.8.10.0 517d907567f4283ad8b48ff9c2a3f6dce838569e z3-4.8.4-4541-g517d90756
% Termination reason: Time limit
% Termination phase: Saturation

% Memory used [KB]: 173088
% Time elapsed: 7.900 s
% ------------------------------
% ------------------------------
% Proof not found in time 300.02 s
% SZS status Timeout for nia_freire2_simple_v3_4
