% Warning: check-sat is not the last entry. Skipping the rest!
% lrs+10_1_iik=one:ind=int:sos=theory:sstl=1_87 on nia_cohencu_simple_v3
% Time limit reached!
% ------------------------------
% Version: Vampire 4.5.1 (commit 7537e19c0 on 2021-06-08 12:31:04 +0200)
% Linked with Z3 4.8.10.0 517d907567f4283ad8b48ff9c2a3f6dce838569e z3-4.8.4-4541-g517d90756
% Termination reason: Time limit
% Termination phase: Saturation

% Memory used [KB]: 148910
% Time elapsed: 11.500 s
% ------------------------------
% ------------------------------
% dis+1002_1_aac=none:anc=all:ind=int:sos=theory:sac=on:sstl=1:to=lpo_30 on nia_cohencu_simple_v3
% Time limit reached!
% ------------------------------
% Version: Vampire 4.5.1 (commit 7537e19c0 on 2021-06-08 12:31:04 +0200)
% Linked with Z3 4.8.10.0 517d907567f4283ad8b48ff9c2a3f6dce838569e z3-4.8.4-4541-g517d90756
% Termination reason: Time limit
% Termination phase: Saturation

% Memory used [KB]: 74327
% Time elapsed: 4.100 s
% ------------------------------
% ------------------------------
% lrs+10_1_iik=one:ind=int:sos=theory:sstl=1:to=lpo_87 on nia_cohencu_simple_v3
% Refutation not found, non-redundant clauses discarded% ------------------------------
% Version: Vampire 4.5.1 (commit 7537e19c0 on 2021-06-08 12:31:04 +0200)
% Linked with Z3 4.8.10.0 517d907567f4283ad8b48ff9c2a3f6dce838569e z3-4.8.4-4541-g517d90756
% Termination reason: Refutation not found, non-redundant clauses discarded

% Memory used [KB]: 145839
% Time elapsed: 11.433 s
% ------------------------------
% ------------------------------
% lrs+10_1_drc=off:iik=all:ind=int:to=lpo_87 on nia_cohencu_simple_v3
% Refutation not found, non-redundant clauses discarded% ------------------------------
% Version: Vampire 4.5.1 (commit 7537e19c0 on 2021-06-08 12:31:04 +0200)
% Linked with Z3 4.8.10.0 517d907567f4283ad8b48ff9c2a3f6dce838569e z3-4.8.4-4541-g517d90756
% Termination reason: Refutation not found, non-redundant clauses discarded

% Memory used [KB]: 239612
% Time elapsed: 11.401 s
% ------------------------------
% ------------------------------
% lrs+10_1_iik=all:ind=int:to=lpo_87 on nia_cohencu_simple_v3
% Time limit reached!
% ------------------------------
% Version: Vampire 4.5.1 (commit 7537e19c0 on 2021-06-08 12:31:04 +0200)
% Linked with Z3 4.8.10.0 517d907567f4283ad8b48ff9c2a3f6dce838569e z3-4.8.4-4541-g517d90756
% Termination reason: Time limit
% Termination phase: Saturation

% Memory used [KB]: 144944
% Time elapsed: 11.500 s
% ------------------------------
% ------------------------------
% lrs+10_1_drc=off:iik=all:ind=int:sos=theory:sstl=1:to=lpo_87 on nia_cohencu_simple_v3
% Refutation not found, non-redundant clauses discarded% ------------------------------
% Version: Vampire 4.5.1 (commit 7537e19c0 on 2021-06-08 12:31:04 +0200)
% Linked with Z3 4.8.10.0 517d907567f4283ad8b48ff9c2a3f6dce838569e z3-4.8.4-4541-g517d90756
% Termination reason: Refutation not found, non-redundant clauses discarded

% Memory used [KB]: 143409
% Time elapsed: 10.515 s
% ------------------------------
% ------------------------------
% lrs+10_1_iik=two:ind=int:sos=theory:sstl=1:to=lpo_87 on nia_cohencu_simple_v3
% Time limit reached!
% ------------------------------
% Version: Vampire 4.5.1 (commit 7537e19c0 on 2021-06-08 12:31:04 +0200)
% Linked with Z3 4.8.10.0 517d907567f4283ad8b48ff9c2a3f6dce838569e z3-4.8.4-4541-g517d90756
% Termination reason: Time limit
% Termination phase: Saturation

% Memory used [KB]: 143281
% Time elapsed: 11.500 s
% ------------------------------
% ------------------------------
% lrs+10_1_iik=one:ind=int:to=lpo_87 on nia_cohencu_simple_v3
% Time limit reached!
% ------------------------------
% Version: Vampire 4.5.1 (commit 7537e19c0 on 2021-06-08 12:31:04 +0200)
% Linked with Z3 4.8.10.0 517d907567f4283ad8b48ff9c2a3f6dce838569e z3-4.8.4-4541-g517d90756
% Termination reason: Time limit
% Termination phase: Saturation

% Memory used [KB]: 142769
% Time elapsed: 11.500 s
% ------------------------------
% ------------------------------
% lrs+10_1_drc=off:iik=one:ind=int:sos=theory:sstl=1:to=lpo_87 on nia_cohencu_simple_v3
% Refutation not found, non-redundant clauses discarded% ------------------------------
% Version: Vampire 4.5.1 (commit 7537e19c0 on 2021-06-08 12:31:04 +0200)
% Linked with Z3 4.8.10.0 517d907567f4283ad8b48ff9c2a3f6dce838569e z3-4.8.4-4541-g517d90756
% Termination reason: Refutation not found, non-redundant clauses discarded

% Memory used [KB]: 138547
% Time elapsed: 11.140 s
% ------------------------------
% ------------------------------
% lrs+10_1_av=off:br=off:ind=int:urr=on_87 on nia_cohencu_simple_v3
% Time limit reached!
% ------------------------------
% Version: Vampire 4.5.1 (commit 7537e19c0 on 2021-06-08 12:31:04 +0200)
% Linked with Z3 4.8.10.0 517d907567f4283ad8b48ff9c2a3f6dce838569e z3-4.8.4-4541-g517d90756
% Termination reason: Time limit
% Termination phase: Saturation

% Memory used [KB]: 283364
% Time elapsed: 11.500 s
% ------------------------------
% ------------------------------
% lrs+10_1_drc=off:iik=one:ind=int:to=lpo_87 on nia_cohencu_simple_v3
% Time limit reached!
% ------------------------------
% Version: Vampire 4.5.1 (commit 7537e19c0 on 2021-06-08 12:31:04 +0200)
% Linked with Z3 4.8.10.0 517d907567f4283ad8b48ff9c2a3f6dce838569e z3-4.8.4-4541-g517d90756
% Termination reason: Time limit
% Termination phase: Saturation

% Memory used [KB]: 138547
% Time elapsed: 11.500 s
% ------------------------------
% ------------------------------
% lrs+10_1_drc=off:iik=all:ind=int_87 on nia_cohencu_simple_v3
% Time limit reached!
% ------------------------------
% Version: Vampire 4.5.1 (commit 7537e19c0 on 2021-06-08 12:31:04 +0200)
% Linked with Z3 4.8.10.0 517d907567f4283ad8b48ff9c2a3f6dce838569e z3-4.8.4-4541-g517d90756
% Termination reason: Time limit
% Termination phase: Saturation

% Memory used [KB]: 281829
% Time elapsed: 11.500 s
% ------------------------------
% ------------------------------
% lrs+10_1_drc=off:iik=one:ind=int:sos=theory:sstl=1_87 on nia_cohencu_simple_v3
% Time limit reached!
% ------------------------------
% Version: Vampire 4.5.1 (commit 7537e19c0 on 2021-06-08 12:31:04 +0200)
% Linked with Z3 4.8.10.0 517d907567f4283ad8b48ff9c2a3f6dce838569e z3-4.8.4-4541-g517d90756
% Termination reason: Time limit
% Termination phase: Saturation

% Memory used [KB]: 191638
% Time elapsed: 11.500 s
% ------------------------------
% ------------------------------
% lrs+10_1_iik=one:ind=int_87 on nia_cohencu_simple_v3
% Refutation not found, non-redundant clauses discarded% ------------------------------
% Version: Vampire 4.5.1 (commit 7537e19c0 on 2021-06-08 12:31:04 +0200)
% Linked with Z3 4.8.10.0 517d907567f4283ad8b48ff9c2a3f6dce838569e z3-4.8.4-4541-g517d90756
% Termination reason: Refutation not found, non-redundant clauses discarded

% Memory used [KB]: 264814
% Time elapsed: 11.392 s
% ------------------------------
% ------------------------------
% lrs+10_1_iik=two:ind=int:to=lpo_87 on nia_cohencu_simple_v3
% Time limit reached!
% ------------------------------
% Version: Vampire 4.5.1 (commit 7537e19c0 on 2021-06-08 12:31:04 +0200)
% Linked with Z3 4.8.10.0 517d907567f4283ad8b48ff9c2a3f6dce838569e z3-4.8.4-4541-g517d90756
% Termination reason: Time limit
% Termination phase: Saturation

% Memory used [KB]: 141362
% Time elapsed: 11.500 s
% ------------------------------
% ------------------------------
% lrs+10_1_drc=off:iik=two:ind=int:sos=theory:sstl=1:to=lpo_87 on nia_cohencu_simple_v3
% Refutation not found, non-redundant clauses discarded% ------------------------------
% Version: Vampire 4.5.1 (commit 7537e19c0 on 2021-06-08 12:31:04 +0200)
% Linked with Z3 4.8.10.0 517d907567f4283ad8b48ff9c2a3f6dce838569e z3-4.8.4-4541-g517d90756
% Termination reason: Refutation not found, non-redundant clauses discarded

% Memory used [KB]: 149805
% Time elapsed: 11.129 s
% ------------------------------
% ------------------------------
% lrs+10_1_avsq=on:drc=off:iik=all:ind=int:to=lpo_30 on nia_cohencu_simple_v3
% Time limit reached!
% ------------------------------
% Version: Vampire 4.5.1 (commit 7537e19c0 on 2021-06-08 12:31:04 +0200)
% Linked with Z3 4.8.10.0 517d907567f4283ad8b48ff9c2a3f6dce838569e z3-4.8.4-4541-g517d90756
% Termination reason: Time limit
% Termination phase: Saturation

% Memory used [KB]: 67291
% Time elapsed: 4.100 s
% ------------------------------
% ------------------------------
% lrs+10_1_drc=off:iik=all:ind=int:thsq=on:thsqd=16:to=lpo_30 on nia_cohencu_simple_v3
% Time limit reached!
% ------------------------------
% Version: Vampire 4.5.1 (commit 7537e19c0 on 2021-06-08 12:31:04 +0200)
% Linked with Z3 4.8.10.0 517d907567f4283ad8b48ff9c2a3f6dce838569e z3-4.8.4-4541-g517d90756
% Termination reason: Time limit
% Termination phase: Saturation

% Memory used [KB]: 78420
% Time elapsed: 4.100 s
% ------------------------------
% ------------------------------
% lrs+4_5_drc=off:iik=one:ind=int:plsq=on:to=lpo_100 on nia_cohencu_simple_v3
% Time limit reached!
% ------------------------------
% Version: Vampire 4.5.1 (commit 7537e19c0 on 2021-06-08 12:31:04 +0200)
% Linked with Z3 4.8.10.0 517d907567f4283ad8b48ff9c2a3f6dce838569e z3-4.8.4-4541-g517d90756
% Termination reason: Time limit
% Termination phase: Saturation

% Memory used [KB]: 504810
% Time elapsed: 13.200 s
% ------------------------------
% ------------------------------
% lrs+10_1_drc=off:iik=one:ind=int_81 on nia_cohencu_simple_v3
% Refutation not found, non-redundant clauses discarded% ------------------------------
% Version: Vampire 4.5.1 (commit 7537e19c0 on 2021-06-08 12:31:04 +0200)
% Linked with Z3 4.8.10.0 517d907567f4283ad8b48ff9c2a3f6dce838569e z3-4.8.4-4541-g517d90756
% Termination reason: Refutation not found, non-redundant clauses discarded

% Memory used [KB]: 181148
% Time elapsed: 10.603 s
% ------------------------------
% ------------------------------
% lrs+10_1_iik=all:ind=int:sos=theory:sstl=1:to=lpo_81 on nia_cohencu_simple_v3
% Refutation not found, non-redundant clauses discarded% ------------------------------
% Version: Vampire 4.5.1 (commit 7537e19c0 on 2021-06-08 12:31:04 +0200)
% Linked with Z3 4.8.10.0 517d907567f4283ad8b48ff9c2a3f6dce838569e z3-4.8.4-4541-g517d90756
% Termination reason: Refutation not found, non-redundant clauses discarded

% Memory used [KB]: 87759
% Time elapsed: 9.883 s
% ------------------------------
% ------------------------------
% lrs+10_1_drc=off:iik=all:ind=int:sos=theory:sstl=1_81 on nia_cohencu_simple_v3
% Time limit reached!
% ------------------------------
% Version: Vampire 4.5.1 (commit 7537e19c0 on 2021-06-08 12:31:04 +0200)
% Linked with Z3 4.8.10.0 517d907567f4283ad8b48ff9c2a3f6dce838569e z3-4.8.4-4541-g517d90756
% Termination reason: Time limit
% Termination phase: Saturation

% Memory used [KB]: 164005
% Time elapsed: 10.700 s
% ------------------------------
% ------------------------------
% lrs+10_1_iik=all:ind=int:sos=theory:sstl=1_81 on nia_cohencu_simple_v3
% Time limit reached!
% ------------------------------
% Version: Vampire 4.5.1 (commit 7537e19c0 on 2021-06-08 12:31:04 +0200)
% Linked with Z3 4.8.10.0 517d907567f4283ad8b48ff9c2a3f6dce838569e z3-4.8.4-4541-g517d90756
% Termination reason: Time limit
% Termination phase: Saturation

% Memory used [KB]: 581952
% Time elapsed: 10.700 s
% ------------------------------
% ------------------------------
% lrs+10_1_iik=all:ind=int_81 on nia_cohencu_simple_v3
% Refutation not found, non-redundant clauses discarded% ------------------------------
% Version: Vampire 4.5.1 (commit 7537e19c0 on 2021-06-08 12:31:04 +0200)
% Linked with Z3 4.8.10.0 517d907567f4283ad8b48ff9c2a3f6dce838569e z3-4.8.4-4541-g517d90756
% Termination reason: Refutation not found, non-redundant clauses discarded

% Memory used [KB]: 173088
% Time elapsed: 10.578 s
% ------------------------------
% ------------------------------
% lrs+10_1_drc=off:iik=two:ind=int:to=lpo_81 on nia_cohencu_simple_v3
% Refutation not found, non-redundant clauses discarded% ------------------------------
% Version: Vampire 4.5.1 (commit 7537e19c0 on 2021-06-08 12:31:04 +0200)
% Linked with Z3 4.8.10.0 517d907567f4283ad8b48ff9c2a3f6dce838569e z3-4.8.4-4541-g517d90756
% Termination reason: Refutation not found, non-redundant clauses discarded

% Memory used [KB]: 271978
% Time elapsed: 10.573 s
% ------------------------------
% ------------------------------
% lrs+10_1_drc=off:iik=two:ind=int:sos=theory:sstl=1_81 on nia_cohencu_simple_v3
% Refutation not found, non-redundant clauses discarded% ------------------------------
% Version: Vampire 4.5.1 (commit 7537e19c0 on 2021-06-08 12:31:04 +0200)
% Linked with Z3 4.8.10.0 517d907567f4283ad8b48ff9c2a3f6dce838569e z3-4.8.4-4541-g517d90756
% Termination reason: Refutation not found, non-redundant clauses discarded

% Memory used [KB]: 188184
% Time elapsed: 10.567 s
% ------------------------------
% ------------------------------
% lrs+10_1_drc=off:iik=two:ind=int_81 on nia_cohencu_simple_v3
% Time limit reached!
% ------------------------------
% Version: Vampire 4.5.1 (commit 7537e19c0 on 2021-06-08 12:31:04 +0200)
% Linked with Z3 4.8.10.0 517d907567f4283ad8b48ff9c2a3f6dce838569e z3-4.8.4-4541-g517d90756
% Termination reason: Time limit
% Termination phase: Saturation

% Memory used [KB]: 272618
% Time elapsed: 10.700 s
% ------------------------------
% ------------------------------
% lrs+10_1_iik=two:ind=int:sos=theory:sstl=1_81 on nia_cohencu_simple_v3
% Time limit reached!
% ------------------------------
% Version: Vampire 4.5.1 (commit 7537e19c0 on 2021-06-08 12:31:04 +0200)
% Linked with Z3 4.8.10.0 517d907567f4283ad8b48ff9c2a3f6dce838569e z3-4.8.4-4541-g517d90756
% Termination reason: Time limit
% Termination phase: Saturation

% Memory used [KB]: 238205
% Time elapsed: 10.700 s
% ------------------------------
% ------------------------------
% lrs+10_1_iik=two:ind=int_81 on nia_cohencu_simple_v3
% Refutation not found, non-redundant clauses discarded% ------------------------------
% Version: Vampire 4.5.1 (commit 7537e19c0 on 2021-06-08 12:31:04 +0200)
% Linked with Z3 4.8.10.0 517d907567f4283ad8b48ff9c2a3f6dce838569e z3-4.8.4-4541-g517d90756
% Termination reason: Refutation not found, non-redundant clauses discarded

% Memory used [KB]: 180892
% Time elapsed: 8.664 s
% ------------------------------
% ------------------------------
% Proof not found in time 299.947 s
% SZS status Timeout for nia_cohencu_simple_v3
