% lrs+10_1_iik=one:ind=int:sos=theory:sstl=1_87 on nia_simple
% Refutation not found, incomplete strategy% ------------------------------
% Version: Vampire 4.5.1 (commit 7537e19c0 on 2021-06-08 12:31:04 +0200)
% Linked with Z3 4.8.10.0 517d907567f4283ad8b48ff9c2a3f6dce838569e z3-4.8.4-4541-g517d90756
% Termination reason: Refutation not found, incomplete strategy

% Memory used [KB]: 6396
% Time elapsed: 0.019 s
% ------------------------------
% ------------------------------
% dis+1002_1_aac=none:anc=all:ind=int:sos=theory:sac=on:sstl=1:to=lpo_30 on nia_simple
% Refutation not found, incomplete strategy% ------------------------------
% Version: Vampire 4.5.1 (commit 7537e19c0 on 2021-06-08 12:31:04 +0200)
% Linked with Z3 4.8.10.0 517d907567f4283ad8b48ff9c2a3f6dce838569e z3-4.8.4-4541-g517d90756
% Termination reason: Refutation not found, incomplete strategy

% Memory used [KB]: 6908
% Time elapsed: 0.019 s
% ------------------------------
% ------------------------------
% lrs+10_1_iik=one:ind=int:sos=theory:sstl=1:to=lpo_87 on nia_simple
% Refutation not found, incomplete strategy% ------------------------------
% Version: Vampire 4.5.1 (commit 7537e19c0 on 2021-06-08 12:31:04 +0200)
% Linked with Z3 4.8.10.0 517d907567f4283ad8b48ff9c2a3f6dce838569e z3-4.8.4-4541-g517d90756
% Termination reason: Refutation not found, incomplete strategy

% Memory used [KB]: 6524
% Time elapsed: 0.019 s
% ------------------------------
% ------------------------------
% lrs+10_1_drc=off:iik=all:ind=int:to=lpo_87 on nia_simple
% Refutation found. Thanks to Tanya!
% SZS status Unsatisfiable for nia_simple
% SZS output start Proof for nia_simple
1. ! [X0 : $int] : $product(X0,X0) = s(X0) [input]
2. ~! [X0 : $int] : $sum($product(2,X0),1) = $difference(s($sum(X0,1)),s(X0)) [input]
3. ~! [X0 : $int] : $sum($product(2,X0),1) = $sum(s($sum(X0,1)),$uminus(s(X0))) [theory normalization 2]
4. $sum(X0,X1) = $sum(X1,X0) [theory axiom 141]
5. $sum(X0,$sum(X1,X2)) = $sum($sum(X0,X1),X2) [theory axiom 142]
8. 0 = $sum(X0,$uminus(X0)) [theory axiom 146]
15. $product(X0,X1) = $product(X1,X0) [theory axiom 141]
17. $product(X0,1) = X0 [theory axiom 143]
19. $product(X0,$sum(X1,X2)) = $sum($product(X0,X1),$product(X0,X2)) [theory axiom 156]
22. ? [X0 : $int] : $sum($product(2,X0),1) != $sum(s($sum(X0,1)),$uminus(s(X0))) [ennf transformation 3]
23. ? [X0 : $int] : $sum($product(2,X0),1) != $sum(s($sum(X0,1)),$uminus(s(X0))) => $sum($product(2,sK0),1) != $sum(s($sum(sK0,1)),$uminus(s(sK0))) [choice axiom]
24. $sum($product(2,sK0),1) != $sum(s($sum(sK0,1)),$uminus(s(sK0))) [skolemisation 22,23]
25. $sum($product(2,sK0),1) != $sum(s($sum(sK0,1)),$uminus(s(sK0))) [cnf transformation 24]
26. $product(X0,X0) = s(X0) [cnf transformation 1]
27. $sum($product(2,sK0),1) != $sum($product($sum(sK0,1),$sum(sK0,1)),$uminus($product(sK0,sK0))) [definition unfolding 25,26,26]
29. $sum($product(2,sK0),1) != $sum($product($sum(1,sK0),$sum(1,sK0)),$uminus($product(sK0,sK0))) [forward demodulation 27,4]
30. $sum($product($sum(1,sK0),$sum(1,sK0)),$uminus($product(sK0,sK0))) != $sum(1,$product(2,sK0)) [forward demodulation 29,4]
134. $sum(X4,$sum(X5,X6)) = $sum($sum(X5,X4),X6) [superposition 5,4]
153. $sum(X4,$sum(X5,X6)) = $sum(X5,$sum(X4,X6)) [forward demodulation 134,5]
205. $product(X0,$sum(1,X1)) = $sum(X0,$product(X0,X1)) [superposition 19,17]
221. $sum($product(X0,X1),$sum($product(X0,X2),X3)) = $sum($product(X0,$sum(X1,X2)),X3) [superposition 5,19]
244. $sum(1,$product(2,sK0)) != $sum($product($sum(1,sK0),1),$sum($product($sum(1,sK0),sK0),$uminus($product(sK0,sK0)))) [backward demodulation 30,221]
245. $sum(1,$product(2,sK0)) != $sum($product($sum(1,sK0),1),$sum($product(sK0,$sum(1,sK0)),$uminus($product(sK0,sK0)))) [forward demodulation 244,15]
246. $sum(1,$product(2,sK0)) != $sum($product(sK0,$sum(1,sK0)),$sum($product($sum(1,sK0),1),$uminus($product(sK0,sK0)))) [forward demodulation 245,153]
247. $sum(1,$product(2,sK0)) != $sum($product(sK0,1),$sum($product(sK0,sK0),$sum($product($sum(1,sK0),1),$uminus($product(sK0,sK0))))) [forward demodulation 246,221]
248. $sum(1,$product(2,sK0)) != $sum($product(sK0,1),$sum($product(sK0,sK0),$sum($sum(1,sK0),$uminus($product(sK0,sK0))))) [forward demodulation 247,17]
249. $sum(1,$product(2,sK0)) != $sum($product(sK0,1),$sum($product(sK0,sK0),$sum(1,$sum(sK0,$uminus($product(sK0,sK0)))))) [forward demodulation 248,5]
250. $sum(1,$product(2,sK0)) != $sum($product(sK0,1),$sum(1,$sum($product(sK0,sK0),$sum(sK0,$uminus($product(sK0,sK0)))))) [forward demodulation 249,153]
251. $sum(1,$product(2,sK0)) != $sum(1,$sum($product(sK0,1),$sum($product(sK0,sK0),$sum(sK0,$uminus($product(sK0,sK0)))))) [forward demodulation 250,153]
252. $sum(1,$product(2,sK0)) != $sum(1,$sum($product(sK0,1),$sum(sK0,$sum($product(sK0,sK0),$uminus($product(sK0,sK0)))))) [forward demodulation 251,153]
253. $sum(1,$product(2,sK0)) != $sum(1,$sum(sK0,$sum($product(sK0,1),$sum($product(sK0,sK0),$uminus($product(sK0,sK0)))))) [forward demodulation 252,153]
254. $sum(1,$product(2,sK0)) != $sum(1,$sum(sK0,$sum($product(sK0,1),0))) [forward demodulation 253,8]
255. $sum(1,$product(2,sK0)) != $sum(1,$sum(sK0,$product(sK0,1))) [evaluation 254]
256. $sum(1,$product(2,sK0)) != $sum(1,$product(sK0,$sum(1,1))) [forward demodulation 255,205]
257. $sum(1,$product(2,sK0)) != $sum(1,$product(sK0,2)) [evaluation 256]
258. $sum(1,$product(2,sK0)) != $sum(1,$product(2,sK0)) [forward demodulation 257,15]
259. $false [trivial inequality removal 258]
% SZS output end Proof for nia_simple
% ------------------------------
% Version: Vampire 4.5.1 (commit 7537e19c0 on 2021-06-08 12:31:04 +0200)
% Linked with Z3 4.8.10.0 517d907567f4283ad8b48ff9c2a3f6dce838569e z3-4.8.4-4541-g517d90756
% Termination reason: Refutation

% Memory used [KB]: 5500
% Time elapsed: 0.007 s
% ------------------------------
% ------------------------------
% Success in time 0.071 s
