% Warning: check-sat is not the last entry. Skipping the rest!
% lrs+10_1_iik=one:ind=int:sos=theory:sstl=1_87 on nia_freire2_simple_v5_s
% Time limit reached!
% ------------------------------
% Version: Vampire 4.5.1 (commit 7537e19c0 on 2021-06-08 12:31:04 +0200)
% Linked with Z3 4.8.10.0 517d907567f4283ad8b48ff9c2a3f6dce838569e z3-4.8.4-4541-g517d90756
% Termination reason: Time limit
% Termination phase: Saturation

% Memory used [KB]: 155178
% Time elapsed: 11.500 s
% ------------------------------
% ------------------------------
% dis+1002_1_aac=none:anc=all:ind=int:sos=theory:sac=on:sstl=1:to=lpo_30 on nia_freire2_simple_v5_s
% Time limit reached!
% ------------------------------
% Version: Vampire 4.5.1 (commit 7537e19c0 on 2021-06-08 12:31:04 +0200)
% Linked with Z3 4.8.10.0 517d907567f4283ad8b48ff9c2a3f6dce838569e z3-4.8.4-4541-g517d90756
% Termination reason: Time limit
% Termination phase: Saturation

% Memory used [KB]: 110915
% Time elapsed: 4.100 s
% ------------------------------
% ------------------------------
% lrs+10_1_iik=one:ind=int:sos=theory:sstl=1:to=lpo_87 on nia_freire2_simple_v5_s
% Time limit reached!
% ------------------------------
% Version: Vampire 4.5.1 (commit 7537e19c0 on 2021-06-08 12:31:04 +0200)
% Linked with Z3 4.8.10.0 517d907567f4283ad8b48ff9c2a3f6dce838569e z3-4.8.4-4541-g517d90756
% Termination reason: Time limit
% Termination phase: Saturation

% Memory used [KB]: 281061
% Time elapsed: 11.500 s
% ------------------------------
% ------------------------------
% lrs+10_1_drc=off:iik=all:ind=int:to=lpo_87 on nia_freire2_simple_v5_s
% Time limit reached!
% ------------------------------
% Version: Vampire 4.5.1 (commit 7537e19c0 on 2021-06-08 12:31:04 +0200)
% Linked with Z3 4.8.10.0 517d907567f4283ad8b48ff9c2a3f6dce838569e z3-4.8.4-4541-g517d90756
% Termination reason: Time limit
% Termination phase: Saturation

% Memory used [KB]: 319056
% Time elapsed: 11.500 s
% ------------------------------
% ------------------------------
% lrs+10_1_iik=all:ind=int:to=lpo_87 on nia_freire2_simple_v5_s
% Time limit reached!
% ------------------------------
% Version: Vampire 4.5.1 (commit 7537e19c0 on 2021-06-08 12:31:04 +0200)
% Linked with Z3 4.8.10.0 517d907567f4283ad8b48ff9c2a3f6dce838569e z3-4.8.4-4541-g517d90756
% Termination reason: Time limit
% Termination phase: Saturation

% Memory used [KB]: 131000
% Time elapsed: 11.500 s
% ------------------------------
% ------------------------------
% lrs+10_1_drc=off:iik=all:ind=int:sos=theory:sstl=1:to=lpo_87 on nia_freire2_simple_v5_s
% Refutation not found, non-redundant clauses discarded% ------------------------------
% Version: Vampire 4.5.1 (commit 7537e19c0 on 2021-06-08 12:31:04 +0200)
% Linked with Z3 4.8.10.0 517d907567f4283ad8b48ff9c2a3f6dce838569e z3-4.8.4-4541-g517d90756
% Termination reason: Refutation not found, non-redundant clauses discarded

% Memory used [KB]: 335559
% Time elapsed: 11.240 s
% ------------------------------
% ------------------------------
% lrs+10_1_iik=two:ind=int:sos=theory:sstl=1:to=lpo_87 on nia_freire2_simple_v5_s
% Refutation not found, non-redundant clauses discarded% ------------------------------
% Version: Vampire 4.5.1 (commit 7537e19c0 on 2021-06-08 12:31:04 +0200)
% Linked with Z3 4.8.10.0 517d907567f4283ad8b48ff9c2a3f6dce838569e z3-4.8.4-4541-g517d90756
% Termination reason: Refutation not found, non-redundant clauses discarded

% Memory used [KB]: 327244
% Time elapsed: 11.316 s
% ------------------------------
% ------------------------------
% lrs+10_1_iik=one:ind=int:to=lpo_87 on nia_freire2_simple_v5_s
% Time limit reached!
% ------------------------------
% Version: Vampire 4.5.1 (commit 7537e19c0 on 2021-06-08 12:31:04 +0200)
% Linked with Z3 4.8.10.0 517d907567f4283ad8b48ff9c2a3f6dce838569e z3-4.8.4-4541-g517d90756
% Termination reason: Time limit
% Termination phase: Saturation

% Memory used [KB]: 166692
% Time elapsed: 11.500 s
% ------------------------------
% ------------------------------
% lrs+10_1_drc=off:iik=one:ind=int:sos=theory:sstl=1:to=lpo_87 on nia_freire2_simple_v5_s
% Refutation not found, non-redundant clauses discarded% ------------------------------
% Version: Vampire 4.5.1 (commit 7537e19c0 on 2021-06-08 12:31:04 +0200)
% Linked with Z3 4.8.10.0 517d907567f4283ad8b48ff9c2a3f6dce838569e z3-4.8.4-4541-g517d90756
% Termination reason: Refutation not found, non-redundant clauses discarded

% Memory used [KB]: 319952
% Time elapsed: 11.416 s
% ------------------------------
% ------------------------------
% lrs+10_1_av=off:br=off:ind=int:urr=on_87 on nia_freire2_simple_v5_s
% Time limit reached!
% ------------------------------
% Version: Vampire 4.5.1 (commit 7537e19c0 on 2021-06-08 12:31:04 +0200)
% Linked with Z3 4.8.10.0 517d907567f4283ad8b48ff9c2a3f6dce838569e z3-4.8.4-4541-g517d90756
% Termination reason: Time limit
% Termination phase: Saturation

% Memory used [KB]: 345282
% Time elapsed: 11.500 s
% ------------------------------
% ------------------------------
% lrs+10_1_drc=off:iik=one:ind=int:to=lpo_87 on nia_freire2_simple_v5_s
% Time limit reached!
% ------------------------------
% Version: Vampire 4.5.1 (commit 7537e19c0 on 2021-06-08 12:31:04 +0200)
% Linked with Z3 4.8.10.0 517d907567f4283ad8b48ff9c2a3f6dce838569e z3-4.8.4-4541-g517d90756
% Termination reason: Time limit
% Termination phase: Saturation

% Memory used [KB]: 314707
% Time elapsed: 11.500 s
% ------------------------------
% ------------------------------
% lrs+10_1_drc=off:iik=all:ind=int_87 on nia_freire2_simple_v5_s
% Refutation not found, non-redundant clauses discarded% ------------------------------
% Version: Vampire 4.5.1 (commit 7537e19c0 on 2021-06-08 12:31:04 +0200)
% Linked with Z3 4.8.10.0 517d907567f4283ad8b48ff9c2a3f6dce838569e z3-4.8.4-4541-g517d90756
% Termination reason: Refutation not found, non-redundant clauses discarded

% Memory used [KB]: 328395
% Time elapsed: 11.357 s
% ------------------------------
% ------------------------------
% lrs+10_1_drc=off:iik=one:ind=int:sos=theory:sstl=1_87 on nia_freire2_simple_v5_s
% Time limit reached!
% ------------------------------
% Version: Vampire 4.5.1 (commit 7537e19c0 on 2021-06-08 12:31:04 +0200)
% Linked with Z3 4.8.10.0 517d907567f4283ad8b48ff9c2a3f6dce838569e z3-4.8.4-4541-g517d90756
% Termination reason: Time limit
% Termination phase: Saturation

% Memory used [KB]: 617900
% Time elapsed: 11.500 s
% ------------------------------
% ------------------------------
% lrs+10_1_iik=one:ind=int_87 on nia_freire2_simple_v5_s
% Refutation not found, non-redundant clauses discarded% ------------------------------
% Version: Vampire 4.5.1 (commit 7537e19c0 on 2021-06-08 12:31:04 +0200)
% Linked with Z3 4.8.10.0 517d907567f4283ad8b48ff9c2a3f6dce838569e z3-4.8.4-4541-g517d90756
% Termination reason: Refutation not found, non-redundant clauses discarded

% Memory used [KB]: 339013
% Time elapsed: 11.388 s
% ------------------------------
% ------------------------------
% lrs+10_1_iik=two:ind=int:to=lpo_87 on nia_freire2_simple_v5_s
% Time limit reached!
% ------------------------------
% Version: Vampire 4.5.1 (commit 7537e19c0 on 2021-06-08 12:31:04 +0200)
% Linked with Z3 4.8.10.0 517d907567f4283ad8b48ff9c2a3f6dce838569e z3-4.8.4-4541-g517d90756
% Termination reason: Time limit
% Termination phase: Saturation

% Memory used [KB]: 482806
% Time elapsed: 11.500 s
% ------------------------------
% ------------------------------
% lrs+10_1_drc=off:iik=two:ind=int:sos=theory:sstl=1:to=lpo_87 on nia_freire2_simple_v5_s
% Refutation not found, non-redundant clauses discarded% ------------------------------
% Version: Vampire 4.5.1 (commit 7537e19c0 on 2021-06-08 12:31:04 +0200)
% Linked with Z3 4.8.10.0 517d907567f4283ad8b48ff9c2a3f6dce838569e z3-4.8.4-4541-g517d90756
% Termination reason: Refutation not found, non-redundant clauses discarded

% Memory used [KB]: 298587
% Time elapsed: 11.121 s
% ------------------------------
% ------------------------------
% lrs+10_1_avsq=on:drc=off:iik=all:ind=int:to=lpo_30 on nia_freire2_simple_v5_s
% Time limit reached!
% ------------------------------
% Version: Vampire 4.5.1 (commit 7537e19c0 on 2021-06-08 12:31:04 +0200)
% Linked with Z3 4.8.10.0 517d907567f4283ad8b48ff9c2a3f6dce838569e z3-4.8.4-4541-g517d90756
% Termination reason: Time limit
% Termination phase: Saturation

% Memory used [KB]: 76885
% Time elapsed: 4.100 s
% ------------------------------
% ------------------------------
% lrs+10_1_drc=off:iik=all:ind=int:thsq=on:thsqd=16:to=lpo_30 on nia_freire2_simple_v5_s
% Time limit reached!
% ------------------------------
% Version: Vampire 4.5.1 (commit 7537e19c0 on 2021-06-08 12:31:04 +0200)
% Linked with Z3 4.8.10.0 517d907567f4283ad8b48ff9c2a3f6dce838569e z3-4.8.4-4541-g517d90756
% Termination reason: Time limit
% Termination phase: Saturation

% Memory used [KB]: 95819
% Time elapsed: 4.100 s
% ------------------------------
% ------------------------------
% lrs+4_5_drc=off:iik=one:ind=int:plsq=on:to=lpo_100 on nia_freire2_simple_v5_s
% Refutation found. Thanks to Tanya!
% SZS status Unsatisfiable for nia_freire2_simple_v5_s
% SZS output start Proof for nia_freire2_simple_v5_s
1. ? [X0 : $int,X2 : $int,X1 : $int] : (0 = $sum($difference($difference($product($product(3,X2),X2),$product($product(3,r00),r00)),X1),s00) & ~0 = $sum($difference($difference($product($product(3,$sum(X2,1)),$sum(X2,1)),$product($product(3,r00),r00)),$sum($sum(X1,$product(6,X2)),3)),s00)) [input]
2. ? [X0,X2 : $int,X1 : $int] : (0 = $sum($sum($difference($product($product(3,X2),X2),$product($product(3,r00),r00)),$uminus(X1)),s00) & ~0 = $sum($sum($difference($product($product(3,$sum(X2,1)),$sum(X2,1)),$product($product(3,r00),r00)),$uminus($sum($sum(X1,$product(6,X2)),3))),s00)) [theory normalization 1]
3. $sum(X0,X1) = $sum(X1,X0) [theory axiom 141]
4. $sum(X0,$sum(X1,X2)) = $sum($sum(X0,X1),X2) [theory axiom 142]
5. $sum(X0,0) = X0 [theory axiom 143]
6. $uminus($sum(X0,X1)) = $sum($uminus(X1),$uminus(X0)) [theory axiom 145]
7. 0 = $sum(X0,$uminus(X0)) [theory axiom 146]
13. $uminus($uminus(X0)) = X0 [theory axiom 154]
14. $product(X0,X1) = $product(X1,X0) [theory axiom 141]
15. $product(X0,$product(X1,X2)) = $product($product(X0,X1),X2) [theory axiom 142]
16. $product(X0,1) = X0 [theory axiom 143]
17. 0 = $product(X0,0) [theory axiom 155]
18. $product(X0,$sum(X1,X2)) = $sum($product(X0,X1),$product(X0,X2)) [theory axiom 156]
21. ? [X0,X2 : $int,X1 : $int] : (0 = $sum($sum($sum($product($product(3,X2),X2),$uminus($product($product(3,r00),r00))),$uminus(X1)),s00) & ~0 = $sum($sum($sum($product($product(3,$sum(X2,1)),$sum(X2,1)),$uminus($product($product(3,r00),r00))),$uminus($sum($sum(X1,$product(6,X2)),3))),s00)) [theory normalization 2]
22. ? [X1 : $int,X2 : $int] : (0 = $sum($sum($sum($product($product(3,X1),X1),$uminus($product($product(3,r00),r00))),$uminus(X2)),s00) & ~0 = $sum($sum($sum($product($product(3,$sum(X1,1)),$sum(X1,1)),$uminus($product($product(3,r00),r00))),$uminus($sum($sum(X2,$product(6,X1)),3))),s00)) [rectify 21]
23. ? [X1 : $int,X2 : $int] : (0 = $sum($sum($sum($product($product(3,X1),X1),$uminus($product($product(3,r00),r00))),$uminus(X2)),s00) & 0 != $sum($sum($sum($product($product(3,$sum(X1,1)),$sum(X1,1)),$uminus($product($product(3,r00),r00))),$uminus($sum($sum(X2,$product(6,X1)),3))),s00)) [flattening 22]
24. ? [X0 : $int,X1 : $int] : (0 = $sum($sum($sum($product($product(3,X0),X0),$uminus($product($product(3,r00),r00))),$uminus(X1)),s00) & 0 != $sum($sum($sum($product($product(3,$sum(X0,1)),$sum(X0,1)),$uminus($product($product(3,r00),r00))),$uminus($sum($sum(X1,$product(6,X0)),3))),s00)) [rectify 23]
25. ? [X0 : $int,X1 : $int] : (0 = $sum($sum($sum($product($product(3,X0),X0),$uminus($product($product(3,r00),r00))),$uminus(X1)),s00) & 0 != $sum($sum($sum($product($product(3,$sum(X0,1)),$sum(X0,1)),$uminus($product($product(3,r00),r00))),$uminus($sum($sum(X1,$product(6,X0)),3))),s00)) => (0 = $sum($sum($sum($product($product(3,sK0),sK0),$uminus($product($product(3,r00),r00))),$uminus(sK1)),s00) & 0 != $sum($sum($sum($product($product(3,$sum(sK0,1)),$sum(sK0,1)),$uminus($product($product(3,r00),r00))),$uminus($sum($sum(sK1,$product(6,sK0)),3))),s00)) [choice axiom]
26. 0 = $sum($sum($sum($product($product(3,sK0),sK0),$uminus($product($product(3,r00),r00))),$uminus(sK1)),s00) & 0 != $sum($sum($sum($product($product(3,$sum(sK0,1)),$sum(sK0,1)),$uminus($product($product(3,r00),r00))),$uminus($sum($sum(sK1,$product(6,sK0)),3))),s00) [skolemisation 24,25]
27. 0 != $sum($sum($sum($product($product(3,$sum(sK0,1)),$sum(sK0,1)),$uminus($product($product(3,r00),r00))),$uminus($sum($sum(sK1,$product(6,sK0)),3))),s00) [cnf transformation 26]
28. 0 = $sum($sum($sum($product($product(3,sK0),sK0),$uminus($product($product(3,r00),r00))),$uminus(sK1)),s00) [cnf transformation 26]
30. 0 = $sum(s00,$sum($sum($product($product(3,sK0),sK0),$uminus($product($product(3,r00),r00))),$uminus(sK1))) [forward demodulation 28,3]
31. 0 = $sum(s00,$sum($product($product(3,sK0),sK0),$sum($uminus($product($product(3,r00),r00)),$uminus(sK1)))) [forward demodulation 30,4]
32. 0 = $sum(s00,$sum($product($product(3,sK0),sK0),$sum($uminus($product(r00,$product(3,r00))),$uminus(sK1)))) [forward demodulation 31,14]
33. 0 = $sum(s00,$sum($product(sK0,$product(3,sK0)),$sum($uminus($product(r00,$product(3,r00))),$uminus(sK1)))) [forward demodulation 32,14]
34. 0 != $sum(s00,$sum($sum($product($product(3,$sum(sK0,1)),$sum(sK0,1)),$uminus($product($product(3,r00),r00))),$uminus($sum($sum(sK1,$product(6,sK0)),3)))) [forward demodulation 27,3]
35. 0 != $sum(s00,$sum($product($product(3,$sum(sK0,1)),$sum(sK0,1)),$sum($uminus($product($product(3,r00),r00)),$uminus($sum($sum(sK1,$product(6,sK0)),3))))) [forward demodulation 34,4]
36. 0 != $sum(s00,$sum($product($product(3,$sum(sK0,1)),$sum(sK0,1)),$sum($uminus($product($product(3,r00),r00)),$sum($uminus(3),$uminus($sum(sK1,$product(6,sK0))))))) [forward demodulation 35,6]
37. 0 != $sum(s00,$sum($product($product(3,$sum(sK0,1)),$sum(sK0,1)),$sum($uminus($product($product(3,r00),r00)),$sum(-3,$uminus($sum(sK1,$product(6,sK0))))))) [evaluation 36]
38. 0 != $sum(s00,$sum($product($product(3,$sum(sK0,1)),$sum(sK0,1)),$sum($uminus($product($product(3,r00),r00)),$sum(-3,$sum($uminus($product(6,sK0)),$uminus(sK1)))))) [forward demodulation 37,6]
39. 0 != $sum(s00,$sum($product($product(3,$sum(sK0,1)),$sum(sK0,1)),$sum($uminus($product(r00,$product(3,r00))),$sum(-3,$sum($uminus($product(6,sK0)),$uminus(sK1)))))) [forward demodulation 38,14]
40. 0 != $sum(s00,$sum($product($sum(sK0,1),$product(3,$sum(sK0,1))),$sum($uminus($product(r00,$product(3,r00))),$sum(-3,$sum($uminus($product(6,sK0)),$uminus(sK1)))))) [forward demodulation 39,14]
41. 0 != $sum(s00,$sum($product($sum(1,sK0),$product(3,$sum(1,sK0))),$sum($uminus($product(r00,$product(3,r00))),$sum(-3,$sum($uminus($product(6,sK0)),$uminus(sK1)))))) [forward demodulation 40,3]
44. $sum(0,X0) = X0 [superposition 3,5]
58. 0 = $product(0,X1) [superposition 14,17]
265. 0 = $sum($sum(X0,X1),$sum($uminus(X1),$uminus(X0))) [superposition 7,6]
272. 0 = $sum(X0,$sum(X1,$sum($uminus(X1),$uminus(X0)))) [forward demodulation 265,4]
453. $sum(X2,$sum($uminus(X2),X3)) = $sum(0,X3) [superposition 4,7]
454. $sum(X4,$sum(X5,X6)) = $sum($sum(X5,X4),X6) [superposition 4,3]
460. $sum(X7,$sum(X8,X9)) = $sum(X9,$sum(X7,X8)) [superposition 4,3]
480. $sum(X2,$sum($uminus(X2),X3)) = X3 [forward demodulation 453,44]
481. $sum(X4,$sum(X5,X6)) = $sum(X5,$sum(X4,X6)) [forward demodulation 454,4]
482. 0 != $sum(s00,$sum($product($sum(1,sK0),$product(3,$sum(1,sK0))),$sum(-3,$sum($uminus($product(r00,$product(3,r00))),$sum($uminus($product(6,sK0)),$uminus(sK1)))))) [backward demodulation 41,481]
483. 0 != $sum(s00,$sum(-3,$sum($product($sum(1,sK0),$product(3,$sum(1,sK0))),$sum($uminus($product(r00,$product(3,r00))),$sum($uminus($product(6,sK0)),$uminus(sK1)))))) [forward demodulation 482,481]
484. 0 != $sum(-3,$sum(s00,$sum($product($sum(1,sK0),$product(3,$sum(1,sK0))),$sum($uminus($product(r00,$product(3,r00))),$sum($uminus($product(6,sK0)),$uminus(sK1)))))) [forward demodulation 483,481]
508. $sum(X0,$sum(X1,$uminus(X0))) = X1 [superposition 480,3]
631. $product(X4,$product(X5,X6)) = $product($product(X5,X4),X6) [superposition 15,14]
645. $product(X4,$product(X5,X6)) = $product(X5,$product(X4,X6)) [forward demodulation 631,15]
646. 0 != $sum(-3,$sum(s00,$sum($product($sum(1,sK0),$product(3,$sum(1,sK0))),$sum($uminus($product(3,$product(r00,r00))),$sum($uminus($product(6,sK0)),$uminus(sK1)))))) [backward demodulation 484,645]
647. 0 = $sum(s00,$sum($product(sK0,$product(3,sK0)),$sum($uminus($product(3,$product(r00,r00))),$uminus(sK1)))) [backward demodulation 33,645]
648. 0 != $sum(-3,$sum(s00,$sum($product(3,$product($sum(1,sK0),$sum(1,sK0))),$sum($uminus($product(3,$product(r00,r00))),$sum($uminus($product(6,sK0)),$uminus(sK1)))))) [forward demodulation 646,645]
649. 0 = $sum(s00,$sum($product(3,$product(sK0,sK0)),$sum($uminus($product(3,$product(r00,r00))),$uminus(sK1)))) [forward demodulation 647,645]
748. $product(X0,$sum(1,X1)) = $sum(X0,$product(X0,X1)) [superposition 18,16]
750. $product(X4,$sum(X5,X6)) = $sum($product(X5,X4),$product(X4,X6)) [superposition 18,14]
762. $sum($product(X3,X5),$product(X3,X4)) = $product(X3,$sum(X4,X5)) [superposition 18,3]
764. $sum($product(X0,X1),$sum($product(X0,X2),X3)) = $sum($product(X0,$sum(X1,X2)),X3) [superposition 4,18]
785. $product(X3,$sum(X4,X5)) = $product(X3,$sum(X5,X4)) [forward demodulation 762,18]
955. $uminus(X11) = $sum($uminus($sum(X11,$uminus(X10))),$uminus(X10)) [superposition 6,508]
1028. $uminus(X11) = $sum($uminus(X10),$uminus($sum(X11,$uminus(X10)))) [forward demodulation 955,3]
1029. $uminus(X11) = $sum($uminus(X10),$sum($uminus($uminus(X10)),$uminus(X11))) [forward demodulation 1028,6]
1030. $uminus(X11) = $sum($uminus(X10),$sum(X10,$uminus(X11))) [evaluation 1029]
1073. $sum(0,X0) = $sum(s00,$sum($sum($product(3,$product(sK0,sK0)),$sum($uminus($product(3,$product(r00,r00))),$uminus(sK1))),X0)) [superposition 4,649]
1078. $sum(0,X0) = $sum(s00,$sum($product(3,$product(sK0,sK0)),$sum($sum($uminus($product(3,$product(r00,r00))),$uminus(sK1)),X0))) [forward demodulation 1073,4]
1079. $sum(0,X0) = $sum(s00,$sum($product(3,$product(sK0,sK0)),$sum($uminus($product(3,$product(r00,r00))),$sum($uminus(sK1),X0)))) [forward demodulation 1078,4]
1080. $sum(s00,$sum($product(3,$product(sK0,sK0)),$sum($uminus($product(3,$product(r00,r00))),$sum($uminus(sK1),X0)))) = X0 [forward demodulation 1079,44]
2905. $sum($sum(X18,X19),$sum(X20,X17)) = $sum(X20,$sum(X18,$sum(X19,X17))) [superposition 460,460]
2906. $sum($sum(X22,X23),$sum(X24,X21)) = $sum(X24,$sum(X23,$sum(X21,X22))) [superposition 460,460]
3088. $sum(X20,$sum(X18,$sum(X19,X17))) = $sum(X18,$sum(X19,$sum(X20,X17))) [forward demodulation 2905,4]
3089. $sum(X24,$sum(X23,$sum(X21,X22))) = $sum(X22,$sum(X23,$sum(X24,X21))) [forward demodulation 2906,4]
3374. $sum(s00,$sum(X35,$sum($product(3,$product(sK0,sK0)),$sum($uminus($product(3,$product(r00,r00))),$uminus(sK1))))) = $sum(X35,0) [superposition 481,649]
3376. $sum($product(X38,X39),$sum(X41,$product(X38,X40))) = $sum(X41,$product(X38,$sum(X39,X40))) [superposition 481,18]
3380. $sum(X13,$sum(X14,X12)) = $sum(X13,$sum(X12,X14)) [superposition 481,460]
3571. $sum(s00,$sum(X35,$sum($product(3,$product(sK0,sK0)),$sum($uminus($product(3,$product(r00,r00))),$uminus(sK1))))) = X35 [forward demodulation 3374,5]
4517. $product(X12,0) = $sum(X12,$product(X12,$sum(X11,$sum($uminus(X11),$uminus(1))))) [superposition 748,272]
4540. $product(X4,$product($sum(1,X5),X6)) = $product($sum(X4,$product(X4,X5)),X6) [superposition 15,748]
4634. $product(X12,0) = $sum(X12,$product(X12,$sum(X11,$sum($uminus(X11),-1)))) [evaluation 4517]
4641. $product(X12,0) = $sum(X12,$product(X12,$sum(X11,$sum(-1,$uminus(X11))))) [forward demodulation 4634,3380]
4642. $product(X12,0) = $sum(X12,$product(X12,-1)) [forward demodulation 4641,508]
4643. 0 = $sum(X12,$product(X12,-1)) [forward demodulation 4642,17]
4649. 0 != $sum(-3,$sum(s00,$sum($product($sum(3,$product(3,sK0)),$sum(1,sK0)),$sum($uminus($product(3,$product(r00,r00))),$sum($uminus($product(6,sK0)),$uminus(sK1)))))) [backward demodulation 648,4540]
4650. 0 != $sum(-3,$sum(s00,$sum($product($sum(3,$product(3,sK0)),1),$sum($product($sum(3,$product(3,sK0)),sK0),$sum($uminus($product(3,$product(r00,r00))),$sum($uminus($product(6,sK0)),$uminus(sK1))))))) [forward demodulation 4649,764]
4651. 0 != $sum(-3,$sum(s00,$sum($product($sum(3,$product(3,sK0)),1),$sum($product(sK0,$sum(3,$product(3,sK0))),$sum($uminus($product(3,$product(r00,r00))),$sum($uminus($product(6,sK0)),$uminus(sK1))))))) [forward demodulation 4650,14]
4652. 0 != $sum(-3,$sum($product(sK0,$sum(3,$product(3,sK0))),$sum(s00,$sum($product($sum(3,$product(3,sK0)),1),$sum($uminus($product(3,$product(r00,r00))),$sum($uminus($product(6,sK0)),$uminus(sK1))))))) [forward demodulation 4651,3088]
4653. 0 != $sum(s00,$sum(-3,$sum($product(sK0,$sum(3,$product(3,sK0))),$sum($product($sum(3,$product(3,sK0)),1),$sum($uminus($product(3,$product(r00,r00))),$sum($uminus($product(6,sK0)),$uminus(sK1))))))) [forward demodulation 4652,3088]
4654. 0 != $sum(-3,$sum(s00,$sum($product(sK0,$sum(3,$product(3,sK0))),$sum($product($sum(3,$product(3,sK0)),1),$sum($uminus($product(3,$product(r00,r00))),$sum($uminus($product(6,sK0)),$uminus(sK1))))))) [forward demodulation 4653,481]
4655. 0 != $sum(-3,$sum(s00,$sum($product(sK0,3),$sum($product(sK0,$product(3,sK0)),$sum($product($sum(3,$product(3,sK0)),1),$sum($uminus($product(3,$product(r00,r00))),$sum($uminus($product(6,sK0)),$uminus(sK1)))))))) [forward demodulation 4654,764]
4656. 0 != $sum(-3,$sum(s00,$sum($product(sK0,3),$sum($product(sK0,$product(3,sK0)),$sum($sum(3,$product(3,sK0)),$sum($uminus($product(3,$product(r00,r00))),$sum($uminus($product(6,sK0)),$uminus(sK1)))))))) [forward demodulation 4655,16]
4657. 0 != $sum(s00,$sum($product(sK0,3),$sum($product(sK0,$product(3,sK0)),$sum($product(3,sK0),$sum($uminus($product(3,$product(r00,r00))),$sum($uminus($product(6,sK0)),$uminus(sK1))))))) [evaluation 4656]
4658. 0 != $sum(s00,$sum($product(3,sK0),$sum($product(sK0,3),$sum($product(sK0,$product(3,sK0)),$sum($uminus($product(3,$product(r00,r00))),$sum($uminus($product(6,sK0)),$uminus(sK1))))))) [forward demodulation 4657,3088]
4659. 0 != $sum(s00,$sum($product(3,sK0),$sum($product(sK0,3),$sum($product(3,$product(sK0,sK0)),$sum($uminus($product(3,$product(r00,r00))),$sum($uminus($product(6,sK0)),$uminus(sK1))))))) [forward demodulation 4658,645]
4660. 0 != $sum(s00,$sum($product(3,sK0),$sum($product(3,sK0),$sum($product(3,$product(sK0,sK0)),$sum($uminus($product(3,$product(r00,r00))),$sum($uminus($product(6,sK0)),$uminus(sK1))))))) [forward demodulation 4659,14]
5464. 0 = $sum(X0,$product(-1,X0)) [superposition 4643,14]
5515. $product($uminus(X33),-1) = $sum(X33,0) [superposition 480,4643]
5590. $product($uminus(X33),-1) = X33 [forward demodulation 5515,5]
5591. $product(-1,$uminus(X33)) = X33 [forward demodulation 5590,14]
5592. $uminus(X0) = $product(-1,X0) [superposition 5591,13]
5596. $product(-1,$sum(X7,$uminus(X6))) = $sum($product(-1,X7),X6) [superposition 18,5591]
5613. $sum(X0,$sum(X1,$product(-1,X0))) = X1 [backward demodulation 508,5592]
5621. $uminus(X11) = $sum($product(-1,X10),$sum(X10,$uminus(X11))) [backward demodulation 1030,5592]
5746. $sum(s00,$sum($product(3,$product(sK0,sK0)),$sum($product(-1,$product(3,$product(r00,r00))),$sum($uminus(sK1),X0)))) = X0 [backward demodulation 1080,5592]
5751. $sum(s00,$sum(X35,$sum($product(3,$product(sK0,sK0)),$sum($product(-1,$product(3,$product(r00,r00))),$uminus(sK1))))) = X35 [backward demodulation 3571,5592]
5752. 0 != $sum(s00,$sum($product(3,sK0),$sum($product(3,sK0),$sum($product(3,$product(sK0,sK0)),$sum($product(-1,$product(3,$product(r00,r00))),$sum($uminus($product(6,sK0)),$uminus(sK1))))))) [backward demodulation 4660,5592]
5753. 0 != $sum(s00,$sum($product(3,sK0),$sum($product(3,sK0),$sum($product(3,$product(sK0,sK0)),$sum($product(-3,$product(r00,r00)),$sum($uminus($product(6,sK0)),$uminus(sK1))))))) [evaluation 5752]
5754. $sum(s00,$sum(X35,$sum($product(3,$product(sK0,sK0)),$sum($product(-3,$product(r00,r00)),$uminus(sK1))))) = X35 [evaluation 5751]
5759. $sum(s00,$sum($product(3,$product(sK0,sK0)),$sum($product(-3,$product(r00,r00)),$sum($uminus(sK1),X0)))) = X0 [evaluation 5746]
5773. $product(-1,X11) = $sum($product(-1,X10),$sum(X10,$product(-1,X11))) [forward demodulation 5621,5592]
5774. $product(-1,X11) = $sum(X10,$product(-1,$sum(X10,X11))) [forward demodulation 5773,3376]
5845. $sum($product(-3,$product(r00,r00)),$sum(s00,$sum($product(3,$product(sK0,sK0)),$sum($uminus(sK1),X0)))) = X0 [forward demodulation 5759,3088]
5846. $sum($product(-3,$product(r00,r00)),$sum(s00,$sum($product(3,$product(sK0,sK0)),$sum($product(-1,sK1),X0)))) = X0 [forward demodulation 5845,5592]
5855. $sum(s00,$sum(X35,$sum($product(-3,$product(r00,r00)),$sum($product(3,$product(sK0,sK0)),$uminus(sK1))))) = X35 [forward demodulation 5754,481]
5856. $sum($product(-3,$product(r00,r00)),$sum(s00,$sum(X35,$sum($product(3,$product(sK0,sK0)),$uminus(sK1))))) = X35 [forward demodulation 5855,3088]
5857. $sum($product(-3,$product(r00,r00)),$sum(s00,$sum(X35,$sum($product(3,$product(sK0,sK0)),$product(-1,sK1))))) = X35 [forward demodulation 5856,5592]
5858. 0 != $sum(s00,$sum($product(3,sK0),$sum($product(-3,$product(r00,r00)),$sum($product(3,sK0),$sum($product(3,$product(sK0,sK0)),$sum($uminus($product(6,sK0)),$uminus(sK1))))))) [forward demodulation 5753,3088]
5859. 0 != $sum($product(-3,$product(r00,r00)),$sum(s00,$sum($product(3,sK0),$sum($product(3,sK0),$sum($product(3,$product(sK0,sK0)),$sum($uminus($product(6,sK0)),$uminus(sK1))))))) [forward demodulation 5858,3088]
5860. 0 != $sum($product(-3,$product(r00,r00)),$sum(s00,$sum($product(3,sK0),$sum($product(3,sK0),$sum($product(3,$product(sK0,sK0)),$sum($uminus($product(6,sK0)),$product(-1,sK1))))))) [forward demodulation 5859,5592]
5861. 0 != $sum($product(-3,$product(r00,r00)),$sum(s00,$sum($product(3,sK0),$sum($product(-1,sK1),$sum($product(3,$product(sK0,sK0)),$sum($product(3,sK0),$uminus($product(6,sK0)))))))) [forward demodulation 5860,3089]
5862. 0 != $sum($product(-3,$product(r00,r00)),$sum(s00,$sum($product(3,$product(sK0,sK0)),$sum($product(3,sK0),$sum($product(-1,sK1),$sum($product(3,sK0),$uminus($product(6,sK0)))))))) [forward demodulation 5861,3088]
5863. 0 != $sum($product(-3,$product(r00,r00)),$sum($product(3,sK0),$sum(s00,$sum($product(3,$product(sK0,sK0)),$sum($product(-1,sK1),$sum($product(3,sK0),$uminus($product(6,sK0)))))))) [forward demodulation 5862,3088]
5864. 0 != $sum(s00,$sum($product(-3,$product(r00,r00)),$sum($product(3,sK0),$sum($product(3,$product(sK0,sK0)),$sum($product(-1,sK1),$sum($product(3,sK0),$uminus($product(6,sK0)))))))) [forward demodulation 5863,3088]
5865. 0 != $sum($product(-3,$product(r00,r00)),$sum(s00,$sum($product(3,sK0),$sum($product(3,$product(sK0,sK0)),$sum($product(-1,sK1),$sum($product(3,sK0),$uminus($product(6,sK0)))))))) [forward demodulation 5864,481]
5866. 0 != $sum($product(-3,$product(r00,r00)),$sum(s00,$sum($product(3,sK0),$sum($product(3,sK0),$sum($product(3,$product(sK0,sK0)),$sum($product(-1,sK1),$uminus($product(6,sK0)))))))) [forward demodulation 5865,3088]
5867. 0 != $sum($product(-3,$product(r00,r00)),$sum(s00,$sum($product(3,sK0),$sum($product(3,sK0),$sum($product(3,$product(sK0,sK0)),$sum($product(-1,sK1),$product(-1,$product(6,sK0)))))))) [forward demodulation 5866,5592]
5868. 0 != $sum($product(-3,$product(r00,r00)),$sum(s00,$sum($product(3,sK0),$sum($product(3,sK0),$sum($product(3,$product(sK0,sK0)),$sum($product(-1,sK1),$product(-6,sK0))))))) [evaluation 5867]
5869. 0 != $sum($product(-3,$product(r00,r00)),$sum(s00,$sum($product(3,sK0),$sum($product(-6,sK0),$sum($product(3,$product(sK0,sK0)),$sum($product(3,sK0),$product(-1,sK1))))))) [forward demodulation 5868,3089]
5870. 0 != $sum($product(-3,$product(r00,r00)),$sum(s00,$sum($product(3,sK0),$sum($product(3,sK0),$sum($product(-6,sK0),$sum($product(3,$product(sK0,sK0)),$product(-1,sK1))))))) [forward demodulation 5869,3088]
5877. $sum($product(-1,X7),X6) = $product(-1,$sum(X7,$product(-1,X6))) [forward demodulation 5596,5592]
5880. $sum($product(-3,$product(r00,r00)),$sum(s00,$sum($product(3,$product(sK0,sK0)),$product(-1,$sum(sK1,$product(-1,X0)))))) = X0 [backward demodulation 5846,5877]
9768. $product(X0,$sum(X2,X1)) = $sum($product(X2,X0),$product(X1,X0)) [superposition 750,14]
30419. sK1 = $sum($product(-3,$product(r00,r00)),$sum(s00,$sum($product(3,$product(sK0,sK0)),$product(-1,0)))) [superposition 5880,5464]
30456. sK1 = $sum($product(-3,$product(r00,r00)),$sum(s00,$sum($product(3,$product(sK0,sK0)),0))) [evaluation 30419]
30471. sK1 = $sum(0,$sum(s00,$sum($product(-3,$product(r00,r00)),$product(3,$product(sK0,sK0))))) [forward demodulation 30456,3089]
30472. sK1 = $sum($product(-3,$product(r00,r00)),$sum(0,$sum(s00,$product(3,$product(sK0,sK0))))) [forward demodulation 30471,3088]
30473. sK1 = $sum(0,$sum($product(-3,$product(r00,r00)),$sum(s00,$product(3,$product(sK0,sK0))))) [forward demodulation 30472,481]
30474. sK1 = $sum($product(-3,$product(r00,r00)),$sum(s00,$product(3,$product(sK0,sK0)))) [forward demodulation 30473,44]
30480. $sum($product(-3,$product(r00,r00)),$sum(s00,$sum(X35,$sum($product(3,$product(sK0,sK0)),$product(-1,$sum($product(-3,$product(r00,r00)),$sum(s00,$product(3,$product(sK0,sK0))))))))) = X35 [backward demodulation 5857,30474]
30481. 0 != $sum($product(-3,$product(r00,r00)),$sum(s00,$sum($product(3,sK0),$sum($product(3,sK0),$sum($product(-6,sK0),$sum($product(3,$product(sK0,sK0)),$product(-1,$sum($product(-3,$product(r00,r00)),$sum(s00,$product(3,$product(sK0,sK0))))))))))) [backward demodulation 5870,30474]
30665. $sum($product(-3,$product(r00,r00)),$sum(s00,$sum(X35,$sum($product(-1,$product(-3,$product(r00,r00))),$sum($product(3,$product(sK0,sK0)),$product(-1,$sum(s00,$product(3,$product(sK0,sK0))))))))) = X35 [forward demodulation 30480,3376]
30666. $sum($product(-3,$product(r00,r00)),$sum(s00,$sum(X35,$sum($product(3,$product(r00,r00)),$sum($product(3,$product(sK0,sK0)),$product(-1,$sum(s00,$product(3,$product(sK0,sK0))))))))) = X35 [evaluation 30665]
30667. $sum($product(-3,$product(r00,r00)),$sum($product(3,$product(r00,r00)),$sum(s00,$sum(X35,$sum($product(3,$product(sK0,sK0)),$product(-1,$sum(s00,$product(3,$product(sK0,sK0))))))))) = X35 [forward demodulation 30666,3088]
30668. $sum($product(3,$product(r00,r00)),$sum($product(-3,$product(r00,r00)),$sum(s00,$sum(X35,$sum($product(3,$product(sK0,sK0)),$product(-1,$sum(s00,$product(3,$product(sK0,sK0))))))))) = X35 [forward demodulation 30667,481]
30669. $sum($product(3,$product(r00,r00)),$sum($product(-3,$product(r00,r00)),$sum(s00,$sum(X35,$sum($product(-1,s00),$sum($product(3,$product(sK0,sK0)),$product(-1,$product(3,$product(sK0,sK0))))))))) = X35 [forward demodulation 30668,3376]
30670. $sum($product(3,$product(r00,r00)),$sum($product(-3,$product(r00,r00)),$sum(s00,$sum(X35,$sum($product(-1,s00),$sum($product(3,$product(sK0,sK0)),$product(-3,$product(sK0,sK0)))))))) = X35 [evaluation 30669]
30671. $sum($product(3,$product(r00,r00)),$sum($product(-3,$product(r00,r00)),$sum(s00,$sum(X35,$product(-1,$sum(s00,$product(-1,$sum($product(3,$product(sK0,sK0)),$product(-3,$product(sK0,sK0)))))))))) = X35 [forward demodulation 30670,5877]
30672. $sum($product(3,$product(r00,r00)),$sum($product(-3,$product(r00,r00)),$sum(s00,$sum(X35,$product(-1,$sum(s00,$product(-1,$product($product(sK0,sK0),$sum(3,-3))))))))) = X35 [forward demodulation 30671,9768]
30673. $sum($product(3,$product(r00,r00)),$sum($product(-3,$product(r00,r00)),$sum(s00,$sum(X35,$product(-1,$sum(s00,$product(0,$product(sK0,sK0)))))))) = X35 [evaluation 30672]
30674. $sum($product(3,$product(r00,r00)),$sum($product(-3,$product(r00,r00)),$sum(s00,$sum(X35,$product(-1,$sum(s00,0)))))) = X35 [forward demodulation 30673,58]
30675. $sum($product(3,$product(r00,r00)),$sum($product(-3,$product(r00,r00)),$sum(s00,$sum(X35,$product(-1,$sum(0,s00)))))) = X35 [forward demodulation 30674,785]
30676. $sum($product(3,$product(r00,r00)),$sum($product(-3,$product(r00,r00)),$sum(s00,$sum(X35,$product(-1,s00))))) = X35 [forward demodulation 30675,44]
30677. $sum($product(3,$product(r00,r00)),$sum($product(-3,$product(r00,r00)),X35)) = X35 [forward demodulation 30676,5613]
30682. 0 != $sum($product(-3,$product(r00,r00)),$sum(s00,$sum($product(3,sK0),$sum($product(3,sK0),$sum($product(-6,sK0),$sum($product(-1,$product(-3,$product(r00,r00))),$sum($product(3,$product(sK0,sK0)),$product(-1,$sum(s00,$product(3,$product(sK0,sK0))))))))))) [forward demodulation 30481,3376]
30683. 0 != $sum($product(-3,$product(r00,r00)),$sum(s00,$sum($product(3,sK0),$sum($product(3,sK0),$sum($product(-6,sK0),$sum($product(3,$product(r00,r00)),$sum($product(3,$product(sK0,sK0)),$product(-1,$sum(s00,$product(3,$product(sK0,sK0))))))))))) [evaluation 30682]
30684. 0 != $sum($product(-3,$product(r00,r00)),$sum(s00,$sum($product(3,sK0),$sum($product(3,$product(r00,r00)),$sum($product(3,sK0),$sum($product(-6,sK0),$sum($product(3,$product(sK0,sK0)),$product(-1,$sum(s00,$product(3,$product(sK0,sK0))))))))))) [forward demodulation 30683,3088]
30685. 0 != $sum($product(-3,$product(r00,r00)),$sum($product(3,$product(r00,r00)),$sum(s00,$sum($product(3,sK0),$sum($product(3,sK0),$sum($product(-6,sK0),$sum($product(3,$product(sK0,sK0)),$product(-1,$sum(s00,$product(3,$product(sK0,sK0))))))))))) [forward demodulation 30684,3088]
30686. 0 != $sum($product(3,$product(r00,r00)),$sum($product(-3,$product(r00,r00)),$sum(s00,$sum($product(3,sK0),$sum($product(3,sK0),$sum($product(-6,sK0),$sum($product(3,$product(sK0,sK0)),$product(-1,$sum(s00,$product(3,$product(sK0,sK0))))))))))) [forward demodulation 30685,481]
30687. 0 != $sum(s00,$sum($product(3,sK0),$sum($product(3,sK0),$sum($product(-6,sK0),$sum($product(3,$product(sK0,sK0)),$product(-1,$sum(s00,$product(3,$product(sK0,sK0))))))))) [forward demodulation 30686,30677]
30688. 0 != $sum(s00,$sum($product(3,sK0),$sum($product(3,sK0),$sum($product(-6,sK0),$sum($product(-1,s00),$sum($product(3,$product(sK0,sK0)),$product(-1,$product(3,$product(sK0,sK0))))))))) [forward demodulation 30687,3376]
30689. 0 != $sum(s00,$sum($product(3,sK0),$sum($product(3,sK0),$sum($product(-6,sK0),$sum($product(-1,s00),$sum($product(3,$product(sK0,sK0)),$product(-3,$product(sK0,sK0)))))))) [evaluation 30688]
30690. 0 != $sum(s00,$sum($product(3,sK0),$sum($product(-1,s00),$sum($product(3,sK0),$sum($product(-6,sK0),$sum($product(3,$product(sK0,sK0)),$product(-3,$product(sK0,sK0)))))))) [forward demodulation 30689,3088]
30691. 0 != $sum($product(-1,s00),$sum(s00,$sum($product(3,sK0),$sum($product(3,sK0),$sum($product(-6,sK0),$sum($product(3,$product(sK0,sK0)),$product(-3,$product(sK0,sK0)))))))) [forward demodulation 30690,3088]
30692. 0 != $product(-1,$sum(s00,$product(-1,$sum(s00,$sum($product(3,sK0),$sum($product(3,sK0),$sum($product(-6,sK0),$sum($product(3,$product(sK0,sK0)),$product(-3,$product(sK0,sK0)))))))))) [forward demodulation 30691,5877]
30693. 0 != $product(-1,$product(-1,$sum($product(3,sK0),$sum($product(3,sK0),$sum($product(-6,sK0),$sum($product(3,$product(sK0,sK0)),$product(-3,$product(sK0,sK0)))))))) [forward demodulation 30692,5774]
30694. 0 != $sum($product(3,sK0),$sum($product(3,sK0),$sum($product(-6,sK0),$sum($product(3,$product(sK0,sK0)),$product(-3,$product(sK0,sK0)))))) [evaluation 30693]
30695. 0 != $sum($product(3,sK0),$sum($product(3,sK0),$sum($product(-6,sK0),$product($product(sK0,sK0),$sum(3,-3))))) [forward demodulation 30694,9768]
30696. 0 != $sum($product(3,sK0),$sum($product(3,sK0),$sum($product(-6,sK0),$product($product(sK0,sK0),0)))) [evaluation 30695]
30697. 0 != $sum($product(3,sK0),$sum($product(3,sK0),$sum($product(-6,sK0),0))) [forward demodulation 30696,17]
30698. 0 != $sum(0,$sum($product(3,sK0),$sum($product(3,sK0),$product(-6,sK0)))) [forward demodulation 30697,3089]
30699. 0 != $sum($product(3,sK0),$sum($product(3,sK0),$product(-6,sK0))) [forward demodulation 30698,44]
30700. 0 != $sum($product(3,sK0),$product(sK0,$sum(3,-6))) [forward demodulation 30699,9768]
30701. 0 != $sum($product(3,sK0),$product(sK0,-3)) [evaluation 30700]
30702. 0 != $product(sK0,$sum(3,-3)) [forward demodulation 30701,750]
30703. 0 != $product(sK0,0) [evaluation 30702]
30704. $false [subsumption resolution 30703,17]
% SZS output end Proof for nia_freire2_simple_v5_s
% ------------------------------
% Version: Vampire 4.5.1 (commit 7537e19c0 on 2021-06-08 12:31:04 +0200)
% Linked with Z3 4.8.10.0 517d907567f4283ad8b48ff9c2a3f6dce838569e z3-4.8.4-4541-g517d90756
% Termination reason: Refutation

% Memory used [KB]: 20724
% Time elapsed: 0.695 s
% ------------------------------
% ------------------------------
% Success in time 184.475 s
