% Warning: check-sat is not the last entry. Skipping the rest!
% lrs+10_1_iik=one:ind=int:sos=theory:sstl=1_87 on nia_simpleloop_simple
% Refutation found. Thanks to Tanya!
% SZS status Unsatisfiable for nia_simpleloop_simple
% SZS output start Proof for nia_simpleloop_simple
1. ? [X1 : $int,X0 : $int] : (0 = $difference($sum(X1,X0),$sum(y00,x00)) & ~0 = $difference($sum($sum(X1,1),$difference(X0,1)),$sum(y00,x00))) [input]
2. ? [X1 : $int,X0 : $int] : (0 = $sum($sum(X1,X0),$uminus($sum(y00,x00))) & ~0 = $sum($sum($sum(X1,1),$difference(X0,1)),$uminus($sum(y00,x00)))) [theory normalization 1]
3. $sum(X1,X0) = $sum(X0,X1) [theory axiom 141]
15. ? [X1 : $int,X0 : $int] : (0 = $sum($sum(X1,X0),$uminus($sum(y00,x00))) & ~0 = $sum($sum($sum(X1,1),$sum(X0,$uminus(1))),$uminus($sum(y00,x00)))) [theory normalization 2]
16. ? [X0 : $int,X1 : $int] : (0 = $sum($sum(X0,X1),$uminus($sum(y00,x00))) & ~0 = $sum($sum($sum(X0,1),$sum(X1,$uminus(1))),$uminus($sum(y00,x00)))) [rectify 15]
17. ? [X0 : $int,X1 : $int] : (0 = $sum($sum(X0,X1),$uminus($sum(y00,x00))) & 0 != $sum($sum($sum(X0,1),$sum(X1,$uminus(1))),$uminus($sum(y00,x00)))) [flattening 16]
18. ? [X0 : $int,X1 : $int] : (0 = $sum($sum(X0,X1),$uminus($sum(y00,x00))) & 0 != $sum($sum($sum(X0,1),$sum(X1,$uminus(1))),$uminus($sum(y00,x00)))) => (0 = $sum($sum(sK0,sK1),$uminus($sum(y00,x00))) & 0 != $sum($sum($sum(sK0,1),$sum(sK1,$uminus(1))),$uminus($sum(y00,x00)))) [choice axiom]
19. 0 = $sum($sum(sK0,sK1),$uminus($sum(y00,x00))) & 0 != $sum($sum($sum(sK0,1),$sum(sK1,$uminus(1))),$uminus($sum(y00,x00))) [skolemisation 17,18]
20. 0 != $sum($sum($sum(sK0,1),$sum(sK1,$uminus(1))),$uminus($sum(y00,x00))) [cnf transformation 19]
21. 0 = $sum($sum(sK0,sK1),$uminus($sum(y00,x00))) [cnf transformation 19]
22. 0 != $sum($sum(sK0,sK1),$uminus($sum(y00,x00))) [evaluation 20]
23. 0 = $sum($sum(sK0,sK1),$uminus($sum(x00,y00))) [forward demodulation 21,3]
24. 0 != $sum($sum(sK0,sK1),$uminus($sum(x00,y00))) [forward demodulation 22,3]
25. $false [subsumption resolution 24,23]
% SZS output end Proof for nia_simpleloop_simple
% ------------------------------
% Version: Vampire 4.5.1 (commit 7537e19c0 on 2021-06-08 12:31:04 +0200)
% Linked with Z3 4.8.10.0 517d907567f4283ad8b48ff9c2a3f6dce838569e z3-4.8.4-4541-g517d90756
% Termination reason: Refutation

% Memory used [KB]: 5373
% Time elapsed: 0.002 s
% ------------------------------
% ------------------------------
% Success in time 0.005 s
